#
# A fatal error has been detected by the Java Runtime Environment:
#
#  EXCEPTION_ACCESS_VIOLATION (0xc0000005) at pc=0x00007ffbb656f42b, pid=21248, tid=14856
#
# JRE version: OpenJDK Runtime Environment Corretto-17.0.10.7.1 (17.0.10+7) (build 17.0.10+7-LTS)
# Java VM: OpenJDK 64-Bit Server VM Corretto-17.0.10.7.1 (17.0.10+7-LTS, mixed mode, sharing, tiered, compressed oops, compressed class ptrs, g1 gc, windows-amd64)
# Problematic frame:
# C  [jniRaylib.dll+0xdf42b]
#
# No core dump will be written. Minidumps are not enabled by default on client versions of Windows
#
# If you would like to submit a bug report, please visit:
#   https://github.com/corretto/corretto-17/issues/
# The crash happened outside the Java Virtual Machine in native code.
# See problematic frame for where to report the bug.
#

---------------  S U M M A R Y ------------

Command Line: -Dfile.encoding=windows-1252 -Duser.country=NL -Duser.language=nl -Duser.variant PineVille.GameScene

Host: 11th Gen Intel(R) Core(TM) i7-11800H @ 2.30GHz, 16 cores, 15G,  Windows 11 , 64 bit Build 22621 (10.0.22621.2506)
Time: Fri Feb 16 09:58:57 2024 West-Europa (standaardtijd) elapsed time: 93.821790 seconds (0d 0h 1m 33s)

---------------  T H R E A D  ---------------

Current thread (0x0000022f69efad30):  JavaThread "main" [_thread_in_native, id=14856, stack(0x00000030f2c00000,0x00000030f2d00000)]

Stack: [0x00000030f2c00000,0x00000030f2d00000],  sp=0x00000030f2cff450,  free space=1021k
Native frames: (J=compiled Java code, j=interpreted, Vv=VM code, C=native code)
C  [jniRaylib.dll+0xdf42b]

Java frames: (J=compiled Java code, j=interpreted, Vv=VM code)
J 805  com.raylib.Raylib.DrawTexturePro(Lcom/raylib/Raylib$Texture;Lcom/raylib/Raylib$Rectangle;Lcom/raylib/Raylib$Rectangle;Lcom/raylib/Raylib$Vector2;FLcom/raylib/Raylib$Color;)V (0 bytes) @ 0x0000022f07c23562 [0x0000022f07c234a0+0x00000000000000c2]
j  PineVille.GameScene.main([Ljava/lang/String;)V+270
v  ~StubRoutines::call_stub

siginfo: EXCEPTION_ACCESS_VIOLATION (0xc0000005), writing address 0x0000022f58839a60


Registers:
RAX=0x0000022f58839a60, RBX=0x00000030f2cff5f0, RCX=0x0000000000000000, RDX=0x0000022f56f848e0
RSP=0x00000030f2cff450, RBP=0x00000030f2cff6b0, RSI=0x0000000000000004, RDI=0x00000030f2cff5e0
R8 =0x0000000000000000, R9 =0x0000000000000000, R10=0x00007ffb93e2de20, R11=0x0000000000000008
R12=0x0000022f55d94c40, R13=0x0000000000000000, R14=0x0000022f0faf0de0, R15=0x0000022f0f8478f0
RIP=0x00007ffbb656f42b, EFLAGS=0x0000000000010246


Register to memory mapping:

RIP=0x00007ffbb656f42b jniRaylib.dll
RAX=0x0000022f58839a60 is an unknown value
RBX=0x00000030f2cff5f0 is pointing into the stack for thread: 0x0000022f69efad30
RCX=0x0 is NULL
RDX=0x0000022f56f848e0 points into unknown readable memory: 0x0000003800002000 | 00 20 00 00 38 00 00 00
RSP=0x00000030f2cff450 is pointing into the stack for thread: 0x0000022f69efad30
RBP=0x00000030f2cff6b0 is pointing into the stack for thread: 0x0000022f69efad30
RSI=0x0000000000000004 is an unknown value
RDI=0x00000030f2cff5e0 is pointing into the stack for thread: 0x0000022f69efad30
R8 =0x0 is NULL
R9 =0x0 is NULL
R10=0x00007ffb93e2de20 jvm.dll
R11=0x0000000000000008 is an unknown value
R12=0x0000022f55d94c40 points into unknown readable memory: 0x0000002000000004 | 04 00 00 00 20 00 00 00
R13=0x0 is NULL
R14=0x0000022f0faf0de0 points into unknown readable memory: 0x00000000ffffffff | ff ff ff ff 00 00 00 00
R15=0x0000022f0f8478f0 points into unknown readable memory: 0x0000000000000000 | 00 00 00 00 00 00 00 00


Top of Stack: (sp=0x00000030f2cff450)
0x00000030f2cff450:   0000022f51403a00 0000000000000000
0x00000030f2cff460:   0000cc745289a7fe 00007ffc0000000e
0x00000030f2cff470:   0000000043640000 0000000000000000
0x00000030f2cff480:   0000000000000000 0000000000000000
0x00000030f2cff490:   0000000000000000 0000000000000000
0x00000030f2cff4a0:   00000030f2cff5f0 00007ffbb6538749
0x00000030f2cff4b0:   00000030f2cff6e0 0000022f69efad30
0x00000030f2cff4c0:   0000022f0f8fa410 00000030f2cff510
0x00000030f2cff4d0:   4200000043640000 42c8000043640000
0x00000030f2cff4e0:   0000022f0000000e 0000000000000000
0x00000030f2cff4f0:   0000000000000000 0000000000000000
0x00000030f2cff500:   0000000000000000 0000000000000000
0x00000030f2cff510:   0000000000000000 0000000000000000
0x00000030f2cff520:   0000000000000000 0000000000000000
0x00000030f2cff530:   0000000000000000 0000000000000000
0x00000030f2cff540:   0000000000000000 0000000000000000
0x00000030f2cff550:   0000000000000000 0000000000000000
0x00000030f2cff560:   0000000000000000 0000000000000000
0x00000030f2cff570:   0000000000000000 0000000000000000
0x00000030f2cff580:   0000000000000000 0000000000000000
0x00000030f2cff590:   0000022f55875440 0000022f55879740
0x00000030f2cff5a0:   0000022f69efafe8 00007ffbb64d2213
0x00000030f2cff5b0:   0000003042c80000 00000030f2cff6b0
0x00000030f2cff5c0:   0000022f69efafe8 00007ffbb64ba8eb
0x00000030f2cff5d0:   0000003000000000 00000000ffffffff
0x00000030f2cff5e0:   42c8000042c80000 4300000043000000
0x00000030f2cff5f0:   0000000000000000 4200000042000000
0x00000030f2cff600:   0000002000000004 0000000100000020
0x00000030f2cff610:   0000022f00000007 0000000000000000
0x00000030f2cff620:   0000022f69efad30 0000000000000000
0x00000030f2cff630:   0000000714de7428 0000000715411090
0x00000030f2cff640:   0000022f5144bd40 0000022f07c23602 

Instructions: (pc=0x00007ffbb656f42b)
0x00007ffbb656f32b:   fa 01 75 0b 84 54 c1 f4 75 54 8d 4a 02 eb 43 83
0x00007ffbb656f33b:   fa 04 75 20 8b 4c c1 f4 b8 56 55 55 55 f7 e9 8b
0x00007ffbb656f34b:   c2 c1 e8 1f 03 d0 8d 04 52 3b c8 75 31 b9 04 00
0x00007ffbb656f35b:   00 00 eb 1e 83 fa 07 75 25 8b 44 c1 f4 25 03 00
0x00007ffbb656f36b:   00 80 7d 07 ff c8 83 c8 fc ff c0 85 c0 75 0f 8d
0x00007ffbb656f37b:   48 05 e8 7e a4 ff ff 4c 8b 05 27 2e 11 00 4d 63
0x00007ffbb656f38b:   48 04 4d 8b 40 08 8b 05 41 2e 11 00 49 c1 e1 06
0x00007ffbb656f39b:   8d 0c 40 4b 8b 44 01 08 48 63 d1 f3 0f 11 34 90
0x00007ffbb656f3ab:   48 8b 05 fe 2d 11 00 4c 63 48 04 4c 8b 40 08 8b
0x00007ffbb656f3bb:   05 18 2e 11 00 49 c1 e1 06 8d 0c 40 4b 8b 44 01
0x00007ffbb656f3cb:   08 48 63 d1 f3 0f 11 7c 90 04 48 8b 05 d4 2d 11
0x00007ffbb656f3db:   00 4c 63 48 04 4c 8b 40 08 8b 05 ee 2d 11 00 49
0x00007ffbb656f3eb:   c1 e1 06 8d 0c 40 4b 8b 44 01 08 48 63 d1 f3 44
0x00007ffbb656f3fb:   0f 11 44 90 08 48 8b 05 a9 2d 11 00 f3 0f 10 05
0x00007ffbb656f40b:   cd 2d 11 00 4c 63 40 04 48 8b 50 08 8b 05 bb 2d
0x00007ffbb656f41b:   11 00 03 c0 49 c1 e0 06 48 63 c8 49 8b 44 10 10
0x00007ffbb656f42b:   f3 0f 11 04 88 48 8b 05 79 2d 11 00 f3 0f 10 05
0x00007ffbb656f43b:   a1 2d 11 00 4c 63 40 04 48 8b 50 08 8b 05 8b 2d
0x00007ffbb656f44b:   11 00 03 c0 49 c1 e0 06 48 63 c8 49 8b 44 10 10
0x00007ffbb656f45b:   f3 0f 11 44 88 04 48 8b 05 48 2d 11 00 4c 63 40
0x00007ffbb656f46b:   04 48 8b 48 08 8b 05 62 2d 11 00 49 c1 e0 06 8d
0x00007ffbb656f47b:   04 85 00 00 00 00 49 8b 4c 08 18 48 63 d0 0f b6
0x00007ffbb656f48b:   05 60 2d 11 00 88 04 0a 48 8b 05 16 2d 11 00 4c
0x00007ffbb656f49b:   63 40 04 48 8b 48 08 8b 05 30 2d 11 00 49 c1 e0
0x00007ffbb656f4ab:   06 8d 04 85 00 00 00 00 49 8b 4c 08 18 48 63 d0
0x00007ffbb656f4bb:   0f b6 05 2f 2d 11 00 88 44 11 01 48 8b 05 e3 2c
0x00007ffbb656f4cb:   11 00 4c 63 40 04 48 8b 48 08 8b 05 fd 2c 11 00
0x00007ffbb656f4db:   49 c1 e0 06 8d 04 85 00 00 00 00 49 8b 4c 08 18
0x00007ffbb656f4eb:   48 63 d0 0f b6 05 fd 2c 11 00 88 44 11 02 48 8b
0x00007ffbb656f4fb:   05 b0 2c 11 00 4c 63 40 04 48 8b 48 08 8b 05 ca
0x00007ffbb656f50b:   2c 11 00 49 c1 e0 06 49 8b 4c 08 18 8d 04 85 00
0x00007ffbb656f51b:   00 00 00 0f 28 74 24 40 0f 28 7c 24 30 44 0f 28 


Stack slot to memory mapping:
stack at sp + 0 slots: 0x0000022f51403a00 is pointing into metadata
stack at sp + 1 slots: 0x0 is NULL
stack at sp + 2 slots: 0x0000cc745289a7fe is an unknown value
stack at sp + 3 slots: 0x00007ffc0000000e is an unknown value
stack at sp + 4 slots: 0x0000000043640000 is an unknown value
stack at sp + 5 slots: 0x0 is NULL
stack at sp + 6 slots: 0x0 is NULL
stack at sp + 7 slots: 0x0 is NULL


Compiled method (n/a)   93893  805     n 0       com.raylib.Raylib::DrawTexturePro (native)
 total in heap  [0x0000022f07c23310,0x0000022f07c23740] = 1072
 relocation     [0x0000022f07c23468,0x0000022f07c23498] = 48
 main code      [0x0000022f07c234a0,0x0000022f07c23738] = 664
 oops           [0x0000022f07c23738,0x0000022f07c23740] = 8

[Constant Pool (empty)]

[MachCode]
[Entry Point]
  # {method} {0x0000022f5144bd48} 'DrawTexturePro' '(Lcom/raylib/Raylib$Texture;Lcom/raylib/Raylib$Rectangle;Lcom/raylib/Raylib$Rectangle;Lcom/raylib/Raylib$Vector2;FLcom/raylib/Raylib$Color;)V' in 'com/raylib/Raylib'
  # parm0:    rdx:rdx   = 'com/raylib/Raylib$Texture'
  # parm1:    r8:r8     = 'com/raylib/Raylib$Rectangle'
  # parm2:    r9:r9     = 'com/raylib/Raylib$Rectangle'
  # parm3:    rdi:rdi   = 'com/raylib/Raylib$Vector2'
  # parm4:    xmm0      = float
  # parm5:    rsi:rsi   = 'com/raylib/Raylib$Color'
  #           [sp+0x90]  (sp of caller)
  0x0000022f07c234a0: 448b 5208 | 49bb 0000 | 0010 2f02 | 0000 4d03 | d349 3bc2 | 0f84 0600 

  0x0000022f07c234b8: ;   {runtime_call ic_miss_stub}
  0x0000022f07c234b8: 0000 e9c1 | e087 ff90 
[Verified Entry Point]
  0x0000022f07c234c0: 8984 2400 | 90ff ff55 | 488b ec48 | 81ec 8000 | 0000 4889 | 7424 6048 | 83fe 0048 | 8d44 2460 
  0x0000022f07c234e0: 480f 4444 | 2460 4889 | 4424 38c5 | fa11 4424 | 3048 897c | 2458 4883 | ff00 488d | 4424 5848 
  0x0000022f07c23500: 0f44 4424 | 5848 8944 | 2428 4c89 | 4c24 5049 | 83f9 0048 | 8d44 2450 | 480f 4444 | 2450 4889 
  0x0000022f07c23520: 4424 204c | 8944 2448 | 4983 f800 | 4c8d 4c24 | 484c 0f44 | 4c24 4848 | 8954 2440 | 4883 fa00 
  0x0000022f07c23540: 4c8d 4424 | 404c 0f44 

  0x0000022f07c23548: ;   {oop(a 'java/lang/Class'{0x0000000713e875a8} = 'com/raylib/Raylib')}
  0x0000022f07c23548: 4424 4049 | bea8 75e8 | 1307 0000 | 004c 8974 | 2470 4c8d | 7424 7049 | 8bd6 c5f8 

  0x0000022f07c23564: ;   {internal_word}
  0x0000022f07c23564: 7749 ba62 | 35c2 072f | 0200 004d | 8997 a002 | 0000 4989 | a798 0200 

  0x0000022f07c2357c: ;   {external_word}
  0x0000022f07c2357c: 0049 ba79 | 35e1 93fb | 7f00 0041 | 803a 000f | 8452 0000 | 0052 4150 

  0x0000022f07c23594: ;   {metadata({method} {0x0000022f5144bd48} 'DrawTexturePro' '(Lcom/raylib/Raylib$Texture;Lcom/raylib/Raylib$Rectangle;Lcom/raylib/Raylib$Rectangle;Lcom/raylib/Raylib$Vector2;FLcom/raylib/Raylib$Color;)V' in 'com/raylib/Raylib')}
  0x0000022f07c23594: 4151 48ba | 40bd 4451 | 2f02 0000 | 498b cf48 | 83ec 20f7 | c40f 0000 | 000f 841a | 0000 0048 
  0x0000022f07c235b4: ;   {runtime_call}
  0x0000022f07c235b4: 83ec 0849 | ba00 3097 | 93fb 7f00 | 0041 ffd2 | 4883 c408 | e90d 0000 

  0x0000022f07c235cc: ;   {runtime_call}
  0x0000022f07c235cc: 0049 ba00 | 3097 93fb | 7f00 0041 | ffd2 4883 | c420 4159 | 4158 5a49 | 8d8f b802 | 0000 41c7 
  0x0000022f07c235ec: 8748 0300 | 0004 0000 

  0x0000022f07c235f4: ;   {runtime_call}
  0x0000022f07c235f4: 0049 ba10 | 204d b6fb | 7f00 0041 | ffd2 c5f8 | 7741 c787 | 4803 0000 | 0500 0000 | f083 4424 
  0x0000022f07c23614: c000 493b | af50 0300 | 000f 8711 | 0000 0041 | 81bf 3803 | 0000 0000 | 0000 0f84 | 2400 0000 
  0x0000022f07c23634: c5f8 7749 | 8bcf 4c8b | e448 83ec | 2048 83e4 

  0x0000022f07c23644: ;   {runtime_call}
  0x0000022f07c23644: f049 ba90 | 44a7 93fb | 7f00 0041 | ffd2 498b | e44d 33e4 | 41c7 8748 | 0300 0008 | 0000 0041 
  0x0000022f07c23664: 81bf b803 | 0000 0200 | 0000 0f84 | 9b00 0000 

  0x0000022f07c23674: ;   {external_word}
  0x0000022f07c23674: 49ba 7935 | e193 fb7f | 0000 4180 | 3a00 0f84 | 4800 0000 

  0x0000022f07c23688: ;   {metadata({method} {0x0000022f5144bd48} 'DrawTexturePro' '(Lcom/raylib/Raylib$Texture;Lcom/raylib/Raylib$Rectangle;Lcom/raylib/Raylib$Rectangle;Lcom/raylib/Raylib$Vector2;FLcom/raylib/Raylib$Color;)V' in 'com/raylib/Raylib')}
  0x0000022f07c23688: 48ba 40bd | 4451 2f02 | 0000 498b | cf48 83ec | 20f7 c40f | 0000 000f | 841a 0000 | 0048 83ec 
  0x0000022f07c236a8: ;   {runtime_call}
  0x0000022f07c236a8: 0849 ba00 | 3097 93fb | 7f00 0041 | ffd2 4883 | c408 e90d 

  0x0000022f07c236bc: ;   {runtime_call}
  0x0000022f07c236bc: 0000 0049 | ba00 3097 | 93fb 7f00 | 0041 ffd2 | 4883 c420 | 49c7 8798 | 0200 0000 | 0000 0049 
  0x0000022f07c236dc: c787 a002 | 0000 0000 | 0000 c5f8 | 7749 8b8f | d800 0000 | c781 0001 | 0000 0000 | 0000 c949 
  0x0000022f07c236fc: 817f 0800 | 0000 000f | 8501 0000 

  0x0000022f07c23708: ;   {runtime_call StubRoutines (1)}
  0x0000022f07c23708: 00c3 e9f1 | d782 ffc5 | f877 4c8b | e448 83ec | 2048 83e4 

  0x0000022f07c2371c: ;   {runtime_call}
  0x0000022f07c2371c: f049 ba80 | 6097 93fb | 7f00 0041 | ffd2 498b | e44d 33e4 | e93f ffff | fff4 f4f4 
[/MachCode]


---------------  P R O C E S S  ---------------

Threads class SMR info:
_java_thread_list=0x0000022f58718a60, length=13, elements={
0x0000022f69efad30, 0x0000022f0f752840, 0x0000022f0f753400, 0x0000022f0f772c80,
0x0000022f0f773840, 0x0000022f0f776210, 0x0000022f0f778fe0, 0x0000022f0f779cd0,
0x0000022f0f77c810, 0x0000022f0f785f60, 0x0000022f0f915ef0, 0x0000022f0f921c90,
0x0000022f0f93e0b0
}

Java Threads: ( => current thread )
=>0x0000022f69efad30 JavaThread "main" [_thread_in_native, id=14856, stack(0x00000030f2c00000,0x00000030f2d00000)]
  0x0000022f0f752840 JavaThread "Reference Handler" daemon [_thread_blocked, id=21636, stack(0x00000030f3300000,0x00000030f3400000)]
  0x0000022f0f753400 JavaThread "Finalizer" daemon [_thread_blocked, id=10308, stack(0x00000030f3400000,0x00000030f3500000)]
  0x0000022f0f772c80 JavaThread "Signal Dispatcher" daemon [_thread_blocked, id=20724, stack(0x00000030f3500000,0x00000030f3600000)]
  0x0000022f0f773840 JavaThread "Attach Listener" daemon [_thread_blocked, id=31500, stack(0x00000030f3600000,0x00000030f3700000)]
  0x0000022f0f776210 JavaThread "Service Thread" daemon [_thread_blocked, id=32700, stack(0x00000030f3700000,0x00000030f3800000)]
  0x0000022f0f778fe0 JavaThread "Monitor Deflation Thread" daemon [_thread_blocked, id=31940, stack(0x00000030f3800000,0x00000030f3900000)]
  0x0000022f0f779cd0 JavaThread "C2 CompilerThread0" daemon [_thread_blocked, id=23672, stack(0x00000030f3900000,0x00000030f3a00000)]
  0x0000022f0f77c810 JavaThread "C1 CompilerThread0" daemon [_thread_blocked, id=26040, stack(0x00000030f3a00000,0x00000030f3b00000)]
  0x0000022f0f785f60 JavaThread "Sweeper thread" daemon [_thread_blocked, id=31612, stack(0x00000030f3b00000,0x00000030f3c00000)]
  0x0000022f0f915ef0 JavaThread "Notification Thread" daemon [_thread_blocked, id=8156, stack(0x00000030f3d00000,0x00000030f3e00000)]
  0x0000022f0f921c90 JavaThread "Common-Cleaner" daemon [_thread_blocked, id=17920, stack(0x00000030f3f00000,0x00000030f4000000)]
  0x0000022f0f93e0b0 JavaThread "JavaCPP Deallocator" daemon [_thread_blocked, id=31948, stack(0x00000030f4000000,0x00000030f4100000)]

Other Threads:
  0x0000022f0f74c130 VMThread "VM Thread" [stack: 0x00000030f3200000,0x00000030f3300000] [id=14976]
  0x0000022f0f9167e0 WatcherThread [stack: 0x00000030f3e00000,0x00000030f3f00000] [id=28268]
  0x0000022f69f672f0 GCTaskThread "GC Thread#0" [stack: 0x00000030f2d00000,0x00000030f2e00000] [id=21424]
  0x0000022f56555500 GCTaskThread "GC Thread#1" [stack: 0x00000030f4500000,0x00000030f4600000] [id=13548]
  0x0000022f55364ac0 GCTaskThread "GC Thread#2" [stack: 0x00000030f4600000,0x00000030f4700000] [id=15976]
  0x0000022f0fb1b000 GCTaskThread "GC Thread#3" [stack: 0x00000030f4700000,0x00000030f4800000] [id=10384]
  0x0000022f56558d40 GCTaskThread "GC Thread#4" [stack: 0x00000030f4800000,0x00000030f4900000] [id=29000]
  0x0000022f5668dac0 GCTaskThread "GC Thread#5" [stack: 0x00000030f4900000,0x00000030f4a00000] [id=20368]
  0x0000022f69f78ca0 ConcurrentGCThread "G1 Main Marker" [stack: 0x00000030f2e00000,0x00000030f2f00000] [id=31592]
  0x0000022f69f79e60 ConcurrentGCThread "G1 Conc#0" [stack: 0x00000030f2f00000,0x00000030f3000000] [id=22772]
  0x0000022f0f604e40 ConcurrentGCThread "G1 Refine#0" [stack: 0x00000030f3000000,0x00000030f3100000] [id=30916]
  0x0000022f0f605870 ConcurrentGCThread "G1 Service" [stack: 0x00000030f3100000,0x00000030f3200000] [id=11752]

Threads with active compile tasks:

VM state: not at safepoint (normal execution)

VM Mutex/Monitor currently owned by a thread: None

Heap address: 0x0000000705a00000, size: 4006 MB, Compressed Oops mode: Zero based, Oop shift amount: 3

CDS archive(s) mapped at: [0x0000022f10000000-0x0000022f10bb0000-0x0000022f10bb0000), size 12255232, SharedBaseAddress: 0x0000022f10000000, ArchiveRelocationMode: 1.
Compressed class space mapped at: 0x0000022f11000000-0x0000022f51000000, reserved size: 1073741824
Narrow klass base: 0x0000022f10000000, Narrow klass shift: 0, Narrow klass range: 0x100000000

GC Precious Log:
 CPUs: 16 total, 16 available
 Memory: 16021M
 Large Page Support: Disabled
 NUMA Support: Disabled
 Compressed Oops: Enabled (Zero based)
 Heap Region Size: 2M
 Heap Min Capacity: 8M
 Heap Initial Capacity: 252M
 Heap Max Capacity: 4006M
 Pre-touch: Disabled
 Parallel Workers: 13
 Concurrent Workers: 3
 Concurrent Refinement Workers: 13
 Periodic GC: Disabled

Heap:
 garbage-first heap   total 258048K, used 9855K [0x0000000705a00000, 0x0000000800000000)
  region size 2048K, 6 young (12288K), 1 survivors (2048K)
 Metaspace       used 2115K, committed 2304K, reserved 1114112K
  class space    used 179K, committed 256K, reserved 1048576K

Heap Regions: E=young(eden), S=young(survivor), O=old, HS=humongous(starts), HC=humongous(continues), CS=collection set, F=free, OA=open archive, CA=closed archive, TAMS=top-at-mark-start (previous, next)
|   0|0x0000000705a00000, 0x0000000705a00000, 0x0000000705c00000|  0%| F|  |TAMS 0x0000000705a00000, 0x0000000705a00000| Untracked 
|   1|0x0000000705c00000, 0x0000000705c00000, 0x0000000705e00000|  0%| F|  |TAMS 0x0000000705c00000, 0x0000000705c00000| Untracked 
|   2|0x0000000705e00000, 0x0000000705e00000, 0x0000000706000000|  0%| F|  |TAMS 0x0000000705e00000, 0x0000000705e00000| Untracked 
|   3|0x0000000706000000, 0x0000000706000000, 0x0000000706200000|  0%| F|  |TAMS 0x0000000706000000, 0x0000000706000000| Untracked 
|   4|0x0000000706200000, 0x0000000706200000, 0x0000000706400000|  0%| F|  |TAMS 0x0000000706200000, 0x0000000706200000| Untracked 
|   5|0x0000000706400000, 0x0000000706400000, 0x0000000706600000|  0%| F|  |TAMS 0x0000000706400000, 0x0000000706400000| Untracked 
|   6|0x0000000706600000, 0x0000000706600000, 0x0000000706800000|  0%| F|  |TAMS 0x0000000706600000, 0x0000000706600000| Untracked 
|   7|0x0000000706800000, 0x0000000706800000, 0x0000000706a00000|  0%| F|  |TAMS 0x0000000706800000, 0x0000000706800000| Untracked 
|   8|0x0000000706a00000, 0x0000000706a00000, 0x0000000706c00000|  0%| F|  |TAMS 0x0000000706a00000, 0x0000000706a00000| Untracked 
|   9|0x0000000706c00000, 0x0000000706c00000, 0x0000000706e00000|  0%| F|  |TAMS 0x0000000706c00000, 0x0000000706c00000| Untracked 
|  10|0x0000000706e00000, 0x0000000706e00000, 0x0000000707000000|  0%| F|  |TAMS 0x0000000706e00000, 0x0000000706e00000| Untracked 
|  11|0x0000000707000000, 0x0000000707000000, 0x0000000707200000|  0%| F|  |TAMS 0x0000000707000000, 0x0000000707000000| Untracked 
|  12|0x0000000707200000, 0x0000000707200000, 0x0000000707400000|  0%| F|  |TAMS 0x0000000707200000, 0x0000000707200000| Untracked 
|  13|0x0000000707400000, 0x0000000707400000, 0x0000000707600000|  0%| F|  |TAMS 0x0000000707400000, 0x0000000707400000| Untracked 
|  14|0x0000000707600000, 0x0000000707600000, 0x0000000707800000|  0%| F|  |TAMS 0x0000000707600000, 0x0000000707600000| Untracked 
|  15|0x0000000707800000, 0x0000000707800000, 0x0000000707a00000|  0%| F|  |TAMS 0x0000000707800000, 0x0000000707800000| Untracked 
|  16|0x0000000707a00000, 0x0000000707a00000, 0x0000000707c00000|  0%| F|  |TAMS 0x0000000707a00000, 0x0000000707a00000| Untracked 
|  17|0x0000000707c00000, 0x0000000707c00000, 0x0000000707e00000|  0%| F|  |TAMS 0x0000000707c00000, 0x0000000707c00000| Untracked 
|  18|0x0000000707e00000, 0x0000000707e00000, 0x0000000708000000|  0%| F|  |TAMS 0x0000000707e00000, 0x0000000707e00000| Untracked 
|  19|0x0000000708000000, 0x0000000708000000, 0x0000000708200000|  0%| F|  |TAMS 0x0000000708000000, 0x0000000708000000| Untracked 
|  20|0x0000000708200000, 0x0000000708200000, 0x0000000708400000|  0%| F|  |TAMS 0x0000000708200000, 0x0000000708200000| Untracked 
|  21|0x0000000708400000, 0x0000000708400000, 0x0000000708600000|  0%| F|  |TAMS 0x0000000708400000, 0x0000000708400000| Untracked 
|  22|0x0000000708600000, 0x0000000708600000, 0x0000000708800000|  0%| F|  |TAMS 0x0000000708600000, 0x0000000708600000| Untracked 
|  23|0x0000000708800000, 0x0000000708800000, 0x0000000708a00000|  0%| F|  |TAMS 0x0000000708800000, 0x0000000708800000| Untracked 
|  24|0x0000000708a00000, 0x0000000708a00000, 0x0000000708c00000|  0%| F|  |TAMS 0x0000000708a00000, 0x0000000708a00000| Untracked 
|  25|0x0000000708c00000, 0x0000000708c00000, 0x0000000708e00000|  0%| F|  |TAMS 0x0000000708c00000, 0x0000000708c00000| Untracked 
|  26|0x0000000708e00000, 0x0000000708e00000, 0x0000000709000000|  0%| F|  |TAMS 0x0000000708e00000, 0x0000000708e00000| Untracked 
|  27|0x0000000709000000, 0x0000000709000000, 0x0000000709200000|  0%| F|  |TAMS 0x0000000709000000, 0x0000000709000000| Untracked 
|  28|0x0000000709200000, 0x0000000709200000, 0x0000000709400000|  0%| F|  |TAMS 0x0000000709200000, 0x0000000709200000| Untracked 
|  29|0x0000000709400000, 0x0000000709400000, 0x0000000709600000|  0%| F|  |TAMS 0x0000000709400000, 0x0000000709400000| Untracked 
|  30|0x0000000709600000, 0x0000000709600000, 0x0000000709800000|  0%| F|  |TAMS 0x0000000709600000, 0x0000000709600000| Untracked 
|  31|0x0000000709800000, 0x0000000709800000, 0x0000000709a00000|  0%| F|  |TAMS 0x0000000709800000, 0x0000000709800000| Untracked 
|  32|0x0000000709a00000, 0x0000000709a00000, 0x0000000709c00000|  0%| F|  |TAMS 0x0000000709a00000, 0x0000000709a00000| Untracked 
|  33|0x0000000709c00000, 0x0000000709c00000, 0x0000000709e00000|  0%| F|  |TAMS 0x0000000709c00000, 0x0000000709c00000| Untracked 
|  34|0x0000000709e00000, 0x0000000709e00000, 0x000000070a000000|  0%| F|  |TAMS 0x0000000709e00000, 0x0000000709e00000| Untracked 
|  35|0x000000070a000000, 0x000000070a000000, 0x000000070a200000|  0%| F|  |TAMS 0x000000070a000000, 0x000000070a000000| Untracked 
|  36|0x000000070a200000, 0x000000070a200000, 0x000000070a400000|  0%| F|  |TAMS 0x000000070a200000, 0x000000070a200000| Untracked 
|  37|0x000000070a400000, 0x000000070a400000, 0x000000070a600000|  0%| F|  |TAMS 0x000000070a400000, 0x000000070a400000| Untracked 
|  38|0x000000070a600000, 0x000000070a600000, 0x000000070a800000|  0%| F|  |TAMS 0x000000070a600000, 0x000000070a600000| Untracked 
|  39|0x000000070a800000, 0x000000070a800000, 0x000000070aa00000|  0%| F|  |TAMS 0x000000070a800000, 0x000000070a800000| Untracked 
|  40|0x000000070aa00000, 0x000000070aa00000, 0x000000070ac00000|  0%| F|  |TAMS 0x000000070aa00000, 0x000000070aa00000| Untracked 
|  41|0x000000070ac00000, 0x000000070ac00000, 0x000000070ae00000|  0%| F|  |TAMS 0x000000070ac00000, 0x000000070ac00000| Untracked 
|  42|0x000000070ae00000, 0x000000070ae00000, 0x000000070b000000|  0%| F|  |TAMS 0x000000070ae00000, 0x000000070ae00000| Untracked 
|  43|0x000000070b000000, 0x000000070b000000, 0x000000070b200000|  0%| F|  |TAMS 0x000000070b000000, 0x000000070b000000| Untracked 
|  44|0x000000070b200000, 0x000000070b200000, 0x000000070b400000|  0%| F|  |TAMS 0x000000070b200000, 0x000000070b200000| Untracked 
|  45|0x000000070b400000, 0x000000070b400000, 0x000000070b600000|  0%| F|  |TAMS 0x000000070b400000, 0x000000070b400000| Untracked 
|  46|0x000000070b600000, 0x000000070b600000, 0x000000070b800000|  0%| F|  |TAMS 0x000000070b600000, 0x000000070b600000| Untracked 
|  47|0x000000070b800000, 0x000000070b800000, 0x000000070ba00000|  0%| F|  |TAMS 0x000000070b800000, 0x000000070b800000| Untracked 
|  48|0x000000070ba00000, 0x000000070ba00000, 0x000000070bc00000|  0%| F|  |TAMS 0x000000070ba00000, 0x000000070ba00000| Untracked 
|  49|0x000000070bc00000, 0x000000070bc00000, 0x000000070be00000|  0%| F|  |TAMS 0x000000070bc00000, 0x000000070bc00000| Untracked 
|  50|0x000000070be00000, 0x000000070be00000, 0x000000070c000000|  0%| F|  |TAMS 0x000000070be00000, 0x000000070be00000| Untracked 
|  51|0x000000070c000000, 0x000000070c000000, 0x000000070c200000|  0%| F|  |TAMS 0x000000070c000000, 0x000000070c000000| Untracked 
|  52|0x000000070c200000, 0x000000070c200000, 0x000000070c400000|  0%| F|  |TAMS 0x000000070c200000, 0x000000070c200000| Untracked 
|  53|0x000000070c400000, 0x000000070c400000, 0x000000070c600000|  0%| F|  |TAMS 0x000000070c400000, 0x000000070c400000| Untracked 
|  54|0x000000070c600000, 0x000000070c600000, 0x000000070c800000|  0%| F|  |TAMS 0x000000070c600000, 0x000000070c600000| Untracked 
|  55|0x000000070c800000, 0x000000070c800000, 0x000000070ca00000|  0%| F|  |TAMS 0x000000070c800000, 0x000000070c800000| Untracked 
|  56|0x000000070ca00000, 0x000000070ca00000, 0x000000070cc00000|  0%| F|  |TAMS 0x000000070ca00000, 0x000000070ca00000| Untracked 
|  57|0x000000070cc00000, 0x000000070cc00000, 0x000000070ce00000|  0%| F|  |TAMS 0x000000070cc00000, 0x000000070cc00000| Untracked 
|  58|0x000000070ce00000, 0x000000070ce00000, 0x000000070d000000|  0%| F|  |TAMS 0x000000070ce00000, 0x000000070ce00000| Untracked 
|  59|0x000000070d000000, 0x000000070d000000, 0x000000070d200000|  0%| F|  |TAMS 0x000000070d000000, 0x000000070d000000| Untracked 
|  60|0x000000070d200000, 0x000000070d200000, 0x000000070d400000|  0%| F|  |TAMS 0x000000070d200000, 0x000000070d200000| Untracked 
|  61|0x000000070d400000, 0x000000070d400000, 0x000000070d600000|  0%| F|  |TAMS 0x000000070d400000, 0x000000070d400000| Untracked 
|  62|0x000000070d600000, 0x000000070d600000, 0x000000070d800000|  0%| F|  |TAMS 0x000000070d600000, 0x000000070d600000| Untracked 
|  63|0x000000070d800000, 0x000000070d800000, 0x000000070da00000|  0%| F|  |TAMS 0x000000070d800000, 0x000000070d800000| Untracked 
|  64|0x000000070da00000, 0x000000070da00000, 0x000000070dc00000|  0%| F|  |TAMS 0x000000070da00000, 0x000000070da00000| Untracked 
|  65|0x000000070dc00000, 0x000000070dc00000, 0x000000070de00000|  0%| F|  |TAMS 0x000000070dc00000, 0x000000070dc00000| Untracked 
|  66|0x000000070de00000, 0x000000070de00000, 0x000000070e000000|  0%| F|  |TAMS 0x000000070de00000, 0x000000070de00000| Untracked 
|  67|0x000000070e000000, 0x000000070e000000, 0x000000070e200000|  0%| F|  |TAMS 0x000000070e000000, 0x000000070e000000| Untracked 
|  68|0x000000070e200000, 0x000000070e200000, 0x000000070e400000|  0%| F|  |TAMS 0x000000070e200000, 0x000000070e200000| Untracked 
|  69|0x000000070e400000, 0x000000070e400000, 0x000000070e600000|  0%| F|  |TAMS 0x000000070e400000, 0x000000070e400000| Untracked 
|  70|0x000000070e600000, 0x000000070e600000, 0x000000070e800000|  0%| F|  |TAMS 0x000000070e600000, 0x000000070e600000| Untracked 
|  71|0x000000070e800000, 0x000000070e800000, 0x000000070ea00000|  0%| F|  |TAMS 0x000000070e800000, 0x000000070e800000| Untracked 
|  72|0x000000070ea00000, 0x000000070ea00000, 0x000000070ec00000|  0%| F|  |TAMS 0x000000070ea00000, 0x000000070ea00000| Untracked 
|  73|0x000000070ec00000, 0x000000070ec00000, 0x000000070ee00000|  0%| F|  |TAMS 0x000000070ec00000, 0x000000070ec00000| Untracked 
|  74|0x000000070ee00000, 0x000000070ee00000, 0x000000070f000000|  0%| F|  |TAMS 0x000000070ee00000, 0x000000070ee00000| Untracked 
|  75|0x000000070f000000, 0x000000070f000000, 0x000000070f200000|  0%| F|  |TAMS 0x000000070f000000, 0x000000070f000000| Untracked 
|  76|0x000000070f200000, 0x000000070f200000, 0x000000070f400000|  0%| F|  |TAMS 0x000000070f200000, 0x000000070f200000| Untracked 
|  77|0x000000070f400000, 0x000000070f400000, 0x000000070f600000|  0%| F|  |TAMS 0x000000070f400000, 0x000000070f400000| Untracked 
|  78|0x000000070f600000, 0x000000070f600000, 0x000000070f800000|  0%| F|  |TAMS 0x000000070f600000, 0x000000070f600000| Untracked 
|  79|0x000000070f800000, 0x000000070f800000, 0x000000070fa00000|  0%| F|  |TAMS 0x000000070f800000, 0x000000070f800000| Untracked 
|  80|0x000000070fa00000, 0x000000070fa00000, 0x000000070fc00000|  0%| F|  |TAMS 0x000000070fa00000, 0x000000070fa00000| Untracked 
|  81|0x000000070fc00000, 0x000000070fc00000, 0x000000070fe00000|  0%| F|  |TAMS 0x000000070fc00000, 0x000000070fc00000| Untracked 
|  82|0x000000070fe00000, 0x000000070fe00000, 0x0000000710000000|  0%| F|  |TAMS 0x000000070fe00000, 0x000000070fe00000| Untracked 
|  83|0x0000000710000000, 0x0000000710000000, 0x0000000710200000|  0%| F|  |TAMS 0x0000000710000000, 0x0000000710000000| Untracked 
|  84|0x0000000710200000, 0x0000000710200000, 0x0000000710400000|  0%| F|  |TAMS 0x0000000710200000, 0x0000000710200000| Untracked 
|  85|0x0000000710400000, 0x0000000710400000, 0x0000000710600000|  0%| F|  |TAMS 0x0000000710400000, 0x0000000710400000| Untracked 
|  86|0x0000000710600000, 0x0000000710600000, 0x0000000710800000|  0%| F|  |TAMS 0x0000000710600000, 0x0000000710600000| Untracked 
|  87|0x0000000710800000, 0x0000000710800000, 0x0000000710a00000|  0%| F|  |TAMS 0x0000000710800000, 0x0000000710800000| Untracked 
|  88|0x0000000710a00000, 0x0000000710a00000, 0x0000000710c00000|  0%| F|  |TAMS 0x0000000710a00000, 0x0000000710a00000| Untracked 
|  89|0x0000000710c00000, 0x0000000710c00000, 0x0000000710e00000|  0%| F|  |TAMS 0x0000000710c00000, 0x0000000710c00000| Untracked 
|  90|0x0000000710e00000, 0x0000000710e00000, 0x0000000711000000|  0%| F|  |TAMS 0x0000000710e00000, 0x0000000710e00000| Untracked 
|  91|0x0000000711000000, 0x0000000711000000, 0x0000000711200000|  0%| F|  |TAMS 0x0000000711000000, 0x0000000711000000| Untracked 
|  92|0x0000000711200000, 0x0000000711200000, 0x0000000711400000|  0%| F|  |TAMS 0x0000000711200000, 0x0000000711200000| Untracked 
|  93|0x0000000711400000, 0x0000000711400000, 0x0000000711600000|  0%| F|  |TAMS 0x0000000711400000, 0x0000000711400000| Untracked 
|  94|0x0000000711600000, 0x0000000711600000, 0x0000000711800000|  0%| F|  |TAMS 0x0000000711600000, 0x0000000711600000| Untracked 
|  95|0x0000000711800000, 0x0000000711800000, 0x0000000711a00000|  0%| F|  |TAMS 0x0000000711800000, 0x0000000711800000| Untracked 
|  96|0x0000000711a00000, 0x0000000711a00000, 0x0000000711c00000|  0%| F|  |TAMS 0x0000000711a00000, 0x0000000711a00000| Untracked 
|  97|0x0000000711c00000, 0x0000000711c00000, 0x0000000711e00000|  0%| F|  |TAMS 0x0000000711c00000, 0x0000000711c00000| Untracked 
|  98|0x0000000711e00000, 0x0000000711e00000, 0x0000000712000000|  0%| F|  |TAMS 0x0000000711e00000, 0x0000000711e00000| Untracked 
|  99|0x0000000712000000, 0x0000000712000000, 0x0000000712200000|  0%| F|  |TAMS 0x0000000712000000, 0x0000000712000000| Untracked 
| 100|0x0000000712200000, 0x0000000712200000, 0x0000000712400000|  0%| F|  |TAMS 0x0000000712200000, 0x0000000712200000| Untracked 
| 101|0x0000000712400000, 0x0000000712400000, 0x0000000712600000|  0%| F|  |TAMS 0x0000000712400000, 0x0000000712400000| Untracked 
| 102|0x0000000712600000, 0x0000000712600000, 0x0000000712800000|  0%| F|  |TAMS 0x0000000712600000, 0x0000000712600000| Untracked 
| 103|0x0000000712800000, 0x0000000712800000, 0x0000000712a00000|  0%| F|  |TAMS 0x0000000712800000, 0x0000000712800000| Untracked 
| 104|0x0000000712a00000, 0x0000000712a00000, 0x0000000712c00000|  0%| F|  |TAMS 0x0000000712a00000, 0x0000000712a00000| Untracked 
| 105|0x0000000712c00000, 0x0000000712c00000, 0x0000000712e00000|  0%| F|  |TAMS 0x0000000712c00000, 0x0000000712c00000| Untracked 
| 106|0x0000000712e00000, 0x0000000712e00000, 0x0000000713000000|  0%| F|  |TAMS 0x0000000712e00000, 0x0000000712e00000| Untracked 
| 107|0x0000000713000000, 0x0000000713000000, 0x0000000713200000|  0%| F|  |TAMS 0x0000000713000000, 0x0000000713000000| Untracked 
| 108|0x0000000713200000, 0x0000000713200000, 0x0000000713400000|  0%| F|  |TAMS 0x0000000713200000, 0x0000000713200000| Untracked 
| 109|0x0000000713400000, 0x0000000713400000, 0x0000000713600000|  0%| F|  |TAMS 0x0000000713400000, 0x0000000713400000| Untracked 
| 110|0x0000000713600000, 0x0000000713600000, 0x0000000713800000|  0%| F|  |TAMS 0x0000000713600000, 0x0000000713600000| Untracked 
| 111|0x0000000713800000, 0x0000000713800000, 0x0000000713a00000|  0%| F|  |TAMS 0x0000000713800000, 0x0000000713800000| Untracked 
| 112|0x0000000713a00000, 0x0000000713a00000, 0x0000000713c00000|  0%| F|  |TAMS 0x0000000713a00000, 0x0000000713a00000| Untracked 
| 113|0x0000000713c00000, 0x0000000713c00000, 0x0000000713e00000|  0%| F|  |TAMS 0x0000000713c00000, 0x0000000713c00000| Untracked 
| 114|0x0000000713e00000, 0x0000000713f9ff80, 0x0000000714000000| 81%| S|CS|TAMS 0x0000000713e00000, 0x0000000713e00000| Complete 
| 115|0x0000000714000000, 0x0000000714000000, 0x0000000714200000|  0%| F|  |TAMS 0x0000000714000000, 0x0000000714000000| Untracked 
| 116|0x0000000714200000, 0x0000000714200000, 0x0000000714400000|  0%| F|  |TAMS 0x0000000714200000, 0x0000000714200000| Untracked 
| 117|0x0000000714400000, 0x0000000714400000, 0x0000000714600000|  0%| F|  |TAMS 0x0000000714400000, 0x0000000714400000| Untracked 
| 118|0x0000000714600000, 0x0000000714600000, 0x0000000714800000|  0%| F|  |TAMS 0x0000000714600000, 0x0000000714600000| Untracked 
| 119|0x0000000714800000, 0x0000000714800000, 0x0000000714a00000|  0%| F|  |TAMS 0x0000000714800000, 0x0000000714800000| Untracked 
| 120|0x0000000714a00000, 0x0000000714a00000, 0x0000000714c00000|  0%| F|  |TAMS 0x0000000714a00000, 0x0000000714a00000| Untracked 
| 121|0x0000000714c00000, 0x0000000714e00000, 0x0000000714e00000|100%| E|  |TAMS 0x0000000714c00000, 0x0000000714c00000| Complete 
| 122|0x0000000714e00000, 0x0000000715000000, 0x0000000715000000|100%| E|CS|TAMS 0x0000000714e00000, 0x0000000714e00000| Complete 
| 123|0x0000000715000000, 0x0000000715200000, 0x0000000715200000|100%| E|CS|TAMS 0x0000000715000000, 0x0000000715000000| Complete 
| 124|0x0000000715200000, 0x0000000715400000, 0x0000000715400000|100%| E|CS|TAMS 0x0000000715200000, 0x0000000715200000| Complete 
| 125|0x0000000715400000, 0x0000000715600000, 0x0000000715600000|100%| E|CS|TAMS 0x0000000715400000, 0x0000000715400000| Complete 

Card table byte_map: [0x0000022f749b0000,0x0000022f75190000] _byte_map_base: 0x0000022f71183000

Marking Bits (Prev, Next): (CMBitMap*) 0x0000022f69f67910, (CMBitMap*) 0x0000022f69f67950
 Prev Bits: [0x0000022f75970000, 0x0000022f79808000)
 Next Bits: [0x0000022f79810000, 0x0000022f7d6a8000)

Polling page: 0x0000022f69fb0000

Metaspace:

Usage:
  Non-class:      1.89 MB used.
      Class:    179.44 KB used.
       Both:      2.07 MB used.

Virtual space:
  Non-class space:       64.00 MB reserved,       2.00 MB (  3%) committed,  1 nodes.
      Class space:        1.00 GB reserved,     256.00 KB ( <1%) committed,  1 nodes.
             Both:        1.06 GB reserved,       2.25 MB ( <1%) committed. 

Chunk freelists:
   Non-Class:  11.24 MB
       Class:  15.65 MB
        Both:  26.89 MB

MaxMetaspaceSize: unlimited
CompressedClassSpaceSize: 1.00 GB
Initial GC threshold: 21.00 MB
Current GC threshold: 21.00 MB
CDS: on
MetaspaceReclaimPolicy: balanced
 - commit_granule_bytes: 65536.
 - commit_granule_words: 8192.
 - virtual_space_node_default_size: 8388608.
 - enlarge_chunks_in_place: 1.
 - new_chunks_are_fully_committed: 0.
 - uncommit_free_chunks: 1.
 - use_allocation_guard: 0.
 - handle_deallocations: 1.


Internal statistics:

num_allocs_failed_limit: 0.
num_arena_births: 32.
num_arena_deaths: 0.
num_vsnodes_births: 2.
num_vsnodes_deaths: 0.
num_space_committed: 36.
num_space_uncommitted: 0.
num_chunks_returned_to_freelist: 0.
num_chunks_taken_from_freelist: 70.
num_chunk_merges: 0.
num_chunk_splits: 50.
num_chunks_enlarged: 39.
num_inconsistent_stats: 0.

CodeHeap 'non-profiled nmethods': size=119168Kb used=591Kb max_used=591Kb free=118576Kb
 bounds [0x0000022f07ba0000, 0x0000022f07e10000, 0x0000022f0f000000]
CodeHeap 'profiled nmethods': size=119104Kb used=1375Kb max_used=1375Kb free=117728Kb
 bounds [0x0000022f00000000, 0x0000022f00270000, 0x0000022f07450000]
CodeHeap 'non-nmethods': size=7488Kb used=1161Kb max_used=2345Kb free=6326Kb
 bounds [0x0000022f07450000, 0x0000022f076c0000, 0x0000022f07ba0000]
 total_blobs=1305 nmethods=868 adapters=350
 compilation: enabled
              stopped_count=0, restarted_count=0
 full_count=0

Compilation events (20 events):
Event: 46.954 Thread 0x0000022f0f779cd0  859       4       java.lang.invoke.DirectMethodHandle$Holder::invokeStatic (21 bytes)
Event: 46.954 Thread 0x0000022f0f779cd0 nmethod 859 0x0000022f07c30e90 code [0x0000022f07c31020, 0x0000022f07c31108]
Event: 53.404 Thread 0x0000022f0f779cd0  860       4       java.lang.Integer::getChars (131 bytes)
Event: 53.406 Thread 0x0000022f0f779cd0 nmethod 860 0x0000022f07c31210 code [0x0000022f07c313a0, 0x0000022f07c31658]
Event: 54.421 Thread 0x0000022f0f779cd0  861       4       java.lang.invoke.LambdaForm$MH/0x0000022f11019000::invoke (27 bytes)
Event: 54.422 Thread 0x0000022f0f779cd0 nmethod 861 0x0000022f07c31890 code [0x0000022f07c31a20, 0x0000022f07c31b18]
Event: 54.422 Thread 0x0000022f0f779cd0  862       4       java.lang.invoke.DirectMethodHandle$Holder::invokeStatic (17 bytes)
Event: 54.422 Thread 0x0000022f0f779cd0 nmethod 862 0x0000022f07c31c90 code [0x0000022f07c31e20, 0x0000022f07c31ee8]
Event: 54.422 Thread 0x0000022f0f779cd0  863       4       java.lang.StringConcatHelper::mix (11 bytes)
Event: 54.422 Thread 0x0000022f5644f050  864       4       java.lang.invoke.DirectMethodHandle$Holder::invokeStatic (14 bytes)
Event: 54.424 Thread 0x0000022f5644f050 nmethod 864 0x0000022f07c32010 code [0x0000022f07c321a0, 0x0000022f07c32268]
Event: 54.424 Thread 0x0000022f0f779cd0 nmethod 863 0x0000022f07c32390 code [0x0000022f07c32500, 0x0000022f07c32618]
Event: 54.424 Thread 0x0000022f5644f050  865       4       java.lang.invoke.LambdaForm$MH/0x0000022f11018400::invoke (32 bytes)
Event: 54.424 Thread 0x0000022f5644f050 nmethod 865 0x0000022f07c32710 code [0x0000022f07c328a0, 0x0000022f07c329b8]
Event: 55.505 Thread 0x0000022f5644f050  866       4       java.lang.StringConcatHelper::prepend (22 bytes)
Event: 55.505 Thread 0x0000022f0f779cd0  867       4       java.lang.invoke.DirectMethodHandle$Holder::invokeStatic (17 bytes)
Event: 55.506 Thread 0x0000022f0f779cd0 nmethod 867 0x0000022f07c32b10 code [0x0000022f07c32ca0, 0x0000022f07c32d68]
Event: 55.509 Thread 0x0000022f5644f050 nmethod 866 0x0000022f07c32e90 code [0x0000022f07c33020, 0x0000022f07c33478]
Event: 90.708 Thread 0x0000022f0f779cd0  868       4       PineVille.Player::Move (124 bytes)
Event: 90.710 Thread 0x0000022f0f779cd0 nmethod 868 0x0000022f07c33890 code [0x0000022f07c33a80, 0x0000022f07c33cc0]

GC Heap History (2 events):
Event: 0.506 GC heap before
{Heap before GC invocations=0 (full 0):
 garbage-first heap   total 258048K, used 22528K [0x0000000705a00000, 0x0000000800000000)
  region size 2048K, 11 young (22528K), 0 survivors (0K)
 Metaspace       used 1995K, committed 2176K, reserved 1114112K
  class space    used 174K, committed 256K, reserved 1048576K
}
Event: 0.508 GC heap after
{Heap after GC invocations=1 (full 0):
 garbage-first heap   total 258048K, used 1663K [0x0000000705a00000, 0x0000000800000000)
  region size 2048K, 1 young (2048K), 1 survivors (2048K)
 Metaspace       used 1995K, committed 2176K, reserved 1114112K
  class space    used 174K, committed 256K, reserved 1048576K
}

Dll operation events (20 events):
Event: 0.310 Loaded shared library C:\Program Files (x86)\Windows Kits\10\Redist\ucrt\DLLs\x64\api-ms-win-core-rtlsupport-l1-1-0.dll
Event: 0.317 Loaded shared library C:\Program Files (x86)\Windows Kits\10\Redist\ucrt\DLLs\x64\api-ms-win-core-processthreads-l1-1-1.dll
Event: 0.324 Loaded shared library C:\Program Files (x86)\Windows Kits\10\Redist\ucrt\DLLs\x64\api-ms-win-core-file-l1-2-0.dll
Event: 0.331 Loaded shared library C:\Program Files (x86)\Windows Kits\10\Redist\ucrt\DLLs\x64\api-ms-win-core-profile-l1-1-0.dll
Event: 0.340 Loaded shared library C:\Program Files (x86)\Windows Kits\10\Redist\ucrt\DLLs\x64\api-ms-win-core-memory-l1-1-0.dll
Event: 0.347 Loaded shared library C:\Program Files (x86)\Windows Kits\10\Redist\ucrt\DLLs\x64\api-ms-win-core-util-l1-1-0.dll
Event: 0.354 Loaded shared library C:\Program Files (x86)\Windows Kits\10\Redist\ucrt\DLLs\x64\api-ms-win-core-interlocked-l1-1-0.dll
Event: 0.361 Loaded shared library C:\Program Files (x86)\Windows Kits\10\Redist\ucrt\DLLs\x64\ucrtbase.dll
Event: 0.369 Loaded shared library C:\Users\luczu\.jdks\corretto-17.0.10\bin\vcruntime140.dll
Event: 0.377 Loaded shared library C:\Users\luczu\.jdks\corretto-17.0.10\bin\vcruntime140_1.dll
Event: 0.385 Loaded shared library C:\Users\luczu\.jdks\corretto-17.0.10\bin\msvcp140.dll
Event: 0.394 Loaded shared library C:\Windows\System32\msvcp140_1.dll
Event: 0.403 Loaded shared library C:\Windows\System32\concrt140.dll
Event: 0.412 Loaded shared library C:\Windows\System32\vcomp140.dll
Event: 0.438 Loaded shared library C:\Windows\System32\winmm.dll
Event: 0.441 Loaded shared library C:\Windows\System32\opengl32.dll
Event: 0.442 Loaded shared library C:\Windows\System32\user32.dll
Event: 0.443 Loaded shared library C:\Windows\System32\shell32.dll
Event: 0.444 Loaded shared library C:\Windows\System32\gdi32.dll
Event: 0.463 Loaded shared library C:\Users\luczu\.javacpp\cache\jaylib-4.5.0-0.jar\com\raylib\windows-x86_64\jniRaylib.dll

Deoptimization events (20 events):
Event: 0.428 Thread 0x0000022f69efad30 DEOPT PACKING pc=0x0000022f07bc4224 sp=0x00000030f2cfdc10
Event: 0.428 Thread 0x0000022f69efad30 DEOPT UNPACKING pc=0x0000022f074aa1a3 sp=0x00000030f2cfdb98 mode 2
Event: 0.429 Thread 0x0000022f69efad30 Uncommon trap: trap_request=0xffffff45 fr.pc=0x0000022f07bdb184 relative=0x0000000000001364
Event: 0.429 Thread 0x0000022f69efad30 Uncommon trap: reason=unstable_if action=reinterpret pc=0x0000022f07bdb184 method=java.net.URL.<init>(Ljava/net/URL;Ljava/lang/String;Ljava/net/URLStreamHandler;)V @ 273 c2
Event: 0.429 Thread 0x0000022f69efad30 DEOPT PACKING pc=0x0000022f07bdb184 sp=0x00000030f2cfdb50
Event: 0.429 Thread 0x0000022f69efad30 DEOPT UNPACKING pc=0x0000022f074aa1a3 sp=0x00000030f2cfdae0 mode 2
Event: 0.438 Thread 0x0000022f69efad30 Uncommon trap: trap_request=0xffffff45 fr.pc=0x0000022f07be5ea0 relative=0x0000000000003f40
Event: 0.438 Thread 0x0000022f69efad30 Uncommon trap: reason=unstable_if action=reinterpret pc=0x0000022f07be5ea0 method=sun.net.www.ParseUtil.firstEncodeIndex(Ljava/lang/String;)I @ 51 c2
Event: 0.438 Thread 0x0000022f69efad30 DEOPT PACKING pc=0x0000022f07be5ea0 sp=0x00000030f2cfdc10
Event: 0.438 Thread 0x0000022f69efad30 DEOPT UNPACKING pc=0x0000022f074aa1a3 sp=0x00000030f2cfd930 mode 2
Event: 0.455 Thread 0x0000022f69efad30 Uncommon trap: trap_request=0xffffff45 fr.pc=0x0000022f07bf0a28 relative=0x0000000000003d48
Event: 0.455 Thread 0x0000022f69efad30 Uncommon trap: reason=unstable_if action=reinterpret pc=0x0000022f07bf0a28 method=sun.net.www.ParseUtil.firstEncodeIndex(Ljava/lang/String;)I @ 51 c2
Event: 0.455 Thread 0x0000022f69efad30 DEOPT PACKING pc=0x0000022f07bf0a28 sp=0x00000030f2cfc950
Event: 0.455 Thread 0x0000022f69efad30 DEOPT UNPACKING pc=0x0000022f074aa1a3 sp=0x00000030f2cfc6d0 mode 2
Event: 0.494 Thread 0x0000022f69efad30 DEOPT PACKING pc=0x0000022f000f2748 sp=0x00000030f2cfc380
Event: 0.494 Thread 0x0000022f69efad30 DEOPT UNPACKING pc=0x0000022f074aace3 sp=0x00000030f2cfb898 mode 0
Event: 0.508 Thread 0x0000022f69efad30 Uncommon trap: trap_request=0xffffff45 fr.pc=0x0000022f07bd05e0 relative=0x00000000000000e0
Event: 0.508 Thread 0x0000022f69efad30 Uncommon trap: reason=unstable_if action=reinterpret pc=0x0000022f07bd05e0 method=java.lang.ref.SoftReference.get()Ljava/lang/Object; @ 17 c2
Event: 0.508 Thread 0x0000022f69efad30 DEOPT PACKING pc=0x0000022f07bd05e0 sp=0x00000030f2cfdcd0
Event: 0.508 Thread 0x0000022f69efad30 DEOPT UNPACKING pc=0x0000022f074aa1a3 sp=0x00000030f2cfdc88 mode 2

Classes unloaded (0 events):
No events

Classes redefined (0 events):
No events

Internal exceptions (7 events):
Event: 0.084 Thread 0x0000022f69efad30 Exception <a 'java/lang/NoSuchMethodError'{0x0000000715244498}: 'int java.lang.invoke.DirectMethodHandle$Holder.invokeStaticInit(java.lang.Object, java.lang.Object, java.lang.Object, java.lang.Object)'> (0x0000000715244498) 
thrown [s\src\hotspot\share\interpreter\linkResolver.cpp, line 759]
Event: 0.086 Thread 0x0000022f69efad30 Exception <a 'java/lang/NoSuchMethodError'{0x000000071524f1a8}: 'java.lang.Object java.lang.invoke.DirectMethodHandle$Holder.invokeInterface(java.lang.Object, java.lang.Object)'> (0x000000071524f1a8) 
thrown [s\src\hotspot\share\interpreter\linkResolver.cpp, line 759]
Event: 0.086 Thread 0x0000022f69efad30 Exception <a 'java/lang/IncompatibleClassChangeError'{0x00000007152528c0}: Found class java.lang.Object, but interface was expected> (0x00000007152528c0) 
thrown [s\src\hotspot\share\interpreter\linkResolver.cpp, line 826]
Event: 0.088 Thread 0x0000022f69efad30 Exception <a 'java/lang/NoSuchMethodError'{0x0000000715255a68}: 'void java.lang.invoke.DirectMethodHandle$Holder.invokeStatic(java.lang.Object, java.lang.Object)'> (0x0000000715255a68) 
thrown [s\src\hotspot\share\interpreter\linkResolver.cpp, line 759]
Event: 0.088 Thread 0x0000022f69efad30 Exception <a 'java/lang/NoSuchMethodError'{0x00000007152590d8}: 'void java.lang.invoke.DirectMethodHandle$Holder.invokeStaticInit(java.lang.Object, java.lang.Object)'> (0x00000007152590d8) 
thrown [s\src\hotspot\share\interpreter\linkResolver.cpp, line 759]
Event: 0.089 Thread 0x0000022f69efad30 Exception <a 'java/lang/NoSuchMethodError'{0x000000071525f7a0}: 'int java.lang.invoke.DirectMethodHandle$Holder.invokeStaticInit(java.lang.Object, java.lang.Object)'> (0x000000071525f7a0) 
thrown [s\src\hotspot\share\interpreter\linkResolver.cpp, line 759]
Event: 0.459 Thread 0x0000022f69efad30 Exception <a 'java/lang/NoSuchMethodError'{0x0000000714117b70}: 'java.lang.Object java.lang.invoke.DirectMethodHandle$Holder.invokeStatic(java.lang.Object, int, java.lang.Object)'> (0x0000000714117b70) 
thrown [s\src\hotspot\share\interpreter\linkResolver.cpp, line 759]

VM Operations (14 events):
Event: 0.067 Executing VM operation: HandshakeAllThreads
Event: 0.067 Executing VM operation: HandshakeAllThreads done
Event: 0.117 Executing VM operation: HandshakeAllThreads
Event: 0.117 Executing VM operation: HandshakeAllThreads done
Event: 0.506 Executing VM operation: G1CollectForAllocation
Event: 0.508 Executing VM operation: G1CollectForAllocation done
Event: 1.520 Executing VM operation: Cleanup
Event: 1.520 Executing VM operation: Cleanup done
Event: 8.523 Executing VM operation: Cleanup
Event: 8.523 Executing VM operation: Cleanup done
Event: 10.524 Executing VM operation: Cleanup
Event: 10.524 Executing VM operation: Cleanup done
Event: 60.184 Executing VM operation: HandshakeAllThreads
Event: 60.184 Executing VM operation: HandshakeAllThreads done

Events (20 events):
Event: 0.456 loading class java/time/Month done
Event: 0.457 loading class java/time/DayOfWeek
Event: 0.457 loading class java/time/DayOfWeek done
Event: 0.457 loading class java/time/zone/ZoneOffsetTransitionRule$TimeDefinition
Event: 0.457 loading class java/time/zone/ZoneOffsetTransitionRule$TimeDefinition done
Event: 0.457 loading class java/time/zone/ZoneOffsetTransition
Event: 0.458 loading class java/time/zone/ZoneOffsetTransition done
Event: 0.458 loading class java/time/temporal/TemporalAdjusters
Event: 0.458 loading class java/time/temporal/TemporalAdjusters done
Event: 0.460 loading class java/time/zone/ZoneOffsetTransitionRule$1
Event: 0.460 loading class java/time/zone/ZoneOffsetTransitionRule$1 done
Event: 0.461 loading class java/util/concurrent/TimeUnit$1
Event: 0.461 loading class java/util/concurrent/TimeUnit$1 done
Event: 1.060 Thread 0x0000022f0f83a170 Thread exited: 0x0000022f0f83a170
Event: 1.060 Thread 0x0000022f0f83ac10 Thread exited: 0x0000022f0f83ac10
Event: 1.060 Thread 0x0000022f0f83bc00 Thread exited: 0x0000022f0f83bc00
Event: 1.060 Thread 0x0000022f0f839c20 Thread exited: 0x0000022f0f839c20
Event: 7.567 Thread 0x0000022f0f83b160 Thread exited: 0x0000022f0f83b160
Event: 54.422 Thread 0x0000022f5644f050 Thread added: 0x0000022f5644f050
Event: 60.510 Thread 0x0000022f5644f050 Thread exited: 0x0000022f5644f050


Dynamic libraries:
0x00007ff69ca30000 - 0x00007ff69ca3e000 	C:\Users\luczu\.jdks\corretto-17.0.10\bin\java.exe
0x00007ffca9150000 - 0x00007ffca9367000 	C:\WINDOWS\SYSTEM32\ntdll.dll
0x00007ffca74e0000 - 0x00007ffca75a4000 	C:\WINDOWS\System32\KERNEL32.DLL
0x00007ffca6770000 - 0x00007ffca6b16000 	C:\WINDOWS\System32\KERNELBASE.dll
0x00007ffca6b20000 - 0x00007ffca6c31000 	C:\WINDOWS\System32\ucrtbase.dll
0x00007ffc66930000 - 0x00007ffc66947000 	C:\Users\luczu\.jdks\corretto-17.0.10\bin\jli.dll
0x00007ffc668e0000 - 0x00007ffc668fb000 	C:\Users\luczu\.jdks\corretto-17.0.10\bin\VCRUNTIME140.dll
0x00007ffca72c0000 - 0x00007ffca746e000 	C:\WINDOWS\System32\USER32.dll
0x00007ffca65d0000 - 0x00007ffca65f6000 	C:\WINDOWS\System32\win32u.dll
0x00007ffc821e0000 - 0x00007ffc82473000 	C:\WINDOWS\WinSxS\amd64_microsoft.windows.common-controls_6595b64144ccf1df_6.0.22621.2506_none_270c5ae97388e100\COMCTL32.dll
0x00007ffca6f90000 - 0x00007ffca6fb9000 	C:\WINDOWS\System32\GDI32.dll
0x00007ffca6ee0000 - 0x00007ffca6f87000 	C:\WINDOWS\System32\msvcrt.dll
0x00007ffca6c40000 - 0x00007ffca6d58000 	C:\WINDOWS\System32\gdi32full.dll
0x00007ffca6d90000 - 0x00007ffca6e2a000 	C:\WINDOWS\System32\msvcp_win.dll
0x00007ffca6ea0000 - 0x00007ffca6ed1000 	C:\WINDOWS\System32\IMM32.DLL
0x00007ffc7cd30000 - 0x00007ffc7cd3c000 	C:\Users\luczu\.jdks\corretto-17.0.10\bin\vcruntime140_1.dll
0x00007ffc3f320000 - 0x00007ffc3f3ad000 	C:\Users\luczu\.jdks\corretto-17.0.10\bin\msvcp140.dll
0x00007ffb93290000 - 0x00007ffb93ef2000 	C:\Users\luczu\.jdks\corretto-17.0.10\bin\server\jvm.dll
0x00007ffca6fc0000 - 0x00007ffca7073000 	C:\WINDOWS\System32\ADVAPI32.dll
0x00007ffca7a10000 - 0x00007ffca7ab8000 	C:\WINDOWS\System32\sechost.dll
0x00007ffca6d60000 - 0x00007ffca6d88000 	C:\WINDOWS\System32\bcrypt.dll
0x00007ffca7080000 - 0x00007ffca7197000 	C:\WINDOWS\System32\RPCRT4.dll
0x00007ffc9e270000 - 0x00007ffc9e279000 	C:\WINDOWS\SYSTEM32\WSOCK32.dll
0x00007ffca5310000 - 0x00007ffca535d000 	C:\WINDOWS\SYSTEM32\POWRPROF.dll
0x00007ffc9c4f0000 - 0x00007ffc9c524000 	C:\WINDOWS\SYSTEM32\WINMM.dll
0x00007ffca7900000 - 0x00007ffca7971000 	C:\WINDOWS\System32\WS2_32.dll
0x00007ffc9cb70000 - 0x00007ffc9cb7a000 	C:\WINDOWS\SYSTEM32\VERSION.dll
0x00007ffca52f0000 - 0x00007ffca5303000 	C:\WINDOWS\SYSTEM32\UMPDC.dll
0x00007ffca5550000 - 0x00007ffca5568000 	C:\WINDOWS\SYSTEM32\kernel.appcore.dll
0x00007ffc729a0000 - 0x00007ffc729aa000 	C:\Users\luczu\.jdks\corretto-17.0.10\bin\jimage.dll
0x00007ffca3d70000 - 0x00007ffca3fa3000 	C:\WINDOWS\SYSTEM32\DBGHELP.DLL
0x00007ffca8520000 - 0x00007ffca88a9000 	C:\WINDOWS\System32\combase.dll
0x00007ffca75b0000 - 0x00007ffca7687000 	C:\WINDOWS\System32\OLEAUT32.dll
0x00007ffc8d760000 - 0x00007ffc8d792000 	C:\WINDOWS\SYSTEM32\dbgcore.DLL
0x00007ffca6550000 - 0x00007ffca65ca000 	C:\WINDOWS\System32\bcryptPrimitives.dll
0x00007ffc66700000 - 0x00007ffc66725000 	C:\Users\luczu\.jdks\corretto-17.0.10\bin\java.dll
0x00007ffbcdd90000 - 0x00007ffbcde67000 	C:\Users\luczu\.jdks\corretto-17.0.10\bin\jsvml.dll
0x00007ffca7ac0000 - 0x00007ffca831a000 	C:\WINDOWS\System32\SHELL32.dll
0x00007ffca43a0000 - 0x00007ffca4c96000 	C:\WINDOWS\SYSTEM32\windows.storage.dll
0x00007ffca4260000 - 0x00007ffca439e000 	C:\WINDOWS\SYSTEM32\wintypes.dll
0x00007ffca8f50000 - 0x00007ffca9043000 	C:\WINDOWS\System32\SHCORE.dll
0x00007ffca71a0000 - 0x00007ffca71fe000 	C:\WINDOWS\System32\shlwapi.dll
0x00007ffca63c0000 - 0x00007ffca63e6000 	C:\WINDOWS\SYSTEM32\profapi.dll
0x00007ffc66890000 - 0x00007ffc668a9000 	C:\Users\luczu\.jdks\corretto-17.0.10\bin\net.dll
0x00007ffc9c970000 - 0x00007ffc9caa7000 	C:\WINDOWS\SYSTEM32\WINHTTP.dll
0x00007ffca5a30000 - 0x00007ffca5a99000 	C:\WINDOWS\system32\mswsock.dll
0x00007ffc65630000 - 0x00007ffc65646000 	C:\Users\luczu\.jdks\corretto-17.0.10\bin\nio.dll
0x00007ffc65610000 - 0x00007ffc65628000 	C:\Users\luczu\.jdks\corretto-17.0.10\bin\zip.dll
0x0000022f0fc90000 - 0x0000022f0fc93000 	C:\Program Files (x86)\Windows Kits\10\Redist\ucrt\DLLs\x64\api-ms-win-crt-locale-l1-1-0.dll
0x0000022f0fca0000 - 0x0000022f0fca4000 	C:\Program Files (x86)\Windows Kits\10\Redist\ucrt\DLLs\x64\api-ms-win-crt-string-l1-1-0.dll
0x0000022f0fcb0000 - 0x0000022f0fcb4000 	C:\Program Files (x86)\Windows Kits\10\Redist\ucrt\DLLs\x64\api-ms-win-crt-stdio-l1-1-0.dll
0x0000022f0fcc0000 - 0x0000022f0fcc5000 	C:\Program Files (x86)\Windows Kits\10\Redist\ucrt\DLLs\x64\api-ms-win-crt-math-l1-1-0.dll
0x0000022f0fcd0000 - 0x0000022f0fcd3000 	C:\Program Files (x86)\Windows Kits\10\Redist\ucrt\DLLs\x64\api-ms-win-crt-heap-l1-1-0.dll
0x0000022f0fce0000 - 0x0000022f0fce4000 	C:\Program Files (x86)\Windows Kits\10\Redist\ucrt\DLLs\x64\api-ms-win-crt-runtime-l1-1-0.dll
0x0000022f0fcf0000 - 0x0000022f0fcf4000 	C:\Program Files (x86)\Windows Kits\10\Redist\ucrt\DLLs\x64\api-ms-win-crt-convert-l1-1-0.dll
0x0000022f0fd00000 - 0x0000022f0fd03000 	C:\Program Files (x86)\Windows Kits\10\Redist\ucrt\DLLs\x64\api-ms-win-crt-environment-l1-1-0.dll
0x0000022f0fd10000 - 0x0000022f0fd13000 	C:\Program Files (x86)\Windows Kits\10\Redist\ucrt\DLLs\x64\api-ms-win-crt-time-l1-1-0.dll
0x0000022f0fd20000 - 0x0000022f0fd23000 	C:\Program Files (x86)\Windows Kits\10\Redist\ucrt\DLLs\x64\api-ms-win-crt-filesystem-l1-1-0.dll
0x0000022f0fd30000 - 0x0000022f0fd33000 	C:\Program Files (x86)\Windows Kits\10\Redist\ucrt\DLLs\x64\api-ms-win-crt-utility-l1-1-0.dll
0x0000022f0fd40000 - 0x0000022f0fd45000 	C:\Program Files (x86)\Windows Kits\10\Redist\ucrt\DLLs\x64\api-ms-win-crt-multibyte-l1-1-0.dll
0x0000022f0fd50000 - 0x0000022f0fd53000 	C:\Program Files (x86)\Windows Kits\10\Redist\ucrt\DLLs\x64\api-ms-win-crt-conio-l1-1-0.dll
0x0000022f0fd60000 - 0x0000022f0fd6f000 	C:\Program Files (x86)\Windows Kits\10\Redist\ucrt\DLLs\x64\api-ms-win-crt-private-l1-1-0.dll
0x0000022f0fd70000 - 0x0000022f0fd73000 	C:\Program Files (x86)\Windows Kits\10\Redist\ucrt\DLLs\x64\api-ms-win-crt-process-l1-1-0.dll
0x0000022f0fd80000 - 0x0000022f0fd83000 	C:\Program Files\Microsoft\jdk-11.0.12.7-hotspot\bin\api-ms-win-core-console-l1-2-0.dll
0x0000022f0fd90000 - 0x0000022f0fd93000 	C:\Program Files (x86)\Windows Kits\10\Redist\ucrt\DLLs\x64\api-ms-win-core-string-l1-1-0.dll
0x0000022f0fda0000 - 0x0000022f0fda3000 	C:\Program Files (x86)\Windows Kits\10\Redist\ucrt\DLLs\x64\api-ms-win-core-errorhandling-l1-1-0.dll
0x0000022f0fdb0000 - 0x0000022f0fdb3000 	C:\Program Files (x86)\Windows Kits\10\Redist\ucrt\DLLs\x64\api-ms-win-core-timezone-l1-1-0.dll
0x0000022f0fdc0000 - 0x0000022f0fdc4000 	C:\Program Files (x86)\Windows Kits\10\Redist\ucrt\DLLs\x64\api-ms-win-core-file-l1-1-0.dll
0x0000022f0fdd0000 - 0x0000022f0fdd3000 	C:\Program Files (x86)\Windows Kits\10\Redist\ucrt\DLLs\x64\api-ms-win-core-namedpipe-l1-1-0.dll
0x0000022f0fde0000 - 0x0000022f0fde3000 	C:\Program Files (x86)\Windows Kits\10\Redist\ucrt\DLLs\x64\api-ms-win-core-handle-l1-1-0.dll
0x0000022f0fdf0000 - 0x0000022f0fdf3000 	C:\Program Files (x86)\Windows Kits\10\Redist\ucrt\DLLs\x64\api-ms-win-core-file-l2-1-0.dll
0x0000022f0fe00000 - 0x0000022f0fe03000 	C:\Program Files (x86)\Windows Kits\10\Redist\ucrt\DLLs\x64\api-ms-win-core-heap-l1-1-0.dll
0x0000022f0fe10000 - 0x0000022f0fe13000 	C:\Program Files (x86)\Windows Kits\10\Redist\ucrt\DLLs\x64\api-ms-win-core-libraryloader-l1-1-0.dll
0x0000022f0fe20000 - 0x0000022f0fe23000 	C:\Program Files (x86)\Windows Kits\10\Redist\ucrt\DLLs\x64\api-ms-win-core-synch-l1-1-0.dll
0x0000022f0fe30000 - 0x0000022f0fe33000 	C:\Program Files (x86)\Windows Kits\10\Redist\ucrt\DLLs\x64\api-ms-win-core-processthreads-l1-1-0.dll
0x0000022f0fe40000 - 0x0000022f0fe43000 	C:\Program Files (x86)\Windows Kits\10\Redist\ucrt\DLLs\x64\api-ms-win-core-processenvironment-l1-1-0.dll
0x0000022f0fe50000 - 0x0000022f0fe53000 	C:\Program Files (x86)\Windows Kits\10\Redist\ucrt\DLLs\x64\api-ms-win-core-datetime-l1-1-0.dll
0x0000022f0fe60000 - 0x0000022f0fe63000 	C:\Program Files (x86)\Windows Kits\10\Redist\ucrt\DLLs\x64\api-ms-win-core-localization-l1-2-0.dll
0x0000022f0fe70000 - 0x0000022f0fe73000 	C:\Program Files (x86)\Windows Kits\10\Redist\ucrt\DLLs\x64\api-ms-win-core-sysinfo-l1-1-0.dll
0x0000022f0fe80000 - 0x0000022f0fe83000 	C:\Program Files (x86)\Windows Kits\10\Redist\ucrt\DLLs\x64\api-ms-win-core-synch-l1-2-0.dll
0x0000022f0fe90000 - 0x0000022f0fe93000 	C:\Program Files (x86)\Windows Kits\10\Redist\ucrt\DLLs\x64\api-ms-win-core-console-l1-1-0.dll
0x0000022f0fea0000 - 0x0000022f0fea3000 	C:\Program Files (x86)\Windows Kits\10\Redist\ucrt\DLLs\x64\api-ms-win-core-debug-l1-1-0.dll
0x0000022f0feb0000 - 0x0000022f0feb3000 	C:\Program Files (x86)\Windows Kits\10\Redist\ucrt\DLLs\x64\api-ms-win-core-rtlsupport-l1-1-0.dll
0x0000022f0fec0000 - 0x0000022f0fec3000 	C:\Program Files (x86)\Windows Kits\10\Redist\ucrt\DLLs\x64\api-ms-win-core-processthreads-l1-1-1.dll
0x0000022f0fed0000 - 0x0000022f0fed3000 	C:\Program Files (x86)\Windows Kits\10\Redist\ucrt\DLLs\x64\api-ms-win-core-file-l1-2-0.dll
0x0000022f0fee0000 - 0x0000022f0fee3000 	C:\Program Files (x86)\Windows Kits\10\Redist\ucrt\DLLs\x64\api-ms-win-core-profile-l1-1-0.dll
0x0000022f0fef0000 - 0x0000022f0fef3000 	C:\Program Files (x86)\Windows Kits\10\Redist\ucrt\DLLs\x64\api-ms-win-core-memory-l1-1-0.dll
0x0000022f0ff00000 - 0x0000022f0ff03000 	C:\Program Files (x86)\Windows Kits\10\Redist\ucrt\DLLs\x64\api-ms-win-core-util-l1-1-0.dll
0x0000022f0ff10000 - 0x0000022f0ff13000 	C:\Program Files (x86)\Windows Kits\10\Redist\ucrt\DLLs\x64\api-ms-win-core-interlocked-l1-1-0.dll
0x00007ffbc46c0000 - 0x00007ffbc47b2000 	C:\Program Files (x86)\Windows Kits\10\Redist\ucrt\DLLs\x64\ucrtbase.dll
0x00007ffc84e40000 - 0x00007ffc84e49000 	C:\Windows\System32\msvcp140_1.dll
0x00007ffc106a0000 - 0x00007ffc106ee000 	C:\Windows\System32\concrt140.dll
0x00007ffc7cd80000 - 0x00007ffc7cdb1000 	C:\Windows\System32\vcomp140.dll
0x00007ffc71ab0000 - 0x00007ffc71bb0000 	C:\Windows\System32\opengl32.dll
0x00007ffc72a90000 - 0x00007ffc72abd000 	C:\WINDOWS\SYSTEM32\GLU32.dll
0x00007ffca3590000 - 0x00007ffca35c6000 	C:\WINDOWS\SYSTEM32\dxcore.dll
0x00007ffbb6490000 - 0x00007ffbb66ad000 	C:\Users\luczu\.javacpp\cache\jaylib-4.5.0-0.jar\com\raylib\windows-x86_64\jniRaylib.dll
0x00007ffbea580000 - 0x00007ffbea5c6000 	C:\WINDOWS\SYSTEM32\dinput8.dll
0x00007ffc5cbc0000 - 0x00007ffc5cbd1000 	C:\WINDOWS\SYSTEM32\xinput1_4.dll
0x00007ffca6150000 - 0x00007ffca617c000 	C:\WINDOWS\SYSTEM32\DEVOBJ.dll
0x00007ffca6180000 - 0x00007ffca61ce000 	C:\WINDOWS\SYSTEM32\cfgmgr32.dll
0x00007ffca3830000 - 0x00007ffca385b000 	C:\WINDOWS\SYSTEM32\dwmapi.dll
0x00007ffc83710000 - 0x00007ffc8391a000 	C:\WINDOWS\SYSTEM32\inputhost.dll
0x00007ffca0460000 - 0x00007ffca0594000 	C:\WINDOWS\SYSTEM32\CoreMessaging.dll
0x00007ffca3390000 - 0x00007ffca343b000 	C:\WINDOWS\system32\uxtheme.dll
0x00007ffca76b0000 - 0x00007ffca7800000 	C:\WINDOWS\System32\MSCTF.dll
0x00007ffca5ca0000 - 0x00007ffca5cac000 	C:\WINDOWS\SYSTEM32\CRYPTBASE.DLL
0x00007ffca4ca0000 - 0x00007ffca4cae000 	C:\WINDOWS\SYSTEM32\HID.DLL
0x00007ffca8ad0000 - 0x00007ffca8f44000 	C:\WINDOWS\System32\SETUPAPI.DLL
0x00007ffca6e30000 - 0x00007ffca6e9b000 	C:\WINDOWS\System32\WINTRUST.dll
0x00007ffca6600000 - 0x00007ffca6766000 	C:\WINDOWS\System32\CRYPT32.dll
0x00007ffca6130000 - 0x00007ffca6142000 	C:\WINDOWS\SYSTEM32\MSASN1.dll
0x00007ffc9dc90000 - 0x00007ffc9dcda000 	C:\WINDOWS\SYSTEM32\directxdatabasehelper.dll
0x00007ffca7200000 - 0x00007ffca72b0000 	C:\WINDOWS\System32\clbcatq.dll
0x00007ffb79920000 - 0x00007ffb7c510000 	C:\WINDOWS\System32\DriverStore\FileRepository\nvhm.inf_amd64_28ac5867493a0477\nvoglv64.dll
0x00007ffca8380000 - 0x00007ffca8520000 	C:\WINDOWS\System32\ole32.dll
0x00007ffca5360000 - 0x00007ffca5374000 	C:\WINDOWS\SYSTEM32\WTSAPI32.dll
0x00007ffc8da60000 - 0x00007ffc8da92000 	C:\WINDOWS\SYSTEM32\cryptnet.dll
0x00007ffc8dd90000 - 0x00007ffc8dee8000 	C:\WINDOWS\SYSTEM32\drvstore.dll
0x00007ffca5d30000 - 0x00007ffca5d7b000 	C:\WINDOWS\SYSTEM32\wldp.dll
0x00007ffca9070000 - 0x00007ffca908f000 	C:\WINDOWS\System32\imagehlp.dll
0x00007ffca5c80000 - 0x00007ffca5c9b000 	C:\WINDOWS\SYSTEM32\CRYPTSP.dll
0x00007ffca5510000 - 0x00007ffca5545000 	C:\WINDOWS\system32\rsaenh.dll
0x00007ffca5ac0000 - 0x00007ffca5ae6000 	C:\WINDOWS\SYSTEM32\gpapi.dll
0x00007ffc593f0000 - 0x00007ffc5b5db000 	C:\WINDOWS\System32\DriverStore\FileRepository\nvhm.inf_amd64_28ac5867493a0477\nvgpucomp64.dll
0x00007ffca55d0000 - 0x00007ffca5604000 	C:\WINDOWS\SYSTEM32\ntmarta.dll
0x00007ffbe5da0000 - 0x00007ffbe6063000 	C:\WINDOWS\system32\nvspcap64.dll
0x00007ffca4f00000 - 0x00007ffca4f66000 	C:\WINDOWS\SYSTEM32\WINSTA.dll

dbghelp: loaded successfully - version: 4.0.5 - missing functions: none
symbol engine: initialized successfully - sym options: 0x614 - pdb path: .;C:\Users\luczu\.jdks\corretto-17.0.10\bin;C:\WINDOWS\SYSTEM32;C:\WINDOWS\WinSxS\amd64_microsoft.windows.common-controls_6595b64144ccf1df_6.0.22621.2506_none_270c5ae97388e100;C:\Users\luczu\.jdks\corretto-17.0.10\bin\server;C:\Program Files (x86)\Windows Kits\10\Redist\ucrt\DLLs\x64;C:\Program Files\Microsoft\jdk-11.0.12.7-hotspot\bin;C:\Users\luczu\.javacpp\cache\jaylib-4.5.0-0.jar\com\raylib\windows-x86_64;C:\WINDOWS\System32\DriverStore\FileRepository\nvhm.inf_amd64_28ac5867493a0477;C:\WINDOWS\System32\DriverStore\FileRepository\iigd_dch.inf_amd64_0fdf6ce291234272

VM Arguments:
jvm_args: -Dfile.encoding=windows-1252 -Duser.country=NL -Duser.language=nl -Duser.variant 
java_command: PineVille.GameScene
java_class_path (initial): C:\Users\luczu\OneDrive\Documenten\PineVille\build\classes\java\main;C:\Users\luczu\OneDrive\Documenten\PineVille\build\resources\main;C:\Users\luczu\.gradle\caches\modules-2\files-2.1\uk.co.electronstudio.jaylib\jaylib\4.5.0-0\90c0d608df9bbd32f5f34683acc58cb433e94508\jaylib-4.5.0-0.jar
Launcher Type: SUN_STANDARD

[Global flags]
     intx CICompilerCount                          = 12                                        {product} {ergonomic}
     uint ConcGCThreads                            = 3                                         {product} {ergonomic}
     uint G1ConcRefinementThreads                  = 13                                        {product} {ergonomic}
   size_t G1HeapRegionSize                         = 2097152                                   {product} {ergonomic}
    uintx GCDrainStackTargetSize                   = 64                                        {product} {ergonomic}
   size_t InitialHeapSize                          = 264241152                                 {product} {ergonomic}
   size_t MarkStackSize                            = 4194304                                   {product} {ergonomic}
   size_t MaxHeapSize                              = 4200595456                                {product} {ergonomic}
   size_t MaxNewSize                               = 2518679552                                {product} {ergonomic}
   size_t MinHeapDeltaBytes                        = 2097152                                   {product} {ergonomic}
   size_t MinHeapSize                              = 8388608                                   {product} {ergonomic}
    uintx NonNMethodCodeHeapSize                   = 7602480                                {pd product} {ergonomic}
    uintx NonProfiledCodeHeapSize                  = 122027880                              {pd product} {ergonomic}
    uintx ProfiledCodeHeapSize                     = 122027880                              {pd product} {ergonomic}
    uintx ReservedCodeCacheSize                    = 251658240                              {pd product} {ergonomic}
     bool SegmentedCodeCache                       = true                                      {product} {ergonomic}
   size_t SoftMaxHeapSize                          = 4200595456                             {manageable} {ergonomic}
     bool UseCompressedClassPointers               = true                           {product lp64_product} {ergonomic}
     bool UseCompressedOops                        = true                           {product lp64_product} {ergonomic}
     bool UseG1GC                                  = true                                      {product} {ergonomic}
     bool UseLargePagesIndividualAllocation        = false                                  {pd product} {ergonomic}

Logging:
Log output configuration:
 #0: stdout all=warning uptime,level,tags
 #1: stderr all=off uptime,level,tags

Environment Variables:
PATH=C:\Program Files (x86)\Common Files\Intel\Shared Libraries\redist\intel64\compiler;C:\Program Files\Common Files\Oracle\Java\javapath;C:\Program Files\Microsoft\jdk-11.0.12.7-hotspot\bin;C:\windows\system32;C:\windows;C:\windows\System32\Wbem;C:\windows\System32\WindowsPowerShell\v1.0\;C:\windows\System32\OpenSSH\;C:\Program Files (x86)\NVIDIA Corporation\PhysX\Common;C:\Program Files\NVIDIA Corporation\NVIDIA NvDLISR;C:\Program Files\Microsoft SQL Server\150\Tools\Binn\;C:\Program Files\Microsoft SQL Server\Client SDK\ODBC\170\Tools\Binn\;C:\Program Files\dotnet\;C:\WINDOWS\system32;C:\WINDOWS;C:\WINDOWS\System32\Wbem;C:\WINDOWS\System32\WindowsPowerShell\v1.0\;C:\WINDOWS\System32\OpenSSH\;C:\Program Files\CMake\bin;C:\Program Files\Git\cmd;C:\Users\luczu\AppData\Local\Microsoft\WindowsApps;C:\Users\luczu\.dotnet\tools;C:\Users\luczu\AppData\Local\GitHubDesktop\bin;;C:\Users\luczu\AppData\Local\Programs\Microsoft VS Code\bin
USERNAME=luczu
OS=Windows_NT
PROCESSOR_IDENTIFIER=Intel64 Family 6 Model 141 Stepping 1, GenuineIntel
TMP=C:\Users\luczu\AppData\Local\Temp
TEMP=C:\Users\luczu\AppData\Local\Temp



Periodic native trim disabled


---------------  S Y S T E M  ---------------

OS:
 Windows 11 , 64 bit Build 22621 (10.0.22621.2506)
OS uptime: 0 days 0:55 hours
Hyper-V role detected

CPU: total 16 (initial active 16) (8 cores per cpu, 2 threads per core) family 6 model 141 stepping 1 microcode 0x4e, cx8, cmov, fxsr, ht, mmx, 3dnowpref, sse, sse2, sse3, ssse3, sse4.1, sse4.2, popcnt, lzcnt, tsc, tscinvbit, avx, avx2, aes, erms, clmul, bmi1, bmi2, adx, avx512f, avx512dq, avx512cd, avx512bw, avx512vl, sha, fma, vzeroupper, avx512_vpopcntdq, avx512_vpclmulqdq, avx512_vaes, avx512_vnni, clflush, clflushopt, clwb, avx512_vbmi2, avx512_vbmi, hv
Processor Information for all 16 processors :
  Max Mhz: 2304, Current Mhz: 2304, Mhz Limit: 2304

Memory: 4k page, system-wide physical 16021M (737M free)
TotalPageFile size 34453M (AvailPageFile size 6526M)
current process WorkingSet (physical memory assigned to process): 125M, peak: 197M
current process commit charge ("private bytes"): 506M, peak: 619M

vm_info: OpenJDK 64-Bit Server VM (17.0.10+7-LTS) for windows-amd64 JRE (17.0.10+7-LTS), built on Jan 10 2024 22:11:07 by "Administrator" with MS VC++ 16.10 / 16.11 (VS2019)

END.
