#
# A fatal error has been detected by the Java Runtime Environment:
#
#  EXCEPTION_ACCESS_VIOLATION (0xc0000005) at pc=0x00007ffcd280f490, pid=13484, tid=15020
#
# JRE version: OpenJDK Runtime Environment Corretto-17.0.10.7.1 (17.0.10+7) (build 17.0.10+7-LTS)
# Java VM: OpenJDK 64-Bit Server VM Corretto-17.0.10.7.1 (17.0.10+7-LTS, mixed mode, sharing, tiered, compressed oops, compressed class ptrs, g1 gc, windows-amd64)
# Problematic frame:
# C  [jniRaylib.dll+0xdf490]
#
# No core dump will be written. Minidumps are not enabled by default on client versions of Windows
#
# If you would like to submit a bug report, please visit:
#   https://github.com/corretto/corretto-17/issues/
# The crash happened outside the Java Virtual Machine in native code.
# See problematic frame for where to report the bug.
#

---------------  S U M M A R Y ------------

Command Line: -Dfile.encoding=windows-1252 -Duser.country=NL -Duser.language=nl -Duser.variant PineVille.GameScene

Host: 11th Gen Intel(R) Core(TM) i7-11800H @ 2.30GHz, 16 cores, 15G,  Windows 11 , 64 bit Build 22621 (10.0.22621.3085)
Time: Mon Mar 11 11:59:59 2024 West-Europa (standaardtijd) elapsed time: 11.303972 seconds (0d 0h 0m 11s)

---------------  T H R E A D  ---------------

Current thread (0x00000140d0329220):  JavaThread "main" [_thread_in_native, id=15020, stack(0x0000000773900000,0x0000000773a00000)]

Stack: [0x0000000773900000,0x0000000773a00000],  sp=0x00000007739feef0,  free space=1019k
Native frames: (J=compiled Java code, j=interpreted, Vv=VM code, C=native code)
C  [jniRaylib.dll+0xdf490]

Java frames: (J=compiled Java code, j=interpreted, Vv=VM code)
J 804  com.raylib.Raylib.DrawTexturePro(Lcom/raylib/Raylib$Texture;Lcom/raylib/Raylib$Rectangle;Lcom/raylib/Raylib$Rectangle;Lcom/raylib/Raylib$Vector2;FLcom/raylib/Raylib$Color;)V (0 bytes) @ 0x00000140dfa756e2 [0x00000140dfa75620+0x00000000000000c2]
j  PineVille.GameScene.main([Ljava/lang/String;)V+284
v  ~StubRoutines::call_stub

siginfo: EXCEPTION_ACCESS_VIOLATION (0xc0000005), writing address 0x00000140fab4ed50


Registers:
RAX=0x00000000000000ff, RBX=0x00000007739ff090, RCX=0x00000140fab4ed50, RDX=0x0000000000000000
RSP=0x00000007739feef0, RBP=0x00000007739ff150, RSI=0x0000000000000004, RDI=0x00000007739ff080
R8 =0x0000000000000000, R9 =0x0000000000000000, R10=0x00007ffcd165de20, R11=0x000000000000000a
R12=0x00000140fab41370, R13=0x0000000000000000, R14=0x00000140f8810a10, R15=0x00000140f87ae5c0
RIP=0x00007ffcd280f490, EFLAGS=0x0000000000010246


Register to memory mapping:

RIP=0x00007ffcd280f490 jniRaylib.dll
RAX=0x00000000000000ff is an unknown value
RBX=0x00000007739ff090 is pointing into the stack for thread: 0x00000140d0329220
RCX=0x00000140fab4ed50 is an unknown value
RDX=0x0 is NULL
RSP=0x00000007739feef0 is pointing into the stack for thread: 0x00000140d0329220
RBP=0x00000007739ff150 is pointing into the stack for thread: 0x00000140d0329220
RSI=0x0000000000000004 is an unknown value
RDI=0x00000007739ff080 is pointing into the stack for thread: 0x00000140d0329220
R8 =0x0 is NULL
R9 =0x0 is NULL
R10=0x00007ffcd165de20 jvm.dll
R11=0x000000000000000a is an unknown value
R12=0x00000140fab41370 points into unknown readable memory: 0x0000002000000004 | 04 00 00 00 20 00 00 00
R13=0x0 is NULL
R14=0x00000140f8810a10 points into unknown readable memory: 0x00000000ffffffff | ff ff ff ff 00 00 00 00
R15=0x00000140f87ae5c0 points into unknown readable memory: 0x0000000000000000 | 00 00 00 00 00 00 00 00


Top of Stack: (sp=0x00000007739feef0)
0x00000007739feef0:   00000140f4403a00 0000000000000000
0x00000007739fef00:   000067e1f445584a 00007ffd0000000e
0x00000007739fef10:   0000000043640000 0000000000000000
0x00000007739fef20:   0000000000000000 0000000000000000
0x00000007739fef30:   0000000000000000 0000000000000000
0x00000007739fef40:   00000007739ff090 00007ffcd27d8749
0x00000007739fef50:   00000007739ff188 00000140d0329220
0x00000007739fef60:   00000140f8138750 00000007739fefb0
0x00000007739fef70:   4200000043640000 42c8000043640000
0x00000007739fef80:   000000000000000e 0000000000000000
0x00000007739fef90:   0000000000000000 0000000000000000
0x00000007739fefa0:   0000000000000000 0000000000000000
0x00000007739fefb0:   0000000000000000 0000000000000000
0x00000007739fefc0:   0000000000000000 0000000000000000
0x00000007739fefd0:   0000000000000000 0000000000000000
0x00000007739fefe0:   0000000000000000 0000000000000000
0x00000007739feff0:   0000000000000000 0000000000000000
0x00000007739ff000:   0000000000000000 0000000000000000
0x00000007739ff010:   0000000000000000 0000000000000000
0x00000007739ff020:   0000000000000000 0000000000000000
0x00000007739ff030:   00000140f8699c20 00000140f8699d20
0x00000007739ff040:   00000140d03294d8 00007ffcd2772213
0x00000007739ff050:   0000000742c80000 00000007739ff150
0x00000007739ff060:   00000140d03294d8 00007ffcd275a8eb
0x00000007739ff070:   0000000000000000 00000000ffffffff
0x00000007739ff080:   42c8000042c80000 4300000043000000
0x00000007739ff090:   0000000000000000 4200000042000000
0x00000007739ff0a0:   0000002000000004 0000000100000020
0x00000007739ff0b0:   0000000000000007 00000140f44c3430
0x00000007739ff0c0:   00000140d0329220 0000000000000000
0x00000007739ff0d0:   00000004e8913dd0 00000004e8b496d0
0x00000007739ff0e0:   00000140f444bd40 00000140dfa75782 

Instructions: (pc=0x00007ffcd280f490)
0x00007ffcd280f390:   08 8b 05 41 2e 11 00 49 c1 e1 06 8d 0c 40 4b 8b
0x00007ffcd280f3a0:   44 01 08 48 63 d1 f3 0f 11 34 90 48 8b 05 fe 2d
0x00007ffcd280f3b0:   11 00 4c 63 48 04 4c 8b 40 08 8b 05 18 2e 11 00
0x00007ffcd280f3c0:   49 c1 e1 06 8d 0c 40 4b 8b 44 01 08 48 63 d1 f3
0x00007ffcd280f3d0:   0f 11 7c 90 04 48 8b 05 d4 2d 11 00 4c 63 48 04
0x00007ffcd280f3e0:   4c 8b 40 08 8b 05 ee 2d 11 00 49 c1 e1 06 8d 0c
0x00007ffcd280f3f0:   40 4b 8b 44 01 08 48 63 d1 f3 44 0f 11 44 90 08
0x00007ffcd280f400:   48 8b 05 a9 2d 11 00 f3 0f 10 05 cd 2d 11 00 4c
0x00007ffcd280f410:   63 40 04 48 8b 50 08 8b 05 bb 2d 11 00 03 c0 49
0x00007ffcd280f420:   c1 e0 06 48 63 c8 49 8b 44 10 10 f3 0f 11 04 88
0x00007ffcd280f430:   48 8b 05 79 2d 11 00 f3 0f 10 05 a1 2d 11 00 4c
0x00007ffcd280f440:   63 40 04 48 8b 50 08 8b 05 8b 2d 11 00 03 c0 49
0x00007ffcd280f450:   c1 e0 06 48 63 c8 49 8b 44 10 10 f3 0f 11 44 88
0x00007ffcd280f460:   04 48 8b 05 48 2d 11 00 4c 63 40 04 48 8b 48 08
0x00007ffcd280f470:   8b 05 62 2d 11 00 49 c1 e0 06 8d 04 85 00 00 00
0x00007ffcd280f480:   00 49 8b 4c 08 18 48 63 d0 0f b6 05 60 2d 11 00
0x00007ffcd280f490:   88 04 0a 48 8b 05 16 2d 11 00 4c 63 40 04 48 8b
0x00007ffcd280f4a0:   48 08 8b 05 30 2d 11 00 49 c1 e0 06 8d 04 85 00
0x00007ffcd280f4b0:   00 00 00 49 8b 4c 08 18 48 63 d0 0f b6 05 2f 2d
0x00007ffcd280f4c0:   11 00 88 44 11 01 48 8b 05 e3 2c 11 00 4c 63 40
0x00007ffcd280f4d0:   04 48 8b 48 08 8b 05 fd 2c 11 00 49 c1 e0 06 8d
0x00007ffcd280f4e0:   04 85 00 00 00 00 49 8b 4c 08 18 48 63 d0 0f b6
0x00007ffcd280f4f0:   05 fd 2c 11 00 88 44 11 02 48 8b 05 b0 2c 11 00
0x00007ffcd280f500:   4c 63 40 04 48 8b 48 08 8b 05 ca 2c 11 00 49 c1
0x00007ffcd280f510:   e0 06 49 8b 4c 08 18 8d 04 85 00 00 00 00 0f 28
0x00007ffcd280f520:   74 24 40 0f 28 7c 24 30 44 0f 28 44 24 20 48 63
0x00007ffcd280f530:   d0 0f b6 05 bb 2c 11 00 88 44 11 03 48 8b 05 6d
0x00007ffcd280f540:   2c 11 00 ff 05 8f 2c 11 00 48 63 48 18 48 8b 40
0x00007ffcd280f550:   10 48 03 c9 ff 44 c8 f4 48 83 c4 58 c3 cc cc cc
0x00007ffcd280f560:   48 ff 25 21 2c 11 00 cc cc cc cc cc cc cc cc cc
0x00007ffcd280f570:   40 55 48 83 ec 50 0f 10 05 3b 2c 11 00 33 d2 b9
0x00007ffcd280f580:   92 88 00 00 0f 29 44 24 20 0f 29 44 24 30 0f 10 


Stack slot to memory mapping:
stack at sp + 0 slots: 0x00000140f4403a00 is pointing into metadata
stack at sp + 1 slots: 0x0 is NULL
stack at sp + 2 slots: 0x000067e1f445584a is an unknown value
stack at sp + 3 slots: 0x00007ffd0000000e is an unknown value
stack at sp + 4 slots: 0x0000000043640000 is an unknown value
stack at sp + 5 slots: 0x0 is NULL
stack at sp + 6 slots: 0x0 is NULL
stack at sp + 7 slots: 0x0 is NULL


Compiled method (n/a)   11375  804     n 0       com.raylib.Raylib::DrawTexturePro (native)
 total in heap  [0x00000140dfa75490,0x00000140dfa758c0] = 1072
 relocation     [0x00000140dfa755e8,0x00000140dfa75618] = 48
 main code      [0x00000140dfa75620,0x00000140dfa758b8] = 664
 oops           [0x00000140dfa758b8,0x00000140dfa758c0] = 8

[Constant Pool (empty)]

[MachCode]
[Entry Point]
  # {method} {0x00000140f444bd48} 'DrawTexturePro' '(Lcom/raylib/Raylib$Texture;Lcom/raylib/Raylib$Rectangle;Lcom/raylib/Raylib$Rectangle;Lcom/raylib/Raylib$Vector2;FLcom/raylib/Raylib$Color;)V' in 'com/raylib/Raylib'
  # parm0:    rdx:rdx   = 'com/raylib/Raylib$Texture'
  # parm1:    r8:r8     = 'com/raylib/Raylib$Rectangle'
  # parm2:    r9:r9     = 'com/raylib/Raylib$Rectangle'
  # parm3:    rdi:rdi   = 'com/raylib/Raylib$Vector2'
  # parm4:    xmm0      = float
  # parm5:    rsi:rsi   = 'com/raylib/Raylib$Color'
  #           [sp+0x90]  (sp of caller)
  0x00000140dfa75620: 448b 5208 | 49bb 0000 | 0080 4001 | 0000 4d03 | d349 3bc2 | 0f84 0600 

  0x00000140dfa75638: ;   {runtime_call ic_miss_stub}
  0x00000140dfa75638: 0000 e941 | bf86 ff90 
[Verified Entry Point]
  0x00000140dfa75640: 8984 2400 | 90ff ff55 | 488b ec48 | 81ec 8000 | 0000 4889 | 7424 6048 | 83fe 0048 | 8d44 2460 
  0x00000140dfa75660: 480f 4444 | 2460 4889 | 4424 38c5 | fa11 4424 | 3048 897c | 2458 4883 | ff00 488d | 4424 5848 
  0x00000140dfa75680: 0f44 4424 | 5848 8944 | 2428 4c89 | 4c24 5049 | 83f9 0048 | 8d44 2450 | 480f 4444 | 2450 4889 
  0x00000140dfa756a0: 4424 204c | 8944 2448 | 4983 f800 | 4c8d 4c24 | 484c 0f44 | 4c24 4848 | 8954 2440 | 4883 fa00 
  0x00000140dfa756c0: 4c8d 4424 | 404c 0f44 

  0x00000140dfa756c8: ;   {oop(a 'java/lang/Class'{0x00000004e741cc08} = 'com/raylib/Raylib')}
  0x00000140dfa756c8: 4424 4049 | be08 cc41 | e704 0000 | 004c 8974 | 2470 4c8d | 7424 7049 | 8bd6 c5f8 

  0x00000140dfa756e4: ;   {internal_word}
  0x00000140dfa756e4: 7749 bae2 | 56a7 df40 | 0100 004d | 8997 a002 | 0000 4989 | a798 0200 

  0x00000140dfa756fc: ;   {external_word}
  0x00000140dfa756fc: 0049 ba79 | 3564 d1fc | 7f00 0041 | 803a 000f | 8452 0000 | 0052 4150 

  0x00000140dfa75714: ;   {metadata({method} {0x00000140f444bd48} 'DrawTexturePro' '(Lcom/raylib/Raylib$Texture;Lcom/raylib/Raylib$Rectangle;Lcom/raylib/Raylib$Rectangle;Lcom/raylib/Raylib$Vector2;FLcom/raylib/Raylib$Color;)V' in 'com/raylib/Raylib')}
  0x00000140dfa75714: 4151 48ba | 40bd 44f4 | 4001 0000 | 498b cf48 | 83ec 20f7 | c40f 0000 | 000f 841a | 0000 0048 
  0x00000140dfa75734: ;   {runtime_call}
  0x00000140dfa75734: 83ec 0849 | ba00 301a | d1fc 7f00 | 0041 ffd2 | 4883 c408 | e90d 0000 

  0x00000140dfa7574c: ;   {runtime_call}
  0x00000140dfa7574c: 0049 ba00 | 301a d1fc | 7f00 0041 | ffd2 4883 | c420 4159 | 4158 5a49 | 8d8f b802 | 0000 41c7 
  0x00000140dfa7576c: 8748 0300 | 0004 0000 

  0x00000140dfa75774: ;   {runtime_call}
  0x00000140dfa75774: 0049 ba10 | 2077 d2fc | 7f00 0041 | ffd2 c5f8 | 7741 c787 | 4803 0000 | 0500 0000 | f083 4424 
  0x00000140dfa75794: c000 493b | af50 0300 | 000f 8711 | 0000 0041 | 81bf 3803 | 0000 0000 | 0000 0f84 | 2400 0000 
  0x00000140dfa757b4: c5f8 7749 | 8bcf 4c8b | e448 83ec | 2048 83e4 

  0x00000140dfa757c4: ;   {runtime_call}
  0x00000140dfa757c4: f049 ba90 | 442a d1fc | 7f00 0041 | ffd2 498b | e44d 33e4 | 41c7 8748 | 0300 0008 | 0000 0041 
  0x00000140dfa757e4: 81bf b803 | 0000 0200 | 0000 0f84 | 9b00 0000 

  0x00000140dfa757f4: ;   {external_word}
  0x00000140dfa757f4: 49ba 7935 | 64d1 fc7f | 0000 4180 | 3a00 0f84 | 4800 0000 

  0x00000140dfa75808: ;   {metadata({method} {0x00000140f444bd48} 'DrawTexturePro' '(Lcom/raylib/Raylib$Texture;Lcom/raylib/Raylib$Rectangle;Lcom/raylib/Raylib$Rectangle;Lcom/raylib/Raylib$Vector2;FLcom/raylib/Raylib$Color;)V' in 'com/raylib/Raylib')}
  0x00000140dfa75808: 48ba 40bd | 44f4 4001 | 0000 498b | cf48 83ec | 20f7 c40f | 0000 000f | 841a 0000 | 0048 83ec 
  0x00000140dfa75828: ;   {runtime_call}
  0x00000140dfa75828: 0849 ba00 | 301a d1fc | 7f00 0041 | ffd2 4883 | c408 e90d 

  0x00000140dfa7583c: ;   {runtime_call}
  0x00000140dfa7583c: 0000 0049 | ba00 301a | d1fc 7f00 | 0041 ffd2 | 4883 c420 | 49c7 8798 | 0200 0000 | 0000 0049 
  0x00000140dfa7585c: c787 a002 | 0000 0000 | 0000 c5f8 | 7749 8b8f | d800 0000 | c781 0001 | 0000 0000 | 0000 c949 
  0x00000140dfa7587c: 817f 0800 | 0000 000f | 8501 0000 

  0x00000140dfa75888: ;   {runtime_call StubRoutines (1)}
  0x00000140dfa75888: 00c3 e971 | b681 ffc5 | f877 4c8b | e448 83ec | 2048 83e4 

  0x00000140dfa7589c: ;   {runtime_call}
  0x00000140dfa7589c: f049 ba80 | 601a d1fc | 7f00 0041 | ffd2 498b | e44d 33e4 | e93f ffff | fff4 f4f4 
[/MachCode]


---------------  P R O C E S S  ---------------

Threads class SMR info:
_java_thread_list=0x00000140f9ea3bd0, length=13, elements={
0x00000140d0329220, 0x00000140f80040b0, 0x00000140f8004880, 0x00000140f801ba80,
0x00000140f801e650, 0x00000140f8021520, 0x00000140f8021ee0, 0x00000140f8027910,
0x00000140f8025590, 0x00000140f80267b0, 0x00000140f8163170, 0x00000140f8240d30,
0x00000140f826baf0
}

Java Threads: ( => current thread )
=>0x00000140d0329220 JavaThread "main" [_thread_in_native, id=15020, stack(0x0000000773900000,0x0000000773a00000)]
  0x00000140f80040b0 JavaThread "Reference Handler" daemon [_thread_blocked, id=13852, stack(0x0000000774000000,0x0000000774100000)]
  0x00000140f8004880 JavaThread "Finalizer" daemon [_thread_blocked, id=20848, stack(0x0000000774100000,0x0000000774200000)]
  0x00000140f801ba80 JavaThread "Signal Dispatcher" daemon [_thread_blocked, id=31104, stack(0x0000000774200000,0x0000000774300000)]
  0x00000140f801e650 JavaThread "Attach Listener" daemon [_thread_blocked, id=31448, stack(0x0000000774300000,0x0000000774400000)]
  0x00000140f8021520 JavaThread "Service Thread" daemon [_thread_blocked, id=14948, stack(0x0000000774400000,0x0000000774500000)]
  0x00000140f8021ee0 JavaThread "Monitor Deflation Thread" daemon [_thread_blocked, id=12368, stack(0x0000000774500000,0x0000000774600000)]
  0x00000140f8027910 JavaThread "C2 CompilerThread0" daemon [_thread_blocked, id=9424, stack(0x0000000774600000,0x0000000774700000)]
  0x00000140f8025590 JavaThread "C1 CompilerThread0" daemon [_thread_blocked, id=1536, stack(0x0000000774700000,0x0000000774800000)]
  0x00000140f80267b0 JavaThread "Sweeper thread" daemon [_thread_blocked, id=11072, stack(0x0000000774800000,0x0000000774900000)]
  0x00000140f8163170 JavaThread "Notification Thread" daemon [_thread_blocked, id=6676, stack(0x0000000774c00000,0x0000000774d00000)]
  0x00000140f8240d30 JavaThread "Common-Cleaner" daemon [_thread_blocked, id=30856, stack(0x0000000774e00000,0x0000000774f00000)]
  0x00000140f826baf0 JavaThread "JavaCPP Deallocator" daemon [_thread_blocked, id=16852, stack(0x0000000774f00000,0x0000000775000000)]

Other Threads:
  0x00000140f3c4e080 VMThread "VM Thread" [stack: 0x0000000773f00000,0x0000000774000000] [id=7960]
  0x00000140f818b600 WatcherThread [stack: 0x0000000774d00000,0x0000000774e00000] [id=9792]
  0x00000140d0397500 GCTaskThread "GC Thread#0" [stack: 0x0000000773a00000,0x0000000773b00000] [id=3496]
  0x00000140f8bfecf0 GCTaskThread "GC Thread#1" [stack: 0x0000000775400000,0x0000000775500000] [id=11996]
  0x00000140f8ae17a0 GCTaskThread "GC Thread#2" [stack: 0x0000000775500000,0x0000000775600000] [id=20164]
  0x00000140f86849d0 GCTaskThread "GC Thread#3" [stack: 0x0000000775600000,0x0000000775700000] [id=11644]
  0x00000140f8cdba50 GCTaskThread "GC Thread#4" [stack: 0x0000000775700000,0x0000000775800000] [id=18448]
  0x00000140f8ce4f10 GCTaskThread "GC Thread#5" [stack: 0x0000000775800000,0x0000000775900000] [id=5904]
  0x00000140d03a7ea0 ConcurrentGCThread "G1 Main Marker" [stack: 0x0000000773b00000,0x0000000773c00000] [id=6120]
  0x00000140d03a88c0 ConcurrentGCThread "G1 Conc#0" [stack: 0x0000000773c00000,0x0000000773d00000] [id=29476]
  0x00000140f3b08180 ConcurrentGCThread "G1 Refine#0" [stack: 0x0000000773d00000,0x0000000773e00000] [id=24208]
  0x00000140f3b09bc0 ConcurrentGCThread "G1 Service" [stack: 0x0000000773e00000,0x0000000773f00000] [id=26512]

Threads with active compile tasks:

VM state: not at safepoint (normal execution)

VM Mutex/Monitor currently owned by a thread: None

Heap address: 0x00000004d9000000, size: 4006 MB, Compressed Oops mode: Zero based, Oop shift amount: 3

CDS archive(s) mapped at: [0x0000014080000000-0x0000014080bb0000-0x0000014080bb0000), size 12255232, SharedBaseAddress: 0x0000014080000000, ArchiveRelocationMode: 1.
Compressed class space mapped at: 0x0000014081000000-0x00000140c1000000, reserved size: 1073741824
Narrow klass base: 0x0000014080000000, Narrow klass shift: 0, Narrow klass range: 0x100000000

GC Precious Log:
 CPUs: 16 total, 16 available
 Memory: 16021M
 Large Page Support: Disabled
 NUMA Support: Disabled
 Compressed Oops: Enabled (Zero based)
 Heap Region Size: 2M
 Heap Min Capacity: 8M
 Heap Initial Capacity: 252M
 Heap Max Capacity: 4006M
 Pre-touch: Disabled
 Parallel Workers: 13
 Concurrent Workers: 3
 Concurrent Refinement Workers: 13
 Periodic GC: Disabled

Heap:
 garbage-first heap   total 258048K, used 3642K [0x00000004d9000000, 0x00000005d3600000)
  region size 2048K, 3 young (6144K), 1 survivors (2048K)
 Metaspace       used 2116K, committed 2304K, reserved 1114112K
  class space    used 180K, committed 256K, reserved 1048576K

Heap Regions: E=young(eden), S=young(survivor), O=old, HS=humongous(starts), HC=humongous(continues), CS=collection set, F=free, OA=open archive, CA=closed archive, TAMS=top-at-mark-start (previous, next)
|   0|0x00000004d9000000, 0x00000004d9000000, 0x00000004d9200000|  0%| F|  |TAMS 0x00000004d9000000, 0x00000004d9000000| Untracked 
|   1|0x00000004d9200000, 0x00000004d9200000, 0x00000004d9400000|  0%| F|  |TAMS 0x00000004d9200000, 0x00000004d9200000| Untracked 
|   2|0x00000004d9400000, 0x00000004d9400000, 0x00000004d9600000|  0%| F|  |TAMS 0x00000004d9400000, 0x00000004d9400000| Untracked 
|   3|0x00000004d9600000, 0x00000004d9600000, 0x00000004d9800000|  0%| F|  |TAMS 0x00000004d9600000, 0x00000004d9600000| Untracked 
|   4|0x00000004d9800000, 0x00000004d9800000, 0x00000004d9a00000|  0%| F|  |TAMS 0x00000004d9800000, 0x00000004d9800000| Untracked 
|   5|0x00000004d9a00000, 0x00000004d9a00000, 0x00000004d9c00000|  0%| F|  |TAMS 0x00000004d9a00000, 0x00000004d9a00000| Untracked 
|   6|0x00000004d9c00000, 0x00000004d9c00000, 0x00000004d9e00000|  0%| F|  |TAMS 0x00000004d9c00000, 0x00000004d9c00000| Untracked 
|   7|0x00000004d9e00000, 0x00000004d9e00000, 0x00000004da000000|  0%| F|  |TAMS 0x00000004d9e00000, 0x00000004d9e00000| Untracked 
|   8|0x00000004da000000, 0x00000004da000000, 0x00000004da200000|  0%| F|  |TAMS 0x00000004da000000, 0x00000004da000000| Untracked 
|   9|0x00000004da200000, 0x00000004da200000, 0x00000004da400000|  0%| F|  |TAMS 0x00000004da200000, 0x00000004da200000| Untracked 
|  10|0x00000004da400000, 0x00000004da400000, 0x00000004da600000|  0%| F|  |TAMS 0x00000004da400000, 0x00000004da400000| Untracked 
|  11|0x00000004da600000, 0x00000004da600000, 0x00000004da800000|  0%| F|  |TAMS 0x00000004da600000, 0x00000004da600000| Untracked 
|  12|0x00000004da800000, 0x00000004da800000, 0x00000004daa00000|  0%| F|  |TAMS 0x00000004da800000, 0x00000004da800000| Untracked 
|  13|0x00000004daa00000, 0x00000004daa00000, 0x00000004dac00000|  0%| F|  |TAMS 0x00000004daa00000, 0x00000004daa00000| Untracked 
|  14|0x00000004dac00000, 0x00000004dac00000, 0x00000004dae00000|  0%| F|  |TAMS 0x00000004dac00000, 0x00000004dac00000| Untracked 
|  15|0x00000004dae00000, 0x00000004dae00000, 0x00000004db000000|  0%| F|  |TAMS 0x00000004dae00000, 0x00000004dae00000| Untracked 
|  16|0x00000004db000000, 0x00000004db000000, 0x00000004db200000|  0%| F|  |TAMS 0x00000004db000000, 0x00000004db000000| Untracked 
|  17|0x00000004db200000, 0x00000004db200000, 0x00000004db400000|  0%| F|  |TAMS 0x00000004db200000, 0x00000004db200000| Untracked 
|  18|0x00000004db400000, 0x00000004db400000, 0x00000004db600000|  0%| F|  |TAMS 0x00000004db400000, 0x00000004db400000| Untracked 
|  19|0x00000004db600000, 0x00000004db600000, 0x00000004db800000|  0%| F|  |TAMS 0x00000004db600000, 0x00000004db600000| Untracked 
|  20|0x00000004db800000, 0x00000004db800000, 0x00000004dba00000|  0%| F|  |TAMS 0x00000004db800000, 0x00000004db800000| Untracked 
|  21|0x00000004dba00000, 0x00000004dba00000, 0x00000004dbc00000|  0%| F|  |TAMS 0x00000004dba00000, 0x00000004dba00000| Untracked 
|  22|0x00000004dbc00000, 0x00000004dbc00000, 0x00000004dbe00000|  0%| F|  |TAMS 0x00000004dbc00000, 0x00000004dbc00000| Untracked 
|  23|0x00000004dbe00000, 0x00000004dbe00000, 0x00000004dc000000|  0%| F|  |TAMS 0x00000004dbe00000, 0x00000004dbe00000| Untracked 
|  24|0x00000004dc000000, 0x00000004dc000000, 0x00000004dc200000|  0%| F|  |TAMS 0x00000004dc000000, 0x00000004dc000000| Untracked 
|  25|0x00000004dc200000, 0x00000004dc200000, 0x00000004dc400000|  0%| F|  |TAMS 0x00000004dc200000, 0x00000004dc200000| Untracked 
|  26|0x00000004dc400000, 0x00000004dc400000, 0x00000004dc600000|  0%| F|  |TAMS 0x00000004dc400000, 0x00000004dc400000| Untracked 
|  27|0x00000004dc600000, 0x00000004dc600000, 0x00000004dc800000|  0%| F|  |TAMS 0x00000004dc600000, 0x00000004dc600000| Untracked 
|  28|0x00000004dc800000, 0x00000004dc800000, 0x00000004dca00000|  0%| F|  |TAMS 0x00000004dc800000, 0x00000004dc800000| Untracked 
|  29|0x00000004dca00000, 0x00000004dca00000, 0x00000004dcc00000|  0%| F|  |TAMS 0x00000004dca00000, 0x00000004dca00000| Untracked 
|  30|0x00000004dcc00000, 0x00000004dcc00000, 0x00000004dce00000|  0%| F|  |TAMS 0x00000004dcc00000, 0x00000004dcc00000| Untracked 
|  31|0x00000004dce00000, 0x00000004dce00000, 0x00000004dd000000|  0%| F|  |TAMS 0x00000004dce00000, 0x00000004dce00000| Untracked 
|  32|0x00000004dd000000, 0x00000004dd000000, 0x00000004dd200000|  0%| F|  |TAMS 0x00000004dd000000, 0x00000004dd000000| Untracked 
|  33|0x00000004dd200000, 0x00000004dd200000, 0x00000004dd400000|  0%| F|  |TAMS 0x00000004dd200000, 0x00000004dd200000| Untracked 
|  34|0x00000004dd400000, 0x00000004dd400000, 0x00000004dd600000|  0%| F|  |TAMS 0x00000004dd400000, 0x00000004dd400000| Untracked 
|  35|0x00000004dd600000, 0x00000004dd600000, 0x00000004dd800000|  0%| F|  |TAMS 0x00000004dd600000, 0x00000004dd600000| Untracked 
|  36|0x00000004dd800000, 0x00000004dd800000, 0x00000004dda00000|  0%| F|  |TAMS 0x00000004dd800000, 0x00000004dd800000| Untracked 
|  37|0x00000004dda00000, 0x00000004dda00000, 0x00000004ddc00000|  0%| F|  |TAMS 0x00000004dda00000, 0x00000004dda00000| Untracked 
|  38|0x00000004ddc00000, 0x00000004ddc00000, 0x00000004dde00000|  0%| F|  |TAMS 0x00000004ddc00000, 0x00000004ddc00000| Untracked 
|  39|0x00000004dde00000, 0x00000004dde00000, 0x00000004de000000|  0%| F|  |TAMS 0x00000004dde00000, 0x00000004dde00000| Untracked 
|  40|0x00000004de000000, 0x00000004de000000, 0x00000004de200000|  0%| F|  |TAMS 0x00000004de000000, 0x00000004de000000| Untracked 
|  41|0x00000004de200000, 0x00000004de200000, 0x00000004de400000|  0%| F|  |TAMS 0x00000004de200000, 0x00000004de200000| Untracked 
|  42|0x00000004de400000, 0x00000004de400000, 0x00000004de600000|  0%| F|  |TAMS 0x00000004de400000, 0x00000004de400000| Untracked 
|  43|0x00000004de600000, 0x00000004de600000, 0x00000004de800000|  0%| F|  |TAMS 0x00000004de600000, 0x00000004de600000| Untracked 
|  44|0x00000004de800000, 0x00000004de800000, 0x00000004dea00000|  0%| F|  |TAMS 0x00000004de800000, 0x00000004de800000| Untracked 
|  45|0x00000004dea00000, 0x00000004dea00000, 0x00000004dec00000|  0%| F|  |TAMS 0x00000004dea00000, 0x00000004dea00000| Untracked 
|  46|0x00000004dec00000, 0x00000004dec00000, 0x00000004dee00000|  0%| F|  |TAMS 0x00000004dec00000, 0x00000004dec00000| Untracked 
|  47|0x00000004dee00000, 0x00000004dee00000, 0x00000004df000000|  0%| F|  |TAMS 0x00000004dee00000, 0x00000004dee00000| Untracked 
|  48|0x00000004df000000, 0x00000004df000000, 0x00000004df200000|  0%| F|  |TAMS 0x00000004df000000, 0x00000004df000000| Untracked 
|  49|0x00000004df200000, 0x00000004df200000, 0x00000004df400000|  0%| F|  |TAMS 0x00000004df200000, 0x00000004df200000| Untracked 
|  50|0x00000004df400000, 0x00000004df400000, 0x00000004df600000|  0%| F|  |TAMS 0x00000004df400000, 0x00000004df400000| Untracked 
|  51|0x00000004df600000, 0x00000004df600000, 0x00000004df800000|  0%| F|  |TAMS 0x00000004df600000, 0x00000004df600000| Untracked 
|  52|0x00000004df800000, 0x00000004df800000, 0x00000004dfa00000|  0%| F|  |TAMS 0x00000004df800000, 0x00000004df800000| Untracked 
|  53|0x00000004dfa00000, 0x00000004dfa00000, 0x00000004dfc00000|  0%| F|  |TAMS 0x00000004dfa00000, 0x00000004dfa00000| Untracked 
|  54|0x00000004dfc00000, 0x00000004dfc00000, 0x00000004dfe00000|  0%| F|  |TAMS 0x00000004dfc00000, 0x00000004dfc00000| Untracked 
|  55|0x00000004dfe00000, 0x00000004dfe00000, 0x00000004e0000000|  0%| F|  |TAMS 0x00000004dfe00000, 0x00000004dfe00000| Untracked 
|  56|0x00000004e0000000, 0x00000004e0000000, 0x00000004e0200000|  0%| F|  |TAMS 0x00000004e0000000, 0x00000004e0000000| Untracked 
|  57|0x00000004e0200000, 0x00000004e0200000, 0x00000004e0400000|  0%| F|  |TAMS 0x00000004e0200000, 0x00000004e0200000| Untracked 
|  58|0x00000004e0400000, 0x00000004e0400000, 0x00000004e0600000|  0%| F|  |TAMS 0x00000004e0400000, 0x00000004e0400000| Untracked 
|  59|0x00000004e0600000, 0x00000004e0600000, 0x00000004e0800000|  0%| F|  |TAMS 0x00000004e0600000, 0x00000004e0600000| Untracked 
|  60|0x00000004e0800000, 0x00000004e0800000, 0x00000004e0a00000|  0%| F|  |TAMS 0x00000004e0800000, 0x00000004e0800000| Untracked 
|  61|0x00000004e0a00000, 0x00000004e0a00000, 0x00000004e0c00000|  0%| F|  |TAMS 0x00000004e0a00000, 0x00000004e0a00000| Untracked 
|  62|0x00000004e0c00000, 0x00000004e0c00000, 0x00000004e0e00000|  0%| F|  |TAMS 0x00000004e0c00000, 0x00000004e0c00000| Untracked 
|  63|0x00000004e0e00000, 0x00000004e0e00000, 0x00000004e1000000|  0%| F|  |TAMS 0x00000004e0e00000, 0x00000004e0e00000| Untracked 
|  64|0x00000004e1000000, 0x00000004e1000000, 0x00000004e1200000|  0%| F|  |TAMS 0x00000004e1000000, 0x00000004e1000000| Untracked 
|  65|0x00000004e1200000, 0x00000004e1200000, 0x00000004e1400000|  0%| F|  |TAMS 0x00000004e1200000, 0x00000004e1200000| Untracked 
|  66|0x00000004e1400000, 0x00000004e1400000, 0x00000004e1600000|  0%| F|  |TAMS 0x00000004e1400000, 0x00000004e1400000| Untracked 
|  67|0x00000004e1600000, 0x00000004e1600000, 0x00000004e1800000|  0%| F|  |TAMS 0x00000004e1600000, 0x00000004e1600000| Untracked 
|  68|0x00000004e1800000, 0x00000004e1800000, 0x00000004e1a00000|  0%| F|  |TAMS 0x00000004e1800000, 0x00000004e1800000| Untracked 
|  69|0x00000004e1a00000, 0x00000004e1a00000, 0x00000004e1c00000|  0%| F|  |TAMS 0x00000004e1a00000, 0x00000004e1a00000| Untracked 
|  70|0x00000004e1c00000, 0x00000004e1c00000, 0x00000004e1e00000|  0%| F|  |TAMS 0x00000004e1c00000, 0x00000004e1c00000| Untracked 
|  71|0x00000004e1e00000, 0x00000004e1e00000, 0x00000004e2000000|  0%| F|  |TAMS 0x00000004e1e00000, 0x00000004e1e00000| Untracked 
|  72|0x00000004e2000000, 0x00000004e2000000, 0x00000004e2200000|  0%| F|  |TAMS 0x00000004e2000000, 0x00000004e2000000| Untracked 
|  73|0x00000004e2200000, 0x00000004e2200000, 0x00000004e2400000|  0%| F|  |TAMS 0x00000004e2200000, 0x00000004e2200000| Untracked 
|  74|0x00000004e2400000, 0x00000004e2400000, 0x00000004e2600000|  0%| F|  |TAMS 0x00000004e2400000, 0x00000004e2400000| Untracked 
|  75|0x00000004e2600000, 0x00000004e2600000, 0x00000004e2800000|  0%| F|  |TAMS 0x00000004e2600000, 0x00000004e2600000| Untracked 
|  76|0x00000004e2800000, 0x00000004e2800000, 0x00000004e2a00000|  0%| F|  |TAMS 0x00000004e2800000, 0x00000004e2800000| Untracked 
|  77|0x00000004e2a00000, 0x00000004e2a00000, 0x00000004e2c00000|  0%| F|  |TAMS 0x00000004e2a00000, 0x00000004e2a00000| Untracked 
|  78|0x00000004e2c00000, 0x00000004e2c00000, 0x00000004e2e00000|  0%| F|  |TAMS 0x00000004e2c00000, 0x00000004e2c00000| Untracked 
|  79|0x00000004e2e00000, 0x00000004e2e00000, 0x00000004e3000000|  0%| F|  |TAMS 0x00000004e2e00000, 0x00000004e2e00000| Untracked 
|  80|0x00000004e3000000, 0x00000004e3000000, 0x00000004e3200000|  0%| F|  |TAMS 0x00000004e3000000, 0x00000004e3000000| Untracked 
|  81|0x00000004e3200000, 0x00000004e3200000, 0x00000004e3400000|  0%| F|  |TAMS 0x00000004e3200000, 0x00000004e3200000| Untracked 
|  82|0x00000004e3400000, 0x00000004e3400000, 0x00000004e3600000|  0%| F|  |TAMS 0x00000004e3400000, 0x00000004e3400000| Untracked 
|  83|0x00000004e3600000, 0x00000004e3600000, 0x00000004e3800000|  0%| F|  |TAMS 0x00000004e3600000, 0x00000004e3600000| Untracked 
|  84|0x00000004e3800000, 0x00000004e3800000, 0x00000004e3a00000|  0%| F|  |TAMS 0x00000004e3800000, 0x00000004e3800000| Untracked 
|  85|0x00000004e3a00000, 0x00000004e3a00000, 0x00000004e3c00000|  0%| F|  |TAMS 0x00000004e3a00000, 0x00000004e3a00000| Untracked 
|  86|0x00000004e3c00000, 0x00000004e3c00000, 0x00000004e3e00000|  0%| F|  |TAMS 0x00000004e3c00000, 0x00000004e3c00000| Untracked 
|  87|0x00000004e3e00000, 0x00000004e3e00000, 0x00000004e4000000|  0%| F|  |TAMS 0x00000004e3e00000, 0x00000004e3e00000| Untracked 
|  88|0x00000004e4000000, 0x00000004e4000000, 0x00000004e4200000|  0%| F|  |TAMS 0x00000004e4000000, 0x00000004e4000000| Untracked 
|  89|0x00000004e4200000, 0x00000004e4200000, 0x00000004e4400000|  0%| F|  |TAMS 0x00000004e4200000, 0x00000004e4200000| Untracked 
|  90|0x00000004e4400000, 0x00000004e4400000, 0x00000004e4600000|  0%| F|  |TAMS 0x00000004e4400000, 0x00000004e4400000| Untracked 
|  91|0x00000004e4600000, 0x00000004e4600000, 0x00000004e4800000|  0%| F|  |TAMS 0x00000004e4600000, 0x00000004e4600000| Untracked 
|  92|0x00000004e4800000, 0x00000004e4800000, 0x00000004e4a00000|  0%| F|  |TAMS 0x00000004e4800000, 0x00000004e4800000| Untracked 
|  93|0x00000004e4a00000, 0x00000004e4a00000, 0x00000004e4c00000|  0%| F|  |TAMS 0x00000004e4a00000, 0x00000004e4a00000| Untracked 
|  94|0x00000004e4c00000, 0x00000004e4c00000, 0x00000004e4e00000|  0%| F|  |TAMS 0x00000004e4c00000, 0x00000004e4c00000| Untracked 
|  95|0x00000004e4e00000, 0x00000004e4e00000, 0x00000004e5000000|  0%| F|  |TAMS 0x00000004e4e00000, 0x00000004e4e00000| Untracked 
|  96|0x00000004e5000000, 0x00000004e5000000, 0x00000004e5200000|  0%| F|  |TAMS 0x00000004e5000000, 0x00000004e5000000| Untracked 
|  97|0x00000004e5200000, 0x00000004e5200000, 0x00000004e5400000|  0%| F|  |TAMS 0x00000004e5200000, 0x00000004e5200000| Untracked 
|  98|0x00000004e5400000, 0x00000004e5400000, 0x00000004e5600000|  0%| F|  |TAMS 0x00000004e5400000, 0x00000004e5400000| Untracked 
|  99|0x00000004e5600000, 0x00000004e5600000, 0x00000004e5800000|  0%| F|  |TAMS 0x00000004e5600000, 0x00000004e5600000| Untracked 
| 100|0x00000004e5800000, 0x00000004e5800000, 0x00000004e5a00000|  0%| F|  |TAMS 0x00000004e5800000, 0x00000004e5800000| Untracked 
| 101|0x00000004e5a00000, 0x00000004e5a00000, 0x00000004e5c00000|  0%| F|  |TAMS 0x00000004e5a00000, 0x00000004e5a00000| Untracked 
| 102|0x00000004e5c00000, 0x00000004e5c00000, 0x00000004e5e00000|  0%| F|  |TAMS 0x00000004e5c00000, 0x00000004e5c00000| Untracked 
| 103|0x00000004e5e00000, 0x00000004e5e00000, 0x00000004e6000000|  0%| F|  |TAMS 0x00000004e5e00000, 0x00000004e5e00000| Untracked 
| 104|0x00000004e6000000, 0x00000004e6000000, 0x00000004e6200000|  0%| F|  |TAMS 0x00000004e6000000, 0x00000004e6000000| Untracked 
| 105|0x00000004e6200000, 0x00000004e6200000, 0x00000004e6400000|  0%| F|  |TAMS 0x00000004e6200000, 0x00000004e6200000| Untracked 
| 106|0x00000004e6400000, 0x00000004e6400000, 0x00000004e6600000|  0%| F|  |TAMS 0x00000004e6400000, 0x00000004e6400000| Untracked 
| 107|0x00000004e6600000, 0x00000004e6600000, 0x00000004e6800000|  0%| F|  |TAMS 0x00000004e6600000, 0x00000004e6600000| Untracked 
| 108|0x00000004e6800000, 0x00000004e6800000, 0x00000004e6a00000|  0%| F|  |TAMS 0x00000004e6800000, 0x00000004e6800000| Untracked 
| 109|0x00000004e6a00000, 0x00000004e6a00000, 0x00000004e6c00000|  0%| F|  |TAMS 0x00000004e6a00000, 0x00000004e6a00000| Untracked 
| 110|0x00000004e6c00000, 0x00000004e6c00000, 0x00000004e6e00000|  0%| F|  |TAMS 0x00000004e6c00000, 0x00000004e6c00000| Untracked 
| 111|0x00000004e6e00000, 0x00000004e6e00000, 0x00000004e7000000|  0%| F|  |TAMS 0x00000004e6e00000, 0x00000004e6e00000| Untracked 
| 112|0x00000004e7000000, 0x00000004e7000000, 0x00000004e7200000|  0%| F|  |TAMS 0x00000004e7000000, 0x00000004e7000000| Untracked 
| 113|0x00000004e7200000, 0x00000004e7200000, 0x00000004e7400000|  0%| F|  |TAMS 0x00000004e7200000, 0x00000004e7200000| Untracked 
| 114|0x00000004e7400000, 0x00000004e758ea30, 0x00000004e7600000| 77%| S|CS|TAMS 0x00000004e7400000, 0x00000004e7400000| Complete 
| 115|0x00000004e7600000, 0x00000004e7600000, 0x00000004e7800000|  0%| F|  |TAMS 0x00000004e7600000, 0x00000004e7600000| Untracked 
| 116|0x00000004e7800000, 0x00000004e7800000, 0x00000004e7a00000|  0%| F|  |TAMS 0x00000004e7800000, 0x00000004e7800000| Untracked 
| 117|0x00000004e7a00000, 0x00000004e7a00000, 0x00000004e7c00000|  0%| F|  |TAMS 0x00000004e7a00000, 0x00000004e7a00000| Untracked 
| 118|0x00000004e7c00000, 0x00000004e7c00000, 0x00000004e7e00000|  0%| F|  |TAMS 0x00000004e7c00000, 0x00000004e7c00000| Untracked 
| 119|0x00000004e7e00000, 0x00000004e7e00000, 0x00000004e8000000|  0%| F|  |TAMS 0x00000004e7e00000, 0x00000004e7e00000| Untracked 
| 120|0x00000004e8000000, 0x00000004e8000000, 0x00000004e8200000|  0%| F|  |TAMS 0x00000004e8000000, 0x00000004e8000000| Untracked 
| 121|0x00000004e8200000, 0x00000004e8200000, 0x00000004e8400000|  0%| F|  |TAMS 0x00000004e8200000, 0x00000004e8200000| Untracked 
| 122|0x00000004e8400000, 0x00000004e8400000, 0x00000004e8600000|  0%| F|  |TAMS 0x00000004e8400000, 0x00000004e8400000| Untracked 
| 123|0x00000004e8600000, 0x00000004e8600000, 0x00000004e8800000|  0%| F|  |TAMS 0x00000004e8600000, 0x00000004e8600000| Untracked 
| 124|0x00000004e8800000, 0x00000004e8987270, 0x00000004e8a00000| 76%| E|  |TAMS 0x00000004e8800000, 0x00000004e8800000| Complete 
| 125|0x00000004e8a00000, 0x00000004e8c00000, 0x00000004e8c00000|100%| E|CS|TAMS 0x00000004e8a00000, 0x00000004e8a00000| Complete 

Card table byte_map: [0x00000140e7ea0000,0x00000140e8680000] _byte_map_base: 0x00000140e57d8000

Marking Bits (Prev, Next): (CMBitMap*) 0x00000140d0397b20, (CMBitMap*) 0x00000140d0397b60
 Prev Bits: [0x00000140e8e60000, 0x00000140eccf8000)
 Next Bits: [0x00000140ecd00000, 0x00000140f0b98000)

Polling page: 0x00000140cfae0000

Metaspace:

Usage:
  Non-class:      1.89 MB used.
      Class:    180.82 KB used.
       Both:      2.07 MB used.

Virtual space:
  Non-class space:       64.00 MB reserved,       2.00 MB (  3%) committed,  1 nodes.
      Class space:        1.00 GB reserved,     256.00 KB ( <1%) committed,  1 nodes.
             Both:        1.06 GB reserved,       2.25 MB ( <1%) committed. 

Chunk freelists:
   Non-Class:  11.23 MB
       Class:  15.65 MB
        Both:  26.88 MB

MaxMetaspaceSize: unlimited
CompressedClassSpaceSize: 1.00 GB
Initial GC threshold: 21.00 MB
Current GC threshold: 21.00 MB
CDS: on
MetaspaceReclaimPolicy: balanced
 - commit_granule_bytes: 65536.
 - commit_granule_words: 8192.
 - virtual_space_node_default_size: 8388608.
 - enlarge_chunks_in_place: 1.
 - new_chunks_are_fully_committed: 0.
 - uncommit_free_chunks: 1.
 - use_allocation_guard: 0.
 - handle_deallocations: 1.


Internal statistics:

num_allocs_failed_limit: 0.
num_arena_births: 32.
num_arena_deaths: 0.
num_vsnodes_births: 2.
num_vsnodes_deaths: 0.
num_space_committed: 36.
num_space_uncommitted: 0.
num_chunks_returned_to_freelist: 0.
num_chunks_taken_from_freelist: 71.
num_chunk_merges: 0.
num_chunk_splits: 50.
num_chunks_enlarged: 39.
num_inconsistent_stats: 0.

CodeHeap 'non-profiled nmethods': size=119168Kb used=638Kb max_used=638Kb free=118529Kb
 bounds [0x00000140df9e0000, 0x00000140dfc50000, 0x00000140e6e40000]
CodeHeap 'profiled nmethods': size=119104Kb used=1355Kb max_used=1355Kb free=117748Kb
 bounds [0x00000140d7e40000, 0x00000140d80b0000, 0x00000140df290000]
CodeHeap 'non-nmethods': size=7488Kb used=1160Kb max_used=2906Kb free=6328Kb
 bounds [0x00000140df290000, 0x00000140df570000, 0x00000140df9e0000]
 total_blobs=1279 nmethods=842 adapters=350
 compilation: enabled
              stopped_count=0, restarted_count=0
 full_count=0

Compilation events (20 events):
Event: 6.520 Thread 0x00000140f8027910  833       4       java.util.HashMap::get (19 bytes)
Event: 6.529 Thread 0x00000140f8027910 nmethod 833 0x00000140dfa7a010 code [0x00000140dfa7a1c0, 0x00000140dfa7a848]
Event: 6.604 Thread 0x00000140f8027910  834       4       jdk.internal.misc.Unsafe::allocateUninitializedArray0 (90 bytes)
Event: 6.605 Thread 0x00000140f8027910 nmethod 834 0x00000140dfa7ac90 code [0x00000140dfa7ae20, 0x00000140dfa7afd8]
Event: 6.887 Thread 0x00000140f8027910  835       4       jdk.internal.misc.Unsafe::allocateUninitializedArray (55 bytes)
Event: 6.889 Thread 0x00000140f8027910 nmethod 835 0x00000140dfa7b090 code [0x00000140dfa7b220, 0x00000140dfa7b3d8]
Event: 8.837 Thread 0x00000140f8027910  836       4       java.lang.ThreadLocal::get (38 bytes)
Event: 8.839 Thread 0x00000140f8027910 nmethod 836 0x00000140dfa7b510 code [0x00000140dfa7b6a0, 0x00000140dfa7b818]
Event: 9.307 Thread 0x00000140f8027910  837       4       java.lang.Object::equals (11 bytes)
Event: 9.308 Thread 0x00000140f8027910 nmethod 837 0x00000140dfa7ba10 code [0x00000140dfa7bb80, 0x00000140dfa7bc18]
Event: 9.704 Thread 0x00000140f8027910  838       4       java.util.ArrayDeque$DeqIterator::<init> (34 bytes)
Event: 9.706 Thread 0x00000140f8027910 nmethod 838 0x00000140dfa7bd10 code [0x00000140dfa7be80, 0x00000140dfa7c058]
Event: 9.804 Thread 0x00000140f8027910  839       4       org.bytedeco.javacpp.Pointer::init (52 bytes)
Event: 9.824 Thread 0x00000140f8027910 nmethod 839 0x00000140dfa7c190 code [0x00000140dfa7c3e0, 0x00000140dfa7dd30]
Event: 9.824 Thread 0x00000140f8027910  840       4       org.bytedeco.javacpp.Pointer::<init> (86 bytes)
Event: 9.825 Thread 0x00000140f8027910 nmethod 840 0x00000140dfa7eb90 code [0x00000140dfa7ed00, 0x00000140dfa7edf8]
Event: 10.054 Thread 0x00000140f8027910  841   !   4       org.bytedeco.javacpp.Pointer$DeallocatorReference::add (82 bytes)
Event: 10.057 Thread 0x00000140f8027910 nmethod 841 0x00000140dfa7ee90 code [0x00000140dfa7f020, 0x00000140dfa7f598]
Event: 10.704 Thread 0x00000140f8027910  842 %     4       java.lang.StringCoding::hasNegatives @ 2 (25 bytes)
Event: 10.706 Thread 0x00000140f8027910 nmethod 842% 0x00000140dfa7f690 code [0x00000140dfa7f820, 0x00000140dfa7fa18]

GC Heap History (2 events):
Event: 0.683 GC heap before
{Heap before GC invocations=0 (full 0):
 garbage-first heap   total 258048K, used 22528K [0x00000004d9000000, 0x00000005d3600000)
  region size 2048K, 11 young (22528K), 0 survivors (0K)
 Metaspace       used 1612K, committed 1792K, reserved 1114112K
  class space    used 118K, committed 192K, reserved 1048576K
}
Event: 0.690 GC heap after
{Heap after GC invocations=1 (full 0):
 garbage-first heap   total 258048K, used 1594K [0x00000004d9000000, 0x00000005d3600000)
  region size 2048K, 1 young (2048K), 1 survivors (2048K)
 Metaspace       used 1612K, committed 1792K, reserved 1114112K
  class space    used 118K, committed 192K, reserved 1048576K
}

Dll operation events (20 events):
Event: 0.489 Loaded shared library C:\Program Files (x86)\Windows Kits\10\Redist\ucrt\DLLs\x64\api-ms-win-core-rtlsupport-l1-1-0.dll
Event: 0.497 Loaded shared library C:\Program Files (x86)\Windows Kits\10\Redist\ucrt\DLLs\x64\api-ms-win-core-processthreads-l1-1-1.dll
Event: 0.506 Loaded shared library C:\Program Files (x86)\Windows Kits\10\Redist\ucrt\DLLs\x64\api-ms-win-core-file-l1-2-0.dll
Event: 0.514 Loaded shared library C:\Program Files (x86)\Windows Kits\10\Redist\ucrt\DLLs\x64\api-ms-win-core-profile-l1-1-0.dll
Event: 0.522 Loaded shared library C:\Program Files (x86)\Windows Kits\10\Redist\ucrt\DLLs\x64\api-ms-win-core-memory-l1-1-0.dll
Event: 0.533 Loaded shared library C:\Program Files (x86)\Windows Kits\10\Redist\ucrt\DLLs\x64\api-ms-win-core-util-l1-1-0.dll
Event: 0.542 Loaded shared library C:\Program Files (x86)\Windows Kits\10\Redist\ucrt\DLLs\x64\api-ms-win-core-interlocked-l1-1-0.dll
Event: 0.551 Loaded shared library C:\Program Files (x86)\Windows Kits\10\Redist\ucrt\DLLs\x64\ucrtbase.dll
Event: 0.559 Loaded shared library C:\Users\luczu\.jdks\corretto-17.0.10\bin\vcruntime140.dll
Event: 0.567 Loaded shared library C:\Users\luczu\.jdks\corretto-17.0.10\bin\vcruntime140_1.dll
Event: 0.575 Loaded shared library C:\Users\luczu\.jdks\corretto-17.0.10\bin\msvcp140.dll
Event: 0.584 Loaded shared library C:\Windows\System32\msvcp140_1.dll
Event: 0.594 Loaded shared library C:\Windows\System32\concrt140.dll
Event: 0.603 Loaded shared library C:\Windows\System32\vcomp140.dll
Event: 0.639 Loaded shared library C:\Windows\System32\winmm.dll
Event: 0.642 Loaded shared library C:\Windows\System32\opengl32.dll
Event: 0.644 Loaded shared library C:\Windows\System32\user32.dll
Event: 0.645 Loaded shared library C:\Windows\System32\shell32.dll
Event: 0.647 Loaded shared library C:\Windows\System32\gdi32.dll
Event: 0.683 Loaded shared library C:\Users\luczu\.javacpp\cache\jaylib-4.5.0-0.jar\com\raylib\windows-x86_64\jniRaylib.dll

Deoptimization events (20 events):
Event: 0.691 Thread 0x00000140d0329220 Uncommon trap: trap_request=0xffffff45 fr.pc=0x00000140dfa12f60 relative=0x00000000000000e0
Event: 0.691 Thread 0x00000140d0329220 Uncommon trap: reason=unstable_if action=reinterpret pc=0x00000140dfa12f60 method=java.lang.ref.SoftReference.get()Ljava/lang/Object; @ 17 c2
Event: 0.692 Thread 0x00000140d0329220 DEOPT PACKING pc=0x00000140dfa12f60 sp=0x00000007739fbe10
Event: 0.692 Thread 0x00000140d0329220 DEOPT UNPACKING pc=0x00000140df2ea1a3 sp=0x00000007739fbdc8 mode 2
Event: 6.171 Thread 0x00000140d0329220 Uncommon trap: trap_request=0xffffffde fr.pc=0x00000140dfa79334 relative=0x0000000000000114
Event: 6.171 Thread 0x00000140d0329220 Uncommon trap: reason=class_check action=maybe_recompile pc=0x00000140dfa79334 method=jdk.internal.misc.Unsafe.allocateUninitializedArray(Ljava/lang/Class;I)Ljava/lang/Object; @ 51 c2
Event: 6.171 Thread 0x00000140d0329220 DEOPT PACKING pc=0x00000140dfa79334 sp=0x00000007739ff020
Event: 6.171 Thread 0x00000140d0329220 DEOPT UNPACKING pc=0x00000140df2ea1a3 sp=0x00000007739fefa8 mode 2
Event: 6.171 Thread 0x00000140d0329220 Uncommon trap: trap_request=0xffffffde fr.pc=0x00000140dfa79334 relative=0x0000000000000114
Event: 6.171 Thread 0x00000140d0329220 Uncommon trap: reason=class_check action=maybe_recompile pc=0x00000140dfa79334 method=jdk.internal.misc.Unsafe.allocateUninitializedArray(Ljava/lang/Class;I)Ljava/lang/Object; @ 51 c2
Event: 6.171 Thread 0x00000140d0329220 DEOPT PACKING pc=0x00000140dfa79334 sp=0x00000007739ff020
Event: 6.171 Thread 0x00000140d0329220 DEOPT UNPACKING pc=0x00000140df2ea1a3 sp=0x00000007739fefa8 mode 2
Event: 6.171 Thread 0x00000140d0329220 Uncommon trap: trap_request=0xffffffde fr.pc=0x00000140dfa79334 relative=0x0000000000000114
Event: 6.171 Thread 0x00000140d0329220 Uncommon trap: reason=class_check action=maybe_recompile pc=0x00000140dfa79334 method=jdk.internal.misc.Unsafe.allocateUninitializedArray(Ljava/lang/Class;I)Ljava/lang/Object; @ 51 c2
Event: 6.171 Thread 0x00000140d0329220 DEOPT PACKING pc=0x00000140dfa79334 sp=0x00000007739ff020
Event: 6.171 Thread 0x00000140d0329220 DEOPT UNPACKING pc=0x00000140df2ea1a3 sp=0x00000007739fefa8 mode 2
Event: 6.187 Thread 0x00000140d0329220 Uncommon trap: trap_request=0xffffffde fr.pc=0x00000140dfa79334 relative=0x0000000000000114
Event: 6.187 Thread 0x00000140d0329220 Uncommon trap: reason=class_check action=maybe_recompile pc=0x00000140dfa79334 method=jdk.internal.misc.Unsafe.allocateUninitializedArray(Ljava/lang/Class;I)Ljava/lang/Object; @ 51 c2
Event: 6.187 Thread 0x00000140d0329220 DEOPT PACKING pc=0x00000140dfa79334 sp=0x00000007739ff020
Event: 6.187 Thread 0x00000140d0329220 DEOPT UNPACKING pc=0x00000140df2ea1a3 sp=0x00000007739fefa8 mode 2

Classes unloaded (0 events):
No events

Classes redefined (0 events):
No events

Internal exceptions (7 events):
Event: 0.128 Thread 0x00000140d0329220 Exception <a 'java/lang/NoSuchMethodError'{0x00000004e88444d0}: 'int java.lang.invoke.DirectMethodHandle$Holder.invokeStaticInit(java.lang.Object, java.lang.Object, java.lang.Object, java.lang.Object)'> (0x00000004e88444d0) 
thrown [s\src\hotspot\share\interpreter\linkResolver.cpp, line 759]
Event: 0.131 Thread 0x00000140d0329220 Exception <a 'java/lang/NoSuchMethodError'{0x00000004e884f2a8}: 'java.lang.Object java.lang.invoke.DirectMethodHandle$Holder.invokeInterface(java.lang.Object, java.lang.Object)'> (0x00000004e884f2a8) 
thrown [s\src\hotspot\share\interpreter\linkResolver.cpp, line 759]
Event: 0.132 Thread 0x00000140d0329220 Exception <a 'java/lang/IncompatibleClassChangeError'{0x00000004e88529c0}: Found class java.lang.Object, but interface was expected> (0x00000004e88529c0) 
thrown [s\src\hotspot\share\interpreter\linkResolver.cpp, line 826]
Event: 0.135 Thread 0x00000140d0329220 Exception <a 'java/lang/NoSuchMethodError'{0x00000004e8855b68}: 'void java.lang.invoke.DirectMethodHandle$Holder.invokeStatic(java.lang.Object, java.lang.Object)'> (0x00000004e8855b68) 
thrown [s\src\hotspot\share\interpreter\linkResolver.cpp, line 759]
Event: 0.138 Thread 0x00000140d0329220 Exception <a 'java/lang/NoSuchMethodError'{0x00000004e88591d8}: 'void java.lang.invoke.DirectMethodHandle$Holder.invokeStaticInit(java.lang.Object, java.lang.Object)'> (0x00000004e88591d8) 
thrown [s\src\hotspot\share\interpreter\linkResolver.cpp, line 759]
Event: 0.144 Thread 0x00000140d0329220 Exception <a 'java/lang/NoSuchMethodError'{0x00000004e885f880}: 'int java.lang.invoke.DirectMethodHandle$Holder.invokeStaticInit(java.lang.Object, java.lang.Object)'> (0x00000004e885f880) 
thrown [s\src\hotspot\share\interpreter\linkResolver.cpp, line 759]
Event: 0.675 Thread 0x00000140d0329220 Exception <a 'java/lang/NoSuchMethodError'{0x00000004e77f7408}: 'java.lang.Object java.lang.invoke.DirectMethodHandle$Holder.invokeStatic(java.lang.Object, int, java.lang.Object)'> (0x00000004e77f7408) 
thrown [s\src\hotspot\share\interpreter\linkResolver.cpp, line 759]

VM Operations (14 events):
Event: 0.082 Executing VM operation: HandshakeAllThreads
Event: 0.092 Executing VM operation: HandshakeAllThreads done
Event: 0.263 Executing VM operation: HandshakeAllThreads
Event: 0.263 Executing VM operation: HandshakeAllThreads done
Event: 0.683 Executing VM operation: G1CollectForAllocation
Event: 0.690 Executing VM operation: G1CollectForAllocation done
Event: 1.697 Executing VM operation: Cleanup
Event: 1.697 Executing VM operation: Cleanup done
Event: 5.699 Executing VM operation: Cleanup
Event: 5.699 Executing VM operation: Cleanup done
Event: 6.700 Executing VM operation: Cleanup
Event: 6.700 Executing VM operation: Cleanup done
Event: 9.701 Executing VM operation: Cleanup
Event: 9.701 Executing VM operation: Cleanup done

Events (20 events):
Event: 0.665 loading class java/time/Month done
Event: 0.666 loading class java/time/DayOfWeek
Event: 0.666 loading class java/time/DayOfWeek done
Event: 0.668 loading class java/time/zone/ZoneOffsetTransitionRule$TimeDefinition
Event: 0.669 loading class java/time/zone/ZoneOffsetTransitionRule$TimeDefinition done
Event: 0.670 loading class java/time/zone/ZoneOffsetTransition
Event: 0.671 loading class java/time/zone/ZoneOffsetTransition done
Event: 0.672 loading class java/time/temporal/TemporalAdjusters
Event: 0.672 loading class java/time/temporal/TemporalAdjusters done
Event: 0.678 loading class java/time/zone/ZoneOffsetTransitionRule$1
Event: 0.679 loading class java/time/zone/ZoneOffsetTransitionRule$1 done
Event: 0.680 loading class java/util/concurrent/TimeUnit$1
Event: 0.680 loading class java/util/concurrent/TimeUnit$1 done
Event: 1.502 Thread 0x00000140f8ae0e80 Thread exited: 0x00000140f8ae0e80
Event: 1.502 Thread 0x00000140f8b569f0 Thread exited: 0x00000140f8b569f0
Event: 1.503 Thread 0x00000140f83fea00 Thread exited: 0x00000140f83fea00
Event: 1.503 Thread 0x00000140f83bfd60 Thread exited: 0x00000140f83bfd60
Event: 2.969 Thread 0x00000140f80e6ad0 Thread exited: 0x00000140f80e6ad0
Event: 4.853 Thread 0x00000140f80e6500 Thread exited: 0x00000140f80e6500
Event: 5.303 Thread 0x00000140f80e5f30 Thread exited: 0x00000140f80e5f30


Dynamic libraries:
0x00007ff7d2e30000 - 0x00007ff7d2e3e000 	C:\Users\luczu\.jdks\corretto-17.0.10\bin\java.exe
0x00007ffdac330000 - 0x00007ffdac547000 	C:\WINDOWS\SYSTEM32\ntdll.dll
0x00007ffdab410000 - 0x00007ffdab4d4000 	C:\WINDOWS\System32\KERNEL32.DLL
0x00007ffda97e0000 - 0x00007ffda9b86000 	C:\WINDOWS\System32\KERNELBASE.dll
0x00007ffda9bc0000 - 0x00007ffda9cd1000 	C:\WINDOWS\System32\ucrtbase.dll
0x00007ffd6e700000 - 0x00007ffd6e71b000 	C:\Users\luczu\.jdks\corretto-17.0.10\bin\VCRUNTIME140.dll
0x00007ffd7fae0000 - 0x00007ffd7faf7000 	C:\Users\luczu\.jdks\corretto-17.0.10\bin\jli.dll
0x00007ffdaa130000 - 0x00007ffdaa2de000 	C:\WINDOWS\System32\USER32.dll
0x00007ffda9670000 - 0x00007ffda9696000 	C:\WINDOWS\System32\win32u.dll
0x00007ffdabf40000 - 0x00007ffdabf69000 	C:\WINDOWS\System32\GDI32.dll
0x00007ffda9ce0000 - 0x00007ffda9df8000 	C:\WINDOWS\System32\gdi32full.dll
0x00007ffda9e00000 - 0x00007ffda9e9a000 	C:\WINDOWS\System32\msvcp_win.dll
0x00007ffd86f70000 - 0x00007ffd87203000 	C:\WINDOWS\WinSxS\amd64_microsoft.windows.common-controls_6595b64144ccf1df_6.0.22621.2506_none_270c5ae97388e100\COMCTL32.dll
0x00007ffdaab10000 - 0x00007ffdaabb7000 	C:\WINDOWS\System32\msvcrt.dll
0x00007ffdab200000 - 0x00007ffdab231000 	C:\WINDOWS\System32\IMM32.DLL
0x00007ffd803c0000 - 0x00007ffd803cc000 	C:\Users\luczu\.jdks\corretto-17.0.10\bin\vcruntime140_1.dll
0x00007ffd6e560000 - 0x00007ffd6e5ed000 	C:\Users\luczu\.jdks\corretto-17.0.10\bin\msvcp140.dll
0x00007ffcd0ac0000 - 0x00007ffcd1722000 	C:\Users\luczu\.jdks\corretto-17.0.10\bin\server\jvm.dll
0x00007ffdaa430000 - 0x00007ffdaa4e3000 	C:\WINDOWS\System32\ADVAPI32.dll
0x00007ffdabe30000 - 0x00007ffdabed8000 	C:\WINDOWS\System32\sechost.dll
0x00007ffda9b90000 - 0x00007ffda9bb8000 	C:\WINDOWS\System32\bcrypt.dll
0x00007ffdaa9f0000 - 0x00007ffdaab07000 	C:\WINDOWS\System32\RPCRT4.dll
0x00007ffda8520000 - 0x00007ffda856d000 	C:\WINDOWS\SYSTEM32\POWRPROF.dll
0x00007ffd87cb0000 - 0x00007ffd87cb9000 	C:\WINDOWS\SYSTEM32\WSOCK32.dll
0x00007ffd9e910000 - 0x00007ffd9e944000 	C:\WINDOWS\SYSTEM32\WINMM.dll
0x00007ffdab4e0000 - 0x00007ffdab551000 	C:\WINDOWS\System32\WS2_32.dll
0x00007ffd9f400000 - 0x00007ffd9f40a000 	C:\WINDOWS\SYSTEM32\VERSION.dll
0x00007ffda84e0000 - 0x00007ffda84f3000 	C:\WINDOWS\SYSTEM32\UMPDC.dll
0x00007ffda87a0000 - 0x00007ffda87b8000 	C:\WINDOWS\SYSTEM32\kernel.appcore.dll
0x00007ffd80200000 - 0x00007ffd8020a000 	C:\Users\luczu\.jdks\corretto-17.0.10\bin\jimage.dll
0x00007ffda6b20000 - 0x00007ffda6d53000 	C:\WINDOWS\SYSTEM32\DBGHELP.DLL
0x00007ffdaabc0000 - 0x00007ffdaaf49000 	C:\WINDOWS\System32\combase.dll
0x00007ffdaa2e0000 - 0x00007ffdaa3b7000 	C:\WINDOWS\System32\OLEAUT32.dll
0x00007ffd8dd70000 - 0x00007ffd8dda2000 	C:\WINDOWS\SYSTEM32\dbgcore.DLL
0x00007ffda96a0000 - 0x00007ffda971a000 	C:\WINDOWS\System32\bcryptPrimitives.dll
0x00007ffd6e6d0000 - 0x00007ffd6e6f5000 	C:\Users\luczu\.jdks\corretto-17.0.10\bin\java.dll
0x00007ffd248a0000 - 0x00007ffd24977000 	C:\Users\luczu\.jdks\corretto-17.0.10\bin\jsvml.dll
0x00007ffdab5c0000 - 0x00007ffdabe1b000 	C:\WINDOWS\System32\SHELL32.dll
0x00007ffda7590000 - 0x00007ffda7e86000 	C:\WINDOWS\SYSTEM32\windows.storage.dll
0x00007ffda7450000 - 0x00007ffda758e000 	C:\WINDOWS\SYSTEM32\wintypes.dll
0x00007ffdac1f0000 - 0x00007ffdac2e3000 	C:\WINDOWS\System32\SHCORE.dll
0x00007ffdabee0000 - 0x00007ffdabf3e000 	C:\WINDOWS\System32\shlwapi.dll
0x00007ffda95a0000 - 0x00007ffda95c6000 	C:\WINDOWS\SYSTEM32\profapi.dll
0x00007ffd6e6b0000 - 0x00007ffd6e6c9000 	C:\Users\luczu\.jdks\corretto-17.0.10\bin\net.dll
0x00007ffd9fd20000 - 0x00007ffd9fe57000 	C:\WINDOWS\SYSTEM32\WINHTTP.dll
0x00007ffda8c20000 - 0x00007ffda8c89000 	C:\WINDOWS\system32\mswsock.dll
0x00007ffd6e540000 - 0x00007ffd6e556000 	C:\Users\luczu\.jdks\corretto-17.0.10\bin\nio.dll
0x00007ffd6e520000 - 0x00007ffd6e538000 	C:\Users\luczu\.jdks\corretto-17.0.10\bin\zip.dll
0x00000140d0280000 - 0x00000140d0283000 	C:\Program Files (x86)\Windows Kits\10\Redist\ucrt\DLLs\x64\api-ms-win-crt-locale-l1-1-0.dll
0x00000140d0290000 - 0x00000140d0294000 	C:\Program Files (x86)\Windows Kits\10\Redist\ucrt\DLLs\x64\api-ms-win-crt-string-l1-1-0.dll
0x00000140d02a0000 - 0x00000140d02a4000 	C:\Program Files (x86)\Windows Kits\10\Redist\ucrt\DLLs\x64\api-ms-win-crt-stdio-l1-1-0.dll
0x00000140d02b0000 - 0x00000140d02b5000 	C:\Program Files (x86)\Windows Kits\10\Redist\ucrt\DLLs\x64\api-ms-win-crt-math-l1-1-0.dll
0x00000140d02c0000 - 0x00000140d02c3000 	C:\Program Files (x86)\Windows Kits\10\Redist\ucrt\DLLs\x64\api-ms-win-crt-heap-l1-1-0.dll
0x00000140d02d0000 - 0x00000140d02d4000 	C:\Program Files (x86)\Windows Kits\10\Redist\ucrt\DLLs\x64\api-ms-win-crt-runtime-l1-1-0.dll
0x00000140f3d80000 - 0x00000140f3d84000 	C:\Program Files (x86)\Windows Kits\10\Redist\ucrt\DLLs\x64\api-ms-win-crt-convert-l1-1-0.dll
0x00000140f3d90000 - 0x00000140f3d93000 	C:\Program Files (x86)\Windows Kits\10\Redist\ucrt\DLLs\x64\api-ms-win-crt-environment-l1-1-0.dll
0x00000140f3da0000 - 0x00000140f3da3000 	C:\Program Files (x86)\Windows Kits\10\Redist\ucrt\DLLs\x64\api-ms-win-crt-time-l1-1-0.dll
0x00000140f3db0000 - 0x00000140f3db3000 	C:\Program Files (x86)\Windows Kits\10\Redist\ucrt\DLLs\x64\api-ms-win-crt-filesystem-l1-1-0.dll
0x00000140f3dc0000 - 0x00000140f3dc3000 	C:\Program Files (x86)\Windows Kits\10\Redist\ucrt\DLLs\x64\api-ms-win-crt-utility-l1-1-0.dll
0x00000140f3dd0000 - 0x00000140f3dd5000 	C:\Program Files (x86)\Windows Kits\10\Redist\ucrt\DLLs\x64\api-ms-win-crt-multibyte-l1-1-0.dll
0x00000140f3de0000 - 0x00000140f3de3000 	C:\Program Files (x86)\Windows Kits\10\Redist\ucrt\DLLs\x64\api-ms-win-crt-conio-l1-1-0.dll
0x00000140f3df0000 - 0x00000140f3dff000 	C:\Program Files (x86)\Windows Kits\10\Redist\ucrt\DLLs\x64\api-ms-win-crt-private-l1-1-0.dll
0x00000140f3e00000 - 0x00000140f3e03000 	C:\Program Files (x86)\Windows Kits\10\Redist\ucrt\DLLs\x64\api-ms-win-crt-process-l1-1-0.dll
0x00000140f3e10000 - 0x00000140f3e13000 	C:\Program Files\Microsoft\jdk-11.0.12.7-hotspot\bin\api-ms-win-core-console-l1-2-0.dll
0x00000140f3e20000 - 0x00000140f3e23000 	C:\Program Files (x86)\Windows Kits\10\Redist\ucrt\DLLs\x64\api-ms-win-core-string-l1-1-0.dll
0x00000140f3e30000 - 0x00000140f3e33000 	C:\Program Files (x86)\Windows Kits\10\Redist\ucrt\DLLs\x64\api-ms-win-core-errorhandling-l1-1-0.dll
0x00000140f3e40000 - 0x00000140f3e43000 	C:\Program Files (x86)\Windows Kits\10\Redist\ucrt\DLLs\x64\api-ms-win-core-timezone-l1-1-0.dll
0x00000140f3e50000 - 0x00000140f3e54000 	C:\Program Files (x86)\Windows Kits\10\Redist\ucrt\DLLs\x64\api-ms-win-core-file-l1-1-0.dll
0x00000140f3e60000 - 0x00000140f3e63000 	C:\Program Files (x86)\Windows Kits\10\Redist\ucrt\DLLs\x64\api-ms-win-core-namedpipe-l1-1-0.dll
0x00000140f3e70000 - 0x00000140f3e73000 	C:\Program Files (x86)\Windows Kits\10\Redist\ucrt\DLLs\x64\api-ms-win-core-handle-l1-1-0.dll
0x00000140f3e80000 - 0x00000140f3e83000 	C:\Program Files (x86)\Windows Kits\10\Redist\ucrt\DLLs\x64\api-ms-win-core-file-l2-1-0.dll
0x00000140f3e90000 - 0x00000140f3e93000 	C:\Program Files (x86)\Windows Kits\10\Redist\ucrt\DLLs\x64\api-ms-win-core-heap-l1-1-0.dll
0x00000140f3ea0000 - 0x00000140f3ea3000 	C:\Program Files (x86)\Windows Kits\10\Redist\ucrt\DLLs\x64\api-ms-win-core-libraryloader-l1-1-0.dll
0x00000140f3eb0000 - 0x00000140f3eb3000 	C:\Program Files (x86)\Windows Kits\10\Redist\ucrt\DLLs\x64\api-ms-win-core-synch-l1-1-0.dll
0x00000140f3ec0000 - 0x00000140f3ec3000 	C:\Program Files (x86)\Windows Kits\10\Redist\ucrt\DLLs\x64\api-ms-win-core-processthreads-l1-1-0.dll
0x00000140f3ed0000 - 0x00000140f3ed3000 	C:\Program Files (x86)\Windows Kits\10\Redist\ucrt\DLLs\x64\api-ms-win-core-processenvironment-l1-1-0.dll
0x00000140f3ee0000 - 0x00000140f3ee3000 	C:\Program Files (x86)\Windows Kits\10\Redist\ucrt\DLLs\x64\api-ms-win-core-datetime-l1-1-0.dll
0x00000140f3ef0000 - 0x00000140f3ef3000 	C:\Program Files (x86)\Windows Kits\10\Redist\ucrt\DLLs\x64\api-ms-win-core-localization-l1-2-0.dll
0x00000140f3f00000 - 0x00000140f3f03000 	C:\Program Files (x86)\Windows Kits\10\Redist\ucrt\DLLs\x64\api-ms-win-core-sysinfo-l1-1-0.dll
0x00000140f3f10000 - 0x00000140f3f13000 	C:\Program Files (x86)\Windows Kits\10\Redist\ucrt\DLLs\x64\api-ms-win-core-synch-l1-2-0.dll
0x00000140f3f20000 - 0x00000140f3f23000 	C:\Program Files (x86)\Windows Kits\10\Redist\ucrt\DLLs\x64\api-ms-win-core-console-l1-1-0.dll
0x00000140f3f30000 - 0x00000140f3f33000 	C:\Program Files (x86)\Windows Kits\10\Redist\ucrt\DLLs\x64\api-ms-win-core-debug-l1-1-0.dll
0x00000140f3f40000 - 0x00000140f3f43000 	C:\Program Files (x86)\Windows Kits\10\Redist\ucrt\DLLs\x64\api-ms-win-core-rtlsupport-l1-1-0.dll
0x00000140f3f50000 - 0x00000140f3f53000 	C:\Program Files (x86)\Windows Kits\10\Redist\ucrt\DLLs\x64\api-ms-win-core-processthreads-l1-1-1.dll
0x00000140f3f60000 - 0x00000140f3f63000 	C:\Program Files (x86)\Windows Kits\10\Redist\ucrt\DLLs\x64\api-ms-win-core-file-l1-2-0.dll
0x00000140f3f70000 - 0x00000140f3f73000 	C:\Program Files (x86)\Windows Kits\10\Redist\ucrt\DLLs\x64\api-ms-win-core-profile-l1-1-0.dll
0x00000140f3f80000 - 0x00000140f3f83000 	C:\Program Files (x86)\Windows Kits\10\Redist\ucrt\DLLs\x64\api-ms-win-core-memory-l1-1-0.dll
0x00000140f3f90000 - 0x00000140f3f93000 	C:\Program Files (x86)\Windows Kits\10\Redist\ucrt\DLLs\x64\api-ms-win-core-util-l1-1-0.dll
0x00000140f3fa0000 - 0x00000140f3fa3000 	C:\Program Files (x86)\Windows Kits\10\Redist\ucrt\DLLs\x64\api-ms-win-core-interlocked-l1-1-0.dll
0x00007ffcd2950000 - 0x00007ffcd2a42000 	C:\Program Files (x86)\Windows Kits\10\Redist\ucrt\DLLs\x64\ucrtbase.dll
0x00007ffd80b80000 - 0x00007ffd80b89000 	C:\Windows\System32\msvcp140_1.dll
0x00007ffd582d0000 - 0x00007ffd5831e000 	C:\Windows\System32\concrt140.dll
0x00007ffd555a0000 - 0x00007ffd555d1000 	C:\Windows\System32\vcomp140.dll
0x00007ffd79e20000 - 0x00007ffd79f20000 	C:\Windows\System32\opengl32.dll
0x00007ffd79cd0000 - 0x00007ffd79cfd000 	C:\WINDOWS\SYSTEM32\GLU32.dll
0x00007ffda68a0000 - 0x00007ffda68d9000 	C:\WINDOWS\SYSTEM32\dxcore.dll
0x00007ffcd2730000 - 0x00007ffcd294d000 	C:\Users\luczu\.javacpp\cache\jaylib-4.5.0-0.jar\com\raylib\windows-x86_64\jniRaylib.dll
0x00007ffcf41b0000 - 0x00007ffcf41f6000 	C:\WINDOWS\SYSTEM32\dinput8.dll
0x00007ffd691e0000 - 0x00007ffd691f1000 	C:\WINDOWS\SYSTEM32\xinput1_4.dll
0x00007ffda9330000 - 0x00007ffda935c000 	C:\WINDOWS\SYSTEM32\DEVOBJ.dll
0x00007ffda9360000 - 0x00007ffda93ae000 	C:\WINDOWS\SYSTEM32\cfgmgr32.dll
0x00007ffda6a20000 - 0x00007ffda6a4b000 	C:\WINDOWS\SYSTEM32\dwmapi.dll
0x00007ffd87cc0000 - 0x00007ffd87eca000 	C:\WINDOWS\SYSTEM32\inputhost.dll
0x00007ffda3b50000 - 0x00007ffda3c84000 	C:\WINDOWS\SYSTEM32\CoreMessaging.dll
0x00007ffda3f30000 - 0x00007ffda3fdb000 	C:\WINDOWS\system32\uxtheme.dll
0x00007ffda8e90000 - 0x00007ffda8e9c000 	C:\WINDOWS\SYSTEM32\CRYPTBASE.DLL
0x00007ffdabfd0000 - 0x00007ffdac121000 	C:\WINDOWS\System32\MSCTF.dll
0x00007ffda7e90000 - 0x00007ffda7e9e000 	C:\WINDOWS\SYSTEM32\HID.DLL
0x00007ffdaa4f0000 - 0x00007ffdaa964000 	C:\WINDOWS\System32\SETUPAPI.DLL
0x00007ffdaa010000 - 0x00007ffdaa07b000 	C:\WINDOWS\System32\WINTRUST.dll
0x00007ffda9ea0000 - 0x00007ffdaa006000 	C:\WINDOWS\System32\CRYPT32.dll
0x00007ffda9310000 - 0x00007ffda9322000 	C:\WINDOWS\SYSTEM32\MSASN1.dll
0x00007ffda0870000 - 0x00007ffda08ba000 	C:\WINDOWS\SYSTEM32\directxdatabasehelper.dll
0x00007ffdaa080000 - 0x00007ffdaa130000 	C:\WINDOWS\System32\clbcatq.dll
0x00007ffccded0000 - 0x00007ffcd0ac0000 	C:\WINDOWS\System32\DriverStore\FileRepository\nvhm.inf_amd64_28ac5867493a0477\nvoglv64.dll
0x00007ffdaaf50000 - 0x00007ffdab0f0000 	C:\WINDOWS\System32\ole32.dll
0x00007ffda8500000 - 0x00007ffda8514000 	C:\WINDOWS\SYSTEM32\WTSAPI32.dll
0x00007ffd9ec10000 - 0x00007ffd9ec42000 	C:\WINDOWS\SYSTEM32\cryptnet.dll
0x00007ffd90ed0000 - 0x00007ffd91028000 	C:\WINDOWS\SYSTEM32\drvstore.dll
0x00007ffda8f20000 - 0x00007ffda8f6b000 	C:\WINDOWS\SYSTEM32\wldp.dll
0x00007ffdac140000 - 0x00007ffdac15f000 	C:\WINDOWS\System32\imagehlp.dll
0x00007ffda8e70000 - 0x00007ffda8e8b000 	C:\WINDOWS\SYSTEM32\CRYPTSP.dll
0x00007ffda8700000 - 0x00007ffda8735000 	C:\WINDOWS\system32\rsaenh.dll
0x00007ffda8cb0000 - 0x00007ffda8cd6000 	C:\WINDOWS\SYSTEM32\gpapi.dll
0x00007ffd61250000 - 0x00007ffd6343b000 	C:\WINDOWS\System32\DriverStore\FileRepository\nvhm.inf_amd64_28ac5867493a0477\nvgpucomp64.dll
0x00007ffda87c0000 - 0x00007ffda87f4000 	C:\WINDOWS\SYSTEM32\ntmarta.dll
0x00007ffd27080000 - 0x00007ffd27343000 	C:\WINDOWS\system32\nvspcap64.dll
0x00007ffda80f0000 - 0x00007ffda8156000 	C:\WINDOWS\SYSTEM32\WINSTA.dll

dbghelp: loaded successfully - version: 4.0.5 - missing functions: none
symbol engine: initialized successfully - sym options: 0x614 - pdb path: .;C:\Users\luczu\.jdks\corretto-17.0.10\bin;C:\WINDOWS\SYSTEM32;C:\WINDOWS\WinSxS\amd64_microsoft.windows.common-controls_6595b64144ccf1df_6.0.22621.2506_none_270c5ae97388e100;C:\Users\luczu\.jdks\corretto-17.0.10\bin\server;C:\Program Files (x86)\Windows Kits\10\Redist\ucrt\DLLs\x64;C:\Program Files\Microsoft\jdk-11.0.12.7-hotspot\bin;C:\Users\luczu\.javacpp\cache\jaylib-4.5.0-0.jar\com\raylib\windows-x86_64;C:\WINDOWS\System32\DriverStore\FileRepository\nvhm.inf_amd64_28ac5867493a0477;C:\WINDOWS\System32\DriverStore\FileRepository\iigd_dch.inf_amd64_0fdf6ce291234272

VM Arguments:
jvm_args: -Dfile.encoding=windows-1252 -Duser.country=NL -Duser.language=nl -Duser.variant 
java_command: PineVille.GameScene
java_class_path (initial): C:\Users\luczu\OneDrive\Documenten\PineVille\build\classes\java\main;C:\Users\luczu\OneDrive\Documenten\PineVille\build\resources\main;C:\Users\luczu\.gradle\caches\modules-2\files-2.1\uk.co.electronstudio.jaylib\jaylib\4.5.0-0\90c0d608df9bbd32f5f34683acc58cb433e94508\jaylib-4.5.0-0.jar
Launcher Type: SUN_STANDARD

[Global flags]
     intx CICompilerCount                          = 12                                        {product} {ergonomic}
     uint ConcGCThreads                            = 3                                         {product} {ergonomic}
     uint G1ConcRefinementThreads                  = 13                                        {product} {ergonomic}
   size_t G1HeapRegionSize                         = 2097152                                   {product} {ergonomic}
    uintx GCDrainStackTargetSize                   = 64                                        {product} {ergonomic}
   size_t InitialHeapSize                          = 264241152                                 {product} {ergonomic}
   size_t MarkStackSize                            = 4194304                                   {product} {ergonomic}
   size_t MaxHeapSize                              = 4200595456                                {product} {ergonomic}
   size_t MaxNewSize                               = 2518679552                                {product} {ergonomic}
   size_t MinHeapDeltaBytes                        = 2097152                                   {product} {ergonomic}
   size_t MinHeapSize                              = 8388608                                   {product} {ergonomic}
    uintx NonNMethodCodeHeapSize                   = 7602480                                {pd product} {ergonomic}
    uintx NonProfiledCodeHeapSize                  = 122027880                              {pd product} {ergonomic}
    uintx ProfiledCodeHeapSize                     = 122027880                              {pd product} {ergonomic}
    uintx ReservedCodeCacheSize                    = 251658240                              {pd product} {ergonomic}
     bool SegmentedCodeCache                       = true                                      {product} {ergonomic}
   size_t SoftMaxHeapSize                          = 4200595456                             {manageable} {ergonomic}
     bool UseCompressedClassPointers               = true                           {product lp64_product} {ergonomic}
     bool UseCompressedOops                        = true                           {product lp64_product} {ergonomic}
     bool UseG1GC                                  = true                                      {product} {ergonomic}
     bool UseLargePagesIndividualAllocation        = false                                  {pd product} {ergonomic}

Logging:
Log output configuration:
 #0: stdout all=warning uptime,level,tags
 #1: stderr all=off uptime,level,tags

Environment Variables:
PATH=C:\Program Files (x86)\Common Files\Intel\Shared Libraries\redist\intel64\compiler;C:\Program Files\Common Files\Oracle\Java\javapath;C:\Program Files\Microsoft\jdk-11.0.12.7-hotspot\bin;C:\windows\system32;C:\windows;C:\windows\System32\Wbem;C:\windows\System32\WindowsPowerShell\v1.0\;C:\windows\System32\OpenSSH\;C:\Program Files (x86)\NVIDIA Corporation\PhysX\Common;C:\Program Files\NVIDIA Corporation\NVIDIA NvDLISR;C:\Program Files\Microsoft SQL Server\150\Tools\Binn\;C:\Program Files\Microsoft SQL Server\Client SDK\ODBC\170\Tools\Binn\;C:\Program Files\dotnet\;C:\WINDOWS\system32;C:\WINDOWS;C:\WINDOWS\System32\Wbem;C:\WINDOWS\System32\WindowsPowerShell\v1.0\;C:\WINDOWS\System32\OpenSSH\;C:\Program Files\CMake\bin;C:\Program Files\Git\cmd;C:\Users\luczu\AppData\Local\Microsoft\WindowsApps;C:\Users\luczu\.dotnet\tools;C:\Users\luczu\AppData\Local\GitHubDesktop\bin;;C:\Users\luczu\AppData\Local\Programs\Microsoft VS Code\bin
USERNAME=luczu
OS=Windows_NT
PROCESSOR_IDENTIFIER=Intel64 Family 6 Model 141 Stepping 1, GenuineIntel
TMP=C:\Users\luczu\AppData\Local\Temp
TEMP=C:\Users\luczu\AppData\Local\Temp



Periodic native trim disabled


---------------  S Y S T E M  ---------------

OS:
 Windows 11 , 64 bit Build 22621 (10.0.22621.3085)
OS uptime: 0 days 1:23 hours
Hyper-V role detected

CPU: total 16 (initial active 16) (8 cores per cpu, 2 threads per core) family 6 model 141 stepping 1 microcode 0x4e, cx8, cmov, fxsr, ht, mmx, 3dnowpref, sse, sse2, sse3, ssse3, sse4.1, sse4.2, popcnt, lzcnt, tsc, tscinvbit, avx, avx2, aes, erms, clmul, bmi1, bmi2, adx, avx512f, avx512dq, avx512cd, avx512bw, avx512vl, sha, fma, vzeroupper, avx512_vpopcntdq, avx512_vpclmulqdq, avx512_vaes, avx512_vnni, clflush, clflushopt, clwb, avx512_vbmi2, avx512_vbmi, hv
Processor Information for all 16 processors :
  Max Mhz: 2304, Current Mhz: 2304, Mhz Limit: 2304

Memory: 4k page, system-wide physical 16021M (3695M free)
TotalPageFile size 33429M (AvailPageFile size 13296M)
current process WorkingSet (physical memory assigned to process): 124M, peak: 208M
current process commit charge ("private bytes"): 505M, peak: 630M

vm_info: OpenJDK 64-Bit Server VM (17.0.10+7-LTS) for windows-amd64 JRE (17.0.10+7-LTS), built on Jan 10 2024 22:11:07 by "Administrator" with MS VC++ 16.10 / 16.11 (VS2019)

END.
