#
# A fatal error has been detected by the Java Runtime Environment:
#
#  EXCEPTION_ACCESS_VIOLATION (0xc0000005) at pc=0x0000000000000000, pid=24848, tid=31340
#
# JRE version: OpenJDK Runtime Environment Corretto-17.0.10.7.1 (17.0.10+7) (build 17.0.10+7-LTS)
# Java VM: OpenJDK 64-Bit Server VM Corretto-17.0.10.7.1 (17.0.10+7-LTS, mixed mode, sharing, tiered, compressed oops, compressed class ptrs, g1 gc, windows-amd64)
# Problematic frame:
# C  [jniRaylib.dll+0xdcb37]
#
# No core dump will be written. Minidumps are not enabled by default on client versions of Windows
#
# If you would like to submit a bug report, please visit:
#   https://github.com/corretto/corretto-17/issues/
# The crash happened outside the Java Virtual Machine in native code.
# See problematic frame for where to report the bug.
#

---------------  S U M M A R Y ------------

Command Line: -Dfile.encoding=windows-1252 -Duser.country=NL -Duser.language=nl -Duser.variant PineVille.GameScene

Host: 11th Gen Intel(R) Core(TM) i7-11800H @ 2.30GHz, 16 cores, 15G,  Windows 11 , 64 bit Build 22621 (10.0.22621.2506)
Time: Tue Feb 27 09:47:06 2024 West-Europa (standaardtijd) elapsed time: 0.836896 seconds (0d 0h 0m 0s)

---------------  T H R E A D  ---------------

Current thread (0x0000020032a7ab00):  JavaThread "main" [_thread_in_native, id=31340, stack(0x000000dd13400000,0x000000dd13500000)]

Stack: [0x000000dd13400000,0x000000dd13500000],  sp=0x000000dd134fedd0,  free space=1019k
Native frames: (J=compiled Java code, j=interpreted, Vv=VM code, C=native code)

Java frames: (J=compiled Java code, j=interpreted, Vv=VM code)
j  com.raylib.Raylib.LoadTexture(Ljava/lang/String;)Lcom/raylib/Raylib$Texture;+0
j  PineVille.Tree.<init>()V+12
j  PineVille.GameScene.main([Ljava/lang/String;)V+34
v  ~StubRoutines::call_stub

siginfo: EXCEPTION_ACCESS_VIOLATION (0xc0000005), data execution prevention violation at address 0x0000000000000000


Registers:
RAX=0x00004416982aa3b7, RBX=0x0000000000000007, RCX=0x0000000000000de1, RDX=0x0000000000000000
RSP=0x000000dd134fedc8, RBP=0x0000000000000007, RSI=0x0000000000000020, RDI=0x0000000000000020
R8 =0x0000000000000020, R9 =0x0000000000000007, R10=0x0000000000000003, R11=0x000000dd134fee00
R12=0x0000000000000000, R13=0x0000020056046120, R14=0x0000000000000020, R15=0x0000020032a7ab00
RIP=0x0000000000000000, EFLAGS=0x0000000000010246


Register to memory mapping:

RIP=0x0 is NULL
RAX=0x00004416982aa3b7 is an unknown value
RBX=0x0000000000000007 is an unknown value
RCX=0x0000000000000de1 is an unknown value
RDX=0x0 is NULL
RSP=0x000000dd134fedc8 is pointing into the stack for thread: 0x0000020032a7ab00
RBP=0x0000000000000007 is an unknown value
RSI=0x0000000000000020 is an unknown value
RDI=0x0000000000000020 is an unknown value
R8 =0x0000000000000020 is an unknown value
R9 =0x0000000000000007 is an unknown value
R10=0x0000000000000003 is an unknown value
R11=0x000000dd134fee00 is pointing into the stack for thread: 0x0000020032a7ab00
R12=0x0 is NULL
R13=0x0000020056046120 points into unknown readable memory: 0x0000000000000000 | 00 00 00 00 00 00 00 00
R14=0x0000000000000020 is an unknown value
R15=0x0000020032a7ab00 is a thread


Top of Stack: (sp=0x000000dd134fedc8)
0x000000dd134fedc8:   00007ffb6498cb37 0000000000000000
0x000000dd134fedd8:   0000000000000000 0000000000000000
0x000000dd134fede8:   00007ffbfec1480e 000002009f342990
0x000000dd134fedf8:   000000dd134fef80 0000020032a7ab00
0x000000dd134fee08:   0000000000000000 000002009844afb0
0x000000dd134fee18:   0000000000000000 0000020000000000
0x000000dd134fee28:   00007ffc0158ab11 0000002000000020
0x000000dd134fee38:   0000020030800000 0000000700000001
0x000000dd134fee48:   00004416982aa3b7 0000000000000000
0x000000dd134fee58:   00000200562e0513 00000200562e0440
0x000000dd134fee68:   00007ffbfec237eb 000000dd134fef80
0x000000dd134fee78:   0000000000000001 000002009844afb0
0x000000dd134fee88:   0000020056046120 000000dd134fef80
0x000000dd134fee98:   00007ffb64961bf0 000000dd134fef80
0x000000dd134feea8:   0000020000000000 0000000000000000
0x000000dd134feeb8:   0000000000000000 0000020000000001
0x000000dd134feec8:   000000dd134ff580 000000dd00000000
0x000000dd134feed8:   00007ffbfec21b06 0000000000000000
0x000000dd134feee8:   0000020056046120 0000002000000020
0x000000dd134feef8:   0000000700000001 0000020056046120
0x000000dd134fef08:   0000002000000020 0000000700000001
0x000000dd134fef18:   0000000000000002 000002009f342990
0x000000dd134fef28:   0000020032a7adb8 000002009f3529d0
0x000000dd134fef38:   00007ffb648f333b 000000dd000000d3
0x000000dd134fef48:   000002009844afb8 000000dd134ff038
0x000000dd134fef58:   000000dd134ff580 0000020032a7ab00
0x000000dd134fef68:   0000020032a7ab00 000002009f342990
0x000000dd134fef78:   0000020032a7ab00 0000000000000000
0x000000dd134fef88:   0000000000000000 0000020000000000
0x000000dd134fef98:   000002009844afb8 000000dd134ff058
0x000000dd134fefa8:   00000200419e9657 000000dd134ff580
0x000000dd134fefb8:   00000200419ed621 0000020032a7adb8 

Instructions: (pc=0x00007ffb6498cb37)
0x00007ffb6498ca37:   44 24 50 c7 44 24 50 00 00 00 00 ba 84 8b 00 00
0x00007ffb6498ca47:   8b ce ff 15 89 41 11 00 48 63 44 24 50 85 c0 7e
0x00007ffb6498ca57:   4d 48 8b c8 c7 44 24 20 00 00 00 00 ba 01 00 00
0x00007ffb6498ca67:   00 ff 15 ba 0b 08 00 8b 54 24 50 4c 8d 44 24 20
0x00007ffb6498ca77:   4c 8b c8 8b ce 48 8b d8 ff 15 bb 40 11 00 4c 8b
0x00007ffb6498ca87:   cb 48 8d 15 a9 d9 08 00 44 8b c6 b9 04 00 00 00
0x00007ffb6498ca97:   e8 d4 ce 06 00 48 8b cb ff 15 93 0b 08 00 8b ce
0x00007ffb6498caa7:   ff 15 5b 3a 11 00 33 c0 48 8b 5c 24 40 48 8b 74
0x00007ffb6498cab7:   24 48 48 83 c4 30 5f c3 48 8d 15 92 d9 08 00 b9
0x00007ffb6498cac7:   03 00 00 00 e8 a0 ce 06 00 48 8b 5c 24 40 8b c6
0x00007ffb6498cad7:   48 8b 74 24 48 48 83 c4 30 5f c3 cc cc cc cc cc
0x00007ffb6498cae7:   cc cc cc cc cc cc cc cc cc 40 53 56 41 55 41 56
0x00007ffb6498caf7:   48 81 ec a8 00 00 00 48 8b 05 73 12 11 00 48 33
0x00007ffb6498cb07:   c4 48 89 44 24 78 44 8b f2 89 54 24 60 4c 8b e9
0x00007ffb6498cb17:   44 89 44 24 64 33 d2 c7 44 24 50 00 00 00 00 b9
0x00007ffb6498cb27:   e1 0d 00 00 41 8b d9 41 8b f0 ff 15 f1 35 11 00
0x00007ffb6498cb37:   80 3d 00 61 11 00 00 75 1e 8d 43 f5 83 f8 03 77
0x00007ffb6498cb47:   16 48 8d 15 e9 d1 08 00 b9 04 00 00 00 e8 17 ce
0x00007ffb6498cb57:   06 00 e9 f6 03 00 00 80 3d da 60 11 00 00 75 19
0x00007ffb6498cb67:   83 fb 0f 75 14 48 8d 15 f5 d1 08 00 8d 4b f5 e8
0x00007ffb6498cb77:   f5 cd 06 00 e9 d4 03 00 00 80 3d b9 60 11 00 00
0x00007ffb6498cb87:   75 1e 8d 43 f0 83 f8 01 77 16 48 8d 15 08 d2 08
0x00007ffb6498cb97:   00 b9 04 00 00 00 e8 ce cd 06 00 e9 ad 03 00 00
0x00007ffb6498cba7:   80 3d 93 60 11 00 00 75 1e 8d 43 ee 83 f8 01 77
0x00007ffb6498cbb7:   16 48 8d 15 19 d2 08 00 b9 04 00 00 00 e8 a7 cd
0x00007ffb6498cbc7:   06 00 e9 86 03 00 00 80 3d 6d 60 11 00 00 75 1e
0x00007ffb6498cbd7:   8d 43 ec 83 f8 01 77 16 48 8d 15 2a d2 08 00 b9
0x00007ffb6498cbe7:   04 00 00 00 e8 80 cd 06 00 e9 5f 03 00 00 48 89
0x00007ffb6498cbf7:   ac 24 a0 00 00 00 ba 01 00 00 00 48 89 bc 24 98
0x00007ffb6498cc07:   00 00 00 b9 f5 0c 00 00 4c 89 a4 24 90 00 00 00
0x00007ffb6498cc17:   4c 89 bc 24 88 00 00 00 ff 15 13 48 11 00 48 8d
0x00007ffb6498cc27:   54 24 50 b9 01 00 00 00 ff 15 43 3c 11 00 8b 54 


Stack slot to memory mapping:
stack at sp + 0 slots: 0x0 is NULL
stack at sp + 1 slots: 0x0 is NULL
stack at sp + 2 slots: 0x0 is NULL
stack at sp + 3 slots: 0x00007ffbfec1480e ucrtbase.dll
stack at sp + 4 slots: 0x000002009f342990 points into unknown readable memory: 0x656372756f736572 | 72 65 73 6f 75 72 63 65
stack at sp + 5 slots: 0x000000dd134fef80 is pointing into the stack for thread: 0x0000020032a7ab00
stack at sp + 6 slots: 0x0000020032a7ab00 is a thread
stack at sp + 7 slots: 0x0 is NULL


---------------  P R O C E S S  ---------------

Threads class SMR info:
_java_thread_list=0x000002009c32c8a0, length=18, elements={
0x0000020032a7ab00, 0x00000200562c52f0, 0x00000200562c5eb0, 0x00000200562e0b80,
0x00000200562e1740, 0x00000200562e6120, 0x00000200562e6ae0, 0x00000200562f2ce0,
0x00000200562f46f0, 0x00000200562f6710, 0x000002005640dae0, 0x0000020056422e50,
0x0000020056426930, 0x000002005644d1a0, 0x000002005669b770, 0x000002009c3abad0,
0x000002009c32cba0, 0x000002009c6a48e0
}

Java Threads: ( => current thread )
=>0x0000020032a7ab00 JavaThread "main" [_thread_in_native, id=31340, stack(0x000000dd13400000,0x000000dd13500000)]
  0x00000200562c52f0 JavaThread "Reference Handler" daemon [_thread_blocked, id=29856, stack(0x000000dd13b00000,0x000000dd13c00000)]
  0x00000200562c5eb0 JavaThread "Finalizer" daemon [_thread_blocked, id=23744, stack(0x000000dd13c00000,0x000000dd13d00000)]
  0x00000200562e0b80 JavaThread "Signal Dispatcher" daemon [_thread_blocked, id=13740, stack(0x000000dd13d00000,0x000000dd13e00000)]
  0x00000200562e1740 JavaThread "Attach Listener" daemon [_thread_blocked, id=3600, stack(0x000000dd13e00000,0x000000dd13f00000)]
  0x00000200562e6120 JavaThread "Service Thread" daemon [_thread_blocked, id=14228, stack(0x000000dd13f00000,0x000000dd14000000)]
  0x00000200562e6ae0 JavaThread "Monitor Deflation Thread" daemon [_thread_blocked, id=4620, stack(0x000000dd14000000,0x000000dd14100000)]
  0x00000200562f2ce0 JavaThread "C2 CompilerThread0" daemon [_thread_blocked, id=30744, stack(0x000000dd14100000,0x000000dd14200000)]
  0x00000200562f46f0 JavaThread "C1 CompilerThread0" daemon [_thread_blocked, id=3112, stack(0x000000dd14200000,0x000000dd14300000)]
  0x00000200562f6710 JavaThread "Sweeper thread" daemon [_thread_blocked, id=21468, stack(0x000000dd14300000,0x000000dd14400000)]
  0x000002005640dae0 JavaThread "C1 CompilerThread1" daemon [_thread_blocked, id=11652, stack(0x000000dd14400000,0x000000dd14500000)]
  0x0000020056422e50 JavaThread "Notification Thread" daemon [_thread_blocked, id=4496, stack(0x000000dd14500000,0x000000dd14600000)]
  0x0000020056426930 JavaThread "Common-Cleaner" daemon [_thread_blocked, id=28224, stack(0x000000dd14700000,0x000000dd14800000)]
  0x000002005644d1a0 JavaThread "JavaCPP Deallocator" daemon [_thread_blocked, id=21536, stack(0x000000dd14800000,0x000000dd14900000)]
  0x000002005669b770 JavaThread "C2 CompilerThread1" daemon [_thread_in_native, id=4728, stack(0x000000dd14900000,0x000000dd14a00000)]
  0x000002009c3abad0 JavaThread "C2 CompilerThread2" daemon [_thread_in_native, id=28440, stack(0x000000dd14a00000,0x000000dd14b00000)]
  0x000002009c32cba0 JavaThread "C2 CompilerThread3" daemon [_thread_blocked, id=8524, stack(0x000000dd14b00000,0x000000dd14c00000)]
  0x000002009c6a48e0 JavaThread "C2 CompilerThread4" daemon [_thread_blocked, id=30240, stack(0x000000dd14c00000,0x000000dd14d00000)]

Other Threads:
  0x00000200561ad730 VMThread "VM Thread" [stack: 0x000000dd13a00000,0x000000dd13b00000] [id=24872]
  0x000002005619ddd0 WatcherThread [stack: 0x000000dd14600000,0x000000dd14700000] [id=30444]
  0x0000020032ae61c0 GCTaskThread "GC Thread#0" [stack: 0x000000dd13500000,0x000000dd13600000] [id=24700]
  0x000002009daffdd0 GCTaskThread "GC Thread#1" [stack: 0x000000dd14d00000,0x000000dd14e00000] [id=16840]
  0x000002009eb55c60 GCTaskThread "GC Thread#2" [stack: 0x000000dd14e00000,0x000000dd14f00000] [id=5676]
  0x000002009e797cf0 GCTaskThread "GC Thread#3" [stack: 0x000000dd14f00000,0x000000dd15000000] [id=24888]
  0x000002009e0781a0 GCTaskThread "GC Thread#4" [stack: 0x000000dd15000000,0x000000dd15100000] [id=7784]
  0x000002009cd72650 GCTaskThread "GC Thread#5" [stack: 0x000000dd15100000,0x000000dd15200000] [id=28660]
  0x0000020032af7b70 ConcurrentGCThread "G1 Main Marker" [stack: 0x000000dd13600000,0x000000dd13700000] [id=24024]
  0x0000020032af9d40 ConcurrentGCThread "G1 Conc#0" [stack: 0x000000dd13700000,0x000000dd13800000] [id=13428]
  0x00000200560650d0 ConcurrentGCThread "G1 Refine#0" [stack: 0x000000dd13800000,0x000000dd13900000] [id=15560]
  0x0000020056065b00 ConcurrentGCThread "G1 Service" [stack: 0x000000dd13900000,0x000000dd13a00000] [id=24864]

Threads with active compile tasks:
C2 CompilerThread1      899  538       4       java.lang.CompoundEnumeration::hasMoreElements (5 bytes)
C2 CompilerThread2      899  539       4       java.lang.CompoundEnumeration::next (58 bytes)

VM state: not at safepoint (normal execution)

VM Mutex/Monitor currently owned by a thread: None

Heap address: 0x0000000705a00000, size: 4006 MB, Compressed Oops mode: Zero based, Oop shift amount: 3

CDS archive(s) mapped at: [0x0000020057000000-0x0000020057bb0000-0x0000020057bb0000), size 12255232, SharedBaseAddress: 0x0000020057000000, ArchiveRelocationMode: 1.
Compressed class space mapped at: 0x0000020058000000-0x0000020098000000, reserved size: 1073741824
Narrow klass base: 0x0000020057000000, Narrow klass shift: 0, Narrow klass range: 0x100000000

GC Precious Log:
 CPUs: 16 total, 16 available
 Memory: 16021M
 Large Page Support: Disabled
 NUMA Support: Disabled
 Compressed Oops: Enabled (Zero based)
 Heap Region Size: 2M
 Heap Min Capacity: 8M
 Heap Initial Capacity: 252M
 Heap Max Capacity: 4006M
 Pre-touch: Disabled
 Parallel Workers: 13
 Concurrent Workers: 3
 Concurrent Refinement Workers: 13
 Periodic GC: Disabled

Heap:
 garbage-first heap   total 258048K, used 1679K [0x0000000705a00000, 0x0000000800000000)
  region size 2048K, 2 young (4096K), 1 survivors (2048K)
 Metaspace       used 2020K, committed 2176K, reserved 1114112K
  class space    used 176K, committed 256K, reserved 1048576K

Heap Regions: E=young(eden), S=young(survivor), O=old, HS=humongous(starts), HC=humongous(continues), CS=collection set, F=free, OA=open archive, CA=closed archive, TAMS=top-at-mark-start (previous, next)
|   0|0x0000000705a00000, 0x0000000705a00000, 0x0000000705c00000|  0%| F|  |TAMS 0x0000000705a00000, 0x0000000705a00000| Untracked 
|   1|0x0000000705c00000, 0x0000000705c00000, 0x0000000705e00000|  0%| F|  |TAMS 0x0000000705c00000, 0x0000000705c00000| Untracked 
|   2|0x0000000705e00000, 0x0000000705e00000, 0x0000000706000000|  0%| F|  |TAMS 0x0000000705e00000, 0x0000000705e00000| Untracked 
|   3|0x0000000706000000, 0x0000000706000000, 0x0000000706200000|  0%| F|  |TAMS 0x0000000706000000, 0x0000000706000000| Untracked 
|   4|0x0000000706200000, 0x0000000706200000, 0x0000000706400000|  0%| F|  |TAMS 0x0000000706200000, 0x0000000706200000| Untracked 
|   5|0x0000000706400000, 0x0000000706400000, 0x0000000706600000|  0%| F|  |TAMS 0x0000000706400000, 0x0000000706400000| Untracked 
|   6|0x0000000706600000, 0x0000000706600000, 0x0000000706800000|  0%| F|  |TAMS 0x0000000706600000, 0x0000000706600000| Untracked 
|   7|0x0000000706800000, 0x0000000706800000, 0x0000000706a00000|  0%| F|  |TAMS 0x0000000706800000, 0x0000000706800000| Untracked 
|   8|0x0000000706a00000, 0x0000000706a00000, 0x0000000706c00000|  0%| F|  |TAMS 0x0000000706a00000, 0x0000000706a00000| Untracked 
|   9|0x0000000706c00000, 0x0000000706c00000, 0x0000000706e00000|  0%| F|  |TAMS 0x0000000706c00000, 0x0000000706c00000| Untracked 
|  10|0x0000000706e00000, 0x0000000706e00000, 0x0000000707000000|  0%| F|  |TAMS 0x0000000706e00000, 0x0000000706e00000| Untracked 
|  11|0x0000000707000000, 0x0000000707000000, 0x0000000707200000|  0%| F|  |TAMS 0x0000000707000000, 0x0000000707000000| Untracked 
|  12|0x0000000707200000, 0x0000000707200000, 0x0000000707400000|  0%| F|  |TAMS 0x0000000707200000, 0x0000000707200000| Untracked 
|  13|0x0000000707400000, 0x0000000707400000, 0x0000000707600000|  0%| F|  |TAMS 0x0000000707400000, 0x0000000707400000| Untracked 
|  14|0x0000000707600000, 0x0000000707600000, 0x0000000707800000|  0%| F|  |TAMS 0x0000000707600000, 0x0000000707600000| Untracked 
|  15|0x0000000707800000, 0x0000000707800000, 0x0000000707a00000|  0%| F|  |TAMS 0x0000000707800000, 0x0000000707800000| Untracked 
|  16|0x0000000707a00000, 0x0000000707a00000, 0x0000000707c00000|  0%| F|  |TAMS 0x0000000707a00000, 0x0000000707a00000| Untracked 
|  17|0x0000000707c00000, 0x0000000707c00000, 0x0000000707e00000|  0%| F|  |TAMS 0x0000000707c00000, 0x0000000707c00000| Untracked 
|  18|0x0000000707e00000, 0x0000000707e00000, 0x0000000708000000|  0%| F|  |TAMS 0x0000000707e00000, 0x0000000707e00000| Untracked 
|  19|0x0000000708000000, 0x0000000708000000, 0x0000000708200000|  0%| F|  |TAMS 0x0000000708000000, 0x0000000708000000| Untracked 
|  20|0x0000000708200000, 0x0000000708200000, 0x0000000708400000|  0%| F|  |TAMS 0x0000000708200000, 0x0000000708200000| Untracked 
|  21|0x0000000708400000, 0x0000000708400000, 0x0000000708600000|  0%| F|  |TAMS 0x0000000708400000, 0x0000000708400000| Untracked 
|  22|0x0000000708600000, 0x0000000708600000, 0x0000000708800000|  0%| F|  |TAMS 0x0000000708600000, 0x0000000708600000| Untracked 
|  23|0x0000000708800000, 0x0000000708800000, 0x0000000708a00000|  0%| F|  |TAMS 0x0000000708800000, 0x0000000708800000| Untracked 
|  24|0x0000000708a00000, 0x0000000708a00000, 0x0000000708c00000|  0%| F|  |TAMS 0x0000000708a00000, 0x0000000708a00000| Untracked 
|  25|0x0000000708c00000, 0x0000000708c00000, 0x0000000708e00000|  0%| F|  |TAMS 0x0000000708c00000, 0x0000000708c00000| Untracked 
|  26|0x0000000708e00000, 0x0000000708e00000, 0x0000000709000000|  0%| F|  |TAMS 0x0000000708e00000, 0x0000000708e00000| Untracked 
|  27|0x0000000709000000, 0x0000000709000000, 0x0000000709200000|  0%| F|  |TAMS 0x0000000709000000, 0x0000000709000000| Untracked 
|  28|0x0000000709200000, 0x0000000709200000, 0x0000000709400000|  0%| F|  |TAMS 0x0000000709200000, 0x0000000709200000| Untracked 
|  29|0x0000000709400000, 0x0000000709400000, 0x0000000709600000|  0%| F|  |TAMS 0x0000000709400000, 0x0000000709400000| Untracked 
|  30|0x0000000709600000, 0x0000000709600000, 0x0000000709800000|  0%| F|  |TAMS 0x0000000709600000, 0x0000000709600000| Untracked 
|  31|0x0000000709800000, 0x0000000709800000, 0x0000000709a00000|  0%| F|  |TAMS 0x0000000709800000, 0x0000000709800000| Untracked 
|  32|0x0000000709a00000, 0x0000000709a00000, 0x0000000709c00000|  0%| F|  |TAMS 0x0000000709a00000, 0x0000000709a00000| Untracked 
|  33|0x0000000709c00000, 0x0000000709c00000, 0x0000000709e00000|  0%| F|  |TAMS 0x0000000709c00000, 0x0000000709c00000| Untracked 
|  34|0x0000000709e00000, 0x0000000709e00000, 0x000000070a000000|  0%| F|  |TAMS 0x0000000709e00000, 0x0000000709e00000| Untracked 
|  35|0x000000070a000000, 0x000000070a000000, 0x000000070a200000|  0%| F|  |TAMS 0x000000070a000000, 0x000000070a000000| Untracked 
|  36|0x000000070a200000, 0x000000070a200000, 0x000000070a400000|  0%| F|  |TAMS 0x000000070a200000, 0x000000070a200000| Untracked 
|  37|0x000000070a400000, 0x000000070a400000, 0x000000070a600000|  0%| F|  |TAMS 0x000000070a400000, 0x000000070a400000| Untracked 
|  38|0x000000070a600000, 0x000000070a600000, 0x000000070a800000|  0%| F|  |TAMS 0x000000070a600000, 0x000000070a600000| Untracked 
|  39|0x000000070a800000, 0x000000070a800000, 0x000000070aa00000|  0%| F|  |TAMS 0x000000070a800000, 0x000000070a800000| Untracked 
|  40|0x000000070aa00000, 0x000000070aa00000, 0x000000070ac00000|  0%| F|  |TAMS 0x000000070aa00000, 0x000000070aa00000| Untracked 
|  41|0x000000070ac00000, 0x000000070ac00000, 0x000000070ae00000|  0%| F|  |TAMS 0x000000070ac00000, 0x000000070ac00000| Untracked 
|  42|0x000000070ae00000, 0x000000070ae00000, 0x000000070b000000|  0%| F|  |TAMS 0x000000070ae00000, 0x000000070ae00000| Untracked 
|  43|0x000000070b000000, 0x000000070b000000, 0x000000070b200000|  0%| F|  |TAMS 0x000000070b000000, 0x000000070b000000| Untracked 
|  44|0x000000070b200000, 0x000000070b200000, 0x000000070b400000|  0%| F|  |TAMS 0x000000070b200000, 0x000000070b200000| Untracked 
|  45|0x000000070b400000, 0x000000070b400000, 0x000000070b600000|  0%| F|  |TAMS 0x000000070b400000, 0x000000070b400000| Untracked 
|  46|0x000000070b600000, 0x000000070b600000, 0x000000070b800000|  0%| F|  |TAMS 0x000000070b600000, 0x000000070b600000| Untracked 
|  47|0x000000070b800000, 0x000000070b800000, 0x000000070ba00000|  0%| F|  |TAMS 0x000000070b800000, 0x000000070b800000| Untracked 
|  48|0x000000070ba00000, 0x000000070ba00000, 0x000000070bc00000|  0%| F|  |TAMS 0x000000070ba00000, 0x000000070ba00000| Untracked 
|  49|0x000000070bc00000, 0x000000070bc00000, 0x000000070be00000|  0%| F|  |TAMS 0x000000070bc00000, 0x000000070bc00000| Untracked 
|  50|0x000000070be00000, 0x000000070be00000, 0x000000070c000000|  0%| F|  |TAMS 0x000000070be00000, 0x000000070be00000| Untracked 
|  51|0x000000070c000000, 0x000000070c000000, 0x000000070c200000|  0%| F|  |TAMS 0x000000070c000000, 0x000000070c000000| Untracked 
|  52|0x000000070c200000, 0x000000070c200000, 0x000000070c400000|  0%| F|  |TAMS 0x000000070c200000, 0x000000070c200000| Untracked 
|  53|0x000000070c400000, 0x000000070c400000, 0x000000070c600000|  0%| F|  |TAMS 0x000000070c400000, 0x000000070c400000| Untracked 
|  54|0x000000070c600000, 0x000000070c600000, 0x000000070c800000|  0%| F|  |TAMS 0x000000070c600000, 0x000000070c600000| Untracked 
|  55|0x000000070c800000, 0x000000070c800000, 0x000000070ca00000|  0%| F|  |TAMS 0x000000070c800000, 0x000000070c800000| Untracked 
|  56|0x000000070ca00000, 0x000000070ca00000, 0x000000070cc00000|  0%| F|  |TAMS 0x000000070ca00000, 0x000000070ca00000| Untracked 
|  57|0x000000070cc00000, 0x000000070cc00000, 0x000000070ce00000|  0%| F|  |TAMS 0x000000070cc00000, 0x000000070cc00000| Untracked 
|  58|0x000000070ce00000, 0x000000070ce00000, 0x000000070d000000|  0%| F|  |TAMS 0x000000070ce00000, 0x000000070ce00000| Untracked 
|  59|0x000000070d000000, 0x000000070d000000, 0x000000070d200000|  0%| F|  |TAMS 0x000000070d000000, 0x000000070d000000| Untracked 
|  60|0x000000070d200000, 0x000000070d200000, 0x000000070d400000|  0%| F|  |TAMS 0x000000070d200000, 0x000000070d200000| Untracked 
|  61|0x000000070d400000, 0x000000070d400000, 0x000000070d600000|  0%| F|  |TAMS 0x000000070d400000, 0x000000070d400000| Untracked 
|  62|0x000000070d600000, 0x000000070d600000, 0x000000070d800000|  0%| F|  |TAMS 0x000000070d600000, 0x000000070d600000| Untracked 
|  63|0x000000070d800000, 0x000000070d800000, 0x000000070da00000|  0%| F|  |TAMS 0x000000070d800000, 0x000000070d800000| Untracked 
|  64|0x000000070da00000, 0x000000070da00000, 0x000000070dc00000|  0%| F|  |TAMS 0x000000070da00000, 0x000000070da00000| Untracked 
|  65|0x000000070dc00000, 0x000000070dc00000, 0x000000070de00000|  0%| F|  |TAMS 0x000000070dc00000, 0x000000070dc00000| Untracked 
|  66|0x000000070de00000, 0x000000070de00000, 0x000000070e000000|  0%| F|  |TAMS 0x000000070de00000, 0x000000070de00000| Untracked 
|  67|0x000000070e000000, 0x000000070e000000, 0x000000070e200000|  0%| F|  |TAMS 0x000000070e000000, 0x000000070e000000| Untracked 
|  68|0x000000070e200000, 0x000000070e200000, 0x000000070e400000|  0%| F|  |TAMS 0x000000070e200000, 0x000000070e200000| Untracked 
|  69|0x000000070e400000, 0x000000070e400000, 0x000000070e600000|  0%| F|  |TAMS 0x000000070e400000, 0x000000070e400000| Untracked 
|  70|0x000000070e600000, 0x000000070e600000, 0x000000070e800000|  0%| F|  |TAMS 0x000000070e600000, 0x000000070e600000| Untracked 
|  71|0x000000070e800000, 0x000000070e800000, 0x000000070ea00000|  0%| F|  |TAMS 0x000000070e800000, 0x000000070e800000| Untracked 
|  72|0x000000070ea00000, 0x000000070ea00000, 0x000000070ec00000|  0%| F|  |TAMS 0x000000070ea00000, 0x000000070ea00000| Untracked 
|  73|0x000000070ec00000, 0x000000070ec00000, 0x000000070ee00000|  0%| F|  |TAMS 0x000000070ec00000, 0x000000070ec00000| Untracked 
|  74|0x000000070ee00000, 0x000000070ee00000, 0x000000070f000000|  0%| F|  |TAMS 0x000000070ee00000, 0x000000070ee00000| Untracked 
|  75|0x000000070f000000, 0x000000070f000000, 0x000000070f200000|  0%| F|  |TAMS 0x000000070f000000, 0x000000070f000000| Untracked 
|  76|0x000000070f200000, 0x000000070f200000, 0x000000070f400000|  0%| F|  |TAMS 0x000000070f200000, 0x000000070f200000| Untracked 
|  77|0x000000070f400000, 0x000000070f400000, 0x000000070f600000|  0%| F|  |TAMS 0x000000070f400000, 0x000000070f400000| Untracked 
|  78|0x000000070f600000, 0x000000070f600000, 0x000000070f800000|  0%| F|  |TAMS 0x000000070f600000, 0x000000070f600000| Untracked 
|  79|0x000000070f800000, 0x000000070f800000, 0x000000070fa00000|  0%| F|  |TAMS 0x000000070f800000, 0x000000070f800000| Untracked 
|  80|0x000000070fa00000, 0x000000070fa00000, 0x000000070fc00000|  0%| F|  |TAMS 0x000000070fa00000, 0x000000070fa00000| Untracked 
|  81|0x000000070fc00000, 0x000000070fc00000, 0x000000070fe00000|  0%| F|  |TAMS 0x000000070fc00000, 0x000000070fc00000| Untracked 
|  82|0x000000070fe00000, 0x000000070fe00000, 0x0000000710000000|  0%| F|  |TAMS 0x000000070fe00000, 0x000000070fe00000| Untracked 
|  83|0x0000000710000000, 0x0000000710000000, 0x0000000710200000|  0%| F|  |TAMS 0x0000000710000000, 0x0000000710000000| Untracked 
|  84|0x0000000710200000, 0x0000000710200000, 0x0000000710400000|  0%| F|  |TAMS 0x0000000710200000, 0x0000000710200000| Untracked 
|  85|0x0000000710400000, 0x0000000710400000, 0x0000000710600000|  0%| F|  |TAMS 0x0000000710400000, 0x0000000710400000| Untracked 
|  86|0x0000000710600000, 0x0000000710600000, 0x0000000710800000|  0%| F|  |TAMS 0x0000000710600000, 0x0000000710600000| Untracked 
|  87|0x0000000710800000, 0x0000000710800000, 0x0000000710a00000|  0%| F|  |TAMS 0x0000000710800000, 0x0000000710800000| Untracked 
|  88|0x0000000710a00000, 0x0000000710a00000, 0x0000000710c00000|  0%| F|  |TAMS 0x0000000710a00000, 0x0000000710a00000| Untracked 
|  89|0x0000000710c00000, 0x0000000710c00000, 0x0000000710e00000|  0%| F|  |TAMS 0x0000000710c00000, 0x0000000710c00000| Untracked 
|  90|0x0000000710e00000, 0x0000000710e00000, 0x0000000711000000|  0%| F|  |TAMS 0x0000000710e00000, 0x0000000710e00000| Untracked 
|  91|0x0000000711000000, 0x0000000711000000, 0x0000000711200000|  0%| F|  |TAMS 0x0000000711000000, 0x0000000711000000| Untracked 
|  92|0x0000000711200000, 0x0000000711200000, 0x0000000711400000|  0%| F|  |TAMS 0x0000000711200000, 0x0000000711200000| Untracked 
|  93|0x0000000711400000, 0x0000000711400000, 0x0000000711600000|  0%| F|  |TAMS 0x0000000711400000, 0x0000000711400000| Untracked 
|  94|0x0000000711600000, 0x0000000711600000, 0x0000000711800000|  0%| F|  |TAMS 0x0000000711600000, 0x0000000711600000| Untracked 
|  95|0x0000000711800000, 0x0000000711800000, 0x0000000711a00000|  0%| F|  |TAMS 0x0000000711800000, 0x0000000711800000| Untracked 
|  96|0x0000000711a00000, 0x0000000711a00000, 0x0000000711c00000|  0%| F|  |TAMS 0x0000000711a00000, 0x0000000711a00000| Untracked 
|  97|0x0000000711c00000, 0x0000000711c00000, 0x0000000711e00000|  0%| F|  |TAMS 0x0000000711c00000, 0x0000000711c00000| Untracked 
|  98|0x0000000711e00000, 0x0000000711e00000, 0x0000000712000000|  0%| F|  |TAMS 0x0000000711e00000, 0x0000000711e00000| Untracked 
|  99|0x0000000712000000, 0x0000000712000000, 0x0000000712200000|  0%| F|  |TAMS 0x0000000712000000, 0x0000000712000000| Untracked 
| 100|0x0000000712200000, 0x0000000712200000, 0x0000000712400000|  0%| F|  |TAMS 0x0000000712200000, 0x0000000712200000| Untracked 
| 101|0x0000000712400000, 0x0000000712400000, 0x0000000712600000|  0%| F|  |TAMS 0x0000000712400000, 0x0000000712400000| Untracked 
| 102|0x0000000712600000, 0x0000000712600000, 0x0000000712800000|  0%| F|  |TAMS 0x0000000712600000, 0x0000000712600000| Untracked 
| 103|0x0000000712800000, 0x0000000712800000, 0x0000000712a00000|  0%| F|  |TAMS 0x0000000712800000, 0x0000000712800000| Untracked 
| 104|0x0000000712a00000, 0x0000000712a00000, 0x0000000712c00000|  0%| F|  |TAMS 0x0000000712a00000, 0x0000000712a00000| Untracked 
| 105|0x0000000712c00000, 0x0000000712c00000, 0x0000000712e00000|  0%| F|  |TAMS 0x0000000712c00000, 0x0000000712c00000| Untracked 
| 106|0x0000000712e00000, 0x0000000712e00000, 0x0000000713000000|  0%| F|  |TAMS 0x0000000712e00000, 0x0000000712e00000| Untracked 
| 107|0x0000000713000000, 0x0000000713000000, 0x0000000713200000|  0%| F|  |TAMS 0x0000000713000000, 0x0000000713000000| Untracked 
| 108|0x0000000713200000, 0x0000000713200000, 0x0000000713400000|  0%| F|  |TAMS 0x0000000713200000, 0x0000000713200000| Untracked 
| 109|0x0000000713400000, 0x0000000713400000, 0x0000000713600000|  0%| F|  |TAMS 0x0000000713400000, 0x0000000713400000| Untracked 
| 110|0x0000000713600000, 0x0000000713600000, 0x0000000713800000|  0%| F|  |TAMS 0x0000000713600000, 0x0000000713600000| Untracked 
| 111|0x0000000713800000, 0x0000000713800000, 0x0000000713a00000|  0%| F|  |TAMS 0x0000000713800000, 0x0000000713800000| Untracked 
| 112|0x0000000713a00000, 0x0000000713a00000, 0x0000000713c00000|  0%| F|  |TAMS 0x0000000713a00000, 0x0000000713a00000| Untracked 
| 113|0x0000000713c00000, 0x0000000713c00000, 0x0000000713e00000|  0%| F|  |TAMS 0x0000000713c00000, 0x0000000713c00000| Untracked 
| 114|0x0000000713e00000, 0x0000000713fa3f90, 0x0000000714000000| 82%| S|CS|TAMS 0x0000000713e00000, 0x0000000713e00000| Complete 
| 115|0x0000000714000000, 0x0000000714000000, 0x0000000714200000|  0%| F|  |TAMS 0x0000000714000000, 0x0000000714000000| Untracked 
| 116|0x0000000714200000, 0x0000000714200000, 0x0000000714400000|  0%| F|  |TAMS 0x0000000714200000, 0x0000000714200000| Untracked 
| 117|0x0000000714400000, 0x0000000714400000, 0x0000000714600000|  0%| F|  |TAMS 0x0000000714400000, 0x0000000714400000| Untracked 
| 118|0x0000000714600000, 0x0000000714600000, 0x0000000714800000|  0%| F|  |TAMS 0x0000000714600000, 0x0000000714600000| Untracked 
| 119|0x0000000714800000, 0x0000000714800000, 0x0000000714a00000|  0%| F|  |TAMS 0x0000000714800000, 0x0000000714800000| Untracked 
| 120|0x0000000714a00000, 0x0000000714a00000, 0x0000000714c00000|  0%| F|  |TAMS 0x0000000714a00000, 0x0000000714a00000| Untracked 
| 121|0x0000000714c00000, 0x0000000714c00000, 0x0000000714e00000|  0%| F|  |TAMS 0x0000000714c00000, 0x0000000714c00000| Untracked 
| 122|0x0000000714e00000, 0x0000000714e00000, 0x0000000715000000|  0%| F|  |TAMS 0x0000000714e00000, 0x0000000714e00000| Untracked 
| 123|0x0000000715000000, 0x0000000715000000, 0x0000000715200000|  0%| F|  |TAMS 0x0000000715000000, 0x0000000715000000| Untracked 
| 124|0x0000000715200000, 0x0000000715200000, 0x0000000715400000|  0%| F|  |TAMS 0x0000000715200000, 0x0000000715200000| Untracked 
| 125|0x0000000715400000, 0x00000007154c7ea8, 0x0000000715600000| 39%| E|  |TAMS 0x0000000715400000, 0x0000000715400000| Complete 

Card table byte_map: [0x000002004a5f0000,0x000002004add0000] _byte_map_base: 0x0000020046dc3000

Marking Bits (Prev, Next): (CMBitMap*) 0x0000020032ae67e0, (CMBitMap*) 0x0000020032ae6820
 Prev Bits: [0x000002004b5b0000, 0x000002004f448000)
 Next Bits: [0x000002004f450000, 0x00000200532e8000)

Polling page: 0x00000200309f0000

Metaspace:

Usage:
  Non-class:      1.80 MB used.
      Class:    176.98 KB used.
       Both:      1.97 MB used.

Virtual space:
  Non-class space:       64.00 MB reserved,       1.88 MB (  3%) committed,  1 nodes.
      Class space:        1.00 GB reserved,     256.00 KB ( <1%) committed,  1 nodes.
             Both:        1.06 GB reserved,       2.12 MB ( <1%) committed. 

Chunk freelists:
   Non-Class:  11.27 MB
       Class:  15.66 MB
        Both:  26.92 MB

MaxMetaspaceSize: unlimited
CompressedClassSpaceSize: 1.00 GB
Initial GC threshold: 21.00 MB
Current GC threshold: 21.00 MB
CDS: on
MetaspaceReclaimPolicy: balanced
 - commit_granule_bytes: 65536.
 - commit_granule_words: 8192.
 - virtual_space_node_default_size: 8388608.
 - enlarge_chunks_in_place: 1.
 - new_chunks_are_fully_committed: 0.
 - uncommit_free_chunks: 1.
 - use_allocation_guard: 0.
 - handle_deallocations: 1.


Internal statistics:

num_allocs_failed_limit: 0.
num_arena_births: 20.
num_arena_deaths: 0.
num_vsnodes_births: 2.
num_vsnodes_deaths: 0.
num_space_committed: 34.
num_space_uncommitted: 0.
num_chunks_returned_to_freelist: 0.
num_chunks_taken_from_freelist: 56.
num_chunk_merges: 0.
num_chunk_splits: 39.
num_chunks_enlarged: 33.
num_inconsistent_stats: 0.

CodeHeap 'non-profiled nmethods': size=119168Kb used=427Kb max_used=427Kb free=118740Kb
 bounds [0x0000020042130000, 0x00000200423a0000, 0x0000020049590000]
CodeHeap 'profiled nmethods': size=119104Kb used=1197Kb max_used=1197Kb free=117906Kb
 bounds [0x000002003a590000, 0x000002003a800000, 0x00000200419e0000]
CodeHeap 'non-nmethods': size=7488Kb used=1720Kb max_used=1782Kb free=5767Kb
 bounds [0x00000200419e0000, 0x0000020041c50000, 0x0000020042130000]
 total_blobs=1146 nmethods=711 adapters=347
 compilation: enabled
              stopped_count=0, restarted_count=0
 full_count=0

Compilation events (20 events):
Event: 0.811 Thread 0x00000200562f46f0 nmethod 698 0x000002003a6b6390 code [0x000002003a6b66c0, 0x000002003a6b7c18]
Event: 0.811 Thread 0x00000200562f46f0  703       3       jdk.internal.loader.BuiltinClassLoader::loadClassOrNull (7 bytes)
Event: 0.811 Thread 0x00000200562f46f0 nmethod 703 0x000002003a6b8490 code [0x000002003a6b8640, 0x000002003a6b8808]
Event: 0.811 Thread 0x00000200562f46f0  704       3       java.util.jar.JarFile::maybeInstantiateVerifier (42 bytes)
Event: 0.811 Thread 0x00000200562f46f0 nmethod 704 0x000002003a6b8890 code [0x000002003a6b8a60, 0x000002003a6b8df8]
Event: 0.811 Thread 0x000002005640dae0 nmethod 705 0x000002003a6b8f10 code [0x000002003a6b9140, 0x000002003a6b9788]
Event: 0.812 Thread 0x000002009c6a48e0  706   !   4       java.util.jar.JarFile::checkForSpecialAttributes (163 bytes)
Event: 0.812 Thread 0x00000200562f46f0  707       3       jdk.internal.ref.CleanerImpl::getCleanerImpl (13 bytes)
Event: 0.812 Thread 0x000002005640dae0  708       3       java.lang.ref.Cleaner$1::apply (9 bytes)
Event: 0.813 Thread 0x000002005640dae0 nmethod 708 0x000002003a6b9a10 code [0x000002003a6b9bc0, 0x000002003a6b9e38]
Event: 0.813 Thread 0x000002005640dae0  709       3       java.lang.ref.Cleaner$1::apply (5 bytes)
Event: 0.813 Thread 0x00000200562f46f0 nmethod 707 0x000002003a6b9f10 code [0x000002003a6ba0c0, 0x000002003a6ba388]
Event: 0.813 Thread 0x000002005640dae0 nmethod 709 0x000002003a6ba490 code [0x000002003a6ba620, 0x000002003a6ba738]
Event: 0.813 Thread 0x000002009c6a48e0 nmethod 706 0x000002004219a890 code [0x000002004219aa00, 0x000002004219aa98]
Event: 0.813 Thread 0x00000200562f46f0  710       3       java.util.regex.Pattern::isSupplementary (21 bytes)
Event: 0.813 Thread 0x000002005640dae0  711       3       java.lang.Character::isSurrogate (18 bytes)
Event: 0.814 Thread 0x000002005640dae0 nmethod 711 0x000002003a6ba810 code [0x000002003a6ba9a0, 0x000002003a6bab38]
Event: 0.817 Thread 0x00000200562f46f0 nmethod 710 0x000002003a6bac10 code [0x000002003a6badc0, 0x000002003a6bb038]
Event: 0.817 Thread 0x00000200562f46f0  712       3       jdk.internal.loader.NativeLibraries$NativeLibraryImpl::find (6 bytes)
Event: 0.818 Thread 0x00000200562f46f0 nmethod 712 0x000002003a6bb110 code [0x000002003a6bb2a0, 0x000002003a6bb3c8]

GC Heap History (2 events):
Event: 0.814 GC heap before
{Heap before GC invocations=0 (full 0):
 garbage-first heap   total 258048K, used 22528K [0x0000000705a00000, 0x0000000800000000)
  region size 2048K, 11 young (22528K), 0 survivors (0K)
 Metaspace       used 2017K, committed 2176K, reserved 1114112K
  class space    used 176K, committed 256K, reserved 1048576K
}
Event: 0.817 GC heap after
{Heap after GC invocations=1 (full 0):
 garbage-first heap   total 258048K, used 1679K [0x0000000705a00000, 0x0000000800000000)
  region size 2048K, 1 young (2048K), 1 survivors (2048K)
 Metaspace       used 2017K, committed 2176K, reserved 1114112K
  class space    used 176K, committed 256K, reserved 1048576K
}

Dll operation events (20 events):
Event: 0.489 Loaded shared library C:\Program Files (x86)\Windows Kits\10\Redist\ucrt\DLLs\x64\api-ms-win-core-rtlsupport-l1-1-0.dll
Event: 0.503 Loaded shared library C:\Program Files (x86)\Windows Kits\10\Redist\ucrt\DLLs\x64\api-ms-win-core-processthreads-l1-1-1.dll
Event: 0.514 Loaded shared library C:\Program Files (x86)\Windows Kits\10\Redist\ucrt\DLLs\x64\api-ms-win-core-file-l1-2-0.dll
Event: 0.525 Loaded shared library C:\Program Files (x86)\Windows Kits\10\Redist\ucrt\DLLs\x64\api-ms-win-core-profile-l1-1-0.dll
Event: 0.536 Loaded shared library C:\Program Files (x86)\Windows Kits\10\Redist\ucrt\DLLs\x64\api-ms-win-core-memory-l1-1-0.dll
Event: 0.547 Loaded shared library C:\Program Files (x86)\Windows Kits\10\Redist\ucrt\DLLs\x64\api-ms-win-core-util-l1-1-0.dll
Event: 0.558 Loaded shared library C:\Program Files (x86)\Windows Kits\10\Redist\ucrt\DLLs\x64\api-ms-win-core-interlocked-l1-1-0.dll
Event: 0.573 Loaded shared library C:\Program Files (x86)\Windows Kits\10\Redist\ucrt\DLLs\x64\ucrtbase.dll
Event: 0.585 Loaded shared library C:\Users\luczu\.jdks\corretto-17.0.10\bin\vcruntime140.dll
Event: 0.596 Loaded shared library C:\Users\luczu\.jdks\corretto-17.0.10\bin\vcruntime140_1.dll
Event: 0.608 Loaded shared library C:\Users\luczu\.jdks\corretto-17.0.10\bin\msvcp140.dll
Event: 0.623 Loaded shared library C:\Windows\System32\msvcp140_1.dll
Event: 0.639 Loaded shared library C:\Windows\System32\concrt140.dll
Event: 0.655 Loaded shared library C:\Windows\System32\vcomp140.dll
Event: 0.691 Loaded shared library C:\Windows\System32\winmm.dll
Event: 0.695 Loaded shared library C:\Windows\System32\opengl32.dll
Event: 0.698 Loaded shared library C:\Windows\System32\user32.dll
Event: 0.701 Loaded shared library C:\Windows\System32\shell32.dll
Event: 0.703 Loaded shared library C:\Windows\System32\gdi32.dll
Event: 0.752 Loaded shared library C:\Users\luczu\.javacpp\cache\jaylib-4.5.0-0.jar\com\raylib\windows-x86_64\jniRaylib.dll

Deoptimization events (20 events):
Event: 0.667 Thread 0x0000020032a7ab00 DEOPT PACKING pc=0x000002004215367c sp=0x000000dd134fd3b0
Event: 0.667 Thread 0x0000020032a7ab00 DEOPT UNPACKING pc=0x0000020041a3a1a3 sp=0x000000dd134fd338 mode 2
Event: 0.672 Thread 0x0000020032a7ab00 DEOPT PACKING pc=0x000002003a67e018 sp=0x000000dd134fe240
Event: 0.672 Thread 0x0000020032a7ab00 DEOPT UNPACKING pc=0x0000020041a3ace3 sp=0x000000dd134fd758 mode 0
Event: 0.676 Thread 0x0000020032a7ab00 Uncommon trap: trap_request=0xffffff45 fr.pc=0x0000020042154664 relative=0x00000000000001c4
Event: 0.676 Thread 0x0000020032a7ab00 Uncommon trap: reason=unstable_if action=reinterpret pc=0x0000020042154664 method=sun.net.www.ParseUtil.firstEncodeIndex(Ljava/lang/String;)I @ 51 c2
Event: 0.676 Thread 0x0000020032a7ab00 DEOPT PACKING pc=0x0000020042154664 sp=0x000000dd134fd5c0
Event: 0.676 Thread 0x0000020032a7ab00 DEOPT UNPACKING pc=0x0000020041a3a1a3 sp=0x000000dd134fd548 mode 2
Event: 0.676 Thread 0x0000020032a7ab00 Uncommon trap: trap_request=0xffffff45 fr.pc=0x000002004216ff04 relative=0x0000000000001364
Event: 0.676 Thread 0x0000020032a7ab00 Uncommon trap: reason=unstable_if action=reinterpret pc=0x000002004216ff04 method=java.net.URL.<init>(Ljava/net/URL;Ljava/lang/String;Ljava/net/URLStreamHandler;)V @ 273 c2
Event: 0.676 Thread 0x0000020032a7ab00 DEOPT PACKING pc=0x000002004216ff04 sp=0x000000dd134fd500
Event: 0.677 Thread 0x0000020032a7ab00 DEOPT UNPACKING pc=0x0000020041a3a1a3 sp=0x000000dd134fd490 mode 2
Event: 0.705 Thread 0x0000020032a7ab00 DEOPT PACKING pc=0x000002003a67e018 sp=0x000000dd134fd280
Event: 0.705 Thread 0x0000020032a7ab00 DEOPT UNPACKING pc=0x0000020041a3ace3 sp=0x000000dd134fc788 mode 0
Event: 0.740 Thread 0x0000020032a7ab00 Uncommon trap: trap_request=0xffffff45 fr.pc=0x000002004217b9a4 relative=0x0000000000003d44
Event: 0.740 Thread 0x0000020032a7ab00 Uncommon trap: reason=unstable_if action=reinterpret pc=0x000002004217b9a4 method=sun.net.www.ParseUtil.firstEncodeIndex(Ljava/lang/String;)I @ 51 c2
Event: 0.741 Thread 0x0000020032a7ab00 DEOPT PACKING pc=0x000002004217b9a4 sp=0x000000dd134fc300
Event: 0.741 Thread 0x0000020032a7ab00 DEOPT UNPACKING pc=0x0000020041a3a1a3 sp=0x000000dd134fc020 mode 2
Event: 0.795 Thread 0x0000020032a7ab00 DEOPT PACKING pc=0x000002003a695dc8 sp=0x000000dd134fbcc0
Event: 0.795 Thread 0x0000020032a7ab00 DEOPT UNPACKING pc=0x0000020041a3ace3 sp=0x000000dd134fb1d8 mode 0

Classes unloaded (0 events):
No events

Classes redefined (0 events):
No events

Internal exceptions (7 events):
Event: 0.171 Thread 0x0000020032a7ab00 Exception <a 'java/lang/NoSuchMethodError'{0x0000000715244498}: 'int java.lang.invoke.DirectMethodHandle$Holder.invokeStaticInit(java.lang.Object, java.lang.Object, java.lang.Object, java.lang.Object)'> (0x0000000715244498) 
thrown [s\src\hotspot\share\interpreter\linkResolver.cpp, line 759]
Event: 0.173 Thread 0x0000020032a7ab00 Exception <a 'java/lang/NoSuchMethodError'{0x000000071524f1a8}: 'java.lang.Object java.lang.invoke.DirectMethodHandle$Holder.invokeInterface(java.lang.Object, java.lang.Object)'> (0x000000071524f1a8) 
thrown [s\src\hotspot\share\interpreter\linkResolver.cpp, line 759]
Event: 0.174 Thread 0x0000020032a7ab00 Exception <a 'java/lang/IncompatibleClassChangeError'{0x00000007152528c0}: Found class java.lang.Object, but interface was expected> (0x00000007152528c0) 
thrown [s\src\hotspot\share\interpreter\linkResolver.cpp, line 826]
Event: 0.175 Thread 0x0000020032a7ab00 Exception <a 'java/lang/NoSuchMethodError'{0x0000000715255a68}: 'void java.lang.invoke.DirectMethodHandle$Holder.invokeStatic(java.lang.Object, java.lang.Object)'> (0x0000000715255a68) 
thrown [s\src\hotspot\share\interpreter\linkResolver.cpp, line 759]
Event: 0.176 Thread 0x0000020032a7ab00 Exception <a 'java/lang/NoSuchMethodError'{0x00000007152590d8}: 'void java.lang.invoke.DirectMethodHandle$Holder.invokeStaticInit(java.lang.Object, java.lang.Object)'> (0x00000007152590d8) 
thrown [s\src\hotspot\share\interpreter\linkResolver.cpp, line 759]
Event: 0.177 Thread 0x0000020032a7ab00 Exception <a 'java/lang/NoSuchMethodError'{0x000000071525f7a0}: 'int java.lang.invoke.DirectMethodHandle$Holder.invokeStaticInit(java.lang.Object, java.lang.Object)'> (0x000000071525f7a0) 
thrown [s\src\hotspot\share\interpreter\linkResolver.cpp, line 759]
Event: 0.745 Thread 0x0000020032a7ab00 Exception <a 'java/lang/NoSuchMethodError'{0x0000000714115da8}: 'java.lang.Object java.lang.invoke.DirectMethodHandle$Holder.invokeStatic(java.lang.Object, int, java.lang.Object)'> (0x0000000714115da8) 
thrown [s\src\hotspot\share\interpreter\linkResolver.cpp, line 759]

VM Operations (6 events):
Event: 0.137 Executing VM operation: HandshakeAllThreads
Event: 0.137 Executing VM operation: HandshakeAllThreads done
Event: 0.236 Executing VM operation: HandshakeAllThreads
Event: 0.236 Executing VM operation: HandshakeAllThreads done
Event: 0.814 Executing VM operation: G1CollectForAllocation
Event: 0.817 Executing VM operation: G1CollectForAllocation done

Events (20 events):
Event: 0.735 loading class java/time/zone/TzdbZoneRulesProvider
Event: 0.735 loading class java/time/zone/TzdbZoneRulesProvider done
Event: 0.741 loading class java/time/zone/Ser
Event: 0.741 loading class java/io/Externalizable
Event: 0.741 loading class java/io/Externalizable done
Event: 0.741 loading class java/time/zone/Ser done
Event: 0.742 loading class java/time/Month
Event: 0.742 loading class java/time/Month done
Event: 0.742 loading class java/time/DayOfWeek
Event: 0.743 loading class java/time/DayOfWeek done
Event: 0.743 loading class java/time/zone/ZoneOffsetTransitionRule$TimeDefinition
Event: 0.743 loading class java/time/zone/ZoneOffsetTransitionRule$TimeDefinition done
Event: 0.744 loading class java/time/zone/ZoneOffsetTransition
Event: 0.744 loading class java/time/zone/ZoneOffsetTransition done
Event: 0.745 loading class java/time/temporal/TemporalAdjusters
Event: 0.745 loading class java/time/temporal/TemporalAdjusters done
Event: 0.748 loading class java/time/zone/ZoneOffsetTransitionRule$1
Event: 0.748 loading class java/time/zone/ZoneOffsetTransitionRule$1 done
Event: 0.748 loading class java/util/concurrent/TimeUnit$1
Event: 0.748 loading class java/util/concurrent/TimeUnit$1 done


Dynamic libraries:
0x00007ff6f1cb0000 - 0x00007ff6f1cbe000 	C:\Users\luczu\.jdks\corretto-17.0.10\bin\java.exe
0x00007ffc01550000 - 0x00007ffc01767000 	C:\WINDOWS\SYSTEM32\ntdll.dll
0x00007ffbff6e0000 - 0x00007ffbff7a4000 	C:\WINDOWS\System32\KERNEL32.DLL
0x00007ffbfedd0000 - 0x00007ffbff176000 	C:\WINDOWS\System32\KERNELBASE.dll
0x00007ffbfec10000 - 0x00007ffbfed21000 	C:\WINDOWS\System32\ucrtbase.dll
0x00007ffbc4150000 - 0x00007ffbc416b000 	C:\Users\luczu\.jdks\corretto-17.0.10\bin\VCRUNTIME140.dll
0x00007ffbc4170000 - 0x00007ffbc4187000 	C:\Users\luczu\.jdks\corretto-17.0.10\bin\jli.dll
0x00007ffbff530000 - 0x00007ffbff6de000 	C:\WINDOWS\System32\USER32.dll
0x00007ffbfeaa0000 - 0x00007ffbfeac6000 	C:\WINDOWS\System32\win32u.dll
0x00007ffbd5f10000 - 0x00007ffbd61a3000 	C:\WINDOWS\WinSxS\amd64_microsoft.windows.common-controls_6595b64144ccf1df_6.0.22621.2506_none_270c5ae97388e100\COMCTL32.dll
0x00007ffbff830000 - 0x00007ffbff859000 	C:\WINDOWS\System32\GDI32.dll
0x00007ffbff320000 - 0x00007ffbff3c7000 	C:\WINDOWS\System32\msvcrt.dll
0x00007ffbff180000 - 0x00007ffbff298000 	C:\WINDOWS\System32\gdi32full.dll
0x00007ffbfed30000 - 0x00007ffbfedca000 	C:\WINDOWS\System32\msvcp_win.dll
0x00007ffc00410000 - 0x00007ffc00441000 	C:\WINDOWS\System32\IMM32.DLL
0x00007ffbd8a10000 - 0x00007ffbd8a1c000 	C:\Users\luczu\.jdks\corretto-17.0.10\bin\vcruntime140_1.dll
0x00007ffbc40c0000 - 0x00007ffbc414d000 	C:\Users\luczu\.jdks\corretto-17.0.10\bin\msvcp140.dll
0x00007ffba12d0000 - 0x00007ffba1f32000 	C:\Users\luczu\.jdks\corretto-17.0.10\bin\server\jvm.dll
0x00007ffc00720000 - 0x00007ffc007d3000 	C:\WINDOWS\System32\ADVAPI32.dll
0x00007ffc012d0000 - 0x00007ffc01378000 	C:\WINDOWS\System32\sechost.dll
0x00007ffbfea70000 - 0x00007ffbfea98000 	C:\WINDOWS\System32\bcrypt.dll
0x00007ffc00450000 - 0x00007ffc00567000 	C:\WINDOWS\System32\RPCRT4.dll
0x00007ffbf3f90000 - 0x00007ffbf3f99000 	C:\WINDOWS\SYSTEM32\WSOCK32.dll
0x00007ffbf4820000 - 0x00007ffbf4854000 	C:\WINDOWS\SYSTEM32\WINMM.dll
0x00007ffbfd710000 - 0x00007ffbfd75d000 	C:\WINDOWS\SYSTEM32\POWRPROF.dll
0x00007ffc008e0000 - 0x00007ffc00951000 	C:\WINDOWS\System32\WS2_32.dll
0x00007ffbf4a50000 - 0x00007ffbf4a5a000 	C:\WINDOWS\SYSTEM32\VERSION.dll
0x00007ffbfd6f0000 - 0x00007ffbfd703000 	C:\WINDOWS\SYSTEM32\UMPDC.dll
0x00007ffbfd9b0000 - 0x00007ffbfd9c8000 	C:\WINDOWS\SYSTEM32\kernel.appcore.dll
0x00007ffbd8820000 - 0x00007ffbd882a000 	C:\Users\luczu\.jdks\corretto-17.0.10\bin\jimage.dll
0x00007ffbfcd70000 - 0x00007ffbfcfa3000 	C:\WINDOWS\SYSTEM32\DBGHELP.DLL
0x00007ffc00f40000 - 0x00007ffc012c9000 	C:\WINDOWS\System32\combase.dll
0x00007ffc007e0000 - 0x00007ffc008b7000 	C:\WINDOWS\System32\OLEAUT32.dll
0x00007ffbe5ac0000 - 0x00007ffbe5af2000 	C:\WINDOWS\SYSTEM32\dbgcore.DLL
0x00007ffbfeb90000 - 0x00007ffbfec0a000 	C:\WINDOWS\System32\bcryptPrimitives.dll
0x00007ffbc4090000 - 0x00007ffbc40b5000 	C:\Users\luczu\.jdks\corretto-17.0.10\bin\java.dll
0x00007ffba11f0000 - 0x00007ffba12c7000 	C:\Users\luczu\.jdks\corretto-17.0.10\bin\jsvml.dll
0x00007ffbff9f0000 - 0x00007ffc0024a000 	C:\WINDOWS\System32\SHELL32.dll
0x00007ffbfc1b0000 - 0x00007ffbfcaa6000 	C:\WINDOWS\SYSTEM32\windows.storage.dll
0x00007ffbfc070000 - 0x00007ffbfc1ae000 	C:\WINDOWS\SYSTEM32\wintypes.dll
0x00007ffc01380000 - 0x00007ffc01473000 	C:\WINDOWS\System32\SHCORE.dll
0x00007ffbff480000 - 0x00007ffbff4de000 	C:\WINDOWS\System32\shlwapi.dll
0x00007ffbfe7c0000 - 0x00007ffbfe7e6000 	C:\WINDOWS\SYSTEM32\profapi.dll
0x00007ffbc4070000 - 0x00007ffbc4089000 	C:\Users\luczu\.jdks\corretto-17.0.10\bin\net.dll
0x00007ffbf5350000 - 0x00007ffbf5487000 	C:\WINDOWS\SYSTEM32\WINHTTP.dll
0x00007ffbfde30000 - 0x00007ffbfde99000 	C:\WINDOWS\system32\mswsock.dll
0x00007ffbc4050000 - 0x00007ffbc4066000 	C:\Users\luczu\.jdks\corretto-17.0.10\bin\nio.dll
0x00007ffbc3f10000 - 0x00007ffbc3f28000 	C:\Users\luczu\.jdks\corretto-17.0.10\bin\zip.dll
0x0000020056800000 - 0x0000020056803000 	C:\Program Files (x86)\Windows Kits\10\Redist\ucrt\DLLs\x64\api-ms-win-crt-locale-l1-1-0.dll
0x0000020056810000 - 0x0000020056814000 	C:\Program Files (x86)\Windows Kits\10\Redist\ucrt\DLLs\x64\api-ms-win-crt-string-l1-1-0.dll
0x0000020056820000 - 0x0000020056824000 	C:\Program Files (x86)\Windows Kits\10\Redist\ucrt\DLLs\x64\api-ms-win-crt-stdio-l1-1-0.dll
0x0000020056830000 - 0x0000020056835000 	C:\Program Files (x86)\Windows Kits\10\Redist\ucrt\DLLs\x64\api-ms-win-crt-math-l1-1-0.dll
0x0000020056840000 - 0x0000020056843000 	C:\Program Files (x86)\Windows Kits\10\Redist\ucrt\DLLs\x64\api-ms-win-crt-heap-l1-1-0.dll
0x0000020056850000 - 0x0000020056854000 	C:\Program Files (x86)\Windows Kits\10\Redist\ucrt\DLLs\x64\api-ms-win-crt-runtime-l1-1-0.dll
0x0000020056860000 - 0x0000020056864000 	C:\Program Files (x86)\Windows Kits\10\Redist\ucrt\DLLs\x64\api-ms-win-crt-convert-l1-1-0.dll
0x0000020056870000 - 0x0000020056873000 	C:\Program Files (x86)\Windows Kits\10\Redist\ucrt\DLLs\x64\api-ms-win-crt-environment-l1-1-0.dll
0x0000020056880000 - 0x0000020056883000 	C:\Program Files (x86)\Windows Kits\10\Redist\ucrt\DLLs\x64\api-ms-win-crt-time-l1-1-0.dll
0x0000020056890000 - 0x0000020056893000 	C:\Program Files (x86)\Windows Kits\10\Redist\ucrt\DLLs\x64\api-ms-win-crt-filesystem-l1-1-0.dll
0x00000200568a0000 - 0x00000200568a3000 	C:\Program Files (x86)\Windows Kits\10\Redist\ucrt\DLLs\x64\api-ms-win-crt-utility-l1-1-0.dll
0x00000200568b0000 - 0x00000200568b5000 	C:\Program Files (x86)\Windows Kits\10\Redist\ucrt\DLLs\x64\api-ms-win-crt-multibyte-l1-1-0.dll
0x00000200568c0000 - 0x00000200568c3000 	C:\Program Files (x86)\Windows Kits\10\Redist\ucrt\DLLs\x64\api-ms-win-crt-conio-l1-1-0.dll
0x00000200568d0000 - 0x00000200568df000 	C:\Program Files (x86)\Windows Kits\10\Redist\ucrt\DLLs\x64\api-ms-win-crt-private-l1-1-0.dll
0x00000200568e0000 - 0x00000200568e3000 	C:\Program Files (x86)\Windows Kits\10\Redist\ucrt\DLLs\x64\api-ms-win-crt-process-l1-1-0.dll
0x00000200568f0000 - 0x00000200568f3000 	C:\Program Files\Microsoft\jdk-11.0.12.7-hotspot\bin\api-ms-win-core-console-l1-2-0.dll
0x0000020056900000 - 0x0000020056903000 	C:\Program Files (x86)\Windows Kits\10\Redist\ucrt\DLLs\x64\api-ms-win-core-string-l1-1-0.dll
0x0000020056910000 - 0x0000020056913000 	C:\Program Files (x86)\Windows Kits\10\Redist\ucrt\DLLs\x64\api-ms-win-core-errorhandling-l1-1-0.dll
0x0000020056920000 - 0x0000020056923000 	C:\Program Files (x86)\Windows Kits\10\Redist\ucrt\DLLs\x64\api-ms-win-core-timezone-l1-1-0.dll
0x0000020056930000 - 0x0000020056934000 	C:\Program Files (x86)\Windows Kits\10\Redist\ucrt\DLLs\x64\api-ms-win-core-file-l1-1-0.dll
0x0000020056940000 - 0x0000020056943000 	C:\Program Files (x86)\Windows Kits\10\Redist\ucrt\DLLs\x64\api-ms-win-core-namedpipe-l1-1-0.dll
0x0000020056950000 - 0x0000020056953000 	C:\Program Files (x86)\Windows Kits\10\Redist\ucrt\DLLs\x64\api-ms-win-core-handle-l1-1-0.dll
0x0000020056960000 - 0x0000020056963000 	C:\Program Files (x86)\Windows Kits\10\Redist\ucrt\DLLs\x64\api-ms-win-core-file-l2-1-0.dll
0x0000020056970000 - 0x0000020056973000 	C:\Program Files (x86)\Windows Kits\10\Redist\ucrt\DLLs\x64\api-ms-win-core-heap-l1-1-0.dll
0x0000020056980000 - 0x0000020056983000 	C:\Program Files (x86)\Windows Kits\10\Redist\ucrt\DLLs\x64\api-ms-win-core-libraryloader-l1-1-0.dll
0x0000020056990000 - 0x0000020056993000 	C:\Program Files (x86)\Windows Kits\10\Redist\ucrt\DLLs\x64\api-ms-win-core-synch-l1-1-0.dll
0x00000200569a0000 - 0x00000200569a3000 	C:\Program Files (x86)\Windows Kits\10\Redist\ucrt\DLLs\x64\api-ms-win-core-processthreads-l1-1-0.dll
0x00000200569b0000 - 0x00000200569b3000 	C:\Program Files (x86)\Windows Kits\10\Redist\ucrt\DLLs\x64\api-ms-win-core-processenvironment-l1-1-0.dll
0x00000200569c0000 - 0x00000200569c3000 	C:\Program Files (x86)\Windows Kits\10\Redist\ucrt\DLLs\x64\api-ms-win-core-datetime-l1-1-0.dll
0x00000200569d0000 - 0x00000200569d3000 	C:\Program Files (x86)\Windows Kits\10\Redist\ucrt\DLLs\x64\api-ms-win-core-localization-l1-2-0.dll
0x00000200569e0000 - 0x00000200569e3000 	C:\Program Files (x86)\Windows Kits\10\Redist\ucrt\DLLs\x64\api-ms-win-core-sysinfo-l1-1-0.dll
0x00000200569f0000 - 0x00000200569f3000 	C:\Program Files (x86)\Windows Kits\10\Redist\ucrt\DLLs\x64\api-ms-win-core-synch-l1-2-0.dll
0x0000020056a00000 - 0x0000020056a03000 	C:\Program Files (x86)\Windows Kits\10\Redist\ucrt\DLLs\x64\api-ms-win-core-console-l1-1-0.dll
0x0000020056a10000 - 0x0000020056a13000 	C:\Program Files (x86)\Windows Kits\10\Redist\ucrt\DLLs\x64\api-ms-win-core-debug-l1-1-0.dll
0x0000020056a20000 - 0x0000020056a23000 	C:\Program Files (x86)\Windows Kits\10\Redist\ucrt\DLLs\x64\api-ms-win-core-rtlsupport-l1-1-0.dll
0x0000020056a30000 - 0x0000020056a33000 	C:\Program Files (x86)\Windows Kits\10\Redist\ucrt\DLLs\x64\api-ms-win-core-processthreads-l1-1-1.dll
0x0000020056a40000 - 0x0000020056a43000 	C:\Program Files (x86)\Windows Kits\10\Redist\ucrt\DLLs\x64\api-ms-win-core-file-l1-2-0.dll
0x0000020056a50000 - 0x0000020056a53000 	C:\Program Files (x86)\Windows Kits\10\Redist\ucrt\DLLs\x64\api-ms-win-core-profile-l1-1-0.dll
0x0000020056a60000 - 0x0000020056a63000 	C:\Program Files (x86)\Windows Kits\10\Redist\ucrt\DLLs\x64\api-ms-win-core-memory-l1-1-0.dll
0x0000020056a70000 - 0x0000020056a73000 	C:\Program Files (x86)\Windows Kits\10\Redist\ucrt\DLLs\x64\api-ms-win-core-util-l1-1-0.dll
0x0000020056a80000 - 0x0000020056a83000 	C:\Program Files (x86)\Windows Kits\10\Redist\ucrt\DLLs\x64\api-ms-win-core-interlocked-l1-1-0.dll
0x00007ffbdd130000 - 0x00007ffbdd222000 	C:\Program Files (x86)\Windows Kits\10\Redist\ucrt\DLLs\x64\ucrtbase.dll
0x00007ffbf4a40000 - 0x00007ffbf4a49000 	C:\Windows\System32\msvcp140_1.dll
0x00007ffbd8910000 - 0x00007ffbd895e000 	C:\Windows\System32\concrt140.dll
0x00007ffbd88d0000 - 0x00007ffbd8901000 	C:\Windows\System32\vcomp140.dll
0x00007ffbca720000 - 0x00007ffbca820000 	C:\Windows\System32\opengl32.dll
0x00007ffbcb160000 - 0x00007ffbcb18d000 	C:\WINDOWS\SYSTEM32\GLU32.dll
0x00007ffbfb8d0000 - 0x00007ffbfb906000 	C:\WINDOWS\SYSTEM32\dxcore.dll
0x00007ffb648b0000 - 0x00007ffb64acd000 	C:\Users\luczu\.javacpp\cache\jaylib-4.5.0-0.jar\com\raylib\windows-x86_64\jniRaylib.dll

dbghelp: loaded successfully - version: 4.0.5 - missing functions: none
symbol engine: initialized successfully - sym options: 0x614 - pdb path: .;C:\Users\luczu\.jdks\corretto-17.0.10\bin;C:\WINDOWS\SYSTEM32;C:\WINDOWS\WinSxS\amd64_microsoft.windows.common-controls_6595b64144ccf1df_6.0.22621.2506_none_270c5ae97388e100;C:\Users\luczu\.jdks\corretto-17.0.10\bin\server;C:\Program Files (x86)\Windows Kits\10\Redist\ucrt\DLLs\x64;C:\Program Files\Microsoft\jdk-11.0.12.7-hotspot\bin;C:\Users\luczu\.javacpp\cache\jaylib-4.5.0-0.jar\com\raylib\windows-x86_64

VM Arguments:
jvm_args: -Dfile.encoding=windows-1252 -Duser.country=NL -Duser.language=nl -Duser.variant 
java_command: PineVille.GameScene
java_class_path (initial): C:\Users\luczu\OneDrive\Documenten\PineVille\build\classes\java\main;C:\Users\luczu\OneDrive\Documenten\PineVille\build\resources\main;C:\Users\luczu\.gradle\caches\modules-2\files-2.1\uk.co.electronstudio.jaylib\jaylib\4.5.0-0\90c0d608df9bbd32f5f34683acc58cb433e94508\jaylib-4.5.0-0.jar
Launcher Type: SUN_STANDARD

[Global flags]
     intx CICompilerCount                          = 12                                        {product} {ergonomic}
     uint ConcGCThreads                            = 3                                         {product} {ergonomic}
     uint G1ConcRefinementThreads                  = 13                                        {product} {ergonomic}
   size_t G1HeapRegionSize                         = 2097152                                   {product} {ergonomic}
    uintx GCDrainStackTargetSize                   = 64                                        {product} {ergonomic}
   size_t InitialHeapSize                          = 264241152                                 {product} {ergonomic}
   size_t MarkStackSize                            = 4194304                                   {product} {ergonomic}
   size_t MaxHeapSize                              = 4200595456                                {product} {ergonomic}
   size_t MaxNewSize                               = 2518679552                                {product} {ergonomic}
   size_t MinHeapDeltaBytes                        = 2097152                                   {product} {ergonomic}
   size_t MinHeapSize                              = 8388608                                   {product} {ergonomic}
    uintx NonNMethodCodeHeapSize                   = 7602480                                {pd product} {ergonomic}
    uintx NonProfiledCodeHeapSize                  = 122027880                              {pd product} {ergonomic}
    uintx ProfiledCodeHeapSize                     = 122027880                              {pd product} {ergonomic}
    uintx ReservedCodeCacheSize                    = 251658240                              {pd product} {ergonomic}
     bool SegmentedCodeCache                       = true                                      {product} {ergonomic}
   size_t SoftMaxHeapSize                          = 4200595456                             {manageable} {ergonomic}
     bool UseCompressedClassPointers               = true                           {product lp64_product} {ergonomic}
     bool UseCompressedOops                        = true                           {product lp64_product} {ergonomic}
     bool UseG1GC                                  = true                                      {product} {ergonomic}
     bool UseLargePagesIndividualAllocation        = false                                  {pd product} {ergonomic}

Logging:
Log output configuration:
 #0: stdout all=warning uptime,level,tags
 #1: stderr all=off uptime,level,tags

Environment Variables:
PATH=C:\Program Files (x86)\Common Files\Intel\Shared Libraries\redist\intel64\compiler;C:\Program Files\Common Files\Oracle\Java\javapath;C:\Program Files\Microsoft\jdk-11.0.12.7-hotspot\bin;C:\windows\system32;C:\windows;C:\windows\System32\Wbem;C:\windows\System32\WindowsPowerShell\v1.0\;C:\windows\System32\OpenSSH\;C:\Program Files (x86)\NVIDIA Corporation\PhysX\Common;C:\Program Files\NVIDIA Corporation\NVIDIA NvDLISR;C:\Program Files\Microsoft SQL Server\150\Tools\Binn\;C:\Program Files\Microsoft SQL Server\Client SDK\ODBC\170\Tools\Binn\;C:\Program Files\dotnet\;C:\WINDOWS\system32;C:\WINDOWS;C:\WINDOWS\System32\Wbem;C:\WINDOWS\System32\WindowsPowerShell\v1.0\;C:\WINDOWS\System32\OpenSSH\;C:\Program Files\CMake\bin;C:\Program Files\Git\cmd;C:\Users\luczu\AppData\Local\Microsoft\WindowsApps;C:\Users\luczu\.dotnet\tools;C:\Users\luczu\AppData\Local\GitHubDesktop\bin;;C:\Users\luczu\AppData\Local\Programs\Microsoft VS Code\bin
USERNAME=luczu
OS=Windows_NT
PROCESSOR_IDENTIFIER=Intel64 Family 6 Model 141 Stepping 1, GenuineIntel
TMP=C:\Users\luczu\AppData\Local\Temp
TEMP=C:\Users\luczu\AppData\Local\Temp



Periodic native trim disabled


---------------  S Y S T E M  ---------------

OS:
 Windows 11 , 64 bit Build 22621 (10.0.22621.2506)
OS uptime: 0 days 0:44 hours
Hyper-V role detected

CPU: total 16 (initial active 16) (8 cores per cpu, 2 threads per core) family 6 model 141 stepping 1 microcode 0x4e, cx8, cmov, fxsr, ht, mmx, 3dnowpref, sse, sse2, sse3, ssse3, sse4.1, sse4.2, popcnt, lzcnt, tsc, tscinvbit, avx, avx2, aes, erms, clmul, bmi1, bmi2, adx, avx512f, avx512dq, avx512cd, avx512bw, avx512vl, sha, fma, vzeroupper, avx512_vpopcntdq, avx512_vpclmulqdq, avx512_vaes, avx512_vnni, clflush, clflushopt, clwb, avx512_vbmi2, avx512_vbmi, hv
Processor Information for all 16 processors :
  Max Mhz: 2304, Current Mhz: 2304, Mhz Limit: 2304

Memory: 4k page, system-wide physical 16021M (3992M free)
TotalPageFile size 34453M (AvailPageFile size 16230M)
current process WorkingSet (physical memory assigned to process): 125M, peak: 125M
current process commit charge ("private bytes"): 416M, peak: 416M

vm_info: OpenJDK 64-Bit Server VM (17.0.10+7-LTS) for windows-amd64 JRE (17.0.10+7-LTS), built on Jan 10 2024 22:11:07 by "Administrator" with MS VC++ 16.10 / 16.11 (VS2019)

END.
