#
# A fatal error has been detected by the Java Runtime Environment:
#
#  EXCEPTION_ACCESS_VIOLATION (0xc0000005) at pc=0x00007ffbc467f42b, pid=4436, tid=4188
#
# JRE version: OpenJDK Runtime Environment Corretto-17.0.10.7.1 (17.0.10+7) (build 17.0.10+7-LTS)
# Java VM: OpenJDK 64-Bit Server VM Corretto-17.0.10.7.1 (17.0.10+7-LTS, mixed mode, sharing, tiered, compressed oops, compressed class ptrs, g1 gc, windows-amd64)
# Problematic frame:
# C  [jniRaylib.dll+0xdf42b]
#
# No core dump will be written. Minidumps are not enabled by default on client versions of Windows
#
# If you would like to submit a bug report, please visit:
#   https://github.com/corretto/corretto-17/issues/
# The crash happened outside the Java Virtual Machine in native code.
# See problematic frame for where to report the bug.
#

---------------  S U M M A R Y ------------

Command Line: -Dfile.encoding=windows-1252 -Duser.country=NL -Duser.language=nl -Duser.variant PineVille.GameScene

Host: 11th Gen Intel(R) Core(TM) i7-11800H @ 2.30GHz, 16 cores, 15G,  Windows 11 , 64 bit Build 22621 (10.0.22621.2506)
Time: Fri Feb 16 09:56:21 2024 West-Europa (standaardtijd) elapsed time: 5.768340 seconds (0d 0h 0m 5s)

---------------  T H R E A D  ---------------

Current thread (0x00000202a3edc7b0):  JavaThread "main" [_thread_in_native, id=4188, stack(0x00000092fb200000,0x00000092fb300000)]

Stack: [0x00000092fb200000,0x00000092fb300000],  sp=0x00000092fb2feea0,  free space=1019k
Native frames: (J=compiled Java code, j=interpreted, Vv=VM code, C=native code)
C  [jniRaylib.dll+0xdf42b]

Java frames: (J=compiled Java code, j=interpreted, Vv=VM code)
J 821  com.raylib.Raylib.DrawTexturePro(Lcom/raylib/Raylib$Texture;Lcom/raylib/Raylib$Rectangle;Lcom/raylib/Raylib$Rectangle;Lcom/raylib/Raylib$Vector2;FLcom/raylib/Raylib$Color;)V (0 bytes) @ 0x00000202b3615962 [0x00000202b36158a0+0x00000000000000c2]
j  PineVille.GameScene.main([Ljava/lang/String;)V+270
v  ~StubRoutines::call_stub

siginfo: EXCEPTION_ACCESS_VIOLATION (0xc0000005), writing address 0x000002030f6d1030


Registers:
RAX=0x000002030f6d1030, RBX=0x00000092fb2ff040, RCX=0x0000000000000000, RDX=0x000002030f641a50
RSP=0x00000092fb2feea0, RBP=0x00000092fb2ff100, RSI=0x0000000000000004, RDI=0x00000092fb2ff030
R8 =0x0000000000000000, R9 =0x0000000000000000, R10=0x00007ffb93e2de20, R11=0x0000000000000004
R12=0x000002030d988830, R13=0x0000000000000000, R14=0x000002030e5731b0, R15=0x000002031aa90db0
RIP=0x00007ffbc467f42b, EFLAGS=0x0000000000010246


Register to memory mapping:

RIP=0x00007ffbc467f42b jniRaylib.dll
RAX=0x000002030f6d1030 is an unknown value
RBX=0x00000092fb2ff040 is pointing into the stack for thread: 0x00000202a3edc7b0
RCX=0x0 is NULL
RDX=0x000002030f641a50 points into unknown readable memory: 0x00007ffc00002000 | 00 20 00 00 fc 7f 00 00
RSP=0x00000092fb2feea0 is pointing into the stack for thread: 0x00000202a3edc7b0
RBP=0x00000092fb2ff100 is pointing into the stack for thread: 0x00000202a3edc7b0
RSI=0x0000000000000004 is an unknown value
RDI=0x00000092fb2ff030 is pointing into the stack for thread: 0x00000202a3edc7b0
R8 =0x0 is NULL
R9 =0x0 is NULL
R10=0x00007ffb93e2de20 jvm.dll
R11=0x0000000000000004 is an unknown value
R12=0x000002030d988830 points into unknown readable memory: 0x0000002000000004 | 04 00 00 00 20 00 00 00
R13=0x0 is NULL
R14=0x000002030e5731b0 points into unknown readable memory: 0x0000656cffffffff | ff ff ff ff 6c 65 00 00
R15=0x000002031aa90db0 points into unknown readable memory: 0x0000000000000000 | 00 00 00 00 00 00 00 00


Top of Stack: (sp=0x00000092fb2feea0)
0x00000092fb2feea0:   00003fb1762fbbfd 00007ffc0000000e
0x00000092fb2feeb0:   00000092fb2ff210 0000000000000000
0x00000092fb2feec0:   0000000043640000 0000000000000000
0x00000092fb2feed0:   0000000000000000 0000000000000000
0x00000092fb2feee0:   0000000000000000 0000000000000000
0x00000092fb2feef0:   00000092fb2ff040 00007ffbc4648749
0x00000092fb2fef00:   00000202c78c0190 00000092fb2fef50
0x00000092fb2fef10:   00000202a3edc7b0 00000092fb2fef60
0x00000092fb2fef20:   4200000043640000 42c8000043640000
0x00000092fb2fef30:   00000202a3edc7b0 0000000000000000
0x00000092fb2fef40:   0000000000000000 0000000000000000
0x00000092fb2fef50:   0000000000000000 0000000000000000
0x00000092fb2fef60:   0000000000000000 0000000000000000
0x00000092fb2fef70:   0000000000000000 0000000000000000
0x00000092fb2fef80:   0000000000000000 0000000000000000
0x00000092fb2fef90:   0000000000000000 0000000000000000
0x00000092fb2fefa0:   0000000000000000 0000000000000000
0x00000092fb2fefb0:   0000000000000000 0000000000000000
0x00000092fb2fefc0:   0000000000000000 0000000000000000
0x00000092fb2fefd0:   0000000000000000 0000000000000000
0x00000092fb2fefe0:   000002030dbf4450 000002030dbf45f0
0x00000092fb2feff0:   00000202a3edca68 00007ffbc45e2213
0x00000092fb2ff000:   0000020242c80000 00000092fb2ff100
0x00000092fb2ff010:   00000202a3edca68 00007ffbc45b8b4b
0x00000092fb2ff020:   0000000000000000 00000000ffffffff
0x00000092fb2ff030:   42c8000042c80000 4300000043000000
0x00000092fb2ff040:   0000000000000000 4200000042000000
0x00000092fb2ff050:   0000002000000004 0000000100000020
0x00000092fb2ff060:   0000020300000007 00000203094c2c90
0x00000092fb2ff070:   00000202a3edc7b0 0000000000000000
0x00000092fb2ff080:   00000007155fa948 00000007154742a0
0x00000092fb2ff090:   000002030944bd40 00000202b3615a02 

Instructions: (pc=0x00007ffbc467f42b)
0x00007ffbc467f32b:   fa 01 75 0b 84 54 c1 f4 75 54 8d 4a 02 eb 43 83
0x00007ffbc467f33b:   fa 04 75 20 8b 4c c1 f4 b8 56 55 55 55 f7 e9 8b
0x00007ffbc467f34b:   c2 c1 e8 1f 03 d0 8d 04 52 3b c8 75 31 b9 04 00
0x00007ffbc467f35b:   00 00 eb 1e 83 fa 07 75 25 8b 44 c1 f4 25 03 00
0x00007ffbc467f36b:   00 80 7d 07 ff c8 83 c8 fc ff c0 85 c0 75 0f 8d
0x00007ffbc467f37b:   48 05 e8 7e a4 ff ff 4c 8b 05 27 2e 11 00 4d 63
0x00007ffbc467f38b:   48 04 4d 8b 40 08 8b 05 41 2e 11 00 49 c1 e1 06
0x00007ffbc467f39b:   8d 0c 40 4b 8b 44 01 08 48 63 d1 f3 0f 11 34 90
0x00007ffbc467f3ab:   48 8b 05 fe 2d 11 00 4c 63 48 04 4c 8b 40 08 8b
0x00007ffbc467f3bb:   05 18 2e 11 00 49 c1 e1 06 8d 0c 40 4b 8b 44 01
0x00007ffbc467f3cb:   08 48 63 d1 f3 0f 11 7c 90 04 48 8b 05 d4 2d 11
0x00007ffbc467f3db:   00 4c 63 48 04 4c 8b 40 08 8b 05 ee 2d 11 00 49
0x00007ffbc467f3eb:   c1 e1 06 8d 0c 40 4b 8b 44 01 08 48 63 d1 f3 44
0x00007ffbc467f3fb:   0f 11 44 90 08 48 8b 05 a9 2d 11 00 f3 0f 10 05
0x00007ffbc467f40b:   cd 2d 11 00 4c 63 40 04 48 8b 50 08 8b 05 bb 2d
0x00007ffbc467f41b:   11 00 03 c0 49 c1 e0 06 48 63 c8 49 8b 44 10 10
0x00007ffbc467f42b:   f3 0f 11 04 88 48 8b 05 79 2d 11 00 f3 0f 10 05
0x00007ffbc467f43b:   a1 2d 11 00 4c 63 40 04 48 8b 50 08 8b 05 8b 2d
0x00007ffbc467f44b:   11 00 03 c0 49 c1 e0 06 48 63 c8 49 8b 44 10 10
0x00007ffbc467f45b:   f3 0f 11 44 88 04 48 8b 05 48 2d 11 00 4c 63 40
0x00007ffbc467f46b:   04 48 8b 48 08 8b 05 62 2d 11 00 49 c1 e0 06 8d
0x00007ffbc467f47b:   04 85 00 00 00 00 49 8b 4c 08 18 48 63 d0 0f b6
0x00007ffbc467f48b:   05 60 2d 11 00 88 04 0a 48 8b 05 16 2d 11 00 4c
0x00007ffbc467f49b:   63 40 04 48 8b 48 08 8b 05 30 2d 11 00 49 c1 e0
0x00007ffbc467f4ab:   06 8d 04 85 00 00 00 00 49 8b 4c 08 18 48 63 d0
0x00007ffbc467f4bb:   0f b6 05 2f 2d 11 00 88 44 11 01 48 8b 05 e3 2c
0x00007ffbc467f4cb:   11 00 4c 63 40 04 48 8b 48 08 8b 05 fd 2c 11 00
0x00007ffbc467f4db:   49 c1 e0 06 8d 04 85 00 00 00 00 49 8b 4c 08 18
0x00007ffbc467f4eb:   48 63 d0 0f b6 05 fd 2c 11 00 88 44 11 02 48 8b
0x00007ffbc467f4fb:   05 b0 2c 11 00 4c 63 40 04 48 8b 48 08 8b 05 ca
0x00007ffbc467f50b:   2c 11 00 49 c1 e0 06 49 8b 4c 08 18 8d 04 85 00
0x00007ffbc467f51b:   00 00 00 0f 28 74 24 40 0f 28 7c 24 30 44 0f 28 


Stack slot to memory mapping:
stack at sp + 0 slots: 0x00003fb1762fbbfd is an unknown value
stack at sp + 1 slots: 0x00007ffc0000000e is an unknown value
stack at sp + 2 slots: 0x00000092fb2ff210 is pointing into the stack for thread: 0x00000202a3edc7b0
stack at sp + 3 slots: 0x0 is NULL
stack at sp + 4 slots: 0x0000000043640000 is an unknown value
stack at sp + 5 slots: 0x0 is NULL
stack at sp + 6 slots: 0x0 is NULL
stack at sp + 7 slots: 0x0 is NULL


Compiled method (n/a)    5842  821     n 0       com.raylib.Raylib::DrawTexturePro (native)
 total in heap  [0x00000202b3615710,0x00000202b3615b40] = 1072
 relocation     [0x00000202b3615868,0x00000202b3615898] = 48
 main code      [0x00000202b36158a0,0x00000202b3615b38] = 664
 oops           [0x00000202b3615b38,0x00000202b3615b40] = 8

[Constant Pool (empty)]

[MachCode]
[Entry Point]
  # {method} {0x000002030944bd48} 'DrawTexturePro' '(Lcom/raylib/Raylib$Texture;Lcom/raylib/Raylib$Rectangle;Lcom/raylib/Raylib$Rectangle;Lcom/raylib/Raylib$Vector2;FLcom/raylib/Raylib$Color;)V' in 'com/raylib/Raylib'
  # parm0:    rdx:rdx   = 'com/raylib/Raylib$Texture'
  # parm1:    r8:r8     = 'com/raylib/Raylib$Rectangle'
  # parm2:    r9:r9     = 'com/raylib/Raylib$Rectangle'
  # parm3:    rdi:rdi   = 'com/raylib/Raylib$Vector2'
  # parm4:    xmm0      = float
  # parm5:    rsi:rsi   = 'com/raylib/Raylib$Color'
  #           [sp+0x90]  (sp of caller)
  0x00000202b36158a0: 448b 5208 | 49bb 0000 | 00c8 0202 | 0000 4d03 | d349 3bc2 | 0f84 0600 

  0x00000202b36158b8: ;   {runtime_call ic_miss_stub}
  0x00000202b36158b8: 0000 e9c1 | bc87 ff90 
[Verified Entry Point]
  0x00000202b36158c0: 8984 2400 | 90ff ff55 | 488b ec48 | 81ec 8000 | 0000 4889 | 7424 6048 | 83fe 0048 | 8d44 2460 
  0x00000202b36158e0: 480f 4444 | 2460 4889 | 4424 38c5 | fa11 4424 | 3048 897c | 2458 4883 | ff00 488d | 4424 5848 
  0x00000202b3615900: 0f44 4424 | 5848 8944 | 2428 4c89 | 4c24 5049 | 83f9 0048 | 8d44 2450 | 480f 4444 | 2450 4889 
  0x00000202b3615920: 4424 204c | 8944 2448 | 4983 f800 | 4c8d 4c24 | 484c 0f44 | 4c24 4848 | 8954 2440 | 4883 fa00 
  0x00000202b3615940: 4c8d 4424 | 404c 0f44 

  0x00000202b3615948: ;   {oop(a 'java/lang/Class'{0x0000000713e2d550} = 'com/raylib/Raylib')}
  0x00000202b3615948: 4424 4049 | be50 d5e2 | 1307 0000 | 004c 8974 | 2470 4c8d | 7424 7049 | 8bd6 c5f8 

  0x00000202b3615964: ;   {internal_word}
  0x00000202b3615964: 7749 ba62 | 5961 b302 | 0200 004d | 8997 a002 | 0000 4989 | a798 0200 

  0x00000202b361597c: ;   {external_word}
  0x00000202b361597c: 0049 ba79 | 35e1 93fb | 7f00 0041 | 803a 000f | 8452 0000 | 0052 4150 

  0x00000202b3615994: ;   {metadata({method} {0x000002030944bd48} 'DrawTexturePro' '(Lcom/raylib/Raylib$Texture;Lcom/raylib/Raylib$Rectangle;Lcom/raylib/Raylib$Rectangle;Lcom/raylib/Raylib$Vector2;FLcom/raylib/Raylib$Color;)V' in 'com/raylib/Raylib')}
  0x00000202b3615994: 4151 48ba | 40bd 4409 | 0302 0000 | 498b cf48 | 83ec 20f7 | c40f 0000 | 000f 841a | 0000 0048 
  0x00000202b36159b4: ;   {runtime_call}
  0x00000202b36159b4: 83ec 0849 | ba00 3097 | 93fb 7f00 | 0041 ffd2 | 4883 c408 | e90d 0000 

  0x00000202b36159cc: ;   {runtime_call}
  0x00000202b36159cc: 0049 ba00 | 3097 93fb | 7f00 0041 | ffd2 4883 | c420 4159 | 4158 5a49 | 8d8f b802 | 0000 41c7 
  0x00000202b36159ec: 8748 0300 | 0004 0000 

  0x00000202b36159f4: ;   {runtime_call}
  0x00000202b36159f4: 0049 ba10 | 205e c4fb | 7f00 0041 | ffd2 c5f8 | 7741 c787 | 4803 0000 | 0500 0000 | f083 4424 
  0x00000202b3615a14: c000 493b | af50 0300 | 000f 8711 | 0000 0041 | 81bf 3803 | 0000 0000 | 0000 0f84 | 2400 0000 
  0x00000202b3615a34: c5f8 7749 | 8bcf 4c8b | e448 83ec | 2048 83e4 

  0x00000202b3615a44: ;   {runtime_call}
  0x00000202b3615a44: f049 ba90 | 44a7 93fb | 7f00 0041 | ffd2 498b | e44d 33e4 | 41c7 8748 | 0300 0008 | 0000 0041 
  0x00000202b3615a64: 81bf b803 | 0000 0200 | 0000 0f84 | 9b00 0000 

  0x00000202b3615a74: ;   {external_word}
  0x00000202b3615a74: 49ba 7935 | e193 fb7f | 0000 4180 | 3a00 0f84 | 4800 0000 

  0x00000202b3615a88: ;   {metadata({method} {0x000002030944bd48} 'DrawTexturePro' '(Lcom/raylib/Raylib$Texture;Lcom/raylib/Raylib$Rectangle;Lcom/raylib/Raylib$Rectangle;Lcom/raylib/Raylib$Vector2;FLcom/raylib/Raylib$Color;)V' in 'com/raylib/Raylib')}
  0x00000202b3615a88: 48ba 40bd | 4409 0302 | 0000 498b | cf48 83ec | 20f7 c40f | 0000 000f | 841a 0000 | 0048 83ec 
  0x00000202b3615aa8: ;   {runtime_call}
  0x00000202b3615aa8: 0849 ba00 | 3097 93fb | 7f00 0041 | ffd2 4883 | c408 e90d 

  0x00000202b3615abc: ;   {runtime_call}
  0x00000202b3615abc: 0000 0049 | ba00 3097 | 93fb 7f00 | 0041 ffd2 | 4883 c420 | 49c7 8798 | 0200 0000 | 0000 0049 
  0x00000202b3615adc: c787 a002 | 0000 0000 | 0000 c5f8 | 7749 8b8f | d800 0000 | c781 0001 | 0000 0000 | 0000 c949 
  0x00000202b3615afc: 817f 0800 | 0000 000f | 8501 0000 

  0x00000202b3615b08: ;   {runtime_call StubRoutines (1)}
  0x00000202b3615b08: 00c3 e9f1 | b382 ffc5 | f877 4c8b | e448 83ec | 2048 83e4 

  0x00000202b3615b1c: ;   {runtime_call}
  0x00000202b3615b1c: f049 ba80 | 6097 93fb | 7f00 0041 | ffd2 498b | e44d 33e4 | e93f ffff | fff4 f4f4 
[/MachCode]


---------------  P R O C E S S  ---------------

Threads class SMR info:
_java_thread_list=0x000002031a9ed990, length=13, elements={
0x00000202a3edc7b0, 0x00000202c73b6380, 0x00000202c73b6f40, 0x00000202c73cd3d0,
0x00000202c73cdf90, 0x00000202c73d0960, 0x00000202c73d3330, 0x00000202c73d50e0,
0x00000202c73f94a0, 0x00000202c77b9fe0, 0x00000202c790afd0, 0x00000202c790e920,
0x00000202c794b550
}

Java Threads: ( => current thread )
=>0x00000202a3edc7b0 JavaThread "main" [_thread_in_native, id=4188, stack(0x00000092fb200000,0x00000092fb300000)]
  0x00000202c73b6380 JavaThread "Reference Handler" daemon [_thread_blocked, id=23468, stack(0x00000092fb900000,0x00000092fba00000)]
  0x00000202c73b6f40 JavaThread "Finalizer" daemon [_thread_blocked, id=23972, stack(0x00000092fba00000,0x00000092fbb00000)]
  0x00000202c73cd3d0 JavaThread "Signal Dispatcher" daemon [_thread_blocked, id=22792, stack(0x00000092fbb00000,0x00000092fbc00000)]
  0x00000202c73cdf90 JavaThread "Attach Listener" daemon [_thread_blocked, id=228, stack(0x00000092fbc00000,0x00000092fbd00000)]
  0x00000202c73d0960 JavaThread "Service Thread" daemon [_thread_blocked, id=28880, stack(0x00000092fbd00000,0x00000092fbe00000)]
  0x00000202c73d3330 JavaThread "Monitor Deflation Thread" daemon [_thread_blocked, id=30984, stack(0x00000092fbe00000,0x00000092fbf00000)]
  0x00000202c73d50e0 JavaThread "C2 CompilerThread0" daemon [_thread_blocked, id=32728, stack(0x00000092fbf00000,0x00000092fc000000)]
  0x00000202c73f94a0 JavaThread "C1 CompilerThread0" daemon [_thread_blocked, id=8268, stack(0x00000092fc000000,0x00000092fc100000)]
  0x00000202c77b9fe0 JavaThread "Sweeper thread" daemon [_thread_blocked, id=19828, stack(0x00000092fc100000,0x00000092fc200000)]
  0x00000202c790afd0 JavaThread "Notification Thread" daemon [_thread_blocked, id=32508, stack(0x00000092fc400000,0x00000092fc500000)]
  0x00000202c790e920 JavaThread "Common-Cleaner" daemon [_thread_blocked, id=11032, stack(0x00000092fc600000,0x00000092fc700000)]
  0x00000202c794b550 JavaThread "JavaCPP Deallocator" daemon [_thread_blocked, id=28372, stack(0x00000092fc700000,0x00000092fc800000)]

Other Threads:
  0x00000202c73b18a0 VMThread "VM Thread" [stack: 0x00000092fb800000,0x00000092fb900000] [id=9848]
  0x00000202c790c4c0 WatcherThread [stack: 0x00000092fc500000,0x00000092fc600000] [id=9740]
  0x00000202a3f49090 GCTaskThread "GC Thread#0" [stack: 0x00000092fb300000,0x00000092fb400000] [id=32012]
  0x000002030e431650 GCTaskThread "GC Thread#1" [stack: 0x00000092fcb00000,0x00000092fcc00000] [id=11708]
  0x000002030e1c5b70 GCTaskThread "GC Thread#2" [stack: 0x00000092fcc00000,0x00000092fcd00000] [id=1296]
  0x000002030d67c280 GCTaskThread "GC Thread#3" [stack: 0x00000092fcd00000,0x00000092fce00000] [id=12416]
  0x000002030d67c540 GCTaskThread "GC Thread#4" [stack: 0x00000092fce00000,0x00000092fcf00000] [id=12092]
  0x000002030d67c800 GCTaskThread "GC Thread#5" [stack: 0x00000092fcf00000,0x00000092fd000000] [id=31092]
  0x00000202a3f59a30 ConcurrentGCThread "G1 Main Marker" [stack: 0x00000092fb400000,0x00000092fb500000] [id=26632]
  0x00000202a3f5b460 ConcurrentGCThread "G1 Conc#0" [stack: 0x00000092fb500000,0x00000092fb600000] [id=18896]
  0x00000202a3f8ec80 ConcurrentGCThread "G1 Refine#0" [stack: 0x00000092fb600000,0x00000092fb700000] [id=31916]
  0x00000202c72eeb80 ConcurrentGCThread "G1 Service" [stack: 0x00000092fb700000,0x00000092fb800000] [id=9596]

Threads with active compile tasks:

VM state: not at safepoint (normal execution)

VM Mutex/Monitor currently owned by a thread: None

Heap address: 0x0000000705a00000, size: 4006 MB, Compressed Oops mode: Zero based, Oop shift amount: 3

CDS archive(s) mapped at: [0x00000202c8000000-0x00000202c8bb0000-0x00000202c8bb0000), size 12255232, SharedBaseAddress: 0x00000202c8000000, ArchiveRelocationMode: 1.
Compressed class space mapped at: 0x00000202c9000000-0x0000020309000000, reserved size: 1073741824
Narrow klass base: 0x00000202c8000000, Narrow klass shift: 0, Narrow klass range: 0x100000000

GC Precious Log:
 CPUs: 16 total, 16 available
 Memory: 16021M
 Large Page Support: Disabled
 NUMA Support: Disabled
 Compressed Oops: Enabled (Zero based)
 Heap Region Size: 2M
 Heap Min Capacity: 8M
 Heap Initial Capacity: 252M
 Heap Max Capacity: 4006M
 Pre-touch: Disabled
 Parallel Workers: 13
 Concurrent Workers: 3
 Concurrent Refinement Workers: 13
 Periodic GC: Disabled

Heap:
 garbage-first heap   total 258048K, used 1610K [0x0000000705a00000, 0x0000000800000000)
  region size 2048K, 2 young (4096K), 1 survivors (2048K)
 Metaspace       used 2123K, committed 2304K, reserved 1114112K
  class space    used 179K, committed 256K, reserved 1048576K

Heap Regions: E=young(eden), S=young(survivor), O=old, HS=humongous(starts), HC=humongous(continues), CS=collection set, F=free, OA=open archive, CA=closed archive, TAMS=top-at-mark-start (previous, next)
|   0|0x0000000705a00000, 0x0000000705a00000, 0x0000000705c00000|  0%| F|  |TAMS 0x0000000705a00000, 0x0000000705a00000| Untracked 
|   1|0x0000000705c00000, 0x0000000705c00000, 0x0000000705e00000|  0%| F|  |TAMS 0x0000000705c00000, 0x0000000705c00000| Untracked 
|   2|0x0000000705e00000, 0x0000000705e00000, 0x0000000706000000|  0%| F|  |TAMS 0x0000000705e00000, 0x0000000705e00000| Untracked 
|   3|0x0000000706000000, 0x0000000706000000, 0x0000000706200000|  0%| F|  |TAMS 0x0000000706000000, 0x0000000706000000| Untracked 
|   4|0x0000000706200000, 0x0000000706200000, 0x0000000706400000|  0%| F|  |TAMS 0x0000000706200000, 0x0000000706200000| Untracked 
|   5|0x0000000706400000, 0x0000000706400000, 0x0000000706600000|  0%| F|  |TAMS 0x0000000706400000, 0x0000000706400000| Untracked 
|   6|0x0000000706600000, 0x0000000706600000, 0x0000000706800000|  0%| F|  |TAMS 0x0000000706600000, 0x0000000706600000| Untracked 
|   7|0x0000000706800000, 0x0000000706800000, 0x0000000706a00000|  0%| F|  |TAMS 0x0000000706800000, 0x0000000706800000| Untracked 
|   8|0x0000000706a00000, 0x0000000706a00000, 0x0000000706c00000|  0%| F|  |TAMS 0x0000000706a00000, 0x0000000706a00000| Untracked 
|   9|0x0000000706c00000, 0x0000000706c00000, 0x0000000706e00000|  0%| F|  |TAMS 0x0000000706c00000, 0x0000000706c00000| Untracked 
|  10|0x0000000706e00000, 0x0000000706e00000, 0x0000000707000000|  0%| F|  |TAMS 0x0000000706e00000, 0x0000000706e00000| Untracked 
|  11|0x0000000707000000, 0x0000000707000000, 0x0000000707200000|  0%| F|  |TAMS 0x0000000707000000, 0x0000000707000000| Untracked 
|  12|0x0000000707200000, 0x0000000707200000, 0x0000000707400000|  0%| F|  |TAMS 0x0000000707200000, 0x0000000707200000| Untracked 
|  13|0x0000000707400000, 0x0000000707400000, 0x0000000707600000|  0%| F|  |TAMS 0x0000000707400000, 0x0000000707400000| Untracked 
|  14|0x0000000707600000, 0x0000000707600000, 0x0000000707800000|  0%| F|  |TAMS 0x0000000707600000, 0x0000000707600000| Untracked 
|  15|0x0000000707800000, 0x0000000707800000, 0x0000000707a00000|  0%| F|  |TAMS 0x0000000707800000, 0x0000000707800000| Untracked 
|  16|0x0000000707a00000, 0x0000000707a00000, 0x0000000707c00000|  0%| F|  |TAMS 0x0000000707a00000, 0x0000000707a00000| Untracked 
|  17|0x0000000707c00000, 0x0000000707c00000, 0x0000000707e00000|  0%| F|  |TAMS 0x0000000707c00000, 0x0000000707c00000| Untracked 
|  18|0x0000000707e00000, 0x0000000707e00000, 0x0000000708000000|  0%| F|  |TAMS 0x0000000707e00000, 0x0000000707e00000| Untracked 
|  19|0x0000000708000000, 0x0000000708000000, 0x0000000708200000|  0%| F|  |TAMS 0x0000000708000000, 0x0000000708000000| Untracked 
|  20|0x0000000708200000, 0x0000000708200000, 0x0000000708400000|  0%| F|  |TAMS 0x0000000708200000, 0x0000000708200000| Untracked 
|  21|0x0000000708400000, 0x0000000708400000, 0x0000000708600000|  0%| F|  |TAMS 0x0000000708400000, 0x0000000708400000| Untracked 
|  22|0x0000000708600000, 0x0000000708600000, 0x0000000708800000|  0%| F|  |TAMS 0x0000000708600000, 0x0000000708600000| Untracked 
|  23|0x0000000708800000, 0x0000000708800000, 0x0000000708a00000|  0%| F|  |TAMS 0x0000000708800000, 0x0000000708800000| Untracked 
|  24|0x0000000708a00000, 0x0000000708a00000, 0x0000000708c00000|  0%| F|  |TAMS 0x0000000708a00000, 0x0000000708a00000| Untracked 
|  25|0x0000000708c00000, 0x0000000708c00000, 0x0000000708e00000|  0%| F|  |TAMS 0x0000000708c00000, 0x0000000708c00000| Untracked 
|  26|0x0000000708e00000, 0x0000000708e00000, 0x0000000709000000|  0%| F|  |TAMS 0x0000000708e00000, 0x0000000708e00000| Untracked 
|  27|0x0000000709000000, 0x0000000709000000, 0x0000000709200000|  0%| F|  |TAMS 0x0000000709000000, 0x0000000709000000| Untracked 
|  28|0x0000000709200000, 0x0000000709200000, 0x0000000709400000|  0%| F|  |TAMS 0x0000000709200000, 0x0000000709200000| Untracked 
|  29|0x0000000709400000, 0x0000000709400000, 0x0000000709600000|  0%| F|  |TAMS 0x0000000709400000, 0x0000000709400000| Untracked 
|  30|0x0000000709600000, 0x0000000709600000, 0x0000000709800000|  0%| F|  |TAMS 0x0000000709600000, 0x0000000709600000| Untracked 
|  31|0x0000000709800000, 0x0000000709800000, 0x0000000709a00000|  0%| F|  |TAMS 0x0000000709800000, 0x0000000709800000| Untracked 
|  32|0x0000000709a00000, 0x0000000709a00000, 0x0000000709c00000|  0%| F|  |TAMS 0x0000000709a00000, 0x0000000709a00000| Untracked 
|  33|0x0000000709c00000, 0x0000000709c00000, 0x0000000709e00000|  0%| F|  |TAMS 0x0000000709c00000, 0x0000000709c00000| Untracked 
|  34|0x0000000709e00000, 0x0000000709e00000, 0x000000070a000000|  0%| F|  |TAMS 0x0000000709e00000, 0x0000000709e00000| Untracked 
|  35|0x000000070a000000, 0x000000070a000000, 0x000000070a200000|  0%| F|  |TAMS 0x000000070a000000, 0x000000070a000000| Untracked 
|  36|0x000000070a200000, 0x000000070a200000, 0x000000070a400000|  0%| F|  |TAMS 0x000000070a200000, 0x000000070a200000| Untracked 
|  37|0x000000070a400000, 0x000000070a400000, 0x000000070a600000|  0%| F|  |TAMS 0x000000070a400000, 0x000000070a400000| Untracked 
|  38|0x000000070a600000, 0x000000070a600000, 0x000000070a800000|  0%| F|  |TAMS 0x000000070a600000, 0x000000070a600000| Untracked 
|  39|0x000000070a800000, 0x000000070a800000, 0x000000070aa00000|  0%| F|  |TAMS 0x000000070a800000, 0x000000070a800000| Untracked 
|  40|0x000000070aa00000, 0x000000070aa00000, 0x000000070ac00000|  0%| F|  |TAMS 0x000000070aa00000, 0x000000070aa00000| Untracked 
|  41|0x000000070ac00000, 0x000000070ac00000, 0x000000070ae00000|  0%| F|  |TAMS 0x000000070ac00000, 0x000000070ac00000| Untracked 
|  42|0x000000070ae00000, 0x000000070ae00000, 0x000000070b000000|  0%| F|  |TAMS 0x000000070ae00000, 0x000000070ae00000| Untracked 
|  43|0x000000070b000000, 0x000000070b000000, 0x000000070b200000|  0%| F|  |TAMS 0x000000070b000000, 0x000000070b000000| Untracked 
|  44|0x000000070b200000, 0x000000070b200000, 0x000000070b400000|  0%| F|  |TAMS 0x000000070b200000, 0x000000070b200000| Untracked 
|  45|0x000000070b400000, 0x000000070b400000, 0x000000070b600000|  0%| F|  |TAMS 0x000000070b400000, 0x000000070b400000| Untracked 
|  46|0x000000070b600000, 0x000000070b600000, 0x000000070b800000|  0%| F|  |TAMS 0x000000070b600000, 0x000000070b600000| Untracked 
|  47|0x000000070b800000, 0x000000070b800000, 0x000000070ba00000|  0%| F|  |TAMS 0x000000070b800000, 0x000000070b800000| Untracked 
|  48|0x000000070ba00000, 0x000000070ba00000, 0x000000070bc00000|  0%| F|  |TAMS 0x000000070ba00000, 0x000000070ba00000| Untracked 
|  49|0x000000070bc00000, 0x000000070bc00000, 0x000000070be00000|  0%| F|  |TAMS 0x000000070bc00000, 0x000000070bc00000| Untracked 
|  50|0x000000070be00000, 0x000000070be00000, 0x000000070c000000|  0%| F|  |TAMS 0x000000070be00000, 0x000000070be00000| Untracked 
|  51|0x000000070c000000, 0x000000070c000000, 0x000000070c200000|  0%| F|  |TAMS 0x000000070c000000, 0x000000070c000000| Untracked 
|  52|0x000000070c200000, 0x000000070c200000, 0x000000070c400000|  0%| F|  |TAMS 0x000000070c200000, 0x000000070c200000| Untracked 
|  53|0x000000070c400000, 0x000000070c400000, 0x000000070c600000|  0%| F|  |TAMS 0x000000070c400000, 0x000000070c400000| Untracked 
|  54|0x000000070c600000, 0x000000070c600000, 0x000000070c800000|  0%| F|  |TAMS 0x000000070c600000, 0x000000070c600000| Untracked 
|  55|0x000000070c800000, 0x000000070c800000, 0x000000070ca00000|  0%| F|  |TAMS 0x000000070c800000, 0x000000070c800000| Untracked 
|  56|0x000000070ca00000, 0x000000070ca00000, 0x000000070cc00000|  0%| F|  |TAMS 0x000000070ca00000, 0x000000070ca00000| Untracked 
|  57|0x000000070cc00000, 0x000000070cc00000, 0x000000070ce00000|  0%| F|  |TAMS 0x000000070cc00000, 0x000000070cc00000| Untracked 
|  58|0x000000070ce00000, 0x000000070ce00000, 0x000000070d000000|  0%| F|  |TAMS 0x000000070ce00000, 0x000000070ce00000| Untracked 
|  59|0x000000070d000000, 0x000000070d000000, 0x000000070d200000|  0%| F|  |TAMS 0x000000070d000000, 0x000000070d000000| Untracked 
|  60|0x000000070d200000, 0x000000070d200000, 0x000000070d400000|  0%| F|  |TAMS 0x000000070d200000, 0x000000070d200000| Untracked 
|  61|0x000000070d400000, 0x000000070d400000, 0x000000070d600000|  0%| F|  |TAMS 0x000000070d400000, 0x000000070d400000| Untracked 
|  62|0x000000070d600000, 0x000000070d600000, 0x000000070d800000|  0%| F|  |TAMS 0x000000070d600000, 0x000000070d600000| Untracked 
|  63|0x000000070d800000, 0x000000070d800000, 0x000000070da00000|  0%| F|  |TAMS 0x000000070d800000, 0x000000070d800000| Untracked 
|  64|0x000000070da00000, 0x000000070da00000, 0x000000070dc00000|  0%| F|  |TAMS 0x000000070da00000, 0x000000070da00000| Untracked 
|  65|0x000000070dc00000, 0x000000070dc00000, 0x000000070de00000|  0%| F|  |TAMS 0x000000070dc00000, 0x000000070dc00000| Untracked 
|  66|0x000000070de00000, 0x000000070de00000, 0x000000070e000000|  0%| F|  |TAMS 0x000000070de00000, 0x000000070de00000| Untracked 
|  67|0x000000070e000000, 0x000000070e000000, 0x000000070e200000|  0%| F|  |TAMS 0x000000070e000000, 0x000000070e000000| Untracked 
|  68|0x000000070e200000, 0x000000070e200000, 0x000000070e400000|  0%| F|  |TAMS 0x000000070e200000, 0x000000070e200000| Untracked 
|  69|0x000000070e400000, 0x000000070e400000, 0x000000070e600000|  0%| F|  |TAMS 0x000000070e400000, 0x000000070e400000| Untracked 
|  70|0x000000070e600000, 0x000000070e600000, 0x000000070e800000|  0%| F|  |TAMS 0x000000070e600000, 0x000000070e600000| Untracked 
|  71|0x000000070e800000, 0x000000070e800000, 0x000000070ea00000|  0%| F|  |TAMS 0x000000070e800000, 0x000000070e800000| Untracked 
|  72|0x000000070ea00000, 0x000000070ea00000, 0x000000070ec00000|  0%| F|  |TAMS 0x000000070ea00000, 0x000000070ea00000| Untracked 
|  73|0x000000070ec00000, 0x000000070ec00000, 0x000000070ee00000|  0%| F|  |TAMS 0x000000070ec00000, 0x000000070ec00000| Untracked 
|  74|0x000000070ee00000, 0x000000070ee00000, 0x000000070f000000|  0%| F|  |TAMS 0x000000070ee00000, 0x000000070ee00000| Untracked 
|  75|0x000000070f000000, 0x000000070f000000, 0x000000070f200000|  0%| F|  |TAMS 0x000000070f000000, 0x000000070f000000| Untracked 
|  76|0x000000070f200000, 0x000000070f200000, 0x000000070f400000|  0%| F|  |TAMS 0x000000070f200000, 0x000000070f200000| Untracked 
|  77|0x000000070f400000, 0x000000070f400000, 0x000000070f600000|  0%| F|  |TAMS 0x000000070f400000, 0x000000070f400000| Untracked 
|  78|0x000000070f600000, 0x000000070f600000, 0x000000070f800000|  0%| F|  |TAMS 0x000000070f600000, 0x000000070f600000| Untracked 
|  79|0x000000070f800000, 0x000000070f800000, 0x000000070fa00000|  0%| F|  |TAMS 0x000000070f800000, 0x000000070f800000| Untracked 
|  80|0x000000070fa00000, 0x000000070fa00000, 0x000000070fc00000|  0%| F|  |TAMS 0x000000070fa00000, 0x000000070fa00000| Untracked 
|  81|0x000000070fc00000, 0x000000070fc00000, 0x000000070fe00000|  0%| F|  |TAMS 0x000000070fc00000, 0x000000070fc00000| Untracked 
|  82|0x000000070fe00000, 0x000000070fe00000, 0x0000000710000000|  0%| F|  |TAMS 0x000000070fe00000, 0x000000070fe00000| Untracked 
|  83|0x0000000710000000, 0x0000000710000000, 0x0000000710200000|  0%| F|  |TAMS 0x0000000710000000, 0x0000000710000000| Untracked 
|  84|0x0000000710200000, 0x0000000710200000, 0x0000000710400000|  0%| F|  |TAMS 0x0000000710200000, 0x0000000710200000| Untracked 
|  85|0x0000000710400000, 0x0000000710400000, 0x0000000710600000|  0%| F|  |TAMS 0x0000000710400000, 0x0000000710400000| Untracked 
|  86|0x0000000710600000, 0x0000000710600000, 0x0000000710800000|  0%| F|  |TAMS 0x0000000710600000, 0x0000000710600000| Untracked 
|  87|0x0000000710800000, 0x0000000710800000, 0x0000000710a00000|  0%| F|  |TAMS 0x0000000710800000, 0x0000000710800000| Untracked 
|  88|0x0000000710a00000, 0x0000000710a00000, 0x0000000710c00000|  0%| F|  |TAMS 0x0000000710a00000, 0x0000000710a00000| Untracked 
|  89|0x0000000710c00000, 0x0000000710c00000, 0x0000000710e00000|  0%| F|  |TAMS 0x0000000710c00000, 0x0000000710c00000| Untracked 
|  90|0x0000000710e00000, 0x0000000710e00000, 0x0000000711000000|  0%| F|  |TAMS 0x0000000710e00000, 0x0000000710e00000| Untracked 
|  91|0x0000000711000000, 0x0000000711000000, 0x0000000711200000|  0%| F|  |TAMS 0x0000000711000000, 0x0000000711000000| Untracked 
|  92|0x0000000711200000, 0x0000000711200000, 0x0000000711400000|  0%| F|  |TAMS 0x0000000711200000, 0x0000000711200000| Untracked 
|  93|0x0000000711400000, 0x0000000711400000, 0x0000000711600000|  0%| F|  |TAMS 0x0000000711400000, 0x0000000711400000| Untracked 
|  94|0x0000000711600000, 0x0000000711600000, 0x0000000711800000|  0%| F|  |TAMS 0x0000000711600000, 0x0000000711600000| Untracked 
|  95|0x0000000711800000, 0x0000000711800000, 0x0000000711a00000|  0%| F|  |TAMS 0x0000000711800000, 0x0000000711800000| Untracked 
|  96|0x0000000711a00000, 0x0000000711a00000, 0x0000000711c00000|  0%| F|  |TAMS 0x0000000711a00000, 0x0000000711a00000| Untracked 
|  97|0x0000000711c00000, 0x0000000711c00000, 0x0000000711e00000|  0%| F|  |TAMS 0x0000000711c00000, 0x0000000711c00000| Untracked 
|  98|0x0000000711e00000, 0x0000000711e00000, 0x0000000712000000|  0%| F|  |TAMS 0x0000000711e00000, 0x0000000711e00000| Untracked 
|  99|0x0000000712000000, 0x0000000712000000, 0x0000000712200000|  0%| F|  |TAMS 0x0000000712000000, 0x0000000712000000| Untracked 
| 100|0x0000000712200000, 0x0000000712200000, 0x0000000712400000|  0%| F|  |TAMS 0x0000000712200000, 0x0000000712200000| Untracked 
| 101|0x0000000712400000, 0x0000000712400000, 0x0000000712600000|  0%| F|  |TAMS 0x0000000712400000, 0x0000000712400000| Untracked 
| 102|0x0000000712600000, 0x0000000712600000, 0x0000000712800000|  0%| F|  |TAMS 0x0000000712600000, 0x0000000712600000| Untracked 
| 103|0x0000000712800000, 0x0000000712800000, 0x0000000712a00000|  0%| F|  |TAMS 0x0000000712800000, 0x0000000712800000| Untracked 
| 104|0x0000000712a00000, 0x0000000712a00000, 0x0000000712c00000|  0%| F|  |TAMS 0x0000000712a00000, 0x0000000712a00000| Untracked 
| 105|0x0000000712c00000, 0x0000000712c00000, 0x0000000712e00000|  0%| F|  |TAMS 0x0000000712c00000, 0x0000000712c00000| Untracked 
| 106|0x0000000712e00000, 0x0000000712e00000, 0x0000000713000000|  0%| F|  |TAMS 0x0000000712e00000, 0x0000000712e00000| Untracked 
| 107|0x0000000713000000, 0x0000000713000000, 0x0000000713200000|  0%| F|  |TAMS 0x0000000713000000, 0x0000000713000000| Untracked 
| 108|0x0000000713200000, 0x0000000713200000, 0x0000000713400000|  0%| F|  |TAMS 0x0000000713200000, 0x0000000713200000| Untracked 
| 109|0x0000000713400000, 0x0000000713400000, 0x0000000713600000|  0%| F|  |TAMS 0x0000000713400000, 0x0000000713400000| Untracked 
| 110|0x0000000713600000, 0x0000000713600000, 0x0000000713800000|  0%| F|  |TAMS 0x0000000713600000, 0x0000000713600000| Untracked 
| 111|0x0000000713800000, 0x0000000713800000, 0x0000000713a00000|  0%| F|  |TAMS 0x0000000713800000, 0x0000000713800000| Untracked 
| 112|0x0000000713a00000, 0x0000000713a00000, 0x0000000713c00000|  0%| F|  |TAMS 0x0000000713a00000, 0x0000000713a00000| Untracked 
| 113|0x0000000713c00000, 0x0000000713c00000, 0x0000000713e00000|  0%| F|  |TAMS 0x0000000713c00000, 0x0000000713c00000| Untracked 
| 114|0x0000000713e00000, 0x0000000713f92a40, 0x0000000714000000| 78%| S|CS|TAMS 0x0000000713e00000, 0x0000000713e00000| Complete 
| 115|0x0000000714000000, 0x0000000714000000, 0x0000000714200000|  0%| F|  |TAMS 0x0000000714000000, 0x0000000714000000| Untracked 
| 116|0x0000000714200000, 0x0000000714200000, 0x0000000714400000|  0%| F|  |TAMS 0x0000000714200000, 0x0000000714200000| Untracked 
| 117|0x0000000714400000, 0x0000000714400000, 0x0000000714600000|  0%| F|  |TAMS 0x0000000714400000, 0x0000000714400000| Untracked 
| 118|0x0000000714600000, 0x0000000714600000, 0x0000000714800000|  0%| F|  |TAMS 0x0000000714600000, 0x0000000714600000| Untracked 
| 119|0x0000000714800000, 0x0000000714800000, 0x0000000714a00000|  0%| F|  |TAMS 0x0000000714800000, 0x0000000714800000| Untracked 
| 120|0x0000000714a00000, 0x0000000714a00000, 0x0000000714c00000|  0%| F|  |TAMS 0x0000000714a00000, 0x0000000714a00000| Untracked 
| 121|0x0000000714c00000, 0x0000000714c00000, 0x0000000714e00000|  0%| F|  |TAMS 0x0000000714c00000, 0x0000000714c00000| Untracked 
| 122|0x0000000714e00000, 0x0000000714e00000, 0x0000000715000000|  0%| F|  |TAMS 0x0000000714e00000, 0x0000000714e00000| Untracked 
| 123|0x0000000715000000, 0x0000000715000000, 0x0000000715200000|  0%| F|  |TAMS 0x0000000715000000, 0x0000000715000000| Untracked 
| 124|0x0000000715200000, 0x0000000715200000, 0x0000000715400000|  0%| F|  |TAMS 0x0000000715200000, 0x0000000715200000| Untracked 
| 125|0x0000000715400000, 0x0000000715600000, 0x0000000715600000|100%| E|  |TAMS 0x0000000715400000, 0x0000000715400000| Complete 

Card table byte_map: [0x00000202bba50000,0x00000202bc230000] _byte_map_base: 0x00000202b8223000

Marking Bits (Prev, Next): (CMBitMap*) 0x00000202a3f496b0, (CMBitMap*) 0x00000202a3f496f0
 Prev Bits: [0x00000202bca10000, 0x00000202c08a8000)
 Next Bits: [0x00000202c08b0000, 0x00000202c4748000)

Polling page: 0x00000202a1e50000

Metaspace:

Usage:
  Non-class:      1.90 MB used.
      Class:    179.44 KB used.
       Both:      2.07 MB used.

Virtual space:
  Non-class space:       64.00 MB reserved,       2.00 MB (  3%) committed,  1 nodes.
      Class space:        1.00 GB reserved,     256.00 KB ( <1%) committed,  1 nodes.
             Both:        1.06 GB reserved,       2.25 MB ( <1%) committed. 

Chunk freelists:
   Non-Class:  11.24 MB
       Class:  15.65 MB
        Both:  26.89 MB

MaxMetaspaceSize: unlimited
CompressedClassSpaceSize: 1.00 GB
Initial GC threshold: 21.00 MB
Current GC threshold: 21.00 MB
CDS: on
MetaspaceReclaimPolicy: balanced
 - commit_granule_bytes: 65536.
 - commit_granule_words: 8192.
 - virtual_space_node_default_size: 8388608.
 - enlarge_chunks_in_place: 1.
 - new_chunks_are_fully_committed: 0.
 - uncommit_free_chunks: 1.
 - use_allocation_guard: 0.
 - handle_deallocations: 1.


Internal statistics:

num_allocs_failed_limit: 0.
num_arena_births: 32.
num_arena_deaths: 0.
num_vsnodes_births: 2.
num_vsnodes_deaths: 0.
num_space_committed: 36.
num_space_uncommitted: 0.
num_chunks_returned_to_freelist: 0.
num_chunks_taken_from_freelist: 70.
num_chunk_merges: 0.
num_chunk_splits: 50.
num_chunks_enlarged: 39.
num_inconsistent_stats: 0.

CodeHeap 'non-profiled nmethods': size=119168Kb used=539Kb max_used=539Kb free=118628Kb
 bounds [0x00000202b3590000, 0x00000202b3800000, 0x00000202ba9f0000]
CodeHeap 'profiled nmethods': size=119104Kb used=1414Kb max_used=1414Kb free=117689Kb
 bounds [0x00000202ab9f0000, 0x00000202abc60000, 0x00000202b2e40000]
CodeHeap 'non-nmethods': size=7488Kb used=1159Kb max_used=2343Kb free=6328Kb
 bounds [0x00000202b2e40000, 0x00000202b30b0000, 0x00000202b3590000]
 total_blobs=1286 nmethods=849 adapters=350
 compilation: enabled
              stopped_count=0, restarted_count=0
 full_count=0

Compilation events (20 events):
Event: 3.264 Thread 0x00000202c73f94a0 nmethod 835 0x00000202abb4ba90 code [0x00000202abb4bc40, 0x00000202abb4bff8]
Event: 3.264 Thread 0x00000202c73f94a0  837       3       java.lang.StringConcatHelper::mix (11 bytes)
Event: 3.264 Thread 0x00000202c78cb4e0 nmethod 836 0x00000202abb4c110 code [0x00000202abb4c2e0, 0x00000202abb4c6d8]
Event: 3.264 Thread 0x00000202c73f94a0 nmethod 837 0x00000202abb4c810 code [0x00000202abb4c9c0, 0x00000202abb4cc38]
Event: 3.264 Thread 0x00000202c73f94a0  838       3       java.lang.invoke.DirectMethodHandle$Holder::invokeStatic (14 bytes)
Event: 3.264 Thread 0x00000202c78cb4e0  839       3       java.lang.invoke.LambdaForm$MH/0x00000202c9018400::invoke (32 bytes)
Event: 3.264 Thread 0x00000202c78cb4e0 nmethod 839 0x00000202abb4cd90 code [0x00000202abb4cf60, 0x00000202abb4d438]
Event: 3.264 Thread 0x00000202c73f94a0 nmethod 838 0x00000202abb4d590 code [0x00000202abb4d760, 0x00000202abb4dbb8]
Event: 3.264 Thread 0x00000202c78cb4e0  840       3       java.lang.invoke.DirectMethodHandle$Holder::invokeStatic (21 bytes)
Event: 3.264 Thread 0x00000202c78cb4e0 nmethod 840 0x00000202abb4dd10 code [0x00000202abb4dee0, 0x00000202abb4e3f8]
Event: 4.330 Thread 0x00000202c78cb4e0  842       3       java.lang.StringConcatHelper::prepend (22 bytes)
Event: 4.330 Thread 0x00000202c73f94a0  843       3       java.lang.StringConcatHelper::prepend (30 bytes)
Event: 4.330 Thread 0x00000202c73f94a0 nmethod 843 0x00000202abb4e510 code [0x00000202abb4e6c0, 0x00000202abb4e898]
Event: 4.330 Thread 0x00000202c73f94a0  844       3       java.lang.invoke.DirectMethodHandle$Holder::invokeStatic (17 bytes)
Event: 4.330 Thread 0x00000202c78cb4e0 nmethod 842 0x00000202abb4e990 code [0x00000202abb4eb60, 0x00000202abb4ede8]
Event: 4.330 Thread 0x00000202c73f94a0 nmethod 844 0x00000202abb4ef10 code [0x00000202abb4f0e0, 0x00000202abb4f5f8]
Event: 5.396 Thread 0x00000202c73f94a0  845       3       PineVille.Player::Move (124 bytes)
Event: 5.397 Thread 0x00000202c73f94a0 nmethod 845 0x00000202abb4f710 code [0x00000202abb4f980, 0x00000202abb4fe78]
Event: 5.397 Thread 0x00000202c73f94a0  848       3       PineVille.Player::drawPlayer (72 bytes)
Event: 5.398 Thread 0x00000202c73f94a0 nmethod 848 0x00000202abb50010 code [0x00000202abb503a0, 0x00000202abb51328]

GC Heap History (2 events):
Event: 0.563 GC heap before
{Heap before GC invocations=0 (full 0):
 garbage-first heap   total 258048K, used 22528K [0x0000000705a00000, 0x0000000800000000)
  region size 2048K, 11 young (22528K), 0 survivors (0K)
 Metaspace       used 1815K, committed 1920K, reserved 1114112K
  class space    used 140K, committed 192K, reserved 1048576K
}
Event: 0.567 GC heap after
{Heap after GC invocations=1 (full 0):
 garbage-first heap   total 258048K, used 1610K [0x0000000705a00000, 0x0000000800000000)
  region size 2048K, 1 young (2048K), 1 survivors (2048K)
 Metaspace       used 1815K, committed 1920K, reserved 1114112K
  class space    used 140K, committed 192K, reserved 1048576K
}

Dll operation events (20 events):
Event: 0.357 Loaded shared library C:\Program Files (x86)\Windows Kits\10\Redist\ucrt\DLLs\x64\api-ms-win-core-rtlsupport-l1-1-0.dll
Event: 0.366 Loaded shared library C:\Program Files (x86)\Windows Kits\10\Redist\ucrt\DLLs\x64\api-ms-win-core-processthreads-l1-1-1.dll
Event: 0.374 Loaded shared library C:\Program Files (x86)\Windows Kits\10\Redist\ucrt\DLLs\x64\api-ms-win-core-file-l1-2-0.dll
Event: 0.383 Loaded shared library C:\Program Files (x86)\Windows Kits\10\Redist\ucrt\DLLs\x64\api-ms-win-core-profile-l1-1-0.dll
Event: 0.391 Loaded shared library C:\Program Files (x86)\Windows Kits\10\Redist\ucrt\DLLs\x64\api-ms-win-core-memory-l1-1-0.dll
Event: 0.400 Loaded shared library C:\Program Files (x86)\Windows Kits\10\Redist\ucrt\DLLs\x64\api-ms-win-core-util-l1-1-0.dll
Event: 0.409 Loaded shared library C:\Program Files (x86)\Windows Kits\10\Redist\ucrt\DLLs\x64\api-ms-win-core-interlocked-l1-1-0.dll
Event: 0.419 Loaded shared library C:\Program Files (x86)\Windows Kits\10\Redist\ucrt\DLLs\x64\ucrtbase.dll
Event: 0.428 Loaded shared library C:\Users\luczu\.jdks\corretto-17.0.10\bin\vcruntime140.dll
Event: 0.439 Loaded shared library C:\Users\luczu\.jdks\corretto-17.0.10\bin\vcruntime140_1.dll
Event: 0.450 Loaded shared library C:\Users\luczu\.jdks\corretto-17.0.10\bin\msvcp140.dll
Event: 0.462 Loaded shared library C:\Windows\System32\msvcp140_1.dll
Event: 0.475 Loaded shared library C:\Windows\System32\concrt140.dll
Event: 0.487 Loaded shared library C:\Windows\System32\vcomp140.dll
Event: 0.514 Loaded shared library C:\Windows\System32\winmm.dll
Event: 0.518 Loaded shared library C:\Windows\System32\opengl32.dll
Event: 0.519 Loaded shared library C:\Windows\System32\user32.dll
Event: 0.520 Loaded shared library C:\Windows\System32\shell32.dll
Event: 0.522 Loaded shared library C:\Windows\System32\gdi32.dll
Event: 0.540 Loaded shared library C:\Users\luczu\.javacpp\cache\jaylib-4.5.0-0.jar\com\raylib\windows-x86_64\jniRaylib.dll

Deoptimization events (20 events):
Event: 0.505 Thread 0x00000202a3edc7b0 Uncommon trap: trap_request=0xffffff45 fr.pc=0x00000202b35ccdc4 relative=0x0000000000001324
Event: 0.505 Thread 0x00000202a3edc7b0 Uncommon trap: reason=unstable_if action=reinterpret pc=0x00000202b35ccdc4 method=java.net.URL.<init>(Ljava/net/URL;Ljava/lang/String;Ljava/net/URLStreamHandler;)V @ 273 c2
Event: 0.505 Thread 0x00000202a3edc7b0 DEOPT PACKING pc=0x00000202b35ccdc4 sp=0x00000092fb2fd5a0
Event: 0.505 Thread 0x00000202a3edc7b0 DEOPT UNPACKING pc=0x00000202b2e9a1a3 sp=0x00000092fb2fd530 mode 2
Event: 0.514 Thread 0x00000202a3edc7b0 Uncommon trap: trap_request=0xffffff45 fr.pc=0x00000202b35d73a4 relative=0x0000000000003d44
Event: 0.514 Thread 0x00000202a3edc7b0 Uncommon trap: reason=unstable_if action=reinterpret pc=0x00000202b35d73a4 method=sun.net.www.ParseUtil.firstEncodeIndex(Ljava/lang/String;)I @ 51 c2
Event: 0.514 Thread 0x00000202a3edc7b0 DEOPT PACKING pc=0x00000202b35d73a4 sp=0x00000092fb2fd660
Event: 0.514 Thread 0x00000202a3edc7b0 DEOPT UNPACKING pc=0x00000202b2e9a1a3 sp=0x00000092fb2fd380 mode 2
Event: 0.514 Thread 0x00000202a3edc7b0 Uncommon trap: trap_request=0xffffff45 fr.pc=0x00000202b35e0524 relative=0x0000000000003d44
Event: 0.514 Thread 0x00000202a3edc7b0 Uncommon trap: reason=unstable_if action=reinterpret pc=0x00000202b35e0524 method=sun.net.www.ParseUtil.firstEncodeIndex(Ljava/lang/String;)I @ 51 c2
Event: 0.515 Thread 0x00000202a3edc7b0 DEOPT PACKING pc=0x00000202b35e0524 sp=0x00000092fb2fd5f0
Event: 0.515 Thread 0x00000202a3edc7b0 DEOPT UNPACKING pc=0x00000202b2e9a1a3 sp=0x00000092fb2fd378 mode 2
Event: 0.523 Thread 0x00000202a3edc7b0 DEOPT PACKING pc=0x00000202abadb098 sp=0x00000092fb2fd360
Event: 0.523 Thread 0x00000202a3edc7b0 DEOPT UNPACKING pc=0x00000202b2e9ace3 sp=0x00000092fb2fc868 mode 0
Event: 0.557 Thread 0x00000202a3edc7b0 DEOPT PACKING pc=0x00000202abaef748 sp=0x00000092fb2fa480
Event: 0.557 Thread 0x00000202a3edc7b0 DEOPT UNPACKING pc=0x00000202b2e9ace3 sp=0x00000092fb2f9998 mode 0
Event: 0.567 Thread 0x00000202a3edc7b0 Uncommon trap: trap_request=0xffffff45 fr.pc=0x00000202b35c19e0 relative=0x00000000000000e0
Event: 0.567 Thread 0x00000202a3edc7b0 Uncommon trap: reason=unstable_if action=reinterpret pc=0x00000202b35c19e0 method=java.lang.ref.SoftReference.get()Ljava/lang/Object; @ 17 c2
Event: 0.567 Thread 0x00000202a3edc7b0 DEOPT PACKING pc=0x00000202b35c19e0 sp=0x00000092fb2fbe40
Event: 0.567 Thread 0x00000202a3edc7b0 DEOPT UNPACKING pc=0x00000202b2e9a1a3 sp=0x00000092fb2fbdf8 mode 2

Classes unloaded (0 events):
No events

Classes redefined (0 events):
No events

Internal exceptions (7 events):
Event: 0.084 Thread 0x00000202a3edc7b0 Exception <a 'java/lang/NoSuchMethodError'{0x0000000715244498}: 'int java.lang.invoke.DirectMethodHandle$Holder.invokeStaticInit(java.lang.Object, java.lang.Object, java.lang.Object, java.lang.Object)'> (0x0000000715244498) 
thrown [s\src\hotspot\share\interpreter\linkResolver.cpp, line 759]
Event: 0.085 Thread 0x00000202a3edc7b0 Exception <a 'java/lang/NoSuchMethodError'{0x000000071524f1a8}: 'java.lang.Object java.lang.invoke.DirectMethodHandle$Holder.invokeInterface(java.lang.Object, java.lang.Object)'> (0x000000071524f1a8) 
thrown [s\src\hotspot\share\interpreter\linkResolver.cpp, line 759]
Event: 0.086 Thread 0x00000202a3edc7b0 Exception <a 'java/lang/IncompatibleClassChangeError'{0x00000007152528c0}: Found class java.lang.Object, but interface was expected> (0x00000007152528c0) 
thrown [s\src\hotspot\share\interpreter\linkResolver.cpp, line 826]
Event: 0.087 Thread 0x00000202a3edc7b0 Exception <a 'java/lang/NoSuchMethodError'{0x0000000715255a68}: 'void java.lang.invoke.DirectMethodHandle$Holder.invokeStatic(java.lang.Object, java.lang.Object)'> (0x0000000715255a68) 
thrown [s\src\hotspot\share\interpreter\linkResolver.cpp, line 759]
Event: 0.087 Thread 0x00000202a3edc7b0 Exception <a 'java/lang/NoSuchMethodError'{0x00000007152590d8}: 'void java.lang.invoke.DirectMethodHandle$Holder.invokeStaticInit(java.lang.Object, java.lang.Object)'> (0x00000007152590d8) 
thrown [s\src\hotspot\share\interpreter\linkResolver.cpp, line 759]
Event: 0.088 Thread 0x00000202a3edc7b0 Exception <a 'java/lang/NoSuchMethodError'{0x000000071525f820}: 'int java.lang.invoke.DirectMethodHandle$Holder.invokeStaticInit(java.lang.Object, java.lang.Object)'> (0x000000071525f820) 
thrown [s\src\hotspot\share\interpreter\linkResolver.cpp, line 759]
Event: 0.537 Thread 0x00000202a3edc7b0 Exception <a 'java/lang/NoSuchMethodError'{0x0000000714186c88}: 'java.lang.Object java.lang.invoke.DirectMethodHandle$Holder.invokeStatic(java.lang.Object, int, java.lang.Object)'> (0x0000000714186c88) 
thrown [s\src\hotspot\share\interpreter\linkResolver.cpp, line 759]

VM Operations (8 events):
Event: 0.066 Executing VM operation: HandshakeAllThreads
Event: 0.066 Executing VM operation: HandshakeAllThreads done
Event: 0.131 Executing VM operation: HandshakeAllThreads
Event: 0.131 Executing VM operation: HandshakeAllThreads done
Event: 0.563 Executing VM operation: G1CollectForAllocation
Event: 0.567 Executing VM operation: G1CollectForAllocation done
Event: 1.569 Executing VM operation: Cleanup
Event: 1.569 Executing VM operation: Cleanup done

Events (20 events):
Event: 0.535 loading class java/time/Month
Event: 0.535 loading class java/time/Month done
Event: 0.535 loading class java/time/DayOfWeek
Event: 0.536 loading class java/time/DayOfWeek done
Event: 0.536 loading class java/time/zone/ZoneOffsetTransitionRule$TimeDefinition
Event: 0.536 loading class java/time/zone/ZoneOffsetTransitionRule$TimeDefinition done
Event: 0.536 loading class java/time/zone/ZoneOffsetTransition
Event: 0.536 loading class java/time/zone/ZoneOffsetTransition done
Event: 0.536 loading class java/time/temporal/TemporalAdjusters
Event: 0.537 loading class java/time/temporal/TemporalAdjusters done
Event: 0.539 loading class java/time/zone/ZoneOffsetTransitionRule$1
Event: 0.539 loading class java/time/zone/ZoneOffsetTransitionRule$1 done
Event: 0.539 loading class java/util/concurrent/TimeUnit$1
Event: 0.539 loading class java/util/concurrent/TimeUnit$1 done
Event: 0.549 Thread 0x000002030e431db0 Thread added: 0x000002030e431db0
Event: 1.121 Thread 0x00000202c78d33a0 Thread exited: 0x00000202c78d33a0
Event: 1.121 Thread 0x00000202c7b2e1b0 Thread exited: 0x00000202c7b2e1b0
Event: 1.121 Thread 0x000002030d2f4ee0 Thread exited: 0x000002030d2f4ee0
Event: 1.121 Thread 0x000002030e431db0 Thread exited: 0x000002030e431db0
Event: 5.397 Thread 0x00000202c78cb4e0 Thread exited: 0x00000202c78cb4e0


Dynamic libraries:
0x00007ff69ca30000 - 0x00007ff69ca3e000 	C:\Users\luczu\.jdks\corretto-17.0.10\bin\java.exe
0x00007ffca9150000 - 0x00007ffca9367000 	C:\WINDOWS\SYSTEM32\ntdll.dll
0x00007ffca74e0000 - 0x00007ffca75a4000 	C:\WINDOWS\System32\KERNEL32.DLL
0x00007ffca6770000 - 0x00007ffca6b16000 	C:\WINDOWS\System32\KERNELBASE.dll
0x00007ffca6b20000 - 0x00007ffca6c31000 	C:\WINDOWS\System32\ucrtbase.dll
0x00007ffc668e0000 - 0x00007ffc668fb000 	C:\Users\luczu\.jdks\corretto-17.0.10\bin\VCRUNTIME140.dll
0x00007ffc66930000 - 0x00007ffc66947000 	C:\Users\luczu\.jdks\corretto-17.0.10\bin\jli.dll
0x00007ffca72c0000 - 0x00007ffca746e000 	C:\WINDOWS\System32\USER32.dll
0x00007ffca65d0000 - 0x00007ffca65f6000 	C:\WINDOWS\System32\win32u.dll
0x00007ffc821e0000 - 0x00007ffc82473000 	C:\WINDOWS\WinSxS\amd64_microsoft.windows.common-controls_6595b64144ccf1df_6.0.22621.2506_none_270c5ae97388e100\COMCTL32.dll
0x00007ffca6ee0000 - 0x00007ffca6f87000 	C:\WINDOWS\System32\msvcrt.dll
0x00007ffca6f90000 - 0x00007ffca6fb9000 	C:\WINDOWS\System32\GDI32.dll
0x00007ffca6c40000 - 0x00007ffca6d58000 	C:\WINDOWS\System32\gdi32full.dll
0x00007ffca6d90000 - 0x00007ffca6e2a000 	C:\WINDOWS\System32\msvcp_win.dll
0x00007ffca6ea0000 - 0x00007ffca6ed1000 	C:\WINDOWS\System32\IMM32.DLL
0x00007ffc7cd30000 - 0x00007ffc7cd3c000 	C:\Users\luczu\.jdks\corretto-17.0.10\bin\vcruntime140_1.dll
0x00007ffc3f320000 - 0x00007ffc3f3ad000 	C:\Users\luczu\.jdks\corretto-17.0.10\bin\msvcp140.dll
0x00007ffb93290000 - 0x00007ffb93ef2000 	C:\Users\luczu\.jdks\corretto-17.0.10\bin\server\jvm.dll
0x00007ffca6fc0000 - 0x00007ffca7073000 	C:\WINDOWS\System32\ADVAPI32.dll
0x00007ffca7a10000 - 0x00007ffca7ab8000 	C:\WINDOWS\System32\sechost.dll
0x00007ffca6d60000 - 0x00007ffca6d88000 	C:\WINDOWS\System32\bcrypt.dll
0x00007ffca7080000 - 0x00007ffca7197000 	C:\WINDOWS\System32\RPCRT4.dll
0x00007ffc9e270000 - 0x00007ffc9e279000 	C:\WINDOWS\SYSTEM32\WSOCK32.dll
0x00007ffca7900000 - 0x00007ffca7971000 	C:\WINDOWS\System32\WS2_32.dll
0x00007ffca5310000 - 0x00007ffca535d000 	C:\WINDOWS\SYSTEM32\POWRPROF.dll
0x00007ffc9c4f0000 - 0x00007ffc9c524000 	C:\WINDOWS\SYSTEM32\WINMM.dll
0x00007ffc9cb70000 - 0x00007ffc9cb7a000 	C:\WINDOWS\SYSTEM32\VERSION.dll
0x00007ffca52f0000 - 0x00007ffca5303000 	C:\WINDOWS\SYSTEM32\UMPDC.dll
0x00007ffca5550000 - 0x00007ffca5568000 	C:\WINDOWS\SYSTEM32\kernel.appcore.dll
0x00007ffc729a0000 - 0x00007ffc729aa000 	C:\Users\luczu\.jdks\corretto-17.0.10\bin\jimage.dll
0x00007ffca3d70000 - 0x00007ffca3fa3000 	C:\WINDOWS\SYSTEM32\DBGHELP.DLL
0x00007ffca8520000 - 0x00007ffca88a9000 	C:\WINDOWS\System32\combase.dll
0x00007ffca75b0000 - 0x00007ffca7687000 	C:\WINDOWS\System32\OLEAUT32.dll
0x00007ffc8d760000 - 0x00007ffc8d792000 	C:\WINDOWS\SYSTEM32\dbgcore.DLL
0x00007ffca6550000 - 0x00007ffca65ca000 	C:\WINDOWS\System32\bcryptPrimitives.dll
0x00007ffc66700000 - 0x00007ffc66725000 	C:\Users\luczu\.jdks\corretto-17.0.10\bin\java.dll
0x00007ffbcdd90000 - 0x00007ffbcde67000 	C:\Users\luczu\.jdks\corretto-17.0.10\bin\jsvml.dll
0x00007ffca7ac0000 - 0x00007ffca831a000 	C:\WINDOWS\System32\SHELL32.dll
0x00007ffca43a0000 - 0x00007ffca4c96000 	C:\WINDOWS\SYSTEM32\windows.storage.dll
0x00007ffca4260000 - 0x00007ffca439e000 	C:\WINDOWS\SYSTEM32\wintypes.dll
0x00007ffca8f50000 - 0x00007ffca9043000 	C:\WINDOWS\System32\SHCORE.dll
0x00007ffca71a0000 - 0x00007ffca71fe000 	C:\WINDOWS\System32\shlwapi.dll
0x00007ffca63c0000 - 0x00007ffca63e6000 	C:\WINDOWS\SYSTEM32\profapi.dll
0x00007ffc66890000 - 0x00007ffc668a9000 	C:\Users\luczu\.jdks\corretto-17.0.10\bin\net.dll
0x00007ffc9c970000 - 0x00007ffc9caa7000 	C:\WINDOWS\SYSTEM32\WINHTTP.dll
0x00007ffca5a30000 - 0x00007ffca5a99000 	C:\WINDOWS\system32\mswsock.dll
0x00007ffc65630000 - 0x00007ffc65646000 	C:\Users\luczu\.jdks\corretto-17.0.10\bin\nio.dll
0x00007ffc65610000 - 0x00007ffc65628000 	C:\Users\luczu\.jdks\corretto-17.0.10\bin\zip.dll
0x00000202a1e90000 - 0x00000202a1e93000 	C:\Program Files (x86)\Windows Kits\10\Redist\ucrt\DLLs\x64\api-ms-win-crt-locale-l1-1-0.dll
0x00000202a1ea0000 - 0x00000202a1ea4000 	C:\Program Files (x86)\Windows Kits\10\Redist\ucrt\DLLs\x64\api-ms-win-crt-string-l1-1-0.dll
0x00000202a1eb0000 - 0x00000202a1eb4000 	C:\Program Files (x86)\Windows Kits\10\Redist\ucrt\DLLs\x64\api-ms-win-crt-stdio-l1-1-0.dll
0x00000202a1ec0000 - 0x00000202a1ec5000 	C:\Program Files (x86)\Windows Kits\10\Redist\ucrt\DLLs\x64\api-ms-win-crt-math-l1-1-0.dll
0x00000202a1ed0000 - 0x00000202a1ed3000 	C:\Program Files (x86)\Windows Kits\10\Redist\ucrt\DLLs\x64\api-ms-win-crt-heap-l1-1-0.dll
0x00000202a3e80000 - 0x00000202a3e84000 	C:\Program Files (x86)\Windows Kits\10\Redist\ucrt\DLLs\x64\api-ms-win-crt-runtime-l1-1-0.dll
0x00000202c7c60000 - 0x00000202c7c64000 	C:\Program Files (x86)\Windows Kits\10\Redist\ucrt\DLLs\x64\api-ms-win-crt-convert-l1-1-0.dll
0x00000202c7c70000 - 0x00000202c7c73000 	C:\Program Files (x86)\Windows Kits\10\Redist\ucrt\DLLs\x64\api-ms-win-crt-environment-l1-1-0.dll
0x00000202c7c80000 - 0x00000202c7c83000 	C:\Program Files (x86)\Windows Kits\10\Redist\ucrt\DLLs\x64\api-ms-win-crt-time-l1-1-0.dll
0x00000202c7c90000 - 0x00000202c7c93000 	C:\Program Files (x86)\Windows Kits\10\Redist\ucrt\DLLs\x64\api-ms-win-crt-filesystem-l1-1-0.dll
0x00000202c7ca0000 - 0x00000202c7ca3000 	C:\Program Files (x86)\Windows Kits\10\Redist\ucrt\DLLs\x64\api-ms-win-crt-utility-l1-1-0.dll
0x00000202c7cb0000 - 0x00000202c7cb5000 	C:\Program Files (x86)\Windows Kits\10\Redist\ucrt\DLLs\x64\api-ms-win-crt-multibyte-l1-1-0.dll
0x00000202c7cc0000 - 0x00000202c7cc3000 	C:\Program Files (x86)\Windows Kits\10\Redist\ucrt\DLLs\x64\api-ms-win-crt-conio-l1-1-0.dll
0x00000202c7cd0000 - 0x00000202c7cdf000 	C:\Program Files (x86)\Windows Kits\10\Redist\ucrt\DLLs\x64\api-ms-win-crt-private-l1-1-0.dll
0x00000202c7ce0000 - 0x00000202c7ce3000 	C:\Program Files (x86)\Windows Kits\10\Redist\ucrt\DLLs\x64\api-ms-win-crt-process-l1-1-0.dll
0x00000202c7cf0000 - 0x00000202c7cf3000 	C:\Program Files\Microsoft\jdk-11.0.12.7-hotspot\bin\api-ms-win-core-console-l1-2-0.dll
0x00000202c7d00000 - 0x00000202c7d03000 	C:\Program Files (x86)\Windows Kits\10\Redist\ucrt\DLLs\x64\api-ms-win-core-string-l1-1-0.dll
0x00000202c7d10000 - 0x00000202c7d13000 	C:\Program Files (x86)\Windows Kits\10\Redist\ucrt\DLLs\x64\api-ms-win-core-errorhandling-l1-1-0.dll
0x00000202c7d20000 - 0x00000202c7d23000 	C:\Program Files (x86)\Windows Kits\10\Redist\ucrt\DLLs\x64\api-ms-win-core-timezone-l1-1-0.dll
0x00000202c7d30000 - 0x00000202c7d34000 	C:\Program Files (x86)\Windows Kits\10\Redist\ucrt\DLLs\x64\api-ms-win-core-file-l1-1-0.dll
0x00000202c7d40000 - 0x00000202c7d43000 	C:\Program Files (x86)\Windows Kits\10\Redist\ucrt\DLLs\x64\api-ms-win-core-namedpipe-l1-1-0.dll
0x00000202c7d50000 - 0x00000202c7d53000 	C:\Program Files (x86)\Windows Kits\10\Redist\ucrt\DLLs\x64\api-ms-win-core-handle-l1-1-0.dll
0x00000202c7d60000 - 0x00000202c7d63000 	C:\Program Files (x86)\Windows Kits\10\Redist\ucrt\DLLs\x64\api-ms-win-core-file-l2-1-0.dll
0x00000202c7d70000 - 0x00000202c7d73000 	C:\Program Files (x86)\Windows Kits\10\Redist\ucrt\DLLs\x64\api-ms-win-core-heap-l1-1-0.dll
0x00000202c7d80000 - 0x00000202c7d83000 	C:\Program Files (x86)\Windows Kits\10\Redist\ucrt\DLLs\x64\api-ms-win-core-libraryloader-l1-1-0.dll
0x00000202c7d90000 - 0x00000202c7d93000 	C:\Program Files (x86)\Windows Kits\10\Redist\ucrt\DLLs\x64\api-ms-win-core-synch-l1-1-0.dll
0x00000202c7da0000 - 0x00000202c7da3000 	C:\Program Files (x86)\Windows Kits\10\Redist\ucrt\DLLs\x64\api-ms-win-core-processthreads-l1-1-0.dll
0x00000202c7db0000 - 0x00000202c7db3000 	C:\Program Files (x86)\Windows Kits\10\Redist\ucrt\DLLs\x64\api-ms-win-core-processenvironment-l1-1-0.dll
0x00000202c7dc0000 - 0x00000202c7dc3000 	C:\Program Files (x86)\Windows Kits\10\Redist\ucrt\DLLs\x64\api-ms-win-core-datetime-l1-1-0.dll
0x00000202c7dd0000 - 0x00000202c7dd3000 	C:\Program Files (x86)\Windows Kits\10\Redist\ucrt\DLLs\x64\api-ms-win-core-localization-l1-2-0.dll
0x00000202c7de0000 - 0x00000202c7de3000 	C:\Program Files (x86)\Windows Kits\10\Redist\ucrt\DLLs\x64\api-ms-win-core-sysinfo-l1-1-0.dll
0x00000202c7df0000 - 0x00000202c7df3000 	C:\Program Files (x86)\Windows Kits\10\Redist\ucrt\DLLs\x64\api-ms-win-core-synch-l1-2-0.dll
0x00000202c7e00000 - 0x00000202c7e03000 	C:\Program Files (x86)\Windows Kits\10\Redist\ucrt\DLLs\x64\api-ms-win-core-console-l1-1-0.dll
0x00000202c7e10000 - 0x00000202c7e13000 	C:\Program Files (x86)\Windows Kits\10\Redist\ucrt\DLLs\x64\api-ms-win-core-debug-l1-1-0.dll
0x00000202c7e20000 - 0x00000202c7e23000 	C:\Program Files (x86)\Windows Kits\10\Redist\ucrt\DLLs\x64\api-ms-win-core-rtlsupport-l1-1-0.dll
0x00000202c7e30000 - 0x00000202c7e33000 	C:\Program Files (x86)\Windows Kits\10\Redist\ucrt\DLLs\x64\api-ms-win-core-processthreads-l1-1-1.dll
0x00000202c7e40000 - 0x00000202c7e43000 	C:\Program Files (x86)\Windows Kits\10\Redist\ucrt\DLLs\x64\api-ms-win-core-file-l1-2-0.dll
0x00000202c7e50000 - 0x00000202c7e53000 	C:\Program Files (x86)\Windows Kits\10\Redist\ucrt\DLLs\x64\api-ms-win-core-profile-l1-1-0.dll
0x00000202c7e60000 - 0x00000202c7e63000 	C:\Program Files (x86)\Windows Kits\10\Redist\ucrt\DLLs\x64\api-ms-win-core-memory-l1-1-0.dll
0x00000202c7e70000 - 0x00000202c7e73000 	C:\Program Files (x86)\Windows Kits\10\Redist\ucrt\DLLs\x64\api-ms-win-core-util-l1-1-0.dll
0x00000202c7e80000 - 0x00000202c7e83000 	C:\Program Files (x86)\Windows Kits\10\Redist\ucrt\DLLs\x64\api-ms-win-core-interlocked-l1-1-0.dll
0x00007ffc65270000 - 0x00007ffc65362000 	C:\Program Files (x86)\Windows Kits\10\Redist\ucrt\DLLs\x64\ucrtbase.dll
0x00007ffc84e40000 - 0x00007ffc84e49000 	C:\Windows\System32\msvcp140_1.dll
0x00007ffc106a0000 - 0x00007ffc106ee000 	C:\Windows\System32\concrt140.dll
0x00007ffc7cd80000 - 0x00007ffc7cdb1000 	C:\Windows\System32\vcomp140.dll
0x00007ffc71ab0000 - 0x00007ffc71bb0000 	C:\Windows\System32\opengl32.dll
0x00007ffc72a90000 - 0x00007ffc72abd000 	C:\WINDOWS\SYSTEM32\GLU32.dll
0x00007ffca3590000 - 0x00007ffca35c6000 	C:\WINDOWS\SYSTEM32\dxcore.dll
0x00007ffbc45a0000 - 0x00007ffbc47bd000 	C:\Users\luczu\.javacpp\cache\jaylib-4.5.0-0.jar\com\raylib\windows-x86_64\jniRaylib.dll
0x00007ffbea580000 - 0x00007ffbea5c6000 	C:\WINDOWS\SYSTEM32\dinput8.dll
0x00007ffc5cbc0000 - 0x00007ffc5cbd1000 	C:\WINDOWS\SYSTEM32\xinput1_4.dll
0x00007ffca6180000 - 0x00007ffca61ce000 	C:\WINDOWS\SYSTEM32\cfgmgr32.dll
0x00007ffca6150000 - 0x00007ffca617c000 	C:\WINDOWS\SYSTEM32\DEVOBJ.dll
0x00007ffca3830000 - 0x00007ffca385b000 	C:\WINDOWS\SYSTEM32\dwmapi.dll
0x00007ffc83710000 - 0x00007ffc8391a000 	C:\WINDOWS\SYSTEM32\inputhost.dll
0x00007ffca0460000 - 0x00007ffca0594000 	C:\WINDOWS\SYSTEM32\CoreMessaging.dll
0x00007ffca3390000 - 0x00007ffca343b000 	C:\WINDOWS\system32\uxtheme.dll
0x00007ffca5ca0000 - 0x00007ffca5cac000 	C:\WINDOWS\SYSTEM32\CRYPTBASE.DLL
0x00007ffca76b0000 - 0x00007ffca7800000 	C:\WINDOWS\System32\MSCTF.dll
0x00007ffca4ca0000 - 0x00007ffca4cae000 	C:\WINDOWS\SYSTEM32\HID.DLL
0x00007ffca8ad0000 - 0x00007ffca8f44000 	C:\WINDOWS\System32\SETUPAPI.DLL
0x00007ffca6e30000 - 0x00007ffca6e9b000 	C:\WINDOWS\System32\WINTRUST.dll
0x00007ffca6600000 - 0x00007ffca6766000 	C:\WINDOWS\System32\CRYPT32.dll
0x00007ffca6130000 - 0x00007ffca6142000 	C:\WINDOWS\SYSTEM32\MSASN1.dll
0x00007ffc9dc90000 - 0x00007ffc9dcda000 	C:\WINDOWS\SYSTEM32\directxdatabasehelper.dll
0x00007ffca7200000 - 0x00007ffca72b0000 	C:\WINDOWS\System32\clbcatq.dll
0x00007ffb79920000 - 0x00007ffb7c510000 	C:\WINDOWS\System32\DriverStore\FileRepository\nvhm.inf_amd64_28ac5867493a0477\nvoglv64.dll
0x00007ffca8380000 - 0x00007ffca8520000 	C:\WINDOWS\System32\ole32.dll
0x00007ffca5360000 - 0x00007ffca5374000 	C:\WINDOWS\SYSTEM32\WTSAPI32.dll
0x00007ffc8da60000 - 0x00007ffc8da92000 	C:\WINDOWS\SYSTEM32\cryptnet.dll
0x00007ffc8dd90000 - 0x00007ffc8dee8000 	C:\WINDOWS\SYSTEM32\drvstore.dll
0x00007ffca5d30000 - 0x00007ffca5d7b000 	C:\WINDOWS\SYSTEM32\wldp.dll
0x00007ffca9070000 - 0x00007ffca908f000 	C:\WINDOWS\System32\imagehlp.dll
0x00007ffca5c80000 - 0x00007ffca5c9b000 	C:\WINDOWS\SYSTEM32\CRYPTSP.dll
0x00007ffca5510000 - 0x00007ffca5545000 	C:\WINDOWS\system32\rsaenh.dll
0x00007ffca5ac0000 - 0x00007ffca5ae6000 	C:\WINDOWS\SYSTEM32\gpapi.dll
0x00007ffc593f0000 - 0x00007ffc5b5db000 	C:\WINDOWS\System32\DriverStore\FileRepository\nvhm.inf_amd64_28ac5867493a0477\nvgpucomp64.dll
0x00007ffca55d0000 - 0x00007ffca5604000 	C:\WINDOWS\SYSTEM32\ntmarta.dll
0x00007ffbe5da0000 - 0x00007ffbe6063000 	C:\WINDOWS\system32\nvspcap64.dll
0x00007ffca4f00000 - 0x00007ffca4f66000 	C:\WINDOWS\SYSTEM32\WINSTA.dll

dbghelp: loaded successfully - version: 4.0.5 - missing functions: none
symbol engine: initialized successfully - sym options: 0x614 - pdb path: .;C:\Users\luczu\.jdks\corretto-17.0.10\bin;C:\WINDOWS\SYSTEM32;C:\WINDOWS\WinSxS\amd64_microsoft.windows.common-controls_6595b64144ccf1df_6.0.22621.2506_none_270c5ae97388e100;C:\Users\luczu\.jdks\corretto-17.0.10\bin\server;C:\Program Files (x86)\Windows Kits\10\Redist\ucrt\DLLs\x64;C:\Program Files\Microsoft\jdk-11.0.12.7-hotspot\bin;C:\Users\luczu\.javacpp\cache\jaylib-4.5.0-0.jar\com\raylib\windows-x86_64;C:\WINDOWS\System32\DriverStore\FileRepository\nvhm.inf_amd64_28ac5867493a0477;C:\WINDOWS\System32\DriverStore\FileRepository\iigd_dch.inf_amd64_0fdf6ce291234272

VM Arguments:
jvm_args: -Dfile.encoding=windows-1252 -Duser.country=NL -Duser.language=nl -Duser.variant 
java_command: PineVille.GameScene
java_class_path (initial): C:\Users\luczu\OneDrive\Documenten\PineVille\build\classes\java\main;C:\Users\luczu\OneDrive\Documenten\PineVille\build\resources\main;C:\Users\luczu\.gradle\caches\modules-2\files-2.1\uk.co.electronstudio.jaylib\jaylib\4.5.0-0\90c0d608df9bbd32f5f34683acc58cb433e94508\jaylib-4.5.0-0.jar
Launcher Type: SUN_STANDARD

[Global flags]
     intx CICompilerCount                          = 12                                        {product} {ergonomic}
     uint ConcGCThreads                            = 3                                         {product} {ergonomic}
     uint G1ConcRefinementThreads                  = 13                                        {product} {ergonomic}
   size_t G1HeapRegionSize                         = 2097152                                   {product} {ergonomic}
    uintx GCDrainStackTargetSize                   = 64                                        {product} {ergonomic}
   size_t InitialHeapSize                          = 264241152                                 {product} {ergonomic}
   size_t MarkStackSize                            = 4194304                                   {product} {ergonomic}
   size_t MaxHeapSize                              = 4200595456                                {product} {ergonomic}
   size_t MaxNewSize                               = 2518679552                                {product} {ergonomic}
   size_t MinHeapDeltaBytes                        = 2097152                                   {product} {ergonomic}
   size_t MinHeapSize                              = 8388608                                   {product} {ergonomic}
    uintx NonNMethodCodeHeapSize                   = 7602480                                {pd product} {ergonomic}
    uintx NonProfiledCodeHeapSize                  = 122027880                              {pd product} {ergonomic}
    uintx ProfiledCodeHeapSize                     = 122027880                              {pd product} {ergonomic}
    uintx ReservedCodeCacheSize                    = 251658240                              {pd product} {ergonomic}
     bool SegmentedCodeCache                       = true                                      {product} {ergonomic}
   size_t SoftMaxHeapSize                          = 4200595456                             {manageable} {ergonomic}
     bool UseCompressedClassPointers               = true                           {product lp64_product} {ergonomic}
     bool UseCompressedOops                        = true                           {product lp64_product} {ergonomic}
     bool UseG1GC                                  = true                                      {product} {ergonomic}
     bool UseLargePagesIndividualAllocation        = false                                  {pd product} {ergonomic}

Logging:
Log output configuration:
 #0: stdout all=warning uptime,level,tags
 #1: stderr all=off uptime,level,tags

Environment Variables:
PATH=C:\Program Files (x86)\Common Files\Intel\Shared Libraries\redist\intel64\compiler;C:\Program Files\Common Files\Oracle\Java\javapath;C:\Program Files\Microsoft\jdk-11.0.12.7-hotspot\bin;C:\windows\system32;C:\windows;C:\windows\System32\Wbem;C:\windows\System32\WindowsPowerShell\v1.0\;C:\windows\System32\OpenSSH\;C:\Program Files (x86)\NVIDIA Corporation\PhysX\Common;C:\Program Files\NVIDIA Corporation\NVIDIA NvDLISR;C:\Program Files\Microsoft SQL Server\150\Tools\Binn\;C:\Program Files\Microsoft SQL Server\Client SDK\ODBC\170\Tools\Binn\;C:\Program Files\dotnet\;C:\WINDOWS\system32;C:\WINDOWS;C:\WINDOWS\System32\Wbem;C:\WINDOWS\System32\WindowsPowerShell\v1.0\;C:\WINDOWS\System32\OpenSSH\;C:\Program Files\CMake\bin;C:\Program Files\Git\cmd;C:\Users\luczu\AppData\Local\Microsoft\WindowsApps;C:\Users\luczu\.dotnet\tools;C:\Users\luczu\AppData\Local\GitHubDesktop\bin;;C:\Users\luczu\AppData\Local\Programs\Microsoft VS Code\bin
USERNAME=luczu
OS=Windows_NT
PROCESSOR_IDENTIFIER=Intel64 Family 6 Model 141 Stepping 1, GenuineIntel
TMP=C:\Users\luczu\AppData\Local\Temp
TEMP=C:\Users\luczu\AppData\Local\Temp



Periodic native trim disabled


---------------  S Y S T E M  ---------------

OS:
 Windows 11 , 64 bit Build 22621 (10.0.22621.2506)
OS uptime: 0 days 0:52 hours
Hyper-V role detected

CPU: total 16 (initial active 16) (8 cores per cpu, 2 threads per core) family 6 model 141 stepping 1 microcode 0x4e, cx8, cmov, fxsr, ht, mmx, 3dnowpref, sse, sse2, sse3, ssse3, sse4.1, sse4.2, popcnt, lzcnt, tsc, tscinvbit, avx, avx2, aes, erms, clmul, bmi1, bmi2, adx, avx512f, avx512dq, avx512cd, avx512bw, avx512vl, sha, fma, vzeroupper, avx512_vpopcntdq, avx512_vpclmulqdq, avx512_vaes, avx512_vnni, clflush, clflushopt, clwb, avx512_vbmi2, avx512_vbmi, hv
Processor Information for all 16 processors :
  Max Mhz: 2304, Current Mhz: 2304, Mhz Limit: 2304

Memory: 4k page, system-wide physical 16021M (1073M free)
TotalPageFile size 34453M (AvailPageFile size 6842M)
current process WorkingSet (physical memory assigned to process): 121M, peak: 194M
current process commit charge ("private bytes"): 507M, peak: 613M

vm_info: OpenJDK 64-Bit Server VM (17.0.10+7-LTS) for windows-amd64 JRE (17.0.10+7-LTS), built on Jan 10 2024 22:11:07 by "Administrator" with MS VC++ 16.10 / 16.11 (VS2019)

END.
