#
# A fatal error has been detected by the Java Runtime Environment:
#
#  EXCEPTION_ACCESS_VIOLATION (0xc0000005) at pc=0x00007ffa5d6df3a6, pid=16444, tid=10648
#
# JRE version: OpenJDK Runtime Environment Corretto-17.0.10.7.1 (17.0.10+7) (build 17.0.10+7-LTS)
# Java VM: OpenJDK 64-Bit Server VM Corretto-17.0.10.7.1 (17.0.10+7-LTS, mixed mode, sharing, tiered, compressed oops, compressed class ptrs, g1 gc, windows-amd64)
# Problematic frame:
# C  [jniRaylib.dll+0xdf3a6]
#
# No core dump will be written. Minidumps are not enabled by default on client versions of Windows
#
# If you would like to submit a bug report, please visit:
#   https://github.com/corretto/corretto-17/issues/
# The crash happened outside the Java Virtual Machine in native code.
# See problematic frame for where to report the bug.
#

---------------  S U M M A R Y ------------

Command Line: -Dfile.encoding=windows-1252 -Duser.country=NL -Duser.language=nl -Duser.variant PineVille.GameScene

Host: 11th Gen Intel(R) Core(TM) i7-11800H @ 2.30GHz, 16 cores, 15G,  Windows 11 , 64 bit Build 22621 (10.0.22621.2506)
Time: Thu Feb 15 13:15:05 2024 West-Europa (standaardtijd) elapsed time: 4.984344 seconds (0d 0h 0m 4s)

---------------  T H R E A D  ---------------

Current thread (0x000002843b63c270):  JavaThread "main" [_thread_in_native, id=10648, stack(0x000000f5bb200000,0x000000f5bb300000)]

Stack: [0x000000f5bb200000,0x000000f5bb300000],  sp=0x000000f5bb2fef20,  free space=1019k
Native frames: (J=compiled Java code, j=interpreted, Vv=VM code, C=native code)
C  [jniRaylib.dll+0xdf3a6]

Java frames: (J=compiled Java code, j=interpreted, Vv=VM code)
j  com.raylib.Raylib.DrawTexturePro(Lcom/raylib/Raylib$Texture;Lcom/raylib/Raylib$Rectangle;Lcom/raylib/Raylib$Rectangle;Lcom/raylib/Raylib$Vector2;FLcom/raylib/Raylib$Color;)V+0
j  PineVille.GameScene.main([Ljava/lang/String;)V+412
v  ~StubRoutines::call_stub

siginfo: EXCEPTION_ACCESS_VIOLATION (0xc0000005), writing address 0x00000284a87e73d0


Registers:
RAX=0x00000284a87e73d0, RBX=0x000000f5bb2ff0c0, RCX=0x0000000000000000, RDX=0x0000000000000000
RSP=0x000000f5bb2fef20, RBP=0x000000f5bb2ff1e0, RSI=0x0000000000000004, RDI=0x000000f5bb2ff0b0
R8 =0x00000284a8562980, R9 =0x0000000000000000, R10=0x00007ffa596dde20, R11=0x0000000000000004
R12=0x00000284a6e77550, R13=0x0000000000000000, R14=0x00000284a7ede5b0, R15=0x00000284a63ebf20
RIP=0x00007ffa5d6df3a6, EFLAGS=0x0000000000010246


Register to memory mapping:

RIP=0x00007ffa5d6df3a6 jniRaylib.dll
RAX=0x00000284a87e73d0 is an unknown value
RBX=0x000000f5bb2ff0c0 is pointing into the stack for thread: 0x000002843b63c270
RCX=0x0 is NULL
RDX=0x0 is NULL
RSP=0x000000f5bb2fef20 is pointing into the stack for thread: 0x000002843b63c270
RBP=0x000000f5bb2ff1e0 is pointing into the stack for thread: 0x000002843b63c270
RSI=0x0000000000000004 is an unknown value
RDI=0x000000f5bb2ff0b0 is pointing into the stack for thread: 0x000002843b63c270
R8 =0x00000284a8562980 points into unknown readable memory: 0x0000000000002000 | 00 20 00 00 00 00 00 00
R9 =0x0 is NULL
R10=0x00007ffa596dde20 jvm.dll
R11=0x0000000000000004 is an unknown value
R12=0x00000284a6e77550 points into unknown readable memory: 0x0000002000000004 | 04 00 00 00 20 00 00 00
R13=0x0 is NULL
R14=0x00000284a7ede5b0 points into unknown readable memory: 0x01900007ffffffff | ff ff ff ff 07 00 90 01
R15=0x00000284a63ebf20 points into unknown readable memory: 0x0000000000000000 | 00 00 00 00 00 00 00 00


Top of Stack: (sp=0x000000f5bb2fef20)
0x000000f5bb2fef20:   00000284a2401228 000002843b63c270
0x000000f5bb2fef30:   00000284a613b3d0 000000f5bb2fef80
0x000000f5bb2fef40:   0000000043640000 0000000000000000
0x000000f5bb2fef50:   0000000000000000 0000000000000000
0x000000f5bb2fef60:   0000000000000000 0000000000000000
0x000000f5bb2fef70:   000000f5bb2ff0c0 00007ffa5d6a8749
0x000000f5bb2fef80:   00007ffa594aabf8 0000028461458b98
0x000000f5bb2fef90:   000002840000000e 000000000017777c
0x000000f5bb2fefa0:   4200000043640000 42c8000043640000
0x000000f5bb2fefb0:   000002843b63c528 0000000000000000
0x000000f5bb2fefc0:   0000000000000000 0000000000000000
0x000000f5bb2fefd0:   0000000000000000 0000000000000000
0x000000f5bb2fefe0:   0000000000000000 0000000000000000
0x000000f5bb2feff0:   0000000000000000 0000000000000000
0x000000f5bb2ff000:   0000000000000000 0000000000000000
0x000000f5bb2ff010:   0000000000000000 0000000000000000
0x000000f5bb2ff020:   0000000000000000 0000000000000000
0x000000f5bb2ff030:   0000000000000000 0000000000000000
0x000000f5bb2ff040:   0000000000000000 0000000000000000
0x000000f5bb2ff050:   0000000000000000 0000000000000000
0x000000f5bb2ff060:   00000284a6e34fa0 00000284a6e34de0
0x000000f5bb2ff070:   000002843b63c528 00007ffa5d642213
0x000000f5bb2ff080:   0000028442c80000 000000f5bb2ff1e0
0x000000f5bb2ff090:   00009f7450f98d1b 0000000000000000
0x000000f5bb2ff0a0:   000000f500000000 00000000ffffffff
0x000000f5bb2ff0b0:   42c8000042c80000 4300000043000000
0x000000f5bb2ff0c0:   0000000000000000 4200000042000000
0x000000f5bb2ff0d0:   0000002000000004 0000000100000020
0x000000f5bb2ff0e0:   0000028400000007 0000000000000000
0x000000f5bb2ff0f0:   000002843b63c270 0000000000000000
0x000000f5bb2ff100:   000002844bd99657 000000000000020d
0x000000f5bb2ff110:   00000284a2449b80 000002844bd9d621 

Instructions: (pc=0x00007ffa5d6df3a6)
0x00007ffa5d6df2a6:   f3 0f 59 c4 f3 0f 58 f3 f3 0f 58 d0 f3 0f 58 f1
0x00007ffa5d6df2b6:   f3 0f 10 0d da 2f 11 00 f3 41 0f 59 c8 f3 0f 58
0x00007ffa5d6df2c6:   35 c1 2f 11 00 f3 0f 58 f9 f3 0f 10 0d d1 2f 11
0x00007ffa5d6df2d6:   00 f3 41 0f 59 c8 44 0f 28 c2 f3 0f 58 3d b4 2f
0x00007ffa5d6df2e6:   11 00 f3 44 0f 58 c1 f3 44 0f 58 05 b6 2f 11 00
0x00007ffa5d6df2f6:   4c 8b 05 b3 2e 11 00 49 63 48 04 49 8b 40 08 48
0x00007ffa5d6df306:   c1 e1 06 8b 0c 01 8d 0c 8d fc ff ff ff 39 0d bf
0x00007ffa5d6df316:   2e 11 00 7e 6e 49 63 40 18 49 8b 48 10 48 03 c0
0x00007ffa5d6df326:   8b 54 c1 f0 83 fa 01 75 0b 84 54 c1 f4 75 54 8d
0x00007ffa5d6df336:   4a 02 eb 43 83 fa 04 75 20 8b 4c c1 f4 b8 56 55
0x00007ffa5d6df346:   55 55 f7 e9 8b c2 c1 e8 1f 03 d0 8d 04 52 3b c8
0x00007ffa5d6df356:   75 31 b9 04 00 00 00 eb 1e 83 fa 07 75 25 8b 44
0x00007ffa5d6df366:   c1 f4 25 03 00 00 80 7d 07 ff c8 83 c8 fc ff c0
0x00007ffa5d6df376:   85 c0 75 0f 8d 48 05 e8 7e a4 ff ff 4c 8b 05 27
0x00007ffa5d6df386:   2e 11 00 4d 63 48 04 4d 8b 40 08 8b 05 41 2e 11
0x00007ffa5d6df396:   00 49 c1 e1 06 8d 0c 40 4b 8b 44 01 08 48 63 d1
0x00007ffa5d6df3a6:   f3 0f 11 34 90 48 8b 05 fe 2d 11 00 4c 63 48 04
0x00007ffa5d6df3b6:   4c 8b 40 08 8b 05 18 2e 11 00 49 c1 e1 06 8d 0c
0x00007ffa5d6df3c6:   40 4b 8b 44 01 08 48 63 d1 f3 0f 11 7c 90 04 48
0x00007ffa5d6df3d6:   8b 05 d4 2d 11 00 4c 63 48 04 4c 8b 40 08 8b 05
0x00007ffa5d6df3e6:   ee 2d 11 00 49 c1 e1 06 8d 0c 40 4b 8b 44 01 08
0x00007ffa5d6df3f6:   48 63 d1 f3 44 0f 11 44 90 08 48 8b 05 a9 2d 11
0x00007ffa5d6df406:   00 f3 0f 10 05 cd 2d 11 00 4c 63 40 04 48 8b 50
0x00007ffa5d6df416:   08 8b 05 bb 2d 11 00 03 c0 49 c1 e0 06 48 63 c8
0x00007ffa5d6df426:   49 8b 44 10 10 f3 0f 11 04 88 48 8b 05 79 2d 11
0x00007ffa5d6df436:   00 f3 0f 10 05 a1 2d 11 00 4c 63 40 04 48 8b 50
0x00007ffa5d6df446:   08 8b 05 8b 2d 11 00 03 c0 49 c1 e0 06 48 63 c8
0x00007ffa5d6df456:   49 8b 44 10 10 f3 0f 11 44 88 04 48 8b 05 48 2d
0x00007ffa5d6df466:   11 00 4c 63 40 04 48 8b 48 08 8b 05 62 2d 11 00
0x00007ffa5d6df476:   49 c1 e0 06 8d 04 85 00 00 00 00 49 8b 4c 08 18
0x00007ffa5d6df486:   48 63 d0 0f b6 05 60 2d 11 00 88 04 0a 48 8b 05
0x00007ffa5d6df496:   16 2d 11 00 4c 63 40 04 48 8b 48 08 8b 05 30 2d 


Stack slot to memory mapping:
stack at sp + 0 slots: {method} {0x00000284a2401230} 'allocate' '()V' in 'com/raylib/Raylib$Vector2'
stack at sp + 1 slots: 0x000002843b63c270 is a thread
stack at sp + 2 slots: 0x00000284a613b3d0 points into unknown readable memory: 0x00000284a24039e8 | e8 39 40 a2 84 02 00 00
stack at sp + 3 slots: 0x000000f5bb2fef80 is pointing into the stack for thread: 0x000002843b63c270
stack at sp + 4 slots: 0x0000000043640000 is an unknown value
stack at sp + 5 slots: 0x0 is NULL
stack at sp + 6 slots: 0x0 is NULL
stack at sp + 7 slots: 0x0 is NULL


---------------  P R O C E S S  ---------------

Threads class SMR info:
_java_thread_list=0x00000284a86dd840, length=16, elements={
0x000002843b63c270, 0x00000284a6006420, 0x00000284a6006bf0, 0x00000284a601e3b0,
0x00000284a601eb80, 0x00000284a6023170, 0x00000284a602f760, 0x00000284a6033610,
0x00000284a6033cd0, 0x00000284a60452d0, 0x00000284a6140e50, 0x00000284a614d460,
0x00000284a61a5b90, 0x00000284a61a64c0, 0x00000284a61aae10, 0x00000284a61cc810
}

Java Threads: ( => current thread )
=>0x000002843b63c270 JavaThread "main" [_thread_in_native, id=10648, stack(0x000000f5bb200000,0x000000f5bb300000)]
  0x00000284a6006420 JavaThread "Reference Handler" daemon [_thread_blocked, id=21840, stack(0x000000f5bb900000,0x000000f5bba00000)]
  0x00000284a6006bf0 JavaThread "Finalizer" daemon [_thread_blocked, id=25904, stack(0x000000f5bba00000,0x000000f5bbb00000)]
  0x00000284a601e3b0 JavaThread "Signal Dispatcher" daemon [_thread_blocked, id=10504, stack(0x000000f5bbb00000,0x000000f5bbc00000)]
  0x00000284a601eb80 JavaThread "Attach Listener" daemon [_thread_blocked, id=18420, stack(0x000000f5bbc00000,0x000000f5bbd00000)]
  0x00000284a6023170 JavaThread "Service Thread" daemon [_thread_blocked, id=2600, stack(0x000000f5bbd00000,0x000000f5bbe00000)]
  0x00000284a602f760 JavaThread "Monitor Deflation Thread" daemon [_thread_blocked, id=13300, stack(0x000000f5bbe00000,0x000000f5bbf00000)]
  0x00000284a6033610 JavaThread "C2 CompilerThread0" daemon [_thread_blocked, id=2752, stack(0x000000f5bbf00000,0x000000f5bc000000)]
  0x00000284a6033cd0 JavaThread "C1 CompilerThread0" daemon [_thread_blocked, id=17580, stack(0x000000f5bc000000,0x000000f5bc100000)]
  0x00000284a60452d0 JavaThread "Sweeper thread" daemon [_thread_blocked, id=10668, stack(0x000000f5bc100000,0x000000f5bc200000)]
  0x00000284a6140e50 JavaThread "C1 CompilerThread1" daemon [_thread_blocked, id=7984, stack(0x000000f5bc200000,0x000000f5bc300000)]
  0x00000284a614d460 JavaThread "C1 CompilerThread2" daemon [_thread_blocked, id=2912, stack(0x000000f5bc300000,0x000000f5bc400000)]
  0x00000284a61a5b90 JavaThread "C1 CompilerThread3" daemon [_thread_blocked, id=23144, stack(0x000000f5bc400000,0x000000f5bc500000)]
  0x00000284a61a64c0 JavaThread "Notification Thread" daemon [_thread_blocked, id=14436, stack(0x000000f5bc500000,0x000000f5bc600000)]
  0x00000284a61aae10 JavaThread "Common-Cleaner" daemon [_thread_blocked, id=13076, stack(0x000000f5bc700000,0x000000f5bc800000)]
  0x00000284a61cc810 JavaThread "JavaCPP Deallocator" daemon [_thread_blocked, id=6328, stack(0x000000f5bc800000,0x000000f5bc900000)]

Other Threads:
  0x0000028460c4e810 VMThread "VM Thread" [stack: 0x000000f5bb800000,0x000000f5bb900000] [id=18568]
  0x00000284a61a89b0 WatcherThread [stack: 0x000000f5bc600000,0x000000f5bc700000] [id=16792]
  0x000002843b6a7860 GCTaskThread "GC Thread#0" [stack: 0x000000f5bb300000,0x000000f5bb400000] [id=28372]
  0x00000284a6f41770 GCTaskThread "GC Thread#1" [stack: 0x000000f5bcb00000,0x000000f5bcc00000] [id=25288]
  0x00000284a6fad110 GCTaskThread "GC Thread#2" [stack: 0x000000f5bcc00000,0x000000f5bcd00000] [id=15716]
  0x00000284a70d58a0 GCTaskThread "GC Thread#3" [stack: 0x000000f5bcd00000,0x000000f5bce00000] [id=8244]
  0x00000284a786fcc0 GCTaskThread "GC Thread#4" [stack: 0x000000f5bce00000,0x000000f5bcf00000] [id=17508]
  0x00000284a63eb9d0 GCTaskThread "GC Thread#5" [stack: 0x000000f5bcf00000,0x000000f5bd000000] [id=9656]
  0x000002843b6b9210 ConcurrentGCThread "G1 Main Marker" [stack: 0x000000f5bb400000,0x000000f5bb500000] [id=31416]
  0x000002843b6bb3e0 ConcurrentGCThread "G1 Conc#0" [stack: 0x000000f5bb500000,0x000000f5bb600000] [id=29380]
  0x0000028460b0b180 ConcurrentGCThread "G1 Refine#0" [stack: 0x000000f5bb600000,0x000000f5bb700000] [id=31404]
  0x0000028460b0b7c0 ConcurrentGCThread "G1 Service" [stack: 0x000000f5bb700000,0x000000f5bb800000] [id=25056]

Threads with active compile tasks:

VM state: not at safepoint (normal execution)

VM Mutex/Monitor currently owned by a thread: None

Heap address: 0x0000000705a00000, size: 4006 MB, Compressed Oops mode: Zero based, Oop shift amount: 3

CDS archive(s) mapped at: [0x0000028461000000-0x0000028461bb0000-0x0000028461bb0000), size 12255232, SharedBaseAddress: 0x0000028461000000, ArchiveRelocationMode: 1.
Compressed class space mapped at: 0x0000028462000000-0x00000284a2000000, reserved size: 1073741824
Narrow klass base: 0x0000028461000000, Narrow klass shift: 0, Narrow klass range: 0x100000000

GC Precious Log:
 CPUs: 16 total, 16 available
 Memory: 16021M
 Large Page Support: Disabled
 NUMA Support: Disabled
 Compressed Oops: Enabled (Zero based)
 Heap Region Size: 2M
 Heap Min Capacity: 8M
 Heap Initial Capacity: 252M
 Heap Max Capacity: 4006M
 Pre-touch: Disabled
 Parallel Workers: 13
 Concurrent Workers: 3
 Concurrent Refinement Workers: 13
 Periodic GC: Disabled

Heap:
 garbage-first heap   total 258048K, used 3695K [0x0000000705a00000, 0x0000000800000000)
  region size 2048K, 3 young (6144K), 1 survivors (2048K)
 Metaspace       used 2091K, committed 2240K, reserved 1114112K
  class space    used 179K, committed 256K, reserved 1048576K

Heap Regions: E=young(eden), S=young(survivor), O=old, HS=humongous(starts), HC=humongous(continues), CS=collection set, F=free, OA=open archive, CA=closed archive, TAMS=top-at-mark-start (previous, next)
|   0|0x0000000705a00000, 0x0000000705a00000, 0x0000000705c00000|  0%| F|  |TAMS 0x0000000705a00000, 0x0000000705a00000| Untracked 
|   1|0x0000000705c00000, 0x0000000705c00000, 0x0000000705e00000|  0%| F|  |TAMS 0x0000000705c00000, 0x0000000705c00000| Untracked 
|   2|0x0000000705e00000, 0x0000000705e00000, 0x0000000706000000|  0%| F|  |TAMS 0x0000000705e00000, 0x0000000705e00000| Untracked 
|   3|0x0000000706000000, 0x0000000706000000, 0x0000000706200000|  0%| F|  |TAMS 0x0000000706000000, 0x0000000706000000| Untracked 
|   4|0x0000000706200000, 0x0000000706200000, 0x0000000706400000|  0%| F|  |TAMS 0x0000000706200000, 0x0000000706200000| Untracked 
|   5|0x0000000706400000, 0x0000000706400000, 0x0000000706600000|  0%| F|  |TAMS 0x0000000706400000, 0x0000000706400000| Untracked 
|   6|0x0000000706600000, 0x0000000706600000, 0x0000000706800000|  0%| F|  |TAMS 0x0000000706600000, 0x0000000706600000| Untracked 
|   7|0x0000000706800000, 0x0000000706800000, 0x0000000706a00000|  0%| F|  |TAMS 0x0000000706800000, 0x0000000706800000| Untracked 
|   8|0x0000000706a00000, 0x0000000706a00000, 0x0000000706c00000|  0%| F|  |TAMS 0x0000000706a00000, 0x0000000706a00000| Untracked 
|   9|0x0000000706c00000, 0x0000000706c00000, 0x0000000706e00000|  0%| F|  |TAMS 0x0000000706c00000, 0x0000000706c00000| Untracked 
|  10|0x0000000706e00000, 0x0000000706e00000, 0x0000000707000000|  0%| F|  |TAMS 0x0000000706e00000, 0x0000000706e00000| Untracked 
|  11|0x0000000707000000, 0x0000000707000000, 0x0000000707200000|  0%| F|  |TAMS 0x0000000707000000, 0x0000000707000000| Untracked 
|  12|0x0000000707200000, 0x0000000707200000, 0x0000000707400000|  0%| F|  |TAMS 0x0000000707200000, 0x0000000707200000| Untracked 
|  13|0x0000000707400000, 0x0000000707400000, 0x0000000707600000|  0%| F|  |TAMS 0x0000000707400000, 0x0000000707400000| Untracked 
|  14|0x0000000707600000, 0x0000000707600000, 0x0000000707800000|  0%| F|  |TAMS 0x0000000707600000, 0x0000000707600000| Untracked 
|  15|0x0000000707800000, 0x0000000707800000, 0x0000000707a00000|  0%| F|  |TAMS 0x0000000707800000, 0x0000000707800000| Untracked 
|  16|0x0000000707a00000, 0x0000000707a00000, 0x0000000707c00000|  0%| F|  |TAMS 0x0000000707a00000, 0x0000000707a00000| Untracked 
|  17|0x0000000707c00000, 0x0000000707c00000, 0x0000000707e00000|  0%| F|  |TAMS 0x0000000707c00000, 0x0000000707c00000| Untracked 
|  18|0x0000000707e00000, 0x0000000707e00000, 0x0000000708000000|  0%| F|  |TAMS 0x0000000707e00000, 0x0000000707e00000| Untracked 
|  19|0x0000000708000000, 0x0000000708000000, 0x0000000708200000|  0%| F|  |TAMS 0x0000000708000000, 0x0000000708000000| Untracked 
|  20|0x0000000708200000, 0x0000000708200000, 0x0000000708400000|  0%| F|  |TAMS 0x0000000708200000, 0x0000000708200000| Untracked 
|  21|0x0000000708400000, 0x0000000708400000, 0x0000000708600000|  0%| F|  |TAMS 0x0000000708400000, 0x0000000708400000| Untracked 
|  22|0x0000000708600000, 0x0000000708600000, 0x0000000708800000|  0%| F|  |TAMS 0x0000000708600000, 0x0000000708600000| Untracked 
|  23|0x0000000708800000, 0x0000000708800000, 0x0000000708a00000|  0%| F|  |TAMS 0x0000000708800000, 0x0000000708800000| Untracked 
|  24|0x0000000708a00000, 0x0000000708a00000, 0x0000000708c00000|  0%| F|  |TAMS 0x0000000708a00000, 0x0000000708a00000| Untracked 
|  25|0x0000000708c00000, 0x0000000708c00000, 0x0000000708e00000|  0%| F|  |TAMS 0x0000000708c00000, 0x0000000708c00000| Untracked 
|  26|0x0000000708e00000, 0x0000000708e00000, 0x0000000709000000|  0%| F|  |TAMS 0x0000000708e00000, 0x0000000708e00000| Untracked 
|  27|0x0000000709000000, 0x0000000709000000, 0x0000000709200000|  0%| F|  |TAMS 0x0000000709000000, 0x0000000709000000| Untracked 
|  28|0x0000000709200000, 0x0000000709200000, 0x0000000709400000|  0%| F|  |TAMS 0x0000000709200000, 0x0000000709200000| Untracked 
|  29|0x0000000709400000, 0x0000000709400000, 0x0000000709600000|  0%| F|  |TAMS 0x0000000709400000, 0x0000000709400000| Untracked 
|  30|0x0000000709600000, 0x0000000709600000, 0x0000000709800000|  0%| F|  |TAMS 0x0000000709600000, 0x0000000709600000| Untracked 
|  31|0x0000000709800000, 0x0000000709800000, 0x0000000709a00000|  0%| F|  |TAMS 0x0000000709800000, 0x0000000709800000| Untracked 
|  32|0x0000000709a00000, 0x0000000709a00000, 0x0000000709c00000|  0%| F|  |TAMS 0x0000000709a00000, 0x0000000709a00000| Untracked 
|  33|0x0000000709c00000, 0x0000000709c00000, 0x0000000709e00000|  0%| F|  |TAMS 0x0000000709c00000, 0x0000000709c00000| Untracked 
|  34|0x0000000709e00000, 0x0000000709e00000, 0x000000070a000000|  0%| F|  |TAMS 0x0000000709e00000, 0x0000000709e00000| Untracked 
|  35|0x000000070a000000, 0x000000070a000000, 0x000000070a200000|  0%| F|  |TAMS 0x000000070a000000, 0x000000070a000000| Untracked 
|  36|0x000000070a200000, 0x000000070a200000, 0x000000070a400000|  0%| F|  |TAMS 0x000000070a200000, 0x000000070a200000| Untracked 
|  37|0x000000070a400000, 0x000000070a400000, 0x000000070a600000|  0%| F|  |TAMS 0x000000070a400000, 0x000000070a400000| Untracked 
|  38|0x000000070a600000, 0x000000070a600000, 0x000000070a800000|  0%| F|  |TAMS 0x000000070a600000, 0x000000070a600000| Untracked 
|  39|0x000000070a800000, 0x000000070a800000, 0x000000070aa00000|  0%| F|  |TAMS 0x000000070a800000, 0x000000070a800000| Untracked 
|  40|0x000000070aa00000, 0x000000070aa00000, 0x000000070ac00000|  0%| F|  |TAMS 0x000000070aa00000, 0x000000070aa00000| Untracked 
|  41|0x000000070ac00000, 0x000000070ac00000, 0x000000070ae00000|  0%| F|  |TAMS 0x000000070ac00000, 0x000000070ac00000| Untracked 
|  42|0x000000070ae00000, 0x000000070ae00000, 0x000000070b000000|  0%| F|  |TAMS 0x000000070ae00000, 0x000000070ae00000| Untracked 
|  43|0x000000070b000000, 0x000000070b000000, 0x000000070b200000|  0%| F|  |TAMS 0x000000070b000000, 0x000000070b000000| Untracked 
|  44|0x000000070b200000, 0x000000070b200000, 0x000000070b400000|  0%| F|  |TAMS 0x000000070b200000, 0x000000070b200000| Untracked 
|  45|0x000000070b400000, 0x000000070b400000, 0x000000070b600000|  0%| F|  |TAMS 0x000000070b400000, 0x000000070b400000| Untracked 
|  46|0x000000070b600000, 0x000000070b600000, 0x000000070b800000|  0%| F|  |TAMS 0x000000070b600000, 0x000000070b600000| Untracked 
|  47|0x000000070b800000, 0x000000070b800000, 0x000000070ba00000|  0%| F|  |TAMS 0x000000070b800000, 0x000000070b800000| Untracked 
|  48|0x000000070ba00000, 0x000000070ba00000, 0x000000070bc00000|  0%| F|  |TAMS 0x000000070ba00000, 0x000000070ba00000| Untracked 
|  49|0x000000070bc00000, 0x000000070bc00000, 0x000000070be00000|  0%| F|  |TAMS 0x000000070bc00000, 0x000000070bc00000| Untracked 
|  50|0x000000070be00000, 0x000000070be00000, 0x000000070c000000|  0%| F|  |TAMS 0x000000070be00000, 0x000000070be00000| Untracked 
|  51|0x000000070c000000, 0x000000070c000000, 0x000000070c200000|  0%| F|  |TAMS 0x000000070c000000, 0x000000070c000000| Untracked 
|  52|0x000000070c200000, 0x000000070c200000, 0x000000070c400000|  0%| F|  |TAMS 0x000000070c200000, 0x000000070c200000| Untracked 
|  53|0x000000070c400000, 0x000000070c400000, 0x000000070c600000|  0%| F|  |TAMS 0x000000070c400000, 0x000000070c400000| Untracked 
|  54|0x000000070c600000, 0x000000070c600000, 0x000000070c800000|  0%| F|  |TAMS 0x000000070c600000, 0x000000070c600000| Untracked 
|  55|0x000000070c800000, 0x000000070c800000, 0x000000070ca00000|  0%| F|  |TAMS 0x000000070c800000, 0x000000070c800000| Untracked 
|  56|0x000000070ca00000, 0x000000070ca00000, 0x000000070cc00000|  0%| F|  |TAMS 0x000000070ca00000, 0x000000070ca00000| Untracked 
|  57|0x000000070cc00000, 0x000000070cc00000, 0x000000070ce00000|  0%| F|  |TAMS 0x000000070cc00000, 0x000000070cc00000| Untracked 
|  58|0x000000070ce00000, 0x000000070ce00000, 0x000000070d000000|  0%| F|  |TAMS 0x000000070ce00000, 0x000000070ce00000| Untracked 
|  59|0x000000070d000000, 0x000000070d000000, 0x000000070d200000|  0%| F|  |TAMS 0x000000070d000000, 0x000000070d000000| Untracked 
|  60|0x000000070d200000, 0x000000070d200000, 0x000000070d400000|  0%| F|  |TAMS 0x000000070d200000, 0x000000070d200000| Untracked 
|  61|0x000000070d400000, 0x000000070d400000, 0x000000070d600000|  0%| F|  |TAMS 0x000000070d400000, 0x000000070d400000| Untracked 
|  62|0x000000070d600000, 0x000000070d600000, 0x000000070d800000|  0%| F|  |TAMS 0x000000070d600000, 0x000000070d600000| Untracked 
|  63|0x000000070d800000, 0x000000070d800000, 0x000000070da00000|  0%| F|  |TAMS 0x000000070d800000, 0x000000070d800000| Untracked 
|  64|0x000000070da00000, 0x000000070da00000, 0x000000070dc00000|  0%| F|  |TAMS 0x000000070da00000, 0x000000070da00000| Untracked 
|  65|0x000000070dc00000, 0x000000070dc00000, 0x000000070de00000|  0%| F|  |TAMS 0x000000070dc00000, 0x000000070dc00000| Untracked 
|  66|0x000000070de00000, 0x000000070de00000, 0x000000070e000000|  0%| F|  |TAMS 0x000000070de00000, 0x000000070de00000| Untracked 
|  67|0x000000070e000000, 0x000000070e000000, 0x000000070e200000|  0%| F|  |TAMS 0x000000070e000000, 0x000000070e000000| Untracked 
|  68|0x000000070e200000, 0x000000070e200000, 0x000000070e400000|  0%| F|  |TAMS 0x000000070e200000, 0x000000070e200000| Untracked 
|  69|0x000000070e400000, 0x000000070e400000, 0x000000070e600000|  0%| F|  |TAMS 0x000000070e400000, 0x000000070e400000| Untracked 
|  70|0x000000070e600000, 0x000000070e600000, 0x000000070e800000|  0%| F|  |TAMS 0x000000070e600000, 0x000000070e600000| Untracked 
|  71|0x000000070e800000, 0x000000070e800000, 0x000000070ea00000|  0%| F|  |TAMS 0x000000070e800000, 0x000000070e800000| Untracked 
|  72|0x000000070ea00000, 0x000000070ea00000, 0x000000070ec00000|  0%| F|  |TAMS 0x000000070ea00000, 0x000000070ea00000| Untracked 
|  73|0x000000070ec00000, 0x000000070ec00000, 0x000000070ee00000|  0%| F|  |TAMS 0x000000070ec00000, 0x000000070ec00000| Untracked 
|  74|0x000000070ee00000, 0x000000070ee00000, 0x000000070f000000|  0%| F|  |TAMS 0x000000070ee00000, 0x000000070ee00000| Untracked 
|  75|0x000000070f000000, 0x000000070f000000, 0x000000070f200000|  0%| F|  |TAMS 0x000000070f000000, 0x000000070f000000| Untracked 
|  76|0x000000070f200000, 0x000000070f200000, 0x000000070f400000|  0%| F|  |TAMS 0x000000070f200000, 0x000000070f200000| Untracked 
|  77|0x000000070f400000, 0x000000070f400000, 0x000000070f600000|  0%| F|  |TAMS 0x000000070f400000, 0x000000070f400000| Untracked 
|  78|0x000000070f600000, 0x000000070f600000, 0x000000070f800000|  0%| F|  |TAMS 0x000000070f600000, 0x000000070f600000| Untracked 
|  79|0x000000070f800000, 0x000000070f800000, 0x000000070fa00000|  0%| F|  |TAMS 0x000000070f800000, 0x000000070f800000| Untracked 
|  80|0x000000070fa00000, 0x000000070fa00000, 0x000000070fc00000|  0%| F|  |TAMS 0x000000070fa00000, 0x000000070fa00000| Untracked 
|  81|0x000000070fc00000, 0x000000070fc00000, 0x000000070fe00000|  0%| F|  |TAMS 0x000000070fc00000, 0x000000070fc00000| Untracked 
|  82|0x000000070fe00000, 0x000000070fe00000, 0x0000000710000000|  0%| F|  |TAMS 0x000000070fe00000, 0x000000070fe00000| Untracked 
|  83|0x0000000710000000, 0x0000000710000000, 0x0000000710200000|  0%| F|  |TAMS 0x0000000710000000, 0x0000000710000000| Untracked 
|  84|0x0000000710200000, 0x0000000710200000, 0x0000000710400000|  0%| F|  |TAMS 0x0000000710200000, 0x0000000710200000| Untracked 
|  85|0x0000000710400000, 0x0000000710400000, 0x0000000710600000|  0%| F|  |TAMS 0x0000000710400000, 0x0000000710400000| Untracked 
|  86|0x0000000710600000, 0x0000000710600000, 0x0000000710800000|  0%| F|  |TAMS 0x0000000710600000, 0x0000000710600000| Untracked 
|  87|0x0000000710800000, 0x0000000710800000, 0x0000000710a00000|  0%| F|  |TAMS 0x0000000710800000, 0x0000000710800000| Untracked 
|  88|0x0000000710a00000, 0x0000000710a00000, 0x0000000710c00000|  0%| F|  |TAMS 0x0000000710a00000, 0x0000000710a00000| Untracked 
|  89|0x0000000710c00000, 0x0000000710c00000, 0x0000000710e00000|  0%| F|  |TAMS 0x0000000710c00000, 0x0000000710c00000| Untracked 
|  90|0x0000000710e00000, 0x0000000710e00000, 0x0000000711000000|  0%| F|  |TAMS 0x0000000710e00000, 0x0000000710e00000| Untracked 
|  91|0x0000000711000000, 0x0000000711000000, 0x0000000711200000|  0%| F|  |TAMS 0x0000000711000000, 0x0000000711000000| Untracked 
|  92|0x0000000711200000, 0x0000000711200000, 0x0000000711400000|  0%| F|  |TAMS 0x0000000711200000, 0x0000000711200000| Untracked 
|  93|0x0000000711400000, 0x0000000711400000, 0x0000000711600000|  0%| F|  |TAMS 0x0000000711400000, 0x0000000711400000| Untracked 
|  94|0x0000000711600000, 0x0000000711600000, 0x0000000711800000|  0%| F|  |TAMS 0x0000000711600000, 0x0000000711600000| Untracked 
|  95|0x0000000711800000, 0x0000000711800000, 0x0000000711a00000|  0%| F|  |TAMS 0x0000000711800000, 0x0000000711800000| Untracked 
|  96|0x0000000711a00000, 0x0000000711a00000, 0x0000000711c00000|  0%| F|  |TAMS 0x0000000711a00000, 0x0000000711a00000| Untracked 
|  97|0x0000000711c00000, 0x0000000711c00000, 0x0000000711e00000|  0%| F|  |TAMS 0x0000000711c00000, 0x0000000711c00000| Untracked 
|  98|0x0000000711e00000, 0x0000000711e00000, 0x0000000712000000|  0%| F|  |TAMS 0x0000000711e00000, 0x0000000711e00000| Untracked 
|  99|0x0000000712000000, 0x0000000712000000, 0x0000000712200000|  0%| F|  |TAMS 0x0000000712000000, 0x0000000712000000| Untracked 
| 100|0x0000000712200000, 0x0000000712200000, 0x0000000712400000|  0%| F|  |TAMS 0x0000000712200000, 0x0000000712200000| Untracked 
| 101|0x0000000712400000, 0x0000000712400000, 0x0000000712600000|  0%| F|  |TAMS 0x0000000712400000, 0x0000000712400000| Untracked 
| 102|0x0000000712600000, 0x0000000712600000, 0x0000000712800000|  0%| F|  |TAMS 0x0000000712600000, 0x0000000712600000| Untracked 
| 103|0x0000000712800000, 0x0000000712800000, 0x0000000712a00000|  0%| F|  |TAMS 0x0000000712800000, 0x0000000712800000| Untracked 
| 104|0x0000000712a00000, 0x0000000712a00000, 0x0000000712c00000|  0%| F|  |TAMS 0x0000000712a00000, 0x0000000712a00000| Untracked 
| 105|0x0000000712c00000, 0x0000000712c00000, 0x0000000712e00000|  0%| F|  |TAMS 0x0000000712c00000, 0x0000000712c00000| Untracked 
| 106|0x0000000712e00000, 0x0000000712e00000, 0x0000000713000000|  0%| F|  |TAMS 0x0000000712e00000, 0x0000000712e00000| Untracked 
| 107|0x0000000713000000, 0x0000000713000000, 0x0000000713200000|  0%| F|  |TAMS 0x0000000713000000, 0x0000000713000000| Untracked 
| 108|0x0000000713200000, 0x0000000713200000, 0x0000000713400000|  0%| F|  |TAMS 0x0000000713200000, 0x0000000713200000| Untracked 
| 109|0x0000000713400000, 0x0000000713400000, 0x0000000713600000|  0%| F|  |TAMS 0x0000000713400000, 0x0000000713400000| Untracked 
| 110|0x0000000713600000, 0x0000000713600000, 0x0000000713800000|  0%| F|  |TAMS 0x0000000713600000, 0x0000000713600000| Untracked 
| 111|0x0000000713800000, 0x0000000713800000, 0x0000000713a00000|  0%| F|  |TAMS 0x0000000713800000, 0x0000000713800000| Untracked 
| 112|0x0000000713a00000, 0x0000000713a00000, 0x0000000713c00000|  0%| F|  |TAMS 0x0000000713a00000, 0x0000000713a00000| Untracked 
| 113|0x0000000713c00000, 0x0000000713c00000, 0x0000000713e00000|  0%| F|  |TAMS 0x0000000713c00000, 0x0000000713c00000| Untracked 
| 114|0x0000000713e00000, 0x0000000713f9bcb8, 0x0000000714000000| 80%| S|CS|TAMS 0x0000000713e00000, 0x0000000713e00000| Complete 
| 115|0x0000000714000000, 0x0000000714000000, 0x0000000714200000|  0%| F|  |TAMS 0x0000000714000000, 0x0000000714000000| Untracked 
| 116|0x0000000714200000, 0x0000000714200000, 0x0000000714400000|  0%| F|  |TAMS 0x0000000714200000, 0x0000000714200000| Untracked 
| 117|0x0000000714400000, 0x0000000714400000, 0x0000000714600000|  0%| F|  |TAMS 0x0000000714400000, 0x0000000714400000| Untracked 
| 118|0x0000000714600000, 0x0000000714600000, 0x0000000714800000|  0%| F|  |TAMS 0x0000000714600000, 0x0000000714600000| Untracked 
| 119|0x0000000714800000, 0x0000000714800000, 0x0000000714a00000|  0%| F|  |TAMS 0x0000000714800000, 0x0000000714800000| Untracked 
| 120|0x0000000714a00000, 0x0000000714a00000, 0x0000000714c00000|  0%| F|  |TAMS 0x0000000714a00000, 0x0000000714a00000| Untracked 
| 121|0x0000000714c00000, 0x0000000714c00000, 0x0000000714e00000|  0%| F|  |TAMS 0x0000000714c00000, 0x0000000714c00000| Untracked 
| 122|0x0000000714e00000, 0x0000000714e00000, 0x0000000715000000|  0%| F|  |TAMS 0x0000000714e00000, 0x0000000714e00000| Untracked 
| 123|0x0000000715000000, 0x0000000715000000, 0x0000000715200000|  0%| F|  |TAMS 0x0000000715000000, 0x0000000715000000| Untracked 
| 124|0x0000000715200000, 0x000000071532a308, 0x0000000715400000| 58%| E|  |TAMS 0x0000000715200000, 0x0000000715200000| Complete 
| 125|0x0000000715400000, 0x0000000715600000, 0x0000000715600000|100%| E|CS|TAMS 0x0000000715400000, 0x0000000715400000| Complete 

Card table byte_map: [0x00000284550e0000,0x00000284558c0000] _byte_map_base: 0x00000284518b3000

Marking Bits (Prev, Next): (CMBitMap*) 0x000002843b6a7e80, (CMBitMap*) 0x000002843b6a7ec0
 Prev Bits: [0x00000284560a0000, 0x0000028459f38000)
 Next Bits: [0x0000028459f40000, 0x000002845ddd8000)

Polling page: 0x000002843b6f0000

Metaspace:

Usage:
  Non-class:      1.87 MB used.
      Class:    179.44 KB used.
       Both:      2.04 MB used.

Virtual space:
  Non-class space:       64.00 MB reserved,       1.94 MB (  3%) committed,  1 nodes.
      Class space:        1.00 GB reserved,     256.00 KB ( <1%) committed,  1 nodes.
             Both:        1.06 GB reserved,       2.19 MB ( <1%) committed. 

Chunk freelists:
   Non-Class:  11.24 MB
       Class:  15.65 MB
        Both:  26.89 MB

MaxMetaspaceSize: unlimited
CompressedClassSpaceSize: 1.00 GB
Initial GC threshold: 21.00 MB
Current GC threshold: 21.00 MB
CDS: on
MetaspaceReclaimPolicy: balanced
 - commit_granule_bytes: 65536.
 - commit_granule_words: 8192.
 - virtual_space_node_default_size: 8388608.
 - enlarge_chunks_in_place: 1.
 - new_chunks_are_fully_committed: 0.
 - uncommit_free_chunks: 1.
 - use_allocation_guard: 0.
 - handle_deallocations: 1.


Internal statistics:

num_allocs_failed_limit: 0.
num_arena_births: 32.
num_arena_deaths: 0.
num_vsnodes_births: 2.
num_vsnodes_deaths: 0.
num_space_committed: 35.
num_space_uncommitted: 0.
num_chunks_returned_to_freelist: 0.
num_chunks_taken_from_freelist: 69.
num_chunk_merges: 0.
num_chunk_splits: 51.
num_chunks_enlarged: 39.
num_inconsistent_stats: 0.

CodeHeap 'non-profiled nmethods': size=119168Kb used=433Kb max_used=433Kb free=118734Kb
 bounds [0x000002844c4e0000, 0x000002844c750000, 0x0000028453940000]
CodeHeap 'profiled nmethods': size=119104Kb used=1345Kb max_used=1345Kb free=117758Kb
 bounds [0x0000028444940000, 0x0000028444bb0000, 0x000002844bd90000]
CodeHeap 'non-nmethods': size=7488Kb used=2848Kb max_used=2885Kb free=4639Kb
 bounds [0x000002844bd90000, 0x000002844c070000, 0x000002844c4e0000]
 total_blobs=1244 nmethods=804 adapters=350
 compilation: enabled
              stopped_count=0, restarted_count=0
 full_count=0

Compilation events (20 events):
Event: 3.334 Thread 0x00000284a61a5b90  786   !   3       org.bytedeco.javacpp.Pointer$DeallocatorReference::add (82 bytes)
Event: 3.334 Thread 0x00000284a61a5b90 nmethod 786 0x0000028444a8d610 code [0x0000028444a8d7e0, 0x0000028444a8ddd8]
Event: 3.400 Thread 0x00000284a6140e50  787       3       com.raylib.Jaylib::<init> (5 bytes)
Event: 3.400 Thread 0x00000284a61a5b90  788       3       com.raylib.Raylib::<init> (5 bytes)
Event: 3.400 Thread 0x00000284a614d460  789       3       com.raylib.RaylibConfig::<init> (5 bytes)
Event: 3.401 Thread 0x00000284a614d460 nmethod 789 0x0000028444a8df10 code [0x0000028444a8e0a0, 0x0000028444a8e1f8]
Event: 3.401 Thread 0x00000284a61a5b90 nmethod 788 0x0000028444a8e290 code [0x0000028444a8e440, 0x0000028444a8e5f8]
Event: 3.401 Thread 0x00000284a614d460  792       3       com.raylib.Jaylib::Rectangle (25 bytes)
Event: 3.401 Thread 0x00000284a6033cd0  793       3       com.raylib.Raylib$Rectangle::<init> (13 bytes)
Event: 3.401 Thread 0x00000284a6140e50 nmethod 787 0x0000028444a8e710 code [0x0000028444a8e8c0, 0x0000028444a8eaf8]
Event: 3.401 Thread 0x00000284a6033cd0 nmethod 793 0x0000028444a8ec10 code [0x0000028444a8edc0, 0x0000028444a8ef58]
Event: 3.401 Thread 0x00000284a614d460 nmethod 792 0x0000028444a8f010 code [0x0000028444a8f220, 0x0000028444a8f5b8]
Event: 3.867 Thread 0x00000284a6033cd0  799       1       java.nio.charset.CharsetEncoder::maxBytesPerChar (5 bytes)
Event: 3.867 Thread 0x00000284a614d460  800       1       sun.nio.cs.SingleByte$Encoder::isASCIICompatible (5 bytes)
Event: 3.867 Thread 0x00000284a6033cd0 nmethod 799 0x000002844c54b690 code [0x000002844c54b820, 0x000002844c54b8f8]
Event: 3.867 Thread 0x00000284a614d460 nmethod 800 0x000002844c54b990 code [0x000002844c54bb20, 0x000002844c54bbf8]
Event: 4.200 Thread 0x00000284a61a5b90  803       3       java.lang.Integer::stringSize (47 bytes)
Event: 4.200 Thread 0x00000284a6140e50  804       3       java.lang.Integer::getChars (131 bytes)
Event: 4.201 Thread 0x00000284a61a5b90 nmethod 803 0x0000028444a8f810 code [0x0000028444a8f9c0, 0x0000028444a8fc18]
Event: 4.201 Thread 0x00000284a6140e50 nmethod 804 0x0000028444a8fd10 code [0x0000028444a8fee0, 0x0000028444a90318]

GC Heap History (2 events):
Event: 1.136 GC heap before
{Heap before GC invocations=0 (full 0):
 garbage-first heap   total 258048K, used 22528K [0x0000000705a00000, 0x0000000800000000)
  region size 2048K, 11 young (22528K), 0 survivors (0K)
 Metaspace       used 1624K, committed 1728K, reserved 1114112K
  class space    used 118K, committed 192K, reserved 1048576K
}
Event: 1.140 GC heap after
{Heap after GC invocations=1 (full 0):
 garbage-first heap   total 258048K, used 1647K [0x0000000705a00000, 0x0000000800000000)
  region size 2048K, 1 young (2048K), 1 survivors (2048K)
 Metaspace       used 1624K, committed 1728K, reserved 1114112K
  class space    used 118K, committed 192K, reserved 1048576K
}

Dll operation events (20 events):
Event: 0.818 Loaded shared library C:\Program Files (x86)\Windows Kits\10\Redist\ucrt\DLLs\x64\api-ms-win-core-rtlsupport-l1-1-0.dll
Event: 0.838 Loaded shared library C:\Program Files (x86)\Windows Kits\10\Redist\ucrt\DLLs\x64\api-ms-win-core-processthreads-l1-1-1.dll
Event: 0.858 Loaded shared library C:\Program Files (x86)\Windows Kits\10\Redist\ucrt\DLLs\x64\api-ms-win-core-file-l1-2-0.dll
Event: 0.878 Loaded shared library C:\Program Files (x86)\Windows Kits\10\Redist\ucrt\DLLs\x64\api-ms-win-core-profile-l1-1-0.dll
Event: 0.894 Loaded shared library C:\Program Files (x86)\Windows Kits\10\Redist\ucrt\DLLs\x64\api-ms-win-core-memory-l1-1-0.dll
Event: 0.916 Loaded shared library C:\Program Files (x86)\Windows Kits\10\Redist\ucrt\DLLs\x64\api-ms-win-core-util-l1-1-0.dll
Event: 0.937 Loaded shared library C:\Program Files (x86)\Windows Kits\10\Redist\ucrt\DLLs\x64\api-ms-win-core-interlocked-l1-1-0.dll
Event: 0.960 Loaded shared library C:\Program Files (x86)\Windows Kits\10\Redist\ucrt\DLLs\x64\ucrtbase.dll
Event: 0.975 Loaded shared library C:\Users\luczu\.jdks\corretto-17.0.10\bin\vcruntime140.dll
Event: 0.989 Loaded shared library C:\Users\luczu\.jdks\corretto-17.0.10\bin\vcruntime140_1.dll
Event: 1.002 Loaded shared library C:\Users\luczu\.jdks\corretto-17.0.10\bin\msvcp140.dll
Event: 1.016 Loaded shared library C:\Windows\System32\msvcp140_1.dll
Event: 1.032 Loaded shared library C:\Windows\System32\concrt140.dll
Event: 1.052 Loaded shared library C:\Windows\System32\vcomp140.dll
Event: 1.098 Loaded shared library C:\Windows\System32\winmm.dll
Event: 1.103 Loaded shared library C:\Windows\System32\opengl32.dll
Event: 1.105 Loaded shared library C:\Windows\System32\user32.dll
Event: 1.106 Loaded shared library C:\Windows\System32\shell32.dll
Event: 1.108 Loaded shared library C:\Windows\System32\gdi32.dll
Event: 1.135 Loaded shared library C:\Users\luczu\.javacpp\cache\jaylib-4.5.0-0.jar\com\raylib\windows-x86_64\jniRaylib.dll

Deoptimization events (20 events):
Event: 1.075 Thread 0x000002843b63c270 DEOPT PACKING pc=0x0000028444a2b918 sp=0x000000f5bb2fe380
Event: 1.075 Thread 0x000002843b63c270 DEOPT UNPACKING pc=0x000002844bdeace3 sp=0x000000f5bb2fd898 mode 0
Event: 1.076 Thread 0x000002843b63c270 Uncommon trap: trap_request=0xffffff45 fr.pc=0x000002844c5073a4 relative=0x0000000000000184
Event: 1.076 Thread 0x000002843b63c270 Uncommon trap: reason=unstable_if action=reinterpret pc=0x000002844c5073a4 method=sun.net.www.ParseUtil.firstEncodeIndex(Ljava/lang/String;)I @ 51 c2
Event: 1.076 Thread 0x000002843b63c270 DEOPT PACKING pc=0x000002844c5073a4 sp=0x000000f5bb2fd700
Event: 1.076 Thread 0x000002843b63c270 DEOPT UNPACKING pc=0x000002844bdea1a3 sp=0x000000f5bb2fd688 mode 2
Event: 1.076 Thread 0x000002843b63c270 Uncommon trap: trap_request=0xffffff45 fr.pc=0x000002844c518b04 relative=0x0000000000001364
Event: 1.076 Thread 0x000002843b63c270 Uncommon trap: reason=unstable_if action=reinterpret pc=0x000002844c518b04 method=java.net.URL.<init>(Ljava/net/URL;Ljava/lang/String;Ljava/net/URLStreamHandler;)V @ 273 c2
Event: 1.076 Thread 0x000002843b63c270 DEOPT PACKING pc=0x000002844c518b04 sp=0x000000f5bb2fd640
Event: 1.076 Thread 0x000002843b63c270 DEOPT UNPACKING pc=0x000002844bdea1a3 sp=0x000000f5bb2fd5d0 mode 2
Event: 1.128 Thread 0x000002843b63c270 Uncommon trap: trap_request=0xffffff45 fr.pc=0x000002844c528fa0 relative=0x0000000000003d40
Event: 1.128 Thread 0x000002843b63c270 Uncommon trap: reason=unstable_if action=reinterpret pc=0x000002844c528fa0 method=sun.net.www.ParseUtil.firstEncodeIndex(Ljava/lang/String;)I @ 51 c2
Event: 1.128 Thread 0x000002843b63c270 DEOPT PACKING pc=0x000002844c528fa0 sp=0x000000f5bb2fc440
Event: 1.128 Thread 0x000002843b63c270 DEOPT UNPACKING pc=0x000002844bdea1a3 sp=0x000000f5bb2fc1c0 mode 2
Event: 1.141 Thread 0x000002843b63c270 Uncommon trap: trap_request=0xffffff45 fr.pc=0x000002844c50f7e0 relative=0x00000000000000e0
Event: 1.141 Thread 0x000002843b63c270 Uncommon trap: reason=unstable_if action=reinterpret pc=0x000002844c50f7e0 method=java.lang.ref.SoftReference.get()Ljava/lang/Object; @ 17 c2
Event: 1.141 Thread 0x000002843b63c270 DEOPT PACKING pc=0x000002844c50f7e0 sp=0x000000f5bb2fbe60
Event: 1.141 Thread 0x000002843b63c270 DEOPT UNPACKING pc=0x000002844bdea1a3 sp=0x000000f5bb2fbe18 mode 2
Event: 1.161 Thread 0x000002843b63c270 DEOPT PACKING pc=0x0000028444a2b918 sp=0x000000f5bb2fbe00
Event: 1.161 Thread 0x000002843b63c270 DEOPT UNPACKING pc=0x000002844bdeace3 sp=0x000000f5bb2fb308 mode 0

Classes unloaded (0 events):
No events

Classes redefined (0 events):
No events

Internal exceptions (7 events):
Event: 0.260 Thread 0x000002843b63c270 Exception <a 'java/lang/NoSuchMethodError'{0x0000000715244478}: 'int java.lang.invoke.DirectMethodHandle$Holder.invokeStaticInit(java.lang.Object, java.lang.Object, java.lang.Object, java.lang.Object)'> (0x0000000715244478) 
thrown [s\src\hotspot\share\interpreter\linkResolver.cpp, line 759]
Event: 0.264 Thread 0x000002843b63c270 Exception <a 'java/lang/NoSuchMethodError'{0x000000071524f188}: 'java.lang.Object java.lang.invoke.DirectMethodHandle$Holder.invokeInterface(java.lang.Object, java.lang.Object)'> (0x000000071524f188) 
thrown [s\src\hotspot\share\interpreter\linkResolver.cpp, line 759]
Event: 0.266 Thread 0x000002843b63c270 Exception <a 'java/lang/IncompatibleClassChangeError'{0x00000007152528a0}: Found class java.lang.Object, but interface was expected> (0x00000007152528a0) 
thrown [s\src\hotspot\share\interpreter\linkResolver.cpp, line 826]
Event: 0.268 Thread 0x000002843b63c270 Exception <a 'java/lang/NoSuchMethodError'{0x0000000715255a48}: 'void java.lang.invoke.DirectMethodHandle$Holder.invokeStatic(java.lang.Object, java.lang.Object)'> (0x0000000715255a48) 
thrown [s\src\hotspot\share\interpreter\linkResolver.cpp, line 759]
Event: 0.269 Thread 0x000002843b63c270 Exception <a 'java/lang/NoSuchMethodError'{0x00000007152590b8}: 'void java.lang.invoke.DirectMethodHandle$Holder.invokeStaticInit(java.lang.Object, java.lang.Object)'> (0x00000007152590b8) 
thrown [s\src\hotspot\share\interpreter\linkResolver.cpp, line 759]
Event: 0.272 Thread 0x000002843b63c270 Exception <a 'java/lang/NoSuchMethodError'{0x000000071525f9c0}: 'int java.lang.invoke.DirectMethodHandle$Holder.invokeStaticInit(java.lang.Object, java.lang.Object)'> (0x000000071525f9c0) 
thrown [s\src\hotspot\share\interpreter\linkResolver.cpp, line 759]
Event: 1.132 Thread 0x000002843b63c270 Exception <a 'java/lang/NoSuchMethodError'{0x00000007141f5b48}: 'java.lang.Object java.lang.invoke.DirectMethodHandle$Holder.invokeStatic(java.lang.Object, int, java.lang.Object)'> (0x00000007141f5b48) 
thrown [s\src\hotspot\share\interpreter\linkResolver.cpp, line 759]

VM Operations (8 events):
Event: 0.213 Executing VM operation: HandshakeAllThreads
Event: 0.213 Executing VM operation: HandshakeAllThreads done
Event: 0.354 Executing VM operation: HandshakeAllThreads
Event: 0.354 Executing VM operation: HandshakeAllThreads done
Event: 1.136 Executing VM operation: G1CollectForAllocation
Event: 1.140 Executing VM operation: G1CollectForAllocation done
Event: 2.146 Executing VM operation: Cleanup
Event: 2.146 Executing VM operation: Cleanup done

Events (20 events):
Event: 1.129 loading class java/time/zone/Ser
Event: 1.129 loading class java/io/Externalizable
Event: 1.129 loading class java/io/Externalizable done
Event: 1.129 loading class java/time/zone/Ser done
Event: 1.129 loading class java/time/Month
Event: 1.129 loading class java/time/Month done
Event: 1.129 loading class java/time/DayOfWeek
Event: 1.130 loading class java/time/DayOfWeek done
Event: 1.130 loading class java/time/zone/ZoneOffsetTransitionRule$TimeDefinition
Event: 1.130 loading class java/time/zone/ZoneOffsetTransitionRule$TimeDefinition done
Event: 1.130 loading class java/time/zone/ZoneOffsetTransition
Event: 1.130 loading class java/time/zone/ZoneOffsetTransition done
Event: 1.131 loading class java/time/temporal/TemporalAdjusters
Event: 1.131 loading class java/time/temporal/TemporalAdjusters done
Event: 1.133 loading class java/time/zone/ZoneOffsetTransitionRule$1
Event: 1.133 loading class java/time/zone/ZoneOffsetTransitionRule$1 done
Event: 1.133 loading class java/util/concurrent/TimeUnit$1
Event: 1.133 loading class java/util/concurrent/TimeUnit$1 done
Event: 1.984 Thread 0x00000284a63eb4b0 Thread exited: 0x00000284a63eb4b0
Event: 1.984 Thread 0x00000284a63e1f90 Thread exited: 0x00000284a63e1f90


Dynamic libraries:
0x00007ff60f4e0000 - 0x00007ff60f4ee000 	C:\Users\luczu\.jdks\corretto-17.0.10\bin\java.exe
0x00007ffb26bf0000 - 0x00007ffb26e07000 	C:\WINDOWS\SYSTEM32\ntdll.dll
0x00007ffb263d0000 - 0x00007ffb26494000 	C:\WINDOWS\System32\KERNEL32.DLL
0x00007ffb24300000 - 0x00007ffb246a6000 	C:\WINDOWS\System32\KERNELBASE.dll
0x00007ffb246b0000 - 0x00007ffb247c1000 	C:\WINDOWS\System32\ucrtbase.dll
0x00007ffadf1b0000 - 0x00007ffadf1cb000 	C:\Users\luczu\.jdks\corretto-17.0.10\bin\VCRUNTIME140.dll
0x00007ffae6690000 - 0x00007ffae66a7000 	C:\Users\luczu\.jdks\corretto-17.0.10\bin\jli.dll
0x00007ffb24940000 - 0x00007ffb24aee000 	C:\WINDOWS\System32\USER32.dll
0x00007ffb24910000 - 0x00007ffb24936000 	C:\WINDOWS\System32\win32u.dll
0x00007ffafb6d0000 - 0x00007ffafb963000 	C:\WINDOWS\WinSxS\amd64_microsoft.windows.common-controls_6595b64144ccf1df_6.0.22621.2506_none_270c5ae97388e100\COMCTL32.dll
0x00007ffb25f30000 - 0x00007ffb25f59000 	C:\WINDOWS\System32\GDI32.dll
0x00007ffb23ff0000 - 0x00007ffb24108000 	C:\WINDOWS\System32\gdi32full.dll
0x00007ffb25ca0000 - 0x00007ffb25d47000 	C:\WINDOWS\System32\msvcrt.dll
0x00007ffb24800000 - 0x00007ffb2489a000 	C:\WINDOWS\System32\msvcp_win.dll
0x00007ffb26830000 - 0x00007ffb26861000 	C:\WINDOWS\System32\IMM32.DLL
0x00007ffb1b5f0000 - 0x00007ffb1b5fc000 	C:\Users\luczu\.jdks\corretto-17.0.10\bin\vcruntime140_1.dll
0x00007ffabee70000 - 0x00007ffabeefd000 	C:\Users\luczu\.jdks\corretto-17.0.10\bin\msvcp140.dll
0x00007ffa58b40000 - 0x00007ffa597a2000 	C:\Users\luczu\.jdks\corretto-17.0.10\bin\server\jvm.dll
0x00007ffb25be0000 - 0x00007ffb25c93000 	C:\WINDOWS\System32\ADVAPI32.dll
0x00007ffb25050000 - 0x00007ffb250f8000 	C:\WINDOWS\System32\sechost.dll
0x00007ffb247d0000 - 0x00007ffb247f8000 	C:\WINDOWS\System32\bcrypt.dll
0x00007ffb26610000 - 0x00007ffb26727000 	C:\WINDOWS\System32\RPCRT4.dll
0x00007ffb22db0000 - 0x00007ffb22dfd000 	C:\WINDOWS\SYSTEM32\POWRPROF.dll
0x00007ffae66f0000 - 0x00007ffae66f9000 	C:\WINDOWS\SYSTEM32\WSOCK32.dll
0x00007ffb19ec0000 - 0x00007ffb19ef4000 	C:\WINDOWS\SYSTEM32\WINMM.dll
0x00007ffb25d50000 - 0x00007ffb25dc1000 	C:\WINDOWS\System32\WS2_32.dll
0x00007ffb1b5c0000 - 0x00007ffb1b5ca000 	C:\WINDOWS\SYSTEM32\VERSION.dll
0x00007ffb22d90000 - 0x00007ffb22da3000 	C:\WINDOWS\SYSTEM32\UMPDC.dll
0x00007ffb22fb0000 - 0x00007ffb22fc8000 	C:\WINDOWS\SYSTEM32\kernel.appcore.dll
0x00007ffaf55c0000 - 0x00007ffaf55ca000 	C:\Users\luczu\.jdks\corretto-17.0.10\bin\jimage.dll
0x00007ffb217d0000 - 0x00007ffb21a03000 	C:\WINDOWS\SYSTEM32\DBGHELP.DLL
0x00007ffb25f60000 - 0x00007ffb262e9000 	C:\WINDOWS\System32\combase.dll
0x00007ffb262f0000 - 0x00007ffb263c7000 	C:\WINDOWS\System32\OLEAUT32.dll
0x00007ffb0f170000 - 0x00007ffb0f1a2000 	C:\WINDOWS\SYSTEM32\dbgcore.DLL
0x00007ffb24110000 - 0x00007ffb2418a000 	C:\WINDOWS\System32\bcryptPrimitives.dll
0x00007ffad7f60000 - 0x00007ffad7f85000 	C:\Users\luczu\.jdks\corretto-17.0.10\bin\java.dll
0x00007ffabd480000 - 0x00007ffabd557000 	C:\Users\luczu\.jdks\corretto-17.0.10\bin\jsvml.dll
0x00007ffb25110000 - 0x00007ffb2596a000 	C:\WINDOWS\System32\SHELL32.dll
0x00007ffb21e40000 - 0x00007ffb22736000 	C:\WINDOWS\SYSTEM32\windows.storage.dll
0x00007ffb21d00000 - 0x00007ffb21e3e000 	C:\WINDOWS\SYSTEM32\wintypes.dll
0x00007ffb26730000 - 0x00007ffb26823000 	C:\WINDOWS\System32\SHCORE.dll
0x00007ffb26550000 - 0x00007ffb265ae000 	C:\WINDOWS\System32\shlwapi.dll
0x00007ffb23e60000 - 0x00007ffb23e86000 	C:\WINDOWS\SYSTEM32\profapi.dll
0x00007ffade170000 - 0x00007ffade189000 	C:\Users\luczu\.jdks\corretto-17.0.10\bin\net.dll
0x00007ffb1a9e0000 - 0x00007ffb1ab17000 	C:\WINDOWS\SYSTEM32\WINHTTP.dll
0x00007ffb234d0000 - 0x00007ffb23539000 	C:\WINDOWS\system32\mswsock.dll
0x00007ffabee50000 - 0x00007ffabee66000 	C:\Users\luczu\.jdks\corretto-17.0.10\bin\nio.dll
0x00007ffabee30000 - 0x00007ffabee48000 	C:\Users\luczu\.jdks\corretto-17.0.10\bin\zip.dll
0x0000028460fa0000 - 0x0000028460fa3000 	C:\Program Files (x86)\Windows Kits\10\Redist\ucrt\DLLs\x64\api-ms-win-crt-locale-l1-1-0.dll
0x0000028460fb0000 - 0x0000028460fb4000 	C:\Program Files (x86)\Windows Kits\10\Redist\ucrt\DLLs\x64\api-ms-win-crt-string-l1-1-0.dll
0x0000028460fc0000 - 0x0000028460fc4000 	C:\Program Files (x86)\Windows Kits\10\Redist\ucrt\DLLs\x64\api-ms-win-crt-stdio-l1-1-0.dll
0x0000028460fd0000 - 0x0000028460fd5000 	C:\Program Files (x86)\Windows Kits\10\Redist\ucrt\DLLs\x64\api-ms-win-crt-math-l1-1-0.dll
0x0000028460fe0000 - 0x0000028460fe3000 	C:\Program Files (x86)\Windows Kits\10\Redist\ucrt\DLLs\x64\api-ms-win-crt-heap-l1-1-0.dll
0x0000028460ff0000 - 0x0000028460ff4000 	C:\Program Files (x86)\Windows Kits\10\Redist\ucrt\DLLs\x64\api-ms-win-crt-runtime-l1-1-0.dll
0x00000284a6c00000 - 0x00000284a6c04000 	C:\Program Files (x86)\Windows Kits\10\Redist\ucrt\DLLs\x64\api-ms-win-crt-convert-l1-1-0.dll
0x00000284a6c10000 - 0x00000284a6c13000 	C:\Program Files (x86)\Windows Kits\10\Redist\ucrt\DLLs\x64\api-ms-win-crt-environment-l1-1-0.dll
0x00000284a6c20000 - 0x00000284a6c23000 	C:\Program Files (x86)\Windows Kits\10\Redist\ucrt\DLLs\x64\api-ms-win-crt-time-l1-1-0.dll
0x00000284a6c30000 - 0x00000284a6c33000 	C:\Program Files (x86)\Windows Kits\10\Redist\ucrt\DLLs\x64\api-ms-win-crt-filesystem-l1-1-0.dll
0x00000284a6c40000 - 0x00000284a6c43000 	C:\Program Files (x86)\Windows Kits\10\Redist\ucrt\DLLs\x64\api-ms-win-crt-utility-l1-1-0.dll
0x00000284a6c50000 - 0x00000284a6c55000 	C:\Program Files (x86)\Windows Kits\10\Redist\ucrt\DLLs\x64\api-ms-win-crt-multibyte-l1-1-0.dll
0x00000284a6c60000 - 0x00000284a6c63000 	C:\Program Files (x86)\Windows Kits\10\Redist\ucrt\DLLs\x64\api-ms-win-crt-conio-l1-1-0.dll
0x00000284a6c70000 - 0x00000284a6c7f000 	C:\Program Files (x86)\Windows Kits\10\Redist\ucrt\DLLs\x64\api-ms-win-crt-private-l1-1-0.dll
0x00000284a6c80000 - 0x00000284a6c83000 	C:\Program Files (x86)\Windows Kits\10\Redist\ucrt\DLLs\x64\api-ms-win-crt-process-l1-1-0.dll
0x00000284a6c90000 - 0x00000284a6c93000 	C:\Program Files\Microsoft\jdk-11.0.12.7-hotspot\bin\api-ms-win-core-console-l1-2-0.dll
0x00000284a6ca0000 - 0x00000284a6ca3000 	C:\Program Files (x86)\Windows Kits\10\Redist\ucrt\DLLs\x64\api-ms-win-core-string-l1-1-0.dll
0x00000284a6cb0000 - 0x00000284a6cb3000 	C:\Program Files (x86)\Windows Kits\10\Redist\ucrt\DLLs\x64\api-ms-win-core-errorhandling-l1-1-0.dll
0x00000284a6cc0000 - 0x00000284a6cc3000 	C:\Program Files (x86)\Windows Kits\10\Redist\ucrt\DLLs\x64\api-ms-win-core-timezone-l1-1-0.dll
0x00000284a6cd0000 - 0x00000284a6cd4000 	C:\Program Files (x86)\Windows Kits\10\Redist\ucrt\DLLs\x64\api-ms-win-core-file-l1-1-0.dll
0x00000284a6ce0000 - 0x00000284a6ce3000 	C:\Program Files (x86)\Windows Kits\10\Redist\ucrt\DLLs\x64\api-ms-win-core-namedpipe-l1-1-0.dll
0x00000284a6cf0000 - 0x00000284a6cf3000 	C:\Program Files (x86)\Windows Kits\10\Redist\ucrt\DLLs\x64\api-ms-win-core-handle-l1-1-0.dll
0x00000284a6d00000 - 0x00000284a6d03000 	C:\Program Files (x86)\Windows Kits\10\Redist\ucrt\DLLs\x64\api-ms-win-core-file-l2-1-0.dll
0x00000284a6d10000 - 0x00000284a6d13000 	C:\Program Files (x86)\Windows Kits\10\Redist\ucrt\DLLs\x64\api-ms-win-core-heap-l1-1-0.dll
0x00000284a6d20000 - 0x00000284a6d23000 	C:\Program Files (x86)\Windows Kits\10\Redist\ucrt\DLLs\x64\api-ms-win-core-libraryloader-l1-1-0.dll
0x00000284a6d30000 - 0x00000284a6d33000 	C:\Program Files (x86)\Windows Kits\10\Redist\ucrt\DLLs\x64\api-ms-win-core-synch-l1-1-0.dll
0x00000284a6d40000 - 0x00000284a6d43000 	C:\Program Files (x86)\Windows Kits\10\Redist\ucrt\DLLs\x64\api-ms-win-core-processthreads-l1-1-0.dll
0x00000284a6d50000 - 0x00000284a6d53000 	C:\Program Files (x86)\Windows Kits\10\Redist\ucrt\DLLs\x64\api-ms-win-core-processenvironment-l1-1-0.dll
0x00000284a6d60000 - 0x00000284a6d63000 	C:\Program Files (x86)\Windows Kits\10\Redist\ucrt\DLLs\x64\api-ms-win-core-datetime-l1-1-0.dll
0x00000284a6d70000 - 0x00000284a6d73000 	C:\Program Files (x86)\Windows Kits\10\Redist\ucrt\DLLs\x64\api-ms-win-core-localization-l1-2-0.dll
0x00000284a6d80000 - 0x00000284a6d83000 	C:\Program Files (x86)\Windows Kits\10\Redist\ucrt\DLLs\x64\api-ms-win-core-sysinfo-l1-1-0.dll
0x00000284a6d90000 - 0x00000284a6d93000 	C:\Program Files (x86)\Windows Kits\10\Redist\ucrt\DLLs\x64\api-ms-win-core-synch-l1-2-0.dll
0x00000284a6da0000 - 0x00000284a6da3000 	C:\Program Files (x86)\Windows Kits\10\Redist\ucrt\DLLs\x64\api-ms-win-core-console-l1-1-0.dll
0x00000284a6db0000 - 0x00000284a6db3000 	C:\Program Files (x86)\Windows Kits\10\Redist\ucrt\DLLs\x64\api-ms-win-core-debug-l1-1-0.dll
0x00000284a7d90000 - 0x00000284a7d93000 	C:\Program Files (x86)\Windows Kits\10\Redist\ucrt\DLLs\x64\api-ms-win-core-rtlsupport-l1-1-0.dll
0x00000284a7da0000 - 0x00000284a7da3000 	C:\Program Files (x86)\Windows Kits\10\Redist\ucrt\DLLs\x64\api-ms-win-core-processthreads-l1-1-1.dll
0x00000284a7db0000 - 0x00000284a7db3000 	C:\Program Files (x86)\Windows Kits\10\Redist\ucrt\DLLs\x64\api-ms-win-core-file-l1-2-0.dll
0x00000284a7dc0000 - 0x00000284a7dc3000 	C:\Program Files (x86)\Windows Kits\10\Redist\ucrt\DLLs\x64\api-ms-win-core-profile-l1-1-0.dll
0x00000284a7dd0000 - 0x00000284a7dd3000 	C:\Program Files (x86)\Windows Kits\10\Redist\ucrt\DLLs\x64\api-ms-win-core-memory-l1-1-0.dll
0x00000284a7de0000 - 0x00000284a7de3000 	C:\Program Files (x86)\Windows Kits\10\Redist\ucrt\DLLs\x64\api-ms-win-core-util-l1-1-0.dll
0x00000284a7df0000 - 0x00000284a7df3000 	C:\Program Files (x86)\Windows Kits\10\Redist\ucrt\DLLs\x64\api-ms-win-core-interlocked-l1-1-0.dll
0x00007ffabcff0000 - 0x00007ffabd0e2000 	C:\Program Files (x86)\Windows Kits\10\Redist\ucrt\DLLs\x64\ucrtbase.dll
0x00007ffaee370000 - 0x00007ffaee379000 	C:\Windows\System32\msvcp140_1.dll
0x00007ffae2100000 - 0x00007ffae214e000 	C:\Windows\System32\concrt140.dll
0x00007ffadf3a0000 - 0x00007ffadf3d1000 	C:\Windows\System32\vcomp140.dll
0x00007ffaeb340000 - 0x00007ffaeb440000 	C:\Windows\System32\opengl32.dll
0x00007ffaec440000 - 0x00007ffaec46d000 	C:\WINDOWS\SYSTEM32\GLU32.dll
0x00007ffb21030000 - 0x00007ffb21066000 	C:\WINDOWS\SYSTEM32\dxcore.dll
0x00007ffa5d600000 - 0x00007ffa5d81d000 	C:\Users\luczu\.javacpp\cache\jaylib-4.5.0-0.jar\com\raylib\windows-x86_64\jniRaylib.dll
0x00007ffa91b80000 - 0x00007ffa91bc6000 	C:\WINDOWS\SYSTEM32\dinput8.dll
0x00007ffb0b900000 - 0x00007ffb0b911000 	C:\WINDOWS\SYSTEM32\xinput1_4.dll
0x00007ffb23c20000 - 0x00007ffb23c6e000 	C:\WINDOWS\SYSTEM32\cfgmgr32.dll
0x00007ffb23bf0000 - 0x00007ffb23c1c000 	C:\WINDOWS\SYSTEM32\DEVOBJ.dll
0x00007ffb212d0000 - 0x00007ffb212fb000 	C:\WINDOWS\SYSTEM32\dwmapi.dll
0x00007ffb1e7d0000 - 0x00007ffb1e87b000 	C:\WINDOWS\system32\uxtheme.dll
0x00007ffb009a0000 - 0x00007ffb00baa000 	C:\WINDOWS\SYSTEM32\inputhost.dll
0x00007ffb1e400000 - 0x00007ffb1e534000 	C:\WINDOWS\SYSTEM32\CoreMessaging.dll
0x00007ffb25dd0000 - 0x00007ffb25f20000 	C:\WINDOWS\System32\MSCTF.dll
0x00007ffb23720000 - 0x00007ffb2372c000 	C:\WINDOWS\SYSTEM32\CRYPTBASE.DLL
0x00007ffb22740000 - 0x00007ffb2274e000 	C:\WINDOWS\SYSTEM32\HID.DLL
0x00007ffb24b00000 - 0x00007ffb24f74000 	C:\WINDOWS\System32\SETUPAPI.DLL
0x00007ffb248a0000 - 0x00007ffb2490b000 	C:\WINDOWS\System32\WINTRUST.dll
0x00007ffb24190000 - 0x00007ffb242f6000 	C:\WINDOWS\System32\CRYPT32.dll
0x00007ffb23bd0000 - 0x00007ffb23be2000 	C:\WINDOWS\SYSTEM32\MSASN1.dll
0x00007ffb1ad40000 - 0x00007ffb1ad8a000 	C:\WINDOWS\SYSTEM32\directxdatabasehelper.dll
0x00007ffb264a0000 - 0x00007ffb26550000 	C:\WINDOWS\System32\clbcatq.dll
0x00007ffa3f210000 - 0x00007ffa41e00000 	C:\WINDOWS\System32\DriverStore\FileRepository\nvhm.inf_amd64_28ac5867493a0477\nvoglv64.dll
0x00007ffb25970000 - 0x00007ffb25b10000 	C:\WINDOWS\System32\ole32.dll
0x00007ffb22e00000 - 0x00007ffb22e14000 	C:\WINDOWS\SYSTEM32\WTSAPI32.dll
0x00007ffb0f620000 - 0x00007ffb0f652000 	C:\WINDOWS\SYSTEM32\cryptnet.dll
0x00007ffb0b640000 - 0x00007ffb0b798000 	C:\WINDOWS\SYSTEM32\drvstore.dll
0x00007ffb237d0000 - 0x00007ffb2381b000 	C:\WINDOWS\SYSTEM32\wldp.dll
0x00007ffb24f80000 - 0x00007ffb24f9f000 	C:\WINDOWS\System32\imagehlp.dll
0x00007ffb23730000 - 0x00007ffb2374b000 	C:\WINDOWS\SYSTEM32\CRYPTSP.dll
0x00007ffb22fd0000 - 0x00007ffb23005000 	C:\WINDOWS\system32\rsaenh.dll
0x00007ffb23560000 - 0x00007ffb23586000 	C:\WINDOWS\SYSTEM32\gpapi.dll
0x00007ffad5d40000 - 0x00007ffad7f2b000 	C:\WINDOWS\System32\DriverStore\FileRepository\nvhm.inf_amd64_28ac5867493a0477\nvgpucomp64.dll
0x00007ffb23070000 - 0x00007ffb230a4000 	C:\WINDOWS\SYSTEM32\ntmarta.dll
0x00007ffa6ed20000 - 0x00007ffa6efe3000 	C:\WINDOWS\system32\nvspcap64.dll
0x00007ffb229a0000 - 0x00007ffb22a06000 	C:\WINDOWS\SYSTEM32\WINSTA.dll

dbghelp: loaded successfully - version: 4.0.5 - missing functions: none
symbol engine: initialized successfully - sym options: 0x614 - pdb path: .;C:\Users\luczu\.jdks\corretto-17.0.10\bin;C:\WINDOWS\SYSTEM32;C:\WINDOWS\WinSxS\amd64_microsoft.windows.common-controls_6595b64144ccf1df_6.0.22621.2506_none_270c5ae97388e100;C:\Users\luczu\.jdks\corretto-17.0.10\bin\server;C:\Program Files (x86)\Windows Kits\10\Redist\ucrt\DLLs\x64;C:\Program Files\Microsoft\jdk-11.0.12.7-hotspot\bin;C:\Users\luczu\.javacpp\cache\jaylib-4.5.0-0.jar\com\raylib\windows-x86_64;C:\WINDOWS\System32\DriverStore\FileRepository\nvhm.inf_amd64_28ac5867493a0477;C:\WINDOWS\System32\DriverStore\FileRepository\iigd_dch.inf_amd64_0fdf6ce291234272

VM Arguments:
jvm_args: -Dfile.encoding=windows-1252 -Duser.country=NL -Duser.language=nl -Duser.variant 
java_command: PineVille.GameScene
java_class_path (initial): C:\Users\luczu\OneDrive\Documenten\PineVille\build\classes\java\main;C:\Users\luczu\OneDrive\Documenten\PineVille\build\resources\main;C:\Users\luczu\.gradle\caches\modules-2\files-2.1\uk.co.electronstudio.jaylib\jaylib\4.5.0-0\90c0d608df9bbd32f5f34683acc58cb433e94508\jaylib-4.5.0-0.jar
Launcher Type: SUN_STANDARD

[Global flags]
     intx CICompilerCount                          = 12                                        {product} {ergonomic}
     uint ConcGCThreads                            = 3                                         {product} {ergonomic}
     uint G1ConcRefinementThreads                  = 13                                        {product} {ergonomic}
   size_t G1HeapRegionSize                         = 2097152                                   {product} {ergonomic}
    uintx GCDrainStackTargetSize                   = 64                                        {product} {ergonomic}
   size_t InitialHeapSize                          = 264241152                                 {product} {ergonomic}
   size_t MarkStackSize                            = 4194304                                   {product} {ergonomic}
   size_t MaxHeapSize                              = 4200595456                                {product} {ergonomic}
   size_t MaxNewSize                               = 2518679552                                {product} {ergonomic}
   size_t MinHeapDeltaBytes                        = 2097152                                   {product} {ergonomic}
   size_t MinHeapSize                              = 8388608                                   {product} {ergonomic}
    uintx NonNMethodCodeHeapSize                   = 7602480                                {pd product} {ergonomic}
    uintx NonProfiledCodeHeapSize                  = 122027880                              {pd product} {ergonomic}
    uintx ProfiledCodeHeapSize                     = 122027880                              {pd product} {ergonomic}
    uintx ReservedCodeCacheSize                    = 251658240                              {pd product} {ergonomic}
     bool SegmentedCodeCache                       = true                                      {product} {ergonomic}
   size_t SoftMaxHeapSize                          = 4200595456                             {manageable} {ergonomic}
     bool UseCompressedClassPointers               = true                           {product lp64_product} {ergonomic}
     bool UseCompressedOops                        = true                           {product lp64_product} {ergonomic}
     bool UseG1GC                                  = true                                      {product} {ergonomic}
     bool UseLargePagesIndividualAllocation        = false                                  {pd product} {ergonomic}

Logging:
Log output configuration:
 #0: stdout all=warning uptime,level,tags
 #1: stderr all=off uptime,level,tags

Environment Variables:
PATH=C:\Program Files (x86)\Common Files\Intel\Shared Libraries\redist\intel64\compiler;C:\Program Files\Common Files\Oracle\Java\javapath;C:\Program Files\Microsoft\jdk-11.0.12.7-hotspot\bin;C:\windows\system32;C:\windows;C:\windows\System32\Wbem;C:\windows\System32\WindowsPowerShell\v1.0\;C:\windows\System32\OpenSSH\;C:\Program Files (x86)\NVIDIA Corporation\PhysX\Common;C:\Program Files\NVIDIA Corporation\NVIDIA NvDLISR;C:\Program Files\Microsoft SQL Server\150\Tools\Binn\;C:\Program Files\Microsoft SQL Server\Client SDK\ODBC\170\Tools\Binn\;C:\Program Files\dotnet\;C:\WINDOWS\system32;C:\WINDOWS;C:\WINDOWS\System32\Wbem;C:\WINDOWS\System32\WindowsPowerShell\v1.0\;C:\WINDOWS\System32\OpenSSH\;C:\Program Files\CMake\bin;C:\Program Files\Git\cmd;C:\Users\luczu\AppData\Local\Microsoft\WindowsApps;C:\Users\luczu\.dotnet\tools;C:\Users\luczu\AppData\Local\GitHubDesktop\bin;;C:\Users\luczu\AppData\Local\Programs\Microsoft VS Code\bin
USERNAME=luczu
OS=Windows_NT
PROCESSOR_IDENTIFIER=Intel64 Family 6 Model 141 Stepping 1, GenuineIntel
TMP=C:\Users\luczu\AppData\Local\Temp
TEMP=C:\Users\luczu\AppData\Local\Temp



Periodic native trim disabled


---------------  S Y S T E M  ---------------

OS:
 Windows 11 , 64 bit Build 22621 (10.0.22621.2506)
OS uptime: 0 days 0:28 hours
Hyper-V role detected

CPU: total 16 (initial active 16) (8 cores per cpu, 2 threads per core) family 6 model 141 stepping 1 microcode 0x4e, cx8, cmov, fxsr, ht, mmx, 3dnowpref, sse, sse2, sse3, ssse3, sse4.1, sse4.2, popcnt, lzcnt, tsc, tscinvbit, avx, avx2, aes, erms, clmul, bmi1, bmi2, adx, avx512f, avx512dq, avx512cd, avx512bw, avx512vl, sha, fma, vzeroupper, avx512_vpopcntdq, avx512_vpclmulqdq, avx512_vaes, avx512_vnni, clflush, clflushopt, clwb, avx512_vbmi2, avx512_vbmi, hv
Processor Information for all 16 processors :
  Max Mhz: 2304, Current Mhz: 2304, Mhz Limit: 2304

Memory: 4k page, system-wide physical 16021M (3319M free)
TotalPageFile size 34453M (AvailPageFile size 16808M)
current process WorkingSet (physical memory assigned to process): 141M, peak: 189M
current process commit charge ("private bytes"): 558M, peak: 610M

vm_info: OpenJDK 64-Bit Server VM (17.0.10+7-LTS) for windows-amd64 JRE (17.0.10+7-LTS), built on Jan 10 2024 22:11:07 by "Administrator" with MS VC++ 16.10 / 16.11 (VS2019)

END.
