#
# A fatal error has been detected by the Java Runtime Environment:
#
#  EXCEPTION_ACCESS_VIOLATION (0xc0000005) at pc=0x00007ffbba02f3a6, pid=6540, tid=11140
#
# JRE version: OpenJDK Runtime Environment Corretto-17.0.10.7.1 (17.0.10+7) (build 17.0.10+7-LTS)
# Java VM: OpenJDK 64-Bit Server VM Corretto-17.0.10.7.1 (17.0.10+7-LTS, mixed mode, sharing, tiered, compressed oops, compressed class ptrs, g1 gc, windows-amd64)
# Problematic frame:
# C  [jniRaylib.dll+0xdf3a6]
#
# No core dump will be written. Minidumps are not enabled by default on client versions of Windows
#
# If you would like to submit a bug report, please visit:
#   https://github.com/corretto/corretto-17/issues/
# The crash happened outside the Java Virtual Machine in native code.
# See problematic frame for where to report the bug.
#

---------------  S U M M A R Y ------------

Command Line: -Dfile.encoding=windows-1252 -Duser.country=NL -Duser.language=nl -Duser.variant PineVille.GameScene

Host: 11th Gen Intel(R) Core(TM) i7-11800H @ 2.30GHz, 16 cores, 15G,  Windows 11 , 64 bit Build 22621 (10.0.22621.2506)
Time: Thu Feb 15 09:31:11 2024 West-Europa (standaardtijd) elapsed time: 4.926775 seconds (0d 0h 0m 4s)

---------------  T H R E A D  ---------------

Current thread (0x00000144ffb1b220):  JavaThread "main" [_thread_in_native, id=11140, stack(0x0000000100600000,0x0000000100700000)]

Stack: [0x0000000100600000,0x0000000100700000],  sp=0x00000001006ff170,  free space=1020k
Native frames: (J=compiled Java code, j=interpreted, Vv=VM code, C=native code)
C  [jniRaylib.dll+0xdf3a6]

Java frames: (J=compiled Java code, j=interpreted, Vv=VM code)
j  com.raylib.Raylib.DrawTexturePro(Lcom/raylib/Raylib$Texture;Lcom/raylib/Raylib$Rectangle;Lcom/raylib/Raylib$Rectangle;Lcom/raylib/Raylib$Vector2;FLcom/raylib/Raylib$Color;)V+0
j  PineVille.GameScene.main([Ljava/lang/String;)V+405
v  ~StubRoutines::call_stub

siginfo: EXCEPTION_ACCESS_VIOLATION (0xc0000005), reading address 0xffffffffffffffff


Registers:
RAX=0x63656e6e6f637369, RBX=0x00000001006ff310, RCX=0x0000000000000000, RDX=0x0000000000000000
RSP=0x00000001006ff170, RBP=0x00000001006ff428, RSI=0x0000000000000004, RDI=0x00000001006ff300
R8 =0x00000144eb8e56e0, R9 =0x0000000000000000, R10=0x00007ffb016dde20, R11=0x00000001006ff138
R12=0x00000144eabd5790, R13=0x0000000000000000, R14=0x00000144eb47a480, R15=0x00000144a3d1f5d0
RIP=0x00007ffbba02f3a6, EFLAGS=0x0000000000010246


Register to memory mapping:

RIP=0x00007ffbba02f3a6 jniRaylib.dll
RAX=0x63656e6e6f637369 is an unknown value
RBX=0x00000001006ff310 is pointing into the stack for thread: 0x00000144ffb1b220
RCX=0x0 is NULL
RDX=0x0 is NULL
RSP=0x00000001006ff170 is pointing into the stack for thread: 0x00000144ffb1b220
RBP=0x00000001006ff428 is pointing into the stack for thread: 0x00000144ffb1b220
RSI=0x0000000000000004 is an unknown value
RDI=0x00000001006ff300 is pointing into the stack for thread: 0x00000144ffb1b220
R8 =0x00000144eb8e56e0 points into unknown readable memory: 0x446d726f66726550 | 50 65 72 66 6f 72 6d 44
R9 =0x0 is NULL
R10=0x00007ffb016dde20 jvm.dll
R11=0x00000001006ff138 is pointing into the stack for thread: 0x00000144ffb1b220
R12=0x00000144eabd5790 points into unknown readable memory: 0x0000002000000004 | 04 00 00 00 20 00 00 00
R13=0x0 is NULL
R14=0x00000144eb47a480 points into unknown readable memory: 0x690e0001ffffffff | ff ff ff ff 01 00 0e 69
R15=0x00000144a3d1f5d0 points into unknown readable memory: 0x0000000000000000 | 00 00 00 00 00 00 00 00


Top of Stack: (sp=0x00000001006ff170)
0x00000001006ff170:   00000001006ff310 00000144ffb1b220
0x00000001006ff180:   00000144a3cdbde0 00000001006ff1d0
0x00000001006ff190:   0000000043640000 0000000000000000
0x00000001006ff1a0:   0000000000000000 0000000000000000
0x00000001006ff1b0:   0000000000000000 0000000000000000
0x00000001006ff1c0:   00000001006ff310 00007ffbb9ff8749
0x00000001006ff1d0:   00007ffb014aabf8 00000144a4458b98
0x00000001006ff1e0:   000000010000000e 000000000017777c
0x00000001006ff1f0:   4200000043640000 42c8000043640000
0x00000001006ff200:   00000144ffb1b4d8 0000000000000000
0x00000001006ff210:   0000000000000000 0000000000000000
0x00000001006ff220:   0000000000000000 0000000000000000
0x00000001006ff230:   0000000000000000 0000000000000000
0x00000001006ff240:   0000000000000000 0000000000000000
0x00000001006ff250:   0000000000000000 0000000000000000
0x00000001006ff260:   0000000000000000 0000000000000000
0x00000001006ff270:   0000000000000000 0000000000000000
0x00000001006ff280:   0000000000000000 0000000000000000
0x00000001006ff290:   0000000000000000 0000000000000000
0x00000001006ff2a0:   0000000000000000 0000000000000000
0x00000001006ff2b0:   00000144ea722fa0 00000144ea723160
0x00000001006ff2c0:   00000144ffb1b4d8 00007ffbb9f92213
0x00000001006ff2d0:   0000014442c80000 00000001006ff428
0x00000001006ff2e0:   00000001006ff360 0000000000000175
0x00000001006ff2f0:   0000014400000000 00000001ffffffff
0x00000001006ff300:   42c8000042c80000 4300000043000000
0x00000001006ff310:   0000000000000000 4200000042000000
0x00000001006ff320:   0000002000000004 0000000100000020
0x00000001006ff330:   0000000000000007 00000001006ff360
0x00000001006ff340:   00000144ffb1b220 0000000000000000
0x00000001006ff350:   000001448eeb9657 0000000000000176
0x00000001006ff360:   00000144e5449b80 000001448eebd621 

Instructions: (pc=0x00007ffbba02f3a6)
0x00007ffbba02f2a6:   f3 0f 59 c4 f3 0f 58 f3 f3 0f 58 d0 f3 0f 58 f1
0x00007ffbba02f2b6:   f3 0f 10 0d da 2f 11 00 f3 41 0f 59 c8 f3 0f 58
0x00007ffbba02f2c6:   35 c1 2f 11 00 f3 0f 58 f9 f3 0f 10 0d d1 2f 11
0x00007ffbba02f2d6:   00 f3 41 0f 59 c8 44 0f 28 c2 f3 0f 58 3d b4 2f
0x00007ffbba02f2e6:   11 00 f3 44 0f 58 c1 f3 44 0f 58 05 b6 2f 11 00
0x00007ffbba02f2f6:   4c 8b 05 b3 2e 11 00 49 63 48 04 49 8b 40 08 48
0x00007ffbba02f306:   c1 e1 06 8b 0c 01 8d 0c 8d fc ff ff ff 39 0d bf
0x00007ffbba02f316:   2e 11 00 7e 6e 49 63 40 18 49 8b 48 10 48 03 c0
0x00007ffbba02f326:   8b 54 c1 f0 83 fa 01 75 0b 84 54 c1 f4 75 54 8d
0x00007ffbba02f336:   4a 02 eb 43 83 fa 04 75 20 8b 4c c1 f4 b8 56 55
0x00007ffbba02f346:   55 55 f7 e9 8b c2 c1 e8 1f 03 d0 8d 04 52 3b c8
0x00007ffbba02f356:   75 31 b9 04 00 00 00 eb 1e 83 fa 07 75 25 8b 44
0x00007ffbba02f366:   c1 f4 25 03 00 00 80 7d 07 ff c8 83 c8 fc ff c0
0x00007ffbba02f376:   85 c0 75 0f 8d 48 05 e8 7e a4 ff ff 4c 8b 05 27
0x00007ffbba02f386:   2e 11 00 4d 63 48 04 4d 8b 40 08 8b 05 41 2e 11
0x00007ffbba02f396:   00 49 c1 e1 06 8d 0c 40 4b 8b 44 01 08 48 63 d1
0x00007ffbba02f3a6:   f3 0f 11 34 90 48 8b 05 fe 2d 11 00 4c 63 48 04
0x00007ffbba02f3b6:   4c 8b 40 08 8b 05 18 2e 11 00 49 c1 e1 06 8d 0c
0x00007ffbba02f3c6:   40 4b 8b 44 01 08 48 63 d1 f3 0f 11 7c 90 04 48
0x00007ffbba02f3d6:   8b 05 d4 2d 11 00 4c 63 48 04 4c 8b 40 08 8b 05
0x00007ffbba02f3e6:   ee 2d 11 00 49 c1 e1 06 8d 0c 40 4b 8b 44 01 08
0x00007ffbba02f3f6:   48 63 d1 f3 44 0f 11 44 90 08 48 8b 05 a9 2d 11
0x00007ffbba02f406:   00 f3 0f 10 05 cd 2d 11 00 4c 63 40 04 48 8b 50
0x00007ffbba02f416:   08 8b 05 bb 2d 11 00 03 c0 49 c1 e0 06 48 63 c8
0x00007ffbba02f426:   49 8b 44 10 10 f3 0f 11 04 88 48 8b 05 79 2d 11
0x00007ffbba02f436:   00 f3 0f 10 05 a1 2d 11 00 4c 63 40 04 48 8b 50
0x00007ffbba02f446:   08 8b 05 8b 2d 11 00 03 c0 49 c1 e0 06 48 63 c8
0x00007ffbba02f456:   49 8b 44 10 10 f3 0f 11 44 88 04 48 8b 05 48 2d
0x00007ffbba02f466:   11 00 4c 63 40 04 48 8b 48 08 8b 05 62 2d 11 00
0x00007ffbba02f476:   49 c1 e0 06 8d 04 85 00 00 00 00 49 8b 4c 08 18
0x00007ffbba02f486:   48 63 d0 0f b6 05 60 2d 11 00 88 04 0a 48 8b 05
0x00007ffbba02f496:   16 2d 11 00 4c 63 40 04 48 8b 48 08 8b 05 30 2d 


Stack slot to memory mapping:
stack at sp + 0 slots: 0x00000001006ff310 is pointing into the stack for thread: 0x00000144ffb1b220
stack at sp + 1 slots: 0x00000144ffb1b220 is a thread
stack at sp + 2 slots: 0x00000144a3cdbde0 points into unknown readable memory: 0x00000144e5403a90 | 90 3a 40 e5 44 01 00 00
stack at sp + 3 slots: 0x00000001006ff1d0 is pointing into the stack for thread: 0x00000144ffb1b220
stack at sp + 4 slots: 0x0000000043640000 is an unknown value
stack at sp + 5 slots: 0x0 is NULL
stack at sp + 6 slots: 0x0 is NULL
stack at sp + 7 slots: 0x0 is NULL


---------------  P R O C E S S  ---------------

Threads class SMR info:
_java_thread_list=0x00000144eae05f10, length=14, elements={
0x00000144ffb1b220, 0x00000144a3ba6d50, 0x00000144a3ba7910, 0x00000144a3bbe070,
0x00000144a3bbec30, 0x00000144a3bc1800, 0x00000144a3bc41d0, 0x00000144a3bd07d0,
0x00000144a3bd21a0, 0x00000144a3bd3ed0, 0x00000144a3ced6d0, 0x00000144a3d207a0,
0x00000144a3d230e0, 0x00000144a3d5eaf0
}

Java Threads: ( => current thread )
=>0x00000144ffb1b220 JavaThread "main" [_thread_in_native, id=11140, stack(0x0000000100600000,0x0000000100700000)]
  0x00000144a3ba6d50 JavaThread "Reference Handler" daemon [_thread_blocked, id=5188, stack(0x0000000100d00000,0x0000000100e00000)]
  0x00000144a3ba7910 JavaThread "Finalizer" daemon [_thread_blocked, id=16316, stack(0x0000000100e00000,0x0000000100f00000)]
  0x00000144a3bbe070 JavaThread "Signal Dispatcher" daemon [_thread_blocked, id=27276, stack(0x0000000100f00000,0x0000000101000000)]
  0x00000144a3bbec30 JavaThread "Attach Listener" daemon [_thread_blocked, id=24708, stack(0x0000000101000000,0x0000000101100000)]
  0x00000144a3bc1800 JavaThread "Service Thread" daemon [_thread_blocked, id=20604, stack(0x0000000101100000,0x0000000101200000)]
  0x00000144a3bc41d0 JavaThread "Monitor Deflation Thread" daemon [_thread_blocked, id=3192, stack(0x0000000101200000,0x0000000101300000)]
  0x00000144a3bd07d0 JavaThread "C2 CompilerThread0" daemon [_thread_blocked, id=4628, stack(0x0000000101300000,0x0000000101400000)]
  0x00000144a3bd21a0 JavaThread "C1 CompilerThread0" daemon [_thread_blocked, id=12960, stack(0x0000000101400000,0x0000000101500000)]
  0x00000144a3bd3ed0 JavaThread "Sweeper thread" daemon [_thread_blocked, id=11268, stack(0x0000000101500000,0x0000000101600000)]
  0x00000144a3ced6d0 JavaThread "C1 CompilerThread1" daemon [_thread_blocked, id=22012, stack(0x0000000101600000,0x0000000101700000)]
  0x00000144a3d207a0 JavaThread "Notification Thread" daemon [_thread_blocked, id=26012, stack(0x0000000101800000,0x0000000101900000)]
  0x00000144a3d230e0 JavaThread "Common-Cleaner" daemon [_thread_blocked, id=21284, stack(0x0000000101a00000,0x0000000101b00000)]
  0x00000144a3d5eaf0 JavaThread "JavaCPP Deallocator" daemon [_thread_blocked, id=23032, stack(0x0000000101b00000,0x0000000101c00000)]

Other Threads:
  0x00000144a3ba2090 VMThread "VM Thread" [stack: 0x0000000100c00000,0x0000000100d00000] [id=7800]
  0x00000144a3d20c80 WatcherThread [stack: 0x0000000101900000,0x0000000101a00000] [id=27212]
  0x00000144ffb86970 GCTaskThread "GC Thread#0" [stack: 0x0000000100700000,0x0000000100800000] [id=22572]
  0x00000144eaf7c2a0 GCTaskThread "GC Thread#1" [stack: 0x0000000101e00000,0x0000000101f00000] [id=16472]
  0x00000144eaf7c560 GCTaskThread "GC Thread#2" [stack: 0x0000000101f00000,0x0000000102000000] [id=6260]
  0x00000144ea2c70c0 GCTaskThread "GC Thread#3" [stack: 0x0000000102000000,0x0000000102100000] [id=25976]
  0x00000144ea3b6cc0 GCTaskThread "GC Thread#4" [stack: 0x0000000102100000,0x0000000102200000] [id=6072]
  0x00000144ea3b6f80 GCTaskThread "GC Thread#5" [stack: 0x0000000102200000,0x0000000102300000] [id=24488]
  0x00000144ffb97310 ConcurrentGCThread "G1 Main Marker" [stack: 0x0000000100800000,0x0000000100900000] [id=7196]
  0x00000144ffb99d50 ConcurrentGCThread "G1 Conc#0" [stack: 0x0000000100900000,0x0000000100a00000] [id=14860]
  0x00000144a394a0a0 ConcurrentGCThread "G1 Refine#0" [stack: 0x0000000100a00000,0x0000000100b00000] [id=4948]
  0x00000144a394aad0 ConcurrentGCThread "G1 Service" [stack: 0x0000000100b00000,0x0000000100c00000] [id=28132]

Threads with active compile tasks:

VM state: not at safepoint (normal execution)

VM Mutex/Monitor currently owned by a thread: None

Heap address: 0x0000000705a00000, size: 4006 MB, Compressed Oops mode: Zero based, Oop shift amount: 3

CDS archive(s) mapped at: [0x00000144a4000000-0x00000144a4bb0000-0x00000144a4bb0000), size 12255232, SharedBaseAddress: 0x00000144a4000000, ArchiveRelocationMode: 1.
Compressed class space mapped at: 0x00000144a5000000-0x00000144e5000000, reserved size: 1073741824
Narrow klass base: 0x00000144a4000000, Narrow klass shift: 0, Narrow klass range: 0x100000000

GC Precious Log:
 CPUs: 16 total, 16 available
 Memory: 16021M
 Large Page Support: Disabled
 NUMA Support: Disabled
 Compressed Oops: Enabled (Zero based)
 Heap Region Size: 2M
 Heap Min Capacity: 8M
 Heap Initial Capacity: 252M
 Heap Max Capacity: 4006M
 Pre-touch: Disabled
 Parallel Workers: 13
 Concurrent Workers: 3
 Concurrent Refinement Workers: 13
 Periodic GC: Disabled

Heap:
 garbage-first heap   total 258048K, used 1671K [0x0000000705a00000, 0x0000000800000000)
  region size 2048K, 2 young (4096K), 1 survivors (2048K)
 Metaspace       used 2092K, committed 2240K, reserved 1114112K
  class space    used 179K, committed 256K, reserved 1048576K

Heap Regions: E=young(eden), S=young(survivor), O=old, HS=humongous(starts), HC=humongous(continues), CS=collection set, F=free, OA=open archive, CA=closed archive, TAMS=top-at-mark-start (previous, next)
|   0|0x0000000705a00000, 0x0000000705a00000, 0x0000000705c00000|  0%| F|  |TAMS 0x0000000705a00000, 0x0000000705a00000| Untracked 
|   1|0x0000000705c00000, 0x0000000705c00000, 0x0000000705e00000|  0%| F|  |TAMS 0x0000000705c00000, 0x0000000705c00000| Untracked 
|   2|0x0000000705e00000, 0x0000000705e00000, 0x0000000706000000|  0%| F|  |TAMS 0x0000000705e00000, 0x0000000705e00000| Untracked 
|   3|0x0000000706000000, 0x0000000706000000, 0x0000000706200000|  0%| F|  |TAMS 0x0000000706000000, 0x0000000706000000| Untracked 
|   4|0x0000000706200000, 0x0000000706200000, 0x0000000706400000|  0%| F|  |TAMS 0x0000000706200000, 0x0000000706200000| Untracked 
|   5|0x0000000706400000, 0x0000000706400000, 0x0000000706600000|  0%| F|  |TAMS 0x0000000706400000, 0x0000000706400000| Untracked 
|   6|0x0000000706600000, 0x0000000706600000, 0x0000000706800000|  0%| F|  |TAMS 0x0000000706600000, 0x0000000706600000| Untracked 
|   7|0x0000000706800000, 0x0000000706800000, 0x0000000706a00000|  0%| F|  |TAMS 0x0000000706800000, 0x0000000706800000| Untracked 
|   8|0x0000000706a00000, 0x0000000706a00000, 0x0000000706c00000|  0%| F|  |TAMS 0x0000000706a00000, 0x0000000706a00000| Untracked 
|   9|0x0000000706c00000, 0x0000000706c00000, 0x0000000706e00000|  0%| F|  |TAMS 0x0000000706c00000, 0x0000000706c00000| Untracked 
|  10|0x0000000706e00000, 0x0000000706e00000, 0x0000000707000000|  0%| F|  |TAMS 0x0000000706e00000, 0x0000000706e00000| Untracked 
|  11|0x0000000707000000, 0x0000000707000000, 0x0000000707200000|  0%| F|  |TAMS 0x0000000707000000, 0x0000000707000000| Untracked 
|  12|0x0000000707200000, 0x0000000707200000, 0x0000000707400000|  0%| F|  |TAMS 0x0000000707200000, 0x0000000707200000| Untracked 
|  13|0x0000000707400000, 0x0000000707400000, 0x0000000707600000|  0%| F|  |TAMS 0x0000000707400000, 0x0000000707400000| Untracked 
|  14|0x0000000707600000, 0x0000000707600000, 0x0000000707800000|  0%| F|  |TAMS 0x0000000707600000, 0x0000000707600000| Untracked 
|  15|0x0000000707800000, 0x0000000707800000, 0x0000000707a00000|  0%| F|  |TAMS 0x0000000707800000, 0x0000000707800000| Untracked 
|  16|0x0000000707a00000, 0x0000000707a00000, 0x0000000707c00000|  0%| F|  |TAMS 0x0000000707a00000, 0x0000000707a00000| Untracked 
|  17|0x0000000707c00000, 0x0000000707c00000, 0x0000000707e00000|  0%| F|  |TAMS 0x0000000707c00000, 0x0000000707c00000| Untracked 
|  18|0x0000000707e00000, 0x0000000707e00000, 0x0000000708000000|  0%| F|  |TAMS 0x0000000707e00000, 0x0000000707e00000| Untracked 
|  19|0x0000000708000000, 0x0000000708000000, 0x0000000708200000|  0%| F|  |TAMS 0x0000000708000000, 0x0000000708000000| Untracked 
|  20|0x0000000708200000, 0x0000000708200000, 0x0000000708400000|  0%| F|  |TAMS 0x0000000708200000, 0x0000000708200000| Untracked 
|  21|0x0000000708400000, 0x0000000708400000, 0x0000000708600000|  0%| F|  |TAMS 0x0000000708400000, 0x0000000708400000| Untracked 
|  22|0x0000000708600000, 0x0000000708600000, 0x0000000708800000|  0%| F|  |TAMS 0x0000000708600000, 0x0000000708600000| Untracked 
|  23|0x0000000708800000, 0x0000000708800000, 0x0000000708a00000|  0%| F|  |TAMS 0x0000000708800000, 0x0000000708800000| Untracked 
|  24|0x0000000708a00000, 0x0000000708a00000, 0x0000000708c00000|  0%| F|  |TAMS 0x0000000708a00000, 0x0000000708a00000| Untracked 
|  25|0x0000000708c00000, 0x0000000708c00000, 0x0000000708e00000|  0%| F|  |TAMS 0x0000000708c00000, 0x0000000708c00000| Untracked 
|  26|0x0000000708e00000, 0x0000000708e00000, 0x0000000709000000|  0%| F|  |TAMS 0x0000000708e00000, 0x0000000708e00000| Untracked 
|  27|0x0000000709000000, 0x0000000709000000, 0x0000000709200000|  0%| F|  |TAMS 0x0000000709000000, 0x0000000709000000| Untracked 
|  28|0x0000000709200000, 0x0000000709200000, 0x0000000709400000|  0%| F|  |TAMS 0x0000000709200000, 0x0000000709200000| Untracked 
|  29|0x0000000709400000, 0x0000000709400000, 0x0000000709600000|  0%| F|  |TAMS 0x0000000709400000, 0x0000000709400000| Untracked 
|  30|0x0000000709600000, 0x0000000709600000, 0x0000000709800000|  0%| F|  |TAMS 0x0000000709600000, 0x0000000709600000| Untracked 
|  31|0x0000000709800000, 0x0000000709800000, 0x0000000709a00000|  0%| F|  |TAMS 0x0000000709800000, 0x0000000709800000| Untracked 
|  32|0x0000000709a00000, 0x0000000709a00000, 0x0000000709c00000|  0%| F|  |TAMS 0x0000000709a00000, 0x0000000709a00000| Untracked 
|  33|0x0000000709c00000, 0x0000000709c00000, 0x0000000709e00000|  0%| F|  |TAMS 0x0000000709c00000, 0x0000000709c00000| Untracked 
|  34|0x0000000709e00000, 0x0000000709e00000, 0x000000070a000000|  0%| F|  |TAMS 0x0000000709e00000, 0x0000000709e00000| Untracked 
|  35|0x000000070a000000, 0x000000070a000000, 0x000000070a200000|  0%| F|  |TAMS 0x000000070a000000, 0x000000070a000000| Untracked 
|  36|0x000000070a200000, 0x000000070a200000, 0x000000070a400000|  0%| F|  |TAMS 0x000000070a200000, 0x000000070a200000| Untracked 
|  37|0x000000070a400000, 0x000000070a400000, 0x000000070a600000|  0%| F|  |TAMS 0x000000070a400000, 0x000000070a400000| Untracked 
|  38|0x000000070a600000, 0x000000070a600000, 0x000000070a800000|  0%| F|  |TAMS 0x000000070a600000, 0x000000070a600000| Untracked 
|  39|0x000000070a800000, 0x000000070a800000, 0x000000070aa00000|  0%| F|  |TAMS 0x000000070a800000, 0x000000070a800000| Untracked 
|  40|0x000000070aa00000, 0x000000070aa00000, 0x000000070ac00000|  0%| F|  |TAMS 0x000000070aa00000, 0x000000070aa00000| Untracked 
|  41|0x000000070ac00000, 0x000000070ac00000, 0x000000070ae00000|  0%| F|  |TAMS 0x000000070ac00000, 0x000000070ac00000| Untracked 
|  42|0x000000070ae00000, 0x000000070ae00000, 0x000000070b000000|  0%| F|  |TAMS 0x000000070ae00000, 0x000000070ae00000| Untracked 
|  43|0x000000070b000000, 0x000000070b000000, 0x000000070b200000|  0%| F|  |TAMS 0x000000070b000000, 0x000000070b000000| Untracked 
|  44|0x000000070b200000, 0x000000070b200000, 0x000000070b400000|  0%| F|  |TAMS 0x000000070b200000, 0x000000070b200000| Untracked 
|  45|0x000000070b400000, 0x000000070b400000, 0x000000070b600000|  0%| F|  |TAMS 0x000000070b400000, 0x000000070b400000| Untracked 
|  46|0x000000070b600000, 0x000000070b600000, 0x000000070b800000|  0%| F|  |TAMS 0x000000070b600000, 0x000000070b600000| Untracked 
|  47|0x000000070b800000, 0x000000070b800000, 0x000000070ba00000|  0%| F|  |TAMS 0x000000070b800000, 0x000000070b800000| Untracked 
|  48|0x000000070ba00000, 0x000000070ba00000, 0x000000070bc00000|  0%| F|  |TAMS 0x000000070ba00000, 0x000000070ba00000| Untracked 
|  49|0x000000070bc00000, 0x000000070bc00000, 0x000000070be00000|  0%| F|  |TAMS 0x000000070bc00000, 0x000000070bc00000| Untracked 
|  50|0x000000070be00000, 0x000000070be00000, 0x000000070c000000|  0%| F|  |TAMS 0x000000070be00000, 0x000000070be00000| Untracked 
|  51|0x000000070c000000, 0x000000070c000000, 0x000000070c200000|  0%| F|  |TAMS 0x000000070c000000, 0x000000070c000000| Untracked 
|  52|0x000000070c200000, 0x000000070c200000, 0x000000070c400000|  0%| F|  |TAMS 0x000000070c200000, 0x000000070c200000| Untracked 
|  53|0x000000070c400000, 0x000000070c400000, 0x000000070c600000|  0%| F|  |TAMS 0x000000070c400000, 0x000000070c400000| Untracked 
|  54|0x000000070c600000, 0x000000070c600000, 0x000000070c800000|  0%| F|  |TAMS 0x000000070c600000, 0x000000070c600000| Untracked 
|  55|0x000000070c800000, 0x000000070c800000, 0x000000070ca00000|  0%| F|  |TAMS 0x000000070c800000, 0x000000070c800000| Untracked 
|  56|0x000000070ca00000, 0x000000070ca00000, 0x000000070cc00000|  0%| F|  |TAMS 0x000000070ca00000, 0x000000070ca00000| Untracked 
|  57|0x000000070cc00000, 0x000000070cc00000, 0x000000070ce00000|  0%| F|  |TAMS 0x000000070cc00000, 0x000000070cc00000| Untracked 
|  58|0x000000070ce00000, 0x000000070ce00000, 0x000000070d000000|  0%| F|  |TAMS 0x000000070ce00000, 0x000000070ce00000| Untracked 
|  59|0x000000070d000000, 0x000000070d000000, 0x000000070d200000|  0%| F|  |TAMS 0x000000070d000000, 0x000000070d000000| Untracked 
|  60|0x000000070d200000, 0x000000070d200000, 0x000000070d400000|  0%| F|  |TAMS 0x000000070d200000, 0x000000070d200000| Untracked 
|  61|0x000000070d400000, 0x000000070d400000, 0x000000070d600000|  0%| F|  |TAMS 0x000000070d400000, 0x000000070d400000| Untracked 
|  62|0x000000070d600000, 0x000000070d600000, 0x000000070d800000|  0%| F|  |TAMS 0x000000070d600000, 0x000000070d600000| Untracked 
|  63|0x000000070d800000, 0x000000070d800000, 0x000000070da00000|  0%| F|  |TAMS 0x000000070d800000, 0x000000070d800000| Untracked 
|  64|0x000000070da00000, 0x000000070da00000, 0x000000070dc00000|  0%| F|  |TAMS 0x000000070da00000, 0x000000070da00000| Untracked 
|  65|0x000000070dc00000, 0x000000070dc00000, 0x000000070de00000|  0%| F|  |TAMS 0x000000070dc00000, 0x000000070dc00000| Untracked 
|  66|0x000000070de00000, 0x000000070de00000, 0x000000070e000000|  0%| F|  |TAMS 0x000000070de00000, 0x000000070de00000| Untracked 
|  67|0x000000070e000000, 0x000000070e000000, 0x000000070e200000|  0%| F|  |TAMS 0x000000070e000000, 0x000000070e000000| Untracked 
|  68|0x000000070e200000, 0x000000070e200000, 0x000000070e400000|  0%| F|  |TAMS 0x000000070e200000, 0x000000070e200000| Untracked 
|  69|0x000000070e400000, 0x000000070e400000, 0x000000070e600000|  0%| F|  |TAMS 0x000000070e400000, 0x000000070e400000| Untracked 
|  70|0x000000070e600000, 0x000000070e600000, 0x000000070e800000|  0%| F|  |TAMS 0x000000070e600000, 0x000000070e600000| Untracked 
|  71|0x000000070e800000, 0x000000070e800000, 0x000000070ea00000|  0%| F|  |TAMS 0x000000070e800000, 0x000000070e800000| Untracked 
|  72|0x000000070ea00000, 0x000000070ea00000, 0x000000070ec00000|  0%| F|  |TAMS 0x000000070ea00000, 0x000000070ea00000| Untracked 
|  73|0x000000070ec00000, 0x000000070ec00000, 0x000000070ee00000|  0%| F|  |TAMS 0x000000070ec00000, 0x000000070ec00000| Untracked 
|  74|0x000000070ee00000, 0x000000070ee00000, 0x000000070f000000|  0%| F|  |TAMS 0x000000070ee00000, 0x000000070ee00000| Untracked 
|  75|0x000000070f000000, 0x000000070f000000, 0x000000070f200000|  0%| F|  |TAMS 0x000000070f000000, 0x000000070f000000| Untracked 
|  76|0x000000070f200000, 0x000000070f200000, 0x000000070f400000|  0%| F|  |TAMS 0x000000070f200000, 0x000000070f200000| Untracked 
|  77|0x000000070f400000, 0x000000070f400000, 0x000000070f600000|  0%| F|  |TAMS 0x000000070f400000, 0x000000070f400000| Untracked 
|  78|0x000000070f600000, 0x000000070f600000, 0x000000070f800000|  0%| F|  |TAMS 0x000000070f600000, 0x000000070f600000| Untracked 
|  79|0x000000070f800000, 0x000000070f800000, 0x000000070fa00000|  0%| F|  |TAMS 0x000000070f800000, 0x000000070f800000| Untracked 
|  80|0x000000070fa00000, 0x000000070fa00000, 0x000000070fc00000|  0%| F|  |TAMS 0x000000070fa00000, 0x000000070fa00000| Untracked 
|  81|0x000000070fc00000, 0x000000070fc00000, 0x000000070fe00000|  0%| F|  |TAMS 0x000000070fc00000, 0x000000070fc00000| Untracked 
|  82|0x000000070fe00000, 0x000000070fe00000, 0x0000000710000000|  0%| F|  |TAMS 0x000000070fe00000, 0x000000070fe00000| Untracked 
|  83|0x0000000710000000, 0x0000000710000000, 0x0000000710200000|  0%| F|  |TAMS 0x0000000710000000, 0x0000000710000000| Untracked 
|  84|0x0000000710200000, 0x0000000710200000, 0x0000000710400000|  0%| F|  |TAMS 0x0000000710200000, 0x0000000710200000| Untracked 
|  85|0x0000000710400000, 0x0000000710400000, 0x0000000710600000|  0%| F|  |TAMS 0x0000000710400000, 0x0000000710400000| Untracked 
|  86|0x0000000710600000, 0x0000000710600000, 0x0000000710800000|  0%| F|  |TAMS 0x0000000710600000, 0x0000000710600000| Untracked 
|  87|0x0000000710800000, 0x0000000710800000, 0x0000000710a00000|  0%| F|  |TAMS 0x0000000710800000, 0x0000000710800000| Untracked 
|  88|0x0000000710a00000, 0x0000000710a00000, 0x0000000710c00000|  0%| F|  |TAMS 0x0000000710a00000, 0x0000000710a00000| Untracked 
|  89|0x0000000710c00000, 0x0000000710c00000, 0x0000000710e00000|  0%| F|  |TAMS 0x0000000710c00000, 0x0000000710c00000| Untracked 
|  90|0x0000000710e00000, 0x0000000710e00000, 0x0000000711000000|  0%| F|  |TAMS 0x0000000710e00000, 0x0000000710e00000| Untracked 
|  91|0x0000000711000000, 0x0000000711000000, 0x0000000711200000|  0%| F|  |TAMS 0x0000000711000000, 0x0000000711000000| Untracked 
|  92|0x0000000711200000, 0x0000000711200000, 0x0000000711400000|  0%| F|  |TAMS 0x0000000711200000, 0x0000000711200000| Untracked 
|  93|0x0000000711400000, 0x0000000711400000, 0x0000000711600000|  0%| F|  |TAMS 0x0000000711400000, 0x0000000711400000| Untracked 
|  94|0x0000000711600000, 0x0000000711600000, 0x0000000711800000|  0%| F|  |TAMS 0x0000000711600000, 0x0000000711600000| Untracked 
|  95|0x0000000711800000, 0x0000000711800000, 0x0000000711a00000|  0%| F|  |TAMS 0x0000000711800000, 0x0000000711800000| Untracked 
|  96|0x0000000711a00000, 0x0000000711a00000, 0x0000000711c00000|  0%| F|  |TAMS 0x0000000711a00000, 0x0000000711a00000| Untracked 
|  97|0x0000000711c00000, 0x0000000711c00000, 0x0000000711e00000|  0%| F|  |TAMS 0x0000000711c00000, 0x0000000711c00000| Untracked 
|  98|0x0000000711e00000, 0x0000000711e00000, 0x0000000712000000|  0%| F|  |TAMS 0x0000000711e00000, 0x0000000711e00000| Untracked 
|  99|0x0000000712000000, 0x0000000712000000, 0x0000000712200000|  0%| F|  |TAMS 0x0000000712000000, 0x0000000712000000| Untracked 
| 100|0x0000000712200000, 0x0000000712200000, 0x0000000712400000|  0%| F|  |TAMS 0x0000000712200000, 0x0000000712200000| Untracked 
| 101|0x0000000712400000, 0x0000000712400000, 0x0000000712600000|  0%| F|  |TAMS 0x0000000712400000, 0x0000000712400000| Untracked 
| 102|0x0000000712600000, 0x0000000712600000, 0x0000000712800000|  0%| F|  |TAMS 0x0000000712600000, 0x0000000712600000| Untracked 
| 103|0x0000000712800000, 0x0000000712800000, 0x0000000712a00000|  0%| F|  |TAMS 0x0000000712800000, 0x0000000712800000| Untracked 
| 104|0x0000000712a00000, 0x0000000712a00000, 0x0000000712c00000|  0%| F|  |TAMS 0x0000000712a00000, 0x0000000712a00000| Untracked 
| 105|0x0000000712c00000, 0x0000000712c00000, 0x0000000712e00000|  0%| F|  |TAMS 0x0000000712c00000, 0x0000000712c00000| Untracked 
| 106|0x0000000712e00000, 0x0000000712e00000, 0x0000000713000000|  0%| F|  |TAMS 0x0000000712e00000, 0x0000000712e00000| Untracked 
| 107|0x0000000713000000, 0x0000000713000000, 0x0000000713200000|  0%| F|  |TAMS 0x0000000713000000, 0x0000000713000000| Untracked 
| 108|0x0000000713200000, 0x0000000713200000, 0x0000000713400000|  0%| F|  |TAMS 0x0000000713200000, 0x0000000713200000| Untracked 
| 109|0x0000000713400000, 0x0000000713400000, 0x0000000713600000|  0%| F|  |TAMS 0x0000000713400000, 0x0000000713400000| Untracked 
| 110|0x0000000713600000, 0x0000000713600000, 0x0000000713800000|  0%| F|  |TAMS 0x0000000713600000, 0x0000000713600000| Untracked 
| 111|0x0000000713800000, 0x0000000713800000, 0x0000000713a00000|  0%| F|  |TAMS 0x0000000713800000, 0x0000000713800000| Untracked 
| 112|0x0000000713a00000, 0x0000000713a00000, 0x0000000713c00000|  0%| F|  |TAMS 0x0000000713a00000, 0x0000000713a00000| Untracked 
| 113|0x0000000713c00000, 0x0000000713c00000, 0x0000000713e00000|  0%| F|  |TAMS 0x0000000713c00000, 0x0000000713c00000| Untracked 
| 114|0x0000000713e00000, 0x0000000713fa1cd8, 0x0000000714000000| 81%| S|CS|TAMS 0x0000000713e00000, 0x0000000713e00000| Complete 
| 115|0x0000000714000000, 0x0000000714000000, 0x0000000714200000|  0%| F|  |TAMS 0x0000000714000000, 0x0000000714000000| Untracked 
| 116|0x0000000714200000, 0x0000000714200000, 0x0000000714400000|  0%| F|  |TAMS 0x0000000714200000, 0x0000000714200000| Untracked 
| 117|0x0000000714400000, 0x0000000714400000, 0x0000000714600000|  0%| F|  |TAMS 0x0000000714400000, 0x0000000714400000| Untracked 
| 118|0x0000000714600000, 0x0000000714600000, 0x0000000714800000|  0%| F|  |TAMS 0x0000000714600000, 0x0000000714600000| Untracked 
| 119|0x0000000714800000, 0x0000000714800000, 0x0000000714a00000|  0%| F|  |TAMS 0x0000000714800000, 0x0000000714800000| Untracked 
| 120|0x0000000714a00000, 0x0000000714a00000, 0x0000000714c00000|  0%| F|  |TAMS 0x0000000714a00000, 0x0000000714a00000| Untracked 
| 121|0x0000000714c00000, 0x0000000714c00000, 0x0000000714e00000|  0%| F|  |TAMS 0x0000000714c00000, 0x0000000714c00000| Untracked 
| 122|0x0000000714e00000, 0x0000000714e00000, 0x0000000715000000|  0%| F|  |TAMS 0x0000000714e00000, 0x0000000714e00000| Untracked 
| 123|0x0000000715000000, 0x0000000715000000, 0x0000000715200000|  0%| F|  |TAMS 0x0000000715000000, 0x0000000715000000| Untracked 
| 124|0x0000000715200000, 0x0000000715200000, 0x0000000715400000|  0%| F|  |TAMS 0x0000000715200000, 0x0000000715200000| Untracked 
| 125|0x0000000715400000, 0x0000000715600000, 0x0000000715600000|100%| E|  |TAMS 0x0000000715400000, 0x0000000715400000| Complete 

Card table byte_map: [0x0000014497e00000,0x00000144985e0000] _byte_map_base: 0x00000144945d3000

Marking Bits (Prev, Next): (CMBitMap*) 0x00000144ffb86f90, (CMBitMap*) 0x00000144ffb86fd0
 Prev Bits: [0x0000014498dc0000, 0x000001449cc58000)
 Next Bits: [0x000001449cc60000, 0x00000144a0af8000)

Polling page: 0x00000144ffbd0000

Metaspace:

Usage:
  Non-class:      1.87 MB used.
      Class:    179.44 KB used.
       Both:      2.04 MB used.

Virtual space:
  Non-class space:       64.00 MB reserved,       1.94 MB (  3%) committed,  1 nodes.
      Class space:        1.00 GB reserved,     256.00 KB ( <1%) committed,  1 nodes.
             Both:        1.06 GB reserved,       2.19 MB ( <1%) committed. 

Chunk freelists:
   Non-Class:  11.24 MB
       Class:  15.65 MB
        Both:  26.89 MB

MaxMetaspaceSize: unlimited
CompressedClassSpaceSize: 1.00 GB
Initial GC threshold: 21.00 MB
Current GC threshold: 21.00 MB
CDS: on
MetaspaceReclaimPolicy: balanced
 - commit_granule_bytes: 65536.
 - commit_granule_words: 8192.
 - virtual_space_node_default_size: 8388608.
 - enlarge_chunks_in_place: 1.
 - new_chunks_are_fully_committed: 0.
 - uncommit_free_chunks: 1.
 - use_allocation_guard: 0.
 - handle_deallocations: 1.


Internal statistics:

num_allocs_failed_limit: 0.
num_arena_births: 32.
num_arena_deaths: 0.
num_vsnodes_births: 2.
num_vsnodes_deaths: 0.
num_space_committed: 35.
num_space_uncommitted: 0.
num_chunks_returned_to_freelist: 0.
num_chunks_taken_from_freelist: 69.
num_chunk_merges: 0.
num_chunk_splits: 51.
num_chunks_enlarged: 39.
num_inconsistent_stats: 0.

CodeHeap 'non-profiled nmethods': size=119168Kb used=540Kb max_used=540Kb free=118627Kb
 bounds [0x000001448f600000, 0x000001448f870000, 0x0000014496a60000]
CodeHeap 'profiled nmethods': size=119104Kb used=1347Kb max_used=1347Kb free=117757Kb
 bounds [0x0000014487a60000, 0x0000014487cd0000, 0x000001448eeb0000]
CodeHeap 'non-nmethods': size=7488Kb used=1723Kb max_used=2344Kb free=5765Kb
 bounds [0x000001448eeb0000, 0x000001448f120000, 0x000001448f600000]
 total_blobs=1258 nmethods=820 adapters=350
 compilation: enabled
              stopped_count=0, restarted_count=0
 full_count=0

Compilation events (20 events):
Event: 3.392 Thread 0x00000144a3bd21a0 nmethod 800 0x0000014487ba5190 code [0x0000014487ba5360, 0x0000014487ba5958]
Event: 3.399 Thread 0x00000144a3ced6d0 nmethod 802 0x0000014487ba5a90 code [0x0000014487ba64c0, 0x0000014487babe88]
Event: 3.424 Thread 0x00000144a3ced6d0  803       1       java.nio.charset.CharsetEncoder::maxBytesPerChar (5 bytes)
Event: 3.424 Thread 0x00000144a3bd21a0  804       1       sun.nio.cs.SingleByte$Encoder::isASCIICompatible (5 bytes)
Event: 3.425 Thread 0x00000144a3bd21a0 nmethod 804 0x000001448f684610 code [0x000001448f6847a0, 0x000001448f684878]
Event: 3.425 Thread 0x00000144a3ced6d0 nmethod 803 0x000001448f684910 code [0x000001448f684aa0, 0x000001448f684b78]
Event: 3.524 Thread 0x00000144a3ced6d0  807       3       com.raylib.Jaylib::<init> (5 bytes)
Event: 3.524 Thread 0x00000144a3bd21a0  808       3       com.raylib.Raylib::<init> (5 bytes)
Event: 3.525 Thread 0x00000144a3bd21a0 nmethod 808 0x0000014487bae590 code [0x0000014487bae740, 0x0000014487bae8f8]
Event: 3.525 Thread 0x00000144a3bd21a0  809       3       com.raylib.RaylibConfig::<init> (5 bytes)
Event: 3.525 Thread 0x00000144a3bd21a0 nmethod 809 0x0000014487baea10 code [0x0000014487baeba0, 0x0000014487baecf8]
Event: 3.525 Thread 0x00000144a3ced6d0 nmethod 807 0x0000014487baed90 code [0x0000014487baef40, 0x0000014487baf178]
Event: 3.525 Thread 0x00000144a3ced6d0  812       3       com.raylib.Jaylib::Rectangle (25 bytes)
Event: 3.525 Thread 0x00000144a3bd21a0  813       3       com.raylib.Raylib$Rectangle::<init> (13 bytes)
Event: 3.525 Thread 0x00000144a3bd21a0 nmethod 813 0x0000014487baf290 code [0x0000014487baf440, 0x0000014487baf5d8]
Event: 3.526 Thread 0x00000144a3ced6d0 nmethod 812 0x0000014487baf690 code [0x0000014487baf8a0, 0x0000014487bafc38]
Event: 3.624 Thread 0x00000144a3ced6d0  819       3       java.lang.Integer::stringSize (47 bytes)
Event: 3.625 Thread 0x00000144a3bd21a0  820       3       java.lang.Integer::getChars (131 bytes)
Event: 3.625 Thread 0x00000144a3ced6d0 nmethod 819 0x0000014487bafe90 code [0x0000014487bb0040, 0x0000014487bb0298]
Event: 3.625 Thread 0x00000144a3bd21a0 nmethod 820 0x0000014487bb0390 code [0x0000014487bb0560, 0x0000014487bb0998]

GC Heap History (2 events):
Event: 0.740 GC heap before
{Heap before GC invocations=0 (full 0):
 garbage-first heap   total 258048K, used 22528K [0x0000000705a00000, 0x0000000800000000)
  region size 2048K, 11 young (22528K), 0 survivors (0K)
 Metaspace       used 1817K, committed 1984K, reserved 1114112K
  class space    used 140K, committed 192K, reserved 1048576K
}
Event: 0.743 GC heap after
{Heap after GC invocations=1 (full 0):
 garbage-first heap   total 258048K, used 1671K [0x0000000705a00000, 0x0000000800000000)
  region size 2048K, 1 young (2048K), 1 survivors (2048K)
 Metaspace       used 1817K, committed 1984K, reserved 1114112K
  class space    used 140K, committed 192K, reserved 1048576K
}

Dll operation events (20 events):
Event: 0.490 Loaded shared library C:\Program Files (x86)\Windows Kits\10\Redist\ucrt\DLLs\x64\api-ms-win-core-rtlsupport-l1-1-0.dll
Event: 0.505 Loaded shared library C:\Program Files (x86)\Windows Kits\10\Redist\ucrt\DLLs\x64\api-ms-win-core-processthreads-l1-1-1.dll
Event: 0.519 Loaded shared library C:\Program Files (x86)\Windows Kits\10\Redist\ucrt\DLLs\x64\api-ms-win-core-file-l1-2-0.dll
Event: 0.531 Loaded shared library C:\Program Files (x86)\Windows Kits\10\Redist\ucrt\DLLs\x64\api-ms-win-core-profile-l1-1-0.dll
Event: 0.546 Loaded shared library C:\Program Files (x86)\Windows Kits\10\Redist\ucrt\DLLs\x64\api-ms-win-core-memory-l1-1-0.dll
Event: 0.560 Loaded shared library C:\Program Files (x86)\Windows Kits\10\Redist\ucrt\DLLs\x64\api-ms-win-core-util-l1-1-0.dll
Event: 0.570 Loaded shared library C:\Program Files (x86)\Windows Kits\10\Redist\ucrt\DLLs\x64\api-ms-win-core-interlocked-l1-1-0.dll
Event: 0.583 Loaded shared library C:\Program Files (x86)\Windows Kits\10\Redist\ucrt\DLLs\x64\ucrtbase.dll
Event: 0.596 Loaded shared library C:\Users\luczu\.jdks\corretto-17.0.10\bin\vcruntime140.dll
Event: 0.607 Loaded shared library C:\Users\luczu\.jdks\corretto-17.0.10\bin\vcruntime140_1.dll
Event: 0.616 Loaded shared library C:\Users\luczu\.jdks\corretto-17.0.10\bin\msvcp140.dll
Event: 0.627 Loaded shared library C:\Windows\System32\msvcp140_1.dll
Event: 0.637 Loaded shared library C:\Windows\System32\concrt140.dll
Event: 0.647 Loaded shared library C:\Windows\System32\vcomp140.dll
Event: 0.689 Loaded shared library C:\Windows\System32\winmm.dll
Event: 0.693 Loaded shared library C:\Windows\System32\opengl32.dll
Event: 0.695 Loaded shared library C:\Windows\System32\user32.dll
Event: 0.697 Loaded shared library C:\Windows\System32\shell32.dll
Event: 0.698 Loaded shared library C:\Windows\System32\gdi32.dll
Event: 0.722 Loaded shared library C:\Users\luczu\.javacpp\cache\jaylib-4.5.0-0.jar\com\raylib\windows-x86_64\jniRaylib.dll

Deoptimization events (20 events):
Event: 0.676 Thread 0x00000144ffb1b220 DEOPT PACKING pc=0x000001448f624be4 sp=0x00000001006fd950
Event: 0.676 Thread 0x00000144ffb1b220 DEOPT UNPACKING pc=0x000001448ef0a1a3 sp=0x00000001006fd8d8 mode 2
Event: 0.676 Thread 0x00000144ffb1b220 Uncommon trap: trap_request=0xffffff45 fr.pc=0x000001448f6417c4 relative=0x0000000000001324
Event: 0.676 Thread 0x00000144ffb1b220 Uncommon trap: reason=unstable_if action=reinterpret pc=0x000001448f6417c4 method=java.net.URL.<init>(Ljava/net/URL;Ljava/lang/String;Ljava/net/URLStreamHandler;)V @ 273 c2
Event: 0.677 Thread 0x00000144ffb1b220 DEOPT PACKING pc=0x000001448f6417c4 sp=0x00000001006fd890
Event: 0.677 Thread 0x00000144ffb1b220 DEOPT UNPACKING pc=0x000001448ef0a1a3 sp=0x00000001006fd820 mode 2
Event: 0.689 Thread 0x00000144ffb1b220 Uncommon trap: trap_request=0xffffff45 fr.pc=0x000001448f649c2c relative=0x0000000000003d4c
Event: 0.689 Thread 0x00000144ffb1b220 Uncommon trap: reason=unstable_if action=reinterpret pc=0x000001448f649c2c method=sun.net.www.ParseUtil.firstEncodeIndex(Ljava/lang/String;)I @ 51 c2
Event: 0.689 Thread 0x00000144ffb1b220 DEOPT PACKING pc=0x000001448f649c2c sp=0x00000001006fd950
Event: 0.689 Thread 0x00000144ffb1b220 DEOPT UNPACKING pc=0x000001448ef0a1a3 sp=0x00000001006fd670 mode 2
Event: 0.689 Thread 0x00000144ffb1b220 Uncommon trap: trap_request=0xffffff45 fr.pc=0x000001448f6533a4 relative=0x0000000000003f44
Event: 0.689 Thread 0x00000144ffb1b220 Uncommon trap: reason=unstable_if action=reinterpret pc=0x000001448f6533a4 method=sun.net.www.ParseUtil.firstEncodeIndex(Ljava/lang/String;)I @ 51 c2
Event: 0.689 Thread 0x00000144ffb1b220 DEOPT PACKING pc=0x000001448f6533a4 sp=0x00000001006fd8e0
Event: 0.689 Thread 0x00000144ffb1b220 DEOPT UNPACKING pc=0x000001448ef0a1a3 sp=0x00000001006fd668 mode 2
Event: 0.743 Thread 0x00000144ffb1b220 Uncommon trap: trap_request=0xffffff45 fr.pc=0x000001448f6312e0 relative=0x00000000000000e0
Event: 0.743 Thread 0x00000144ffb1b220 Uncommon trap: reason=unstable_if action=reinterpret pc=0x000001448f6312e0 method=java.lang.ref.SoftReference.get()Ljava/lang/Object; @ 17 c2
Event: 0.743 Thread 0x00000144ffb1b220 DEOPT PACKING pc=0x000001448f6312e0 sp=0x00000001006fc130
Event: 0.743 Thread 0x00000144ffb1b220 DEOPT UNPACKING pc=0x000001448ef0a1a3 sp=0x00000001006fc0e8 mode 2
Event: 0.745 Thread 0x00000144ffb1b220 DEOPT PACKING pc=0x0000014487b5e4c8 sp=0x00000001006fc0c0
Event: 0.745 Thread 0x00000144ffb1b220 DEOPT UNPACKING pc=0x000001448ef0ace3 sp=0x00000001006fb5d8 mode 0

Classes unloaded (0 events):
No events

Classes redefined (0 events):
No events

Internal exceptions (7 events):
Event: 0.104 Thread 0x00000144ffb1b220 Exception <a 'java/lang/NoSuchMethodError'{0x0000000715244478}: 'int java.lang.invoke.DirectMethodHandle$Holder.invokeStaticInit(java.lang.Object, java.lang.Object, java.lang.Object, java.lang.Object)'> (0x0000000715244478) 
thrown [s\src\hotspot\share\interpreter\linkResolver.cpp, line 759]
Event: 0.106 Thread 0x00000144ffb1b220 Exception <a 'java/lang/NoSuchMethodError'{0x000000071524f188}: 'java.lang.Object java.lang.invoke.DirectMethodHandle$Holder.invokeInterface(java.lang.Object, java.lang.Object)'> (0x000000071524f188) 
thrown [s\src\hotspot\share\interpreter\linkResolver.cpp, line 759]
Event: 0.107 Thread 0x00000144ffb1b220 Exception <a 'java/lang/IncompatibleClassChangeError'{0x00000007152528a0}: Found class java.lang.Object, but interface was expected> (0x00000007152528a0) 
thrown [s\src\hotspot\share\interpreter\linkResolver.cpp, line 826]
Event: 0.107 Thread 0x00000144ffb1b220 Exception <a 'java/lang/NoSuchMethodError'{0x0000000715255a48}: 'void java.lang.invoke.DirectMethodHandle$Holder.invokeStatic(java.lang.Object, java.lang.Object)'> (0x0000000715255a48) 
thrown [s\src\hotspot\share\interpreter\linkResolver.cpp, line 759]
Event: 0.108 Thread 0x00000144ffb1b220 Exception <a 'java/lang/NoSuchMethodError'{0x00000007152590b8}: 'void java.lang.invoke.DirectMethodHandle$Holder.invokeStaticInit(java.lang.Object, java.lang.Object)'> (0x00000007152590b8) 
thrown [s\src\hotspot\share\interpreter\linkResolver.cpp, line 759]
Event: 0.110 Thread 0x00000144ffb1b220 Exception <a 'java/lang/NoSuchMethodError'{0x000000071525f7a0}: 'int java.lang.invoke.DirectMethodHandle$Holder.invokeStaticInit(java.lang.Object, java.lang.Object)'> (0x000000071525f7a0) 
thrown [s\src\hotspot\share\interpreter\linkResolver.cpp, line 759]
Event: 0.718 Thread 0x00000144ffb1b220 Exception <a 'java/lang/NoSuchMethodError'{0x0000000714186d80}: 'java.lang.Object java.lang.invoke.DirectMethodHandle$Holder.invokeStatic(java.lang.Object, int, java.lang.Object)'> (0x0000000714186d80) 
thrown [s\src\hotspot\share\interpreter\linkResolver.cpp, line 759]

VM Operations (8 events):
Event: 0.080 Executing VM operation: HandshakeAllThreads
Event: 0.080 Executing VM operation: HandshakeAllThreads done
Event: 0.158 Executing VM operation: HandshakeAllThreads
Event: 0.159 Executing VM operation: HandshakeAllThreads done
Event: 0.740 Executing VM operation: G1CollectForAllocation
Event: 0.743 Executing VM operation: G1CollectForAllocation done
Event: 1.756 Executing VM operation: Cleanup
Event: 1.756 Executing VM operation: Cleanup done

Events (20 events):
Event: 0.715 loading class java/io/Externalizable
Event: 0.715 loading class java/io/Externalizable done
Event: 0.715 loading class java/time/zone/Ser done
Event: 0.716 loading class java/time/Month
Event: 0.716 loading class java/time/Month done
Event: 0.716 loading class java/time/DayOfWeek
Event: 0.716 loading class java/time/DayOfWeek done
Event: 0.716 loading class java/time/zone/ZoneOffsetTransitionRule$TimeDefinition
Event: 0.716 loading class java/time/zone/ZoneOffsetTransitionRule$TimeDefinition done
Event: 0.716 loading class java/time/zone/ZoneOffsetTransition
Event: 0.716 loading class java/time/zone/ZoneOffsetTransition done
Event: 0.717 loading class java/time/temporal/TemporalAdjusters
Event: 0.717 loading class java/time/temporal/TemporalAdjusters done
Event: 0.720 loading class java/time/zone/ZoneOffsetTransitionRule$1
Event: 0.720 loading class java/time/zone/ZoneOffsetTransitionRule$1 done
Event: 0.720 loading class java/util/concurrent/TimeUnit$1
Event: 0.720 loading class java/util/concurrent/TimeUnit$1 done
Event: 1.396 Thread 0x00000144e91f4240 Thread exited: 0x00000144e91f4240
Event: 1.396 Thread 0x00000144a3f6e360 Thread exited: 0x00000144a3f6e360
Event: 3.357 Thread 0x00000144a3cf1c00 Thread exited: 0x00000144a3cf1c00


Dynamic libraries:
0x00007ff6c4970000 - 0x00007ff6c497e000 	C:\Users\luczu\.jdks\corretto-17.0.10\bin\java.exe
0x00007ffc25950000 - 0x00007ffc25b67000 	C:\WINDOWS\SYSTEM32\ntdll.dll
0x00007ffc24980000 - 0x00007ffc24a44000 	C:\WINDOWS\System32\KERNEL32.DLL
0x00007ffc22f10000 - 0x00007ffc232b6000 	C:\WINDOWS\System32\KERNELBASE.dll
0x00007ffc22c90000 - 0x00007ffc22da1000 	C:\WINDOWS\System32\ucrtbase.dll
0x00007ffbbc150000 - 0x00007ffbbc167000 	C:\Users\luczu\.jdks\corretto-17.0.10\bin\jli.dll
0x00007ffbcf990000 - 0x00007ffbcf9ab000 	C:\Users\luczu\.jdks\corretto-17.0.10\bin\VCRUNTIME140.dll
0x00007ffc236a0000 - 0x00007ffc2384e000 	C:\WINDOWS\System32\USER32.dll
0x00007ffc22ee0000 - 0x00007ffc22f06000 	C:\WINDOWS\System32\win32u.dll
0x00007ffc24050000 - 0x00007ffc24079000 	C:\WINDOWS\System32\GDI32.dll
0x00007ffc23360000 - 0x00007ffc23478000 	C:\WINDOWS\System32\gdi32full.dll
0x00007ffbff730000 - 0x00007ffbff9c3000 	C:\WINDOWS\WinSxS\amd64_microsoft.windows.common-controls_6595b64144ccf1df_6.0.22621.2506_none_270c5ae97388e100\COMCTL32.dll
0x00007ffc232c0000 - 0x00007ffc2335a000 	C:\WINDOWS\System32\msvcp_win.dll
0x00007ffc24a60000 - 0x00007ffc24b07000 	C:\WINDOWS\System32\msvcrt.dll
0x00007ffc24760000 - 0x00007ffc24791000 	C:\WINDOWS\System32\IMM32.DLL
0x00007ffbd8d50000 - 0x00007ffbd8d5c000 	C:\Users\luczu\.jdks\corretto-17.0.10\bin\vcruntime140_1.dll
0x00007ffbbc2b0000 - 0x00007ffbbc33d000 	C:\Users\luczu\.jdks\corretto-17.0.10\bin\msvcp140.dll
0x00007ffb00b40000 - 0x00007ffb017a2000 	C:\Users\luczu\.jdks\corretto-17.0.10\bin\server\jvm.dll
0x00007ffc24d20000 - 0x00007ffc24dd3000 	C:\WINDOWS\System32\ADVAPI32.dll
0x00007ffc24690000 - 0x00007ffc24738000 	C:\WINDOWS\System32\sechost.dll
0x00007ffc23670000 - 0x00007ffc23698000 	C:\WINDOWS\System32\bcrypt.dll
0x00007ffc24b90000 - 0x00007ffc24ca7000 	C:\WINDOWS\System32\RPCRT4.dll
0x00007ffc21b10000 - 0x00007ffc21b5d000 	C:\WINDOWS\SYSTEM32\POWRPROF.dll
0x00007ffc18c30000 - 0x00007ffc18c64000 	C:\WINDOWS\SYSTEM32\WINMM.dll
0x00007ffc1a340000 - 0x00007ffc1a349000 	C:\WINDOWS\SYSTEM32\WSOCK32.dll
0x00007ffc18e60000 - 0x00007ffc18e6a000 	C:\WINDOWS\SYSTEM32\VERSION.dll
0x00007ffc24b10000 - 0x00007ffc24b81000 	C:\WINDOWS\System32\WS2_32.dll
0x00007ffc21af0000 - 0x00007ffc21b03000 	C:\WINDOWS\SYSTEM32\UMPDC.dll
0x00007ffc21d10000 - 0x00007ffc21d28000 	C:\WINDOWS\SYSTEM32\kernel.appcore.dll
0x00007ffbd8d40000 - 0x00007ffbd8d4a000 	C:\Users\luczu\.jdks\corretto-17.0.10\bin\jimage.dll
0x00007ffc20570000 - 0x00007ffc207a3000 	C:\WINDOWS\SYSTEM32\DBGHELP.DLL
0x00007ffc24300000 - 0x00007ffc24689000 	C:\WINDOWS\System32\combase.dll
0x00007ffc23d40000 - 0x00007ffc23e17000 	C:\WINDOWS\System32\OLEAUT32.dll
0x00007ffc09f90000 - 0x00007ffc09fc2000 	C:\WINDOWS\SYSTEM32\dbgcore.DLL
0x00007ffc23480000 - 0x00007ffc234fa000 	C:\WINDOWS\System32\bcryptPrimitives.dll
0x00007ffbcf9d0000 - 0x00007ffbcf9f5000 	C:\Users\luczu\.jdks\corretto-17.0.10\bin\java.dll
0x00007ffbbc1d0000 - 0x00007ffbbc2a7000 	C:\Users\luczu\.jdks\corretto-17.0.10\bin\jsvml.dll
0x00007ffc24de0000 - 0x00007ffc2563a000 	C:\WINDOWS\System32\SHELL32.dll
0x00007ffc20ba0000 - 0x00007ffc21496000 	C:\WINDOWS\SYSTEM32\windows.storage.dll
0x00007ffc20a60000 - 0x00007ffc20b9e000 	C:\WINDOWS\SYSTEM32\wintypes.dll
0x00007ffc24880000 - 0x00007ffc24973000 	C:\WINDOWS\System32\SHCORE.dll
0x00007ffc24cc0000 - 0x00007ffc24d1e000 	C:\WINDOWS\System32\shlwapi.dll
0x00007ffc22bc0000 - 0x00007ffc22be6000 	C:\WINDOWS\SYSTEM32\profapi.dll
0x00007ffbcf9b0000 - 0x00007ffbcf9c9000 	C:\Users\luczu\.jdks\corretto-17.0.10\bin\net.dll
0x00007ffc19770000 - 0x00007ffc198a7000 	C:\WINDOWS\SYSTEM32\WINHTTP.dll
0x00007ffc22230000 - 0x00007ffc22299000 	C:\WINDOWS\system32\mswsock.dll
0x00007ffbbc1b0000 - 0x00007ffbbc1c6000 	C:\Users\luczu\.jdks\corretto-17.0.10\bin\nio.dll
0x00007ffbbc190000 - 0x00007ffbbc1a8000 	C:\Users\luczu\.jdks\corretto-17.0.10\bin\zip.dll
0x00000144a3fb0000 - 0x00000144a3fb3000 	C:\Program Files (x86)\Windows Kits\10\Redist\ucrt\DLLs\x64\api-ms-win-crt-locale-l1-1-0.dll
0x00000144a3fc0000 - 0x00000144a3fc4000 	C:\Program Files (x86)\Windows Kits\10\Redist\ucrt\DLLs\x64\api-ms-win-crt-string-l1-1-0.dll
0x00000144a3fd0000 - 0x00000144a3fd4000 	C:\Program Files (x86)\Windows Kits\10\Redist\ucrt\DLLs\x64\api-ms-win-crt-stdio-l1-1-0.dll
0x00000144a3fe0000 - 0x00000144a3fe5000 	C:\Program Files (x86)\Windows Kits\10\Redist\ucrt\DLLs\x64\api-ms-win-crt-math-l1-1-0.dll
0x00000144a3ff0000 - 0x00000144a3ff3000 	C:\Program Files (x86)\Windows Kits\10\Redist\ucrt\DLLs\x64\api-ms-win-crt-heap-l1-1-0.dll
0x00000144e9930000 - 0x00000144e9934000 	C:\Program Files (x86)\Windows Kits\10\Redist\ucrt\DLLs\x64\api-ms-win-crt-runtime-l1-1-0.dll
0x00000144e9940000 - 0x00000144e9944000 	C:\Program Files (x86)\Windows Kits\10\Redist\ucrt\DLLs\x64\api-ms-win-crt-convert-l1-1-0.dll
0x00000144e9950000 - 0x00000144e9953000 	C:\Program Files (x86)\Windows Kits\10\Redist\ucrt\DLLs\x64\api-ms-win-crt-environment-l1-1-0.dll
0x00000144e9960000 - 0x00000144e9963000 	C:\Program Files (x86)\Windows Kits\10\Redist\ucrt\DLLs\x64\api-ms-win-crt-time-l1-1-0.dll
0x00000144e9970000 - 0x00000144e9973000 	C:\Program Files (x86)\Windows Kits\10\Redist\ucrt\DLLs\x64\api-ms-win-crt-filesystem-l1-1-0.dll
0x00000144e9980000 - 0x00000144e9983000 	C:\Program Files (x86)\Windows Kits\10\Redist\ucrt\DLLs\x64\api-ms-win-crt-utility-l1-1-0.dll
0x00000144e9990000 - 0x00000144e9995000 	C:\Program Files (x86)\Windows Kits\10\Redist\ucrt\DLLs\x64\api-ms-win-crt-multibyte-l1-1-0.dll
0x00000144e99a0000 - 0x00000144e99a3000 	C:\Program Files (x86)\Windows Kits\10\Redist\ucrt\DLLs\x64\api-ms-win-crt-conio-l1-1-0.dll
0x00000144e99b0000 - 0x00000144e99bf000 	C:\Program Files (x86)\Windows Kits\10\Redist\ucrt\DLLs\x64\api-ms-win-crt-private-l1-1-0.dll
0x00000144e99c0000 - 0x00000144e99c3000 	C:\Program Files (x86)\Windows Kits\10\Redist\ucrt\DLLs\x64\api-ms-win-crt-process-l1-1-0.dll
0x00000144e99d0000 - 0x00000144e99d3000 	C:\Program Files\Microsoft\jdk-11.0.12.7-hotspot\bin\api-ms-win-core-console-l1-2-0.dll
0x00000144e99e0000 - 0x00000144e99e3000 	C:\Program Files (x86)\Windows Kits\10\Redist\ucrt\DLLs\x64\api-ms-win-core-string-l1-1-0.dll
0x00000144e99f0000 - 0x00000144e99f3000 	C:\Program Files (x86)\Windows Kits\10\Redist\ucrt\DLLs\x64\api-ms-win-core-errorhandling-l1-1-0.dll
0x00000144e9a00000 - 0x00000144e9a03000 	C:\Program Files (x86)\Windows Kits\10\Redist\ucrt\DLLs\x64\api-ms-win-core-timezone-l1-1-0.dll
0x00000144e9a10000 - 0x00000144e9a14000 	C:\Program Files (x86)\Windows Kits\10\Redist\ucrt\DLLs\x64\api-ms-win-core-file-l1-1-0.dll
0x00000144e9a20000 - 0x00000144e9a23000 	C:\Program Files (x86)\Windows Kits\10\Redist\ucrt\DLLs\x64\api-ms-win-core-namedpipe-l1-1-0.dll
0x00000144e9a30000 - 0x00000144e9a33000 	C:\Program Files (x86)\Windows Kits\10\Redist\ucrt\DLLs\x64\api-ms-win-core-handle-l1-1-0.dll
0x00000144e9a40000 - 0x00000144e9a43000 	C:\Program Files (x86)\Windows Kits\10\Redist\ucrt\DLLs\x64\api-ms-win-core-file-l2-1-0.dll
0x00000144e9a50000 - 0x00000144e9a53000 	C:\Program Files (x86)\Windows Kits\10\Redist\ucrt\DLLs\x64\api-ms-win-core-heap-l1-1-0.dll
0x00000144e9a60000 - 0x00000144e9a63000 	C:\Program Files (x86)\Windows Kits\10\Redist\ucrt\DLLs\x64\api-ms-win-core-libraryloader-l1-1-0.dll
0x00000144e9a70000 - 0x00000144e9a73000 	C:\Program Files (x86)\Windows Kits\10\Redist\ucrt\DLLs\x64\api-ms-win-core-synch-l1-1-0.dll
0x00000144eaa50000 - 0x00000144eaa53000 	C:\Program Files (x86)\Windows Kits\10\Redist\ucrt\DLLs\x64\api-ms-win-core-processthreads-l1-1-0.dll
0x00000144eaa60000 - 0x00000144eaa63000 	C:\Program Files (x86)\Windows Kits\10\Redist\ucrt\DLLs\x64\api-ms-win-core-processenvironment-l1-1-0.dll
0x00000144eaa70000 - 0x00000144eaa73000 	C:\Program Files (x86)\Windows Kits\10\Redist\ucrt\DLLs\x64\api-ms-win-core-datetime-l1-1-0.dll
0x00000144eaa80000 - 0x00000144eaa83000 	C:\Program Files (x86)\Windows Kits\10\Redist\ucrt\DLLs\x64\api-ms-win-core-localization-l1-2-0.dll
0x00000144eaa90000 - 0x00000144eaa93000 	C:\Program Files (x86)\Windows Kits\10\Redist\ucrt\DLLs\x64\api-ms-win-core-sysinfo-l1-1-0.dll
0x00000144eaaa0000 - 0x00000144eaaa3000 	C:\Program Files (x86)\Windows Kits\10\Redist\ucrt\DLLs\x64\api-ms-win-core-synch-l1-2-0.dll
0x00000144eaab0000 - 0x00000144eaab3000 	C:\Program Files (x86)\Windows Kits\10\Redist\ucrt\DLLs\x64\api-ms-win-core-console-l1-1-0.dll
0x00000144eaac0000 - 0x00000144eaac3000 	C:\Program Files (x86)\Windows Kits\10\Redist\ucrt\DLLs\x64\api-ms-win-core-debug-l1-1-0.dll
0x00000144eaad0000 - 0x00000144eaad3000 	C:\Program Files (x86)\Windows Kits\10\Redist\ucrt\DLLs\x64\api-ms-win-core-rtlsupport-l1-1-0.dll
0x00000144eaae0000 - 0x00000144eaae3000 	C:\Program Files (x86)\Windows Kits\10\Redist\ucrt\DLLs\x64\api-ms-win-core-processthreads-l1-1-1.dll
0x00000144eaaf0000 - 0x00000144eaaf3000 	C:\Program Files (x86)\Windows Kits\10\Redist\ucrt\DLLs\x64\api-ms-win-core-file-l1-2-0.dll
0x00000144eab00000 - 0x00000144eab03000 	C:\Program Files (x86)\Windows Kits\10\Redist\ucrt\DLLs\x64\api-ms-win-core-profile-l1-1-0.dll
0x00000144eab10000 - 0x00000144eab13000 	C:\Program Files (x86)\Windows Kits\10\Redist\ucrt\DLLs\x64\api-ms-win-core-memory-l1-1-0.dll
0x00000144ebaf0000 - 0x00000144ebaf3000 	C:\Program Files (x86)\Windows Kits\10\Redist\ucrt\DLLs\x64\api-ms-win-core-util-l1-1-0.dll
0x00000144ebb00000 - 0x00000144ebb03000 	C:\Program Files (x86)\Windows Kits\10\Redist\ucrt\DLLs\x64\api-ms-win-core-interlocked-l1-1-0.dll
0x00007ffbdaaa0000 - 0x00007ffbdab92000 	C:\Program Files (x86)\Windows Kits\10\Redist\ucrt\DLLs\x64\ucrtbase.dll
0x00007ffc1a3e0000 - 0x00007ffc1a3e9000 	C:\Windows\System32\msvcp140_1.dll
0x00007ffbffe00000 - 0x00007ffbffe4e000 	C:\Windows\System32\concrt140.dll
0x00007ffbfc5f0000 - 0x00007ffbfc621000 	C:\Windows\System32\vcomp140.dll
0x00007ffbefd60000 - 0x00007ffbefe60000 	C:\Windows\System32\opengl32.dll
0x00007ffbf2470000 - 0x00007ffbf249d000 	C:\WINDOWS\SYSTEM32\GLU32.dll
0x00007ffc1fd90000 - 0x00007ffc1fdc6000 	C:\WINDOWS\SYSTEM32\dxcore.dll
0x00007ffbb9f50000 - 0x00007ffbba16d000 	C:\Users\luczu\.javacpp\cache\jaylib-4.5.0-0.jar\com\raylib\windows-x86_64\jniRaylib.dll
0x00007ffb82cc0000 - 0x00007ffb82d06000 	C:\WINDOWS\SYSTEM32\dinput8.dll
0x00007ffbde6a0000 - 0x00007ffbde6b1000 	C:\WINDOWS\SYSTEM32\xinput1_4.dll
0x00007ffc22980000 - 0x00007ffc229ce000 	C:\WINDOWS\SYSTEM32\cfgmgr32.dll
0x00007ffc22950000 - 0x00007ffc2297c000 	C:\WINDOWS\SYSTEM32\DEVOBJ.dll
0x00007ffc20030000 - 0x00007ffc2005b000 	C:\WINDOWS\SYSTEM32\dwmapi.dll
0x00007ffc000e0000 - 0x00007ffc002ea000 	C:\WINDOWS\SYSTEM32\inputhost.dll
0x00007ffc1d160000 - 0x00007ffc1d294000 	C:\WINDOWS\SYSTEM32\CoreMessaging.dll
0x00007ffc1d540000 - 0x00007ffc1d5eb000 	C:\WINDOWS\system32\uxtheme.dll
0x00007ffc257c0000 - 0x00007ffc25910000 	C:\WINDOWS\System32\MSCTF.dll
0x00007ffc224a0000 - 0x00007ffc224ac000 	C:\WINDOWS\SYSTEM32\CRYPTBASE.DLL
0x00007ffc214a0000 - 0x00007ffc214ae000 	C:\WINDOWS\SYSTEM32\HID.DLL
0x00007ffc238c0000 - 0x00007ffc23d34000 	C:\WINDOWS\System32\SETUPAPI.DLL
0x00007ffc22e70000 - 0x00007ffc22edb000 	C:\WINDOWS\System32\WINTRUST.dll
0x00007ffc23500000 - 0x00007ffc23666000 	C:\WINDOWS\System32\CRYPT32.dll
0x00007ffc22930000 - 0x00007ffc22942000 	C:\WINDOWS\SYSTEM32\MSASN1.dll
0x00007ffc19a80000 - 0x00007ffc19aca000 	C:\WINDOWS\SYSTEM32\directxdatabasehelper.dll
0x00007ffc24250000 - 0x00007ffc24300000 	C:\WINDOWS\System32\clbcatq.dll
0x00007ffb055b0000 - 0x00007ffb081a0000 	C:\WINDOWS\System32\DriverStore\FileRepository\nvhm.inf_amd64_28ac5867493a0477\nvoglv64.dll
0x00007ffc23eb0000 - 0x00007ffc24050000 	C:\WINDOWS\System32\ole32.dll
0x00007ffc21b60000 - 0x00007ffc21b74000 	C:\WINDOWS\SYSTEM32\WTSAPI32.dll
0x00007ffc0a2f0000 - 0x00007ffc0a322000 	C:\WINDOWS\SYSTEM32\cryptnet.dll
0x00007ffc0a330000 - 0x00007ffc0a488000 	C:\WINDOWS\SYSTEM32\drvstore.dll
0x00007ffc22530000 - 0x00007ffc2257b000 	C:\WINDOWS\SYSTEM32\wldp.dll
0x00007ffc24740000 - 0x00007ffc2475f000 	C:\WINDOWS\System32\imagehlp.dll
0x00007ffc22480000 - 0x00007ffc2249b000 	C:\WINDOWS\SYSTEM32\CRYPTSP.dll
0x00007ffc21d30000 - 0x00007ffc21d65000 	C:\WINDOWS\system32\rsaenh.dll
0x00007ffc222c0000 - 0x00007ffc222e6000 	C:\WINDOWS\SYSTEM32\gpapi.dll
0x00007ffbd54b0000 - 0x00007ffbd769b000 	C:\WINDOWS\System32\DriverStore\FileRepository\nvhm.inf_amd64_28ac5867493a0477\nvgpucomp64.dll
0x00007ffc21dd0000 - 0x00007ffc21e04000 	C:\WINDOWS\SYSTEM32\ntmarta.dll
0x00007ffb61a60000 - 0x00007ffb61d23000 	C:\WINDOWS\system32\nvspcap64.dll
0x00007ffc21700000 - 0x00007ffc21766000 	C:\WINDOWS\SYSTEM32\WINSTA.dll

dbghelp: loaded successfully - version: 4.0.5 - missing functions: none
symbol engine: initialized successfully - sym options: 0x614 - pdb path: .;C:\Users\luczu\.jdks\corretto-17.0.10\bin;C:\WINDOWS\SYSTEM32;C:\WINDOWS\WinSxS\amd64_microsoft.windows.common-controls_6595b64144ccf1df_6.0.22621.2506_none_270c5ae97388e100;C:\Users\luczu\.jdks\corretto-17.0.10\bin\server;C:\Program Files (x86)\Windows Kits\10\Redist\ucrt\DLLs\x64;C:\Program Files\Microsoft\jdk-11.0.12.7-hotspot\bin;C:\Users\luczu\.javacpp\cache\jaylib-4.5.0-0.jar\com\raylib\windows-x86_64;C:\WINDOWS\System32\DriverStore\FileRepository\nvhm.inf_amd64_28ac5867493a0477;C:\WINDOWS\System32\DriverStore\FileRepository\iigd_dch.inf_amd64_0fdf6ce291234272

VM Arguments:
jvm_args: -Dfile.encoding=windows-1252 -Duser.country=NL -Duser.language=nl -Duser.variant 
java_command: PineVille.GameScene
java_class_path (initial): C:\Users\luczu\OneDrive\Documenten\PineVille\build\classes\java\main;C:\Users\luczu\OneDrive\Documenten\PineVille\build\resources\main;C:\Users\luczu\.gradle\caches\modules-2\files-2.1\uk.co.electronstudio.jaylib\jaylib\4.5.0-0\90c0d608df9bbd32f5f34683acc58cb433e94508\jaylib-4.5.0-0.jar
Launcher Type: SUN_STANDARD

[Global flags]
     intx CICompilerCount                          = 12                                        {product} {ergonomic}
     uint ConcGCThreads                            = 3                                         {product} {ergonomic}
     uint G1ConcRefinementThreads                  = 13                                        {product} {ergonomic}
   size_t G1HeapRegionSize                         = 2097152                                   {product} {ergonomic}
    uintx GCDrainStackTargetSize                   = 64                                        {product} {ergonomic}
   size_t InitialHeapSize                          = 264241152                                 {product} {ergonomic}
   size_t MarkStackSize                            = 4194304                                   {product} {ergonomic}
   size_t MaxHeapSize                              = 4200595456                                {product} {ergonomic}
   size_t MaxNewSize                               = 2518679552                                {product} {ergonomic}
   size_t MinHeapDeltaBytes                        = 2097152                                   {product} {ergonomic}
   size_t MinHeapSize                              = 8388608                                   {product} {ergonomic}
    uintx NonNMethodCodeHeapSize                   = 7602480                                {pd product} {ergonomic}
    uintx NonProfiledCodeHeapSize                  = 122027880                              {pd product} {ergonomic}
    uintx ProfiledCodeHeapSize                     = 122027880                              {pd product} {ergonomic}
    uintx ReservedCodeCacheSize                    = 251658240                              {pd product} {ergonomic}
     bool SegmentedCodeCache                       = true                                      {product} {ergonomic}
   size_t SoftMaxHeapSize                          = 4200595456                             {manageable} {ergonomic}
     bool UseCompressedClassPointers               = true                           {product lp64_product} {ergonomic}
     bool UseCompressedOops                        = true                           {product lp64_product} {ergonomic}
     bool UseG1GC                                  = true                                      {product} {ergonomic}
     bool UseLargePagesIndividualAllocation        = false                                  {pd product} {ergonomic}

Logging:
Log output configuration:
 #0: stdout all=warning uptime,level,tags
 #1: stderr all=off uptime,level,tags

Environment Variables:
PATH=C:\Program Files (x86)\Common Files\Intel\Shared Libraries\redist\intel64\compiler;C:\Program Files\Common Files\Oracle\Java\javapath;C:\Program Files\Microsoft\jdk-11.0.12.7-hotspot\bin;C:\windows\system32;C:\windows;C:\windows\System32\Wbem;C:\windows\System32\WindowsPowerShell\v1.0\;C:\windows\System32\OpenSSH\;C:\Program Files (x86)\NVIDIA Corporation\PhysX\Common;C:\Program Files\NVIDIA Corporation\NVIDIA NvDLISR;C:\Program Files\Microsoft SQL Server\150\Tools\Binn\;C:\Program Files\Microsoft SQL Server\Client SDK\ODBC\170\Tools\Binn\;C:\Program Files\dotnet\;C:\WINDOWS\system32;C:\WINDOWS;C:\WINDOWS\System32\Wbem;C:\WINDOWS\System32\WindowsPowerShell\v1.0\;C:\WINDOWS\System32\OpenSSH\;C:\Program Files\CMake\bin;C:\Program Files\Git\cmd;C:\Users\luczu\AppData\Local\Microsoft\WindowsApps;C:\Users\luczu\.dotnet\tools;C:\Users\luczu\AppData\Local\GitHubDesktop\bin;;C:\Users\luczu\AppData\Local\Programs\Microsoft VS Code\bin
USERNAME=luczu
OS=Windows_NT
PROCESSOR_IDENTIFIER=Intel64 Family 6 Model 141 Stepping 1, GenuineIntel
TMP=C:\Users\luczu\AppData\Local\Temp
TEMP=C:\Users\luczu\AppData\Local\Temp



Periodic native trim disabled


---------------  S Y S T E M  ---------------

OS:
 Windows 11 , 64 bit Build 22621 (10.0.22621.2506)
OS uptime: 0 days 0:37 hours
Hyper-V role detected

CPU: total 16 (initial active 16) (8 cores per cpu, 2 threads per core) family 6 model 141 stepping 1 microcode 0x4e, cx8, cmov, fxsr, ht, mmx, 3dnowpref, sse, sse2, sse3, ssse3, sse4.1, sse4.2, popcnt, lzcnt, tsc, tscinvbit, avx, avx2, aes, erms, clmul, bmi1, bmi2, adx, avx512f, avx512dq, avx512cd, avx512bw, avx512vl, sha, fma, vzeroupper, avx512_vpopcntdq, avx512_vpclmulqdq, avx512_vaes, avx512_vnni, clflush, clflushopt, clwb, avx512_vbmi2, avx512_vbmi, hv
Processor Information for all 16 processors :
  Max Mhz: 2304, Current Mhz: 2304, Mhz Limit: 2304

Memory: 4k page, system-wide physical 16021M (3082M free)
TotalPageFile size 34453M (AvailPageFile size 14688M)
current process WorkingSet (physical memory assigned to process): 145M, peak: 193M
current process commit charge ("private bytes"): 530M, peak: 612M

vm_info: OpenJDK 64-Bit Server VM (17.0.10+7-LTS) for windows-amd64 JRE (17.0.10+7-LTS), built on Jan 10 2024 22:11:07 by "Administrator" with MS VC++ 16.10 / 16.11 (VS2019)

END.
