#
# A fatal error has been detected by the Java Runtime Environment:
#
#  EXCEPTION_ACCESS_VIOLATION (0xc0000005) at pc=0x00007ffcd280f3a6, pid=30984, tid=16440
#
# JRE version: OpenJDK Runtime Environment Corretto-17.0.10.7.1 (17.0.10+7) (build 17.0.10+7-LTS)
# Java VM: OpenJDK 64-Bit Server VM Corretto-17.0.10.7.1 (17.0.10+7-LTS, mixed mode, sharing, tiered, compressed oops, compressed class ptrs, g1 gc, windows-amd64)
# Problematic frame:
# C  [jniRaylib.dll+0xdf3a6]
#
# No core dump will be written. Minidumps are not enabled by default on client versions of Windows
#
# If you would like to submit a bug report, please visit:
#   https://github.com/corretto/corretto-17/issues/
# The crash happened outside the Java Virtual Machine in native code.
# See problematic frame for where to report the bug.
#

---------------  S U M M A R Y ------------

Command Line: -Dfile.encoding=windows-1252 -Duser.country=NL -Duser.language=nl -Duser.variant PineVille.GameScene

Host: 11th Gen Intel(R) Core(TM) i7-11800H @ 2.30GHz, 16 cores, 15G,  Windows 11 , 64 bit Build 22621 (10.0.22621.3085)
Time: Mon Mar 11 11:59:19 2024 West-Europa (standaardtijd) elapsed time: 6.663083 seconds (0d 0h 0m 6s)

---------------  T H R E A D  ---------------

Current thread (0x000001dbf84aa1b0):  JavaThread "main" [_thread_in_native, id=16440, stack(0x000000c453500000,0x000000c453600000)]

Stack: [0x000000c453500000,0x000000c453600000],  sp=0x000000c4535ff520,  free space=1021k
Native frames: (J=compiled Java code, j=interpreted, Vv=VM code, C=native code)
C  [jniRaylib.dll+0xdf3a6]

Java frames: (J=compiled Java code, j=interpreted, Vv=VM code)
J 811  com.raylib.Raylib.DrawTexturePro(Lcom/raylib/Raylib$Texture;Lcom/raylib/Raylib$Rectangle;Lcom/raylib/Raylib$Rectangle;Lcom/raylib/Raylib$Vector2;FLcom/raylib/Raylib$Color;)V (0 bytes) @ 0x000001db87c38fe2 [0x000001db87c38f20+0x00000000000000c2]
j  PineVille.GameScene.main([Ljava/lang/String;)V+284
v  ~StubRoutines::call_stub

siginfo: EXCEPTION_ACCESS_VIOLATION (0xc0000005), writing address 0x000001dbe458de50


Registers:
RAX=0x000001dbe458de50, RBX=0x000000c4535ff6c0, RCX=0x0000000000000000, RDX=0x0000000000000000
RSP=0x000000c4535ff520, RBP=0x000000c4535ff780, RSI=0x0000000000000004, RDI=0x000000c4535ff6b0
R8 =0x000001dbe32b1f90, R9 =0x0000000000000000, R10=0x00007ffcd165de20, R11=0x0000000000000006
R12=0x000001dbe171e5d0, R13=0x0000000000000000, R14=0x000001dbe31f72c0, R15=0x000001dbe22dc400
RIP=0x00007ffcd280f3a6, EFLAGS=0x0000000000010246


Register to memory mapping:

RIP=0x00007ffcd280f3a6 jniRaylib.dll
RAX=0x000001dbe458de50 is an unknown value
RBX=0x000000c4535ff6c0 is pointing into the stack for thread: 0x000001dbf84aa1b0
RCX=0x0 is NULL
RDX=0x0 is NULL
RSP=0x000000c4535ff520 is pointing into the stack for thread: 0x000001dbf84aa1b0
RBP=0x000000c4535ff780 is pointing into the stack for thread: 0x000001dbf84aa1b0
RSI=0x0000000000000004 is an unknown value
RDI=0x000000c4535ff6b0 is pointing into the stack for thread: 0x000001dbf84aa1b0
R8 =0x000001dbe32b1f90 points into unknown readable memory: 0x0000000000002000 | 00 20 00 00 00 00 00 00
R9 =0x0 is NULL
R10=0x00007ffcd165de20 jvm.dll
R11=0x0000000000000006 is an unknown value
R12=0x000001dbe171e5d0 points into unknown readable memory: 0x0000002000000004 | 04 00 00 00 20 00 00 00
R13=0x0 is NULL
R14=0x000001dbe31f72c0 points into unknown readable memory: 0x00000000ffffffff | ff ff ff ff 00 00 00 00
R15=0x000001dbe22dc400 points into unknown readable memory: 0x0000000000000000 | 00 00 00 00 00 00 00 00


Top of Stack: (sp=0x000000c4535ff520)
0x000000c4535ff520:   000001dbdd403a00 0000000000000000
0x000000c4535ff530:   00006274db8e389e 00007ffd0000000e
0x000000c4535ff540:   0000000043640000 0000000000000000
0x000000c4535ff550:   0000000000000000 0000000000000000
0x000000c4535ff560:   0000000000000000 0000000000000000
0x000000c4535ff570:   000000c4535ff6c0 00007ffcd27d8749
0x000000c4535ff580:   000000c4535ff7b8 000001dbf84aa1b0
0x000000c4535ff590:   000001dbe1183700 000000c4535ff5e0
0x000000c4535ff5a0:   4200000043640000 42c8000043640000
0x000000c4535ff5b0:   000000000000000e 0000000000000000
0x000000c4535ff5c0:   0000000000000000 0000000000000000
0x000000c4535ff5d0:   0000000000000000 0000000000000000
0x000000c4535ff5e0:   0000000000000000 0000000000000000
0x000000c4535ff5f0:   0000000000000000 0000000000000000
0x000000c4535ff600:   0000000000000000 0000000000000000
0x000000c4535ff610:   0000000000000000 0000000000000000
0x000000c4535ff620:   0000000000000000 0000000000000000
0x000000c4535ff630:   0000000000000000 0000000000000000
0x000000c4535ff640:   0000000000000000 0000000000000000
0x000000c4535ff650:   0000000000000000 0000000000000000
0x000000c4535ff660:   000001dbe27ac9e0 000001dbe27acde0
0x000000c4535ff670:   000001dbf84aa468 00007ffcd2772213
0x000000c4535ff680:   000000c442c80000 000000c4535ff780
0x000000c4535ff690:   000001dbf84aa468 00007ffcd275a8eb
0x000000c4535ff6a0:   0000000000000000 00000000ffffffff
0x000000c4535ff6b0:   42c8000042c80000 4300000043000000
0x000000c4535ff6c0:   0000000000000000 4200000042000000
0x000000c4535ff6d0:   0000002000000004 0000000100000020
0x000000c4535ff6e0:   000001db00000007 000001dbdd4c3230
0x000000c4535ff6f0:   000001dbf84aa1b0 0000000000000000
0x000000c4535ff700:   000000071528cdd0 0000000715473e10
0x000000c4535ff710:   000001dbdd44bd40 000001db87c39082 

Instructions: (pc=0x00007ffcd280f3a6)
0x00007ffcd280f2a6:   f3 0f 59 c4 f3 0f 58 f3 f3 0f 58 d0 f3 0f 58 f1
0x00007ffcd280f2b6:   f3 0f 10 0d da 2f 11 00 f3 41 0f 59 c8 f3 0f 58
0x00007ffcd280f2c6:   35 c1 2f 11 00 f3 0f 58 f9 f3 0f 10 0d d1 2f 11
0x00007ffcd280f2d6:   00 f3 41 0f 59 c8 44 0f 28 c2 f3 0f 58 3d b4 2f
0x00007ffcd280f2e6:   11 00 f3 44 0f 58 c1 f3 44 0f 58 05 b6 2f 11 00
0x00007ffcd280f2f6:   4c 8b 05 b3 2e 11 00 49 63 48 04 49 8b 40 08 48
0x00007ffcd280f306:   c1 e1 06 8b 0c 01 8d 0c 8d fc ff ff ff 39 0d bf
0x00007ffcd280f316:   2e 11 00 7e 6e 49 63 40 18 49 8b 48 10 48 03 c0
0x00007ffcd280f326:   8b 54 c1 f0 83 fa 01 75 0b 84 54 c1 f4 75 54 8d
0x00007ffcd280f336:   4a 02 eb 43 83 fa 04 75 20 8b 4c c1 f4 b8 56 55
0x00007ffcd280f346:   55 55 f7 e9 8b c2 c1 e8 1f 03 d0 8d 04 52 3b c8
0x00007ffcd280f356:   75 31 b9 04 00 00 00 eb 1e 83 fa 07 75 25 8b 44
0x00007ffcd280f366:   c1 f4 25 03 00 00 80 7d 07 ff c8 83 c8 fc ff c0
0x00007ffcd280f376:   85 c0 75 0f 8d 48 05 e8 7e a4 ff ff 4c 8b 05 27
0x00007ffcd280f386:   2e 11 00 4d 63 48 04 4d 8b 40 08 8b 05 41 2e 11
0x00007ffcd280f396:   00 49 c1 e1 06 8d 0c 40 4b 8b 44 01 08 48 63 d1
0x00007ffcd280f3a6:   f3 0f 11 34 90 48 8b 05 fe 2d 11 00 4c 63 48 04
0x00007ffcd280f3b6:   4c 8b 40 08 8b 05 18 2e 11 00 49 c1 e1 06 8d 0c
0x00007ffcd280f3c6:   40 4b 8b 44 01 08 48 63 d1 f3 0f 11 7c 90 04 48
0x00007ffcd280f3d6:   8b 05 d4 2d 11 00 4c 63 48 04 4c 8b 40 08 8b 05
0x00007ffcd280f3e6:   ee 2d 11 00 49 c1 e1 06 8d 0c 40 4b 8b 44 01 08
0x00007ffcd280f3f6:   48 63 d1 f3 44 0f 11 44 90 08 48 8b 05 a9 2d 11
0x00007ffcd280f406:   00 f3 0f 10 05 cd 2d 11 00 4c 63 40 04 48 8b 50
0x00007ffcd280f416:   08 8b 05 bb 2d 11 00 03 c0 49 c1 e0 06 48 63 c8
0x00007ffcd280f426:   49 8b 44 10 10 f3 0f 11 04 88 48 8b 05 79 2d 11
0x00007ffcd280f436:   00 f3 0f 10 05 a1 2d 11 00 4c 63 40 04 48 8b 50
0x00007ffcd280f446:   08 8b 05 8b 2d 11 00 03 c0 49 c1 e0 06 48 63 c8
0x00007ffcd280f456:   49 8b 44 10 10 f3 0f 11 44 88 04 48 8b 05 48 2d
0x00007ffcd280f466:   11 00 4c 63 40 04 48 8b 48 08 8b 05 62 2d 11 00
0x00007ffcd280f476:   49 c1 e0 06 8d 04 85 00 00 00 00 49 8b 4c 08 18
0x00007ffcd280f486:   48 63 d0 0f b6 05 60 2d 11 00 88 04 0a 48 8b 05
0x00007ffcd280f496:   16 2d 11 00 4c 63 40 04 48 8b 48 08 8b 05 30 2d 


Stack slot to memory mapping:
stack at sp + 0 slots: 0x000001dbdd403a00 is pointing into metadata
stack at sp + 1 slots: 0x0 is NULL
stack at sp + 2 slots: 0x00006274db8e389e is an unknown value
stack at sp + 3 slots: 0x00007ffd0000000e is an unknown value
stack at sp + 4 slots: 0x0000000043640000 is an unknown value
stack at sp + 5 slots: 0x0 is NULL
stack at sp + 6 slots: 0x0 is NULL
stack at sp + 7 slots: 0x0 is NULL


Compiled method (n/a)    6734  811     n 0       com.raylib.Raylib::DrawTexturePro (native)
 total in heap  [0x000001db87c38d90,0x000001db87c391c0] = 1072
 relocation     [0x000001db87c38ee8,0x000001db87c38f18] = 48
 main code      [0x000001db87c38f20,0x000001db87c391b8] = 664
 oops           [0x000001db87c391b8,0x000001db87c391c0] = 8

[Constant Pool (empty)]

[MachCode]
[Entry Point]
  # {method} {0x000001dbdd44bd48} 'DrawTexturePro' '(Lcom/raylib/Raylib$Texture;Lcom/raylib/Raylib$Rectangle;Lcom/raylib/Raylib$Rectangle;Lcom/raylib/Raylib$Vector2;FLcom/raylib/Raylib$Color;)V' in 'com/raylib/Raylib'
  # parm0:    rdx:rdx   = 'com/raylib/Raylib$Texture'
  # parm1:    r8:r8     = 'com/raylib/Raylib$Rectangle'
  # parm2:    r9:r9     = 'com/raylib/Raylib$Rectangle'
  # parm3:    rdi:rdi   = 'com/raylib/Raylib$Vector2'
  # parm4:    xmm0      = float
  # parm5:    rsi:rsi   = 'com/raylib/Raylib$Color'
  #           [sp+0x90]  (sp of caller)
  0x000001db87c38f20: 448b 5208 | 49bb 0000 | 009c db01 | 0000 4d03 | d349 3bc2 | 0f84 0600 

  0x000001db87c38f38: ;   {runtime_call ic_miss_stub}
  0x000001db87c38f38: 0000 e941 | 8686 ff90 
[Verified Entry Point]
  0x000001db87c38f40: 8984 2400 | 90ff ff55 | 488b ec48 | 81ec 8000 | 0000 4889 | 7424 6048 | 83fe 0048 | 8d44 2460 
  0x000001db87c38f60: 480f 4444 | 2460 4889 | 4424 38c5 | fa11 4424 | 3048 897c | 2458 4883 | ff00 488d | 4424 5848 
  0x000001db87c38f80: 0f44 4424 | 5848 8944 | 2428 4c89 | 4c24 5049 | 83f9 0048 | 8d44 2450 | 480f 4444 | 2450 4889 
  0x000001db87c38fa0: 4424 204c | 8944 2448 | 4983 f800 | 4c8d 4c24 | 484c 0f44 | 4c24 4848 | 8954 2440 | 4883 fa00 
  0x000001db87c38fc0: 4c8d 4424 | 404c 0f44 

  0x000001db87c38fc8: ;   {oop(a 'java/lang/Class'{0x0000000713e1cbe8} = 'com/raylib/Raylib')}
  0x000001db87c38fc8: 4424 4049 | bee8 cbe1 | 1307 0000 | 004c 8974 | 2470 4c8d | 7424 7049 | 8bd6 c5f8 

  0x000001db87c38fe4: ;   {internal_word}
  0x000001db87c38fe4: 7749 bae2 | 8fc3 87db | 0100 004d | 8997 a002 | 0000 4989 | a798 0200 

  0x000001db87c38ffc: ;   {external_word}
  0x000001db87c38ffc: 0049 ba79 | 3564 d1fc | 7f00 0041 | 803a 000f | 8452 0000 | 0052 4150 

  0x000001db87c39014: ;   {metadata({method} {0x000001dbdd44bd48} 'DrawTexturePro' '(Lcom/raylib/Raylib$Texture;Lcom/raylib/Raylib$Rectangle;Lcom/raylib/Raylib$Rectangle;Lcom/raylib/Raylib$Vector2;FLcom/raylib/Raylib$Color;)V' in 'com/raylib/Raylib')}
  0x000001db87c39014: 4151 48ba | 40bd 44dd | db01 0000 | 498b cf48 | 83ec 20f7 | c40f 0000 | 000f 841a | 0000 0048 
  0x000001db87c39034: ;   {runtime_call}
  0x000001db87c39034: 83ec 0849 | ba00 301a | d1fc 7f00 | 0041 ffd2 | 4883 c408 | e90d 0000 

  0x000001db87c3904c: ;   {runtime_call}
  0x000001db87c3904c: 0049 ba00 | 301a d1fc | 7f00 0041 | ffd2 4883 | c420 4159 | 4158 5a49 | 8d8f b802 | 0000 41c7 
  0x000001db87c3906c: 8748 0300 | 0004 0000 

  0x000001db87c39074: ;   {runtime_call}
  0x000001db87c39074: 0049 ba10 | 2077 d2fc | 7f00 0041 | ffd2 c5f8 | 7741 c787 | 4803 0000 | 0500 0000 | f083 4424 
  0x000001db87c39094: c000 493b | af50 0300 | 000f 8711 | 0000 0041 | 81bf 3803 | 0000 0000 | 0000 0f84 | 2400 0000 
  0x000001db87c390b4: c5f8 7749 | 8bcf 4c8b | e448 83ec | 2048 83e4 

  0x000001db87c390c4: ;   {runtime_call}
  0x000001db87c390c4: f049 ba90 | 442a d1fc | 7f00 0041 | ffd2 498b | e44d 33e4 | 41c7 8748 | 0300 0008 | 0000 0041 
  0x000001db87c390e4: 81bf b803 | 0000 0200 | 0000 0f84 | 9b00 0000 

  0x000001db87c390f4: ;   {external_word}
  0x000001db87c390f4: 49ba 7935 | 64d1 fc7f | 0000 4180 | 3a00 0f84 | 4800 0000 

  0x000001db87c39108: ;   {metadata({method} {0x000001dbdd44bd48} 'DrawTexturePro' '(Lcom/raylib/Raylib$Texture;Lcom/raylib/Raylib$Rectangle;Lcom/raylib/Raylib$Rectangle;Lcom/raylib/Raylib$Vector2;FLcom/raylib/Raylib$Color;)V' in 'com/raylib/Raylib')}
  0x000001db87c39108: 48ba 40bd | 44dd db01 | 0000 498b | cf48 83ec | 20f7 c40f | 0000 000f | 841a 0000 | 0048 83ec 
  0x000001db87c39128: ;   {runtime_call}
  0x000001db87c39128: 0849 ba00 | 301a d1fc | 7f00 0041 | ffd2 4883 | c408 e90d 

  0x000001db87c3913c: ;   {runtime_call}
  0x000001db87c3913c: 0000 0049 | ba00 301a | d1fc 7f00 | 0041 ffd2 | 4883 c420 | 49c7 8798 | 0200 0000 | 0000 0049 
  0x000001db87c3915c: c787 a002 | 0000 0000 | 0000 c5f8 | 7749 8b8f | d800 0000 | c781 0001 | 0000 0000 | 0000 c949 
  0x000001db87c3917c: 817f 0800 | 0000 000f | 8501 0000 

  0x000001db87c39188: ;   {runtime_call StubRoutines (1)}
  0x000001db87c39188: 00c3 e971 | 7d81 ffc5 | f877 4c8b | e448 83ec | 2048 83e4 

  0x000001db87c3919c: ;   {runtime_call}
  0x000001db87c3919c: f049 ba80 | 601a d1fc | 7f00 0041 | ffd2 498b | e44d 33e4 | e93f ffff | fff4 f4f4 
[/MachCode]


---------------  P R O C E S S  ---------------

Threads class SMR info:
_java_thread_list=0x000001dbe6bbe850, length=13, elements={
0x000001dbf84aa1b0, 0x000001dbe1004970, 0x000001dbe1005330, 0x000001dbe101e840,
0x000001dbe101f200, 0x000001dbe1021bd0, 0x000001dbe1022590, 0x000001dbe1023330,
0x000001dbe1023cf0, 0x000001dbe102a180, 0x000001dbe11b18b0, 0x000001dbe1248740,
0x000001dbe1262520
}

Java Threads: ( => current thread )
=>0x000001dbf84aa1b0 JavaThread "main" [_thread_in_native, id=16440, stack(0x000000c453500000,0x000000c453600000)]
  0x000001dbe1004970 JavaThread "Reference Handler" daemon [_thread_blocked, id=23116, stack(0x000000c453c00000,0x000000c453d00000)]
  0x000001dbe1005330 JavaThread "Finalizer" daemon [_thread_blocked, id=6276, stack(0x000000c453d00000,0x000000c453e00000)]
  0x000001dbe101e840 JavaThread "Signal Dispatcher" daemon [_thread_blocked, id=30352, stack(0x000000c453e00000,0x000000c453f00000)]
  0x000001dbe101f200 JavaThread "Attach Listener" daemon [_thread_blocked, id=31108, stack(0x000000c453f00000,0x000000c454000000)]
  0x000001dbe1021bd0 JavaThread "Service Thread" daemon [_thread_blocked, id=25732, stack(0x000000c454000000,0x000000c454100000)]
  0x000001dbe1022590 JavaThread "Monitor Deflation Thread" daemon [_thread_blocked, id=1376, stack(0x000000c454100000,0x000000c454200000)]
  0x000001dbe1023330 JavaThread "C2 CompilerThread0" daemon [_thread_blocked, id=30756, stack(0x000000c454200000,0x000000c454300000)]
  0x000001dbe1023cf0 JavaThread "C1 CompilerThread0" daemon [_thread_blocked, id=25424, stack(0x000000c454300000,0x000000c454400000)]
  0x000001dbe102a180 JavaThread "Sweeper thread" daemon [_thread_blocked, id=23808, stack(0x000000c454400000,0x000000c454500000)]
  0x000001dbe11b18b0 JavaThread "Notification Thread" daemon [_thread_blocked, id=12080, stack(0x000000c454800000,0x000000c454900000)]
  0x000001dbe1248740 JavaThread "Common-Cleaner" daemon [_thread_blocked, id=14612, stack(0x000000c454a00000,0x000000c454b00000)]
  0x000001dbe1262520 JavaThread "JavaCPP Deallocator" daemon [_thread_blocked, id=26484, stack(0x000000c454b00000,0x000000c454c00000)]

Other Threads:
  0x000001db9bc2e760 VMThread "VM Thread" [stack: 0x000000c453b00000,0x000000c453c00000] [id=14620]
  0x000001dbe11d1d50 WatcherThread [stack: 0x000000c454900000,0x000000c454a00000] [id=17924]
  0x000001dbf8518920 GCTaskThread "GC Thread#0" [stack: 0x000000c453600000,0x000000c453700000] [id=11748]
  0x000001dbe3400f80 GCTaskThread "GC Thread#1" [stack: 0x000000c455300000,0x000000c455400000] [id=26016]
  0x000001dbe34022c0 GCTaskThread "GC Thread#2" [stack: 0x000000c455400000,0x000000c455500000] [id=25552]
  0x000001dbe3400a00 GCTaskThread "GC Thread#3" [stack: 0x000000c455500000,0x000000c455600000] [id=26140]
  0x000001dbe3402580 GCTaskThread "GC Thread#4" [stack: 0x000000c455600000,0x000000c455700000] [id=23188]
  0x000001dbe3401d40 GCTaskThread "GC Thread#5" [stack: 0x000000c455700000,0x000000c455800000] [id=6056]
  0x000001dbf85291c0 ConcurrentGCThread "G1 Main Marker" [stack: 0x000000c453700000,0x000000c453800000] [id=27592]
  0x000001dbf8529ae0 ConcurrentGCThread "G1 Conc#0" [stack: 0x000000c453800000,0x000000c453900000] [id=30368]
  0x000001db9bae60f0 ConcurrentGCThread "G1 Refine#0" [stack: 0x000000c453900000,0x000000c453a00000] [id=15468]
  0x000001db9bae7a30 ConcurrentGCThread "G1 Service" [stack: 0x000000c453a00000,0x000000c453b00000] [id=25240]

Threads with active compile tasks:

VM state: not at safepoint (normal execution)

VM Mutex/Monitor currently owned by a thread: None

Heap address: 0x0000000705a00000, size: 4006 MB, Compressed Oops mode: Zero based, Oop shift amount: 3

CDS archive(s) mapped at: [0x000001db9c000000-0x000001db9cbb0000-0x000001db9cbb0000), size 12255232, SharedBaseAddress: 0x000001db9c000000, ArchiveRelocationMode: 1.
Compressed class space mapped at: 0x000001db9d000000-0x000001dbdd000000, reserved size: 1073741824
Narrow klass base: 0x000001db9c000000, Narrow klass shift: 0, Narrow klass range: 0x100000000

GC Precious Log:
 CPUs: 16 total, 16 available
 Memory: 16021M
 Large Page Support: Disabled
 NUMA Support: Disabled
 Compressed Oops: Enabled (Zero based)
 Heap Region Size: 2M
 Heap Min Capacity: 8M
 Heap Initial Capacity: 252M
 Heap Max Capacity: 4006M
 Pre-touch: Disabled
 Parallel Workers: 13
 Concurrent Workers: 3
 Concurrent Refinement Workers: 13
 Periodic GC: Disabled

Heap:
 garbage-first heap   total 258048K, used 3735K [0x0000000705a00000, 0x0000000800000000)
  region size 2048K, 3 young (6144K), 1 survivors (2048K)
 Metaspace       used 2119K, committed 2304K, reserved 1114112K
  class space    used 180K, committed 256K, reserved 1048576K

Heap Regions: E=young(eden), S=young(survivor), O=old, HS=humongous(starts), HC=humongous(continues), CS=collection set, F=free, OA=open archive, CA=closed archive, TAMS=top-at-mark-start (previous, next)
|   0|0x0000000705a00000, 0x0000000705a00000, 0x0000000705c00000|  0%| F|  |TAMS 0x0000000705a00000, 0x0000000705a00000| Untracked 
|   1|0x0000000705c00000, 0x0000000705c00000, 0x0000000705e00000|  0%| F|  |TAMS 0x0000000705c00000, 0x0000000705c00000| Untracked 
|   2|0x0000000705e00000, 0x0000000705e00000, 0x0000000706000000|  0%| F|  |TAMS 0x0000000705e00000, 0x0000000705e00000| Untracked 
|   3|0x0000000706000000, 0x0000000706000000, 0x0000000706200000|  0%| F|  |TAMS 0x0000000706000000, 0x0000000706000000| Untracked 
|   4|0x0000000706200000, 0x0000000706200000, 0x0000000706400000|  0%| F|  |TAMS 0x0000000706200000, 0x0000000706200000| Untracked 
|   5|0x0000000706400000, 0x0000000706400000, 0x0000000706600000|  0%| F|  |TAMS 0x0000000706400000, 0x0000000706400000| Untracked 
|   6|0x0000000706600000, 0x0000000706600000, 0x0000000706800000|  0%| F|  |TAMS 0x0000000706600000, 0x0000000706600000| Untracked 
|   7|0x0000000706800000, 0x0000000706800000, 0x0000000706a00000|  0%| F|  |TAMS 0x0000000706800000, 0x0000000706800000| Untracked 
|   8|0x0000000706a00000, 0x0000000706a00000, 0x0000000706c00000|  0%| F|  |TAMS 0x0000000706a00000, 0x0000000706a00000| Untracked 
|   9|0x0000000706c00000, 0x0000000706c00000, 0x0000000706e00000|  0%| F|  |TAMS 0x0000000706c00000, 0x0000000706c00000| Untracked 
|  10|0x0000000706e00000, 0x0000000706e00000, 0x0000000707000000|  0%| F|  |TAMS 0x0000000706e00000, 0x0000000706e00000| Untracked 
|  11|0x0000000707000000, 0x0000000707000000, 0x0000000707200000|  0%| F|  |TAMS 0x0000000707000000, 0x0000000707000000| Untracked 
|  12|0x0000000707200000, 0x0000000707200000, 0x0000000707400000|  0%| F|  |TAMS 0x0000000707200000, 0x0000000707200000| Untracked 
|  13|0x0000000707400000, 0x0000000707400000, 0x0000000707600000|  0%| F|  |TAMS 0x0000000707400000, 0x0000000707400000| Untracked 
|  14|0x0000000707600000, 0x0000000707600000, 0x0000000707800000|  0%| F|  |TAMS 0x0000000707600000, 0x0000000707600000| Untracked 
|  15|0x0000000707800000, 0x0000000707800000, 0x0000000707a00000|  0%| F|  |TAMS 0x0000000707800000, 0x0000000707800000| Untracked 
|  16|0x0000000707a00000, 0x0000000707a00000, 0x0000000707c00000|  0%| F|  |TAMS 0x0000000707a00000, 0x0000000707a00000| Untracked 
|  17|0x0000000707c00000, 0x0000000707c00000, 0x0000000707e00000|  0%| F|  |TAMS 0x0000000707c00000, 0x0000000707c00000| Untracked 
|  18|0x0000000707e00000, 0x0000000707e00000, 0x0000000708000000|  0%| F|  |TAMS 0x0000000707e00000, 0x0000000707e00000| Untracked 
|  19|0x0000000708000000, 0x0000000708000000, 0x0000000708200000|  0%| F|  |TAMS 0x0000000708000000, 0x0000000708000000| Untracked 
|  20|0x0000000708200000, 0x0000000708200000, 0x0000000708400000|  0%| F|  |TAMS 0x0000000708200000, 0x0000000708200000| Untracked 
|  21|0x0000000708400000, 0x0000000708400000, 0x0000000708600000|  0%| F|  |TAMS 0x0000000708400000, 0x0000000708400000| Untracked 
|  22|0x0000000708600000, 0x0000000708600000, 0x0000000708800000|  0%| F|  |TAMS 0x0000000708600000, 0x0000000708600000| Untracked 
|  23|0x0000000708800000, 0x0000000708800000, 0x0000000708a00000|  0%| F|  |TAMS 0x0000000708800000, 0x0000000708800000| Untracked 
|  24|0x0000000708a00000, 0x0000000708a00000, 0x0000000708c00000|  0%| F|  |TAMS 0x0000000708a00000, 0x0000000708a00000| Untracked 
|  25|0x0000000708c00000, 0x0000000708c00000, 0x0000000708e00000|  0%| F|  |TAMS 0x0000000708c00000, 0x0000000708c00000| Untracked 
|  26|0x0000000708e00000, 0x0000000708e00000, 0x0000000709000000|  0%| F|  |TAMS 0x0000000708e00000, 0x0000000708e00000| Untracked 
|  27|0x0000000709000000, 0x0000000709000000, 0x0000000709200000|  0%| F|  |TAMS 0x0000000709000000, 0x0000000709000000| Untracked 
|  28|0x0000000709200000, 0x0000000709200000, 0x0000000709400000|  0%| F|  |TAMS 0x0000000709200000, 0x0000000709200000| Untracked 
|  29|0x0000000709400000, 0x0000000709400000, 0x0000000709600000|  0%| F|  |TAMS 0x0000000709400000, 0x0000000709400000| Untracked 
|  30|0x0000000709600000, 0x0000000709600000, 0x0000000709800000|  0%| F|  |TAMS 0x0000000709600000, 0x0000000709600000| Untracked 
|  31|0x0000000709800000, 0x0000000709800000, 0x0000000709a00000|  0%| F|  |TAMS 0x0000000709800000, 0x0000000709800000| Untracked 
|  32|0x0000000709a00000, 0x0000000709a00000, 0x0000000709c00000|  0%| F|  |TAMS 0x0000000709a00000, 0x0000000709a00000| Untracked 
|  33|0x0000000709c00000, 0x0000000709c00000, 0x0000000709e00000|  0%| F|  |TAMS 0x0000000709c00000, 0x0000000709c00000| Untracked 
|  34|0x0000000709e00000, 0x0000000709e00000, 0x000000070a000000|  0%| F|  |TAMS 0x0000000709e00000, 0x0000000709e00000| Untracked 
|  35|0x000000070a000000, 0x000000070a000000, 0x000000070a200000|  0%| F|  |TAMS 0x000000070a000000, 0x000000070a000000| Untracked 
|  36|0x000000070a200000, 0x000000070a200000, 0x000000070a400000|  0%| F|  |TAMS 0x000000070a200000, 0x000000070a200000| Untracked 
|  37|0x000000070a400000, 0x000000070a400000, 0x000000070a600000|  0%| F|  |TAMS 0x000000070a400000, 0x000000070a400000| Untracked 
|  38|0x000000070a600000, 0x000000070a600000, 0x000000070a800000|  0%| F|  |TAMS 0x000000070a600000, 0x000000070a600000| Untracked 
|  39|0x000000070a800000, 0x000000070a800000, 0x000000070aa00000|  0%| F|  |TAMS 0x000000070a800000, 0x000000070a800000| Untracked 
|  40|0x000000070aa00000, 0x000000070aa00000, 0x000000070ac00000|  0%| F|  |TAMS 0x000000070aa00000, 0x000000070aa00000| Untracked 
|  41|0x000000070ac00000, 0x000000070ac00000, 0x000000070ae00000|  0%| F|  |TAMS 0x000000070ac00000, 0x000000070ac00000| Untracked 
|  42|0x000000070ae00000, 0x000000070ae00000, 0x000000070b000000|  0%| F|  |TAMS 0x000000070ae00000, 0x000000070ae00000| Untracked 
|  43|0x000000070b000000, 0x000000070b000000, 0x000000070b200000|  0%| F|  |TAMS 0x000000070b000000, 0x000000070b000000| Untracked 
|  44|0x000000070b200000, 0x000000070b200000, 0x000000070b400000|  0%| F|  |TAMS 0x000000070b200000, 0x000000070b200000| Untracked 
|  45|0x000000070b400000, 0x000000070b400000, 0x000000070b600000|  0%| F|  |TAMS 0x000000070b400000, 0x000000070b400000| Untracked 
|  46|0x000000070b600000, 0x000000070b600000, 0x000000070b800000|  0%| F|  |TAMS 0x000000070b600000, 0x000000070b600000| Untracked 
|  47|0x000000070b800000, 0x000000070b800000, 0x000000070ba00000|  0%| F|  |TAMS 0x000000070b800000, 0x000000070b800000| Untracked 
|  48|0x000000070ba00000, 0x000000070ba00000, 0x000000070bc00000|  0%| F|  |TAMS 0x000000070ba00000, 0x000000070ba00000| Untracked 
|  49|0x000000070bc00000, 0x000000070bc00000, 0x000000070be00000|  0%| F|  |TAMS 0x000000070bc00000, 0x000000070bc00000| Untracked 
|  50|0x000000070be00000, 0x000000070be00000, 0x000000070c000000|  0%| F|  |TAMS 0x000000070be00000, 0x000000070be00000| Untracked 
|  51|0x000000070c000000, 0x000000070c000000, 0x000000070c200000|  0%| F|  |TAMS 0x000000070c000000, 0x000000070c000000| Untracked 
|  52|0x000000070c200000, 0x000000070c200000, 0x000000070c400000|  0%| F|  |TAMS 0x000000070c200000, 0x000000070c200000| Untracked 
|  53|0x000000070c400000, 0x000000070c400000, 0x000000070c600000|  0%| F|  |TAMS 0x000000070c400000, 0x000000070c400000| Untracked 
|  54|0x000000070c600000, 0x000000070c600000, 0x000000070c800000|  0%| F|  |TAMS 0x000000070c600000, 0x000000070c600000| Untracked 
|  55|0x000000070c800000, 0x000000070c800000, 0x000000070ca00000|  0%| F|  |TAMS 0x000000070c800000, 0x000000070c800000| Untracked 
|  56|0x000000070ca00000, 0x000000070ca00000, 0x000000070cc00000|  0%| F|  |TAMS 0x000000070ca00000, 0x000000070ca00000| Untracked 
|  57|0x000000070cc00000, 0x000000070cc00000, 0x000000070ce00000|  0%| F|  |TAMS 0x000000070cc00000, 0x000000070cc00000| Untracked 
|  58|0x000000070ce00000, 0x000000070ce00000, 0x000000070d000000|  0%| F|  |TAMS 0x000000070ce00000, 0x000000070ce00000| Untracked 
|  59|0x000000070d000000, 0x000000070d000000, 0x000000070d200000|  0%| F|  |TAMS 0x000000070d000000, 0x000000070d000000| Untracked 
|  60|0x000000070d200000, 0x000000070d200000, 0x000000070d400000|  0%| F|  |TAMS 0x000000070d200000, 0x000000070d200000| Untracked 
|  61|0x000000070d400000, 0x000000070d400000, 0x000000070d600000|  0%| F|  |TAMS 0x000000070d400000, 0x000000070d400000| Untracked 
|  62|0x000000070d600000, 0x000000070d600000, 0x000000070d800000|  0%| F|  |TAMS 0x000000070d600000, 0x000000070d600000| Untracked 
|  63|0x000000070d800000, 0x000000070d800000, 0x000000070da00000|  0%| F|  |TAMS 0x000000070d800000, 0x000000070d800000| Untracked 
|  64|0x000000070da00000, 0x000000070da00000, 0x000000070dc00000|  0%| F|  |TAMS 0x000000070da00000, 0x000000070da00000| Untracked 
|  65|0x000000070dc00000, 0x000000070dc00000, 0x000000070de00000|  0%| F|  |TAMS 0x000000070dc00000, 0x000000070dc00000| Untracked 
|  66|0x000000070de00000, 0x000000070de00000, 0x000000070e000000|  0%| F|  |TAMS 0x000000070de00000, 0x000000070de00000| Untracked 
|  67|0x000000070e000000, 0x000000070e000000, 0x000000070e200000|  0%| F|  |TAMS 0x000000070e000000, 0x000000070e000000| Untracked 
|  68|0x000000070e200000, 0x000000070e200000, 0x000000070e400000|  0%| F|  |TAMS 0x000000070e200000, 0x000000070e200000| Untracked 
|  69|0x000000070e400000, 0x000000070e400000, 0x000000070e600000|  0%| F|  |TAMS 0x000000070e400000, 0x000000070e400000| Untracked 
|  70|0x000000070e600000, 0x000000070e600000, 0x000000070e800000|  0%| F|  |TAMS 0x000000070e600000, 0x000000070e600000| Untracked 
|  71|0x000000070e800000, 0x000000070e800000, 0x000000070ea00000|  0%| F|  |TAMS 0x000000070e800000, 0x000000070e800000| Untracked 
|  72|0x000000070ea00000, 0x000000070ea00000, 0x000000070ec00000|  0%| F|  |TAMS 0x000000070ea00000, 0x000000070ea00000| Untracked 
|  73|0x000000070ec00000, 0x000000070ec00000, 0x000000070ee00000|  0%| F|  |TAMS 0x000000070ec00000, 0x000000070ec00000| Untracked 
|  74|0x000000070ee00000, 0x000000070ee00000, 0x000000070f000000|  0%| F|  |TAMS 0x000000070ee00000, 0x000000070ee00000| Untracked 
|  75|0x000000070f000000, 0x000000070f000000, 0x000000070f200000|  0%| F|  |TAMS 0x000000070f000000, 0x000000070f000000| Untracked 
|  76|0x000000070f200000, 0x000000070f200000, 0x000000070f400000|  0%| F|  |TAMS 0x000000070f200000, 0x000000070f200000| Untracked 
|  77|0x000000070f400000, 0x000000070f400000, 0x000000070f600000|  0%| F|  |TAMS 0x000000070f400000, 0x000000070f400000| Untracked 
|  78|0x000000070f600000, 0x000000070f600000, 0x000000070f800000|  0%| F|  |TAMS 0x000000070f600000, 0x000000070f600000| Untracked 
|  79|0x000000070f800000, 0x000000070f800000, 0x000000070fa00000|  0%| F|  |TAMS 0x000000070f800000, 0x000000070f800000| Untracked 
|  80|0x000000070fa00000, 0x000000070fa00000, 0x000000070fc00000|  0%| F|  |TAMS 0x000000070fa00000, 0x000000070fa00000| Untracked 
|  81|0x000000070fc00000, 0x000000070fc00000, 0x000000070fe00000|  0%| F|  |TAMS 0x000000070fc00000, 0x000000070fc00000| Untracked 
|  82|0x000000070fe00000, 0x000000070fe00000, 0x0000000710000000|  0%| F|  |TAMS 0x000000070fe00000, 0x000000070fe00000| Untracked 
|  83|0x0000000710000000, 0x0000000710000000, 0x0000000710200000|  0%| F|  |TAMS 0x0000000710000000, 0x0000000710000000| Untracked 
|  84|0x0000000710200000, 0x0000000710200000, 0x0000000710400000|  0%| F|  |TAMS 0x0000000710200000, 0x0000000710200000| Untracked 
|  85|0x0000000710400000, 0x0000000710400000, 0x0000000710600000|  0%| F|  |TAMS 0x0000000710400000, 0x0000000710400000| Untracked 
|  86|0x0000000710600000, 0x0000000710600000, 0x0000000710800000|  0%| F|  |TAMS 0x0000000710600000, 0x0000000710600000| Untracked 
|  87|0x0000000710800000, 0x0000000710800000, 0x0000000710a00000|  0%| F|  |TAMS 0x0000000710800000, 0x0000000710800000| Untracked 
|  88|0x0000000710a00000, 0x0000000710a00000, 0x0000000710c00000|  0%| F|  |TAMS 0x0000000710a00000, 0x0000000710a00000| Untracked 
|  89|0x0000000710c00000, 0x0000000710c00000, 0x0000000710e00000|  0%| F|  |TAMS 0x0000000710c00000, 0x0000000710c00000| Untracked 
|  90|0x0000000710e00000, 0x0000000710e00000, 0x0000000711000000|  0%| F|  |TAMS 0x0000000710e00000, 0x0000000710e00000| Untracked 
|  91|0x0000000711000000, 0x0000000711000000, 0x0000000711200000|  0%| F|  |TAMS 0x0000000711000000, 0x0000000711000000| Untracked 
|  92|0x0000000711200000, 0x0000000711200000, 0x0000000711400000|  0%| F|  |TAMS 0x0000000711200000, 0x0000000711200000| Untracked 
|  93|0x0000000711400000, 0x0000000711400000, 0x0000000711600000|  0%| F|  |TAMS 0x0000000711400000, 0x0000000711400000| Untracked 
|  94|0x0000000711600000, 0x0000000711600000, 0x0000000711800000|  0%| F|  |TAMS 0x0000000711600000, 0x0000000711600000| Untracked 
|  95|0x0000000711800000, 0x0000000711800000, 0x0000000711a00000|  0%| F|  |TAMS 0x0000000711800000, 0x0000000711800000| Untracked 
|  96|0x0000000711a00000, 0x0000000711a00000, 0x0000000711c00000|  0%| F|  |TAMS 0x0000000711a00000, 0x0000000711a00000| Untracked 
|  97|0x0000000711c00000, 0x0000000711c00000, 0x0000000711e00000|  0%| F|  |TAMS 0x0000000711c00000, 0x0000000711c00000| Untracked 
|  98|0x0000000711e00000, 0x0000000711e00000, 0x0000000712000000|  0%| F|  |TAMS 0x0000000711e00000, 0x0000000711e00000| Untracked 
|  99|0x0000000712000000, 0x0000000712000000, 0x0000000712200000|  0%| F|  |TAMS 0x0000000712000000, 0x0000000712000000| Untracked 
| 100|0x0000000712200000, 0x0000000712200000, 0x0000000712400000|  0%| F|  |TAMS 0x0000000712200000, 0x0000000712200000| Untracked 
| 101|0x0000000712400000, 0x0000000712400000, 0x0000000712600000|  0%| F|  |TAMS 0x0000000712400000, 0x0000000712400000| Untracked 
| 102|0x0000000712600000, 0x0000000712600000, 0x0000000712800000|  0%| F|  |TAMS 0x0000000712600000, 0x0000000712600000| Untracked 
| 103|0x0000000712800000, 0x0000000712800000, 0x0000000712a00000|  0%| F|  |TAMS 0x0000000712800000, 0x0000000712800000| Untracked 
| 104|0x0000000712a00000, 0x0000000712a00000, 0x0000000712c00000|  0%| F|  |TAMS 0x0000000712a00000, 0x0000000712a00000| Untracked 
| 105|0x0000000712c00000, 0x0000000712c00000, 0x0000000712e00000|  0%| F|  |TAMS 0x0000000712c00000, 0x0000000712c00000| Untracked 
| 106|0x0000000712e00000, 0x0000000712e00000, 0x0000000713000000|  0%| F|  |TAMS 0x0000000712e00000, 0x0000000712e00000| Untracked 
| 107|0x0000000713000000, 0x0000000713000000, 0x0000000713200000|  0%| F|  |TAMS 0x0000000713000000, 0x0000000713000000| Untracked 
| 108|0x0000000713200000, 0x0000000713200000, 0x0000000713400000|  0%| F|  |TAMS 0x0000000713200000, 0x0000000713200000| Untracked 
| 109|0x0000000713400000, 0x0000000713400000, 0x0000000713600000|  0%| F|  |TAMS 0x0000000713400000, 0x0000000713400000| Untracked 
| 110|0x0000000713600000, 0x0000000713600000, 0x0000000713800000|  0%| F|  |TAMS 0x0000000713600000, 0x0000000713600000| Untracked 
| 111|0x0000000713800000, 0x0000000713800000, 0x0000000713a00000|  0%| F|  |TAMS 0x0000000713800000, 0x0000000713800000| Untracked 
| 112|0x0000000713a00000, 0x0000000713a00000, 0x0000000713c00000|  0%| F|  |TAMS 0x0000000713a00000, 0x0000000713a00000| Untracked 
| 113|0x0000000713c00000, 0x0000000713c00000, 0x0000000713e00000|  0%| F|  |TAMS 0x0000000713c00000, 0x0000000713c00000| Untracked 
| 114|0x0000000713e00000, 0x0000000713fa5fa0, 0x0000000714000000| 82%| S|CS|TAMS 0x0000000713e00000, 0x0000000713e00000| Complete 
| 115|0x0000000714000000, 0x0000000714000000, 0x0000000714200000|  0%| F|  |TAMS 0x0000000714000000, 0x0000000714000000| Untracked 
| 116|0x0000000714200000, 0x0000000714200000, 0x0000000714400000|  0%| F|  |TAMS 0x0000000714200000, 0x0000000714200000| Untracked 
| 117|0x0000000714400000, 0x0000000714400000, 0x0000000714600000|  0%| F|  |TAMS 0x0000000714400000, 0x0000000714400000| Untracked 
| 118|0x0000000714600000, 0x0000000714600000, 0x0000000714800000|  0%| F|  |TAMS 0x0000000714600000, 0x0000000714600000| Untracked 
| 119|0x0000000714800000, 0x0000000714800000, 0x0000000714a00000|  0%| F|  |TAMS 0x0000000714800000, 0x0000000714800000| Untracked 
| 120|0x0000000714a00000, 0x0000000714a00000, 0x0000000714c00000|  0%| F|  |TAMS 0x0000000714a00000, 0x0000000714a00000| Untracked 
| 121|0x0000000714c00000, 0x0000000714c00000, 0x0000000714e00000|  0%| F|  |TAMS 0x0000000714c00000, 0x0000000714c00000| Untracked 
| 122|0x0000000714e00000, 0x0000000714e00000, 0x0000000715000000|  0%| F|  |TAMS 0x0000000714e00000, 0x0000000714e00000| Untracked 
| 123|0x0000000715000000, 0x0000000715000000, 0x0000000715200000|  0%| F|  |TAMS 0x0000000715000000, 0x0000000715000000| Untracked 
| 124|0x0000000715200000, 0x00000007152c5d90, 0x0000000715400000| 38%| E|  |TAMS 0x0000000715200000, 0x0000000715200000| Complete 
| 125|0x0000000715400000, 0x0000000715600000, 0x0000000715600000|100%| E|CS|TAMS 0x0000000715400000, 0x0000000715400000| Complete 

Card table byte_map: [0x000001db90060000,0x000001db90840000] _byte_map_base: 0x000001db8c833000

Marking Bits (Prev, Next): (CMBitMap*) 0x000001dbf8518e40, (CMBitMap*) 0x000001dbf8518e80
 Prev Bits: [0x000001db91020000, 0x000001db94eb8000)
 Next Bits: [0x000001db94ec0000, 0x000001db98d58000)

Polling page: 0x000001dbf61b0000

Metaspace:

Usage:
  Non-class:      1.89 MB used.
      Class:    180.82 KB used.
       Both:      2.07 MB used.

Virtual space:
  Non-class space:       64.00 MB reserved,       2.00 MB (  3%) committed,  1 nodes.
      Class space:        1.00 GB reserved,     256.00 KB ( <1%) committed,  1 nodes.
             Both:        1.06 GB reserved,       2.25 MB ( <1%) committed. 

Chunk freelists:
   Non-Class:  11.23 MB
       Class:  15.65 MB
        Both:  26.88 MB

MaxMetaspaceSize: unlimited
CompressedClassSpaceSize: 1.00 GB
Initial GC threshold: 21.00 MB
Current GC threshold: 21.00 MB
CDS: on
MetaspaceReclaimPolicy: balanced
 - commit_granule_bytes: 65536.
 - commit_granule_words: 8192.
 - virtual_space_node_default_size: 8388608.
 - enlarge_chunks_in_place: 1.
 - new_chunks_are_fully_committed: 0.
 - uncommit_free_chunks: 1.
 - use_allocation_guard: 0.
 - handle_deallocations: 1.


Internal statistics:

num_allocs_failed_limit: 0.
num_arena_births: 32.
num_arena_deaths: 0.
num_vsnodes_births: 2.
num_vsnodes_deaths: 0.
num_space_committed: 36.
num_space_uncommitted: 0.
num_chunks_returned_to_freelist: 0.
num_chunks_taken_from_freelist: 71.
num_chunk_merges: 0.
num_chunk_splits: 50.
num_chunks_enlarged: 39.
num_inconsistent_stats: 0.

CodeHeap 'non-profiled nmethods': size=119168Kb used=622Kb max_used=622Kb free=118545Kb
 bounds [0x000001db87ba0000, 0x000001db87e10000, 0x000001db8f000000]
CodeHeap 'profiled nmethods': size=119104Kb used=1367Kb max_used=1367Kb free=117736Kb
 bounds [0x000001db80000000, 0x000001db80270000, 0x000001db87450000]
CodeHeap 'non-nmethods': size=7488Kb used=1160Kb max_used=2920Kb free=6328Kb
 bounds [0x000001db87450000, 0x000001db87730000, 0x000001db87ba0000]
 total_blobs=1272 nmethods=835 adapters=350
 compilation: enabled
              stopped_count=0, restarted_count=0
 full_count=0

Compilation events (20 events):
Event: 3.668 Thread 0x000001dbe10daca0 nmethod 818 0x000001db8014e510 code [0x000001db8014e700, 0x000001db8014ea58]
Event: 3.669 Thread 0x000001dbe1023cf0 nmethod 819 0x000001db8014eb90 code [0x000001db8014ef60, 0x000001db80150af8]
Event: 3.951 Thread 0x000001dbe10f1750  822       3       java.lang.invoke.DirectMethodHandle$Holder::invokeStatic (21 bytes)
Event: 3.951 Thread 0x000001dbe1023cf0  823       3       java.lang.StringConcatHelper::prepend (22 bytes)
Event: 3.951 Thread 0x000001dbe10daca0  824       3       java.lang.StringConcatHelper::prepend (30 bytes)
Event: 3.951 Thread 0x000001dbe10f1750 nmethod 822 0x000001db80151490 code [0x000001db80151660, 0x000001db80151b78]
Event: 3.951 Thread 0x000001dbe10daca0 nmethod 824 0x000001db80151c90 code [0x000001db80151e40, 0x000001db80152018]
Event: 3.951 Thread 0x000001dbe10f1750  825       3       java.lang.invoke.DirectMethodHandle$Holder::invokeStatic (17 bytes)
Event: 3.951 Thread 0x000001dbe1023cf0 nmethod 823 0x000001db80152110 code [0x000001db801522e0, 0x000001db80152568]
Event: 3.951 Thread 0x000001dbe10f1750 nmethod 825 0x000001db80152690 code [0x000001db80152860, 0x000001db80152d78]
Event: 4.534 Thread 0x000001dbe10f1750  827       3       com.raylib.Jaylib$Rectangle::<init> (30 bytes)
Event: 4.534 Thread 0x000001dbe10f1750 nmethod 827 0x000001db80152e90 code [0x000001db80153080, 0x000001db80153578]
Event: 5.334 Thread 0x000001dbe1023330  829       4       java.lang.ref.Reference::refersToImpl (6 bytes)
Event: 5.335 Thread 0x000001dbe1023330 nmethod 829 0x000001db87c39e90 code [0x000001db87c3a000, 0x000001db87c3a098]
Event: 6.001 Thread 0x000001dbe1023330  830       4       java.util.HashMap::getNode (150 bytes)
Event: 6.007 Thread 0x000001dbe1023330 nmethod 830 0x000001db87c3a190 code [0x000001db87c3a340, 0x000001db87c3a9c8]
Event: 6.084 Thread 0x000001dbe1023cf0  831       3       PineVille.Player::Move (124 bytes)
Event: 6.084 Thread 0x000001dbe1023cf0 nmethod 831 0x000001db80153710 code [0x000001db80153980, 0x000001db80153eb8]
Event: 6.084 Thread 0x000001dbe1023cf0  834       3       PineVille.Player::drawPlayer (72 bytes)
Event: 6.085 Thread 0x000001dbe1023cf0 nmethod 834 0x000001db80154090 code [0x000001db80154420, 0x000001db801557c8]

GC Heap History (2 events):
Event: 0.884 GC heap before
{Heap before GC invocations=0 (full 0):
 garbage-first heap   total 258048K, used 22528K [0x0000000705a00000, 0x0000000800000000)
  region size 2048K, 11 young (22528K), 0 survivors (0K)
 Metaspace       used 1805K, committed 1920K, reserved 1114112K
  class space    used 140K, committed 192K, reserved 1048576K
}
Event: 0.887 GC heap after
{Heap after GC invocations=1 (full 0):
 garbage-first heap   total 258048K, used 1687K [0x0000000705a00000, 0x0000000800000000)
  region size 2048K, 1 young (2048K), 1 survivors (2048K)
 Metaspace       used 1805K, committed 1920K, reserved 1114112K
  class space    used 140K, committed 192K, reserved 1048576K
}

Dll operation events (20 events):
Event: 0.588 Loaded shared library C:\Program Files (x86)\Windows Kits\10\Redist\ucrt\DLLs\x64\api-ms-win-core-rtlsupport-l1-1-0.dll
Event: 0.599 Loaded shared library C:\Program Files (x86)\Windows Kits\10\Redist\ucrt\DLLs\x64\api-ms-win-core-processthreads-l1-1-1.dll
Event: 0.607 Loaded shared library C:\Program Files (x86)\Windows Kits\10\Redist\ucrt\DLLs\x64\api-ms-win-core-file-l1-2-0.dll
Event: 0.617 Loaded shared library C:\Program Files (x86)\Windows Kits\10\Redist\ucrt\DLLs\x64\api-ms-win-core-profile-l1-1-0.dll
Event: 0.625 Loaded shared library C:\Program Files (x86)\Windows Kits\10\Redist\ucrt\DLLs\x64\api-ms-win-core-memory-l1-1-0.dll
Event: 0.634 Loaded shared library C:\Program Files (x86)\Windows Kits\10\Redist\ucrt\DLLs\x64\api-ms-win-core-util-l1-1-0.dll
Event: 0.643 Loaded shared library C:\Program Files (x86)\Windows Kits\10\Redist\ucrt\DLLs\x64\api-ms-win-core-interlocked-l1-1-0.dll
Event: 0.654 Loaded shared library C:\Program Files (x86)\Windows Kits\10\Redist\ucrt\DLLs\x64\ucrtbase.dll
Event: 0.663 Loaded shared library C:\Users\luczu\.jdks\corretto-17.0.10\bin\vcruntime140.dll
Event: 0.676 Loaded shared library C:\Users\luczu\.jdks\corretto-17.0.10\bin\vcruntime140_1.dll
Event: 0.686 Loaded shared library C:\Users\luczu\.jdks\corretto-17.0.10\bin\msvcp140.dll
Event: 0.696 Loaded shared library C:\Windows\System32\msvcp140_1.dll
Event: 0.706 Loaded shared library C:\Windows\System32\concrt140.dll
Event: 0.716 Loaded shared library C:\Windows\System32\vcomp140.dll
Event: 0.749 Loaded shared library C:\Windows\System32\winmm.dll
Event: 0.752 Loaded shared library C:\Windows\System32\opengl32.dll
Event: 0.753 Loaded shared library C:\Windows\System32\user32.dll
Event: 0.755 Loaded shared library C:\Windows\System32\shell32.dll
Event: 0.756 Loaded shared library C:\Windows\System32\gdi32.dll
Event: 0.783 Loaded shared library C:\Users\luczu\.javacpp\cache\jaylib-4.5.0-0.jar\com\raylib\windows-x86_64\jniRaylib.dll

Deoptimization events (20 events):
Event: 0.726 Thread 0x000001dbf84aa1b0 Uncommon trap: trap_request=0xffffff45 fr.pc=0x000001db87bbcefc relative=0x00000000000001bc
Event: 0.726 Thread 0x000001dbf84aa1b0 Uncommon trap: reason=unstable_if action=reinterpret pc=0x000001db87bbcefc method=java.io.WinNTFileSystem.normalize(Ljava/lang/String;)Ljava/lang/String; @ 128 c2
Event: 0.726 Thread 0x000001dbf84aa1b0 DEOPT PACKING pc=0x000001db87bbcefc sp=0x000000c4535fdad0
Event: 0.726 Thread 0x000001dbf84aa1b0 DEOPT UNPACKING pc=0x000001db874aa1a3 sp=0x000000c4535fda58 mode 2
Event: 0.732 Thread 0x000001dbf84aa1b0 Uncommon trap: trap_request=0xffffff45 fr.pc=0x000001db87bc3ba4 relative=0x0000000000000204
Event: 0.733 Thread 0x000001dbf84aa1b0 Uncommon trap: reason=unstable_if action=reinterpret pc=0x000001db87bc3ba4 method=sun.net.www.ParseUtil.firstEncodeIndex(Ljava/lang/String;)I @ 51 c2
Event: 0.733 Thread 0x000001dbf84aa1b0 DEOPT PACKING pc=0x000001db87bc3ba4 sp=0x000000c4535fdce0
Event: 0.733 Thread 0x000001dbf84aa1b0 DEOPT UNPACKING pc=0x000001db874aa1a3 sp=0x000000c4535fdc68 mode 2
Event: 0.739 Thread 0x000001dbf84aa1b0 Uncommon trap: trap_request=0xffffff45 fr.pc=0x000001db87bbfa28 relative=0x0000000000000208
Event: 0.739 Thread 0x000001dbf84aa1b0 Uncommon trap: reason=unstable_if action=reinterpret pc=0x000001db87bbfa28 method=sun.net.www.ParseUtil.firstEncodeIndex(Ljava/lang/String;)I @ 51 c2
Event: 0.739 Thread 0x000001dbf84aa1b0 DEOPT PACKING pc=0x000001db87bbfa28 sp=0x000000c4535fa870
Event: 0.739 Thread 0x000001dbf84aa1b0 DEOPT UNPACKING pc=0x000001db874aa1a3 sp=0x000000c4535fa818 mode 2
Event: 0.785 Thread 0x000001dbf84aa1b0 Uncommon trap: trap_request=0xffffff45 fr.pc=0x000001db87be234c relative=0x00000000000013ac
Event: 0.785 Thread 0x000001dbf84aa1b0 Uncommon trap: reason=unstable_if action=reinterpret pc=0x000001db87be234c method=java.net.URL.<init>(Ljava/net/URL;Ljava/lang/String;Ljava/net/URLStreamHandler;)V @ 273 c2
Event: 0.785 Thread 0x000001dbf84aa1b0 DEOPT PACKING pc=0x000001db87be234c sp=0x000000c4535fc3a0
Event: 0.785 Thread 0x000001dbf84aa1b0 DEOPT UNPACKING pc=0x000001db874aa1a3 sp=0x000000c4535fc330 mode 2
Event: 0.889 Thread 0x000001dbf84aa1b0 Uncommon trap: trap_request=0xffffff45 fr.pc=0x000001db87bcaf60 relative=0x00000000000000e0
Event: 0.889 Thread 0x000001dbf84aa1b0 Uncommon trap: reason=unstable_if action=reinterpret pc=0x000001db87bcaf60 method=java.lang.ref.SoftReference.get()Ljava/lang/Object; @ 17 c2
Event: 0.889 Thread 0x000001dbf84aa1b0 DEOPT PACKING pc=0x000001db87bcaf60 sp=0x000000c4535fc4c0
Event: 0.889 Thread 0x000001dbf84aa1b0 DEOPT UNPACKING pc=0x000001db874aa1a3 sp=0x000000c4535fc478 mode 2

Classes unloaded (0 events):
No events

Classes redefined (0 events):
No events

Internal exceptions (7 events):
Event: 0.113 Thread 0x000001dbf84aa1b0 Exception <a 'java/lang/NoSuchMethodError'{0x0000000715244c78}: 'int java.lang.invoke.DirectMethodHandle$Holder.invokeStaticInit(java.lang.Object, java.lang.Object, java.lang.Object, java.lang.Object)'> (0x0000000715244c78) 
thrown [s\src\hotspot\share\interpreter\linkResolver.cpp, line 759]
Event: 0.123 Thread 0x000001dbf84aa1b0 Exception <a 'java/lang/NoSuchMethodError'{0x000000071524f988}: 'java.lang.Object java.lang.invoke.DirectMethodHandle$Holder.invokeInterface(java.lang.Object, java.lang.Object)'> (0x000000071524f988) 
thrown [s\src\hotspot\share\interpreter\linkResolver.cpp, line 759]
Event: 0.125 Thread 0x000001dbf84aa1b0 Exception <a 'java/lang/IncompatibleClassChangeError'{0x00000007152530a0}: Found class java.lang.Object, but interface was expected> (0x00000007152530a0) 
thrown [s\src\hotspot\share\interpreter\linkResolver.cpp, line 826]
Event: 0.128 Thread 0x000001dbf84aa1b0 Exception <a 'java/lang/NoSuchMethodError'{0x0000000715256248}: 'void java.lang.invoke.DirectMethodHandle$Holder.invokeStatic(java.lang.Object, java.lang.Object)'> (0x0000000715256248) 
thrown [s\src\hotspot\share\interpreter\linkResolver.cpp, line 759]
Event: 0.131 Thread 0x000001dbf84aa1b0 Exception <a 'java/lang/NoSuchMethodError'{0x00000007152598b8}: 'void java.lang.invoke.DirectMethodHandle$Holder.invokeStaticInit(java.lang.Object, java.lang.Object)'> (0x00000007152598b8) 
thrown [s\src\hotspot\share\interpreter\linkResolver.cpp, line 759]
Event: 0.137 Thread 0x000001dbf84aa1b0 Exception <a 'java/lang/NoSuchMethodError'{0x000000071525ff80}: 'int java.lang.invoke.DirectMethodHandle$Holder.invokeStaticInit(java.lang.Object, java.lang.Object)'> (0x000000071525ff80) 
thrown [s\src\hotspot\share\interpreter\linkResolver.cpp, line 759]
Event: 0.776 Thread 0x000001dbf84aa1b0 Exception <a 'java/lang/NoSuchMethodError'{0x00000007141880f8}: 'java.lang.Object java.lang.invoke.DirectMethodHandle$Holder.invokeStatic(java.lang.Object, int, java.lang.Object)'> (0x00000007141880f8) 
thrown [s\src\hotspot\share\interpreter\linkResolver.cpp, line 759]

VM Operations (10 events):
Event: 0.087 Executing VM operation: HandshakeAllThreads
Event: 0.087 Executing VM operation: HandshakeAllThreads done
Event: 0.284 Executing VM operation: HandshakeAllThreads
Event: 0.284 Executing VM operation: HandshakeAllThreads done
Event: 0.884 Executing VM operation: G1CollectForAllocation
Event: 0.887 Executing VM operation: G1CollectForAllocation done
Event: 1.901 Executing VM operation: Cleanup
Event: 1.901 Executing VM operation: Cleanup done
Event: 5.902 Executing VM operation: Cleanup
Event: 5.902 Executing VM operation: Cleanup done

Events (20 events):
Event: 0.773 loading class java/time/zone/ZoneOffsetTransitionRule$TimeDefinition
Event: 0.773 loading class java/time/zone/ZoneOffsetTransitionRule$TimeDefinition done
Event: 0.774 loading class java/time/zone/ZoneOffsetTransition
Event: 0.774 loading class java/time/zone/ZoneOffsetTransition done
Event: 0.775 loading class java/time/temporal/TemporalAdjusters
Event: 0.776 loading class java/time/temporal/TemporalAdjusters done
Event: 0.779 loading class java/time/zone/ZoneOffsetTransitionRule$1
Event: 0.780 loading class java/time/zone/ZoneOffsetTransitionRule$1 done
Event: 0.780 loading class java/util/concurrent/TimeUnit$1
Event: 0.780 loading class java/util/concurrent/TimeUnit$1 done
Event: 1.681 Thread 0x000001dbe153f8f0 Thread exited: 0x000001dbe153f8f0
Event: 1.681 Thread 0x000001dbe153f3d0 Thread exited: 0x000001dbe153f3d0
Event: 1.681 Thread 0x000001dbe171e550 Thread exited: 0x000001dbe171e550
Event: 1.681 Thread 0x000001dbe16cfa50 Thread exited: 0x000001dbe16cfa50
Event: 1.681 Thread 0x000001dbe13d2510 Thread exited: 0x000001dbe13d2510
Event: 1.681 Thread 0x000001dbe1713220 Thread exited: 0x000001dbe1713220
Event: 1.681 Thread 0x000001dbe13ed8b0 Thread exited: 0x000001dbe13ed8b0
Event: 3.200 Thread 0x000001db9bc1c460 Thread exited: 0x000001db9bc1c460
Event: 5.334 Thread 0x000001dbe10daca0 Thread exited: 0x000001dbe10daca0
Event: 5.334 Thread 0x000001dbe10f1750 Thread exited: 0x000001dbe10f1750


Dynamic libraries:
0x00007ff7d2e30000 - 0x00007ff7d2e3e000 	C:\Users\luczu\.jdks\corretto-17.0.10\bin\java.exe
0x00007ffdac330000 - 0x00007ffdac547000 	C:\WINDOWS\SYSTEM32\ntdll.dll
0x00007ffdab410000 - 0x00007ffdab4d4000 	C:\WINDOWS\System32\KERNEL32.DLL
0x00007ffda97e0000 - 0x00007ffda9b86000 	C:\WINDOWS\System32\KERNELBASE.dll
0x00007ffda9bc0000 - 0x00007ffda9cd1000 	C:\WINDOWS\System32\ucrtbase.dll
0x00007ffd7fae0000 - 0x00007ffd7faf7000 	C:\Users\luczu\.jdks\corretto-17.0.10\bin\jli.dll
0x00007ffd6e700000 - 0x00007ffd6e71b000 	C:\Users\luczu\.jdks\corretto-17.0.10\bin\VCRUNTIME140.dll
0x00007ffdaa130000 - 0x00007ffdaa2de000 	C:\WINDOWS\System32\USER32.dll
0x00007ffda9670000 - 0x00007ffda9696000 	C:\WINDOWS\System32\win32u.dll
0x00007ffd86f70000 - 0x00007ffd87203000 	C:\WINDOWS\WinSxS\amd64_microsoft.windows.common-controls_6595b64144ccf1df_6.0.22621.2506_none_270c5ae97388e100\COMCTL32.dll
0x00007ffdabf40000 - 0x00007ffdabf69000 	C:\WINDOWS\System32\GDI32.dll
0x00007ffda9ce0000 - 0x00007ffda9df8000 	C:\WINDOWS\System32\gdi32full.dll
0x00007ffdaab10000 - 0x00007ffdaabb7000 	C:\WINDOWS\System32\msvcrt.dll
0x00007ffda9e00000 - 0x00007ffda9e9a000 	C:\WINDOWS\System32\msvcp_win.dll
0x00007ffdab200000 - 0x00007ffdab231000 	C:\WINDOWS\System32\IMM32.DLL
0x00007ffd803c0000 - 0x00007ffd803cc000 	C:\Users\luczu\.jdks\corretto-17.0.10\bin\vcruntime140_1.dll
0x00007ffd6e560000 - 0x00007ffd6e5ed000 	C:\Users\luczu\.jdks\corretto-17.0.10\bin\msvcp140.dll
0x00007ffcd0ac0000 - 0x00007ffcd1722000 	C:\Users\luczu\.jdks\corretto-17.0.10\bin\server\jvm.dll
0x00007ffdaa430000 - 0x00007ffdaa4e3000 	C:\WINDOWS\System32\ADVAPI32.dll
0x00007ffdabe30000 - 0x00007ffdabed8000 	C:\WINDOWS\System32\sechost.dll
0x00007ffda9b90000 - 0x00007ffda9bb8000 	C:\WINDOWS\System32\bcrypt.dll
0x00007ffdaa9f0000 - 0x00007ffdaab07000 	C:\WINDOWS\System32\RPCRT4.dll
0x00007ffda8520000 - 0x00007ffda856d000 	C:\WINDOWS\SYSTEM32\POWRPROF.dll
0x00007ffd87cb0000 - 0x00007ffd87cb9000 	C:\WINDOWS\SYSTEM32\WSOCK32.dll
0x00007ffd9e910000 - 0x00007ffd9e944000 	C:\WINDOWS\SYSTEM32\WINMM.dll
0x00007ffdab4e0000 - 0x00007ffdab551000 	C:\WINDOWS\System32\WS2_32.dll
0x00007ffd9f400000 - 0x00007ffd9f40a000 	C:\WINDOWS\SYSTEM32\VERSION.dll
0x00007ffda84e0000 - 0x00007ffda84f3000 	C:\WINDOWS\SYSTEM32\UMPDC.dll
0x00007ffda87a0000 - 0x00007ffda87b8000 	C:\WINDOWS\SYSTEM32\kernel.appcore.dll
0x00007ffd80200000 - 0x00007ffd8020a000 	C:\Users\luczu\.jdks\corretto-17.0.10\bin\jimage.dll
0x00007ffda6b20000 - 0x00007ffda6d53000 	C:\WINDOWS\SYSTEM32\DBGHELP.DLL
0x00007ffdaabc0000 - 0x00007ffdaaf49000 	C:\WINDOWS\System32\combase.dll
0x00007ffdaa2e0000 - 0x00007ffdaa3b7000 	C:\WINDOWS\System32\OLEAUT32.dll
0x00007ffd8dd70000 - 0x00007ffd8dda2000 	C:\WINDOWS\SYSTEM32\dbgcore.DLL
0x00007ffda96a0000 - 0x00007ffda971a000 	C:\WINDOWS\System32\bcryptPrimitives.dll
0x00007ffd6e6d0000 - 0x00007ffd6e6f5000 	C:\Users\luczu\.jdks\corretto-17.0.10\bin\java.dll
0x00007ffd248a0000 - 0x00007ffd24977000 	C:\Users\luczu\.jdks\corretto-17.0.10\bin\jsvml.dll
0x00007ffdab5c0000 - 0x00007ffdabe1b000 	C:\WINDOWS\System32\SHELL32.dll
0x00007ffda7590000 - 0x00007ffda7e86000 	C:\WINDOWS\SYSTEM32\windows.storage.dll
0x00007ffda7450000 - 0x00007ffda758e000 	C:\WINDOWS\SYSTEM32\wintypes.dll
0x00007ffdac1f0000 - 0x00007ffdac2e3000 	C:\WINDOWS\System32\SHCORE.dll
0x00007ffdabee0000 - 0x00007ffdabf3e000 	C:\WINDOWS\System32\shlwapi.dll
0x00007ffda95a0000 - 0x00007ffda95c6000 	C:\WINDOWS\SYSTEM32\profapi.dll
0x00007ffd6e6b0000 - 0x00007ffd6e6c9000 	C:\Users\luczu\.jdks\corretto-17.0.10\bin\net.dll
0x00007ffd9fd20000 - 0x00007ffd9fe57000 	C:\WINDOWS\SYSTEM32\WINHTTP.dll
0x00007ffda8c20000 - 0x00007ffda8c89000 	C:\WINDOWS\system32\mswsock.dll
0x00007ffd6e540000 - 0x00007ffd6e556000 	C:\Users\luczu\.jdks\corretto-17.0.10\bin\nio.dll
0x00007ffd6e520000 - 0x00007ffd6e538000 	C:\Users\luczu\.jdks\corretto-17.0.10\bin\zip.dll
0x000001db9beb0000 - 0x000001db9beb3000 	C:\Program Files (x86)\Windows Kits\10\Redist\ucrt\DLLs\x64\api-ms-win-crt-locale-l1-1-0.dll
0x000001db9bec0000 - 0x000001db9bec4000 	C:\Program Files (x86)\Windows Kits\10\Redist\ucrt\DLLs\x64\api-ms-win-crt-string-l1-1-0.dll
0x000001db9bed0000 - 0x000001db9bed4000 	C:\Program Files (x86)\Windows Kits\10\Redist\ucrt\DLLs\x64\api-ms-win-crt-stdio-l1-1-0.dll
0x000001db9bee0000 - 0x000001db9bee5000 	C:\Program Files (x86)\Windows Kits\10\Redist\ucrt\DLLs\x64\api-ms-win-crt-math-l1-1-0.dll
0x000001db9bef0000 - 0x000001db9bef3000 	C:\Program Files (x86)\Windows Kits\10\Redist\ucrt\DLLs\x64\api-ms-win-crt-heap-l1-1-0.dll
0x000001db9bf00000 - 0x000001db9bf04000 	C:\Program Files (x86)\Windows Kits\10\Redist\ucrt\DLLs\x64\api-ms-win-crt-runtime-l1-1-0.dll
0x000001db9bf10000 - 0x000001db9bf14000 	C:\Program Files (x86)\Windows Kits\10\Redist\ucrt\DLLs\x64\api-ms-win-crt-convert-l1-1-0.dll
0x000001db9bf20000 - 0x000001db9bf23000 	C:\Program Files (x86)\Windows Kits\10\Redist\ucrt\DLLs\x64\api-ms-win-crt-environment-l1-1-0.dll
0x000001db9bf30000 - 0x000001db9bf33000 	C:\Program Files (x86)\Windows Kits\10\Redist\ucrt\DLLs\x64\api-ms-win-crt-time-l1-1-0.dll
0x000001db9bf40000 - 0x000001db9bf43000 	C:\Program Files (x86)\Windows Kits\10\Redist\ucrt\DLLs\x64\api-ms-win-crt-filesystem-l1-1-0.dll
0x000001db9bf50000 - 0x000001db9bf53000 	C:\Program Files (x86)\Windows Kits\10\Redist\ucrt\DLLs\x64\api-ms-win-crt-utility-l1-1-0.dll
0x000001db9bf60000 - 0x000001db9bf65000 	C:\Program Files (x86)\Windows Kits\10\Redist\ucrt\DLLs\x64\api-ms-win-crt-multibyte-l1-1-0.dll
0x000001db9bf70000 - 0x000001db9bf73000 	C:\Program Files (x86)\Windows Kits\10\Redist\ucrt\DLLs\x64\api-ms-win-crt-conio-l1-1-0.dll
0x000001db9bf80000 - 0x000001db9bf8f000 	C:\Program Files (x86)\Windows Kits\10\Redist\ucrt\DLLs\x64\api-ms-win-crt-private-l1-1-0.dll
0x000001db9bf90000 - 0x000001db9bf93000 	C:\Program Files (x86)\Windows Kits\10\Redist\ucrt\DLLs\x64\api-ms-win-crt-process-l1-1-0.dll
0x000001db9bfa0000 - 0x000001db9bfa3000 	C:\Program Files\Microsoft\jdk-11.0.12.7-hotspot\bin\api-ms-win-core-console-l1-2-0.dll
0x000001db9bfb0000 - 0x000001db9bfb3000 	C:\Program Files (x86)\Windows Kits\10\Redist\ucrt\DLLs\x64\api-ms-win-core-string-l1-1-0.dll
0x000001db9bfc0000 - 0x000001db9bfc3000 	C:\Program Files (x86)\Windows Kits\10\Redist\ucrt\DLLs\x64\api-ms-win-core-errorhandling-l1-1-0.dll
0x000001db9bfd0000 - 0x000001db9bfd3000 	C:\Program Files (x86)\Windows Kits\10\Redist\ucrt\DLLs\x64\api-ms-win-core-timezone-l1-1-0.dll
0x000001db9bfe0000 - 0x000001db9bfe4000 	C:\Program Files (x86)\Windows Kits\10\Redist\ucrt\DLLs\x64\api-ms-win-core-file-l1-1-0.dll
0x000001db9bff0000 - 0x000001db9bff3000 	C:\Program Files (x86)\Windows Kits\10\Redist\ucrt\DLLs\x64\api-ms-win-core-namedpipe-l1-1-0.dll
0x000001dbe1d00000 - 0x000001dbe1d03000 	C:\Program Files (x86)\Windows Kits\10\Redist\ucrt\DLLs\x64\api-ms-win-core-handle-l1-1-0.dll
0x000001dbe1d10000 - 0x000001dbe1d13000 	C:\Program Files (x86)\Windows Kits\10\Redist\ucrt\DLLs\x64\api-ms-win-core-file-l2-1-0.dll
0x000001dbe1d20000 - 0x000001dbe1d23000 	C:\Program Files (x86)\Windows Kits\10\Redist\ucrt\DLLs\x64\api-ms-win-core-heap-l1-1-0.dll
0x000001dbe1d30000 - 0x000001dbe1d33000 	C:\Program Files (x86)\Windows Kits\10\Redist\ucrt\DLLs\x64\api-ms-win-core-libraryloader-l1-1-0.dll
0x000001dbe1d40000 - 0x000001dbe1d43000 	C:\Program Files (x86)\Windows Kits\10\Redist\ucrt\DLLs\x64\api-ms-win-core-synch-l1-1-0.dll
0x000001dbe1d50000 - 0x000001dbe1d53000 	C:\Program Files (x86)\Windows Kits\10\Redist\ucrt\DLLs\x64\api-ms-win-core-processthreads-l1-1-0.dll
0x000001dbe1d60000 - 0x000001dbe1d63000 	C:\Program Files (x86)\Windows Kits\10\Redist\ucrt\DLLs\x64\api-ms-win-core-processenvironment-l1-1-0.dll
0x000001dbe1d70000 - 0x000001dbe1d73000 	C:\Program Files (x86)\Windows Kits\10\Redist\ucrt\DLLs\x64\api-ms-win-core-datetime-l1-1-0.dll
0x000001dbe1d80000 - 0x000001dbe1d83000 	C:\Program Files (x86)\Windows Kits\10\Redist\ucrt\DLLs\x64\api-ms-win-core-localization-l1-2-0.dll
0x000001dbe2d60000 - 0x000001dbe2d63000 	C:\Program Files (x86)\Windows Kits\10\Redist\ucrt\DLLs\x64\api-ms-win-core-sysinfo-l1-1-0.dll
0x000001dbe2d70000 - 0x000001dbe2d73000 	C:\Program Files (x86)\Windows Kits\10\Redist\ucrt\DLLs\x64\api-ms-win-core-synch-l1-2-0.dll
0x000001dbe2d80000 - 0x000001dbe2d83000 	C:\Program Files (x86)\Windows Kits\10\Redist\ucrt\DLLs\x64\api-ms-win-core-console-l1-1-0.dll
0x000001dbe2d90000 - 0x000001dbe2d93000 	C:\Program Files (x86)\Windows Kits\10\Redist\ucrt\DLLs\x64\api-ms-win-core-debug-l1-1-0.dll
0x000001dbe2da0000 - 0x000001dbe2da3000 	C:\Program Files (x86)\Windows Kits\10\Redist\ucrt\DLLs\x64\api-ms-win-core-rtlsupport-l1-1-0.dll
0x000001dbe2db0000 - 0x000001dbe2db3000 	C:\Program Files (x86)\Windows Kits\10\Redist\ucrt\DLLs\x64\api-ms-win-core-processthreads-l1-1-1.dll
0x000001dbe2dc0000 - 0x000001dbe2dc3000 	C:\Program Files (x86)\Windows Kits\10\Redist\ucrt\DLLs\x64\api-ms-win-core-file-l1-2-0.dll
0x000001dbe2dd0000 - 0x000001dbe2dd3000 	C:\Program Files (x86)\Windows Kits\10\Redist\ucrt\DLLs\x64\api-ms-win-core-profile-l1-1-0.dll
0x000001dbe2de0000 - 0x000001dbe2de3000 	C:\Program Files (x86)\Windows Kits\10\Redist\ucrt\DLLs\x64\api-ms-win-core-memory-l1-1-0.dll
0x000001dbe2df0000 - 0x000001dbe2df3000 	C:\Program Files (x86)\Windows Kits\10\Redist\ucrt\DLLs\x64\api-ms-win-core-util-l1-1-0.dll
0x000001dbe2e00000 - 0x000001dbe2e03000 	C:\Program Files (x86)\Windows Kits\10\Redist\ucrt\DLLs\x64\api-ms-win-core-interlocked-l1-1-0.dll
0x00007ffcd2950000 - 0x00007ffcd2a42000 	C:\Program Files (x86)\Windows Kits\10\Redist\ucrt\DLLs\x64\ucrtbase.dll
0x00007ffd80b80000 - 0x00007ffd80b89000 	C:\Windows\System32\msvcp140_1.dll
0x00007ffd582d0000 - 0x00007ffd5831e000 	C:\Windows\System32\concrt140.dll
0x00007ffd555a0000 - 0x00007ffd555d1000 	C:\Windows\System32\vcomp140.dll
0x00007ffd79e20000 - 0x00007ffd79f20000 	C:\Windows\System32\opengl32.dll
0x00007ffd79cd0000 - 0x00007ffd79cfd000 	C:\WINDOWS\SYSTEM32\GLU32.dll
0x00007ffda68a0000 - 0x00007ffda68d9000 	C:\WINDOWS\SYSTEM32\dxcore.dll
0x00007ffcd2730000 - 0x00007ffcd294d000 	C:\Users\luczu\.javacpp\cache\jaylib-4.5.0-0.jar\com\raylib\windows-x86_64\jniRaylib.dll
0x00007ffcf41b0000 - 0x00007ffcf41f6000 	C:\WINDOWS\SYSTEM32\dinput8.dll
0x00007ffd691e0000 - 0x00007ffd691f1000 	C:\WINDOWS\SYSTEM32\xinput1_4.dll
0x00007ffda9360000 - 0x00007ffda93ae000 	C:\WINDOWS\SYSTEM32\cfgmgr32.dll
0x00007ffda9330000 - 0x00007ffda935c000 	C:\WINDOWS\SYSTEM32\DEVOBJ.dll
0x00007ffda6a20000 - 0x00007ffda6a4b000 	C:\WINDOWS\SYSTEM32\dwmapi.dll
0x00007ffd87cc0000 - 0x00007ffd87eca000 	C:\WINDOWS\SYSTEM32\inputhost.dll
0x00007ffda3b50000 - 0x00007ffda3c84000 	C:\WINDOWS\SYSTEM32\CoreMessaging.dll
0x00007ffda3f30000 - 0x00007ffda3fdb000 	C:\WINDOWS\system32\uxtheme.dll
0x00007ffda8e90000 - 0x00007ffda8e9c000 	C:\WINDOWS\SYSTEM32\CRYPTBASE.DLL
0x00007ffdabfd0000 - 0x00007ffdac121000 	C:\WINDOWS\System32\MSCTF.dll
0x00007ffda7e90000 - 0x00007ffda7e9e000 	C:\WINDOWS\SYSTEM32\HID.DLL
0x00007ffdaa4f0000 - 0x00007ffdaa964000 	C:\WINDOWS\System32\SETUPAPI.DLL
0x00007ffdaa010000 - 0x00007ffdaa07b000 	C:\WINDOWS\System32\WINTRUST.dll
0x00007ffda9ea0000 - 0x00007ffdaa006000 	C:\WINDOWS\System32\CRYPT32.dll
0x00007ffda9310000 - 0x00007ffda9322000 	C:\WINDOWS\SYSTEM32\MSASN1.dll
0x00007ffda0870000 - 0x00007ffda08ba000 	C:\WINDOWS\SYSTEM32\directxdatabasehelper.dll
0x00007ffdaa080000 - 0x00007ffdaa130000 	C:\WINDOWS\System32\clbcatq.dll
0x00007ffccded0000 - 0x00007ffcd0ac0000 	C:\WINDOWS\System32\DriverStore\FileRepository\nvhm.inf_amd64_28ac5867493a0477\nvoglv64.dll
0x00007ffdaaf50000 - 0x00007ffdab0f0000 	C:\WINDOWS\System32\ole32.dll
0x00007ffda8500000 - 0x00007ffda8514000 	C:\WINDOWS\SYSTEM32\WTSAPI32.dll
0x00007ffd9ec10000 - 0x00007ffd9ec42000 	C:\WINDOWS\SYSTEM32\cryptnet.dll
0x00007ffd90ed0000 - 0x00007ffd91028000 	C:\WINDOWS\SYSTEM32\drvstore.dll
0x00007ffda8f20000 - 0x00007ffda8f6b000 	C:\WINDOWS\SYSTEM32\wldp.dll
0x00007ffdac140000 - 0x00007ffdac15f000 	C:\WINDOWS\System32\imagehlp.dll
0x00007ffda8e70000 - 0x00007ffda8e8b000 	C:\WINDOWS\SYSTEM32\CRYPTSP.dll
0x00007ffda8700000 - 0x00007ffda8735000 	C:\WINDOWS\system32\rsaenh.dll
0x00007ffda8cb0000 - 0x00007ffda8cd6000 	C:\WINDOWS\SYSTEM32\gpapi.dll
0x00007ffd61250000 - 0x00007ffd6343b000 	C:\WINDOWS\System32\DriverStore\FileRepository\nvhm.inf_amd64_28ac5867493a0477\nvgpucomp64.dll
0x00007ffda87c0000 - 0x00007ffda87f4000 	C:\WINDOWS\SYSTEM32\ntmarta.dll
0x00007ffd27080000 - 0x00007ffd27343000 	C:\WINDOWS\system32\nvspcap64.dll
0x00007ffda80f0000 - 0x00007ffda8156000 	C:\WINDOWS\SYSTEM32\WINSTA.dll

dbghelp: loaded successfully - version: 4.0.5 - missing functions: none
symbol engine: initialized successfully - sym options: 0x614 - pdb path: .;C:\Users\luczu\.jdks\corretto-17.0.10\bin;C:\WINDOWS\SYSTEM32;C:\WINDOWS\WinSxS\amd64_microsoft.windows.common-controls_6595b64144ccf1df_6.0.22621.2506_none_270c5ae97388e100;C:\Users\luczu\.jdks\corretto-17.0.10\bin\server;C:\Program Files (x86)\Windows Kits\10\Redist\ucrt\DLLs\x64;C:\Program Files\Microsoft\jdk-11.0.12.7-hotspot\bin;C:\Users\luczu\.javacpp\cache\jaylib-4.5.0-0.jar\com\raylib\windows-x86_64;C:\WINDOWS\System32\DriverStore\FileRepository\nvhm.inf_amd64_28ac5867493a0477;C:\WINDOWS\System32\DriverStore\FileRepository\iigd_dch.inf_amd64_0fdf6ce291234272

VM Arguments:
jvm_args: -Dfile.encoding=windows-1252 -Duser.country=NL -Duser.language=nl -Duser.variant 
java_command: PineVille.GameScene
java_class_path (initial): C:\Users\luczu\OneDrive\Documenten\PineVille\build\classes\java\main;C:\Users\luczu\OneDrive\Documenten\PineVille\build\resources\main;C:\Users\luczu\.gradle\caches\modules-2\files-2.1\uk.co.electronstudio.jaylib\jaylib\4.5.0-0\90c0d608df9bbd32f5f34683acc58cb433e94508\jaylib-4.5.0-0.jar
Launcher Type: SUN_STANDARD

[Global flags]
     intx CICompilerCount                          = 12                                        {product} {ergonomic}
     uint ConcGCThreads                            = 3                                         {product} {ergonomic}
     uint G1ConcRefinementThreads                  = 13                                        {product} {ergonomic}
   size_t G1HeapRegionSize                         = 2097152                                   {product} {ergonomic}
    uintx GCDrainStackTargetSize                   = 64                                        {product} {ergonomic}
   size_t InitialHeapSize                          = 264241152                                 {product} {ergonomic}
   size_t MarkStackSize                            = 4194304                                   {product} {ergonomic}
   size_t MaxHeapSize                              = 4200595456                                {product} {ergonomic}
   size_t MaxNewSize                               = 2518679552                                {product} {ergonomic}
   size_t MinHeapDeltaBytes                        = 2097152                                   {product} {ergonomic}
   size_t MinHeapSize                              = 8388608                                   {product} {ergonomic}
    uintx NonNMethodCodeHeapSize                   = 7602480                                {pd product} {ergonomic}
    uintx NonProfiledCodeHeapSize                  = 122027880                              {pd product} {ergonomic}
    uintx ProfiledCodeHeapSize                     = 122027880                              {pd product} {ergonomic}
    uintx ReservedCodeCacheSize                    = 251658240                              {pd product} {ergonomic}
     bool SegmentedCodeCache                       = true                                      {product} {ergonomic}
   size_t SoftMaxHeapSize                          = 4200595456                             {manageable} {ergonomic}
     bool UseCompressedClassPointers               = true                           {product lp64_product} {ergonomic}
     bool UseCompressedOops                        = true                           {product lp64_product} {ergonomic}
     bool UseG1GC                                  = true                                      {product} {ergonomic}
     bool UseLargePagesIndividualAllocation        = false                                  {pd product} {ergonomic}

Logging:
Log output configuration:
 #0: stdout all=warning uptime,level,tags
 #1: stderr all=off uptime,level,tags

Environment Variables:
PATH=C:\Program Files (x86)\Common Files\Intel\Shared Libraries\redist\intel64\compiler;C:\Program Files\Common Files\Oracle\Java\javapath;C:\Program Files\Microsoft\jdk-11.0.12.7-hotspot\bin;C:\windows\system32;C:\windows;C:\windows\System32\Wbem;C:\windows\System32\WindowsPowerShell\v1.0\;C:\windows\System32\OpenSSH\;C:\Program Files (x86)\NVIDIA Corporation\PhysX\Common;C:\Program Files\NVIDIA Corporation\NVIDIA NvDLISR;C:\Program Files\Microsoft SQL Server\150\Tools\Binn\;C:\Program Files\Microsoft SQL Server\Client SDK\ODBC\170\Tools\Binn\;C:\Program Files\dotnet\;C:\WINDOWS\system32;C:\WINDOWS;C:\WINDOWS\System32\Wbem;C:\WINDOWS\System32\WindowsPowerShell\v1.0\;C:\WINDOWS\System32\OpenSSH\;C:\Program Files\CMake\bin;C:\Program Files\Git\cmd;C:\Users\luczu\AppData\Local\Microsoft\WindowsApps;C:\Users\luczu\.dotnet\tools;C:\Users\luczu\AppData\Local\GitHubDesktop\bin;;C:\Users\luczu\AppData\Local\Programs\Microsoft VS Code\bin
USERNAME=luczu
OS=Windows_NT
PROCESSOR_IDENTIFIER=Intel64 Family 6 Model 141 Stepping 1, GenuineIntel
TMP=C:\Users\luczu\AppData\Local\Temp
TEMP=C:\Users\luczu\AppData\Local\Temp



Periodic native trim disabled


---------------  S Y S T E M  ---------------

OS:
 Windows 11 , 64 bit Build 22621 (10.0.22621.3085)
OS uptime: 0 days 1:22 hours
Hyper-V role detected

CPU: total 16 (initial active 16) (8 cores per cpu, 2 threads per core) family 6 model 141 stepping 1 microcode 0x4e, cx8, cmov, fxsr, ht, mmx, 3dnowpref, sse, sse2, sse3, ssse3, sse4.1, sse4.2, popcnt, lzcnt, tsc, tscinvbit, avx, avx2, aes, erms, clmul, bmi1, bmi2, adx, avx512f, avx512dq, avx512cd, avx512bw, avx512vl, sha, fma, vzeroupper, avx512_vpopcntdq, avx512_vpclmulqdq, avx512_vaes, avx512_vnni, clflush, clflushopt, clwb, avx512_vbmi2, avx512_vbmi, hv
Processor Information for all 16 processors :
  Max Mhz: 2304, Current Mhz: 2304, Mhz Limit: 2304

Memory: 4k page, system-wide physical 16021M (3742M free)
TotalPageFile size 33429M (AvailPageFile size 13380M)
current process WorkingSet (physical memory assigned to process): 122M, peak: 209M
current process commit charge ("private bytes"): 503M, peak: 631M

vm_info: OpenJDK 64-Bit Server VM (17.0.10+7-LTS) for windows-amd64 JRE (17.0.10+7-LTS), built on Jan 10 2024 22:11:07 by "Administrator" with MS VC++ 16.10 / 16.11 (VS2019)

END.
