#
# A fatal error has been detected by the Java Runtime Environment:
#
#  EXCEPTION_ACCESS_VIOLATION (0xc0000005) at pc=0x00007ffa704cf490, pid=25912, tid=15656
#
# JRE version: OpenJDK Runtime Environment Corretto-17.0.10.7.1 (17.0.10+7) (build 17.0.10+7-LTS)
# Java VM: OpenJDK 64-Bit Server VM Corretto-17.0.10.7.1 (17.0.10+7-LTS, mixed mode, sharing, tiered, compressed oops, compressed class ptrs, g1 gc, windows-amd64)
# Problematic frame:
# C  [jniRaylib.dll+0xdf490]
#
# No core dump will be written. Minidumps are not enabled by default on client versions of Windows
#
# If you would like to submit a bug report, please visit:
#   https://github.com/corretto/corretto-17/issues/
# The crash happened outside the Java Virtual Machine in native code.
# See problematic frame for where to report the bug.
#

---------------  S U M M A R Y ------------

Command Line: -Dfile.encoding=windows-1252 -Duser.country=NL -Duser.language=nl -Duser.variant PineVille.MenuScene

Host: 11th Gen Intel(R) Core(TM) i7-11800H @ 2.30GHz, 16 cores, 15G,  Windows 11 , 64 bit Build 22621 (10.0.22621.2506)
Time: Wed Feb 14 12:08:24 2024 West-Europa (standaardtijd) elapsed time: 9.086987 seconds (0d 0h 0m 9s)

---------------  T H R E A D  ---------------

Current thread (0x000001ab371dda10):  JavaThread "main" [_thread_in_native, id=15656, stack(0x000000462c800000,0x000000462c900000)]

Stack: [0x000000462c800000,0x000000462c900000],  sp=0x000000462c8ff400,  free space=1021k
Native frames: (J=compiled Java code, j=interpreted, Vv=VM code, C=native code)
C  [jniRaylib.dll+0xdf490]

Java frames: (J=compiled Java code, j=interpreted, Vv=VM code)
j  com.raylib.Raylib.GuiButton(Lcom/raylib/Raylib$Rectangle;Ljava/lang/String;)Z+0
j  PineVille.MenuScene.main([Ljava/lang/String;)V+89
v  ~StubRoutines::call_stub

siginfo: EXCEPTION_ACCESS_VIOLATION (0xc0000005), writing address 0x000001aba36f0fe0


Registers:
RAX=0x00000000000000c9, RBX=0x00000000ffc9c9c9, RCX=0x000001aba36f0fe0, RDX=0x0000000000000000
RSP=0x000000462c8ff400, RBP=0x000000462c8ff700, RSI=0x000000462c8ff5e0, RDI=0x000000462c8ff560
R8 =0x0000000000000000, R9 =0x0000000000000000, R10=0x00007ffae90c0000, R11=0x00000000000007ff
R12=0x0000000000000000, R13=0x00007ffa705f9180, R14=0x0000000000000002, R15=0x000001aba0e4a6f0
RIP=0x00007ffa704cf490, EFLAGS=0x0000000000010246


Register to memory mapping:

RIP=0x00007ffa704cf490 jniRaylib.dll
RAX=0x00000000000000c9 is an unknown value
RBX=0x00000000ffc9c9c9 is an unknown value
RCX=0x000001aba36f0fe0 is an unknown value
RDX=0x0 is NULL
RSP=0x000000462c8ff400 is pointing into the stack for thread: 0x000001ab371dda10
RBP=0x000000462c8ff700 is pointing into the stack for thread: 0x000001ab371dda10
RSI=0x000000462c8ff5e0 is pointing into the stack for thread: 0x000001ab371dda10
RDI=0x000000462c8ff560 is pointing into the stack for thread: 0x000001ab371dda10
R8 =0x0 is NULL
R9 =0x0 is NULL
R10=0x00007ffae90c0000 VCRUNTIME140.dll
R11=0x00000000000007ff is an unknown value
R12=0x0 is NULL
R13=0x00007ffa705f9180 jniRaylib.dll
R14=0x0000000000000002 is an unknown value
R15=0x000001aba0e4a6f0 points into unknown readable memory: 0x0000010074697551 | 51 75 69 74 00 01 00 00


Top of Stack: (sp=0x000000462c8ff400)
0x000000462c8ff400:   000001ab34e00ed0 00000000000003d8
0x000000462c8ff410:   000000462c8ff570 0000000000000005
0x000000462c8ff420:   0000000000000000 0000000000000000
0x000000462c8ff430:   0000000044520000 0000000000000000
0x000000462c8ff440:   0000000044778000 0000000000000000
0x000000462c8ff450:   00000000ffc9c9c9 00007ffa704d5c63
0x000000462c8ff460:   000001ab34e00000 000001ab0000000b
0x000000462c8ff470:   0000000000000005 000001ab00000000
0x000000462c8ff480:   0000000000000000 00007ffa73340181
0x000000462c8ff490:   0000000000000000 0000000000000000
0x000000462c8ff4a0:   0000000000000000 0000000000000000
0x000000462c8ff4b0:   0000000000000000 0000000000000000
0x000000462c8ff4c0:   0000000000000000 0000000000000000
0x000000462c8ff4d0:   0000000000000000 0000000000000000
0x000000462c8ff4e0:   0000000000000000 0000000000000000
0x000000462c8ff4f0:   0000000000000000 0000000000000000
0x000000462c8ff500:   000001ab371ddcc8 000001ab371dda10
0x000000462c8ff510:   0000000000000000 0000000000000000
0x000000462c8ff520:   0000000000000000 0000000000000000
0x000000462c8ff530:   00000000ffc9c9c9 00007ffa704d53da
0x000000462c8ff540:   00000000ff838383 0000000000000010
0x000000462c8ff550:   0000000000000000 000001abffc9c9c9
0x000000462c8ff560:   4452000044318000 4316000043fa0000
0x000000462c8ff570:   0000000000000004 00007ffa704021c6
0x000000462c8ff580:   000001ab371dda10 00007ffa7334f012
0x000000462c8ff590:   0000000000000005 00007ffa73744047
0x000000462c8ff5a0:   00000046ffc9c9c9 000001ab371dda10
0x000000462c8ff5b0:   000000462c8ff650 00007ffa703f90de
0x000000462c8ff5c0:   000001abff838383 00000000ff838383
0x000000462c8ff5d0:   0000000000000000 000000462c8ff710
0x000000462c8ff5e0:   4452000044318000 4316000043fa0000
0x000000462c8ff5f0:   000001ab371ddcc8 0000000000000004 

Instructions: (pc=0x00007ffa704cf490)
0x00007ffa704cf390:   08 8b 05 41 2e 11 00 49 c1 e1 06 8d 0c 40 4b 8b
0x00007ffa704cf3a0:   44 01 08 48 63 d1 f3 0f 11 34 90 48 8b 05 fe 2d
0x00007ffa704cf3b0:   11 00 4c 63 48 04 4c 8b 40 08 8b 05 18 2e 11 00
0x00007ffa704cf3c0:   49 c1 e1 06 8d 0c 40 4b 8b 44 01 08 48 63 d1 f3
0x00007ffa704cf3d0:   0f 11 7c 90 04 48 8b 05 d4 2d 11 00 4c 63 48 04
0x00007ffa704cf3e0:   4c 8b 40 08 8b 05 ee 2d 11 00 49 c1 e1 06 8d 0c
0x00007ffa704cf3f0:   40 4b 8b 44 01 08 48 63 d1 f3 44 0f 11 44 90 08
0x00007ffa704cf400:   48 8b 05 a9 2d 11 00 f3 0f 10 05 cd 2d 11 00 4c
0x00007ffa704cf410:   63 40 04 48 8b 50 08 8b 05 bb 2d 11 00 03 c0 49
0x00007ffa704cf420:   c1 e0 06 48 63 c8 49 8b 44 10 10 f3 0f 11 04 88
0x00007ffa704cf430:   48 8b 05 79 2d 11 00 f3 0f 10 05 a1 2d 11 00 4c
0x00007ffa704cf440:   63 40 04 48 8b 50 08 8b 05 8b 2d 11 00 03 c0 49
0x00007ffa704cf450:   c1 e0 06 48 63 c8 49 8b 44 10 10 f3 0f 11 44 88
0x00007ffa704cf460:   04 48 8b 05 48 2d 11 00 4c 63 40 04 48 8b 48 08
0x00007ffa704cf470:   8b 05 62 2d 11 00 49 c1 e0 06 8d 04 85 00 00 00
0x00007ffa704cf480:   00 49 8b 4c 08 18 48 63 d0 0f b6 05 60 2d 11 00
0x00007ffa704cf490:   88 04 0a 48 8b 05 16 2d 11 00 4c 63 40 04 48 8b
0x00007ffa704cf4a0:   48 08 8b 05 30 2d 11 00 49 c1 e0 06 8d 04 85 00
0x00007ffa704cf4b0:   00 00 00 49 8b 4c 08 18 48 63 d0 0f b6 05 2f 2d
0x00007ffa704cf4c0:   11 00 88 44 11 01 48 8b 05 e3 2c 11 00 4c 63 40
0x00007ffa704cf4d0:   04 48 8b 48 08 8b 05 fd 2c 11 00 49 c1 e0 06 8d
0x00007ffa704cf4e0:   04 85 00 00 00 00 49 8b 4c 08 18 48 63 d0 0f b6
0x00007ffa704cf4f0:   05 fd 2c 11 00 88 44 11 02 48 8b 05 b0 2c 11 00
0x00007ffa704cf500:   4c 63 40 04 48 8b 48 08 8b 05 ca 2c 11 00 49 c1
0x00007ffa704cf510:   e0 06 49 8b 4c 08 18 8d 04 85 00 00 00 00 0f 28
0x00007ffa704cf520:   74 24 40 0f 28 7c 24 30 44 0f 28 44 24 20 48 63
0x00007ffa704cf530:   d0 0f b6 05 bb 2c 11 00 88 44 11 03 48 8b 05 6d
0x00007ffa704cf540:   2c 11 00 ff 05 8f 2c 11 00 48 63 48 18 48 8b 40
0x00007ffa704cf550:   10 48 03 c9 ff 44 c8 f4 48 83 c4 58 c3 cc cc cc
0x00007ffa704cf560:   48 ff 25 21 2c 11 00 cc cc cc cc cc cc cc cc cc
0x00007ffa704cf570:   40 55 48 83 ec 50 0f 10 05 3b 2c 11 00 33 d2 b9
0x00007ffa704cf580:   92 88 00 00 0f 29 44 24 20 0f 29 44 24 30 0f 10 


Stack slot to memory mapping:
stack at sp + 0 slots: 0x000001ab34e00ed0 points into unknown readable memory: 0x0000000000000000 | 00 00 00 00 00 00 00 00
stack at sp + 1 slots: 0x00000000000003d8 is an unknown value
stack at sp + 2 slots: 0x000000462c8ff570 is pointing into the stack for thread: 0x000001ab371dda10
stack at sp + 3 slots: 0x0000000000000005 is an unknown value
stack at sp + 4 slots: 0x0 is NULL
stack at sp + 5 slots: 0x0 is NULL
stack at sp + 6 slots: 0x0000000044520000 is an unknown value
stack at sp + 7 slots: 0x0 is NULL


---------------  P R O C E S S  ---------------

Threads class SMR info:
_java_thread_list=0x000001aba0e2cf10, length=15, elements={
0x000001ab371dda10, 0x000001ab5aa46330, 0x000001ab5aa46ef0, 0x000001ab5aa5f220,
0x000001ab5aa5fcf0, 0x000001ab5aa64ce0, 0x000001ab5aa65cb0, 0x000001ab5aa66c60,
0x000001ab5aa68340, 0x000001ab5aa68d40, 0x000001ab5ab26bb0, 0x000001ab5abfe210,
0x000001ab5ac02fb0, 0x000001ab5ae347c0, 0x000001aba22e9ff0
}

Java Threads: ( => current thread )
=>0x000001ab371dda10 JavaThread "main" [_thread_in_native, id=15656, stack(0x000000462c800000,0x000000462c900000)]
  0x000001ab5aa46330 JavaThread "Reference Handler" daemon [_thread_blocked, id=6968, stack(0x000000462cf00000,0x000000462d000000)]
  0x000001ab5aa46ef0 JavaThread "Finalizer" daemon [_thread_blocked, id=2820, stack(0x000000462d000000,0x000000462d100000)]
  0x000001ab5aa5f220 JavaThread "Signal Dispatcher" daemon [_thread_blocked, id=1276, stack(0x000000462d100000,0x000000462d200000)]
  0x000001ab5aa5fcf0 JavaThread "Attach Listener" daemon [_thread_blocked, id=31568, stack(0x000000462d200000,0x000000462d300000)]
  0x000001ab5aa64ce0 JavaThread "Service Thread" daemon [_thread_blocked, id=9804, stack(0x000000462d300000,0x000000462d400000)]
  0x000001ab5aa65cb0 JavaThread "Monitor Deflation Thread" daemon [_thread_blocked, id=25840, stack(0x000000462d400000,0x000000462d500000)]
  0x000001ab5aa66c60 JavaThread "C2 CompilerThread0" daemon [_thread_blocked, id=31500, stack(0x000000462d500000,0x000000462d600000)]
  0x000001ab5aa68340 JavaThread "C1 CompilerThread0" daemon [_thread_blocked, id=6868, stack(0x000000462d600000,0x000000462d700000)]
  0x000001ab5aa68d40 JavaThread "Sweeper thread" daemon [_thread_blocked, id=33316, stack(0x000000462d700000,0x000000462d800000)]
  0x000001ab5ab26bb0 JavaThread "C1 CompilerThread1" daemon [_thread_blocked, id=30492, stack(0x000000462d800000,0x000000462d900000)]
  0x000001ab5abfe210 JavaThread "Notification Thread" daemon [_thread_blocked, id=32984, stack(0x000000462d900000,0x000000462da00000)]
  0x000001ab5ac02fb0 JavaThread "Common-Cleaner" daemon [_thread_blocked, id=13484, stack(0x000000462db00000,0x000000462dc00000)]
  0x000001ab5ae347c0 JavaThread "C1 CompilerThread2" daemon [_thread_blocked, id=12380, stack(0x000000462dc00000,0x000000462dd00000)]
  0x000001aba22e9ff0 JavaThread "JavaCPP Deallocator" daemon [_thread_blocked, id=32940, stack(0x000000462e100000,0x000000462e200000)]

Other Threads:
  0x000001ab5aa41a70 VMThread "VM Thread" [stack: 0x000000462ce00000,0x000000462cf00000] [id=25780]
  0x000001ab5abff700 WatcherThread [stack: 0x000000462da00000,0x000000462db00000] [id=30620]
  0x000001ab37247000 GCTaskThread "GC Thread#0" [stack: 0x000000462c900000,0x000000462ca00000] [id=7620]
  0x000001aba0472780 GCTaskThread "GC Thread#1" [stack: 0x000000462e200000,0x000000462e300000] [id=14900]
  0x000001aba0fc0ed0 GCTaskThread "GC Thread#2" [stack: 0x000000462e300000,0x000000462e400000] [id=24052]
  0x000001aba3548d40 GCTaskThread "GC Thread#3" [stack: 0x000000462e400000,0x000000462e500000] [id=21716]
  0x000001aba27ab6d0 GCTaskThread "GC Thread#4" [stack: 0x000000462e500000,0x000000462e600000] [id=14004]
  0x000001aba05b50c0 GCTaskThread "GC Thread#5" [stack: 0x000000462e600000,0x000000462e700000] [id=14916]
  0x000001ab372589b0 ConcurrentGCThread "G1 Main Marker" [stack: 0x000000462ca00000,0x000000462cb00000] [id=15724]
  0x000001ab3725a3e0 ConcurrentGCThread "G1 Conc#0" [stack: 0x000000462cb00000,0x000000462cc00000] [id=25224]
  0x000001ab3728ec40 ConcurrentGCThread "G1 Refine#0" [stack: 0x000000462cc00000,0x000000462cd00000] [id=16232]
  0x000001ab5a7e6f20 ConcurrentGCThread "G1 Service" [stack: 0x000000462cd00000,0x000000462ce00000] [id=15004]

Threads with active compile tasks:

VM state: not at safepoint (normal execution)

VM Mutex/Monitor currently owned by a thread: None

Heap address: 0x0000000705a00000, size: 4006 MB, Compressed Oops mode: Zero based, Oop shift amount: 3

CDS archive(s) mapped at: [0x000001ab5b000000-0x000001ab5bbb0000-0x000001ab5bbb0000), size 12255232, SharedBaseAddress: 0x000001ab5b000000, ArchiveRelocationMode: 1.
Compressed class space mapped at: 0x000001ab5c000000-0x000001ab9c000000, reserved size: 1073741824
Narrow klass base: 0x000001ab5b000000, Narrow klass shift: 0, Narrow klass range: 0x100000000

GC Precious Log:
 CPUs: 16 total, 16 available
 Memory: 16021M
 Large Page Support: Disabled
 NUMA Support: Disabled
 Compressed Oops: Enabled (Zero based)
 Heap Region Size: 2M
 Heap Min Capacity: 8M
 Heap Initial Capacity: 252M
 Heap Max Capacity: 4006M
 Pre-touch: Disabled
 Parallel Workers: 13
 Concurrent Workers: 3
 Concurrent Refinement Workers: 13
 Periodic GC: Disabled

Heap:
 garbage-first heap   total 258048K, used 3605K [0x0000000705a00000, 0x0000000800000000)
  region size 2048K, 3 young (6144K), 1 survivors (2048K)
 Metaspace       used 2130K, committed 2304K, reserved 1114112K
  class space    used 180K, committed 256K, reserved 1048576K

Heap Regions: E=young(eden), S=young(survivor), O=old, HS=humongous(starts), HC=humongous(continues), CS=collection set, F=free, OA=open archive, CA=closed archive, TAMS=top-at-mark-start (previous, next)
|   0|0x0000000705a00000, 0x0000000705a00000, 0x0000000705c00000|  0%| F|  |TAMS 0x0000000705a00000, 0x0000000705a00000| Untracked 
|   1|0x0000000705c00000, 0x0000000705c00000, 0x0000000705e00000|  0%| F|  |TAMS 0x0000000705c00000, 0x0000000705c00000| Untracked 
|   2|0x0000000705e00000, 0x0000000705e00000, 0x0000000706000000|  0%| F|  |TAMS 0x0000000705e00000, 0x0000000705e00000| Untracked 
|   3|0x0000000706000000, 0x0000000706000000, 0x0000000706200000|  0%| F|  |TAMS 0x0000000706000000, 0x0000000706000000| Untracked 
|   4|0x0000000706200000, 0x0000000706200000, 0x0000000706400000|  0%| F|  |TAMS 0x0000000706200000, 0x0000000706200000| Untracked 
|   5|0x0000000706400000, 0x0000000706400000, 0x0000000706600000|  0%| F|  |TAMS 0x0000000706400000, 0x0000000706400000| Untracked 
|   6|0x0000000706600000, 0x0000000706600000, 0x0000000706800000|  0%| F|  |TAMS 0x0000000706600000, 0x0000000706600000| Untracked 
|   7|0x0000000706800000, 0x0000000706800000, 0x0000000706a00000|  0%| F|  |TAMS 0x0000000706800000, 0x0000000706800000| Untracked 
|   8|0x0000000706a00000, 0x0000000706a00000, 0x0000000706c00000|  0%| F|  |TAMS 0x0000000706a00000, 0x0000000706a00000| Untracked 
|   9|0x0000000706c00000, 0x0000000706c00000, 0x0000000706e00000|  0%| F|  |TAMS 0x0000000706c00000, 0x0000000706c00000| Untracked 
|  10|0x0000000706e00000, 0x0000000706e00000, 0x0000000707000000|  0%| F|  |TAMS 0x0000000706e00000, 0x0000000706e00000| Untracked 
|  11|0x0000000707000000, 0x0000000707000000, 0x0000000707200000|  0%| F|  |TAMS 0x0000000707000000, 0x0000000707000000| Untracked 
|  12|0x0000000707200000, 0x0000000707200000, 0x0000000707400000|  0%| F|  |TAMS 0x0000000707200000, 0x0000000707200000| Untracked 
|  13|0x0000000707400000, 0x0000000707400000, 0x0000000707600000|  0%| F|  |TAMS 0x0000000707400000, 0x0000000707400000| Untracked 
|  14|0x0000000707600000, 0x0000000707600000, 0x0000000707800000|  0%| F|  |TAMS 0x0000000707600000, 0x0000000707600000| Untracked 
|  15|0x0000000707800000, 0x0000000707800000, 0x0000000707a00000|  0%| F|  |TAMS 0x0000000707800000, 0x0000000707800000| Untracked 
|  16|0x0000000707a00000, 0x0000000707a00000, 0x0000000707c00000|  0%| F|  |TAMS 0x0000000707a00000, 0x0000000707a00000| Untracked 
|  17|0x0000000707c00000, 0x0000000707c00000, 0x0000000707e00000|  0%| F|  |TAMS 0x0000000707c00000, 0x0000000707c00000| Untracked 
|  18|0x0000000707e00000, 0x0000000707e00000, 0x0000000708000000|  0%| F|  |TAMS 0x0000000707e00000, 0x0000000707e00000| Untracked 
|  19|0x0000000708000000, 0x0000000708000000, 0x0000000708200000|  0%| F|  |TAMS 0x0000000708000000, 0x0000000708000000| Untracked 
|  20|0x0000000708200000, 0x0000000708200000, 0x0000000708400000|  0%| F|  |TAMS 0x0000000708200000, 0x0000000708200000| Untracked 
|  21|0x0000000708400000, 0x0000000708400000, 0x0000000708600000|  0%| F|  |TAMS 0x0000000708400000, 0x0000000708400000| Untracked 
|  22|0x0000000708600000, 0x0000000708600000, 0x0000000708800000|  0%| F|  |TAMS 0x0000000708600000, 0x0000000708600000| Untracked 
|  23|0x0000000708800000, 0x0000000708800000, 0x0000000708a00000|  0%| F|  |TAMS 0x0000000708800000, 0x0000000708800000| Untracked 
|  24|0x0000000708a00000, 0x0000000708a00000, 0x0000000708c00000|  0%| F|  |TAMS 0x0000000708a00000, 0x0000000708a00000| Untracked 
|  25|0x0000000708c00000, 0x0000000708c00000, 0x0000000708e00000|  0%| F|  |TAMS 0x0000000708c00000, 0x0000000708c00000| Untracked 
|  26|0x0000000708e00000, 0x0000000708e00000, 0x0000000709000000|  0%| F|  |TAMS 0x0000000708e00000, 0x0000000708e00000| Untracked 
|  27|0x0000000709000000, 0x0000000709000000, 0x0000000709200000|  0%| F|  |TAMS 0x0000000709000000, 0x0000000709000000| Untracked 
|  28|0x0000000709200000, 0x0000000709200000, 0x0000000709400000|  0%| F|  |TAMS 0x0000000709200000, 0x0000000709200000| Untracked 
|  29|0x0000000709400000, 0x0000000709400000, 0x0000000709600000|  0%| F|  |TAMS 0x0000000709400000, 0x0000000709400000| Untracked 
|  30|0x0000000709600000, 0x0000000709600000, 0x0000000709800000|  0%| F|  |TAMS 0x0000000709600000, 0x0000000709600000| Untracked 
|  31|0x0000000709800000, 0x0000000709800000, 0x0000000709a00000|  0%| F|  |TAMS 0x0000000709800000, 0x0000000709800000| Untracked 
|  32|0x0000000709a00000, 0x0000000709a00000, 0x0000000709c00000|  0%| F|  |TAMS 0x0000000709a00000, 0x0000000709a00000| Untracked 
|  33|0x0000000709c00000, 0x0000000709c00000, 0x0000000709e00000|  0%| F|  |TAMS 0x0000000709c00000, 0x0000000709c00000| Untracked 
|  34|0x0000000709e00000, 0x0000000709e00000, 0x000000070a000000|  0%| F|  |TAMS 0x0000000709e00000, 0x0000000709e00000| Untracked 
|  35|0x000000070a000000, 0x000000070a000000, 0x000000070a200000|  0%| F|  |TAMS 0x000000070a000000, 0x000000070a000000| Untracked 
|  36|0x000000070a200000, 0x000000070a200000, 0x000000070a400000|  0%| F|  |TAMS 0x000000070a200000, 0x000000070a200000| Untracked 
|  37|0x000000070a400000, 0x000000070a400000, 0x000000070a600000|  0%| F|  |TAMS 0x000000070a400000, 0x000000070a400000| Untracked 
|  38|0x000000070a600000, 0x000000070a600000, 0x000000070a800000|  0%| F|  |TAMS 0x000000070a600000, 0x000000070a600000| Untracked 
|  39|0x000000070a800000, 0x000000070a800000, 0x000000070aa00000|  0%| F|  |TAMS 0x000000070a800000, 0x000000070a800000| Untracked 
|  40|0x000000070aa00000, 0x000000070aa00000, 0x000000070ac00000|  0%| F|  |TAMS 0x000000070aa00000, 0x000000070aa00000| Untracked 
|  41|0x000000070ac00000, 0x000000070ac00000, 0x000000070ae00000|  0%| F|  |TAMS 0x000000070ac00000, 0x000000070ac00000| Untracked 
|  42|0x000000070ae00000, 0x000000070ae00000, 0x000000070b000000|  0%| F|  |TAMS 0x000000070ae00000, 0x000000070ae00000| Untracked 
|  43|0x000000070b000000, 0x000000070b000000, 0x000000070b200000|  0%| F|  |TAMS 0x000000070b000000, 0x000000070b000000| Untracked 
|  44|0x000000070b200000, 0x000000070b200000, 0x000000070b400000|  0%| F|  |TAMS 0x000000070b200000, 0x000000070b200000| Untracked 
|  45|0x000000070b400000, 0x000000070b400000, 0x000000070b600000|  0%| F|  |TAMS 0x000000070b400000, 0x000000070b400000| Untracked 
|  46|0x000000070b600000, 0x000000070b600000, 0x000000070b800000|  0%| F|  |TAMS 0x000000070b600000, 0x000000070b600000| Untracked 
|  47|0x000000070b800000, 0x000000070b800000, 0x000000070ba00000|  0%| F|  |TAMS 0x000000070b800000, 0x000000070b800000| Untracked 
|  48|0x000000070ba00000, 0x000000070ba00000, 0x000000070bc00000|  0%| F|  |TAMS 0x000000070ba00000, 0x000000070ba00000| Untracked 
|  49|0x000000070bc00000, 0x000000070bc00000, 0x000000070be00000|  0%| F|  |TAMS 0x000000070bc00000, 0x000000070bc00000| Untracked 
|  50|0x000000070be00000, 0x000000070be00000, 0x000000070c000000|  0%| F|  |TAMS 0x000000070be00000, 0x000000070be00000| Untracked 
|  51|0x000000070c000000, 0x000000070c000000, 0x000000070c200000|  0%| F|  |TAMS 0x000000070c000000, 0x000000070c000000| Untracked 
|  52|0x000000070c200000, 0x000000070c200000, 0x000000070c400000|  0%| F|  |TAMS 0x000000070c200000, 0x000000070c200000| Untracked 
|  53|0x000000070c400000, 0x000000070c400000, 0x000000070c600000|  0%| F|  |TAMS 0x000000070c400000, 0x000000070c400000| Untracked 
|  54|0x000000070c600000, 0x000000070c600000, 0x000000070c800000|  0%| F|  |TAMS 0x000000070c600000, 0x000000070c600000| Untracked 
|  55|0x000000070c800000, 0x000000070c800000, 0x000000070ca00000|  0%| F|  |TAMS 0x000000070c800000, 0x000000070c800000| Untracked 
|  56|0x000000070ca00000, 0x000000070ca00000, 0x000000070cc00000|  0%| F|  |TAMS 0x000000070ca00000, 0x000000070ca00000| Untracked 
|  57|0x000000070cc00000, 0x000000070cc00000, 0x000000070ce00000|  0%| F|  |TAMS 0x000000070cc00000, 0x000000070cc00000| Untracked 
|  58|0x000000070ce00000, 0x000000070ce00000, 0x000000070d000000|  0%| F|  |TAMS 0x000000070ce00000, 0x000000070ce00000| Untracked 
|  59|0x000000070d000000, 0x000000070d000000, 0x000000070d200000|  0%| F|  |TAMS 0x000000070d000000, 0x000000070d000000| Untracked 
|  60|0x000000070d200000, 0x000000070d200000, 0x000000070d400000|  0%| F|  |TAMS 0x000000070d200000, 0x000000070d200000| Untracked 
|  61|0x000000070d400000, 0x000000070d400000, 0x000000070d600000|  0%| F|  |TAMS 0x000000070d400000, 0x000000070d400000| Untracked 
|  62|0x000000070d600000, 0x000000070d600000, 0x000000070d800000|  0%| F|  |TAMS 0x000000070d600000, 0x000000070d600000| Untracked 
|  63|0x000000070d800000, 0x000000070d800000, 0x000000070da00000|  0%| F|  |TAMS 0x000000070d800000, 0x000000070d800000| Untracked 
|  64|0x000000070da00000, 0x000000070da00000, 0x000000070dc00000|  0%| F|  |TAMS 0x000000070da00000, 0x000000070da00000| Untracked 
|  65|0x000000070dc00000, 0x000000070dc00000, 0x000000070de00000|  0%| F|  |TAMS 0x000000070dc00000, 0x000000070dc00000| Untracked 
|  66|0x000000070de00000, 0x000000070de00000, 0x000000070e000000|  0%| F|  |TAMS 0x000000070de00000, 0x000000070de00000| Untracked 
|  67|0x000000070e000000, 0x000000070e000000, 0x000000070e200000|  0%| F|  |TAMS 0x000000070e000000, 0x000000070e000000| Untracked 
|  68|0x000000070e200000, 0x000000070e200000, 0x000000070e400000|  0%| F|  |TAMS 0x000000070e200000, 0x000000070e200000| Untracked 
|  69|0x000000070e400000, 0x000000070e400000, 0x000000070e600000|  0%| F|  |TAMS 0x000000070e400000, 0x000000070e400000| Untracked 
|  70|0x000000070e600000, 0x000000070e600000, 0x000000070e800000|  0%| F|  |TAMS 0x000000070e600000, 0x000000070e600000| Untracked 
|  71|0x000000070e800000, 0x000000070e800000, 0x000000070ea00000|  0%| F|  |TAMS 0x000000070e800000, 0x000000070e800000| Untracked 
|  72|0x000000070ea00000, 0x000000070ea00000, 0x000000070ec00000|  0%| F|  |TAMS 0x000000070ea00000, 0x000000070ea00000| Untracked 
|  73|0x000000070ec00000, 0x000000070ec00000, 0x000000070ee00000|  0%| F|  |TAMS 0x000000070ec00000, 0x000000070ec00000| Untracked 
|  74|0x000000070ee00000, 0x000000070ee00000, 0x000000070f000000|  0%| F|  |TAMS 0x000000070ee00000, 0x000000070ee00000| Untracked 
|  75|0x000000070f000000, 0x000000070f000000, 0x000000070f200000|  0%| F|  |TAMS 0x000000070f000000, 0x000000070f000000| Untracked 
|  76|0x000000070f200000, 0x000000070f200000, 0x000000070f400000|  0%| F|  |TAMS 0x000000070f200000, 0x000000070f200000| Untracked 
|  77|0x000000070f400000, 0x000000070f400000, 0x000000070f600000|  0%| F|  |TAMS 0x000000070f400000, 0x000000070f400000| Untracked 
|  78|0x000000070f600000, 0x000000070f600000, 0x000000070f800000|  0%| F|  |TAMS 0x000000070f600000, 0x000000070f600000| Untracked 
|  79|0x000000070f800000, 0x000000070f800000, 0x000000070fa00000|  0%| F|  |TAMS 0x000000070f800000, 0x000000070f800000| Untracked 
|  80|0x000000070fa00000, 0x000000070fa00000, 0x000000070fc00000|  0%| F|  |TAMS 0x000000070fa00000, 0x000000070fa00000| Untracked 
|  81|0x000000070fc00000, 0x000000070fc00000, 0x000000070fe00000|  0%| F|  |TAMS 0x000000070fc00000, 0x000000070fc00000| Untracked 
|  82|0x000000070fe00000, 0x000000070fe00000, 0x0000000710000000|  0%| F|  |TAMS 0x000000070fe00000, 0x000000070fe00000| Untracked 
|  83|0x0000000710000000, 0x0000000710000000, 0x0000000710200000|  0%| F|  |TAMS 0x0000000710000000, 0x0000000710000000| Untracked 
|  84|0x0000000710200000, 0x0000000710200000, 0x0000000710400000|  0%| F|  |TAMS 0x0000000710200000, 0x0000000710200000| Untracked 
|  85|0x0000000710400000, 0x0000000710400000, 0x0000000710600000|  0%| F|  |TAMS 0x0000000710400000, 0x0000000710400000| Untracked 
|  86|0x0000000710600000, 0x0000000710600000, 0x0000000710800000|  0%| F|  |TAMS 0x0000000710600000, 0x0000000710600000| Untracked 
|  87|0x0000000710800000, 0x0000000710800000, 0x0000000710a00000|  0%| F|  |TAMS 0x0000000710800000, 0x0000000710800000| Untracked 
|  88|0x0000000710a00000, 0x0000000710a00000, 0x0000000710c00000|  0%| F|  |TAMS 0x0000000710a00000, 0x0000000710a00000| Untracked 
|  89|0x0000000710c00000, 0x0000000710c00000, 0x0000000710e00000|  0%| F|  |TAMS 0x0000000710c00000, 0x0000000710c00000| Untracked 
|  90|0x0000000710e00000, 0x0000000710e00000, 0x0000000711000000|  0%| F|  |TAMS 0x0000000710e00000, 0x0000000710e00000| Untracked 
|  91|0x0000000711000000, 0x0000000711000000, 0x0000000711200000|  0%| F|  |TAMS 0x0000000711000000, 0x0000000711000000| Untracked 
|  92|0x0000000711200000, 0x0000000711200000, 0x0000000711400000|  0%| F|  |TAMS 0x0000000711200000, 0x0000000711200000| Untracked 
|  93|0x0000000711400000, 0x0000000711400000, 0x0000000711600000|  0%| F|  |TAMS 0x0000000711400000, 0x0000000711400000| Untracked 
|  94|0x0000000711600000, 0x0000000711600000, 0x0000000711800000|  0%| F|  |TAMS 0x0000000711600000, 0x0000000711600000| Untracked 
|  95|0x0000000711800000, 0x0000000711800000, 0x0000000711a00000|  0%| F|  |TAMS 0x0000000711800000, 0x0000000711800000| Untracked 
|  96|0x0000000711a00000, 0x0000000711a00000, 0x0000000711c00000|  0%| F|  |TAMS 0x0000000711a00000, 0x0000000711a00000| Untracked 
|  97|0x0000000711c00000, 0x0000000711c00000, 0x0000000711e00000|  0%| F|  |TAMS 0x0000000711c00000, 0x0000000711c00000| Untracked 
|  98|0x0000000711e00000, 0x0000000711e00000, 0x0000000712000000|  0%| F|  |TAMS 0x0000000711e00000, 0x0000000711e00000| Untracked 
|  99|0x0000000712000000, 0x0000000712000000, 0x0000000712200000|  0%| F|  |TAMS 0x0000000712000000, 0x0000000712000000| Untracked 
| 100|0x0000000712200000, 0x0000000712200000, 0x0000000712400000|  0%| F|  |TAMS 0x0000000712200000, 0x0000000712200000| Untracked 
| 101|0x0000000712400000, 0x0000000712400000, 0x0000000712600000|  0%| F|  |TAMS 0x0000000712400000, 0x0000000712400000| Untracked 
| 102|0x0000000712600000, 0x0000000712600000, 0x0000000712800000|  0%| F|  |TAMS 0x0000000712600000, 0x0000000712600000| Untracked 
| 103|0x0000000712800000, 0x0000000712800000, 0x0000000712a00000|  0%| F|  |TAMS 0x0000000712800000, 0x0000000712800000| Untracked 
| 104|0x0000000712a00000, 0x0000000712a00000, 0x0000000712c00000|  0%| F|  |TAMS 0x0000000712a00000, 0x0000000712a00000| Untracked 
| 105|0x0000000712c00000, 0x0000000712c00000, 0x0000000712e00000|  0%| F|  |TAMS 0x0000000712c00000, 0x0000000712c00000| Untracked 
| 106|0x0000000712e00000, 0x0000000712e00000, 0x0000000713000000|  0%| F|  |TAMS 0x0000000712e00000, 0x0000000712e00000| Untracked 
| 107|0x0000000713000000, 0x0000000713000000, 0x0000000713200000|  0%| F|  |TAMS 0x0000000713000000, 0x0000000713000000| Untracked 
| 108|0x0000000713200000, 0x0000000713200000, 0x0000000713400000|  0%| F|  |TAMS 0x0000000713200000, 0x0000000713200000| Untracked 
| 109|0x0000000713400000, 0x0000000713400000, 0x0000000713600000|  0%| F|  |TAMS 0x0000000713400000, 0x0000000713400000| Untracked 
| 110|0x0000000713600000, 0x0000000713600000, 0x0000000713800000|  0%| F|  |TAMS 0x0000000713600000, 0x0000000713600000| Untracked 
| 111|0x0000000713800000, 0x0000000713800000, 0x0000000713a00000|  0%| F|  |TAMS 0x0000000713800000, 0x0000000713800000| Untracked 
| 112|0x0000000713a00000, 0x0000000713a00000, 0x0000000713c00000|  0%| F|  |TAMS 0x0000000713a00000, 0x0000000713a00000| Untracked 
| 113|0x0000000713c00000, 0x0000000713c00000, 0x0000000713e00000|  0%| F|  |TAMS 0x0000000713c00000, 0x0000000713c00000| Untracked 
| 114|0x0000000713e00000, 0x0000000713f85510, 0x0000000714000000| 76%| S|CS|TAMS 0x0000000713e00000, 0x0000000713e00000| Complete 
| 115|0x0000000714000000, 0x0000000714000000, 0x0000000714200000|  0%| F|  |TAMS 0x0000000714000000, 0x0000000714000000| Untracked 
| 116|0x0000000714200000, 0x0000000714200000, 0x0000000714400000|  0%| F|  |TAMS 0x0000000714200000, 0x0000000714200000| Untracked 
| 117|0x0000000714400000, 0x0000000714400000, 0x0000000714600000|  0%| F|  |TAMS 0x0000000714400000, 0x0000000714400000| Untracked 
| 118|0x0000000714600000, 0x0000000714600000, 0x0000000714800000|  0%| F|  |TAMS 0x0000000714600000, 0x0000000714600000| Untracked 
| 119|0x0000000714800000, 0x0000000714800000, 0x0000000714a00000|  0%| F|  |TAMS 0x0000000714800000, 0x0000000714800000| Untracked 
| 120|0x0000000714a00000, 0x0000000714a00000, 0x0000000714c00000|  0%| F|  |TAMS 0x0000000714a00000, 0x0000000714a00000| Untracked 
| 121|0x0000000714c00000, 0x0000000714c00000, 0x0000000714e00000|  0%| F|  |TAMS 0x0000000714c00000, 0x0000000714c00000| Untracked 
| 122|0x0000000714e00000, 0x0000000714e00000, 0x0000000715000000|  0%| F|  |TAMS 0x0000000714e00000, 0x0000000714e00000| Untracked 
| 123|0x0000000715000000, 0x0000000715000000, 0x0000000715200000|  0%| F|  |TAMS 0x0000000715000000, 0x0000000715000000| Untracked 
| 124|0x0000000715200000, 0x00000007152c5df0, 0x0000000715400000| 38%| E|  |TAMS 0x0000000715200000, 0x0000000715200000| Complete 
| 125|0x0000000715400000, 0x0000000715600000, 0x0000000715600000|100%| E|CS|TAMS 0x0000000715400000, 0x0000000715400000| Complete 

Card table byte_map: [0x000001ab4ed60000,0x000001ab4f540000] _byte_map_base: 0x000001ab4b533000

Marking Bits (Prev, Next): (CMBitMap*) 0x000001ab37247620, (CMBitMap*) 0x000001ab37247660
 Prev Bits: [0x000001ab4fd20000, 0x000001ab53bb8000)
 Next Bits: [0x000001ab53bc0000, 0x000001ab57a58000)

Polling page: 0x000001ab35150000

Metaspace:

Usage:
  Non-class:      1.90 MB used.
      Class:    180.95 KB used.
       Both:      2.08 MB used.

Virtual space:
  Non-class space:       64.00 MB reserved,       2.00 MB (  3%) committed,  1 nodes.
      Class space:        1.00 GB reserved,     256.00 KB ( <1%) committed,  1 nodes.
             Both:        1.06 GB reserved,       2.25 MB ( <1%) committed. 

Chunk freelists:
   Non-Class:  11.24 MB
       Class:  15.65 MB
        Both:  26.89 MB

MaxMetaspaceSize: unlimited
CompressedClassSpaceSize: 1.00 GB
Initial GC threshold: 21.00 MB
Current GC threshold: 21.00 MB
CDS: on
MetaspaceReclaimPolicy: balanced
 - commit_granule_bytes: 65536.
 - commit_granule_words: 8192.
 - virtual_space_node_default_size: 8388608.
 - enlarge_chunks_in_place: 1.
 - new_chunks_are_fully_committed: 0.
 - uncommit_free_chunks: 1.
 - use_allocation_guard: 0.
 - handle_deallocations: 1.


Internal statistics:

num_allocs_failed_limit: 0.
num_arena_births: 32.
num_arena_deaths: 0.
num_vsnodes_births: 2.
num_vsnodes_deaths: 0.
num_space_committed: 36.
num_space_uncommitted: 0.
num_chunks_returned_to_freelist: 0.
num_chunks_taken_from_freelist: 72.
num_chunk_merges: 0.
num_chunk_splits: 52.
num_chunks_enlarged: 37.
num_inconsistent_stats: 0.

CodeHeap 'non-profiled nmethods': size=119168Kb used=626Kb max_used=626Kb free=118542Kb
 bounds [0x000001ab46890000, 0x000001ab46b00000, 0x000001ab4dcf0000]
CodeHeap 'profiled nmethods': size=119104Kb used=1411Kb max_used=1411Kb free=117692Kb
 bounds [0x000001ab3ecf0000, 0x000001ab3ef60000, 0x000001ab46140000]
CodeHeap 'non-nmethods': size=7488Kb used=2285Kb max_used=2403Kb free=5202Kb
 bounds [0x000001ab46140000, 0x000001ab463b0000, 0x000001ab46890000]
 total_blobs=1300 nmethods=861 adapters=350
 compilation: enabled
              stopped_count=0, restarted_count=0
 full_count=0

Compilation events (20 events):
Event: 4.751 Thread 0x000001ab5ab26bb0  849       3       java.lang.invoke.LambdaForm$MH/0x000001ab5c019000::invoke (27 bytes)
Event: 4.751 Thread 0x000001ab5ae347c0 nmethod 843 0x000001ab3ee4c110 code [0x000001ab3ee4c2c0, 0x000001ab3ee4c458]
Event: 4.751 Thread 0x000001ab5ae347c0  850       3       java.lang.invoke.DirectMethodHandle$Holder::invokeStatic (17 bytes)
Event: 4.751 Thread 0x000001ab5ab26bb0 nmethod 849 0x000001ab3ee4c510 code [0x000001ab3ee4c6c0, 0x000001ab3ee4ca78]
Event: 4.751 Thread 0x000001ab5ab26bb0  851       3       java.lang.StringConcatHelper::mix (11 bytes)
Event: 4.751 Thread 0x000001ab5ab26bb0 nmethod 851 0x000001ab3ee4cb90 code [0x000001ab3ee4cd40, 0x000001ab3ee4cfb8]
Event: 4.751 Thread 0x000001ab5ae347c0 nmethod 850 0x000001ab3ee4d110 code [0x000001ab3ee4d2e0, 0x000001ab3ee4d6d8]
Event: 4.751 Thread 0x000001ab5ab26bb0  852       3       java.lang.invoke.DirectMethodHandle$Holder::invokeStatic (14 bytes)
Event: 4.751 Thread 0x000001ab5ae347c0  853       3       java.lang.invoke.LambdaForm$MH/0x000001ab5c018400::invoke (32 bytes)
Event: 4.752 Thread 0x000001ab5ab26bb0 nmethod 852 0x000001ab3ee4d810 code [0x000001ab3ee4d9e0, 0x000001ab3ee4de38]
Event: 4.752 Thread 0x000001ab5aa68340 nmethod 848 0x000001ab3ee4df90 code [0x000001ab3ee4e1a0, 0x000001ab3ee4eae8]
Event: 4.752 Thread 0x000001ab5ae347c0 nmethod 853 0x000001ab3ee4ed90 code [0x000001ab3ee4ef60, 0x000001ab3ee4f438]
Event: 5.818 Thread 0x000001ab5ae347c0  854       3       java.lang.invoke.DirectMethodHandle$Holder::invokeStatic (21 bytes)
Event: 5.818 Thread 0x000001ab5ab26bb0  856       3       java.lang.StringConcatHelper::prepend (30 bytes)
Event: 5.818 Thread 0x000001ab5aa68340  855       3       java.lang.StringConcatHelper::prepend (22 bytes)
Event: 5.818 Thread 0x000001ab5ab26bb0 nmethod 856 0x000001ab3ee4f590 code [0x000001ab3ee4f740, 0x000001ab3ee4f918]
Event: 5.818 Thread 0x000001ab5ab26bb0  857       3       java.lang.invoke.DirectMethodHandle$Holder::invokeStatic (17 bytes)
Event: 5.818 Thread 0x000001ab5ae347c0 nmethod 854 0x000001ab3ee4fa10 code [0x000001ab3ee4fbe0, 0x000001ab3ee500f8]
Event: 5.818 Thread 0x000001ab5ab26bb0 nmethod 857 0x000001ab3ee50210 code [0x000001ab3ee503e0, 0x000001ab3ee508f8]
Event: 5.818 Thread 0x000001ab5aa68340 nmethod 855 0x000001ab3ee50a10 code [0x000001ab3ee50be0, 0x000001ab3ee50e68]

GC Heap History (2 events):
Event: 0.641 GC heap before
{Heap before GC invocations=0 (full 0):
 garbage-first heap   total 258048K, used 22528K [0x0000000705a00000, 0x0000000800000000)
  region size 2048K, 11 young (22528K), 0 survivors (0K)
 Metaspace       used 1827K, committed 1984K, reserved 1114112K
  class space    used 144K, committed 192K, reserved 1048576K
}
Event: 0.643 GC heap after
{Heap after GC invocations=1 (full 0):
 garbage-first heap   total 258048K, used 1557K [0x0000000705a00000, 0x0000000800000000)
  region size 2048K, 1 young (2048K), 1 survivors (2048K)
 Metaspace       used 1827K, committed 1984K, reserved 1114112K
  class space    used 144K, committed 192K, reserved 1048576K
}

Dll operation events (20 events):
Event: 0.381 Loaded shared library C:\Program Files (x86)\Windows Kits\10\Redist\ucrt\DLLs\x64\api-ms-win-core-rtlsupport-l1-1-0.dll
Event: 0.394 Loaded shared library C:\Program Files (x86)\Windows Kits\10\Redist\ucrt\DLLs\x64\api-ms-win-core-processthreads-l1-1-1.dll
Event: 0.406 Loaded shared library C:\Program Files (x86)\Windows Kits\10\Redist\ucrt\DLLs\x64\api-ms-win-core-file-l1-2-0.dll
Event: 0.418 Loaded shared library C:\Program Files (x86)\Windows Kits\10\Redist\ucrt\DLLs\x64\api-ms-win-core-profile-l1-1-0.dll
Event: 0.428 Loaded shared library C:\Program Files (x86)\Windows Kits\10\Redist\ucrt\DLLs\x64\api-ms-win-core-memory-l1-1-0.dll
Event: 0.440 Loaded shared library C:\Program Files (x86)\Windows Kits\10\Redist\ucrt\DLLs\x64\api-ms-win-core-util-l1-1-0.dll
Event: 0.451 Loaded shared library C:\Program Files (x86)\Windows Kits\10\Redist\ucrt\DLLs\x64\api-ms-win-core-interlocked-l1-1-0.dll
Event: 0.466 Loaded shared library C:\Program Files (x86)\Windows Kits\10\Redist\ucrt\DLLs\x64\ucrtbase.dll
Event: 0.478 Loaded shared library C:\Users\luczu\.jdks\corretto-17.0.10\bin\vcruntime140.dll
Event: 0.490 Loaded shared library C:\Users\luczu\.jdks\corretto-17.0.10\bin\vcruntime140_1.dll
Event: 0.503 Loaded shared library C:\Users\luczu\.jdks\corretto-17.0.10\bin\msvcp140.dll
Event: 0.515 Loaded shared library C:\Windows\System32\msvcp140_1.dll
Event: 0.530 Loaded shared library C:\Windows\System32\concrt140.dll
Event: 0.540 Loaded shared library C:\Windows\System32\vcomp140.dll
Event: 0.559 Loaded shared library C:\Windows\System32\winmm.dll
Event: 0.563 Loaded shared library C:\Windows\System32\opengl32.dll
Event: 0.565 Loaded shared library C:\Windows\System32\user32.dll
Event: 0.566 Loaded shared library C:\Windows\System32\shell32.dll
Event: 0.568 Loaded shared library C:\Windows\System32\gdi32.dll
Event: 0.593 Loaded shared library C:\Users\luczu\.javacpp\cache\jaylib-4.5.0-0.jar\com\raylib\windows-x86_64\jniRaylib.dll

Deoptimization events (20 events):
Event: 0.552 Thread 0x000001ab371dda10 DEOPT PACKING pc=0x000001ab468b3bfc sp=0x000000462c8fd9b0
Event: 0.552 Thread 0x000001ab371dda10 DEOPT UNPACKING pc=0x000001ab4619a1a3 sp=0x000000462c8fd938 mode 2
Event: 0.559 Thread 0x000001ab371dda10 Uncommon trap: trap_request=0xffffff45 fr.pc=0x000001ab468b55a4 relative=0x0000000000000184
Event: 0.559 Thread 0x000001ab371dda10 Uncommon trap: reason=unstable_if action=reinterpret pc=0x000001ab468b55a4 method=sun.net.www.ParseUtil.firstEncodeIndex(Ljava/lang/String;)I @ 51 c2
Event: 0.559 Thread 0x000001ab371dda10 DEOPT PACKING pc=0x000001ab468b55a4 sp=0x000000462c8fe210
Event: 0.559 Thread 0x000001ab371dda10 DEOPT UNPACKING pc=0x000001ab4619a1a3 sp=0x000000462c8fe198 mode 2
Event: 0.567 Thread 0x000001ab371dda10 DEOPT PACKING pc=0x000001ab3eddd298 sp=0x000000462c8fe240
Event: 0.567 Thread 0x000001ab371dda10 DEOPT UNPACKING pc=0x000001ab4619ace3 sp=0x000000462c8fd748 mode 0
Event: 0.570 Thread 0x000001ab371dda10 Uncommon trap: trap_request=0xffffff45 fr.pc=0x000001ab468d1604 relative=0x0000000000001364
Event: 0.570 Thread 0x000001ab371dda10 Uncommon trap: reason=unstable_if action=reinterpret pc=0x000001ab468d1604 method=java.net.URL.<init>(Ljava/net/URL;Ljava/lang/String;Ljava/net/URLStreamHandler;)V @ 273 c2
Event: 0.570 Thread 0x000001ab371dda10 DEOPT PACKING pc=0x000001ab468d1604 sp=0x000000462c8fe150
Event: 0.570 Thread 0x000001ab371dda10 DEOPT UNPACKING pc=0x000001ab4619a1a3 sp=0x000000462c8fe0e0 mode 2
Event: 0.615 Thread 0x000001ab371dda10 DEOPT PACKING pc=0x000001ab3ede4e48 sp=0x000000462c8fcc00
Event: 0.615 Thread 0x000001ab371dda10 DEOPT UNPACKING pc=0x000001ab4619ace3 sp=0x000000462c8fc118 mode 0
Event: 0.630 Thread 0x000001ab371dda10 DEOPT PACKING pc=0x000001ab3eddd298 sp=0x000000462c8fd2b0
Event: 0.630 Thread 0x000001ab371dda10 DEOPT UNPACKING pc=0x000001ab4619ace3 sp=0x000000462c8fc7c8 mode 0
Event: 0.644 Thread 0x000001ab371dda10 Uncommon trap: trap_request=0xffffff45 fr.pc=0x000001ab468c1360 relative=0x00000000000000e0
Event: 0.644 Thread 0x000001ab371dda10 Uncommon trap: reason=unstable_if action=reinterpret pc=0x000001ab468c1360 method=java.lang.ref.SoftReference.get()Ljava/lang/Object; @ 17 c2
Event: 0.644 Thread 0x000001ab371dda10 DEOPT PACKING pc=0x000001ab468c1360 sp=0x000000462c8fcd60
Event: 0.644 Thread 0x000001ab371dda10 DEOPT UNPACKING pc=0x000001ab4619a1a3 sp=0x000000462c8fcd18 mode 2

Classes unloaded (0 events):
No events

Classes redefined (0 events):
No events

Internal exceptions (7 events):
Event: 0.114 Thread 0x000001ab371dda10 Exception <a 'java/lang/NoSuchMethodError'{0x0000000715281220}: 'int java.lang.invoke.DirectMethodHandle$Holder.invokeStaticInit(java.lang.Object, java.lang.Object, java.lang.Object, java.lang.Object)'> (0x0000000715281220) 
thrown [s\src\hotspot\share\interpreter\linkResolver.cpp, line 759]
Event: 0.116 Thread 0x000001ab371dda10 Exception <a 'java/lang/NoSuchMethodError'{0x000000071528bf30}: 'java.lang.Object java.lang.invoke.DirectMethodHandle$Holder.invokeInterface(java.lang.Object, java.lang.Object)'> (0x000000071528bf30) 
thrown [s\src\hotspot\share\interpreter\linkResolver.cpp, line 759]
Event: 0.116 Thread 0x000001ab371dda10 Exception <a 'java/lang/IncompatibleClassChangeError'{0x000000071528f648}: Found class java.lang.Object, but interface was expected> (0x000000071528f648) 
thrown [s\src\hotspot\share\interpreter\linkResolver.cpp, line 826]
Event: 0.117 Thread 0x000001ab371dda10 Exception <a 'java/lang/NoSuchMethodError'{0x00000007152927f0}: 'void java.lang.invoke.DirectMethodHandle$Holder.invokeStatic(java.lang.Object, java.lang.Object)'> (0x00000007152927f0) 
thrown [s\src\hotspot\share\interpreter\linkResolver.cpp, line 759]
Event: 0.117 Thread 0x000001ab371dda10 Exception <a 'java/lang/NoSuchMethodError'{0x0000000715295e60}: 'void java.lang.invoke.DirectMethodHandle$Holder.invokeStaticInit(java.lang.Object, java.lang.Object)'> (0x0000000715295e60) 
thrown [s\src\hotspot\share\interpreter\linkResolver.cpp, line 759]
Event: 0.118 Thread 0x000001ab371dda10 Exception <a 'java/lang/NoSuchMethodError'{0x000000071529c548}: 'int java.lang.invoke.DirectMethodHandle$Holder.invokeStaticInit(java.lang.Object, java.lang.Object)'> (0x000000071529c548) 
thrown [s\src\hotspot\share\interpreter\linkResolver.cpp, line 759]
Event: 0.588 Thread 0x000001ab371dda10 Exception <a 'java/lang/NoSuchMethodError'{0x00000007141617b0}: 'java.lang.Object java.lang.invoke.DirectMethodHandle$Holder.invokeStatic(java.lang.Object, int, java.lang.Object)'> (0x00000007141617b0) 
thrown [s\src\hotspot\share\interpreter\linkResolver.cpp, line 759]

VM Operations (8 events):
Event: 0.092 Executing VM operation: HandshakeAllThreads
Event: 0.092 Executing VM operation: HandshakeAllThreads done
Event: 0.146 Executing VM operation: HandshakeAllThreads
Event: 0.146 Executing VM operation: HandshakeAllThreads done
Event: 0.640 Executing VM operation: G1CollectForAllocation
Event: 0.643 Executing VM operation: G1CollectForAllocation done
Event: 2.643 Executing VM operation: Cleanup
Event: 2.643 Executing VM operation: Cleanup done

Events (20 events):
Event: 0.586 loading class java/time/Month done
Event: 0.586 loading class java/time/DayOfWeek
Event: 0.586 loading class java/time/DayOfWeek done
Event: 0.586 loading class java/time/zone/ZoneOffsetTransitionRule$TimeDefinition
Event: 0.586 loading class java/time/zone/ZoneOffsetTransitionRule$TimeDefinition done
Event: 0.586 loading class java/time/zone/ZoneOffsetTransition
Event: 0.586 loading class java/time/zone/ZoneOffsetTransition done
Event: 0.587 loading class java/time/temporal/TemporalAdjusters
Event: 0.587 loading class java/time/temporal/TemporalAdjusters done
Event: 0.590 loading class java/time/zone/ZoneOffsetTransitionRule$1
Event: 0.590 loading class java/time/zone/ZoneOffsetTransitionRule$1 done
Event: 0.590 loading class java/util/concurrent/TimeUnit$1
Event: 0.590 loading class java/util/concurrent/TimeUnit$1 done
Event: 0.625 loading class java/lang/NumberFormatException
Event: 0.625 loading class java/lang/NumberFormatException done
Event: 0.627 Thread 0x000001aba22e9ff0 Thread added: 0x000001aba22e9ff0
Event: 1.199 Thread 0x000001aba0fc09b0 Thread exited: 0x000001aba0fc09b0
Event: 1.199 Thread 0x000001aba0c062c0 Thread exited: 0x000001aba0c062c0
Event: 1.199 Thread 0x000001aba0403780 Thread exited: 0x000001aba0403780
Event: 1.200 Thread 0x000001ab5ae354f0 Thread exited: 0x000001ab5ae354f0


Dynamic libraries:
0x00007ff653530000 - 0x00007ff65353e000 	C:\Users\luczu\.jdks\corretto-17.0.10\bin\java.exe
0x00007ffb51d50000 - 0x00007ffb51f67000 	C:\WINDOWS\SYSTEM32\ntdll.dll
0x00007ffb51860000 - 0x00007ffb51924000 	C:\WINDOWS\System32\KERNEL32.DLL
0x00007ffb4f550000 - 0x00007ffb4f8f6000 	C:\WINDOWS\System32\KERNELBASE.dll
0x00007ffb4f390000 - 0x00007ffb4f4a1000 	C:\WINDOWS\System32\ucrtbase.dll
0x00007ffae90c0000 - 0x00007ffae90db000 	C:\Users\luczu\.jdks\corretto-17.0.10\bin\VCRUNTIME140.dll
0x00007ffae90a0000 - 0x00007ffae90b7000 	C:\Users\luczu\.jdks\corretto-17.0.10\bin\jli.dll
0x00007ffb519e0000 - 0x00007ffb51b8e000 	C:\WINDOWS\System32\USER32.dll
0x00007ffb4f2a0000 - 0x00007ffb4f2c6000 	C:\WINDOWS\System32\win32u.dll
0x00007ffb51990000 - 0x00007ffb519b9000 	C:\WINDOWS\System32\GDI32.dll
0x00007ffb25b40000 - 0x00007ffb25dd3000 	C:\WINDOWS\WinSxS\amd64_microsoft.windows.common-controls_6595b64144ccf1df_6.0.22621.2506_none_270c5ae97388e100\COMCTL32.dll
0x00007ffb4f090000 - 0x00007ffb4f1a8000 	C:\WINDOWS\System32\gdi32full.dll
0x00007ffb50f30000 - 0x00007ffb50fd7000 	C:\WINDOWS\System32\msvcrt.dll
0x00007ffb4f4b0000 - 0x00007ffb4f54a000 	C:\WINDOWS\System32\msvcp_win.dll
0x00007ffb51820000 - 0x00007ffb51851000 	C:\WINDOWS\System32\IMM32.DLL
0x00007ffae9130000 - 0x00007ffae913c000 	C:\Users\luczu\.jdks\corretto-17.0.10\bin\vcruntime140_1.dll
0x00007ffae9170000 - 0x00007ffae91fd000 	C:\Users\luczu\.jdks\corretto-17.0.10\bin\msvcp140.dll
0x00007ffa72f60000 - 0x00007ffa73bc2000 	C:\Users\luczu\.jdks\corretto-17.0.10\bin\server\jvm.dll
0x00007ffb4fc50000 - 0x00007ffb4fd03000 	C:\WINDOWS\System32\ADVAPI32.dll
0x00007ffb51210000 - 0x00007ffb512b8000 	C:\WINDOWS\System32\sechost.dll
0x00007ffb4fa70000 - 0x00007ffb4fa98000 	C:\WINDOWS\System32\bcrypt.dll
0x00007ffb50fe0000 - 0x00007ffb510f7000 	C:\WINDOWS\System32\RPCRT4.dll
0x00007ffb4df10000 - 0x00007ffb4df5d000 	C:\WINDOWS\SYSTEM32\POWRPROF.dll
0x00007ffb04a40000 - 0x00007ffb04a49000 	C:\WINDOWS\SYSTEM32\WSOCK32.dll
0x00007ffb44c00000 - 0x00007ffb44c34000 	C:\WINDOWS\SYSTEM32\WINMM.dll
0x00007ffb44e30000 - 0x00007ffb44e3a000 	C:\WINDOWS\SYSTEM32\VERSION.dll
0x00007ffb51190000 - 0x00007ffb51201000 	C:\WINDOWS\System32\WS2_32.dll
0x00007ffb4def0000 - 0x00007ffb4df03000 	C:\WINDOWS\SYSTEM32\UMPDC.dll
0x00007ffb4e110000 - 0x00007ffb4e128000 	C:\WINDOWS\SYSTEM32\kernel.appcore.dll
0x00007ffaf34c0000 - 0x00007ffaf34ca000 	C:\Users\luczu\.jdks\corretto-17.0.10\bin\jimage.dll
0x00007ffb4c840000 - 0x00007ffb4ca73000 	C:\WINDOWS\SYSTEM32\DBGHELP.DLL
0x00007ffb4fdc0000 - 0x00007ffb50149000 	C:\WINDOWS\System32\combase.dll
0x00007ffb514d0000 - 0x00007ffb515a7000 	C:\WINDOWS\System32\OLEAUT32.dll
0x00007ffb30770000 - 0x00007ffb307a2000 	C:\WINDOWS\SYSTEM32\dbgcore.DLL
0x00007ffb4f1b0000 - 0x00007ffb4f22a000 	C:\WINDOWS\System32\bcryptPrimitives.dll
0x00007ffa79bf0000 - 0x00007ffa79c15000 	C:\Users\luczu\.jdks\corretto-17.0.10\bin\java.dll
0x00007ffa72dd0000 - 0x00007ffa72ea7000 	C:\Users\luczu\.jdks\corretto-17.0.10\bin\jsvml.dll
0x00007ffb506d0000 - 0x00007ffb50f2a000 	C:\WINDOWS\System32\SHELL32.dll
0x00007ffb4cfa0000 - 0x00007ffb4d896000 	C:\WINDOWS\SYSTEM32\windows.storage.dll
0x00007ffb4ce60000 - 0x00007ffb4cf9e000 	C:\WINDOWS\SYSTEM32\wintypes.dll
0x00007ffb505d0000 - 0x00007ffb506c3000 	C:\WINDOWS\System32\SHCORE.dll
0x00007ffb4fd10000 - 0x00007ffb4fd6e000 	C:\WINDOWS\System32\shlwapi.dll
0x00007ffb4efc0000 - 0x00007ffb4efe6000 	C:\WINDOWS\SYSTEM32\profapi.dll
0x00007ffaf34a0000 - 0x00007ffaf34b9000 	C:\Users\luczu\.jdks\corretto-17.0.10\bin\net.dll
0x00007ffb45740000 - 0x00007ffb45877000 	C:\WINDOWS\SYSTEM32\WINHTTP.dll
0x00007ffb4e630000 - 0x00007ffb4e699000 	C:\WINDOWS\system32\mswsock.dll
0x00007ffa79bd0000 - 0x00007ffa79be6000 	C:\Users\luczu\.jdks\corretto-17.0.10\bin\nio.dll
0x00007ffa79bb0000 - 0x00007ffa79bc8000 	C:\Users\luczu\.jdks\corretto-17.0.10\bin\zip.dll
0x000001ab35190000 - 0x000001ab35193000 	C:\Program Files (x86)\Windows Kits\10\Redist\ucrt\DLLs\x64\api-ms-win-crt-locale-l1-1-0.dll
0x000001ab351a0000 - 0x000001ab351a4000 	C:\Program Files (x86)\Windows Kits\10\Redist\ucrt\DLLs\x64\api-ms-win-crt-string-l1-1-0.dll
0x000001ab351b0000 - 0x000001ab351b4000 	C:\Program Files (x86)\Windows Kits\10\Redist\ucrt\DLLs\x64\api-ms-win-crt-stdio-l1-1-0.dll
0x000001ab351c0000 - 0x000001ab351c5000 	C:\Program Files (x86)\Windows Kits\10\Redist\ucrt\DLLs\x64\api-ms-win-crt-math-l1-1-0.dll
0x000001ab351d0000 - 0x000001ab351d3000 	C:\Program Files (x86)\Windows Kits\10\Redist\ucrt\DLLs\x64\api-ms-win-crt-heap-l1-1-0.dll
0x000001ab5af70000 - 0x000001ab5af74000 	C:\Program Files (x86)\Windows Kits\10\Redist\ucrt\DLLs\x64\api-ms-win-crt-runtime-l1-1-0.dll
0x000001ab5af80000 - 0x000001ab5af84000 	C:\Program Files (x86)\Windows Kits\10\Redist\ucrt\DLLs\x64\api-ms-win-crt-convert-l1-1-0.dll
0x000001ab5af90000 - 0x000001ab5af93000 	C:\Program Files (x86)\Windows Kits\10\Redist\ucrt\DLLs\x64\api-ms-win-crt-environment-l1-1-0.dll
0x000001ab5afa0000 - 0x000001ab5afa3000 	C:\Program Files (x86)\Windows Kits\10\Redist\ucrt\DLLs\x64\api-ms-win-crt-time-l1-1-0.dll
0x000001ab5afb0000 - 0x000001ab5afb3000 	C:\Program Files (x86)\Windows Kits\10\Redist\ucrt\DLLs\x64\api-ms-win-crt-filesystem-l1-1-0.dll
0x000001ab5afc0000 - 0x000001ab5afc3000 	C:\Program Files (x86)\Windows Kits\10\Redist\ucrt\DLLs\x64\api-ms-win-crt-utility-l1-1-0.dll
0x000001ab5afd0000 - 0x000001ab5afd5000 	C:\Program Files (x86)\Windows Kits\10\Redist\ucrt\DLLs\x64\api-ms-win-crt-multibyte-l1-1-0.dll
0x000001ab5afe0000 - 0x000001ab5afe3000 	C:\Program Files (x86)\Windows Kits\10\Redist\ucrt\DLLs\x64\api-ms-win-crt-conio-l1-1-0.dll
0x000001ab5aff0000 - 0x000001ab5afff000 	C:\Program Files (x86)\Windows Kits\10\Redist\ucrt\DLLs\x64\api-ms-win-crt-private-l1-1-0.dll
0x000001aba0800000 - 0x000001aba0803000 	C:\Program Files (x86)\Windows Kits\10\Redist\ucrt\DLLs\x64\api-ms-win-crt-process-l1-1-0.dll
0x000001aba0810000 - 0x000001aba0813000 	C:\Program Files\Microsoft\jdk-11.0.12.7-hotspot\bin\api-ms-win-core-console-l1-2-0.dll
0x000001aba0820000 - 0x000001aba0823000 	C:\Program Files (x86)\Windows Kits\10\Redist\ucrt\DLLs\x64\api-ms-win-core-string-l1-1-0.dll
0x000001aba0830000 - 0x000001aba0833000 	C:\Program Files (x86)\Windows Kits\10\Redist\ucrt\DLLs\x64\api-ms-win-core-errorhandling-l1-1-0.dll
0x000001aba0840000 - 0x000001aba0843000 	C:\Program Files (x86)\Windows Kits\10\Redist\ucrt\DLLs\x64\api-ms-win-core-timezone-l1-1-0.dll
0x000001aba0850000 - 0x000001aba0854000 	C:\Program Files (x86)\Windows Kits\10\Redist\ucrt\DLLs\x64\api-ms-win-core-file-l1-1-0.dll
0x000001aba0860000 - 0x000001aba0863000 	C:\Program Files (x86)\Windows Kits\10\Redist\ucrt\DLLs\x64\api-ms-win-core-namedpipe-l1-1-0.dll
0x000001aba0870000 - 0x000001aba0873000 	C:\Program Files (x86)\Windows Kits\10\Redist\ucrt\DLLs\x64\api-ms-win-core-handle-l1-1-0.dll
0x000001aba0880000 - 0x000001aba0883000 	C:\Program Files (x86)\Windows Kits\10\Redist\ucrt\DLLs\x64\api-ms-win-core-file-l2-1-0.dll
0x000001aba0890000 - 0x000001aba0893000 	C:\Program Files (x86)\Windows Kits\10\Redist\ucrt\DLLs\x64\api-ms-win-core-heap-l1-1-0.dll
0x000001aba08a0000 - 0x000001aba08a3000 	C:\Program Files (x86)\Windows Kits\10\Redist\ucrt\DLLs\x64\api-ms-win-core-libraryloader-l1-1-0.dll
0x000001aba08b0000 - 0x000001aba08b3000 	C:\Program Files (x86)\Windows Kits\10\Redist\ucrt\DLLs\x64\api-ms-win-core-synch-l1-1-0.dll
0x000001aba08c0000 - 0x000001aba08c3000 	C:\Program Files (x86)\Windows Kits\10\Redist\ucrt\DLLs\x64\api-ms-win-core-processthreads-l1-1-0.dll
0x000001aba08d0000 - 0x000001aba08d3000 	C:\Program Files (x86)\Windows Kits\10\Redist\ucrt\DLLs\x64\api-ms-win-core-processenvironment-l1-1-0.dll
0x000001aba18b0000 - 0x000001aba18b3000 	C:\Program Files (x86)\Windows Kits\10\Redist\ucrt\DLLs\x64\api-ms-win-core-datetime-l1-1-0.dll
0x000001aba18c0000 - 0x000001aba18c3000 	C:\Program Files (x86)\Windows Kits\10\Redist\ucrt\DLLs\x64\api-ms-win-core-localization-l1-2-0.dll
0x000001aba18d0000 - 0x000001aba18d3000 	C:\Program Files (x86)\Windows Kits\10\Redist\ucrt\DLLs\x64\api-ms-win-core-sysinfo-l1-1-0.dll
0x000001aba18e0000 - 0x000001aba18e3000 	C:\Program Files (x86)\Windows Kits\10\Redist\ucrt\DLLs\x64\api-ms-win-core-synch-l1-2-0.dll
0x000001aba18f0000 - 0x000001aba18f3000 	C:\Program Files (x86)\Windows Kits\10\Redist\ucrt\DLLs\x64\api-ms-win-core-console-l1-1-0.dll
0x000001aba1900000 - 0x000001aba1903000 	C:\Program Files (x86)\Windows Kits\10\Redist\ucrt\DLLs\x64\api-ms-win-core-debug-l1-1-0.dll
0x000001aba1910000 - 0x000001aba1913000 	C:\Program Files (x86)\Windows Kits\10\Redist\ucrt\DLLs\x64\api-ms-win-core-rtlsupport-l1-1-0.dll
0x000001aba1920000 - 0x000001aba1923000 	C:\Program Files (x86)\Windows Kits\10\Redist\ucrt\DLLs\x64\api-ms-win-core-processthreads-l1-1-1.dll
0x000001aba1930000 - 0x000001aba1933000 	C:\Program Files (x86)\Windows Kits\10\Redist\ucrt\DLLs\x64\api-ms-win-core-file-l1-2-0.dll
0x000001aba1940000 - 0x000001aba1943000 	C:\Program Files (x86)\Windows Kits\10\Redist\ucrt\DLLs\x64\api-ms-win-core-profile-l1-1-0.dll
0x000001aba1950000 - 0x000001aba1953000 	C:\Program Files (x86)\Windows Kits\10\Redist\ucrt\DLLs\x64\api-ms-win-core-memory-l1-1-0.dll
0x000001aba1960000 - 0x000001aba1963000 	C:\Program Files (x86)\Windows Kits\10\Redist\ucrt\DLLs\x64\api-ms-win-core-util-l1-1-0.dll
0x000001aba1970000 - 0x000001aba1973000 	C:\Program Files (x86)\Windows Kits\10\Redist\ucrt\DLLs\x64\api-ms-win-core-interlocked-l1-1-0.dll
0x00007ffac0b10000 - 0x00007ffac0c02000 	C:\Program Files (x86)\Windows Kits\10\Redist\ucrt\DLLs\x64\ucrtbase.dll
0x00007ffb469b0000 - 0x00007ffb469b9000 	C:\Windows\System32\msvcp140_1.dll
0x00007ffb12c70000 - 0x00007ffb12cbe000 	C:\Windows\System32\concrt140.dll
0x00007ffb29ff0000 - 0x00007ffb2a021000 	C:\Windows\System32\vcomp140.dll
0x00007ffb1a5e0000 - 0x00007ffb1a6e0000 	C:\Windows\System32\opengl32.dll
0x00007ffb1aad0000 - 0x00007ffb1aafd000 	C:\WINDOWS\SYSTEM32\GLU32.dll
0x00007ffb4c1e0000 - 0x00007ffb4c216000 	C:\WINDOWS\SYSTEM32\dxcore.dll
0x00007ffa703f0000 - 0x00007ffa7060d000 	C:\Users\luczu\.javacpp\cache\jaylib-4.5.0-0.jar\com\raylib\windows-x86_64\jniRaylib.dll
0x00007ffab4c10000 - 0x00007ffab4c56000 	C:\WINDOWS\SYSTEM32\dinput8.dll
0x00007ffb0f700000 - 0x00007ffb0f711000 	C:\WINDOWS\SYSTEM32\xinput1_4.dll
0x00007ffb4ed50000 - 0x00007ffb4ed7c000 	C:\WINDOWS\SYSTEM32\DEVOBJ.dll
0x00007ffb4ed80000 - 0x00007ffb4edce000 	C:\WINDOWS\SYSTEM32\cfgmgr32.dll
0x00007ffb2c460000 - 0x00007ffb2c66a000 	C:\WINDOWS\SYSTEM32\inputhost.dll
0x00007ffb49560000 - 0x00007ffb49694000 	C:\WINDOWS\SYSTEM32\CoreMessaging.dll
0x00007ffb4c430000 - 0x00007ffb4c45b000 	C:\WINDOWS\SYSTEM32\dwmapi.dll
0x00007ffb49940000 - 0x00007ffb499eb000 	C:\WINDOWS\system32\uxtheme.dll
0x00007ffb4e8a0000 - 0x00007ffb4e8ac000 	C:\WINDOWS\SYSTEM32\CRYPTBASE.DLL
0x00007ffb512d0000 - 0x00007ffb51420000 	C:\WINDOWS\System32\MSCTF.dll
0x00007ffb4d8a0000 - 0x00007ffb4d8ae000 	C:\WINDOWS\SYSTEM32\HID.DLL
0x00007ffb50150000 - 0x00007ffb505c4000 	C:\WINDOWS\System32\SETUPAPI.DLL
0x00007ffb4f230000 - 0x00007ffb4f29b000 	C:\WINDOWS\System32\WINTRUST.dll
0x00007ffb4f900000 - 0x00007ffb4fa66000 	C:\WINDOWS\System32\CRYPT32.dll
0x00007ffb4ed30000 - 0x00007ffb4ed42000 	C:\WINDOWS\SYSTEM32\MSASN1.dll
0x00007ffb458c0000 - 0x00007ffb4590a000 	C:\WINDOWS\SYSTEM32\directxdatabasehelper.dll
0x00007ffb515b0000 - 0x00007ffb51660000 	C:\WINDOWS\System32\clbcatq.dll
0x00007ffa27b40000 - 0x00007ffa2a730000 	C:\WINDOWS\System32\DriverStore\FileRepository\nvhm.inf_amd64_28ac5867493a0477\nvoglv64.dll
0x00007ffb4faa0000 - 0x00007ffb4fc40000 	C:\WINDOWS\System32\ole32.dll
0x00007ffb4df60000 - 0x00007ffb4df74000 	C:\WINDOWS\SYSTEM32\WTSAPI32.dll
0x00007ffb3cce0000 - 0x00007ffb3cd12000 	C:\WINDOWS\SYSTEM32\cryptnet.dll
0x00007ffb3a6d0000 - 0x00007ffb3a828000 	C:\WINDOWS\SYSTEM32\drvstore.dll
0x00007ffb4e930000 - 0x00007ffb4e97b000 	C:\WINDOWS\SYSTEM32\wldp.dll
0x00007ffb519c0000 - 0x00007ffb519df000 	C:\WINDOWS\System32\imagehlp.dll
0x00007ffb4e880000 - 0x00007ffb4e89b000 	C:\WINDOWS\SYSTEM32\CRYPTSP.dll
0x00007ffb4e130000 - 0x00007ffb4e165000 	C:\WINDOWS\system32\rsaenh.dll
0x00007ffb4e6c0000 - 0x00007ffb4e6e6000 	C:\WINDOWS\SYSTEM32\gpapi.dll
0x00007ffb02100000 - 0x00007ffb042eb000 	C:\WINDOWS\System32\DriverStore\FileRepository\nvhm.inf_amd64_28ac5867493a0477\nvgpucomp64.dll
0x00007ffb4e1d0000 - 0x00007ffb4e204000 	C:\WINDOWS\SYSTEM32\ntmarta.dll
0x00007ffab7e60000 - 0x00007ffab8123000 	C:\WINDOWS\system32\nvspcap64.dll
0x00007ffb4db00000 - 0x00007ffb4db66000 	C:\WINDOWS\SYSTEM32\WINSTA.dll

dbghelp: loaded successfully - version: 4.0.5 - missing functions: none
symbol engine: initialized successfully - sym options: 0x614 - pdb path: .;C:\Users\luczu\.jdks\corretto-17.0.10\bin;C:\WINDOWS\SYSTEM32;C:\WINDOWS\WinSxS\amd64_microsoft.windows.common-controls_6595b64144ccf1df_6.0.22621.2506_none_270c5ae97388e100;C:\Users\luczu\.jdks\corretto-17.0.10\bin\server;C:\Program Files (x86)\Windows Kits\10\Redist\ucrt\DLLs\x64;C:\Program Files\Microsoft\jdk-11.0.12.7-hotspot\bin;C:\Users\luczu\.javacpp\cache\jaylib-4.5.0-0.jar\com\raylib\windows-x86_64;C:\WINDOWS\System32\DriverStore\FileRepository\nvhm.inf_amd64_28ac5867493a0477;C:\WINDOWS\System32\DriverStore\FileRepository\iigd_dch.inf_amd64_0fdf6ce291234272

VM Arguments:
jvm_args: -Dfile.encoding=windows-1252 -Duser.country=NL -Duser.language=nl -Duser.variant 
java_command: PineVille.MenuScene
java_class_path (initial): C:\Users\luczu\OneDrive\Documenten\PineVille\build\classes\java\main;C:\Users\luczu\OneDrive\Documenten\PineVille\build\resources\main;C:\Users\luczu\.gradle\caches\modules-2\files-2.1\uk.co.electronstudio.jaylib\jaylib\4.5.0-0\90c0d608df9bbd32f5f34683acc58cb433e94508\jaylib-4.5.0-0.jar
Launcher Type: SUN_STANDARD

[Global flags]
     intx CICompilerCount                          = 12                                        {product} {ergonomic}
     uint ConcGCThreads                            = 3                                         {product} {ergonomic}
     uint G1ConcRefinementThreads                  = 13                                        {product} {ergonomic}
   size_t G1HeapRegionSize                         = 2097152                                   {product} {ergonomic}
    uintx GCDrainStackTargetSize                   = 64                                        {product} {ergonomic}
   size_t InitialHeapSize                          = 264241152                                 {product} {ergonomic}
   size_t MarkStackSize                            = 4194304                                   {product} {ergonomic}
   size_t MaxHeapSize                              = 4200595456                                {product} {ergonomic}
   size_t MaxNewSize                               = 2518679552                                {product} {ergonomic}
   size_t MinHeapDeltaBytes                        = 2097152                                   {product} {ergonomic}
   size_t MinHeapSize                              = 8388608                                   {product} {ergonomic}
    uintx NonNMethodCodeHeapSize                   = 7602480                                {pd product} {ergonomic}
    uintx NonProfiledCodeHeapSize                  = 122027880                              {pd product} {ergonomic}
    uintx ProfiledCodeHeapSize                     = 122027880                              {pd product} {ergonomic}
    uintx ReservedCodeCacheSize                    = 251658240                              {pd product} {ergonomic}
     bool SegmentedCodeCache                       = true                                      {product} {ergonomic}
   size_t SoftMaxHeapSize                          = 4200595456                             {manageable} {ergonomic}
     bool UseCompressedClassPointers               = true                           {product lp64_product} {ergonomic}
     bool UseCompressedOops                        = true                           {product lp64_product} {ergonomic}
     bool UseG1GC                                  = true                                      {product} {ergonomic}
     bool UseLargePagesIndividualAllocation        = false                                  {pd product} {ergonomic}

Logging:
Log output configuration:
 #0: stdout all=warning uptime,level,tags
 #1: stderr all=off uptime,level,tags

Environment Variables:
PATH=C:\Program Files (x86)\Common Files\Intel\Shared Libraries\redist\intel64\compiler;C:\Program Files\Common Files\Oracle\Java\javapath;C:\Program Files\Microsoft\jdk-11.0.12.7-hotspot\bin;C:\windows\system32;C:\windows;C:\windows\System32\Wbem;C:\windows\System32\WindowsPowerShell\v1.0\;C:\windows\System32\OpenSSH\;C:\Program Files (x86)\NVIDIA Corporation\PhysX\Common;C:\Program Files\NVIDIA Corporation\NVIDIA NvDLISR;C:\Program Files\Microsoft SQL Server\150\Tools\Binn\;C:\Program Files\Microsoft SQL Server\Client SDK\ODBC\170\Tools\Binn\;C:\Program Files\dotnet\;C:\WINDOWS\system32;C:\WINDOWS;C:\WINDOWS\System32\Wbem;C:\WINDOWS\System32\WindowsPowerShell\v1.0\;C:\WINDOWS\System32\OpenSSH\;C:\Program Files\CMake\bin;C:\Program Files\Git\cmd;C:\Users\luczu\AppData\Local\Microsoft\WindowsApps;C:\Users\luczu\.dotnet\tools;C:\Users\luczu\AppData\Local\GitHubDesktop\bin;;C:\Users\luczu\AppData\Local\Programs\Microsoft VS Code\bin
USERNAME=luczu
OS=Windows_NT
PROCESSOR_IDENTIFIER=Intel64 Family 6 Model 141 Stepping 1, GenuineIntel
TMP=C:\Users\luczu\AppData\Local\Temp
TEMP=C:\Users\luczu\AppData\Local\Temp



Periodic native trim disabled


---------------  S Y S T E M  ---------------

OS:
 Windows 11 , 64 bit Build 22621 (10.0.22621.2506)
OS uptime: 0 days 3:07 hours
Hyper-V role detected

CPU: total 16 (initial active 16) (8 cores per cpu, 2 threads per core) family 6 model 141 stepping 1 microcode 0x4e, cx8, cmov, fxsr, ht, mmx, 3dnowpref, sse, sse2, sse3, ssse3, sse4.1, sse4.2, popcnt, lzcnt, tsc, tscinvbit, avx, avx2, aes, erms, clmul, bmi1, bmi2, adx, avx512f, avx512dq, avx512cd, avx512bw, avx512vl, sha, fma, vzeroupper, avx512_vpopcntdq, avx512_vpclmulqdq, avx512_vaes, avx512_vnni, clflush, clflushopt, clwb, avx512_vbmi2, avx512_vbmi, hv
Processor Information for all 16 processors :
  Max Mhz: 2304, Current Mhz: 2304, Mhz Limit: 2304

Memory: 4k page, system-wide physical 16021M (2538M free)
TotalPageFile size 34453M (AvailPageFile size 9192M)
current process WorkingSet (physical memory assigned to process): 122M, peak: 215M
current process commit charge ("private bytes"): 502M, peak: 658M

vm_info: OpenJDK 64-Bit Server VM (17.0.10+7-LTS) for windows-amd64 JRE (17.0.10+7-LTS), built on Jan 10 2024 22:11:07 by "Administrator" with MS VC++ 16.10 / 16.11 (VS2019)

END.
