#
# A fatal error has been detected by the Java Runtime Environment:
#
#  EXCEPTION_ACCESS_VIOLATION (0xc0000005) at pc=0x00007ffb9999d550, pid=1528, tid=24288
#
# JRE version: OpenJDK Runtime Environment Corretto-17.0.10.7.1 (17.0.10+7) (build 17.0.10+7-LTS)
# Java VM: OpenJDK 64-Bit Server VM Corretto-17.0.10.7.1 (17.0.10+7-LTS, mixed mode, sharing, tiered, compressed oops, compressed class ptrs, g1 gc, windows-amd64)
# Problematic frame:
# C  [jniRaylib.dll+0x13d550]
#
# No core dump will be written. Minidumps are not enabled by default on client versions of Windows
#
# If you would like to submit a bug report, please visit:
#   https://github.com/corretto/corretto-17/issues/
# The crash happened outside the Java Virtual Machine in native code.
# See problematic frame for where to report the bug.
#

---------------  S U M M A R Y ------------

Command Line: -Dfile.encoding=windows-1252 -Duser.country=NL -Duser.language=nl -Duser.variant PineVille.MenuScene

Host: 11th Gen Intel(R) Core(TM) i7-11800H @ 2.30GHz, 16 cores, 15G,  Windows 11 , 64 bit Build 22621 (10.0.22621.2506)
Time: Tue Feb 27 09:07:14 2024 West-Europa (standaardtijd) elapsed time: 32.825339 seconds (0d 0h 0m 32s)

---------------  T H R E A D  ---------------

Current thread (0x000002b2aba5c270):  JavaThread "main" [_thread_in_native, id=24288, stack(0x000000fc21b00000,0x000000fc21c00000)]

Stack: [0x000000fc21b00000,0x000000fc21c00000],  sp=0x000000fc21bff100,  free space=1020k
Native frames: (J=compiled Java code, j=interpreted, Vv=VM code, C=native code)
C  [jniRaylib.dll+0x13d550]

Java frames: (J=compiled Java code, j=interpreted, Vv=VM code)
J 854  com.raylib.Raylib.DrawText(Ljava/lang/String;IIILcom/raylib/Raylib$Color;)V (0 bytes) @ 0x000002b2bb1a1aa3 [0x000002b2bb1a1a20+0x0000000000000083]
j  PineVille.GameScene.main([Ljava/lang/String;)V+361
j  PineVille.MenuScene.switchToGameScene()V+10
j  PineVille.MenuScene.main([Ljava/lang/String;)V+78
v  ~StubRoutines::call_stub

siginfo: EXCEPTION_ACCESS_VIOLATION (0xc0000005), reading address 0x000002b2cf46b3f0


Registers:
RAX=0x000002b2cf46b3f0, RBX=0x00000000ff2f3f4c, RCX=0x0000000000000000, RDX=0x0000000000000057
RSP=0x000000fc21bff100, RBP=0x000002b2cf3c8e70, RSI=0x0000000000000000, RDI=0x000000000000003f
R8 =0x0000000000000000, R9 =0x0000000000000008, R10=0x00000000000000e0, R11=0x000000000000000a
R12=0x00000000000000e0, R13=0x0000000000000000, R14=0x0000000000000001, R15=0x000000fc21bff2a0
RIP=0x00007ffb9999d550, EFLAGS=0x0000000000010202


Register to memory mapping:

RIP=0x00007ffb9999d550 jniRaylib.dll
RAX=0x000002b2cf46b3f0 is an unknown value
RBX=0x00000000ff2f3f4c is an unknown value
RCX=0x0 is NULL
RDX=0x0000000000000057 is an unknown value
RSP=0x000000fc21bff100 is pointing into the stack for thread: 0x000002b2aba5c270
RBP=0x000002b2cf3c8e70 points into unknown readable memory: 0x3232203a646f6f57 | 57 6f 6f 64 3a 20 32 32
RSI=0x0 is NULL
RDI=0x000000000000003f is an unknown value
R8 =0x0 is NULL
R9 =0x0000000000000008 is an unknown value
R10=0x00000000000000e0 is an unknown value
R11=0x000000000000000a is an unknown value
R12=0x00000000000000e0 is an unknown value
R13=0x0 is NULL
R14=0x0000000000000001 is an unknown value
R15=0x000000fc21bff2a0 is pointing into the stack for thread: 0x000002b2aba5c270


Top of Stack: (sp=0x000000fc21bff100)
0x000000fc21bff100:   000002b2a9850000 00007ffba16c042d
0x000000fc21bff110:   000002b2a9710000 0000000000000003
0x000000fc21bff120:   0000000000000009 0000000000000000
0x000000fc21bff130:   41a0000041a00000 00007ffba16b0181
0x000000fc21bff140:   00000000000000e0 000000fc21bff0f8
0x000000fc21bff150:   000000e00000000a 0000000200000000
0x000000fc21bff160:   000002b2d0428300 0000000000000000
0x000000fc21bff170:   000002b31d317d60 000002b2cf46b3f0
0x000000fc21bff180:   000000fc21bff358 0000000000000000
0x000000fc21bff190:   000002b2cf58ab10 000002b2aba5c270
0x000000fc21bff1a0:   000000fc21bff2b8 00007ffba16b08be
0x000000fc21bff1b0:   0000000000000000 0000000000000000
0x000000fc21bff1c0:   0000000000000000 0000000000000000
0x000000fc21bff1d0:   0000000000000000 0000000000000000
0x000000fc21bff1e0:   0000000000000000 0000000000000000
0x000000fc21bff1f0:   0000000000000000 0000000000000000
0x000000fc21bff200:   0000000000000000 0000000000000000
0x000000fc21bff210:   0000000000000000 0000000000000000
0x000000fc21bff220:   0000000000000000 0000000000000000
0x000000fc21bff230:   000002b31d1ccbd0 0000000000000000
0x000000fc21bff240:   000000000000001e 000002b2cf3c8e70
0x000000fc21bff250:   000002b2aba5c270 000000fc21bff3c0
0x000000fc21bff260:   0000000000000014 00007ffb9999cf61
0x000000fc21bff270:   0000000000000008 000002b2aba5c528
0x000000fc21bff280:   000002b2aba5c270 000000fc21bff388
0x000000fc21bff290:   000002b240400000 00007ffbff2f3f4c
0x000000fc21bff2a0:   000000e00000000a 0000000200000000
0x000000fc21bff2b0:   0000008000000080 0000000200000001
0x000000fc21bff2c0:   000002b31d317d60 000002b2cf46b3f0
0x000000fc21bff2d0:   000002b2aba5c528 00007ffb998a57e4
0x000000fc21bff2e0:   0000000000000014 00000007154058e0
0x000000fc21bff2f0:   000000000000001e 0000000000000000 

Instructions: (pc=0x00007ffb9999d550)
0x00007ffb9999d450:   0f 10 8c 24 90 01 00 00 44 0f 29 9c 24 d0 00 00
0x00007ffb9999d460:   00 f3 44 0f 10 1d aa 21 07 00 44 0f 29 a4 24 c0
0x00007ffb9999d470:   00 00 00 f3 44 0f 10 64 24 34 49 c1 ea 20 44 0f
0x00007ffb9999d480:   29 ac 24 b0 00 00 00 f3 44 0f 10 6c 24 30 0f 29
0x00007ffb9999d490:   54 24 50 44 8b 64 24 54 0f 29 4c 24 70 4c 89 54
0x00007ffb9999d4a0:   24 40 0f be 14 2e 0f b6 c2 8b ca 24 f8 3c f0 75
0x00007ffb9999d4b0:   32 0f be 54 2e 01 83 e1 07 0f be 44 2e 02 83 e2
0x00007ffb9999d4c0:   3f 83 e0 3f c1 e1 06 0b d1 41 be 04 00 00 00 c1
0x00007ffb9999d4d0:   e2 06 0b d0 0f be 44 2e 03 83 e0 3f c1 e2 06 0b
0x00007ffb9999d4e0:   d0 eb 56 0f b6 c2 24 f0 3c e0 75 25 0f be 54 2e
0x00007ffb9999d4f0:   01 83 e1 0f 0f be 44 2e 02 83 e2 3f c1 e1 06 83
0x00007ffb9999d500:   e0 3f 0b d1 41 be 03 00 00 00 c1 e2 06 0b d0 eb
0x00007ffb9999d510:   28 80 e2 e0 80 fa c0 75 18 0f be 54 2e 01 83 e1
0x00007ffb9999d520:   1f 83 e2 3f c1 e1 06 0b d1 41 be 02 00 00 00 eb
0x00007ffb9999d530:   08 8b d1 41 be 01 00 00 00 33 c9 45 33 c0 bf 3f
0x00007ffb9999d540:   00 00 00 45 85 d2 7e 1f 48 8b 44 24 78 0f 1f 00
0x00007ffb9999d550:   39 10 74 10 ff c1 49 ff c0 48 83 c0 28 41 3b cc
0x00007ffb9999d560:   7c ee eb 03 49 8b f8 83 fa 3f 75 06 44 8d 72 c2
0x00007ffb9999d570:   eb 30 83 fa 0a 75 21 41 0f 28 c0 0f 57 f6 f3 41
0x00007ffb9999d580:   0f 59 c3 f3 41 0f 58 c0 f3 0f 59 c7 f3 0f 2c c0
0x00007ffb9999d590:   44 03 e8 e9 a8 00 00 00 83 fa 20 74 6d 83 fa 09
0x00007ffb9999d5a0:   74 68 41 0f 10 07 48 8d 8c 24 80 00 00 00 89 5c
0x00007ffb9999d5b0:   24 20 41 0f 10 4f 10 0f 29 84 24 80 00 00 00 41
0x00007ffb9999d5c0:   0f 28 e5 41 0f 10 47 20 66 41 0f 6e d5 f3 0f 58
0x00007ffb9999d5d0:   e6 0f 29 84 24 a0 00 00 00 41 0f 28 da 0f 5b d2
0x00007ffb9999d5e0:   0f 28 c4 0f 29 8c 24 90 00 00 00 f3 41 0f 58 d4
0x00007ffb9999d5f0:   0f 14 c2 66 49 0f 7e c0 e8 73 f9 ff ff 4c 8b 8c
0x00007ffb9999d600:   24 70 01 00 00 4c 8b 54 24 40 49 8b 47 28 48 8d
0x00007ffb9999d610:   0c bf 8b 54 c8 0c 85 d2 75 12 49 8b 47 20 48 03
0x00007ffb9999d620:   ff 0f 28 c7 f3 0f 59 44 f8 08 eb 0b 66 0f 6e c2
0x00007ffb9999d630:   0f 5b c0 f3 0f 59 c7 f3 41 0f 58 c1 f3 0f 58 f0
0x00007ffb9999d640:   49 03 f6 49 3b f1 0f 8c 56 fe ff ff 44 0f 28 ac 


Stack slot to memory mapping:
stack at sp + 0 slots: 0x000002b2a9850000 points into unknown readable memory: 0x0000000000000000 | 00 00 00 00 00 00 00 00
stack at sp + 1 slots: 0x00007ffba16c042d jvm.dll
stack at sp + 2 slots: 0x000002b2a9710000 points into unknown readable memory: 0x0000000000000000 | 00 00 00 00 00 00 00 00
stack at sp + 3 slots: 0x0000000000000003 is an unknown value
stack at sp + 4 slots: 0x0000000000000009 is an unknown value
stack at sp + 5 slots: 0x0 is NULL
stack at sp + 6 slots: 0x41a0000041a00000 is an unknown value
stack at sp + 7 slots: 0x00007ffba16b0181 jvm.dll


Compiled method (n/a)   33013  854     n 0       com.raylib.Raylib::DrawText (native)
 total in heap  [0x000002b2bb1a1890,0x000002b2bb1a1c80] = 1008
 relocation     [0x000002b2bb1a19e8,0x000002b2bb1a1a18] = 48
 main code      [0x000002b2bb1a1a20,0x000002b2bb1a1c78] = 600
 oops           [0x000002b2bb1a1c78,0x000002b2bb1a1c80] = 8

[Constant Pool (empty)]

[MachCode]
[Entry Point]
  # {method} {0x000002b311428870} 'DrawText' '(Ljava/lang/String;IIILcom/raylib/Raylib$Color;)V' in 'com/raylib/Raylib'
  # parm0:    rdx:rdx   = 'java/lang/String'
  # parm1:    r8        = int
  # parm2:    r9        = int
  # parm3:    rdi       = int
  # parm4:    rsi:rsi   = 'com/raylib/Raylib$Color'
  #           [sp+0x90]  (sp of caller)
  0x000002b2bb1a1a20: 448b 5208 | 49bb 0000 | 00d0 b202 | 0000 4d03 | d349 3bc2 | 0f84 0600 

  0x000002b2bb1a1a38: ;   {runtime_call ic_miss_stub}
  0x000002b2bb1a1a38: 0000 e941 | fb86 ff90 
[Verified Entry Point]
  0x000002b2bb1a1a40: 8984 2400 | 90ff ff55 | 488b ec48 | 81ec 8000 | 0000 4889 | 7424 5848 | 83fe 0048 | 8d44 2458 
  0x000002b2bb1a1a60: 480f 4444 | 2458 4889 | 4424 3048 | 897c 2428 | 4c89 4c24 | 204d 8bc8 | 4889 5424 | 3848 83fa 
  0x000002b2bb1a1a80: 004c 8d44 | 2438 4c0f | 4444 2438 

  0x000002b2bb1a1a8c: ;   {oop(a 'java/lang/Class'{0x0000000713e004e8} = 'com/raylib/Raylib')}
  0x000002b2bb1a1a8c: 49be e804 | e013 0700 | 0000 4c89 | 7424 684c | 8d74 2468 | 498b d6c5 

  0x000002b2bb1a1aa4: ;   {internal_word}
  0x000002b2bb1a1aa4: f877 49ba | a31a 1abb | b202 0000 | 4d89 97a0 | 0200 0049 | 89a7 9802 

  0x000002b2bb1a1abc: ;   {external_word}
  0x000002b2bb1a1abc: 0000 49ba | 7935 e5a1 | fb7f 0000 | 4180 3a00 | 0f84 5200 | 0000 5241 

  0x000002b2bb1a1ad4: ;   {metadata({method} {0x000002b311428870} 'DrawText' '(Ljava/lang/String;IIILcom/raylib/Raylib$Color;)V' in 'com/raylib/Raylib')}
  0x000002b2bb1a1ad4: 5041 5148 | ba68 8842 | 11b3 0200 | 0049 8bcf | 4883 ec20 | f7c4 0f00 | 0000 0f84 | 1a00 0000 
  0x000002b2bb1a1af4: 4883 ec08 

  0x000002b2bb1a1af8: ;   {runtime_call}
  0x000002b2bb1a1af8: 49ba 0030 | 9ba1 fb7f | 0000 41ff | d248 83c4 | 08e9 0d00 

  0x000002b2bb1a1b0c: ;   {runtime_call}
  0x000002b2bb1a1b0c: 0000 49ba | 0030 9ba1 | fb7f 0000 | 41ff d248 | 83c4 2041 | 5941 585a | 498d 8fb8 | 0200 0041 
  0x000002b2bb1a1b2c: c787 4803 | 0000 0400 

  0x000002b2bb1a1b34: ;   {runtime_call}
  0x000002b2bb1a1b34: 0000 49ba | 6057 8a99 | fb7f 0000 | 41ff d2c5 | f877 41c7 | 8748 0300 | 0005 0000 | 00f0 8344 
  0x000002b2bb1a1b54: 24c0 0049 | 3baf 5003 | 0000 0f87 | 1100 0000 | 4181 bf38 | 0300 0000 | 0000 000f | 8424 0000 
  0x000002b2bb1a1b74: 00c5 f877 | 498b cf4c | 8be4 4883 | ec20 4883 

  0x000002b2bb1a1b84: ;   {runtime_call}
  0x000002b2bb1a1b84: e4f0 49ba | 9044 aba1 | fb7f 0000 | 41ff d249 | 8be4 4d33 | e441 c787 | 4803 0000 | 0800 0000 
  0x000002b2bb1a1ba4: 4181 bfb8 | 0300 0002 | 0000 000f | 849b 0000 

  0x000002b2bb1a1bb4: ;   {external_word}
  0x000002b2bb1a1bb4: 0049 ba79 | 35e5 a1fb | 7f00 0041 | 803a 000f | 8448 0000 

  0x000002b2bb1a1bc8: ;   {metadata({method} {0x000002b311428870} 'DrawText' '(Ljava/lang/String;IIILcom/raylib/Raylib$Color;)V' in 'com/raylib/Raylib')}
  0x000002b2bb1a1bc8: 0048 ba68 | 8842 11b3 | 0200 0049 | 8bcf 4883 | ec20 f7c4 | 0f00 0000 | 0f84 1a00 | 0000 4883 
  0x000002b2bb1a1be8: ;   {runtime_call}
  0x000002b2bb1a1be8: ec08 49ba | 0030 9ba1 | fb7f 0000 | 41ff d248 | 83c4 08e9 | 0d00 0000 

  0x000002b2bb1a1c00: ;   {runtime_call}
  0x000002b2bb1a1c00: 49ba 0030 | 9ba1 fb7f | 0000 41ff | d248 83c4 | 2049 c787 | 9802 0000 | 0000 0000 | 49c7 87a0 
  0x000002b2bb1a1c20: 0200 0000 | 0000 00c5 | f877 498b | 8fd8 0000 | 00c7 8100 | 0100 0000 | 0000 00c9 | 4981 7f08 
  0x000002b2bb1a1c40: 0000 0000 | 0f85 0100 

  0x000002b2bb1a1c48: ;   {runtime_call StubRoutines (1)}
  0x000002b2bb1a1c48: 0000 c3e9 | b0f2 81ff | c5f8 774c | 8be4 4883 | ec20 4883 

  0x000002b2bb1a1c5c: ;   {runtime_call}
  0x000002b2bb1a1c5c: e4f0 49ba | 8060 9ba1 | fb7f 0000 | 41ff d249 | 8be4 4d33 | e4e9 3fff | ffff f4f4 
[/MachCode]


---------------  P R O C E S S  ---------------

Threads class SMR info:
_java_thread_list=0x000002b31d1cc980, length=13, elements={
0x000002b2aba5c270, 0x000002b2cf3740b0, 0x000002b2cf374c70, 0x000002b2cf38a510,
0x000002b2cf38b0d0, 0x000002b2cf38fab0, 0x000002b2cf390470, 0x000002b2cf391770,
0x000002b2cf393230, 0x000002b2cf39c040, 0x000002b2cf526100, 0x000002b2cf529470,
0x000002b3162bade0
}

Java Threads: ( => current thread )
=>0x000002b2aba5c270 JavaThread "main" [_thread_in_native, id=24288, stack(0x000000fc21b00000,0x000000fc21c00000)]
  0x000002b2cf3740b0 JavaThread "Reference Handler" daemon [_thread_blocked, id=15716, stack(0x000000fc22200000,0x000000fc22300000)]
  0x000002b2cf374c70 JavaThread "Finalizer" daemon [_thread_blocked, id=8744, stack(0x000000fc22300000,0x000000fc22400000)]
  0x000002b2cf38a510 JavaThread "Signal Dispatcher" daemon [_thread_blocked, id=13340, stack(0x000000fc22400000,0x000000fc22500000)]
  0x000002b2cf38b0d0 JavaThread "Attach Listener" daemon [_thread_blocked, id=24176, stack(0x000000fc22500000,0x000000fc22600000)]
  0x000002b2cf38fab0 JavaThread "Service Thread" daemon [_thread_blocked, id=28108, stack(0x000000fc22600000,0x000000fc22700000)]
  0x000002b2cf390470 JavaThread "Monitor Deflation Thread" daemon [_thread_blocked, id=23020, stack(0x000000fc22700000,0x000000fc22800000)]
  0x000002b2cf391770 JavaThread "C2 CompilerThread0" daemon [_thread_blocked, id=17956, stack(0x000000fc22800000,0x000000fc22900000)]
  0x000002b2cf393230 JavaThread "C1 CompilerThread0" daemon [_thread_blocked, id=6512, stack(0x000000fc22900000,0x000000fc22a00000)]
  0x000002b2cf39c040 JavaThread "Sweeper thread" daemon [_thread_blocked, id=15336, stack(0x000000fc22a00000,0x000000fc22b00000)]
  0x000002b2cf526100 JavaThread "Notification Thread" daemon [_thread_blocked, id=13316, stack(0x000000fc22c00000,0x000000fc22d00000)]
  0x000002b2cf529470 JavaThread "Common-Cleaner" daemon [_thread_blocked, id=27048, stack(0x000000fc22e00000,0x000000fc22f00000)]
  0x000002b3162bade0 JavaThread "JavaCPP Deallocator" daemon [_thread_blocked, id=24152, stack(0x000000fc23100000,0x000000fc23200000)]

Other Threads:
  0x000002b2cf25e120 VMThread "VM Thread" [stack: 0x000000fc22100000,0x000000fc22200000] [id=19500]
  0x000002b2cf5265e0 WatcherThread [stack: 0x000000fc22d00000,0x000000fc22e00000] [id=7448]
  0x000002b2abac7a60 GCTaskThread "GC Thread#0" [stack: 0x000000fc21c00000,0x000000fc21d00000] [id=28188]
  0x000002b31d1a9b80 GCTaskThread "GC Thread#1" [stack: 0x000000fc22f00000,0x000000fc23000000] [id=11764]
  0x000002b31d1a2f20 GCTaskThread "GC Thread#2" [stack: 0x000000fc23000000,0x000000fc23100000] [id=26164]
  0x000002b31d1a35f0 GCTaskThread "GC Thread#3" [stack: 0x000000fc23e00000,0x000000fc23f00000] [id=1876]
  0x000002b31d1a40c0 GCTaskThread "GC Thread#4" [stack: 0x000000fc23f00000,0x000000fc24000000] [id=28172]
  0x000002b31d1a4790 GCTaskThread "GC Thread#5" [stack: 0x000000fc24000000,0x000000fc24100000] [id=15376]
  0x000002b2abad8400 ConcurrentGCThread "G1 Main Marker" [stack: 0x000000fc21d00000,0x000000fc21e00000] [id=26576]
  0x000002b2abad9e30 ConcurrentGCThread "G1 Conc#0" [stack: 0x000000fc21e00000,0x000000fc21f00000] [id=15092]
  0x000002b2cf119ee0 ConcurrentGCThread "G1 Refine#0" [stack: 0x000000fc21f00000,0x000000fc22000000] [id=25572]
  0x000002b2cf11a910 ConcurrentGCThread "G1 Service" [stack: 0x000000fc22000000,0x000000fc22100000] [id=6204]

Threads with active compile tasks:

VM state: not at safepoint (normal execution)

VM Mutex/Monitor currently owned by a thread: None

Heap address: 0x0000000705a00000, size: 4006 MB, Compressed Oops mode: Zero based, Oop shift amount: 3

CDS archive(s) mapped at: [0x000002b2d0000000-0x000002b2d0bb0000-0x000002b2d0bb0000), size 12255232, SharedBaseAddress: 0x000002b2d0000000, ArchiveRelocationMode: 1.
Compressed class space mapped at: 0x000002b2d1000000-0x000002b311000000, reserved size: 1073741824
Narrow klass base: 0x000002b2d0000000, Narrow klass shift: 0, Narrow klass range: 0x100000000

GC Precious Log:
 CPUs: 16 total, 16 available
 Memory: 16021M
 Large Page Support: Disabled
 NUMA Support: Disabled
 Compressed Oops: Enabled (Zero based)
 Heap Region Size: 2M
 Heap Min Capacity: 8M
 Heap Initial Capacity: 252M
 Heap Max Capacity: 4006M
 Pre-touch: Disabled
 Parallel Workers: 13
 Concurrent Workers: 3
 Concurrent Refinement Workers: 13
 Periodic GC: Disabled

Heap:
 garbage-first heap   total 258048K, used 3666K [0x0000000705a00000, 0x0000000800000000)
  region size 2048K, 3 young (6144K), 1 survivors (2048K)
 Metaspace       used 2132K, committed 2304K, reserved 1114112K
  class space    used 180K, committed 256K, reserved 1048576K

Heap Regions: E=young(eden), S=young(survivor), O=old, HS=humongous(starts), HC=humongous(continues), CS=collection set, F=free, OA=open archive, CA=closed archive, TAMS=top-at-mark-start (previous, next)
|   0|0x0000000705a00000, 0x0000000705a00000, 0x0000000705c00000|  0%| F|  |TAMS 0x0000000705a00000, 0x0000000705a00000| Untracked 
|   1|0x0000000705c00000, 0x0000000705c00000, 0x0000000705e00000|  0%| F|  |TAMS 0x0000000705c00000, 0x0000000705c00000| Untracked 
|   2|0x0000000705e00000, 0x0000000705e00000, 0x0000000706000000|  0%| F|  |TAMS 0x0000000705e00000, 0x0000000705e00000| Untracked 
|   3|0x0000000706000000, 0x0000000706000000, 0x0000000706200000|  0%| F|  |TAMS 0x0000000706000000, 0x0000000706000000| Untracked 
|   4|0x0000000706200000, 0x0000000706200000, 0x0000000706400000|  0%| F|  |TAMS 0x0000000706200000, 0x0000000706200000| Untracked 
|   5|0x0000000706400000, 0x0000000706400000, 0x0000000706600000|  0%| F|  |TAMS 0x0000000706400000, 0x0000000706400000| Untracked 
|   6|0x0000000706600000, 0x0000000706600000, 0x0000000706800000|  0%| F|  |TAMS 0x0000000706600000, 0x0000000706600000| Untracked 
|   7|0x0000000706800000, 0x0000000706800000, 0x0000000706a00000|  0%| F|  |TAMS 0x0000000706800000, 0x0000000706800000| Untracked 
|   8|0x0000000706a00000, 0x0000000706a00000, 0x0000000706c00000|  0%| F|  |TAMS 0x0000000706a00000, 0x0000000706a00000| Untracked 
|   9|0x0000000706c00000, 0x0000000706c00000, 0x0000000706e00000|  0%| F|  |TAMS 0x0000000706c00000, 0x0000000706c00000| Untracked 
|  10|0x0000000706e00000, 0x0000000706e00000, 0x0000000707000000|  0%| F|  |TAMS 0x0000000706e00000, 0x0000000706e00000| Untracked 
|  11|0x0000000707000000, 0x0000000707000000, 0x0000000707200000|  0%| F|  |TAMS 0x0000000707000000, 0x0000000707000000| Untracked 
|  12|0x0000000707200000, 0x0000000707200000, 0x0000000707400000|  0%| F|  |TAMS 0x0000000707200000, 0x0000000707200000| Untracked 
|  13|0x0000000707400000, 0x0000000707400000, 0x0000000707600000|  0%| F|  |TAMS 0x0000000707400000, 0x0000000707400000| Untracked 
|  14|0x0000000707600000, 0x0000000707600000, 0x0000000707800000|  0%| F|  |TAMS 0x0000000707600000, 0x0000000707600000| Untracked 
|  15|0x0000000707800000, 0x0000000707800000, 0x0000000707a00000|  0%| F|  |TAMS 0x0000000707800000, 0x0000000707800000| Untracked 
|  16|0x0000000707a00000, 0x0000000707a00000, 0x0000000707c00000|  0%| F|  |TAMS 0x0000000707a00000, 0x0000000707a00000| Untracked 
|  17|0x0000000707c00000, 0x0000000707c00000, 0x0000000707e00000|  0%| F|  |TAMS 0x0000000707c00000, 0x0000000707c00000| Untracked 
|  18|0x0000000707e00000, 0x0000000707e00000, 0x0000000708000000|  0%| F|  |TAMS 0x0000000707e00000, 0x0000000707e00000| Untracked 
|  19|0x0000000708000000, 0x0000000708000000, 0x0000000708200000|  0%| F|  |TAMS 0x0000000708000000, 0x0000000708000000| Untracked 
|  20|0x0000000708200000, 0x0000000708200000, 0x0000000708400000|  0%| F|  |TAMS 0x0000000708200000, 0x0000000708200000| Untracked 
|  21|0x0000000708400000, 0x0000000708400000, 0x0000000708600000|  0%| F|  |TAMS 0x0000000708400000, 0x0000000708400000| Untracked 
|  22|0x0000000708600000, 0x0000000708600000, 0x0000000708800000|  0%| F|  |TAMS 0x0000000708600000, 0x0000000708600000| Untracked 
|  23|0x0000000708800000, 0x0000000708800000, 0x0000000708a00000|  0%| F|  |TAMS 0x0000000708800000, 0x0000000708800000| Untracked 
|  24|0x0000000708a00000, 0x0000000708a00000, 0x0000000708c00000|  0%| F|  |TAMS 0x0000000708a00000, 0x0000000708a00000| Untracked 
|  25|0x0000000708c00000, 0x0000000708c00000, 0x0000000708e00000|  0%| F|  |TAMS 0x0000000708c00000, 0x0000000708c00000| Untracked 
|  26|0x0000000708e00000, 0x0000000708e00000, 0x0000000709000000|  0%| F|  |TAMS 0x0000000708e00000, 0x0000000708e00000| Untracked 
|  27|0x0000000709000000, 0x0000000709000000, 0x0000000709200000|  0%| F|  |TAMS 0x0000000709000000, 0x0000000709000000| Untracked 
|  28|0x0000000709200000, 0x0000000709200000, 0x0000000709400000|  0%| F|  |TAMS 0x0000000709200000, 0x0000000709200000| Untracked 
|  29|0x0000000709400000, 0x0000000709400000, 0x0000000709600000|  0%| F|  |TAMS 0x0000000709400000, 0x0000000709400000| Untracked 
|  30|0x0000000709600000, 0x0000000709600000, 0x0000000709800000|  0%| F|  |TAMS 0x0000000709600000, 0x0000000709600000| Untracked 
|  31|0x0000000709800000, 0x0000000709800000, 0x0000000709a00000|  0%| F|  |TAMS 0x0000000709800000, 0x0000000709800000| Untracked 
|  32|0x0000000709a00000, 0x0000000709a00000, 0x0000000709c00000|  0%| F|  |TAMS 0x0000000709a00000, 0x0000000709a00000| Untracked 
|  33|0x0000000709c00000, 0x0000000709c00000, 0x0000000709e00000|  0%| F|  |TAMS 0x0000000709c00000, 0x0000000709c00000| Untracked 
|  34|0x0000000709e00000, 0x0000000709e00000, 0x000000070a000000|  0%| F|  |TAMS 0x0000000709e00000, 0x0000000709e00000| Untracked 
|  35|0x000000070a000000, 0x000000070a000000, 0x000000070a200000|  0%| F|  |TAMS 0x000000070a000000, 0x000000070a000000| Untracked 
|  36|0x000000070a200000, 0x000000070a200000, 0x000000070a400000|  0%| F|  |TAMS 0x000000070a200000, 0x000000070a200000| Untracked 
|  37|0x000000070a400000, 0x000000070a400000, 0x000000070a600000|  0%| F|  |TAMS 0x000000070a400000, 0x000000070a400000| Untracked 
|  38|0x000000070a600000, 0x000000070a600000, 0x000000070a800000|  0%| F|  |TAMS 0x000000070a600000, 0x000000070a600000| Untracked 
|  39|0x000000070a800000, 0x000000070a800000, 0x000000070aa00000|  0%| F|  |TAMS 0x000000070a800000, 0x000000070a800000| Untracked 
|  40|0x000000070aa00000, 0x000000070aa00000, 0x000000070ac00000|  0%| F|  |TAMS 0x000000070aa00000, 0x000000070aa00000| Untracked 
|  41|0x000000070ac00000, 0x000000070ac00000, 0x000000070ae00000|  0%| F|  |TAMS 0x000000070ac00000, 0x000000070ac00000| Untracked 
|  42|0x000000070ae00000, 0x000000070ae00000, 0x000000070b000000|  0%| F|  |TAMS 0x000000070ae00000, 0x000000070ae00000| Untracked 
|  43|0x000000070b000000, 0x000000070b000000, 0x000000070b200000|  0%| F|  |TAMS 0x000000070b000000, 0x000000070b000000| Untracked 
|  44|0x000000070b200000, 0x000000070b200000, 0x000000070b400000|  0%| F|  |TAMS 0x000000070b200000, 0x000000070b200000| Untracked 
|  45|0x000000070b400000, 0x000000070b400000, 0x000000070b600000|  0%| F|  |TAMS 0x000000070b400000, 0x000000070b400000| Untracked 
|  46|0x000000070b600000, 0x000000070b600000, 0x000000070b800000|  0%| F|  |TAMS 0x000000070b600000, 0x000000070b600000| Untracked 
|  47|0x000000070b800000, 0x000000070b800000, 0x000000070ba00000|  0%| F|  |TAMS 0x000000070b800000, 0x000000070b800000| Untracked 
|  48|0x000000070ba00000, 0x000000070ba00000, 0x000000070bc00000|  0%| F|  |TAMS 0x000000070ba00000, 0x000000070ba00000| Untracked 
|  49|0x000000070bc00000, 0x000000070bc00000, 0x000000070be00000|  0%| F|  |TAMS 0x000000070bc00000, 0x000000070bc00000| Untracked 
|  50|0x000000070be00000, 0x000000070be00000, 0x000000070c000000|  0%| F|  |TAMS 0x000000070be00000, 0x000000070be00000| Untracked 
|  51|0x000000070c000000, 0x000000070c000000, 0x000000070c200000|  0%| F|  |TAMS 0x000000070c000000, 0x000000070c000000| Untracked 
|  52|0x000000070c200000, 0x000000070c200000, 0x000000070c400000|  0%| F|  |TAMS 0x000000070c200000, 0x000000070c200000| Untracked 
|  53|0x000000070c400000, 0x000000070c400000, 0x000000070c600000|  0%| F|  |TAMS 0x000000070c400000, 0x000000070c400000| Untracked 
|  54|0x000000070c600000, 0x000000070c600000, 0x000000070c800000|  0%| F|  |TAMS 0x000000070c600000, 0x000000070c600000| Untracked 
|  55|0x000000070c800000, 0x000000070c800000, 0x000000070ca00000|  0%| F|  |TAMS 0x000000070c800000, 0x000000070c800000| Untracked 
|  56|0x000000070ca00000, 0x000000070ca00000, 0x000000070cc00000|  0%| F|  |TAMS 0x000000070ca00000, 0x000000070ca00000| Untracked 
|  57|0x000000070cc00000, 0x000000070cc00000, 0x000000070ce00000|  0%| F|  |TAMS 0x000000070cc00000, 0x000000070cc00000| Untracked 
|  58|0x000000070ce00000, 0x000000070ce00000, 0x000000070d000000|  0%| F|  |TAMS 0x000000070ce00000, 0x000000070ce00000| Untracked 
|  59|0x000000070d000000, 0x000000070d000000, 0x000000070d200000|  0%| F|  |TAMS 0x000000070d000000, 0x000000070d000000| Untracked 
|  60|0x000000070d200000, 0x000000070d200000, 0x000000070d400000|  0%| F|  |TAMS 0x000000070d200000, 0x000000070d200000| Untracked 
|  61|0x000000070d400000, 0x000000070d400000, 0x000000070d600000|  0%| F|  |TAMS 0x000000070d400000, 0x000000070d400000| Untracked 
|  62|0x000000070d600000, 0x000000070d600000, 0x000000070d800000|  0%| F|  |TAMS 0x000000070d600000, 0x000000070d600000| Untracked 
|  63|0x000000070d800000, 0x000000070d800000, 0x000000070da00000|  0%| F|  |TAMS 0x000000070d800000, 0x000000070d800000| Untracked 
|  64|0x000000070da00000, 0x000000070da00000, 0x000000070dc00000|  0%| F|  |TAMS 0x000000070da00000, 0x000000070da00000| Untracked 
|  65|0x000000070dc00000, 0x000000070dc00000, 0x000000070de00000|  0%| F|  |TAMS 0x000000070dc00000, 0x000000070dc00000| Untracked 
|  66|0x000000070de00000, 0x000000070de00000, 0x000000070e000000|  0%| F|  |TAMS 0x000000070de00000, 0x000000070de00000| Untracked 
|  67|0x000000070e000000, 0x000000070e000000, 0x000000070e200000|  0%| F|  |TAMS 0x000000070e000000, 0x000000070e000000| Untracked 
|  68|0x000000070e200000, 0x000000070e200000, 0x000000070e400000|  0%| F|  |TAMS 0x000000070e200000, 0x000000070e200000| Untracked 
|  69|0x000000070e400000, 0x000000070e400000, 0x000000070e600000|  0%| F|  |TAMS 0x000000070e400000, 0x000000070e400000| Untracked 
|  70|0x000000070e600000, 0x000000070e600000, 0x000000070e800000|  0%| F|  |TAMS 0x000000070e600000, 0x000000070e600000| Untracked 
|  71|0x000000070e800000, 0x000000070e800000, 0x000000070ea00000|  0%| F|  |TAMS 0x000000070e800000, 0x000000070e800000| Untracked 
|  72|0x000000070ea00000, 0x000000070ea00000, 0x000000070ec00000|  0%| F|  |TAMS 0x000000070ea00000, 0x000000070ea00000| Untracked 
|  73|0x000000070ec00000, 0x000000070ec00000, 0x000000070ee00000|  0%| F|  |TAMS 0x000000070ec00000, 0x000000070ec00000| Untracked 
|  74|0x000000070ee00000, 0x000000070ee00000, 0x000000070f000000|  0%| F|  |TAMS 0x000000070ee00000, 0x000000070ee00000| Untracked 
|  75|0x000000070f000000, 0x000000070f000000, 0x000000070f200000|  0%| F|  |TAMS 0x000000070f000000, 0x000000070f000000| Untracked 
|  76|0x000000070f200000, 0x000000070f200000, 0x000000070f400000|  0%| F|  |TAMS 0x000000070f200000, 0x000000070f200000| Untracked 
|  77|0x000000070f400000, 0x000000070f400000, 0x000000070f600000|  0%| F|  |TAMS 0x000000070f400000, 0x000000070f400000| Untracked 
|  78|0x000000070f600000, 0x000000070f600000, 0x000000070f800000|  0%| F|  |TAMS 0x000000070f600000, 0x000000070f600000| Untracked 
|  79|0x000000070f800000, 0x000000070f800000, 0x000000070fa00000|  0%| F|  |TAMS 0x000000070f800000, 0x000000070f800000| Untracked 
|  80|0x000000070fa00000, 0x000000070fa00000, 0x000000070fc00000|  0%| F|  |TAMS 0x000000070fa00000, 0x000000070fa00000| Untracked 
|  81|0x000000070fc00000, 0x000000070fc00000, 0x000000070fe00000|  0%| F|  |TAMS 0x000000070fc00000, 0x000000070fc00000| Untracked 
|  82|0x000000070fe00000, 0x000000070fe00000, 0x0000000710000000|  0%| F|  |TAMS 0x000000070fe00000, 0x000000070fe00000| Untracked 
|  83|0x0000000710000000, 0x0000000710000000, 0x0000000710200000|  0%| F|  |TAMS 0x0000000710000000, 0x0000000710000000| Untracked 
|  84|0x0000000710200000, 0x0000000710200000, 0x0000000710400000|  0%| F|  |TAMS 0x0000000710200000, 0x0000000710200000| Untracked 
|  85|0x0000000710400000, 0x0000000710400000, 0x0000000710600000|  0%| F|  |TAMS 0x0000000710400000, 0x0000000710400000| Untracked 
|  86|0x0000000710600000, 0x0000000710600000, 0x0000000710800000|  0%| F|  |TAMS 0x0000000710600000, 0x0000000710600000| Untracked 
|  87|0x0000000710800000, 0x0000000710800000, 0x0000000710a00000|  0%| F|  |TAMS 0x0000000710800000, 0x0000000710800000| Untracked 
|  88|0x0000000710a00000, 0x0000000710a00000, 0x0000000710c00000|  0%| F|  |TAMS 0x0000000710a00000, 0x0000000710a00000| Untracked 
|  89|0x0000000710c00000, 0x0000000710c00000, 0x0000000710e00000|  0%| F|  |TAMS 0x0000000710c00000, 0x0000000710c00000| Untracked 
|  90|0x0000000710e00000, 0x0000000710e00000, 0x0000000711000000|  0%| F|  |TAMS 0x0000000710e00000, 0x0000000710e00000| Untracked 
|  91|0x0000000711000000, 0x0000000711000000, 0x0000000711200000|  0%| F|  |TAMS 0x0000000711000000, 0x0000000711000000| Untracked 
|  92|0x0000000711200000, 0x0000000711200000, 0x0000000711400000|  0%| F|  |TAMS 0x0000000711200000, 0x0000000711200000| Untracked 
|  93|0x0000000711400000, 0x0000000711400000, 0x0000000711600000|  0%| F|  |TAMS 0x0000000711400000, 0x0000000711400000| Untracked 
|  94|0x0000000711600000, 0x0000000711600000, 0x0000000711800000|  0%| F|  |TAMS 0x0000000711600000, 0x0000000711600000| Untracked 
|  95|0x0000000711800000, 0x0000000711800000, 0x0000000711a00000|  0%| F|  |TAMS 0x0000000711800000, 0x0000000711800000| Untracked 
|  96|0x0000000711a00000, 0x0000000711a00000, 0x0000000711c00000|  0%| F|  |TAMS 0x0000000711a00000, 0x0000000711a00000| Untracked 
|  97|0x0000000711c00000, 0x0000000711c00000, 0x0000000711e00000|  0%| F|  |TAMS 0x0000000711c00000, 0x0000000711c00000| Untracked 
|  98|0x0000000711e00000, 0x0000000711e00000, 0x0000000712000000|  0%| F|  |TAMS 0x0000000711e00000, 0x0000000711e00000| Untracked 
|  99|0x0000000712000000, 0x0000000712000000, 0x0000000712200000|  0%| F|  |TAMS 0x0000000712000000, 0x0000000712000000| Untracked 
| 100|0x0000000712200000, 0x0000000712200000, 0x0000000712400000|  0%| F|  |TAMS 0x0000000712200000, 0x0000000712200000| Untracked 
| 101|0x0000000712400000, 0x0000000712400000, 0x0000000712600000|  0%| F|  |TAMS 0x0000000712400000, 0x0000000712400000| Untracked 
| 102|0x0000000712600000, 0x0000000712600000, 0x0000000712800000|  0%| F|  |TAMS 0x0000000712600000, 0x0000000712600000| Untracked 
| 103|0x0000000712800000, 0x0000000712800000, 0x0000000712a00000|  0%| F|  |TAMS 0x0000000712800000, 0x0000000712800000| Untracked 
| 104|0x0000000712a00000, 0x0000000712a00000, 0x0000000712c00000|  0%| F|  |TAMS 0x0000000712a00000, 0x0000000712a00000| Untracked 
| 105|0x0000000712c00000, 0x0000000712c00000, 0x0000000712e00000|  0%| F|  |TAMS 0x0000000712c00000, 0x0000000712c00000| Untracked 
| 106|0x0000000712e00000, 0x0000000712e00000, 0x0000000713000000|  0%| F|  |TAMS 0x0000000712e00000, 0x0000000712e00000| Untracked 
| 107|0x0000000713000000, 0x0000000713000000, 0x0000000713200000|  0%| F|  |TAMS 0x0000000713000000, 0x0000000713000000| Untracked 
| 108|0x0000000713200000, 0x0000000713200000, 0x0000000713400000|  0%| F|  |TAMS 0x0000000713200000, 0x0000000713200000| Untracked 
| 109|0x0000000713400000, 0x0000000713400000, 0x0000000713600000|  0%| F|  |TAMS 0x0000000713400000, 0x0000000713400000| Untracked 
| 110|0x0000000713600000, 0x0000000713600000, 0x0000000713800000|  0%| F|  |TAMS 0x0000000713600000, 0x0000000713600000| Untracked 
| 111|0x0000000713800000, 0x0000000713800000, 0x0000000713a00000|  0%| F|  |TAMS 0x0000000713800000, 0x0000000713800000| Untracked 
| 112|0x0000000713a00000, 0x0000000713a00000, 0x0000000713c00000|  0%| F|  |TAMS 0x0000000713a00000, 0x0000000713a00000| Untracked 
| 113|0x0000000713c00000, 0x0000000713c00000, 0x0000000713e00000|  0%| F|  |TAMS 0x0000000713c00000, 0x0000000713c00000| Untracked 
| 114|0x0000000713e00000, 0x0000000713f94a50, 0x0000000714000000| 79%| S|CS|TAMS 0x0000000713e00000, 0x0000000713e00000| Complete 
| 115|0x0000000714000000, 0x0000000714000000, 0x0000000714200000|  0%| F|  |TAMS 0x0000000714000000, 0x0000000714000000| Untracked 
| 116|0x0000000714200000, 0x0000000714200000, 0x0000000714400000|  0%| F|  |TAMS 0x0000000714200000, 0x0000000714200000| Untracked 
| 117|0x0000000714400000, 0x0000000714400000, 0x0000000714600000|  0%| F|  |TAMS 0x0000000714400000, 0x0000000714400000| Untracked 
| 118|0x0000000714600000, 0x0000000714600000, 0x0000000714800000|  0%| F|  |TAMS 0x0000000714600000, 0x0000000714600000| Untracked 
| 119|0x0000000714800000, 0x0000000714800000, 0x0000000714a00000|  0%| F|  |TAMS 0x0000000714800000, 0x0000000714800000| Untracked 
| 120|0x0000000714a00000, 0x0000000714a00000, 0x0000000714c00000|  0%| F|  |TAMS 0x0000000714a00000, 0x0000000714a00000| Untracked 
| 121|0x0000000714c00000, 0x0000000714c00000, 0x0000000714e00000|  0%| F|  |TAMS 0x0000000714c00000, 0x0000000714c00000| Untracked 
| 122|0x0000000714e00000, 0x0000000714e00000, 0x0000000715000000|  0%| F|  |TAMS 0x0000000714e00000, 0x0000000714e00000| Untracked 
| 123|0x0000000715000000, 0x0000000715000000, 0x0000000715200000|  0%| F|  |TAMS 0x0000000715000000, 0x0000000715000000| Untracked 
| 124|0x0000000715200000, 0x00000007152c7e98, 0x0000000715400000| 39%| E|  |TAMS 0x0000000715200000, 0x0000000715200000| Complete 
| 125|0x0000000715400000, 0x0000000715600000, 0x0000000715600000|100%| E|CS|TAMS 0x0000000715400000, 0x0000000715400000| Complete 

Card table byte_map: [0x000002b2c35d0000,0x000002b2c3db0000] _byte_map_base: 0x000002b2bfda3000

Marking Bits (Prev, Next): (CMBitMap*) 0x000002b2abac8080, (CMBitMap*) 0x000002b2abac80c0
 Prev Bits: [0x000002b2c4590000, 0x000002b2c8428000)
 Next Bits: [0x000002b2c8430000, 0x000002b2cc2c8000)

Polling page: 0x000002b2ab210000

Metaspace:

Usage:
  Non-class:      1.91 MB used.
      Class:    180.99 KB used.
       Both:      2.08 MB used.

Virtual space:
  Non-class space:       64.00 MB reserved,       2.00 MB (  3%) committed,  1 nodes.
      Class space:        1.00 GB reserved,     256.00 KB ( <1%) committed,  1 nodes.
             Both:        1.06 GB reserved,       2.25 MB ( <1%) committed. 

Chunk freelists:
   Non-Class:  11.22 MB
       Class:  15.65 MB
        Both:  26.87 MB

MaxMetaspaceSize: unlimited
CompressedClassSpaceSize: 1.00 GB
Initial GC threshold: 21.00 MB
Current GC threshold: 21.00 MB
CDS: on
MetaspaceReclaimPolicy: balanced
 - commit_granule_bytes: 65536.
 - commit_granule_words: 8192.
 - virtual_space_node_default_size: 8388608.
 - enlarge_chunks_in_place: 1.
 - new_chunks_are_fully_committed: 0.
 - uncommit_free_chunks: 1.
 - use_allocation_guard: 0.
 - handle_deallocations: 1.


Internal statistics:

num_allocs_failed_limit: 0.
num_arena_births: 32.
num_arena_deaths: 0.
num_vsnodes_births: 2.
num_vsnodes_deaths: 0.
num_space_committed: 36.
num_space_uncommitted: 0.
num_chunks_returned_to_freelist: 0.
num_chunks_taken_from_freelist: 72.
num_chunk_merges: 0.
num_chunk_splits: 52.
num_chunks_enlarged: 38.
num_inconsistent_stats: 0.

CodeHeap 'non-profiled nmethods': size=119168Kb used=608Kb max_used=608Kb free=118559Kb
 bounds [0x000002b2bb110000, 0x000002b2bb380000, 0x000002b2c2570000]
CodeHeap 'profiled nmethods': size=119104Kb used=1413Kb max_used=1413Kb free=117690Kb
 bounds [0x000002b2b3570000, 0x000002b2b37e0000, 0x000002b2ba9c0000]
CodeHeap 'non-nmethods': size=7488Kb used=1158Kb max_used=1780Kb free=6329Kb
 bounds [0x000002b2ba9c0000, 0x000002b2bac30000, 0x000002b2bb110000]
 total_blobs=1300 nmethods=863 adapters=350
 compilation: enabled
              stopped_count=0, restarted_count=0
 full_count=0

Compilation events (20 events):
Event: 28.190 Thread 0x000002b2cf393230  853       3       java.lang.invoke.DirectMethodHandle$Holder::invokeStatic (17 bytes)
Event: 28.190 Thread 0x000002b2cf393230 nmethod 853 0x000002b2b36ce590 code [0x000002b2b36ce760, 0x000002b2b36cec78]
Event: 29.324 Thread 0x000002b2cf391770  855       4       java.lang.ThreadLocal::get (38 bytes)
Event: 29.327 Thread 0x000002b2cf391770 nmethod 855 0x000002b2bb1a1c90 code [0x000002b2bb1a1e20, 0x000002b2bb1a1f98]
Event: 30.323 Thread 0x000002b2cf393230  856       3       PineVille.Player::Move (124 bytes)
Event: 30.324 Thread 0x000002b2cf393230 nmethod 856 0x000002b2b36ced90 code [0x000002b2b36cf000, 0x000002b2b36cf4f8]
Event: 30.324 Thread 0x000002b2cf393230  857       3       PineVille.Player::drawPlayer (72 bytes)
Event: 30.324 Thread 0x000002b2cf393230 nmethod 857 0x000002b2b36cf690 code [0x000002b2b36cfa20, 0x000002b2b36d0dc8]
Event: 30.722 Thread 0x000002b2cf391770  858       4       java.lang.Object::equals (11 bytes)
Event: 30.723 Thread 0x000002b2cf391770 nmethod 858 0x000002b2bb1a2190 code [0x000002b2bb1a2300, 0x000002b2bb1a2398]
Event: 31.056 Thread 0x000002b2cf391770  859       4       java.util.ArrayDeque$DeqIterator::<init> (34 bytes)
Event: 31.059 Thread 0x000002b2cf391770 nmethod 859 0x000002b2bb1a2490 code [0x000002b2bb1a2600, 0x000002b2bb1a27d8]
Event: 31.255 Thread 0x000002b2cf391770  860       4       org.bytedeco.javacpp.Pointer::init (52 bytes)
Event: 31.279 Thread 0x000002b2cf391770 nmethod 860 0x000002b2bb1a2910 code [0x000002b2bb1a2b60, 0x000002b2bb1a4490]
Event: 31.279 Thread 0x000002b2cf391770  861       4       org.bytedeco.javacpp.Pointer$DeallocatorReference::<init> (69 bytes)
Event: 31.302 Thread 0x000002b2cf391770 nmethod 861 0x000002b2bb1a5310 code [0x000002b2bb1a5560, 0x000002b2bb1a6b20]
Event: 31.622 Thread 0x000002b2cf391770  862       4       org.bytedeco.javacpp.Pointer::<init> (86 bytes)
Event: 31.623 Thread 0x000002b2cf391770 nmethod 862 0x000002b2bb1a7710 code [0x000002b2bb1a7880, 0x000002b2bb1a7978]
Event: 31.755 Thread 0x000002b2cf391770  863   !   4       org.bytedeco.javacpp.Pointer$DeallocatorReference::add (82 bytes)
Event: 31.759 Thread 0x000002b2cf391770 nmethod 863 0x000002b2bb1a7a10 code [0x000002b2bb1a7ba0, 0x000002b2bb1a8118]

GC Heap History (2 events):
Event: 2.222 GC heap before
{Heap before GC invocations=0 (full 0):
 garbage-first heap   total 258048K, used 22528K [0x0000000705a00000, 0x0000000800000000)
  region size 2048K, 11 young (22528K), 0 survivors (0K)
 Metaspace       used 2020K, committed 2176K, reserved 1114112K
  class space    used 176K, committed 256K, reserved 1048576K
}
Event: 2.226 GC heap after
{Heap after GC invocations=1 (full 0):
 garbage-first heap   total 258048K, used 1618K [0x0000000705a00000, 0x0000000800000000)
  region size 2048K, 1 young (2048K), 1 survivors (2048K)
 Metaspace       used 2020K, committed 2176K, reserved 1114112K
  class space    used 176K, committed 256K, reserved 1048576K
}

Dll operation events (20 events):
Event: 0.627 Loaded shared library C:\Program Files (x86)\Windows Kits\10\Redist\ucrt\DLLs\x64\api-ms-win-core-rtlsupport-l1-1-0.dll
Event: 0.644 Loaded shared library C:\Program Files (x86)\Windows Kits\10\Redist\ucrt\DLLs\x64\api-ms-win-core-processthreads-l1-1-1.dll
Event: 0.657 Loaded shared library C:\Program Files (x86)\Windows Kits\10\Redist\ucrt\DLLs\x64\api-ms-win-core-file-l1-2-0.dll
Event: 0.674 Loaded shared library C:\Program Files (x86)\Windows Kits\10\Redist\ucrt\DLLs\x64\api-ms-win-core-profile-l1-1-0.dll
Event: 0.687 Loaded shared library C:\Program Files (x86)\Windows Kits\10\Redist\ucrt\DLLs\x64\api-ms-win-core-memory-l1-1-0.dll
Event: 0.704 Loaded shared library C:\Program Files (x86)\Windows Kits\10\Redist\ucrt\DLLs\x64\api-ms-win-core-util-l1-1-0.dll
Event: 0.722 Loaded shared library C:\Program Files (x86)\Windows Kits\10\Redist\ucrt\DLLs\x64\api-ms-win-core-interlocked-l1-1-0.dll
Event: 0.739 Loaded shared library C:\Program Files (x86)\Windows Kits\10\Redist\ucrt\DLLs\x64\ucrtbase.dll
Event: 0.752 Loaded shared library C:\Users\luczu\.jdks\corretto-17.0.10\bin\vcruntime140.dll
Event: 0.768 Loaded shared library C:\Users\luczu\.jdks\corretto-17.0.10\bin\vcruntime140_1.dll
Event: 0.782 Loaded shared library C:\Users\luczu\.jdks\corretto-17.0.10\bin\msvcp140.dll
Event: 0.799 Loaded shared library C:\Windows\System32\msvcp140_1.dll
Event: 0.819 Loaded shared library C:\Windows\System32\concrt140.dll
Event: 0.840 Loaded shared library C:\Windows\System32\vcomp140.dll
Event: 0.862 Loaded shared library C:\Windows\System32\winmm.dll
Event: 0.867 Loaded shared library C:\Windows\System32\opengl32.dll
Event: 0.870 Loaded shared library C:\Windows\System32\user32.dll
Event: 0.872 Loaded shared library C:\Windows\System32\shell32.dll
Event: 0.876 Loaded shared library C:\Windows\System32\gdi32.dll
Event: 0.967 Loaded shared library C:\Users\luczu\.javacpp\cache\jaylib-4.5.0-0.jar\com\raylib\windows-x86_64\jniRaylib.dll

Deoptimization events (20 events):
Event: 0.905 Thread 0x000002b2aba5c270 Uncommon trap: trap_request=0xffffffc6 fr.pc=0x000002b2bb12b874 relative=0x0000000000000614
Event: 0.905 Thread 0x000002b2aba5c270 Uncommon trap: reason=bimorphic_or_optimized_type_check action=maybe_recompile pc=0x000002b2bb12b874 method=java.util.concurrent.ConcurrentHashMap.get(Ljava/lang/Object;)Ljava/lang/Object; @ 149 c2
Event: 0.905 Thread 0x000002b2aba5c270 DEOPT PACKING pc=0x000002b2bb12b874 sp=0x000000fc21bfdbd0
Event: 0.905 Thread 0x000002b2aba5c270 DEOPT UNPACKING pc=0x000002b2baa1a1a3 sp=0x000000fc21bfdb70 mode 2
Event: 0.905 Thread 0x000002b2aba5c270 Uncommon trap: trap_request=0xffffffc6 fr.pc=0x000002b2bb12b874 relative=0x0000000000000614
Event: 0.905 Thread 0x000002b2aba5c270 Uncommon trap: reason=bimorphic_or_optimized_type_check action=maybe_recompile pc=0x000002b2bb12b874 method=java.util.concurrent.ConcurrentHashMap.get(Ljava/lang/Object;)Ljava/lang/Object; @ 149 c2
Event: 0.905 Thread 0x000002b2aba5c270 DEOPT PACKING pc=0x000002b2bb12b874 sp=0x000000fc21bfdbd0
Event: 0.905 Thread 0x000002b2aba5c270 DEOPT UNPACKING pc=0x000002b2baa1a1a3 sp=0x000000fc21bfdb70 mode 2
Event: 0.905 Thread 0x000002b2aba5c270 Uncommon trap: trap_request=0xffffffc6 fr.pc=0x000002b2bb12b874 relative=0x0000000000000614
Event: 0.905 Thread 0x000002b2aba5c270 Uncommon trap: reason=bimorphic_or_optimized_type_check action=maybe_recompile pc=0x000002b2bb12b874 method=java.util.concurrent.ConcurrentHashMap.get(Ljava/lang/Object;)Ljava/lang/Object; @ 149 c2
Event: 0.905 Thread 0x000002b2aba5c270 DEOPT PACKING pc=0x000002b2bb12b874 sp=0x000000fc21bfdbd0
Event: 0.905 Thread 0x000002b2aba5c270 DEOPT UNPACKING pc=0x000002b2baa1a1a3 sp=0x000000fc21bfdb70 mode 2
Event: 0.989 Thread 0x000002b2aba5c270 DEOPT PACKING pc=0x000002b2b365a198 sp=0x000000fc21bfd1e0
Event: 0.989 Thread 0x000002b2aba5c270 DEOPT UNPACKING pc=0x000002b2baa1ace3 sp=0x000000fc21bfc6f8 mode 0
Event: 0.993 Thread 0x000002b2aba5c270 DEOPT PACKING pc=0x000002b2b365fbc8 sp=0x000000fc21bfcab0
Event: 0.993 Thread 0x000002b2aba5c270 DEOPT UNPACKING pc=0x000002b2baa1ace3 sp=0x000000fc21bfbfc8 mode 0
Event: 2.230 Thread 0x000002b2aba5c270 Uncommon trap: trap_request=0xffffff45 fr.pc=0x000002b2bb1461e0 relative=0x00000000000000e0
Event: 2.230 Thread 0x000002b2aba5c270 Uncommon trap: reason=unstable_if action=reinterpret pc=0x000002b2bb1461e0 method=java.lang.ref.SoftReference.get()Ljava/lang/Object; @ 17 c2
Event: 2.230 Thread 0x000002b2aba5c270 DEOPT PACKING pc=0x000002b2bb1461e0 sp=0x000000fc21bfe640
Event: 2.230 Thread 0x000002b2aba5c270 DEOPT UNPACKING pc=0x000002b2baa1a1a3 sp=0x000000fc21bfe5f8 mode 2

Classes unloaded (0 events):
No events

Classes redefined (0 events):
No events

Internal exceptions (7 events):
Event: 0.152 Thread 0x000002b2aba5c270 Exception <a 'java/lang/NoSuchMethodError'{0x0000000715284ce0}: 'int java.lang.invoke.DirectMethodHandle$Holder.invokeStaticInit(java.lang.Object, java.lang.Object, java.lang.Object, java.lang.Object)'> (0x0000000715284ce0) 
thrown [s\src\hotspot\share\interpreter\linkResolver.cpp, line 759]
Event: 0.155 Thread 0x000002b2aba5c270 Exception <a 'java/lang/NoSuchMethodError'{0x000000071528f9f0}: 'java.lang.Object java.lang.invoke.DirectMethodHandle$Holder.invokeInterface(java.lang.Object, java.lang.Object)'> (0x000000071528f9f0) 
thrown [s\src\hotspot\share\interpreter\linkResolver.cpp, line 759]
Event: 0.156 Thread 0x000002b2aba5c270 Exception <a 'java/lang/IncompatibleClassChangeError'{0x0000000715293108}: Found class java.lang.Object, but interface was expected> (0x0000000715293108) 
thrown [s\src\hotspot\share\interpreter\linkResolver.cpp, line 826]
Event: 0.157 Thread 0x000002b2aba5c270 Exception <a 'java/lang/NoSuchMethodError'{0x00000007152962b0}: 'void java.lang.invoke.DirectMethodHandle$Holder.invokeStatic(java.lang.Object, java.lang.Object)'> (0x00000007152962b0) 
thrown [s\src\hotspot\share\interpreter\linkResolver.cpp, line 759]
Event: 0.157 Thread 0x000002b2aba5c270 Exception <a 'java/lang/NoSuchMethodError'{0x0000000715299920}: 'void java.lang.invoke.DirectMethodHandle$Holder.invokeStaticInit(java.lang.Object, java.lang.Object)'> (0x0000000715299920) 
thrown [s\src\hotspot\share\interpreter\linkResolver.cpp, line 759]
Event: 0.159 Thread 0x000002b2aba5c270 Exception <a 'java/lang/NoSuchMethodError'{0x000000071529ffe8}: 'int java.lang.invoke.DirectMethodHandle$Holder.invokeStaticInit(java.lang.Object, java.lang.Object)'> (0x000000071529ffe8) 
thrown [s\src\hotspot\share\interpreter\linkResolver.cpp, line 759]
Event: 0.909 Thread 0x000002b2aba5c270 Exception <a 'java/lang/NoSuchMethodError'{0x00000007140f44b8}: 'java.lang.Object java.lang.invoke.DirectMethodHandle$Holder.invokeStatic(java.lang.Object, int, java.lang.Object)'> (0x00000007140f44b8) 
thrown [s\src\hotspot\share\interpreter\linkResolver.cpp, line 759]

VM Operations (14 events):
Event: 0.106 Executing VM operation: HandshakeAllThreads
Event: 0.106 Executing VM operation: HandshakeAllThreads done
Event: 0.214 Executing VM operation: HandshakeAllThreads
Event: 0.214 Executing VM operation: HandshakeAllThreads done
Event: 1.218 Executing VM operation: Cleanup
Event: 1.218 Executing VM operation: Cleanup done
Event: 2.222 Executing VM operation: G1CollectForAllocation
Event: 2.226 Executing VM operation: G1CollectForAllocation done
Event: 22.235 Executing VM operation: Cleanup
Event: 22.235 Executing VM operation: Cleanup done
Event: 24.236 Executing VM operation: Cleanup
Event: 24.236 Executing VM operation: Cleanup done
Event: 31.240 Executing VM operation: Cleanup
Event: 31.240 Executing VM operation: Cleanup done

Events (20 events):
Event: 0.906 loading class java/time/Month
Event: 0.906 loading class java/time/Month done
Event: 0.906 loading class java/time/DayOfWeek
Event: 0.906 loading class java/time/DayOfWeek done
Event: 0.906 loading class java/time/zone/ZoneOffsetTransitionRule$TimeDefinition
Event: 0.906 loading class java/time/zone/ZoneOffsetTransitionRule$TimeDefinition done
Event: 0.906 loading class java/time/zone/ZoneOffsetTransition
Event: 0.907 loading class java/time/zone/ZoneOffsetTransition done
Event: 0.908 loading class java/time/temporal/TemporalAdjusters
Event: 0.908 loading class java/time/temporal/TemporalAdjusters done
Event: 0.911 loading class java/time/zone/ZoneOffsetTransitionRule$1
Event: 0.911 loading class java/time/zone/ZoneOffsetTransitionRule$1 done
Event: 0.911 loading class java/util/concurrent/TimeUnit$1
Event: 0.911 loading class java/util/concurrent/TimeUnit$1 done
Event: 0.981 loading class java/lang/NumberFormatException
Event: 0.981 loading class java/lang/NumberFormatException done
Event: 0.982 Thread 0x000002b3162bade0 Thread added: 0x000002b3162bade0
Event: 2.182 Thread 0x000002b2cf72c5d0 Thread exited: 0x000002b2cf72c5d0
Event: 2.182 Thread 0x000002b2cf761430 Thread exited: 0x000002b2cf761430
Event: 2.954 Thread 0x000002b2cf453330 Thread exited: 0x000002b2cf453330


Dynamic libraries:
0x00007ff6f1cb0000 - 0x00007ff6f1cbe000 	C:\Users\luczu\.jdks\corretto-17.0.10\bin\java.exe
0x00007ffc01550000 - 0x00007ffc01767000 	C:\WINDOWS\SYSTEM32\ntdll.dll
0x00007ffbff6e0000 - 0x00007ffbff7a4000 	C:\WINDOWS\System32\KERNEL32.DLL
0x00007ffbfedd0000 - 0x00007ffbff176000 	C:\WINDOWS\System32\KERNELBASE.dll
0x00007ffbfec10000 - 0x00007ffbfed21000 	C:\WINDOWS\System32\ucrtbase.dll
0x00007ffbc4150000 - 0x00007ffbc416b000 	C:\Users\luczu\.jdks\corretto-17.0.10\bin\VCRUNTIME140.dll
0x00007ffbc4170000 - 0x00007ffbc4187000 	C:\Users\luczu\.jdks\corretto-17.0.10\bin\jli.dll
0x00007ffbff530000 - 0x00007ffbff6de000 	C:\WINDOWS\System32\USER32.dll
0x00007ffbfeaa0000 - 0x00007ffbfeac6000 	C:\WINDOWS\System32\win32u.dll
0x00007ffbff830000 - 0x00007ffbff859000 	C:\WINDOWS\System32\GDI32.dll
0x00007ffbff180000 - 0x00007ffbff298000 	C:\WINDOWS\System32\gdi32full.dll
0x00007ffbd5f10000 - 0x00007ffbd61a3000 	C:\WINDOWS\WinSxS\amd64_microsoft.windows.common-controls_6595b64144ccf1df_6.0.22621.2506_none_270c5ae97388e100\COMCTL32.dll
0x00007ffbfed30000 - 0x00007ffbfedca000 	C:\WINDOWS\System32\msvcp_win.dll
0x00007ffbff320000 - 0x00007ffbff3c7000 	C:\WINDOWS\System32\msvcrt.dll
0x00007ffc00410000 - 0x00007ffc00441000 	C:\WINDOWS\System32\IMM32.DLL
0x00007ffbd8a10000 - 0x00007ffbd8a1c000 	C:\Users\luczu\.jdks\corretto-17.0.10\bin\vcruntime140_1.dll
0x00007ffbc40c0000 - 0x00007ffbc414d000 	C:\Users\luczu\.jdks\corretto-17.0.10\bin\msvcp140.dll
0x00007ffba12d0000 - 0x00007ffba1f32000 	C:\Users\luczu\.jdks\corretto-17.0.10\bin\server\jvm.dll
0x00007ffc00720000 - 0x00007ffc007d3000 	C:\WINDOWS\System32\ADVAPI32.dll
0x00007ffc012d0000 - 0x00007ffc01378000 	C:\WINDOWS\System32\sechost.dll
0x00007ffbfea70000 - 0x00007ffbfea98000 	C:\WINDOWS\System32\bcrypt.dll
0x00007ffc00450000 - 0x00007ffc00567000 	C:\WINDOWS\System32\RPCRT4.dll
0x00007ffbfd710000 - 0x00007ffbfd75d000 	C:\WINDOWS\SYSTEM32\POWRPROF.dll
0x00007ffbf3f90000 - 0x00007ffbf3f99000 	C:\WINDOWS\SYSTEM32\WSOCK32.dll
0x00007ffbf4820000 - 0x00007ffbf4854000 	C:\WINDOWS\SYSTEM32\WINMM.dll
0x00007ffbf4a50000 - 0x00007ffbf4a5a000 	C:\WINDOWS\SYSTEM32\VERSION.dll
0x00007ffc008e0000 - 0x00007ffc00951000 	C:\WINDOWS\System32\WS2_32.dll
0x00007ffbfd6f0000 - 0x00007ffbfd703000 	C:\WINDOWS\SYSTEM32\UMPDC.dll
0x00007ffbfd9b0000 - 0x00007ffbfd9c8000 	C:\WINDOWS\SYSTEM32\kernel.appcore.dll
0x00007ffbd8820000 - 0x00007ffbd882a000 	C:\Users\luczu\.jdks\corretto-17.0.10\bin\jimage.dll
0x00007ffbfcd70000 - 0x00007ffbfcfa3000 	C:\WINDOWS\SYSTEM32\DBGHELP.DLL
0x00007ffc00f40000 - 0x00007ffc012c9000 	C:\WINDOWS\System32\combase.dll
0x00007ffc007e0000 - 0x00007ffc008b7000 	C:\WINDOWS\System32\OLEAUT32.dll
0x00007ffbe5ac0000 - 0x00007ffbe5af2000 	C:\WINDOWS\SYSTEM32\dbgcore.DLL
0x00007ffbfeb90000 - 0x00007ffbfec0a000 	C:\WINDOWS\System32\bcryptPrimitives.dll
0x00007ffbc4090000 - 0x00007ffbc40b5000 	C:\Users\luczu\.jdks\corretto-17.0.10\bin\java.dll
0x00007ffba11f0000 - 0x00007ffba12c7000 	C:\Users\luczu\.jdks\corretto-17.0.10\bin\jsvml.dll
0x00007ffbff9f0000 - 0x00007ffc0024a000 	C:\WINDOWS\System32\SHELL32.dll
0x00007ffbfc1b0000 - 0x00007ffbfcaa6000 	C:\WINDOWS\SYSTEM32\windows.storage.dll
0x00007ffbfc070000 - 0x00007ffbfc1ae000 	C:\WINDOWS\SYSTEM32\wintypes.dll
0x00007ffc01380000 - 0x00007ffc01473000 	C:\WINDOWS\System32\SHCORE.dll
0x00007ffbff480000 - 0x00007ffbff4de000 	C:\WINDOWS\System32\shlwapi.dll
0x00007ffbfe7c0000 - 0x00007ffbfe7e6000 	C:\WINDOWS\SYSTEM32\profapi.dll
0x00007ffbc4070000 - 0x00007ffbc4089000 	C:\Users\luczu\.jdks\corretto-17.0.10\bin\net.dll
0x00007ffbf5350000 - 0x00007ffbf5487000 	C:\WINDOWS\SYSTEM32\WINHTTP.dll
0x00007ffbfde30000 - 0x00007ffbfde99000 	C:\WINDOWS\system32\mswsock.dll
0x00007ffbc4050000 - 0x00007ffbc4066000 	C:\Users\luczu\.jdks\corretto-17.0.10\bin\nio.dll
0x00007ffbc3f10000 - 0x00007ffbc3f28000 	C:\Users\luczu\.jdks\corretto-17.0.10\bin\zip.dll
0x000002b2ab990000 - 0x000002b2ab993000 	C:\Program Files (x86)\Windows Kits\10\Redist\ucrt\DLLs\x64\api-ms-win-crt-locale-l1-1-0.dll
0x000002b2ab9a0000 - 0x000002b2ab9a4000 	C:\Program Files (x86)\Windows Kits\10\Redist\ucrt\DLLs\x64\api-ms-win-crt-string-l1-1-0.dll
0x000002b2ab9b0000 - 0x000002b2ab9b4000 	C:\Program Files (x86)\Windows Kits\10\Redist\ucrt\DLLs\x64\api-ms-win-crt-stdio-l1-1-0.dll
0x000002b2ab9c0000 - 0x000002b2ab9c5000 	C:\Program Files (x86)\Windows Kits\10\Redist\ucrt\DLLs\x64\api-ms-win-crt-math-l1-1-0.dll
0x000002b2ab9d0000 - 0x000002b2ab9d3000 	C:\Program Files (x86)\Windows Kits\10\Redist\ucrt\DLLs\x64\api-ms-win-crt-heap-l1-1-0.dll
0x000002b2ab9e0000 - 0x000002b2ab9e4000 	C:\Program Files (x86)\Windows Kits\10\Redist\ucrt\DLLs\x64\api-ms-win-crt-runtime-l1-1-0.dll
0x000002b2ab9f0000 - 0x000002b2ab9f4000 	C:\Program Files (x86)\Windows Kits\10\Redist\ucrt\DLLs\x64\api-ms-win-crt-convert-l1-1-0.dll
0x000002b2aba00000 - 0x000002b2aba03000 	C:\Program Files (x86)\Windows Kits\10\Redist\ucrt\DLLs\x64\api-ms-win-crt-environment-l1-1-0.dll
0x000002b2cf8a0000 - 0x000002b2cf8a3000 	C:\Program Files (x86)\Windows Kits\10\Redist\ucrt\DLLs\x64\api-ms-win-crt-time-l1-1-0.dll
0x000002b2cf8b0000 - 0x000002b2cf8b3000 	C:\Program Files (x86)\Windows Kits\10\Redist\ucrt\DLLs\x64\api-ms-win-crt-filesystem-l1-1-0.dll
0x000002b2cf8c0000 - 0x000002b2cf8c3000 	C:\Program Files (x86)\Windows Kits\10\Redist\ucrt\DLLs\x64\api-ms-win-crt-utility-l1-1-0.dll
0x000002b2cf8d0000 - 0x000002b2cf8d5000 	C:\Program Files (x86)\Windows Kits\10\Redist\ucrt\DLLs\x64\api-ms-win-crt-multibyte-l1-1-0.dll
0x000002b2cf8e0000 - 0x000002b2cf8e3000 	C:\Program Files (x86)\Windows Kits\10\Redist\ucrt\DLLs\x64\api-ms-win-crt-conio-l1-1-0.dll
0x000002b2cf8f0000 - 0x000002b2cf8ff000 	C:\Program Files (x86)\Windows Kits\10\Redist\ucrt\DLLs\x64\api-ms-win-crt-private-l1-1-0.dll
0x000002b2cf900000 - 0x000002b2cf903000 	C:\Program Files (x86)\Windows Kits\10\Redist\ucrt\DLLs\x64\api-ms-win-crt-process-l1-1-0.dll
0x000002b2cf910000 - 0x000002b2cf913000 	C:\Program Files\Microsoft\jdk-11.0.12.7-hotspot\bin\api-ms-win-core-console-l1-2-0.dll
0x000002b2cf920000 - 0x000002b2cf923000 	C:\Program Files (x86)\Windows Kits\10\Redist\ucrt\DLLs\x64\api-ms-win-core-string-l1-1-0.dll
0x000002b2cf930000 - 0x000002b2cf933000 	C:\Program Files (x86)\Windows Kits\10\Redist\ucrt\DLLs\x64\api-ms-win-core-errorhandling-l1-1-0.dll
0x000002b2cf940000 - 0x000002b2cf943000 	C:\Program Files (x86)\Windows Kits\10\Redist\ucrt\DLLs\x64\api-ms-win-core-timezone-l1-1-0.dll
0x000002b2cf950000 - 0x000002b2cf954000 	C:\Program Files (x86)\Windows Kits\10\Redist\ucrt\DLLs\x64\api-ms-win-core-file-l1-1-0.dll
0x000002b2cf960000 - 0x000002b2cf963000 	C:\Program Files (x86)\Windows Kits\10\Redist\ucrt\DLLs\x64\api-ms-win-core-namedpipe-l1-1-0.dll
0x000002b2cf970000 - 0x000002b2cf973000 	C:\Program Files (x86)\Windows Kits\10\Redist\ucrt\DLLs\x64\api-ms-win-core-handle-l1-1-0.dll
0x000002b2cf980000 - 0x000002b2cf983000 	C:\Program Files (x86)\Windows Kits\10\Redist\ucrt\DLLs\x64\api-ms-win-core-file-l2-1-0.dll
0x000002b2cf990000 - 0x000002b2cf993000 	C:\Program Files (x86)\Windows Kits\10\Redist\ucrt\DLLs\x64\api-ms-win-core-heap-l1-1-0.dll
0x000002b2cf9a0000 - 0x000002b2cf9a3000 	C:\Program Files (x86)\Windows Kits\10\Redist\ucrt\DLLs\x64\api-ms-win-core-libraryloader-l1-1-0.dll
0x000002b2cf9b0000 - 0x000002b2cf9b3000 	C:\Program Files (x86)\Windows Kits\10\Redist\ucrt\DLLs\x64\api-ms-win-core-synch-l1-1-0.dll
0x000002b2cf9c0000 - 0x000002b2cf9c3000 	C:\Program Files (x86)\Windows Kits\10\Redist\ucrt\DLLs\x64\api-ms-win-core-processthreads-l1-1-0.dll
0x000002b2cf9d0000 - 0x000002b2cf9d3000 	C:\Program Files (x86)\Windows Kits\10\Redist\ucrt\DLLs\x64\api-ms-win-core-processenvironment-l1-1-0.dll
0x000002b2cf9e0000 - 0x000002b2cf9e3000 	C:\Program Files (x86)\Windows Kits\10\Redist\ucrt\DLLs\x64\api-ms-win-core-datetime-l1-1-0.dll
0x000002b2cf9f0000 - 0x000002b2cf9f3000 	C:\Program Files (x86)\Windows Kits\10\Redist\ucrt\DLLs\x64\api-ms-win-core-localization-l1-2-0.dll
0x000002b2cfa00000 - 0x000002b2cfa03000 	C:\Program Files (x86)\Windows Kits\10\Redist\ucrt\DLLs\x64\api-ms-win-core-sysinfo-l1-1-0.dll
0x000002b2cfa10000 - 0x000002b2cfa13000 	C:\Program Files (x86)\Windows Kits\10\Redist\ucrt\DLLs\x64\api-ms-win-core-synch-l1-2-0.dll
0x000002b2cfa20000 - 0x000002b2cfa23000 	C:\Program Files (x86)\Windows Kits\10\Redist\ucrt\DLLs\x64\api-ms-win-core-console-l1-1-0.dll
0x000002b2cfa30000 - 0x000002b2cfa33000 	C:\Program Files (x86)\Windows Kits\10\Redist\ucrt\DLLs\x64\api-ms-win-core-debug-l1-1-0.dll
0x000002b2cfa40000 - 0x000002b2cfa43000 	C:\Program Files (x86)\Windows Kits\10\Redist\ucrt\DLLs\x64\api-ms-win-core-rtlsupport-l1-1-0.dll
0x000002b2cfa50000 - 0x000002b2cfa53000 	C:\Program Files (x86)\Windows Kits\10\Redist\ucrt\DLLs\x64\api-ms-win-core-processthreads-l1-1-1.dll
0x000002b2cfa60000 - 0x000002b2cfa63000 	C:\Program Files (x86)\Windows Kits\10\Redist\ucrt\DLLs\x64\api-ms-win-core-file-l1-2-0.dll
0x000002b2cfa70000 - 0x000002b2cfa73000 	C:\Program Files (x86)\Windows Kits\10\Redist\ucrt\DLLs\x64\api-ms-win-core-profile-l1-1-0.dll
0x000002b2cfa80000 - 0x000002b2cfa83000 	C:\Program Files (x86)\Windows Kits\10\Redist\ucrt\DLLs\x64\api-ms-win-core-memory-l1-1-0.dll
0x000002b2cfa90000 - 0x000002b2cfa93000 	C:\Program Files (x86)\Windows Kits\10\Redist\ucrt\DLLs\x64\api-ms-win-core-util-l1-1-0.dll
0x000002b2cfaa0000 - 0x000002b2cfaa3000 	C:\Program Files (x86)\Windows Kits\10\Redist\ucrt\DLLs\x64\api-ms-win-core-interlocked-l1-1-0.dll
0x00007ffb99a80000 - 0x00007ffb99b72000 	C:\Program Files (x86)\Windows Kits\10\Redist\ucrt\DLLs\x64\ucrtbase.dll
0x00007ffbf5fd0000 - 0x00007ffbf5fd9000 	C:\Windows\System32\msvcp140_1.dll
0x00007ffbe4670000 - 0x00007ffbe46be000 	C:\Windows\System32\concrt140.dll
0x00007ffbe4630000 - 0x00007ffbe4661000 	C:\Windows\System32\vcomp140.dll
0x00007ffbca720000 - 0x00007ffbca820000 	C:\Windows\System32\opengl32.dll
0x00007ffbcb160000 - 0x00007ffbcb18d000 	C:\WINDOWS\SYSTEM32\GLU32.dll
0x00007ffbfb8d0000 - 0x00007ffbfb906000 	C:\WINDOWS\SYSTEM32\dxcore.dll
0x00007ffb99860000 - 0x00007ffb99a7d000 	C:\Users\luczu\.javacpp\cache\jaylib-4.5.0-0.jar\com\raylib\windows-x86_64\jniRaylib.dll
0x00007ffb75500000 - 0x00007ffb75546000 	C:\WINDOWS\SYSTEM32\dinput8.dll
0x00007ffbaa2a0000 - 0x00007ffbaa2b1000 	C:\WINDOWS\SYSTEM32\xinput1_4.dll
0x00007ffbfe580000 - 0x00007ffbfe5ce000 	C:\WINDOWS\SYSTEM32\cfgmgr32.dll
0x00007ffbfe550000 - 0x00007ffbfe57c000 	C:\WINDOWS\SYSTEM32\DEVOBJ.dll
0x00007ffbfbb10000 - 0x00007ffbfbb3b000 	C:\WINDOWS\SYSTEM32\dwmapi.dll
0x00007ffbdba90000 - 0x00007ffbdbc9a000 	C:\WINDOWS\SYSTEM32\inputhost.dll
0x00007ffbf8c50000 - 0x00007ffbf8d84000 	C:\WINDOWS\SYSTEM32\CoreMessaging.dll
0x00007ffbf9200000 - 0x00007ffbf92ab000 	C:\WINDOWS\system32\uxtheme.dll
0x00007ffc00960000 - 0x00007ffc00ab0000 	C:\WINDOWS\System32\MSCTF.dll
0x00007ffbfe080000 - 0x00007ffbfe08c000 	C:\WINDOWS\SYSTEM32\CRYPTBASE.DLL
0x00007ffbfd0a0000 - 0x00007ffbfd0ae000 	C:\WINDOWS\SYSTEM32\HID.DLL
0x00007ffc00ac0000 - 0x00007ffc00f34000 	C:\WINDOWS\System32\SETUPAPI.DLL
0x00007ffbfe890000 - 0x00007ffbfe8fb000 	C:\WINDOWS\System32\WINTRUST.dll
0x00007ffbfe900000 - 0x00007ffbfea66000 	C:\WINDOWS\System32\CRYPT32.dll
0x00007ffbfe530000 - 0x00007ffbfe542000 	C:\WINDOWS\SYSTEM32\MSASN1.dll
0x00007ffbf6230000 - 0x00007ffbf627a000 	C:\WINDOWS\SYSTEM32\directxdatabasehelper.dll
0x00007ffbff3d0000 - 0x00007ffbff480000 	C:\WINDOWS\System32\clbcatq.dll
0x00007ffb1d4d0000 - 0x00007ffb200c0000 	C:\WINDOWS\System32\DriverStore\FileRepository\nvhm.inf_amd64_28ac5867493a0477\nvoglv64.dll
0x00007ffc00580000 - 0x00007ffc00720000 	C:\WINDOWS\System32\ole32.dll
0x00007ffbfd760000 - 0x00007ffbfd774000 	C:\WINDOWS\SYSTEM32\WTSAPI32.dll
0x00007ffbe6080000 - 0x00007ffbe60b2000 	C:\WINDOWS\SYSTEM32\cryptnet.dll
0x00007ffbe60c0000 - 0x00007ffbe6218000 	C:\WINDOWS\SYSTEM32\drvstore.dll
0x00007ffbfe130000 - 0x00007ffbfe17b000 	C:\WINDOWS\SYSTEM32\wldp.dll
0x00007ffbff9d0000 - 0x00007ffbff9ef000 	C:\WINDOWS\System32\imagehlp.dll
0x00007ffbfe090000 - 0x00007ffbfe0ab000 	C:\WINDOWS\SYSTEM32\CRYPTSP.dll
0x00007ffbfd910000 - 0x00007ffbfd945000 	C:\WINDOWS\system32\rsaenh.dll
0x00007ffbfdec0000 - 0x00007ffbfdee6000 	C:\WINDOWS\SYSTEM32\gpapi.dll
0x00007ffbb12b0000 - 0x00007ffbb349b000 	C:\WINDOWS\System32\DriverStore\FileRepository\nvhm.inf_amd64_28ac5867493a0477\nvgpucomp64.dll
0x00007ffbfd9d0000 - 0x00007ffbfda04000 	C:\WINDOWS\SYSTEM32\ntmarta.dll
0x00007ffb71e20000 - 0x00007ffb720e3000 	C:\WINDOWS\system32\nvspcap64.dll
0x00007ffbfd300000 - 0x00007ffbfd366000 	C:\WINDOWS\SYSTEM32\WINSTA.dll

dbghelp: loaded successfully - version: 4.0.5 - missing functions: none
symbol engine: initialized successfully - sym options: 0x614 - pdb path: .;C:\Users\luczu\.jdks\corretto-17.0.10\bin;C:\WINDOWS\SYSTEM32;C:\WINDOWS\WinSxS\amd64_microsoft.windows.common-controls_6595b64144ccf1df_6.0.22621.2506_none_270c5ae97388e100;C:\Users\luczu\.jdks\corretto-17.0.10\bin\server;C:\Program Files (x86)\Windows Kits\10\Redist\ucrt\DLLs\x64;C:\Program Files\Microsoft\jdk-11.0.12.7-hotspot\bin;C:\Users\luczu\.javacpp\cache\jaylib-4.5.0-0.jar\com\raylib\windows-x86_64;C:\WINDOWS\System32\DriverStore\FileRepository\nvhm.inf_amd64_28ac5867493a0477;C:\WINDOWS\System32\DriverStore\FileRepository\iigd_dch.inf_amd64_0fdf6ce291234272

VM Arguments:
jvm_args: -Dfile.encoding=windows-1252 -Duser.country=NL -Duser.language=nl -Duser.variant 
java_command: PineVille.MenuScene
java_class_path (initial): C:\Users\luczu\OneDrive\Documenten\PineVille\build\classes\java\main;C:\Users\luczu\OneDrive\Documenten\PineVille\build\resources\main;C:\Users\luczu\.gradle\caches\modules-2\files-2.1\uk.co.electronstudio.jaylib\jaylib\4.5.0-0\90c0d608df9bbd32f5f34683acc58cb433e94508\jaylib-4.5.0-0.jar
Launcher Type: SUN_STANDARD

[Global flags]
     intx CICompilerCount                          = 12                                        {product} {ergonomic}
     uint ConcGCThreads                            = 3                                         {product} {ergonomic}
     uint G1ConcRefinementThreads                  = 13                                        {product} {ergonomic}
   size_t G1HeapRegionSize                         = 2097152                                   {product} {ergonomic}
    uintx GCDrainStackTargetSize                   = 64                                        {product} {ergonomic}
   size_t InitialHeapSize                          = 264241152                                 {product} {ergonomic}
   size_t MarkStackSize                            = 4194304                                   {product} {ergonomic}
   size_t MaxHeapSize                              = 4200595456                                {product} {ergonomic}
   size_t MaxNewSize                               = 2518679552                                {product} {ergonomic}
   size_t MinHeapDeltaBytes                        = 2097152                                   {product} {ergonomic}
   size_t MinHeapSize                              = 8388608                                   {product} {ergonomic}
    uintx NonNMethodCodeHeapSize                   = 7602480                                {pd product} {ergonomic}
    uintx NonProfiledCodeHeapSize                  = 122027880                              {pd product} {ergonomic}
    uintx ProfiledCodeHeapSize                     = 122027880                              {pd product} {ergonomic}
    uintx ReservedCodeCacheSize                    = 251658240                              {pd product} {ergonomic}
     bool SegmentedCodeCache                       = true                                      {product} {ergonomic}
   size_t SoftMaxHeapSize                          = 4200595456                             {manageable} {ergonomic}
     bool UseCompressedClassPointers               = true                           {product lp64_product} {ergonomic}
     bool UseCompressedOops                        = true                           {product lp64_product} {ergonomic}
     bool UseG1GC                                  = true                                      {product} {ergonomic}
     bool UseLargePagesIndividualAllocation        = false                                  {pd product} {ergonomic}

Logging:
Log output configuration:
 #0: stdout all=warning uptime,level,tags
 #1: stderr all=off uptime,level,tags

Environment Variables:
PATH=C:\Program Files (x86)\Common Files\Intel\Shared Libraries\redist\intel64\compiler;C:\Program Files\Common Files\Oracle\Java\javapath;C:\Program Files\Microsoft\jdk-11.0.12.7-hotspot\bin;C:\windows\system32;C:\windows;C:\windows\System32\Wbem;C:\windows\System32\WindowsPowerShell\v1.0\;C:\windows\System32\OpenSSH\;C:\Program Files (x86)\NVIDIA Corporation\PhysX\Common;C:\Program Files\NVIDIA Corporation\NVIDIA NvDLISR;C:\Program Files\Microsoft SQL Server\150\Tools\Binn\;C:\Program Files\Microsoft SQL Server\Client SDK\ODBC\170\Tools\Binn\;C:\Program Files\dotnet\;C:\WINDOWS\system32;C:\WINDOWS;C:\WINDOWS\System32\Wbem;C:\WINDOWS\System32\WindowsPowerShell\v1.0\;C:\WINDOWS\System32\OpenSSH\;C:\Program Files\CMake\bin;C:\Program Files\Git\cmd;C:\Users\luczu\AppData\Local\Microsoft\WindowsApps;C:\Users\luczu\.dotnet\tools;C:\Users\luczu\AppData\Local\GitHubDesktop\bin;;C:\Users\luczu\AppData\Local\Programs\Microsoft VS Code\bin
USERNAME=luczu
OS=Windows_NT
PROCESSOR_IDENTIFIER=Intel64 Family 6 Model 141 Stepping 1, GenuineIntel
TMP=C:\Users\luczu\AppData\Local\Temp
TEMP=C:\Users\luczu\AppData\Local\Temp



Periodic native trim disabled


---------------  S Y S T E M  ---------------

OS:
 Windows 11 , 64 bit Build 22621 (10.0.22621.2506)
OS uptime: 0 days 0:04 hours
Hyper-V role detected

CPU: total 16 (initial active 16) (8 cores per cpu, 2 threads per core) family 6 model 141 stepping 1 microcode 0x4e, cx8, cmov, fxsr, ht, mmx, 3dnowpref, sse, sse2, sse3, ssse3, sse4.1, sse4.2, popcnt, lzcnt, tsc, tscinvbit, avx, avx2, aes, erms, clmul, bmi1, bmi2, adx, avx512f, avx512dq, avx512cd, avx512bw, avx512vl, sha, fma, vzeroupper, avx512_vpopcntdq, avx512_vpclmulqdq, avx512_vaes, avx512_vnni, clflush, clflushopt, clwb, avx512_vbmi2, avx512_vbmi, hv
Processor Information for all 16 processors :
  Max Mhz: 2304, Current Mhz: 2304, Mhz Limit: 2304

Memory: 4k page, system-wide physical 16021M (3353M free)
TotalPageFile size 34453M (AvailPageFile size 17870M)
current process WorkingSet (physical memory assigned to process): 126M, peak: 192M
current process commit charge ("private bytes"): 503M, peak: 638M

vm_info: OpenJDK 64-Bit Server VM (17.0.10+7-LTS) for windows-amd64 JRE (17.0.10+7-LTS), built on Jan 10 2024 22:11:07 by "Administrator" with MS VC++ 16.10 / 16.11 (VS2019)

END.
