#
# A fatal error has been detected by the Java Runtime Environment:
#
#  EXCEPTION_ACCESS_VIOLATION (0xc0000005) at pc=0x00007ffa7052eba5, pid=2104, tid=24260
#
# JRE version: OpenJDK Runtime Environment Corretto-17.0.10.7.1 (17.0.10+7) (build 17.0.10+7-LTS)
# Java VM: OpenJDK 64-Bit Server VM Corretto-17.0.10.7.1 (17.0.10+7-LTS, mixed mode, sharing, tiered, compressed oops, compressed class ptrs, g1 gc, windows-amd64)
# Problematic frame:
# C  [jniRaylib.dll+0x13eba5]
#
# No core dump will be written. Minidumps are not enabled by default on client versions of Windows
#
# If you would like to submit a bug report, please visit:
#   https://github.com/corretto/corretto-17/issues/
# The crash happened outside the Java Virtual Machine in native code.
# See problematic frame for where to report the bug.
#

---------------  S U M M A R Y ------------

Command Line: -Dfile.encoding=windows-1252 -Duser.country=NL -Duser.language=nl -Duser.variant PineVille.MenuScene

Host: 11th Gen Intel(R) Core(TM) i7-11800H @ 2.30GHz, 16 cores, 15G,  Windows 11 , 64 bit Build 22621 (10.0.22621.2506)
Time: Wed Feb 14 12:27:16 2024 West-Europa (standaardtijd) elapsed time: 20.805240 seconds (0d 0h 0m 20s)

---------------  T H R E A D  ---------------

Current thread (0x00000254db89bb80):  JavaThread "main" [_thread_in_native, id=24260, stack(0x000000fd03300000,0x000000fd03400000)]

Stack: [0x000000fd03300000,0x000000fd03400000],  sp=0x000000fd033ff228,  free space=1020k
Native frames: (J=compiled Java code, j=interpreted, Vv=VM code, C=native code)
C  [jniRaylib.dll+0x13eba5]

Java frames: (J=compiled Java code, j=interpreted, Vv=VM code)
J 737  com.raylib.Raylib.GuiButton(Lcom/raylib/Raylib$Rectangle;Ljava/lang/String;)Z (0 bytes) @ 0x00000254eafdce0e [0x00000254eafdcda0+0x000000000000006e]
j  PineVille.MenuScene.main([Ljava/lang/String;)V+89
v  ~StubRoutines::call_stub

siginfo: EXCEPTION_ACCESS_VIOLATION (0xc0000005), reading address 0x00000254c9967018


Registers:
RAX=0x0000000000000025, RBX=0x0000000000000004, RCX=0x00000254c9967018, RDX=0x0000000000000051
RSP=0x000000fd033ff228, RBP=0x00000000ffffffff, RSI=0x00000254ff374590, RDI=0x0000000000000000
R8 =0x0000000000000025, R9 =0x00000000000000e0, R10=0x00000254ff374590, R11=0x000000fd033ff3b0
R12=0x00007ffa705f98c0, R13=0x0000000000000001, R14=0x00000254ff374590, R15=0x0000000000000000
RIP=0x00007ffa7052eba5, EFLAGS=0x0000000000010283


Register to memory mapping:

RIP=0x00007ffa7052eba5 jniRaylib.dll
RAX=0x0000000000000025 is an unknown value
RBX=0x0000000000000004 is an unknown value
RCX=0x00000254c9967018 is an unknown value
RDX=0x0000000000000051 is an unknown value
RSP=0x000000fd033ff228 is pointing into the stack for thread: 0x00000254db89bb80
RBP=0x00000000ffffffff is an unknown value
RSI=0x00000254ff374590 points into unknown readable memory: 0x0000000074697551 | 51 75 69 74 00 00 00 00
RDI=0x0 is NULL
R8 =0x0000000000000025 is an unknown value
R9 =0x00000000000000e0 is an unknown value
R10=0x00000254ff374590 points into unknown readable memory: 0x0000000074697551 | 51 75 69 74 00 00 00 00
R11=0x000000fd033ff3b0 is pointing into the stack for thread: 0x00000254db89bb80
R12=0x00007ffa705f98c0 jniRaylib.dll
R13=0x0000000000000001 is an unknown value
R14=0x00000254ff374590 points into unknown readable memory: 0x0000000074697551 | 51 75 69 74 00 00 00 00
R15=0x0 is NULL


Top of Stack: (sp=0x000000fd033ff228)
0x000000fd033ff228:   00007ffa70401834 00000254ff2d4670
0x000000fd033ff238:   00000254d970a670 00000254db89bb80
0x000000fd033ff248:   00007ffa73351185 000000e00000000a
0x000000fd033ff258:   0000000200000000 0000008000000080
0x000000fd033ff268:   0000000200000001 00000254c9968d60
0x000000fd033ff278:   00000254c9966a50 0000000044320000
0x000000fd033ff288:   0000000000000000 0000000044528000
0x000000fd033ff298:   0000000000000000 00000254ff374590
0x000000fd033ff2a8:   00000000ffffffff 000000fd033ff460
0x000000fd033ff2b8:   0000000000000000 000000000000003c
0x000000fd033ff2c8:   00007ffa70401d40 0000000000000001
0x000000fd033ff2d8:   0000000000000000 00000000ff686868
0x000000fd033ff2e8:   000002540000000d 0000000000000005
0x000000fd033ff2f8:   00007ffa00000000 0000000000000000
0x000000fd033ff308:   00007ffa73340181 0000000000000000
0x000000fd033ff318:   0000000000000000 0000000000000000
0x000000fd033ff328:   0000000000000000 0000000000000000
0x000000fd033ff338:   0000000000000000 0000000000000000
0x000000fd033ff348:   0000000000000000 0000000000000000
0x000000fd033ff358:   0000000000000000 0000000000000000
0x000000fd033ff368:   0000000000000000 0000000000000000
0x000000fd033ff378:   0000000000000000 0000000000000000
0x000000fd033ff388:   0000000000000000 0000000000000000
0x000000fd033ff398:   0000000000000000 0000000000000000
0x000000fd033ff3a8:   0000000000000000 0000000000000000
0x000000fd033ff3b8:   0000000000000000 0000000000000000
0x000000fd033ff3c8:   0000000000000000 0000000000000000
0x000000fd033ff3d8:   0000000000000000 0000000000000000
0x000000fd033ff3e8:   0000000000000000 0000000000000000
0x000000fd033ff3f8:   0000000000000000 00007ffa705f9180
0x000000fd033ff408:   0000000000000000 0000000000000000
0x000000fd033ff418:   00000254ff374590 000000fd033ff4d0 

Instructions: (pc=0x00007ffa7052eba5)
0x00007ffa7052eaa5:   8b c0 c3 cc cc cc cc cc cc cc cc 40 53 48 83 ec
0x00007ffa7052eab5:   20 33 c0 48 8b da 89 44 24 30 89 02 0f b6 41 ff
0x00007ffa7052eac5:   48 ff c9 84 c0 79 06 24 c0 3c 80 74 ef 48 8d 54
0x00007ffa7052ead5:   24 30 e8 24 ff ff ff 85 c0 74 06 8b 4c 24 30 89
0x00007ffa7052eae5:   0b 48 83 c4 20 5b c3 cc cc cc cc 0f 10 05 09 b0
0x00007ffa7052eaf5:   0b 00 48 8b c1 0f 10 0d 0f b0 0b 00 0f 11 01 0f
0x00007ffa7052eb05:   10 05 15 b0 0b 00 0f 11 49 10 0f 11 41 20 c3 cc
0x00007ffa7052eb15:   cc cc cc cc cc cc cc cc cc cc cc 40 53 48 83 ec
0x00007ffa7052eb25:   30 0f 10 12 45 8b c8 33 c0 0f 10 4a 20 4c 8b da
0x00007ffa7052eb35:   48 8b d9 66 49 0f 7e d0 0f 29 14 24 49 c1 e8 20
0x00007ffa7052eb45:   44 8d 50 3f 0f 29 4c 24 20 45 85 c0 7e 21 48 8b
0x00007ffa7052eb55:   4c 24 28 8b 54 24 04 0f 1f 40 00 44 39 09 74 0c
0x00007ffa7052eb65:   ff c0 48 83 c1 28 3b c2 7c f1 eb 03 44 8b d0 49
0x00007ffa7052eb75:   8b 43 20 49 63 ca 48 03 c9 0f 10 04 c8 48 8b c3
0x00007ffa7052eb85:   0f 11 03 48 83 c4 30 5b c3 cc cc 4c 63 41 04 33
0x00007ffa7052eb95:   c0 45 85 c0 7e 1c 48 8b 49 28 4d 8b c8 44 8b c0
0x00007ffa7052eba5:   39 11 74 13 ff c0 49 ff c0 48 83 c1 28 4d 3b c1
0x00007ffa7052ebb5:   7c ee b8 3f 00 00 00 c3 cc cc cc 40 53 48 83 ec
0x00007ffa7052ebc5:   30 0f 10 12 45 8b c8 33 c0 0f 10 4a 20 48 8b da
0x00007ffa7052ebd5:   4c 8b d1 66 49 0f 7e d0 0f 29 14 24 49 c1 e8 20
0x00007ffa7052ebe5:   44 8d 58 3f 0f 29 4c 24 20 45 85 c0 7e 21 48 8b
0x00007ffa7052ebf5:   4c 24 28 8b 54 24 04 0f 1f 40 00 44 39 09 74 0c
0x00007ffa7052ec05:   ff c0 48 83 c1 28 3b c2 7c f1 eb 03 44 8b d8 49
0x00007ffa7052ec15:   63 c3 48 8d 0c 80 48 8b 43 28 0f 10 04 c8 0f 10
0x00007ffa7052ec25:   4c c8 10 41 0f 11 02 f2 0f 10 44 c8 20 49 8b c2
0x00007ffa7052ec35:   41 0f 11 4a 10 f2 41 0f 11 42 20 48 83 c4 30 5b
0x00007ffa7052ec45:   c3 cc cc cc cc cc cc cc cc cc cc 83 79 0c 00 76
0x00007ffa7052ec55:   1c 83 39 00 7e 17 83 79 04 00 7e 11 48 83 79 20
0x00007ffa7052ec65:   00 74 0a 48 83 79 28 00 74 03 b0 01 c3 32 c0 c3
0x00007ffa7052ec75:   cc cc cc cc cc cc cc cc cc cc cc 40 55 56 57 41
0x00007ffa7052ec85:   55 41 56 48 8d ac 24 30 fe ff ff 48 81 ec d0 02
0x00007ffa7052ec95:   00 00 48 8b 05 da f0 0a 00 48 33 c4 48 89 85 a0 


Stack slot to memory mapping:
stack at sp + 0 slots: 0x00007ffa70401834 jniRaylib.dll
stack at sp + 1 slots: 0x00000254ff2d4670 points into unknown readable memory: 0x00000254d9557200 | 00 72 55 d9 54 02 00 00
stack at sp + 2 slots: 0x00000254d970a670 points into unknown readable memory: 0x7372657300000002 | 02 00 00 00 73 65 72 73
stack at sp + 3 slots: 0x00000254db89bb80 is a thread
stack at sp + 4 slots: 0x00007ffa73351185 jvm.dll
stack at sp + 5 slots: 0x000000e00000000a is an unknown value
stack at sp + 6 slots: 0x0000000200000000 is an unknown value
stack at sp + 7 slots: 0x0000008000000080 is an unknown value


Compiled method (n/a)   20913  737     n 0       com.raylib.Raylib::GuiButton (native)
 total in heap  [0x00000254eafdcc10,0x00000254eafdd010] = 1024
 relocation     [0x00000254eafdcd68,0x00000254eafdcd98] = 48
 main code      [0x00000254eafdcda0,0x00000254eafdd008] = 616
 oops           [0x00000254eafdd008,0x00000254eafdd010] = 8

[Constant Pool (empty)]

[MachCode]
[Entry Point]
  # {method} {0x00000254c1443580} 'GuiButton' '(Lcom/raylib/Raylib$Rectangle;Ljava/lang/String;)Z' in 'com/raylib/Raylib'
  # parm0:    rdx:rdx   = 'com/raylib/Raylib$Rectangle'
  # parm1:    r8:r8     = 'java/lang/String'
  #           [sp+0x70]  (sp of caller)
  0x00000254eafdcda0: 448b 5208 | 49bb 0000 | 0080 5402 | 0000 4d03 | d349 3bc2 | 0f84 0600 

  0x00000254eafdcdb8: ;   {runtime_call ic_miss_stub}
  0x00000254eafdcdb8: 0000 e9c1 | 4787 ff90 
[Verified Entry Point]
  0x00000254eafdcdc0: 8984 2400 | 90ff ff55 | 488b ec48 | 83ec 604c | 8944 2428 | 4983 f800 | 4c8d 4c24 | 284c 0f44 
  0x00000254eafdcde0: 4c24 2848 | 8954 2420 | 4883 fa00 | 4c8d 4424 | 204c 0f44 

  0x00000254eafdcdf4: ;   {oop(a 'java/lang/Class'{0x0000000713e00090} = 'com/raylib/Raylib')}
  0x00000254eafdcdf4: 4424 2049 | be90 00e0 | 1307 0000 | 004c 8974 | 2450 4c8d | 7424 5049 | 8bd6 c5f8 

  0x00000254eafdce10: ;   {internal_word}
  0x00000254eafdce10: 7749 ba0e | cefd ea54 | 0200 004d | 8997 a002 | 0000 4989 | a798 0200 

  0x00000254eafdce28: ;   {external_word}
  0x00000254eafdce28: 0049 ba79 | 35ae 73fa | 7f00 0041 | 803a 000f | 8452 0000 | 0052 4150 

  0x00000254eafdce40: ;   {metadata({method} {0x00000254c1443580} 'GuiButton' '(Lcom/raylib/Raylib$Rectangle;Ljava/lang/String;)Z' in 'com/raylib/Raylib')}
  0x00000254eafdce40: 4151 48ba | 7835 44c1 | 5402 0000 | 498b cf48 | 83ec 20f7 | c40f 0000 | 000f 841a | 0000 0048 
  0x00000254eafdce60: ;   {runtime_call}
  0x00000254eafdce60: 83ec 0849 | ba00 3064 | 73fa 7f00 | 0041 ffd2 | 4883 c408 | e90d 0000 

  0x00000254eafdce78: ;   {runtime_call}
  0x00000254eafdce78: 0049 ba00 | 3064 73fa | 7f00 0041 | ffd2 4883 | c420 4159 | 4158 5a49 | 8d8f b802 | 0000 41c7 
  0x00000254eafdce98: 8748 0300 | 0004 0000 

  0x00000254eafdcea0: ;   {runtime_call}
  0x00000254eafdcea0: 0049 ba10 | 1145 70fa | 7f00 0041 | ffd2 c5f8 | 7781 e0ff | 0000 000f | 95c0 41c7 | 8748 0300 
  0x00000254eafdcec0: 0005 0000 | 00f0 8344 | 24c0 0049 | 3baf 5003 | 0000 0f87 | 1100 0000 | 4181 bf38 | 0300 0000 
  0x00000254eafdcee0: 0000 000f | 842c 0000 | 00c5 f877 | 4889 45f8 | 498b cf4c | 8be4 4883 | ec20 4883 

  0x00000254eafdcefc: ;   {runtime_call}
  0x00000254eafdcefc: e4f0 49ba | 9044 7473 | fa7f 0000 | 41ff d249 | 8be4 4d33 | e448 8b45 | f841 c787 | 4803 0000 
  0x00000254eafdcf1c: 0800 0000 | 4181 bfb8 | 0300 0002 | 0000 000f | 84a3 0000 

  0x00000254eafdcf30: ;   {external_word}
  0x00000254eafdcf30: 0049 ba79 | 35ae 73fa | 7f00 0041 | 803a 000f | 8450 0000 | 0048 8945 

  0x00000254eafdcf48: ;   {metadata({method} {0x00000254c1443580} 'GuiButton' '(Lcom/raylib/Raylib$Rectangle;Ljava/lang/String;)Z' in 'com/raylib/Raylib')}
  0x00000254eafdcf48: f848 ba78 | 3544 c154 | 0200 0049 | 8bcf 4883 | ec20 f7c4 | 0f00 0000 | 0f84 1a00 | 0000 4883 
  0x00000254eafdcf68: ;   {runtime_call}
  0x00000254eafdcf68: ec08 49ba | 0030 6473 | fa7f 0000 | 41ff d248 | 83c4 08e9 | 0d00 0000 

  0x00000254eafdcf80: ;   {runtime_call}
  0x00000254eafdcf80: 49ba 0030 | 6473 fa7f | 0000 41ff | d248 83c4 | 2048 8b45 | f849 c787 | 9802 0000 | 0000 0000 
  0x00000254eafdcfa0: 49c7 87a0 | 0200 0000 | 0000 00c5 | f877 498b | 8fd8 0000 | 00c7 8100 | 0100 0000 | 0000 00c9 
  0x00000254eafdcfc0: 4981 7f08 | 0000 0000 | 0f85 0100 

  0x00000254eafdcfcc: ;   {runtime_call StubRoutines (1)}
  0x00000254eafdcfcc: 0000 c3e9 | 2c3f 82ff | c5f8 7748 | 8945 f84c | 8be4 4883 | ec20 4883 

  0x00000254eafdcfe4: ;   {runtime_call}
  0x00000254eafdcfe4: e4f0 49ba | 8060 6473 | fa7f 0000 | 41ff d249 | 8be4 4d33 | e448 8b45 | f8e9 2fff | ffff f4f4 
  0x00000254eafdd004: f4f4 f4f4 
[/MachCode]


---------------  P R O C E S S  ---------------

Threads class SMR info:
_java_thread_list=0x00000254c5efae50, length=13, elements={
0x00000254db89bb80, 0x00000254ff0be950, 0x00000254ff1d66b0, 0x00000254ff1ee0f0,
0x00000254ff1eecb0, 0x00000254ff1f3690, 0x00000254ff1f4050, 0x00000254ff1fce00,
0x00000254ff220dc0, 0x00000254ff2217c0, 0x00000254ff3acde0, 0x00000254ff3b0d70,
0x00000254c5304990
}

Java Threads: ( => current thread )
=>0x00000254db89bb80 JavaThread "main" [_thread_in_native, id=24260, stack(0x000000fd03300000,0x000000fd03400000)]
  0x00000254ff0be950 JavaThread "Reference Handler" daemon [_thread_blocked, id=26248, stack(0x000000fd03a00000,0x000000fd03b00000)]
  0x00000254ff1d66b0 JavaThread "Finalizer" daemon [_thread_blocked, id=10980, stack(0x000000fd03b00000,0x000000fd03c00000)]
  0x00000254ff1ee0f0 JavaThread "Signal Dispatcher" daemon [_thread_blocked, id=6920, stack(0x000000fd03c00000,0x000000fd03d00000)]
  0x00000254ff1eecb0 JavaThread "Attach Listener" daemon [_thread_blocked, id=14960, stack(0x000000fd03d00000,0x000000fd03e00000)]
  0x00000254ff1f3690 JavaThread "Service Thread" daemon [_thread_blocked, id=13656, stack(0x000000fd03e00000,0x000000fd03f00000)]
  0x00000254ff1f4050 JavaThread "Monitor Deflation Thread" daemon [_thread_blocked, id=25696, stack(0x000000fd03f00000,0x000000fd04000000)]
  0x00000254ff1fce00 JavaThread "C2 CompilerThread0" daemon [_thread_blocked, id=18176, stack(0x000000fd04000000,0x000000fd04100000)]
  0x00000254ff220dc0 JavaThread "C1 CompilerThread0" daemon [_thread_blocked, id=32500, stack(0x000000fd04100000,0x000000fd04200000)]
  0x00000254ff2217c0 JavaThread "Sweeper thread" daemon [_thread_blocked, id=3148, stack(0x000000fd04200000,0x000000fd04300000)]
  0x00000254ff3acde0 JavaThread "Notification Thread" daemon [_thread_blocked, id=30000, stack(0x000000fd04400000,0x000000fd04500000)]
  0x00000254ff3b0d70 JavaThread "Common-Cleaner" daemon [_thread_blocked, id=33456, stack(0x000000fd04600000,0x000000fd04700000)]
  0x00000254c5304990 JavaThread "JavaCPP Deallocator" daemon [_thread_blocked, id=25724, stack(0x000000fd04b00000,0x000000fd04c00000)]

Other Threads:
  0x00000254ff0bd6c0 VMThread "VM Thread" [stack: 0x000000fd03900000,0x000000fd03a00000] [id=21780]
  0x00000254ff3ad2c0 WatcherThread [stack: 0x000000fd04500000,0x000000fd04600000] [id=2424]
  0x00000254db9070d0 GCTaskThread "GC Thread#0" [stack: 0x000000fd03400000,0x000000fd03500000] [id=9424]
  0x00000254c51f9de0 GCTaskThread "GC Thread#1" [stack: 0x000000fd04c00000,0x000000fd04d00000] [id=15028]
  0x00000254c6206de0 GCTaskThread "GC Thread#2" [stack: 0x000000fd04d00000,0x000000fd04e00000] [id=20564]
  0x00000254c62070a0 GCTaskThread "GC Thread#3" [stack: 0x000000fd04e00000,0x000000fd04f00000] [id=2988]
  0x00000254ffd53ab0 GCTaskThread "GC Thread#4" [stack: 0x000000fd04f00000,0x000000fd05000000] [id=3592]
  0x00000254ffd53d70 GCTaskThread "GC Thread#5" [stack: 0x000000fd05000000,0x000000fd05100000] [id=20648]
  0x00000254db917a70 ConcurrentGCThread "G1 Main Marker" [stack: 0x000000fd03500000,0x000000fd03600000] [id=12544]
  0x00000254db91a4b0 ConcurrentGCThread "G1 Conc#0" [stack: 0x000000fd03600000,0x000000fd03700000] [id=26852]
  0x00000254db94ea10 ConcurrentGCThread "G1 Refine#0" [stack: 0x000000fd03700000,0x000000fd03800000] [id=27508]
  0x00000254fef79680 ConcurrentGCThread "G1 Service" [stack: 0x000000fd03800000,0x000000fd03900000] [id=3732]

Threads with active compile tasks:

VM state: not at safepoint (normal execution)

VM Mutex/Monitor currently owned by a thread: None

Heap address: 0x0000000705a00000, size: 4006 MB, Compressed Oops mode: Zero based, Oop shift amount: 3

CDS archive(s) mapped at: [0x0000025480000000-0x0000025480bb0000-0x0000025480bb0000), size 12255232, SharedBaseAddress: 0x0000025480000000, ArchiveRelocationMode: 1.
Compressed class space mapped at: 0x0000025481000000-0x00000254c1000000, reserved size: 1073741824
Narrow klass base: 0x0000025480000000, Narrow klass shift: 0, Narrow klass range: 0x100000000

GC Precious Log:
 CPUs: 16 total, 16 available
 Memory: 16021M
 Large Page Support: Disabled
 NUMA Support: Disabled
 Compressed Oops: Enabled (Zero based)
 Heap Region Size: 2M
 Heap Min Capacity: 8M
 Heap Initial Capacity: 252M
 Heap Max Capacity: 4006M
 Pre-touch: Disabled
 Parallel Workers: 13
 Concurrent Workers: 3
 Concurrent Refinement Workers: 13
 Periodic GC: Disabled

Heap:
 garbage-first heap   total 258048K, used 3690K [0x0000000705a00000, 0x0000000800000000)
  region size 2048K, 3 young (6144K), 1 survivors (2048K)
 Metaspace       used 2124K, committed 2304K, reserved 1114112K
  class space    used 180K, committed 256K, reserved 1048576K

Heap Regions: E=young(eden), S=young(survivor), O=old, HS=humongous(starts), HC=humongous(continues), CS=collection set, F=free, OA=open archive, CA=closed archive, TAMS=top-at-mark-start (previous, next)
|   0|0x0000000705a00000, 0x0000000705a00000, 0x0000000705c00000|  0%| F|  |TAMS 0x0000000705a00000, 0x0000000705a00000| Untracked 
|   1|0x0000000705c00000, 0x0000000705c00000, 0x0000000705e00000|  0%| F|  |TAMS 0x0000000705c00000, 0x0000000705c00000| Untracked 
|   2|0x0000000705e00000, 0x0000000705e00000, 0x0000000706000000|  0%| F|  |TAMS 0x0000000705e00000, 0x0000000705e00000| Untracked 
|   3|0x0000000706000000, 0x0000000706000000, 0x0000000706200000|  0%| F|  |TAMS 0x0000000706000000, 0x0000000706000000| Untracked 
|   4|0x0000000706200000, 0x0000000706200000, 0x0000000706400000|  0%| F|  |TAMS 0x0000000706200000, 0x0000000706200000| Untracked 
|   5|0x0000000706400000, 0x0000000706400000, 0x0000000706600000|  0%| F|  |TAMS 0x0000000706400000, 0x0000000706400000| Untracked 
|   6|0x0000000706600000, 0x0000000706600000, 0x0000000706800000|  0%| F|  |TAMS 0x0000000706600000, 0x0000000706600000| Untracked 
|   7|0x0000000706800000, 0x0000000706800000, 0x0000000706a00000|  0%| F|  |TAMS 0x0000000706800000, 0x0000000706800000| Untracked 
|   8|0x0000000706a00000, 0x0000000706a00000, 0x0000000706c00000|  0%| F|  |TAMS 0x0000000706a00000, 0x0000000706a00000| Untracked 
|   9|0x0000000706c00000, 0x0000000706c00000, 0x0000000706e00000|  0%| F|  |TAMS 0x0000000706c00000, 0x0000000706c00000| Untracked 
|  10|0x0000000706e00000, 0x0000000706e00000, 0x0000000707000000|  0%| F|  |TAMS 0x0000000706e00000, 0x0000000706e00000| Untracked 
|  11|0x0000000707000000, 0x0000000707000000, 0x0000000707200000|  0%| F|  |TAMS 0x0000000707000000, 0x0000000707000000| Untracked 
|  12|0x0000000707200000, 0x0000000707200000, 0x0000000707400000|  0%| F|  |TAMS 0x0000000707200000, 0x0000000707200000| Untracked 
|  13|0x0000000707400000, 0x0000000707400000, 0x0000000707600000|  0%| F|  |TAMS 0x0000000707400000, 0x0000000707400000| Untracked 
|  14|0x0000000707600000, 0x0000000707600000, 0x0000000707800000|  0%| F|  |TAMS 0x0000000707600000, 0x0000000707600000| Untracked 
|  15|0x0000000707800000, 0x0000000707800000, 0x0000000707a00000|  0%| F|  |TAMS 0x0000000707800000, 0x0000000707800000| Untracked 
|  16|0x0000000707a00000, 0x0000000707a00000, 0x0000000707c00000|  0%| F|  |TAMS 0x0000000707a00000, 0x0000000707a00000| Untracked 
|  17|0x0000000707c00000, 0x0000000707c00000, 0x0000000707e00000|  0%| F|  |TAMS 0x0000000707c00000, 0x0000000707c00000| Untracked 
|  18|0x0000000707e00000, 0x0000000707e00000, 0x0000000708000000|  0%| F|  |TAMS 0x0000000707e00000, 0x0000000707e00000| Untracked 
|  19|0x0000000708000000, 0x0000000708000000, 0x0000000708200000|  0%| F|  |TAMS 0x0000000708000000, 0x0000000708000000| Untracked 
|  20|0x0000000708200000, 0x0000000708200000, 0x0000000708400000|  0%| F|  |TAMS 0x0000000708200000, 0x0000000708200000| Untracked 
|  21|0x0000000708400000, 0x0000000708400000, 0x0000000708600000|  0%| F|  |TAMS 0x0000000708400000, 0x0000000708400000| Untracked 
|  22|0x0000000708600000, 0x0000000708600000, 0x0000000708800000|  0%| F|  |TAMS 0x0000000708600000, 0x0000000708600000| Untracked 
|  23|0x0000000708800000, 0x0000000708800000, 0x0000000708a00000|  0%| F|  |TAMS 0x0000000708800000, 0x0000000708800000| Untracked 
|  24|0x0000000708a00000, 0x0000000708a00000, 0x0000000708c00000|  0%| F|  |TAMS 0x0000000708a00000, 0x0000000708a00000| Untracked 
|  25|0x0000000708c00000, 0x0000000708c00000, 0x0000000708e00000|  0%| F|  |TAMS 0x0000000708c00000, 0x0000000708c00000| Untracked 
|  26|0x0000000708e00000, 0x0000000708e00000, 0x0000000709000000|  0%| F|  |TAMS 0x0000000708e00000, 0x0000000708e00000| Untracked 
|  27|0x0000000709000000, 0x0000000709000000, 0x0000000709200000|  0%| F|  |TAMS 0x0000000709000000, 0x0000000709000000| Untracked 
|  28|0x0000000709200000, 0x0000000709200000, 0x0000000709400000|  0%| F|  |TAMS 0x0000000709200000, 0x0000000709200000| Untracked 
|  29|0x0000000709400000, 0x0000000709400000, 0x0000000709600000|  0%| F|  |TAMS 0x0000000709400000, 0x0000000709400000| Untracked 
|  30|0x0000000709600000, 0x0000000709600000, 0x0000000709800000|  0%| F|  |TAMS 0x0000000709600000, 0x0000000709600000| Untracked 
|  31|0x0000000709800000, 0x0000000709800000, 0x0000000709a00000|  0%| F|  |TAMS 0x0000000709800000, 0x0000000709800000| Untracked 
|  32|0x0000000709a00000, 0x0000000709a00000, 0x0000000709c00000|  0%| F|  |TAMS 0x0000000709a00000, 0x0000000709a00000| Untracked 
|  33|0x0000000709c00000, 0x0000000709c00000, 0x0000000709e00000|  0%| F|  |TAMS 0x0000000709c00000, 0x0000000709c00000| Untracked 
|  34|0x0000000709e00000, 0x0000000709e00000, 0x000000070a000000|  0%| F|  |TAMS 0x0000000709e00000, 0x0000000709e00000| Untracked 
|  35|0x000000070a000000, 0x000000070a000000, 0x000000070a200000|  0%| F|  |TAMS 0x000000070a000000, 0x000000070a000000| Untracked 
|  36|0x000000070a200000, 0x000000070a200000, 0x000000070a400000|  0%| F|  |TAMS 0x000000070a200000, 0x000000070a200000| Untracked 
|  37|0x000000070a400000, 0x000000070a400000, 0x000000070a600000|  0%| F|  |TAMS 0x000000070a400000, 0x000000070a400000| Untracked 
|  38|0x000000070a600000, 0x000000070a600000, 0x000000070a800000|  0%| F|  |TAMS 0x000000070a600000, 0x000000070a600000| Untracked 
|  39|0x000000070a800000, 0x000000070a800000, 0x000000070aa00000|  0%| F|  |TAMS 0x000000070a800000, 0x000000070a800000| Untracked 
|  40|0x000000070aa00000, 0x000000070aa00000, 0x000000070ac00000|  0%| F|  |TAMS 0x000000070aa00000, 0x000000070aa00000| Untracked 
|  41|0x000000070ac00000, 0x000000070ac00000, 0x000000070ae00000|  0%| F|  |TAMS 0x000000070ac00000, 0x000000070ac00000| Untracked 
|  42|0x000000070ae00000, 0x000000070ae00000, 0x000000070b000000|  0%| F|  |TAMS 0x000000070ae00000, 0x000000070ae00000| Untracked 
|  43|0x000000070b000000, 0x000000070b000000, 0x000000070b200000|  0%| F|  |TAMS 0x000000070b000000, 0x000000070b000000| Untracked 
|  44|0x000000070b200000, 0x000000070b200000, 0x000000070b400000|  0%| F|  |TAMS 0x000000070b200000, 0x000000070b200000| Untracked 
|  45|0x000000070b400000, 0x000000070b400000, 0x000000070b600000|  0%| F|  |TAMS 0x000000070b400000, 0x000000070b400000| Untracked 
|  46|0x000000070b600000, 0x000000070b600000, 0x000000070b800000|  0%| F|  |TAMS 0x000000070b600000, 0x000000070b600000| Untracked 
|  47|0x000000070b800000, 0x000000070b800000, 0x000000070ba00000|  0%| F|  |TAMS 0x000000070b800000, 0x000000070b800000| Untracked 
|  48|0x000000070ba00000, 0x000000070ba00000, 0x000000070bc00000|  0%| F|  |TAMS 0x000000070ba00000, 0x000000070ba00000| Untracked 
|  49|0x000000070bc00000, 0x000000070bc00000, 0x000000070be00000|  0%| F|  |TAMS 0x000000070bc00000, 0x000000070bc00000| Untracked 
|  50|0x000000070be00000, 0x000000070be00000, 0x000000070c000000|  0%| F|  |TAMS 0x000000070be00000, 0x000000070be00000| Untracked 
|  51|0x000000070c000000, 0x000000070c000000, 0x000000070c200000|  0%| F|  |TAMS 0x000000070c000000, 0x000000070c000000| Untracked 
|  52|0x000000070c200000, 0x000000070c200000, 0x000000070c400000|  0%| F|  |TAMS 0x000000070c200000, 0x000000070c200000| Untracked 
|  53|0x000000070c400000, 0x000000070c400000, 0x000000070c600000|  0%| F|  |TAMS 0x000000070c400000, 0x000000070c400000| Untracked 
|  54|0x000000070c600000, 0x000000070c600000, 0x000000070c800000|  0%| F|  |TAMS 0x000000070c600000, 0x000000070c600000| Untracked 
|  55|0x000000070c800000, 0x000000070c800000, 0x000000070ca00000|  0%| F|  |TAMS 0x000000070c800000, 0x000000070c800000| Untracked 
|  56|0x000000070ca00000, 0x000000070ca00000, 0x000000070cc00000|  0%| F|  |TAMS 0x000000070ca00000, 0x000000070ca00000| Untracked 
|  57|0x000000070cc00000, 0x000000070cc00000, 0x000000070ce00000|  0%| F|  |TAMS 0x000000070cc00000, 0x000000070cc00000| Untracked 
|  58|0x000000070ce00000, 0x000000070ce00000, 0x000000070d000000|  0%| F|  |TAMS 0x000000070ce00000, 0x000000070ce00000| Untracked 
|  59|0x000000070d000000, 0x000000070d000000, 0x000000070d200000|  0%| F|  |TAMS 0x000000070d000000, 0x000000070d000000| Untracked 
|  60|0x000000070d200000, 0x000000070d200000, 0x000000070d400000|  0%| F|  |TAMS 0x000000070d200000, 0x000000070d200000| Untracked 
|  61|0x000000070d400000, 0x000000070d400000, 0x000000070d600000|  0%| F|  |TAMS 0x000000070d400000, 0x000000070d400000| Untracked 
|  62|0x000000070d600000, 0x000000070d600000, 0x000000070d800000|  0%| F|  |TAMS 0x000000070d600000, 0x000000070d600000| Untracked 
|  63|0x000000070d800000, 0x000000070d800000, 0x000000070da00000|  0%| F|  |TAMS 0x000000070d800000, 0x000000070d800000| Untracked 
|  64|0x000000070da00000, 0x000000070da00000, 0x000000070dc00000|  0%| F|  |TAMS 0x000000070da00000, 0x000000070da00000| Untracked 
|  65|0x000000070dc00000, 0x000000070dc00000, 0x000000070de00000|  0%| F|  |TAMS 0x000000070dc00000, 0x000000070dc00000| Untracked 
|  66|0x000000070de00000, 0x000000070de00000, 0x000000070e000000|  0%| F|  |TAMS 0x000000070de00000, 0x000000070de00000| Untracked 
|  67|0x000000070e000000, 0x000000070e000000, 0x000000070e200000|  0%| F|  |TAMS 0x000000070e000000, 0x000000070e000000| Untracked 
|  68|0x000000070e200000, 0x000000070e200000, 0x000000070e400000|  0%| F|  |TAMS 0x000000070e200000, 0x000000070e200000| Untracked 
|  69|0x000000070e400000, 0x000000070e400000, 0x000000070e600000|  0%| F|  |TAMS 0x000000070e400000, 0x000000070e400000| Untracked 
|  70|0x000000070e600000, 0x000000070e600000, 0x000000070e800000|  0%| F|  |TAMS 0x000000070e600000, 0x000000070e600000| Untracked 
|  71|0x000000070e800000, 0x000000070e800000, 0x000000070ea00000|  0%| F|  |TAMS 0x000000070e800000, 0x000000070e800000| Untracked 
|  72|0x000000070ea00000, 0x000000070ea00000, 0x000000070ec00000|  0%| F|  |TAMS 0x000000070ea00000, 0x000000070ea00000| Untracked 
|  73|0x000000070ec00000, 0x000000070ec00000, 0x000000070ee00000|  0%| F|  |TAMS 0x000000070ec00000, 0x000000070ec00000| Untracked 
|  74|0x000000070ee00000, 0x000000070ee00000, 0x000000070f000000|  0%| F|  |TAMS 0x000000070ee00000, 0x000000070ee00000| Untracked 
|  75|0x000000070f000000, 0x000000070f000000, 0x000000070f200000|  0%| F|  |TAMS 0x000000070f000000, 0x000000070f000000| Untracked 
|  76|0x000000070f200000, 0x000000070f200000, 0x000000070f400000|  0%| F|  |TAMS 0x000000070f200000, 0x000000070f200000| Untracked 
|  77|0x000000070f400000, 0x000000070f400000, 0x000000070f600000|  0%| F|  |TAMS 0x000000070f400000, 0x000000070f400000| Untracked 
|  78|0x000000070f600000, 0x000000070f600000, 0x000000070f800000|  0%| F|  |TAMS 0x000000070f600000, 0x000000070f600000| Untracked 
|  79|0x000000070f800000, 0x000000070f800000, 0x000000070fa00000|  0%| F|  |TAMS 0x000000070f800000, 0x000000070f800000| Untracked 
|  80|0x000000070fa00000, 0x000000070fa00000, 0x000000070fc00000|  0%| F|  |TAMS 0x000000070fa00000, 0x000000070fa00000| Untracked 
|  81|0x000000070fc00000, 0x000000070fc00000, 0x000000070fe00000|  0%| F|  |TAMS 0x000000070fc00000, 0x000000070fc00000| Untracked 
|  82|0x000000070fe00000, 0x000000070fe00000, 0x0000000710000000|  0%| F|  |TAMS 0x000000070fe00000, 0x000000070fe00000| Untracked 
|  83|0x0000000710000000, 0x0000000710000000, 0x0000000710200000|  0%| F|  |TAMS 0x0000000710000000, 0x0000000710000000| Untracked 
|  84|0x0000000710200000, 0x0000000710200000, 0x0000000710400000|  0%| F|  |TAMS 0x0000000710200000, 0x0000000710200000| Untracked 
|  85|0x0000000710400000, 0x0000000710400000, 0x0000000710600000|  0%| F|  |TAMS 0x0000000710400000, 0x0000000710400000| Untracked 
|  86|0x0000000710600000, 0x0000000710600000, 0x0000000710800000|  0%| F|  |TAMS 0x0000000710600000, 0x0000000710600000| Untracked 
|  87|0x0000000710800000, 0x0000000710800000, 0x0000000710a00000|  0%| F|  |TAMS 0x0000000710800000, 0x0000000710800000| Untracked 
|  88|0x0000000710a00000, 0x0000000710a00000, 0x0000000710c00000|  0%| F|  |TAMS 0x0000000710a00000, 0x0000000710a00000| Untracked 
|  89|0x0000000710c00000, 0x0000000710c00000, 0x0000000710e00000|  0%| F|  |TAMS 0x0000000710c00000, 0x0000000710c00000| Untracked 
|  90|0x0000000710e00000, 0x0000000710e00000, 0x0000000711000000|  0%| F|  |TAMS 0x0000000710e00000, 0x0000000710e00000| Untracked 
|  91|0x0000000711000000, 0x0000000711000000, 0x0000000711200000|  0%| F|  |TAMS 0x0000000711000000, 0x0000000711000000| Untracked 
|  92|0x0000000711200000, 0x0000000711200000, 0x0000000711400000|  0%| F|  |TAMS 0x0000000711200000, 0x0000000711200000| Untracked 
|  93|0x0000000711400000, 0x0000000711400000, 0x0000000711600000|  0%| F|  |TAMS 0x0000000711400000, 0x0000000711400000| Untracked 
|  94|0x0000000711600000, 0x0000000711600000, 0x0000000711800000|  0%| F|  |TAMS 0x0000000711600000, 0x0000000711600000| Untracked 
|  95|0x0000000711800000, 0x0000000711800000, 0x0000000711a00000|  0%| F|  |TAMS 0x0000000711800000, 0x0000000711800000| Untracked 
|  96|0x0000000711a00000, 0x0000000711a00000, 0x0000000711c00000|  0%| F|  |TAMS 0x0000000711a00000, 0x0000000711a00000| Untracked 
|  97|0x0000000711c00000, 0x0000000711c00000, 0x0000000711e00000|  0%| F|  |TAMS 0x0000000711c00000, 0x0000000711c00000| Untracked 
|  98|0x0000000711e00000, 0x0000000711e00000, 0x0000000712000000|  0%| F|  |TAMS 0x0000000711e00000, 0x0000000711e00000| Untracked 
|  99|0x0000000712000000, 0x0000000712000000, 0x0000000712200000|  0%| F|  |TAMS 0x0000000712000000, 0x0000000712000000| Untracked 
| 100|0x0000000712200000, 0x0000000712200000, 0x0000000712400000|  0%| F|  |TAMS 0x0000000712200000, 0x0000000712200000| Untracked 
| 101|0x0000000712400000, 0x0000000712400000, 0x0000000712600000|  0%| F|  |TAMS 0x0000000712400000, 0x0000000712400000| Untracked 
| 102|0x0000000712600000, 0x0000000712600000, 0x0000000712800000|  0%| F|  |TAMS 0x0000000712600000, 0x0000000712600000| Untracked 
| 103|0x0000000712800000, 0x0000000712800000, 0x0000000712a00000|  0%| F|  |TAMS 0x0000000712800000, 0x0000000712800000| Untracked 
| 104|0x0000000712a00000, 0x0000000712a00000, 0x0000000712c00000|  0%| F|  |TAMS 0x0000000712a00000, 0x0000000712a00000| Untracked 
| 105|0x0000000712c00000, 0x0000000712c00000, 0x0000000712e00000|  0%| F|  |TAMS 0x0000000712c00000, 0x0000000712c00000| Untracked 
| 106|0x0000000712e00000, 0x0000000712e00000, 0x0000000713000000|  0%| F|  |TAMS 0x0000000712e00000, 0x0000000712e00000| Untracked 
| 107|0x0000000713000000, 0x0000000713000000, 0x0000000713200000|  0%| F|  |TAMS 0x0000000713000000, 0x0000000713000000| Untracked 
| 108|0x0000000713200000, 0x0000000713200000, 0x0000000713400000|  0%| F|  |TAMS 0x0000000713200000, 0x0000000713200000| Untracked 
| 109|0x0000000713400000, 0x0000000713400000, 0x0000000713600000|  0%| F|  |TAMS 0x0000000713400000, 0x0000000713400000| Untracked 
| 110|0x0000000713600000, 0x0000000713600000, 0x0000000713800000|  0%| F|  |TAMS 0x0000000713600000, 0x0000000713600000| Untracked 
| 111|0x0000000713800000, 0x0000000713800000, 0x0000000713a00000|  0%| F|  |TAMS 0x0000000713800000, 0x0000000713800000| Untracked 
| 112|0x0000000713a00000, 0x0000000713a00000, 0x0000000713c00000|  0%| F|  |TAMS 0x0000000713a00000, 0x0000000713a00000| Untracked 
| 113|0x0000000713c00000, 0x0000000713c00000, 0x0000000713e00000|  0%| F|  |TAMS 0x0000000713c00000, 0x0000000713c00000| Untracked 
| 114|0x0000000713e00000, 0x0000000713f9aa70, 0x0000000714000000| 80%| S|CS|TAMS 0x0000000713e00000, 0x0000000713e00000| Complete 
| 115|0x0000000714000000, 0x0000000714000000, 0x0000000714200000|  0%| F|  |TAMS 0x0000000714000000, 0x0000000714000000| Untracked 
| 116|0x0000000714200000, 0x0000000714200000, 0x0000000714400000|  0%| F|  |TAMS 0x0000000714200000, 0x0000000714200000| Untracked 
| 117|0x0000000714400000, 0x0000000714400000, 0x0000000714600000|  0%| F|  |TAMS 0x0000000714400000, 0x0000000714400000| Untracked 
| 118|0x0000000714600000, 0x0000000714600000, 0x0000000714800000|  0%| F|  |TAMS 0x0000000714600000, 0x0000000714600000| Untracked 
| 119|0x0000000714800000, 0x0000000714800000, 0x0000000714a00000|  0%| F|  |TAMS 0x0000000714800000, 0x0000000714800000| Untracked 
| 120|0x0000000714a00000, 0x0000000714a00000, 0x0000000714c00000|  0%| F|  |TAMS 0x0000000714a00000, 0x0000000714a00000| Untracked 
| 121|0x0000000714c00000, 0x0000000714c00000, 0x0000000714e00000|  0%| F|  |TAMS 0x0000000714c00000, 0x0000000714c00000| Untracked 
| 122|0x0000000714e00000, 0x0000000714e00000, 0x0000000715000000|  0%| F|  |TAMS 0x0000000714e00000, 0x0000000714e00000| Untracked 
| 123|0x0000000715000000, 0x0000000715000000, 0x0000000715200000|  0%| F|  |TAMS 0x0000000715000000, 0x0000000715000000| Untracked 
| 124|0x0000000715200000, 0x0000000715377890, 0x0000000715400000| 73%| E|  |TAMS 0x0000000715200000, 0x0000000715200000| Complete 
| 125|0x0000000715400000, 0x0000000715600000, 0x0000000715600000|100%| E|CS|TAMS 0x0000000715400000, 0x0000000715400000| Complete 

Card table byte_map: [0x00000254f3430000,0x00000254f3c10000] _byte_map_base: 0x00000254efc03000

Marking Bits (Prev, Next): (CMBitMap*) 0x00000254db9076f0, (CMBitMap*) 0x00000254db907730
 Prev Bits: [0x00000254f43f0000, 0x00000254f8288000)
 Next Bits: [0x00000254f8290000, 0x00000254fc128000)

Polling page: 0x00000254db050000

Metaspace:

Usage:
  Non-class:      1.90 MB used.
      Class:    180.95 KB used.
       Both:      2.07 MB used.

Virtual space:
  Non-class space:       64.00 MB reserved,       2.00 MB (  3%) committed,  1 nodes.
      Class space:        1.00 GB reserved,     256.00 KB ( <1%) committed,  1 nodes.
             Both:        1.06 GB reserved,       2.25 MB ( <1%) committed. 

Chunk freelists:
   Non-Class:  11.24 MB
       Class:  15.65 MB
        Both:  26.89 MB

MaxMetaspaceSize: unlimited
CompressedClassSpaceSize: 1.00 GB
Initial GC threshold: 21.00 MB
Current GC threshold: 21.00 MB
CDS: on
MetaspaceReclaimPolicy: balanced
 - commit_granule_bytes: 65536.
 - commit_granule_words: 8192.
 - virtual_space_node_default_size: 8388608.
 - enlarge_chunks_in_place: 1.
 - new_chunks_are_fully_committed: 0.
 - uncommit_free_chunks: 1.
 - use_allocation_guard: 0.
 - handle_deallocations: 1.


Internal statistics:

num_allocs_failed_limit: 0.
num_arena_births: 32.
num_arena_deaths: 0.
num_vsnodes_births: 2.
num_vsnodes_deaths: 0.
num_space_committed: 36.
num_space_uncommitted: 0.
num_chunks_returned_to_freelist: 0.
num_chunks_taken_from_freelist: 71.
num_chunk_merges: 0.
num_chunk_splits: 51.
num_chunks_enlarged: 38.
num_inconsistent_stats: 0.

CodeHeap 'non-profiled nmethods': size=119168Kb used=630Kb max_used=630Kb free=118537Kb
 bounds [0x00000254eaf50000, 0x00000254eb1c0000, 0x00000254f23b0000]
CodeHeap 'profiled nmethods': size=119104Kb used=1390Kb max_used=1390Kb free=117713Kb
 bounds [0x00000254e33b0000, 0x00000254e3620000, 0x00000254ea800000]
CodeHeap 'non-nmethods': size=7488Kb used=1158Kb max_used=2906Kb free=6329Kb
 bounds [0x00000254ea800000, 0x00000254eaaf0000, 0x00000254eaf50000]
 total_blobs=1286 nmethods=849 adapters=350
 compilation: enabled
              stopped_count=0, restarted_count=0
 full_count=0

Compilation events (20 events):
Event: 14.258 Thread 0x00000254ff1fce00  840   !   4       java.util.WeakHashMap::expungeStaleEntries (139 bytes)
Event: 14.260 Thread 0x00000254ff1fce00 nmethod 840 0x00000254eafe7790 code [0x00000254eafe7920, 0x00000254eafe7c28]
Event: 14.275 Thread 0x00000254ff1fce00  841       4       java.util.WeakHashMap::hash (28 bytes)
Event: 14.277 Thread 0x00000254ff1fce00 nmethod 841 0x00000254eafe7d90 code [0x00000254eafe7f20, 0x00000254eafe8048]
Event: 14.725 Thread 0x00000254ff1fce00  842       4       java.util.HashMap::get (19 bytes)
Event: 14.731 Thread 0x00000254ff1fce00 nmethod 842 0x00000254eafe8190 code [0x00000254eafe8340, 0x00000254eafe89c8]
Event: 14.993 Thread 0x00000254ff1fce00  843       4       java.util.WeakHashMap::get (75 bytes)
Event: 14.996 Thread 0x00000254ff1fce00 nmethod 843 0x00000254eafe8e10 code [0x00000254eafe8fc0, 0x00000254eafe94b8]
Event: 18.726 Thread 0x00000254ff1fce00  844       4       java.lang.ThreadLocal::get (38 bytes)
Event: 18.727 Thread 0x00000254ff1fce00 nmethod 844 0x00000254eafe9810 code [0x00000254eafe99a0, 0x00000254eafe9b18]
Event: 19.775 Thread 0x00000254ff1fce00  845       4       java.lang.Object::equals (11 bytes)
Event: 19.775 Thread 0x00000254ff1fce00 nmethod 845 0x00000254eafe9d10 code [0x00000254eafe9e80, 0x00000254eafe9f18]
Event: 20.025 Thread 0x00000254ff1fce00  846       4       java.util.ArrayDeque$DeqIterator::<init> (34 bytes)
Event: 20.026 Thread 0x00000254ff1fce00 nmethod 846 0x00000254eafea010 code [0x00000254eafea180, 0x00000254eafea358]
Event: 20.175 Thread 0x00000254ff1fce00  847       4       org.bytedeco.javacpp.Pointer::init (52 bytes)
Event: 20.195 Thread 0x00000254ff1fce00 nmethod 847 0x00000254eafea490 code [0x00000254eafea6e0, 0x00000254eafec070]
Event: 20.195 Thread 0x00000254ff1fce00  848       4       org.bytedeco.javacpp.Pointer::<init> (86 bytes)
Event: 20.196 Thread 0x00000254ff1fce00 nmethod 848 0x00000254eafece90 code [0x00000254eafed000, 0x00000254eafed0f8]
Event: 20.541 Thread 0x00000254ff1fce00  849   !   4       org.bytedeco.javacpp.Pointer$DeallocatorReference::add (82 bytes)
Event: 20.545 Thread 0x00000254ff1fce00 nmethod 849 0x00000254eafed190 code [0x00000254eafed320, 0x00000254eafed898]

GC Heap History (2 events):
Event: 0.598 GC heap before
{Heap before GC invocations=0 (full 0):
 garbage-first heap   total 258048K, used 22528K [0x0000000705a00000, 0x0000000800000000)
  region size 2048K, 11 young (22528K), 0 survivors (0K)
 Metaspace       used 1820K, committed 1920K, reserved 1114112K
  class space    used 144K, committed 192K, reserved 1048576K
}
Event: 0.604 GC heap after
{Heap after GC invocations=1 (full 0):
 garbage-first heap   total 258048K, used 1642K [0x0000000705a00000, 0x0000000800000000)
  region size 2048K, 1 young (2048K), 1 survivors (2048K)
 Metaspace       used 1820K, committed 1920K, reserved 1114112K
  class space    used 144K, committed 192K, reserved 1048576K
}

Dll operation events (20 events):
Event: 0.385 Loaded shared library C:\Program Files (x86)\Windows Kits\10\Redist\ucrt\DLLs\x64\api-ms-win-core-rtlsupport-l1-1-0.dll
Event: 0.394 Loaded shared library C:\Program Files (x86)\Windows Kits\10\Redist\ucrt\DLLs\x64\api-ms-win-core-processthreads-l1-1-1.dll
Event: 0.405 Loaded shared library C:\Program Files (x86)\Windows Kits\10\Redist\ucrt\DLLs\x64\api-ms-win-core-file-l1-2-0.dll
Event: 0.414 Loaded shared library C:\Program Files (x86)\Windows Kits\10\Redist\ucrt\DLLs\x64\api-ms-win-core-profile-l1-1-0.dll
Event: 0.429 Loaded shared library C:\Program Files (x86)\Windows Kits\10\Redist\ucrt\DLLs\x64\api-ms-win-core-memory-l1-1-0.dll
Event: 0.443 Loaded shared library C:\Program Files (x86)\Windows Kits\10\Redist\ucrt\DLLs\x64\api-ms-win-core-util-l1-1-0.dll
Event: 0.452 Loaded shared library C:\Program Files (x86)\Windows Kits\10\Redist\ucrt\DLLs\x64\api-ms-win-core-interlocked-l1-1-0.dll
Event: 0.465 Loaded shared library C:\Program Files (x86)\Windows Kits\10\Redist\ucrt\DLLs\x64\ucrtbase.dll
Event: 0.476 Loaded shared library C:\Users\luczu\.jdks\corretto-17.0.10\bin\vcruntime140.dll
Event: 0.488 Loaded shared library C:\Users\luczu\.jdks\corretto-17.0.10\bin\vcruntime140_1.dll
Event: 0.497 Loaded shared library C:\Users\luczu\.jdks\corretto-17.0.10\bin\msvcp140.dll
Event: 0.507 Loaded shared library C:\Windows\System32\msvcp140_1.dll
Event: 0.519 Loaded shared library C:\Windows\System32\concrt140.dll
Event: 0.527 Loaded shared library C:\Windows\System32\vcomp140.dll
Event: 0.541 Loaded shared library C:\Windows\System32\winmm.dll
Event: 0.545 Loaded shared library C:\Windows\System32\opengl32.dll
Event: 0.546 Loaded shared library C:\Windows\System32\user32.dll
Event: 0.547 Loaded shared library C:\Windows\System32\shell32.dll
Event: 0.548 Loaded shared library C:\Windows\System32\gdi32.dll
Event: 0.569 Loaded shared library C:\Users\luczu\.javacpp\cache\jaylib-4.5.0-0.jar\com\raylib\windows-x86_64\jniRaylib.dll

Deoptimization events (20 events):
Event: 0.542 Thread 0x00000254db89bb80 DEOPT PACKING pc=0x00000254eaf96b24 sp=0x000000fd033fe3a0
Event: 0.542 Thread 0x00000254db89bb80 DEOPT UNPACKING pc=0x00000254ea85a1a3 sp=0x000000fd033fe0c0 mode 2
Event: 0.542 Thread 0x00000254db89bb80 Uncommon trap: trap_request=0xffffff45 fr.pc=0x00000254eafa00a4 relative=0x0000000000003d44
Event: 0.542 Thread 0x00000254db89bb80 Uncommon trap: reason=unstable_if action=reinterpret pc=0x00000254eafa00a4 method=sun.net.www.ParseUtil.firstEncodeIndex(Ljava/lang/String;)I @ 51 c2
Event: 0.542 Thread 0x00000254db89bb80 DEOPT PACKING pc=0x00000254eafa00a4 sp=0x000000fd033fe330
Event: 0.542 Thread 0x00000254db89bb80 DEOPT UNPACKING pc=0x00000254ea85a1a3 sp=0x000000fd033fe0b8 mode 2
Event: 0.549 Thread 0x00000254db89bb80 DEOPT PACKING pc=0x00000254e349b318 sp=0x000000fd033fe2c0
Event: 0.549 Thread 0x00000254db89bb80 DEOPT UNPACKING pc=0x00000254ea85ace3 sp=0x000000fd033fd7d8 mode 0
Event: 0.550 Thread 0x00000254db89bb80 Uncommon trap: trap_request=0xffffff45 fr.pc=0x00000254eaf8bdc4 relative=0x0000000000001324
Event: 0.550 Thread 0x00000254db89bb80 Uncommon trap: reason=unstable_if action=reinterpret pc=0x00000254eaf8bdc4 method=java.net.URL.<init>(Ljava/net/URL;Ljava/lang/String;Ljava/net/URLStreamHandler;)V @ 273 c2
Event: 0.550 Thread 0x00000254db89bb80 DEOPT PACKING pc=0x00000254eaf8bdc4 sp=0x000000fd033fdfb0
Event: 0.550 Thread 0x00000254db89bb80 DEOPT UNPACKING pc=0x00000254ea85a1a3 sp=0x000000fd033fdf40 mode 2
Event: 0.588 Thread 0x00000254db89bb80 DEOPT PACKING pc=0x00000254e349b318 sp=0x000000fd033fd270
Event: 0.588 Thread 0x00000254db89bb80 DEOPT UNPACKING pc=0x00000254ea85ace3 sp=0x000000fd033fc788 mode 0
Event: 0.591 Thread 0x00000254db89bb80 DEOPT PACKING pc=0x00000254e349e5c8 sp=0x000000fd033fcae0
Event: 0.591 Thread 0x00000254db89bb80 DEOPT UNPACKING pc=0x00000254ea85ace3 sp=0x000000fd033fbff8 mode 0
Event: 0.604 Thread 0x00000254db89bb80 Uncommon trap: trap_request=0xffffff45 fr.pc=0x00000254eaf80b60 relative=0x00000000000000e0
Event: 0.604 Thread 0x00000254db89bb80 Uncommon trap: reason=unstable_if action=reinterpret pc=0x00000254eaf80b60 method=java.lang.ref.SoftReference.get()Ljava/lang/Object; @ 17 c2
Event: 0.604 Thread 0x00000254db89bb80 DEOPT PACKING pc=0x00000254eaf80b60 sp=0x000000fd033fcbc0
Event: 0.604 Thread 0x00000254db89bb80 DEOPT UNPACKING pc=0x00000254ea85a1a3 sp=0x000000fd033fcb78 mode 2

Classes unloaded (0 events):
No events

Classes redefined (0 events):
No events

Internal exceptions (7 events):
Event: 0.088 Thread 0x00000254db89bb80 Exception <a 'java/lang/NoSuchMethodError'{0x00000007152812a0}: 'int java.lang.invoke.DirectMethodHandle$Holder.invokeStaticInit(java.lang.Object, java.lang.Object, java.lang.Object, java.lang.Object)'> (0x00000007152812a0) 
thrown [s\src\hotspot\share\interpreter\linkResolver.cpp, line 759]
Event: 0.090 Thread 0x00000254db89bb80 Exception <a 'java/lang/NoSuchMethodError'{0x000000071528bfb0}: 'java.lang.Object java.lang.invoke.DirectMethodHandle$Holder.invokeInterface(java.lang.Object, java.lang.Object)'> (0x000000071528bfb0) 
thrown [s\src\hotspot\share\interpreter\linkResolver.cpp, line 759]
Event: 0.090 Thread 0x00000254db89bb80 Exception <a 'java/lang/IncompatibleClassChangeError'{0x000000071528f6c8}: Found class java.lang.Object, but interface was expected> (0x000000071528f6c8) 
thrown [s\src\hotspot\share\interpreter\linkResolver.cpp, line 826]
Event: 0.091 Thread 0x00000254db89bb80 Exception <a 'java/lang/NoSuchMethodError'{0x0000000715292870}: 'void java.lang.invoke.DirectMethodHandle$Holder.invokeStatic(java.lang.Object, java.lang.Object)'> (0x0000000715292870) 
thrown [s\src\hotspot\share\interpreter\linkResolver.cpp, line 759]
Event: 0.091 Thread 0x00000254db89bb80 Exception <a 'java/lang/NoSuchMethodError'{0x0000000715295ee0}: 'void java.lang.invoke.DirectMethodHandle$Holder.invokeStaticInit(java.lang.Object, java.lang.Object)'> (0x0000000715295ee0) 
thrown [s\src\hotspot\share\interpreter\linkResolver.cpp, line 759]
Event: 0.092 Thread 0x00000254db89bb80 Exception <a 'java/lang/NoSuchMethodError'{0x000000071529c788}: 'int java.lang.invoke.DirectMethodHandle$Holder.invokeStaticInit(java.lang.Object, java.lang.Object)'> (0x000000071529c788) 
thrown [s\src\hotspot\share\interpreter\linkResolver.cpp, line 759]
Event: 0.566 Thread 0x00000254db89bb80 Exception <a 'java/lang/NoSuchMethodError'{0x00000007140f08e8}: 'java.lang.Object java.lang.invoke.DirectMethodHandle$Holder.invokeStatic(java.lang.Object, int, java.lang.Object)'> (0x00000007140f08e8) 
thrown [s\src\hotspot\share\interpreter\linkResolver.cpp, line 759]

VM Operations (14 events):
Event: 0.064 Executing VM operation: HandshakeAllThreads
Event: 0.064 Executing VM operation: HandshakeAllThreads done
Event: 0.137 Executing VM operation: HandshakeAllThreads
Event: 0.137 Executing VM operation: HandshakeAllThreads done
Event: 0.597 Executing VM operation: G1CollectForAllocation
Event: 0.604 Executing VM operation: G1CollectForAllocation done
Event: 1.606 Executing VM operation: Cleanup
Event: 1.606 Executing VM operation: Cleanup done
Event: 7.610 Executing VM operation: Cleanup
Event: 7.610 Executing VM operation: Cleanup done
Event: 15.614 Executing VM operation: Cleanup
Event: 15.614 Executing VM operation: Cleanup done
Event: 20.616 Executing VM operation: Cleanup
Event: 20.616 Executing VM operation: Cleanup done

Events (20 events):
Event: 0.563 loading class java/time/DayOfWeek
Event: 0.563 loading class java/time/DayOfWeek done
Event: 0.563 loading class java/time/zone/ZoneOffsetTransitionRule$TimeDefinition
Event: 0.563 loading class java/time/zone/ZoneOffsetTransitionRule$TimeDefinition done
Event: 0.564 loading class java/time/zone/ZoneOffsetTransition
Event: 0.564 loading class java/time/zone/ZoneOffsetTransition done
Event: 0.564 loading class java/time/temporal/TemporalAdjusters
Event: 0.565 loading class java/time/temporal/TemporalAdjusters done
Event: 0.568 loading class java/time/zone/ZoneOffsetTransitionRule$1
Event: 0.568 loading class java/time/zone/ZoneOffsetTransitionRule$1 done
Event: 0.568 loading class java/util/concurrent/TimeUnit$1
Event: 0.568 loading class java/util/concurrent/TimeUnit$1 done
Event: 0.583 loading class java/lang/NumberFormatException
Event: 0.583 loading class java/lang/NumberFormatException done
Event: 0.584 Thread 0x00000254c5304990 Thread added: 0x00000254c5304990
Event: 1.177 Thread 0x00000254ff72e6b0 Thread exited: 0x00000254ff72e6b0
Event: 1.177 Thread 0x00000254c5304470 Thread exited: 0x00000254c5304470
Event: 1.177 Thread 0x00000254c66b8010 Thread exited: 0x00000254c66b8010
Event: 1.177 Thread 0x00000254ff72e190 Thread exited: 0x00000254ff72e190
Event: 11.223 Thread 0x00000254ff2d4680 Thread exited: 0x00000254ff2d4680


Dynamic libraries:
0x00007ff653530000 - 0x00007ff65353e000 	C:\Users\luczu\.jdks\corretto-17.0.10\bin\java.exe
0x00007ffb51d50000 - 0x00007ffb51f67000 	C:\WINDOWS\SYSTEM32\ntdll.dll
0x00007ffb51860000 - 0x00007ffb51924000 	C:\WINDOWS\System32\KERNEL32.DLL
0x00007ffb4f550000 - 0x00007ffb4f8f6000 	C:\WINDOWS\System32\KERNELBASE.dll
0x00007ffb4f390000 - 0x00007ffb4f4a1000 	C:\WINDOWS\System32\ucrtbase.dll
0x00007ffae90c0000 - 0x00007ffae90db000 	C:\Users\luczu\.jdks\corretto-17.0.10\bin\VCRUNTIME140.dll
0x00007ffae90a0000 - 0x00007ffae90b7000 	C:\Users\luczu\.jdks\corretto-17.0.10\bin\jli.dll
0x00007ffb519e0000 - 0x00007ffb51b8e000 	C:\WINDOWS\System32\USER32.dll
0x00007ffb4f2a0000 - 0x00007ffb4f2c6000 	C:\WINDOWS\System32\win32u.dll
0x00007ffb51990000 - 0x00007ffb519b9000 	C:\WINDOWS\System32\GDI32.dll
0x00007ffb25b40000 - 0x00007ffb25dd3000 	C:\WINDOWS\WinSxS\amd64_microsoft.windows.common-controls_6595b64144ccf1df_6.0.22621.2506_none_270c5ae97388e100\COMCTL32.dll
0x00007ffb4f090000 - 0x00007ffb4f1a8000 	C:\WINDOWS\System32\gdi32full.dll
0x00007ffb50f30000 - 0x00007ffb50fd7000 	C:\WINDOWS\System32\msvcrt.dll
0x00007ffb4f4b0000 - 0x00007ffb4f54a000 	C:\WINDOWS\System32\msvcp_win.dll
0x00007ffb51820000 - 0x00007ffb51851000 	C:\WINDOWS\System32\IMM32.DLL
0x00007ffae9130000 - 0x00007ffae913c000 	C:\Users\luczu\.jdks\corretto-17.0.10\bin\vcruntime140_1.dll
0x00007ffae9170000 - 0x00007ffae91fd000 	C:\Users\luczu\.jdks\corretto-17.0.10\bin\msvcp140.dll
0x00007ffa72f60000 - 0x00007ffa73bc2000 	C:\Users\luczu\.jdks\corretto-17.0.10\bin\server\jvm.dll
0x00007ffb4fc50000 - 0x00007ffb4fd03000 	C:\WINDOWS\System32\ADVAPI32.dll
0x00007ffb51210000 - 0x00007ffb512b8000 	C:\WINDOWS\System32\sechost.dll
0x00007ffb4fa70000 - 0x00007ffb4fa98000 	C:\WINDOWS\System32\bcrypt.dll
0x00007ffb50fe0000 - 0x00007ffb510f7000 	C:\WINDOWS\System32\RPCRT4.dll
0x00007ffb44c00000 - 0x00007ffb44c34000 	C:\WINDOWS\SYSTEM32\WINMM.dll
0x00007ffb4df10000 - 0x00007ffb4df5d000 	C:\WINDOWS\SYSTEM32\POWRPROF.dll
0x00007ffb04a40000 - 0x00007ffb04a49000 	C:\WINDOWS\SYSTEM32\WSOCK32.dll
0x00007ffb44e30000 - 0x00007ffb44e3a000 	C:\WINDOWS\SYSTEM32\VERSION.dll
0x00007ffb51190000 - 0x00007ffb51201000 	C:\WINDOWS\System32\WS2_32.dll
0x00007ffb4def0000 - 0x00007ffb4df03000 	C:\WINDOWS\SYSTEM32\UMPDC.dll
0x00007ffb4e110000 - 0x00007ffb4e128000 	C:\WINDOWS\SYSTEM32\kernel.appcore.dll
0x00007ffaf34c0000 - 0x00007ffaf34ca000 	C:\Users\luczu\.jdks\corretto-17.0.10\bin\jimage.dll
0x00007ffb4c840000 - 0x00007ffb4ca73000 	C:\WINDOWS\SYSTEM32\DBGHELP.DLL
0x00007ffb4fdc0000 - 0x00007ffb50149000 	C:\WINDOWS\System32\combase.dll
0x00007ffb514d0000 - 0x00007ffb515a7000 	C:\WINDOWS\System32\OLEAUT32.dll
0x00007ffb30770000 - 0x00007ffb307a2000 	C:\WINDOWS\SYSTEM32\dbgcore.DLL
0x00007ffb4f1b0000 - 0x00007ffb4f22a000 	C:\WINDOWS\System32\bcryptPrimitives.dll
0x00007ffa79bf0000 - 0x00007ffa79c15000 	C:\Users\luczu\.jdks\corretto-17.0.10\bin\java.dll
0x00007ffa72dd0000 - 0x00007ffa72ea7000 	C:\Users\luczu\.jdks\corretto-17.0.10\bin\jsvml.dll
0x00007ffb506d0000 - 0x00007ffb50f2a000 	C:\WINDOWS\System32\SHELL32.dll
0x00007ffb4cfa0000 - 0x00007ffb4d896000 	C:\WINDOWS\SYSTEM32\windows.storage.dll
0x00007ffb4ce60000 - 0x00007ffb4cf9e000 	C:\WINDOWS\SYSTEM32\wintypes.dll
0x00007ffb505d0000 - 0x00007ffb506c3000 	C:\WINDOWS\System32\SHCORE.dll
0x00007ffb4fd10000 - 0x00007ffb4fd6e000 	C:\WINDOWS\System32\shlwapi.dll
0x00007ffb4efc0000 - 0x00007ffb4efe6000 	C:\WINDOWS\SYSTEM32\profapi.dll
0x00007ffaf34a0000 - 0x00007ffaf34b9000 	C:\Users\luczu\.jdks\corretto-17.0.10\bin\net.dll
0x00007ffb45740000 - 0x00007ffb45877000 	C:\WINDOWS\SYSTEM32\WINHTTP.dll
0x00007ffb4e630000 - 0x00007ffb4e699000 	C:\WINDOWS\system32\mswsock.dll
0x00007ffa79bd0000 - 0x00007ffa79be6000 	C:\Users\luczu\.jdks\corretto-17.0.10\bin\nio.dll
0x00007ffa79bb0000 - 0x00007ffa79bc8000 	C:\Users\luczu\.jdks\corretto-17.0.10\bin\zip.dll
0x00000254db7c0000 - 0x00000254db7c3000 	C:\Program Files (x86)\Windows Kits\10\Redist\ucrt\DLLs\x64\api-ms-win-crt-locale-l1-1-0.dll
0x00000254db7d0000 - 0x00000254db7d4000 	C:\Program Files (x86)\Windows Kits\10\Redist\ucrt\DLLs\x64\api-ms-win-crt-string-l1-1-0.dll
0x00000254db7e0000 - 0x00000254db7e4000 	C:\Program Files (x86)\Windows Kits\10\Redist\ucrt\DLLs\x64\api-ms-win-crt-stdio-l1-1-0.dll
0x00000254db7f0000 - 0x00000254db7f5000 	C:\Program Files (x86)\Windows Kits\10\Redist\ucrt\DLLs\x64\api-ms-win-crt-math-l1-1-0.dll
0x00000254db800000 - 0x00000254db803000 	C:\Program Files (x86)\Windows Kits\10\Redist\ucrt\DLLs\x64\api-ms-win-crt-heap-l1-1-0.dll
0x00000254db810000 - 0x00000254db814000 	C:\Program Files (x86)\Windows Kits\10\Redist\ucrt\DLLs\x64\api-ms-win-crt-runtime-l1-1-0.dll
0x00000254db820000 - 0x00000254db824000 	C:\Program Files (x86)\Windows Kits\10\Redist\ucrt\DLLs\x64\api-ms-win-crt-convert-l1-1-0.dll
0x00000254db830000 - 0x00000254db833000 	C:\Program Files (x86)\Windows Kits\10\Redist\ucrt\DLLs\x64\api-ms-win-crt-environment-l1-1-0.dll
0x00000254db840000 - 0x00000254db843000 	C:\Program Files (x86)\Windows Kits\10\Redist\ucrt\DLLs\x64\api-ms-win-crt-time-l1-1-0.dll
0x00000254fff00000 - 0x00000254fff03000 	C:\Program Files (x86)\Windows Kits\10\Redist\ucrt\DLLs\x64\api-ms-win-crt-filesystem-l1-1-0.dll
0x00000254fff10000 - 0x00000254fff13000 	C:\Program Files (x86)\Windows Kits\10\Redist\ucrt\DLLs\x64\api-ms-win-crt-utility-l1-1-0.dll
0x00000254fff20000 - 0x00000254fff25000 	C:\Program Files (x86)\Windows Kits\10\Redist\ucrt\DLLs\x64\api-ms-win-crt-multibyte-l1-1-0.dll
0x00000254fff30000 - 0x00000254fff33000 	C:\Program Files (x86)\Windows Kits\10\Redist\ucrt\DLLs\x64\api-ms-win-crt-conio-l1-1-0.dll
0x00000254fff40000 - 0x00000254fff4f000 	C:\Program Files (x86)\Windows Kits\10\Redist\ucrt\DLLs\x64\api-ms-win-crt-private-l1-1-0.dll
0x00000254fff50000 - 0x00000254fff53000 	C:\Program Files (x86)\Windows Kits\10\Redist\ucrt\DLLs\x64\api-ms-win-crt-process-l1-1-0.dll
0x00000254fff60000 - 0x00000254fff63000 	C:\Program Files\Microsoft\jdk-11.0.12.7-hotspot\bin\api-ms-win-core-console-l1-2-0.dll
0x00000254fff70000 - 0x00000254fff73000 	C:\Program Files (x86)\Windows Kits\10\Redist\ucrt\DLLs\x64\api-ms-win-core-string-l1-1-0.dll
0x00000254fff80000 - 0x00000254fff83000 	C:\Program Files (x86)\Windows Kits\10\Redist\ucrt\DLLs\x64\api-ms-win-core-errorhandling-l1-1-0.dll
0x00000254fff90000 - 0x00000254fff93000 	C:\Program Files (x86)\Windows Kits\10\Redist\ucrt\DLLs\x64\api-ms-win-core-timezone-l1-1-0.dll
0x00000254fffa0000 - 0x00000254fffa4000 	C:\Program Files (x86)\Windows Kits\10\Redist\ucrt\DLLs\x64\api-ms-win-core-file-l1-1-0.dll
0x00000254fffb0000 - 0x00000254fffb3000 	C:\Program Files (x86)\Windows Kits\10\Redist\ucrt\DLLs\x64\api-ms-win-core-namedpipe-l1-1-0.dll
0x00000254fffc0000 - 0x00000254fffc3000 	C:\Program Files (x86)\Windows Kits\10\Redist\ucrt\DLLs\x64\api-ms-win-core-handle-l1-1-0.dll
0x00000254fffd0000 - 0x00000254fffd3000 	C:\Program Files (x86)\Windows Kits\10\Redist\ucrt\DLLs\x64\api-ms-win-core-file-l2-1-0.dll
0x00000254fffe0000 - 0x00000254fffe3000 	C:\Program Files (x86)\Windows Kits\10\Redist\ucrt\DLLs\x64\api-ms-win-core-heap-l1-1-0.dll
0x00000254ffff0000 - 0x00000254ffff3000 	C:\Program Files (x86)\Windows Kits\10\Redist\ucrt\DLLs\x64\api-ms-win-core-libraryloader-l1-1-0.dll
0x00000254c5000000 - 0x00000254c5003000 	C:\Program Files (x86)\Windows Kits\10\Redist\ucrt\DLLs\x64\api-ms-win-core-synch-l1-1-0.dll
0x00000254c5010000 - 0x00000254c5013000 	C:\Program Files (x86)\Windows Kits\10\Redist\ucrt\DLLs\x64\api-ms-win-core-processthreads-l1-1-0.dll
0x00000254c5020000 - 0x00000254c5023000 	C:\Program Files (x86)\Windows Kits\10\Redist\ucrt\DLLs\x64\api-ms-win-core-processenvironment-l1-1-0.dll
0x00000254c5030000 - 0x00000254c5033000 	C:\Program Files (x86)\Windows Kits\10\Redist\ucrt\DLLs\x64\api-ms-win-core-datetime-l1-1-0.dll
0x00000254c5040000 - 0x00000254c5043000 	C:\Program Files (x86)\Windows Kits\10\Redist\ucrt\DLLs\x64\api-ms-win-core-localization-l1-2-0.dll
0x00000254c5050000 - 0x00000254c5053000 	C:\Program Files (x86)\Windows Kits\10\Redist\ucrt\DLLs\x64\api-ms-win-core-sysinfo-l1-1-0.dll
0x00000254c5060000 - 0x00000254c5063000 	C:\Program Files (x86)\Windows Kits\10\Redist\ucrt\DLLs\x64\api-ms-win-core-synch-l1-2-0.dll
0x00000254c5070000 - 0x00000254c5073000 	C:\Program Files (x86)\Windows Kits\10\Redist\ucrt\DLLs\x64\api-ms-win-core-console-l1-1-0.dll
0x00000254c6050000 - 0x00000254c6053000 	C:\Program Files (x86)\Windows Kits\10\Redist\ucrt\DLLs\x64\api-ms-win-core-debug-l1-1-0.dll
0x00000254c6060000 - 0x00000254c6063000 	C:\Program Files (x86)\Windows Kits\10\Redist\ucrt\DLLs\x64\api-ms-win-core-rtlsupport-l1-1-0.dll
0x00000254c6070000 - 0x00000254c6073000 	C:\Program Files (x86)\Windows Kits\10\Redist\ucrt\DLLs\x64\api-ms-win-core-processthreads-l1-1-1.dll
0x00000254c6080000 - 0x00000254c6083000 	C:\Program Files (x86)\Windows Kits\10\Redist\ucrt\DLLs\x64\api-ms-win-core-file-l1-2-0.dll
0x00000254c6090000 - 0x00000254c6093000 	C:\Program Files (x86)\Windows Kits\10\Redist\ucrt\DLLs\x64\api-ms-win-core-profile-l1-1-0.dll
0x00000254c60a0000 - 0x00000254c60a3000 	C:\Program Files (x86)\Windows Kits\10\Redist\ucrt\DLLs\x64\api-ms-win-core-memory-l1-1-0.dll
0x00000254c60b0000 - 0x00000254c60b3000 	C:\Program Files (x86)\Windows Kits\10\Redist\ucrt\DLLs\x64\api-ms-win-core-util-l1-1-0.dll
0x00000254c60c0000 - 0x00000254c60c3000 	C:\Program Files (x86)\Windows Kits\10\Redist\ucrt\DLLs\x64\api-ms-win-core-interlocked-l1-1-0.dll
0x00007ffb2d9b0000 - 0x00007ffb2daa2000 	C:\Program Files (x86)\Windows Kits\10\Redist\ucrt\DLLs\x64\ucrtbase.dll
0x00007ffb469b0000 - 0x00007ffb469b9000 	C:\Windows\System32\msvcp140_1.dll
0x00007ffb2d960000 - 0x00007ffb2d9ae000 	C:\Windows\System32\concrt140.dll
0x00007ffb29ff0000 - 0x00007ffb2a021000 	C:\Windows\System32\vcomp140.dll
0x00007ffb1a5e0000 - 0x00007ffb1a6e0000 	C:\Windows\System32\opengl32.dll
0x00007ffb1aad0000 - 0x00007ffb1aafd000 	C:\WINDOWS\SYSTEM32\GLU32.dll
0x00007ffb4c1e0000 - 0x00007ffb4c216000 	C:\WINDOWS\SYSTEM32\dxcore.dll
0x00007ffa703f0000 - 0x00007ffa7060d000 	C:\Users\luczu\.javacpp\cache\jaylib-4.5.0-0.jar\com\raylib\windows-x86_64\jniRaylib.dll
0x00007ffab4c10000 - 0x00007ffab4c56000 	C:\WINDOWS\SYSTEM32\dinput8.dll
0x00007ffb0f700000 - 0x00007ffb0f711000 	C:\WINDOWS\SYSTEM32\xinput1_4.dll
0x00007ffb4ed50000 - 0x00007ffb4ed7c000 	C:\WINDOWS\SYSTEM32\DEVOBJ.dll
0x00007ffb4ed80000 - 0x00007ffb4edce000 	C:\WINDOWS\SYSTEM32\cfgmgr32.dll
0x00007ffb4c430000 - 0x00007ffb4c45b000 	C:\WINDOWS\SYSTEM32\dwmapi.dll
0x00007ffb2c460000 - 0x00007ffb2c66a000 	C:\WINDOWS\SYSTEM32\inputhost.dll
0x00007ffb49560000 - 0x00007ffb49694000 	C:\WINDOWS\SYSTEM32\CoreMessaging.dll
0x00007ffb49940000 - 0x00007ffb499eb000 	C:\WINDOWS\system32\uxtheme.dll
0x00007ffb512d0000 - 0x00007ffb51420000 	C:\WINDOWS\System32\MSCTF.dll
0x00007ffb4e8a0000 - 0x00007ffb4e8ac000 	C:\WINDOWS\SYSTEM32\CRYPTBASE.DLL
0x00007ffb4d8a0000 - 0x00007ffb4d8ae000 	C:\WINDOWS\SYSTEM32\HID.DLL
0x00007ffb50150000 - 0x00007ffb505c4000 	C:\WINDOWS\System32\SETUPAPI.DLL
0x00007ffb4f230000 - 0x00007ffb4f29b000 	C:\WINDOWS\System32\WINTRUST.dll
0x00007ffb4f900000 - 0x00007ffb4fa66000 	C:\WINDOWS\System32\CRYPT32.dll
0x00007ffb4ed30000 - 0x00007ffb4ed42000 	C:\WINDOWS\SYSTEM32\MSASN1.dll
0x00007ffb458c0000 - 0x00007ffb4590a000 	C:\WINDOWS\SYSTEM32\directxdatabasehelper.dll
0x00007ffb515b0000 - 0x00007ffb51660000 	C:\WINDOWS\System32\clbcatq.dll
0x00007ffa27b40000 - 0x00007ffa2a730000 	C:\WINDOWS\System32\DriverStore\FileRepository\nvhm.inf_amd64_28ac5867493a0477\nvoglv64.dll
0x00007ffb4faa0000 - 0x00007ffb4fc40000 	C:\WINDOWS\System32\ole32.dll
0x00007ffb4df60000 - 0x00007ffb4df74000 	C:\WINDOWS\SYSTEM32\WTSAPI32.dll
0x00007ffb3cce0000 - 0x00007ffb3cd12000 	C:\WINDOWS\SYSTEM32\cryptnet.dll
0x00007ffb3a6d0000 - 0x00007ffb3a828000 	C:\WINDOWS\SYSTEM32\drvstore.dll
0x00007ffb4e930000 - 0x00007ffb4e97b000 	C:\WINDOWS\SYSTEM32\wldp.dll
0x00007ffb519c0000 - 0x00007ffb519df000 	C:\WINDOWS\System32\imagehlp.dll
0x00007ffb4e880000 - 0x00007ffb4e89b000 	C:\WINDOWS\SYSTEM32\CRYPTSP.dll
0x00007ffb4e130000 - 0x00007ffb4e165000 	C:\WINDOWS\system32\rsaenh.dll
0x00007ffb4e6c0000 - 0x00007ffb4e6e6000 	C:\WINDOWS\SYSTEM32\gpapi.dll
0x00007ffb02100000 - 0x00007ffb042eb000 	C:\WINDOWS\System32\DriverStore\FileRepository\nvhm.inf_amd64_28ac5867493a0477\nvgpucomp64.dll
0x00007ffb4e1d0000 - 0x00007ffb4e204000 	C:\WINDOWS\SYSTEM32\ntmarta.dll
0x00007ffab7e60000 - 0x00007ffab8123000 	C:\WINDOWS\system32\nvspcap64.dll
0x00007ffb4db00000 - 0x00007ffb4db66000 	C:\WINDOWS\SYSTEM32\WINSTA.dll

dbghelp: loaded successfully - version: 4.0.5 - missing functions: none
symbol engine: initialized successfully - sym options: 0x614 - pdb path: .;C:\Users\luczu\.jdks\corretto-17.0.10\bin;C:\WINDOWS\SYSTEM32;C:\WINDOWS\WinSxS\amd64_microsoft.windows.common-controls_6595b64144ccf1df_6.0.22621.2506_none_270c5ae97388e100;C:\Users\luczu\.jdks\corretto-17.0.10\bin\server;C:\Program Files (x86)\Windows Kits\10\Redist\ucrt\DLLs\x64;C:\Program Files\Microsoft\jdk-11.0.12.7-hotspot\bin;C:\Users\luczu\.javacpp\cache\jaylib-4.5.0-0.jar\com\raylib\windows-x86_64

VM Arguments:
jvm_args: -Dfile.encoding=windows-1252 -Duser.country=NL -Duser.language=nl -Duser.variant 
java_command: PineVille.MenuScene
java_class_path (initial): C:\Users\luczu\OneDrive\Documenten\PineVille\build\classes\java\main;C:\Users\luczu\OneDrive\Documenten\PineVille\build\resources\main;C:\Users\luczu\.gradle\caches\modules-2\files-2.1\uk.co.electronstudio.jaylib\jaylib\4.5.0-0\90c0d608df9bbd32f5f34683acc58cb433e94508\jaylib-4.5.0-0.jar
Launcher Type: SUN_STANDARD

[Global flags]
     intx CICompilerCount                          = 12                                        {product} {ergonomic}
     uint ConcGCThreads                            = 3                                         {product} {ergonomic}
     uint G1ConcRefinementThreads                  = 13                                        {product} {ergonomic}
   size_t G1HeapRegionSize                         = 2097152                                   {product} {ergonomic}
    uintx GCDrainStackTargetSize                   = 64                                        {product} {ergonomic}
   size_t InitialHeapSize                          = 264241152                                 {product} {ergonomic}
   size_t MarkStackSize                            = 4194304                                   {product} {ergonomic}
   size_t MaxHeapSize                              = 4200595456                                {product} {ergonomic}
   size_t MaxNewSize                               = 2518679552                                {product} {ergonomic}
   size_t MinHeapDeltaBytes                        = 2097152                                   {product} {ergonomic}
   size_t MinHeapSize                              = 8388608                                   {product} {ergonomic}
    uintx NonNMethodCodeHeapSize                   = 7602480                                {pd product} {ergonomic}
    uintx NonProfiledCodeHeapSize                  = 122027880                              {pd product} {ergonomic}
    uintx ProfiledCodeHeapSize                     = 122027880                              {pd product} {ergonomic}
    uintx ReservedCodeCacheSize                    = 251658240                              {pd product} {ergonomic}
     bool SegmentedCodeCache                       = true                                      {product} {ergonomic}
   size_t SoftMaxHeapSize                          = 4200595456                             {manageable} {ergonomic}
     bool UseCompressedClassPointers               = true                           {product lp64_product} {ergonomic}
     bool UseCompressedOops                        = true                           {product lp64_product} {ergonomic}
     bool UseG1GC                                  = true                                      {product} {ergonomic}
     bool UseLargePagesIndividualAllocation        = false                                  {pd product} {ergonomic}

Logging:
Log output configuration:
 #0: stdout all=warning uptime,level,tags
 #1: stderr all=off uptime,level,tags

Environment Variables:
PATH=C:\Program Files (x86)\Common Files\Intel\Shared Libraries\redist\intel64\compiler;C:\Program Files\Common Files\Oracle\Java\javapath;C:\Program Files\Microsoft\jdk-11.0.12.7-hotspot\bin;C:\windows\system32;C:\windows;C:\windows\System32\Wbem;C:\windows\System32\WindowsPowerShell\v1.0\;C:\windows\System32\OpenSSH\;C:\Program Files (x86)\NVIDIA Corporation\PhysX\Common;C:\Program Files\NVIDIA Corporation\NVIDIA NvDLISR;C:\Program Files\Microsoft SQL Server\150\Tools\Binn\;C:\Program Files\Microsoft SQL Server\Client SDK\ODBC\170\Tools\Binn\;C:\Program Files\dotnet\;C:\WINDOWS\system32;C:\WINDOWS;C:\WINDOWS\System32\Wbem;C:\WINDOWS\System32\WindowsPowerShell\v1.0\;C:\WINDOWS\System32\OpenSSH\;C:\Program Files\CMake\bin;C:\Program Files\Git\cmd;C:\Users\luczu\AppData\Local\Microsoft\WindowsApps;C:\Users\luczu\.dotnet\tools;C:\Users\luczu\AppData\Local\GitHubDesktop\bin;;C:\Users\luczu\AppData\Local\Programs\Microsoft VS Code\bin
USERNAME=luczu
OS=Windows_NT
PROCESSOR_IDENTIFIER=Intel64 Family 6 Model 141 Stepping 1, GenuineIntel
TMP=C:\Users\luczu\AppData\Local\Temp
TEMP=C:\Users\luczu\AppData\Local\Temp



Periodic native trim disabled


---------------  S Y S T E M  ---------------

OS:
 Windows 11 , 64 bit Build 22621 (10.0.22621.2506)
OS uptime: 0 days 3:26 hours
Hyper-V role detected

CPU: total 16 (initial active 16) (8 cores per cpu, 2 threads per core) family 6 model 141 stepping 1 microcode 0x4e, cx8, cmov, fxsr, ht, mmx, 3dnowpref, sse, sse2, sse3, ssse3, sse4.1, sse4.2, popcnt, lzcnt, tsc, tscinvbit, avx, avx2, aes, erms, clmul, bmi1, bmi2, adx, avx512f, avx512dq, avx512cd, avx512bw, avx512vl, sha, fma, vzeroupper, avx512_vpopcntdq, avx512_vpclmulqdq, avx512_vaes, avx512_vnni, clflush, clflushopt, clwb, avx512_vbmi2, avx512_vbmi, hv
Processor Information for all 16 processors :
  Max Mhz: 2304, Current Mhz: 2304, Mhz Limit: 2304

Memory: 4k page, system-wide physical 16021M (2985M free)
TotalPageFile size 34453M (AvailPageFile size 9692M)
current process WorkingSet (physical memory assigned to process): 124M, peak: 199M
current process commit charge ("private bytes"): 502M, peak: 621M

vm_info: OpenJDK 64-Bit Server VM (17.0.10+7-LTS) for windows-amd64 JRE (17.0.10+7-LTS), built on Jan 10 2024 22:11:07 by "Administrator" with MS VC++ 16.10 / 16.11 (VS2019)

END.
