#
# A fatal error has been detected by the Java Runtime Environment:
#
#  EXCEPTION_ACCESS_VIOLATION (0xc0000005) at pc=0x00007fff91f7f42b, pid=11796, tid=22068
#
# JRE version: OpenJDK Runtime Environment Corretto-17.0.10.7.1 (17.0.10+7) (build 17.0.10+7-LTS)
# Java VM: OpenJDK 64-Bit Server VM Corretto-17.0.10.7.1 (17.0.10+7-LTS, mixed mode, sharing, tiered, compressed oops, compressed class ptrs, g1 gc, windows-amd64)
# Problematic frame:
# C  [jniRaylib.dll+0xdf42b]
#
# No core dump will be written. Minidumps are not enabled by default on client versions of Windows
#
# If you would like to submit a bug report, please visit:
#   https://github.com/corretto/corretto-17/issues/
# The crash happened outside the Java Virtual Machine in native code.
# See problematic frame for where to report the bug.
#

---------------  S U M M A R Y ------------

Command Line: -Dfile.encoding=windows-1252 -Duser.country=NL -Duser.language=nl -Duser.variant PineVille.GameScene

Host: 11th Gen Intel(R) Core(TM) i7-11800H @ 2.30GHz, 16 cores, 15G,  Windows 11 , 64 bit Build 22621 (10.0.22621.3085)
Time: Tue Mar 12 09:41:08 2024 West-Europa (standaardtijd) elapsed time: 6.072038 seconds (0d 0h 0m 6s)

---------------  T H R E A D  ---------------

Current thread (0x000001d449429f70):  JavaThread "main" [_thread_in_native, id=22068, stack(0x0000008b53200000,0x0000008b53300000)]

Stack: [0x0000008b53200000,0x0000008b53300000],  sp=0x0000008b532ff400,  free space=1021k
Native frames: (J=compiled Java code, j=interpreted, Vv=VM code, C=native code)
C  [jniRaylib.dll+0xdf42b]

Java frames: (J=compiled Java code, j=interpreted, Vv=VM code)
J 866  com.raylib.Raylib.DrawTexturePro(Lcom/raylib/Raylib$Texture;Lcom/raylib/Raylib$Rectangle;Lcom/raylib/Raylib$Rectangle;Lcom/raylib/Raylib$Vector2;FLcom/raylib/Raylib$Color;)V (0 bytes) @ 0x000001d458b673e2 [0x000001d458b67320+0x00000000000000c2]
j  PineVille.GameScene.main([Ljava/lang/String;)V+294
v  ~StubRoutines::call_stub

siginfo: EXCEPTION_ACCESS_VIOLATION (0xc0000005), writing address 0x000001d4740671b0


Registers:
RAX=0x000001d4740671b0, RBX=0x0000008b532ff5a0, RCX=0x0000000000000000, RDX=0x000001d4741dd750
RSP=0x0000008b532ff400, RBP=0x0000008b532ff660, RSI=0x0000000000000004, RDI=0x0000008b532ff590
R8 =0x0000000000000000, R9 =0x0000000000000000, R10=0x00007fff1681de20, R11=0x0000008b532ff3c8
R12=0x000001d4741f3d90, R13=0x0000000000000000, R14=0x000001d4715d1730, R15=0x000001d473491da0
RIP=0x00007fff91f7f42b, EFLAGS=0x0000000000010246


Register to memory mapping:

RIP=0x00007fff91f7f42b jniRaylib.dll
RAX=0x000001d4740671b0 is an unknown value
RBX=0x0000008b532ff5a0 is pointing into the stack for thread: 0x000001d449429f70
RCX=0x0 is NULL
RDX=0x000001d4741dd750 points into unknown readable memory: 0x000001d4741dd2f0 | f0 d2 1d 74 d4 01 00 00
RSP=0x0000008b532ff400 is pointing into the stack for thread: 0x000001d449429f70
RBP=0x0000008b532ff660 is pointing into the stack for thread: 0x000001d449429f70
RSI=0x0000000000000004 is an unknown value
RDI=0x0000008b532ff590 is pointing into the stack for thread: 0x000001d449429f70
R8 =0x0 is NULL
R9 =0x0 is NULL
R10=0x00007fff1681de20 jvm.dll
R11=0x0000008b532ff3c8 is pointing into the stack for thread: 0x000001d449429f70
R12=0x000001d4741f3d90 points into unknown readable memory: 0x0000002000000004 | 04 00 00 00 20 00 00 00
R13=0x0 is NULL
R14=0x000001d4715d1730 points into unknown readable memory: 0x49004800ffffffff | ff ff ff ff 00 48 00 49
R15=0x000001d473491da0 points into unknown readable memory: 0x0000000000000000 | 00 00 00 00 00 00 00 00


Top of Stack: (sp=0x0000008b532ff400)
0x0000008b532ff400:   0000008b532ff5a0 00007fff0000000e
0x0000008b532ff410:   0000008b532ff770 0000000000000000
0x0000008b532ff420:   0000000043640000 0000000000000000
0x0000008b532ff430:   0000000000000000 0000000000000000
0x0000008b532ff440:   0000000000000000 0000000000000000
0x0000008b532ff450:   0000008b532ff5a0 00007fff91f48749
0x0000008b532ff460:   000001d4711b6d80 0000008b532ff4b0
0x0000008b532ff470:   000001d449429f70 0000008b532ff4c0
0x0000008b532ff480:   4200000043640000 42c8000043640000
0x0000008b532ff490:   000001d449429f70 0000000000000000
0x0000008b532ff4a0:   0000000000000000 0000000000000000
0x0000008b532ff4b0:   0000000000000000 0000000000000000
0x0000008b532ff4c0:   0000000000000000 0000000000000000
0x0000008b532ff4d0:   0000000000000000 0000000000000000
0x0000008b532ff4e0:   0000000000000000 0000000000000000
0x0000008b532ff4f0:   0000000000000000 0000000000000000
0x0000008b532ff500:   0000000000000000 0000000000000000
0x0000008b532ff510:   0000000000000000 0000000000000000
0x0000008b532ff520:   0000000000000000 0000000000000000
0x0000008b532ff530:   0000000000000000 0000000000000000
0x0000008b532ff540:   000001d471172490 000001d471172910
0x0000008b532ff550:   000001d44942a228 00007fff91ee2213
0x0000008b532ff560:   000001d442c80000 0000008b532ff660
0x0000008b532ff570:   000001d44942a228 00007fff91eb8b4b
0x0000008b532ff580:   0000000000000000 00000000ffffffff
0x0000008b532ff590:   42c8000042c80000 4300000043000000
0x0000008b532ff5a0:   0000000000000000 4200000042000000
0x0000008b532ff5b0:   0000002000000004 0000000100000020
0x0000008b532ff5c0:   000001d400000007 000001d46d4c4980
0x0000008b532ff5d0:   000001d449429f70 0000000000000000
0x0000008b532ff5e0:   0000000715211698 0000000715420718
0x0000008b532ff5f0:   000001d46d44bd40 000001d458b67482 

Instructions: (pc=0x00007fff91f7f42b)
0x00007fff91f7f32b:   fa 01 75 0b 84 54 c1 f4 75 54 8d 4a 02 eb 43 83
0x00007fff91f7f33b:   fa 04 75 20 8b 4c c1 f4 b8 56 55 55 55 f7 e9 8b
0x00007fff91f7f34b:   c2 c1 e8 1f 03 d0 8d 04 52 3b c8 75 31 b9 04 00
0x00007fff91f7f35b:   00 00 eb 1e 83 fa 07 75 25 8b 44 c1 f4 25 03 00
0x00007fff91f7f36b:   00 80 7d 07 ff c8 83 c8 fc ff c0 85 c0 75 0f 8d
0x00007fff91f7f37b:   48 05 e8 7e a4 ff ff 4c 8b 05 27 2e 11 00 4d 63
0x00007fff91f7f38b:   48 04 4d 8b 40 08 8b 05 41 2e 11 00 49 c1 e1 06
0x00007fff91f7f39b:   8d 0c 40 4b 8b 44 01 08 48 63 d1 f3 0f 11 34 90
0x00007fff91f7f3ab:   48 8b 05 fe 2d 11 00 4c 63 48 04 4c 8b 40 08 8b
0x00007fff91f7f3bb:   05 18 2e 11 00 49 c1 e1 06 8d 0c 40 4b 8b 44 01
0x00007fff91f7f3cb:   08 48 63 d1 f3 0f 11 7c 90 04 48 8b 05 d4 2d 11
0x00007fff91f7f3db:   00 4c 63 48 04 4c 8b 40 08 8b 05 ee 2d 11 00 49
0x00007fff91f7f3eb:   c1 e1 06 8d 0c 40 4b 8b 44 01 08 48 63 d1 f3 44
0x00007fff91f7f3fb:   0f 11 44 90 08 48 8b 05 a9 2d 11 00 f3 0f 10 05
0x00007fff91f7f40b:   cd 2d 11 00 4c 63 40 04 48 8b 50 08 8b 05 bb 2d
0x00007fff91f7f41b:   11 00 03 c0 49 c1 e0 06 48 63 c8 49 8b 44 10 10
0x00007fff91f7f42b:   f3 0f 11 04 88 48 8b 05 79 2d 11 00 f3 0f 10 05
0x00007fff91f7f43b:   a1 2d 11 00 4c 63 40 04 48 8b 50 08 8b 05 8b 2d
0x00007fff91f7f44b:   11 00 03 c0 49 c1 e0 06 48 63 c8 49 8b 44 10 10
0x00007fff91f7f45b:   f3 0f 11 44 88 04 48 8b 05 48 2d 11 00 4c 63 40
0x00007fff91f7f46b:   04 48 8b 48 08 8b 05 62 2d 11 00 49 c1 e0 06 8d
0x00007fff91f7f47b:   04 85 00 00 00 00 49 8b 4c 08 18 48 63 d0 0f b6
0x00007fff91f7f48b:   05 60 2d 11 00 88 04 0a 48 8b 05 16 2d 11 00 4c
0x00007fff91f7f49b:   63 40 04 48 8b 48 08 8b 05 30 2d 11 00 49 c1 e0
0x00007fff91f7f4ab:   06 8d 04 85 00 00 00 00 49 8b 4c 08 18 48 63 d0
0x00007fff91f7f4bb:   0f b6 05 2f 2d 11 00 88 44 11 01 48 8b 05 e3 2c
0x00007fff91f7f4cb:   11 00 4c 63 40 04 48 8b 48 08 8b 05 fd 2c 11 00
0x00007fff91f7f4db:   49 c1 e0 06 8d 04 85 00 00 00 00 49 8b 4c 08 18
0x00007fff91f7f4eb:   48 63 d0 0f b6 05 fd 2c 11 00 88 44 11 02 48 8b
0x00007fff91f7f4fb:   05 b0 2c 11 00 4c 63 40 04 48 8b 48 08 8b 05 ca
0x00007fff91f7f50b:   2c 11 00 49 c1 e0 06 49 8b 4c 08 18 8d 04 85 00
0x00007fff91f7f51b:   00 00 00 0f 28 74 24 40 0f 28 7c 24 30 44 0f 28 


Stack slot to memory mapping:
stack at sp + 0 slots: 0x0000008b532ff5a0 is pointing into the stack for thread: 0x000001d449429f70
stack at sp + 1 slots: 0x00007fff0000000e is an unknown value
stack at sp + 2 slots: 0x0000008b532ff770 is pointing into the stack for thread: 0x000001d449429f70
stack at sp + 3 slots: 0x0 is NULL
stack at sp + 4 slots: 0x0000000043640000 is an unknown value
stack at sp + 5 slots: 0x0 is NULL
stack at sp + 6 slots: 0x0 is NULL
stack at sp + 7 slots: 0x0 is NULL


Compiled method (n/a)    6133  866     n 0       com.raylib.Raylib::DrawTexturePro (native)
 total in heap  [0x000001d458b67190,0x000001d458b675c0] = 1072
 relocation     [0x000001d458b672e8,0x000001d458b67318] = 48
 main code      [0x000001d458b67320,0x000001d458b675b8] = 664
 oops           [0x000001d458b675b8,0x000001d458b675c0] = 8

[Constant Pool (empty)]

[MachCode]
[Entry Point]
  # {method} {0x000001d46d44bd48} 'DrawTexturePro' '(Lcom/raylib/Raylib$Texture;Lcom/raylib/Raylib$Rectangle;Lcom/raylib/Raylib$Rectangle;Lcom/raylib/Raylib$Vector2;FLcom/raylib/Raylib$Color;)V' in 'com/raylib/Raylib'
  # parm0:    rdx:rdx   = 'com/raylib/Raylib$Texture'
  # parm1:    r8:r8     = 'com/raylib/Raylib$Rectangle'
  # parm2:    r9:r9     = 'com/raylib/Raylib$Rectangle'
  # parm3:    rdi:rdi   = 'com/raylib/Raylib$Vector2'
  # parm4:    xmm0      = float
  # parm5:    rsi:rsi   = 'com/raylib/Raylib$Color'
  #           [sp+0x90]  (sp of caller)
  0x000001d458b67320: 448b 5208 | 49bb 0000 | 0000 d401 | 0000 4d03 | d349 3bc2 | 0f84 0600 

  0x000001d458b67338: ;   {runtime_call ic_miss_stub}
  0x000001d458b67338: 0000 e941 | a287 ff90 
[Verified Entry Point]
  0x000001d458b67340: 8984 2400 | 90ff ff55 | 488b ec48 | 81ec 8000 | 0000 4889 | 7424 6048 | 83fe 0048 | 8d44 2460 
  0x000001d458b67360: 480f 4444 | 2460 4889 | 4424 38c5 | fa11 4424 | 3048 897c | 2458 4883 | ff00 488d | 4424 5848 
  0x000001d458b67380: 0f44 4424 | 5848 8944 | 2428 4c89 | 4c24 5049 | 83f9 0048 | 8d44 2450 | 480f 4444 | 2450 4889 
  0x000001d458b673a0: 4424 204c | 8944 2448 | 4983 f800 | 4c8d 4c24 | 484c 0f44 | 4c24 4848 | 8954 2440 | 4883 fa00 
  0x000001d458b673c0: 4c8d 4424 | 404c 0f44 

  0x000001d458b673c8: ;   {oop(a 'java/lang/Class'{0x0000000713e50768} = 'com/raylib/Raylib')}
  0x000001d458b673c8: 4424 4049 | be68 07e5 | 1307 0000 | 004c 8974 | 2470 4c8d | 7424 7049 | 8bd6 c5f8 

  0x000001d458b673e4: ;   {internal_word}
  0x000001d458b673e4: 7749 bae2 | 73b6 58d4 | 0100 004d | 8997 a002 | 0000 4989 | a798 0200 

  0x000001d458b673fc: ;   {external_word}
  0x000001d458b673fc: 0049 ba79 | 3580 16ff | 7f00 0041 | 803a 000f | 8452 0000 | 0052 4150 

  0x000001d458b67414: ;   {metadata({method} {0x000001d46d44bd48} 'DrawTexturePro' '(Lcom/raylib/Raylib$Texture;Lcom/raylib/Raylib$Rectangle;Lcom/raylib/Raylib$Rectangle;Lcom/raylib/Raylib$Vector2;FLcom/raylib/Raylib$Color;)V' in 'com/raylib/Raylib')}
  0x000001d458b67414: 4151 48ba | 40bd 446d | d401 0000 | 498b cf48 | 83ec 20f7 | c40f 0000 | 000f 841a | 0000 0048 
  0x000001d458b67434: ;   {runtime_call}
  0x000001d458b67434: 83ec 0849 | ba00 3036 | 16ff 7f00 | 0041 ffd2 | 4883 c408 | e90d 0000 

  0x000001d458b6744c: ;   {runtime_call}
  0x000001d458b6744c: 0049 ba00 | 3036 16ff | 7f00 0041 | ffd2 4883 | c420 4159 | 4158 5a49 | 8d8f b802 | 0000 41c7 
  0x000001d458b6746c: 8748 0300 | 0004 0000 

  0x000001d458b67474: ;   {runtime_call}
  0x000001d458b67474: 0049 ba10 | 20ee 91ff | 7f00 0041 | ffd2 c5f8 | 7741 c787 | 4803 0000 | 0500 0000 | f083 4424 
  0x000001d458b67494: c000 493b | af50 0300 | 000f 8711 | 0000 0041 | 81bf 3803 | 0000 0000 | 0000 0f84 | 2400 0000 
  0x000001d458b674b4: c5f8 7749 | 8bcf 4c8b | e448 83ec | 2048 83e4 

  0x000001d458b674c4: ;   {runtime_call}
  0x000001d458b674c4: f049 ba90 | 4446 16ff | 7f00 0041 | ffd2 498b | e44d 33e4 | 41c7 8748 | 0300 0008 | 0000 0041 
  0x000001d458b674e4: 81bf b803 | 0000 0200 | 0000 0f84 | 9b00 0000 

  0x000001d458b674f4: ;   {external_word}
  0x000001d458b674f4: 49ba 7935 | 8016 ff7f | 0000 4180 | 3a00 0f84 | 4800 0000 

  0x000001d458b67508: ;   {metadata({method} {0x000001d46d44bd48} 'DrawTexturePro' '(Lcom/raylib/Raylib$Texture;Lcom/raylib/Raylib$Rectangle;Lcom/raylib/Raylib$Rectangle;Lcom/raylib/Raylib$Vector2;FLcom/raylib/Raylib$Color;)V' in 'com/raylib/Raylib')}
  0x000001d458b67508: 48ba 40bd | 446d d401 | 0000 498b | cf48 83ec | 20f7 c40f | 0000 000f | 841a 0000 | 0048 83ec 
  0x000001d458b67528: ;   {runtime_call}
  0x000001d458b67528: 0849 ba00 | 3036 16ff | 7f00 0041 | ffd2 4883 | c408 e90d 

  0x000001d458b6753c: ;   {runtime_call}
  0x000001d458b6753c: 0000 0049 | ba00 3036 | 16ff 7f00 | 0041 ffd2 | 4883 c420 | 49c7 8798 | 0200 0000 | 0000 0049 
  0x000001d458b6755c: c787 a002 | 0000 0000 | 0000 c5f8 | 7749 8b8f | d800 0000 | c781 0001 | 0000 0000 | 0000 c949 
  0x000001d458b6757c: 817f 0800 | 0000 000f | 8501 0000 

  0x000001d458b67588: ;   {runtime_call StubRoutines (1)}
  0x000001d458b67588: 00c3 e971 | 9982 ffc5 | f877 4c8b | e448 83ec | 2048 83e4 

  0x000001d458b6759c: ;   {runtime_call}
  0x000001d458b6759c: f049 ba80 | 6036 16ff | 7f00 0041 | ffd2 498b | e44d 33e4 | e93f ffff | fff4 f4f4 
[/MachCode]


---------------  P R O C E S S  ---------------

Threads class SMR info:
_java_thread_list=0x000001d474420130, length=13, elements={
0x000001d449429f70, 0x000001d471006c50, 0x000001d471007810, 0x000001d4710209e0,
0x000001d4710214b0, 0x000001d471023f80, 0x000001d471026950, 0x000001d47102f700,
0x000001d471034a20, 0x000001d471035420, 0x000001d4711d2f80, 0x000001d4711d7500,
0x000001d4711f01b0
}

Java Threads: ( => current thread )
=>0x000001d449429f70 JavaThread "main" [_thread_in_native, id=22068, stack(0x0000008b53200000,0x0000008b53300000)]
  0x000001d471006c50 JavaThread "Reference Handler" daemon [_thread_blocked, id=3716, stack(0x0000008b53900000,0x0000008b53a00000)]
  0x000001d471007810 JavaThread "Finalizer" daemon [_thread_blocked, id=27152, stack(0x0000008b53a00000,0x0000008b53b00000)]
  0x000001d4710209e0 JavaThread "Signal Dispatcher" daemon [_thread_blocked, id=1792, stack(0x0000008b53b00000,0x0000008b53c00000)]
  0x000001d4710214b0 JavaThread "Attach Listener" daemon [_thread_blocked, id=30844, stack(0x0000008b53c00000,0x0000008b53d00000)]
  0x000001d471023f80 JavaThread "Service Thread" daemon [_thread_blocked, id=27620, stack(0x0000008b53d00000,0x0000008b53e00000)]
  0x000001d471026950 JavaThread "Monitor Deflation Thread" daemon [_thread_blocked, id=17900, stack(0x0000008b53e00000,0x0000008b53f00000)]
  0x000001d47102f700 JavaThread "C2 CompilerThread0" daemon [_thread_blocked, id=25260, stack(0x0000008b53f00000,0x0000008b54000000)]
  0x000001d471034a20 JavaThread "C1 CompilerThread0" daemon [_thread_blocked, id=11872, stack(0x0000008b54000000,0x0000008b54100000)]
  0x000001d471035420 JavaThread "Sweeper thread" daemon [_thread_blocked, id=31384, stack(0x0000008b54100000,0x0000008b54200000)]
  0x000001d4711d2f80 JavaThread "Notification Thread" daemon [_thread_blocked, id=4788, stack(0x0000008b54300000,0x0000008b54400000)]
  0x000001d4711d7500 JavaThread "Common-Cleaner" daemon [_thread_blocked, id=31656, stack(0x0000008b54500000,0x0000008b54600000)]
  0x000001d4711f01b0 JavaThread "JavaCPP Deallocator" daemon [_thread_blocked, id=14524, stack(0x0000008b54600000,0x0000008b54700000)]

Other Threads:
  0x000001d46cc6de60 VMThread "VM Thread" [stack: 0x0000008b53800000,0x0000008b53900000] [id=30828]
  0x000001d4711d3460 WatcherThread [stack: 0x0000008b54400000,0x0000008b54500000] [id=30932]
  0x000001d449496a00 GCTaskThread "GC Thread#0" [stack: 0x0000008b53300000,0x0000008b53400000] [id=1812]
  0x000001d47175fb40 GCTaskThread "GC Thread#1" [stack: 0x0000008b54b00000,0x0000008b54c00000] [id=9316]
  0x000001d471daa290 GCTaskThread "GC Thread#2" [stack: 0x0000008b54c00000,0x0000008b54d00000] [id=8648]
  0x000001d47160d3a0 GCTaskThread "GC Thread#3" [stack: 0x0000008b54d00000,0x0000008b54e00000] [id=30044]
  0x000001d47160d660 GCTaskThread "GC Thread#4" [stack: 0x0000008b54e00000,0x0000008b54f00000] [id=30668]
  0x000001d472a9e740 GCTaskThread "GC Thread#5" [stack: 0x0000008b54f00000,0x0000008b55000000] [id=1868]
  0x000001d4494a73a0 ConcurrentGCThread "G1 Main Marker" [stack: 0x0000008b53400000,0x0000008b53500000] [id=28860]
  0x000001d4494a7dc0 ConcurrentGCThread "G1 Conc#0" [stack: 0x0000008b53500000,0x0000008b53600000] [id=5268]
  0x000001d46cb27660 ConcurrentGCThread "G1 Refine#0" [stack: 0x0000008b53600000,0x0000008b53700000] [id=31076]
  0x000001d46cb28fb0 ConcurrentGCThread "G1 Service" [stack: 0x0000008b53700000,0x0000008b53800000] [id=9804]

Threads with active compile tasks:

VM state: not at safepoint (normal execution)

VM Mutex/Monitor currently owned by a thread: None

Heap address: 0x0000000705a00000, size: 4006 MB, Compressed Oops mode: Zero based, Oop shift amount: 3

CDS archive(s) mapped at: [0x000001d400000000-0x000001d400bb0000-0x000001d400bb0000), size 12255232, SharedBaseAddress: 0x000001d400000000, ArchiveRelocationMode: 1.
Compressed class space mapped at: 0x000001d401000000-0x000001d441000000, reserved size: 1073741824
Narrow klass base: 0x000001d400000000, Narrow klass shift: 0, Narrow klass range: 0x100000000

GC Precious Log:
 CPUs: 16 total, 16 available
 Memory: 16021M
 Large Page Support: Disabled
 NUMA Support: Disabled
 Compressed Oops: Enabled (Zero based)
 Heap Region Size: 2M
 Heap Min Capacity: 8M
 Heap Initial Capacity: 252M
 Heap Max Capacity: 4006M
 Pre-touch: Disabled
 Parallel Workers: 13
 Concurrent Workers: 3
 Concurrent Refinement Workers: 13
 Periodic GC: Disabled

Heap:
 garbage-first heap   total 258048K, used 3735K [0x0000000705a00000, 0x0000000800000000)
  region size 2048K, 3 young (6144K), 1 survivors (2048K)
 Metaspace       used 2204K, committed 2368K, reserved 1114112K
  class space    used 189K, committed 256K, reserved 1048576K

Heap Regions: E=young(eden), S=young(survivor), O=old, HS=humongous(starts), HC=humongous(continues), CS=collection set, F=free, OA=open archive, CA=closed archive, TAMS=top-at-mark-start (previous, next)
|   0|0x0000000705a00000, 0x0000000705a00000, 0x0000000705c00000|  0%| F|  |TAMS 0x0000000705a00000, 0x0000000705a00000| Untracked 
|   1|0x0000000705c00000, 0x0000000705c00000, 0x0000000705e00000|  0%| F|  |TAMS 0x0000000705c00000, 0x0000000705c00000| Untracked 
|   2|0x0000000705e00000, 0x0000000705e00000, 0x0000000706000000|  0%| F|  |TAMS 0x0000000705e00000, 0x0000000705e00000| Untracked 
|   3|0x0000000706000000, 0x0000000706000000, 0x0000000706200000|  0%| F|  |TAMS 0x0000000706000000, 0x0000000706000000| Untracked 
|   4|0x0000000706200000, 0x0000000706200000, 0x0000000706400000|  0%| F|  |TAMS 0x0000000706200000, 0x0000000706200000| Untracked 
|   5|0x0000000706400000, 0x0000000706400000, 0x0000000706600000|  0%| F|  |TAMS 0x0000000706400000, 0x0000000706400000| Untracked 
|   6|0x0000000706600000, 0x0000000706600000, 0x0000000706800000|  0%| F|  |TAMS 0x0000000706600000, 0x0000000706600000| Untracked 
|   7|0x0000000706800000, 0x0000000706800000, 0x0000000706a00000|  0%| F|  |TAMS 0x0000000706800000, 0x0000000706800000| Untracked 
|   8|0x0000000706a00000, 0x0000000706a00000, 0x0000000706c00000|  0%| F|  |TAMS 0x0000000706a00000, 0x0000000706a00000| Untracked 
|   9|0x0000000706c00000, 0x0000000706c00000, 0x0000000706e00000|  0%| F|  |TAMS 0x0000000706c00000, 0x0000000706c00000| Untracked 
|  10|0x0000000706e00000, 0x0000000706e00000, 0x0000000707000000|  0%| F|  |TAMS 0x0000000706e00000, 0x0000000706e00000| Untracked 
|  11|0x0000000707000000, 0x0000000707000000, 0x0000000707200000|  0%| F|  |TAMS 0x0000000707000000, 0x0000000707000000| Untracked 
|  12|0x0000000707200000, 0x0000000707200000, 0x0000000707400000|  0%| F|  |TAMS 0x0000000707200000, 0x0000000707200000| Untracked 
|  13|0x0000000707400000, 0x0000000707400000, 0x0000000707600000|  0%| F|  |TAMS 0x0000000707400000, 0x0000000707400000| Untracked 
|  14|0x0000000707600000, 0x0000000707600000, 0x0000000707800000|  0%| F|  |TAMS 0x0000000707600000, 0x0000000707600000| Untracked 
|  15|0x0000000707800000, 0x0000000707800000, 0x0000000707a00000|  0%| F|  |TAMS 0x0000000707800000, 0x0000000707800000| Untracked 
|  16|0x0000000707a00000, 0x0000000707a00000, 0x0000000707c00000|  0%| F|  |TAMS 0x0000000707a00000, 0x0000000707a00000| Untracked 
|  17|0x0000000707c00000, 0x0000000707c00000, 0x0000000707e00000|  0%| F|  |TAMS 0x0000000707c00000, 0x0000000707c00000| Untracked 
|  18|0x0000000707e00000, 0x0000000707e00000, 0x0000000708000000|  0%| F|  |TAMS 0x0000000707e00000, 0x0000000707e00000| Untracked 
|  19|0x0000000708000000, 0x0000000708000000, 0x0000000708200000|  0%| F|  |TAMS 0x0000000708000000, 0x0000000708000000| Untracked 
|  20|0x0000000708200000, 0x0000000708200000, 0x0000000708400000|  0%| F|  |TAMS 0x0000000708200000, 0x0000000708200000| Untracked 
|  21|0x0000000708400000, 0x0000000708400000, 0x0000000708600000|  0%| F|  |TAMS 0x0000000708400000, 0x0000000708400000| Untracked 
|  22|0x0000000708600000, 0x0000000708600000, 0x0000000708800000|  0%| F|  |TAMS 0x0000000708600000, 0x0000000708600000| Untracked 
|  23|0x0000000708800000, 0x0000000708800000, 0x0000000708a00000|  0%| F|  |TAMS 0x0000000708800000, 0x0000000708800000| Untracked 
|  24|0x0000000708a00000, 0x0000000708a00000, 0x0000000708c00000|  0%| F|  |TAMS 0x0000000708a00000, 0x0000000708a00000| Untracked 
|  25|0x0000000708c00000, 0x0000000708c00000, 0x0000000708e00000|  0%| F|  |TAMS 0x0000000708c00000, 0x0000000708c00000| Untracked 
|  26|0x0000000708e00000, 0x0000000708e00000, 0x0000000709000000|  0%| F|  |TAMS 0x0000000708e00000, 0x0000000708e00000| Untracked 
|  27|0x0000000709000000, 0x0000000709000000, 0x0000000709200000|  0%| F|  |TAMS 0x0000000709000000, 0x0000000709000000| Untracked 
|  28|0x0000000709200000, 0x0000000709200000, 0x0000000709400000|  0%| F|  |TAMS 0x0000000709200000, 0x0000000709200000| Untracked 
|  29|0x0000000709400000, 0x0000000709400000, 0x0000000709600000|  0%| F|  |TAMS 0x0000000709400000, 0x0000000709400000| Untracked 
|  30|0x0000000709600000, 0x0000000709600000, 0x0000000709800000|  0%| F|  |TAMS 0x0000000709600000, 0x0000000709600000| Untracked 
|  31|0x0000000709800000, 0x0000000709800000, 0x0000000709a00000|  0%| F|  |TAMS 0x0000000709800000, 0x0000000709800000| Untracked 
|  32|0x0000000709a00000, 0x0000000709a00000, 0x0000000709c00000|  0%| F|  |TAMS 0x0000000709a00000, 0x0000000709a00000| Untracked 
|  33|0x0000000709c00000, 0x0000000709c00000, 0x0000000709e00000|  0%| F|  |TAMS 0x0000000709c00000, 0x0000000709c00000| Untracked 
|  34|0x0000000709e00000, 0x0000000709e00000, 0x000000070a000000|  0%| F|  |TAMS 0x0000000709e00000, 0x0000000709e00000| Untracked 
|  35|0x000000070a000000, 0x000000070a000000, 0x000000070a200000|  0%| F|  |TAMS 0x000000070a000000, 0x000000070a000000| Untracked 
|  36|0x000000070a200000, 0x000000070a200000, 0x000000070a400000|  0%| F|  |TAMS 0x000000070a200000, 0x000000070a200000| Untracked 
|  37|0x000000070a400000, 0x000000070a400000, 0x000000070a600000|  0%| F|  |TAMS 0x000000070a400000, 0x000000070a400000| Untracked 
|  38|0x000000070a600000, 0x000000070a600000, 0x000000070a800000|  0%| F|  |TAMS 0x000000070a600000, 0x000000070a600000| Untracked 
|  39|0x000000070a800000, 0x000000070a800000, 0x000000070aa00000|  0%| F|  |TAMS 0x000000070a800000, 0x000000070a800000| Untracked 
|  40|0x000000070aa00000, 0x000000070aa00000, 0x000000070ac00000|  0%| F|  |TAMS 0x000000070aa00000, 0x000000070aa00000| Untracked 
|  41|0x000000070ac00000, 0x000000070ac00000, 0x000000070ae00000|  0%| F|  |TAMS 0x000000070ac00000, 0x000000070ac00000| Untracked 
|  42|0x000000070ae00000, 0x000000070ae00000, 0x000000070b000000|  0%| F|  |TAMS 0x000000070ae00000, 0x000000070ae00000| Untracked 
|  43|0x000000070b000000, 0x000000070b000000, 0x000000070b200000|  0%| F|  |TAMS 0x000000070b000000, 0x000000070b000000| Untracked 
|  44|0x000000070b200000, 0x000000070b200000, 0x000000070b400000|  0%| F|  |TAMS 0x000000070b200000, 0x000000070b200000| Untracked 
|  45|0x000000070b400000, 0x000000070b400000, 0x000000070b600000|  0%| F|  |TAMS 0x000000070b400000, 0x000000070b400000| Untracked 
|  46|0x000000070b600000, 0x000000070b600000, 0x000000070b800000|  0%| F|  |TAMS 0x000000070b600000, 0x000000070b600000| Untracked 
|  47|0x000000070b800000, 0x000000070b800000, 0x000000070ba00000|  0%| F|  |TAMS 0x000000070b800000, 0x000000070b800000| Untracked 
|  48|0x000000070ba00000, 0x000000070ba00000, 0x000000070bc00000|  0%| F|  |TAMS 0x000000070ba00000, 0x000000070ba00000| Untracked 
|  49|0x000000070bc00000, 0x000000070bc00000, 0x000000070be00000|  0%| F|  |TAMS 0x000000070bc00000, 0x000000070bc00000| Untracked 
|  50|0x000000070be00000, 0x000000070be00000, 0x000000070c000000|  0%| F|  |TAMS 0x000000070be00000, 0x000000070be00000| Untracked 
|  51|0x000000070c000000, 0x000000070c000000, 0x000000070c200000|  0%| F|  |TAMS 0x000000070c000000, 0x000000070c000000| Untracked 
|  52|0x000000070c200000, 0x000000070c200000, 0x000000070c400000|  0%| F|  |TAMS 0x000000070c200000, 0x000000070c200000| Untracked 
|  53|0x000000070c400000, 0x000000070c400000, 0x000000070c600000|  0%| F|  |TAMS 0x000000070c400000, 0x000000070c400000| Untracked 
|  54|0x000000070c600000, 0x000000070c600000, 0x000000070c800000|  0%| F|  |TAMS 0x000000070c600000, 0x000000070c600000| Untracked 
|  55|0x000000070c800000, 0x000000070c800000, 0x000000070ca00000|  0%| F|  |TAMS 0x000000070c800000, 0x000000070c800000| Untracked 
|  56|0x000000070ca00000, 0x000000070ca00000, 0x000000070cc00000|  0%| F|  |TAMS 0x000000070ca00000, 0x000000070ca00000| Untracked 
|  57|0x000000070cc00000, 0x000000070cc00000, 0x000000070ce00000|  0%| F|  |TAMS 0x000000070cc00000, 0x000000070cc00000| Untracked 
|  58|0x000000070ce00000, 0x000000070ce00000, 0x000000070d000000|  0%| F|  |TAMS 0x000000070ce00000, 0x000000070ce00000| Untracked 
|  59|0x000000070d000000, 0x000000070d000000, 0x000000070d200000|  0%| F|  |TAMS 0x000000070d000000, 0x000000070d000000| Untracked 
|  60|0x000000070d200000, 0x000000070d200000, 0x000000070d400000|  0%| F|  |TAMS 0x000000070d200000, 0x000000070d200000| Untracked 
|  61|0x000000070d400000, 0x000000070d400000, 0x000000070d600000|  0%| F|  |TAMS 0x000000070d400000, 0x000000070d400000| Untracked 
|  62|0x000000070d600000, 0x000000070d600000, 0x000000070d800000|  0%| F|  |TAMS 0x000000070d600000, 0x000000070d600000| Untracked 
|  63|0x000000070d800000, 0x000000070d800000, 0x000000070da00000|  0%| F|  |TAMS 0x000000070d800000, 0x000000070d800000| Untracked 
|  64|0x000000070da00000, 0x000000070da00000, 0x000000070dc00000|  0%| F|  |TAMS 0x000000070da00000, 0x000000070da00000| Untracked 
|  65|0x000000070dc00000, 0x000000070dc00000, 0x000000070de00000|  0%| F|  |TAMS 0x000000070dc00000, 0x000000070dc00000| Untracked 
|  66|0x000000070de00000, 0x000000070de00000, 0x000000070e000000|  0%| F|  |TAMS 0x000000070de00000, 0x000000070de00000| Untracked 
|  67|0x000000070e000000, 0x000000070e000000, 0x000000070e200000|  0%| F|  |TAMS 0x000000070e000000, 0x000000070e000000| Untracked 
|  68|0x000000070e200000, 0x000000070e200000, 0x000000070e400000|  0%| F|  |TAMS 0x000000070e200000, 0x000000070e200000| Untracked 
|  69|0x000000070e400000, 0x000000070e400000, 0x000000070e600000|  0%| F|  |TAMS 0x000000070e400000, 0x000000070e400000| Untracked 
|  70|0x000000070e600000, 0x000000070e600000, 0x000000070e800000|  0%| F|  |TAMS 0x000000070e600000, 0x000000070e600000| Untracked 
|  71|0x000000070e800000, 0x000000070e800000, 0x000000070ea00000|  0%| F|  |TAMS 0x000000070e800000, 0x000000070e800000| Untracked 
|  72|0x000000070ea00000, 0x000000070ea00000, 0x000000070ec00000|  0%| F|  |TAMS 0x000000070ea00000, 0x000000070ea00000| Untracked 
|  73|0x000000070ec00000, 0x000000070ec00000, 0x000000070ee00000|  0%| F|  |TAMS 0x000000070ec00000, 0x000000070ec00000| Untracked 
|  74|0x000000070ee00000, 0x000000070ee00000, 0x000000070f000000|  0%| F|  |TAMS 0x000000070ee00000, 0x000000070ee00000| Untracked 
|  75|0x000000070f000000, 0x000000070f000000, 0x000000070f200000|  0%| F|  |TAMS 0x000000070f000000, 0x000000070f000000| Untracked 
|  76|0x000000070f200000, 0x000000070f200000, 0x000000070f400000|  0%| F|  |TAMS 0x000000070f200000, 0x000000070f200000| Untracked 
|  77|0x000000070f400000, 0x000000070f400000, 0x000000070f600000|  0%| F|  |TAMS 0x000000070f400000, 0x000000070f400000| Untracked 
|  78|0x000000070f600000, 0x000000070f600000, 0x000000070f800000|  0%| F|  |TAMS 0x000000070f600000, 0x000000070f600000| Untracked 
|  79|0x000000070f800000, 0x000000070f800000, 0x000000070fa00000|  0%| F|  |TAMS 0x000000070f800000, 0x000000070f800000| Untracked 
|  80|0x000000070fa00000, 0x000000070fa00000, 0x000000070fc00000|  0%| F|  |TAMS 0x000000070fa00000, 0x000000070fa00000| Untracked 
|  81|0x000000070fc00000, 0x000000070fc00000, 0x000000070fe00000|  0%| F|  |TAMS 0x000000070fc00000, 0x000000070fc00000| Untracked 
|  82|0x000000070fe00000, 0x000000070fe00000, 0x0000000710000000|  0%| F|  |TAMS 0x000000070fe00000, 0x000000070fe00000| Untracked 
|  83|0x0000000710000000, 0x0000000710000000, 0x0000000710200000|  0%| F|  |TAMS 0x0000000710000000, 0x0000000710000000| Untracked 
|  84|0x0000000710200000, 0x0000000710200000, 0x0000000710400000|  0%| F|  |TAMS 0x0000000710200000, 0x0000000710200000| Untracked 
|  85|0x0000000710400000, 0x0000000710400000, 0x0000000710600000|  0%| F|  |TAMS 0x0000000710400000, 0x0000000710400000| Untracked 
|  86|0x0000000710600000, 0x0000000710600000, 0x0000000710800000|  0%| F|  |TAMS 0x0000000710600000, 0x0000000710600000| Untracked 
|  87|0x0000000710800000, 0x0000000710800000, 0x0000000710a00000|  0%| F|  |TAMS 0x0000000710800000, 0x0000000710800000| Untracked 
|  88|0x0000000710a00000, 0x0000000710a00000, 0x0000000710c00000|  0%| F|  |TAMS 0x0000000710a00000, 0x0000000710a00000| Untracked 
|  89|0x0000000710c00000, 0x0000000710c00000, 0x0000000710e00000|  0%| F|  |TAMS 0x0000000710c00000, 0x0000000710c00000| Untracked 
|  90|0x0000000710e00000, 0x0000000710e00000, 0x0000000711000000|  0%| F|  |TAMS 0x0000000710e00000, 0x0000000710e00000| Untracked 
|  91|0x0000000711000000, 0x0000000711000000, 0x0000000711200000|  0%| F|  |TAMS 0x0000000711000000, 0x0000000711000000| Untracked 
|  92|0x0000000711200000, 0x0000000711200000, 0x0000000711400000|  0%| F|  |TAMS 0x0000000711200000, 0x0000000711200000| Untracked 
|  93|0x0000000711400000, 0x0000000711400000, 0x0000000711600000|  0%| F|  |TAMS 0x0000000711400000, 0x0000000711400000| Untracked 
|  94|0x0000000711600000, 0x0000000711600000, 0x0000000711800000|  0%| F|  |TAMS 0x0000000711600000, 0x0000000711600000| Untracked 
|  95|0x0000000711800000, 0x0000000711800000, 0x0000000711a00000|  0%| F|  |TAMS 0x0000000711800000, 0x0000000711800000| Untracked 
|  96|0x0000000711a00000, 0x0000000711a00000, 0x0000000711c00000|  0%| F|  |TAMS 0x0000000711a00000, 0x0000000711a00000| Untracked 
|  97|0x0000000711c00000, 0x0000000711c00000, 0x0000000711e00000|  0%| F|  |TAMS 0x0000000711c00000, 0x0000000711c00000| Untracked 
|  98|0x0000000711e00000, 0x0000000711e00000, 0x0000000712000000|  0%| F|  |TAMS 0x0000000711e00000, 0x0000000711e00000| Untracked 
|  99|0x0000000712000000, 0x0000000712000000, 0x0000000712200000|  0%| F|  |TAMS 0x0000000712000000, 0x0000000712000000| Untracked 
| 100|0x0000000712200000, 0x0000000712200000, 0x0000000712400000|  0%| F|  |TAMS 0x0000000712200000, 0x0000000712200000| Untracked 
| 101|0x0000000712400000, 0x0000000712400000, 0x0000000712600000|  0%| F|  |TAMS 0x0000000712400000, 0x0000000712400000| Untracked 
| 102|0x0000000712600000, 0x0000000712600000, 0x0000000712800000|  0%| F|  |TAMS 0x0000000712600000, 0x0000000712600000| Untracked 
| 103|0x0000000712800000, 0x0000000712800000, 0x0000000712a00000|  0%| F|  |TAMS 0x0000000712800000, 0x0000000712800000| Untracked 
| 104|0x0000000712a00000, 0x0000000712a00000, 0x0000000712c00000|  0%| F|  |TAMS 0x0000000712a00000, 0x0000000712a00000| Untracked 
| 105|0x0000000712c00000, 0x0000000712c00000, 0x0000000712e00000|  0%| F|  |TAMS 0x0000000712c00000, 0x0000000712c00000| Untracked 
| 106|0x0000000712e00000, 0x0000000712e00000, 0x0000000713000000|  0%| F|  |TAMS 0x0000000712e00000, 0x0000000712e00000| Untracked 
| 107|0x0000000713000000, 0x0000000713000000, 0x0000000713200000|  0%| F|  |TAMS 0x0000000713000000, 0x0000000713000000| Untracked 
| 108|0x0000000713200000, 0x0000000713200000, 0x0000000713400000|  0%| F|  |TAMS 0x0000000713200000, 0x0000000713200000| Untracked 
| 109|0x0000000713400000, 0x0000000713400000, 0x0000000713600000|  0%| F|  |TAMS 0x0000000713400000, 0x0000000713400000| Untracked 
| 110|0x0000000713600000, 0x0000000713600000, 0x0000000713800000|  0%| F|  |TAMS 0x0000000713600000, 0x0000000713600000| Untracked 
| 111|0x0000000713800000, 0x0000000713800000, 0x0000000713a00000|  0%| F|  |TAMS 0x0000000713800000, 0x0000000713800000| Untracked 
| 112|0x0000000713a00000, 0x0000000713a00000, 0x0000000713c00000|  0%| F|  |TAMS 0x0000000713a00000, 0x0000000713a00000| Untracked 
| 113|0x0000000713c00000, 0x0000000713c00000, 0x0000000713e00000|  0%| F|  |TAMS 0x0000000713c00000, 0x0000000713c00000| Untracked 
| 114|0x0000000713e00000, 0x0000000713fa5fa0, 0x0000000714000000| 82%| S|CS|TAMS 0x0000000713e00000, 0x0000000713e00000| Complete 
| 115|0x0000000714000000, 0x0000000714000000, 0x0000000714200000|  0%| F|  |TAMS 0x0000000714000000, 0x0000000714000000| Untracked 
| 116|0x0000000714200000, 0x0000000714200000, 0x0000000714400000|  0%| F|  |TAMS 0x0000000714200000, 0x0000000714200000| Untracked 
| 117|0x0000000714400000, 0x0000000714400000, 0x0000000714600000|  0%| F|  |TAMS 0x0000000714400000, 0x0000000714400000| Untracked 
| 118|0x0000000714600000, 0x0000000714600000, 0x0000000714800000|  0%| F|  |TAMS 0x0000000714600000, 0x0000000714600000| Untracked 
| 119|0x0000000714800000, 0x0000000714800000, 0x0000000714a00000|  0%| F|  |TAMS 0x0000000714800000, 0x0000000714800000| Untracked 
| 120|0x0000000714a00000, 0x0000000714a00000, 0x0000000714c00000|  0%| F|  |TAMS 0x0000000714a00000, 0x0000000714a00000| Untracked 
| 121|0x0000000714c00000, 0x0000000714c00000, 0x0000000714e00000|  0%| F|  |TAMS 0x0000000714c00000, 0x0000000714c00000| Untracked 
| 122|0x0000000714e00000, 0x0000000714e00000, 0x0000000715000000|  0%| F|  |TAMS 0x0000000714e00000, 0x0000000714e00000| Untracked 
| 123|0x0000000715000000, 0x0000000715000000, 0x0000000715200000|  0%| F|  |TAMS 0x0000000715000000, 0x0000000715000000| Untracked 
| 124|0x0000000715200000, 0x00000007152c6db0, 0x0000000715400000| 38%| E|  |TAMS 0x0000000715200000, 0x0000000715200000| Complete 
| 125|0x0000000715400000, 0x0000000715600000, 0x0000000715600000|100%| E|CS|TAMS 0x0000000715400000, 0x0000000715400000| Complete 

Card table byte_map: [0x000001d460fa0000,0x000001d461780000] _byte_map_base: 0x000001d45d773000

Marking Bits (Prev, Next): (CMBitMap*) 0x000001d449497020, (CMBitMap*) 0x000001d449497060
 Prev Bits: [0x000001d461f60000, 0x000001d465df8000)
 Next Bits: [0x000001d465e00000, 0x000001d469c98000)

Polling page: 0x000001d447380000

Metaspace:

Usage:
  Non-class:      1.97 MB used.
      Class:    189.41 KB used.
       Both:      2.15 MB used.

Virtual space:
  Non-class space:       64.00 MB reserved,       2.06 MB (  3%) committed,  1 nodes.
      Class space:        1.00 GB reserved,     256.00 KB ( <1%) committed,  1 nodes.
             Both:        1.06 GB reserved,       2.31 MB ( <1%) committed. 

Chunk freelists:
   Non-Class:  11.19 MB
       Class:  15.64 MB
        Both:  26.83 MB

MaxMetaspaceSize: unlimited
CompressedClassSpaceSize: 1.00 GB
Initial GC threshold: 21.00 MB
Current GC threshold: 21.00 MB
CDS: on
MetaspaceReclaimPolicy: balanced
 - commit_granule_bytes: 65536.
 - commit_granule_words: 8192.
 - virtual_space_node_default_size: 8388608.
 - enlarge_chunks_in_place: 1.
 - new_chunks_are_fully_committed: 0.
 - uncommit_free_chunks: 1.
 - use_allocation_guard: 0.
 - handle_deallocations: 1.


Internal statistics:

num_allocs_failed_limit: 0.
num_arena_births: 60.
num_arena_deaths: 0.
num_vsnodes_births: 2.
num_vsnodes_deaths: 0.
num_space_committed: 37.
num_space_uncommitted: 0.
num_chunks_returned_to_freelist: 0.
num_chunks_taken_from_freelist: 98.
num_chunk_merges: 0.
num_chunk_splits: 70.
num_chunks_enlarged: 54.
num_inconsistent_stats: 0.

CodeHeap 'non-profiled nmethods': size=119168Kb used=553Kb max_used=553Kb free=118615Kb
 bounds [0x000001d458ae0000, 0x000001d458d50000, 0x000001d45ff40000]
CodeHeap 'profiled nmethods': size=119104Kb used=1435Kb max_used=1435Kb free=117668Kb
 bounds [0x000001d450f40000, 0x000001d4511b0000, 0x000001d458390000]
CodeHeap 'non-nmethods': size=7488Kb used=1167Kb max_used=2344Kb free=6320Kb
 bounds [0x000001d458390000, 0x000001d458600000, 0x000001d458ae0000]
 total_blobs=1338 nmethods=892 adapters=359
 compilation: enabled
              stopped_count=0, restarted_count=0
 full_count=0

Compilation events (20 events):
Event: 3.401 Thread 0x000001d471034a20 nmethod 879 0x000001d4510a2410 code [0x000001d4510a25e0, 0x000001d4510a2af8]
Event: 3.401 Thread 0x000001d471034a20  881       3       java.lang.StringConcatHelper::prepend (30 bytes)
Event: 3.401 Thread 0x000001d471034a20 nmethod 881 0x000001d4510a2c10 code [0x000001d4510a2dc0, 0x000001d4510a2f98]
Event: 3.401 Thread 0x000001d47235b5b0 nmethod 880 0x000001d4510a3090 code [0x000001d4510a3260, 0x000001d4510a34e8]
Event: 3.734 Thread 0x000001d47235b5b0  882       1       jdk.internal.math.FloatingDecimal$BinaryToASCIIBuffer::setSign (6 bytes)
Event: 3.734 Thread 0x000001d47235b5b0 nmethod 882 0x000001d458b67d10 code [0x000001d458b67ea0, 0x000001d458b67f78]
Event: 3.884 Thread 0x000001d47102f700  883       4       java.lang.Math::max (11 bytes)
Event: 3.884 Thread 0x000001d47102f700 nmethod 883 0x000001d458b68010 code [0x000001d458b68180, 0x000001d458b681d8]
Event: 4.267 Thread 0x000001d47235b5b0  884       3       java.util.Arrays::rangeCheck (74 bytes)
Event: 4.268 Thread 0x000001d47235b5b0 nmethod 884 0x000001d4510a3610 code [0x000001d4510a38a0, 0x000001d4510a4248]
Event: 4.567 Thread 0x000001d47102f700  885       4       java.util.Arrays::copyOf (19 bytes)
Event: 4.570 Thread 0x000001d47102f700 nmethod 885 0x000001d458b68310 code [0x000001d458b684a0, 0x000001d458b687b8]
Event: 5.134 Thread 0x000001d47102f700  886       4       java.lang.ref.Reference::refersToImpl (6 bytes)
Event: 5.135 Thread 0x000001d47102f700 nmethod 886 0x000001d458b68890 code [0x000001d458b68a00, 0x000001d458b68a98]
Event: 5.534 Thread 0x000001d471034a20  887       3       PineVille.Player::Move (124 bytes)
Event: 5.534 Thread 0x000001d471034a20 nmethod 887 0x000001d4510a4610 code [0x000001d4510a4880, 0x000001d4510a4db8]
Event: 5.534 Thread 0x000001d471034a20  890       3       PineVille.Player::drawPlayer (72 bytes)
Event: 5.535 Thread 0x000001d471034a20 nmethod 890 0x000001d4510a4f90 code [0x000001d4510a5320, 0x000001d4510a66c8]
Event: 5.567 Thread 0x000001d47102f700  892       4       java.util.HashMap::getNode (150 bytes)
Event: 5.573 Thread 0x000001d47102f700 nmethod 892 0x000001d458b69790 code [0x000001d458b69940, 0x000001d458b69fe8]

GC Heap History (2 events):
Event: 0.573 GC heap before
{Heap before GC invocations=0 (full 0):
 garbage-first heap   total 258048K, used 22528K [0x0000000705a00000, 0x0000000800000000)
  region size 2048K, 11 young (22528K), 0 survivors (0K)
 Metaspace       used 1960K, committed 2112K, reserved 1114112K
  class space    used 170K, committed 256K, reserved 1048576K
}
Event: 0.576 GC heap after
{Heap after GC invocations=1 (full 0):
 garbage-first heap   total 258048K, used 1687K [0x0000000705a00000, 0x0000000800000000)
  region size 2048K, 1 young (2048K), 1 survivors (2048K)
 Metaspace       used 1960K, committed 2112K, reserved 1114112K
  class space    used 170K, committed 256K, reserved 1048576K
}

Dll operation events (20 events):
Event: 0.320 Loaded shared library C:\Program Files (x86)\Windows Kits\10\Redist\ucrt\DLLs\x64\api-ms-win-core-rtlsupport-l1-1-0.dll
Event: 0.328 Loaded shared library C:\Program Files (x86)\Windows Kits\10\Redist\ucrt\DLLs\x64\api-ms-win-core-processthreads-l1-1-1.dll
Event: 0.335 Loaded shared library C:\Program Files (x86)\Windows Kits\10\Redist\ucrt\DLLs\x64\api-ms-win-core-file-l1-2-0.dll
Event: 0.342 Loaded shared library C:\Program Files (x86)\Windows Kits\10\Redist\ucrt\DLLs\x64\api-ms-win-core-profile-l1-1-0.dll
Event: 0.351 Loaded shared library C:\Program Files (x86)\Windows Kits\10\Redist\ucrt\DLLs\x64\api-ms-win-core-memory-l1-1-0.dll
Event: 0.358 Loaded shared library C:\Program Files (x86)\Windows Kits\10\Redist\ucrt\DLLs\x64\api-ms-win-core-util-l1-1-0.dll
Event: 0.367 Loaded shared library C:\Program Files (x86)\Windows Kits\10\Redist\ucrt\DLLs\x64\api-ms-win-core-interlocked-l1-1-0.dll
Event: 0.376 Loaded shared library C:\Program Files (x86)\Windows Kits\10\Redist\ucrt\DLLs\x64\ucrtbase.dll
Event: 0.383 Loaded shared library C:\Users\luczu\.jdks\corretto-17.0.10\bin\vcruntime140.dll
Event: 0.391 Loaded shared library C:\Users\luczu\.jdks\corretto-17.0.10\bin\vcruntime140_1.dll
Event: 0.398 Loaded shared library C:\Users\luczu\.jdks\corretto-17.0.10\bin\msvcp140.dll
Event: 0.405 Loaded shared library C:\Windows\System32\msvcp140_1.dll
Event: 0.414 Loaded shared library C:\Windows\System32\concrt140.dll
Event: 0.424 Loaded shared library C:\Windows\System32\vcomp140.dll
Event: 0.452 Loaded shared library C:\Windows\System32\winmm.dll
Event: 0.456 Loaded shared library C:\Windows\System32\opengl32.dll
Event: 0.457 Loaded shared library C:\Windows\System32\user32.dll
Event: 0.459 Loaded shared library C:\Windows\System32\shell32.dll
Event: 0.461 Loaded shared library C:\Windows\System32\gdi32.dll
Event: 0.486 Loaded shared library C:\Users\luczu\.javacpp\cache\jaylib-4.5.0-0.jar\com\raylib\windows-x86_64\jniRaylib.dll

Deoptimization events (20 events):
Event: 0.433 Thread 0x000001d449429f70 DEOPT PACKING pc=0x000001d458b002dc sp=0x0000008b532fd9b0
Event: 0.433 Thread 0x000001d449429f70 DEOPT UNPACKING pc=0x000001d4583ea1a3 sp=0x0000008b532fd938 mode 2
Event: 0.440 Thread 0x000001d449429f70 Uncommon trap: trap_request=0xffffff45 fr.pc=0x000001d458b030e4 relative=0x00000000000001c4
Event: 0.440 Thread 0x000001d449429f70 Uncommon trap: reason=unstable_if action=reinterpret pc=0x000001d458b030e4 method=sun.net.www.ParseUtil.firstEncodeIndex(Ljava/lang/String;)I @ 51 c2
Event: 0.441 Thread 0x000001d449429f70 DEOPT PACKING pc=0x000001d458b030e4 sp=0x0000008b532fdbc0
Event: 0.441 Thread 0x000001d449429f70 DEOPT UNPACKING pc=0x000001d4583ea1a3 sp=0x0000008b532fdb48 mode 2
Event: 0.441 Thread 0x000001d449429f70 Uncommon trap: trap_request=0xffffff45 fr.pc=0x000001d458b1b004 relative=0x0000000000001364
Event: 0.441 Thread 0x000001d449429f70 Uncommon trap: reason=unstable_if action=reinterpret pc=0x000001d458b1b004 method=java.net.URL.<init>(Ljava/net/URL;Ljava/lang/String;Ljava/net/URLStreamHandler;)V @ 273 c2
Event: 0.442 Thread 0x000001d449429f70 DEOPT PACKING pc=0x000001d458b1b004 sp=0x0000008b532fdb00
Event: 0.442 Thread 0x000001d449429f70 DEOPT UNPACKING pc=0x000001d4583ea1a3 sp=0x0000008b532fda90 mode 2
Event: 0.453 Thread 0x000001d449429f70 Uncommon trap: trap_request=0xffffff45 fr.pc=0x000001d458b26c88 relative=0x0000000000003f28
Event: 0.453 Thread 0x000001d449429f70 Uncommon trap: reason=unstable_if action=reinterpret pc=0x000001d458b26c88 method=sun.net.www.ParseUtil.firstEncodeIndex(Ljava/lang/String;)I @ 51 c2
Event: 0.453 Thread 0x000001d449429f70 DEOPT PACKING pc=0x000001d458b26c88 sp=0x0000008b532fdb80
Event: 0.453 Thread 0x000001d449429f70 DEOPT UNPACKING pc=0x000001d4583ea1a3 sp=0x0000008b532fd8a0 mode 2
Event: 0.521 Thread 0x000001d449429f70 DEOPT PACKING pc=0x000001d4510332c8 sp=0x0000008b532fc240
Event: 0.521 Thread 0x000001d449429f70 DEOPT UNPACKING pc=0x000001d4583eace3 sp=0x0000008b532fb758 mode 0
Event: 0.577 Thread 0x000001d449429f70 Uncommon trap: trap_request=0xffffff45 fr.pc=0x000001d458b0f860 relative=0x00000000000000e0
Event: 0.577 Thread 0x000001d449429f70 Uncommon trap: reason=unstable_if action=reinterpret pc=0x000001d458b0f860 method=java.lang.ref.SoftReference.get()Ljava/lang/Object; @ 17 c2
Event: 0.577 Thread 0x000001d449429f70 DEOPT PACKING pc=0x000001d458b0f860 sp=0x0000008b532fc3c0
Event: 0.577 Thread 0x000001d449429f70 DEOPT UNPACKING pc=0x000001d4583ea1a3 sp=0x0000008b532fc378 mode 2

Classes unloaded (0 events):
No events

Classes redefined (0 events):
No events

Internal exceptions (7 events):
Event: 0.080 Thread 0x000001d449429f70 Exception <a 'java/lang/NoSuchMethodError'{0x0000000715244478}: 'int java.lang.invoke.DirectMethodHandle$Holder.invokeStaticInit(java.lang.Object, java.lang.Object, java.lang.Object, java.lang.Object)'> (0x0000000715244478) 
thrown [s\src\hotspot\share\interpreter\linkResolver.cpp, line 759]
Event: 0.083 Thread 0x000001d449429f70 Exception <a 'java/lang/NoSuchMethodError'{0x000000071524f188}: 'java.lang.Object java.lang.invoke.DirectMethodHandle$Holder.invokeInterface(java.lang.Object, java.lang.Object)'> (0x000000071524f188) 
thrown [s\src\hotspot\share\interpreter\linkResolver.cpp, line 759]
Event: 0.084 Thread 0x000001d449429f70 Exception <a 'java/lang/IncompatibleClassChangeError'{0x00000007152528a0}: Found class java.lang.Object, but interface was expected> (0x00000007152528a0) 
thrown [s\src\hotspot\share\interpreter\linkResolver.cpp, line 826]
Event: 0.085 Thread 0x000001d449429f70 Exception <a 'java/lang/NoSuchMethodError'{0x0000000715255a48}: 'void java.lang.invoke.DirectMethodHandle$Holder.invokeStatic(java.lang.Object, java.lang.Object)'> (0x0000000715255a48) 
thrown [s\src\hotspot\share\interpreter\linkResolver.cpp, line 759]
Event: 0.085 Thread 0x000001d449429f70 Exception <a 'java/lang/NoSuchMethodError'{0x00000007152590b8}: 'void java.lang.invoke.DirectMethodHandle$Holder.invokeStaticInit(java.lang.Object, java.lang.Object)'> (0x00000007152590b8) 
thrown [s\src\hotspot\share\interpreter\linkResolver.cpp, line 759]
Event: 0.086 Thread 0x000001d449429f70 Exception <a 'java/lang/NoSuchMethodError'{0x000000071525f7a0}: 'int java.lang.invoke.DirectMethodHandle$Holder.invokeStaticInit(java.lang.Object, java.lang.Object)'> (0x000000071525f7a0) 
thrown [s\src\hotspot\share\interpreter\linkResolver.cpp, line 759]
Event: 0.480 Thread 0x000001d449429f70 Exception <a 'java/lang/NoSuchMethodError'{0x00000007141166d0}: 'java.lang.Object java.lang.invoke.DirectMethodHandle$Holder.invokeStatic(java.lang.Object, int, java.lang.Object)'> (0x00000007141166d0) 
thrown [s\src\hotspot\share\interpreter\linkResolver.cpp, line 759]

VM Operations (10 events):
Event: 0.064 Executing VM operation: HandshakeAllThreads
Event: 0.064 Executing VM operation: HandshakeAllThreads done
Event: 0.116 Executing VM operation: HandshakeAllThreads
Event: 0.116 Executing VM operation: HandshakeAllThreads done
Event: 0.572 Executing VM operation: G1CollectForAllocation
Event: 0.577 Executing VM operation: G1CollectForAllocation done
Event: 1.586 Executing VM operation: Cleanup
Event: 1.586 Executing VM operation: Cleanup done
Event: 5.589 Executing VM operation: Cleanup
Event: 5.589 Executing VM operation: Cleanup done

Events (20 events):
Event: 0.477 loading class java/time/DayOfWeek done
Event: 0.477 loading class java/time/zone/ZoneOffsetTransitionRule$TimeDefinition
Event: 0.477 loading class java/time/zone/ZoneOffsetTransitionRule$TimeDefinition done
Event: 0.478 loading class java/time/zone/ZoneOffsetTransition
Event: 0.478 loading class java/time/zone/ZoneOffsetTransition done
Event: 0.479 loading class java/time/temporal/TemporalAdjusters
Event: 0.479 loading class java/time/temporal/TemporalAdjusters done
Event: 0.482 loading class java/time/zone/ZoneOffsetTransitionRule$1
Event: 0.482 loading class java/time/zone/ZoneOffsetTransitionRule$1 done
Event: 0.483 loading class java/util/concurrent/TimeUnit$1
Event: 0.483 loading class java/util/concurrent/TimeUnit$1 done
Event: 1.219 Thread 0x000001d472882b60 Thread exited: 0x000001d472882b60
Event: 1.220 Thread 0x000001d4713bb3a0 Thread exited: 0x000001d4713bb3a0
Event: 1.220 Thread 0x000001d4713bc3a0 Thread exited: 0x000001d4713bc3a0
Event: 2.617 Thread 0x000001d472f522d0 Thread exited: 0x000001d472f522d0
Event: 2.617 Thread 0x000001d4710e0cc0 Thread exited: 0x000001d4710e0cc0
Event: 2.655 Thread 0x000001d47235b5b0 Thread added: 0x000001d47235b5b0
Event: 2.662 loading class jdk/internal/math/FDBigInteger
Event: 2.662 loading class jdk/internal/math/FDBigInteger done
Event: 5.134 Thread 0x000001d47235b5b0 Thread exited: 0x000001d47235b5b0


Dynamic libraries:
0x00007ff68c020000 - 0x00007ff68c02e000 	C:\Users\luczu\.jdks\corretto-17.0.10\bin\java.exe
0x00007ffff0ef0000 - 0x00007ffff1107000 	C:\WINDOWS\SYSTEM32\ntdll.dll
0x00007fffeefc0000 - 0x00007fffef084000 	C:\WINDOWS\System32\KERNEL32.DLL
0x00007fffee570000 - 0x00007fffee916000 	C:\WINDOWS\System32\KERNELBASE.dll
0x00007fffee980000 - 0x00007fffeea91000 	C:\WINDOWS\System32\ucrtbase.dll
0x00007fff1a050000 - 0x00007fff1a06b000 	C:\Users\luczu\.jdks\corretto-17.0.10\bin\VCRUNTIME140.dll
0x00007fff50850000 - 0x00007fff50867000 	C:\Users\luczu\.jdks\corretto-17.0.10\bin\jli.dll
0x00007fffeedf0000 - 0x00007fffeef9e000 	C:\WINDOWS\System32\USER32.dll
0x00007fffee950000 - 0x00007fffee976000 	C:\WINDOWS\System32\win32u.dll
0x00007fffcbbc0000 - 0x00007fffcbe53000 	C:\WINDOWS\WinSxS\amd64_microsoft.windows.common-controls_6595b64144ccf1df_6.0.22621.2506_none_270c5ae97388e100\COMCTL32.dll
0x00007fffef5e0000 - 0x00007fffef609000 	C:\WINDOWS\System32\GDI32.dll
0x00007fffef370000 - 0x00007fffef417000 	C:\WINDOWS\System32\msvcrt.dll
0x00007fffeeb20000 - 0x00007fffeec38000 	C:\WINDOWS\System32\gdi32full.dll
0x00007fffee360000 - 0x00007fffee3fa000 	C:\WINDOWS\System32\msvcp_win.dll
0x00007fffefe30000 - 0x00007fffefe61000 	C:\WINDOWS\System32\IMM32.DLL
0x00007fff732e0000 - 0x00007fff732ec000 	C:\Users\luczu\.jdks\corretto-17.0.10\bin\vcruntime140_1.dll
0x00007fff18d00000 - 0x00007fff18d8d000 	C:\Users\luczu\.jdks\corretto-17.0.10\bin\msvcp140.dll
0x00007fff15c80000 - 0x00007fff168e2000 	C:\Users\luczu\.jdks\corretto-17.0.10\bin\server\jvm.dll
0x00007fffef9a0000 - 0x00007fffefa53000 	C:\WINDOWS\System32\ADVAPI32.dll
0x00007fffefd80000 - 0x00007fffefe28000 	C:\WINDOWS\System32\sechost.dll
0x00007fffee920000 - 0x00007fffee948000 	C:\WINDOWS\System32\bcrypt.dll
0x00007fffef250000 - 0x00007fffef367000 	C:\WINDOWS\System32\RPCRT4.dll
0x00007fffed0c0000 - 0x00007fffed10d000 	C:\WINDOWS\SYSTEM32\POWRPROF.dll
0x00007fffe3270000 - 0x00007fffe32a4000 	C:\WINDOWS\SYSTEM32\WINMM.dll
0x00007fffe5500000 - 0x00007fffe5509000 	C:\WINDOWS\SYSTEM32\WSOCK32.dll
0x00007fffefe70000 - 0x00007fffefee1000 	C:\WINDOWS\System32\WS2_32.dll
0x00007fffe3fe0000 - 0x00007fffe3fea000 	C:\WINDOWS\SYSTEM32\VERSION.dll
0x00007fffed0a0000 - 0x00007fffed0b3000 	C:\WINDOWS\SYSTEM32\UMPDC.dll
0x00007fffed360000 - 0x00007fffed378000 	C:\WINDOWS\SYSTEM32\kernel.appcore.dll
0x00007fff6d340000 - 0x00007fff6d34a000 	C:\Users\luczu\.jdks\corretto-17.0.10\bin\jimage.dll
0x00007fffeb8b0000 - 0x00007fffebae3000 	C:\WINDOWS\SYSTEM32\DBGHELP.DLL
0x00007fffef610000 - 0x00007fffef999000 	C:\WINDOWS\System32\combase.dll
0x00007fffefb30000 - 0x00007fffefc07000 	C:\WINDOWS\System32\OLEAUT32.dll
0x00007fffd17f0000 - 0x00007fffd1822000 	C:\WINDOWS\SYSTEM32\dbgcore.DLL
0x00007fffeeaa0000 - 0x00007fffeeb1a000 	C:\WINDOWS\System32\bcryptPrimitives.dll
0x00007fff18cd0000 - 0x00007fff18cf5000 	C:\Users\luczu\.jdks\corretto-17.0.10\bin\java.dll
0x00007fff15ba0000 - 0x00007fff15c77000 	C:\Users\luczu\.jdks\corretto-17.0.10\bin\jsvml.dll
0x00007ffff0510000 - 0x00007ffff0d6b000 	C:\WINDOWS\System32\SHELL32.dll
0x00007fffec150000 - 0x00007fffeca46000 	C:\WINDOWS\SYSTEM32\windows.storage.dll
0x00007fffec010000 - 0x00007fffec14e000 	C:\WINDOWS\SYSTEM32\wintypes.dll
0x00007fffef090000 - 0x00007fffef183000 	C:\WINDOWS\System32\SHCORE.dll
0x00007fffef1f0000 - 0x00007fffef24e000 	C:\WINDOWS\System32\shlwapi.dll
0x00007fffee160000 - 0x00007fffee186000 	C:\WINDOWS\SYSTEM32\profapi.dll
0x00007fff159b0000 - 0x00007fff159c9000 	C:\Users\luczu\.jdks\corretto-17.0.10\bin\net.dll
0x00007fffe48f0000 - 0x00007fffe4a27000 	C:\WINDOWS\SYSTEM32\WINHTTP.dll
0x00007fffed7e0000 - 0x00007fffed849000 	C:\WINDOWS\system32\mswsock.dll
0x00007fff15990000 - 0x00007fff159a6000 	C:\Users\luczu\.jdks\corretto-17.0.10\bin\nio.dll
0x00007fff18cb0000 - 0x00007fff18cc8000 	C:\Users\luczu\.jdks\corretto-17.0.10\bin\zip.dll
0x000001d46cdd0000 - 0x000001d46cdd3000 	C:\Program Files (x86)\Windows Kits\10\Redist\ucrt\DLLs\x64\api-ms-win-crt-locale-l1-1-0.dll
0x000001d46cde0000 - 0x000001d46cde4000 	C:\Program Files (x86)\Windows Kits\10\Redist\ucrt\DLLs\x64\api-ms-win-crt-string-l1-1-0.dll
0x000001d46cdf0000 - 0x000001d46cdf4000 	C:\Program Files (x86)\Windows Kits\10\Redist\ucrt\DLLs\x64\api-ms-win-crt-stdio-l1-1-0.dll
0x000001d46ce00000 - 0x000001d46ce05000 	C:\Program Files (x86)\Windows Kits\10\Redist\ucrt\DLLs\x64\api-ms-win-crt-math-l1-1-0.dll
0x000001d46ce10000 - 0x000001d46ce13000 	C:\Program Files (x86)\Windows Kits\10\Redist\ucrt\DLLs\x64\api-ms-win-crt-heap-l1-1-0.dll
0x000001d46ce20000 - 0x000001d46ce24000 	C:\Program Files (x86)\Windows Kits\10\Redist\ucrt\DLLs\x64\api-ms-win-crt-runtime-l1-1-0.dll
0x000001d46ce30000 - 0x000001d46ce34000 	C:\Program Files (x86)\Windows Kits\10\Redist\ucrt\DLLs\x64\api-ms-win-crt-convert-l1-1-0.dll
0x000001d46ce40000 - 0x000001d46ce43000 	C:\Program Files (x86)\Windows Kits\10\Redist\ucrt\DLLs\x64\api-ms-win-crt-environment-l1-1-0.dll
0x000001d46ce50000 - 0x000001d46ce53000 	C:\Program Files (x86)\Windows Kits\10\Redist\ucrt\DLLs\x64\api-ms-win-crt-time-l1-1-0.dll
0x000001d46ce60000 - 0x000001d46ce63000 	C:\Program Files (x86)\Windows Kits\10\Redist\ucrt\DLLs\x64\api-ms-win-crt-filesystem-l1-1-0.dll
0x000001d46ce70000 - 0x000001d46ce73000 	C:\Program Files (x86)\Windows Kits\10\Redist\ucrt\DLLs\x64\api-ms-win-crt-utility-l1-1-0.dll
0x000001d46ce80000 - 0x000001d46ce85000 	C:\Program Files (x86)\Windows Kits\10\Redist\ucrt\DLLs\x64\api-ms-win-crt-multibyte-l1-1-0.dll
0x000001d46ce90000 - 0x000001d46ce93000 	C:\Program Files (x86)\Windows Kits\10\Redist\ucrt\DLLs\x64\api-ms-win-crt-conio-l1-1-0.dll
0x000001d46cea0000 - 0x000001d46ceaf000 	C:\Program Files (x86)\Windows Kits\10\Redist\ucrt\DLLs\x64\api-ms-win-crt-private-l1-1-0.dll
0x000001d46ceb0000 - 0x000001d46ceb3000 	C:\Program Files (x86)\Windows Kits\10\Redist\ucrt\DLLs\x64\api-ms-win-crt-process-l1-1-0.dll
0x000001d46cec0000 - 0x000001d46cec3000 	C:\Program Files\Microsoft\jdk-11.0.12.7-hotspot\bin\api-ms-win-core-console-l1-2-0.dll
0x000001d46ced0000 - 0x000001d46ced3000 	C:\Program Files (x86)\Windows Kits\10\Redist\ucrt\DLLs\x64\api-ms-win-core-string-l1-1-0.dll
0x000001d46cee0000 - 0x000001d46cee3000 	C:\Program Files (x86)\Windows Kits\10\Redist\ucrt\DLLs\x64\api-ms-win-core-errorhandling-l1-1-0.dll
0x000001d46cef0000 - 0x000001d46cef3000 	C:\Program Files (x86)\Windows Kits\10\Redist\ucrt\DLLs\x64\api-ms-win-core-timezone-l1-1-0.dll
0x000001d46cf00000 - 0x000001d46cf04000 	C:\Program Files (x86)\Windows Kits\10\Redist\ucrt\DLLs\x64\api-ms-win-core-file-l1-1-0.dll
0x000001d46cf10000 - 0x000001d46cf13000 	C:\Program Files (x86)\Windows Kits\10\Redist\ucrt\DLLs\x64\api-ms-win-core-namedpipe-l1-1-0.dll
0x000001d46cf20000 - 0x000001d46cf23000 	C:\Program Files (x86)\Windows Kits\10\Redist\ucrt\DLLs\x64\api-ms-win-core-handle-l1-1-0.dll
0x000001d46cf30000 - 0x000001d46cf33000 	C:\Program Files (x86)\Windows Kits\10\Redist\ucrt\DLLs\x64\api-ms-win-core-file-l2-1-0.dll
0x000001d46cf40000 - 0x000001d46cf43000 	C:\Program Files (x86)\Windows Kits\10\Redist\ucrt\DLLs\x64\api-ms-win-core-heap-l1-1-0.dll
0x000001d46cf50000 - 0x000001d46cf53000 	C:\Program Files (x86)\Windows Kits\10\Redist\ucrt\DLLs\x64\api-ms-win-core-libraryloader-l1-1-0.dll
0x000001d46cf60000 - 0x000001d46cf63000 	C:\Program Files (x86)\Windows Kits\10\Redist\ucrt\DLLs\x64\api-ms-win-core-synch-l1-1-0.dll
0x000001d46cf70000 - 0x000001d46cf73000 	C:\Program Files (x86)\Windows Kits\10\Redist\ucrt\DLLs\x64\api-ms-win-core-processthreads-l1-1-0.dll
0x000001d46cf80000 - 0x000001d46cf83000 	C:\Program Files (x86)\Windows Kits\10\Redist\ucrt\DLLs\x64\api-ms-win-core-processenvironment-l1-1-0.dll
0x000001d46cf90000 - 0x000001d46cf93000 	C:\Program Files (x86)\Windows Kits\10\Redist\ucrt\DLLs\x64\api-ms-win-core-datetime-l1-1-0.dll
0x000001d46cfa0000 - 0x000001d46cfa3000 	C:\Program Files (x86)\Windows Kits\10\Redist\ucrt\DLLs\x64\api-ms-win-core-localization-l1-2-0.dll
0x000001d46cfb0000 - 0x000001d46cfb3000 	C:\Program Files (x86)\Windows Kits\10\Redist\ucrt\DLLs\x64\api-ms-win-core-sysinfo-l1-1-0.dll
0x000001d46cfc0000 - 0x000001d46cfc3000 	C:\Program Files (x86)\Windows Kits\10\Redist\ucrt\DLLs\x64\api-ms-win-core-synch-l1-2-0.dll
0x000001d46cfd0000 - 0x000001d46cfd3000 	C:\Program Files (x86)\Windows Kits\10\Redist\ucrt\DLLs\x64\api-ms-win-core-console-l1-1-0.dll
0x000001d46cfe0000 - 0x000001d46cfe3000 	C:\Program Files (x86)\Windows Kits\10\Redist\ucrt\DLLs\x64\api-ms-win-core-debug-l1-1-0.dll
0x000001d46cff0000 - 0x000001d46cff3000 	C:\Program Files (x86)\Windows Kits\10\Redist\ucrt\DLLs\x64\api-ms-win-core-rtlsupport-l1-1-0.dll
0x000001d472bd0000 - 0x000001d472bd3000 	C:\Program Files (x86)\Windows Kits\10\Redist\ucrt\DLLs\x64\api-ms-win-core-processthreads-l1-1-1.dll
0x000001d472be0000 - 0x000001d472be3000 	C:\Program Files (x86)\Windows Kits\10\Redist\ucrt\DLLs\x64\api-ms-win-core-file-l1-2-0.dll
0x000001d472bf0000 - 0x000001d472bf3000 	C:\Program Files (x86)\Windows Kits\10\Redist\ucrt\DLLs\x64\api-ms-win-core-profile-l1-1-0.dll
0x000001d472c00000 - 0x000001d472c03000 	C:\Program Files (x86)\Windows Kits\10\Redist\ucrt\DLLs\x64\api-ms-win-core-memory-l1-1-0.dll
0x000001d472c10000 - 0x000001d472c13000 	C:\Program Files (x86)\Windows Kits\10\Redist\ucrt\DLLs\x64\api-ms-win-core-util-l1-1-0.dll
0x000001d472c20000 - 0x000001d472c23000 	C:\Program Files (x86)\Windows Kits\10\Redist\ucrt\DLLs\x64\api-ms-win-core-interlocked-l1-1-0.dll
0x00007fffb2290000 - 0x00007fffb2382000 	C:\Program Files (x86)\Windows Kits\10\Redist\ucrt\DLLs\x64\ucrtbase.dll
0x00007fffe6f40000 - 0x00007fffe6f49000 	C:\Windows\System32\msvcp140_1.dll
0x00007fffafba0000 - 0x00007fffafbee000 	C:\Windows\System32\concrt140.dll
0x00007fff95cf0000 - 0x00007fff95d21000 	C:\Windows\System32\vcomp140.dll
0x00007fffc4ac0000 - 0x00007fffc4bc0000 	C:\Windows\System32\opengl32.dll
0x00007fffc4a90000 - 0x00007fffc4abd000 	C:\WINDOWS\SYSTEM32\GLU32.dll
0x00007fffeb470000 - 0x00007fffeb4a9000 	C:\WINDOWS\SYSTEM32\dxcore.dll
0x00007fff91ea0000 - 0x00007fff920bd000 	C:\Users\luczu\.javacpp\cache\jaylib-4.5.0-0.jar\com\raylib\windows-x86_64\jniRaylib.dll
0x00007fff4f880000 - 0x00007fff4f8c6000 	C:\WINDOWS\SYSTEM32\dinput8.dll
0x00007fffb7970000 - 0x00007fffb7981000 	C:\WINDOWS\SYSTEM32\xinput1_4.dll
0x00007fffedf20000 - 0x00007fffedf6e000 	C:\WINDOWS\SYSTEM32\cfgmgr32.dll
0x00007fffedef0000 - 0x00007fffedf1c000 	C:\WINDOWS\SYSTEM32\DEVOBJ.dll
0x00007fffeb5e0000 - 0x00007fffeb60b000 	C:\WINDOWS\SYSTEM32\dwmapi.dll
0x00007fffccb50000 - 0x00007fffccd5a000 	C:\WINDOWS\SYSTEM32\inputhost.dll
0x00007fffe8710000 - 0x00007fffe8844000 	C:\WINDOWS\SYSTEM32\CoreMessaging.dll
0x00007fffe8b80000 - 0x00007fffe8c2b000 	C:\WINDOWS\system32\uxtheme.dll
0x00007fffeda50000 - 0x00007fffeda5c000 	C:\WINDOWS\SYSTEM32\CRYPTBASE.DLL
0x00007fffefc20000 - 0x00007fffefd71000 	C:\WINDOWS\System32\MSCTF.dll
0x00007fffeca50000 - 0x00007fffeca5e000 	C:\WINDOWS\SYSTEM32\HID.DLL
0x00007fffefef0000 - 0x00007ffff0364000 	C:\WINDOWS\System32\SETUPAPI.DLL
0x00007fffee230000 - 0x00007fffee29b000 	C:\WINDOWS\System32\WINTRUST.dll
0x00007fffee400000 - 0x00007fffee566000 	C:\WINDOWS\System32\CRYPT32.dll
0x00007fffeded0000 - 0x00007fffedee2000 	C:\WINDOWS\SYSTEM32\MSASN1.dll
0x00007fffe5a30000 - 0x00007fffe5a7a000 	C:\WINDOWS\SYSTEM32\directxdatabasehelper.dll
0x00007ffff0400000 - 0x00007ffff04b0000 	C:\WINDOWS\System32\clbcatq.dll
0x00007ffedffb0000 - 0x00007ffee2ba0000 	C:\WINDOWS\System32\DriverStore\FileRepository\nvhm.inf_amd64_28ac5867493a0477\nvoglv64.dll
0x00007fffeec40000 - 0x00007fffeede0000 	C:\WINDOWS\System32\ole32.dll
0x00007fffed110000 - 0x00007fffed124000 	C:\WINDOWS\SYSTEM32\WTSAPI32.dll
0x00007fffd5790000 - 0x00007fffd57c2000 	C:\WINDOWS\SYSTEM32\cryptnet.dll
0x00007fffd57d0000 - 0x00007fffd5928000 	C:\WINDOWS\SYSTEM32\drvstore.dll
0x00007fffedae0000 - 0x00007fffedb2b000 	C:\WINDOWS\SYSTEM32\wldp.dll
0x00007ffff0d80000 - 0x00007ffff0d9f000 	C:\WINDOWS\System32\imagehlp.dll
0x00007fffeda30000 - 0x00007fffeda4b000 	C:\WINDOWS\SYSTEM32\CRYPTSP.dll
0x00007fffed2c0000 - 0x00007fffed2f5000 	C:\WINDOWS\system32\rsaenh.dll
0x00007fffed870000 - 0x00007fffed896000 	C:\WINDOWS\SYSTEM32\gpapi.dll
0x00007fffa3110000 - 0x00007fffa52fb000 	C:\WINDOWS\System32\DriverStore\FileRepository\nvhm.inf_amd64_28ac5867493a0477\nvgpucomp64.dll
0x00007fffed380000 - 0x00007fffed3b4000 	C:\WINDOWS\SYSTEM32\ntmarta.dll
0x00007fff5d720000 - 0x00007fff5d9e3000 	C:\WINDOWS\system32\nvspcap64.dll
0x00007fffeccb0000 - 0x00007fffecd16000 	C:\WINDOWS\SYSTEM32\WINSTA.dll

dbghelp: loaded successfully - version: 4.0.5 - missing functions: none
symbol engine: initialized successfully - sym options: 0x614 - pdb path: .;C:\Users\luczu\.jdks\corretto-17.0.10\bin;C:\WINDOWS\SYSTEM32;C:\WINDOWS\WinSxS\amd64_microsoft.windows.common-controls_6595b64144ccf1df_6.0.22621.2506_none_270c5ae97388e100;C:\Users\luczu\.jdks\corretto-17.0.10\bin\server;C:\Program Files (x86)\Windows Kits\10\Redist\ucrt\DLLs\x64;C:\Program Files\Microsoft\jdk-11.0.12.7-hotspot\bin;C:\Users\luczu\.javacpp\cache\jaylib-4.5.0-0.jar\com\raylib\windows-x86_64;C:\WINDOWS\System32\DriverStore\FileRepository\nvhm.inf_amd64_28ac5867493a0477;C:\WINDOWS\System32\DriverStore\FileRepository\iigd_dch.inf_amd64_0fdf6ce291234272

VM Arguments:
jvm_args: -Dfile.encoding=windows-1252 -Duser.country=NL -Duser.language=nl -Duser.variant 
java_command: PineVille.GameScene
java_class_path (initial): C:\Users\luczu\OneDrive\Documenten\PineVille\build\classes\java\main;C:\Users\luczu\OneDrive\Documenten\PineVille\build\resources\main;C:\Users\luczu\.gradle\caches\modules-2\files-2.1\uk.co.electronstudio.jaylib\jaylib\4.5.0-0\90c0d608df9bbd32f5f34683acc58cb433e94508\jaylib-4.5.0-0.jar
Launcher Type: SUN_STANDARD

[Global flags]
     intx CICompilerCount                          = 12                                        {product} {ergonomic}
     uint ConcGCThreads                            = 3                                         {product} {ergonomic}
     uint G1ConcRefinementThreads                  = 13                                        {product} {ergonomic}
   size_t G1HeapRegionSize                         = 2097152                                   {product} {ergonomic}
    uintx GCDrainStackTargetSize                   = 64                                        {product} {ergonomic}
   size_t InitialHeapSize                          = 264241152                                 {product} {ergonomic}
   size_t MarkStackSize                            = 4194304                                   {product} {ergonomic}
   size_t MaxHeapSize                              = 4200595456                                {product} {ergonomic}
   size_t MaxNewSize                               = 2518679552                                {product} {ergonomic}
   size_t MinHeapDeltaBytes                        = 2097152                                   {product} {ergonomic}
   size_t MinHeapSize                              = 8388608                                   {product} {ergonomic}
    uintx NonNMethodCodeHeapSize                   = 7602480                                {pd product} {ergonomic}
    uintx NonProfiledCodeHeapSize                  = 122027880                              {pd product} {ergonomic}
    uintx ProfiledCodeHeapSize                     = 122027880                              {pd product} {ergonomic}
    uintx ReservedCodeCacheSize                    = 251658240                              {pd product} {ergonomic}
     bool SegmentedCodeCache                       = true                                      {product} {ergonomic}
   size_t SoftMaxHeapSize                          = 4200595456                             {manageable} {ergonomic}
     bool UseCompressedClassPointers               = true                           {product lp64_product} {ergonomic}
     bool UseCompressedOops                        = true                           {product lp64_product} {ergonomic}
     bool UseG1GC                                  = true                                      {product} {ergonomic}
     bool UseLargePagesIndividualAllocation        = false                                  {pd product} {ergonomic}

Logging:
Log output configuration:
 #0: stdout all=warning uptime,level,tags
 #1: stderr all=off uptime,level,tags

Environment Variables:
PATH=C:\Program Files (x86)\Common Files\Intel\Shared Libraries\redist\intel64\compiler;C:\Program Files\Common Files\Oracle\Java\javapath;C:\Program Files\Microsoft\jdk-11.0.12.7-hotspot\bin;C:\windows\system32;C:\windows;C:\windows\System32\Wbem;C:\windows\System32\WindowsPowerShell\v1.0\;C:\windows\System32\OpenSSH\;C:\Program Files (x86)\NVIDIA Corporation\PhysX\Common;C:\Program Files\NVIDIA Corporation\NVIDIA NvDLISR;C:\Program Files\Microsoft SQL Server\150\Tools\Binn\;C:\Program Files\Microsoft SQL Server\Client SDK\ODBC\170\Tools\Binn\;C:\Program Files\dotnet\;C:\WINDOWS\system32;C:\WINDOWS;C:\WINDOWS\System32\Wbem;C:\WINDOWS\System32\WindowsPowerShell\v1.0\;C:\WINDOWS\System32\OpenSSH\;C:\Program Files\CMake\bin;C:\Program Files\Git\cmd;C:\Users\luczu\AppData\Local\Microsoft\WindowsApps;C:\Users\luczu\.dotnet\tools;C:\Users\luczu\AppData\Local\GitHubDesktop\bin;;C:\Users\luczu\AppData\Local\Programs\Microsoft VS Code\bin
USERNAME=luczu
OS=Windows_NT
PROCESSOR_IDENTIFIER=Intel64 Family 6 Model 141 Stepping 1, GenuineIntel
TMP=C:\Users\luczu\AppData\Local\Temp
TEMP=C:\Users\luczu\AppData\Local\Temp



Periodic native trim disabled


---------------  S Y S T E M  ---------------

OS:
 Windows 11 , 64 bit Build 22621 (10.0.22621.3085)
OS uptime: 0 days 0:37 hours
Hyper-V role detected

CPU: total 16 (initial active 16) (8 cores per cpu, 2 threads per core) family 6 model 141 stepping 1 microcode 0x4e, cx8, cmov, fxsr, ht, mmx, 3dnowpref, sse, sse2, sse3, ssse3, sse4.1, sse4.2, popcnt, lzcnt, tsc, tscinvbit, avx, avx2, aes, erms, clmul, bmi1, bmi2, adx, avx512f, avx512dq, avx512cd, avx512bw, avx512vl, sha, fma, vzeroupper, avx512_vpopcntdq, avx512_vpclmulqdq, avx512_vaes, avx512_vnni, clflush, clflushopt, clwb, avx512_vbmi2, avx512_vbmi, hv
Processor Information for all 16 processors :
  Max Mhz: 2304, Current Mhz: 2304, Mhz Limit: 2304

Memory: 4k page, system-wide physical 16021M (3218M free)
TotalPageFile size 33429M (AvailPageFile size 13604M)
current process WorkingSet (physical memory assigned to process): 123M, peak: 199M
current process commit charge ("private bytes"): 504M, peak: 622M

vm_info: OpenJDK 64-Bit Server VM (17.0.10+7-LTS) for windows-amd64 JRE (17.0.10+7-LTS), built on Jan 10 2024 22:11:07 by "Administrator" with MS VC++ 16.10 / 16.11 (VS2019)

END.
