#
# A fatal error has been detected by the Java Runtime Environment:
#
#  EXCEPTION_ACCESS_VIOLATION (0xc0000005) at pc=0x00007fff0c5ff3a6, pid=28628, tid=23236
#
# JRE version: OpenJDK Runtime Environment Corretto-17.0.10.7.1 (17.0.10+7) (build 17.0.10+7-LTS)
# Java VM: OpenJDK 64-Bit Server VM Corretto-17.0.10.7.1 (17.0.10+7-LTS, mixed mode, sharing, tiered, compressed oops, compressed class ptrs, g1 gc, windows-amd64)
# Problematic frame:
# C  [jniRaylib.dll+0xdf3a6]
#
# No core dump will be written. Minidumps are not enabled by default on client versions of Windows
#
# If you would like to submit a bug report, please visit:
#   https://github.com/corretto/corretto-17/issues/
# The crash happened outside the Java Virtual Machine in native code.
# See problematic frame for where to report the bug.
#

---------------  S U M M A R Y ------------

Command Line: -Dfile.encoding=windows-1252 -Duser.country=NL -Duser.language=nl -Duser.variant PineVille.GameScene

Host: 11th Gen Intel(R) Core(TM) i7-11800H @ 2.30GHz, 16 cores, 15G,  Windows 11 , 64 bit Build 22621 (10.0.22621.3235)
Time: Mon Apr 15 13:57:43 2024 West-Europa (zomertijd) elapsed time: 10.346783 seconds (0d 0h 0m 10s)

---------------  T H R E A D  ---------------

Current thread (0x000002056baa9130):  JavaThread "main" [_thread_in_native, id=23236, stack(0x0000005cb0600000,0x0000005cb0700000)]

Stack: [0x0000005cb0600000,0x0000005cb0700000],  sp=0x0000005cb06ff360,  free space=1020k
Native frames: (J=compiled Java code, j=interpreted, Vv=VM code, C=native code)
C  [jniRaylib.dll+0xdf3a6]

Java frames: (J=compiled Java code, j=interpreted, Vv=VM code)
J 894  com.raylib.Raylib.DrawTexturePro(Lcom/raylib/Raylib$Texture;Lcom/raylib/Raylib$Rectangle;Lcom/raylib/Raylib$Rectangle;Lcom/raylib/Raylib$Vector2;FLcom/raylib/Raylib$Color;)V (0 bytes) @ 0x0000020507c28a62 [0x0000020507c289a0+0x00000000000000c2]
j  PineVille.GameScene.main([Ljava/lang/String;)V+620
v  ~StubRoutines::call_stub

siginfo: EXCEPTION_ACCESS_VIOLATION (0xc0000005), writing address 0x000002055767c940


Registers:
RAX=0x000002055767c940, RBX=0x0000005cb06ff500, RCX=0x0000000000000000, RDX=0x0000000000000000
RSP=0x0000005cb06ff360, RBP=0x0000005cb06ff5c0, RSI=0x0000000000000005, RDI=0x0000005cb06ff4f0
R8 =0x0000020557646060, R9 =0x0000000000000000, R10=0x00007ffe7eb8de20, R11=0x000000000000000c
R12=0x0000020557679a10, R13=0x0000000000000000, R14=0x0000020556fd4240, R15=0x00000205555a63f0
RIP=0x00007fff0c5ff3a6, EFLAGS=0x0000000000010246


Register to memory mapping:

RIP=0x00007fff0c5ff3a6 jniRaylib.dll
RAX=0x000002055767c940 is an unknown value
RBX=0x0000005cb06ff500 is pointing into the stack for thread: 0x000002056baa9130
RCX=0x0 is NULL
RDX=0x0 is NULL
RSP=0x0000005cb06ff360 is pointing into the stack for thread: 0x000002056baa9130
RBP=0x0000005cb06ff5c0 is pointing into the stack for thread: 0x000002056baa9130
RSI=0x0000000000000005 is an unknown value
RDI=0x0000005cb06ff4f0 is pointing into the stack for thread: 0x000002056baa9130
R8 =0x0000020557646060 points into unknown readable memory: 0x0000000000002000 | 00 20 00 00 00 00 00 00
R9 =0x0 is NULL
R10=0x00007ffe7eb8de20 jvm.dll
R11=0x000000000000000c is an unknown value
R12=0x0000020557679a10 points into unknown readable memory: 0x0000004000000005 | 05 00 00 00 40 00 00 00
R13=0x0 is NULL
R14=0x0000020556fd4240 points into unknown readable memory: 0x00000000ffffffff | ff ff ff ff 00 00 00 00
R15=0x00000205555a63f0 points into unknown readable memory: 0x0000000000000000 | 00 00 00 00 00 00 00 00


Top of Stack: (sp=0x0000005cb06ff360)
0x0000005cb06ff360:   0000d15ed61124c1 00007fff0000000e
0x0000005cb06ff370:   0000005cb06ff740 0000000000000000
0x0000005cb06ff380:   0000000043d40000 0000000000000000
0x0000005cb06ff390:   0000000000000000 0000000000000000
0x0000005cb06ff3a0:   0000000000000000 0000000000000000
0x0000005cb06ff3b0:   0000005cb06ff500 00007fff0c5c8749
0x0000005cb06ff3c0:   000002050f59ff10 0000005cb06ff410
0x0000005cb06ff3d0:   000002056baa9130 0000005cb06ff420
0x0000005cb06ff3e0:   4200000044c18000 4348000043d40000
0x0000005cb06ff3f0:   000002056baa9130 0000000000000000
0x0000005cb06ff400:   0000000000000000 0000000000000000
0x0000005cb06ff410:   0000000000000000 0000000000000000
0x0000005cb06ff420:   0000000000000000 0000000000000000
0x0000005cb06ff430:   0000000000000000 0000000000000000
0x0000005cb06ff440:   0000000000000000 0000000000000000
0x0000005cb06ff450:   0000000000000000 0000000000000000
0x0000005cb06ff460:   0000000000000000 0000000000000000
0x0000005cb06ff470:   0000000000000000 0000000000000000
0x0000005cb06ff480:   0000000000000000 0000000000000000
0x0000005cb06ff490:   0000000000000000 0000000000000000
0x0000005cb06ff4a0:   0000020555f720c0 0000020555f72020
0x0000005cb06ff4b0:   000002056baa93e8 00007fff0c562213
0x0000005cb06ff4c0:   0000020544898000 0000005cb06ff5c0
0x0000005cb06ff4d0:   000002056baa93e8 00007fff0c538b4b
0x0000005cb06ff4e0:   0000000000000000 00000000ffffffff
0x0000005cb06ff4f0:   4348000044898000 4360000043e00000
0x0000005cb06ff500:   0000000000000000 4200000042800000
0x0000005cb06ff510:   0000004000000005 0000000100000020
0x0000005cb06ff520:   0000000000000007 00000205514cec90
0x0000005cb06ff530:   000002056baa9130 0000000000000000
0x0000005cb06ff540:   000000071507a4e8 0000000715473cf0
0x0000005cb06ff550:   0000020551426560 0000020507c28b02 

Instructions: (pc=0x00007fff0c5ff3a6)
0x00007fff0c5ff2a6:   f3 0f 59 c4 f3 0f 58 f3 f3 0f 58 d0 f3 0f 58 f1
0x00007fff0c5ff2b6:   f3 0f 10 0d da 2f 11 00 f3 41 0f 59 c8 f3 0f 58
0x00007fff0c5ff2c6:   35 c1 2f 11 00 f3 0f 58 f9 f3 0f 10 0d d1 2f 11
0x00007fff0c5ff2d6:   00 f3 41 0f 59 c8 44 0f 28 c2 f3 0f 58 3d b4 2f
0x00007fff0c5ff2e6:   11 00 f3 44 0f 58 c1 f3 44 0f 58 05 b6 2f 11 00
0x00007fff0c5ff2f6:   4c 8b 05 b3 2e 11 00 49 63 48 04 49 8b 40 08 48
0x00007fff0c5ff306:   c1 e1 06 8b 0c 01 8d 0c 8d fc ff ff ff 39 0d bf
0x00007fff0c5ff316:   2e 11 00 7e 6e 49 63 40 18 49 8b 48 10 48 03 c0
0x00007fff0c5ff326:   8b 54 c1 f0 83 fa 01 75 0b 84 54 c1 f4 75 54 8d
0x00007fff0c5ff336:   4a 02 eb 43 83 fa 04 75 20 8b 4c c1 f4 b8 56 55
0x00007fff0c5ff346:   55 55 f7 e9 8b c2 c1 e8 1f 03 d0 8d 04 52 3b c8
0x00007fff0c5ff356:   75 31 b9 04 00 00 00 eb 1e 83 fa 07 75 25 8b 44
0x00007fff0c5ff366:   c1 f4 25 03 00 00 80 7d 07 ff c8 83 c8 fc ff c0
0x00007fff0c5ff376:   85 c0 75 0f 8d 48 05 e8 7e a4 ff ff 4c 8b 05 27
0x00007fff0c5ff386:   2e 11 00 4d 63 48 04 4d 8b 40 08 8b 05 41 2e 11
0x00007fff0c5ff396:   00 49 c1 e1 06 8d 0c 40 4b 8b 44 01 08 48 63 d1
0x00007fff0c5ff3a6:   f3 0f 11 34 90 48 8b 05 fe 2d 11 00 4c 63 48 04
0x00007fff0c5ff3b6:   4c 8b 40 08 8b 05 18 2e 11 00 49 c1 e1 06 8d 0c
0x00007fff0c5ff3c6:   40 4b 8b 44 01 08 48 63 d1 f3 0f 11 7c 90 04 48
0x00007fff0c5ff3d6:   8b 05 d4 2d 11 00 4c 63 48 04 4c 8b 40 08 8b 05
0x00007fff0c5ff3e6:   ee 2d 11 00 49 c1 e1 06 8d 0c 40 4b 8b 44 01 08
0x00007fff0c5ff3f6:   48 63 d1 f3 44 0f 11 44 90 08 48 8b 05 a9 2d 11
0x00007fff0c5ff406:   00 f3 0f 10 05 cd 2d 11 00 4c 63 40 04 48 8b 50
0x00007fff0c5ff416:   08 8b 05 bb 2d 11 00 03 c0 49 c1 e0 06 48 63 c8
0x00007fff0c5ff426:   49 8b 44 10 10 f3 0f 11 04 88 48 8b 05 79 2d 11
0x00007fff0c5ff436:   00 f3 0f 10 05 a1 2d 11 00 4c 63 40 04 48 8b 50
0x00007fff0c5ff446:   08 8b 05 8b 2d 11 00 03 c0 49 c1 e0 06 48 63 c8
0x00007fff0c5ff456:   49 8b 44 10 10 f3 0f 11 44 88 04 48 8b 05 48 2d
0x00007fff0c5ff466:   11 00 4c 63 40 04 48 8b 48 08 8b 05 62 2d 11 00
0x00007fff0c5ff476:   49 c1 e0 06 8d 04 85 00 00 00 00 49 8b 4c 08 18
0x00007fff0c5ff486:   48 63 d0 0f b6 05 60 2d 11 00 88 04 0a 48 8b 05
0x00007fff0c5ff496:   16 2d 11 00 4c 63 40 04 48 8b 48 08 8b 05 30 2d 


Stack slot to memory mapping:
stack at sp + 0 slots: 0x0000d15ed61124c1 is an unknown value
stack at sp + 1 slots: 0x00007fff0000000e is an unknown value
stack at sp + 2 slots: 0x0000005cb06ff740 is pointing into the stack for thread: 0x000002056baa9130
stack at sp + 3 slots: 0x0 is NULL
stack at sp + 4 slots: 0x0000000043d40000 is an unknown value
stack at sp + 5 slots: 0x0 is NULL
stack at sp + 6 slots: 0x0 is NULL
stack at sp + 7 slots: 0x0 is NULL


Compiled method (n/a)   10467  894     n 0       com.raylib.Raylib::DrawTexturePro (native)
 total in heap  [0x0000020507c28810,0x0000020507c28c40] = 1072
 relocation     [0x0000020507c28968,0x0000020507c28998] = 48
 main code      [0x0000020507c289a0,0x0000020507c28c38] = 664
 oops           [0x0000020507c28c38,0x0000020507c28c40] = 8

[Constant Pool (empty)]

[MachCode]
[Entry Point]
  # {method} {0x0000020551426568} 'DrawTexturePro' '(Lcom/raylib/Raylib$Texture;Lcom/raylib/Raylib$Rectangle;Lcom/raylib/Raylib$Rectangle;Lcom/raylib/Raylib$Vector2;FLcom/raylib/Raylib$Color;)V' in 'com/raylib/Raylib'
  # parm0:    rdx:rdx   = 'com/raylib/Raylib$Texture'
  # parm1:    r8:r8     = 'com/raylib/Raylib$Rectangle'
  # parm2:    r9:r9     = 'com/raylib/Raylib$Rectangle'
  # parm3:    rdi:rdi   = 'com/raylib/Raylib$Vector2'
  # parm4:    xmm0      = float
  # parm5:    rsi:rsi   = 'com/raylib/Raylib$Color'
  #           [sp+0x90]  (sp of caller)
  0x0000020507c289a0: 448b 5208 | 49bb 0000 | 0010 0502 | 0000 4d03 | d349 3bc2 | 0f84 0600 

  0x0000020507c289b8: ;   {runtime_call ic_miss_stub}
  0x0000020507c289b8: 0000 e9c1 | 8b87 ff90 
[Verified Entry Point]
  0x0000020507c289c0: 8984 2400 | 90ff ff55 | 488b ec48 | 81ec 8000 | 0000 4889 | 7424 6048 | 83fe 0048 | 8d44 2460 
  0x0000020507c289e0: 480f 4444 | 2460 4889 | 4424 38c5 | fa11 4424 | 3048 897c | 2458 4883 | ff00 488d | 4424 5848 
  0x0000020507c28a00: 0f44 4424 | 5848 8944 | 2428 4c89 | 4c24 5049 | 83f9 0048 | 8d44 2450 | 480f 4444 | 2450 4889 
  0x0000020507c28a20: 4424 204c | 8944 2448 | 4983 f800 | 4c8d 4c24 | 484c 0f44 | 4c24 4848 | 8954 2440 | 4883 fa00 
  0x0000020507c28a40: 4c8d 4424 | 404c 0f44 

  0x0000020507c28a48: ;   {oop(a 'java/lang/Class'{0x0000000713e00090} = 'com/raylib/Raylib')}
  0x0000020507c28a48: 4424 4049 | be90 00e0 | 1307 0000 | 004c 8974 | 2470 4c8d | 7424 7049 | 8bd6 c5f8 

  0x0000020507c28a64: ;   {internal_word}
  0x0000020507c28a64: 7749 ba62 | 8ac2 0705 | 0200 004d | 8997 a002 | 0000 4989 | a798 0200 

  0x0000020507c28a7c: ;   {external_word}
  0x0000020507c28a7c: 0049 ba79 | 35b7 7efe | 7f00 0041 | 803a 000f | 8452 0000 | 0052 4150 

  0x0000020507c28a94: ;   {metadata({method} {0x0000020551426568} 'DrawTexturePro' '(Lcom/raylib/Raylib$Texture;Lcom/raylib/Raylib$Rectangle;Lcom/raylib/Raylib$Rectangle;Lcom/raylib/Raylib$Vector2;FLcom/raylib/Raylib$Color;)V' in 'com/raylib/Raylib')}
  0x0000020507c28a94: 4151 48ba | 6065 4251 | 0502 0000 | 498b cf48 | 83ec 20f7 | c40f 0000 | 000f 841a | 0000 0048 
  0x0000020507c28ab4: ;   {runtime_call}
  0x0000020507c28ab4: 83ec 0849 | ba00 306d | 7efe 7f00 | 0041 ffd2 | 4883 c408 | e90d 0000 

  0x0000020507c28acc: ;   {runtime_call}
  0x0000020507c28acc: 0049 ba00 | 306d 7efe | 7f00 0041 | ffd2 4883 | c420 4159 | 4158 5a49 | 8d8f b802 | 0000 41c7 
  0x0000020507c28aec: 8748 0300 | 0004 0000 

  0x0000020507c28af4: ;   {runtime_call}
  0x0000020507c28af4: 0049 ba10 | 2056 0cff | 7f00 0041 | ffd2 c5f8 | 7741 c787 | 4803 0000 | 0500 0000 | f083 4424 
  0x0000020507c28b14: c000 493b | af50 0300 | 000f 8711 | 0000 0041 | 81bf 3803 | 0000 0000 | 0000 0f84 | 2400 0000 
  0x0000020507c28b34: c5f8 7749 | 8bcf 4c8b | e448 83ec | 2048 83e4 

  0x0000020507c28b44: ;   {runtime_call}
  0x0000020507c28b44: f049 ba90 | 447d 7efe | 7f00 0041 | ffd2 498b | e44d 33e4 | 41c7 8748 | 0300 0008 | 0000 0041 
  0x0000020507c28b64: 81bf b803 | 0000 0200 | 0000 0f84 | 9b00 0000 

  0x0000020507c28b74: ;   {external_word}
  0x0000020507c28b74: 49ba 7935 | b77e fe7f | 0000 4180 | 3a00 0f84 | 4800 0000 

  0x0000020507c28b88: ;   {metadata({method} {0x0000020551426568} 'DrawTexturePro' '(Lcom/raylib/Raylib$Texture;Lcom/raylib/Raylib$Rectangle;Lcom/raylib/Raylib$Rectangle;Lcom/raylib/Raylib$Vector2;FLcom/raylib/Raylib$Color;)V' in 'com/raylib/Raylib')}
  0x0000020507c28b88: 48ba 6065 | 4251 0502 | 0000 498b | cf48 83ec | 20f7 c40f | 0000 000f | 841a 0000 | 0048 83ec 
  0x0000020507c28ba8: ;   {runtime_call}
  0x0000020507c28ba8: 0849 ba00 | 306d 7efe | 7f00 0041 | ffd2 4883 | c408 e90d 

  0x0000020507c28bbc: ;   {runtime_call}
  0x0000020507c28bbc: 0000 0049 | ba00 306d | 7efe 7f00 | 0041 ffd2 | 4883 c420 | 49c7 8798 | 0200 0000 | 0000 0049 
  0x0000020507c28bdc: c787 a002 | 0000 0000 | 0000 c5f8 | 7749 8b8f | d800 0000 | c781 0001 | 0000 0000 | 0000 c949 
  0x0000020507c28bfc: 817f 0800 | 0000 000f | 8501 0000 

  0x0000020507c28c08: ;   {runtime_call StubRoutines (1)}
  0x0000020507c28c08: 00c3 e9f1 | 8282 ffc5 | f877 4c8b | e448 83ec | 2048 83e4 

  0x0000020507c28c1c: ;   {runtime_call}
  0x0000020507c28c1c: f049 ba80 | 606d 7efe | 7f00 0041 | ffd2 498b | e44d 33e4 | e93f ffff | fff4 f4f4 
[/MachCode]


---------------  P R O C E S S  ---------------

Threads class SMR info:
_java_thread_list=0x0000020557506cf0, length=13, elements={
0x000002056baa9130, 0x000002050f424e40, 0x000002050f425a00, 0x000002050f43de70,
0x000002050f43ea30, 0x000002050f443910, 0x000002050f4442d0, 0x000002050f445070,
0x000002050f44db30, 0x000002050f453a40, 0x000002050f5d0040, 0x000002050f5d2980,
0x000002055673bf50
}

Java Threads: ( => current thread )
=>0x000002056baa9130 JavaThread "main" [_thread_in_native, id=23236, stack(0x0000005cb0600000,0x0000005cb0700000)]
  0x000002050f424e40 JavaThread "Reference Handler" daemon [_thread_blocked, id=14088, stack(0x0000005cb0d00000,0x0000005cb0e00000)]
  0x000002050f425a00 JavaThread "Finalizer" daemon [_thread_blocked, id=404, stack(0x0000005cb0e00000,0x0000005cb0f00000)]
  0x000002050f43de70 JavaThread "Signal Dispatcher" daemon [_thread_blocked, id=6992, stack(0x0000005cb0f00000,0x0000005cb1000000)]
  0x000002050f43ea30 JavaThread "Attach Listener" daemon [_thread_blocked, id=27176, stack(0x0000005cb1000000,0x0000005cb1100000)]
  0x000002050f443910 JavaThread "Service Thread" daemon [_thread_blocked, id=31760, stack(0x0000005cb1100000,0x0000005cb1200000)]
  0x000002050f4442d0 JavaThread "Monitor Deflation Thread" daemon [_thread_blocked, id=2272, stack(0x0000005cb1200000,0x0000005cb1300000)]
  0x000002050f445070 JavaThread "C2 CompilerThread0" daemon [_thread_blocked, id=22748, stack(0x0000005cb1300000,0x0000005cb1400000)]
  0x000002050f44db30 JavaThread "C1 CompilerThread0" daemon [_thread_blocked, id=4640, stack(0x0000005cb1400000,0x0000005cb1500000)]
  0x000002050f453a40 JavaThread "Sweeper thread" daemon [_thread_blocked, id=27036, stack(0x0000005cb1500000,0x0000005cb1600000)]
  0x000002050f5d0040 JavaThread "Notification Thread" daemon [_thread_blocked, id=27316, stack(0x0000005cb1800000,0x0000005cb1900000)]
  0x000002050f5d2980 JavaThread "Common-Cleaner" daemon [_thread_blocked, id=5876, stack(0x0000005cb1a00000,0x0000005cb1b00000)]
  0x000002055673bf50 JavaThread "JavaCPP Deallocator" daemon [_thread_blocked, id=22280, stack(0x0000005cb1e00000,0x0000005cb1f00000)]

Other Threads:
  0x000002050f420480 VMThread "VM Thread" [stack: 0x0000005cb0c00000,0x0000005cb0d00000] [id=9656]
  0x000002050f5d0520 WatcherThread [stack: 0x0000005cb1900000,0x0000005cb1a00000] [id=17384]
  0x000002056bb15ab0 GCTaskThread "GC Thread#0" [stack: 0x0000005cb0700000,0x0000005cb0800000] [id=31800]
  0x00000205557caf80 GCTaskThread "GC Thread#1" [stack: 0x0000005cb1f00000,0x0000005cb2000000] [id=15792]
  0x0000020556596720 GCTaskThread "GC Thread#2" [stack: 0x0000005cb2000000,0x0000005cb2100000] [id=2448]
  0x00000205558c6360 GCTaskThread "GC Thread#3" [stack: 0x0000005cb2100000,0x0000005cb2200000] [id=20052]
  0x000002055552ff30 GCTaskThread "GC Thread#4" [stack: 0x0000005cb2200000,0x0000005cb2300000] [id=15700]
  0x00000205563432f0 GCTaskThread "GC Thread#5" [stack: 0x0000005cb2300000,0x0000005cb2400000] [id=19412]
  0x000002056bb26450 ConcurrentGCThread "G1 Main Marker" [stack: 0x0000005cb0800000,0x0000005cb0900000] [id=22232]
  0x000002056bb26e70 ConcurrentGCThread "G1 Conc#0" [stack: 0x0000005cb0900000,0x0000005cb0a00000] [id=1104]
  0x000002050f2d7c80 ConcurrentGCThread "G1 Refine#0" [stack: 0x0000005cb0a00000,0x0000005cb0b00000] [id=28624]
  0x000002050f2d96c0 ConcurrentGCThread "G1 Service" [stack: 0x0000005cb0b00000,0x0000005cb0c00000] [id=4920]

Threads with active compile tasks:

VM state: not at safepoint (normal execution)

VM Mutex/Monitor currently owned by a thread: None

Heap address: 0x0000000705a00000, size: 4006 MB, Compressed Oops mode: Zero based, Oop shift amount: 3

CDS archive(s) mapped at: [0x0000020510000000-0x0000020510bb0000-0x0000020510bb0000), size 12255232, SharedBaseAddress: 0x0000020510000000, ArchiveRelocationMode: 1.
Compressed class space mapped at: 0x0000020511000000-0x0000020551000000, reserved size: 1073741824
Narrow klass base: 0x0000020510000000, Narrow klass shift: 0, Narrow klass range: 0x100000000

GC Precious Log:
 CPUs: 16 total, 16 available
 Memory: 16021M
 Large Page Support: Disabled
 NUMA Support: Disabled
 Compressed Oops: Enabled (Zero based)
 Heap Region Size: 2M
 Heap Min Capacity: 8M
 Heap Initial Capacity: 252M
 Heap Max Capacity: 4006M
 Pre-touch: Disabled
 Parallel Workers: 13
 Concurrent Workers: 3
 Concurrent Refinement Workers: 13
 Periodic GC: Disabled

Heap:
 garbage-first heap   total 258048K, used 5661K [0x0000000705a00000, 0x0000000800000000)
  region size 2048K, 4 young (8192K), 1 survivors (2048K)
 Metaspace       used 2257K, committed 2368K, reserved 1114112K
  class space    used 192K, committed 256K, reserved 1048576K

Heap Regions: E=young(eden), S=young(survivor), O=old, HS=humongous(starts), HC=humongous(continues), CS=collection set, F=free, OA=open archive, CA=closed archive, TAMS=top-at-mark-start (previous, next)
|   0|0x0000000705a00000, 0x0000000705a00000, 0x0000000705c00000|  0%| F|  |TAMS 0x0000000705a00000, 0x0000000705a00000| Untracked 
|   1|0x0000000705c00000, 0x0000000705c00000, 0x0000000705e00000|  0%| F|  |TAMS 0x0000000705c00000, 0x0000000705c00000| Untracked 
|   2|0x0000000705e00000, 0x0000000705e00000, 0x0000000706000000|  0%| F|  |TAMS 0x0000000705e00000, 0x0000000705e00000| Untracked 
|   3|0x0000000706000000, 0x0000000706000000, 0x0000000706200000|  0%| F|  |TAMS 0x0000000706000000, 0x0000000706000000| Untracked 
|   4|0x0000000706200000, 0x0000000706200000, 0x0000000706400000|  0%| F|  |TAMS 0x0000000706200000, 0x0000000706200000| Untracked 
|   5|0x0000000706400000, 0x0000000706400000, 0x0000000706600000|  0%| F|  |TAMS 0x0000000706400000, 0x0000000706400000| Untracked 
|   6|0x0000000706600000, 0x0000000706600000, 0x0000000706800000|  0%| F|  |TAMS 0x0000000706600000, 0x0000000706600000| Untracked 
|   7|0x0000000706800000, 0x0000000706800000, 0x0000000706a00000|  0%| F|  |TAMS 0x0000000706800000, 0x0000000706800000| Untracked 
|   8|0x0000000706a00000, 0x0000000706a00000, 0x0000000706c00000|  0%| F|  |TAMS 0x0000000706a00000, 0x0000000706a00000| Untracked 
|   9|0x0000000706c00000, 0x0000000706c00000, 0x0000000706e00000|  0%| F|  |TAMS 0x0000000706c00000, 0x0000000706c00000| Untracked 
|  10|0x0000000706e00000, 0x0000000706e00000, 0x0000000707000000|  0%| F|  |TAMS 0x0000000706e00000, 0x0000000706e00000| Untracked 
|  11|0x0000000707000000, 0x0000000707000000, 0x0000000707200000|  0%| F|  |TAMS 0x0000000707000000, 0x0000000707000000| Untracked 
|  12|0x0000000707200000, 0x0000000707200000, 0x0000000707400000|  0%| F|  |TAMS 0x0000000707200000, 0x0000000707200000| Untracked 
|  13|0x0000000707400000, 0x0000000707400000, 0x0000000707600000|  0%| F|  |TAMS 0x0000000707400000, 0x0000000707400000| Untracked 
|  14|0x0000000707600000, 0x0000000707600000, 0x0000000707800000|  0%| F|  |TAMS 0x0000000707600000, 0x0000000707600000| Untracked 
|  15|0x0000000707800000, 0x0000000707800000, 0x0000000707a00000|  0%| F|  |TAMS 0x0000000707800000, 0x0000000707800000| Untracked 
|  16|0x0000000707a00000, 0x0000000707a00000, 0x0000000707c00000|  0%| F|  |TAMS 0x0000000707a00000, 0x0000000707a00000| Untracked 
|  17|0x0000000707c00000, 0x0000000707c00000, 0x0000000707e00000|  0%| F|  |TAMS 0x0000000707c00000, 0x0000000707c00000| Untracked 
|  18|0x0000000707e00000, 0x0000000707e00000, 0x0000000708000000|  0%| F|  |TAMS 0x0000000707e00000, 0x0000000707e00000| Untracked 
|  19|0x0000000708000000, 0x0000000708000000, 0x0000000708200000|  0%| F|  |TAMS 0x0000000708000000, 0x0000000708000000| Untracked 
|  20|0x0000000708200000, 0x0000000708200000, 0x0000000708400000|  0%| F|  |TAMS 0x0000000708200000, 0x0000000708200000| Untracked 
|  21|0x0000000708400000, 0x0000000708400000, 0x0000000708600000|  0%| F|  |TAMS 0x0000000708400000, 0x0000000708400000| Untracked 
|  22|0x0000000708600000, 0x0000000708600000, 0x0000000708800000|  0%| F|  |TAMS 0x0000000708600000, 0x0000000708600000| Untracked 
|  23|0x0000000708800000, 0x0000000708800000, 0x0000000708a00000|  0%| F|  |TAMS 0x0000000708800000, 0x0000000708800000| Untracked 
|  24|0x0000000708a00000, 0x0000000708a00000, 0x0000000708c00000|  0%| F|  |TAMS 0x0000000708a00000, 0x0000000708a00000| Untracked 
|  25|0x0000000708c00000, 0x0000000708c00000, 0x0000000708e00000|  0%| F|  |TAMS 0x0000000708c00000, 0x0000000708c00000| Untracked 
|  26|0x0000000708e00000, 0x0000000708e00000, 0x0000000709000000|  0%| F|  |TAMS 0x0000000708e00000, 0x0000000708e00000| Untracked 
|  27|0x0000000709000000, 0x0000000709000000, 0x0000000709200000|  0%| F|  |TAMS 0x0000000709000000, 0x0000000709000000| Untracked 
|  28|0x0000000709200000, 0x0000000709200000, 0x0000000709400000|  0%| F|  |TAMS 0x0000000709200000, 0x0000000709200000| Untracked 
|  29|0x0000000709400000, 0x0000000709400000, 0x0000000709600000|  0%| F|  |TAMS 0x0000000709400000, 0x0000000709400000| Untracked 
|  30|0x0000000709600000, 0x0000000709600000, 0x0000000709800000|  0%| F|  |TAMS 0x0000000709600000, 0x0000000709600000| Untracked 
|  31|0x0000000709800000, 0x0000000709800000, 0x0000000709a00000|  0%| F|  |TAMS 0x0000000709800000, 0x0000000709800000| Untracked 
|  32|0x0000000709a00000, 0x0000000709a00000, 0x0000000709c00000|  0%| F|  |TAMS 0x0000000709a00000, 0x0000000709a00000| Untracked 
|  33|0x0000000709c00000, 0x0000000709c00000, 0x0000000709e00000|  0%| F|  |TAMS 0x0000000709c00000, 0x0000000709c00000| Untracked 
|  34|0x0000000709e00000, 0x0000000709e00000, 0x000000070a000000|  0%| F|  |TAMS 0x0000000709e00000, 0x0000000709e00000| Untracked 
|  35|0x000000070a000000, 0x000000070a000000, 0x000000070a200000|  0%| F|  |TAMS 0x000000070a000000, 0x000000070a000000| Untracked 
|  36|0x000000070a200000, 0x000000070a200000, 0x000000070a400000|  0%| F|  |TAMS 0x000000070a200000, 0x000000070a200000| Untracked 
|  37|0x000000070a400000, 0x000000070a400000, 0x000000070a600000|  0%| F|  |TAMS 0x000000070a400000, 0x000000070a400000| Untracked 
|  38|0x000000070a600000, 0x000000070a600000, 0x000000070a800000|  0%| F|  |TAMS 0x000000070a600000, 0x000000070a600000| Untracked 
|  39|0x000000070a800000, 0x000000070a800000, 0x000000070aa00000|  0%| F|  |TAMS 0x000000070a800000, 0x000000070a800000| Untracked 
|  40|0x000000070aa00000, 0x000000070aa00000, 0x000000070ac00000|  0%| F|  |TAMS 0x000000070aa00000, 0x000000070aa00000| Untracked 
|  41|0x000000070ac00000, 0x000000070ac00000, 0x000000070ae00000|  0%| F|  |TAMS 0x000000070ac00000, 0x000000070ac00000| Untracked 
|  42|0x000000070ae00000, 0x000000070ae00000, 0x000000070b000000|  0%| F|  |TAMS 0x000000070ae00000, 0x000000070ae00000| Untracked 
|  43|0x000000070b000000, 0x000000070b000000, 0x000000070b200000|  0%| F|  |TAMS 0x000000070b000000, 0x000000070b000000| Untracked 
|  44|0x000000070b200000, 0x000000070b200000, 0x000000070b400000|  0%| F|  |TAMS 0x000000070b200000, 0x000000070b200000| Untracked 
|  45|0x000000070b400000, 0x000000070b400000, 0x000000070b600000|  0%| F|  |TAMS 0x000000070b400000, 0x000000070b400000| Untracked 
|  46|0x000000070b600000, 0x000000070b600000, 0x000000070b800000|  0%| F|  |TAMS 0x000000070b600000, 0x000000070b600000| Untracked 
|  47|0x000000070b800000, 0x000000070b800000, 0x000000070ba00000|  0%| F|  |TAMS 0x000000070b800000, 0x000000070b800000| Untracked 
|  48|0x000000070ba00000, 0x000000070ba00000, 0x000000070bc00000|  0%| F|  |TAMS 0x000000070ba00000, 0x000000070ba00000| Untracked 
|  49|0x000000070bc00000, 0x000000070bc00000, 0x000000070be00000|  0%| F|  |TAMS 0x000000070bc00000, 0x000000070bc00000| Untracked 
|  50|0x000000070be00000, 0x000000070be00000, 0x000000070c000000|  0%| F|  |TAMS 0x000000070be00000, 0x000000070be00000| Untracked 
|  51|0x000000070c000000, 0x000000070c000000, 0x000000070c200000|  0%| F|  |TAMS 0x000000070c000000, 0x000000070c000000| Untracked 
|  52|0x000000070c200000, 0x000000070c200000, 0x000000070c400000|  0%| F|  |TAMS 0x000000070c200000, 0x000000070c200000| Untracked 
|  53|0x000000070c400000, 0x000000070c400000, 0x000000070c600000|  0%| F|  |TAMS 0x000000070c400000, 0x000000070c400000| Untracked 
|  54|0x000000070c600000, 0x000000070c600000, 0x000000070c800000|  0%| F|  |TAMS 0x000000070c600000, 0x000000070c600000| Untracked 
|  55|0x000000070c800000, 0x000000070c800000, 0x000000070ca00000|  0%| F|  |TAMS 0x000000070c800000, 0x000000070c800000| Untracked 
|  56|0x000000070ca00000, 0x000000070ca00000, 0x000000070cc00000|  0%| F|  |TAMS 0x000000070ca00000, 0x000000070ca00000| Untracked 
|  57|0x000000070cc00000, 0x000000070cc00000, 0x000000070ce00000|  0%| F|  |TAMS 0x000000070cc00000, 0x000000070cc00000| Untracked 
|  58|0x000000070ce00000, 0x000000070ce00000, 0x000000070d000000|  0%| F|  |TAMS 0x000000070ce00000, 0x000000070ce00000| Untracked 
|  59|0x000000070d000000, 0x000000070d000000, 0x000000070d200000|  0%| F|  |TAMS 0x000000070d000000, 0x000000070d000000| Untracked 
|  60|0x000000070d200000, 0x000000070d200000, 0x000000070d400000|  0%| F|  |TAMS 0x000000070d200000, 0x000000070d200000| Untracked 
|  61|0x000000070d400000, 0x000000070d400000, 0x000000070d600000|  0%| F|  |TAMS 0x000000070d400000, 0x000000070d400000| Untracked 
|  62|0x000000070d600000, 0x000000070d600000, 0x000000070d800000|  0%| F|  |TAMS 0x000000070d600000, 0x000000070d600000| Untracked 
|  63|0x000000070d800000, 0x000000070d800000, 0x000000070da00000|  0%| F|  |TAMS 0x000000070d800000, 0x000000070d800000| Untracked 
|  64|0x000000070da00000, 0x000000070da00000, 0x000000070dc00000|  0%| F|  |TAMS 0x000000070da00000, 0x000000070da00000| Untracked 
|  65|0x000000070dc00000, 0x000000070dc00000, 0x000000070de00000|  0%| F|  |TAMS 0x000000070dc00000, 0x000000070dc00000| Untracked 
|  66|0x000000070de00000, 0x000000070de00000, 0x000000070e000000|  0%| F|  |TAMS 0x000000070de00000, 0x000000070de00000| Untracked 
|  67|0x000000070e000000, 0x000000070e000000, 0x000000070e200000|  0%| F|  |TAMS 0x000000070e000000, 0x000000070e000000| Untracked 
|  68|0x000000070e200000, 0x000000070e200000, 0x000000070e400000|  0%| F|  |TAMS 0x000000070e200000, 0x000000070e200000| Untracked 
|  69|0x000000070e400000, 0x000000070e400000, 0x000000070e600000|  0%| F|  |TAMS 0x000000070e400000, 0x000000070e400000| Untracked 
|  70|0x000000070e600000, 0x000000070e600000, 0x000000070e800000|  0%| F|  |TAMS 0x000000070e600000, 0x000000070e600000| Untracked 
|  71|0x000000070e800000, 0x000000070e800000, 0x000000070ea00000|  0%| F|  |TAMS 0x000000070e800000, 0x000000070e800000| Untracked 
|  72|0x000000070ea00000, 0x000000070ea00000, 0x000000070ec00000|  0%| F|  |TAMS 0x000000070ea00000, 0x000000070ea00000| Untracked 
|  73|0x000000070ec00000, 0x000000070ec00000, 0x000000070ee00000|  0%| F|  |TAMS 0x000000070ec00000, 0x000000070ec00000| Untracked 
|  74|0x000000070ee00000, 0x000000070ee00000, 0x000000070f000000|  0%| F|  |TAMS 0x000000070ee00000, 0x000000070ee00000| Untracked 
|  75|0x000000070f000000, 0x000000070f000000, 0x000000070f200000|  0%| F|  |TAMS 0x000000070f000000, 0x000000070f000000| Untracked 
|  76|0x000000070f200000, 0x000000070f200000, 0x000000070f400000|  0%| F|  |TAMS 0x000000070f200000, 0x000000070f200000| Untracked 
|  77|0x000000070f400000, 0x000000070f400000, 0x000000070f600000|  0%| F|  |TAMS 0x000000070f400000, 0x000000070f400000| Untracked 
|  78|0x000000070f600000, 0x000000070f600000, 0x000000070f800000|  0%| F|  |TAMS 0x000000070f600000, 0x000000070f600000| Untracked 
|  79|0x000000070f800000, 0x000000070f800000, 0x000000070fa00000|  0%| F|  |TAMS 0x000000070f800000, 0x000000070f800000| Untracked 
|  80|0x000000070fa00000, 0x000000070fa00000, 0x000000070fc00000|  0%| F|  |TAMS 0x000000070fa00000, 0x000000070fa00000| Untracked 
|  81|0x000000070fc00000, 0x000000070fc00000, 0x000000070fe00000|  0%| F|  |TAMS 0x000000070fc00000, 0x000000070fc00000| Untracked 
|  82|0x000000070fe00000, 0x000000070fe00000, 0x0000000710000000|  0%| F|  |TAMS 0x000000070fe00000, 0x000000070fe00000| Untracked 
|  83|0x0000000710000000, 0x0000000710000000, 0x0000000710200000|  0%| F|  |TAMS 0x0000000710000000, 0x0000000710000000| Untracked 
|  84|0x0000000710200000, 0x0000000710200000, 0x0000000710400000|  0%| F|  |TAMS 0x0000000710200000, 0x0000000710200000| Untracked 
|  85|0x0000000710400000, 0x0000000710400000, 0x0000000710600000|  0%| F|  |TAMS 0x0000000710400000, 0x0000000710400000| Untracked 
|  86|0x0000000710600000, 0x0000000710600000, 0x0000000710800000|  0%| F|  |TAMS 0x0000000710600000, 0x0000000710600000| Untracked 
|  87|0x0000000710800000, 0x0000000710800000, 0x0000000710a00000|  0%| F|  |TAMS 0x0000000710800000, 0x0000000710800000| Untracked 
|  88|0x0000000710a00000, 0x0000000710a00000, 0x0000000710c00000|  0%| F|  |TAMS 0x0000000710a00000, 0x0000000710a00000| Untracked 
|  89|0x0000000710c00000, 0x0000000710c00000, 0x0000000710e00000|  0%| F|  |TAMS 0x0000000710c00000, 0x0000000710c00000| Untracked 
|  90|0x0000000710e00000, 0x0000000710e00000, 0x0000000711000000|  0%| F|  |TAMS 0x0000000710e00000, 0x0000000710e00000| Untracked 
|  91|0x0000000711000000, 0x0000000711000000, 0x0000000711200000|  0%| F|  |TAMS 0x0000000711000000, 0x0000000711000000| Untracked 
|  92|0x0000000711200000, 0x0000000711200000, 0x0000000711400000|  0%| F|  |TAMS 0x0000000711200000, 0x0000000711200000| Untracked 
|  93|0x0000000711400000, 0x0000000711400000, 0x0000000711600000|  0%| F|  |TAMS 0x0000000711400000, 0x0000000711400000| Untracked 
|  94|0x0000000711600000, 0x0000000711600000, 0x0000000711800000|  0%| F|  |TAMS 0x0000000711600000, 0x0000000711600000| Untracked 
|  95|0x0000000711800000, 0x0000000711800000, 0x0000000711a00000|  0%| F|  |TAMS 0x0000000711800000, 0x0000000711800000| Untracked 
|  96|0x0000000711a00000, 0x0000000711a00000, 0x0000000711c00000|  0%| F|  |TAMS 0x0000000711a00000, 0x0000000711a00000| Untracked 
|  97|0x0000000711c00000, 0x0000000711c00000, 0x0000000711e00000|  0%| F|  |TAMS 0x0000000711c00000, 0x0000000711c00000| Untracked 
|  98|0x0000000711e00000, 0x0000000711e00000, 0x0000000712000000|  0%| F|  |TAMS 0x0000000711e00000, 0x0000000711e00000| Untracked 
|  99|0x0000000712000000, 0x0000000712000000, 0x0000000712200000|  0%| F|  |TAMS 0x0000000712000000, 0x0000000712000000| Untracked 
| 100|0x0000000712200000, 0x0000000712200000, 0x0000000712400000|  0%| F|  |TAMS 0x0000000712200000, 0x0000000712200000| Untracked 
| 101|0x0000000712400000, 0x0000000712400000, 0x0000000712600000|  0%| F|  |TAMS 0x0000000712400000, 0x0000000712400000| Untracked 
| 102|0x0000000712600000, 0x0000000712600000, 0x0000000712800000|  0%| F|  |TAMS 0x0000000712600000, 0x0000000712600000| Untracked 
| 103|0x0000000712800000, 0x0000000712800000, 0x0000000712a00000|  0%| F|  |TAMS 0x0000000712800000, 0x0000000712800000| Untracked 
| 104|0x0000000712a00000, 0x0000000712a00000, 0x0000000712c00000|  0%| F|  |TAMS 0x0000000712a00000, 0x0000000712a00000| Untracked 
| 105|0x0000000712c00000, 0x0000000712c00000, 0x0000000712e00000|  0%| F|  |TAMS 0x0000000712c00000, 0x0000000712c00000| Untracked 
| 106|0x0000000712e00000, 0x0000000712e00000, 0x0000000713000000|  0%| F|  |TAMS 0x0000000712e00000, 0x0000000712e00000| Untracked 
| 107|0x0000000713000000, 0x0000000713000000, 0x0000000713200000|  0%| F|  |TAMS 0x0000000713000000, 0x0000000713000000| Untracked 
| 108|0x0000000713200000, 0x0000000713200000, 0x0000000713400000|  0%| F|  |TAMS 0x0000000713200000, 0x0000000713200000| Untracked 
| 109|0x0000000713400000, 0x0000000713400000, 0x0000000713600000|  0%| F|  |TAMS 0x0000000713400000, 0x0000000713400000| Untracked 
| 110|0x0000000713600000, 0x0000000713600000, 0x0000000713800000|  0%| F|  |TAMS 0x0000000713600000, 0x0000000713600000| Untracked 
| 111|0x0000000713800000, 0x0000000713800000, 0x0000000713a00000|  0%| F|  |TAMS 0x0000000713800000, 0x0000000713800000| Untracked 
| 112|0x0000000713a00000, 0x0000000713a00000, 0x0000000713c00000|  0%| F|  |TAMS 0x0000000713a00000, 0x0000000713a00000| Untracked 
| 113|0x0000000713c00000, 0x0000000713c00000, 0x0000000713e00000|  0%| F|  |TAMS 0x0000000713c00000, 0x0000000713c00000| Untracked 
| 114|0x0000000713e00000, 0x0000000713f87510, 0x0000000714000000| 76%| S|CS|TAMS 0x0000000713e00000, 0x0000000713e00000| Complete 
| 115|0x0000000714000000, 0x0000000714000000, 0x0000000714200000|  0%| F|  |TAMS 0x0000000714000000, 0x0000000714000000| Untracked 
| 116|0x0000000714200000, 0x0000000714200000, 0x0000000714400000|  0%| F|  |TAMS 0x0000000714200000, 0x0000000714200000| Untracked 
| 117|0x0000000714400000, 0x0000000714400000, 0x0000000714600000|  0%| F|  |TAMS 0x0000000714400000, 0x0000000714400000| Untracked 
| 118|0x0000000714600000, 0x0000000714600000, 0x0000000714800000|  0%| F|  |TAMS 0x0000000714600000, 0x0000000714600000| Untracked 
| 119|0x0000000714800000, 0x0000000714800000, 0x0000000714a00000|  0%| F|  |TAMS 0x0000000714800000, 0x0000000714800000| Untracked 
| 120|0x0000000714a00000, 0x0000000714a00000, 0x0000000714c00000|  0%| F|  |TAMS 0x0000000714a00000, 0x0000000714a00000| Untracked 
| 121|0x0000000714c00000, 0x0000000714c00000, 0x0000000714e00000|  0%| F|  |TAMS 0x0000000714c00000, 0x0000000714c00000| Untracked 
| 122|0x0000000714e00000, 0x0000000714e00000, 0x0000000715000000|  0%| F|  |TAMS 0x0000000714e00000, 0x0000000714e00000| Untracked 
| 123|0x0000000715000000, 0x00000007150c5dc8, 0x0000000715200000| 38%| E|  |TAMS 0x0000000715000000, 0x0000000715000000| Complete 
| 124|0x0000000715200000, 0x0000000715400000, 0x0000000715400000|100%| E|CS|TAMS 0x0000000715200000, 0x0000000715200000| Complete 
| 125|0x0000000715400000, 0x0000000715600000, 0x0000000715600000|100%| E|CS|TAMS 0x0000000715400000, 0x0000000715400000| Complete 

Card table byte_map: [0x0000020574620000,0x0000020574e00000] _byte_map_base: 0x0000020570df3000

Marking Bits (Prev, Next): (CMBitMap*) 0x000002056bb160d0, (CMBitMap*) 0x000002056bb16110
 Prev Bits: [0x00000205755e0000, 0x0000020579478000)
 Next Bits: [0x0000020579480000, 0x000002057d318000)

Polling page: 0x0000020569a20000

Metaspace:

Usage:
  Non-class:      2.02 MB used.
      Class:    192.16 KB used.
       Both:      2.21 MB used.

Virtual space:
  Non-class space:       64.00 MB reserved,       2.06 MB (  3%) committed,  1 nodes.
      Class space:        1.00 GB reserved,     256.00 KB ( <1%) committed,  1 nodes.
             Both:        1.06 GB reserved,       2.31 MB ( <1%) committed. 

Chunk freelists:
   Non-Class:  11.19 MB
       Class:  15.63 MB
        Both:  26.82 MB

MaxMetaspaceSize: unlimited
CompressedClassSpaceSize: 1.00 GB
Initial GC threshold: 21.00 MB
Current GC threshold: 21.00 MB
CDS: on
MetaspaceReclaimPolicy: balanced
 - commit_granule_bytes: 65536.
 - commit_granule_words: 8192.
 - virtual_space_node_default_size: 8388608.
 - enlarge_chunks_in_place: 1.
 - new_chunks_are_fully_committed: 0.
 - uncommit_free_chunks: 1.
 - use_allocation_guard: 0.
 - handle_deallocations: 1.


Internal statistics:

num_allocs_failed_limit: 0.
num_arena_births: 64.
num_arena_deaths: 0.
num_vsnodes_births: 2.
num_vsnodes_deaths: 0.
num_space_committed: 37.
num_space_uncommitted: 0.
num_chunks_returned_to_freelist: 0.
num_chunks_taken_from_freelist: 107.
num_chunk_merges: 0.
num_chunk_splits: 77.
num_chunks_enlarged: 54.
num_inconsistent_stats: 0.

CodeHeap 'non-profiled nmethods': size=119168Kb used=587Kb max_used=587Kb free=118580Kb
 bounds [0x0000020507ba0000, 0x0000020507e10000, 0x000002050f000000]
CodeHeap 'profiled nmethods': size=119104Kb used=1534Kb max_used=1534Kb free=117569Kb
 bounds [0x0000020500000000, 0x0000020500270000, 0x0000020507450000]
CodeHeap 'non-nmethods': size=7488Kb used=1167Kb max_used=2906Kb free=6321Kb
 bounds [0x0000020507450000, 0x0000020507740000, 0x0000020507ba0000]
 total_blobs=1388 nmethods=941 adapters=360
 compilation: enabled
              stopped_count=0, restarted_count=0
 full_count=0

Compilation events (20 events):
Event: 4.825 Thread 0x000002050f445070  932       4       java.lang.ThreadLocal::get (38 bytes)
Event: 4.826 Thread 0x000002050f445070 nmethod 932 0x0000020507c2cf10 code [0x0000020507c2d0a0, 0x0000020507c2d218]
Event: 4.827 Thread 0x000002050f445070  933       4       java.lang.ThreadLocal$ThreadLocalMap::getEntry (42 bytes)
Event: 4.828 Thread 0x000002050f445070 nmethod 933 0x0000020507c2d410 code [0x0000020507c2d5a0, 0x0000020507c2d6c8]
Event: 5.058 Thread 0x000002050f445070  934       4       java.lang.Object::equals (11 bytes)
Event: 5.058 Thread 0x000002050f445070 nmethod 934 0x0000020507c2d810 code [0x0000020507c2d980, 0x0000020507c2da18]
Event: 5.125 Thread 0x000002050f445070  935       4       java.util.ArrayDeque$DeqIterator::<init> (34 bytes)
Event: 5.130 Thread 0x000002050f445070 nmethod 935 0x0000020507c2db10 code [0x0000020507c2dc80, 0x0000020507c2de58]
Event: 5.158 Thread 0x000002050f445070  936       4       org.bytedeco.javacpp.Loader::offsetof (59 bytes)
Event: 5.180 Thread 0x000002050f445070 nmethod 936 0x0000020507c2df90 code [0x0000020507c2e1c0, 0x0000020507c2f220]
Event: 5.180 Thread 0x000002050f445070  937       4       org.bytedeco.javacpp.Pointer::init (52 bytes)
Event: 5.185 Thread 0x000002050f445070 nmethod 937 0x0000020507c2fe10 code [0x0000020507c2ffe0, 0x0000020507c30658]
Event: 5.192 Thread 0x000002050f445070  938       4       org.bytedeco.javacpp.Pointer::<init> (86 bytes)
Event: 5.193 Thread 0x000002050f445070 nmethod 938 0x0000020507c30990 code [0x0000020507c30b00, 0x0000020507c30bf8]
Event: 5.225 Thread 0x000002050f445070  939   !   4       org.bytedeco.javacpp.Pointer$DeallocatorReference::add (82 bytes)
Event: 5.230 Thread 0x000002050f445070 nmethod 939 0x0000020507c30c90 code [0x0000020507c30e20, 0x0000020507c31398]
Event: 5.791 Thread 0x000002050f445070  940   !   4       org.bytedeco.javacpp.Pointer::deallocator (568 bytes)
Event: 5.803 Thread 0x000002050f445070 nmethod 940 0x0000020507c31490 code [0x0000020507c316e0, 0x0000020507c32420]
Event: 5.892 Thread 0x000002050f44db30  941       1       java.lang.Boolean::booleanValue (5 bytes)
Event: 5.892 Thread 0x000002050f44db30 nmethod 941 0x0000020507c32b90 code [0x0000020507c32d20, 0x0000020507c32df8]

GC Heap History (2 events):
Event: 0.722 GC heap before
{Heap before GC invocations=0 (full 0):
 garbage-first heap   total 258048K, used 22528K [0x0000000705a00000, 0x0000000800000000)
  region size 2048K, 11 young (22528K), 0 survivors (0K)
 Metaspace       used 1826K, committed 1984K, reserved 1114112K
  class space    used 143K, committed 192K, reserved 1048576K
}
Event: 0.725 GC heap after
{Heap after GC invocations=1 (full 0):
 garbage-first heap   total 258048K, used 1565K [0x0000000705a00000, 0x0000000800000000)
  region size 2048K, 1 young (2048K), 1 survivors (2048K)
 Metaspace       used 1826K, committed 1984K, reserved 1114112K
  class space    used 143K, committed 192K, reserved 1048576K
}

Dll operation events (20 events):
Event: 0.472 Loaded shared library C:\Program Files (x86)\Windows Kits\10\Redist\ucrt\DLLs\x64\api-ms-win-core-rtlsupport-l1-1-0.dll
Event: 0.482 Loaded shared library C:\Program Files (x86)\Windows Kits\10\Redist\ucrt\DLLs\x64\api-ms-win-core-processthreads-l1-1-1.dll
Event: 0.491 Loaded shared library C:\Program Files (x86)\Windows Kits\10\Redist\ucrt\DLLs\x64\api-ms-win-core-file-l1-2-0.dll
Event: 0.502 Loaded shared library C:\Program Files (x86)\Windows Kits\10\Redist\ucrt\DLLs\x64\api-ms-win-core-profile-l1-1-0.dll
Event: 0.514 Loaded shared library C:\Program Files (x86)\Windows Kits\10\Redist\ucrt\DLLs\x64\api-ms-win-core-memory-l1-1-0.dll
Event: 0.525 Loaded shared library C:\Program Files (x86)\Windows Kits\10\Redist\ucrt\DLLs\x64\api-ms-win-core-util-l1-1-0.dll
Event: 0.542 Loaded shared library C:\Program Files (x86)\Windows Kits\10\Redist\ucrt\DLLs\x64\api-ms-win-core-interlocked-l1-1-0.dll
Event: 0.554 Loaded shared library C:\Program Files (x86)\Windows Kits\10\Redist\ucrt\DLLs\x64\ucrtbase.dll
Event: 0.569 Loaded shared library C:\Users\luczu\.jdks\corretto-17.0.10\bin\vcruntime140.dll
Event: 0.581 Loaded shared library C:\Users\luczu\.jdks\corretto-17.0.10\bin\vcruntime140_1.dll
Event: 0.595 Loaded shared library C:\Users\luczu\.jdks\corretto-17.0.10\bin\msvcp140.dll
Event: 0.610 Loaded shared library C:\Windows\System32\msvcp140_1.dll
Event: 0.620 Loaded shared library C:\Windows\System32\concrt140.dll
Event: 0.633 Loaded shared library C:\Windows\System32\vcomp140.dll
Event: 0.649 Loaded shared library C:\Windows\System32\winmm.dll
Event: 0.654 Loaded shared library C:\Windows\System32\opengl32.dll
Event: 0.655 Loaded shared library C:\Windows\System32\user32.dll
Event: 0.657 Loaded shared library C:\Windows\System32\shell32.dll
Event: 0.658 Loaded shared library C:\Windows\System32\gdi32.dll
Event: 0.689 Loaded shared library C:\Users\luczu\.javacpp\cache\jaylib-4.5.0-0.jar\com\raylib\windows-x86_64\jniRaylib.dll

Deoptimization events (20 events):
Event: 0.650 Thread 0x000002056baa9130 DEOPT PACKING pc=0x0000020507bc48a4 sp=0x0000005cb06fe120
Event: 0.650 Thread 0x000002056baa9130 DEOPT UNPACKING pc=0x00000205074aa1a3 sp=0x0000005cb06fe0a8 mode 2
Event: 0.650 Thread 0x000002056baa9130 Uncommon trap: trap_request=0xffffff45 fr.pc=0x0000020507be8424 relative=0x0000000000003d44
Event: 0.650 Thread 0x000002056baa9130 Uncommon trap: reason=unstable_if action=reinterpret pc=0x0000020507be8424 method=sun.net.www.ParseUtil.firstEncodeIndex(Ljava/lang/String;)I @ 51 c2
Event: 0.650 Thread 0x000002056baa9130 DEOPT PACKING pc=0x0000020507be8424 sp=0x0000005cb06fe450
Event: 0.650 Thread 0x000002056baa9130 DEOPT UNPACKING pc=0x00000205074aa1a3 sp=0x0000005cb06fe170 mode 2
Event: 0.650 Thread 0x000002056baa9130 Uncommon trap: trap_request=0xffffff45 fr.pc=0x0000020507bf1eb0 relative=0x0000000000003f50
Event: 0.650 Thread 0x000002056baa9130 Uncommon trap: reason=unstable_if action=reinterpret pc=0x0000020507bf1eb0 method=sun.net.www.ParseUtil.firstEncodeIndex(Ljava/lang/String;)I @ 51 c2
Event: 0.650 Thread 0x000002056baa9130 DEOPT PACKING pc=0x0000020507bf1eb0 sp=0x0000005cb06fe420
Event: 0.650 Thread 0x000002056baa9130 DEOPT UNPACKING pc=0x00000205074aa1a3 sp=0x0000005cb06fe1a8 mode 2
Event: 0.662 Thread 0x000002056baa9130 Uncommon trap: trap_request=0xffffff45 fr.pc=0x0000020507bdd744 relative=0x0000000000001324
Event: 0.662 Thread 0x000002056baa9130 Uncommon trap: reason=unstable_if action=reinterpret pc=0x0000020507bdd744 method=java.net.URL.<init>(Ljava/net/URL;Ljava/lang/String;Ljava/net/URLStreamHandler;)V @ 273 c2
Event: 0.662 Thread 0x000002056baa9130 DEOPT PACKING pc=0x0000020507bdd744 sp=0x0000005cb06fe060
Event: 0.662 Thread 0x000002056baa9130 DEOPT UNPACKING pc=0x00000205074aa1a3 sp=0x0000005cb06fdff0 mode 2
Event: 0.725 Thread 0x000002056baa9130 Uncommon trap: trap_request=0xffffff45 fr.pc=0x0000020507bd5ee0 relative=0x00000000000000e0
Event: 0.725 Thread 0x000002056baa9130 Uncommon trap: reason=unstable_if action=reinterpret pc=0x0000020507bd5ee0 method=java.lang.ref.SoftReference.get()Ljava/lang/Object; @ 17 c2
Event: 0.725 Thread 0x000002056baa9130 DEOPT PACKING pc=0x0000020507bd5ee0 sp=0x0000005cb06fcc70
Event: 0.725 Thread 0x000002056baa9130 DEOPT UNPACKING pc=0x00000205074aa1a3 sp=0x0000005cb06fcc28 mode 2
Event: 0.727 Thread 0x000002056baa9130 DEOPT PACKING pc=0x00000205000ee8c8 sp=0x0000005cb06fcb90
Event: 0.727 Thread 0x000002056baa9130 DEOPT UNPACKING pc=0x00000205074aace3 sp=0x0000005cb06fc0a8 mode 0

Classes unloaded (0 events):
No events

Classes redefined (0 events):
No events

Internal exceptions (7 events):
Event: 0.119 Thread 0x000002056baa9130 Exception <a 'java/lang/NoSuchMethodError'{0x00000007152824e0}: 'int java.lang.invoke.DirectMethodHandle$Holder.invokeStaticInit(java.lang.Object, java.lang.Object, java.lang.Object, java.lang.Object)'> (0x00000007152824e0) 
thrown [s\src\hotspot\share\interpreter\linkResolver.cpp, line 759]
Event: 0.122 Thread 0x000002056baa9130 Exception <a 'java/lang/NoSuchMethodError'{0x000000071528d1f0}: 'java.lang.Object java.lang.invoke.DirectMethodHandle$Holder.invokeInterface(java.lang.Object, java.lang.Object)'> (0x000000071528d1f0) 
thrown [s\src\hotspot\share\interpreter\linkResolver.cpp, line 759]
Event: 0.123 Thread 0x000002056baa9130 Exception <a 'java/lang/IncompatibleClassChangeError'{0x0000000715290908}: Found class java.lang.Object, but interface was expected> (0x0000000715290908) 
thrown [s\src\hotspot\share\interpreter\linkResolver.cpp, line 826]
Event: 0.124 Thread 0x000002056baa9130 Exception <a 'java/lang/NoSuchMethodError'{0x0000000715293ab0}: 'void java.lang.invoke.DirectMethodHandle$Holder.invokeStatic(java.lang.Object, java.lang.Object)'> (0x0000000715293ab0) 
thrown [s\src\hotspot\share\interpreter\linkResolver.cpp, line 759]
Event: 0.125 Thread 0x000002056baa9130 Exception <a 'java/lang/NoSuchMethodError'{0x0000000715297120}: 'void java.lang.invoke.DirectMethodHandle$Holder.invokeStaticInit(java.lang.Object, java.lang.Object)'> (0x0000000715297120) 
thrown [s\src\hotspot\share\interpreter\linkResolver.cpp, line 759]
Event: 0.126 Thread 0x000002056baa9130 Exception <a 'java/lang/NoSuchMethodError'{0x000000071529d868}: 'int java.lang.invoke.DirectMethodHandle$Holder.invokeStaticInit(java.lang.Object, java.lang.Object)'> (0x000000071529d868) 
thrown [s\src\hotspot\share\interpreter\linkResolver.cpp, line 759]
Event: 0.683 Thread 0x000002056baa9130 Exception <a 'java/lang/NoSuchMethodError'{0x00000007140f2de0}: 'java.lang.Object java.lang.invoke.DirectMethodHandle$Holder.invokeStatic(java.lang.Object, int, java.lang.Object)'> (0x00000007140f2de0) 
thrown [s\src\hotspot\share\interpreter\linkResolver.cpp, line 759]

VM Operations (16 events):
Event: 0.090 Executing VM operation: HandshakeAllThreads
Event: 0.090 Executing VM operation: HandshakeAllThreads done
Event: 0.164 Executing VM operation: HandshakeAllThreads
Event: 0.164 Executing VM operation: HandshakeAllThreads done
Event: 0.722 Executing VM operation: G1CollectForAllocation
Event: 0.725 Executing VM operation: G1CollectForAllocation done
Event: 1.740 Executing VM operation: Cleanup
Event: 1.740 Executing VM operation: Cleanup done
Event: 2.755 Executing VM operation: Cleanup
Event: 2.755 Executing VM operation: Cleanup done
Event: 3.756 Executing VM operation: Cleanup
Event: 3.756 Executing VM operation: Cleanup done
Event: 4.756 Executing VM operation: Cleanup
Event: 4.756 Executing VM operation: Cleanup done
Event: 5.756 Executing VM operation: Cleanup
Event: 5.756 Executing VM operation: Cleanup done

Events (20 events):
Event: 0.679 loading class java/time/zone/ZoneOffsetTransitionRule$TimeDefinition
Event: 0.679 loading class java/time/zone/ZoneOffsetTransitionRule$TimeDefinition done
Event: 0.680 loading class java/time/zone/ZoneOffsetTransition
Event: 0.680 loading class java/time/zone/ZoneOffsetTransition done
Event: 0.682 loading class java/time/temporal/TemporalAdjusters
Event: 0.682 loading class java/time/temporal/TemporalAdjusters done
Event: 0.686 loading class java/time/zone/ZoneOffsetTransitionRule$1
Event: 0.686 loading class java/time/zone/ZoneOffsetTransitionRule$1 done
Event: 0.687 loading class java/util/concurrent/TimeUnit$1
Event: 0.687 loading class java/util/concurrent/TimeUnit$1 done
Event: 0.703 loading class java/lang/NumberFormatException
Event: 0.703 loading class java/lang/NumberFormatException done
Event: 0.704 Thread 0x000002055673bf50 Thread added: 0x000002055673bf50
Event: 1.846 Thread 0x000002055510f950 Thread exited: 0x000002055510f950
Event: 1.907 loading class jdk/internal/math/FDBigInteger
Event: 1.907 loading class jdk/internal/math/FDBigInteger done
Event: 2.059 Thread 0x000002055510f430 Thread exited: 0x000002055510f430
Event: 3.193 Thread 0x0000020556e349e0 Thread exited: 0x0000020556e349e0
Event: 3.425 Thread 0x000002050f5c1840 Thread exited: 0x000002050f5c1840
Event: 4.025 Thread 0x000002050f40ccb0 Thread exited: 0x000002050f40ccb0


Dynamic libraries:
0x00007ff669960000 - 0x00007ff66996e000 	C:\Users\luczu\.jdks\corretto-17.0.10\bin\java.exe
0x00007fff57630000 - 0x00007fff57846000 	C:\WINDOWS\SYSTEM32\ntdll.dll
0x00007fff57250000 - 0x00007fff57314000 	C:\WINDOWS\System32\KERNEL32.DLL
0x00007fff54c00000 - 0x00007fff54fa6000 	C:\WINDOWS\System32\KERNELBASE.dll
0x00007fff54ae0000 - 0x00007fff54bf1000 	C:\WINDOWS\System32\ucrtbase.dll
0x00007ffef5ab0000 - 0x00007ffef5ac7000 	C:\Users\luczu\.jdks\corretto-17.0.10\bin\jli.dll
0x00007ffef5ad0000 - 0x00007ffef5aeb000 	C:\Users\luczu\.jdks\corretto-17.0.10\bin\VCRUNTIME140.dll
0x00007fff56ef0000 - 0x00007fff5709d000 	C:\WINDOWS\System32\USER32.dll
0x00007fff54ab0000 - 0x00007fff54ad6000 	C:\WINDOWS\System32\win32u.dll
0x00007fff36880000 - 0x00007fff36b13000 	C:\WINDOWS\WinSxS\amd64_microsoft.windows.common-controls_6595b64144ccf1df_6.0.22621.3235_none_270f74e173860f98\COMCTL32.dll
0x00007fff56650000 - 0x00007fff56679000 	C:\WINDOWS\System32\GDI32.dll
0x00007fff571a0000 - 0x00007fff57247000 	C:\WINDOWS\System32\msvcrt.dll
0x00007fff551c0000 - 0x00007fff552d8000 	C:\WINDOWS\System32\gdi32full.dll
0x00007fff54fb0000 - 0x00007fff5504a000 	C:\WINDOWS\System32\msvcp_win.dll
0x00007fff55ca0000 - 0x00007fff55cd1000 	C:\WINDOWS\System32\IMM32.DLL
0x00007ffef5990000 - 0x00007ffef599c000 	C:\Users\luczu\.jdks\corretto-17.0.10\bin\vcruntime140_1.dll
0x00007ffe7ec60000 - 0x00007ffe7eced000 	C:\Users\luczu\.jdks\corretto-17.0.10\bin\msvcp140.dll
0x00007ffe7dff0000 - 0x00007ffe7ec52000 	C:\Users\luczu\.jdks\corretto-17.0.10\bin\server\jvm.dll
0x00007fff56330000 - 0x00007fff563e2000 	C:\WINDOWS\System32\ADVAPI32.dll
0x00007fff56260000 - 0x00007fff56308000 	C:\WINDOWS\System32\sechost.dll
0x00007fff55350000 - 0x00007fff55378000 	C:\WINDOWS\System32\bcrypt.dll
0x00007fff56530000 - 0x00007fff56645000 	C:\WINDOWS\System32\RPCRT4.dll
0x00007ffe62ac0000 - 0x00007ffe62ac9000 	C:\WINDOWS\SYSTEM32\WSOCK32.dll
0x00007fff4a910000 - 0x00007fff4a944000 	C:\WINDOWS\SYSTEM32\WINMM.dll
0x00007fff53800000 - 0x00007fff5384d000 	C:\WINDOWS\SYSTEM32\POWRPROF.dll
0x00007fff4c050000 - 0x00007fff4c05a000 	C:\WINDOWS\SYSTEM32\VERSION.dll
0x00007fff56b60000 - 0x00007fff56bd1000 	C:\WINDOWS\System32\WS2_32.dll
0x00007fff537e0000 - 0x00007fff537f3000 	C:\WINDOWS\SYSTEM32\UMPDC.dll
0x00007fff53a40000 - 0x00007fff53a58000 	C:\WINDOWS\SYSTEM32\kernel.appcore.dll
0x00007ffef5980000 - 0x00007ffef598a000 	C:\Users\luczu\.jdks\corretto-17.0.10\bin\jimage.dll
0x00007fff51e10000 - 0x00007fff52043000 	C:\WINDOWS\SYSTEM32\DBGHELP.DLL
0x00007fff55d40000 - 0x00007fff560c8000 	C:\WINDOWS\System32\combase.dll
0x00007fff56450000 - 0x00007fff56527000 	C:\WINDOWS\System32\OLEAUT32.dll
0x00007fff46800000 - 0x00007fff46832000 	C:\WINDOWS\SYSTEM32\dbgcore.DLL
0x00007fff54a30000 - 0x00007fff54aaa000 	C:\WINDOWS\System32\bcryptPrimitives.dll
0x00007ffe80590000 - 0x00007ffe805b5000 	C:\Users\luczu\.jdks\corretto-17.0.10\bin\java.dll
0x00007ffe7df10000 - 0x00007ffe7dfe7000 	C:\Users\luczu\.jdks\corretto-17.0.10\bin\jsvml.dll
0x00007fff55390000 - 0x00007fff55bed000 	C:\WINDOWS\System32\SHELL32.dll
0x00007fff52890000 - 0x00007fff53188000 	C:\WINDOWS\SYSTEM32\windows.storage.dll
0x00007fff52750000 - 0x00007fff5288e000 	C:\WINDOWS\SYSTEM32\wintypes.dll
0x00007fff560e0000 - 0x00007fff561d3000 	C:\WINDOWS\System32\SHCORE.dll
0x00007fff56b00000 - 0x00007fff56b5e000 	C:\WINDOWS\System32\shlwapi.dll
0x00007fff548a0000 - 0x00007fff548c6000 	C:\WINDOWS\SYSTEM32\profapi.dll
0x00007ffe816e0000 - 0x00007ffe816f9000 	C:\Users\luczu\.jdks\corretto-17.0.10\bin\net.dll
0x00007fff4b3d0000 - 0x00007fff4b507000 	C:\WINDOWS\SYSTEM32\WINHTTP.dll
0x00007fff53f20000 - 0x00007fff53f89000 	C:\WINDOWS\system32\mswsock.dll
0x00007ffe805f0000 - 0x00007ffe80606000 	C:\Users\luczu\.jdks\corretto-17.0.10\bin\nio.dll
0x00007ffe805d0000 - 0x00007ffe805e8000 	C:\Users\luczu\.jdks\corretto-17.0.10\bin\zip.dll
0x000002050f990000 - 0x000002050f993000 	C:\Program Files (x86)\Windows Kits\10\Redist\ucrt\DLLs\x64\api-ms-win-crt-locale-l1-1-0.dll
0x000002050f9a0000 - 0x000002050f9a4000 	C:\Program Files (x86)\Windows Kits\10\Redist\ucrt\DLLs\x64\api-ms-win-crt-string-l1-1-0.dll
0x000002050f9b0000 - 0x000002050f9b4000 	C:\Program Files (x86)\Windows Kits\10\Redist\ucrt\DLLs\x64\api-ms-win-crt-stdio-l1-1-0.dll
0x000002050f9c0000 - 0x000002050f9c5000 	C:\Program Files (x86)\Windows Kits\10\Redist\ucrt\DLLs\x64\api-ms-win-crt-math-l1-1-0.dll
0x000002050f9d0000 - 0x000002050f9d3000 	C:\Program Files (x86)\Windows Kits\10\Redist\ucrt\DLLs\x64\api-ms-win-crt-heap-l1-1-0.dll
0x000002050f9e0000 - 0x000002050f9e4000 	C:\Program Files (x86)\Windows Kits\10\Redist\ucrt\DLLs\x64\api-ms-win-crt-runtime-l1-1-0.dll
0x000002050f9f0000 - 0x000002050f9f4000 	C:\Program Files (x86)\Windows Kits\10\Redist\ucrt\DLLs\x64\api-ms-win-crt-convert-l1-1-0.dll
0x000002050fa00000 - 0x000002050fa03000 	C:\Program Files (x86)\Windows Kits\10\Redist\ucrt\DLLs\x64\api-ms-win-crt-environment-l1-1-0.dll
0x000002050fa10000 - 0x000002050fa13000 	C:\Program Files (x86)\Windows Kits\10\Redist\ucrt\DLLs\x64\api-ms-win-crt-time-l1-1-0.dll
0x000002050fa20000 - 0x000002050fa23000 	C:\Program Files (x86)\Windows Kits\10\Redist\ucrt\DLLs\x64\api-ms-win-crt-filesystem-l1-1-0.dll
0x000002050fa30000 - 0x000002050fa33000 	C:\Program Files (x86)\Windows Kits\10\Redist\ucrt\DLLs\x64\api-ms-win-crt-utility-l1-1-0.dll
0x000002050fa40000 - 0x000002050fa45000 	C:\Program Files (x86)\Windows Kits\10\Redist\ucrt\DLLs\x64\api-ms-win-crt-multibyte-l1-1-0.dll
0x000002050fa50000 - 0x000002050fa53000 	C:\Program Files (x86)\Windows Kits\10\Redist\ucrt\DLLs\x64\api-ms-win-crt-conio-l1-1-0.dll
0x000002050fa60000 - 0x000002050fa6f000 	C:\Program Files (x86)\Windows Kits\10\Redist\ucrt\DLLs\x64\api-ms-win-crt-private-l1-1-0.dll
0x000002050fa70000 - 0x000002050fa73000 	C:\Program Files (x86)\Windows Kits\10\Redist\ucrt\DLLs\x64\api-ms-win-crt-process-l1-1-0.dll
0x000002050fa80000 - 0x000002050fa83000 	C:\Program Files\Microsoft\jdk-11.0.12.7-hotspot\bin\api-ms-win-core-console-l1-2-0.dll
0x000002050fa90000 - 0x000002050fa93000 	C:\Program Files (x86)\Windows Kits\10\Redist\ucrt\DLLs\x64\api-ms-win-core-string-l1-1-0.dll
0x000002050faa0000 - 0x000002050faa3000 	C:\Program Files (x86)\Windows Kits\10\Redist\ucrt\DLLs\x64\api-ms-win-core-errorhandling-l1-1-0.dll
0x000002050fab0000 - 0x000002050fab3000 	C:\Program Files (x86)\Windows Kits\10\Redist\ucrt\DLLs\x64\api-ms-win-core-timezone-l1-1-0.dll
0x000002050fac0000 - 0x000002050fac4000 	C:\Program Files (x86)\Windows Kits\10\Redist\ucrt\DLLs\x64\api-ms-win-core-file-l1-1-0.dll
0x000002050fad0000 - 0x000002050fad3000 	C:\Program Files (x86)\Windows Kits\10\Redist\ucrt\DLLs\x64\api-ms-win-core-namedpipe-l1-1-0.dll
0x000002050fae0000 - 0x000002050fae3000 	C:\Program Files (x86)\Windows Kits\10\Redist\ucrt\DLLs\x64\api-ms-win-core-handle-l1-1-0.dll
0x000002050faf0000 - 0x000002050faf3000 	C:\Program Files (x86)\Windows Kits\10\Redist\ucrt\DLLs\x64\api-ms-win-core-file-l2-1-0.dll
0x000002050fb00000 - 0x000002050fb03000 	C:\Program Files (x86)\Windows Kits\10\Redist\ucrt\DLLs\x64\api-ms-win-core-heap-l1-1-0.dll
0x000002050fb10000 - 0x000002050fb13000 	C:\Program Files (x86)\Windows Kits\10\Redist\ucrt\DLLs\x64\api-ms-win-core-libraryloader-l1-1-0.dll
0x000002050fb20000 - 0x000002050fb23000 	C:\Program Files (x86)\Windows Kits\10\Redist\ucrt\DLLs\x64\api-ms-win-core-synch-l1-1-0.dll
0x000002050fb30000 - 0x000002050fb33000 	C:\Program Files (x86)\Windows Kits\10\Redist\ucrt\DLLs\x64\api-ms-win-core-processthreads-l1-1-0.dll
0x000002050fb40000 - 0x000002050fb43000 	C:\Program Files (x86)\Windows Kits\10\Redist\ucrt\DLLs\x64\api-ms-win-core-processenvironment-l1-1-0.dll
0x000002050fb50000 - 0x000002050fb53000 	C:\Program Files (x86)\Windows Kits\10\Redist\ucrt\DLLs\x64\api-ms-win-core-datetime-l1-1-0.dll
0x000002050fb60000 - 0x000002050fb63000 	C:\Program Files (x86)\Windows Kits\10\Redist\ucrt\DLLs\x64\api-ms-win-core-localization-l1-2-0.dll
0x000002050fb70000 - 0x000002050fb73000 	C:\Program Files (x86)\Windows Kits\10\Redist\ucrt\DLLs\x64\api-ms-win-core-sysinfo-l1-1-0.dll
0x000002050fb80000 - 0x000002050fb83000 	C:\Program Files (x86)\Windows Kits\10\Redist\ucrt\DLLs\x64\api-ms-win-core-synch-l1-2-0.dll
0x000002050fb90000 - 0x000002050fb93000 	C:\Program Files (x86)\Windows Kits\10\Redist\ucrt\DLLs\x64\api-ms-win-core-console-l1-1-0.dll
0x000002050fba0000 - 0x000002050fba3000 	C:\Program Files (x86)\Windows Kits\10\Redist\ucrt\DLLs\x64\api-ms-win-core-debug-l1-1-0.dll
0x000002050fbb0000 - 0x000002050fbb3000 	C:\Program Files (x86)\Windows Kits\10\Redist\ucrt\DLLs\x64\api-ms-win-core-rtlsupport-l1-1-0.dll
0x000002050fbc0000 - 0x000002050fbc3000 	C:\Program Files (x86)\Windows Kits\10\Redist\ucrt\DLLs\x64\api-ms-win-core-processthreads-l1-1-1.dll
0x000002050fbd0000 - 0x000002050fbd3000 	C:\Program Files (x86)\Windows Kits\10\Redist\ucrt\DLLs\x64\api-ms-win-core-file-l1-2-0.dll
0x000002050fbe0000 - 0x000002050fbe3000 	C:\Program Files (x86)\Windows Kits\10\Redist\ucrt\DLLs\x64\api-ms-win-core-profile-l1-1-0.dll
0x000002050fbf0000 - 0x000002050fbf3000 	C:\Program Files (x86)\Windows Kits\10\Redist\ucrt\DLLs\x64\api-ms-win-core-memory-l1-1-0.dll
0x000002050fc00000 - 0x000002050fc03000 	C:\Program Files (x86)\Windows Kits\10\Redist\ucrt\DLLs\x64\api-ms-win-core-util-l1-1-0.dll
0x000002050fc10000 - 0x000002050fc13000 	C:\Program Files (x86)\Windows Kits\10\Redist\ucrt\DLLs\x64\api-ms-win-core-interlocked-l1-1-0.dll
0x00007fff25680000 - 0x00007fff25772000 	C:\Program Files (x86)\Windows Kits\10\Redist\ucrt\DLLs\x64\ucrtbase.dll
0x00007fff4c010000 - 0x00007fff4c019000 	C:\Windows\System32\msvcp140_1.dll
0x00007fff27fe0000 - 0x00007fff2802d000 	C:\Windows\System32\concrt140.dll
0x00007fff27fa0000 - 0x00007fff27fd1000 	C:\Windows\System32\vcomp140.dll
0x00007fff2b720000 - 0x00007fff2b820000 	C:\Windows\System32\opengl32.dll
0x00007fff2b6b0000 - 0x00007fff2b6dd000 	C:\WINDOWS\SYSTEM32\GLU32.dll
0x00007fff51bb0000 - 0x00007fff51be9000 	C:\WINDOWS\SYSTEM32\dxcore.dll
0x00007fff0c520000 - 0x00007fff0c73d000 	C:\Users\luczu\.javacpp\cache\jaylib-4.5.0-0.jar\com\raylib\windows-x86_64\jniRaylib.dll
0x00007ffe93720000 - 0x00007ffe93766000 	C:\WINDOWS\SYSTEM32\dinput8.dll
0x00007fff2a860000 - 0x00007fff2a871000 	C:\WINDOWS\SYSTEM32\xinput1_4.dll
0x00007fff54630000 - 0x00007fff5465c000 	C:\WINDOWS\SYSTEM32\DEVOBJ.dll
0x00007fff54660000 - 0x00007fff546ae000 	C:\WINDOWS\SYSTEM32\cfgmgr32.dll
0x00007fff51dd0000 - 0x00007fff51dfb000 	C:\WINDOWS\SYSTEM32\dwmapi.dll
0x00007fff320a0000 - 0x00007fff322aa000 	C:\WINDOWS\SYSTEM32\inputhost.dll
0x00007fff4ee40000 - 0x00007fff4ef74000 	C:\WINDOWS\SYSTEM32\CoreMessaging.dll
0x00007fff4f230000 - 0x00007fff4f2db000 	C:\WINDOWS\system32\uxtheme.dll
0x00007fff56bf0000 - 0x00007fff56d44000 	C:\WINDOWS\System32\MSCTF.dll
0x00007fff54190000 - 0x00007fff5419c000 	C:\WINDOWS\SYSTEM32\CRYPTBASE.DLL
0x00007fff53190000 - 0x00007fff5319e000 	C:\WINDOWS\SYSTEM32\HID.DLL
0x00007fff56680000 - 0x00007fff56af4000 	C:\WINDOWS\System32\SETUPAPI.DLL
0x00007fff552e0000 - 0x00007fff5534b000 	C:\WINDOWS\System32\WINTRUST.dll
0x00007fff55050000 - 0x00007fff551b6000 	C:\WINDOWS\System32\CRYPT32.dll
0x00007fff54610000 - 0x00007fff54622000 	C:\WINDOWS\SYSTEM32\MSASN1.dll
0x00007fff4b7a0000 - 0x00007fff4b7ea000 	C:\WINDOWS\SYSTEM32\directxdatabasehelper.dll
0x00007fff55bf0000 - 0x00007fff55ca0000 	C:\WINDOWS\System32\clbcatq.dll
0x00007ffe23200000 - 0x00007ffe25df0000 	C:\WINDOWS\System32\DriverStore\FileRepository\nvhm.inf_amd64_28ac5867493a0477\nvoglv64.dll
0x00007fff56d50000 - 0x00007fff56eef000 	C:\WINDOWS\System32\ole32.dll
0x00007fff53850000 - 0x00007fff53864000 	C:\WINDOWS\SYSTEM32\WTSAPI32.dll
0x00007fff47170000 - 0x00007fff471a2000 	C:\WINDOWS\SYSTEM32\cryptnet.dll
0x00007fff47330000 - 0x00007fff47488000 	C:\WINDOWS\SYSTEM32\drvstore.dll
0x00007fff54220000 - 0x00007fff5426b000 	C:\WINDOWS\SYSTEM32\wldp.dll
0x00007fff57540000 - 0x00007fff5755f000 	C:\WINDOWS\System32\imagehlp.dll
0x00007fff54170000 - 0x00007fff5418b000 	C:\WINDOWS\SYSTEM32\CRYPTSP.dll
0x00007fff53a00000 - 0x00007fff53a35000 	C:\WINDOWS\system32\rsaenh.dll
0x00007fff53fb0000 - 0x00007fff53fd6000 	C:\WINDOWS\SYSTEM32\gpapi.dll
0x00007fff089d0000 - 0x00007fff0abbb000 	C:\WINDOWS\System32\DriverStore\FileRepository\nvhm.inf_amd64_28ac5867493a0477\nvgpucomp64.dll
0x00007fff53ac0000 - 0x00007fff53af4000 	C:\WINDOWS\SYSTEM32\ntmarta.dll
0x00007ffeadc80000 - 0x00007ffeadf43000 	C:\WINDOWS\system32\nvspcap64.dll
0x00007fff533f0000 - 0x00007fff53456000 	C:\WINDOWS\SYSTEM32\WINSTA.dll

dbghelp: loaded successfully - version: 4.0.5 - missing functions: none
symbol engine: initialized successfully - sym options: 0x614 - pdb path: .;C:\Users\luczu\.jdks\corretto-17.0.10\bin;C:\WINDOWS\SYSTEM32;C:\WINDOWS\WinSxS\amd64_microsoft.windows.common-controls_6595b64144ccf1df_6.0.22621.3235_none_270f74e173860f98;C:\Users\luczu\.jdks\corretto-17.0.10\bin\server;C:\Program Files (x86)\Windows Kits\10\Redist\ucrt\DLLs\x64;C:\Program Files\Microsoft\jdk-11.0.12.7-hotspot\bin;C:\Users\luczu\.javacpp\cache\jaylib-4.5.0-0.jar\com\raylib\windows-x86_64;C:\WINDOWS\System32\DriverStore\FileRepository\nvhm.inf_amd64_28ac5867493a0477;C:\WINDOWS\System32\DriverStore\FileRepository\iigd_dch.inf_amd64_0fdf6ce291234272

VM Arguments:
jvm_args: -Dfile.encoding=windows-1252 -Duser.country=NL -Duser.language=nl -Duser.variant 
java_command: PineVille.GameScene
java_class_path (initial): C:\Users\luczu\OneDrive\Documenten\PineVille\build\classes\java\main;C:\Users\luczu\OneDrive\Documenten\PineVille\build\resources\main;C:\Users\luczu\.gradle\caches\modules-2\files-2.1\uk.co.electronstudio.jaylib\jaylib\4.5.0-0\90c0d608df9bbd32f5f34683acc58cb433e94508\jaylib-4.5.0-0.jar
Launcher Type: SUN_STANDARD

[Global flags]
     intx CICompilerCount                          = 12                                        {product} {ergonomic}
     uint ConcGCThreads                            = 3                                         {product} {ergonomic}
     uint G1ConcRefinementThreads                  = 13                                        {product} {ergonomic}
   size_t G1HeapRegionSize                         = 2097152                                   {product} {ergonomic}
    uintx GCDrainStackTargetSize                   = 64                                        {product} {ergonomic}
   size_t InitialHeapSize                          = 264241152                                 {product} {ergonomic}
   size_t MarkStackSize                            = 4194304                                   {product} {ergonomic}
   size_t MaxHeapSize                              = 4200595456                                {product} {ergonomic}
   size_t MaxNewSize                               = 2518679552                                {product} {ergonomic}
   size_t MinHeapDeltaBytes                        = 2097152                                   {product} {ergonomic}
   size_t MinHeapSize                              = 8388608                                   {product} {ergonomic}
    uintx NonNMethodCodeHeapSize                   = 7602480                                {pd product} {ergonomic}
    uintx NonProfiledCodeHeapSize                  = 122027880                              {pd product} {ergonomic}
    uintx ProfiledCodeHeapSize                     = 122027880                              {pd product} {ergonomic}
    uintx ReservedCodeCacheSize                    = 251658240                              {pd product} {ergonomic}
     bool SegmentedCodeCache                       = true                                      {product} {ergonomic}
   size_t SoftMaxHeapSize                          = 4200595456                             {manageable} {ergonomic}
     bool UseCompressedClassPointers               = true                           {product lp64_product} {ergonomic}
     bool UseCompressedOops                        = true                           {product lp64_product} {ergonomic}
     bool UseG1GC                                  = true                                      {product} {ergonomic}
     bool UseLargePagesIndividualAllocation        = false                                  {pd product} {ergonomic}

Logging:
Log output configuration:
 #0: stdout all=warning uptime,level,tags
 #1: stderr all=off uptime,level,tags

Environment Variables:
PATH=C:\Program Files (x86)\Common Files\Intel\Shared Libraries\redist\intel64\compiler;C:\Program Files\Common Files\Oracle\Java\javapath;C:\Program Files\Microsoft\jdk-11.0.12.7-hotspot\bin;C:\windows\system32;C:\windows;C:\windows\System32\Wbem;C:\windows\System32\WindowsPowerShell\v1.0\;C:\windows\System32\OpenSSH\;C:\Program Files (x86)\NVIDIA Corporation\PhysX\Common;C:\Program Files\NVIDIA Corporation\NVIDIA NvDLISR;C:\Program Files\Microsoft SQL Server\150\Tools\Binn\;C:\Program Files\Microsoft SQL Server\Client SDK\ODBC\170\Tools\Binn\;C:\Program Files\dotnet\;C:\WINDOWS\system32;C:\WINDOWS;C:\WINDOWS\System32\Wbem;C:\WINDOWS\System32\WindowsPowerShell\v1.0\;C:\WINDOWS\System32\OpenSSH\;C:\Program Files\CMake\bin;C:\Program Files\Git\cmd;C:\Users\luczu\AppData\Local\Microsoft\WindowsApps;C:\Users\luczu\.dotnet\tools;C:\Users\luczu\AppData\Local\GitHubDesktop\bin;;C:\Users\luczu\AppData\Local\Programs\Microsoft VS Code\bin
USERNAME=luczu
OS=Windows_NT
PROCESSOR_IDENTIFIER=Intel64 Family 6 Model 141 Stepping 1, GenuineIntel
TMP=C:\Users\luczu\AppData\Local\Temp
TEMP=C:\Users\luczu\AppData\Local\Temp



Periodic native trim disabled


---------------  S Y S T E M  ---------------

OS:
 Windows 11 , 64 bit Build 22621 (10.0.22621.3235)
OS uptime: 0 days 0:57 hours
Hyper-V role detected

CPU: total 16 (initial active 16) (8 cores per cpu, 2 threads per core) family 6 model 141 stepping 1 microcode 0x4e, cx8, cmov, fxsr, ht, mmx, 3dnowpref, sse, sse2, sse3, ssse3, sse4.1, sse4.2, popcnt, lzcnt, tsc, tscinvbit, avx, avx2, aes, erms, clmul, bmi1, bmi2, adx, avx512f, avx512dq, avx512cd, avx512bw, avx512vl, sha, fma, vzeroupper, avx512_vpopcntdq, avx512_vpclmulqdq, avx512_vaes, avx512_vnni, clflush, clflushopt, clwb, avx512_vbmi2, avx512_vbmi, hv
Processor Information for all 16 processors :
  Max Mhz: 2304, Current Mhz: 2304, Mhz Limit: 2304

Memory: 4k page, system-wide physical 16021M (3960M free)
TotalPageFile size 32043M (AvailPageFile size 12361M)
current process WorkingSet (physical memory assigned to process): 122M, peak: 194M
current process commit charge ("private bytes"): 501M, peak: 614M

vm_info: OpenJDK 64-Bit Server VM (17.0.10+7-LTS) for windows-amd64 JRE (17.0.10+7-LTS), built on Jan 10 2024 22:11:07 by "Administrator" with MS VC++ 16.10 / 16.11 (VS2019)

END.
