#
# A fatal error has been detected by the Java Runtime Environment:
#
#  EXCEPTION_ACCESS_VIOLATION (0xc0000005) at pc=0x00007ffa3098f490, pid=11312, tid=2892
#
# JRE version: OpenJDK Runtime Environment Corretto-17.0.10.7.1 (17.0.10+7) (build 17.0.10+7-LTS)
# Java VM: OpenJDK 64-Bit Server VM Corretto-17.0.10.7.1 (17.0.10+7-LTS, mixed mode, sharing, tiered, compressed oops, compressed class ptrs, g1 gc, windows-amd64)
# Problematic frame:
# C  [jniRaylib.dll+0xdf490]
#
# No core dump will be written. Minidumps are not enabled by default on client versions of Windows
#
# If you would like to submit a bug report, please visit:
#   https://github.com/corretto/corretto-17/issues/
# The crash happened outside the Java Virtual Machine in native code.
# See problematic frame for where to report the bug.
#

---------------  S U M M A R Y ------------

Command Line: -Dfile.encoding=windows-1252 -Duser.country=NL -Duser.language=nl -Duser.variant PineVille.GameScene

Host: 11th Gen Intel(R) Core(TM) i7-11800H @ 2.30GHz, 16 cores, 15G,  Windows 11 , 64 bit Build 22621 (10.0.22621.3085)
Time: Mon Mar 11 13:03:44 2024 West-Europa (standaardtijd) elapsed time: 182.118633 seconds (0d 0h 3m 2s)

---------------  T H R E A D  ---------------

Current thread (0x000001fbe813bf80):  JavaThread "main" [_thread_in_native, id=2892, stack(0x000000653bb00000,0x000000653bc00000)]

Stack: [0x000000653bb00000,0x000000653bc00000],  sp=0x000000653bbfeee0,  free space=1019k
Native frames: (J=compiled Java code, j=interpreted, Vv=VM code, C=native code)
C  [jniRaylib.dll+0xdf490]

Java frames: (J=compiled Java code, j=interpreted, Vv=VM code)
J 814  com.raylib.Raylib.DrawTexturePro(Lcom/raylib/Raylib$Texture;Lcom/raylib/Raylib$Rectangle;Lcom/raylib/Raylib$Rectangle;Lcom/raylib/Raylib$Vector2;FLcom/raylib/Raylib$Color;)V (0 bytes) @ 0x000001fbf78884e2 [0x000001fbf7888420+0x00000000000000c2]
j  PineVille.GameScene.main([Ljava/lang/String;)V+284
v  ~StubRoutines::call_stub

siginfo: EXCEPTION_ACCESS_VIOLATION (0xc0000005), writing address 0x000001fbd4478920


Registers:
RAX=0x00000000000000ff, RBX=0x000000653bbff080, RCX=0x000001fbd4478920, RDX=0x0000000000000000
RSP=0x000000653bbfeee0, RBP=0x000000653bbff140, RSI=0x0000000000000004, RDI=0x000000653bbff070
R8 =0x0000000000000000, R9 =0x0000000000000000, R10=0x00007ff9c54bde20, R11=0x000000000000000e
R12=0x000001fb8b1d0ad0, R13=0x0000000000000000, R14=0x000001fbd3772920, R15=0x000001fbd413ed00
RIP=0x00007ffa3098f490, EFLAGS=0x0000000000010246


Register to memory mapping:

RIP=0x00007ffa3098f490 jniRaylib.dll
RAX=0x00000000000000ff is an unknown value
RBX=0x000000653bbff080 is pointing into the stack for thread: 0x000001fbe813bf80
RCX=0x000001fbd4478920 is an unknown value
RDX=0x0 is NULL
RSP=0x000000653bbfeee0 is pointing into the stack for thread: 0x000001fbe813bf80
RBP=0x000000653bbff140 is pointing into the stack for thread: 0x000001fbe813bf80
RSI=0x0000000000000004 is an unknown value
RDI=0x000000653bbff070 is pointing into the stack for thread: 0x000001fbe813bf80
R8 =0x0 is NULL
R9 =0x0 is NULL
R10=0x00007ff9c54bde20 jvm.dll
R11=0x000000000000000e is an unknown value
R12=0x000001fb8b1d0ad0 points into unknown readable memory: 0x0000002000000004 | 04 00 00 00 20 00 00 00
R13=0x0 is NULL
R14=0x000001fbd3772920 points into unknown readable memory: 0x00000000ffffffff | ff ff ff ff 00 00 00 00
R15=0x000001fbd413ed00 points into unknown readable memory: 0x0000000000000000 | 00 00 00 00 00 00 00 00


Top of Stack: (sp=0x000000653bbfeee0)
0x000000653bbfeee0:   000001fbe813c4c1 0000000900000009
0x000000653bbfeef0:   000001fbcd403900 0000000000000000
0x000000653bbfef00:   0000000043640000 0000000000000000
0x000000653bbfef10:   0000000000000000 0000000000000000
0x000000653bbfef20:   0000000000000000 0000000000000000
0x000000653bbfef30:   000000653bbff080 00007ffa30958749
0x000000653bbfef40:   000001fbe813c238 000001fbe813bf80
0x000000653bbfef50:   000000653bbff178 000001fbe813bf80
0x000000653bbfef60:   4200000043640000 42c8000043640000
0x000000653bbfef70:   000001fbe813bf80 0000000000000000
0x000000653bbfef80:   0000000000000000 0000000000000000
0x000000653bbfef90:   0000000000000000 0000000000000000
0x000000653bbfefa0:   0000000000000000 0000000000000000
0x000000653bbfefb0:   0000000000000000 0000000000000000
0x000000653bbfefc0:   0000000000000000 0000000000000000
0x000000653bbfefd0:   0000000000000000 0000000000000000
0x000000653bbfefe0:   0000000000000000 0000000000000000
0x000000653bbfeff0:   0000000000000000 0000000000000000
0x000000653bbff000:   0000000000000000 0000000000000000
0x000000653bbff010:   0000000000000000 0000000000000000
0x000000653bbff020:   000001fbd25977c0 000001fbd2597ba0
0x000000653bbff030:   000001fbe813c238 00007ffa308f2213
0x000000653bbff040:   0000d60242c80000 000000653bbff140
0x000000653bbff050:   000000653bbff0d0 0000000000000000
0x000000653bbff060:   000001fb00000000 00007ffaffffffff
0x000000653bbff070:   42c8000042c80000 4300000043000000
0x000000653bbff080:   0000000000000000 4200000042000000
0x000000653bbff090:   0000002000000004 0000000100000020
0x000000653bbff0a0:   000001fb00000007 000001fbf7888091
0x000000653bbff0b0:   000001fbe813bf80 0000000000000000
0x000000653bbff0c0:   000000071482ca30 0000000715473288
0x000000653bbff0d0:   000001fbcd44bd40 000001fbf7888582 

Instructions: (pc=0x00007ffa3098f490)
0x00007ffa3098f390:   08 8b 05 41 2e 11 00 49 c1 e1 06 8d 0c 40 4b 8b
0x00007ffa3098f3a0:   44 01 08 48 63 d1 f3 0f 11 34 90 48 8b 05 fe 2d
0x00007ffa3098f3b0:   11 00 4c 63 48 04 4c 8b 40 08 8b 05 18 2e 11 00
0x00007ffa3098f3c0:   49 c1 e1 06 8d 0c 40 4b 8b 44 01 08 48 63 d1 f3
0x00007ffa3098f3d0:   0f 11 7c 90 04 48 8b 05 d4 2d 11 00 4c 63 48 04
0x00007ffa3098f3e0:   4c 8b 40 08 8b 05 ee 2d 11 00 49 c1 e1 06 8d 0c
0x00007ffa3098f3f0:   40 4b 8b 44 01 08 48 63 d1 f3 44 0f 11 44 90 08
0x00007ffa3098f400:   48 8b 05 a9 2d 11 00 f3 0f 10 05 cd 2d 11 00 4c
0x00007ffa3098f410:   63 40 04 48 8b 50 08 8b 05 bb 2d 11 00 03 c0 49
0x00007ffa3098f420:   c1 e0 06 48 63 c8 49 8b 44 10 10 f3 0f 11 04 88
0x00007ffa3098f430:   48 8b 05 79 2d 11 00 f3 0f 10 05 a1 2d 11 00 4c
0x00007ffa3098f440:   63 40 04 48 8b 50 08 8b 05 8b 2d 11 00 03 c0 49
0x00007ffa3098f450:   c1 e0 06 48 63 c8 49 8b 44 10 10 f3 0f 11 44 88
0x00007ffa3098f460:   04 48 8b 05 48 2d 11 00 4c 63 40 04 48 8b 48 08
0x00007ffa3098f470:   8b 05 62 2d 11 00 49 c1 e0 06 8d 04 85 00 00 00
0x00007ffa3098f480:   00 49 8b 4c 08 18 48 63 d0 0f b6 05 60 2d 11 00
0x00007ffa3098f490:   88 04 0a 48 8b 05 16 2d 11 00 4c 63 40 04 48 8b
0x00007ffa3098f4a0:   48 08 8b 05 30 2d 11 00 49 c1 e0 06 8d 04 85 00
0x00007ffa3098f4b0:   00 00 00 49 8b 4c 08 18 48 63 d0 0f b6 05 2f 2d
0x00007ffa3098f4c0:   11 00 88 44 11 01 48 8b 05 e3 2c 11 00 4c 63 40
0x00007ffa3098f4d0:   04 48 8b 48 08 8b 05 fd 2c 11 00 49 c1 e0 06 8d
0x00007ffa3098f4e0:   04 85 00 00 00 00 49 8b 4c 08 18 48 63 d0 0f b6
0x00007ffa3098f4f0:   05 fd 2c 11 00 88 44 11 02 48 8b 05 b0 2c 11 00
0x00007ffa3098f500:   4c 63 40 04 48 8b 48 08 8b 05 ca 2c 11 00 49 c1
0x00007ffa3098f510:   e0 06 49 8b 4c 08 18 8d 04 85 00 00 00 00 0f 28
0x00007ffa3098f520:   74 24 40 0f 28 7c 24 30 44 0f 28 44 24 20 48 63
0x00007ffa3098f530:   d0 0f b6 05 bb 2c 11 00 88 44 11 03 48 8b 05 6d
0x00007ffa3098f540:   2c 11 00 ff 05 8f 2c 11 00 48 63 48 18 48 8b 40
0x00007ffa3098f550:   10 48 03 c9 ff 44 c8 f4 48 83 c4 58 c3 cc cc cc
0x00007ffa3098f560:   48 ff 25 21 2c 11 00 cc cc cc cc cc cc cc cc cc
0x00007ffa3098f570:   40 55 48 83 ec 50 0f 10 05 3b 2c 11 00 33 d2 b9
0x00007ffa3098f580:   92 88 00 00 0f 29 44 24 20 0f 29 44 24 30 0f 10 


Stack slot to memory mapping:
stack at sp + 0 slots: 0x000001fbe813c4c1 points into unknown readable memory: 01 00 00 00 00 00 00
stack at sp + 1 slots: 0x0000000900000009 is an unknown value
stack at sp + 2 slots: 0x000001fbcd403900 is pointing into metadata
stack at sp + 3 slots: 0x0 is NULL
stack at sp + 4 slots: 0x0000000043640000 is an unknown value
stack at sp + 5 slots: 0x0 is NULL
stack at sp + 6 slots: 0x0 is NULL
stack at sp + 7 slots: 0x0 is NULL


Compiled method (n/a)  182246  814     n 0       com.raylib.Raylib::DrawTexturePro (native)
 total in heap  [0x000001fbf7888290,0x000001fbf78886c0] = 1072
 relocation     [0x000001fbf78883e8,0x000001fbf7888418] = 48
 main code      [0x000001fbf7888420,0x000001fbf78886b8] = 664
 oops           [0x000001fbf78886b8,0x000001fbf78886c0] = 8

[Constant Pool (empty)]

[MachCode]
[Entry Point]
  # {method} {0x000001fbcd44bd48} 'DrawTexturePro' '(Lcom/raylib/Raylib$Texture;Lcom/raylib/Raylib$Rectangle;Lcom/raylib/Raylib$Rectangle;Lcom/raylib/Raylib$Vector2;FLcom/raylib/Raylib$Color;)V' in 'com/raylib/Raylib'
  # parm0:    rdx:rdx   = 'com/raylib/Raylib$Texture'
  # parm1:    r8:r8     = 'com/raylib/Raylib$Rectangle'
  # parm2:    r9:r9     = 'com/raylib/Raylib$Rectangle'
  # parm3:    rdi:rdi   = 'com/raylib/Raylib$Vector2'
  # parm4:    xmm0      = float
  # parm5:    rsi:rsi   = 'com/raylib/Raylib$Color'
  #           [sp+0x90]  (sp of caller)
  0x000001fbf7888420: 448b 5208 | 49bb 0000 | 008c fb01 | 0000 4d03 | d349 3bc2 | 0f84 0600 

  0x000001fbf7888438: ;   {runtime_call ic_miss_stub}
  0x000001fbf7888438: 0000 e941 | 9186 ff90 
[Verified Entry Point]
  0x000001fbf7888440: 8984 2400 | 90ff ff55 | 488b ec48 | 81ec 8000 | 0000 4889 | 7424 6048 | 83fe 0048 | 8d44 2460 
  0x000001fbf7888460: 480f 4444 | 2460 4889 | 4424 38c5 | fa11 4424 | 3048 897c | 2458 4883 | ff00 488d | 4424 5848 
  0x000001fbf7888480: 0f44 4424 | 5848 8944 | 2428 4c89 | 4c24 5049 | 83f9 0048 | 8d44 2450 | 480f 4444 | 2450 4889 
  0x000001fbf78884a0: 4424 204c | 8944 2448 | 4983 f800 | 4c8d 4c24 | 484c 0f44 | 4c24 4848 | 8954 2440 | 4883 fa00 
  0x000001fbf78884c0: 4c8d 4424 | 404c 0f44 

  0x000001fbf78884c8: ;   {oop(a 'java/lang/Class'{0x0000000713e1cbd8} = 'com/raylib/Raylib')}
  0x000001fbf78884c8: 4424 4049 | bed8 cbe1 | 1307 0000 | 004c 8974 | 2470 4c8d | 7424 7049 | 8bd6 c5f8 

  0x000001fbf78884e4: ;   {internal_word}
  0x000001fbf78884e4: 7749 bae2 | 8488 f7fb | 0100 004d | 8997 a002 | 0000 4989 | a798 0200 

  0x000001fbf78884fc: ;   {external_word}
  0x000001fbf78884fc: 0049 ba79 | 354a c5f9 | 7f00 0041 | 803a 000f | 8452 0000 | 0052 4150 

  0x000001fbf7888514: ;   {metadata({method} {0x000001fbcd44bd48} 'DrawTexturePro' '(Lcom/raylib/Raylib$Texture;Lcom/raylib/Raylib$Rectangle;Lcom/raylib/Raylib$Rectangle;Lcom/raylib/Raylib$Vector2;FLcom/raylib/Raylib$Color;)V' in 'com/raylib/Raylib')}
  0x000001fbf7888514: 4151 48ba | 40bd 44cd | fb01 0000 | 498b cf48 | 83ec 20f7 | c40f 0000 | 000f 841a | 0000 0048 
  0x000001fbf7888534: ;   {runtime_call}
  0x000001fbf7888534: 83ec 0849 | ba00 3000 | c5f9 7f00 | 0041 ffd2 | 4883 c408 | e90d 0000 

  0x000001fbf788854c: ;   {runtime_call}
  0x000001fbf788854c: 0049 ba00 | 3000 c5f9 | 7f00 0041 | ffd2 4883 | c420 4159 | 4158 5a49 | 8d8f b802 | 0000 41c7 
  0x000001fbf788856c: 8748 0300 | 0004 0000 

  0x000001fbf7888574: ;   {runtime_call}
  0x000001fbf7888574: 0049 ba10 | 208f 30fa | 7f00 0041 | ffd2 c5f8 | 7741 c787 | 4803 0000 | 0500 0000 | f083 4424 
  0x000001fbf7888594: c000 493b | af50 0300 | 000f 8711 | 0000 0041 | 81bf 3803 | 0000 0000 | 0000 0f84 | 2400 0000 
  0x000001fbf78885b4: c5f8 7749 | 8bcf 4c8b | e448 83ec | 2048 83e4 

  0x000001fbf78885c4: ;   {runtime_call}
  0x000001fbf78885c4: f049 ba90 | 4410 c5f9 | 7f00 0041 | ffd2 498b | e44d 33e4 | 41c7 8748 | 0300 0008 | 0000 0041 
  0x000001fbf78885e4: 81bf b803 | 0000 0200 | 0000 0f84 | 9b00 0000 

  0x000001fbf78885f4: ;   {external_word}
  0x000001fbf78885f4: 49ba 7935 | 4ac5 f97f | 0000 4180 | 3a00 0f84 | 4800 0000 

  0x000001fbf7888608: ;   {metadata({method} {0x000001fbcd44bd48} 'DrawTexturePro' '(Lcom/raylib/Raylib$Texture;Lcom/raylib/Raylib$Rectangle;Lcom/raylib/Raylib$Rectangle;Lcom/raylib/Raylib$Vector2;FLcom/raylib/Raylib$Color;)V' in 'com/raylib/Raylib')}
  0x000001fbf7888608: 48ba 40bd | 44cd fb01 | 0000 498b | cf48 83ec | 20f7 c40f | 0000 000f | 841a 0000 | 0048 83ec 
  0x000001fbf7888628: ;   {runtime_call}
  0x000001fbf7888628: 0849 ba00 | 3000 c5f9 | 7f00 0041 | ffd2 4883 | c408 e90d 

  0x000001fbf788863c: ;   {runtime_call}
  0x000001fbf788863c: 0000 0049 | ba00 3000 | c5f9 7f00 | 0041 ffd2 | 4883 c420 | 49c7 8798 | 0200 0000 | 0000 0049 
  0x000001fbf788865c: c787 a002 | 0000 0000 | 0000 c5f8 | 7749 8b8f | d800 0000 | c781 0001 | 0000 0000 | 0000 c949 
  0x000001fbf788867c: 817f 0800 | 0000 000f | 8501 0000 

  0x000001fbf7888688: ;   {runtime_call StubRoutines (1)}
  0x000001fbf7888688: 00c3 e971 | 8881 ffc5 | f877 4c8b | e448 83ec | 2048 83e4 

  0x000001fbf788869c: ;   {runtime_call}
  0x000001fbf788869c: f049 ba80 | 6000 c5f9 | 7f00 0041 | ffd2 498b | e44d 33e4 | e93f ffff | fff4 f4f4 
[/MachCode]


---------------  P R O C E S S  ---------------

Threads class SMR info:
_java_thread_list=0x000001fbd37cbd10, length=13, elements={
0x000001fbe813bf80, 0x000001fb8b1e4cd0, 0x000001fb8b1e5890, 0x000001fb8b1f96f0,
0x000001fb8b1fa2b0, 0x000001fb8b1fcd80, 0x000001fb8b1ffb50, 0x000001fb8b203df0,
0x000001fb8b20c8b0, 0x000001fb8b20e2c0, 0x000001fb8bb8ff80, 0x000001fb8bb95e10,
0x000001fb8bbd8fb0
}

Java Threads: ( => current thread )
=>0x000001fbe813bf80 JavaThread "main" [_thread_in_native, id=2892, stack(0x000000653bb00000,0x000000653bc00000)]
  0x000001fb8b1e4cd0 JavaThread "Reference Handler" daemon [_thread_blocked, id=4336, stack(0x000000653c200000,0x000000653c300000)]
  0x000001fb8b1e5890 JavaThread "Finalizer" daemon [_thread_blocked, id=23408, stack(0x000000653c300000,0x000000653c400000)]
  0x000001fb8b1f96f0 JavaThread "Signal Dispatcher" daemon [_thread_blocked, id=19568, stack(0x000000653c400000,0x000000653c500000)]
  0x000001fb8b1fa2b0 JavaThread "Attach Listener" daemon [_thread_blocked, id=13116, stack(0x000000653c500000,0x000000653c600000)]
  0x000001fb8b1fcd80 JavaThread "Service Thread" daemon [_thread_blocked, id=11232, stack(0x000000653c600000,0x000000653c700000)]
  0x000001fb8b1ffb50 JavaThread "Monitor Deflation Thread" daemon [_thread_blocked, id=29200, stack(0x000000653c700000,0x000000653c800000)]
  0x000001fb8b203df0 JavaThread "C2 CompilerThread0" daemon [_thread_blocked, id=17524, stack(0x000000653c800000,0x000000653c900000)]
  0x000001fb8b20c8b0 JavaThread "C1 CompilerThread0" daemon [_thread_blocked, id=29028, stack(0x000000653c900000,0x000000653ca00000)]
  0x000001fb8b20e2c0 JavaThread "Sweeper thread" daemon [_thread_blocked, id=8796, stack(0x000000653ca00000,0x000000653cb00000)]
  0x000001fb8bb8ff80 JavaThread "Notification Thread" daemon [_thread_blocked, id=3352, stack(0x000000653cd00000,0x000000653ce00000)]
  0x000001fb8bb95e10 JavaThread "Common-Cleaner" daemon [_thread_blocked, id=14960, stack(0x000000653cf00000,0x000000653d000000)]
  0x000001fb8bbd8fb0 JavaThread "JavaCPP Deallocator" daemon [_thread_blocked, id=4348, stack(0x000000653d000000,0x000000653d100000)]

Other Threads:
  0x000001fb8b1de210 VMThread "VM Thread" [stack: 0x000000653c100000,0x000000653c200000] [id=26800]
  0x000001fb8bb90980 WatcherThread [stack: 0x000000653ce00000,0x000000653cf00000] [id=29024]
  0x000001fbe81a8ca0 GCTaskThread "GC Thread#0" [stack: 0x000000653bc00000,0x000000653bd00000] [id=18660]
  0x000001fbd1e468e0 GCTaskThread "GC Thread#1" [stack: 0x000000653d500000,0x000000653d600000] [id=28252]
  0x000001fbd3fc4200 GCTaskThread "GC Thread#2" [stack: 0x000000653d600000,0x000000653d700000] [id=19496]
  0x000001fbd2b3f2f0 GCTaskThread "GC Thread#3" [stack: 0x000000653d700000,0x000000653d800000] [id=16112]
  0x000001fbd2b3f5b0 GCTaskThread "GC Thread#4" [stack: 0x000000653d800000,0x000000653d900000] [id=1796]
  0x000001fbd1352600 GCTaskThread "GC Thread#5" [stack: 0x000000653d900000,0x000000653da00000] [id=11800]
  0x000001fbe81b9de0 ConcurrentGCThread "G1 Main Marker" [stack: 0x000000653bd00000,0x000000653be00000] [id=21876]
  0x000001fbe81ba800 ConcurrentGCThread "G1 Conc#0" [stack: 0x000000653be00000,0x000000653bf00000] [id=22868]
  0x000001fbe81ee470 ConcurrentGCThread "G1 Refine#0" [stack: 0x000000653bf00000,0x000000653c000000] [id=3288]
  0x000001fb8b119420 ConcurrentGCThread "G1 Service" [stack: 0x000000653c000000,0x000000653c100000] [id=29848]

Threads with active compile tasks:

VM state: not at safepoint (normal execution)

VM Mutex/Monitor currently owned by a thread: None

Heap address: 0x0000000705a00000, size: 4006 MB, Compressed Oops mode: Zero based, Oop shift amount: 3

CDS archive(s) mapped at: [0x000001fb8c000000-0x000001fb8cbb0000-0x000001fb8cbb0000), size 12255232, SharedBaseAddress: 0x000001fb8c000000, ArchiveRelocationMode: 1.
Compressed class space mapped at: 0x000001fb8d000000-0x000001fbcd000000, reserved size: 1073741824
Narrow klass base: 0x000001fb8c000000, Narrow klass shift: 0, Narrow klass range: 0x100000000

GC Precious Log:
 CPUs: 16 total, 16 available
 Memory: 16021M
 Large Page Support: Disabled
 NUMA Support: Disabled
 Compressed Oops: Enabled (Zero based)
 Heap Region Size: 2M
 Heap Min Capacity: 8M
 Heap Initial Capacity: 252M
 Heap Max Capacity: 4006M
 Pre-touch: Disabled
 Parallel Workers: 13
 Concurrent Workers: 3
 Concurrent Refinement Workers: 13
 Periodic GC: Disabled

Heap:
 garbage-first heap   total 258048K, used 13882K [0x0000000705a00000, 0x0000000800000000)
  region size 2048K, 8 young (16384K), 1 survivors (2048K)
 Metaspace       used 2126K, committed 2304K, reserved 1114112K
  class space    used 180K, committed 256K, reserved 1048576K

Heap Regions: E=young(eden), S=young(survivor), O=old, HS=humongous(starts), HC=humongous(continues), CS=collection set, F=free, OA=open archive, CA=closed archive, TAMS=top-at-mark-start (previous, next)
|   0|0x0000000705a00000, 0x0000000705a00000, 0x0000000705c00000|  0%| F|  |TAMS 0x0000000705a00000, 0x0000000705a00000| Untracked 
|   1|0x0000000705c00000, 0x0000000705c00000, 0x0000000705e00000|  0%| F|  |TAMS 0x0000000705c00000, 0x0000000705c00000| Untracked 
|   2|0x0000000705e00000, 0x0000000705e00000, 0x0000000706000000|  0%| F|  |TAMS 0x0000000705e00000, 0x0000000705e00000| Untracked 
|   3|0x0000000706000000, 0x0000000706000000, 0x0000000706200000|  0%| F|  |TAMS 0x0000000706000000, 0x0000000706000000| Untracked 
|   4|0x0000000706200000, 0x0000000706200000, 0x0000000706400000|  0%| F|  |TAMS 0x0000000706200000, 0x0000000706200000| Untracked 
|   5|0x0000000706400000, 0x0000000706400000, 0x0000000706600000|  0%| F|  |TAMS 0x0000000706400000, 0x0000000706400000| Untracked 
|   6|0x0000000706600000, 0x0000000706600000, 0x0000000706800000|  0%| F|  |TAMS 0x0000000706600000, 0x0000000706600000| Untracked 
|   7|0x0000000706800000, 0x0000000706800000, 0x0000000706a00000|  0%| F|  |TAMS 0x0000000706800000, 0x0000000706800000| Untracked 
|   8|0x0000000706a00000, 0x0000000706a00000, 0x0000000706c00000|  0%| F|  |TAMS 0x0000000706a00000, 0x0000000706a00000| Untracked 
|   9|0x0000000706c00000, 0x0000000706c00000, 0x0000000706e00000|  0%| F|  |TAMS 0x0000000706c00000, 0x0000000706c00000| Untracked 
|  10|0x0000000706e00000, 0x0000000706e00000, 0x0000000707000000|  0%| F|  |TAMS 0x0000000706e00000, 0x0000000706e00000| Untracked 
|  11|0x0000000707000000, 0x0000000707000000, 0x0000000707200000|  0%| F|  |TAMS 0x0000000707000000, 0x0000000707000000| Untracked 
|  12|0x0000000707200000, 0x0000000707200000, 0x0000000707400000|  0%| F|  |TAMS 0x0000000707200000, 0x0000000707200000| Untracked 
|  13|0x0000000707400000, 0x0000000707400000, 0x0000000707600000|  0%| F|  |TAMS 0x0000000707400000, 0x0000000707400000| Untracked 
|  14|0x0000000707600000, 0x0000000707600000, 0x0000000707800000|  0%| F|  |TAMS 0x0000000707600000, 0x0000000707600000| Untracked 
|  15|0x0000000707800000, 0x0000000707800000, 0x0000000707a00000|  0%| F|  |TAMS 0x0000000707800000, 0x0000000707800000| Untracked 
|  16|0x0000000707a00000, 0x0000000707a00000, 0x0000000707c00000|  0%| F|  |TAMS 0x0000000707a00000, 0x0000000707a00000| Untracked 
|  17|0x0000000707c00000, 0x0000000707c00000, 0x0000000707e00000|  0%| F|  |TAMS 0x0000000707c00000, 0x0000000707c00000| Untracked 
|  18|0x0000000707e00000, 0x0000000707e00000, 0x0000000708000000|  0%| F|  |TAMS 0x0000000707e00000, 0x0000000707e00000| Untracked 
|  19|0x0000000708000000, 0x0000000708000000, 0x0000000708200000|  0%| F|  |TAMS 0x0000000708000000, 0x0000000708000000| Untracked 
|  20|0x0000000708200000, 0x0000000708200000, 0x0000000708400000|  0%| F|  |TAMS 0x0000000708200000, 0x0000000708200000| Untracked 
|  21|0x0000000708400000, 0x0000000708400000, 0x0000000708600000|  0%| F|  |TAMS 0x0000000708400000, 0x0000000708400000| Untracked 
|  22|0x0000000708600000, 0x0000000708600000, 0x0000000708800000|  0%| F|  |TAMS 0x0000000708600000, 0x0000000708600000| Untracked 
|  23|0x0000000708800000, 0x0000000708800000, 0x0000000708a00000|  0%| F|  |TAMS 0x0000000708800000, 0x0000000708800000| Untracked 
|  24|0x0000000708a00000, 0x0000000708a00000, 0x0000000708c00000|  0%| F|  |TAMS 0x0000000708a00000, 0x0000000708a00000| Untracked 
|  25|0x0000000708c00000, 0x0000000708c00000, 0x0000000708e00000|  0%| F|  |TAMS 0x0000000708c00000, 0x0000000708c00000| Untracked 
|  26|0x0000000708e00000, 0x0000000708e00000, 0x0000000709000000|  0%| F|  |TAMS 0x0000000708e00000, 0x0000000708e00000| Untracked 
|  27|0x0000000709000000, 0x0000000709000000, 0x0000000709200000|  0%| F|  |TAMS 0x0000000709000000, 0x0000000709000000| Untracked 
|  28|0x0000000709200000, 0x0000000709200000, 0x0000000709400000|  0%| F|  |TAMS 0x0000000709200000, 0x0000000709200000| Untracked 
|  29|0x0000000709400000, 0x0000000709400000, 0x0000000709600000|  0%| F|  |TAMS 0x0000000709400000, 0x0000000709400000| Untracked 
|  30|0x0000000709600000, 0x0000000709600000, 0x0000000709800000|  0%| F|  |TAMS 0x0000000709600000, 0x0000000709600000| Untracked 
|  31|0x0000000709800000, 0x0000000709800000, 0x0000000709a00000|  0%| F|  |TAMS 0x0000000709800000, 0x0000000709800000| Untracked 
|  32|0x0000000709a00000, 0x0000000709a00000, 0x0000000709c00000|  0%| F|  |TAMS 0x0000000709a00000, 0x0000000709a00000| Untracked 
|  33|0x0000000709c00000, 0x0000000709c00000, 0x0000000709e00000|  0%| F|  |TAMS 0x0000000709c00000, 0x0000000709c00000| Untracked 
|  34|0x0000000709e00000, 0x0000000709e00000, 0x000000070a000000|  0%| F|  |TAMS 0x0000000709e00000, 0x0000000709e00000| Untracked 
|  35|0x000000070a000000, 0x000000070a000000, 0x000000070a200000|  0%| F|  |TAMS 0x000000070a000000, 0x000000070a000000| Untracked 
|  36|0x000000070a200000, 0x000000070a200000, 0x000000070a400000|  0%| F|  |TAMS 0x000000070a200000, 0x000000070a200000| Untracked 
|  37|0x000000070a400000, 0x000000070a400000, 0x000000070a600000|  0%| F|  |TAMS 0x000000070a400000, 0x000000070a400000| Untracked 
|  38|0x000000070a600000, 0x000000070a600000, 0x000000070a800000|  0%| F|  |TAMS 0x000000070a600000, 0x000000070a600000| Untracked 
|  39|0x000000070a800000, 0x000000070a800000, 0x000000070aa00000|  0%| F|  |TAMS 0x000000070a800000, 0x000000070a800000| Untracked 
|  40|0x000000070aa00000, 0x000000070aa00000, 0x000000070ac00000|  0%| F|  |TAMS 0x000000070aa00000, 0x000000070aa00000| Untracked 
|  41|0x000000070ac00000, 0x000000070ac00000, 0x000000070ae00000|  0%| F|  |TAMS 0x000000070ac00000, 0x000000070ac00000| Untracked 
|  42|0x000000070ae00000, 0x000000070ae00000, 0x000000070b000000|  0%| F|  |TAMS 0x000000070ae00000, 0x000000070ae00000| Untracked 
|  43|0x000000070b000000, 0x000000070b000000, 0x000000070b200000|  0%| F|  |TAMS 0x000000070b000000, 0x000000070b000000| Untracked 
|  44|0x000000070b200000, 0x000000070b200000, 0x000000070b400000|  0%| F|  |TAMS 0x000000070b200000, 0x000000070b200000| Untracked 
|  45|0x000000070b400000, 0x000000070b400000, 0x000000070b600000|  0%| F|  |TAMS 0x000000070b400000, 0x000000070b400000| Untracked 
|  46|0x000000070b600000, 0x000000070b600000, 0x000000070b800000|  0%| F|  |TAMS 0x000000070b600000, 0x000000070b600000| Untracked 
|  47|0x000000070b800000, 0x000000070b800000, 0x000000070ba00000|  0%| F|  |TAMS 0x000000070b800000, 0x000000070b800000| Untracked 
|  48|0x000000070ba00000, 0x000000070ba00000, 0x000000070bc00000|  0%| F|  |TAMS 0x000000070ba00000, 0x000000070ba00000| Untracked 
|  49|0x000000070bc00000, 0x000000070bc00000, 0x000000070be00000|  0%| F|  |TAMS 0x000000070bc00000, 0x000000070bc00000| Untracked 
|  50|0x000000070be00000, 0x000000070be00000, 0x000000070c000000|  0%| F|  |TAMS 0x000000070be00000, 0x000000070be00000| Untracked 
|  51|0x000000070c000000, 0x000000070c000000, 0x000000070c200000|  0%| F|  |TAMS 0x000000070c000000, 0x000000070c000000| Untracked 
|  52|0x000000070c200000, 0x000000070c200000, 0x000000070c400000|  0%| F|  |TAMS 0x000000070c200000, 0x000000070c200000| Untracked 
|  53|0x000000070c400000, 0x000000070c400000, 0x000000070c600000|  0%| F|  |TAMS 0x000000070c400000, 0x000000070c400000| Untracked 
|  54|0x000000070c600000, 0x000000070c600000, 0x000000070c800000|  0%| F|  |TAMS 0x000000070c600000, 0x000000070c600000| Untracked 
|  55|0x000000070c800000, 0x000000070c800000, 0x000000070ca00000|  0%| F|  |TAMS 0x000000070c800000, 0x000000070c800000| Untracked 
|  56|0x000000070ca00000, 0x000000070ca00000, 0x000000070cc00000|  0%| F|  |TAMS 0x000000070ca00000, 0x000000070ca00000| Untracked 
|  57|0x000000070cc00000, 0x000000070cc00000, 0x000000070ce00000|  0%| F|  |TAMS 0x000000070cc00000, 0x000000070cc00000| Untracked 
|  58|0x000000070ce00000, 0x000000070ce00000, 0x000000070d000000|  0%| F|  |TAMS 0x000000070ce00000, 0x000000070ce00000| Untracked 
|  59|0x000000070d000000, 0x000000070d000000, 0x000000070d200000|  0%| F|  |TAMS 0x000000070d000000, 0x000000070d000000| Untracked 
|  60|0x000000070d200000, 0x000000070d200000, 0x000000070d400000|  0%| F|  |TAMS 0x000000070d200000, 0x000000070d200000| Untracked 
|  61|0x000000070d400000, 0x000000070d400000, 0x000000070d600000|  0%| F|  |TAMS 0x000000070d400000, 0x000000070d400000| Untracked 
|  62|0x000000070d600000, 0x000000070d600000, 0x000000070d800000|  0%| F|  |TAMS 0x000000070d600000, 0x000000070d600000| Untracked 
|  63|0x000000070d800000, 0x000000070d800000, 0x000000070da00000|  0%| F|  |TAMS 0x000000070d800000, 0x000000070d800000| Untracked 
|  64|0x000000070da00000, 0x000000070da00000, 0x000000070dc00000|  0%| F|  |TAMS 0x000000070da00000, 0x000000070da00000| Untracked 
|  65|0x000000070dc00000, 0x000000070dc00000, 0x000000070de00000|  0%| F|  |TAMS 0x000000070dc00000, 0x000000070dc00000| Untracked 
|  66|0x000000070de00000, 0x000000070de00000, 0x000000070e000000|  0%| F|  |TAMS 0x000000070de00000, 0x000000070de00000| Untracked 
|  67|0x000000070e000000, 0x000000070e000000, 0x000000070e200000|  0%| F|  |TAMS 0x000000070e000000, 0x000000070e000000| Untracked 
|  68|0x000000070e200000, 0x000000070e200000, 0x000000070e400000|  0%| F|  |TAMS 0x000000070e200000, 0x000000070e200000| Untracked 
|  69|0x000000070e400000, 0x000000070e400000, 0x000000070e600000|  0%| F|  |TAMS 0x000000070e400000, 0x000000070e400000| Untracked 
|  70|0x000000070e600000, 0x000000070e600000, 0x000000070e800000|  0%| F|  |TAMS 0x000000070e600000, 0x000000070e600000| Untracked 
|  71|0x000000070e800000, 0x000000070e800000, 0x000000070ea00000|  0%| F|  |TAMS 0x000000070e800000, 0x000000070e800000| Untracked 
|  72|0x000000070ea00000, 0x000000070ea00000, 0x000000070ec00000|  0%| F|  |TAMS 0x000000070ea00000, 0x000000070ea00000| Untracked 
|  73|0x000000070ec00000, 0x000000070ec00000, 0x000000070ee00000|  0%| F|  |TAMS 0x000000070ec00000, 0x000000070ec00000| Untracked 
|  74|0x000000070ee00000, 0x000000070ee00000, 0x000000070f000000|  0%| F|  |TAMS 0x000000070ee00000, 0x000000070ee00000| Untracked 
|  75|0x000000070f000000, 0x000000070f000000, 0x000000070f200000|  0%| F|  |TAMS 0x000000070f000000, 0x000000070f000000| Untracked 
|  76|0x000000070f200000, 0x000000070f200000, 0x000000070f400000|  0%| F|  |TAMS 0x000000070f200000, 0x000000070f200000| Untracked 
|  77|0x000000070f400000, 0x000000070f400000, 0x000000070f600000|  0%| F|  |TAMS 0x000000070f400000, 0x000000070f400000| Untracked 
|  78|0x000000070f600000, 0x000000070f600000, 0x000000070f800000|  0%| F|  |TAMS 0x000000070f600000, 0x000000070f600000| Untracked 
|  79|0x000000070f800000, 0x000000070f800000, 0x000000070fa00000|  0%| F|  |TAMS 0x000000070f800000, 0x000000070f800000| Untracked 
|  80|0x000000070fa00000, 0x000000070fa00000, 0x000000070fc00000|  0%| F|  |TAMS 0x000000070fa00000, 0x000000070fa00000| Untracked 
|  81|0x000000070fc00000, 0x000000070fc00000, 0x000000070fe00000|  0%| F|  |TAMS 0x000000070fc00000, 0x000000070fc00000| Untracked 
|  82|0x000000070fe00000, 0x000000070fe00000, 0x0000000710000000|  0%| F|  |TAMS 0x000000070fe00000, 0x000000070fe00000| Untracked 
|  83|0x0000000710000000, 0x0000000710000000, 0x0000000710200000|  0%| F|  |TAMS 0x0000000710000000, 0x0000000710000000| Untracked 
|  84|0x0000000710200000, 0x0000000710200000, 0x0000000710400000|  0%| F|  |TAMS 0x0000000710200000, 0x0000000710200000| Untracked 
|  85|0x0000000710400000, 0x0000000710400000, 0x0000000710600000|  0%| F|  |TAMS 0x0000000710400000, 0x0000000710400000| Untracked 
|  86|0x0000000710600000, 0x0000000710600000, 0x0000000710800000|  0%| F|  |TAMS 0x0000000710600000, 0x0000000710600000| Untracked 
|  87|0x0000000710800000, 0x0000000710800000, 0x0000000710a00000|  0%| F|  |TAMS 0x0000000710800000, 0x0000000710800000| Untracked 
|  88|0x0000000710a00000, 0x0000000710a00000, 0x0000000710c00000|  0%| F|  |TAMS 0x0000000710a00000, 0x0000000710a00000| Untracked 
|  89|0x0000000710c00000, 0x0000000710c00000, 0x0000000710e00000|  0%| F|  |TAMS 0x0000000710c00000, 0x0000000710c00000| Untracked 
|  90|0x0000000710e00000, 0x0000000710e00000, 0x0000000711000000|  0%| F|  |TAMS 0x0000000710e00000, 0x0000000710e00000| Untracked 
|  91|0x0000000711000000, 0x0000000711000000, 0x0000000711200000|  0%| F|  |TAMS 0x0000000711000000, 0x0000000711000000| Untracked 
|  92|0x0000000711200000, 0x0000000711200000, 0x0000000711400000|  0%| F|  |TAMS 0x0000000711200000, 0x0000000711200000| Untracked 
|  93|0x0000000711400000, 0x0000000711400000, 0x0000000711600000|  0%| F|  |TAMS 0x0000000711400000, 0x0000000711400000| Untracked 
|  94|0x0000000711600000, 0x0000000711600000, 0x0000000711800000|  0%| F|  |TAMS 0x0000000711600000, 0x0000000711600000| Untracked 
|  95|0x0000000711800000, 0x0000000711800000, 0x0000000711a00000|  0%| F|  |TAMS 0x0000000711800000, 0x0000000711800000| Untracked 
|  96|0x0000000711a00000, 0x0000000711a00000, 0x0000000711c00000|  0%| F|  |TAMS 0x0000000711a00000, 0x0000000711a00000| Untracked 
|  97|0x0000000711c00000, 0x0000000711c00000, 0x0000000711e00000|  0%| F|  |TAMS 0x0000000711c00000, 0x0000000711c00000| Untracked 
|  98|0x0000000711e00000, 0x0000000711e00000, 0x0000000712000000|  0%| F|  |TAMS 0x0000000711e00000, 0x0000000711e00000| Untracked 
|  99|0x0000000712000000, 0x0000000712000000, 0x0000000712200000|  0%| F|  |TAMS 0x0000000712000000, 0x0000000712000000| Untracked 
| 100|0x0000000712200000, 0x0000000712200000, 0x0000000712400000|  0%| F|  |TAMS 0x0000000712200000, 0x0000000712200000| Untracked 
| 101|0x0000000712400000, 0x0000000712400000, 0x0000000712600000|  0%| F|  |TAMS 0x0000000712400000, 0x0000000712400000| Untracked 
| 102|0x0000000712600000, 0x0000000712600000, 0x0000000712800000|  0%| F|  |TAMS 0x0000000712600000, 0x0000000712600000| Untracked 
| 103|0x0000000712800000, 0x0000000712800000, 0x0000000712a00000|  0%| F|  |TAMS 0x0000000712800000, 0x0000000712800000| Untracked 
| 104|0x0000000712a00000, 0x0000000712a00000, 0x0000000712c00000|  0%| F|  |TAMS 0x0000000712a00000, 0x0000000712a00000| Untracked 
| 105|0x0000000712c00000, 0x0000000712c00000, 0x0000000712e00000|  0%| F|  |TAMS 0x0000000712c00000, 0x0000000712c00000| Untracked 
| 106|0x0000000712e00000, 0x0000000712e00000, 0x0000000713000000|  0%| F|  |TAMS 0x0000000712e00000, 0x0000000712e00000| Untracked 
| 107|0x0000000713000000, 0x0000000713000000, 0x0000000713200000|  0%| F|  |TAMS 0x0000000713000000, 0x0000000713000000| Untracked 
| 108|0x0000000713200000, 0x0000000713200000, 0x0000000713400000|  0%| F|  |TAMS 0x0000000713200000, 0x0000000713200000| Untracked 
| 109|0x0000000713400000, 0x0000000713400000, 0x0000000713600000|  0%| F|  |TAMS 0x0000000713400000, 0x0000000713400000| Untracked 
| 110|0x0000000713600000, 0x0000000713600000, 0x0000000713800000|  0%| F|  |TAMS 0x0000000713600000, 0x0000000713600000| Untracked 
| 111|0x0000000713800000, 0x0000000713800000, 0x0000000713a00000|  0%| F|  |TAMS 0x0000000713800000, 0x0000000713800000| Untracked 
| 112|0x0000000713a00000, 0x0000000713a00000, 0x0000000713c00000|  0%| F|  |TAMS 0x0000000713a00000, 0x0000000713a00000| Untracked 
| 113|0x0000000713c00000, 0x0000000713c00000, 0x0000000713e00000|  0%| F|  |TAMS 0x0000000713c00000, 0x0000000713c00000| Untracked 
| 114|0x0000000713e00000, 0x0000000713f8ea30, 0x0000000714000000| 77%| S|CS|TAMS 0x0000000713e00000, 0x0000000713e00000| Complete 
| 115|0x0000000714000000, 0x0000000714000000, 0x0000000714200000|  0%| F|  |TAMS 0x0000000714000000, 0x0000000714000000| Untracked 
| 116|0x0000000714200000, 0x0000000714200000, 0x0000000714400000|  0%| F|  |TAMS 0x0000000714200000, 0x0000000714200000| Untracked 
| 117|0x0000000714400000, 0x0000000714400000, 0x0000000714600000|  0%| F|  |TAMS 0x0000000714400000, 0x0000000714400000| Untracked 
| 118|0x0000000714600000, 0x0000000714600000, 0x0000000714800000|  0%| F|  |TAMS 0x0000000714600000, 0x0000000714600000| Untracked 
| 119|0x0000000714800000, 0x00000007148a83e0, 0x0000000714a00000| 32%| E|  |TAMS 0x0000000714800000, 0x0000000714800000| Complete 
| 120|0x0000000714a00000, 0x0000000714c00000, 0x0000000714c00000|100%| E|CS|TAMS 0x0000000714a00000, 0x0000000714a00000| Complete 
| 121|0x0000000714c00000, 0x0000000714e00000, 0x0000000714e00000|100%| E|CS|TAMS 0x0000000714c00000, 0x0000000714c00000| Complete 
| 122|0x0000000714e00000, 0x0000000715000000, 0x0000000715000000|100%| E|CS|TAMS 0x0000000714e00000, 0x0000000714e00000| Complete 
| 123|0x0000000715000000, 0x0000000715200000, 0x0000000715200000|100%| E|CS|TAMS 0x0000000715000000, 0x0000000715000000| Complete 
| 124|0x0000000715200000, 0x0000000715400000, 0x0000000715400000|100%| E|CS|TAMS 0x0000000715200000, 0x0000000715200000| Complete 
| 125|0x0000000715400000, 0x0000000715600000, 0x0000000715600000|100%| E|CS|TAMS 0x0000000715400000, 0x0000000715400000| Complete 

Card table byte_map: [0x000001fb80000000,0x000001fb807e0000] _byte_map_base: 0x000001fb7c7d3000

Marking Bits (Prev, Next): (CMBitMap*) 0x000001fbe81a92c0, (CMBitMap*) 0x000001fbe81a9300
 Prev Bits: [0x000001fb80fc0000, 0x000001fb84e58000)
 Next Bits: [0x000001fb84e60000, 0x000001fb88cf8000)

Polling page: 0x000001fbe5e90000

Metaspace:

Usage:
  Non-class:      1.90 MB used.
      Class:    180.82 KB used.
       Both:      2.08 MB used.

Virtual space:
  Non-class space:       64.00 MB reserved,       2.00 MB (  3%) committed,  1 nodes.
      Class space:        1.00 GB reserved,     256.00 KB ( <1%) committed,  1 nodes.
             Both:        1.06 GB reserved,       2.25 MB ( <1%) committed. 

Chunk freelists:
   Non-Class:  11.23 MB
       Class:  15.65 MB
        Both:  26.88 MB

MaxMetaspaceSize: unlimited
CompressedClassSpaceSize: 1.00 GB
Initial GC threshold: 21.00 MB
Current GC threshold: 21.00 MB
CDS: on
MetaspaceReclaimPolicy: balanced
 - commit_granule_bytes: 65536.
 - commit_granule_words: 8192.
 - virtual_space_node_default_size: 8388608.
 - enlarge_chunks_in_place: 1.
 - new_chunks_are_fully_committed: 0.
 - uncommit_free_chunks: 1.
 - use_allocation_guard: 0.
 - handle_deallocations: 1.


Internal statistics:

num_allocs_failed_limit: 0.
num_arena_births: 32.
num_arena_deaths: 0.
num_vsnodes_births: 2.
num_vsnodes_deaths: 0.
num_space_committed: 36.
num_space_uncommitted: 0.
num_chunks_returned_to_freelist: 0.
num_chunks_taken_from_freelist: 72.
num_chunk_merges: 0.
num_chunk_splits: 50.
num_chunks_enlarged: 39.
num_inconsistent_stats: 0.

CodeHeap 'non-profiled nmethods': size=119168Kb used=675Kb max_used=675Kb free=118492Kb
 bounds [0x000001fbf77f0000, 0x000001fbf7a60000, 0x000001fbfec50000]
CodeHeap 'profiled nmethods': size=119104Kb used=1413Kb max_used=1413Kb free=117690Kb
 bounds [0x000001fbefc50000, 0x000001fbefec0000, 0x000001fbf70a0000]
CodeHeap 'non-nmethods': size=7488Kb used=1159Kb max_used=2351Kb free=6328Kb
 bounds [0x000001fbf70a0000, 0x000001fbf7310000, 0x000001fbf77f0000]
 total_blobs=1309 nmethods=872 adapters=350
 compilation: enabled
              stopped_count=0, restarted_count=0
 full_count=0

Compilation events (20 events):
Event: 64.084 Thread 0x000001fb8b203df0  862       4       java.lang.invoke.DirectMethodHandle$Holder::invokeStatic (21 bytes)
Event: 64.086 Thread 0x000001fb8b203df0 nmethod 862 0x000001fbf7896110 code [0x000001fbf78962a0, 0x000001fbf7896388]
Event: 64.086 Thread 0x000001fb8b203df0  863       4       java.lang.StringConcatHelper::prepend (22 bytes)
Event: 64.094 Thread 0x000001fb8b203df0 nmethod 863 0x000001fbf7896490 code [0x000001fbf7896620, 0x000001fbf7896a98]
Event: 74.017 Thread 0x000001fb8b203df0  864       4       java.lang.invoke.Invokers$Holder::linkToTargetMethod (9 bytes)
Event: 74.018 Thread 0x000001fb8b203df0 nmethod 864 0x000001fbf7896f10 code [0x000001fbf78970a0, 0x000001fbf7897158]
Event: 74.050 Thread 0x000001fb8b203df0  865       4       java.lang.invoke.LambdaForm$MH/0x000001fb8d019000::invoke (27 bytes)
Event: 74.052 Thread 0x000001fb8b203df0 nmethod 865 0x000001fbf7897290 code [0x000001fbf7897420, 0x000001fbf7897518]
Event: 74.052 Thread 0x000001fb8b203df0  866       4       java.lang.invoke.DirectMethodHandle$Holder::invokeStatic (17 bytes)
Event: 74.053 Thread 0x000001fbd4b65030  867       4       java.lang.StringConcatHelper::mix (11 bytes)
Event: 74.054 Thread 0x000001fb8b203df0 nmethod 866 0x000001fbf7897690 code [0x000001fbf7897820, 0x000001fbf78978e8]
Event: 74.054 Thread 0x000001fb8b203df0  868       4       java.lang.invoke.DirectMethodHandle$Holder::invokeStatic (14 bytes)
Event: 74.055 Thread 0x000001fb8b203df0 nmethod 868 0x000001fbf7897a10 code [0x000001fbf7897ba0, 0x000001fbf7897c68]
Event: 74.055 Thread 0x000001fb8b203df0  869       4       java.lang.invoke.LambdaForm$MH/0x000001fb8d018400::invoke (32 bytes)
Event: 74.057 Thread 0x000001fbd4b65030 nmethod 867 0x000001fbf7897d90 code [0x000001fbf7897f00, 0x000001fbf7898018]
Event: 74.057 Thread 0x000001fb8b203df0 nmethod 869 0x000001fbf7898110 code [0x000001fbf78982a0, 0x000001fbf78983b8]
Event: 75.505 Thread 0x000001fb8b203df0  870       4       java.lang.invoke.DirectMethodHandle$Holder::invokeStatic (17 bytes)
Event: 75.506 Thread 0x000001fb8b203df0 nmethod 870 0x000001fbf7898510 code [0x000001fbf78986a0, 0x000001fbf7898768]
Event: 75.672 Thread 0x000001fb8b20c8b0  871       3       PineVille.Shop::ShopUi (441 bytes)
Event: 75.675 Thread 0x000001fb8b20c8b0 nmethod 871 0x000001fbefdaea90 code [0x000001fbefdaeee0, 0x000001fbefdb0be8]

GC Heap History (2 events):
Event: 1.567 GC heap before
{Heap before GC invocations=0 (full 0):
 garbage-first heap   total 258048K, used 22528K [0x0000000705a00000, 0x0000000800000000)
  region size 2048K, 11 young (22528K), 0 survivors (0K)
 Metaspace       used 1807K, committed 1920K, reserved 1114112K
  class space    used 141K, committed 192K, reserved 1048576K
}
Event: 1.579 GC heap after
{Heap after GC invocations=1 (full 0):
 garbage-first heap   total 258048K, used 1594K [0x0000000705a00000, 0x0000000800000000)
  region size 2048K, 1 young (2048K), 1 survivors (2048K)
 Metaspace       used 1807K, committed 1920K, reserved 1114112K
  class space    used 141K, committed 192K, reserved 1048576K
}

Dll operation events (20 events):
Event: 1.007 Loaded shared library C:\Program Files (x86)\Windows Kits\10\Redist\ucrt\DLLs\x64\api-ms-win-core-rtlsupport-l1-1-0.dll
Event: 1.024 Loaded shared library C:\Program Files (x86)\Windows Kits\10\Redist\ucrt\DLLs\x64\api-ms-win-core-processthreads-l1-1-1.dll
Event: 1.044 Loaded shared library C:\Program Files (x86)\Windows Kits\10\Redist\ucrt\DLLs\x64\api-ms-win-core-file-l1-2-0.dll
Event: 1.072 Loaded shared library C:\Program Files (x86)\Windows Kits\10\Redist\ucrt\DLLs\x64\api-ms-win-core-profile-l1-1-0.dll
Event: 1.085 Loaded shared library C:\Program Files (x86)\Windows Kits\10\Redist\ucrt\DLLs\x64\api-ms-win-core-memory-l1-1-0.dll
Event: 1.112 Loaded shared library C:\Program Files (x86)\Windows Kits\10\Redist\ucrt\DLLs\x64\api-ms-win-core-util-l1-1-0.dll
Event: 1.136 Loaded shared library C:\Program Files (x86)\Windows Kits\10\Redist\ucrt\DLLs\x64\api-ms-win-core-interlocked-l1-1-0.dll
Event: 1.160 Loaded shared library C:\Program Files (x86)\Windows Kits\10\Redist\ucrt\DLLs\x64\ucrtbase.dll
Event: 1.185 Loaded shared library C:\Users\luczu\.jdks\corretto-17.0.10\bin\vcruntime140.dll
Event: 1.200 Loaded shared library C:\Users\luczu\.jdks\corretto-17.0.10\bin\vcruntime140_1.dll
Event: 1.211 Loaded shared library C:\Users\luczu\.jdks\corretto-17.0.10\bin\msvcp140.dll
Event: 1.225 Loaded shared library C:\Windows\System32\msvcp140_1.dll
Event: 1.261 Loaded shared library C:\Windows\System32\concrt140.dll
Event: 1.285 Loaded shared library C:\Windows\System32\vcomp140.dll
Event: 1.353 Loaded shared library C:\Windows\System32\winmm.dll
Event: 1.361 Loaded shared library C:\Windows\System32\opengl32.dll
Event: 1.365 Loaded shared library C:\Windows\System32\user32.dll
Event: 1.368 Loaded shared library C:\Windows\System32\shell32.dll
Event: 1.371 Loaded shared library C:\Windows\System32\gdi32.dll
Event: 1.456 Loaded shared library C:\Users\luczu\.javacpp\cache\jaylib-4.5.0-0.jar\com\raylib\windows-x86_64\jniRaylib.dll

Deoptimization events (20 events):
Event: 1.309 Thread 0x000001fbe813bf80 DEOPT PACKING pc=0x000001fbf780db7c sp=0x000000653bbfd490
Event: 1.309 Thread 0x000001fbe813bf80 DEOPT UNPACKING pc=0x000001fbf70fa1a3 sp=0x000000653bbfd418 mode 2
Event: 1.321 Thread 0x000001fbe813bf80 Uncommon trap: trap_request=0xffffff45 fr.pc=0x000001fbf7817b54 relative=0x00000000000001b4
Event: 1.321 Thread 0x000001fbe813bf80 Uncommon trap: reason=unstable_if action=reinterpret pc=0x000001fbf7817b54 method=sun.net.www.ParseUtil.firstEncodeIndex(Ljava/lang/String;)I @ 51 c2
Event: 1.322 Thread 0x000001fbe813bf80 DEOPT PACKING pc=0x000001fbf7817b54 sp=0x000000653bbfd6a0
Event: 1.322 Thread 0x000001fbe813bf80 DEOPT UNPACKING pc=0x000001fbf70fa1a3 sp=0x000000653bbfd628 mode 2
Event: 1.323 Thread 0x000001fbe813bf80 Uncommon trap: trap_request=0xffffff45 fr.pc=0x000001fbf782ab44 relative=0x0000000000001324
Event: 1.323 Thread 0x000001fbe813bf80 Uncommon trap: reason=unstable_if action=reinterpret pc=0x000001fbf782ab44 method=java.net.URL.<init>(Ljava/net/URL;Ljava/lang/String;Ljava/net/URLStreamHandler;)V @ 273 c2
Event: 1.324 Thread 0x000001fbe813bf80 DEOPT PACKING pc=0x000001fbf782ab44 sp=0x000000653bbfd5e0
Event: 1.324 Thread 0x000001fbe813bf80 DEOPT UNPACKING pc=0x000001fbf70fa1a3 sp=0x000000653bbfd570 mode 2
Event: 1.356 Thread 0x000001fbe813bf80 Uncommon trap: trap_request=0xffffff45 fr.pc=0x000001fbf7812910 relative=0x00000000000001f0
Event: 1.356 Thread 0x000001fbe813bf80 Uncommon trap: reason=unstable_if action=reinterpret pc=0x000001fbf7812910 method=sun.net.www.ParseUtil.firstEncodeIndex(Ljava/lang/String;)I @ 51 c2
Event: 1.356 Thread 0x000001fbe813bf80 DEOPT PACKING pc=0x000001fbf7812910 sp=0x000000653bbfd460
Event: 1.356 Thread 0x000001fbe813bf80 DEOPT UNPACKING pc=0x000001fbf70fa1a3 sp=0x000000653bbfd408 mode 2
Event: 1.580 Thread 0x000001fbe813bf80 Uncommon trap: trap_request=0xffffff45 fr.pc=0x000001fbf781c3e0 relative=0x00000000000000e0
Event: 1.580 Thread 0x000001fbe813bf80 Uncommon trap: reason=unstable_if action=reinterpret pc=0x000001fbf781c3e0 method=java.lang.ref.SoftReference.get()Ljava/lang/Object; @ 17 c2
Event: 1.580 Thread 0x000001fbe813bf80 DEOPT PACKING pc=0x000001fbf781c3e0 sp=0x000000653bbfbe80
Event: 1.580 Thread 0x000001fbe813bf80 DEOPT UNPACKING pc=0x000001fbf70fa1a3 sp=0x000000653bbfbe38 mode 2
Event: 42.750 Thread 0x000001fbe813bf80 DEOPT PACKING pc=0x000001fbefda6682 sp=0x000000653bbfe8e0
Event: 42.750 Thread 0x000001fbe813bf80 DEOPT UNPACKING pc=0x000001fbf70face3 sp=0x000000653bbfdd60 mode 0

Classes unloaded (0 events):
No events

Classes redefined (0 events):
No events

Internal exceptions (7 events):
Event: 0.296 Thread 0x000001fbe813bf80 Exception <a 'java/lang/NoSuchMethodError'{0x0000000715244498}: 'int java.lang.invoke.DirectMethodHandle$Holder.invokeStaticInit(java.lang.Object, java.lang.Object, java.lang.Object, java.lang.Object)'> (0x0000000715244498) 
thrown [s\src\hotspot\share\interpreter\linkResolver.cpp, line 759]
Event: 0.299 Thread 0x000001fbe813bf80 Exception <a 'java/lang/NoSuchMethodError'{0x000000071524f1a8}: 'java.lang.Object java.lang.invoke.DirectMethodHandle$Holder.invokeInterface(java.lang.Object, java.lang.Object)'> (0x000000071524f1a8) 
thrown [s\src\hotspot\share\interpreter\linkResolver.cpp, line 759]
Event: 0.301 Thread 0x000001fbe813bf80 Exception <a 'java/lang/IncompatibleClassChangeError'{0x00000007152528c0}: Found class java.lang.Object, but interface was expected> (0x00000007152528c0) 
thrown [s\src\hotspot\share\interpreter\linkResolver.cpp, line 826]
Event: 0.306 Thread 0x000001fbe813bf80 Exception <a 'java/lang/NoSuchMethodError'{0x0000000715255a68}: 'void java.lang.invoke.DirectMethodHandle$Holder.invokeStatic(java.lang.Object, java.lang.Object)'> (0x0000000715255a68) 
thrown [s\src\hotspot\share\interpreter\linkResolver.cpp, line 759]
Event: 0.307 Thread 0x000001fbe813bf80 Exception <a 'java/lang/NoSuchMethodError'{0x00000007152590d8}: 'void java.lang.invoke.DirectMethodHandle$Holder.invokeStaticInit(java.lang.Object, java.lang.Object)'> (0x00000007152590d8) 
thrown [s\src\hotspot\share\interpreter\linkResolver.cpp, line 759]
Event: 0.309 Thread 0x000001fbe813bf80 Exception <a 'java/lang/NoSuchMethodError'{0x000000071525f780}: 'int java.lang.invoke.DirectMethodHandle$Holder.invokeStaticInit(java.lang.Object, java.lang.Object)'> (0x000000071525f780) 
thrown [s\src\hotspot\share\interpreter\linkResolver.cpp, line 759]
Event: 1.412 Thread 0x000001fbe813bf80 Exception <a 'java/lang/NoSuchMethodError'{0x0000000714186820}: 'java.lang.Object java.lang.invoke.DirectMethodHandle$Holder.invokeStatic(java.lang.Object, int, java.lang.Object)'> (0x0000000714186820) 
thrown [s\src\hotspot\share\interpreter\linkResolver.cpp, line 759]

VM Operations (20 events):
Event: 0.248 Executing VM operation: HandshakeAllThreads
Event: 0.248 Executing VM operation: HandshakeAllThreads done
Event: 0.417 Executing VM operation: HandshakeAllThreads
Event: 0.417 Executing VM operation: HandshakeAllThreads done
Event: 1.426 Executing VM operation: Cleanup
Event: 1.443 Executing VM operation: Cleanup done
Event: 1.567 Executing VM operation: G1CollectForAllocation
Event: 1.579 Executing VM operation: G1CollectForAllocation done
Event: 2.593 Executing VM operation: Cleanup
Event: 2.593 Executing VM operation: Cleanup done
Event: 3.605 Executing VM operation: Cleanup
Event: 3.605 Executing VM operation: Cleanup done
Event: 10.609 Executing VM operation: Cleanup
Event: 10.609 Executing VM operation: Cleanup done
Event: 13.610 Executing VM operation: Cleanup
Event: 13.610 Executing VM operation: Cleanup done
Event: 19.613 Executing VM operation: Cleanup
Event: 19.613 Executing VM operation: Cleanup done
Event: 60.038 Executing VM operation: HandshakeAllThreads
Event: 60.038 Executing VM operation: HandshakeAllThreads done

Events (20 events):
Event: 1.405 loading class java/time/DayOfWeek
Event: 1.406 loading class java/time/DayOfWeek done
Event: 1.407 loading class java/time/zone/ZoneOffsetTransitionRule$TimeDefinition
Event: 1.407 loading class java/time/zone/ZoneOffsetTransitionRule$TimeDefinition done
Event: 1.408 loading class java/time/zone/ZoneOffsetTransition
Event: 1.409 loading class java/time/zone/ZoneOffsetTransition done
Event: 1.411 loading class java/time/temporal/TemporalAdjusters
Event: 1.411 loading class java/time/temporal/TemporalAdjusters done
Event: 1.416 loading class java/time/zone/ZoneOffsetTransitionRule$1
Event: 1.416 loading class java/time/zone/ZoneOffsetTransitionRule$1 done
Event: 1.416 loading class java/util/concurrent/TimeUnit$1
Event: 1.417 loading class java/util/concurrent/TimeUnit$1 done
Event: 2.900 Thread 0x000001fbd1013730 Thread exited: 0x000001fbd1013730
Event: 2.900 Thread 0x000001fbd1014720 Thread exited: 0x000001fbd1014720
Event: 2.901 Thread 0x000001fbd1012740 Thread exited: 0x000001fbd1012740
Event: 2.901 Thread 0x000001fbd10131e0 Thread exited: 0x000001fbd10131e0
Event: 2.901 Thread 0x000001fb8b1d09e0 Thread exited: 0x000001fb8b1d09e0
Event: 5.684 Thread 0x000001fb8b23e7b0 Thread exited: 0x000001fb8b23e7b0
Event: 74.052 Thread 0x000001fbd4b65030 Thread added: 0x000001fbd4b65030
Event: 75.505 Thread 0x000001fbd4b65030 Thread exited: 0x000001fbd4b65030


Dynamic libraries:
0x00007ff630570000 - 0x00007ff63057e000 	C:\Users\luczu\.jdks\corretto-17.0.10\bin\java.exe
0x00007ffaa0350000 - 0x00007ffaa0567000 	C:\WINDOWS\SYSTEM32\ntdll.dll
0x00007ffa9ec90000 - 0x00007ffa9ed54000 	C:\WINDOWS\System32\KERNEL32.DLL
0x00007ffa9db00000 - 0x00007ffa9dea6000 	C:\WINDOWS\System32\KERNELBASE.dll
0x00007ffa9d800000 - 0x00007ffa9d911000 	C:\WINDOWS\System32\ucrtbase.dll
0x00007ffa62c30000 - 0x00007ffa62c47000 	C:\Users\luczu\.jdks\corretto-17.0.10\bin\jli.dll
0x00007ffa6e120000 - 0x00007ffa6e13b000 	C:\Users\luczu\.jdks\corretto-17.0.10\bin\VCRUNTIME140.dll
0x00007ffaa0160000 - 0x00007ffaa030e000 	C:\WINDOWS\System32\USER32.dll
0x00007ffa7b450000 - 0x00007ffa7b6e3000 	C:\WINDOWS\WinSxS\amd64_microsoft.windows.common-controls_6595b64144ccf1df_6.0.22621.2506_none_270c5ae97388e100\COMCTL32.dll
0x00007ffa9dad0000 - 0x00007ffa9daf6000 	C:\WINDOWS\System32\win32u.dll
0x00007ffa9ed60000 - 0x00007ffa9ed89000 	C:\WINDOWS\System32\GDI32.dll
0x00007ffa9fa60000 - 0x00007ffa9fb07000 	C:\WINDOWS\System32\msvcrt.dll
0x00007ffa9dee0000 - 0x00007ffa9dff8000 	C:\WINDOWS\System32\gdi32full.dll
0x00007ffa9e000000 - 0x00007ffa9e09a000 	C:\WINDOWS\System32\msvcp_win.dll
0x00007ffa9eaf0000 - 0x00007ffa9eb21000 	C:\WINDOWS\System32\IMM32.DLL
0x00007ffa742e0000 - 0x00007ffa742ec000 	C:\Users\luczu\.jdks\corretto-17.0.10\bin\vcruntime140_1.dll
0x00007ffa46430000 - 0x00007ffa464bd000 	C:\Users\luczu\.jdks\corretto-17.0.10\bin\msvcp140.dll
0x00007ff9c4920000 - 0x00007ff9c5582000 	C:\Users\luczu\.jdks\corretto-17.0.10\bin\server\jvm.dll
0x00007ffa9f610000 - 0x00007ffa9f6c3000 	C:\WINDOWS\System32\ADVAPI32.dll
0x00007ffa9f560000 - 0x00007ffa9f608000 	C:\WINDOWS\System32\sechost.dll
0x00007ffa9deb0000 - 0x00007ffa9ded8000 	C:\WINDOWS\System32\bcrypt.dll
0x00007ffa9f8c0000 - 0x00007ffa9f9d7000 	C:\WINDOWS\System32\RPCRT4.dll
0x00007ffa96950000 - 0x00007ffa96959000 	C:\WINDOWS\SYSTEM32\WSOCK32.dll
0x00007ffa92700000 - 0x00007ffa92734000 	C:\WINDOWS\SYSTEM32\WINMM.dll
0x00007ffa93440000 - 0x00007ffa9344a000 	C:\WINDOWS\SYSTEM32\VERSION.dll
0x00007ffa9c520000 - 0x00007ffa9c56d000 	C:\WINDOWS\SYSTEM32\POWRPROF.dll
0x00007ffa9eb30000 - 0x00007ffa9eba1000 	C:\WINDOWS\System32\WS2_32.dll
0x00007ffa9c500000 - 0x00007ffa9c513000 	C:\WINDOWS\SYSTEM32\UMPDC.dll
0x00007ffa9c7c0000 - 0x00007ffa9c7d8000 	C:\WINDOWS\SYSTEM32\kernel.appcore.dll
0x00007ffa6b110000 - 0x00007ffa6b11a000 	C:\Users\luczu\.jdks\corretto-17.0.10\bin\jimage.dll
0x00007ffa9af40000 - 0x00007ffa9b173000 	C:\WINDOWS\SYSTEM32\DBGHELP.DLL
0x00007ffa9ef50000 - 0x00007ffa9f2d9000 	C:\WINDOWS\System32\combase.dll
0x00007ffa9ebb0000 - 0x00007ffa9ec87000 	C:\WINDOWS\System32\OLEAUT32.dll
0x00007ffa80c60000 - 0x00007ffa80c92000 	C:\WINDOWS\SYSTEM32\dbgcore.DLL
0x00007ffa9da50000 - 0x00007ffa9daca000 	C:\WINDOWS\System32\bcryptPrimitives.dll
0x00007ffa62c00000 - 0x00007ffa62c25000 	C:\Users\luczu\.jdks\corretto-17.0.10\bin\java.dll
0x00007ffa00480000 - 0x00007ffa00557000 	C:\Users\luczu\.jdks\corretto-17.0.10\bin\jsvml.dll
0x00007ffa9e290000 - 0x00007ffa9eaeb000 	C:\WINDOWS\System32\SHELL32.dll
0x00007ffa9b5b0000 - 0x00007ffa9bea6000 	C:\WINDOWS\SYSTEM32\windows.storage.dll
0x00007ffa9b470000 - 0x00007ffa9b5ae000 	C:\WINDOWS\SYSTEM32\wintypes.dll
0x00007ffa9ee50000 - 0x00007ffa9ef43000 	C:\WINDOWS\System32\SHCORE.dll
0x00007ffa9edf0000 - 0x00007ffa9ee4e000 	C:\WINDOWS\System32\shlwapi.dll
0x00007ffa9d5c0000 - 0x00007ffa9d5e6000 	C:\WINDOWS\SYSTEM32\profapi.dll
0x00007ffa62190000 - 0x00007ffa621a9000 	C:\Users\luczu\.jdks\corretto-17.0.10\bin\net.dll
0x00007ffa93cd0000 - 0x00007ffa93e07000 	C:\WINDOWS\SYSTEM32\WINHTTP.dll
0x00007ffa9cc40000 - 0x00007ffa9cca9000 	C:\WINDOWS\system32\mswsock.dll
0x00007ffa62040000 - 0x00007ffa62056000 	C:\Users\luczu\.jdks\corretto-17.0.10\bin\nio.dll
0x00007ffa5c070000 - 0x00007ffa5c088000 	C:\Users\luczu\.jdks\corretto-17.0.10\bin\zip.dll
0x000001fb8bf20000 - 0x000001fb8bf23000 	C:\Program Files (x86)\Windows Kits\10\Redist\ucrt\DLLs\x64\api-ms-win-crt-locale-l1-1-0.dll
0x000001fb8bf30000 - 0x000001fb8bf34000 	C:\Program Files (x86)\Windows Kits\10\Redist\ucrt\DLLs\x64\api-ms-win-crt-string-l1-1-0.dll
0x000001fb8bf40000 - 0x000001fb8bf44000 	C:\Program Files (x86)\Windows Kits\10\Redist\ucrt\DLLs\x64\api-ms-win-crt-stdio-l1-1-0.dll
0x000001fb8bf50000 - 0x000001fb8bf55000 	C:\Program Files (x86)\Windows Kits\10\Redist\ucrt\DLLs\x64\api-ms-win-crt-math-l1-1-0.dll
0x000001fb8bf60000 - 0x000001fb8bf63000 	C:\Program Files (x86)\Windows Kits\10\Redist\ucrt\DLLs\x64\api-ms-win-crt-heap-l1-1-0.dll
0x000001fb8bf70000 - 0x000001fb8bf74000 	C:\Program Files (x86)\Windows Kits\10\Redist\ucrt\DLLs\x64\api-ms-win-crt-runtime-l1-1-0.dll
0x000001fb8bf80000 - 0x000001fb8bf84000 	C:\Program Files (x86)\Windows Kits\10\Redist\ucrt\DLLs\x64\api-ms-win-crt-convert-l1-1-0.dll
0x000001fb8bf90000 - 0x000001fb8bf93000 	C:\Program Files (x86)\Windows Kits\10\Redist\ucrt\DLLs\x64\api-ms-win-crt-environment-l1-1-0.dll
0x000001fb8bfa0000 - 0x000001fb8bfa3000 	C:\Program Files (x86)\Windows Kits\10\Redist\ucrt\DLLs\x64\api-ms-win-crt-time-l1-1-0.dll
0x000001fb8bfb0000 - 0x000001fb8bfb3000 	C:\Program Files (x86)\Windows Kits\10\Redist\ucrt\DLLs\x64\api-ms-win-crt-filesystem-l1-1-0.dll
0x000001fb8bfc0000 - 0x000001fb8bfc3000 	C:\Program Files (x86)\Windows Kits\10\Redist\ucrt\DLLs\x64\api-ms-win-crt-utility-l1-1-0.dll
0x000001fb8bfd0000 - 0x000001fb8bfd5000 	C:\Program Files (x86)\Windows Kits\10\Redist\ucrt\DLLs\x64\api-ms-win-crt-multibyte-l1-1-0.dll
0x000001fb8bfe0000 - 0x000001fb8bfe3000 	C:\Program Files (x86)\Windows Kits\10\Redist\ucrt\DLLs\x64\api-ms-win-crt-conio-l1-1-0.dll
0x000001fb8bff0000 - 0x000001fb8bfff000 	C:\Program Files (x86)\Windows Kits\10\Redist\ucrt\DLLs\x64\api-ms-win-crt-private-l1-1-0.dll
0x000001fbd1800000 - 0x000001fbd1803000 	C:\Program Files (x86)\Windows Kits\10\Redist\ucrt\DLLs\x64\api-ms-win-crt-process-l1-1-0.dll
0x000001fbd1810000 - 0x000001fbd1813000 	C:\Program Files\Microsoft\jdk-11.0.12.7-hotspot\bin\api-ms-win-core-console-l1-2-0.dll
0x000001fbd1820000 - 0x000001fbd1823000 	C:\Program Files (x86)\Windows Kits\10\Redist\ucrt\DLLs\x64\api-ms-win-core-string-l1-1-0.dll
0x000001fbd1830000 - 0x000001fbd1833000 	C:\Program Files (x86)\Windows Kits\10\Redist\ucrt\DLLs\x64\api-ms-win-core-errorhandling-l1-1-0.dll
0x000001fbd1840000 - 0x000001fbd1843000 	C:\Program Files (x86)\Windows Kits\10\Redist\ucrt\DLLs\x64\api-ms-win-core-timezone-l1-1-0.dll
0x000001fbd1850000 - 0x000001fbd1854000 	C:\Program Files (x86)\Windows Kits\10\Redist\ucrt\DLLs\x64\api-ms-win-core-file-l1-1-0.dll
0x000001fbd1860000 - 0x000001fbd1863000 	C:\Program Files (x86)\Windows Kits\10\Redist\ucrt\DLLs\x64\api-ms-win-core-namedpipe-l1-1-0.dll
0x000001fbd1870000 - 0x000001fbd1873000 	C:\Program Files (x86)\Windows Kits\10\Redist\ucrt\DLLs\x64\api-ms-win-core-handle-l1-1-0.dll
0x000001fbd1880000 - 0x000001fbd1883000 	C:\Program Files (x86)\Windows Kits\10\Redist\ucrt\DLLs\x64\api-ms-win-core-file-l2-1-0.dll
0x000001fbd1890000 - 0x000001fbd1893000 	C:\Program Files (x86)\Windows Kits\10\Redist\ucrt\DLLs\x64\api-ms-win-core-heap-l1-1-0.dll
0x000001fbd18a0000 - 0x000001fbd18a3000 	C:\Program Files (x86)\Windows Kits\10\Redist\ucrt\DLLs\x64\api-ms-win-core-libraryloader-l1-1-0.dll
0x000001fbd18b0000 - 0x000001fbd18b3000 	C:\Program Files (x86)\Windows Kits\10\Redist\ucrt\DLLs\x64\api-ms-win-core-synch-l1-1-0.dll
0x000001fbd18c0000 - 0x000001fbd18c3000 	C:\Program Files (x86)\Windows Kits\10\Redist\ucrt\DLLs\x64\api-ms-win-core-processthreads-l1-1-0.dll
0x000001fbd18d0000 - 0x000001fbd18d3000 	C:\Program Files (x86)\Windows Kits\10\Redist\ucrt\DLLs\x64\api-ms-win-core-processenvironment-l1-1-0.dll
0x000001fbd18e0000 - 0x000001fbd18e3000 	C:\Program Files (x86)\Windows Kits\10\Redist\ucrt\DLLs\x64\api-ms-win-core-datetime-l1-1-0.dll
0x000001fbd18f0000 - 0x000001fbd18f3000 	C:\Program Files (x86)\Windows Kits\10\Redist\ucrt\DLLs\x64\api-ms-win-core-localization-l1-2-0.dll
0x000001fbd28d0000 - 0x000001fbd28d3000 	C:\Program Files (x86)\Windows Kits\10\Redist\ucrt\DLLs\x64\api-ms-win-core-sysinfo-l1-1-0.dll
0x000001fbd28e0000 - 0x000001fbd28e3000 	C:\Program Files (x86)\Windows Kits\10\Redist\ucrt\DLLs\x64\api-ms-win-core-synch-l1-2-0.dll
0x000001fbd28f0000 - 0x000001fbd28f3000 	C:\Program Files (x86)\Windows Kits\10\Redist\ucrt\DLLs\x64\api-ms-win-core-console-l1-1-0.dll
0x000001fbd2900000 - 0x000001fbd2903000 	C:\Program Files (x86)\Windows Kits\10\Redist\ucrt\DLLs\x64\api-ms-win-core-debug-l1-1-0.dll
0x000001fbd2910000 - 0x000001fbd2913000 	C:\Program Files (x86)\Windows Kits\10\Redist\ucrt\DLLs\x64\api-ms-win-core-rtlsupport-l1-1-0.dll
0x000001fbd38f0000 - 0x000001fbd38f3000 	C:\Program Files (x86)\Windows Kits\10\Redist\ucrt\DLLs\x64\api-ms-win-core-processthreads-l1-1-1.dll
0x000001fbd3900000 - 0x000001fbd3903000 	C:\Program Files (x86)\Windows Kits\10\Redist\ucrt\DLLs\x64\api-ms-win-core-file-l1-2-0.dll
0x000001fbd3910000 - 0x000001fbd3913000 	C:\Program Files (x86)\Windows Kits\10\Redist\ucrt\DLLs\x64\api-ms-win-core-profile-l1-1-0.dll
0x000001fbd3920000 - 0x000001fbd3923000 	C:\Program Files (x86)\Windows Kits\10\Redist\ucrt\DLLs\x64\api-ms-win-core-memory-l1-1-0.dll
0x000001fbd3930000 - 0x000001fbd3933000 	C:\Program Files (x86)\Windows Kits\10\Redist\ucrt\DLLs\x64\api-ms-win-core-util-l1-1-0.dll
0x000001fbd3940000 - 0x000001fbd3943000 	C:\Program Files (x86)\Windows Kits\10\Redist\ucrt\DLLs\x64\api-ms-win-core-interlocked-l1-1-0.dll
0x00007ffa30ad0000 - 0x00007ffa30bc2000 	C:\Program Files (x86)\Windows Kits\10\Redist\ucrt\DLLs\x64\ucrtbase.dll
0x00007ffa72850000 - 0x00007ffa72859000 	C:\Windows\System32\msvcp140_1.dll
0x00007ffa622f0000 - 0x00007ffa6233e000 	C:\Windows\System32\concrt140.dll
0x00007ffa622b0000 - 0x00007ffa622e1000 	C:\Windows\System32\vcomp140.dll
0x00007ffa73a80000 - 0x00007ffa73b80000 	C:\Windows\System32\opengl32.dll
0x00007ffa74380000 - 0x00007ffa743ad000 	C:\WINDOWS\SYSTEM32\GLU32.dll
0x00007ffa9a7f0000 - 0x00007ffa9a829000 	C:\WINDOWS\SYSTEM32\dxcore.dll
0x00007ffa308b0000 - 0x00007ffa30acd000 	C:\Users\luczu\.javacpp\cache\jaylib-4.5.0-0.jar\com\raylib\windows-x86_64\jniRaylib.dll
0x00007ff9ef0c0000 - 0x00007ff9ef106000 	C:\WINDOWS\SYSTEM32\dinput8.dll
0x00007ffa59f00000 - 0x00007ffa59f11000 	C:\WINDOWS\SYSTEM32\xinput1_4.dll
0x00007ffa9d380000 - 0x00007ffa9d3ce000 	C:\WINDOWS\SYSTEM32\cfgmgr32.dll
0x00007ffa9d350000 - 0x00007ffa9d37c000 	C:\WINDOWS\SYSTEM32\DEVOBJ.dll
0x00007ffa9aa40000 - 0x00007ffa9aa6b000 	C:\WINDOWS\SYSTEM32\dwmapi.dll
0x00007ffa7bfe0000 - 0x00007ffa7c1ea000 	C:\WINDOWS\SYSTEM32\inputhost.dll
0x00007ffa97b70000 - 0x00007ffa97ca4000 	C:\WINDOWS\SYSTEM32\CoreMessaging.dll
0x00007ffa97fe0000 - 0x00007ffa9808b000 	C:\WINDOWS\system32\uxtheme.dll
0x00007ffa9f330000 - 0x00007ffa9f481000 	C:\WINDOWS\System32\MSCTF.dll
0x00007ffa9ceb0000 - 0x00007ffa9cebc000 	C:\WINDOWS\SYSTEM32\CRYPTBASE.DLL
0x00007ffa9beb0000 - 0x00007ffa9bebe000 	C:\WINDOWS\SYSTEM32\HID.DLL
0x00007ffa9fb40000 - 0x00007ffa9ffb4000 	C:\WINDOWS\System32\SETUPAPI.DLL
0x00007ffa9d920000 - 0x00007ffa9d98b000 	C:\WINDOWS\System32\WINTRUST.dll
0x00007ffa9d690000 - 0x00007ffa9d7f6000 	C:\WINDOWS\System32\CRYPT32.dll
0x00007ffa9d330000 - 0x00007ffa9d342000 	C:\WINDOWS\SYSTEM32\MSASN1.dll
0x00007ffa94e90000 - 0x00007ffa94eda000 	C:\WINDOWS\SYSTEM32\directxdatabasehelper.dll
0x00007ffa9f4a0000 - 0x00007ffa9f550000 	C:\WINDOWS\System32\clbcatq.dll
0x00007ff9c0aa0000 - 0x00007ff9c3690000 	C:\WINDOWS\System32\DriverStore\FileRepository\nvhm.inf_amd64_28ac5867493a0477\nvoglv64.dll
0x00007ffa9ffc0000 - 0x00007ffaa0160000 	C:\WINDOWS\System32\ole32.dll
0x00007ffa9c570000 - 0x00007ffa9c584000 	C:\WINDOWS\SYSTEM32\WTSAPI32.dll
0x00007ffa84c80000 - 0x00007ffa84cb2000 	C:\WINDOWS\SYSTEM32\cryptnet.dll
0x00007ffa84cc0000 - 0x00007ffa84e18000 	C:\WINDOWS\SYSTEM32\drvstore.dll
0x00007ffa9cf40000 - 0x00007ffa9cf8b000 	C:\WINDOWS\SYSTEM32\wldp.dll
0x00007ffa9fb20000 - 0x00007ffa9fb3f000 	C:\WINDOWS\System32\imagehlp.dll
0x00007ffa9ce90000 - 0x00007ffa9ceab000 	C:\WINDOWS\SYSTEM32\CRYPTSP.dll
0x00007ffa9c720000 - 0x00007ffa9c755000 	C:\WINDOWS\system32\rsaenh.dll
0x00007ffa9ccd0000 - 0x00007ffa9ccf6000 	C:\WINDOWS\SYSTEM32\gpapi.dll
0x00007ffa55cc0000 - 0x00007ffa57eab000 	C:\WINDOWS\System32\DriverStore\FileRepository\nvhm.inf_amd64_28ac5867493a0477\nvgpucomp64.dll
0x00007ffa9c7e0000 - 0x00007ffa9c814000 	C:\WINDOWS\SYSTEM32\ntmarta.dll
0x00007ffa16140000 - 0x00007ffa16403000 	C:\WINDOWS\system32\nvspcap64.dll
0x00007ffa9c110000 - 0x00007ffa9c176000 	C:\WINDOWS\SYSTEM32\WINSTA.dll

dbghelp: loaded successfully - version: 4.0.5 - missing functions: none
symbol engine: initialized successfully - sym options: 0x614 - pdb path: .;C:\Users\luczu\.jdks\corretto-17.0.10\bin;C:\WINDOWS\SYSTEM32;C:\WINDOWS\WinSxS\amd64_microsoft.windows.common-controls_6595b64144ccf1df_6.0.22621.2506_none_270c5ae97388e100;C:\Users\luczu\.jdks\corretto-17.0.10\bin\server;C:\Program Files (x86)\Windows Kits\10\Redist\ucrt\DLLs\x64;C:\Program Files\Microsoft\jdk-11.0.12.7-hotspot\bin;C:\Users\luczu\.javacpp\cache\jaylib-4.5.0-0.jar\com\raylib\windows-x86_64;C:\WINDOWS\System32\DriverStore\FileRepository\nvhm.inf_amd64_28ac5867493a0477;C:\WINDOWS\System32\DriverStore\FileRepository\iigd_dch.inf_amd64_0fdf6ce291234272

VM Arguments:
jvm_args: -Dfile.encoding=windows-1252 -Duser.country=NL -Duser.language=nl -Duser.variant 
java_command: PineVille.GameScene
java_class_path (initial): C:\Users\luczu\OneDrive\Documenten\PineVille\build\classes\java\main;C:\Users\luczu\OneDrive\Documenten\PineVille\build\resources\main;C:\Users\luczu\.gradle\caches\modules-2\files-2.1\uk.co.electronstudio.jaylib\jaylib\4.5.0-0\90c0d608df9bbd32f5f34683acc58cb433e94508\jaylib-4.5.0-0.jar
Launcher Type: SUN_STANDARD

[Global flags]
     intx CICompilerCount                          = 12                                        {product} {ergonomic}
     uint ConcGCThreads                            = 3                                         {product} {ergonomic}
     uint G1ConcRefinementThreads                  = 13                                        {product} {ergonomic}
   size_t G1HeapRegionSize                         = 2097152                                   {product} {ergonomic}
    uintx GCDrainStackTargetSize                   = 64                                        {product} {ergonomic}
   size_t InitialHeapSize                          = 264241152                                 {product} {ergonomic}
   size_t MarkStackSize                            = 4194304                                   {product} {ergonomic}
   size_t MaxHeapSize                              = 4200595456                                {product} {ergonomic}
   size_t MaxNewSize                               = 2518679552                                {product} {ergonomic}
   size_t MinHeapDeltaBytes                        = 2097152                                   {product} {ergonomic}
   size_t MinHeapSize                              = 8388608                                   {product} {ergonomic}
    uintx NonNMethodCodeHeapSize                   = 7602480                                {pd product} {ergonomic}
    uintx NonProfiledCodeHeapSize                  = 122027880                              {pd product} {ergonomic}
    uintx ProfiledCodeHeapSize                     = 122027880                              {pd product} {ergonomic}
    uintx ReservedCodeCacheSize                    = 251658240                              {pd product} {ergonomic}
     bool SegmentedCodeCache                       = true                                      {product} {ergonomic}
   size_t SoftMaxHeapSize                          = 4200595456                             {manageable} {ergonomic}
     bool UseCompressedClassPointers               = true                           {product lp64_product} {ergonomic}
     bool UseCompressedOops                        = true                           {product lp64_product} {ergonomic}
     bool UseG1GC                                  = true                                      {product} {ergonomic}
     bool UseLargePagesIndividualAllocation        = false                                  {pd product} {ergonomic}

Logging:
Log output configuration:
 #0: stdout all=warning uptime,level,tags
 #1: stderr all=off uptime,level,tags

Environment Variables:
PATH=C:\Program Files (x86)\Common Files\Intel\Shared Libraries\redist\intel64\compiler;C:\Program Files\Common Files\Oracle\Java\javapath;C:\Program Files\Microsoft\jdk-11.0.12.7-hotspot\bin;C:\windows\system32;C:\windows;C:\windows\System32\Wbem;C:\windows\System32\WindowsPowerShell\v1.0\;C:\windows\System32\OpenSSH\;C:\Program Files (x86)\NVIDIA Corporation\PhysX\Common;C:\Program Files\NVIDIA Corporation\NVIDIA NvDLISR;C:\Program Files\Microsoft SQL Server\150\Tools\Binn\;C:\Program Files\Microsoft SQL Server\Client SDK\ODBC\170\Tools\Binn\;C:\Program Files\dotnet\;C:\WINDOWS\system32;C:\WINDOWS;C:\WINDOWS\System32\Wbem;C:\WINDOWS\System32\WindowsPowerShell\v1.0\;C:\WINDOWS\System32\OpenSSH\;C:\Program Files\CMake\bin;C:\Program Files\Git\cmd;C:\Users\luczu\AppData\Local\Microsoft\WindowsApps;C:\Users\luczu\.dotnet\tools;C:\Users\luczu\AppData\Local\GitHubDesktop\bin;;C:\Users\luczu\AppData\Local\Programs\Microsoft VS Code\bin
USERNAME=luczu
OS=Windows_NT
PROCESSOR_IDENTIFIER=Intel64 Family 6 Model 141 Stepping 1, GenuineIntel
TMP=C:\Users\luczu\AppData\Local\Temp
TEMP=C:\Users\luczu\AppData\Local\Temp



Periodic native trim disabled


---------------  S Y S T E M  ---------------

OS:
 Windows 11 , 64 bit Build 22621 (10.0.22621.3085)
OS uptime: 0 days 0:15 hours
Hyper-V role detected

CPU: total 16 (initial active 16) (8 cores per cpu, 2 threads per core) family 6 model 141 stepping 1 microcode 0x4e, cx8, cmov, fxsr, ht, mmx, 3dnowpref, sse, sse2, sse3, ssse3, sse4.1, sse4.2, popcnt, lzcnt, tsc, tscinvbit, avx, avx2, aes, erms, clmul, bmi1, bmi2, adx, avx512f, avx512dq, avx512cd, avx512bw, avx512vl, sha, fma, vzeroupper, avx512_vpopcntdq, avx512_vpclmulqdq, avx512_vaes, avx512_vnni, clflush, clflushopt, clwb, avx512_vbmi2, avx512_vbmi, hv
Processor Information for all 16 processors :
  Max Mhz: 2304, Current Mhz: 2304, Mhz Limit: 2304

Memory: 4k page, system-wide physical 16021M (2239M free)
TotalPageFile size 33429M (AvailPageFile size 15812M)
current process WorkingSet (physical memory assigned to process): 126M, peak: 211M
current process commit charge ("private bytes"): 505M, peak: 629M

vm_info: OpenJDK 64-Bit Server VM (17.0.10+7-LTS) for windows-amd64 JRE (17.0.10+7-LTS), built on Jan 10 2024 22:11:07 by "Administrator" with MS VC++ 16.10 / 16.11 (VS2019)

END.
