#
# A fatal error has been detected by the Java Runtime Environment:
#
#  EXCEPTION_ACCESS_VIOLATION (0xc0000005) at pc=0x0000000000000000, pid=5508, tid=11604
#
# JRE version: OpenJDK Runtime Environment Corretto-17.0.10.7.1 (17.0.10+7) (build 17.0.10+7-LTS)
# Java VM: OpenJDK 64-Bit Server VM Corretto-17.0.10.7.1 (17.0.10+7-LTS, mixed mode, sharing, tiered, compressed oops, compressed class ptrs, g1 gc, windows-amd64)
# Problematic frame:
# C  [jniRaylib.dll+0xdcb37]
#
# No core dump will be written. Minidumps are not enabled by default on client versions of Windows
#
# If you would like to submit a bug report, please visit:
#   https://github.com/corretto/corretto-17/issues/
# The crash happened outside the Java Virtual Machine in native code.
# See problematic frame for where to report the bug.
#

---------------  S U M M A R Y ------------

Command Line: -Dfile.encoding=windows-1252 -Duser.country=NL -Duser.language=nl -Duser.variant PineVille.GameScene

Host: AMD Ryzen 7 3700X 8-Core Processor             , 16 cores, 15G,  Windows 11 , 64 bit Build 22621 (10.0.22621.2506)
Time: Tue Feb 13 21:07:32 2024 West-Europa (standaardtijd) elapsed time: 0.477382 seconds (0d 0h 0m 0s)

---------------  T H R E A D  ---------------

Current thread (0x00000215d00ca250):  JavaThread "main" [_thread_in_native, id=11604, stack(0x0000002f31500000,0x0000002f31600000)]

Stack: [0x0000002f31500000,0x0000002f31600000],  sp=0x0000002f315ff0a0,  free space=1020k
Native frames: (J=compiled Java code, j=interpreted, Vv=VM code, C=native code)

Java frames: (J=compiled Java code, j=interpreted, Vv=VM code)
j  com.raylib.Raylib.LoadTexture(Ljava/lang/String;)Lcom/raylib/Raylib$Texture;+0
j  PineVille.GameScene.main([Ljava/lang/String;)V+10
v  ~StubRoutines::call_stub

siginfo: EXCEPTION_ACCESS_VIOLATION (0xc0000005), data execution prevention violation at address 0x0000000000000000


Registers:
RAX=0x00006e113909a38d, RBX=0x0000000000000002, RCX=0x0000000000000de1, RDX=0x0000000000000000
RSP=0x0000002f315ff098, RBP=0x0000000000000002, RSI=0x0000000000000020, RDI=0x0000000000000020
R8 =0x0000000000000020, R9 =0x0000000000000002, R10=0x00000215cdee0000, R11=0x0000002f315ff0d0
R12=0x0000000000000000, R13=0x00000215f45cd890, R14=0x0000000000000020, R15=0x00000215d00ca250
RIP=0x0000000000000000, EFLAGS=0x0000000000010246


Register to memory mapping:

RIP=0x0 is NULL
RAX=0x00006e113909a38d is an unknown value
RBX=0x0000000000000002 is an unknown value
RCX=0x0000000000000de1 is an unknown value
RDX=0x0 is NULL
RSP=0x0000002f315ff098 is pointing into the stack for thread: 0x00000215d00ca250
RBP=0x0000000000000002 is an unknown value
RSI=0x0000000000000020 is an unknown value
RDI=0x0000000000000020 is an unknown value
R8 =0x0000000000000020 is an unknown value
R9 =0x0000000000000002 is an unknown value
R10=0x00000215cdee0000 points into unknown readable memory: 0x0000000000000000 | 00 00 00 00 00 00 00 00
R11=0x0000002f315ff0d0 is pointing into the stack for thread: 0x00000215d00ca250
R12=0x0 is NULL
R13=0x00000215f45cd890 points into unknown readable memory: 0x00ff00ff00ff00ff | ff 00 ff 00 ff 00 ff 00
R14=0x0000000000000020 is an unknown value
R15=0x00000215d00ca250 is a thread


Top of Stack: (sp=0x0000002f315ff098)
0x0000002f315ff098:   00007fffdc42cb37 0000000000000000
0x0000002f315ff0a8:   0000000000000000 0000000000000000
0x0000002f315ff0b8:   00007ff85586480e 00000215fb216e00
0x0000002f315ff0c8:   0000002f315ff250 00000215d00ca250
0x0000002f315ff0d8:   0000000000000000 00000215f541d7f8
0x0000002f315ff0e8:   0000000000000000 0000021500000000
0x0000002f315ff0f8:   00007ff85822ab11 0000002000000020
0x0000002f315ff108:   00000215cdee0000 0000000200000001
0x0000002f315ff118:   00006e113909a38d 0000000000000000
0x0000002f315ff128:   00000215f93cf030 00000215f93cee40
0x0000002f315ff138:   00007ff8558737eb 0000002f315ff250
0x0000002f315ff148:   0000000000000001 00000215f541d7f8
0x0000002f315ff158:   00000215f45cd890 0000002f315ff250
0x0000002f315ff168:   00007fffdc401bf0 0000002f315ff250
0x0000002f315ff178:   0000021500000000 0000000000000000
0x0000002f315ff188:   0000000000000000 0000021500000001
0x0000002f315ff198:   0000002f315ff7e0 0000002f00000000
0x0000002f315ff1a8:   00007ff855871b06 0000000000000000
0x0000002f315ff1b8:   00000215f45cd890 0000002000000020
0x0000002f315ff1c8:   0000000200000001 00000215f45cd890
0x0000002f315ff1d8:   0000002000000020 0000000200000001
0x0000002f315ff1e8:   0000000000000002 00000215fb216e00
0x0000002f315ff1f8:   00000215d00ca508 00000215f43e4be0
0x0000002f315ff208:   00007fffdc39333b 0000002f000001f0
0x0000002f315ff218:   00000215f541d800 0000002f315ff308
0x0000002f315ff228:   0000002f315ff7e0 00000215d00ca250
0x0000002f315ff238:   00000215d00ca250 00000215fb216e00
0x0000002f315ff248:   00000215d00ca250 0000000000000000
0x0000002f315ff258:   0000000000000000 0000021500000000
0x0000002f315ff268:   00000215f541d800 0000002f315ff328
0x0000002f315ff278:   00000215d00ca250 0000002f315ff7e0
0x0000002f315ff288:   00000215df03d621 00000215d00ca508 

Instructions: (pc=0x00007fffdc42cb37)
0x00007fffdc42ca37:   44 24 50 c7 44 24 50 00 00 00 00 ba 84 8b 00 00
0x00007fffdc42ca47:   8b ce ff 15 89 41 11 00 48 63 44 24 50 85 c0 7e
0x00007fffdc42ca57:   4d 48 8b c8 c7 44 24 20 00 00 00 00 ba 01 00 00
0x00007fffdc42ca67:   00 ff 15 ba 0b 08 00 8b 54 24 50 4c 8d 44 24 20
0x00007fffdc42ca77:   4c 8b c8 8b ce 48 8b d8 ff 15 bb 40 11 00 4c 8b
0x00007fffdc42ca87:   cb 48 8d 15 a9 d9 08 00 44 8b c6 b9 04 00 00 00
0x00007fffdc42ca97:   e8 d4 ce 06 00 48 8b cb ff 15 93 0b 08 00 8b ce
0x00007fffdc42caa7:   ff 15 5b 3a 11 00 33 c0 48 8b 5c 24 40 48 8b 74
0x00007fffdc42cab7:   24 48 48 83 c4 30 5f c3 48 8d 15 92 d9 08 00 b9
0x00007fffdc42cac7:   03 00 00 00 e8 a0 ce 06 00 48 8b 5c 24 40 8b c6
0x00007fffdc42cad7:   48 8b 74 24 48 48 83 c4 30 5f c3 cc cc cc cc cc
0x00007fffdc42cae7:   cc cc cc cc cc cc cc cc cc 40 53 56 41 55 41 56
0x00007fffdc42caf7:   48 81 ec a8 00 00 00 48 8b 05 73 12 11 00 48 33
0x00007fffdc42cb07:   c4 48 89 44 24 78 44 8b f2 89 54 24 60 4c 8b e9
0x00007fffdc42cb17:   44 89 44 24 64 33 d2 c7 44 24 50 00 00 00 00 b9
0x00007fffdc42cb27:   e1 0d 00 00 41 8b d9 41 8b f0 ff 15 f1 35 11 00
0x00007fffdc42cb37:   80 3d 00 61 11 00 00 75 1e 8d 43 f5 83 f8 03 77
0x00007fffdc42cb47:   16 48 8d 15 e9 d1 08 00 b9 04 00 00 00 e8 17 ce
0x00007fffdc42cb57:   06 00 e9 f6 03 00 00 80 3d da 60 11 00 00 75 19
0x00007fffdc42cb67:   83 fb 0f 75 14 48 8d 15 f5 d1 08 00 8d 4b f5 e8
0x00007fffdc42cb77:   f5 cd 06 00 e9 d4 03 00 00 80 3d b9 60 11 00 00
0x00007fffdc42cb87:   75 1e 8d 43 f0 83 f8 01 77 16 48 8d 15 08 d2 08
0x00007fffdc42cb97:   00 b9 04 00 00 00 e8 ce cd 06 00 e9 ad 03 00 00
0x00007fffdc42cba7:   80 3d 93 60 11 00 00 75 1e 8d 43 ee 83 f8 01 77
0x00007fffdc42cbb7:   16 48 8d 15 19 d2 08 00 b9 04 00 00 00 e8 a7 cd
0x00007fffdc42cbc7:   06 00 e9 86 03 00 00 80 3d 6d 60 11 00 00 75 1e
0x00007fffdc42cbd7:   8d 43 ec 83 f8 01 77 16 48 8d 15 2a d2 08 00 b9
0x00007fffdc42cbe7:   04 00 00 00 e8 80 cd 06 00 e9 5f 03 00 00 48 89
0x00007fffdc42cbf7:   ac 24 a0 00 00 00 ba 01 00 00 00 48 89 bc 24 98
0x00007fffdc42cc07:   00 00 00 b9 f5 0c 00 00 4c 89 a4 24 90 00 00 00
0x00007fffdc42cc17:   4c 89 bc 24 88 00 00 00 ff 15 13 48 11 00 48 8d
0x00007fffdc42cc27:   54 24 50 b9 01 00 00 00 ff 15 43 3c 11 00 8b 54 


Stack slot to memory mapping:
stack at sp + 0 slots: 0x0 is NULL
stack at sp + 1 slots: 0x0 is NULL
stack at sp + 2 slots: 0x0 is NULL
stack at sp + 3 slots: 0x00007ff85586480e ucrtbase.dll
stack at sp + 4 slots: 0x00000215fb216e00 points into unknown readable memory: 0x656372756f736572 | 72 65 73 6f 75 72 63 65
stack at sp + 5 slots: 0x0000002f315ff250 is pointing into the stack for thread: 0x00000215d00ca250
stack at sp + 6 slots: 0x00000215d00ca250 is a thread
stack at sp + 7 slots: 0x0 is NULL


---------------  P R O C E S S  ---------------

Threads class SMR info:
_java_thread_list=0x00000215f9349ab0, length=17, elements={
0x00000215d00ca250, 0x00000215f3ca6cb0, 0x00000215f3ca7b30, 0x00000215f3cbf4e0,
0x00000215f3cc2270, 0x00000215f3cc3da0, 0x00000215f3cc5180, 0x00000215f3cc6540,
0x00000215f3ccf000, 0x00000215f3cd2f00, 0x00000215f3e0c640, 0x00000215f3e10a10,
0x00000215f4003a40, 0x00000215f4238880, 0x00000215f43f8630, 0x00000215f928fa60,
0x00000215fa15fc80
}

Java Threads: ( => current thread )
=>0x00000215d00ca250 JavaThread "main" [_thread_in_native, id=11604, stack(0x0000002f31500000,0x0000002f31600000)]
  0x00000215f3ca6cb0 JavaThread "Reference Handler" daemon [_thread_blocked, id=3216, stack(0x0000002f31c00000,0x0000002f31d00000)]
  0x00000215f3ca7b30 JavaThread "Finalizer" daemon [_thread_blocked, id=32064, stack(0x0000002f31d00000,0x0000002f31e00000)]
  0x00000215f3cbf4e0 JavaThread "Signal Dispatcher" daemon [_thread_blocked, id=28480, stack(0x0000002f31e00000,0x0000002f31f00000)]
  0x00000215f3cc2270 JavaThread "Attach Listener" daemon [_thread_blocked, id=6244, stack(0x0000002f31f00000,0x0000002f32000000)]
  0x00000215f3cc3da0 JavaThread "Service Thread" daemon [_thread_blocked, id=31660, stack(0x0000002f32000000,0x0000002f32100000)]
  0x00000215f3cc5180 JavaThread "Monitor Deflation Thread" daemon [_thread_blocked, id=10996, stack(0x0000002f32100000,0x0000002f32200000)]
  0x00000215f3cc6540 JavaThread "C2 CompilerThread0" daemon [_thread_in_native, id=2912, stack(0x0000002f32200000,0x0000002f32300000)]
  0x00000215f3ccf000 JavaThread "C1 CompilerThread0" daemon [_thread_blocked, id=3668, stack(0x0000002f32300000,0x0000002f32400000)]
  0x00000215f3cd2f00 JavaThread "Sweeper thread" daemon [_thread_blocked, id=24712, stack(0x0000002f32400000,0x0000002f32500000)]
  0x00000215f3e0c640 JavaThread "Notification Thread" daemon [_thread_blocked, id=33656, stack(0x0000002f32500000,0x0000002f32600000)]
  0x00000215f3e10a10 JavaThread "Common-Cleaner" daemon [_thread_blocked, id=8016, stack(0x0000002f32700000,0x0000002f32800000)]
  0x00000215f4003a40 JavaThread "C1 CompilerThread1" daemon [_thread_blocked, id=1704, stack(0x0000002f32800000,0x0000002f32900000)]
  0x00000215f4238880 JavaThread "C2 CompilerThread1" daemon [_thread_in_native, id=8560, stack(0x0000002f32900000,0x0000002f32a00000)]
  0x00000215f43f8630 JavaThread "C2 CompilerThread2" daemon [_thread_blocked, id=19832, stack(0x0000002f32a00000,0x0000002f32b00000)]
  0x00000215f928fa60 JavaThread "C2 CompilerThread3" daemon [_thread_blocked, id=1524, stack(0x0000002f32b00000,0x0000002f32c00000)]
  0x00000215fa15fc80 JavaThread "JavaCPP Deallocator" daemon [_thread_blocked, id=12736, stack(0x0000002f32c00000,0x0000002f32d00000)]

Other Threads:
  0x00000215f3ca1d90 VMThread "VM Thread" [stack: 0x0000002f31b00000,0x0000002f31c00000] [id=22984]
  0x00000215f3e0e350 WatcherThread [stack: 0x0000002f32600000,0x0000002f32700000] [id=4592]
  0x00000215d0139690 GCTaskThread "GC Thread#0" [stack: 0x0000002f31600000,0x0000002f31700000] [id=32836]
  0x00000215f9a0cec0 GCTaskThread "GC Thread#1" [stack: 0x0000002f32d00000,0x0000002f32e00000] [id=9756]
  0x00000215f91ef480 GCTaskThread "GC Thread#2" [stack: 0x0000002f32e00000,0x0000002f32f00000] [id=11524]
  0x00000215f9f7f100 GCTaskThread "GC Thread#3" [stack: 0x0000002f32f00000,0x0000002f33000000] [id=7388]
  0x00000215f92c1000 GCTaskThread "GC Thread#4" [stack: 0x0000002f33000000,0x0000002f33100000] [id=3396]
  0x00000215f9cb0390 GCTaskThread "GC Thread#5" [stack: 0x0000002f33100000,0x0000002f33200000] [id=16756]
  0x00000215d014a520 ConcurrentGCThread "G1 Main Marker" [stack: 0x0000002f31700000,0x0000002f31800000] [id=23288]
  0x00000215d014af40 ConcurrentGCThread "G1 Conc#0" [stack: 0x0000002f31800000,0x0000002f31900000] [id=28440]
  0x00000215f393a5e0 ConcurrentGCThread "G1 Refine#0" [stack: 0x0000002f31900000,0x0000002f31a00000] [id=33532]
  0x00000215f393b010 ConcurrentGCThread "G1 Service" [stack: 0x0000002f31a00000,0x0000002f31b00000] [id=4348]

Threads with active compile tasks:
C2 CompilerThread0      523  525       4       java.lang.CompoundEnumeration::next (58 bytes)
C2 CompilerThread1      523  524       4       java.lang.CompoundEnumeration::hasMoreElements (5 bytes)

VM state: not at safepoint (normal execution)

VM Mutex/Monitor currently owned by a thread: None

Heap address: 0x0000000700c00000, size: 4084 MB, Compressed Oops mode: Zero based, Oop shift amount: 3

CDS archive(s) mapped at: [0x0000021580000000-0x0000021580bb0000-0x0000021580bb0000), size 12255232, SharedBaseAddress: 0x0000021580000000, ArchiveRelocationMode: 1.
Compressed class space mapped at: 0x0000021581000000-0x00000215c1000000, reserved size: 1073741824
Narrow klass base: 0x0000021580000000, Narrow klass shift: 0, Narrow klass range: 0x100000000

GC Precious Log:
 CPUs: 16 total, 16 available
 Memory: 16329M
 Large Page Support: Disabled
 NUMA Support: Disabled
 Compressed Oops: Enabled (Zero based)
 Heap Region Size: 2M
 Heap Min Capacity: 8M
 Heap Initial Capacity: 256M
 Heap Max Capacity: 4084M
 Pre-touch: Disabled
 Parallel Workers: 13
 Concurrent Workers: 3
 Concurrent Refinement Workers: 13
 Periodic GC: Disabled

Heap:
 garbage-first heap   total 262144K, used 1610K [0x0000000700c00000, 0x0000000800000000)
  region size 2048K, 2 young (4096K), 1 survivors (2048K)
 Metaspace       used 1987K, committed 2176K, reserved 1114112K
  class space    used 174K, committed 256K, reserved 1048576K

Heap Regions: E=young(eden), S=young(survivor), O=old, HS=humongous(starts), HC=humongous(continues), CS=collection set, F=free, OA=open archive, CA=closed archive, TAMS=top-at-mark-start (previous, next)
|   0|0x0000000700c00000, 0x0000000700c00000, 0x0000000700e00000|  0%| F|  |TAMS 0x0000000700c00000, 0x0000000700c00000| Untracked 
|   1|0x0000000700e00000, 0x0000000700e00000, 0x0000000701000000|  0%| F|  |TAMS 0x0000000700e00000, 0x0000000700e00000| Untracked 
|   2|0x0000000701000000, 0x0000000701000000, 0x0000000701200000|  0%| F|  |TAMS 0x0000000701000000, 0x0000000701000000| Untracked 
|   3|0x0000000701200000, 0x0000000701200000, 0x0000000701400000|  0%| F|  |TAMS 0x0000000701200000, 0x0000000701200000| Untracked 
|   4|0x0000000701400000, 0x0000000701400000, 0x0000000701600000|  0%| F|  |TAMS 0x0000000701400000, 0x0000000701400000| Untracked 
|   5|0x0000000701600000, 0x0000000701600000, 0x0000000701800000|  0%| F|  |TAMS 0x0000000701600000, 0x0000000701600000| Untracked 
|   6|0x0000000701800000, 0x0000000701800000, 0x0000000701a00000|  0%| F|  |TAMS 0x0000000701800000, 0x0000000701800000| Untracked 
|   7|0x0000000701a00000, 0x0000000701a00000, 0x0000000701c00000|  0%| F|  |TAMS 0x0000000701a00000, 0x0000000701a00000| Untracked 
|   8|0x0000000701c00000, 0x0000000701c00000, 0x0000000701e00000|  0%| F|  |TAMS 0x0000000701c00000, 0x0000000701c00000| Untracked 
|   9|0x0000000701e00000, 0x0000000701e00000, 0x0000000702000000|  0%| F|  |TAMS 0x0000000701e00000, 0x0000000701e00000| Untracked 
|  10|0x0000000702000000, 0x0000000702000000, 0x0000000702200000|  0%| F|  |TAMS 0x0000000702000000, 0x0000000702000000| Untracked 
|  11|0x0000000702200000, 0x0000000702200000, 0x0000000702400000|  0%| F|  |TAMS 0x0000000702200000, 0x0000000702200000| Untracked 
|  12|0x0000000702400000, 0x0000000702400000, 0x0000000702600000|  0%| F|  |TAMS 0x0000000702400000, 0x0000000702400000| Untracked 
|  13|0x0000000702600000, 0x0000000702600000, 0x0000000702800000|  0%| F|  |TAMS 0x0000000702600000, 0x0000000702600000| Untracked 
|  14|0x0000000702800000, 0x0000000702800000, 0x0000000702a00000|  0%| F|  |TAMS 0x0000000702800000, 0x0000000702800000| Untracked 
|  15|0x0000000702a00000, 0x0000000702a00000, 0x0000000702c00000|  0%| F|  |TAMS 0x0000000702a00000, 0x0000000702a00000| Untracked 
|  16|0x0000000702c00000, 0x0000000702c00000, 0x0000000702e00000|  0%| F|  |TAMS 0x0000000702c00000, 0x0000000702c00000| Untracked 
|  17|0x0000000702e00000, 0x0000000702e00000, 0x0000000703000000|  0%| F|  |TAMS 0x0000000702e00000, 0x0000000702e00000| Untracked 
|  18|0x0000000703000000, 0x0000000703000000, 0x0000000703200000|  0%| F|  |TAMS 0x0000000703000000, 0x0000000703000000| Untracked 
|  19|0x0000000703200000, 0x0000000703200000, 0x0000000703400000|  0%| F|  |TAMS 0x0000000703200000, 0x0000000703200000| Untracked 
|  20|0x0000000703400000, 0x0000000703400000, 0x0000000703600000|  0%| F|  |TAMS 0x0000000703400000, 0x0000000703400000| Untracked 
|  21|0x0000000703600000, 0x0000000703600000, 0x0000000703800000|  0%| F|  |TAMS 0x0000000703600000, 0x0000000703600000| Untracked 
|  22|0x0000000703800000, 0x0000000703800000, 0x0000000703a00000|  0%| F|  |TAMS 0x0000000703800000, 0x0000000703800000| Untracked 
|  23|0x0000000703a00000, 0x0000000703a00000, 0x0000000703c00000|  0%| F|  |TAMS 0x0000000703a00000, 0x0000000703a00000| Untracked 
|  24|0x0000000703c00000, 0x0000000703c00000, 0x0000000703e00000|  0%| F|  |TAMS 0x0000000703c00000, 0x0000000703c00000| Untracked 
|  25|0x0000000703e00000, 0x0000000703e00000, 0x0000000704000000|  0%| F|  |TAMS 0x0000000703e00000, 0x0000000703e00000| Untracked 
|  26|0x0000000704000000, 0x0000000704000000, 0x0000000704200000|  0%| F|  |TAMS 0x0000000704000000, 0x0000000704000000| Untracked 
|  27|0x0000000704200000, 0x0000000704200000, 0x0000000704400000|  0%| F|  |TAMS 0x0000000704200000, 0x0000000704200000| Untracked 
|  28|0x0000000704400000, 0x0000000704400000, 0x0000000704600000|  0%| F|  |TAMS 0x0000000704400000, 0x0000000704400000| Untracked 
|  29|0x0000000704600000, 0x0000000704600000, 0x0000000704800000|  0%| F|  |TAMS 0x0000000704600000, 0x0000000704600000| Untracked 
|  30|0x0000000704800000, 0x0000000704800000, 0x0000000704a00000|  0%| F|  |TAMS 0x0000000704800000, 0x0000000704800000| Untracked 
|  31|0x0000000704a00000, 0x0000000704a00000, 0x0000000704c00000|  0%| F|  |TAMS 0x0000000704a00000, 0x0000000704a00000| Untracked 
|  32|0x0000000704c00000, 0x0000000704c00000, 0x0000000704e00000|  0%| F|  |TAMS 0x0000000704c00000, 0x0000000704c00000| Untracked 
|  33|0x0000000704e00000, 0x0000000704e00000, 0x0000000705000000|  0%| F|  |TAMS 0x0000000704e00000, 0x0000000704e00000| Untracked 
|  34|0x0000000705000000, 0x0000000705000000, 0x0000000705200000|  0%| F|  |TAMS 0x0000000705000000, 0x0000000705000000| Untracked 
|  35|0x0000000705200000, 0x0000000705200000, 0x0000000705400000|  0%| F|  |TAMS 0x0000000705200000, 0x0000000705200000| Untracked 
|  36|0x0000000705400000, 0x0000000705400000, 0x0000000705600000|  0%| F|  |TAMS 0x0000000705400000, 0x0000000705400000| Untracked 
|  37|0x0000000705600000, 0x0000000705600000, 0x0000000705800000|  0%| F|  |TAMS 0x0000000705600000, 0x0000000705600000| Untracked 
|  38|0x0000000705800000, 0x0000000705800000, 0x0000000705a00000|  0%| F|  |TAMS 0x0000000705800000, 0x0000000705800000| Untracked 
|  39|0x0000000705a00000, 0x0000000705a00000, 0x0000000705c00000|  0%| F|  |TAMS 0x0000000705a00000, 0x0000000705a00000| Untracked 
|  40|0x0000000705c00000, 0x0000000705c00000, 0x0000000705e00000|  0%| F|  |TAMS 0x0000000705c00000, 0x0000000705c00000| Untracked 
|  41|0x0000000705e00000, 0x0000000705e00000, 0x0000000706000000|  0%| F|  |TAMS 0x0000000705e00000, 0x0000000705e00000| Untracked 
|  42|0x0000000706000000, 0x0000000706000000, 0x0000000706200000|  0%| F|  |TAMS 0x0000000706000000, 0x0000000706000000| Untracked 
|  43|0x0000000706200000, 0x0000000706200000, 0x0000000706400000|  0%| F|  |TAMS 0x0000000706200000, 0x0000000706200000| Untracked 
|  44|0x0000000706400000, 0x0000000706400000, 0x0000000706600000|  0%| F|  |TAMS 0x0000000706400000, 0x0000000706400000| Untracked 
|  45|0x0000000706600000, 0x0000000706600000, 0x0000000706800000|  0%| F|  |TAMS 0x0000000706600000, 0x0000000706600000| Untracked 
|  46|0x0000000706800000, 0x0000000706800000, 0x0000000706a00000|  0%| F|  |TAMS 0x0000000706800000, 0x0000000706800000| Untracked 
|  47|0x0000000706a00000, 0x0000000706a00000, 0x0000000706c00000|  0%| F|  |TAMS 0x0000000706a00000, 0x0000000706a00000| Untracked 
|  48|0x0000000706c00000, 0x0000000706c00000, 0x0000000706e00000|  0%| F|  |TAMS 0x0000000706c00000, 0x0000000706c00000| Untracked 
|  49|0x0000000706e00000, 0x0000000706e00000, 0x0000000707000000|  0%| F|  |TAMS 0x0000000706e00000, 0x0000000706e00000| Untracked 
|  50|0x0000000707000000, 0x0000000707000000, 0x0000000707200000|  0%| F|  |TAMS 0x0000000707000000, 0x0000000707000000| Untracked 
|  51|0x0000000707200000, 0x0000000707200000, 0x0000000707400000|  0%| F|  |TAMS 0x0000000707200000, 0x0000000707200000| Untracked 
|  52|0x0000000707400000, 0x0000000707400000, 0x0000000707600000|  0%| F|  |TAMS 0x0000000707400000, 0x0000000707400000| Untracked 
|  53|0x0000000707600000, 0x0000000707600000, 0x0000000707800000|  0%| F|  |TAMS 0x0000000707600000, 0x0000000707600000| Untracked 
|  54|0x0000000707800000, 0x0000000707800000, 0x0000000707a00000|  0%| F|  |TAMS 0x0000000707800000, 0x0000000707800000| Untracked 
|  55|0x0000000707a00000, 0x0000000707a00000, 0x0000000707c00000|  0%| F|  |TAMS 0x0000000707a00000, 0x0000000707a00000| Untracked 
|  56|0x0000000707c00000, 0x0000000707c00000, 0x0000000707e00000|  0%| F|  |TAMS 0x0000000707c00000, 0x0000000707c00000| Untracked 
|  57|0x0000000707e00000, 0x0000000707e00000, 0x0000000708000000|  0%| F|  |TAMS 0x0000000707e00000, 0x0000000707e00000| Untracked 
|  58|0x0000000708000000, 0x0000000708000000, 0x0000000708200000|  0%| F|  |TAMS 0x0000000708000000, 0x0000000708000000| Untracked 
|  59|0x0000000708200000, 0x0000000708200000, 0x0000000708400000|  0%| F|  |TAMS 0x0000000708200000, 0x0000000708200000| Untracked 
|  60|0x0000000708400000, 0x0000000708400000, 0x0000000708600000|  0%| F|  |TAMS 0x0000000708400000, 0x0000000708400000| Untracked 
|  61|0x0000000708600000, 0x0000000708600000, 0x0000000708800000|  0%| F|  |TAMS 0x0000000708600000, 0x0000000708600000| Untracked 
|  62|0x0000000708800000, 0x0000000708800000, 0x0000000708a00000|  0%| F|  |TAMS 0x0000000708800000, 0x0000000708800000| Untracked 
|  63|0x0000000708a00000, 0x0000000708a00000, 0x0000000708c00000|  0%| F|  |TAMS 0x0000000708a00000, 0x0000000708a00000| Untracked 
|  64|0x0000000708c00000, 0x0000000708c00000, 0x0000000708e00000|  0%| F|  |TAMS 0x0000000708c00000, 0x0000000708c00000| Untracked 
|  65|0x0000000708e00000, 0x0000000708e00000, 0x0000000709000000|  0%| F|  |TAMS 0x0000000708e00000, 0x0000000708e00000| Untracked 
|  66|0x0000000709000000, 0x0000000709000000, 0x0000000709200000|  0%| F|  |TAMS 0x0000000709000000, 0x0000000709000000| Untracked 
|  67|0x0000000709200000, 0x0000000709200000, 0x0000000709400000|  0%| F|  |TAMS 0x0000000709200000, 0x0000000709200000| Untracked 
|  68|0x0000000709400000, 0x0000000709400000, 0x0000000709600000|  0%| F|  |TAMS 0x0000000709400000, 0x0000000709400000| Untracked 
|  69|0x0000000709600000, 0x0000000709600000, 0x0000000709800000|  0%| F|  |TAMS 0x0000000709600000, 0x0000000709600000| Untracked 
|  70|0x0000000709800000, 0x0000000709800000, 0x0000000709a00000|  0%| F|  |TAMS 0x0000000709800000, 0x0000000709800000| Untracked 
|  71|0x0000000709a00000, 0x0000000709a00000, 0x0000000709c00000|  0%| F|  |TAMS 0x0000000709a00000, 0x0000000709a00000| Untracked 
|  72|0x0000000709c00000, 0x0000000709c00000, 0x0000000709e00000|  0%| F|  |TAMS 0x0000000709c00000, 0x0000000709c00000| Untracked 
|  73|0x0000000709e00000, 0x0000000709e00000, 0x000000070a000000|  0%| F|  |TAMS 0x0000000709e00000, 0x0000000709e00000| Untracked 
|  74|0x000000070a000000, 0x000000070a000000, 0x000000070a200000|  0%| F|  |TAMS 0x000000070a000000, 0x000000070a000000| Untracked 
|  75|0x000000070a200000, 0x000000070a200000, 0x000000070a400000|  0%| F|  |TAMS 0x000000070a200000, 0x000000070a200000| Untracked 
|  76|0x000000070a400000, 0x000000070a400000, 0x000000070a600000|  0%| F|  |TAMS 0x000000070a400000, 0x000000070a400000| Untracked 
|  77|0x000000070a600000, 0x000000070a600000, 0x000000070a800000|  0%| F|  |TAMS 0x000000070a600000, 0x000000070a600000| Untracked 
|  78|0x000000070a800000, 0x000000070a800000, 0x000000070aa00000|  0%| F|  |TAMS 0x000000070a800000, 0x000000070a800000| Untracked 
|  79|0x000000070aa00000, 0x000000070aa00000, 0x000000070ac00000|  0%| F|  |TAMS 0x000000070aa00000, 0x000000070aa00000| Untracked 
|  80|0x000000070ac00000, 0x000000070ac00000, 0x000000070ae00000|  0%| F|  |TAMS 0x000000070ac00000, 0x000000070ac00000| Untracked 
|  81|0x000000070ae00000, 0x000000070ae00000, 0x000000070b000000|  0%| F|  |TAMS 0x000000070ae00000, 0x000000070ae00000| Untracked 
|  82|0x000000070b000000, 0x000000070b000000, 0x000000070b200000|  0%| F|  |TAMS 0x000000070b000000, 0x000000070b000000| Untracked 
|  83|0x000000070b200000, 0x000000070b200000, 0x000000070b400000|  0%| F|  |TAMS 0x000000070b200000, 0x000000070b200000| Untracked 
|  84|0x000000070b400000, 0x000000070b400000, 0x000000070b600000|  0%| F|  |TAMS 0x000000070b400000, 0x000000070b400000| Untracked 
|  85|0x000000070b600000, 0x000000070b600000, 0x000000070b800000|  0%| F|  |TAMS 0x000000070b600000, 0x000000070b600000| Untracked 
|  86|0x000000070b800000, 0x000000070b800000, 0x000000070ba00000|  0%| F|  |TAMS 0x000000070b800000, 0x000000070b800000| Untracked 
|  87|0x000000070ba00000, 0x000000070ba00000, 0x000000070bc00000|  0%| F|  |TAMS 0x000000070ba00000, 0x000000070ba00000| Untracked 
|  88|0x000000070bc00000, 0x000000070bc00000, 0x000000070be00000|  0%| F|  |TAMS 0x000000070bc00000, 0x000000070bc00000| Untracked 
|  89|0x000000070be00000, 0x000000070be00000, 0x000000070c000000|  0%| F|  |TAMS 0x000000070be00000, 0x000000070be00000| Untracked 
|  90|0x000000070c000000, 0x000000070c000000, 0x000000070c200000|  0%| F|  |TAMS 0x000000070c000000, 0x000000070c000000| Untracked 
|  91|0x000000070c200000, 0x000000070c200000, 0x000000070c400000|  0%| F|  |TAMS 0x000000070c200000, 0x000000070c200000| Untracked 
|  92|0x000000070c400000, 0x000000070c400000, 0x000000070c600000|  0%| F|  |TAMS 0x000000070c400000, 0x000000070c400000| Untracked 
|  93|0x000000070c600000, 0x000000070c600000, 0x000000070c800000|  0%| F|  |TAMS 0x000000070c600000, 0x000000070c600000| Untracked 
|  94|0x000000070c800000, 0x000000070c800000, 0x000000070ca00000|  0%| F|  |TAMS 0x000000070c800000, 0x000000070c800000| Untracked 
|  95|0x000000070ca00000, 0x000000070ca00000, 0x000000070cc00000|  0%| F|  |TAMS 0x000000070ca00000, 0x000000070ca00000| Untracked 
|  96|0x000000070cc00000, 0x000000070cc00000, 0x000000070ce00000|  0%| F|  |TAMS 0x000000070cc00000, 0x000000070cc00000| Untracked 
|  97|0x000000070ce00000, 0x000000070ce00000, 0x000000070d000000|  0%| F|  |TAMS 0x000000070ce00000, 0x000000070ce00000| Untracked 
|  98|0x000000070d000000, 0x000000070d000000, 0x000000070d200000|  0%| F|  |TAMS 0x000000070d000000, 0x000000070d000000| Untracked 
|  99|0x000000070d200000, 0x000000070d200000, 0x000000070d400000|  0%| F|  |TAMS 0x000000070d200000, 0x000000070d200000| Untracked 
| 100|0x000000070d400000, 0x000000070d400000, 0x000000070d600000|  0%| F|  |TAMS 0x000000070d400000, 0x000000070d400000| Untracked 
| 101|0x000000070d600000, 0x000000070d600000, 0x000000070d800000|  0%| F|  |TAMS 0x000000070d600000, 0x000000070d600000| Untracked 
| 102|0x000000070d800000, 0x000000070d800000, 0x000000070da00000|  0%| F|  |TAMS 0x000000070d800000, 0x000000070d800000| Untracked 
| 103|0x000000070da00000, 0x000000070da00000, 0x000000070dc00000|  0%| F|  |TAMS 0x000000070da00000, 0x000000070da00000| Untracked 
| 104|0x000000070dc00000, 0x000000070dc00000, 0x000000070de00000|  0%| F|  |TAMS 0x000000070dc00000, 0x000000070dc00000| Untracked 
| 105|0x000000070de00000, 0x000000070de00000, 0x000000070e000000|  0%| F|  |TAMS 0x000000070de00000, 0x000000070de00000| Untracked 
| 106|0x000000070e000000, 0x000000070e000000, 0x000000070e200000|  0%| F|  |TAMS 0x000000070e000000, 0x000000070e000000| Untracked 
| 107|0x000000070e200000, 0x000000070e200000, 0x000000070e400000|  0%| F|  |TAMS 0x000000070e200000, 0x000000070e200000| Untracked 
| 108|0x000000070e400000, 0x000000070e400000, 0x000000070e600000|  0%| F|  |TAMS 0x000000070e400000, 0x000000070e400000| Untracked 
| 109|0x000000070e600000, 0x000000070e600000, 0x000000070e800000|  0%| F|  |TAMS 0x000000070e600000, 0x000000070e600000| Untracked 
| 110|0x000000070e800000, 0x000000070e800000, 0x000000070ea00000|  0%| F|  |TAMS 0x000000070e800000, 0x000000070e800000| Untracked 
| 111|0x000000070ea00000, 0x000000070ea00000, 0x000000070ec00000|  0%| F|  |TAMS 0x000000070ea00000, 0x000000070ea00000| Untracked 
| 112|0x000000070ec00000, 0x000000070ec00000, 0x000000070ee00000|  0%| F|  |TAMS 0x000000070ec00000, 0x000000070ec00000| Untracked 
| 113|0x000000070ee00000, 0x000000070ee00000, 0x000000070f000000|  0%| F|  |TAMS 0x000000070ee00000, 0x000000070ee00000| Untracked 
| 114|0x000000070f000000, 0x000000070f000000, 0x000000070f200000|  0%| F|  |TAMS 0x000000070f000000, 0x000000070f000000| Untracked 
| 115|0x000000070f200000, 0x000000070f200000, 0x000000070f400000|  0%| F|  |TAMS 0x000000070f200000, 0x000000070f200000| Untracked 
| 116|0x000000070f400000, 0x000000070f592a40, 0x000000070f600000| 78%| S|CS|TAMS 0x000000070f400000, 0x000000070f400000| Complete 
| 117|0x000000070f600000, 0x000000070f600000, 0x000000070f800000|  0%| F|  |TAMS 0x000000070f600000, 0x000000070f600000| Untracked 
| 118|0x000000070f800000, 0x000000070f800000, 0x000000070fa00000|  0%| F|  |TAMS 0x000000070f800000, 0x000000070f800000| Untracked 
| 119|0x000000070fa00000, 0x000000070fa00000, 0x000000070fc00000|  0%| F|  |TAMS 0x000000070fa00000, 0x000000070fa00000| Untracked 
| 120|0x000000070fc00000, 0x000000070fc00000, 0x000000070fe00000|  0%| F|  |TAMS 0x000000070fc00000, 0x000000070fc00000| Untracked 
| 121|0x000000070fe00000, 0x000000070fe00000, 0x0000000710000000|  0%| F|  |TAMS 0x000000070fe00000, 0x000000070fe00000| Untracked 
| 122|0x0000000710000000, 0x0000000710000000, 0x0000000710200000|  0%| F|  |TAMS 0x0000000710000000, 0x0000000710000000| Untracked 
| 123|0x0000000710200000, 0x0000000710200000, 0x0000000710400000|  0%| F|  |TAMS 0x0000000710200000, 0x0000000710200000| Untracked 
| 124|0x0000000710400000, 0x0000000710400000, 0x0000000710600000|  0%| F|  |TAMS 0x0000000710400000, 0x0000000710400000| Untracked 
| 125|0x0000000710600000, 0x0000000710600000, 0x0000000710800000|  0%| F|  |TAMS 0x0000000710600000, 0x0000000710600000| Untracked 
| 126|0x0000000710800000, 0x0000000710800000, 0x0000000710a00000|  0%| F|  |TAMS 0x0000000710800000, 0x0000000710800000| Untracked 
| 127|0x0000000710a00000, 0x0000000710b1eb78, 0x0000000710c00000| 55%| E|  |TAMS 0x0000000710a00000, 0x0000000710a00000| Complete 

Card table byte_map: [0x00000215e7c60000,0x00000215e8460000] _byte_map_base: 0x00000215e445a000

Marking Bits (Prev, Next): (CMBitMap*) 0x00000215d0139cb0, (CMBitMap*) 0x00000215d0139cf0
 Prev Bits: [0x00000215e8c60000, 0x00000215ecc30000)
 Next Bits: [0x00000215ecc30000, 0x00000215f0c00000)

Polling page: 0x00000215ce040000

Metaspace:

Usage:
  Non-class:      1.77 MB used.
      Class:    174.76 KB used.
       Both:      1.94 MB used.

Virtual space:
  Non-class space:       64.00 MB reserved,       1.88 MB (  3%) committed,  1 nodes.
      Class space:        1.00 GB reserved,     256.00 KB ( <1%) committed,  1 nodes.
             Both:        1.06 GB reserved,       2.12 MB ( <1%) committed. 

Chunk freelists:
   Non-Class:  11.28 MB
       Class:  15.66 MB
        Both:  26.94 MB

MaxMetaspaceSize: unlimited
CompressedClassSpaceSize: 1.00 GB
Initial GC threshold: 21.00 MB
Current GC threshold: 21.00 MB
CDS: on
MetaspaceReclaimPolicy: balanced
 - commit_granule_bytes: 65536.
 - commit_granule_words: 8192.
 - virtual_space_node_default_size: 8388608.
 - enlarge_chunks_in_place: 1.
 - new_chunks_are_fully_committed: 0.
 - uncommit_free_chunks: 1.
 - use_allocation_guard: 0.
 - handle_deallocations: 1.


Internal statistics:

num_allocs_failed_limit: 0.
num_arena_births: 20.
num_arena_deaths: 0.
num_vsnodes_births: 2.
num_vsnodes_deaths: 0.
num_space_committed: 34.
num_space_uncommitted: 0.
num_chunks_returned_to_freelist: 0.
num_chunks_taken_from_freelist: 59.
num_chunk_merges: 0.
num_chunk_splits: 37.
num_chunks_enlarged: 29.
num_inconsistent_stats: 0.

CodeHeap 'non-profiled nmethods': size=119168Kb used=431Kb max_used=431Kb free=118736Kb
 bounds [0x00000215df780000, 0x00000215df9f0000, 0x00000215e6be0000]
CodeHeap 'profiled nmethods': size=119104Kb used=1152Kb max_used=1152Kb free=117951Kb
 bounds [0x00000215d7be0000, 0x00000215d7e50000, 0x00000215df030000]
CodeHeap 'non-nmethods': size=7488Kb used=1707Kb max_used=1743Kb free=5780Kb
 bounds [0x00000215df030000, 0x00000215df2a0000, 0x00000215df780000]
 total_blobs=1121 nmethods=687 adapters=346
 compilation: enabled
              stopped_count=0, restarted_count=0
 full_count=0

Compilation events (20 events):
Event: 0.459 Thread 0x00000215f3ccf000  680       1       java.lang.NamedPackage::module (5 bytes)
Event: 0.459 Thread 0x00000215f3ccf000 nmethod 680 0x00000215df7e9e90 code [0x00000215df7ea020, 0x00000215df7ea0f8]
Event: 0.459 Thread 0x00000215f4003a40 nmethod 679 0x00000215d7cf7390 code [0x00000215d7cf75a0, 0x00000215d7cf7b88]
Event: 0.463 Thread 0x00000215f928fa60 nmethod 565 0x00000215df7ea190 code [0x00000215df7ea380, 0x00000215df7eb048]
Event: 0.464 Thread 0x00000215f4003a40  681       3       java.util.WeakHashMap::matchesKey (33 bytes)
Event: 0.464 Thread 0x00000215f3ccf000  682   !   3       java.util.zip.Inflater::inflate (418 bytes)
Event: 0.464 Thread 0x00000215f4003a40 nmethod 681 0x00000215d7cf7e10 code [0x00000215d7cf7fe0, 0x00000215d7cf8518]
Event: 0.464 Thread 0x00000215f4003a40  684       3       java.util.ArrayDeque::peek (5 bytes)
Event: 0.464 Thread 0x00000215f4003a40 nmethod 684 0x00000215d7cf8690 code [0x00000215d7cf8840, 0x00000215d7cf8a58]
Event: 0.464 Thread 0x00000215f4003a40  685       3       java.util.ArrayDeque::peekFirst (12 bytes)
Event: 0.464 Thread 0x00000215f4003a40 nmethod 685 0x00000215d7cf8b90 code [0x00000215d7cf8d20, 0x00000215d7cf8eb8]
Event: 0.464 Thread 0x00000215f4003a40  686   !   3       org.bytedeco.javacpp.Loader::putMemberOffset (97 bytes)
Event: 0.465 Thread 0x00000215f3ccf000 nmethod 682 0x00000215d7cf9010 code [0x00000215d7cf92e0, 0x00000215d7cfa4c8]
Event: 0.465 Thread 0x00000215f3ccf000  687       3       java.lang.ref.SoftReference::get (29 bytes)
Event: 0.466 Thread 0x00000215f3ccf000 nmethod 687 0x00000215d7cfae90 code [0x00000215d7cfb020, 0x00000215d7cfb1f8]
Event: 0.466 Thread 0x00000215f3ccf000  688       3       java.util.zip.ZipUtils::CENLEN (9 bytes)
Event: 0.466 Thread 0x00000215f3ccf000 nmethod 688 0x00000215d7cfb290 code [0x00000215d7cfb440, 0x00000215d7cfb718]
Event: 0.466 Thread 0x00000215f3ccf000  689       3       java.util.WeakHashMap::get (75 bytes)
Event: 0.467 Thread 0x00000215f3ccf000 nmethod 689 0x00000215d7cfb890 code [0x00000215d7cfbac0, 0x00000215d7cfc398]
Event: 0.467 Thread 0x00000215f4003a40 nmethod 686 0x00000215d7cfc710 code [0x00000215d7cfcc00, 0x00000215d7cff2f8]

GC Heap History (2 events):
Event: 0.459 GC heap before
{Heap before GC invocations=0 (full 0):
 garbage-first heap   total 262144K, used 20480K [0x0000000700c00000, 0x0000000800000000)
  region size 2048K, 11 young (22528K), 0 survivors (0K)
 Metaspace       used 1905K, committed 2048K, reserved 1114112K
  class space    used 161K, committed 256K, reserved 1048576K
}
Event: 0.463 GC heap after
{Heap after GC invocations=1 (full 0):
 garbage-first heap   total 262144K, used 1610K [0x0000000700c00000, 0x0000000800000000)
  region size 2048K, 1 young (2048K), 1 survivors (2048K)
 Metaspace       used 1905K, committed 2048K, reserved 1114112K
  class space    used 161K, committed 256K, reserved 1048576K
}

Dll operation events (20 events):
Event: 0.291 Loaded shared library C:\Program Files (x86)\Windows Kits\10\Redist\ucrt\DLLs\x64\api-ms-win-core-rtlsupport-l1-1-0.dll
Event: 0.300 Loaded shared library C:\Program Files (x86)\Windows Kits\10\Redist\ucrt\DLLs\x64\api-ms-win-core-processthreads-l1-1-1.dll
Event: 0.309 Loaded shared library C:\Program Files (x86)\Windows Kits\10\Redist\ucrt\DLLs\x64\api-ms-win-core-file-l1-2-0.dll
Event: 0.317 Loaded shared library C:\Program Files (x86)\Windows Kits\10\Redist\ucrt\DLLs\x64\api-ms-win-core-profile-l1-1-0.dll
Event: 0.325 Loaded shared library C:\Program Files (x86)\Windows Kits\10\Redist\ucrt\DLLs\x64\api-ms-win-core-memory-l1-1-0.dll
Event: 0.332 Loaded shared library C:\Program Files (x86)\Windows Kits\10\Redist\ucrt\DLLs\x64\api-ms-win-core-util-l1-1-0.dll
Event: 0.339 Loaded shared library C:\Program Files (x86)\Windows Kits\10\Redist\ucrt\DLLs\x64\api-ms-win-core-interlocked-l1-1-0.dll
Event: 0.347 Loaded shared library C:\Program Files (x86)\Windows Kits\10\Redist\ucrt\DLLs\x64\ucrtbase.dll
Event: 0.356 Loaded shared library C:\Users\Gebruiker\.jdks\corretto-17.0.10\bin\vcruntime140.dll
Event: 0.366 Loaded shared library C:\Users\Gebruiker\.jdks\corretto-17.0.10\bin\vcruntime140_1.dll
Event: 0.374 Loaded shared library C:\Users\Gebruiker\.jdks\corretto-17.0.10\bin\msvcp140.dll
Event: 0.381 Loaded shared library C:\Windows\System32\msvcp140_1.dll
Event: 0.390 Loaded shared library C:\Windows\System32\concrt140.dll
Event: 0.399 Loaded shared library C:\Windows\System32\vcomp140.dll
Event: 0.412 Loaded shared library C:\Windows\System32\winmm.dll
Event: 0.416 Loaded shared library C:\Windows\System32\opengl32.dll
Event: 0.418 Loaded shared library C:\Windows\System32\user32.dll
Event: 0.419 Loaded shared library C:\Windows\System32\shell32.dll
Event: 0.420 Loaded shared library C:\Windows\System32\gdi32.dll
Event: 0.435 Loaded shared library C:\Users\Gebruiker\.javacpp\cache\jaylib-4.5.0-0.jar\com\raylib\windows-x86_64\jniRaylib.dll

Deoptimization events (20 events):
Event: 0.407 Thread 0x00000215d00ca250 DEOPT PACKING pc=0x00000215df7a186c sp=0x0000002f315fd5e0
Event: 0.407 Thread 0x00000215d00ca250 DEOPT UNPACKING pc=0x00000215df0869a3 sp=0x0000002f315fd568 mode 2
Event: 0.409 Thread 0x00000215d00ca250 Uncommon trap: trap_request=0xffffff45 fr.pc=0x00000215df7a5424 relative=0x0000000000000184
Event: 0.409 Thread 0x00000215d00ca250 Uncommon trap: reason=unstable_if action=reinterpret pc=0x00000215df7a5424 method=sun.net.www.ParseUtil.firstEncodeIndex(Ljava/lang/String;)I @ 51 c2
Event: 0.409 Thread 0x00000215d00ca250 DEOPT PACKING pc=0x00000215df7a5424 sp=0x0000002f315fd640
Event: 0.409 Thread 0x00000215d00ca250 DEOPT UNPACKING pc=0x00000215df0869a3 sp=0x0000002f315fd5c8 mode 2
Event: 0.410 Thread 0x00000215d00ca250 Uncommon trap: trap_request=0xffffff45 fr.pc=0x00000215df7c0b74 relative=0x0000000000001354
Event: 0.410 Thread 0x00000215d00ca250 Uncommon trap: reason=unstable_if action=reinterpret pc=0x00000215df7c0b74 method=java.net.URL.<init>(Ljava/net/URL;Ljava/lang/String;Ljava/net/URLStreamHandler;)V @ 273 c2
Event: 0.410 Thread 0x00000215d00ca250 DEOPT PACKING pc=0x00000215df7c0b74 sp=0x0000002f315fd580
Event: 0.410 Thread 0x00000215d00ca250 DEOPT UNPACKING pc=0x00000215df0869a3 sp=0x0000002f315fd510 mode 2
Event: 0.413 Thread 0x00000215d00ca250 Uncommon trap: trap_request=0xffffff45 fr.pc=0x00000215df7cacd8 relative=0x0000000000003ed8
Event: 0.413 Thread 0x00000215d00ca250 Uncommon trap: reason=unstable_if action=reinterpret pc=0x00000215df7cacd8 method=sun.net.www.ParseUtil.firstEncodeIndex(Ljava/lang/String;)I @ 51 c2
Event: 0.413 Thread 0x00000215d00ca250 DEOPT PACKING pc=0x00000215df7cacd8 sp=0x0000002f315fe170
Event: 0.413 Thread 0x00000215d00ca250 DEOPT UNPACKING pc=0x00000215df0869a3 sp=0x0000002f315fde90 mode 2
Event: 0.450 Thread 0x00000215d00ca250 DEOPT PACKING pc=0x00000215d7ccbb48 sp=0x0000002f315fc920
Event: 0.450 Thread 0x00000215d00ca250 DEOPT UNPACKING pc=0x00000215df087143 sp=0x0000002f315fbe38 mode 0
Event: 0.463 Thread 0x00000215d00ca250 Uncommon trap: trap_request=0xffffff45 fr.pc=0x00000215df7b1d60 relative=0x00000000000000e0
Event: 0.463 Thread 0x00000215d00ca250 Uncommon trap: reason=unstable_if action=reinterpret pc=0x00000215df7b1d60 method=java.lang.ref.SoftReference.get()Ljava/lang/Object; @ 17 c2
Event: 0.463 Thread 0x00000215d00ca250 DEOPT PACKING pc=0x00000215df7b1d60 sp=0x0000002f315fc9b0
Event: 0.463 Thread 0x00000215d00ca250 DEOPT UNPACKING pc=0x00000215df0869a3 sp=0x0000002f315fc968 mode 2

Classes unloaded (0 events):
No events

Classes redefined (0 events):
No events

Internal exceptions (7 events):
Event: 0.076 Thread 0x00000215d00ca250 Exception <a 'java/lang/NoSuchMethodError'{0x000000071082e728}: 'int java.lang.invoke.DirectMethodHandle$Holder.invokeStaticInit(java.lang.Object, java.lang.Object, java.lang.Object, java.lang.Object)'> (0x000000071082e728) 
thrown [s\src\hotspot\share\interpreter\linkResolver.cpp, line 759]
Event: 0.078 Thread 0x00000215d00ca250 Exception <a 'java/lang/NoSuchMethodError'{0x0000000710839438}: 'java.lang.Object java.lang.invoke.DirectMethodHandle$Holder.invokeInterface(java.lang.Object, java.lang.Object)'> (0x0000000710839438) 
thrown [s\src\hotspot\share\interpreter\linkResolver.cpp, line 759]
Event: 0.078 Thread 0x00000215d00ca250 Exception <a 'java/lang/IncompatibleClassChangeError'{0x000000071083cb50}: Found class java.lang.Object, but interface was expected> (0x000000071083cb50) 
thrown [s\src\hotspot\share\interpreter\linkResolver.cpp, line 826]
Event: 0.079 Thread 0x00000215d00ca250 Exception <a 'java/lang/NoSuchMethodError'{0x000000071083fcf8}: 'void java.lang.invoke.DirectMethodHandle$Holder.invokeStatic(java.lang.Object, java.lang.Object)'> (0x000000071083fcf8) 
thrown [s\src\hotspot\share\interpreter\linkResolver.cpp, line 759]
Event: 0.080 Thread 0x00000215d00ca250 Exception <a 'java/lang/NoSuchMethodError'{0x0000000710843368}: 'void java.lang.invoke.DirectMethodHandle$Holder.invokeStaticInit(java.lang.Object, java.lang.Object)'> (0x0000000710843368) 
thrown [s\src\hotspot\share\interpreter\linkResolver.cpp, line 759]
Event: 0.081 Thread 0x00000215d00ca250 Exception <a 'java/lang/NoSuchMethodError'{0x0000000710849a50}: 'int java.lang.invoke.DirectMethodHandle$Holder.invokeStaticInit(java.lang.Object, java.lang.Object)'> (0x0000000710849a50) 
thrown [s\src\hotspot\share\interpreter\linkResolver.cpp, line 759]
Event: 0.432 Thread 0x00000215d00ca250 Exception <a 'java/lang/NoSuchMethodError'{0x000000070f72e198}: 'java.lang.Object java.lang.invoke.DirectMethodHandle$Holder.invokeStatic(java.lang.Object, int, java.lang.Object)'> (0x000000070f72e198) 
thrown [s\src\hotspot\share\interpreter\linkResolver.cpp, line 759]

VM Operations (6 events):
Event: 0.058 Executing VM operation: HandshakeAllThreads
Event: 0.058 Executing VM operation: HandshakeAllThreads done
Event: 0.113 Executing VM operation: HandshakeAllThreads
Event: 0.113 Executing VM operation: HandshakeAllThreads done
Event: 0.459 Executing VM operation: G1CollectForAllocation
Event: 0.463 Executing VM operation: G1CollectForAllocation done

Events (20 events):
Event: 0.431 loading class java/io/Externalizable
Event: 0.431 loading class java/io/Externalizable done
Event: 0.431 loading class java/time/zone/Ser done
Event: 0.431 loading class java/time/Month
Event: 0.431 loading class java/time/Month done
Event: 0.431 loading class java/time/DayOfWeek
Event: 0.431 loading class java/time/DayOfWeek done
Event: 0.431 loading class java/time/zone/ZoneOffsetTransitionRule$TimeDefinition
Event: 0.431 loading class java/time/zone/ZoneOffsetTransitionRule$TimeDefinition done
Event: 0.431 loading class java/time/zone/ZoneOffsetTransition
Event: 0.431 loading class java/time/zone/ZoneOffsetTransition done
Event: 0.432 loading class java/time/temporal/TemporalAdjusters
Event: 0.432 loading class java/time/temporal/TemporalAdjusters done
Event: 0.434 loading class java/time/zone/ZoneOffsetTransitionRule$1
Event: 0.434 loading class java/time/zone/ZoneOffsetTransitionRule$1 done
Event: 0.434 loading class java/util/concurrent/TimeUnit$1
Event: 0.434 loading class java/util/concurrent/TimeUnit$1 done
Event: 0.444 loading class java/lang/NumberFormatException
Event: 0.444 loading class java/lang/NumberFormatException done
Event: 0.445 Thread 0x00000215fa15fc80 Thread added: 0x00000215fa15fc80


Dynamic libraries:
0x00007ff67ac90000 - 0x00007ff67ac9e000 	C:\Users\Gebruiker\.jdks\corretto-17.0.10\bin\java.exe
0x00007ff8581f0000 - 0x00007ff858407000 	C:\WINDOWS\SYSTEM32\ntdll.dll
0x00007ff857dc0000 - 0x00007ff857e84000 	C:\WINDOWS\System32\KERNEL32.DLL
0x00007ff8559f0000 - 0x00007ff855d96000 	C:\WINDOWS\System32\KERNELBASE.dll
0x00007ff855860000 - 0x00007ff855971000 	C:\WINDOWS\System32\ucrtbase.dll
0x00007ff82ca20000 - 0x00007ff82ca3b000 	C:\Users\Gebruiker\.jdks\corretto-17.0.10\bin\VCRUNTIME140.dll
0x00007ff82b130000 - 0x00007ff82b147000 	C:\Users\Gebruiker\.jdks\corretto-17.0.10\bin\jli.dll
0x00007ff856240000 - 0x00007ff8563ee000 	C:\WINDOWS\System32\USER32.dll
0x00007ff83aea0000 - 0x00007ff83b133000 	C:\WINDOWS\WinSxS\amd64_microsoft.windows.common-controls_6595b64144ccf1df_6.0.22621.2506_none_270c5ae97388e100\COMCTL32.dll
0x00007ff855710000 - 0x00007ff855736000 	C:\WINDOWS\System32\win32u.dll
0x00007ff857bf0000 - 0x00007ff857c97000 	C:\WINDOWS\System32\msvcrt.dll
0x00007ff857e90000 - 0x00007ff857eb9000 	C:\WINDOWS\System32\GDI32.dll
0x00007ff855530000 - 0x00007ff855648000 	C:\WINDOWS\System32\gdi32full.dll
0x00007ff855740000 - 0x00007ff8557da000 	C:\WINDOWS\System32\msvcp_win.dll
0x00007ff8563f0000 - 0x00007ff856421000 	C:\WINDOWS\System32\IMM32.DLL
0x00007ff831730000 - 0x00007ff83173c000 	C:\Users\Gebruiker\.jdks\corretto-17.0.10\bin\vcruntime140_1.dll
0x00007ff80a830000 - 0x00007ff80a8bd000 	C:\Users\Gebruiker\.jdks\corretto-17.0.10\bin\msvcp140.dll
0x00007fff6dd50000 - 0x00007fff6e9b2000 	C:\Users\Gebruiker\.jdks\corretto-17.0.10\bin\server\jvm.dll
0x00007ff8570f0000 - 0x00007ff8571a3000 	C:\WINDOWS\System32\ADVAPI32.dll
0x00007ff857fa0000 - 0x00007ff858048000 	C:\WINDOWS\System32\sechost.dll
0x00007ff855f10000 - 0x00007ff855f38000 	C:\WINDOWS\System32\bcrypt.dll
0x00007ff857ca0000 - 0x00007ff857db7000 	C:\WINDOWS\System32\RPCRT4.dll
0x00007ff8543b0000 - 0x00007ff8543fd000 	C:\WINDOWS\SYSTEM32\POWRPROF.dll
0x00007ff847490000 - 0x00007ff847499000 	C:\WINDOWS\SYSTEM32\WSOCK32.dll
0x00007ff84e450000 - 0x00007ff84e484000 	C:\WINDOWS\SYSTEM32\WINMM.dll
0x00007ff84f410000 - 0x00007ff84f41a000 	C:\WINDOWS\SYSTEM32\VERSION.dll
0x00007ff856430000 - 0x00007ff8564a1000 	C:\WINDOWS\System32\WS2_32.dll
0x00007ff854390000 - 0x00007ff8543a3000 	C:\WINDOWS\SYSTEM32\UMPDC.dll
0x00007ff854650000 - 0x00007ff854668000 	C:\WINDOWS\SYSTEM32\kernel.appcore.dll
0x00007ff830980000 - 0x00007ff83098a000 	C:\Users\Gebruiker\.jdks\corretto-17.0.10\bin\jimage.dll
0x00007ff846160000 - 0x00007ff846393000 	C:\WINDOWS\SYSTEM32\DBGHELP.DLL
0x00007ff856970000 - 0x00007ff856cf9000 	C:\WINDOWS\System32\combase.dll
0x00007ff855f40000 - 0x00007ff856017000 	C:\WINDOWS\System32\OLEAUT32.dll
0x00007ff846120000 - 0x00007ff846152000 	C:\WINDOWS\SYSTEM32\dbgcore.DLL
0x00007ff8557e0000 - 0x00007ff85585a000 	C:\WINDOWS\System32\bcryptPrimitives.dll
0x00007ff82a120000 - 0x00007ff82a145000 	C:\Users\Gebruiker\.jdks\corretto-17.0.10\bin\java.dll
0x00007fffdc570000 - 0x00007fffdc647000 	C:\Users\Gebruiker\.jdks\corretto-17.0.10\bin\jsvml.dll
0x00007ff8571b0000 - 0x00007ff857a0a000 	C:\WINDOWS\System32\SHELL32.dll
0x00007ff853490000 - 0x00007ff853d86000 	C:\WINDOWS\SYSTEM32\windows.storage.dll
0x00007ff853350000 - 0x00007ff85348e000 	C:\WINDOWS\SYSTEM32\wintypes.dll
0x00007ff8580b0000 - 0x00007ff8581a3000 	C:\WINDOWS\System32\SHCORE.dll
0x00007ff857ec0000 - 0x00007ff857f1e000 	C:\WINDOWS\System32\shlwapi.dll
0x00007ff855460000 - 0x00007ff855486000 	C:\WINDOWS\SYSTEM32\profapi.dll
0x00007ff82b0b0000 - 0x00007ff82b0c9000 	C:\Users\Gebruiker\.jdks\corretto-17.0.10\bin\net.dll
0x00007ff84ef30000 - 0x00007ff84f067000 	C:\WINDOWS\SYSTEM32\WINHTTP.dll
0x00007ff854ad0000 - 0x00007ff854b39000 	C:\WINDOWS\system32\mswsock.dll
0x00007ff82ad00000 - 0x00007ff82ad16000 	C:\Users\Gebruiker\.jdks\corretto-17.0.10\bin\nio.dll
0x00007ff829db0000 - 0x00007ff829dc8000 	C:\Users\Gebruiker\.jdks\corretto-17.0.10\bin\zip.dll
0x00000215ce080000 - 0x00000215ce083000 	C:\Program Files (x86)\Windows Kits\10\Redist\ucrt\DLLs\x64\api-ms-win-crt-locale-l1-1-0.dll
0x00000215ce090000 - 0x00000215ce094000 	C:\Program Files (x86)\Windows Kits\10\Redist\ucrt\DLLs\x64\api-ms-win-crt-string-l1-1-0.dll
0x00000215ce0a0000 - 0x00000215ce0a4000 	C:\Program Files (x86)\Windows Kits\10\Redist\ucrt\DLLs\x64\api-ms-win-crt-stdio-l1-1-0.dll
0x00000215ce0b0000 - 0x00000215ce0b5000 	C:\Program Files (x86)\Windows Kits\10\Redist\ucrt\DLLs\x64\api-ms-win-crt-math-l1-1-0.dll
0x00000215ce0c0000 - 0x00000215ce0c3000 	C:\Program Files (x86)\Windows Kits\10\Redist\ucrt\DLLs\x64\api-ms-win-crt-heap-l1-1-0.dll
0x00000215cffc0000 - 0x00000215cffc4000 	C:\Program Files (x86)\Windows Kits\10\Redist\ucrt\DLLs\x64\api-ms-win-crt-runtime-l1-1-0.dll
0x00000215cffd0000 - 0x00000215cffd4000 	C:\Program Files (x86)\Windows Kits\10\Redist\ucrt\DLLs\x64\api-ms-win-crt-convert-l1-1-0.dll
0x00000215cffe0000 - 0x00000215cffe3000 	C:\Program Files (x86)\Windows Kits\10\Redist\ucrt\DLLs\x64\api-ms-win-crt-environment-l1-1-0.dll
0x00000215cfff0000 - 0x00000215cfff3000 	C:\Program Files (x86)\Windows Kits\10\Redist\ucrt\DLLs\x64\api-ms-win-crt-time-l1-1-0.dll
0x00000215d0000000 - 0x00000215d0003000 	C:\Program Files (x86)\Windows Kits\10\Redist\ucrt\DLLs\x64\api-ms-win-crt-filesystem-l1-1-0.dll
0x00000215d0010000 - 0x00000215d0013000 	C:\Program Files (x86)\Windows Kits\10\Redist\ucrt\DLLs\x64\api-ms-win-crt-utility-l1-1-0.dll
0x00000215d0020000 - 0x00000215d0025000 	C:\Program Files (x86)\Windows Kits\10\Redist\ucrt\DLLs\x64\api-ms-win-crt-multibyte-l1-1-0.dll
0x00000215d0030000 - 0x00000215d0033000 	C:\Program Files (x86)\Windows Kits\10\Redist\ucrt\DLLs\x64\api-ms-win-crt-conio-l1-1-0.dll
0x00000215d0040000 - 0x00000215d004f000 	C:\Program Files (x86)\Windows Kits\10\Redist\ucrt\DLLs\x64\api-ms-win-crt-private-l1-1-0.dll
0x00000215d0050000 - 0x00000215d0053000 	C:\Program Files (x86)\Windows Kits\10\Redist\ucrt\DLLs\x64\api-ms-win-crt-process-l1-1-0.dll
0x00000215d0060000 - 0x00000215d0063000 	C:\Program Files (x86)\Windows Kits\10\Redist\ucrt\DLLs\x64\api-ms-win-core-string-l1-1-0.dll
0x00000215d0070000 - 0x00000215d0073000 	C:\Program Files (x86)\Windows Kits\10\Redist\ucrt\DLLs\x64\api-ms-win-core-errorhandling-l1-1-0.dll
0x00000215f49d0000 - 0x00000215f49d3000 	C:\Program Files (x86)\Windows Kits\10\Redist\ucrt\DLLs\x64\api-ms-win-core-timezone-l1-1-0.dll
0x00000215f49e0000 - 0x00000215f49e4000 	C:\Program Files (x86)\Windows Kits\10\Redist\ucrt\DLLs\x64\api-ms-win-core-file-l1-1-0.dll
0x00000215f49f0000 - 0x00000215f49f3000 	C:\Program Files (x86)\Windows Kits\10\Redist\ucrt\DLLs\x64\api-ms-win-core-namedpipe-l1-1-0.dll
0x00000215f4a00000 - 0x00000215f4a03000 	C:\Program Files (x86)\Windows Kits\10\Redist\ucrt\DLLs\x64\api-ms-win-core-handle-l1-1-0.dll
0x00000215f4a10000 - 0x00000215f4a13000 	C:\Program Files (x86)\Windows Kits\10\Redist\ucrt\DLLs\x64\api-ms-win-core-file-l2-1-0.dll
0x00000215f4a20000 - 0x00000215f4a23000 	C:\Program Files (x86)\Windows Kits\10\Redist\ucrt\DLLs\x64\api-ms-win-core-heap-l1-1-0.dll
0x00000215f4a30000 - 0x00000215f4a33000 	C:\Program Files (x86)\Windows Kits\10\Redist\ucrt\DLLs\x64\api-ms-win-core-libraryloader-l1-1-0.dll
0x00000215f4a40000 - 0x00000215f4a43000 	C:\Program Files (x86)\Windows Kits\10\Redist\ucrt\DLLs\x64\api-ms-win-core-synch-l1-1-0.dll
0x00000215f4a50000 - 0x00000215f4a53000 	C:\Program Files (x86)\Windows Kits\10\Redist\ucrt\DLLs\x64\api-ms-win-core-processthreads-l1-1-0.dll
0x00000215f4a60000 - 0x00000215f4a63000 	C:\Program Files (x86)\Windows Kits\10\Redist\ucrt\DLLs\x64\api-ms-win-core-processenvironment-l1-1-0.dll
0x00000215f4a70000 - 0x00000215f4a73000 	C:\Program Files (x86)\Windows Kits\10\Redist\ucrt\DLLs\x64\api-ms-win-core-datetime-l1-1-0.dll
0x00000215f4a80000 - 0x00000215f4a83000 	C:\Program Files (x86)\Windows Kits\10\Redist\ucrt\DLLs\x64\api-ms-win-core-localization-l1-2-0.dll
0x00000215f4a90000 - 0x00000215f4a93000 	C:\Program Files (x86)\Windows Kits\10\Redist\ucrt\DLLs\x64\api-ms-win-core-sysinfo-l1-1-0.dll
0x00000215f4aa0000 - 0x00000215f4aa3000 	C:\Program Files (x86)\Windows Kits\10\Redist\ucrt\DLLs\x64\api-ms-win-core-synch-l1-2-0.dll
0x00000215f4ab0000 - 0x00000215f4ab3000 	C:\Program Files (x86)\Windows Kits\10\Redist\ucrt\DLLs\x64\api-ms-win-core-console-l1-1-0.dll
0x00000215f4ac0000 - 0x00000215f4ac3000 	C:\Program Files (x86)\Windows Kits\10\Redist\ucrt\DLLs\x64\api-ms-win-core-debug-l1-1-0.dll
0x00000215f4ad0000 - 0x00000215f4ad3000 	C:\Program Files (x86)\Windows Kits\10\Redist\ucrt\DLLs\x64\api-ms-win-core-rtlsupport-l1-1-0.dll
0x00000215f4ae0000 - 0x00000215f4ae3000 	C:\Program Files (x86)\Windows Kits\10\Redist\ucrt\DLLs\x64\api-ms-win-core-processthreads-l1-1-1.dll
0x00000215f4af0000 - 0x00000215f4af3000 	C:\Program Files (x86)\Windows Kits\10\Redist\ucrt\DLLs\x64\api-ms-win-core-file-l1-2-0.dll
0x00000215f4b00000 - 0x00000215f4b03000 	C:\Program Files (x86)\Windows Kits\10\Redist\ucrt\DLLs\x64\api-ms-win-core-profile-l1-1-0.dll
0x00000215f4b10000 - 0x00000215f4b13000 	C:\Program Files (x86)\Windows Kits\10\Redist\ucrt\DLLs\x64\api-ms-win-core-memory-l1-1-0.dll
0x00000215f4b20000 - 0x00000215f4b23000 	C:\Program Files (x86)\Windows Kits\10\Redist\ucrt\DLLs\x64\api-ms-win-core-util-l1-1-0.dll
0x00000215f4b30000 - 0x00000215f4b33000 	C:\Program Files (x86)\Windows Kits\10\Redist\ucrt\DLLs\x64\api-ms-win-core-interlocked-l1-1-0.dll
0x00007ff83d830000 - 0x00007ff83d922000 	C:\Program Files (x86)\Windows Kits\10\Redist\ucrt\DLLs\x64\ucrtbase.dll
0x00007ff850eb0000 - 0x00007ff850eb9000 	C:\Windows\System32\msvcp140_1.dll
0x00007ff831a40000 - 0x00007ff831a8e000 	C:\Windows\System32\concrt140.dll
0x00007ff83f850000 - 0x00007ff83f881000 	C:\Windows\System32\vcomp140.dll
0x00007ff806c70000 - 0x00007ff806d70000 	C:\Windows\System32\opengl32.dll
0x00007ff806c40000 - 0x00007ff806c6d000 	C:\WINDOWS\SYSTEM32\GLU32.dll
0x00007ff852cc0000 - 0x00007ff852cf6000 	C:\WINDOWS\SYSTEM32\dxcore.dll
0x00007fffdc350000 - 0x00007fffdc56d000 	C:\Users\Gebruiker\.javacpp\cache\jaylib-4.5.0-0.jar\com\raylib\windows-x86_64\jniRaylib.dll

dbghelp: loaded successfully - version: 4.0.5 - missing functions: none
symbol engine: initialized successfully - sym options: 0x614 - pdb path: .;C:\Users\Gebruiker\.jdks\corretto-17.0.10\bin;C:\WINDOWS\SYSTEM32;C:\WINDOWS\WinSxS\amd64_microsoft.windows.common-controls_6595b64144ccf1df_6.0.22621.2506_none_270c5ae97388e100;C:\Users\Gebruiker\.jdks\corretto-17.0.10\bin\server;C:\Program Files (x86)\Windows Kits\10\Redist\ucrt\DLLs\x64;C:\Users\Gebruiker\.javacpp\cache\jaylib-4.5.0-0.jar\com\raylib\windows-x86_64

VM Arguments:
jvm_args: -Dfile.encoding=windows-1252 -Duser.country=NL -Duser.language=nl -Duser.variant 
java_command: PineVille.GameScene
java_class_path (initial): C:\Users\Gebruiker\Documents\GitHub\PineVille\build\classes\java\main;C:\Users\Gebruiker\Documents\GitHub\PineVille\build\resources\main;C:\Users\Gebruiker\.gradle\caches\modules-2\files-2.1\uk.co.electronstudio.jaylib\jaylib\4.5.0-0\90c0d608df9bbd32f5f34683acc58cb433e94508\jaylib-4.5.0-0.jar
Launcher Type: SUN_STANDARD

[Global flags]
     intx CICompilerCount                          = 12                                        {product} {ergonomic}
     uint ConcGCThreads                            = 3                                         {product} {ergonomic}
     uint G1ConcRefinementThreads                  = 13                                        {product} {ergonomic}
   size_t G1HeapRegionSize                         = 2097152                                   {product} {ergonomic}
    uintx GCDrainStackTargetSize                   = 64                                        {product} {ergonomic}
   size_t InitialHeapSize                          = 268435456                                 {product} {ergonomic}
   size_t MarkStackSize                            = 4194304                                   {product} {ergonomic}
   size_t MaxHeapSize                              = 4282384384                                {product} {ergonomic}
   size_t MaxNewSize                               = 2569011200                                {product} {ergonomic}
   size_t MinHeapDeltaBytes                        = 2097152                                   {product} {ergonomic}
   size_t MinHeapSize                              = 8388608                                   {product} {ergonomic}
    uintx NonNMethodCodeHeapSize                   = 7602480                                {pd product} {ergonomic}
    uintx NonProfiledCodeHeapSize                  = 122027880                              {pd product} {ergonomic}
    uintx ProfiledCodeHeapSize                     = 122027880                              {pd product} {ergonomic}
    uintx ReservedCodeCacheSize                    = 251658240                              {pd product} {ergonomic}
     bool SegmentedCodeCache                       = true                                      {product} {ergonomic}
   size_t SoftMaxHeapSize                          = 4282384384                             {manageable} {ergonomic}
     bool UseCompressedClassPointers               = true                           {product lp64_product} {ergonomic}
     bool UseCompressedOops                        = true                           {product lp64_product} {ergonomic}
     bool UseG1GC                                  = true                                      {product} {ergonomic}
     bool UseLargePagesIndividualAllocation        = false                                  {pd product} {ergonomic}

Logging:
Log output configuration:
 #0: stdout all=warning uptime,level,tags
 #1: stderr all=off uptime,level,tags

Environment Variables:
JAVA_HOME=C:\Program Files\OpenJDK\jdk-8.0.292.10-hotspot\
PATH=C:\Program Files\Common Files\Oracle\Java\javapath;C:\Program Files (x86)\Common Files\Oracle\Java\javapath;C:\Program Files (x86)\Common Files\Intel\Shared Libraries\redist\intel64\compiler;C:\Program Files\OpenJDK\jdk-8.0.292.10-hotspot\bin;C:\Program Files (x86)\Razer Chroma SDK\bin;C:\Program Files\Razer Chroma SDK\bin;C:\Program Files (x86)\Razer\ChromaBroadcast\bin;C:\Program Files\Razer\ChromaBroadcast\bin;C:\Windows\system32;C:\Windows;C:\Windows\System32\Wbem;C:\Windows\System32\WindowsPowerShell\v1.0\;C:\Windows\System32\OpenSSH\;C:\Program Files\WorldPainter;C:\Windows\system32\config\systemprofile\AppData\Local\Microsoft\WindowsApps;C:\WINDOWS\system32;C:\WINDOWS;C:\WINDOWS\System32\Wbem;C:\WINDOWS\System32\WindowsPowerShell\v1.0\;C:\WINDOWS\System32\OpenSSH\;C:\Users\Gebruiker\AppData\Local\Microsoft\WindowsApps;C:\Program Files\Git\cmd;C:\Program Files (x86)\NVIDIA Corporation\PhysX\Common;C:\WINDOWS\system32;C:\WINDOWS;C:\WINDOWS\System32\Wbem;C:\WINDOWS\System32\WindowsPowerShell\v1.0\;C:\WINDOWS\System32\OpenSSH\;C:\Program Files\NVIDIA Corporation\NVIDIA NvDLISR;C:\Program Files\dotnet\;C:\Users\Gebruiker\AppData\Local\Microsoft\WindowsApps;C:\Users\Gebruiker\AppData\Local\GitHubDesktop\bin;C:\Users\Gebruiker\.dotnet\tools;C:\Users\Gebruiker\AppData\Local\Programs\Microsoft VS Code\bin
USERNAME=Gebruiker
OS=Windows_NT
PROCESSOR_IDENTIFIER=AMD64 Family 23 Model 113 Stepping 0, AuthenticAMD
TMP=C:\Users\GEBRUI~1\AppData\Local\Temp
TEMP=C:\Users\GEBRUI~1\AppData\Local\Temp



Periodic native trim disabled


---------------  S Y S T E M  ---------------

OS:
 Windows 11 , 64 bit Build 22621 (10.0.22621.2506)
OS uptime: 2 days 8:19 hours

CPU: total 16 (initial active 16) (16 cores per cpu, 2 threads per core) family 23 model 113 stepping 0 microcode 0x0, cx8, cmov, fxsr, ht, mmx, 3dnowpref, sse, sse2, sse3, ssse3, sse4a, sse4.1, sse4.2, popcnt, lzcnt, tsc, tscinvbit, avx, avx2, aes, clmul, bmi1, bmi2, adx, sha, fma, vzeroupper, clflush, clflushopt
Processor Information for all 16 processors :
  Max Mhz: 3593, Current Mhz: 3593, Mhz Limit: 3593

Memory: 4k page, system-wide physical 16329M (5404M free)
TotalPageFile size 31970M (AvailPageFile size 9062M)
current process WorkingSet (physical memory assigned to process): 108M, peak: 111M
current process commit charge ("private bytes"): 405M, peak: 407M

vm_info: OpenJDK 64-Bit Server VM (17.0.10+7-LTS) for windows-amd64 JRE (17.0.10+7-LTS), built on Jan 10 2024 22:11:07 by "Administrator" with MS VC++ 16.10 / 16.11 (VS2019)

END.
