#
# A fatal error has been detected by the Java Runtime Environment:
#
#  EXCEPTION_ACCESS_VIOLATION (0xc0000005) at pc=0x0000000000000000, pid=1232, tid=20064
#
# JRE version: OpenJDK Runtime Environment Corretto-17.0.10.7.1 (17.0.10+7) (build 17.0.10+7-LTS)
# Java VM: OpenJDK 64-Bit Server VM Corretto-17.0.10.7.1 (17.0.10+7-LTS, mixed mode, sharing, tiered, compressed oops, compressed class ptrs, g1 gc, windows-amd64)
# Problematic frame:
# C  [jniRaylib.dll+0xdcb37]
#
# No core dump will be written. Minidumps are not enabled by default on client versions of Windows
#
# If you would like to submit a bug report, please visit:
#   https://github.com/corretto/corretto-17/issues/
# The crash happened outside the Java Virtual Machine in native code.
# See problematic frame for where to report the bug.
#

---------------  S U M M A R Y ------------

Command Line: -Dfile.encoding=windows-1252 -Duser.country=NL -Duser.language=nl -Duser.variant PineVille.GameScene

Host: AMD Ryzen 7 3700X 8-Core Processor             , 16 cores, 15G,  Windows 11 , 64 bit Build 22621 (10.0.22621.2506)
Time: Tue Feb 13 21:07:53 2024 West-Europa (standaardtijd) elapsed time: 0.487451 seconds (0d 0h 0m 0s)

---------------  T H R E A D  ---------------

Current thread (0x0000021f6349c310):  JavaThread "main" [_thread_in_native, id=20064, stack(0x00000049eee00000,0x00000049eef00000)]

Stack: [0x00000049eee00000,0x00000049eef00000],  sp=0x00000049eeefeff0,  free space=1019k
Native frames: (J=compiled Java code, j=interpreted, Vv=VM code, C=native code)

Java frames: (J=compiled Java code, j=interpreted, Vv=VM code)
j  com.raylib.Raylib.LoadTexture(Ljava/lang/String;)Lcom/raylib/Raylib$Texture;+0
j  PineVille.GameScene.main([Ljava/lang/String;)V+10
v  ~StubRoutines::call_stub

siginfo: EXCEPTION_ACCESS_VIOLATION (0xc0000005), data execution prevention violation at address 0x0000000000000000


Registers:
RAX=0x0000016c3e66414d, RBX=0x0000000000000002, RCX=0x0000000000000de1, RDX=0x0000000000000000
RSP=0x00000049eeefefe8, RBP=0x0000000000000002, RSI=0x0000000000000020, RDI=0x0000000000000020
R8 =0x0000000000000020, R9 =0x0000000000000002, R10=0x0000021f612c0000, R11=0x00000049eeeff020
R12=0x0000000000000000, R13=0x0000021f502b2120, R14=0x0000000000000020, R15=0x0000021f6349c310
RIP=0x0000000000000000, EFLAGS=0x0000000000010246


Register to memory mapping:

RIP=0x0 is NULL
RAX=0x0000016c3e66414d is an unknown value
RBX=0x0000000000000002 is an unknown value
RCX=0x0000000000000de1 is an unknown value
RDX=0x0 is NULL
RSP=0x00000049eeefefe8 is pointing into the stack for thread: 0x0000021f6349c310
RBP=0x0000000000000002 is an unknown value
RSI=0x0000000000000020 is an unknown value
RDI=0x0000000000000020 is an unknown value
R8 =0x0000000000000020 is an unknown value
R9 =0x0000000000000002 is an unknown value
R10=0x0000021f612c0000 points into unknown readable memory: 0x0000000000000000 | 00 00 00 00 00 00 00 00
R11=0x00000049eeeff020 is pointing into the stack for thread: 0x0000021f6349c310
R12=0x0 is NULL
R13=0x0000021f502b2120 points into unknown readable memory: 0x00ff00ff00ff00ff | ff 00 ff 00 ff 00 ff 00
R14=0x0000000000000020 is an unknown value
R15=0x0000021f6349c310 is a thread


Top of Stack: (sp=0x00000049eeefefe8)
0x00000049eeefefe8:   00007fffdc42cb37 0000000000000000
0x00000049eeefeff8:   0000000000000000 0000000000000000
0x00000049eeeff008:   00007ff85586480e 0000021f4f33e500
0x00000049eeeff018:   00000049eeeff1a0 0000021f6349c310
0x00000049eeeff028:   0000000000000000 0000021f4a41d7f8
0x00000049eeeff038:   0000000000000000 0000021f00000000
0x00000049eeeff048:   00007ff85822ab11 0000002000000020
0x00000049eeeff058:   0000021f612c0000 0000000200000001
0x00000049eeeff068:   0000016c3e66414d 0000000000000000
0x00000049eeeff078:   0000021f493fdf40 0000021f493fdd50
0x00000049eeeff088:   00007ff8558737eb 00000049eeeff1a0
0x00000049eeeff098:   0000000000000001 0000021f4a41d7f8
0x00000049eeeff0a8:   0000021f502b2120 00000049eeeff1a0
0x00000049eeeff0b8:   00007fffdc401bf0 00000049eeeff1a0
0x00000049eeeff0c8:   0000021f00000000 0000000000000000
0x00000049eeeff0d8:   0000000000000000 0000021f00000001
0x00000049eeeff0e8:   00000049eeeff730 0000004900000000
0x00000049eeeff0f8:   00007ff855871b06 0000000000000000
0x00000049eeeff108:   0000021f502b2120 0000002000000020
0x00000049eeeff118:   0000000200000001 0000021f502b2120
0x00000049eeeff128:   0000002000000020 0000000200000001
0x00000049eeeff138:   0000000000000002 0000021f4f33e500
0x00000049eeeff148:   0000021f6349c5c8 0000021f507900a0
0x00000049eeeff158:   00007fffdc39333b 00000049000001f0
0x00000049eeeff168:   0000021f4a41d800 00000049eeeff258
0x00000049eeeff178:   00000049eeeff730 0000021f6349c310
0x00000049eeeff188:   0000021f6349c310 0000021f4f33e500
0x00000049eeeff198:   0000021f6349c310 0000000000000000
0x00000049eeeff1a8:   0000000000000000 0000021f00000000
0x00000049eeeff1b8:   0000021f4a41d800 00000049eeeff278
0x00000049eeeff1c8:   0000021f6349c310 00000049eeeff730
0x00000049eeeff1d8:   0000021f7240d621 0000021f6349c5c8 

Instructions: (pc=0x00007fffdc42cb37)
0x00007fffdc42ca37:   44 24 50 c7 44 24 50 00 00 00 00 ba 84 8b 00 00
0x00007fffdc42ca47:   8b ce ff 15 89 41 11 00 48 63 44 24 50 85 c0 7e
0x00007fffdc42ca57:   4d 48 8b c8 c7 44 24 20 00 00 00 00 ba 01 00 00
0x00007fffdc42ca67:   00 ff 15 ba 0b 08 00 8b 54 24 50 4c 8d 44 24 20
0x00007fffdc42ca77:   4c 8b c8 8b ce 48 8b d8 ff 15 bb 40 11 00 4c 8b
0x00007fffdc42ca87:   cb 48 8d 15 a9 d9 08 00 44 8b c6 b9 04 00 00 00
0x00007fffdc42ca97:   e8 d4 ce 06 00 48 8b cb ff 15 93 0b 08 00 8b ce
0x00007fffdc42caa7:   ff 15 5b 3a 11 00 33 c0 48 8b 5c 24 40 48 8b 74
0x00007fffdc42cab7:   24 48 48 83 c4 30 5f c3 48 8d 15 92 d9 08 00 b9
0x00007fffdc42cac7:   03 00 00 00 e8 a0 ce 06 00 48 8b 5c 24 40 8b c6
0x00007fffdc42cad7:   48 8b 74 24 48 48 83 c4 30 5f c3 cc cc cc cc cc
0x00007fffdc42cae7:   cc cc cc cc cc cc cc cc cc 40 53 56 41 55 41 56
0x00007fffdc42caf7:   48 81 ec a8 00 00 00 48 8b 05 73 12 11 00 48 33
0x00007fffdc42cb07:   c4 48 89 44 24 78 44 8b f2 89 54 24 60 4c 8b e9
0x00007fffdc42cb17:   44 89 44 24 64 33 d2 c7 44 24 50 00 00 00 00 b9
0x00007fffdc42cb27:   e1 0d 00 00 41 8b d9 41 8b f0 ff 15 f1 35 11 00
0x00007fffdc42cb37:   80 3d 00 61 11 00 00 75 1e 8d 43 f5 83 f8 03 77
0x00007fffdc42cb47:   16 48 8d 15 e9 d1 08 00 b9 04 00 00 00 e8 17 ce
0x00007fffdc42cb57:   06 00 e9 f6 03 00 00 80 3d da 60 11 00 00 75 19
0x00007fffdc42cb67:   83 fb 0f 75 14 48 8d 15 f5 d1 08 00 8d 4b f5 e8
0x00007fffdc42cb77:   f5 cd 06 00 e9 d4 03 00 00 80 3d b9 60 11 00 00
0x00007fffdc42cb87:   75 1e 8d 43 f0 83 f8 01 77 16 48 8d 15 08 d2 08
0x00007fffdc42cb97:   00 b9 04 00 00 00 e8 ce cd 06 00 e9 ad 03 00 00
0x00007fffdc42cba7:   80 3d 93 60 11 00 00 75 1e 8d 43 ee 83 f8 01 77
0x00007fffdc42cbb7:   16 48 8d 15 19 d2 08 00 b9 04 00 00 00 e8 a7 cd
0x00007fffdc42cbc7:   06 00 e9 86 03 00 00 80 3d 6d 60 11 00 00 75 1e
0x00007fffdc42cbd7:   8d 43 ec 83 f8 01 77 16 48 8d 15 2a d2 08 00 b9
0x00007fffdc42cbe7:   04 00 00 00 e8 80 cd 06 00 e9 5f 03 00 00 48 89
0x00007fffdc42cbf7:   ac 24 a0 00 00 00 ba 01 00 00 00 48 89 bc 24 98
0x00007fffdc42cc07:   00 00 00 b9 f5 0c 00 00 4c 89 a4 24 90 00 00 00
0x00007fffdc42cc17:   4c 89 bc 24 88 00 00 00 ff 15 13 48 11 00 48 8d
0x00007fffdc42cc27:   54 24 50 b9 01 00 00 00 ff 15 43 3c 11 00 8b 54 


Stack slot to memory mapping:
stack at sp + 0 slots: 0x0 is NULL
stack at sp + 1 slots: 0x0 is NULL
stack at sp + 2 slots: 0x0 is NULL
stack at sp + 3 slots: 0x00007ff85586480e ucrtbase.dll
stack at sp + 4 slots: 0x0000021f4f33e500 points into unknown readable memory: 0x656372756f736572 | 72 65 73 6f 75 72 63 65
stack at sp + 5 slots: 0x00000049eeeff1a0 is pointing into the stack for thread: 0x0000021f6349c310
stack at sp + 6 slots: 0x0000021f6349c310 is a thread
stack at sp + 7 slots: 0x0 is NULL


---------------  P R O C E S S  ---------------

Threads class SMR info:
_java_thread_list=0x0000021f493e4b00, length=18, elements={
0x0000021f6349c310, 0x0000021f49009e20, 0x0000021f4900aca0, 0x0000021f49023bd0,
0x0000021f49024790, 0x0000021f49027260, 0x0000021f49027c20, 0x0000021f49028910,
0x0000021f4902c8c0, 0x0000021f4903b220, 0x0000021f490eb900, 0x0000021f491de790,
0x0000021f491e10d0, 0x0000021f493f1e40, 0x0000021f49593c50, 0x0000021f49594170,
0x0000021f4982bed0, 0x0000021f50d4d0b0
}

Java Threads: ( => current thread )
=>0x0000021f6349c310 JavaThread "main" [_thread_in_native, id=20064, stack(0x00000049eee00000,0x00000049eef00000)]
  0x0000021f49009e20 JavaThread "Reference Handler" daemon [_thread_blocked, id=18676, stack(0x00000049ef500000,0x00000049ef600000)]
  0x0000021f4900aca0 JavaThread "Finalizer" daemon [_thread_blocked, id=26636, stack(0x00000049ef600000,0x00000049ef700000)]
  0x0000021f49023bd0 JavaThread "Signal Dispatcher" daemon [_thread_blocked, id=3172, stack(0x00000049ef700000,0x00000049ef800000)]
  0x0000021f49024790 JavaThread "Attach Listener" daemon [_thread_blocked, id=15644, stack(0x00000049ef800000,0x00000049ef900000)]
  0x0000021f49027260 JavaThread "Service Thread" daemon [_thread_blocked, id=33484, stack(0x00000049ef900000,0x00000049efa00000)]
  0x0000021f49027c20 JavaThread "Monitor Deflation Thread" daemon [_thread_blocked, id=13724, stack(0x00000049efa00000,0x00000049efb00000)]
  0x0000021f49028910 JavaThread "C2 CompilerThread0" daemon [_thread_blocked, id=14548, stack(0x00000049efb00000,0x00000049efc00000)]
  0x0000021f4902c8c0 JavaThread "C1 CompilerThread0" daemon [_thread_blocked, id=4612, stack(0x00000049efc00000,0x00000049efd00000)]
  0x0000021f4903b220 JavaThread "Sweeper thread" daemon [_thread_blocked, id=27332, stack(0x00000049efd00000,0x00000049efe00000)]
  0x0000021f490eb900 JavaThread "C1 CompilerThread1" daemon [_thread_blocked, id=11924, stack(0x00000049efe00000,0x00000049eff00000)]
  0x0000021f491de790 JavaThread "Notification Thread" daemon [_thread_blocked, id=30532, stack(0x00000049eff00000,0x00000049f0000000)]
  0x0000021f491e10d0 JavaThread "Common-Cleaner" daemon [_thread_blocked, id=22964, stack(0x00000049f0100000,0x00000049f0200000)]
  0x0000021f493f1e40 JavaThread "C2 CompilerThread1" daemon [_thread_in_native, id=27408, stack(0x00000049f0200000,0x00000049f0300000)]
  0x0000021f49593c50 JavaThread "C2 CompilerThread2" daemon [_thread_blocked, id=33292, stack(0x00000049f0300000,0x00000049f0400000)]
  0x0000021f49594170 JavaThread "C2 CompilerThread3" daemon [_thread_in_native, id=10628, stack(0x00000049f0400000,0x00000049f0500000)]
  0x0000021f4982bed0 JavaThread "C2 CompilerThread4" daemon [_thread_blocked, id=19548, stack(0x00000049f0500000,0x00000049f0600000)]
  0x0000021f50d4d0b0 JavaThread "JavaCPP Deallocator" daemon [_thread_blocked, id=23944, stack(0x00000049f0600000,0x00000049f0700000)]

Other Threads:
  0x0000021f49005210 VMThread "VM Thread" [stack: 0x00000049ef400000,0x00000049ef500000] [id=33576]
  0x0000021f491dec70 WatcherThread [stack: 0x00000049f0000000,0x00000049f0100000] [id=11060]
  0x0000021f6350c5c0 GCTaskThread "GC Thread#0" [stack: 0x00000049eef00000,0x00000049ef000000] [id=4024]
  0x0000021f6351d450 ConcurrentGCThread "G1 Main Marker" [stack: 0x00000049ef000000,0x00000049ef100000] [id=33296]
  0x0000021f6351e610 ConcurrentGCThread "G1 Conc#0" [stack: 0x00000049ef100000,0x00000049ef200000] [id=30428]
  0x0000021f7ed7d280 ConcurrentGCThread "G1 Refine#0" [stack: 0x00000049ef200000,0x00000049ef300000] [id=30320]
  0x0000021f7ed7ead0 ConcurrentGCThread "G1 Service" [stack: 0x00000049ef300000,0x00000049ef400000] [id=27236]

Threads with active compile tasks:
C2 CompilerThread1      536  543       4       java.lang.CompoundEnumeration::next (58 bytes)
C2 CompilerThread3      536  542       4       java.lang.CompoundEnumeration::hasMoreElements (5 bytes)

VM state: not at safepoint (normal execution)

VM Mutex/Monitor currently owned by a thread: None

Heap address: 0x0000000700c00000, size: 4084 MB, Compressed Oops mode: Zero based, Oop shift amount: 3

CDS archive(s) mapped at: [0x0000021f08000000-0x0000021f08bb0000-0x0000021f08bb0000), size 12255232, SharedBaseAddress: 0x0000021f08000000, ArchiveRelocationMode: 1.
Compressed class space mapped at: 0x0000021f09000000-0x0000021f49000000, reserved size: 1073741824
Narrow klass base: 0x0000021f08000000, Narrow klass shift: 0, Narrow klass range: 0x100000000

GC Precious Log:
 CPUs: 16 total, 16 available
 Memory: 16329M
 Large Page Support: Disabled
 NUMA Support: Disabled
 Compressed Oops: Enabled (Zero based)
 Heap Region Size: 2M
 Heap Min Capacity: 8M
 Heap Initial Capacity: 256M
 Heap Max Capacity: 4084M
 Pre-touch: Disabled
 Parallel Workers: 13
 Concurrent Workers: 3
 Concurrent Refinement Workers: 13
 Periodic GC: Disabled

Heap:
 garbage-first heap   total 262144K, used 20480K [0x0000000700c00000, 0x0000000800000000)
  region size 2048K, 11 young (22528K), 0 survivors (0K)
 Metaspace       used 1992K, committed 2176K, reserved 1114112K
  class space    used 174K, committed 256K, reserved 1048576K

Heap Regions: E=young(eden), S=young(survivor), O=old, HS=humongous(starts), HC=humongous(continues), CS=collection set, F=free, OA=open archive, CA=closed archive, TAMS=top-at-mark-start (previous, next)
|   0|0x0000000700c00000, 0x0000000700c00000, 0x0000000700e00000|  0%| F|  |TAMS 0x0000000700c00000, 0x0000000700c00000| Untracked 
|   1|0x0000000700e00000, 0x0000000700e00000, 0x0000000701000000|  0%| F|  |TAMS 0x0000000700e00000, 0x0000000700e00000| Untracked 
|   2|0x0000000701000000, 0x0000000701000000, 0x0000000701200000|  0%| F|  |TAMS 0x0000000701000000, 0x0000000701000000| Untracked 
|   3|0x0000000701200000, 0x0000000701200000, 0x0000000701400000|  0%| F|  |TAMS 0x0000000701200000, 0x0000000701200000| Untracked 
|   4|0x0000000701400000, 0x0000000701400000, 0x0000000701600000|  0%| F|  |TAMS 0x0000000701400000, 0x0000000701400000| Untracked 
|   5|0x0000000701600000, 0x0000000701600000, 0x0000000701800000|  0%| F|  |TAMS 0x0000000701600000, 0x0000000701600000| Untracked 
|   6|0x0000000701800000, 0x0000000701800000, 0x0000000701a00000|  0%| F|  |TAMS 0x0000000701800000, 0x0000000701800000| Untracked 
|   7|0x0000000701a00000, 0x0000000701a00000, 0x0000000701c00000|  0%| F|  |TAMS 0x0000000701a00000, 0x0000000701a00000| Untracked 
|   8|0x0000000701c00000, 0x0000000701c00000, 0x0000000701e00000|  0%| F|  |TAMS 0x0000000701c00000, 0x0000000701c00000| Untracked 
|   9|0x0000000701e00000, 0x0000000701e00000, 0x0000000702000000|  0%| F|  |TAMS 0x0000000701e00000, 0x0000000701e00000| Untracked 
|  10|0x0000000702000000, 0x0000000702000000, 0x0000000702200000|  0%| F|  |TAMS 0x0000000702000000, 0x0000000702000000| Untracked 
|  11|0x0000000702200000, 0x0000000702200000, 0x0000000702400000|  0%| F|  |TAMS 0x0000000702200000, 0x0000000702200000| Untracked 
|  12|0x0000000702400000, 0x0000000702400000, 0x0000000702600000|  0%| F|  |TAMS 0x0000000702400000, 0x0000000702400000| Untracked 
|  13|0x0000000702600000, 0x0000000702600000, 0x0000000702800000|  0%| F|  |TAMS 0x0000000702600000, 0x0000000702600000| Untracked 
|  14|0x0000000702800000, 0x0000000702800000, 0x0000000702a00000|  0%| F|  |TAMS 0x0000000702800000, 0x0000000702800000| Untracked 
|  15|0x0000000702a00000, 0x0000000702a00000, 0x0000000702c00000|  0%| F|  |TAMS 0x0000000702a00000, 0x0000000702a00000| Untracked 
|  16|0x0000000702c00000, 0x0000000702c00000, 0x0000000702e00000|  0%| F|  |TAMS 0x0000000702c00000, 0x0000000702c00000| Untracked 
|  17|0x0000000702e00000, 0x0000000702e00000, 0x0000000703000000|  0%| F|  |TAMS 0x0000000702e00000, 0x0000000702e00000| Untracked 
|  18|0x0000000703000000, 0x0000000703000000, 0x0000000703200000|  0%| F|  |TAMS 0x0000000703000000, 0x0000000703000000| Untracked 
|  19|0x0000000703200000, 0x0000000703200000, 0x0000000703400000|  0%| F|  |TAMS 0x0000000703200000, 0x0000000703200000| Untracked 
|  20|0x0000000703400000, 0x0000000703400000, 0x0000000703600000|  0%| F|  |TAMS 0x0000000703400000, 0x0000000703400000| Untracked 
|  21|0x0000000703600000, 0x0000000703600000, 0x0000000703800000|  0%| F|  |TAMS 0x0000000703600000, 0x0000000703600000| Untracked 
|  22|0x0000000703800000, 0x0000000703800000, 0x0000000703a00000|  0%| F|  |TAMS 0x0000000703800000, 0x0000000703800000| Untracked 
|  23|0x0000000703a00000, 0x0000000703a00000, 0x0000000703c00000|  0%| F|  |TAMS 0x0000000703a00000, 0x0000000703a00000| Untracked 
|  24|0x0000000703c00000, 0x0000000703c00000, 0x0000000703e00000|  0%| F|  |TAMS 0x0000000703c00000, 0x0000000703c00000| Untracked 
|  25|0x0000000703e00000, 0x0000000703e00000, 0x0000000704000000|  0%| F|  |TAMS 0x0000000703e00000, 0x0000000703e00000| Untracked 
|  26|0x0000000704000000, 0x0000000704000000, 0x0000000704200000|  0%| F|  |TAMS 0x0000000704000000, 0x0000000704000000| Untracked 
|  27|0x0000000704200000, 0x0000000704200000, 0x0000000704400000|  0%| F|  |TAMS 0x0000000704200000, 0x0000000704200000| Untracked 
|  28|0x0000000704400000, 0x0000000704400000, 0x0000000704600000|  0%| F|  |TAMS 0x0000000704400000, 0x0000000704400000| Untracked 
|  29|0x0000000704600000, 0x0000000704600000, 0x0000000704800000|  0%| F|  |TAMS 0x0000000704600000, 0x0000000704600000| Untracked 
|  30|0x0000000704800000, 0x0000000704800000, 0x0000000704a00000|  0%| F|  |TAMS 0x0000000704800000, 0x0000000704800000| Untracked 
|  31|0x0000000704a00000, 0x0000000704a00000, 0x0000000704c00000|  0%| F|  |TAMS 0x0000000704a00000, 0x0000000704a00000| Untracked 
|  32|0x0000000704c00000, 0x0000000704c00000, 0x0000000704e00000|  0%| F|  |TAMS 0x0000000704c00000, 0x0000000704c00000| Untracked 
|  33|0x0000000704e00000, 0x0000000704e00000, 0x0000000705000000|  0%| F|  |TAMS 0x0000000704e00000, 0x0000000704e00000| Untracked 
|  34|0x0000000705000000, 0x0000000705000000, 0x0000000705200000|  0%| F|  |TAMS 0x0000000705000000, 0x0000000705000000| Untracked 
|  35|0x0000000705200000, 0x0000000705200000, 0x0000000705400000|  0%| F|  |TAMS 0x0000000705200000, 0x0000000705200000| Untracked 
|  36|0x0000000705400000, 0x0000000705400000, 0x0000000705600000|  0%| F|  |TAMS 0x0000000705400000, 0x0000000705400000| Untracked 
|  37|0x0000000705600000, 0x0000000705600000, 0x0000000705800000|  0%| F|  |TAMS 0x0000000705600000, 0x0000000705600000| Untracked 
|  38|0x0000000705800000, 0x0000000705800000, 0x0000000705a00000|  0%| F|  |TAMS 0x0000000705800000, 0x0000000705800000| Untracked 
|  39|0x0000000705a00000, 0x0000000705a00000, 0x0000000705c00000|  0%| F|  |TAMS 0x0000000705a00000, 0x0000000705a00000| Untracked 
|  40|0x0000000705c00000, 0x0000000705c00000, 0x0000000705e00000|  0%| F|  |TAMS 0x0000000705c00000, 0x0000000705c00000| Untracked 
|  41|0x0000000705e00000, 0x0000000705e00000, 0x0000000706000000|  0%| F|  |TAMS 0x0000000705e00000, 0x0000000705e00000| Untracked 
|  42|0x0000000706000000, 0x0000000706000000, 0x0000000706200000|  0%| F|  |TAMS 0x0000000706000000, 0x0000000706000000| Untracked 
|  43|0x0000000706200000, 0x0000000706200000, 0x0000000706400000|  0%| F|  |TAMS 0x0000000706200000, 0x0000000706200000| Untracked 
|  44|0x0000000706400000, 0x0000000706400000, 0x0000000706600000|  0%| F|  |TAMS 0x0000000706400000, 0x0000000706400000| Untracked 
|  45|0x0000000706600000, 0x0000000706600000, 0x0000000706800000|  0%| F|  |TAMS 0x0000000706600000, 0x0000000706600000| Untracked 
|  46|0x0000000706800000, 0x0000000706800000, 0x0000000706a00000|  0%| F|  |TAMS 0x0000000706800000, 0x0000000706800000| Untracked 
|  47|0x0000000706a00000, 0x0000000706a00000, 0x0000000706c00000|  0%| F|  |TAMS 0x0000000706a00000, 0x0000000706a00000| Untracked 
|  48|0x0000000706c00000, 0x0000000706c00000, 0x0000000706e00000|  0%| F|  |TAMS 0x0000000706c00000, 0x0000000706c00000| Untracked 
|  49|0x0000000706e00000, 0x0000000706e00000, 0x0000000707000000|  0%| F|  |TAMS 0x0000000706e00000, 0x0000000706e00000| Untracked 
|  50|0x0000000707000000, 0x0000000707000000, 0x0000000707200000|  0%| F|  |TAMS 0x0000000707000000, 0x0000000707000000| Untracked 
|  51|0x0000000707200000, 0x0000000707200000, 0x0000000707400000|  0%| F|  |TAMS 0x0000000707200000, 0x0000000707200000| Untracked 
|  52|0x0000000707400000, 0x0000000707400000, 0x0000000707600000|  0%| F|  |TAMS 0x0000000707400000, 0x0000000707400000| Untracked 
|  53|0x0000000707600000, 0x0000000707600000, 0x0000000707800000|  0%| F|  |TAMS 0x0000000707600000, 0x0000000707600000| Untracked 
|  54|0x0000000707800000, 0x0000000707800000, 0x0000000707a00000|  0%| F|  |TAMS 0x0000000707800000, 0x0000000707800000| Untracked 
|  55|0x0000000707a00000, 0x0000000707a00000, 0x0000000707c00000|  0%| F|  |TAMS 0x0000000707a00000, 0x0000000707a00000| Untracked 
|  56|0x0000000707c00000, 0x0000000707c00000, 0x0000000707e00000|  0%| F|  |TAMS 0x0000000707c00000, 0x0000000707c00000| Untracked 
|  57|0x0000000707e00000, 0x0000000707e00000, 0x0000000708000000|  0%| F|  |TAMS 0x0000000707e00000, 0x0000000707e00000| Untracked 
|  58|0x0000000708000000, 0x0000000708000000, 0x0000000708200000|  0%| F|  |TAMS 0x0000000708000000, 0x0000000708000000| Untracked 
|  59|0x0000000708200000, 0x0000000708200000, 0x0000000708400000|  0%| F|  |TAMS 0x0000000708200000, 0x0000000708200000| Untracked 
|  60|0x0000000708400000, 0x0000000708400000, 0x0000000708600000|  0%| F|  |TAMS 0x0000000708400000, 0x0000000708400000| Untracked 
|  61|0x0000000708600000, 0x0000000708600000, 0x0000000708800000|  0%| F|  |TAMS 0x0000000708600000, 0x0000000708600000| Untracked 
|  62|0x0000000708800000, 0x0000000708800000, 0x0000000708a00000|  0%| F|  |TAMS 0x0000000708800000, 0x0000000708800000| Untracked 
|  63|0x0000000708a00000, 0x0000000708a00000, 0x0000000708c00000|  0%| F|  |TAMS 0x0000000708a00000, 0x0000000708a00000| Untracked 
|  64|0x0000000708c00000, 0x0000000708c00000, 0x0000000708e00000|  0%| F|  |TAMS 0x0000000708c00000, 0x0000000708c00000| Untracked 
|  65|0x0000000708e00000, 0x0000000708e00000, 0x0000000709000000|  0%| F|  |TAMS 0x0000000708e00000, 0x0000000708e00000| Untracked 
|  66|0x0000000709000000, 0x0000000709000000, 0x0000000709200000|  0%| F|  |TAMS 0x0000000709000000, 0x0000000709000000| Untracked 
|  67|0x0000000709200000, 0x0000000709200000, 0x0000000709400000|  0%| F|  |TAMS 0x0000000709200000, 0x0000000709200000| Untracked 
|  68|0x0000000709400000, 0x0000000709400000, 0x0000000709600000|  0%| F|  |TAMS 0x0000000709400000, 0x0000000709400000| Untracked 
|  69|0x0000000709600000, 0x0000000709600000, 0x0000000709800000|  0%| F|  |TAMS 0x0000000709600000, 0x0000000709600000| Untracked 
|  70|0x0000000709800000, 0x0000000709800000, 0x0000000709a00000|  0%| F|  |TAMS 0x0000000709800000, 0x0000000709800000| Untracked 
|  71|0x0000000709a00000, 0x0000000709a00000, 0x0000000709c00000|  0%| F|  |TAMS 0x0000000709a00000, 0x0000000709a00000| Untracked 
|  72|0x0000000709c00000, 0x0000000709c00000, 0x0000000709e00000|  0%| F|  |TAMS 0x0000000709c00000, 0x0000000709c00000| Untracked 
|  73|0x0000000709e00000, 0x0000000709e00000, 0x000000070a000000|  0%| F|  |TAMS 0x0000000709e00000, 0x0000000709e00000| Untracked 
|  74|0x000000070a000000, 0x000000070a000000, 0x000000070a200000|  0%| F|  |TAMS 0x000000070a000000, 0x000000070a000000| Untracked 
|  75|0x000000070a200000, 0x000000070a200000, 0x000000070a400000|  0%| F|  |TAMS 0x000000070a200000, 0x000000070a200000| Untracked 
|  76|0x000000070a400000, 0x000000070a400000, 0x000000070a600000|  0%| F|  |TAMS 0x000000070a400000, 0x000000070a400000| Untracked 
|  77|0x000000070a600000, 0x000000070a600000, 0x000000070a800000|  0%| F|  |TAMS 0x000000070a600000, 0x000000070a600000| Untracked 
|  78|0x000000070a800000, 0x000000070a800000, 0x000000070aa00000|  0%| F|  |TAMS 0x000000070a800000, 0x000000070a800000| Untracked 
|  79|0x000000070aa00000, 0x000000070aa00000, 0x000000070ac00000|  0%| F|  |TAMS 0x000000070aa00000, 0x000000070aa00000| Untracked 
|  80|0x000000070ac00000, 0x000000070ac00000, 0x000000070ae00000|  0%| F|  |TAMS 0x000000070ac00000, 0x000000070ac00000| Untracked 
|  81|0x000000070ae00000, 0x000000070ae00000, 0x000000070b000000|  0%| F|  |TAMS 0x000000070ae00000, 0x000000070ae00000| Untracked 
|  82|0x000000070b000000, 0x000000070b000000, 0x000000070b200000|  0%| F|  |TAMS 0x000000070b000000, 0x000000070b000000| Untracked 
|  83|0x000000070b200000, 0x000000070b200000, 0x000000070b400000|  0%| F|  |TAMS 0x000000070b200000, 0x000000070b200000| Untracked 
|  84|0x000000070b400000, 0x000000070b400000, 0x000000070b600000|  0%| F|  |TAMS 0x000000070b400000, 0x000000070b400000| Untracked 
|  85|0x000000070b600000, 0x000000070b600000, 0x000000070b800000|  0%| F|  |TAMS 0x000000070b600000, 0x000000070b600000| Untracked 
|  86|0x000000070b800000, 0x000000070b800000, 0x000000070ba00000|  0%| F|  |TAMS 0x000000070b800000, 0x000000070b800000| Untracked 
|  87|0x000000070ba00000, 0x000000070ba00000, 0x000000070bc00000|  0%| F|  |TAMS 0x000000070ba00000, 0x000000070ba00000| Untracked 
|  88|0x000000070bc00000, 0x000000070bc00000, 0x000000070be00000|  0%| F|  |TAMS 0x000000070bc00000, 0x000000070bc00000| Untracked 
|  89|0x000000070be00000, 0x000000070be00000, 0x000000070c000000|  0%| F|  |TAMS 0x000000070be00000, 0x000000070be00000| Untracked 
|  90|0x000000070c000000, 0x000000070c000000, 0x000000070c200000|  0%| F|  |TAMS 0x000000070c000000, 0x000000070c000000| Untracked 
|  91|0x000000070c200000, 0x000000070c200000, 0x000000070c400000|  0%| F|  |TAMS 0x000000070c200000, 0x000000070c200000| Untracked 
|  92|0x000000070c400000, 0x000000070c400000, 0x000000070c600000|  0%| F|  |TAMS 0x000000070c400000, 0x000000070c400000| Untracked 
|  93|0x000000070c600000, 0x000000070c600000, 0x000000070c800000|  0%| F|  |TAMS 0x000000070c600000, 0x000000070c600000| Untracked 
|  94|0x000000070c800000, 0x000000070c800000, 0x000000070ca00000|  0%| F|  |TAMS 0x000000070c800000, 0x000000070c800000| Untracked 
|  95|0x000000070ca00000, 0x000000070ca00000, 0x000000070cc00000|  0%| F|  |TAMS 0x000000070ca00000, 0x000000070ca00000| Untracked 
|  96|0x000000070cc00000, 0x000000070cc00000, 0x000000070ce00000|  0%| F|  |TAMS 0x000000070cc00000, 0x000000070cc00000| Untracked 
|  97|0x000000070ce00000, 0x000000070ce00000, 0x000000070d000000|  0%| F|  |TAMS 0x000000070ce00000, 0x000000070ce00000| Untracked 
|  98|0x000000070d000000, 0x000000070d000000, 0x000000070d200000|  0%| F|  |TAMS 0x000000070d000000, 0x000000070d000000| Untracked 
|  99|0x000000070d200000, 0x000000070d200000, 0x000000070d400000|  0%| F|  |TAMS 0x000000070d200000, 0x000000070d200000| Untracked 
| 100|0x000000070d400000, 0x000000070d400000, 0x000000070d600000|  0%| F|  |TAMS 0x000000070d400000, 0x000000070d400000| Untracked 
| 101|0x000000070d600000, 0x000000070d600000, 0x000000070d800000|  0%| F|  |TAMS 0x000000070d600000, 0x000000070d600000| Untracked 
| 102|0x000000070d800000, 0x000000070d800000, 0x000000070da00000|  0%| F|  |TAMS 0x000000070d800000, 0x000000070d800000| Untracked 
| 103|0x000000070da00000, 0x000000070da00000, 0x000000070dc00000|  0%| F|  |TAMS 0x000000070da00000, 0x000000070da00000| Untracked 
| 104|0x000000070dc00000, 0x000000070dc00000, 0x000000070de00000|  0%| F|  |TAMS 0x000000070dc00000, 0x000000070dc00000| Untracked 
| 105|0x000000070de00000, 0x000000070de00000, 0x000000070e000000|  0%| F|  |TAMS 0x000000070de00000, 0x000000070de00000| Untracked 
| 106|0x000000070e000000, 0x000000070e000000, 0x000000070e200000|  0%| F|  |TAMS 0x000000070e000000, 0x000000070e000000| Untracked 
| 107|0x000000070e200000, 0x000000070e200000, 0x000000070e400000|  0%| F|  |TAMS 0x000000070e200000, 0x000000070e200000| Untracked 
| 108|0x000000070e400000, 0x000000070e400000, 0x000000070e600000|  0%| F|  |TAMS 0x000000070e400000, 0x000000070e400000| Untracked 
| 109|0x000000070e600000, 0x000000070e600000, 0x000000070e800000|  0%| F|  |TAMS 0x000000070e600000, 0x000000070e600000| Untracked 
| 110|0x000000070e800000, 0x000000070e800000, 0x000000070ea00000|  0%| F|  |TAMS 0x000000070e800000, 0x000000070e800000| Untracked 
| 111|0x000000070ea00000, 0x000000070ea00000, 0x000000070ec00000|  0%| F|  |TAMS 0x000000070ea00000, 0x000000070ea00000| Untracked 
| 112|0x000000070ec00000, 0x000000070ec00000, 0x000000070ee00000|  0%| F|  |TAMS 0x000000070ec00000, 0x000000070ec00000| Untracked 
| 113|0x000000070ee00000, 0x000000070ee00000, 0x000000070f000000|  0%| F|  |TAMS 0x000000070ee00000, 0x000000070ee00000| Untracked 
| 114|0x000000070f000000, 0x000000070f000000, 0x000000070f200000|  0%| F|  |TAMS 0x000000070f000000, 0x000000070f000000| Untracked 
| 115|0x000000070f200000, 0x000000070f200000, 0x000000070f400000|  0%| F|  |TAMS 0x000000070f200000, 0x000000070f200000| Untracked 
| 116|0x000000070f400000, 0x000000070f400000, 0x000000070f600000|  0%| F|  |TAMS 0x000000070f400000, 0x000000070f400000| Untracked 
| 117|0x000000070f600000, 0x000000070f800000, 0x000000070f800000|100%| E|  |TAMS 0x000000070f600000, 0x000000070f600000| Complete 
| 118|0x000000070f800000, 0x000000070fa00000, 0x000000070fa00000|100%| E|CS|TAMS 0x000000070f800000, 0x000000070f800000| Complete 
| 119|0x000000070fa00000, 0x000000070fc00000, 0x000000070fc00000|100%| E|CS|TAMS 0x000000070fa00000, 0x000000070fa00000| Complete 
| 120|0x000000070fc00000, 0x000000070fe00000, 0x000000070fe00000|100%| E|CS|TAMS 0x000000070fc00000, 0x000000070fc00000| Complete 
| 121|0x000000070fe00000, 0x0000000710000000, 0x0000000710000000|100%| E|CS|TAMS 0x000000070fe00000, 0x000000070fe00000| Complete 
| 122|0x0000000710000000, 0x0000000710200000, 0x0000000710200000|100%| E|CS|TAMS 0x0000000710000000, 0x0000000710000000| Complete 
| 123|0x0000000710200000, 0x0000000710400000, 0x0000000710400000|100%| E|CS|TAMS 0x0000000710200000, 0x0000000710200000| Complete 
| 124|0x0000000710400000, 0x0000000710600000, 0x0000000710600000|100%| E|CS|TAMS 0x0000000710400000, 0x0000000710400000| Complete 
| 125|0x0000000710600000, 0x0000000710800000, 0x0000000710800000|100%| E|CS|TAMS 0x0000000710600000, 0x0000000710600000| Complete 
| 126|0x0000000710800000, 0x0000000710a00000, 0x0000000710a00000|100%| E|CS|TAMS 0x0000000710800000, 0x0000000710800000| Complete 
| 127|0x0000000710a00000, 0x0000000710c00000, 0x0000000710c00000|100%| E|CS|TAMS 0x0000000710a00000, 0x0000000710a00000| Complete 

Card table byte_map: [0x0000021f7b040000,0x0000021f7b840000] _byte_map_base: 0x0000021f7783a000

Marking Bits (Prev, Next): (CMBitMap*) 0x0000021f6350cbe0, (CMBitMap*) 0x0000021f6350cc20
 Prev Bits: [0x0000021f00000000, 0x0000021f03fd0000)
 Next Bits: [0x0000021f03fd0000, 0x0000021f07fa0000)

Polling page: 0x0000021f62c50000

Metaspace:

Usage:
  Non-class:      1.78 MB used.
      Class:    174.76 KB used.
       Both:      1.95 MB used.

Virtual space:
  Non-class space:       64.00 MB reserved,       1.88 MB (  3%) committed,  1 nodes.
      Class space:        1.00 GB reserved,     256.00 KB ( <1%) committed,  1 nodes.
             Both:        1.06 GB reserved,       2.12 MB ( <1%) committed. 

Chunk freelists:
   Non-Class:  11.28 MB
       Class:  15.66 MB
        Both:  26.94 MB

MaxMetaspaceSize: unlimited
CompressedClassSpaceSize: 1.00 GB
Initial GC threshold: 21.00 MB
Current GC threshold: 21.00 MB
CDS: on
MetaspaceReclaimPolicy: balanced
 - commit_granule_bytes: 65536.
 - commit_granule_words: 8192.
 - virtual_space_node_default_size: 8388608.
 - enlarge_chunks_in_place: 1.
 - new_chunks_are_fully_committed: 0.
 - uncommit_free_chunks: 1.
 - use_allocation_guard: 0.
 - handle_deallocations: 1.


Internal statistics:

num_allocs_failed_limit: 0.
num_arena_births: 20.
num_arena_deaths: 0.
num_vsnodes_births: 2.
num_vsnodes_deaths: 0.
num_space_committed: 34.
num_space_uncommitted: 0.
num_chunks_returned_to_freelist: 0.
num_chunks_taken_from_freelist: 59.
num_chunk_merges: 0.
num_chunk_splits: 37.
num_chunks_enlarged: 29.
num_inconsistent_stats: 0.

CodeHeap 'non-profiled nmethods': size=119168Kb used=436Kb max_used=436Kb free=118731Kb
 bounds [0x0000021f72b50000, 0x0000021f72dc0000, 0x0000021f79fb0000]
CodeHeap 'profiled nmethods': size=119104Kb used=1174Kb max_used=1174Kb free=117930Kb
 bounds [0x0000021f6afb0000, 0x0000021f6b220000, 0x0000021f72400000]
CodeHeap 'non-nmethods': size=7488Kb used=1708Kb max_used=1789Kb free=5779Kb
 bounds [0x0000021f72400000, 0x0000021f72670000, 0x0000021f72b50000]
 total_blobs=1138 nmethods=704 adapters=346
 compilation: enabled
              stopped_count=0, restarted_count=0
 full_count=0

Compilation events (20 events):
Event: 0.474 Thread 0x0000021f4982bed0 nmethod 622 0x0000021f72bb9c10 code [0x0000021f72bb9da0, 0x0000021f72bba188]
Event: 0.474 Thread 0x0000021f490eb900 nmethod 697 0x0000021f6b0ccb10 code [0x0000021f6b0ccce0, 0x0000021f6b0cd038]
Event: 0.474 Thread 0x0000021f4902c8c0  698       3       java.util.WeakHashMap::matchesKey (33 bytes)
Event: 0.474 Thread 0x0000021f4982bed0  696       4       java.net.URL::<init> (8 bytes)
Event: 0.474 Thread 0x0000021f490eb900  699   !   3       java.util.zip.Inflater::inflate (418 bytes)
Event: 0.474 Thread 0x0000021f4902c8c0 nmethod 698 0x0000021f6b0cd110 code [0x0000021f6b0cd2e0, 0x0000021f6b0cd818]
Event: 0.474 Thread 0x0000021f4902c8c0  701       3       java.util.ArrayDeque::peek (5 bytes)
Event: 0.475 Thread 0x0000021f4902c8c0 nmethod 701 0x0000021f6b0cd990 code [0x0000021f6b0cdb40, 0x0000021f6b0cdd58]
Event: 0.475 Thread 0x0000021f49593c50  565       4       java.lang.String::<init> (74 bytes)
Event: 0.475 Thread 0x0000021f4902c8c0  702       3       java.util.ArrayDeque::peekFirst (12 bytes)
Event: 0.476 Thread 0x0000021f4902c8c0 nmethod 702 0x0000021f6b0cde90 code [0x0000021f6b0ce020, 0x0000021f6b0ce1b8]
Event: 0.476 Thread 0x0000021f4902c8c0  703   !   3       org.bytedeco.javacpp.Loader::putMemberOffset (97 bytes)
Event: 0.476 Thread 0x0000021f4982bed0 nmethod 696 0x0000021f72bba710 code [0x0000021f72bba8a0, 0x0000021f72bba948]
Event: 0.476 Thread 0x0000021f4982bed0  566       4       java.lang.StringUTF16::compress (20 bytes)
Event: 0.477 Thread 0x0000021f490eb900 nmethod 699 0x0000021f6b0ce310 code [0x0000021f6b0ce5e0, 0x0000021f6b0cf7c8]
Event: 0.477 Thread 0x0000021f490eb900  706       3       java.util.WeakHashMap::get (75 bytes)
Event: 0.478 Thread 0x0000021f490eb900 nmethod 706 0x0000021f6b0d0190 code [0x0000021f6b0d03c0, 0x0000021f6b0d0c98]
Event: 0.478 Thread 0x0000021f490eb900  705       3       java.lang.Class::asSubclass (22 bytes)
Event: 0.479 Thread 0x0000021f490eb900 nmethod 705 0x0000021f6b0d1010 code [0x0000021f6b0d11e0, 0x0000021f6b0d1468]
Event: 0.479 Thread 0x0000021f490eb900  704       3       java.util.zip.ZipUtils::CENLEN (9 bytes)

GC Heap History (0 events):
No events

Dll operation events (20 events):
Event: 0.278 Loaded shared library C:\Program Files (x86)\Windows Kits\10\Redist\ucrt\DLLs\x64\api-ms-win-core-rtlsupport-l1-1-0.dll
Event: 0.285 Loaded shared library C:\Program Files (x86)\Windows Kits\10\Redist\ucrt\DLLs\x64\api-ms-win-core-processthreads-l1-1-1.dll
Event: 0.291 Loaded shared library C:\Program Files (x86)\Windows Kits\10\Redist\ucrt\DLLs\x64\api-ms-win-core-file-l1-2-0.dll
Event: 0.298 Loaded shared library C:\Program Files (x86)\Windows Kits\10\Redist\ucrt\DLLs\x64\api-ms-win-core-profile-l1-1-0.dll
Event: 0.306 Loaded shared library C:\Program Files (x86)\Windows Kits\10\Redist\ucrt\DLLs\x64\api-ms-win-core-memory-l1-1-0.dll
Event: 0.315 Loaded shared library C:\Program Files (x86)\Windows Kits\10\Redist\ucrt\DLLs\x64\api-ms-win-core-util-l1-1-0.dll
Event: 0.326 Loaded shared library C:\Program Files (x86)\Windows Kits\10\Redist\ucrt\DLLs\x64\api-ms-win-core-interlocked-l1-1-0.dll
Event: 0.335 Loaded shared library C:\Program Files (x86)\Windows Kits\10\Redist\ucrt\DLLs\x64\ucrtbase.dll
Event: 0.344 Loaded shared library C:\Users\Gebruiker\.jdks\corretto-17.0.10\bin\vcruntime140.dll
Event: 0.356 Loaded shared library C:\Users\Gebruiker\.jdks\corretto-17.0.10\bin\vcruntime140_1.dll
Event: 0.365 Loaded shared library C:\Users\Gebruiker\.jdks\corretto-17.0.10\bin\msvcp140.dll
Event: 0.376 Loaded shared library C:\Windows\System32\msvcp140_1.dll
Event: 0.386 Loaded shared library C:\Windows\System32\concrt140.dll
Event: 0.396 Loaded shared library C:\Windows\System32\vcomp140.dll
Event: 0.413 Loaded shared library C:\Windows\System32\winmm.dll
Event: 0.416 Loaded shared library C:\Windows\System32\opengl32.dll
Event: 0.418 Loaded shared library C:\Windows\System32\user32.dll
Event: 0.419 Loaded shared library C:\Windows\System32\shell32.dll
Event: 0.420 Loaded shared library C:\Windows\System32\gdi32.dll
Event: 0.438 Loaded shared library C:\Users\Gebruiker\.javacpp\cache\jaylib-4.5.0-0.jar\com\raylib\windows-x86_64\jniRaylib.dll

Deoptimization events (20 events):
Event: 0.356 Thread 0x0000021f6349c310 Uncommon trap: trap_request=0xffffff45 fr.pc=0x0000021f72b67ab8 relative=0x0000000000000298
Event: 0.356 Thread 0x0000021f6349c310 Uncommon trap: reason=unstable_if action=reinterpret pc=0x0000021f72b67ab8 method=java.lang.String.startsWith(Ljava/lang/String;I)Z @ 14 c2
Event: 0.356 Thread 0x0000021f6349c310 DEOPT PACKING pc=0x0000021f72b67ab8 sp=0x00000049eeefd920
Event: 0.356 Thread 0x0000021f6349c310 DEOPT UNPACKING pc=0x0000021f724569a3 sp=0x00000049eeefd898 mode 2
Event: 0.409 Thread 0x0000021f6349c310 Uncommon trap: trap_request=0xffffff45 fr.pc=0x0000021f72b74be4 relative=0x00000000000001c4
Event: 0.409 Thread 0x0000021f6349c310 Uncommon trap: reason=unstable_if action=reinterpret pc=0x0000021f72b74be4 method=sun.net.www.ParseUtil.firstEncodeIndex(Ljava/lang/String;)I @ 51 c2
Event: 0.409 Thread 0x0000021f6349c310 DEOPT PACKING pc=0x0000021f72b74be4 sp=0x00000049eeefd590
Event: 0.409 Thread 0x0000021f6349c310 DEOPT UNPACKING pc=0x0000021f724569a3 sp=0x00000049eeefd518 mode 2
Event: 0.409 Thread 0x0000021f6349c310 Uncommon trap: trap_request=0xffffff45 fr.pc=0x0000021f72b900f4 relative=0x0000000000001354
Event: 0.409 Thread 0x0000021f6349c310 Uncommon trap: reason=unstable_if action=reinterpret pc=0x0000021f72b900f4 method=java.net.URL.<init>(Ljava/net/URL;Ljava/lang/String;Ljava/net/URLStreamHandler;)V @ 273 c2
Event: 0.409 Thread 0x0000021f6349c310 DEOPT PACKING pc=0x0000021f72b900f4 sp=0x00000049eeefd4d0
Event: 0.409 Thread 0x0000021f6349c310 DEOPT UNPACKING pc=0x0000021f724569a3 sp=0x00000049eeefd460 mode 2
Event: 0.423 Thread 0x0000021f6349c310 Uncommon trap: trap_request=0xffffff45 fr.pc=0x0000021f72b72718 relative=0x00000000000001d8
Event: 0.423 Thread 0x0000021f6349c310 Uncommon trap: reason=unstable_if action=reinterpret pc=0x0000021f72b72718 method=java.io.WinNTFileSystem.normalize(Ljava/lang/String;)Ljava/lang/String; @ 104 c2
Event: 0.423 Thread 0x0000021f6349c310 DEOPT PACKING pc=0x0000021f72b72718 sp=0x00000049eeefe1d0
Event: 0.423 Thread 0x0000021f6349c310 DEOPT UNPACKING pc=0x0000021f724569a3 sp=0x00000049eeefe158 mode 2
Event: 0.456 Thread 0x0000021f6349c310 DEOPT PACKING pc=0x0000021f6b0a8a18 sp=0x00000049eeefce30
Event: 0.456 Thread 0x0000021f6349c310 DEOPT UNPACKING pc=0x0000021f72457143 sp=0x00000049eeefc348 mode 0
Event: 0.459 Thread 0x0000021f6349c310 DEOPT PACKING pc=0x0000021f6b09f648 sp=0x00000049eeefc870
Event: 0.459 Thread 0x0000021f6349c310 DEOPT UNPACKING pc=0x0000021f72457143 sp=0x00000049eeefbd88 mode 0

Classes unloaded (0 events):
No events

Classes redefined (0 events):
No events

Internal exceptions (7 events):
Event: 0.071 Thread 0x0000021f6349c310 Exception <a 'java/lang/NoSuchMethodError'{0x000000071086bb08}: 'int java.lang.invoke.DirectMethodHandle$Holder.invokeStaticInit(java.lang.Object, java.lang.Object, java.lang.Object, java.lang.Object)'> (0x000000071086bb08) 
thrown [s\src\hotspot\share\interpreter\linkResolver.cpp, line 759]
Event: 0.073 Thread 0x0000021f6349c310 Exception <a 'java/lang/NoSuchMethodError'{0x0000000710876818}: 'java.lang.Object java.lang.invoke.DirectMethodHandle$Holder.invokeInterface(java.lang.Object, java.lang.Object)'> (0x0000000710876818) 
thrown [s\src\hotspot\share\interpreter\linkResolver.cpp, line 759]
Event: 0.074 Thread 0x0000021f6349c310 Exception <a 'java/lang/IncompatibleClassChangeError'{0x0000000710879f30}: Found class java.lang.Object, but interface was expected> (0x0000000710879f30) 
thrown [s\src\hotspot\share\interpreter\linkResolver.cpp, line 826]
Event: 0.074 Thread 0x0000021f6349c310 Exception <a 'java/lang/NoSuchMethodError'{0x000000071087d0d8}: 'void java.lang.invoke.DirectMethodHandle$Holder.invokeStatic(java.lang.Object, java.lang.Object)'> (0x000000071087d0d8) 
thrown [s\src\hotspot\share\interpreter\linkResolver.cpp, line 759]
Event: 0.075 Thread 0x0000021f6349c310 Exception <a 'java/lang/NoSuchMethodError'{0x0000000710880748}: 'void java.lang.invoke.DirectMethodHandle$Holder.invokeStaticInit(java.lang.Object, java.lang.Object)'> (0x0000000710880748) 
thrown [s\src\hotspot\share\interpreter\linkResolver.cpp, line 759]
Event: 0.076 Thread 0x0000021f6349c310 Exception <a 'java/lang/NoSuchMethodError'{0x0000000710886e10}: 'int java.lang.invoke.DirectMethodHandle$Holder.invokeStaticInit(java.lang.Object, java.lang.Object)'> (0x0000000710886e10) 
thrown [s\src\hotspot\share\interpreter\linkResolver.cpp, line 759]
Event: 0.435 Thread 0x0000021f6349c310 Exception <a 'java/lang/NoSuchMethodError'{0x000000070f6f9e00}: 'java.lang.Object java.lang.invoke.DirectMethodHandle$Holder.invokeStatic(java.lang.Object, int, java.lang.Object)'> (0x000000070f6f9e00) 
thrown [s\src\hotspot\share\interpreter\linkResolver.cpp, line 759]

VM Operations (4 events):
Event: 0.052 Executing VM operation: HandshakeAllThreads
Event: 0.052 Executing VM operation: HandshakeAllThreads done
Event: 0.106 Executing VM operation: HandshakeAllThreads
Event: 0.106 Executing VM operation: HandshakeAllThreads done

Events (20 events):
Event: 0.432 loading class java/io/Externalizable
Event: 0.432 loading class java/io/Externalizable done
Event: 0.432 loading class java/time/zone/Ser done
Event: 0.432 loading class java/time/Month
Event: 0.433 loading class java/time/Month done
Event: 0.433 loading class java/time/DayOfWeek
Event: 0.433 loading class java/time/DayOfWeek done
Event: 0.433 loading class java/time/zone/ZoneOffsetTransitionRule$TimeDefinition
Event: 0.433 loading class java/time/zone/ZoneOffsetTransitionRule$TimeDefinition done
Event: 0.433 loading class java/time/zone/ZoneOffsetTransition
Event: 0.433 loading class java/time/zone/ZoneOffsetTransition done
Event: 0.434 loading class java/time/temporal/TemporalAdjusters
Event: 0.434 loading class java/time/temporal/TemporalAdjusters done
Event: 0.436 loading class java/time/zone/ZoneOffsetTransitionRule$1
Event: 0.436 loading class java/time/zone/ZoneOffsetTransitionRule$1 done
Event: 0.436 loading class java/util/concurrent/TimeUnit$1
Event: 0.436 loading class java/util/concurrent/TimeUnit$1 done
Event: 0.452 loading class java/lang/NumberFormatException
Event: 0.452 loading class java/lang/NumberFormatException done
Event: 0.453 Thread 0x0000021f50d4d0b0 Thread added: 0x0000021f50d4d0b0


Dynamic libraries:
0x00007ff67ac90000 - 0x00007ff67ac9e000 	C:\Users\Gebruiker\.jdks\corretto-17.0.10\bin\java.exe
0x00007ff8581f0000 - 0x00007ff858407000 	C:\WINDOWS\SYSTEM32\ntdll.dll
0x00007ff857dc0000 - 0x00007ff857e84000 	C:\WINDOWS\System32\KERNEL32.DLL
0x00007ff8559f0000 - 0x00007ff855d96000 	C:\WINDOWS\System32\KERNELBASE.dll
0x00007ff855860000 - 0x00007ff855971000 	C:\WINDOWS\System32\ucrtbase.dll
0x00007ff82b130000 - 0x00007ff82b147000 	C:\Users\Gebruiker\.jdks\corretto-17.0.10\bin\jli.dll
0x00007ff82ca20000 - 0x00007ff82ca3b000 	C:\Users\Gebruiker\.jdks\corretto-17.0.10\bin\VCRUNTIME140.dll
0x00007ff856240000 - 0x00007ff8563ee000 	C:\WINDOWS\System32\USER32.dll
0x00007ff855710000 - 0x00007ff855736000 	C:\WINDOWS\System32\win32u.dll
0x00007ff83aea0000 - 0x00007ff83b133000 	C:\WINDOWS\WinSxS\amd64_microsoft.windows.common-controls_6595b64144ccf1df_6.0.22621.2506_none_270c5ae97388e100\COMCTL32.dll
0x00007ff857e90000 - 0x00007ff857eb9000 	C:\WINDOWS\System32\GDI32.dll
0x00007ff855530000 - 0x00007ff855648000 	C:\WINDOWS\System32\gdi32full.dll
0x00007ff857bf0000 - 0x00007ff857c97000 	C:\WINDOWS\System32\msvcrt.dll
0x00007ff855740000 - 0x00007ff8557da000 	C:\WINDOWS\System32\msvcp_win.dll
0x00007ff8563f0000 - 0x00007ff856421000 	C:\WINDOWS\System32\IMM32.DLL
0x00007ff831730000 - 0x00007ff83173c000 	C:\Users\Gebruiker\.jdks\corretto-17.0.10\bin\vcruntime140_1.dll
0x00007ff80a830000 - 0x00007ff80a8bd000 	C:\Users\Gebruiker\.jdks\corretto-17.0.10\bin\msvcp140.dll
0x00007fff6dd50000 - 0x00007fff6e9b2000 	C:\Users\Gebruiker\.jdks\corretto-17.0.10\bin\server\jvm.dll
0x00007ff8570f0000 - 0x00007ff8571a3000 	C:\WINDOWS\System32\ADVAPI32.dll
0x00007ff857fa0000 - 0x00007ff858048000 	C:\WINDOWS\System32\sechost.dll
0x00007ff855f10000 - 0x00007ff855f38000 	C:\WINDOWS\System32\bcrypt.dll
0x00007ff857ca0000 - 0x00007ff857db7000 	C:\WINDOWS\System32\RPCRT4.dll
0x00007ff847490000 - 0x00007ff847499000 	C:\WINDOWS\SYSTEM32\WSOCK32.dll
0x00007ff8543b0000 - 0x00007ff8543fd000 	C:\WINDOWS\SYSTEM32\POWRPROF.dll
0x00007ff84e450000 - 0x00007ff84e484000 	C:\WINDOWS\SYSTEM32\WINMM.dll
0x00007ff84f410000 - 0x00007ff84f41a000 	C:\WINDOWS\SYSTEM32\VERSION.dll
0x00007ff856430000 - 0x00007ff8564a1000 	C:\WINDOWS\System32\WS2_32.dll
0x00007ff854390000 - 0x00007ff8543a3000 	C:\WINDOWS\SYSTEM32\UMPDC.dll
0x00007ff854650000 - 0x00007ff854668000 	C:\WINDOWS\SYSTEM32\kernel.appcore.dll
0x00007ff830980000 - 0x00007ff83098a000 	C:\Users\Gebruiker\.jdks\corretto-17.0.10\bin\jimage.dll
0x00007ff846160000 - 0x00007ff846393000 	C:\WINDOWS\SYSTEM32\DBGHELP.DLL
0x00007ff856970000 - 0x00007ff856cf9000 	C:\WINDOWS\System32\combase.dll
0x00007ff855f40000 - 0x00007ff856017000 	C:\WINDOWS\System32\OLEAUT32.dll
0x00007ff846120000 - 0x00007ff846152000 	C:\WINDOWS\SYSTEM32\dbgcore.DLL
0x00007ff8557e0000 - 0x00007ff85585a000 	C:\WINDOWS\System32\bcryptPrimitives.dll
0x00007ff82a120000 - 0x00007ff82a145000 	C:\Users\Gebruiker\.jdks\corretto-17.0.10\bin\java.dll
0x00007fffdc570000 - 0x00007fffdc647000 	C:\Users\Gebruiker\.jdks\corretto-17.0.10\bin\jsvml.dll
0x00007ff8571b0000 - 0x00007ff857a0a000 	C:\WINDOWS\System32\SHELL32.dll
0x00007ff853490000 - 0x00007ff853d86000 	C:\WINDOWS\SYSTEM32\windows.storage.dll
0x00007ff853350000 - 0x00007ff85348e000 	C:\WINDOWS\SYSTEM32\wintypes.dll
0x00007ff8580b0000 - 0x00007ff8581a3000 	C:\WINDOWS\System32\SHCORE.dll
0x00007ff857ec0000 - 0x00007ff857f1e000 	C:\WINDOWS\System32\shlwapi.dll
0x00007ff855460000 - 0x00007ff855486000 	C:\WINDOWS\SYSTEM32\profapi.dll
0x00007ff82b0b0000 - 0x00007ff82b0c9000 	C:\Users\Gebruiker\.jdks\corretto-17.0.10\bin\net.dll
0x00007ff84ef30000 - 0x00007ff84f067000 	C:\WINDOWS\SYSTEM32\WINHTTP.dll
0x00007ff854ad0000 - 0x00007ff854b39000 	C:\WINDOWS\system32\mswsock.dll
0x00007ff82ad00000 - 0x00007ff82ad16000 	C:\Users\Gebruiker\.jdks\corretto-17.0.10\bin\nio.dll
0x00007ff829db0000 - 0x00007ff829dc8000 	C:\Users\Gebruiker\.jdks\corretto-17.0.10\bin\zip.dll
0x0000021f07fb0000 - 0x0000021f07fb3000 	C:\Program Files (x86)\Windows Kits\10\Redist\ucrt\DLLs\x64\api-ms-win-crt-locale-l1-1-0.dll
0x0000021f07fc0000 - 0x0000021f07fc4000 	C:\Program Files (x86)\Windows Kits\10\Redist\ucrt\DLLs\x64\api-ms-win-crt-string-l1-1-0.dll
0x0000021f07fd0000 - 0x0000021f07fd4000 	C:\Program Files (x86)\Windows Kits\10\Redist\ucrt\DLLs\x64\api-ms-win-crt-stdio-l1-1-0.dll
0x0000021f07fe0000 - 0x0000021f07fe5000 	C:\Program Files (x86)\Windows Kits\10\Redist\ucrt\DLLs\x64\api-ms-win-crt-math-l1-1-0.dll
0x0000021f07ff0000 - 0x0000021f07ff3000 	C:\Program Files (x86)\Windows Kits\10\Redist\ucrt\DLLs\x64\api-ms-win-crt-heap-l1-1-0.dll
0x0000021f49d30000 - 0x0000021f49d34000 	C:\Program Files (x86)\Windows Kits\10\Redist\ucrt\DLLs\x64\api-ms-win-crt-runtime-l1-1-0.dll
0x0000021f49d40000 - 0x0000021f49d44000 	C:\Program Files (x86)\Windows Kits\10\Redist\ucrt\DLLs\x64\api-ms-win-crt-convert-l1-1-0.dll
0x0000021f49d50000 - 0x0000021f49d53000 	C:\Program Files (x86)\Windows Kits\10\Redist\ucrt\DLLs\x64\api-ms-win-crt-environment-l1-1-0.dll
0x0000021f49d60000 - 0x0000021f49d63000 	C:\Program Files (x86)\Windows Kits\10\Redist\ucrt\DLLs\x64\api-ms-win-crt-time-l1-1-0.dll
0x0000021f49d70000 - 0x0000021f49d73000 	C:\Program Files (x86)\Windows Kits\10\Redist\ucrt\DLLs\x64\api-ms-win-crt-filesystem-l1-1-0.dll
0x0000021f49d80000 - 0x0000021f49d83000 	C:\Program Files (x86)\Windows Kits\10\Redist\ucrt\DLLs\x64\api-ms-win-crt-utility-l1-1-0.dll
0x0000021f49d90000 - 0x0000021f49d95000 	C:\Program Files (x86)\Windows Kits\10\Redist\ucrt\DLLs\x64\api-ms-win-crt-multibyte-l1-1-0.dll
0x0000021f49da0000 - 0x0000021f49da3000 	C:\Program Files (x86)\Windows Kits\10\Redist\ucrt\DLLs\x64\api-ms-win-crt-conio-l1-1-0.dll
0x0000021f49db0000 - 0x0000021f49dbf000 	C:\Program Files (x86)\Windows Kits\10\Redist\ucrt\DLLs\x64\api-ms-win-crt-private-l1-1-0.dll
0x0000021f49dc0000 - 0x0000021f49dc3000 	C:\Program Files (x86)\Windows Kits\10\Redist\ucrt\DLLs\x64\api-ms-win-crt-process-l1-1-0.dll
0x0000021f49dd0000 - 0x0000021f49dd3000 	C:\Program Files (x86)\Windows Kits\10\Redist\ucrt\DLLs\x64\api-ms-win-core-string-l1-1-0.dll
0x0000021f49de0000 - 0x0000021f49de3000 	C:\Program Files (x86)\Windows Kits\10\Redist\ucrt\DLLs\x64\api-ms-win-core-errorhandling-l1-1-0.dll
0x0000021f49df0000 - 0x0000021f49df3000 	C:\Program Files (x86)\Windows Kits\10\Redist\ucrt\DLLs\x64\api-ms-win-core-timezone-l1-1-0.dll
0x0000021f49e00000 - 0x0000021f49e04000 	C:\Program Files (x86)\Windows Kits\10\Redist\ucrt\DLLs\x64\api-ms-win-core-file-l1-1-0.dll
0x0000021f49e10000 - 0x0000021f49e13000 	C:\Program Files (x86)\Windows Kits\10\Redist\ucrt\DLLs\x64\api-ms-win-core-namedpipe-l1-1-0.dll
0x0000021f49e20000 - 0x0000021f49e23000 	C:\Program Files (x86)\Windows Kits\10\Redist\ucrt\DLLs\x64\api-ms-win-core-handle-l1-1-0.dll
0x0000021f49e30000 - 0x0000021f49e33000 	C:\Program Files (x86)\Windows Kits\10\Redist\ucrt\DLLs\x64\api-ms-win-core-file-l2-1-0.dll
0x0000021f49e40000 - 0x0000021f49e43000 	C:\Program Files (x86)\Windows Kits\10\Redist\ucrt\DLLs\x64\api-ms-win-core-heap-l1-1-0.dll
0x0000021f49e50000 - 0x0000021f49e53000 	C:\Program Files (x86)\Windows Kits\10\Redist\ucrt\DLLs\x64\api-ms-win-core-libraryloader-l1-1-0.dll
0x0000021f49e60000 - 0x0000021f49e63000 	C:\Program Files (x86)\Windows Kits\10\Redist\ucrt\DLLs\x64\api-ms-win-core-synch-l1-1-0.dll
0x0000021f49e70000 - 0x0000021f49e73000 	C:\Program Files (x86)\Windows Kits\10\Redist\ucrt\DLLs\x64\api-ms-win-core-processthreads-l1-1-0.dll
0x0000021f49e80000 - 0x0000021f49e83000 	C:\Program Files (x86)\Windows Kits\10\Redist\ucrt\DLLs\x64\api-ms-win-core-processenvironment-l1-1-0.dll
0x0000021f49e90000 - 0x0000021f49e93000 	C:\Program Files (x86)\Windows Kits\10\Redist\ucrt\DLLs\x64\api-ms-win-core-datetime-l1-1-0.dll
0x0000021f49ea0000 - 0x0000021f49ea3000 	C:\Program Files (x86)\Windows Kits\10\Redist\ucrt\DLLs\x64\api-ms-win-core-localization-l1-2-0.dll
0x0000021f49eb0000 - 0x0000021f49eb3000 	C:\Program Files (x86)\Windows Kits\10\Redist\ucrt\DLLs\x64\api-ms-win-core-sysinfo-l1-1-0.dll
0x0000021f49ec0000 - 0x0000021f49ec3000 	C:\Program Files (x86)\Windows Kits\10\Redist\ucrt\DLLs\x64\api-ms-win-core-synch-l1-2-0.dll
0x0000021f49ed0000 - 0x0000021f49ed3000 	C:\Program Files (x86)\Windows Kits\10\Redist\ucrt\DLLs\x64\api-ms-win-core-console-l1-1-0.dll
0x0000021f49ee0000 - 0x0000021f49ee3000 	C:\Program Files (x86)\Windows Kits\10\Redist\ucrt\DLLs\x64\api-ms-win-core-debug-l1-1-0.dll
0x0000021f49ef0000 - 0x0000021f49ef3000 	C:\Program Files (x86)\Windows Kits\10\Redist\ucrt\DLLs\x64\api-ms-win-core-rtlsupport-l1-1-0.dll
0x0000021f49f00000 - 0x0000021f49f03000 	C:\Program Files (x86)\Windows Kits\10\Redist\ucrt\DLLs\x64\api-ms-win-core-processthreads-l1-1-1.dll
0x0000021f49f10000 - 0x0000021f49f13000 	C:\Program Files (x86)\Windows Kits\10\Redist\ucrt\DLLs\x64\api-ms-win-core-file-l1-2-0.dll
0x0000021f49f20000 - 0x0000021f49f23000 	C:\Program Files (x86)\Windows Kits\10\Redist\ucrt\DLLs\x64\api-ms-win-core-profile-l1-1-0.dll
0x0000021f49f30000 - 0x0000021f49f33000 	C:\Program Files (x86)\Windows Kits\10\Redist\ucrt\DLLs\x64\api-ms-win-core-memory-l1-1-0.dll
0x0000021f49f40000 - 0x0000021f49f43000 	C:\Program Files (x86)\Windows Kits\10\Redist\ucrt\DLLs\x64\api-ms-win-core-util-l1-1-0.dll
0x0000021f49f50000 - 0x0000021f49f53000 	C:\Program Files (x86)\Windows Kits\10\Redist\ucrt\DLLs\x64\api-ms-win-core-interlocked-l1-1-0.dll
0x00007ff83d830000 - 0x00007ff83d922000 	C:\Program Files (x86)\Windows Kits\10\Redist\ucrt\DLLs\x64\ucrtbase.dll
0x00007ff850eb0000 - 0x00007ff850eb9000 	C:\Windows\System32\msvcp140_1.dll
0x00007ff831a40000 - 0x00007ff831a8e000 	C:\Windows\System32\concrt140.dll
0x00007ff83ee70000 - 0x00007ff83eea1000 	C:\Windows\System32\vcomp140.dll
0x00007ff806c70000 - 0x00007ff806d70000 	C:\Windows\System32\opengl32.dll
0x00007ff806c40000 - 0x00007ff806c6d000 	C:\WINDOWS\SYSTEM32\GLU32.dll
0x00007ff852cc0000 - 0x00007ff852cf6000 	C:\WINDOWS\SYSTEM32\dxcore.dll
0x00007fffdc350000 - 0x00007fffdc56d000 	C:\Users\Gebruiker\.javacpp\cache\jaylib-4.5.0-0.jar\com\raylib\windows-x86_64\jniRaylib.dll

dbghelp: loaded successfully - version: 4.0.5 - missing functions: none
symbol engine: initialized successfully - sym options: 0x614 - pdb path: .;C:\Users\Gebruiker\.jdks\corretto-17.0.10\bin;C:\WINDOWS\SYSTEM32;C:\WINDOWS\WinSxS\amd64_microsoft.windows.common-controls_6595b64144ccf1df_6.0.22621.2506_none_270c5ae97388e100;C:\Users\Gebruiker\.jdks\corretto-17.0.10\bin\server;C:\Program Files (x86)\Windows Kits\10\Redist\ucrt\DLLs\x64;C:\Users\Gebruiker\.javacpp\cache\jaylib-4.5.0-0.jar\com\raylib\windows-x86_64

VM Arguments:
jvm_args: -Dfile.encoding=windows-1252 -Duser.country=NL -Duser.language=nl -Duser.variant 
java_command: PineVille.GameScene
java_class_path (initial): C:\Users\Gebruiker\Documents\GitHub\PineVille\build\classes\java\main;C:\Users\Gebruiker\Documents\GitHub\PineVille\build\resources\main;C:\Users\Gebruiker\.gradle\caches\modules-2\files-2.1\uk.co.electronstudio.jaylib\jaylib\4.5.0-0\90c0d608df9bbd32f5f34683acc58cb433e94508\jaylib-4.5.0-0.jar
Launcher Type: SUN_STANDARD

[Global flags]
     intx CICompilerCount                          = 12                                        {product} {ergonomic}
     uint ConcGCThreads                            = 3                                         {product} {ergonomic}
     uint G1ConcRefinementThreads                  = 13                                        {product} {ergonomic}
   size_t G1HeapRegionSize                         = 2097152                                   {product} {ergonomic}
    uintx GCDrainStackTargetSize                   = 64                                        {product} {ergonomic}
   size_t InitialHeapSize                          = 268435456                                 {product} {ergonomic}
   size_t MarkStackSize                            = 4194304                                   {product} {ergonomic}
   size_t MaxHeapSize                              = 4282384384                                {product} {ergonomic}
   size_t MaxNewSize                               = 2569011200                                {product} {ergonomic}
   size_t MinHeapDeltaBytes                        = 2097152                                   {product} {ergonomic}
   size_t MinHeapSize                              = 8388608                                   {product} {ergonomic}
    uintx NonNMethodCodeHeapSize                   = 7602480                                {pd product} {ergonomic}
    uintx NonProfiledCodeHeapSize                  = 122027880                              {pd product} {ergonomic}
    uintx ProfiledCodeHeapSize                     = 122027880                              {pd product} {ergonomic}
    uintx ReservedCodeCacheSize                    = 251658240                              {pd product} {ergonomic}
     bool SegmentedCodeCache                       = true                                      {product} {ergonomic}
   size_t SoftMaxHeapSize                          = 4282384384                             {manageable} {ergonomic}
     bool UseCompressedClassPointers               = true                           {product lp64_product} {ergonomic}
     bool UseCompressedOops                        = true                           {product lp64_product} {ergonomic}
     bool UseG1GC                                  = true                                      {product} {ergonomic}
     bool UseLargePagesIndividualAllocation        = false                                  {pd product} {ergonomic}

Logging:
Log output configuration:
 #0: stdout all=warning uptime,level,tags
 #1: stderr all=off uptime,level,tags

Environment Variables:
JAVA_HOME=C:\Program Files\OpenJDK\jdk-8.0.292.10-hotspot\
PATH=C:\Program Files\Common Files\Oracle\Java\javapath;C:\Program Files (x86)\Common Files\Oracle\Java\javapath;C:\Program Files (x86)\Common Files\Intel\Shared Libraries\redist\intel64\compiler;C:\Program Files\OpenJDK\jdk-8.0.292.10-hotspot\bin;C:\Program Files (x86)\Razer Chroma SDK\bin;C:\Program Files\Razer Chroma SDK\bin;C:\Program Files (x86)\Razer\ChromaBroadcast\bin;C:\Program Files\Razer\ChromaBroadcast\bin;C:\Windows\system32;C:\Windows;C:\Windows\System32\Wbem;C:\Windows\System32\WindowsPowerShell\v1.0\;C:\Windows\System32\OpenSSH\;C:\Program Files\WorldPainter;C:\Windows\system32\config\systemprofile\AppData\Local\Microsoft\WindowsApps;C:\WINDOWS\system32;C:\WINDOWS;C:\WINDOWS\System32\Wbem;C:\WINDOWS\System32\WindowsPowerShell\v1.0\;C:\WINDOWS\System32\OpenSSH\;C:\Users\Gebruiker\AppData\Local\Microsoft\WindowsApps;C:\Program Files\Git\cmd;C:\Program Files (x86)\NVIDIA Corporation\PhysX\Common;C:\WINDOWS\system32;C:\WINDOWS;C:\WINDOWS\System32\Wbem;C:\WINDOWS\System32\WindowsPowerShell\v1.0\;C:\WINDOWS\System32\OpenSSH\;C:\Program Files\NVIDIA Corporation\NVIDIA NvDLISR;C:\Program Files\dotnet\;C:\Users\Gebruiker\AppData\Local\Microsoft\WindowsApps;C:\Users\Gebruiker\AppData\Local\GitHubDesktop\bin;C:\Users\Gebruiker\.dotnet\tools;C:\Users\Gebruiker\AppData\Local\Programs\Microsoft VS Code\bin
USERNAME=Gebruiker
OS=Windows_NT
PROCESSOR_IDENTIFIER=AMD64 Family 23 Model 113 Stepping 0, AuthenticAMD
TMP=C:\Users\GEBRUI~1\AppData\Local\Temp
TEMP=C:\Users\GEBRUI~1\AppData\Local\Temp



Periodic native trim disabled


---------------  S Y S T E M  ---------------

OS:
 Windows 11 , 64 bit Build 22621 (10.0.22621.2506)
OS uptime: 2 days 8:20 hours

CPU: total 16 (initial active 16) (16 cores per cpu, 2 threads per core) family 23 model 113 stepping 0 microcode 0x0, cx8, cmov, fxsr, ht, mmx, 3dnowpref, sse, sse2, sse3, ssse3, sse4a, sse4.1, sse4.2, popcnt, lzcnt, tsc, tscinvbit, avx, avx2, aes, clmul, bmi1, bmi2, adx, sha, fma, vzeroupper, clflush, clflushopt
Processor Information for all 16 processors :
  Max Mhz: 3593, Current Mhz: 3593, Mhz Limit: 3593

Memory: 4k page, system-wide physical 16329M (5366M free)
TotalPageFile size 31970M (AvailPageFile size 9029M)
current process WorkingSet (physical memory assigned to process): 122M, peak: 122M
current process commit charge ("private bytes"): 419M, peak: 419M

vm_info: OpenJDK 64-Bit Server VM (17.0.10+7-LTS) for windows-amd64 JRE (17.0.10+7-LTS), built on Jan 10 2024 22:11:07 by "Administrator" with MS VC++ 16.10 / 16.11 (VS2019)

END.
