#
# A fatal error has been detected by the Java Runtime Environment:
#
#  EXCEPTION_ACCESS_VIOLATION (0xc0000005) at pc=0x00007ffcd097f42b, pid=3608, tid=588
#
# JRE version: OpenJDK Runtime Environment Corretto-17.0.10.7.1 (17.0.10+7) (build 17.0.10+7-LTS)
# Java VM: OpenJDK 64-Bit Server VM Corretto-17.0.10.7.1 (17.0.10+7-LTS, mixed mode, sharing, tiered, compressed oops, compressed class ptrs, g1 gc, windows-amd64)
# Problematic frame:
# C  [jniRaylib.dll+0xdf42b]
#
# No core dump will be written. Minidumps are not enabled by default on client versions of Windows
#
# If you would like to submit a bug report, please visit:
#   https://github.com/corretto/corretto-17/issues/
# The crash happened outside the Java Virtual Machine in native code.
# See problematic frame for where to report the bug.
#

---------------  S U M M A R Y ------------

Command Line: -Dfile.encoding=windows-1252 -Duser.country=NL -Duser.language=nl -Duser.variant PineVille.GameScene

Host: 11th Gen Intel(R) Core(TM) i7-11800H @ 2.30GHz, 16 cores, 15G,  Windows 11 , 64 bit Build 22621 (10.0.22621.3085)
Time: Mon Mar 11 11:27:31 2024 West-Europa (standaardtijd) elapsed time: 22.540480 seconds (0d 0h 0m 22s)

---------------  T H R E A D  ---------------

Current thread (0x0000013d8c37a6d0):  JavaThread "main" [_thread_in_native, id=588, stack(0x0000003d43800000,0x0000003d43900000)]

Stack: [0x0000003d43800000,0x0000003d43900000],  sp=0x0000003d438fef50,  free space=1019k
Native frames: (J=compiled Java code, j=interpreted, Vv=VM code, C=native code)
C  [jniRaylib.dll+0xdf42b]

Java frames: (J=compiled Java code, j=interpreted, Vv=VM code)
J 805  com.raylib.Raylib.DrawTexturePro(Lcom/raylib/Raylib$Texture;Lcom/raylib/Raylib$Rectangle;Lcom/raylib/Raylib$Rectangle;Lcom/raylib/Raylib$Vector2;FLcom/raylib/Raylib$Color;)V (0 bytes) @ 0x0000013d9d2937e2 [0x0000013d9d293720+0x00000000000000c2]
j  PineVille.GameScene.main([Ljava/lang/String;)V+283
v  ~StubRoutines::call_stub

siginfo: EXCEPTION_ACCESS_VIOLATION (0xc0000005), writing address 0x0000013dfaa9a9a0


Registers:
RAX=0x0000013dfaa9a9a0, RBX=0x0000003d438ff0f0, RCX=0x0000000000000000, RDX=0x0000013df93e2300
RSP=0x0000003d438fef50, RBP=0x0000003d438ff1b0, RSI=0x0000000000000004, RDI=0x0000003d438ff0e0
R8 =0x0000000000000000, R9 =0x0000000000000000, R10=0x00007ffcd165de20, R11=0x000000000000000e
R12=0x0000013df9701000, R13=0x0000000000000000, R14=0x0000013df75bf510, R15=0x0000013df73cd530
RIP=0x00007ffcd097f42b, EFLAGS=0x0000000000010246


Register to memory mapping:

RIP=0x00007ffcd097f42b jniRaylib.dll
RAX=0x0000013dfaa9a9a0 is an unknown value
RBX=0x0000003d438ff0f0 is pointing into the stack for thread: 0x0000013d8c37a6d0
RCX=0x0 is NULL
RDX=0x0000013df93e2300 points into unknown readable memory: 0x0000000000002000 | 00 20 00 00 00 00 00 00
RSP=0x0000003d438fef50 is pointing into the stack for thread: 0x0000013d8c37a6d0
RBP=0x0000003d438ff1b0 is pointing into the stack for thread: 0x0000013d8c37a6d0
RSI=0x0000000000000004 is an unknown value
RDI=0x0000003d438ff0e0 is pointing into the stack for thread: 0x0000013d8c37a6d0
R8 =0x0 is NULL
R9 =0x0 is NULL
R10=0x00007ffcd165de20 jvm.dll
R11=0x000000000000000e is an unknown value
R12=0x0000013df9701000 points into unknown readable memory: 0x0000002000000004 | 04 00 00 00 20 00 00 00
R13=0x0 is NULL
R14=0x0000013df75bf510 points into unknown readable memory: 0x00430000ffffffff | ff ff ff ff 00 00 43 00
R15=0x0000013df73cd530 points into unknown readable memory: 0x0000000000000000 | 00 00 00 00 00 00 00 00


Top of Stack: (sp=0x0000003d438fef50)
0x0000003d438fef50:   0000013df3403a00 0000000000000000
0x0000003d438fef60:   00008d0a83289983 00007ffd0000000e
0x0000003d438fef70:   0000000043640000 0000000000000000
0x0000003d438fef80:   0000000000000000 0000000000000000
0x0000003d438fef90:   0000000000000000 0000000000000000
0x0000003d438fefa0:   0000003d438ff0f0 00007ffcd0948749
0x0000003d438fefb0:   0000003d438ff1e8 0000013d8c37a6d0
0x0000003d438fefc0:   0000013db1d5b500 0000003d438ff010
0x0000003d438fefd0:   4200000043640000 42c8000043640000
0x0000003d438fefe0:   0000003d0000000e 0000000000000000
0x0000003d438feff0:   0000000000000000 0000000000000000
0x0000003d438ff000:   0000000000000000 0000000000000000
0x0000003d438ff010:   0000000000000000 0000000000000000
0x0000003d438ff020:   0000000000000000 0000000000000000
0x0000003d438ff030:   0000000000000000 0000000000000000
0x0000003d438ff040:   0000000000000000 0000000000000000
0x0000003d438ff050:   0000000000000000 0000000000000000
0x0000003d438ff060:   0000000000000000 0000000000000000
0x0000003d438ff070:   0000000000000000 0000000000000000
0x0000003d438ff080:   0000000000000000 0000000000000000
0x0000003d438ff090:   0000013df7c0ccb0 0000013df7c0c8b0
0x0000003d438ff0a0:   0000013d8c37a988 00007ffcd08e2213
0x0000003d438ff0b0:   0000003d42c80000 0000003d438ff1b0
0x0000003d438ff0c0:   0000013d8c37a988 00007ffcd08ca8eb
0x0000003d438ff0d0:   00006b1b00000000 00000000ffffffff
0x0000003d438ff0e0:   42c8000042c80000 4300000043000000
0x0000003d438ff0f0:   0000000000000000 4200000042000000
0x0000003d438ff100:   0000002000000004 0000000100000020
0x0000003d438ff110:   0000000000000007 0000013df34c2dc0
0x0000003d438ff120:   0000013d8c37a6d0 0000000000000000
0x0000003d438ff130:   0000000715029e78 0000000715475130
0x0000003d438ff140:   0000013df344bd28 0000013d9d293882 

Instructions: (pc=0x00007ffcd097f42b)
0x00007ffcd097f32b:   fa 01 75 0b 84 54 c1 f4 75 54 8d 4a 02 eb 43 83
0x00007ffcd097f33b:   fa 04 75 20 8b 4c c1 f4 b8 56 55 55 55 f7 e9 8b
0x00007ffcd097f34b:   c2 c1 e8 1f 03 d0 8d 04 52 3b c8 75 31 b9 04 00
0x00007ffcd097f35b:   00 00 eb 1e 83 fa 07 75 25 8b 44 c1 f4 25 03 00
0x00007ffcd097f36b:   00 80 7d 07 ff c8 83 c8 fc ff c0 85 c0 75 0f 8d
0x00007ffcd097f37b:   48 05 e8 7e a4 ff ff 4c 8b 05 27 2e 11 00 4d 63
0x00007ffcd097f38b:   48 04 4d 8b 40 08 8b 05 41 2e 11 00 49 c1 e1 06
0x00007ffcd097f39b:   8d 0c 40 4b 8b 44 01 08 48 63 d1 f3 0f 11 34 90
0x00007ffcd097f3ab:   48 8b 05 fe 2d 11 00 4c 63 48 04 4c 8b 40 08 8b
0x00007ffcd097f3bb:   05 18 2e 11 00 49 c1 e1 06 8d 0c 40 4b 8b 44 01
0x00007ffcd097f3cb:   08 48 63 d1 f3 0f 11 7c 90 04 48 8b 05 d4 2d 11
0x00007ffcd097f3db:   00 4c 63 48 04 4c 8b 40 08 8b 05 ee 2d 11 00 49
0x00007ffcd097f3eb:   c1 e1 06 8d 0c 40 4b 8b 44 01 08 48 63 d1 f3 44
0x00007ffcd097f3fb:   0f 11 44 90 08 48 8b 05 a9 2d 11 00 f3 0f 10 05
0x00007ffcd097f40b:   cd 2d 11 00 4c 63 40 04 48 8b 50 08 8b 05 bb 2d
0x00007ffcd097f41b:   11 00 03 c0 49 c1 e0 06 48 63 c8 49 8b 44 10 10
0x00007ffcd097f42b:   f3 0f 11 04 88 48 8b 05 79 2d 11 00 f3 0f 10 05
0x00007ffcd097f43b:   a1 2d 11 00 4c 63 40 04 48 8b 50 08 8b 05 8b 2d
0x00007ffcd097f44b:   11 00 03 c0 49 c1 e0 06 48 63 c8 49 8b 44 10 10
0x00007ffcd097f45b:   f3 0f 11 44 88 04 48 8b 05 48 2d 11 00 4c 63 40
0x00007ffcd097f46b:   04 48 8b 48 08 8b 05 62 2d 11 00 49 c1 e0 06 8d
0x00007ffcd097f47b:   04 85 00 00 00 00 49 8b 4c 08 18 48 63 d0 0f b6
0x00007ffcd097f48b:   05 60 2d 11 00 88 04 0a 48 8b 05 16 2d 11 00 4c
0x00007ffcd097f49b:   63 40 04 48 8b 48 08 8b 05 30 2d 11 00 49 c1 e0
0x00007ffcd097f4ab:   06 8d 04 85 00 00 00 00 49 8b 4c 08 18 48 63 d0
0x00007ffcd097f4bb:   0f b6 05 2f 2d 11 00 88 44 11 01 48 8b 05 e3 2c
0x00007ffcd097f4cb:   11 00 4c 63 40 04 48 8b 48 08 8b 05 fd 2c 11 00
0x00007ffcd097f4db:   49 c1 e0 06 8d 04 85 00 00 00 00 49 8b 4c 08 18
0x00007ffcd097f4eb:   48 63 d0 0f b6 05 fd 2c 11 00 88 44 11 02 48 8b
0x00007ffcd097f4fb:   05 b0 2c 11 00 4c 63 40 04 48 8b 48 08 8b 05 ca
0x00007ffcd097f50b:   2c 11 00 49 c1 e0 06 49 8b 4c 08 18 8d 04 85 00
0x00007ffcd097f51b:   00 00 00 0f 28 74 24 40 0f 28 7c 24 30 44 0f 28 


Stack slot to memory mapping:
stack at sp + 0 slots: 0x0000013df3403a00 is pointing into metadata
stack at sp + 1 slots: 0x0 is NULL
stack at sp + 2 slots: 0x00008d0a83289983 is an unknown value
stack at sp + 3 slots: 0x00007ffd0000000e is an unknown value
stack at sp + 4 slots: 0x0000000043640000 is an unknown value
stack at sp + 5 slots: 0x0 is NULL
stack at sp + 6 slots: 0x0 is NULL
stack at sp + 7 slots: 0x0 is NULL


Compiled method (n/a)   22629  805     n 0       com.raylib.Raylib::DrawTexturePro (native)
 total in heap  [0x0000013d9d293590,0x0000013d9d2939c0] = 1072
 relocation     [0x0000013d9d2936e8,0x0000013d9d293718] = 48
 main code      [0x0000013d9d293720,0x0000013d9d2939b8] = 664
 oops           [0x0000013d9d2939b8,0x0000013d9d2939c0] = 8

[Constant Pool (empty)]

[MachCode]
[Entry Point]
  # {method} {0x0000013df344bd30} 'DrawTexturePro' '(Lcom/raylib/Raylib$Texture;Lcom/raylib/Raylib$Rectangle;Lcom/raylib/Raylib$Rectangle;Lcom/raylib/Raylib$Vector2;FLcom/raylib/Raylib$Color;)V' in 'com/raylib/Raylib'
  # parm0:    rdx:rdx   = 'com/raylib/Raylib$Texture'
  # parm1:    r8:r8     = 'com/raylib/Raylib$Rectangle'
  # parm2:    r9:r9     = 'com/raylib/Raylib$Rectangle'
  # parm3:    rdi:rdi   = 'com/raylib/Raylib$Vector2'
  # parm4:    xmm0      = float
  # parm5:    rsi:rsi   = 'com/raylib/Raylib$Color'
  #           [sp+0x90]  (sp of caller)
  0x0000013d9d293720: 448b 5208 | 49bb 0000 | 00b2 3d01 | 0000 4d03 | d349 3bc2 | 0f84 0600 

  0x0000013d9d293738: ;   {runtime_call ic_miss_stub}
  0x0000013d9d293738: 0000 e941 | de86 ff90 
[Verified Entry Point]
  0x0000013d9d293740: 8984 2400 | 90ff ff55 | 488b ec48 | 81ec 8000 | 0000 4889 | 7424 6048 | 83fe 0048 | 8d44 2460 
  0x0000013d9d293760: 480f 4444 | 2460 4889 | 4424 38c5 | fa11 4424 | 3048 897c | 2458 4883 | ff00 488d | 4424 5848 
  0x0000013d9d293780: 0f44 4424 | 5848 8944 | 2428 4c89 | 4c24 5049 | 83f9 0048 | 8d44 2450 | 480f 4444 | 2450 4889 
  0x0000013d9d2937a0: 4424 204c | 8944 2448 | 4983 f800 | 4c8d 4c24 | 484c 0f44 | 4c24 4848 | 8954 2440 | 4883 fa00 
  0x0000013d9d2937c0: 4c8d 4424 | 404c 0f44 

  0x0000013d9d2937c8: ;   {oop(a 'java/lang/Class'{0x0000000713e1cc08} = 'com/raylib/Raylib')}
  0x0000013d9d2937c8: 4424 4049 | be08 cce1 | 1307 0000 | 004c 8974 | 2470 4c8d | 7424 7049 | 8bd6 c5f8 

  0x0000013d9d2937e4: ;   {internal_word}
  0x0000013d9d2937e4: 7749 bae2 | 3729 9d3d | 0100 004d | 8997 a002 | 0000 4989 | a798 0200 

  0x0000013d9d2937fc: ;   {external_word}
  0x0000013d9d2937fc: 0049 ba79 | 3564 d1fc | 7f00 0041 | 803a 000f | 8452 0000 | 0052 4150 

  0x0000013d9d293814: ;   {metadata({method} {0x0000013df344bd30} 'DrawTexturePro' '(Lcom/raylib/Raylib$Texture;Lcom/raylib/Raylib$Rectangle;Lcom/raylib/Raylib$Rectangle;Lcom/raylib/Raylib$Vector2;FLcom/raylib/Raylib$Color;)V' in 'com/raylib/Raylib')}
  0x0000013d9d293814: 4151 48ba | 28bd 44f3 | 3d01 0000 | 498b cf48 | 83ec 20f7 | c40f 0000 | 000f 841a | 0000 0048 
  0x0000013d9d293834: ;   {runtime_call}
  0x0000013d9d293834: 83ec 0849 | ba00 301a | d1fc 7f00 | 0041 ffd2 | 4883 c408 | e90d 0000 

  0x0000013d9d29384c: ;   {runtime_call}
  0x0000013d9d29384c: 0049 ba00 | 301a d1fc | 7f00 0041 | ffd2 4883 | c420 4159 | 4158 5a49 | 8d8f b802 | 0000 41c7 
  0x0000013d9d29386c: 8748 0300 | 0004 0000 

  0x0000013d9d293874: ;   {runtime_call}
  0x0000013d9d293874: 0049 ba10 | 208e d0fc | 7f00 0041 | ffd2 c5f8 | 7741 c787 | 4803 0000 | 0500 0000 | f083 4424 
  0x0000013d9d293894: c000 493b | af50 0300 | 000f 8711 | 0000 0041 | 81bf 3803 | 0000 0000 | 0000 0f84 | 2400 0000 
  0x0000013d9d2938b4: c5f8 7749 | 8bcf 4c8b | e448 83ec | 2048 83e4 

  0x0000013d9d2938c4: ;   {runtime_call}
  0x0000013d9d2938c4: f049 ba90 | 442a d1fc | 7f00 0041 | ffd2 498b | e44d 33e4 | 41c7 8748 | 0300 0008 | 0000 0041 
  0x0000013d9d2938e4: 81bf b803 | 0000 0200 | 0000 0f84 | 9b00 0000 

  0x0000013d9d2938f4: ;   {external_word}
  0x0000013d9d2938f4: 49ba 7935 | 64d1 fc7f | 0000 4180 | 3a00 0f84 | 4800 0000 

  0x0000013d9d293908: ;   {metadata({method} {0x0000013df344bd30} 'DrawTexturePro' '(Lcom/raylib/Raylib$Texture;Lcom/raylib/Raylib$Rectangle;Lcom/raylib/Raylib$Rectangle;Lcom/raylib/Raylib$Vector2;FLcom/raylib/Raylib$Color;)V' in 'com/raylib/Raylib')}
  0x0000013d9d293908: 48ba 28bd | 44f3 3d01 | 0000 498b | cf48 83ec | 20f7 c40f | 0000 000f | 841a 0000 | 0048 83ec 
  0x0000013d9d293928: ;   {runtime_call}
  0x0000013d9d293928: 0849 ba00 | 301a d1fc | 7f00 0041 | ffd2 4883 | c408 e90d 

  0x0000013d9d29393c: ;   {runtime_call}
  0x0000013d9d29393c: 0000 0049 | ba00 301a | d1fc 7f00 | 0041 ffd2 | 4883 c420 | 49c7 8798 | 0200 0000 | 0000 0049 
  0x0000013d9d29395c: c787 a002 | 0000 0000 | 0000 c5f8 | 7749 8b8f | d800 0000 | c781 0001 | 0000 0000 | 0000 c949 
  0x0000013d9d29397c: 817f 0800 | 0000 000f | 8501 0000 

  0x0000013d9d293988: ;   {runtime_call StubRoutines (1)}
  0x0000013d9d293988: 00c3 e971 | d581 ffc5 | f877 4c8b | e448 83ec | 2048 83e4 

  0x0000013d9d29399c: ;   {runtime_call}
  0x0000013d9d29399c: f049 ba80 | 601a d1fc | 7f00 0041 | ffd2 498b | e44d 33e4 | e93f ffff | fff4 f4f4 
[/MachCode]


---------------  P R O C E S S  ---------------

Threads class SMR info:
_java_thread_list=0x0000013dfaaea220, length=13, elements={
0x0000013d8c37a6d0, 0x0000013db1ba42f0, 0x0000013db1ba4dc0, 0x0000013db1bbc890,
0x0000013db1bbd360, 0x0000013db1bc1d50, 0x0000013db1bc2620, 0x0000013db1bc32d0,
0x0000013db1bc4bd0, 0x0000013db1bc54e0, 0x0000013db1d7aee0, 0x0000013db1d7e690,
0x0000013db1da2260
}

Java Threads: ( => current thread )
=>0x0000013d8c37a6d0 JavaThread "main" [_thread_in_native, id=588, stack(0x0000003d43800000,0x0000003d43900000)]
  0x0000013db1ba42f0 JavaThread "Reference Handler" daemon [_thread_blocked, id=19860, stack(0x0000003d43f00000,0x0000003d44000000)]
  0x0000013db1ba4dc0 JavaThread "Finalizer" daemon [_thread_blocked, id=2068, stack(0x0000003d44000000,0x0000003d44100000)]
  0x0000013db1bbc890 JavaThread "Signal Dispatcher" daemon [_thread_blocked, id=15872, stack(0x0000003d44100000,0x0000003d44200000)]
  0x0000013db1bbd360 JavaThread "Attach Listener" daemon [_thread_blocked, id=13672, stack(0x0000003d44200000,0x0000003d44300000)]
  0x0000013db1bc1d50 JavaThread "Service Thread" daemon [_thread_blocked, id=11684, stack(0x0000003d44300000,0x0000003d44400000)]
  0x0000013db1bc2620 JavaThread "Monitor Deflation Thread" daemon [_thread_blocked, id=25420, stack(0x0000003d44400000,0x0000003d44500000)]
  0x0000013db1bc32d0 JavaThread "C2 CompilerThread0" daemon [_thread_blocked, id=11440, stack(0x0000003d44500000,0x0000003d44600000)]
  0x0000013db1bc4bd0 JavaThread "C1 CompilerThread0" daemon [_thread_blocked, id=12416, stack(0x0000003d44600000,0x0000003d44700000)]
  0x0000013db1bc54e0 JavaThread "Sweeper thread" daemon [_thread_blocked, id=31068, stack(0x0000003d44700000,0x0000003d44800000)]
  0x0000013db1d7aee0 JavaThread "Notification Thread" daemon [_thread_blocked, id=26332, stack(0x0000003d44a00000,0x0000003d44b00000)]
  0x0000013db1d7e690 JavaThread "Common-Cleaner" daemon [_thread_blocked, id=15628, stack(0x0000003d44c00000,0x0000003d44d00000)]
  0x0000013db1da2260 JavaThread "JavaCPP Deallocator" daemon [_thread_blocked, id=15632, stack(0x0000003d44d00000,0x0000003d44e00000)]

Other Threads:
  0x0000013db1a8dc00 VMThread "VM Thread" [stack: 0x0000003d43e00000,0x0000003d43f00000] [id=9420]
  0x0000013db1d7ba10 WatcherThread [stack: 0x0000003d44b00000,0x0000003d44c00000] [id=21316]
  0x0000013d8c3e7200 GCTaskThread "GC Thread#0" [stack: 0x0000003d43900000,0x0000003d43a00000] [id=4384]
  0x0000013df94bf150 GCTaskThread "GC Thread#1" [stack: 0x0000003d45600000,0x0000003d45700000] [id=13416]
  0x0000013df9bb2320 GCTaskThread "GC Thread#2" [stack: 0x0000003d45700000,0x0000003d45800000] [id=9140]
  0x0000013df7c97d20 GCTaskThread "GC Thread#3" [stack: 0x0000003d45800000,0x0000003d45900000] [id=4376]
  0x0000013df88377f0 GCTaskThread "GC Thread#4" [stack: 0x0000003d45900000,0x0000003d45a00000] [id=16440]
  0x0000013df7ed03a0 GCTaskThread "GC Thread#5" [stack: 0x0000003d45a00000,0x0000003d45b00000] [id=22948]
  0x0000013d8c3f7ab0 ConcurrentGCThread "G1 Main Marker" [stack: 0x0000003d43a00000,0x0000003d43b00000] [id=12168]
  0x0000013d8c3f83e0 ConcurrentGCThread "G1 Conc#0" [stack: 0x0000003d43b00000,0x0000003d43c00000] [id=17236]
  0x0000013db1946d20 ConcurrentGCThread "G1 Refine#0" [stack: 0x0000003d43c00000,0x0000003d43d00000] [id=21476]
  0x0000013db1947660 ConcurrentGCThread "G1 Service" [stack: 0x0000003d43d00000,0x0000003d43e00000] [id=3288]

Threads with active compile tasks:

VM state: not at safepoint (normal execution)

VM Mutex/Monitor currently owned by a thread: None

Heap address: 0x0000000705a00000, size: 4006 MB, Compressed Oops mode: Zero based, Oop shift amount: 3

CDS archive(s) mapped at: [0x0000013db2000000-0x0000013db2bb0000-0x0000013db2bb0000), size 12255232, SharedBaseAddress: 0x0000013db2000000, ArchiveRelocationMode: 1.
Compressed class space mapped at: 0x0000013db3000000-0x0000013df3000000, reserved size: 1073741824
Narrow klass base: 0x0000013db2000000, Narrow klass shift: 0, Narrow klass range: 0x100000000

GC Precious Log:
 CPUs: 16 total, 16 available
 Memory: 16021M
 Large Page Support: Disabled
 NUMA Support: Disabled
 Compressed Oops: Enabled (Zero based)
 Heap Region Size: 2M
 Heap Min Capacity: 8M
 Heap Initial Capacity: 252M
 Heap Max Capacity: 4006M
 Pre-touch: Disabled
 Parallel Workers: 13
 Concurrent Workers: 3
 Concurrent Refinement Workers: 13
 Periodic GC: Disabled

Heap:
 garbage-first heap   total 258048K, used 5767K [0x0000000705a00000, 0x0000000800000000)
  region size 2048K, 4 young (8192K), 1 survivors (2048K)
 Metaspace       used 2120K, committed 2304K, reserved 1114112K
  class space    used 180K, committed 256K, reserved 1048576K

Heap Regions: E=young(eden), S=young(survivor), O=old, HS=humongous(starts), HC=humongous(continues), CS=collection set, F=free, OA=open archive, CA=closed archive, TAMS=top-at-mark-start (previous, next)
|   0|0x0000000705a00000, 0x0000000705a00000, 0x0000000705c00000|  0%| F|  |TAMS 0x0000000705a00000, 0x0000000705a00000| Untracked 
|   1|0x0000000705c00000, 0x0000000705c00000, 0x0000000705e00000|  0%| F|  |TAMS 0x0000000705c00000, 0x0000000705c00000| Untracked 
|   2|0x0000000705e00000, 0x0000000705e00000, 0x0000000706000000|  0%| F|  |TAMS 0x0000000705e00000, 0x0000000705e00000| Untracked 
|   3|0x0000000706000000, 0x0000000706000000, 0x0000000706200000|  0%| F|  |TAMS 0x0000000706000000, 0x0000000706000000| Untracked 
|   4|0x0000000706200000, 0x0000000706200000, 0x0000000706400000|  0%| F|  |TAMS 0x0000000706200000, 0x0000000706200000| Untracked 
|   5|0x0000000706400000, 0x0000000706400000, 0x0000000706600000|  0%| F|  |TAMS 0x0000000706400000, 0x0000000706400000| Untracked 
|   6|0x0000000706600000, 0x0000000706600000, 0x0000000706800000|  0%| F|  |TAMS 0x0000000706600000, 0x0000000706600000| Untracked 
|   7|0x0000000706800000, 0x0000000706800000, 0x0000000706a00000|  0%| F|  |TAMS 0x0000000706800000, 0x0000000706800000| Untracked 
|   8|0x0000000706a00000, 0x0000000706a00000, 0x0000000706c00000|  0%| F|  |TAMS 0x0000000706a00000, 0x0000000706a00000| Untracked 
|   9|0x0000000706c00000, 0x0000000706c00000, 0x0000000706e00000|  0%| F|  |TAMS 0x0000000706c00000, 0x0000000706c00000| Untracked 
|  10|0x0000000706e00000, 0x0000000706e00000, 0x0000000707000000|  0%| F|  |TAMS 0x0000000706e00000, 0x0000000706e00000| Untracked 
|  11|0x0000000707000000, 0x0000000707000000, 0x0000000707200000|  0%| F|  |TAMS 0x0000000707000000, 0x0000000707000000| Untracked 
|  12|0x0000000707200000, 0x0000000707200000, 0x0000000707400000|  0%| F|  |TAMS 0x0000000707200000, 0x0000000707200000| Untracked 
|  13|0x0000000707400000, 0x0000000707400000, 0x0000000707600000|  0%| F|  |TAMS 0x0000000707400000, 0x0000000707400000| Untracked 
|  14|0x0000000707600000, 0x0000000707600000, 0x0000000707800000|  0%| F|  |TAMS 0x0000000707600000, 0x0000000707600000| Untracked 
|  15|0x0000000707800000, 0x0000000707800000, 0x0000000707a00000|  0%| F|  |TAMS 0x0000000707800000, 0x0000000707800000| Untracked 
|  16|0x0000000707a00000, 0x0000000707a00000, 0x0000000707c00000|  0%| F|  |TAMS 0x0000000707a00000, 0x0000000707a00000| Untracked 
|  17|0x0000000707c00000, 0x0000000707c00000, 0x0000000707e00000|  0%| F|  |TAMS 0x0000000707c00000, 0x0000000707c00000| Untracked 
|  18|0x0000000707e00000, 0x0000000707e00000, 0x0000000708000000|  0%| F|  |TAMS 0x0000000707e00000, 0x0000000707e00000| Untracked 
|  19|0x0000000708000000, 0x0000000708000000, 0x0000000708200000|  0%| F|  |TAMS 0x0000000708000000, 0x0000000708000000| Untracked 
|  20|0x0000000708200000, 0x0000000708200000, 0x0000000708400000|  0%| F|  |TAMS 0x0000000708200000, 0x0000000708200000| Untracked 
|  21|0x0000000708400000, 0x0000000708400000, 0x0000000708600000|  0%| F|  |TAMS 0x0000000708400000, 0x0000000708400000| Untracked 
|  22|0x0000000708600000, 0x0000000708600000, 0x0000000708800000|  0%| F|  |TAMS 0x0000000708600000, 0x0000000708600000| Untracked 
|  23|0x0000000708800000, 0x0000000708800000, 0x0000000708a00000|  0%| F|  |TAMS 0x0000000708800000, 0x0000000708800000| Untracked 
|  24|0x0000000708a00000, 0x0000000708a00000, 0x0000000708c00000|  0%| F|  |TAMS 0x0000000708a00000, 0x0000000708a00000| Untracked 
|  25|0x0000000708c00000, 0x0000000708c00000, 0x0000000708e00000|  0%| F|  |TAMS 0x0000000708c00000, 0x0000000708c00000| Untracked 
|  26|0x0000000708e00000, 0x0000000708e00000, 0x0000000709000000|  0%| F|  |TAMS 0x0000000708e00000, 0x0000000708e00000| Untracked 
|  27|0x0000000709000000, 0x0000000709000000, 0x0000000709200000|  0%| F|  |TAMS 0x0000000709000000, 0x0000000709000000| Untracked 
|  28|0x0000000709200000, 0x0000000709200000, 0x0000000709400000|  0%| F|  |TAMS 0x0000000709200000, 0x0000000709200000| Untracked 
|  29|0x0000000709400000, 0x0000000709400000, 0x0000000709600000|  0%| F|  |TAMS 0x0000000709400000, 0x0000000709400000| Untracked 
|  30|0x0000000709600000, 0x0000000709600000, 0x0000000709800000|  0%| F|  |TAMS 0x0000000709600000, 0x0000000709600000| Untracked 
|  31|0x0000000709800000, 0x0000000709800000, 0x0000000709a00000|  0%| F|  |TAMS 0x0000000709800000, 0x0000000709800000| Untracked 
|  32|0x0000000709a00000, 0x0000000709a00000, 0x0000000709c00000|  0%| F|  |TAMS 0x0000000709a00000, 0x0000000709a00000| Untracked 
|  33|0x0000000709c00000, 0x0000000709c00000, 0x0000000709e00000|  0%| F|  |TAMS 0x0000000709c00000, 0x0000000709c00000| Untracked 
|  34|0x0000000709e00000, 0x0000000709e00000, 0x000000070a000000|  0%| F|  |TAMS 0x0000000709e00000, 0x0000000709e00000| Untracked 
|  35|0x000000070a000000, 0x000000070a000000, 0x000000070a200000|  0%| F|  |TAMS 0x000000070a000000, 0x000000070a000000| Untracked 
|  36|0x000000070a200000, 0x000000070a200000, 0x000000070a400000|  0%| F|  |TAMS 0x000000070a200000, 0x000000070a200000| Untracked 
|  37|0x000000070a400000, 0x000000070a400000, 0x000000070a600000|  0%| F|  |TAMS 0x000000070a400000, 0x000000070a400000| Untracked 
|  38|0x000000070a600000, 0x000000070a600000, 0x000000070a800000|  0%| F|  |TAMS 0x000000070a600000, 0x000000070a600000| Untracked 
|  39|0x000000070a800000, 0x000000070a800000, 0x000000070aa00000|  0%| F|  |TAMS 0x000000070a800000, 0x000000070a800000| Untracked 
|  40|0x000000070aa00000, 0x000000070aa00000, 0x000000070ac00000|  0%| F|  |TAMS 0x000000070aa00000, 0x000000070aa00000| Untracked 
|  41|0x000000070ac00000, 0x000000070ac00000, 0x000000070ae00000|  0%| F|  |TAMS 0x000000070ac00000, 0x000000070ac00000| Untracked 
|  42|0x000000070ae00000, 0x000000070ae00000, 0x000000070b000000|  0%| F|  |TAMS 0x000000070ae00000, 0x000000070ae00000| Untracked 
|  43|0x000000070b000000, 0x000000070b000000, 0x000000070b200000|  0%| F|  |TAMS 0x000000070b000000, 0x000000070b000000| Untracked 
|  44|0x000000070b200000, 0x000000070b200000, 0x000000070b400000|  0%| F|  |TAMS 0x000000070b200000, 0x000000070b200000| Untracked 
|  45|0x000000070b400000, 0x000000070b400000, 0x000000070b600000|  0%| F|  |TAMS 0x000000070b400000, 0x000000070b400000| Untracked 
|  46|0x000000070b600000, 0x000000070b600000, 0x000000070b800000|  0%| F|  |TAMS 0x000000070b600000, 0x000000070b600000| Untracked 
|  47|0x000000070b800000, 0x000000070b800000, 0x000000070ba00000|  0%| F|  |TAMS 0x000000070b800000, 0x000000070b800000| Untracked 
|  48|0x000000070ba00000, 0x000000070ba00000, 0x000000070bc00000|  0%| F|  |TAMS 0x000000070ba00000, 0x000000070ba00000| Untracked 
|  49|0x000000070bc00000, 0x000000070bc00000, 0x000000070be00000|  0%| F|  |TAMS 0x000000070bc00000, 0x000000070bc00000| Untracked 
|  50|0x000000070be00000, 0x000000070be00000, 0x000000070c000000|  0%| F|  |TAMS 0x000000070be00000, 0x000000070be00000| Untracked 
|  51|0x000000070c000000, 0x000000070c000000, 0x000000070c200000|  0%| F|  |TAMS 0x000000070c000000, 0x000000070c000000| Untracked 
|  52|0x000000070c200000, 0x000000070c200000, 0x000000070c400000|  0%| F|  |TAMS 0x000000070c200000, 0x000000070c200000| Untracked 
|  53|0x000000070c400000, 0x000000070c400000, 0x000000070c600000|  0%| F|  |TAMS 0x000000070c400000, 0x000000070c400000| Untracked 
|  54|0x000000070c600000, 0x000000070c600000, 0x000000070c800000|  0%| F|  |TAMS 0x000000070c600000, 0x000000070c600000| Untracked 
|  55|0x000000070c800000, 0x000000070c800000, 0x000000070ca00000|  0%| F|  |TAMS 0x000000070c800000, 0x000000070c800000| Untracked 
|  56|0x000000070ca00000, 0x000000070ca00000, 0x000000070cc00000|  0%| F|  |TAMS 0x000000070ca00000, 0x000000070ca00000| Untracked 
|  57|0x000000070cc00000, 0x000000070cc00000, 0x000000070ce00000|  0%| F|  |TAMS 0x000000070cc00000, 0x000000070cc00000| Untracked 
|  58|0x000000070ce00000, 0x000000070ce00000, 0x000000070d000000|  0%| F|  |TAMS 0x000000070ce00000, 0x000000070ce00000| Untracked 
|  59|0x000000070d000000, 0x000000070d000000, 0x000000070d200000|  0%| F|  |TAMS 0x000000070d000000, 0x000000070d000000| Untracked 
|  60|0x000000070d200000, 0x000000070d200000, 0x000000070d400000|  0%| F|  |TAMS 0x000000070d200000, 0x000000070d200000| Untracked 
|  61|0x000000070d400000, 0x000000070d400000, 0x000000070d600000|  0%| F|  |TAMS 0x000000070d400000, 0x000000070d400000| Untracked 
|  62|0x000000070d600000, 0x000000070d600000, 0x000000070d800000|  0%| F|  |TAMS 0x000000070d600000, 0x000000070d600000| Untracked 
|  63|0x000000070d800000, 0x000000070d800000, 0x000000070da00000|  0%| F|  |TAMS 0x000000070d800000, 0x000000070d800000| Untracked 
|  64|0x000000070da00000, 0x000000070da00000, 0x000000070dc00000|  0%| F|  |TAMS 0x000000070da00000, 0x000000070da00000| Untracked 
|  65|0x000000070dc00000, 0x000000070dc00000, 0x000000070de00000|  0%| F|  |TAMS 0x000000070dc00000, 0x000000070dc00000| Untracked 
|  66|0x000000070de00000, 0x000000070de00000, 0x000000070e000000|  0%| F|  |TAMS 0x000000070de00000, 0x000000070de00000| Untracked 
|  67|0x000000070e000000, 0x000000070e000000, 0x000000070e200000|  0%| F|  |TAMS 0x000000070e000000, 0x000000070e000000| Untracked 
|  68|0x000000070e200000, 0x000000070e200000, 0x000000070e400000|  0%| F|  |TAMS 0x000000070e200000, 0x000000070e200000| Untracked 
|  69|0x000000070e400000, 0x000000070e400000, 0x000000070e600000|  0%| F|  |TAMS 0x000000070e400000, 0x000000070e400000| Untracked 
|  70|0x000000070e600000, 0x000000070e600000, 0x000000070e800000|  0%| F|  |TAMS 0x000000070e600000, 0x000000070e600000| Untracked 
|  71|0x000000070e800000, 0x000000070e800000, 0x000000070ea00000|  0%| F|  |TAMS 0x000000070e800000, 0x000000070e800000| Untracked 
|  72|0x000000070ea00000, 0x000000070ea00000, 0x000000070ec00000|  0%| F|  |TAMS 0x000000070ea00000, 0x000000070ea00000| Untracked 
|  73|0x000000070ec00000, 0x000000070ec00000, 0x000000070ee00000|  0%| F|  |TAMS 0x000000070ec00000, 0x000000070ec00000| Untracked 
|  74|0x000000070ee00000, 0x000000070ee00000, 0x000000070f000000|  0%| F|  |TAMS 0x000000070ee00000, 0x000000070ee00000| Untracked 
|  75|0x000000070f000000, 0x000000070f000000, 0x000000070f200000|  0%| F|  |TAMS 0x000000070f000000, 0x000000070f000000| Untracked 
|  76|0x000000070f200000, 0x000000070f200000, 0x000000070f400000|  0%| F|  |TAMS 0x000000070f200000, 0x000000070f200000| Untracked 
|  77|0x000000070f400000, 0x000000070f400000, 0x000000070f600000|  0%| F|  |TAMS 0x000000070f400000, 0x000000070f400000| Untracked 
|  78|0x000000070f600000, 0x000000070f600000, 0x000000070f800000|  0%| F|  |TAMS 0x000000070f600000, 0x000000070f600000| Untracked 
|  79|0x000000070f800000, 0x000000070f800000, 0x000000070fa00000|  0%| F|  |TAMS 0x000000070f800000, 0x000000070f800000| Untracked 
|  80|0x000000070fa00000, 0x000000070fa00000, 0x000000070fc00000|  0%| F|  |TAMS 0x000000070fa00000, 0x000000070fa00000| Untracked 
|  81|0x000000070fc00000, 0x000000070fc00000, 0x000000070fe00000|  0%| F|  |TAMS 0x000000070fc00000, 0x000000070fc00000| Untracked 
|  82|0x000000070fe00000, 0x000000070fe00000, 0x0000000710000000|  0%| F|  |TAMS 0x000000070fe00000, 0x000000070fe00000| Untracked 
|  83|0x0000000710000000, 0x0000000710000000, 0x0000000710200000|  0%| F|  |TAMS 0x0000000710000000, 0x0000000710000000| Untracked 
|  84|0x0000000710200000, 0x0000000710200000, 0x0000000710400000|  0%| F|  |TAMS 0x0000000710200000, 0x0000000710200000| Untracked 
|  85|0x0000000710400000, 0x0000000710400000, 0x0000000710600000|  0%| F|  |TAMS 0x0000000710400000, 0x0000000710400000| Untracked 
|  86|0x0000000710600000, 0x0000000710600000, 0x0000000710800000|  0%| F|  |TAMS 0x0000000710600000, 0x0000000710600000| Untracked 
|  87|0x0000000710800000, 0x0000000710800000, 0x0000000710a00000|  0%| F|  |TAMS 0x0000000710800000, 0x0000000710800000| Untracked 
|  88|0x0000000710a00000, 0x0000000710a00000, 0x0000000710c00000|  0%| F|  |TAMS 0x0000000710a00000, 0x0000000710a00000| Untracked 
|  89|0x0000000710c00000, 0x0000000710c00000, 0x0000000710e00000|  0%| F|  |TAMS 0x0000000710c00000, 0x0000000710c00000| Untracked 
|  90|0x0000000710e00000, 0x0000000710e00000, 0x0000000711000000|  0%| F|  |TAMS 0x0000000710e00000, 0x0000000710e00000| Untracked 
|  91|0x0000000711000000, 0x0000000711000000, 0x0000000711200000|  0%| F|  |TAMS 0x0000000711000000, 0x0000000711000000| Untracked 
|  92|0x0000000711200000, 0x0000000711200000, 0x0000000711400000|  0%| F|  |TAMS 0x0000000711200000, 0x0000000711200000| Untracked 
|  93|0x0000000711400000, 0x0000000711400000, 0x0000000711600000|  0%| F|  |TAMS 0x0000000711400000, 0x0000000711400000| Untracked 
|  94|0x0000000711600000, 0x0000000711600000, 0x0000000711800000|  0%| F|  |TAMS 0x0000000711600000, 0x0000000711600000| Untracked 
|  95|0x0000000711800000, 0x0000000711800000, 0x0000000711a00000|  0%| F|  |TAMS 0x0000000711800000, 0x0000000711800000| Untracked 
|  96|0x0000000711a00000, 0x0000000711a00000, 0x0000000711c00000|  0%| F|  |TAMS 0x0000000711a00000, 0x0000000711a00000| Untracked 
|  97|0x0000000711c00000, 0x0000000711c00000, 0x0000000711e00000|  0%| F|  |TAMS 0x0000000711c00000, 0x0000000711c00000| Untracked 
|  98|0x0000000711e00000, 0x0000000711e00000, 0x0000000712000000|  0%| F|  |TAMS 0x0000000711e00000, 0x0000000711e00000| Untracked 
|  99|0x0000000712000000, 0x0000000712000000, 0x0000000712200000|  0%| F|  |TAMS 0x0000000712000000, 0x0000000712000000| Untracked 
| 100|0x0000000712200000, 0x0000000712200000, 0x0000000712400000|  0%| F|  |TAMS 0x0000000712200000, 0x0000000712200000| Untracked 
| 101|0x0000000712400000, 0x0000000712400000, 0x0000000712600000|  0%| F|  |TAMS 0x0000000712400000, 0x0000000712400000| Untracked 
| 102|0x0000000712600000, 0x0000000712600000, 0x0000000712800000|  0%| F|  |TAMS 0x0000000712600000, 0x0000000712600000| Untracked 
| 103|0x0000000712800000, 0x0000000712800000, 0x0000000712a00000|  0%| F|  |TAMS 0x0000000712800000, 0x0000000712800000| Untracked 
| 104|0x0000000712a00000, 0x0000000712a00000, 0x0000000712c00000|  0%| F|  |TAMS 0x0000000712a00000, 0x0000000712a00000| Untracked 
| 105|0x0000000712c00000, 0x0000000712c00000, 0x0000000712e00000|  0%| F|  |TAMS 0x0000000712c00000, 0x0000000712c00000| Untracked 
| 106|0x0000000712e00000, 0x0000000712e00000, 0x0000000713000000|  0%| F|  |TAMS 0x0000000712e00000, 0x0000000712e00000| Untracked 
| 107|0x0000000713000000, 0x0000000713000000, 0x0000000713200000|  0%| F|  |TAMS 0x0000000713000000, 0x0000000713000000| Untracked 
| 108|0x0000000713200000, 0x0000000713200000, 0x0000000713400000|  0%| F|  |TAMS 0x0000000713200000, 0x0000000713200000| Untracked 
| 109|0x0000000713400000, 0x0000000713400000, 0x0000000713600000|  0%| F|  |TAMS 0x0000000713400000, 0x0000000713400000| Untracked 
| 110|0x0000000713600000, 0x0000000713600000, 0x0000000713800000|  0%| F|  |TAMS 0x0000000713600000, 0x0000000713600000| Untracked 
| 111|0x0000000713800000, 0x0000000713800000, 0x0000000713a00000|  0%| F|  |TAMS 0x0000000713800000, 0x0000000713800000| Untracked 
| 112|0x0000000713a00000, 0x0000000713a00000, 0x0000000713c00000|  0%| F|  |TAMS 0x0000000713a00000, 0x0000000713a00000| Untracked 
| 113|0x0000000713c00000, 0x0000000713c00000, 0x0000000713e00000|  0%| F|  |TAMS 0x0000000713c00000, 0x0000000713c00000| Untracked 
| 114|0x0000000713e00000, 0x0000000713fa1f90, 0x0000000714000000| 81%| S|CS|TAMS 0x0000000713e00000, 0x0000000713e00000| Complete 
| 115|0x0000000714000000, 0x0000000714000000, 0x0000000714200000|  0%| F|  |TAMS 0x0000000714000000, 0x0000000714000000| Untracked 
| 116|0x0000000714200000, 0x0000000714200000, 0x0000000714400000|  0%| F|  |TAMS 0x0000000714200000, 0x0000000714200000| Untracked 
| 117|0x0000000714400000, 0x0000000714400000, 0x0000000714600000|  0%| F|  |TAMS 0x0000000714400000, 0x0000000714400000| Untracked 
| 118|0x0000000714600000, 0x0000000714600000, 0x0000000714800000|  0%| F|  |TAMS 0x0000000714600000, 0x0000000714600000| Untracked 
| 119|0x0000000714800000, 0x0000000714800000, 0x0000000714a00000|  0%| F|  |TAMS 0x0000000714800000, 0x0000000714800000| Untracked 
| 120|0x0000000714a00000, 0x0000000714a00000, 0x0000000714c00000|  0%| F|  |TAMS 0x0000000714a00000, 0x0000000714a00000| Untracked 
| 121|0x0000000714c00000, 0x0000000714c00000, 0x0000000714e00000|  0%| F|  |TAMS 0x0000000714c00000, 0x0000000714c00000| Untracked 
| 122|0x0000000714e00000, 0x0000000714e00000, 0x0000000715000000|  0%| F|  |TAMS 0x0000000714e00000, 0x0000000714e00000| Untracked 
| 123|0x0000000715000000, 0x00000007150c5d08, 0x0000000715200000| 38%| E|  |TAMS 0x0000000715000000, 0x0000000715000000| Complete 
| 124|0x0000000715200000, 0x0000000715400000, 0x0000000715400000|100%| E|CS|TAMS 0x0000000715200000, 0x0000000715200000| Complete 
| 125|0x0000000715400000, 0x0000000715600000, 0x0000000715600000|100%| E|CS|TAMS 0x0000000715400000, 0x0000000715400000| Complete 

Card table byte_map: [0x0000013da5e10000,0x0000013da65f0000] _byte_map_base: 0x0000013da25e3000

Marking Bits (Prev, Next): (CMBitMap*) 0x0000013d8c3e7730, (CMBitMap*) 0x0000013d8c3e7770
 Prev Bits: [0x0000013da6dd0000, 0x0000013daac68000)
 Next Bits: [0x0000013daac70000, 0x0000013daeb08000)

Polling page: 0x0000013d8c430000

Metaspace:

Usage:
  Non-class:      1.89 MB used.
      Class:    180.82 KB used.
       Both:      2.07 MB used.

Virtual space:
  Non-class space:       64.00 MB reserved,       2.00 MB (  3%) committed,  1 nodes.
      Class space:        1.00 GB reserved,     256.00 KB ( <1%) committed,  1 nodes.
             Both:        1.06 GB reserved,       2.25 MB ( <1%) committed. 

Chunk freelists:
   Non-Class:  11.23 MB
       Class:  15.65 MB
        Both:  26.88 MB

MaxMetaspaceSize: unlimited
CompressedClassSpaceSize: 1.00 GB
Initial GC threshold: 21.00 MB
Current GC threshold: 21.00 MB
CDS: on
MetaspaceReclaimPolicy: balanced
 - commit_granule_bytes: 65536.
 - commit_granule_words: 8192.
 - virtual_space_node_default_size: 8388608.
 - enlarge_chunks_in_place: 1.
 - new_chunks_are_fully_committed: 0.
 - uncommit_free_chunks: 1.
 - use_allocation_guard: 0.
 - handle_deallocations: 1.


Internal statistics:

num_allocs_failed_limit: 0.
num_arena_births: 32.
num_arena_deaths: 0.
num_vsnodes_births: 2.
num_vsnodes_deaths: 0.
num_space_committed: 36.
num_space_uncommitted: 0.
num_chunks_returned_to_freelist: 0.
num_chunks_taken_from_freelist: 71.
num_chunk_merges: 0.
num_chunk_splits: 50.
num_chunks_enlarged: 39.
num_inconsistent_stats: 0.

CodeHeap 'non-profiled nmethods': size=119168Kb used=634Kb max_used=634Kb free=118533Kb
 bounds [0x0000013d9d200000, 0x0000013d9d470000, 0x0000013da4660000]
CodeHeap 'profiled nmethods': size=119104Kb used=1386Kb max_used=1386Kb free=117717Kb
 bounds [0x0000013d95660000, 0x0000013d958d0000, 0x0000013d9cab0000]
CodeHeap 'non-nmethods': size=7488Kb used=1160Kb max_used=2907Kb free=6327Kb
 bounds [0x0000013d9cab0000, 0x0000013d9cd90000, 0x0000013d9d200000]
 total_blobs=1290 nmethods=853 adapters=350
 compilation: enabled
              stopped_count=0, restarted_count=0
 full_count=0

Compilation events (20 events):
Event: 10.492 Thread 0x0000013db1bc4bd0  843       3       com.raylib.Jaylib$Rectangle::<init> (30 bytes)
Event: 10.492 Thread 0x0000013db1bc4bd0 nmethod 843 0x0000013d957ba310 code [0x0000013d957ba500, 0x0000013d957ba9f8]
Event: 11.124 Thread 0x0000013db1bc32d0  845       4       java.lang.ThreadLocal::get (38 bytes)
Event: 11.126 Thread 0x0000013db1bc32d0 nmethod 845 0x0000013d9d298a10 code [0x0000013d9d298ba0, 0x0000013d9d298d18]
Event: 11.558 Thread 0x0000013db1bc32d0  846       4       java.lang.Object::equals (11 bytes)
Event: 11.558 Thread 0x0000013db1bc32d0 nmethod 846 0x0000013d9d298f10 code [0x0000013d9d299080, 0x0000013d9d299118]
Event: 11.907 Thread 0x0000013db1bc32d0  847       4       java.util.ArrayDeque$DeqIterator::<init> (34 bytes)
Event: 11.909 Thread 0x0000013db1bc32d0 nmethod 847 0x0000013d9d299210 code [0x0000013d9d299380, 0x0000013d9d299558]
Event: 12.007 Thread 0x0000013db1bc32d0  848       4       org.bytedeco.javacpp.Pointer::init (52 bytes)
Event: 12.029 Thread 0x0000013db1bc32d0 nmethod 848 0x0000013d9d299690 code [0x0000013d9d2998e0, 0x0000013d9d29b1f0]
Event: 12.029 Thread 0x0000013db1bc32d0  849       4       org.bytedeco.javacpp.Pointer::<init> (86 bytes)
Event: 12.030 Thread 0x0000013db1bc32d0 nmethod 849 0x0000013d9d29c090 code [0x0000013d9d29c200, 0x0000013d9d29c2f8]
Event: 13.775 Thread 0x0000013db1bc32d0  850   !   4       org.bytedeco.javacpp.Pointer::deallocator (568 bytes)
Event: 13.782 Thread 0x0000013db1bc32d0 nmethod 850 0x0000013d9d29c390 code [0x0000013d9d29c5e0, 0x0000013d9d29d320]
Event: 13.782 Thread 0x0000013db1bc32d0  851   !   4       org.bytedeco.javacpp.Pointer$DeallocatorReference::add (82 bytes)
Event: 13.785 Thread 0x0000013db1bc32d0 nmethod 851 0x0000013d9d29da90 code [0x0000013d9d29dc20, 0x0000013d9d29e198]
Event: 17.693 Thread 0x0000013db1bc32d0  852       4       com.raylib.Jaylib::Rectangle (25 bytes)
Event: 17.694 Thread 0x0000013db1bc32d0 nmethod 852 0x0000013d9d29e290 code [0x0000013d9d29e460, 0x0000013d9d29e640]
Event: 20.528 Thread 0x0000013db1bc32d0  853       4       com.raylib.Jaylib::<init> (5 bytes)
Event: 20.528 Thread 0x0000013db1bc32d0 nmethod 853 0x0000013d9d29e890 code [0x0000013d9d29ea00, 0x0000013d9d29ea78]

GC Heap History (2 events):
Event: 1.282 GC heap before
{Heap before GC invocations=0 (full 0):
 garbage-first heap   total 258048K, used 22528K [0x0000000705a00000, 0x0000000800000000)
  region size 2048K, 11 young (22528K), 0 survivors (0K)
 Metaspace       used 1805K, committed 1920K, reserved 1114112K
  class space    used 140K, committed 192K, reserved 1048576K
}
Event: 1.293 GC heap after
{Heap after GC invocations=1 (full 0):
 garbage-first heap   total 258048K, used 1671K [0x0000000705a00000, 0x0000000800000000)
  region size 2048K, 1 young (2048K), 1 survivors (2048K)
 Metaspace       used 1805K, committed 1920K, reserved 1114112K
  class space    used 140K, committed 192K, reserved 1048576K
}

Dll operation events (20 events):
Event: 0.753 Loaded shared library C:\Program Files (x86)\Windows Kits\10\Redist\ucrt\DLLs\x64\api-ms-win-core-rtlsupport-l1-1-0.dll
Event: 0.763 Loaded shared library C:\Program Files (x86)\Windows Kits\10\Redist\ucrt\DLLs\x64\api-ms-win-core-processthreads-l1-1-1.dll
Event: 0.775 Loaded shared library C:\Program Files (x86)\Windows Kits\10\Redist\ucrt\DLLs\x64\api-ms-win-core-file-l1-2-0.dll
Event: 0.789 Loaded shared library C:\Program Files (x86)\Windows Kits\10\Redist\ucrt\DLLs\x64\api-ms-win-core-profile-l1-1-0.dll
Event: 0.801 Loaded shared library C:\Program Files (x86)\Windows Kits\10\Redist\ucrt\DLLs\x64\api-ms-win-core-memory-l1-1-0.dll
Event: 0.812 Loaded shared library C:\Program Files (x86)\Windows Kits\10\Redist\ucrt\DLLs\x64\api-ms-win-core-util-l1-1-0.dll
Event: 0.823 Loaded shared library C:\Program Files (x86)\Windows Kits\10\Redist\ucrt\DLLs\x64\api-ms-win-core-interlocked-l1-1-0.dll
Event: 0.837 Loaded shared library C:\Program Files (x86)\Windows Kits\10\Redist\ucrt\DLLs\x64\ucrtbase.dll
Event: 0.850 Loaded shared library C:\Users\luczu\.jdks\corretto-17.0.10\bin\vcruntime140.dll
Event: 0.862 Loaded shared library C:\Users\luczu\.jdks\corretto-17.0.10\bin\vcruntime140_1.dll
Event: 0.874 Loaded shared library C:\Users\luczu\.jdks\corretto-17.0.10\bin\msvcp140.dll
Event: 0.888 Loaded shared library C:\Windows\System32\msvcp140_1.dll
Event: 0.901 Loaded shared library C:\Windows\System32\concrt140.dll
Event: 0.915 Loaded shared library C:\Windows\System32\vcomp140.dll
Event: 0.958 Loaded shared library C:\Windows\System32\winmm.dll
Event: 0.961 Loaded shared library C:\Windows\System32\opengl32.dll
Event: 0.962 Loaded shared library C:\Windows\System32\user32.dll
Event: 0.963 Loaded shared library C:\Windows\System32\shell32.dll
Event: 0.964 Loaded shared library C:\Windows\System32\gdi32.dll
Event: 1.039 Loaded shared library C:\Users\luczu\.javacpp\cache\jaylib-4.5.0-0.jar\com\raylib\windows-x86_64\jniRaylib.dll

Deoptimization events (20 events):
Event: 0.713 Thread 0x0000013d8c37a6d0 Uncommon trap: trap_request=0xffffffde fr.pc=0x0000013d9d225934 relative=0x0000000000000114
Event: 0.713 Thread 0x0000013d8c37a6d0 Uncommon trap: reason=class_check action=maybe_recompile pc=0x0000013d9d225934 method=jdk.internal.misc.Unsafe.allocateUninitializedArray(Ljava/lang/Class;I)Ljava/lang/Object; @ 51 c2
Event: 0.714 Thread 0x0000013d8c37a6d0 DEOPT PACKING pc=0x0000013d9d225934 sp=0x0000003d438fd310
Event: 0.714 Thread 0x0000013d8c37a6d0 DEOPT UNPACKING pc=0x0000013d9cb0a1a3 sp=0x0000003d438fd298 mode 2
Event: 0.925 Thread 0x0000013d8c37a6d0 Uncommon trap: trap_request=0xffffff45 fr.pc=0x0000013d9d2197fc relative=0x00000000000001bc
Event: 0.925 Thread 0x0000013d8c37a6d0 Uncommon trap: reason=unstable_if action=reinterpret pc=0x0000013d9d2197fc method=java.io.WinNTFileSystem.normalize(Ljava/lang/String;)Ljava/lang/String; @ 128 c2
Event: 0.925 Thread 0x0000013d8c37a6d0 DEOPT PACKING pc=0x0000013d9d2197fc sp=0x0000003d438fd500
Event: 0.926 Thread 0x0000013d8c37a6d0 DEOPT UNPACKING pc=0x0000013d9cb0a1a3 sp=0x0000003d438fd488 mode 2
Event: 0.932 Thread 0x0000013d8c37a6d0 Uncommon trap: trap_request=0xffffff45 fr.pc=0x0000013d9d21a4d4 relative=0x00000000000001b4
Event: 0.933 Thread 0x0000013d8c37a6d0 Uncommon trap: reason=unstable_if action=reinterpret pc=0x0000013d9d21a4d4 method=sun.net.www.ParseUtil.firstEncodeIndex(Ljava/lang/String;)I @ 51 c2
Event: 0.933 Thread 0x0000013d8c37a6d0 DEOPT PACKING pc=0x0000013d9d21a4d4 sp=0x0000003d438fd710
Event: 0.933 Thread 0x0000013d8c37a6d0 DEOPT UNPACKING pc=0x0000013d9cb0a1a3 sp=0x0000003d438fd698 mode 2
Event: 1.040 Thread 0x0000013d8c37a6d0 Uncommon trap: trap_request=0xffffff45 fr.pc=0x0000013d9d23e6e0 relative=0x0000000000001340
Event: 1.040 Thread 0x0000013d8c37a6d0 Uncommon trap: reason=unstable_if action=reinterpret pc=0x0000013d9d23e6e0 method=java.net.URL.<init>(Ljava/net/URL;Ljava/lang/String;Ljava/net/URLStreamHandler;)V @ 273 c2
Event: 1.041 Thread 0x0000013d8c37a6d0 DEOPT PACKING pc=0x0000013d9d23e6e0 sp=0x0000003d438fbdc0
Event: 1.041 Thread 0x0000013d8c37a6d0 DEOPT UNPACKING pc=0x0000013d9cb0a1a3 sp=0x0000003d438fbd60 mode 2
Event: 1.294 Thread 0x0000013d8c37a6d0 Uncommon trap: trap_request=0xffffff45 fr.pc=0x0000013d9d228f60 relative=0x00000000000000e0
Event: 1.295 Thread 0x0000013d8c37a6d0 Uncommon trap: reason=unstable_if action=reinterpret pc=0x0000013d9d228f60 method=java.lang.ref.SoftReference.get()Ljava/lang/Object; @ 17 c2
Event: 1.297 Thread 0x0000013d8c37a6d0 DEOPT PACKING pc=0x0000013d9d228f60 sp=0x0000003d438fa620
Event: 1.297 Thread 0x0000013d8c37a6d0 DEOPT UNPACKING pc=0x0000013d9cb0a1a3 sp=0x0000003d438fa5d8 mode 2

Classes unloaded (0 events):
No events

Classes redefined (0 events):
No events

Internal exceptions (7 events):
Event: 0.124 Thread 0x0000013d8c37a6d0 Exception <a 'java/lang/NoSuchMethodError'{0x0000000715244c98}: 'int java.lang.invoke.DirectMethodHandle$Holder.invokeStaticInit(java.lang.Object, java.lang.Object, java.lang.Object, java.lang.Object)'> (0x0000000715244c98) 
thrown [s\src\hotspot\share\interpreter\linkResolver.cpp, line 759]
Event: 0.127 Thread 0x0000013d8c37a6d0 Exception <a 'java/lang/NoSuchMethodError'{0x000000071524f9a8}: 'java.lang.Object java.lang.invoke.DirectMethodHandle$Holder.invokeInterface(java.lang.Object, java.lang.Object)'> (0x000000071524f9a8) 
thrown [s\src\hotspot\share\interpreter\linkResolver.cpp, line 759]
Event: 0.128 Thread 0x0000013d8c37a6d0 Exception <a 'java/lang/IncompatibleClassChangeError'{0x00000007152530c0}: Found class java.lang.Object, but interface was expected> (0x00000007152530c0) 
thrown [s\src\hotspot\share\interpreter\linkResolver.cpp, line 826]
Event: 0.132 Thread 0x0000013d8c37a6d0 Exception <a 'java/lang/NoSuchMethodError'{0x0000000715256268}: 'void java.lang.invoke.DirectMethodHandle$Holder.invokeStatic(java.lang.Object, java.lang.Object)'> (0x0000000715256268) 
thrown [s\src\hotspot\share\interpreter\linkResolver.cpp, line 759]
Event: 0.132 Thread 0x0000013d8c37a6d0 Exception <a 'java/lang/NoSuchMethodError'{0x00000007152598d8}: 'void java.lang.invoke.DirectMethodHandle$Holder.invokeStaticInit(java.lang.Object, java.lang.Object)'> (0x00000007152598d8) 
thrown [s\src\hotspot\share\interpreter\linkResolver.cpp, line 759]
Event: 0.134 Thread 0x0000013d8c37a6d0 Exception <a 'java/lang/NoSuchMethodError'{0x0000000715260200}: 'int java.lang.invoke.DirectMethodHandle$Holder.invokeStaticInit(java.lang.Object, java.lang.Object)'> (0x0000000715260200) 
thrown [s\src\hotspot\share\interpreter\linkResolver.cpp, line 759]
Event: 0.989 Thread 0x0000013d8c37a6d0 Exception <a 'java/lang/NoSuchMethodError'{0x0000000714188e70}: 'java.lang.Object java.lang.invoke.DirectMethodHandle$Holder.invokeStatic(java.lang.Object, int, java.lang.Object)'> (0x0000000714188e70) 
thrown [s\src\hotspot\share\interpreter\linkResolver.cpp, line 759]

VM Operations (18 events):
Event: 0.094 Executing VM operation: HandshakeAllThreads
Event: 0.095 Executing VM operation: HandshakeAllThreads done
Event: 0.218 Executing VM operation: HandshakeAllThreads
Event: 0.218 Executing VM operation: HandshakeAllThreads done
Event: 1.218 Executing VM operation: Cleanup
Event: 1.234 Executing VM operation: Cleanup done
Event: 1.282 Executing VM operation: G1CollectForAllocation
Event: 1.293 Executing VM operation: G1CollectForAllocation done
Event: 2.295 Executing VM operation: Cleanup
Event: 2.295 Executing VM operation: Cleanup done
Event: 3.300 Executing VM operation: Cleanup
Event: 3.300 Executing VM operation: Cleanup done
Event: 7.303 Executing VM operation: Cleanup
Event: 7.303 Executing VM operation: Cleanup done
Event: 9.304 Executing VM operation: Cleanup
Event: 9.304 Executing VM operation: Cleanup done
Event: 12.305 Executing VM operation: Cleanup
Event: 12.305 Executing VM operation: Cleanup done

Events (20 events):
Event: 0.981 loading class java/time/zone/ZoneOffsetTransitionRule$TimeDefinition
Event: 0.982 loading class java/time/zone/ZoneOffsetTransitionRule$TimeDefinition done
Event: 0.984 loading class java/time/zone/ZoneOffsetTransition
Event: 0.984 loading class java/time/zone/ZoneOffsetTransition done
Event: 0.986 loading class java/time/temporal/TemporalAdjusters
Event: 0.987 loading class java/time/temporal/TemporalAdjusters done
Event: 0.994 loading class java/time/zone/ZoneOffsetTransitionRule$1
Event: 0.994 loading class java/time/zone/ZoneOffsetTransitionRule$1 done
Event: 0.996 loading class java/util/concurrent/TimeUnit$1
Event: 0.996 loading class java/util/concurrent/TimeUnit$1 done
Event: 1.341 Thread 0x0000013df72d83c0 Thread exited: 0x0000013df72d83c0
Event: 2.658 Thread 0x0000013db1efc3a0 Thread exited: 0x0000013db1efc3a0
Event: 2.658 Thread 0x0000013df72d7ea0 Thread exited: 0x0000013df72d7ea0
Event: 2.658 Thread 0x0000013db1efbe40 Thread exited: 0x0000013db1efbe40
Event: 2.658 Thread 0x0000013df7200000 Thread exited: 0x0000013df7200000
Event: 2.658 Thread 0x0000013db1ed5f30 Thread exited: 0x0000013db1ed5f30
Event: 2.658 Thread 0x0000013db1ed6530 Thread exited: 0x0000013db1ed6530
Event: 2.658 Thread 0x0000013db1ed7250 Thread exited: 0x0000013db1ed7250
Event: 6.738 Thread 0x0000013db1c95860 Thread exited: 0x0000013db1c95860
Event: 8.457 Thread 0x0000013db1c85270 Thread exited: 0x0000013db1c85270


Dynamic libraries:
0x00007ff7d2e30000 - 0x00007ff7d2e3e000 	C:\Users\luczu\.jdks\corretto-17.0.10\bin\java.exe
0x00007ffdac330000 - 0x00007ffdac547000 	C:\WINDOWS\SYSTEM32\ntdll.dll
0x00007ffdab410000 - 0x00007ffdab4d4000 	C:\WINDOWS\System32\KERNEL32.DLL
0x00007ffda97e0000 - 0x00007ffda9b86000 	C:\WINDOWS\System32\KERNELBASE.dll
0x00007ffda9bc0000 - 0x00007ffda9cd1000 	C:\WINDOWS\System32\ucrtbase.dll
0x00007ffd7fae0000 - 0x00007ffd7faf7000 	C:\Users\luczu\.jdks\corretto-17.0.10\bin\jli.dll
0x00007ffd6e700000 - 0x00007ffd6e71b000 	C:\Users\luczu\.jdks\corretto-17.0.10\bin\VCRUNTIME140.dll
0x00007ffdaa130000 - 0x00007ffdaa2de000 	C:\WINDOWS\System32\USER32.dll
0x00007ffd86f70000 - 0x00007ffd87203000 	C:\WINDOWS\WinSxS\amd64_microsoft.windows.common-controls_6595b64144ccf1df_6.0.22621.2506_none_270c5ae97388e100\COMCTL32.dll
0x00007ffda9670000 - 0x00007ffda9696000 	C:\WINDOWS\System32\win32u.dll
0x00007ffdaab10000 - 0x00007ffdaabb7000 	C:\WINDOWS\System32\msvcrt.dll
0x00007ffdabf40000 - 0x00007ffdabf69000 	C:\WINDOWS\System32\GDI32.dll
0x00007ffda9ce0000 - 0x00007ffda9df8000 	C:\WINDOWS\System32\gdi32full.dll
0x00007ffda9e00000 - 0x00007ffda9e9a000 	C:\WINDOWS\System32\msvcp_win.dll
0x00007ffdab200000 - 0x00007ffdab231000 	C:\WINDOWS\System32\IMM32.DLL
0x00007ffd803c0000 - 0x00007ffd803cc000 	C:\Users\luczu\.jdks\corretto-17.0.10\bin\vcruntime140_1.dll
0x00007ffd6e560000 - 0x00007ffd6e5ed000 	C:\Users\luczu\.jdks\corretto-17.0.10\bin\msvcp140.dll
0x00007ffcd0ac0000 - 0x00007ffcd1722000 	C:\Users\luczu\.jdks\corretto-17.0.10\bin\server\jvm.dll
0x00007ffdaa430000 - 0x00007ffdaa4e3000 	C:\WINDOWS\System32\ADVAPI32.dll
0x00007ffdabe30000 - 0x00007ffdabed8000 	C:\WINDOWS\System32\sechost.dll
0x00007ffda9b90000 - 0x00007ffda9bb8000 	C:\WINDOWS\System32\bcrypt.dll
0x00007ffdaa9f0000 - 0x00007ffdaab07000 	C:\WINDOWS\System32\RPCRT4.dll
0x00007ffda8520000 - 0x00007ffda856d000 	C:\WINDOWS\SYSTEM32\POWRPROF.dll
0x00007ffd9e910000 - 0x00007ffd9e944000 	C:\WINDOWS\SYSTEM32\WINMM.dll
0x00007ffd87cb0000 - 0x00007ffd87cb9000 	C:\WINDOWS\SYSTEM32\WSOCK32.dll
0x00007ffdab4e0000 - 0x00007ffdab551000 	C:\WINDOWS\System32\WS2_32.dll
0x00007ffd9f400000 - 0x00007ffd9f40a000 	C:\WINDOWS\SYSTEM32\VERSION.dll
0x00007ffda84e0000 - 0x00007ffda84f3000 	C:\WINDOWS\SYSTEM32\UMPDC.dll
0x00007ffda87a0000 - 0x00007ffda87b8000 	C:\WINDOWS\SYSTEM32\kernel.appcore.dll
0x00007ffd80200000 - 0x00007ffd8020a000 	C:\Users\luczu\.jdks\corretto-17.0.10\bin\jimage.dll
0x00007ffda6b20000 - 0x00007ffda6d53000 	C:\WINDOWS\SYSTEM32\DBGHELP.DLL
0x00007ffdaabc0000 - 0x00007ffdaaf49000 	C:\WINDOWS\System32\combase.dll
0x00007ffdaa2e0000 - 0x00007ffdaa3b7000 	C:\WINDOWS\System32\OLEAUT32.dll
0x00007ffd8dd70000 - 0x00007ffd8dda2000 	C:\WINDOWS\SYSTEM32\dbgcore.DLL
0x00007ffda96a0000 - 0x00007ffda971a000 	C:\WINDOWS\System32\bcryptPrimitives.dll
0x00007ffd6e6d0000 - 0x00007ffd6e6f5000 	C:\Users\luczu\.jdks\corretto-17.0.10\bin\java.dll
0x00007ffd248a0000 - 0x00007ffd24977000 	C:\Users\luczu\.jdks\corretto-17.0.10\bin\jsvml.dll
0x00007ffdab5c0000 - 0x00007ffdabe1b000 	C:\WINDOWS\System32\SHELL32.dll
0x00007ffda7590000 - 0x00007ffda7e86000 	C:\WINDOWS\SYSTEM32\windows.storage.dll
0x00007ffda7450000 - 0x00007ffda758e000 	C:\WINDOWS\SYSTEM32\wintypes.dll
0x00007ffdac1f0000 - 0x00007ffdac2e3000 	C:\WINDOWS\System32\SHCORE.dll
0x00007ffdabee0000 - 0x00007ffdabf3e000 	C:\WINDOWS\System32\shlwapi.dll
0x00007ffda95a0000 - 0x00007ffda95c6000 	C:\WINDOWS\SYSTEM32\profapi.dll
0x00007ffd6e6b0000 - 0x00007ffd6e6c9000 	C:\Users\luczu\.jdks\corretto-17.0.10\bin\net.dll
0x00007ffd9fd20000 - 0x00007ffd9fe57000 	C:\WINDOWS\SYSTEM32\WINHTTP.dll
0x00007ffda8c20000 - 0x00007ffda8c89000 	C:\WINDOWS\system32\mswsock.dll
0x00007ffd6e540000 - 0x00007ffd6e556000 	C:\Users\luczu\.jdks\corretto-17.0.10\bin\nio.dll
0x00007ffd6e520000 - 0x00007ffd6e538000 	C:\Users\luczu\.jdks\corretto-17.0.10\bin\zip.dll
0x0000013db1fe0000 - 0x0000013db1fe3000 	C:\Program Files (x86)\Windows Kits\10\Redist\ucrt\DLLs\x64\api-ms-win-crt-locale-l1-1-0.dll
0x0000013db1ff0000 - 0x0000013db1ff4000 	C:\Program Files (x86)\Windows Kits\10\Redist\ucrt\DLLs\x64\api-ms-win-crt-string-l1-1-0.dll
0x0000013df7130000 - 0x0000013df7134000 	C:\Program Files (x86)\Windows Kits\10\Redist\ucrt\DLLs\x64\api-ms-win-crt-stdio-l1-1-0.dll
0x0000013df7140000 - 0x0000013df7145000 	C:\Program Files (x86)\Windows Kits\10\Redist\ucrt\DLLs\x64\api-ms-win-crt-math-l1-1-0.dll
0x0000013df7150000 - 0x0000013df7153000 	C:\Program Files (x86)\Windows Kits\10\Redist\ucrt\DLLs\x64\api-ms-win-crt-heap-l1-1-0.dll
0x0000013df7160000 - 0x0000013df7164000 	C:\Program Files (x86)\Windows Kits\10\Redist\ucrt\DLLs\x64\api-ms-win-crt-runtime-l1-1-0.dll
0x0000013df7170000 - 0x0000013df7174000 	C:\Program Files (x86)\Windows Kits\10\Redist\ucrt\DLLs\x64\api-ms-win-crt-convert-l1-1-0.dll
0x0000013df7180000 - 0x0000013df7183000 	C:\Program Files (x86)\Windows Kits\10\Redist\ucrt\DLLs\x64\api-ms-win-crt-environment-l1-1-0.dll
0x0000013df7990000 - 0x0000013df7993000 	C:\Program Files (x86)\Windows Kits\10\Redist\ucrt\DLLs\x64\api-ms-win-crt-time-l1-1-0.dll
0x0000013df79a0000 - 0x0000013df79a3000 	C:\Program Files (x86)\Windows Kits\10\Redist\ucrt\DLLs\x64\api-ms-win-crt-filesystem-l1-1-0.dll
0x0000013df79b0000 - 0x0000013df79b3000 	C:\Program Files (x86)\Windows Kits\10\Redist\ucrt\DLLs\x64\api-ms-win-crt-utility-l1-1-0.dll
0x0000013df79c0000 - 0x0000013df79c5000 	C:\Program Files (x86)\Windows Kits\10\Redist\ucrt\DLLs\x64\api-ms-win-crt-multibyte-l1-1-0.dll
0x0000013df79d0000 - 0x0000013df79d3000 	C:\Program Files (x86)\Windows Kits\10\Redist\ucrt\DLLs\x64\api-ms-win-crt-conio-l1-1-0.dll
0x0000013df79e0000 - 0x0000013df79ef000 	C:\Program Files (x86)\Windows Kits\10\Redist\ucrt\DLLs\x64\api-ms-win-crt-private-l1-1-0.dll
0x0000013df79f0000 - 0x0000013df79f3000 	C:\Program Files (x86)\Windows Kits\10\Redist\ucrt\DLLs\x64\api-ms-win-crt-process-l1-1-0.dll
0x0000013df7b00000 - 0x0000013df7b03000 	C:\Program Files\Microsoft\jdk-11.0.12.7-hotspot\bin\api-ms-win-core-console-l1-2-0.dll
0x0000013df7b10000 - 0x0000013df7b13000 	C:\Program Files (x86)\Windows Kits\10\Redist\ucrt\DLLs\x64\api-ms-win-core-string-l1-1-0.dll
0x0000013df7b20000 - 0x0000013df7b23000 	C:\Program Files (x86)\Windows Kits\10\Redist\ucrt\DLLs\x64\api-ms-win-core-errorhandling-l1-1-0.dll
0x0000013df7b30000 - 0x0000013df7b33000 	C:\Program Files (x86)\Windows Kits\10\Redist\ucrt\DLLs\x64\api-ms-win-core-timezone-l1-1-0.dll
0x0000013df7b40000 - 0x0000013df7b44000 	C:\Program Files (x86)\Windows Kits\10\Redist\ucrt\DLLs\x64\api-ms-win-core-file-l1-1-0.dll
0x0000013df7b50000 - 0x0000013df7b53000 	C:\Program Files (x86)\Windows Kits\10\Redist\ucrt\DLLs\x64\api-ms-win-core-namedpipe-l1-1-0.dll
0x0000013df7b60000 - 0x0000013df7b63000 	C:\Program Files (x86)\Windows Kits\10\Redist\ucrt\DLLs\x64\api-ms-win-core-handle-l1-1-0.dll
0x0000013df8b40000 - 0x0000013df8b43000 	C:\Program Files (x86)\Windows Kits\10\Redist\ucrt\DLLs\x64\api-ms-win-core-file-l2-1-0.dll
0x0000013df8b50000 - 0x0000013df8b53000 	C:\Program Files (x86)\Windows Kits\10\Redist\ucrt\DLLs\x64\api-ms-win-core-heap-l1-1-0.dll
0x0000013df8b60000 - 0x0000013df8b63000 	C:\Program Files (x86)\Windows Kits\10\Redist\ucrt\DLLs\x64\api-ms-win-core-libraryloader-l1-1-0.dll
0x0000013df8b70000 - 0x0000013df8b73000 	C:\Program Files (x86)\Windows Kits\10\Redist\ucrt\DLLs\x64\api-ms-win-core-synch-l1-1-0.dll
0x0000013df8b80000 - 0x0000013df8b83000 	C:\Program Files (x86)\Windows Kits\10\Redist\ucrt\DLLs\x64\api-ms-win-core-processthreads-l1-1-0.dll
0x0000013df8b90000 - 0x0000013df8b93000 	C:\Program Files (x86)\Windows Kits\10\Redist\ucrt\DLLs\x64\api-ms-win-core-processenvironment-l1-1-0.dll
0x0000013df8ba0000 - 0x0000013df8ba3000 	C:\Program Files (x86)\Windows Kits\10\Redist\ucrt\DLLs\x64\api-ms-win-core-datetime-l1-1-0.dll
0x0000013df8bb0000 - 0x0000013df8bb3000 	C:\Program Files (x86)\Windows Kits\10\Redist\ucrt\DLLs\x64\api-ms-win-core-localization-l1-2-0.dll
0x0000013df8bc0000 - 0x0000013df8bc3000 	C:\Program Files (x86)\Windows Kits\10\Redist\ucrt\DLLs\x64\api-ms-win-core-sysinfo-l1-1-0.dll
0x0000013df8bd0000 - 0x0000013df8bd3000 	C:\Program Files (x86)\Windows Kits\10\Redist\ucrt\DLLs\x64\api-ms-win-core-synch-l1-2-0.dll
0x0000013df8be0000 - 0x0000013df8be3000 	C:\Program Files (x86)\Windows Kits\10\Redist\ucrt\DLLs\x64\api-ms-win-core-console-l1-1-0.dll
0x0000013df8bf0000 - 0x0000013df8bf3000 	C:\Program Files (x86)\Windows Kits\10\Redist\ucrt\DLLs\x64\api-ms-win-core-debug-l1-1-0.dll
0x0000013df8c00000 - 0x0000013df8c03000 	C:\Program Files (x86)\Windows Kits\10\Redist\ucrt\DLLs\x64\api-ms-win-core-rtlsupport-l1-1-0.dll
0x0000013df8c10000 - 0x0000013df8c13000 	C:\Program Files (x86)\Windows Kits\10\Redist\ucrt\DLLs\x64\api-ms-win-core-processthreads-l1-1-1.dll
0x0000013df8c20000 - 0x0000013df8c23000 	C:\Program Files (x86)\Windows Kits\10\Redist\ucrt\DLLs\x64\api-ms-win-core-file-l1-2-0.dll
0x0000013df8c30000 - 0x0000013df8c33000 	C:\Program Files (x86)\Windows Kits\10\Redist\ucrt\DLLs\x64\api-ms-win-core-profile-l1-1-0.dll
0x0000013df8c40000 - 0x0000013df8c43000 	C:\Program Files (x86)\Windows Kits\10\Redist\ucrt\DLLs\x64\api-ms-win-core-memory-l1-1-0.dll
0x0000013df8c50000 - 0x0000013df8c53000 	C:\Program Files (x86)\Windows Kits\10\Redist\ucrt\DLLs\x64\api-ms-win-core-util-l1-1-0.dll
0x0000013df8c60000 - 0x0000013df8c63000 	C:\Program Files (x86)\Windows Kits\10\Redist\ucrt\DLLs\x64\api-ms-win-core-interlocked-l1-1-0.dll
0x00007ffcd24e0000 - 0x00007ffcd25d2000 	C:\Program Files (x86)\Windows Kits\10\Redist\ucrt\DLLs\x64\ucrtbase.dll
0x00007ffd65350000 - 0x00007ffd65359000 	C:\Windows\System32\msvcp140_1.dll
0x00007ffd582d0000 - 0x00007ffd5831e000 	C:\Windows\System32\concrt140.dll
0x00007ffd555a0000 - 0x00007ffd555d1000 	C:\Windows\System32\vcomp140.dll
0x00007ffd79e20000 - 0x00007ffd79f20000 	C:\Windows\System32\opengl32.dll
0x00007ffd79cd0000 - 0x00007ffd79cfd000 	C:\WINDOWS\SYSTEM32\GLU32.dll
0x00007ffda68a0000 - 0x00007ffda68d9000 	C:\WINDOWS\SYSTEM32\dxcore.dll
0x00007ffcd08a0000 - 0x00007ffcd0abd000 	C:\Users\luczu\.javacpp\cache\jaylib-4.5.0-0.jar\com\raylib\windows-x86_64\jniRaylib.dll
0x00007ffcf41b0000 - 0x00007ffcf41f6000 	C:\WINDOWS\SYSTEM32\dinput8.dll
0x00007ffd691e0000 - 0x00007ffd691f1000 	C:\WINDOWS\SYSTEM32\xinput1_4.dll
0x00007ffda9330000 - 0x00007ffda935c000 	C:\WINDOWS\SYSTEM32\DEVOBJ.dll
0x00007ffda9360000 - 0x00007ffda93ae000 	C:\WINDOWS\SYSTEM32\cfgmgr32.dll
0x00007ffda6a20000 - 0x00007ffda6a4b000 	C:\WINDOWS\SYSTEM32\dwmapi.dll
0x00007ffd87cc0000 - 0x00007ffd87eca000 	C:\WINDOWS\SYSTEM32\inputhost.dll
0x00007ffda3b50000 - 0x00007ffda3c84000 	C:\WINDOWS\SYSTEM32\CoreMessaging.dll
0x00007ffda3f30000 - 0x00007ffda3fdb000 	C:\WINDOWS\system32\uxtheme.dll
0x00007ffdabfd0000 - 0x00007ffdac121000 	C:\WINDOWS\System32\MSCTF.dll
0x00007ffda8e90000 - 0x00007ffda8e9c000 	C:\WINDOWS\SYSTEM32\CRYPTBASE.DLL
0x00007ffda7e90000 - 0x00007ffda7e9e000 	C:\WINDOWS\SYSTEM32\HID.DLL
0x00007ffdaa4f0000 - 0x00007ffdaa964000 	C:\WINDOWS\System32\SETUPAPI.DLL
0x00007ffdaa010000 - 0x00007ffdaa07b000 	C:\WINDOWS\System32\WINTRUST.dll
0x00007ffda9ea0000 - 0x00007ffdaa006000 	C:\WINDOWS\System32\CRYPT32.dll
0x00007ffda9310000 - 0x00007ffda9322000 	C:\WINDOWS\SYSTEM32\MSASN1.dll
0x00007ffda0870000 - 0x00007ffda08ba000 	C:\WINDOWS\SYSTEM32\directxdatabasehelper.dll
0x00007ffdaa080000 - 0x00007ffdaa130000 	C:\WINDOWS\System32\clbcatq.dll
0x00007ffccdcb0000 - 0x00007ffcd08a0000 	C:\WINDOWS\System32\DriverStore\FileRepository\nvhm.inf_amd64_28ac5867493a0477\nvoglv64.dll
0x00007ffdaaf50000 - 0x00007ffdab0f0000 	C:\WINDOWS\System32\ole32.dll
0x00007ffda8500000 - 0x00007ffda8514000 	C:\WINDOWS\SYSTEM32\WTSAPI32.dll
0x00007ffd9ec10000 - 0x00007ffd9ec42000 	C:\WINDOWS\SYSTEM32\cryptnet.dll
0x00007ffd90ed0000 - 0x00007ffd91028000 	C:\WINDOWS\SYSTEM32\drvstore.dll
0x00007ffda8f20000 - 0x00007ffda8f6b000 	C:\WINDOWS\SYSTEM32\wldp.dll
0x00007ffdac140000 - 0x00007ffdac15f000 	C:\WINDOWS\System32\imagehlp.dll
0x00007ffda8e70000 - 0x00007ffda8e8b000 	C:\WINDOWS\SYSTEM32\CRYPTSP.dll
0x00007ffda8700000 - 0x00007ffda8735000 	C:\WINDOWS\system32\rsaenh.dll
0x00007ffda8cb0000 - 0x00007ffda8cd6000 	C:\WINDOWS\SYSTEM32\gpapi.dll
0x00007ffd61250000 - 0x00007ffd6343b000 	C:\WINDOWS\System32\DriverStore\FileRepository\nvhm.inf_amd64_28ac5867493a0477\nvgpucomp64.dll
0x00007ffda87c0000 - 0x00007ffda87f4000 	C:\WINDOWS\SYSTEM32\ntmarta.dll
0x00007ffd27080000 - 0x00007ffd27343000 	C:\WINDOWS\system32\nvspcap64.dll
0x00007ffda80f0000 - 0x00007ffda8156000 	C:\WINDOWS\SYSTEM32\WINSTA.dll

dbghelp: loaded successfully - version: 4.0.5 - missing functions: none
symbol engine: initialized successfully - sym options: 0x614 - pdb path: .;C:\Users\luczu\.jdks\corretto-17.0.10\bin;C:\WINDOWS\SYSTEM32;C:\WINDOWS\WinSxS\amd64_microsoft.windows.common-controls_6595b64144ccf1df_6.0.22621.2506_none_270c5ae97388e100;C:\Users\luczu\.jdks\corretto-17.0.10\bin\server;C:\Program Files (x86)\Windows Kits\10\Redist\ucrt\DLLs\x64;C:\Program Files\Microsoft\jdk-11.0.12.7-hotspot\bin;C:\Users\luczu\.javacpp\cache\jaylib-4.5.0-0.jar\com\raylib\windows-x86_64;C:\WINDOWS\System32\DriverStore\FileRepository\nvhm.inf_amd64_28ac5867493a0477;C:\WINDOWS\System32\DriverStore\FileRepository\iigd_dch.inf_amd64_0fdf6ce291234272

VM Arguments:
jvm_args: -Dfile.encoding=windows-1252 -Duser.country=NL -Duser.language=nl -Duser.variant 
java_command: PineVille.GameScene
java_class_path (initial): C:\Users\luczu\OneDrive\Documenten\PineVille\build\classes\java\main;C:\Users\luczu\OneDrive\Documenten\PineVille\build\resources\main;C:\Users\luczu\.gradle\caches\modules-2\files-2.1\uk.co.electronstudio.jaylib\jaylib\4.5.0-0\90c0d608df9bbd32f5f34683acc58cb433e94508\jaylib-4.5.0-0.jar
Launcher Type: SUN_STANDARD

[Global flags]
     intx CICompilerCount                          = 12                                        {product} {ergonomic}
     uint ConcGCThreads                            = 3                                         {product} {ergonomic}
     uint G1ConcRefinementThreads                  = 13                                        {product} {ergonomic}
   size_t G1HeapRegionSize                         = 2097152                                   {product} {ergonomic}
    uintx GCDrainStackTargetSize                   = 64                                        {product} {ergonomic}
   size_t InitialHeapSize                          = 264241152                                 {product} {ergonomic}
   size_t MarkStackSize                            = 4194304                                   {product} {ergonomic}
   size_t MaxHeapSize                              = 4200595456                                {product} {ergonomic}
   size_t MaxNewSize                               = 2518679552                                {product} {ergonomic}
   size_t MinHeapDeltaBytes                        = 2097152                                   {product} {ergonomic}
   size_t MinHeapSize                              = 8388608                                   {product} {ergonomic}
    uintx NonNMethodCodeHeapSize                   = 7602480                                {pd product} {ergonomic}
    uintx NonProfiledCodeHeapSize                  = 122027880                              {pd product} {ergonomic}
    uintx ProfiledCodeHeapSize                     = 122027880                              {pd product} {ergonomic}
    uintx ReservedCodeCacheSize                    = 251658240                              {pd product} {ergonomic}
     bool SegmentedCodeCache                       = true                                      {product} {ergonomic}
   size_t SoftMaxHeapSize                          = 4200595456                             {manageable} {ergonomic}
     bool UseCompressedClassPointers               = true                           {product lp64_product} {ergonomic}
     bool UseCompressedOops                        = true                           {product lp64_product} {ergonomic}
     bool UseG1GC                                  = true                                      {product} {ergonomic}
     bool UseLargePagesIndividualAllocation        = false                                  {pd product} {ergonomic}

Logging:
Log output configuration:
 #0: stdout all=warning uptime,level,tags
 #1: stderr all=off uptime,level,tags

Environment Variables:
PATH=C:\Program Files (x86)\Common Files\Intel\Shared Libraries\redist\intel64\compiler;C:\Program Files\Common Files\Oracle\Java\javapath;C:\Program Files\Microsoft\jdk-11.0.12.7-hotspot\bin;C:\windows\system32;C:\windows;C:\windows\System32\Wbem;C:\windows\System32\WindowsPowerShell\v1.0\;C:\windows\System32\OpenSSH\;C:\Program Files (x86)\NVIDIA Corporation\PhysX\Common;C:\Program Files\NVIDIA Corporation\NVIDIA NvDLISR;C:\Program Files\Microsoft SQL Server\150\Tools\Binn\;C:\Program Files\Microsoft SQL Server\Client SDK\ODBC\170\Tools\Binn\;C:\Program Files\dotnet\;C:\WINDOWS\system32;C:\WINDOWS;C:\WINDOWS\System32\Wbem;C:\WINDOWS\System32\WindowsPowerShell\v1.0\;C:\WINDOWS\System32\OpenSSH\;C:\Program Files\CMake\bin;C:\Program Files\Git\cmd;C:\Users\luczu\AppData\Local\Microsoft\WindowsApps;C:\Users\luczu\.dotnet\tools;C:\Users\luczu\AppData\Local\GitHubDesktop\bin;;C:\Users\luczu\AppData\Local\Programs\Microsoft VS Code\bin
USERNAME=luczu
OS=Windows_NT
PROCESSOR_IDENTIFIER=Intel64 Family 6 Model 141 Stepping 1, GenuineIntel
TMP=C:\Users\luczu\AppData\Local\Temp
TEMP=C:\Users\luczu\AppData\Local\Temp



Periodic native trim disabled


---------------  S Y S T E M  ---------------

OS:
 Windows 11 , 64 bit Build 22621 (10.0.22621.3085)
OS uptime: 0 days 0:50 hours
Hyper-V role detected

CPU: total 16 (initial active 16) (8 cores per cpu, 2 threads per core) family 6 model 141 stepping 1 microcode 0x4e, cx8, cmov, fxsr, ht, mmx, 3dnowpref, sse, sse2, sse3, ssse3, sse4.1, sse4.2, popcnt, lzcnt, tsc, tscinvbit, avx, avx2, aes, erms, clmul, bmi1, bmi2, adx, avx512f, avx512dq, avx512cd, avx512bw, avx512vl, sha, fma, vzeroupper, avx512_vpopcntdq, avx512_vpclmulqdq, avx512_vaes, avx512_vnni, clflush, clflushopt, clwb, avx512_vbmi2, avx512_vbmi, hv
Processor Information for all 16 processors :
  Max Mhz: 2304, Current Mhz: 2304, Mhz Limit: 2304

Memory: 4k page, system-wide physical 16021M (3014M free)
TotalPageFile size 33429M (AvailPageFile size 13919M)
current process WorkingSet (physical memory assigned to process): 125M, peak: 211M
current process commit charge ("private bytes"): 504M, peak: 630M

vm_info: OpenJDK 64-Bit Server VM (17.0.10+7-LTS) for windows-amd64 JRE (17.0.10+7-LTS), built on Jan 10 2024 22:11:07 by "Administrator" with MS VC++ 16.10 / 16.11 (VS2019)

END.
