#
# A fatal error has been detected by the Java Runtime Environment:
#
#  EXCEPTION_ACCESS_VIOLATION (0xc0000005) at pc=0x00007ffa7052d550, pid=10328, tid=32544
#
# JRE version: OpenJDK Runtime Environment Corretto-17.0.10.7.1 (17.0.10+7) (build 17.0.10+7-LTS)
# Java VM: OpenJDK 64-Bit Server VM Corretto-17.0.10.7.1 (17.0.10+7-LTS, mixed mode, sharing, tiered, compressed oops, compressed class ptrs, g1 gc, windows-amd64)
# Problematic frame:
# C  [jniRaylib.dll+0x13d550]
#
# No core dump will be written. Minidumps are not enabled by default on client versions of Windows
#
# If you would like to submit a bug report, please visit:
#   https://github.com/corretto/corretto-17/issues/
# The crash happened outside the Java Virtual Machine in native code.
# See problematic frame for where to report the bug.
#

---------------  S U M M A R Y ------------

Command Line: -Dfile.encoding=windows-1252 -Duser.country=NL -Duser.language=nl -Duser.variant PineVille.MenuScene

Host: 11th Gen Intel(R) Core(TM) i7-11800H @ 2.30GHz, 16 cores, 15G,  Windows 11 , 64 bit Build 22621 (10.0.22621.2506)
Time: Wed Feb 14 11:56:01 2024 West-Europa (standaardtijd) elapsed time: 11.354344 seconds (0d 0h 0m 11s)

---------------  T H R E A D  ---------------

Current thread (0x000001e16047b220):  JavaThread "main" [_thread_in_native, id=32544, stack(0x000000b624800000,0x000000b624900000)]

Stack: [0x000000b624800000,0x000000b624900000],  sp=0x000000b6248ff000,  free space=1020k
Native frames: (J=compiled Java code, j=interpreted, Vv=VM code, C=native code)
C  [jniRaylib.dll+0x13d550]

Java frames: (J=compiled Java code, j=interpreted, Vv=VM code)
J 825  com.raylib.Raylib.DrawText(Ljava/lang/String;IIILcom/raylib/Raylib$Color;)V (0 bytes) @ 0x000001e16fbc9123 [0x000001e16fbc90a0+0x0000000000000083]
j  PineVille.MenuScene.main([Ljava/lang/String;)V+79
v  ~StubRoutines::call_stub

siginfo: EXCEPTION_ACCESS_VIOLATION (0xc0000005), reading address 0x000001e14d9a6240


Registers:
RAX=0x000001e14d9a6240, RBX=0x00000000ff00cbff, RCX=0x0000000000000000, RDX=0x0000000000000050
RSP=0x000000b6248ff000, RBP=0x000001e149e56750, RSI=0x0000000000000000, RDI=0x000000000000003f
R8 =0x0000000000000000, R9 =0x000000000000000a, R10=0x00000000000000e0, R11=0x0000000000000008
R12=0x00000000000000e0, R13=0x0000000000000000, R14=0x0000000000000001, R15=0x000000b6248ff1a0
RIP=0x00007ffa7052d550, EFLAGS=0x0000000000010202


Register to memory mapping:

RIP=0x00007ffa7052d550 jniRaylib.dll
RAX=0x000001e14d9a6240 is an unknown value
RBX=0x00000000ff00cbff is an unknown value
RCX=0x0 is NULL
RDX=0x0000000000000050 is an unknown value
RSP=0x000000b6248ff000 is pointing into the stack for thread: 0x000001e16047b220
RBP=0x000001e149e56750 points into unknown readable memory: 0x6c69562d656e6950 | 50 69 6e 65 2d 56 69 6c
RSI=0x0 is NULL
RDI=0x000000000000003f is an unknown value
R8 =0x0 is NULL
R9 =0x000000000000000a is an unknown value
R10=0x00000000000000e0 is an unknown value
R11=0x0000000000000008 is an unknown value
R12=0x00000000000000e0 is an unknown value
R13=0x0 is NULL
R14=0x0000000000000001 is an unknown value
R15=0x000000b6248ff1a0 is pointing into the stack for thread: 0x000001e16047b220


Top of Stack: (sp=0x000000b6248ff000)
0x000000b6248ff000:   000001e15e270000 00007ffa7335042d
0x000000b6248ff010:   000001e15e090000 000000000000000b
0x000000b6248ff020:   000000000000000b 0000000000000000
0x000000b6248ff030:   4348000044354000 00007ffa73340181
0x000000b6248ff040:   00000000000000e0 000000b6248feff8
0x000000b6248ff050:   000000e00000000a 0000000200000000
0x000000b6248ff060:   000001e104428300 0000000000000000
0x000000b6248ff070:   000001e14d9b0570 000001e14d9a6240
0x000000b6248ff080:   000000b6248ff258 0000000000000000
0x000000b6248ff090:   000001e14923ae10 000001e16047b220
0x000000b6248ff0a0:   000000b6248ff1b8 00007ffa733408be
0x000000b6248ff0b0:   0000000000000000 0000000000000000
0x000000b6248ff0c0:   0000000000000000 0000000000000000
0x000000b6248ff0d0:   0000000000000000 0000000000000000
0x000000b6248ff0e0:   0000000000000000 0000000000000000
0x000000b6248ff0f0:   0000000000000000 0000000000000000
0x000000b6248ff100:   0000000000000000 0000000000000000
0x000000b6248ff110:   0000000000000000 0000000000000000
0x000000b6248ff120:   0000000000000000 0000000000000000
0x000000b6248ff130:   000001e14c1e5350 0000000000000000
0x000000b6248ff140:   0000000000000064 000001e149e56750
0x000000b6248ff150:   000001e16047b220 000000b6248ff2c0
0x000000b6248ff160:   00000000000002d5 00007ffa7052cf61
0x000000b6248ff170:   000000000000000a 000001e16047b4d8
0x000000b6248ff180:   000001e16047b220 000000b6248ff288
0x000000b6248ff190:   000001e141200000 00007ffaff00cbff
0x000000b6248ff1a0:   000000e00000000a 0000000200000000
0x000000b6248ff1b0:   0000008000000080 0000000200000001
0x000000b6248ff1c0:   000001e14d9b0570 000001e14d9a6240
0x000000b6248ff1d0:   000001e16047b4d8 00007ffa704357e4
0x000000b6248ff1e0:   00000000000002d5 0000000715467358
0x000000b6248ff1f0:   0000000000000064 00007ffa704564f4 

Instructions: (pc=0x00007ffa7052d550)
0x00007ffa7052d450:   0f 10 8c 24 90 01 00 00 44 0f 29 9c 24 d0 00 00
0x00007ffa7052d460:   00 f3 44 0f 10 1d aa 21 07 00 44 0f 29 a4 24 c0
0x00007ffa7052d470:   00 00 00 f3 44 0f 10 64 24 34 49 c1 ea 20 44 0f
0x00007ffa7052d480:   29 ac 24 b0 00 00 00 f3 44 0f 10 6c 24 30 0f 29
0x00007ffa7052d490:   54 24 50 44 8b 64 24 54 0f 29 4c 24 70 4c 89 54
0x00007ffa7052d4a0:   24 40 0f be 14 2e 0f b6 c2 8b ca 24 f8 3c f0 75
0x00007ffa7052d4b0:   32 0f be 54 2e 01 83 e1 07 0f be 44 2e 02 83 e2
0x00007ffa7052d4c0:   3f 83 e0 3f c1 e1 06 0b d1 41 be 04 00 00 00 c1
0x00007ffa7052d4d0:   e2 06 0b d0 0f be 44 2e 03 83 e0 3f c1 e2 06 0b
0x00007ffa7052d4e0:   d0 eb 56 0f b6 c2 24 f0 3c e0 75 25 0f be 54 2e
0x00007ffa7052d4f0:   01 83 e1 0f 0f be 44 2e 02 83 e2 3f c1 e1 06 83
0x00007ffa7052d500:   e0 3f 0b d1 41 be 03 00 00 00 c1 e2 06 0b d0 eb
0x00007ffa7052d510:   28 80 e2 e0 80 fa c0 75 18 0f be 54 2e 01 83 e1
0x00007ffa7052d520:   1f 83 e2 3f c1 e1 06 0b d1 41 be 02 00 00 00 eb
0x00007ffa7052d530:   08 8b d1 41 be 01 00 00 00 33 c9 45 33 c0 bf 3f
0x00007ffa7052d540:   00 00 00 45 85 d2 7e 1f 48 8b 44 24 78 0f 1f 00
0x00007ffa7052d550:   39 10 74 10 ff c1 49 ff c0 48 83 c0 28 41 3b cc
0x00007ffa7052d560:   7c ee eb 03 49 8b f8 83 fa 3f 75 06 44 8d 72 c2
0x00007ffa7052d570:   eb 30 83 fa 0a 75 21 41 0f 28 c0 0f 57 f6 f3 41
0x00007ffa7052d580:   0f 59 c3 f3 41 0f 58 c0 f3 0f 59 c7 f3 0f 2c c0
0x00007ffa7052d590:   44 03 e8 e9 a8 00 00 00 83 fa 20 74 6d 83 fa 09
0x00007ffa7052d5a0:   74 68 41 0f 10 07 48 8d 8c 24 80 00 00 00 89 5c
0x00007ffa7052d5b0:   24 20 41 0f 10 4f 10 0f 29 84 24 80 00 00 00 41
0x00007ffa7052d5c0:   0f 28 e5 41 0f 10 47 20 66 41 0f 6e d5 f3 0f 58
0x00007ffa7052d5d0:   e6 0f 29 84 24 a0 00 00 00 41 0f 28 da 0f 5b d2
0x00007ffa7052d5e0:   0f 28 c4 0f 29 8c 24 90 00 00 00 f3 41 0f 58 d4
0x00007ffa7052d5f0:   0f 14 c2 66 49 0f 7e c0 e8 73 f9 ff ff 4c 8b 8c
0x00007ffa7052d600:   24 70 01 00 00 4c 8b 54 24 40 49 8b 47 28 48 8d
0x00007ffa7052d610:   0c bf 8b 54 c8 0c 85 d2 75 12 49 8b 47 20 48 03
0x00007ffa7052d620:   ff 0f 28 c7 f3 0f 59 44 f8 08 eb 0b 66 0f 6e c2
0x00007ffa7052d630:   0f 5b c0 f3 0f 59 c7 f3 41 0f 58 c1 f3 0f 58 f0
0x00007ffa7052d640:   49 03 f6 49 3b f1 0f 8c 56 fe ff ff 44 0f 28 ac 


Stack slot to memory mapping:
stack at sp + 0 slots: 0x000001e15e270000 points into unknown readable memory: 0x0000000000000000 | 00 00 00 00 00 00 00 00
stack at sp + 1 slots: 0x00007ffa7335042d jvm.dll
stack at sp + 2 slots: 0x000001e15e090000 points into unknown readable memory: 0x0000000000000000 | 00 00 00 00 00 00 00 00
stack at sp + 3 slots: 0x000000000000000b is an unknown value
stack at sp + 4 slots: 0x000000000000000b is an unknown value
stack at sp + 5 slots: 0x0 is NULL
stack at sp + 6 slots: 0x4348000044354000 is an unknown value
stack at sp + 7 slots: 0x00007ffa73340181 jvm.dll


Compiled method (n/a)   11475  825     n 0       com.raylib.Raylib::DrawText (native)
 total in heap  [0x000001e16fbc8f10,0x000001e16fbc9300] = 1008
 relocation     [0x000001e16fbc9068,0x000001e16fbc9098] = 48
 main code      [0x000001e16fbc90a0,0x000001e16fbc92f8] = 600
 oops           [0x000001e16fbc92f8,0x000001e16fbc9300] = 8

[Constant Pool (empty)]

[MachCode]
[Entry Point]
  # {method} {0x000001e145428870} 'DrawText' '(Ljava/lang/String;IIILcom/raylib/Raylib$Color;)V' in 'com/raylib/Raylib'
  # parm0:    rdx:rdx   = 'java/lang/String'
  # parm1:    r8        = int
  # parm2:    r9        = int
  # parm3:    rdi       = int
  # parm4:    rsi:rsi   = 'com/raylib/Raylib$Color'
  #           [sp+0x90]  (sp of caller)
  0x000001e16fbc90a0: 448b 5208 | 49bb 0000 | 0004 e101 | 0000 4d03 | d349 3bc2 | 0f84 0600 

  0x000001e16fbc90b8: ;   {runtime_call ic_miss_stub}
  0x000001e16fbc90b8: 0000 e9c1 | 8486 ff90 
[Verified Entry Point]
  0x000001e16fbc90c0: 8984 2400 | 90ff ff55 | 488b ec48 | 81ec 8000 | 0000 4889 | 7424 5848 | 83fe 0048 | 8d44 2458 
  0x000001e16fbc90e0: 480f 4444 | 2458 4889 | 4424 3048 | 897c 2428 | 4c89 4c24 | 204d 8bc8 | 4889 5424 | 3848 83fa 
  0x000001e16fbc9100: 004c 8d44 | 2438 4c0f | 4444 2438 

  0x000001e16fbc910c: ;   {oop(a 'java/lang/Class'{0x0000000713e00090} = 'com/raylib/Raylib')}
  0x000001e16fbc910c: 49be 9000 | e013 0700 | 0000 4c89 | 7424 684c | 8d74 2468 | 498b d6c5 

  0x000001e16fbc9124: ;   {internal_word}
  0x000001e16fbc9124: f877 49ba | 2391 bc6f | e101 0000 | 4d89 97a0 | 0200 0049 | 89a7 9802 

  0x000001e16fbc913c: ;   {external_word}
  0x000001e16fbc913c: 0000 49ba | 7935 ae73 | fa7f 0000 | 4180 3a00 | 0f84 5200 | 0000 5241 

  0x000001e16fbc9154: ;   {metadata({method} {0x000001e145428870} 'DrawText' '(Ljava/lang/String;IIILcom/raylib/Raylib$Color;)V' in 'com/raylib/Raylib')}
  0x000001e16fbc9154: 5041 5148 | ba68 8842 | 45e1 0100 | 0049 8bcf | 4883 ec20 | f7c4 0f00 | 0000 0f84 | 1a00 0000 
  0x000001e16fbc9174: 4883 ec08 

  0x000001e16fbc9178: ;   {runtime_call}
  0x000001e16fbc9178: 49ba 0030 | 6473 fa7f | 0000 41ff | d248 83c4 | 08e9 0d00 

  0x000001e16fbc918c: ;   {runtime_call}
  0x000001e16fbc918c: 0000 49ba | 0030 6473 | fa7f 0000 | 41ff d248 | 83c4 2041 | 5941 585a | 498d 8fb8 | 0200 0041 
  0x000001e16fbc91ac: c787 4803 | 0000 0400 

  0x000001e16fbc91b4: ;   {runtime_call}
  0x000001e16fbc91b4: 0000 49ba | 6057 4370 | fa7f 0000 | 41ff d2c5 | f877 41c7 | 8748 0300 | 0005 0000 | 00f0 8344 
  0x000001e16fbc91d4: 24c0 0049 | 3baf 5003 | 0000 0f87 | 1100 0000 | 4181 bf38 | 0300 0000 | 0000 000f | 8424 0000 
  0x000001e16fbc91f4: 00c5 f877 | 498b cf4c | 8be4 4883 | ec20 4883 

  0x000001e16fbc9204: ;   {runtime_call}
  0x000001e16fbc9204: e4f0 49ba | 9044 7473 | fa7f 0000 | 41ff d249 | 8be4 4d33 | e441 c787 | 4803 0000 | 0800 0000 
  0x000001e16fbc9224: 4181 bfb8 | 0300 0002 | 0000 000f | 849b 0000 

  0x000001e16fbc9234: ;   {external_word}
  0x000001e16fbc9234: 0049 ba79 | 35ae 73fa | 7f00 0041 | 803a 000f | 8448 0000 

  0x000001e16fbc9248: ;   {metadata({method} {0x000001e145428870} 'DrawText' '(Ljava/lang/String;IIILcom/raylib/Raylib$Color;)V' in 'com/raylib/Raylib')}
  0x000001e16fbc9248: 0048 ba68 | 8842 45e1 | 0100 0049 | 8bcf 4883 | ec20 f7c4 | 0f00 0000 | 0f84 1a00 | 0000 4883 
  0x000001e16fbc9268: ;   {runtime_call}
  0x000001e16fbc9268: ec08 49ba | 0030 6473 | fa7f 0000 | 41ff d248 | 83c4 08e9 | 0d00 0000 

  0x000001e16fbc9280: ;   {runtime_call}
  0x000001e16fbc9280: 49ba 0030 | 6473 fa7f | 0000 41ff | d248 83c4 | 2049 c787 | 9802 0000 | 0000 0000 | 49c7 87a0 
  0x000001e16fbc92a0: 0200 0000 | 0000 00c5 | f877 498b | 8fd8 0000 | 00c7 8100 | 0100 0000 | 0000 00c9 | 4981 7f08 
  0x000001e16fbc92c0: 0000 0000 | 0f85 0100 

  0x000001e16fbc92c8: ;   {runtime_call StubRoutines (1)}
  0x000001e16fbc92c8: 0000 c3e9 | 307c 81ff | c5f8 774c | 8be4 4883 | ec20 4883 

  0x000001e16fbc92dc: ;   {runtime_call}
  0x000001e16fbc92dc: e4f0 49ba | 8060 6473 | fa7f 0000 | 41ff d249 | 8be4 4d33 | e4e9 3fff | ffff f4f4 
[/MachCode]


---------------  P R O C E S S  ---------------

Threads class SMR info:
_java_thread_list=0x000001e14d8da410, length=13, elements={
0x000001e16047b220, 0x000001e17fccea70, 0x000001e1490067a0, 0x000001e14901ce30,
0x000001e14901d9f0, 0x000001e1490227d0, 0x000001e149023190, 0x000001e149023f30,
0x000001e1490249e0, 0x000001e14902d3f0, 0x000001e1491abe50, 0x000001e1491b07a0,
0x000001e14a735d40
}

Java Threads: ( => current thread )
=>0x000001e16047b220 JavaThread "main" [_thread_in_native, id=32544, stack(0x000000b624800000,0x000000b624900000)]
  0x000001e17fccea70 JavaThread "Reference Handler" daemon [_thread_blocked, id=27868, stack(0x000000b624f00000,0x000000b625000000)]
  0x000001e1490067a0 JavaThread "Finalizer" daemon [_thread_blocked, id=10020, stack(0x000000b625000000,0x000000b625100000)]
  0x000001e14901ce30 JavaThread "Signal Dispatcher" daemon [_thread_blocked, id=7904, stack(0x000000b625100000,0x000000b625200000)]
  0x000001e14901d9f0 JavaThread "Attach Listener" daemon [_thread_blocked, id=14240, stack(0x000000b625200000,0x000000b625300000)]
  0x000001e1490227d0 JavaThread "Service Thread" daemon [_thread_blocked, id=23688, stack(0x000000b625300000,0x000000b625400000)]
  0x000001e149023190 JavaThread "Monitor Deflation Thread" daemon [_thread_blocked, id=27368, stack(0x000000b625400000,0x000000b625500000)]
  0x000001e149023f30 JavaThread "C2 CompilerThread0" daemon [_thread_blocked, id=32564, stack(0x000000b625500000,0x000000b625600000)]
  0x000001e1490249e0 JavaThread "C1 CompilerThread0" daemon [_thread_blocked, id=32956, stack(0x000000b625600000,0x000000b625700000)]
  0x000001e14902d3f0 JavaThread "Sweeper thread" daemon [_thread_blocked, id=20504, stack(0x000000b625700000,0x000000b625800000)]
  0x000001e1491abe50 JavaThread "Notification Thread" daemon [_thread_blocked, id=29896, stack(0x000000b625a00000,0x000000b625b00000)]
  0x000001e1491b07a0 JavaThread "Common-Cleaner" daemon [_thread_blocked, id=33712, stack(0x000000b625c00000,0x000000b625d00000)]
  0x000001e14a735d40 JavaThread "JavaCPP Deallocator" daemon [_thread_blocked, id=13596, stack(0x000000b626100000,0x000000b626200000)]

Other Threads:
  0x000001e17fccdff0 VMThread "VM Thread" [stack: 0x000000b624e00000,0x000000b624f00000] [id=31772]
  0x000001e1491ac330 WatcherThread [stack: 0x000000b625b00000,0x000000b625c00000] [id=14504]
  0x000001e1604e6970 GCTaskThread "GC Thread#0" [stack: 0x000000b624900000,0x000000b624a00000] [id=10228]
  0x000001e14a643250 GCTaskThread "GC Thread#1" [stack: 0x000000b626200000,0x000000b626300000] [id=25616]
  0x000001e14b8b2060 GCTaskThread "GC Thread#2" [stack: 0x000000b626300000,0x000000b626400000] [id=30040]
  0x000001e14c26add0 GCTaskThread "GC Thread#3" [stack: 0x000000b626400000,0x000000b626500000] [id=15028]
  0x000001e14a9d8c70 GCTaskThread "GC Thread#4" [stack: 0x000000b626500000,0x000000b626600000] [id=28160]
  0x000001e14a594550 GCTaskThread "GC Thread#5" [stack: 0x000000b626600000,0x000000b626700000] [id=31580]
  0x000001e1604f8320 ConcurrentGCThread "G1 Main Marker" [stack: 0x000000b624a00000,0x000000b624b00000] [id=21492]
  0x000001e1604f9d50 ConcurrentGCThread "G1 Conc#0" [stack: 0x000000b624b00000,0x000000b624c00000] [id=25152]
  0x000001e17fb89a50 ConcurrentGCThread "G1 Refine#0" [stack: 0x000000b624c00000,0x000000b624d00000] [id=3028]
  0x000001e17fb8a480 ConcurrentGCThread "G1 Service" [stack: 0x000000b624d00000,0x000000b624e00000] [id=28456]

Threads with active compile tasks:

VM state: not at safepoint (normal execution)

VM Mutex/Monitor currently owned by a thread: None

Heap address: 0x0000000705a00000, size: 4006 MB, Compressed Oops mode: Zero based, Oop shift amount: 3

CDS archive(s) mapped at: [0x000001e104000000-0x000001e104bb0000-0x000001e104bb0000), size 12255232, SharedBaseAddress: 0x000001e104000000, ArchiveRelocationMode: 1.
Compressed class space mapped at: 0x000001e105000000-0x000001e145000000, reserved size: 1073741824
Narrow klass base: 0x000001e104000000, Narrow klass shift: 0, Narrow klass range: 0x100000000

GC Precious Log:
 CPUs: 16 total, 16 available
 Memory: 16021M
 Large Page Support: Disabled
 NUMA Support: Disabled
 Compressed Oops: Enabled (Zero based)
 Heap Region Size: 2M
 Heap Min Capacity: 8M
 Heap Initial Capacity: 252M
 Heap Max Capacity: 4006M
 Pre-touch: Disabled
 Parallel Workers: 13
 Concurrent Workers: 3
 Concurrent Refinement Workers: 13
 Periodic GC: Disabled

Heap:
 garbage-first heap   total 258048K, used 3698K [0x0000000705a00000, 0x0000000800000000)
  region size 2048K, 3 young (6144K), 1 survivors (2048K)
 Metaspace       used 2127K, committed 2304K, reserved 1114112K
  class space    used 180K, committed 256K, reserved 1048576K

Heap Regions: E=young(eden), S=young(survivor), O=old, HS=humongous(starts), HC=humongous(continues), CS=collection set, F=free, OA=open archive, CA=closed archive, TAMS=top-at-mark-start (previous, next)
|   0|0x0000000705a00000, 0x0000000705a00000, 0x0000000705c00000|  0%| F|  |TAMS 0x0000000705a00000, 0x0000000705a00000| Untracked 
|   1|0x0000000705c00000, 0x0000000705c00000, 0x0000000705e00000|  0%| F|  |TAMS 0x0000000705c00000, 0x0000000705c00000| Untracked 
|   2|0x0000000705e00000, 0x0000000705e00000, 0x0000000706000000|  0%| F|  |TAMS 0x0000000705e00000, 0x0000000705e00000| Untracked 
|   3|0x0000000706000000, 0x0000000706000000, 0x0000000706200000|  0%| F|  |TAMS 0x0000000706000000, 0x0000000706000000| Untracked 
|   4|0x0000000706200000, 0x0000000706200000, 0x0000000706400000|  0%| F|  |TAMS 0x0000000706200000, 0x0000000706200000| Untracked 
|   5|0x0000000706400000, 0x0000000706400000, 0x0000000706600000|  0%| F|  |TAMS 0x0000000706400000, 0x0000000706400000| Untracked 
|   6|0x0000000706600000, 0x0000000706600000, 0x0000000706800000|  0%| F|  |TAMS 0x0000000706600000, 0x0000000706600000| Untracked 
|   7|0x0000000706800000, 0x0000000706800000, 0x0000000706a00000|  0%| F|  |TAMS 0x0000000706800000, 0x0000000706800000| Untracked 
|   8|0x0000000706a00000, 0x0000000706a00000, 0x0000000706c00000|  0%| F|  |TAMS 0x0000000706a00000, 0x0000000706a00000| Untracked 
|   9|0x0000000706c00000, 0x0000000706c00000, 0x0000000706e00000|  0%| F|  |TAMS 0x0000000706c00000, 0x0000000706c00000| Untracked 
|  10|0x0000000706e00000, 0x0000000706e00000, 0x0000000707000000|  0%| F|  |TAMS 0x0000000706e00000, 0x0000000706e00000| Untracked 
|  11|0x0000000707000000, 0x0000000707000000, 0x0000000707200000|  0%| F|  |TAMS 0x0000000707000000, 0x0000000707000000| Untracked 
|  12|0x0000000707200000, 0x0000000707200000, 0x0000000707400000|  0%| F|  |TAMS 0x0000000707200000, 0x0000000707200000| Untracked 
|  13|0x0000000707400000, 0x0000000707400000, 0x0000000707600000|  0%| F|  |TAMS 0x0000000707400000, 0x0000000707400000| Untracked 
|  14|0x0000000707600000, 0x0000000707600000, 0x0000000707800000|  0%| F|  |TAMS 0x0000000707600000, 0x0000000707600000| Untracked 
|  15|0x0000000707800000, 0x0000000707800000, 0x0000000707a00000|  0%| F|  |TAMS 0x0000000707800000, 0x0000000707800000| Untracked 
|  16|0x0000000707a00000, 0x0000000707a00000, 0x0000000707c00000|  0%| F|  |TAMS 0x0000000707a00000, 0x0000000707a00000| Untracked 
|  17|0x0000000707c00000, 0x0000000707c00000, 0x0000000707e00000|  0%| F|  |TAMS 0x0000000707c00000, 0x0000000707c00000| Untracked 
|  18|0x0000000707e00000, 0x0000000707e00000, 0x0000000708000000|  0%| F|  |TAMS 0x0000000707e00000, 0x0000000707e00000| Untracked 
|  19|0x0000000708000000, 0x0000000708000000, 0x0000000708200000|  0%| F|  |TAMS 0x0000000708000000, 0x0000000708000000| Untracked 
|  20|0x0000000708200000, 0x0000000708200000, 0x0000000708400000|  0%| F|  |TAMS 0x0000000708200000, 0x0000000708200000| Untracked 
|  21|0x0000000708400000, 0x0000000708400000, 0x0000000708600000|  0%| F|  |TAMS 0x0000000708400000, 0x0000000708400000| Untracked 
|  22|0x0000000708600000, 0x0000000708600000, 0x0000000708800000|  0%| F|  |TAMS 0x0000000708600000, 0x0000000708600000| Untracked 
|  23|0x0000000708800000, 0x0000000708800000, 0x0000000708a00000|  0%| F|  |TAMS 0x0000000708800000, 0x0000000708800000| Untracked 
|  24|0x0000000708a00000, 0x0000000708a00000, 0x0000000708c00000|  0%| F|  |TAMS 0x0000000708a00000, 0x0000000708a00000| Untracked 
|  25|0x0000000708c00000, 0x0000000708c00000, 0x0000000708e00000|  0%| F|  |TAMS 0x0000000708c00000, 0x0000000708c00000| Untracked 
|  26|0x0000000708e00000, 0x0000000708e00000, 0x0000000709000000|  0%| F|  |TAMS 0x0000000708e00000, 0x0000000708e00000| Untracked 
|  27|0x0000000709000000, 0x0000000709000000, 0x0000000709200000|  0%| F|  |TAMS 0x0000000709000000, 0x0000000709000000| Untracked 
|  28|0x0000000709200000, 0x0000000709200000, 0x0000000709400000|  0%| F|  |TAMS 0x0000000709200000, 0x0000000709200000| Untracked 
|  29|0x0000000709400000, 0x0000000709400000, 0x0000000709600000|  0%| F|  |TAMS 0x0000000709400000, 0x0000000709400000| Untracked 
|  30|0x0000000709600000, 0x0000000709600000, 0x0000000709800000|  0%| F|  |TAMS 0x0000000709600000, 0x0000000709600000| Untracked 
|  31|0x0000000709800000, 0x0000000709800000, 0x0000000709a00000|  0%| F|  |TAMS 0x0000000709800000, 0x0000000709800000| Untracked 
|  32|0x0000000709a00000, 0x0000000709a00000, 0x0000000709c00000|  0%| F|  |TAMS 0x0000000709a00000, 0x0000000709a00000| Untracked 
|  33|0x0000000709c00000, 0x0000000709c00000, 0x0000000709e00000|  0%| F|  |TAMS 0x0000000709c00000, 0x0000000709c00000| Untracked 
|  34|0x0000000709e00000, 0x0000000709e00000, 0x000000070a000000|  0%| F|  |TAMS 0x0000000709e00000, 0x0000000709e00000| Untracked 
|  35|0x000000070a000000, 0x000000070a000000, 0x000000070a200000|  0%| F|  |TAMS 0x000000070a000000, 0x000000070a000000| Untracked 
|  36|0x000000070a200000, 0x000000070a200000, 0x000000070a400000|  0%| F|  |TAMS 0x000000070a200000, 0x000000070a200000| Untracked 
|  37|0x000000070a400000, 0x000000070a400000, 0x000000070a600000|  0%| F|  |TAMS 0x000000070a400000, 0x000000070a400000| Untracked 
|  38|0x000000070a600000, 0x000000070a600000, 0x000000070a800000|  0%| F|  |TAMS 0x000000070a600000, 0x000000070a600000| Untracked 
|  39|0x000000070a800000, 0x000000070a800000, 0x000000070aa00000|  0%| F|  |TAMS 0x000000070a800000, 0x000000070a800000| Untracked 
|  40|0x000000070aa00000, 0x000000070aa00000, 0x000000070ac00000|  0%| F|  |TAMS 0x000000070aa00000, 0x000000070aa00000| Untracked 
|  41|0x000000070ac00000, 0x000000070ac00000, 0x000000070ae00000|  0%| F|  |TAMS 0x000000070ac00000, 0x000000070ac00000| Untracked 
|  42|0x000000070ae00000, 0x000000070ae00000, 0x000000070b000000|  0%| F|  |TAMS 0x000000070ae00000, 0x000000070ae00000| Untracked 
|  43|0x000000070b000000, 0x000000070b000000, 0x000000070b200000|  0%| F|  |TAMS 0x000000070b000000, 0x000000070b000000| Untracked 
|  44|0x000000070b200000, 0x000000070b200000, 0x000000070b400000|  0%| F|  |TAMS 0x000000070b200000, 0x000000070b200000| Untracked 
|  45|0x000000070b400000, 0x000000070b400000, 0x000000070b600000|  0%| F|  |TAMS 0x000000070b400000, 0x000000070b400000| Untracked 
|  46|0x000000070b600000, 0x000000070b600000, 0x000000070b800000|  0%| F|  |TAMS 0x000000070b600000, 0x000000070b600000| Untracked 
|  47|0x000000070b800000, 0x000000070b800000, 0x000000070ba00000|  0%| F|  |TAMS 0x000000070b800000, 0x000000070b800000| Untracked 
|  48|0x000000070ba00000, 0x000000070ba00000, 0x000000070bc00000|  0%| F|  |TAMS 0x000000070ba00000, 0x000000070ba00000| Untracked 
|  49|0x000000070bc00000, 0x000000070bc00000, 0x000000070be00000|  0%| F|  |TAMS 0x000000070bc00000, 0x000000070bc00000| Untracked 
|  50|0x000000070be00000, 0x000000070be00000, 0x000000070c000000|  0%| F|  |TAMS 0x000000070be00000, 0x000000070be00000| Untracked 
|  51|0x000000070c000000, 0x000000070c000000, 0x000000070c200000|  0%| F|  |TAMS 0x000000070c000000, 0x000000070c000000| Untracked 
|  52|0x000000070c200000, 0x000000070c200000, 0x000000070c400000|  0%| F|  |TAMS 0x000000070c200000, 0x000000070c200000| Untracked 
|  53|0x000000070c400000, 0x000000070c400000, 0x000000070c600000|  0%| F|  |TAMS 0x000000070c400000, 0x000000070c400000| Untracked 
|  54|0x000000070c600000, 0x000000070c600000, 0x000000070c800000|  0%| F|  |TAMS 0x000000070c600000, 0x000000070c600000| Untracked 
|  55|0x000000070c800000, 0x000000070c800000, 0x000000070ca00000|  0%| F|  |TAMS 0x000000070c800000, 0x000000070c800000| Untracked 
|  56|0x000000070ca00000, 0x000000070ca00000, 0x000000070cc00000|  0%| F|  |TAMS 0x000000070ca00000, 0x000000070ca00000| Untracked 
|  57|0x000000070cc00000, 0x000000070cc00000, 0x000000070ce00000|  0%| F|  |TAMS 0x000000070cc00000, 0x000000070cc00000| Untracked 
|  58|0x000000070ce00000, 0x000000070ce00000, 0x000000070d000000|  0%| F|  |TAMS 0x000000070ce00000, 0x000000070ce00000| Untracked 
|  59|0x000000070d000000, 0x000000070d000000, 0x000000070d200000|  0%| F|  |TAMS 0x000000070d000000, 0x000000070d000000| Untracked 
|  60|0x000000070d200000, 0x000000070d200000, 0x000000070d400000|  0%| F|  |TAMS 0x000000070d200000, 0x000000070d200000| Untracked 
|  61|0x000000070d400000, 0x000000070d400000, 0x000000070d600000|  0%| F|  |TAMS 0x000000070d400000, 0x000000070d400000| Untracked 
|  62|0x000000070d600000, 0x000000070d600000, 0x000000070d800000|  0%| F|  |TAMS 0x000000070d600000, 0x000000070d600000| Untracked 
|  63|0x000000070d800000, 0x000000070d800000, 0x000000070da00000|  0%| F|  |TAMS 0x000000070d800000, 0x000000070d800000| Untracked 
|  64|0x000000070da00000, 0x000000070da00000, 0x000000070dc00000|  0%| F|  |TAMS 0x000000070da00000, 0x000000070da00000| Untracked 
|  65|0x000000070dc00000, 0x000000070dc00000, 0x000000070de00000|  0%| F|  |TAMS 0x000000070dc00000, 0x000000070dc00000| Untracked 
|  66|0x000000070de00000, 0x000000070de00000, 0x000000070e000000|  0%| F|  |TAMS 0x000000070de00000, 0x000000070de00000| Untracked 
|  67|0x000000070e000000, 0x000000070e000000, 0x000000070e200000|  0%| F|  |TAMS 0x000000070e000000, 0x000000070e000000| Untracked 
|  68|0x000000070e200000, 0x000000070e200000, 0x000000070e400000|  0%| F|  |TAMS 0x000000070e200000, 0x000000070e200000| Untracked 
|  69|0x000000070e400000, 0x000000070e400000, 0x000000070e600000|  0%| F|  |TAMS 0x000000070e400000, 0x000000070e400000| Untracked 
|  70|0x000000070e600000, 0x000000070e600000, 0x000000070e800000|  0%| F|  |TAMS 0x000000070e600000, 0x000000070e600000| Untracked 
|  71|0x000000070e800000, 0x000000070e800000, 0x000000070ea00000|  0%| F|  |TAMS 0x000000070e800000, 0x000000070e800000| Untracked 
|  72|0x000000070ea00000, 0x000000070ea00000, 0x000000070ec00000|  0%| F|  |TAMS 0x000000070ea00000, 0x000000070ea00000| Untracked 
|  73|0x000000070ec00000, 0x000000070ec00000, 0x000000070ee00000|  0%| F|  |TAMS 0x000000070ec00000, 0x000000070ec00000| Untracked 
|  74|0x000000070ee00000, 0x000000070ee00000, 0x000000070f000000|  0%| F|  |TAMS 0x000000070ee00000, 0x000000070ee00000| Untracked 
|  75|0x000000070f000000, 0x000000070f000000, 0x000000070f200000|  0%| F|  |TAMS 0x000000070f000000, 0x000000070f000000| Untracked 
|  76|0x000000070f200000, 0x000000070f200000, 0x000000070f400000|  0%| F|  |TAMS 0x000000070f200000, 0x000000070f200000| Untracked 
|  77|0x000000070f400000, 0x000000070f400000, 0x000000070f600000|  0%| F|  |TAMS 0x000000070f400000, 0x000000070f400000| Untracked 
|  78|0x000000070f600000, 0x000000070f600000, 0x000000070f800000|  0%| F|  |TAMS 0x000000070f600000, 0x000000070f600000| Untracked 
|  79|0x000000070f800000, 0x000000070f800000, 0x000000070fa00000|  0%| F|  |TAMS 0x000000070f800000, 0x000000070f800000| Untracked 
|  80|0x000000070fa00000, 0x000000070fa00000, 0x000000070fc00000|  0%| F|  |TAMS 0x000000070fa00000, 0x000000070fa00000| Untracked 
|  81|0x000000070fc00000, 0x000000070fc00000, 0x000000070fe00000|  0%| F|  |TAMS 0x000000070fc00000, 0x000000070fc00000| Untracked 
|  82|0x000000070fe00000, 0x000000070fe00000, 0x0000000710000000|  0%| F|  |TAMS 0x000000070fe00000, 0x000000070fe00000| Untracked 
|  83|0x0000000710000000, 0x0000000710000000, 0x0000000710200000|  0%| F|  |TAMS 0x0000000710000000, 0x0000000710000000| Untracked 
|  84|0x0000000710200000, 0x0000000710200000, 0x0000000710400000|  0%| F|  |TAMS 0x0000000710200000, 0x0000000710200000| Untracked 
|  85|0x0000000710400000, 0x0000000710400000, 0x0000000710600000|  0%| F|  |TAMS 0x0000000710400000, 0x0000000710400000| Untracked 
|  86|0x0000000710600000, 0x0000000710600000, 0x0000000710800000|  0%| F|  |TAMS 0x0000000710600000, 0x0000000710600000| Untracked 
|  87|0x0000000710800000, 0x0000000710800000, 0x0000000710a00000|  0%| F|  |TAMS 0x0000000710800000, 0x0000000710800000| Untracked 
|  88|0x0000000710a00000, 0x0000000710a00000, 0x0000000710c00000|  0%| F|  |TAMS 0x0000000710a00000, 0x0000000710a00000| Untracked 
|  89|0x0000000710c00000, 0x0000000710c00000, 0x0000000710e00000|  0%| F|  |TAMS 0x0000000710c00000, 0x0000000710c00000| Untracked 
|  90|0x0000000710e00000, 0x0000000710e00000, 0x0000000711000000|  0%| F|  |TAMS 0x0000000710e00000, 0x0000000710e00000| Untracked 
|  91|0x0000000711000000, 0x0000000711000000, 0x0000000711200000|  0%| F|  |TAMS 0x0000000711000000, 0x0000000711000000| Untracked 
|  92|0x0000000711200000, 0x0000000711200000, 0x0000000711400000|  0%| F|  |TAMS 0x0000000711200000, 0x0000000711200000| Untracked 
|  93|0x0000000711400000, 0x0000000711400000, 0x0000000711600000|  0%| F|  |TAMS 0x0000000711400000, 0x0000000711400000| Untracked 
|  94|0x0000000711600000, 0x0000000711600000, 0x0000000711800000|  0%| F|  |TAMS 0x0000000711600000, 0x0000000711600000| Untracked 
|  95|0x0000000711800000, 0x0000000711800000, 0x0000000711a00000|  0%| F|  |TAMS 0x0000000711800000, 0x0000000711800000| Untracked 
|  96|0x0000000711a00000, 0x0000000711a00000, 0x0000000711c00000|  0%| F|  |TAMS 0x0000000711a00000, 0x0000000711a00000| Untracked 
|  97|0x0000000711c00000, 0x0000000711c00000, 0x0000000711e00000|  0%| F|  |TAMS 0x0000000711c00000, 0x0000000711c00000| Untracked 
|  98|0x0000000711e00000, 0x0000000711e00000, 0x0000000712000000|  0%| F|  |TAMS 0x0000000711e00000, 0x0000000711e00000| Untracked 
|  99|0x0000000712000000, 0x0000000712000000, 0x0000000712200000|  0%| F|  |TAMS 0x0000000712000000, 0x0000000712000000| Untracked 
| 100|0x0000000712200000, 0x0000000712200000, 0x0000000712400000|  0%| F|  |TAMS 0x0000000712200000, 0x0000000712200000| Untracked 
| 101|0x0000000712400000, 0x0000000712400000, 0x0000000712600000|  0%| F|  |TAMS 0x0000000712400000, 0x0000000712400000| Untracked 
| 102|0x0000000712600000, 0x0000000712600000, 0x0000000712800000|  0%| F|  |TAMS 0x0000000712600000, 0x0000000712600000| Untracked 
| 103|0x0000000712800000, 0x0000000712800000, 0x0000000712a00000|  0%| F|  |TAMS 0x0000000712800000, 0x0000000712800000| Untracked 
| 104|0x0000000712a00000, 0x0000000712a00000, 0x0000000712c00000|  0%| F|  |TAMS 0x0000000712a00000, 0x0000000712a00000| Untracked 
| 105|0x0000000712c00000, 0x0000000712c00000, 0x0000000712e00000|  0%| F|  |TAMS 0x0000000712c00000, 0x0000000712c00000| Untracked 
| 106|0x0000000712e00000, 0x0000000712e00000, 0x0000000713000000|  0%| F|  |TAMS 0x0000000712e00000, 0x0000000712e00000| Untracked 
| 107|0x0000000713000000, 0x0000000713000000, 0x0000000713200000|  0%| F|  |TAMS 0x0000000713000000, 0x0000000713000000| Untracked 
| 108|0x0000000713200000, 0x0000000713200000, 0x0000000713400000|  0%| F|  |TAMS 0x0000000713200000, 0x0000000713200000| Untracked 
| 109|0x0000000713400000, 0x0000000713400000, 0x0000000713600000|  0%| F|  |TAMS 0x0000000713400000, 0x0000000713400000| Untracked 
| 110|0x0000000713600000, 0x0000000713600000, 0x0000000713800000|  0%| F|  |TAMS 0x0000000713600000, 0x0000000713600000| Untracked 
| 111|0x0000000713800000, 0x0000000713800000, 0x0000000713a00000|  0%| F|  |TAMS 0x0000000713800000, 0x0000000713800000| Untracked 
| 112|0x0000000713a00000, 0x0000000713a00000, 0x0000000713c00000|  0%| F|  |TAMS 0x0000000713a00000, 0x0000000713a00000| Untracked 
| 113|0x0000000713c00000, 0x0000000713c00000, 0x0000000713e00000|  0%| F|  |TAMS 0x0000000713c00000, 0x0000000713c00000| Untracked 
| 114|0x0000000713e00000, 0x0000000713f9ca80, 0x0000000714000000| 80%| S|CS|TAMS 0x0000000713e00000, 0x0000000713e00000| Complete 
| 115|0x0000000714000000, 0x0000000714000000, 0x0000000714200000|  0%| F|  |TAMS 0x0000000714000000, 0x0000000714000000| Untracked 
| 116|0x0000000714200000, 0x0000000714200000, 0x0000000714400000|  0%| F|  |TAMS 0x0000000714200000, 0x0000000714200000| Untracked 
| 117|0x0000000714400000, 0x0000000714400000, 0x0000000714600000|  0%| F|  |TAMS 0x0000000714400000, 0x0000000714400000| Untracked 
| 118|0x0000000714600000, 0x0000000714600000, 0x0000000714800000|  0%| F|  |TAMS 0x0000000714600000, 0x0000000714600000| Untracked 
| 119|0x0000000714800000, 0x0000000714800000, 0x0000000714a00000|  0%| F|  |TAMS 0x0000000714800000, 0x0000000714800000| Untracked 
| 120|0x0000000714a00000, 0x0000000714a00000, 0x0000000714c00000|  0%| F|  |TAMS 0x0000000714a00000, 0x0000000714a00000| Untracked 
| 121|0x0000000714c00000, 0x0000000714c00000, 0x0000000714e00000|  0%| F|  |TAMS 0x0000000714c00000, 0x0000000714c00000| Untracked 
| 122|0x0000000714e00000, 0x0000000714e00000, 0x0000000715000000|  0%| F|  |TAMS 0x0000000714e00000, 0x0000000714e00000| Untracked 
| 123|0x0000000715000000, 0x0000000715000000, 0x0000000715200000|  0%| F|  |TAMS 0x0000000715000000, 0x0000000715000000| Untracked 
| 124|0x0000000715200000, 0x00000007152c5df0, 0x0000000715400000| 38%| E|  |TAMS 0x0000000715200000, 0x0000000715200000| Complete 
| 125|0x0000000715400000, 0x0000000715600000, 0x0000000715600000|100%| E|CS|TAMS 0x0000000715400000, 0x0000000715400000| Complete 

Card table byte_map: [0x000001e177ff0000,0x000001e1787d0000] _byte_map_base: 0x000001e1747c3000

Marking Bits (Prev, Next): (CMBitMap*) 0x000001e1604e6f90, (CMBitMap*) 0x000001e1604e6fd0
 Prev Bits: [0x000001e178fb0000, 0x000001e17ce48000)
 Next Bits: [0x000001e100000000, 0x000001e103e98000)

Polling page: 0x000001e15e3e0000

Metaspace:

Usage:
  Non-class:      1.90 MB used.
      Class:    180.95 KB used.
       Both:      2.08 MB used.

Virtual space:
  Non-class space:       64.00 MB reserved,       2.00 MB (  3%) committed,  1 nodes.
      Class space:        1.00 GB reserved,     256.00 KB ( <1%) committed,  1 nodes.
             Both:        1.06 GB reserved,       2.25 MB ( <1%) committed. 

Chunk freelists:
   Non-Class:  11.24 MB
       Class:  15.65 MB
        Both:  26.89 MB

MaxMetaspaceSize: unlimited
CompressedClassSpaceSize: 1.00 GB
Initial GC threshold: 21.00 MB
Current GC threshold: 21.00 MB
CDS: on
MetaspaceReclaimPolicy: balanced
 - commit_granule_bytes: 65536.
 - commit_granule_words: 8192.
 - virtual_space_node_default_size: 8388608.
 - enlarge_chunks_in_place: 1.
 - new_chunks_are_fully_committed: 0.
 - uncommit_free_chunks: 1.
 - use_allocation_guard: 0.
 - handle_deallocations: 1.


Internal statistics:

num_allocs_failed_limit: 0.
num_arena_births: 32.
num_arena_deaths: 0.
num_vsnodes_births: 2.
num_vsnodes_deaths: 0.
num_space_committed: 36.
num_space_uncommitted: 0.
num_chunks_returned_to_freelist: 0.
num_chunks_taken_from_freelist: 72.
num_chunk_merges: 0.
num_chunk_splits: 52.
num_chunks_enlarged: 37.
num_inconsistent_stats: 0.

CodeHeap 'non-profiled nmethods': size=119168Kb used=626Kb max_used=626Kb free=118542Kb
 bounds [0x000001e16fb30000, 0x000001e16fda0000, 0x000001e176f90000]
CodeHeap 'profiled nmethods': size=119104Kb used=1400Kb max_used=1400Kb free=117703Kb
 bounds [0x000001e167f90000, 0x000001e168200000, 0x000001e16f3e0000]
CodeHeap 'non-nmethods': size=7488Kb used=1160Kb max_used=2352Kb free=6327Kb
 bounds [0x000001e16f3e0000, 0x000001e16f650000, 0x000001e16fb30000]
 total_blobs=1286 nmethods=849 adapters=350
 compilation: enabled
              stopped_count=0, restarted_count=0
 full_count=0

Compilation events (20 events):
Event: 5.043 Thread 0x000001e1490249e0  836       3       java.lang.invoke.DirectMethodHandle$Holder::invokeStatic (17 bytes)
Event: 5.043 Thread 0x000001e1490249e0 nmethod 836 0x000001e1680eab90 code [0x000001e1680ead60, 0x000001e1680eb158]
Event: 5.043 Thread 0x000001e1490249e0  837       3       java.lang.StringConcatHelper::mix (11 bytes)
Event: 5.043 Thread 0x000001e1490249e0 nmethod 837 0x000001e1680eb290 code [0x000001e1680eb440, 0x000001e1680eb6b8]
Event: 5.043 Thread 0x000001e1490249e0  838       3       java.lang.invoke.DirectMethodHandle$Holder::invokeStatic (14 bytes)
Event: 5.043 Thread 0x000001e1490249e0 nmethod 838 0x000001e1680eb810 code [0x000001e1680eb9e0, 0x000001e1680ebe38]
Event: 6.103 Thread 0x000001e1490249e0  843       3       java.lang.invoke.LambdaForm$MH/0x000001e105018400::invoke (32 bytes)
Event: 6.103 Thread 0x000001e1490249e0 nmethod 843 0x000001e1680ebf90 code [0x000001e1680ec160, 0x000001e1680ec638]
Event: 6.103 Thread 0x000001e1490249e0  844       3       java.lang.invoke.DirectMethodHandle$Holder::invokeStatic (21 bytes)
Event: 6.103 Thread 0x000001e1490249e0 nmethod 844 0x000001e1680ec790 code [0x000001e1680ec960, 0x000001e1680ece78]
Event: 6.103 Thread 0x000001e1490249e0  845       3       java.lang.StringConcatHelper::prepend (22 bytes)
Event: 6.103 Thread 0x000001e1490249e0 nmethod 845 0x000001e1680ecf90 code [0x000001e1680ed160, 0x000001e1680ed3e8]
Event: 6.103 Thread 0x000001e1490249e0  846       3       java.lang.StringConcatHelper::prepend (30 bytes)
Event: 6.103 Thread 0x000001e1490249e0 nmethod 846 0x000001e1680ed510 code [0x000001e1680ed6c0, 0x000001e1680ed898]
Event: 6.103 Thread 0x000001e1490249e0  847       3       java.lang.invoke.DirectMethodHandle$Holder::invokeStatic (17 bytes)
Event: 6.104 Thread 0x000001e1490249e0 nmethod 847 0x000001e1680ed990 code [0x000001e1680edb60, 0x000001e1680ee078]
Event: 8.502 Thread 0x000001e149023f30  848       4       java.lang.ref.Reference::refersToImpl (6 bytes)
Event: 8.503 Thread 0x000001e149023f30 nmethod 848 0x000001e16fbcb890 code [0x000001e16fbcba00, 0x000001e16fbcba98]
Event: 9.487 Thread 0x000001e149023f30  849       4       java.util.HashMap::getNode (150 bytes)
Event: 9.494 Thread 0x000001e149023f30 nmethod 849 0x000001e16fbcbb90 code [0x000001e16fbcbd40, 0x000001e16fbcc3c8]

GC Heap History (2 events):
Event: 0.534 GC heap before
{Heap before GC invocations=0 (full 0):
 garbage-first heap   total 258048K, used 22528K [0x0000000705a00000, 0x0000000800000000)
  region size 2048K, 11 young (22528K), 0 survivors (0K)
 Metaspace       used 1824K, committed 1984K, reserved 1114112K
  class space    used 144K, committed 192K, reserved 1048576K
}
Event: 0.537 GC heap after
{Heap after GC invocations=1 (full 0):
 garbage-first heap   total 258048K, used 1650K [0x0000000705a00000, 0x0000000800000000)
  region size 2048K, 1 young (2048K), 1 survivors (2048K)
 Metaspace       used 1824K, committed 1984K, reserved 1114112K
  class space    used 144K, committed 192K, reserved 1048576K
}

Dll operation events (20 events):
Event: 0.333 Loaded shared library C:\Program Files (x86)\Windows Kits\10\Redist\ucrt\DLLs\x64\api-ms-win-core-rtlsupport-l1-1-0.dll
Event: 0.341 Loaded shared library C:\Program Files (x86)\Windows Kits\10\Redist\ucrt\DLLs\x64\api-ms-win-core-processthreads-l1-1-1.dll
Event: 0.349 Loaded shared library C:\Program Files (x86)\Windows Kits\10\Redist\ucrt\DLLs\x64\api-ms-win-core-file-l1-2-0.dll
Event: 0.359 Loaded shared library C:\Program Files (x86)\Windows Kits\10\Redist\ucrt\DLLs\x64\api-ms-win-core-profile-l1-1-0.dll
Event: 0.368 Loaded shared library C:\Program Files (x86)\Windows Kits\10\Redist\ucrt\DLLs\x64\api-ms-win-core-memory-l1-1-0.dll
Event: 0.377 Loaded shared library C:\Program Files (x86)\Windows Kits\10\Redist\ucrt\DLLs\x64\api-ms-win-core-util-l1-1-0.dll
Event: 0.386 Loaded shared library C:\Program Files (x86)\Windows Kits\10\Redist\ucrt\DLLs\x64\api-ms-win-core-interlocked-l1-1-0.dll
Event: 0.396 Loaded shared library C:\Program Files (x86)\Windows Kits\10\Redist\ucrt\DLLs\x64\ucrtbase.dll
Event: 0.404 Loaded shared library C:\Users\luczu\.jdks\corretto-17.0.10\bin\vcruntime140.dll
Event: 0.412 Loaded shared library C:\Users\luczu\.jdks\corretto-17.0.10\bin\vcruntime140_1.dll
Event: 0.420 Loaded shared library C:\Users\luczu\.jdks\corretto-17.0.10\bin\msvcp140.dll
Event: 0.429 Loaded shared library C:\Windows\System32\msvcp140_1.dll
Event: 0.438 Loaded shared library C:\Windows\System32\concrt140.dll
Event: 0.449 Loaded shared library C:\Windows\System32\vcomp140.dll
Event: 0.464 Loaded shared library C:\Windows\System32\winmm.dll
Event: 0.467 Loaded shared library C:\Windows\System32\opengl32.dll
Event: 0.468 Loaded shared library C:\Windows\System32\user32.dll
Event: 0.470 Loaded shared library C:\Windows\System32\shell32.dll
Event: 0.472 Loaded shared library C:\Windows\System32\gdi32.dll
Event: 0.496 Loaded shared library C:\Users\luczu\.javacpp\cache\jaylib-4.5.0-0.jar\com\raylib\windows-x86_64\jniRaylib.dll

Deoptimization events (20 events):
Event: 0.459 Thread 0x000001e16047b220 DEOPT PACKING pc=0x000001e16fb5427c sp=0x000000b6248fd5a0
Event: 0.459 Thread 0x000001e16047b220 DEOPT UNPACKING pc=0x000001e16f43a1a3 sp=0x000000b6248fd528 mode 2
Event: 0.464 Thread 0x000001e16047b220 Uncommon trap: trap_request=0xffffff45 fr.pc=0x000001e16fb55c24 relative=0x0000000000000184
Event: 0.464 Thread 0x000001e16047b220 Uncommon trap: reason=unstable_if action=reinterpret pc=0x000001e16fb55c24 method=sun.net.www.ParseUtil.firstEncodeIndex(Ljava/lang/String;)I @ 51 c2
Event: 0.464 Thread 0x000001e16047b220 DEOPT PACKING pc=0x000001e16fb55c24 sp=0x000000b6248fde00
Event: 0.464 Thread 0x000001e16047b220 DEOPT UNPACKING pc=0x000001e16f43a1a3 sp=0x000000b6248fdd88 mode 2
Event: 0.468 Thread 0x000001e16047b220 DEOPT PACKING pc=0x000001e16807cd18 sp=0x000000b6248fdce0
Event: 0.468 Thread 0x000001e16047b220 DEOPT UNPACKING pc=0x000001e16f43ace3 sp=0x000000b6248fd1e8 mode 0
Event: 0.475 Thread 0x000001e16047b220 Uncommon trap: trap_request=0xffffff45 fr.pc=0x000001e16fb71844 relative=0x0000000000001324
Event: 0.475 Thread 0x000001e16047b220 Uncommon trap: reason=unstable_if action=reinterpret pc=0x000001e16fb71844 method=java.net.URL.<init>(Ljava/net/URL;Ljava/lang/String;Ljava/net/URLStreamHandler;)V @ 273 c2
Event: 0.476 Thread 0x000001e16047b220 DEOPT PACKING pc=0x000001e16fb71844 sp=0x000000b6248fdd40
Event: 0.476 Thread 0x000001e16047b220 DEOPT UNPACKING pc=0x000001e16f43a1a3 sp=0x000000b6248fdcd0 mode 2
Event: 0.504 Thread 0x000001e16047b220 DEOPT PACKING pc=0x000001e16807f948 sp=0x000000b6248fc7f0
Event: 0.504 Thread 0x000001e16047b220 DEOPT UNPACKING pc=0x000001e16f43ace3 sp=0x000000b6248fbd08 mode 0
Event: 0.523 Thread 0x000001e16047b220 DEOPT PACKING pc=0x000001e16807cd18 sp=0x000000b6248fd000
Event: 0.523 Thread 0x000001e16047b220 DEOPT UNPACKING pc=0x000001e16f43ace3 sp=0x000000b6248fc518 mode 0
Event: 0.537 Thread 0x000001e16047b220 Uncommon trap: trap_request=0xffffff45 fr.pc=0x000001e16fb629e0 relative=0x00000000000000e0
Event: 0.537 Thread 0x000001e16047b220 Uncommon trap: reason=unstable_if action=reinterpret pc=0x000001e16fb629e0 method=java.lang.ref.SoftReference.get()Ljava/lang/Object; @ 17 c2
Event: 0.537 Thread 0x000001e16047b220 DEOPT PACKING pc=0x000001e16fb629e0 sp=0x000000b6248fc950
Event: 0.537 Thread 0x000001e16047b220 DEOPT UNPACKING pc=0x000001e16f43a1a3 sp=0x000000b6248fc908 mode 2

Classes unloaded (0 events):
No events

Classes redefined (0 events):
No events

Internal exceptions (7 events):
Event: 0.091 Thread 0x000001e16047b220 Exception <a 'java/lang/NoSuchMethodError'{0x0000000715281338}: 'int java.lang.invoke.DirectMethodHandle$Holder.invokeStaticInit(java.lang.Object, java.lang.Object, java.lang.Object, java.lang.Object)'> (0x0000000715281338) 
thrown [s\src\hotspot\share\interpreter\linkResolver.cpp, line 759]
Event: 0.093 Thread 0x000001e16047b220 Exception <a 'java/lang/NoSuchMethodError'{0x000000071528c048}: 'java.lang.Object java.lang.invoke.DirectMethodHandle$Holder.invokeInterface(java.lang.Object, java.lang.Object)'> (0x000000071528c048) 
thrown [s\src\hotspot\share\interpreter\linkResolver.cpp, line 759]
Event: 0.095 Thread 0x000001e16047b220 Exception <a 'java/lang/IncompatibleClassChangeError'{0x000000071528f760}: Found class java.lang.Object, but interface was expected> (0x000000071528f760) 
thrown [s\src\hotspot\share\interpreter\linkResolver.cpp, line 826]
Event: 0.095 Thread 0x000001e16047b220 Exception <a 'java/lang/NoSuchMethodError'{0x0000000715292908}: 'void java.lang.invoke.DirectMethodHandle$Holder.invokeStatic(java.lang.Object, java.lang.Object)'> (0x0000000715292908) 
thrown [s\src\hotspot\share\interpreter\linkResolver.cpp, line 759]
Event: 0.096 Thread 0x000001e16047b220 Exception <a 'java/lang/NoSuchMethodError'{0x0000000715295f78}: 'void java.lang.invoke.DirectMethodHandle$Holder.invokeStaticInit(java.lang.Object, java.lang.Object)'> (0x0000000715295f78) 
thrown [s\src\hotspot\share\interpreter\linkResolver.cpp, line 759]
Event: 0.097 Thread 0x000001e16047b220 Exception <a 'java/lang/NoSuchMethodError'{0x000000071529c680}: 'int java.lang.invoke.DirectMethodHandle$Holder.invokeStaticInit(java.lang.Object, java.lang.Object)'> (0x000000071529c680) 
thrown [s\src\hotspot\share\interpreter\linkResolver.cpp, line 759]
Event: 0.492 Thread 0x000001e16047b220 Exception <a 'java/lang/NoSuchMethodError'{0x00000007141615f0}: 'java.lang.Object java.lang.invoke.DirectMethodHandle$Holder.invokeStatic(java.lang.Object, int, java.lang.Object)'> (0x00000007141615f0) 
thrown [s\src\hotspot\share\interpreter\linkResolver.cpp, line 759]

VM Operations (12 events):
Event: 0.064 Executing VM operation: HandshakeAllThreads
Event: 0.064 Executing VM operation: HandshakeAllThreads done
Event: 0.133 Executing VM operation: HandshakeAllThreads
Event: 0.133 Executing VM operation: HandshakeAllThreads done
Event: 0.534 Executing VM operation: G1CollectForAllocation
Event: 0.537 Executing VM operation: G1CollectForAllocation done
Event: 1.537 Executing VM operation: Cleanup
Event: 1.537 Executing VM operation: Cleanup done
Event: 3.538 Executing VM operation: Cleanup
Event: 3.538 Executing VM operation: Cleanup done
Event: 8.542 Executing VM operation: Cleanup
Event: 8.542 Executing VM operation: Cleanup done

Events (20 events):
Event: 0.489 loading class java/time/DayOfWeek done
Event: 0.489 loading class java/time/zone/ZoneOffsetTransitionRule$TimeDefinition
Event: 0.489 loading class java/time/zone/ZoneOffsetTransitionRule$TimeDefinition done
Event: 0.490 loading class java/time/zone/ZoneOffsetTransition
Event: 0.490 loading class java/time/zone/ZoneOffsetTransition done
Event: 0.491 loading class java/time/temporal/TemporalAdjusters
Event: 0.491 loading class java/time/temporal/TemporalAdjusters done
Event: 0.493 loading class java/time/zone/ZoneOffsetTransitionRule$1
Event: 0.493 loading class java/time/zone/ZoneOffsetTransitionRule$1 done
Event: 0.494 loading class java/util/concurrent/TimeUnit$1
Event: 0.494 loading class java/util/concurrent/TimeUnit$1 done
Event: 0.519 loading class java/lang/NumberFormatException
Event: 0.519 loading class java/lang/NumberFormatException done
Event: 0.520 Thread 0x000001e14a735d40 Thread added: 0x000001e14a735d40
Event: 1.119 Thread 0x000001e149177520 Thread exited: 0x000001e149177520
Event: 1.119 Thread 0x000001e1494050a0 Thread exited: 0x000001e1494050a0
Event: 1.119 Thread 0x000001e149404b80 Thread exited: 0x000001e149404b80
Event: 1.119 Thread 0x000001e14957a020 Thread exited: 0x000001e14957a020
Event: 1.120 Thread 0x000001e1493f4f70 Thread exited: 0x000001e1493f4f70
Event: 5.019 Thread 0x000001e149152bd0 Thread exited: 0x000001e149152bd0


Dynamic libraries:
0x00007ff653530000 - 0x00007ff65353e000 	C:\Users\luczu\.jdks\corretto-17.0.10\bin\java.exe
0x00007ffb51d50000 - 0x00007ffb51f67000 	C:\WINDOWS\SYSTEM32\ntdll.dll
0x00007ffb51860000 - 0x00007ffb51924000 	C:\WINDOWS\System32\KERNEL32.DLL
0x00007ffb4f550000 - 0x00007ffb4f8f6000 	C:\WINDOWS\System32\KERNELBASE.dll
0x00007ffb4f390000 - 0x00007ffb4f4a1000 	C:\WINDOWS\System32\ucrtbase.dll
0x00007ffae90c0000 - 0x00007ffae90db000 	C:\Users\luczu\.jdks\corretto-17.0.10\bin\VCRUNTIME140.dll
0x00007ffae90a0000 - 0x00007ffae90b7000 	C:\Users\luczu\.jdks\corretto-17.0.10\bin\jli.dll
0x00007ffb519e0000 - 0x00007ffb51b8e000 	C:\WINDOWS\System32\USER32.dll
0x00007ffb4f2a0000 - 0x00007ffb4f2c6000 	C:\WINDOWS\System32\win32u.dll
0x00007ffb51990000 - 0x00007ffb519b9000 	C:\WINDOWS\System32\GDI32.dll
0x00007ffb25b40000 - 0x00007ffb25dd3000 	C:\WINDOWS\WinSxS\amd64_microsoft.windows.common-controls_6595b64144ccf1df_6.0.22621.2506_none_270c5ae97388e100\COMCTL32.dll
0x00007ffb4f090000 - 0x00007ffb4f1a8000 	C:\WINDOWS\System32\gdi32full.dll
0x00007ffb4f4b0000 - 0x00007ffb4f54a000 	C:\WINDOWS\System32\msvcp_win.dll
0x00007ffb50f30000 - 0x00007ffb50fd7000 	C:\WINDOWS\System32\msvcrt.dll
0x00007ffb51820000 - 0x00007ffb51851000 	C:\WINDOWS\System32\IMM32.DLL
0x00007ffae9130000 - 0x00007ffae913c000 	C:\Users\luczu\.jdks\corretto-17.0.10\bin\vcruntime140_1.dll
0x00007ffae9170000 - 0x00007ffae91fd000 	C:\Users\luczu\.jdks\corretto-17.0.10\bin\msvcp140.dll
0x00007ffa72f60000 - 0x00007ffa73bc2000 	C:\Users\luczu\.jdks\corretto-17.0.10\bin\server\jvm.dll
0x00007ffb4fc50000 - 0x00007ffb4fd03000 	C:\WINDOWS\System32\ADVAPI32.dll
0x00007ffb51210000 - 0x00007ffb512b8000 	C:\WINDOWS\System32\sechost.dll
0x00007ffb4fa70000 - 0x00007ffb4fa98000 	C:\WINDOWS\System32\bcrypt.dll
0x00007ffb50fe0000 - 0x00007ffb510f7000 	C:\WINDOWS\System32\RPCRT4.dll
0x00007ffb04a40000 - 0x00007ffb04a49000 	C:\WINDOWS\SYSTEM32\WSOCK32.dll
0x00007ffb4df10000 - 0x00007ffb4df5d000 	C:\WINDOWS\SYSTEM32\POWRPROF.dll
0x00007ffb44c00000 - 0x00007ffb44c34000 	C:\WINDOWS\SYSTEM32\WINMM.dll
0x00007ffb51190000 - 0x00007ffb51201000 	C:\WINDOWS\System32\WS2_32.dll
0x00007ffb44e30000 - 0x00007ffb44e3a000 	C:\WINDOWS\SYSTEM32\VERSION.dll
0x00007ffb4def0000 - 0x00007ffb4df03000 	C:\WINDOWS\SYSTEM32\UMPDC.dll
0x00007ffb4e110000 - 0x00007ffb4e128000 	C:\WINDOWS\SYSTEM32\kernel.appcore.dll
0x00007ffaf34c0000 - 0x00007ffaf34ca000 	C:\Users\luczu\.jdks\corretto-17.0.10\bin\jimage.dll
0x00007ffb4c840000 - 0x00007ffb4ca73000 	C:\WINDOWS\SYSTEM32\DBGHELP.DLL
0x00007ffb4fdc0000 - 0x00007ffb50149000 	C:\WINDOWS\System32\combase.dll
0x00007ffb514d0000 - 0x00007ffb515a7000 	C:\WINDOWS\System32\OLEAUT32.dll
0x00007ffb30770000 - 0x00007ffb307a2000 	C:\WINDOWS\SYSTEM32\dbgcore.DLL
0x00007ffb4f1b0000 - 0x00007ffb4f22a000 	C:\WINDOWS\System32\bcryptPrimitives.dll
0x00007ffa79bf0000 - 0x00007ffa79c15000 	C:\Users\luczu\.jdks\corretto-17.0.10\bin\java.dll
0x00007ffa72dd0000 - 0x00007ffa72ea7000 	C:\Users\luczu\.jdks\corretto-17.0.10\bin\jsvml.dll
0x00007ffb506d0000 - 0x00007ffb50f2a000 	C:\WINDOWS\System32\SHELL32.dll
0x00007ffb4cfa0000 - 0x00007ffb4d896000 	C:\WINDOWS\SYSTEM32\windows.storage.dll
0x00007ffb4ce60000 - 0x00007ffb4cf9e000 	C:\WINDOWS\SYSTEM32\wintypes.dll
0x00007ffb505d0000 - 0x00007ffb506c3000 	C:\WINDOWS\System32\SHCORE.dll
0x00007ffb4fd10000 - 0x00007ffb4fd6e000 	C:\WINDOWS\System32\shlwapi.dll
0x00007ffb4efc0000 - 0x00007ffb4efe6000 	C:\WINDOWS\SYSTEM32\profapi.dll
0x00007ffaf34a0000 - 0x00007ffaf34b9000 	C:\Users\luczu\.jdks\corretto-17.0.10\bin\net.dll
0x00007ffb45740000 - 0x00007ffb45877000 	C:\WINDOWS\SYSTEM32\WINHTTP.dll
0x00007ffb4e630000 - 0x00007ffb4e699000 	C:\WINDOWS\system32\mswsock.dll
0x00007ffa79bd0000 - 0x00007ffa79be6000 	C:\Users\luczu\.jdks\corretto-17.0.10\bin\nio.dll
0x00007ffa79bb0000 - 0x00007ffa79bc8000 	C:\Users\luczu\.jdks\corretto-17.0.10\bin\zip.dll
0x000001e103fe0000 - 0x000001e103fe3000 	C:\Program Files (x86)\Windows Kits\10\Redist\ucrt\DLLs\x64\api-ms-win-crt-locale-l1-1-0.dll
0x000001e103ff0000 - 0x000001e103ff4000 	C:\Program Files (x86)\Windows Kits\10\Redist\ucrt\DLLs\x64\api-ms-win-crt-string-l1-1-0.dll
0x000001e149c00000 - 0x000001e149c04000 	C:\Program Files (x86)\Windows Kits\10\Redist\ucrt\DLLs\x64\api-ms-win-crt-stdio-l1-1-0.dll
0x000001e149c10000 - 0x000001e149c15000 	C:\Program Files (x86)\Windows Kits\10\Redist\ucrt\DLLs\x64\api-ms-win-crt-math-l1-1-0.dll
0x000001e149c20000 - 0x000001e149c23000 	C:\Program Files (x86)\Windows Kits\10\Redist\ucrt\DLLs\x64\api-ms-win-crt-heap-l1-1-0.dll
0x000001e149c30000 - 0x000001e149c34000 	C:\Program Files (x86)\Windows Kits\10\Redist\ucrt\DLLs\x64\api-ms-win-crt-runtime-l1-1-0.dll
0x000001e149c40000 - 0x000001e149c44000 	C:\Program Files (x86)\Windows Kits\10\Redist\ucrt\DLLs\x64\api-ms-win-crt-convert-l1-1-0.dll
0x000001e149c50000 - 0x000001e149c53000 	C:\Program Files (x86)\Windows Kits\10\Redist\ucrt\DLLs\x64\api-ms-win-crt-environment-l1-1-0.dll
0x000001e149c60000 - 0x000001e149c63000 	C:\Program Files (x86)\Windows Kits\10\Redist\ucrt\DLLs\x64\api-ms-win-crt-time-l1-1-0.dll
0x000001e149c70000 - 0x000001e149c73000 	C:\Program Files (x86)\Windows Kits\10\Redist\ucrt\DLLs\x64\api-ms-win-crt-filesystem-l1-1-0.dll
0x000001e149c80000 - 0x000001e149c83000 	C:\Program Files (x86)\Windows Kits\10\Redist\ucrt\DLLs\x64\api-ms-win-crt-utility-l1-1-0.dll
0x000001e149c90000 - 0x000001e149c95000 	C:\Program Files (x86)\Windows Kits\10\Redist\ucrt\DLLs\x64\api-ms-win-crt-multibyte-l1-1-0.dll
0x000001e149ca0000 - 0x000001e149ca3000 	C:\Program Files (x86)\Windows Kits\10\Redist\ucrt\DLLs\x64\api-ms-win-crt-conio-l1-1-0.dll
0x000001e149cb0000 - 0x000001e149cbf000 	C:\Program Files (x86)\Windows Kits\10\Redist\ucrt\DLLs\x64\api-ms-win-crt-private-l1-1-0.dll
0x000001e149cc0000 - 0x000001e149cc3000 	C:\Program Files (x86)\Windows Kits\10\Redist\ucrt\DLLs\x64\api-ms-win-crt-process-l1-1-0.dll
0x000001e149cd0000 - 0x000001e149cd3000 	C:\Program Files\Microsoft\jdk-11.0.12.7-hotspot\bin\api-ms-win-core-console-l1-2-0.dll
0x000001e149ce0000 - 0x000001e149ce3000 	C:\Program Files (x86)\Windows Kits\10\Redist\ucrt\DLLs\x64\api-ms-win-core-string-l1-1-0.dll
0x000001e149cf0000 - 0x000001e149cf3000 	C:\Program Files (x86)\Windows Kits\10\Redist\ucrt\DLLs\x64\api-ms-win-core-errorhandling-l1-1-0.dll
0x000001e149d00000 - 0x000001e149d03000 	C:\Program Files (x86)\Windows Kits\10\Redist\ucrt\DLLs\x64\api-ms-win-core-timezone-l1-1-0.dll
0x000001e149d10000 - 0x000001e149d14000 	C:\Program Files (x86)\Windows Kits\10\Redist\ucrt\DLLs\x64\api-ms-win-core-file-l1-1-0.dll
0x000001e149d20000 - 0x000001e149d23000 	C:\Program Files (x86)\Windows Kits\10\Redist\ucrt\DLLs\x64\api-ms-win-core-namedpipe-l1-1-0.dll
0x000001e149d30000 - 0x000001e149d33000 	C:\Program Files (x86)\Windows Kits\10\Redist\ucrt\DLLs\x64\api-ms-win-core-handle-l1-1-0.dll
0x000001e149d40000 - 0x000001e149d43000 	C:\Program Files (x86)\Windows Kits\10\Redist\ucrt\DLLs\x64\api-ms-win-core-file-l2-1-0.dll
0x000001e149d50000 - 0x000001e149d53000 	C:\Program Files (x86)\Windows Kits\10\Redist\ucrt\DLLs\x64\api-ms-win-core-heap-l1-1-0.dll
0x000001e149d60000 - 0x000001e149d63000 	C:\Program Files (x86)\Windows Kits\10\Redist\ucrt\DLLs\x64\api-ms-win-core-libraryloader-l1-1-0.dll
0x000001e149d70000 - 0x000001e149d73000 	C:\Program Files (x86)\Windows Kits\10\Redist\ucrt\DLLs\x64\api-ms-win-core-synch-l1-1-0.dll
0x000001e149d80000 - 0x000001e149d83000 	C:\Program Files (x86)\Windows Kits\10\Redist\ucrt\DLLs\x64\api-ms-win-core-processthreads-l1-1-0.dll
0x000001e149d90000 - 0x000001e149d93000 	C:\Program Files (x86)\Windows Kits\10\Redist\ucrt\DLLs\x64\api-ms-win-core-processenvironment-l1-1-0.dll
0x000001e149da0000 - 0x000001e149da3000 	C:\Program Files (x86)\Windows Kits\10\Redist\ucrt\DLLs\x64\api-ms-win-core-datetime-l1-1-0.dll
0x000001e149db0000 - 0x000001e149db3000 	C:\Program Files (x86)\Windows Kits\10\Redist\ucrt\DLLs\x64\api-ms-win-core-localization-l1-2-0.dll
0x000001e149dc0000 - 0x000001e149dc3000 	C:\Program Files (x86)\Windows Kits\10\Redist\ucrt\DLLs\x64\api-ms-win-core-sysinfo-l1-1-0.dll
0x000001e14ada0000 - 0x000001e14ada3000 	C:\Program Files (x86)\Windows Kits\10\Redist\ucrt\DLLs\x64\api-ms-win-core-synch-l1-2-0.dll
0x000001e14adb0000 - 0x000001e14adb3000 	C:\Program Files (x86)\Windows Kits\10\Redist\ucrt\DLLs\x64\api-ms-win-core-console-l1-1-0.dll
0x000001e14adc0000 - 0x000001e14adc3000 	C:\Program Files (x86)\Windows Kits\10\Redist\ucrt\DLLs\x64\api-ms-win-core-debug-l1-1-0.dll
0x000001e14add0000 - 0x000001e14add3000 	C:\Program Files (x86)\Windows Kits\10\Redist\ucrt\DLLs\x64\api-ms-win-core-rtlsupport-l1-1-0.dll
0x000001e14ade0000 - 0x000001e14ade3000 	C:\Program Files (x86)\Windows Kits\10\Redist\ucrt\DLLs\x64\api-ms-win-core-processthreads-l1-1-1.dll
0x000001e14adf0000 - 0x000001e14adf3000 	C:\Program Files (x86)\Windows Kits\10\Redist\ucrt\DLLs\x64\api-ms-win-core-file-l1-2-0.dll
0x000001e14ae00000 - 0x000001e14ae03000 	C:\Program Files (x86)\Windows Kits\10\Redist\ucrt\DLLs\x64\api-ms-win-core-profile-l1-1-0.dll
0x000001e14ae10000 - 0x000001e14ae13000 	C:\Program Files (x86)\Windows Kits\10\Redist\ucrt\DLLs\x64\api-ms-win-core-memory-l1-1-0.dll
0x000001e14ae20000 - 0x000001e14ae23000 	C:\Program Files (x86)\Windows Kits\10\Redist\ucrt\DLLs\x64\api-ms-win-core-util-l1-1-0.dll
0x000001e14be00000 - 0x000001e14be03000 	C:\Program Files (x86)\Windows Kits\10\Redist\ucrt\DLLs\x64\api-ms-win-core-interlocked-l1-1-0.dll
0x00007ffac0b10000 - 0x00007ffac0c02000 	C:\Program Files (x86)\Windows Kits\10\Redist\ucrt\DLLs\x64\ucrtbase.dll
0x00007ffb469c0000 - 0x00007ffb469c9000 	C:\Windows\System32\msvcp140_1.dll
0x00007ffb12c70000 - 0x00007ffb12cbe000 	C:\Windows\System32\concrt140.dll
0x00007ffb29ff0000 - 0x00007ffb2a021000 	C:\Windows\System32\vcomp140.dll
0x00007ffb1a5e0000 - 0x00007ffb1a6e0000 	C:\Windows\System32\opengl32.dll
0x00007ffb1aad0000 - 0x00007ffb1aafd000 	C:\WINDOWS\SYSTEM32\GLU32.dll
0x00007ffb4c1e0000 - 0x00007ffb4c216000 	C:\WINDOWS\SYSTEM32\dxcore.dll
0x00007ffa703f0000 - 0x00007ffa7060d000 	C:\Users\luczu\.javacpp\cache\jaylib-4.5.0-0.jar\com\raylib\windows-x86_64\jniRaylib.dll
0x00007ffab4c10000 - 0x00007ffab4c56000 	C:\WINDOWS\SYSTEM32\dinput8.dll
0x00007ffb0f700000 - 0x00007ffb0f711000 	C:\WINDOWS\SYSTEM32\xinput1_4.dll
0x00007ffb4ed80000 - 0x00007ffb4edce000 	C:\WINDOWS\SYSTEM32\cfgmgr32.dll
0x00007ffb4ed50000 - 0x00007ffb4ed7c000 	C:\WINDOWS\SYSTEM32\DEVOBJ.dll
0x00007ffb4c430000 - 0x00007ffb4c45b000 	C:\WINDOWS\SYSTEM32\dwmapi.dll
0x00007ffb2c460000 - 0x00007ffb2c66a000 	C:\WINDOWS\SYSTEM32\inputhost.dll
0x00007ffb49560000 - 0x00007ffb49694000 	C:\WINDOWS\SYSTEM32\CoreMessaging.dll
0x00007ffb49940000 - 0x00007ffb499eb000 	C:\WINDOWS\system32\uxtheme.dll
0x00007ffb4e8a0000 - 0x00007ffb4e8ac000 	C:\WINDOWS\SYSTEM32\CRYPTBASE.DLL
0x00007ffb512d0000 - 0x00007ffb51420000 	C:\WINDOWS\System32\MSCTF.dll
0x00007ffb4d8a0000 - 0x00007ffb4d8ae000 	C:\WINDOWS\SYSTEM32\HID.DLL
0x00007ffb50150000 - 0x00007ffb505c4000 	C:\WINDOWS\System32\SETUPAPI.DLL
0x00007ffb4f230000 - 0x00007ffb4f29b000 	C:\WINDOWS\System32\WINTRUST.dll
0x00007ffb4f900000 - 0x00007ffb4fa66000 	C:\WINDOWS\System32\CRYPT32.dll
0x00007ffb4ed30000 - 0x00007ffb4ed42000 	C:\WINDOWS\SYSTEM32\MSASN1.dll
0x00007ffb458c0000 - 0x00007ffb4590a000 	C:\WINDOWS\SYSTEM32\directxdatabasehelper.dll
0x00007ffb515b0000 - 0x00007ffb51660000 	C:\WINDOWS\System32\clbcatq.dll
0x00007ffa27b40000 - 0x00007ffa2a730000 	C:\WINDOWS\System32\DriverStore\FileRepository\nvhm.inf_amd64_28ac5867493a0477\nvoglv64.dll
0x00007ffb4faa0000 - 0x00007ffb4fc40000 	C:\WINDOWS\System32\ole32.dll
0x00007ffb4df60000 - 0x00007ffb4df74000 	C:\WINDOWS\SYSTEM32\WTSAPI32.dll
0x00007ffb3cce0000 - 0x00007ffb3cd12000 	C:\WINDOWS\SYSTEM32\cryptnet.dll
0x00007ffb3a6d0000 - 0x00007ffb3a828000 	C:\WINDOWS\SYSTEM32\drvstore.dll
0x00007ffb4e930000 - 0x00007ffb4e97b000 	C:\WINDOWS\SYSTEM32\wldp.dll
0x00007ffb519c0000 - 0x00007ffb519df000 	C:\WINDOWS\System32\imagehlp.dll
0x00007ffb4e880000 - 0x00007ffb4e89b000 	C:\WINDOWS\SYSTEM32\CRYPTSP.dll
0x00007ffb4e130000 - 0x00007ffb4e165000 	C:\WINDOWS\system32\rsaenh.dll
0x00007ffb4e6c0000 - 0x00007ffb4e6e6000 	C:\WINDOWS\SYSTEM32\gpapi.dll
0x00007ffb02100000 - 0x00007ffb042eb000 	C:\WINDOWS\System32\DriverStore\FileRepository\nvhm.inf_amd64_28ac5867493a0477\nvgpucomp64.dll
0x00007ffb4e1d0000 - 0x00007ffb4e204000 	C:\WINDOWS\SYSTEM32\ntmarta.dll
0x00007ffab7e60000 - 0x00007ffab8123000 	C:\WINDOWS\system32\nvspcap64.dll
0x00007ffb4db00000 - 0x00007ffb4db66000 	C:\WINDOWS\SYSTEM32\WINSTA.dll

dbghelp: loaded successfully - version: 4.0.5 - missing functions: none
symbol engine: initialized successfully - sym options: 0x614 - pdb path: .;C:\Users\luczu\.jdks\corretto-17.0.10\bin;C:\WINDOWS\SYSTEM32;C:\WINDOWS\WinSxS\amd64_microsoft.windows.common-controls_6595b64144ccf1df_6.0.22621.2506_none_270c5ae97388e100;C:\Users\luczu\.jdks\corretto-17.0.10\bin\server;C:\Program Files (x86)\Windows Kits\10\Redist\ucrt\DLLs\x64;C:\Program Files\Microsoft\jdk-11.0.12.7-hotspot\bin;C:\Users\luczu\.javacpp\cache\jaylib-4.5.0-0.jar\com\raylib\windows-x86_64;C:\WINDOWS\System32\DriverStore\FileRepository\nvhm.inf_amd64_28ac5867493a0477;C:\WINDOWS\System32\DriverStore\FileRepository\iigd_dch.inf_amd64_0fdf6ce291234272

VM Arguments:
jvm_args: -Dfile.encoding=windows-1252 -Duser.country=NL -Duser.language=nl -Duser.variant 
java_command: PineVille.MenuScene
java_class_path (initial): C:\Users\luczu\OneDrive\Documenten\PineVille\build\classes\java\main;C:\Users\luczu\OneDrive\Documenten\PineVille\build\resources\main;C:\Users\luczu\.gradle\caches\modules-2\files-2.1\uk.co.electronstudio.jaylib\jaylib\4.5.0-0\90c0d608df9bbd32f5f34683acc58cb433e94508\jaylib-4.5.0-0.jar
Launcher Type: SUN_STANDARD

[Global flags]
     intx CICompilerCount                          = 12                                        {product} {ergonomic}
     uint ConcGCThreads                            = 3                                         {product} {ergonomic}
     uint G1ConcRefinementThreads                  = 13                                        {product} {ergonomic}
   size_t G1HeapRegionSize                         = 2097152                                   {product} {ergonomic}
    uintx GCDrainStackTargetSize                   = 64                                        {product} {ergonomic}
   size_t InitialHeapSize                          = 264241152                                 {product} {ergonomic}
   size_t MarkStackSize                            = 4194304                                   {product} {ergonomic}
   size_t MaxHeapSize                              = 4200595456                                {product} {ergonomic}
   size_t MaxNewSize                               = 2518679552                                {product} {ergonomic}
   size_t MinHeapDeltaBytes                        = 2097152                                   {product} {ergonomic}
   size_t MinHeapSize                              = 8388608                                   {product} {ergonomic}
    uintx NonNMethodCodeHeapSize                   = 7602480                                {pd product} {ergonomic}
    uintx NonProfiledCodeHeapSize                  = 122027880                              {pd product} {ergonomic}
    uintx ProfiledCodeHeapSize                     = 122027880                              {pd product} {ergonomic}
    uintx ReservedCodeCacheSize                    = 251658240                              {pd product} {ergonomic}
     bool SegmentedCodeCache                       = true                                      {product} {ergonomic}
   size_t SoftMaxHeapSize                          = 4200595456                             {manageable} {ergonomic}
     bool UseCompressedClassPointers               = true                           {product lp64_product} {ergonomic}
     bool UseCompressedOops                        = true                           {product lp64_product} {ergonomic}
     bool UseG1GC                                  = true                                      {product} {ergonomic}
     bool UseLargePagesIndividualAllocation        = false                                  {pd product} {ergonomic}

Logging:
Log output configuration:
 #0: stdout all=warning uptime,level,tags
 #1: stderr all=off uptime,level,tags

Environment Variables:
PATH=C:\Program Files (x86)\Common Files\Intel\Shared Libraries\redist\intel64\compiler;C:\Program Files\Common Files\Oracle\Java\javapath;C:\Program Files\Microsoft\jdk-11.0.12.7-hotspot\bin;C:\windows\system32;C:\windows;C:\windows\System32\Wbem;C:\windows\System32\WindowsPowerShell\v1.0\;C:\windows\System32\OpenSSH\;C:\Program Files (x86)\NVIDIA Corporation\PhysX\Common;C:\Program Files\NVIDIA Corporation\NVIDIA NvDLISR;C:\Program Files\Microsoft SQL Server\150\Tools\Binn\;C:\Program Files\Microsoft SQL Server\Client SDK\ODBC\170\Tools\Binn\;C:\Program Files\dotnet\;C:\WINDOWS\system32;C:\WINDOWS;C:\WINDOWS\System32\Wbem;C:\WINDOWS\System32\WindowsPowerShell\v1.0\;C:\WINDOWS\System32\OpenSSH\;C:\Program Files\CMake\bin;C:\Program Files\Git\cmd;C:\Users\luczu\AppData\Local\Microsoft\WindowsApps;C:\Users\luczu\.dotnet\tools;C:\Users\luczu\AppData\Local\GitHubDesktop\bin;;C:\Users\luczu\AppData\Local\Programs\Microsoft VS Code\bin
USERNAME=luczu
OS=Windows_NT
PROCESSOR_IDENTIFIER=Intel64 Family 6 Model 141 Stepping 1, GenuineIntel
TMP=C:\Users\luczu\AppData\Local\Temp
TEMP=C:\Users\luczu\AppData\Local\Temp



Periodic native trim disabled


---------------  S Y S T E M  ---------------

OS:
 Windows 11 , 64 bit Build 22621 (10.0.22621.2506)
OS uptime: 0 days 2:55 hours
Hyper-V role detected

CPU: total 16 (initial active 16) (8 cores per cpu, 2 threads per core) family 6 model 141 stepping 1 microcode 0x4e, cx8, cmov, fxsr, ht, mmx, 3dnowpref, sse, sse2, sse3, ssse3, sse4.1, sse4.2, popcnt, lzcnt, tsc, tscinvbit, avx, avx2, aes, erms, clmul, bmi1, bmi2, adx, avx512f, avx512dq, avx512cd, avx512bw, avx512vl, sha, fma, vzeroupper, avx512_vpopcntdq, avx512_vpclmulqdq, avx512_vaes, avx512_vnni, clflush, clflushopt, clwb, avx512_vbmi2, avx512_vbmi, hv
Processor Information for all 16 processors :
  Max Mhz: 2304, Current Mhz: 2304, Mhz Limit: 2304

Memory: 4k page, system-wide physical 16021M (3463M free)
TotalPageFile size 34453M (AvailPageFile size 10965M)
current process WorkingSet (physical memory assigned to process): 125M, peak: 248M
current process commit charge ("private bytes"): 580M, peak: 729M

vm_info: OpenJDK 64-Bit Server VM (17.0.10+7-LTS) for windows-amd64 JRE (17.0.10+7-LTS), built on Jan 10 2024 22:11:07 by "Administrator" with MS VC++ 16.10 / 16.11 (VS2019)

END.
