#
# A fatal error has been detected by the Java Runtime Environment:
#
#  EXCEPTION_ACCESS_VIOLATION (0xc0000005) at pc=0x00007ffbc467f3a6, pid=23424, tid=32648
#
# JRE version: OpenJDK Runtime Environment Corretto-17.0.10.7.1 (17.0.10+7) (build 17.0.10+7-LTS)
# Java VM: OpenJDK 64-Bit Server VM Corretto-17.0.10.7.1 (17.0.10+7-LTS, mixed mode, sharing, tiered, compressed oops, compressed class ptrs, g1 gc, windows-amd64)
# Problematic frame:
# C  [jniRaylib.dll+0xdf3a6]
#
# No core dump will be written. Minidumps are not enabled by default on client versions of Windows
#
# If you would like to submit a bug report, please visit:
#   https://github.com/corretto/corretto-17/issues/
# The crash happened outside the Java Virtual Machine in native code.
# See problematic frame for where to report the bug.
#

---------------  S U M M A R Y ------------

Command Line: -Dfile.encoding=windows-1252 -Duser.country=NL -Duser.language=nl -Duser.variant PineVille.GameScene

Host: 11th Gen Intel(R) Core(TM) i7-11800H @ 2.30GHz, 16 cores, 15G,  Windows 11 , 64 bit Build 22621 (10.0.22621.2506)
Time: Fri Feb 16 09:56:42 2024 West-Europa (standaardtijd) elapsed time: 10.671957 seconds (0d 0h 0m 10s)

---------------  T H R E A D  ---------------

Current thread (0x0000020e7949b220):  JavaThread "main" [_thread_in_native, id=32648, stack(0x000000a9cea00000,0x000000a9ceb00000)]

Stack: [0x000000a9cea00000,0x000000a9ceb00000],  sp=0x000000a9ceaff0b0,  free space=1020k
Native frames: (J=compiled Java code, j=interpreted, Vv=VM code, C=native code)
C  [jniRaylib.dll+0xdf3a6]

Java frames: (J=compiled Java code, j=interpreted, Vv=VM code)
J 814  com.raylib.Raylib.DrawTexturePro(Lcom/raylib/Raylib$Texture;Lcom/raylib/Raylib$Rectangle;Lcom/raylib/Raylib$Rectangle;Lcom/raylib/Raylib$Vector2;FLcom/raylib/Raylib$Color;)V (0 bytes) @ 0x0000020e0f681462 [0x0000020e0f6813a0+0x00000000000000c2]
j  PineVille.GameScene.main([Ljava/lang/String;)V+270
v  ~StubRoutines::call_stub

siginfo: EXCEPTION_ACCESS_VIOLATION (0xc0000005), writing address 0x0000020e64ce15e0


Registers:
RAX=0x0000020e64ce15e0, RBX=0x000000a9ceaff250, RCX=0x0000000000000000, RDX=0x0000000000000000
RSP=0x000000a9ceaff0b0, RBP=0x000000a9ceaff310, RSI=0x0000000000000004, RDI=0x000000a9ceaff240
R8 =0x0000020e64ca3c40, R9 =0x0000000000000000, R10=0x00007ffb93e2de20, R11=0x0000000000000008
R12=0x0000020e70212390, R13=0x0000000000000000, R14=0x0000020e63f80e40, R15=0x0000020e636e3b70
RIP=0x00007ffbc467f3a6, EFLAGS=0x0000000000010246


Register to memory mapping:

RIP=0x00007ffbc467f3a6 jniRaylib.dll
RAX=0x0000020e64ce15e0 is an unknown value
RBX=0x000000a9ceaff250 is pointing into the stack for thread: 0x0000020e7949b220
RCX=0x0 is NULL
RDX=0x0 is NULL
RSP=0x000000a9ceaff0b0 is pointing into the stack for thread: 0x0000020e7949b220
RBP=0x000000a9ceaff310 is pointing into the stack for thread: 0x0000020e7949b220
RSI=0x0000000000000004 is an unknown value
RDI=0x000000a9ceaff240 is pointing into the stack for thread: 0x0000020e7949b220
R8 =0x0000020e64ca3c40 points into unknown readable memory: 0x00007ffb00002000 | 00 20 00 00 fb 7f 00 00
R9 =0x0 is NULL
R10=0x00007ffb93e2de20 jvm.dll
R11=0x0000000000000008 is an unknown value
R12=0x0000020e70212390 points into unknown readable memory: 0x0000002000000004 | 04 00 00 00 20 00 00 00
R13=0x0 is NULL
R14=0x0000020e63f80e40 points into unknown readable memory: 0x72416574ffffffff | ff ff ff ff 74 65 41 72
R15=0x0000020e636e3b70 points into unknown readable memory: 0x0000000000000000 | 00 00 00 00 00 00 00 00


Top of Stack: (sp=0x000000a9ceaff0b0)
0x000000a9ceaff0b0:   0000999eab048b88 00007ffc0000000e
0x000000a9ceaff0c0:   000000a9ceaff420 0000000000000000
0x000000a9ceaff0d0:   0000000043640000 0000000000000000
0x000000a9ceaff0e0:   0000000000000000 0000000000000000
0x000000a9ceaff0f0:   0000000000000000 0000000000000000
0x000000a9ceaff100:   000000a9ceaff250 00007ffbc4648749
0x000000a9ceaff110:   0000020e621bfa50 000000a9ceaff160
0x000000a9ceaff120:   0000020e7949b220 000000a9ceaff170
0x000000a9ceaff130:   4200000043640000 42c8000043640000
0x000000a9ceaff140:   0000020e7949b220 0000000000000000
0x000000a9ceaff150:   0000000000000000 0000000000000000
0x000000a9ceaff160:   0000000000000000 0000000000000000
0x000000a9ceaff170:   0000000000000000 0000000000000000
0x000000a9ceaff180:   0000000000000000 0000000000000000
0x000000a9ceaff190:   0000000000000000 0000000000000000
0x000000a9ceaff1a0:   0000000000000000 0000000000000000
0x000000a9ceaff1b0:   0000000000000000 0000000000000000
0x000000a9ceaff1c0:   0000000000000000 0000000000000000
0x000000a9ceaff1d0:   0000000000000000 0000000000000000
0x000000a9ceaff1e0:   0000000000000000 0000000000000000
0x000000a9ceaff1f0:   0000020e62287db0 0000020e62287810
0x000000a9ceaff200:   0000020e7949b4d8 00007ffbc45e2213
0x000000a9ceaff210:   0000020e42c80000 000000a9ceaff310
0x000000a9ceaff220:   0000020e7949b4d8 00007ffbc45b8b4b
0x000000a9ceaff230:   0000000000000000 00000000ffffffff
0x000000a9ceaff240:   42c8000042c80000 4300000043000000
0x000000a9ceaff250:   0000000000000000 4200000042000000
0x000000a9ceaff260:   0000002000000004 0000000100000020
0x000000a9ceaff270:   0000020e00000007 0000020e5e4c2c90
0x000000a9ceaff280:   0000020e7949b220 0000000000000000
0x000000a9ceaff290:   00000007152835f0 0000000713e09020
0x000000a9ceaff2a0:   0000020e5e44bd40 0000020e0f681502 

Instructions: (pc=0x00007ffbc467f3a6)
0x00007ffbc467f2a6:   f3 0f 59 c4 f3 0f 58 f3 f3 0f 58 d0 f3 0f 58 f1
0x00007ffbc467f2b6:   f3 0f 10 0d da 2f 11 00 f3 41 0f 59 c8 f3 0f 58
0x00007ffbc467f2c6:   35 c1 2f 11 00 f3 0f 58 f9 f3 0f 10 0d d1 2f 11
0x00007ffbc467f2d6:   00 f3 41 0f 59 c8 44 0f 28 c2 f3 0f 58 3d b4 2f
0x00007ffbc467f2e6:   11 00 f3 44 0f 58 c1 f3 44 0f 58 05 b6 2f 11 00
0x00007ffbc467f2f6:   4c 8b 05 b3 2e 11 00 49 63 48 04 49 8b 40 08 48
0x00007ffbc467f306:   c1 e1 06 8b 0c 01 8d 0c 8d fc ff ff ff 39 0d bf
0x00007ffbc467f316:   2e 11 00 7e 6e 49 63 40 18 49 8b 48 10 48 03 c0
0x00007ffbc467f326:   8b 54 c1 f0 83 fa 01 75 0b 84 54 c1 f4 75 54 8d
0x00007ffbc467f336:   4a 02 eb 43 83 fa 04 75 20 8b 4c c1 f4 b8 56 55
0x00007ffbc467f346:   55 55 f7 e9 8b c2 c1 e8 1f 03 d0 8d 04 52 3b c8
0x00007ffbc467f356:   75 31 b9 04 00 00 00 eb 1e 83 fa 07 75 25 8b 44
0x00007ffbc467f366:   c1 f4 25 03 00 00 80 7d 07 ff c8 83 c8 fc ff c0
0x00007ffbc467f376:   85 c0 75 0f 8d 48 05 e8 7e a4 ff ff 4c 8b 05 27
0x00007ffbc467f386:   2e 11 00 4d 63 48 04 4d 8b 40 08 8b 05 41 2e 11
0x00007ffbc467f396:   00 49 c1 e1 06 8d 0c 40 4b 8b 44 01 08 48 63 d1
0x00007ffbc467f3a6:   f3 0f 11 34 90 48 8b 05 fe 2d 11 00 4c 63 48 04
0x00007ffbc467f3b6:   4c 8b 40 08 8b 05 18 2e 11 00 49 c1 e1 06 8d 0c
0x00007ffbc467f3c6:   40 4b 8b 44 01 08 48 63 d1 f3 0f 11 7c 90 04 48
0x00007ffbc467f3d6:   8b 05 d4 2d 11 00 4c 63 48 04 4c 8b 40 08 8b 05
0x00007ffbc467f3e6:   ee 2d 11 00 49 c1 e1 06 8d 0c 40 4b 8b 44 01 08
0x00007ffbc467f3f6:   48 63 d1 f3 44 0f 11 44 90 08 48 8b 05 a9 2d 11
0x00007ffbc467f406:   00 f3 0f 10 05 cd 2d 11 00 4c 63 40 04 48 8b 50
0x00007ffbc467f416:   08 8b 05 bb 2d 11 00 03 c0 49 c1 e0 06 48 63 c8
0x00007ffbc467f426:   49 8b 44 10 10 f3 0f 11 04 88 48 8b 05 79 2d 11
0x00007ffbc467f436:   00 f3 0f 10 05 a1 2d 11 00 4c 63 40 04 48 8b 50
0x00007ffbc467f446:   08 8b 05 8b 2d 11 00 03 c0 49 c1 e0 06 48 63 c8
0x00007ffbc467f456:   49 8b 44 10 10 f3 0f 11 44 88 04 48 8b 05 48 2d
0x00007ffbc467f466:   11 00 4c 63 40 04 48 8b 48 08 8b 05 62 2d 11 00
0x00007ffbc467f476:   49 c1 e0 06 8d 04 85 00 00 00 00 49 8b 4c 08 18
0x00007ffbc467f486:   48 63 d0 0f b6 05 60 2d 11 00 88 04 0a 48 8b 05
0x00007ffbc467f496:   16 2d 11 00 4c 63 40 04 48 8b 48 08 8b 05 30 2d 


Stack slot to memory mapping:
stack at sp + 0 slots: 0x0000999eab048b88 is an unknown value
stack at sp + 1 slots: 0x00007ffc0000000e is an unknown value
stack at sp + 2 slots: 0x000000a9ceaff420 is pointing into the stack for thread: 0x0000020e7949b220
stack at sp + 3 slots: 0x0 is NULL
stack at sp + 4 slots: 0x0000000043640000 is an unknown value
stack at sp + 5 slots: 0x0 is NULL
stack at sp + 6 slots: 0x0 is NULL
stack at sp + 7 slots: 0x0 is NULL


Compiled method (n/a)   10755  814     n 0       com.raylib.Raylib::DrawTexturePro (native)
 total in heap  [0x0000020e0f681210,0x0000020e0f681640] = 1072
 relocation     [0x0000020e0f681368,0x0000020e0f681398] = 48
 main code      [0x0000020e0f6813a0,0x0000020e0f681638] = 664
 oops           [0x0000020e0f681638,0x0000020e0f681640] = 8

[Constant Pool (empty)]

[MachCode]
[Entry Point]
  # {method} {0x0000020e5e44bd48} 'DrawTexturePro' '(Lcom/raylib/Raylib$Texture;Lcom/raylib/Raylib$Rectangle;Lcom/raylib/Raylib$Rectangle;Lcom/raylib/Raylib$Vector2;FLcom/raylib/Raylib$Color;)V' in 'com/raylib/Raylib'
  # parm0:    rdx:rdx   = 'com/raylib/Raylib$Texture'
  # parm1:    r8:r8     = 'com/raylib/Raylib$Rectangle'
  # parm2:    r9:r9     = 'com/raylib/Raylib$Rectangle'
  # parm3:    rdi:rdi   = 'com/raylib/Raylib$Vector2'
  # parm4:    xmm0      = float
  # parm5:    rsi:rsi   = 'com/raylib/Raylib$Color'
  #           [sp+0x90]  (sp of caller)
  0x0000020e0f6813a0: 448b 5208 | 49bb 0000 | 001d 0e02 | 0000 4d03 | d349 3bc2 | 0f84 0600 

  0x0000020e0f6813b8: ;   {runtime_call ic_miss_stub}
  0x0000020e0f6813b8: 0000 e9c1 | 0188 ff90 
[Verified Entry Point]
  0x0000020e0f6813c0: 8984 2400 | 90ff ff55 | 488b ec48 | 81ec 8000 | 0000 4889 | 7424 6048 | 83fe 0048 | 8d44 2460 
  0x0000020e0f6813e0: 480f 4444 | 2460 4889 | 4424 38c5 | fa11 4424 | 3048 897c | 2458 4883 | ff00 488d | 4424 5848 
  0x0000020e0f681400: 0f44 4424 | 5848 8944 | 2428 4c89 | 4c24 5049 | 83f9 0048 | 8d44 2450 | 480f 4444 | 2450 4889 
  0x0000020e0f681420: 4424 204c | 8944 2448 | 4983 f800 | 4c8d 4c24 | 484c 0f44 | 4c24 4848 | 8954 2440 | 4883 fa00 
  0x0000020e0f681440: 4c8d 4424 | 404c 0f44 

  0x0000020e0f681448: ;   {oop(a 'java/lang/Class'{0x0000000713e010b8} = 'com/raylib/Raylib')}
  0x0000020e0f681448: 4424 4049 | beb8 10e0 | 1307 0000 | 004c 8974 | 2470 4c8d | 7424 7049 | 8bd6 c5f8 

  0x0000020e0f681464: ;   {internal_word}
  0x0000020e0f681464: 7749 ba62 | 1468 0f0e | 0200 004d | 8997 a002 | 0000 4989 | a798 0200 

  0x0000020e0f68147c: ;   {external_word}
  0x0000020e0f68147c: 0049 ba79 | 35e1 93fb | 7f00 0041 | 803a 000f | 8452 0000 | 0052 4150 

  0x0000020e0f681494: ;   {metadata({method} {0x0000020e5e44bd48} 'DrawTexturePro' '(Lcom/raylib/Raylib$Texture;Lcom/raylib/Raylib$Rectangle;Lcom/raylib/Raylib$Rectangle;Lcom/raylib/Raylib$Vector2;FLcom/raylib/Raylib$Color;)V' in 'com/raylib/Raylib')}
  0x0000020e0f681494: 4151 48ba | 40bd 445e | 0e02 0000 | 498b cf48 | 83ec 20f7 | c40f 0000 | 000f 841a | 0000 0048 
  0x0000020e0f6814b4: ;   {runtime_call}
  0x0000020e0f6814b4: 83ec 0849 | ba00 3097 | 93fb 7f00 | 0041 ffd2 | 4883 c408 | e90d 0000 

  0x0000020e0f6814cc: ;   {runtime_call}
  0x0000020e0f6814cc: 0049 ba00 | 3097 93fb | 7f00 0041 | ffd2 4883 | c420 4159 | 4158 5a49 | 8d8f b802 | 0000 41c7 
  0x0000020e0f6814ec: 8748 0300 | 0004 0000 

  0x0000020e0f6814f4: ;   {runtime_call}
  0x0000020e0f6814f4: 0049 ba10 | 205e c4fb | 7f00 0041 | ffd2 c5f8 | 7741 c787 | 4803 0000 | 0500 0000 | f083 4424 
  0x0000020e0f681514: c000 493b | af50 0300 | 000f 8711 | 0000 0041 | 81bf 3803 | 0000 0000 | 0000 0f84 | 2400 0000 
  0x0000020e0f681534: c5f8 7749 | 8bcf 4c8b | e448 83ec | 2048 83e4 

  0x0000020e0f681544: ;   {runtime_call}
  0x0000020e0f681544: f049 ba90 | 44a7 93fb | 7f00 0041 | ffd2 498b | e44d 33e4 | 41c7 8748 | 0300 0008 | 0000 0041 
  0x0000020e0f681564: 81bf b803 | 0000 0200 | 0000 0f84 | 9b00 0000 

  0x0000020e0f681574: ;   {external_word}
  0x0000020e0f681574: 49ba 7935 | e193 fb7f | 0000 4180 | 3a00 0f84 | 4800 0000 

  0x0000020e0f681588: ;   {metadata({method} {0x0000020e5e44bd48} 'DrawTexturePro' '(Lcom/raylib/Raylib$Texture;Lcom/raylib/Raylib$Rectangle;Lcom/raylib/Raylib$Rectangle;Lcom/raylib/Raylib$Vector2;FLcom/raylib/Raylib$Color;)V' in 'com/raylib/Raylib')}
  0x0000020e0f681588: 48ba 40bd | 445e 0e02 | 0000 498b | cf48 83ec | 20f7 c40f | 0000 000f | 841a 0000 | 0048 83ec 
  0x0000020e0f6815a8: ;   {runtime_call}
  0x0000020e0f6815a8: 0849 ba00 | 3097 93fb | 7f00 0041 | ffd2 4883 | c408 e90d 

  0x0000020e0f6815bc: ;   {runtime_call}
  0x0000020e0f6815bc: 0000 0049 | ba00 3097 | 93fb 7f00 | 0041 ffd2 | 4883 c420 | 49c7 8798 | 0200 0000 | 0000 0049 
  0x0000020e0f6815dc: c787 a002 | 0000 0000 | 0000 c5f8 | 7749 8b8f | d800 0000 | c781 0001 | 0000 0000 | 0000 c949 
  0x0000020e0f6815fc: 817f 0800 | 0000 000f | 8501 0000 

  0x0000020e0f681608: ;   {runtime_call StubRoutines (1)}
  0x0000020e0f681608: 00c3 e9f1 | f882 ffc5 | f877 4c8b | e448 83ec | 2048 83e4 

  0x0000020e0f68161c: ;   {runtime_call}
  0x0000020e0f68161c: f049 ba80 | 6097 93fb | 7f00 0041 | ffd2 498b | e44d 33e4 | e93f ffff | fff4 f4f4 
[/MachCode]


---------------  P R O C E S S  ---------------

Threads class SMR info:
_java_thread_list=0x0000020e701543d0, length=13, elements={
0x0000020e7949b220, 0x0000020e62005690, 0x0000020e62006250, 0x0000020e6201db60,
0x0000020e6201e630, 0x0000020e62023410, 0x0000020e62023dd0, 0x0000020e62024ac0,
0x0000020e62025570, 0x0000020e62033490, 0x0000020e621dd170, 0x0000020e621e0ac0,
0x0000020e6224f840
}

Java Threads: ( => current thread )
=>0x0000020e7949b220 JavaThread "main" [_thread_in_native, id=32648, stack(0x000000a9cea00000,0x000000a9ceb00000)]
  0x0000020e62005690 JavaThread "Reference Handler" daemon [_thread_blocked, id=32144, stack(0x000000a9cf100000,0x000000a9cf200000)]
  0x0000020e62006250 JavaThread "Finalizer" daemon [_thread_blocked, id=10456, stack(0x000000a9cf200000,0x000000a9cf300000)]
  0x0000020e6201db60 JavaThread "Signal Dispatcher" daemon [_thread_blocked, id=7380, stack(0x000000a9cf300000,0x000000a9cf400000)]
  0x0000020e6201e630 JavaThread "Attach Listener" daemon [_thread_blocked, id=27600, stack(0x000000a9cf400000,0x000000a9cf500000)]
  0x0000020e62023410 JavaThread "Service Thread" daemon [_thread_blocked, id=32476, stack(0x000000a9cf500000,0x000000a9cf600000)]
  0x0000020e62023dd0 JavaThread "Monitor Deflation Thread" daemon [_thread_blocked, id=32724, stack(0x000000a9cf600000,0x000000a9cf700000)]
  0x0000020e62024ac0 JavaThread "C2 CompilerThread0" daemon [_thread_blocked, id=32664, stack(0x000000a9cf700000,0x000000a9cf800000)]
  0x0000020e62025570 JavaThread "C1 CompilerThread0" daemon [_thread_blocked, id=3584, stack(0x000000a9cf800000,0x000000a9cf900000)]
  0x0000020e62033490 JavaThread "Sweeper thread" daemon [_thread_blocked, id=18132, stack(0x000000a9cf900000,0x000000a9cfa00000)]
  0x0000020e621dd170 JavaThread "Notification Thread" daemon [_thread_blocked, id=31384, stack(0x000000a9cfb00000,0x000000a9cfc00000)]
  0x0000020e621e0ac0 JavaThread "Common-Cleaner" daemon [_thread_blocked, id=17968, stack(0x000000a9cfd00000,0x000000a9cfe00000)]
  0x0000020e6224f840 JavaThread "JavaCPP Deallocator" daemon [_thread_blocked, id=24892, stack(0x000000a9cfe00000,0x000000a9cff00000)]

Other Threads:
  0x0000020e1cd1da50 VMThread "VM Thread" [stack: 0x000000a9cf000000,0x000000a9cf100000] [id=28396]
  0x0000020e621dd650 WatcherThread [stack: 0x000000a9cfc00000,0x000000a9cfd00000] [id=10212]
  0x0000020e79506970 GCTaskThread "GC Thread#0" [stack: 0x000000a9ceb00000,0x000000a9cec00000] [id=4700]
  0x0000020e627ad860 GCTaskThread "GC Thread#1" [stack: 0x000000a9d0300000,0x000000a9d0400000] [id=7900]
  0x0000020e63cdafb0 GCTaskThread "GC Thread#2" [stack: 0x000000a9d0400000,0x000000a9d0500000] [id=18656]
  0x0000020e6295e960 GCTaskThread "GC Thread#3" [stack: 0x000000a9d0500000,0x000000a9d0600000] [id=32056]
  0x0000020e62a81ea0 GCTaskThread "GC Thread#4" [stack: 0x000000a9d0600000,0x000000a9d0700000] [id=13812]
  0x0000020e630628d0 GCTaskThread "GC Thread#5" [stack: 0x000000a9d0700000,0x000000a9d0800000] [id=8748]
  0x0000020e79517310 ConcurrentGCThread "G1 Main Marker" [stack: 0x000000a9cec00000,0x000000a9ced00000] [id=1860]
  0x0000020e79519d50 ConcurrentGCThread "G1 Conc#0" [stack: 0x000000a9ced00000,0x000000a9cee00000] [id=23844]
  0x0000020e7954e7d0 ConcurrentGCThread "G1 Refine#0" [stack: 0x000000a9cee00000,0x000000a9cef00000] [id=29268]
  0x0000020e1cbd9e40 ConcurrentGCThread "G1 Service" [stack: 0x000000a9cef00000,0x000000a9cf000000] [id=20132]

Threads with active compile tasks:

VM state: not at safepoint (normal execution)

VM Mutex/Monitor currently owned by a thread: None

Heap address: 0x0000000705a00000, size: 4006 MB, Compressed Oops mode: Zero based, Oop shift amount: 3

CDS archive(s) mapped at: [0x0000020e1d000000-0x0000020e1dbb0000-0x0000020e1dbb0000), size 12255232, SharedBaseAddress: 0x0000020e1d000000, ArchiveRelocationMode: 1.
Compressed class space mapped at: 0x0000020e1e000000-0x0000020e5e000000, reserved size: 1073741824
Narrow klass base: 0x0000020e1d000000, Narrow klass shift: 0, Narrow klass range: 0x100000000

GC Precious Log:
 CPUs: 16 total, 16 available
 Memory: 16021M
 Large Page Support: Disabled
 NUMA Support: Disabled
 Compressed Oops: Enabled (Zero based)
 Heap Region Size: 2M
 Heap Min Capacity: 8M
 Heap Initial Capacity: 252M
 Heap Max Capacity: 4006M
 Pre-touch: Disabled
 Parallel Workers: 13
 Concurrent Workers: 3
 Concurrent Refinement Workers: 13
 Periodic GC: Disabled

Heap:
 garbage-first heap   total 258048K, used 3756K [0x0000000705a00000, 0x0000000800000000)
  region size 2048K, 3 young (6144K), 1 survivors (2048K)
 Metaspace       used 2123K, committed 2304K, reserved 1114112K
  class space    used 179K, committed 256K, reserved 1048576K

Heap Regions: E=young(eden), S=young(survivor), O=old, HS=humongous(starts), HC=humongous(continues), CS=collection set, F=free, OA=open archive, CA=closed archive, TAMS=top-at-mark-start (previous, next)
|   0|0x0000000705a00000, 0x0000000705a00000, 0x0000000705c00000|  0%| F|  |TAMS 0x0000000705a00000, 0x0000000705a00000| Untracked 
|   1|0x0000000705c00000, 0x0000000705c00000, 0x0000000705e00000|  0%| F|  |TAMS 0x0000000705c00000, 0x0000000705c00000| Untracked 
|   2|0x0000000705e00000, 0x0000000705e00000, 0x0000000706000000|  0%| F|  |TAMS 0x0000000705e00000, 0x0000000705e00000| Untracked 
|   3|0x0000000706000000, 0x0000000706000000, 0x0000000706200000|  0%| F|  |TAMS 0x0000000706000000, 0x0000000706000000| Untracked 
|   4|0x0000000706200000, 0x0000000706200000, 0x0000000706400000|  0%| F|  |TAMS 0x0000000706200000, 0x0000000706200000| Untracked 
|   5|0x0000000706400000, 0x0000000706400000, 0x0000000706600000|  0%| F|  |TAMS 0x0000000706400000, 0x0000000706400000| Untracked 
|   6|0x0000000706600000, 0x0000000706600000, 0x0000000706800000|  0%| F|  |TAMS 0x0000000706600000, 0x0000000706600000| Untracked 
|   7|0x0000000706800000, 0x0000000706800000, 0x0000000706a00000|  0%| F|  |TAMS 0x0000000706800000, 0x0000000706800000| Untracked 
|   8|0x0000000706a00000, 0x0000000706a00000, 0x0000000706c00000|  0%| F|  |TAMS 0x0000000706a00000, 0x0000000706a00000| Untracked 
|   9|0x0000000706c00000, 0x0000000706c00000, 0x0000000706e00000|  0%| F|  |TAMS 0x0000000706c00000, 0x0000000706c00000| Untracked 
|  10|0x0000000706e00000, 0x0000000706e00000, 0x0000000707000000|  0%| F|  |TAMS 0x0000000706e00000, 0x0000000706e00000| Untracked 
|  11|0x0000000707000000, 0x0000000707000000, 0x0000000707200000|  0%| F|  |TAMS 0x0000000707000000, 0x0000000707000000| Untracked 
|  12|0x0000000707200000, 0x0000000707200000, 0x0000000707400000|  0%| F|  |TAMS 0x0000000707200000, 0x0000000707200000| Untracked 
|  13|0x0000000707400000, 0x0000000707400000, 0x0000000707600000|  0%| F|  |TAMS 0x0000000707400000, 0x0000000707400000| Untracked 
|  14|0x0000000707600000, 0x0000000707600000, 0x0000000707800000|  0%| F|  |TAMS 0x0000000707600000, 0x0000000707600000| Untracked 
|  15|0x0000000707800000, 0x0000000707800000, 0x0000000707a00000|  0%| F|  |TAMS 0x0000000707800000, 0x0000000707800000| Untracked 
|  16|0x0000000707a00000, 0x0000000707a00000, 0x0000000707c00000|  0%| F|  |TAMS 0x0000000707a00000, 0x0000000707a00000| Untracked 
|  17|0x0000000707c00000, 0x0000000707c00000, 0x0000000707e00000|  0%| F|  |TAMS 0x0000000707c00000, 0x0000000707c00000| Untracked 
|  18|0x0000000707e00000, 0x0000000707e00000, 0x0000000708000000|  0%| F|  |TAMS 0x0000000707e00000, 0x0000000707e00000| Untracked 
|  19|0x0000000708000000, 0x0000000708000000, 0x0000000708200000|  0%| F|  |TAMS 0x0000000708000000, 0x0000000708000000| Untracked 
|  20|0x0000000708200000, 0x0000000708200000, 0x0000000708400000|  0%| F|  |TAMS 0x0000000708200000, 0x0000000708200000| Untracked 
|  21|0x0000000708400000, 0x0000000708400000, 0x0000000708600000|  0%| F|  |TAMS 0x0000000708400000, 0x0000000708400000| Untracked 
|  22|0x0000000708600000, 0x0000000708600000, 0x0000000708800000|  0%| F|  |TAMS 0x0000000708600000, 0x0000000708600000| Untracked 
|  23|0x0000000708800000, 0x0000000708800000, 0x0000000708a00000|  0%| F|  |TAMS 0x0000000708800000, 0x0000000708800000| Untracked 
|  24|0x0000000708a00000, 0x0000000708a00000, 0x0000000708c00000|  0%| F|  |TAMS 0x0000000708a00000, 0x0000000708a00000| Untracked 
|  25|0x0000000708c00000, 0x0000000708c00000, 0x0000000708e00000|  0%| F|  |TAMS 0x0000000708c00000, 0x0000000708c00000| Untracked 
|  26|0x0000000708e00000, 0x0000000708e00000, 0x0000000709000000|  0%| F|  |TAMS 0x0000000708e00000, 0x0000000708e00000| Untracked 
|  27|0x0000000709000000, 0x0000000709000000, 0x0000000709200000|  0%| F|  |TAMS 0x0000000709000000, 0x0000000709000000| Untracked 
|  28|0x0000000709200000, 0x0000000709200000, 0x0000000709400000|  0%| F|  |TAMS 0x0000000709200000, 0x0000000709200000| Untracked 
|  29|0x0000000709400000, 0x0000000709400000, 0x0000000709600000|  0%| F|  |TAMS 0x0000000709400000, 0x0000000709400000| Untracked 
|  30|0x0000000709600000, 0x0000000709600000, 0x0000000709800000|  0%| F|  |TAMS 0x0000000709600000, 0x0000000709600000| Untracked 
|  31|0x0000000709800000, 0x0000000709800000, 0x0000000709a00000|  0%| F|  |TAMS 0x0000000709800000, 0x0000000709800000| Untracked 
|  32|0x0000000709a00000, 0x0000000709a00000, 0x0000000709c00000|  0%| F|  |TAMS 0x0000000709a00000, 0x0000000709a00000| Untracked 
|  33|0x0000000709c00000, 0x0000000709c00000, 0x0000000709e00000|  0%| F|  |TAMS 0x0000000709c00000, 0x0000000709c00000| Untracked 
|  34|0x0000000709e00000, 0x0000000709e00000, 0x000000070a000000|  0%| F|  |TAMS 0x0000000709e00000, 0x0000000709e00000| Untracked 
|  35|0x000000070a000000, 0x000000070a000000, 0x000000070a200000|  0%| F|  |TAMS 0x000000070a000000, 0x000000070a000000| Untracked 
|  36|0x000000070a200000, 0x000000070a200000, 0x000000070a400000|  0%| F|  |TAMS 0x000000070a200000, 0x000000070a200000| Untracked 
|  37|0x000000070a400000, 0x000000070a400000, 0x000000070a600000|  0%| F|  |TAMS 0x000000070a400000, 0x000000070a400000| Untracked 
|  38|0x000000070a600000, 0x000000070a600000, 0x000000070a800000|  0%| F|  |TAMS 0x000000070a600000, 0x000000070a600000| Untracked 
|  39|0x000000070a800000, 0x000000070a800000, 0x000000070aa00000|  0%| F|  |TAMS 0x000000070a800000, 0x000000070a800000| Untracked 
|  40|0x000000070aa00000, 0x000000070aa00000, 0x000000070ac00000|  0%| F|  |TAMS 0x000000070aa00000, 0x000000070aa00000| Untracked 
|  41|0x000000070ac00000, 0x000000070ac00000, 0x000000070ae00000|  0%| F|  |TAMS 0x000000070ac00000, 0x000000070ac00000| Untracked 
|  42|0x000000070ae00000, 0x000000070ae00000, 0x000000070b000000|  0%| F|  |TAMS 0x000000070ae00000, 0x000000070ae00000| Untracked 
|  43|0x000000070b000000, 0x000000070b000000, 0x000000070b200000|  0%| F|  |TAMS 0x000000070b000000, 0x000000070b000000| Untracked 
|  44|0x000000070b200000, 0x000000070b200000, 0x000000070b400000|  0%| F|  |TAMS 0x000000070b200000, 0x000000070b200000| Untracked 
|  45|0x000000070b400000, 0x000000070b400000, 0x000000070b600000|  0%| F|  |TAMS 0x000000070b400000, 0x000000070b400000| Untracked 
|  46|0x000000070b600000, 0x000000070b600000, 0x000000070b800000|  0%| F|  |TAMS 0x000000070b600000, 0x000000070b600000| Untracked 
|  47|0x000000070b800000, 0x000000070b800000, 0x000000070ba00000|  0%| F|  |TAMS 0x000000070b800000, 0x000000070b800000| Untracked 
|  48|0x000000070ba00000, 0x000000070ba00000, 0x000000070bc00000|  0%| F|  |TAMS 0x000000070ba00000, 0x000000070ba00000| Untracked 
|  49|0x000000070bc00000, 0x000000070bc00000, 0x000000070be00000|  0%| F|  |TAMS 0x000000070bc00000, 0x000000070bc00000| Untracked 
|  50|0x000000070be00000, 0x000000070be00000, 0x000000070c000000|  0%| F|  |TAMS 0x000000070be00000, 0x000000070be00000| Untracked 
|  51|0x000000070c000000, 0x000000070c000000, 0x000000070c200000|  0%| F|  |TAMS 0x000000070c000000, 0x000000070c000000| Untracked 
|  52|0x000000070c200000, 0x000000070c200000, 0x000000070c400000|  0%| F|  |TAMS 0x000000070c200000, 0x000000070c200000| Untracked 
|  53|0x000000070c400000, 0x000000070c400000, 0x000000070c600000|  0%| F|  |TAMS 0x000000070c400000, 0x000000070c400000| Untracked 
|  54|0x000000070c600000, 0x000000070c600000, 0x000000070c800000|  0%| F|  |TAMS 0x000000070c600000, 0x000000070c600000| Untracked 
|  55|0x000000070c800000, 0x000000070c800000, 0x000000070ca00000|  0%| F|  |TAMS 0x000000070c800000, 0x000000070c800000| Untracked 
|  56|0x000000070ca00000, 0x000000070ca00000, 0x000000070cc00000|  0%| F|  |TAMS 0x000000070ca00000, 0x000000070ca00000| Untracked 
|  57|0x000000070cc00000, 0x000000070cc00000, 0x000000070ce00000|  0%| F|  |TAMS 0x000000070cc00000, 0x000000070cc00000| Untracked 
|  58|0x000000070ce00000, 0x000000070ce00000, 0x000000070d000000|  0%| F|  |TAMS 0x000000070ce00000, 0x000000070ce00000| Untracked 
|  59|0x000000070d000000, 0x000000070d000000, 0x000000070d200000|  0%| F|  |TAMS 0x000000070d000000, 0x000000070d000000| Untracked 
|  60|0x000000070d200000, 0x000000070d200000, 0x000000070d400000|  0%| F|  |TAMS 0x000000070d200000, 0x000000070d200000| Untracked 
|  61|0x000000070d400000, 0x000000070d400000, 0x000000070d600000|  0%| F|  |TAMS 0x000000070d400000, 0x000000070d400000| Untracked 
|  62|0x000000070d600000, 0x000000070d600000, 0x000000070d800000|  0%| F|  |TAMS 0x000000070d600000, 0x000000070d600000| Untracked 
|  63|0x000000070d800000, 0x000000070d800000, 0x000000070da00000|  0%| F|  |TAMS 0x000000070d800000, 0x000000070d800000| Untracked 
|  64|0x000000070da00000, 0x000000070da00000, 0x000000070dc00000|  0%| F|  |TAMS 0x000000070da00000, 0x000000070da00000| Untracked 
|  65|0x000000070dc00000, 0x000000070dc00000, 0x000000070de00000|  0%| F|  |TAMS 0x000000070dc00000, 0x000000070dc00000| Untracked 
|  66|0x000000070de00000, 0x000000070de00000, 0x000000070e000000|  0%| F|  |TAMS 0x000000070de00000, 0x000000070de00000| Untracked 
|  67|0x000000070e000000, 0x000000070e000000, 0x000000070e200000|  0%| F|  |TAMS 0x000000070e000000, 0x000000070e000000| Untracked 
|  68|0x000000070e200000, 0x000000070e200000, 0x000000070e400000|  0%| F|  |TAMS 0x000000070e200000, 0x000000070e200000| Untracked 
|  69|0x000000070e400000, 0x000000070e400000, 0x000000070e600000|  0%| F|  |TAMS 0x000000070e400000, 0x000000070e400000| Untracked 
|  70|0x000000070e600000, 0x000000070e600000, 0x000000070e800000|  0%| F|  |TAMS 0x000000070e600000, 0x000000070e600000| Untracked 
|  71|0x000000070e800000, 0x000000070e800000, 0x000000070ea00000|  0%| F|  |TAMS 0x000000070e800000, 0x000000070e800000| Untracked 
|  72|0x000000070ea00000, 0x000000070ea00000, 0x000000070ec00000|  0%| F|  |TAMS 0x000000070ea00000, 0x000000070ea00000| Untracked 
|  73|0x000000070ec00000, 0x000000070ec00000, 0x000000070ee00000|  0%| F|  |TAMS 0x000000070ec00000, 0x000000070ec00000| Untracked 
|  74|0x000000070ee00000, 0x000000070ee00000, 0x000000070f000000|  0%| F|  |TAMS 0x000000070ee00000, 0x000000070ee00000| Untracked 
|  75|0x000000070f000000, 0x000000070f000000, 0x000000070f200000|  0%| F|  |TAMS 0x000000070f000000, 0x000000070f000000| Untracked 
|  76|0x000000070f200000, 0x000000070f200000, 0x000000070f400000|  0%| F|  |TAMS 0x000000070f200000, 0x000000070f200000| Untracked 
|  77|0x000000070f400000, 0x000000070f400000, 0x000000070f600000|  0%| F|  |TAMS 0x000000070f400000, 0x000000070f400000| Untracked 
|  78|0x000000070f600000, 0x000000070f600000, 0x000000070f800000|  0%| F|  |TAMS 0x000000070f600000, 0x000000070f600000| Untracked 
|  79|0x000000070f800000, 0x000000070f800000, 0x000000070fa00000|  0%| F|  |TAMS 0x000000070f800000, 0x000000070f800000| Untracked 
|  80|0x000000070fa00000, 0x000000070fa00000, 0x000000070fc00000|  0%| F|  |TAMS 0x000000070fa00000, 0x000000070fa00000| Untracked 
|  81|0x000000070fc00000, 0x000000070fc00000, 0x000000070fe00000|  0%| F|  |TAMS 0x000000070fc00000, 0x000000070fc00000| Untracked 
|  82|0x000000070fe00000, 0x000000070fe00000, 0x0000000710000000|  0%| F|  |TAMS 0x000000070fe00000, 0x000000070fe00000| Untracked 
|  83|0x0000000710000000, 0x0000000710000000, 0x0000000710200000|  0%| F|  |TAMS 0x0000000710000000, 0x0000000710000000| Untracked 
|  84|0x0000000710200000, 0x0000000710200000, 0x0000000710400000|  0%| F|  |TAMS 0x0000000710200000, 0x0000000710200000| Untracked 
|  85|0x0000000710400000, 0x0000000710400000, 0x0000000710600000|  0%| F|  |TAMS 0x0000000710400000, 0x0000000710400000| Untracked 
|  86|0x0000000710600000, 0x0000000710600000, 0x0000000710800000|  0%| F|  |TAMS 0x0000000710600000, 0x0000000710600000| Untracked 
|  87|0x0000000710800000, 0x0000000710800000, 0x0000000710a00000|  0%| F|  |TAMS 0x0000000710800000, 0x0000000710800000| Untracked 
|  88|0x0000000710a00000, 0x0000000710a00000, 0x0000000710c00000|  0%| F|  |TAMS 0x0000000710a00000, 0x0000000710a00000| Untracked 
|  89|0x0000000710c00000, 0x0000000710c00000, 0x0000000710e00000|  0%| F|  |TAMS 0x0000000710c00000, 0x0000000710c00000| Untracked 
|  90|0x0000000710e00000, 0x0000000710e00000, 0x0000000711000000|  0%| F|  |TAMS 0x0000000710e00000, 0x0000000710e00000| Untracked 
|  91|0x0000000711000000, 0x0000000711000000, 0x0000000711200000|  0%| F|  |TAMS 0x0000000711000000, 0x0000000711000000| Untracked 
|  92|0x0000000711200000, 0x0000000711200000, 0x0000000711400000|  0%| F|  |TAMS 0x0000000711200000, 0x0000000711200000| Untracked 
|  93|0x0000000711400000, 0x0000000711400000, 0x0000000711600000|  0%| F|  |TAMS 0x0000000711400000, 0x0000000711400000| Untracked 
|  94|0x0000000711600000, 0x0000000711600000, 0x0000000711800000|  0%| F|  |TAMS 0x0000000711600000, 0x0000000711600000| Untracked 
|  95|0x0000000711800000, 0x0000000711800000, 0x0000000711a00000|  0%| F|  |TAMS 0x0000000711800000, 0x0000000711800000| Untracked 
|  96|0x0000000711a00000, 0x0000000711a00000, 0x0000000711c00000|  0%| F|  |TAMS 0x0000000711a00000, 0x0000000711a00000| Untracked 
|  97|0x0000000711c00000, 0x0000000711c00000, 0x0000000711e00000|  0%| F|  |TAMS 0x0000000711c00000, 0x0000000711c00000| Untracked 
|  98|0x0000000711e00000, 0x0000000711e00000, 0x0000000712000000|  0%| F|  |TAMS 0x0000000711e00000, 0x0000000711e00000| Untracked 
|  99|0x0000000712000000, 0x0000000712000000, 0x0000000712200000|  0%| F|  |TAMS 0x0000000712000000, 0x0000000712000000| Untracked 
| 100|0x0000000712200000, 0x0000000712200000, 0x0000000712400000|  0%| F|  |TAMS 0x0000000712200000, 0x0000000712200000| Untracked 
| 101|0x0000000712400000, 0x0000000712400000, 0x0000000712600000|  0%| F|  |TAMS 0x0000000712400000, 0x0000000712400000| Untracked 
| 102|0x0000000712600000, 0x0000000712600000, 0x0000000712800000|  0%| F|  |TAMS 0x0000000712600000, 0x0000000712600000| Untracked 
| 103|0x0000000712800000, 0x0000000712800000, 0x0000000712a00000|  0%| F|  |TAMS 0x0000000712800000, 0x0000000712800000| Untracked 
| 104|0x0000000712a00000, 0x0000000712a00000, 0x0000000712c00000|  0%| F|  |TAMS 0x0000000712a00000, 0x0000000712a00000| Untracked 
| 105|0x0000000712c00000, 0x0000000712c00000, 0x0000000712e00000|  0%| F|  |TAMS 0x0000000712c00000, 0x0000000712c00000| Untracked 
| 106|0x0000000712e00000, 0x0000000712e00000, 0x0000000713000000|  0%| F|  |TAMS 0x0000000712e00000, 0x0000000712e00000| Untracked 
| 107|0x0000000713000000, 0x0000000713000000, 0x0000000713200000|  0%| F|  |TAMS 0x0000000713000000, 0x0000000713000000| Untracked 
| 108|0x0000000713200000, 0x0000000713200000, 0x0000000713400000|  0%| F|  |TAMS 0x0000000713200000, 0x0000000713200000| Untracked 
| 109|0x0000000713400000, 0x0000000713400000, 0x0000000713600000|  0%| F|  |TAMS 0x0000000713400000, 0x0000000713400000| Untracked 
| 110|0x0000000713600000, 0x0000000713600000, 0x0000000713800000|  0%| F|  |TAMS 0x0000000713600000, 0x0000000713600000| Untracked 
| 111|0x0000000713800000, 0x0000000713800000, 0x0000000713a00000|  0%| F|  |TAMS 0x0000000713800000, 0x0000000713800000| Untracked 
| 112|0x0000000713a00000, 0x0000000713a00000, 0x0000000713c00000|  0%| F|  |TAMS 0x0000000713a00000, 0x0000000713a00000| Untracked 
| 113|0x0000000713c00000, 0x0000000713c00000, 0x0000000713e00000|  0%| F|  |TAMS 0x0000000713c00000, 0x0000000713c00000| Untracked 
| 114|0x0000000713e00000, 0x0000000713fab1f8, 0x0000000714000000| 83%| S|CS|TAMS 0x0000000713e00000, 0x0000000713e00000| Complete 
| 115|0x0000000714000000, 0x0000000714000000, 0x0000000714200000|  0%| F|  |TAMS 0x0000000714000000, 0x0000000714000000| Untracked 
| 116|0x0000000714200000, 0x0000000714200000, 0x0000000714400000|  0%| F|  |TAMS 0x0000000714200000, 0x0000000714200000| Untracked 
| 117|0x0000000714400000, 0x0000000714400000, 0x0000000714600000|  0%| F|  |TAMS 0x0000000714400000, 0x0000000714400000| Untracked 
| 118|0x0000000714600000, 0x0000000714600000, 0x0000000714800000|  0%| F|  |TAMS 0x0000000714600000, 0x0000000714600000| Untracked 
| 119|0x0000000714800000, 0x0000000714800000, 0x0000000714a00000|  0%| F|  |TAMS 0x0000000714800000, 0x0000000714800000| Untracked 
| 120|0x0000000714a00000, 0x0000000714a00000, 0x0000000714c00000|  0%| F|  |TAMS 0x0000000714a00000, 0x0000000714a00000| Untracked 
| 121|0x0000000714c00000, 0x0000000714c00000, 0x0000000714e00000|  0%| F|  |TAMS 0x0000000714c00000, 0x0000000714c00000| Untracked 
| 122|0x0000000714e00000, 0x0000000714e00000, 0x0000000715000000|  0%| F|  |TAMS 0x0000000714e00000, 0x0000000714e00000| Untracked 
| 123|0x0000000715000000, 0x0000000715000000, 0x0000000715200000|  0%| F|  |TAMS 0x0000000715000000, 0x0000000715000000| Untracked 
| 124|0x0000000715200000, 0x00000007152c7e90, 0x0000000715400000| 39%| E|  |TAMS 0x0000000715200000, 0x0000000715200000| Complete 
| 125|0x0000000715400000, 0x0000000715600000, 0x0000000715600000|100%| E|CS|TAMS 0x0000000715400000, 0x0000000715400000| Complete 

Card table byte_map: [0x0000020e7a5c0000,0x0000020e7ada0000] _byte_map_base: 0x0000020e76d93000

Marking Bits (Prev, Next): (CMBitMap*) 0x0000020e79506f90, (CMBitMap*) 0x0000020e79506fd0
 Prev Bits: [0x0000020e7b580000, 0x0000020e7f418000)
 Next Bits: [0x0000020e16a60000, 0x0000020e1a8f8000)

Polling page: 0x0000020e78c50000

Metaspace:

Usage:
  Non-class:      1.90 MB used.
      Class:    179.44 KB used.
       Both:      2.07 MB used.

Virtual space:
  Non-class space:       64.00 MB reserved,       2.00 MB (  3%) committed,  1 nodes.
      Class space:        1.00 GB reserved,     256.00 KB ( <1%) committed,  1 nodes.
             Both:        1.06 GB reserved,       2.25 MB ( <1%) committed. 

Chunk freelists:
   Non-Class:  11.24 MB
       Class:  15.65 MB
        Both:  26.89 MB

MaxMetaspaceSize: unlimited
CompressedClassSpaceSize: 1.00 GB
Initial GC threshold: 21.00 MB
Current GC threshold: 21.00 MB
CDS: on
MetaspaceReclaimPolicy: balanced
 - commit_granule_bytes: 65536.
 - commit_granule_words: 8192.
 - virtual_space_node_default_size: 8388608.
 - enlarge_chunks_in_place: 1.
 - new_chunks_are_fully_committed: 0.
 - uncommit_free_chunks: 1.
 - use_allocation_guard: 0.
 - handle_deallocations: 1.


Internal statistics:

num_allocs_failed_limit: 0.
num_arena_births: 32.
num_arena_deaths: 0.
num_vsnodes_births: 2.
num_vsnodes_deaths: 0.
num_space_committed: 36.
num_space_uncommitted: 0.
num_chunks_returned_to_freelist: 0.
num_chunks_taken_from_freelist: 70.
num_chunk_merges: 0.
num_chunk_splits: 50.
num_chunks_enlarged: 39.
num_inconsistent_stats: 0.

CodeHeap 'non-profiled nmethods': size=119168Kb used=535Kb max_used=535Kb free=118633Kb
 bounds [0x0000020e0f600000, 0x0000020e0f870000, 0x0000020e16a60000]
CodeHeap 'profiled nmethods': size=119104Kb used=1411Kb max_used=1411Kb free=117692Kb
 bounds [0x0000020e07a60000, 0x0000020e07cd0000, 0x0000020e0eeb0000]
CodeHeap 'non-nmethods': size=7488Kb used=1158Kb max_used=2351Kb free=6330Kb
 bounds [0x0000020e0eeb0000, 0x0000020e0f120000, 0x0000020e0f600000]
 total_blobs=1286 nmethods=849 adapters=350
 compilation: enabled
              stopped_count=0, restarted_count=0
 full_count=0

Compilation events (20 events):
Event: 4.192 Thread 0x0000020e62101070  837       3       java.lang.invoke.DirectMethodHandle$Holder::invokeStatic (17 bytes)
Event: 4.192 Thread 0x0000020e62025570 nmethod 834 0x0000020e07bbd510 code [0x0000020e07bbd6e0, 0x0000020e07bbdbf8]
Event: 4.192 Thread 0x0000020e62101070 nmethod 837 0x0000020e07bbdd10 code [0x0000020e07bbdee0, 0x0000020e07bbe3f8]
Event: 4.192 Thread 0x0000020e62b03dd0 nmethod 835 0x0000020e07bbe510 code [0x0000020e07bbe6e0, 0x0000020e07bbe968]
Event: 5.258 Thread 0x0000020e62101070  839       3       PineVille.Player::Move (124 bytes)
Event: 5.258 Thread 0x0000020e62025570  842       3       PineVille.Player::drawPlayer (72 bytes)
Event: 5.258 Thread 0x0000020e62101070 nmethod 839 0x0000020e07bbea90 code [0x0000020e07bbed00, 0x0000020e07bbf1f8]
Event: 5.259 Thread 0x0000020e62025570 nmethod 842 0x0000020e07bbf390 code [0x0000020e07bbf720, 0x0000020e07bc06a8]
Event: 5.641 Thread 0x0000020e62024ac0  844       4       java.util.HashMap::getNode (150 bytes)
Event: 5.648 Thread 0x0000020e62024ac0 nmethod 844 0x0000020e0f682a90 code [0x0000020e0f682c40, 0x0000020e0f6832c8]
Event: 7.475 Thread 0x0000020e62024ac0  845       4       java.util.HashMap::get (19 bytes)
Event: 7.482 Thread 0x0000020e62024ac0 nmethod 845 0x0000020e0f683710 code [0x0000020e0f6838c0, 0x0000020e0f683f48]
Event: 7.558 Thread 0x0000020e62024ac0  846   !   4       java.util.WeakHashMap::expungeStaleEntries (139 bytes)
Event: 7.559 Thread 0x0000020e62024ac0 nmethod 846 0x0000020e0f684390 code [0x0000020e0f684520, 0x0000020e0f684828]
Event: 8.042 Thread 0x0000020e62024ac0  847       4       java.util.WeakHashMap::get (75 bytes)
Event: 8.045 Thread 0x0000020e62024ac0 nmethod 847 0x0000020e0f684990 code [0x0000020e0f684b40, 0x0000020e0f685058]
Event: 9.926 Thread 0x0000020e62024ac0  848       4       java.lang.ThreadLocal::get (38 bytes)
Event: 9.928 Thread 0x0000020e62024ac0 nmethod 848 0x0000020e0f685410 code [0x0000020e0f6855a0, 0x0000020e0f685718]
Event: 10.392 Thread 0x0000020e62024ac0  849       4       java.lang.Object::equals (11 bytes)
Event: 10.393 Thread 0x0000020e62024ac0 nmethod 849 0x0000020e0f685910 code [0x0000020e0f685a80, 0x0000020e0f685b18]

GC Heap History (2 events):
Event: 0.496 GC heap before
{Heap before GC invocations=0 (full 0):
 garbage-first heap   total 258048K, used 22528K [0x0000000705a00000, 0x0000000800000000)
  region size 2048K, 11 young (22528K), 0 survivors (0K)
 Metaspace       used 2021K, committed 2176K, reserved 1114112K
  class space    used 176K, committed 256K, reserved 1048576K
}
Event: 0.498 GC heap after
{Heap after GC invocations=1 (full 0):
 garbage-first heap   total 258048K, used 1708K [0x0000000705a00000, 0x0000000800000000)
  region size 2048K, 1 young (2048K), 1 survivors (2048K)
 Metaspace       used 2021K, committed 2176K, reserved 1114112K
  class space    used 176K, committed 256K, reserved 1048576K
}

Dll operation events (20 events):
Event: 0.303 Loaded shared library C:\Program Files (x86)\Windows Kits\10\Redist\ucrt\DLLs\x64\api-ms-win-core-rtlsupport-l1-1-0.dll
Event: 0.309 Loaded shared library C:\Program Files (x86)\Windows Kits\10\Redist\ucrt\DLLs\x64\api-ms-win-core-processthreads-l1-1-1.dll
Event: 0.319 Loaded shared library C:\Program Files (x86)\Windows Kits\10\Redist\ucrt\DLLs\x64\api-ms-win-core-file-l1-2-0.dll
Event: 0.329 Loaded shared library C:\Program Files (x86)\Windows Kits\10\Redist\ucrt\DLLs\x64\api-ms-win-core-profile-l1-1-0.dll
Event: 0.335 Loaded shared library C:\Program Files (x86)\Windows Kits\10\Redist\ucrt\DLLs\x64\api-ms-win-core-memory-l1-1-0.dll
Event: 0.343 Loaded shared library C:\Program Files (x86)\Windows Kits\10\Redist\ucrt\DLLs\x64\api-ms-win-core-util-l1-1-0.dll
Event: 0.350 Loaded shared library C:\Program Files (x86)\Windows Kits\10\Redist\ucrt\DLLs\x64\api-ms-win-core-interlocked-l1-1-0.dll
Event: 0.357 Loaded shared library C:\Program Files (x86)\Windows Kits\10\Redist\ucrt\DLLs\x64\ucrtbase.dll
Event: 0.364 Loaded shared library C:\Users\luczu\.jdks\corretto-17.0.10\bin\vcruntime140.dll
Event: 0.370 Loaded shared library C:\Users\luczu\.jdks\corretto-17.0.10\bin\vcruntime140_1.dll
Event: 0.379 Loaded shared library C:\Users\luczu\.jdks\corretto-17.0.10\bin\msvcp140.dll
Event: 0.388 Loaded shared library C:\Windows\System32\msvcp140_1.dll
Event: 0.399 Loaded shared library C:\Windows\System32\concrt140.dll
Event: 0.408 Loaded shared library C:\Windows\System32\vcomp140.dll
Event: 0.434 Loaded shared library C:\Windows\System32\winmm.dll
Event: 0.437 Loaded shared library C:\Windows\System32\opengl32.dll
Event: 0.439 Loaded shared library C:\Windows\System32\user32.dll
Event: 0.440 Loaded shared library C:\Windows\System32\shell32.dll
Event: 0.442 Loaded shared library C:\Windows\System32\gdi32.dll
Event: 0.464 Loaded shared library C:\Users\luczu\.javacpp\cache\jaylib-4.5.0-0.jar\com\raylib\windows-x86_64\jniRaylib.dll

Deoptimization events (20 events):
Event: 0.419 Thread 0x0000020e7949b220 DEOPT PACKING pc=0x0000020e07b4a398 sp=0x000000a9ceafe4f0
Event: 0.419 Thread 0x0000020e7949b220 DEOPT UNPACKING pc=0x0000020e0ef0ace3 sp=0x000000a9ceafda08 mode 0
Event: 0.423 Thread 0x0000020e7949b220 Uncommon trap: trap_request=0xffffff45 fr.pc=0x0000020e0f623c24 relative=0x0000000000000184
Event: 0.423 Thread 0x0000020e7949b220 Uncommon trap: reason=unstable_if action=reinterpret pc=0x0000020e0f623c24 method=sun.net.www.ParseUtil.firstEncodeIndex(Ljava/lang/String;)I @ 51 c2
Event: 0.423 Thread 0x0000020e7949b220 DEOPT PACKING pc=0x0000020e0f623c24 sp=0x000000a9ceafd870
Event: 0.424 Thread 0x0000020e7949b220 DEOPT UNPACKING pc=0x0000020e0ef0a1a3 sp=0x000000a9ceafd7f8 mode 2
Event: 0.424 Thread 0x0000020e7949b220 Uncommon trap: trap_request=0xffffff45 fr.pc=0x0000020e0f63c4c4 relative=0x0000000000001324
Event: 0.424 Thread 0x0000020e7949b220 Uncommon trap: reason=unstable_if action=reinterpret pc=0x0000020e0f63c4c4 method=java.net.URL.<init>(Ljava/net/URL;Ljava/lang/String;Ljava/net/URLStreamHandler;)V @ 273 c2
Event: 0.425 Thread 0x0000020e7949b220 DEOPT PACKING pc=0x0000020e0f63c4c4 sp=0x000000a9ceafd7b0
Event: 0.425 Thread 0x0000020e7949b220 DEOPT UNPACKING pc=0x0000020e0ef0a1a3 sp=0x000000a9ceafd740 mode 2
Event: 0.441 Thread 0x0000020e7949b220 DEOPT PACKING pc=0x0000020e07b4a398 sp=0x000000a9ceafd750
Event: 0.441 Thread 0x0000020e7949b220 DEOPT UNPACKING pc=0x0000020e0ef0ace3 sp=0x000000a9ceafcc68 mode 0
Event: 0.455 Thread 0x0000020e7949b220 Uncommon trap: trap_request=0xffffff45 fr.pc=0x0000020e0f64d624 relative=0x0000000000003d44
Event: 0.455 Thread 0x0000020e7949b220 Uncommon trap: reason=unstable_if action=reinterpret pc=0x0000020e0f64d624 method=sun.net.www.ParseUtil.firstEncodeIndex(Ljava/lang/String;)I @ 51 c2
Event: 0.456 Thread 0x0000020e7949b220 DEOPT PACKING pc=0x0000020e0f64d624 sp=0x000000a9ceafc5b0
Event: 0.456 Thread 0x0000020e7949b220 DEOPT UNPACKING pc=0x0000020e0ef0a1a3 sp=0x000000a9ceafc2d0 mode 2
Event: 0.988 Thread 0x0000020e7949b220 Uncommon trap: trap_request=0xffffff45 fr.pc=0x0000020e0f630ee0 relative=0x00000000000000e0
Event: 0.988 Thread 0x0000020e7949b220 Uncommon trap: reason=unstable_if action=reinterpret pc=0x0000020e0f630ee0 method=java.lang.ref.SoftReference.get()Ljava/lang/Object; @ 17 c2
Event: 0.988 Thread 0x0000020e7949b220 DEOPT PACKING pc=0x0000020e0f630ee0 sp=0x000000a9ceafe550
Event: 0.988 Thread 0x0000020e7949b220 DEOPT UNPACKING pc=0x0000020e0ef0a1a3 sp=0x000000a9ceafe508 mode 2

Classes unloaded (0 events):
No events

Classes redefined (0 events):
No events

Internal exceptions (7 events):
Event: 0.079 Thread 0x0000020e7949b220 Exception <a 'java/lang/NoSuchMethodError'{0x0000000715244478}: 'int java.lang.invoke.DirectMethodHandle$Holder.invokeStaticInit(java.lang.Object, java.lang.Object, java.lang.Object, java.lang.Object)'> (0x0000000715244478) 
thrown [s\src\hotspot\share\interpreter\linkResolver.cpp, line 759]
Event: 0.081 Thread 0x0000020e7949b220 Exception <a 'java/lang/NoSuchMethodError'{0x000000071524f188}: 'java.lang.Object java.lang.invoke.DirectMethodHandle$Holder.invokeInterface(java.lang.Object, java.lang.Object)'> (0x000000071524f188) 
thrown [s\src\hotspot\share\interpreter\linkResolver.cpp, line 759]
Event: 0.081 Thread 0x0000020e7949b220 Exception <a 'java/lang/IncompatibleClassChangeError'{0x00000007152528a0}: Found class java.lang.Object, but interface was expected> (0x00000007152528a0) 
thrown [s\src\hotspot\share\interpreter\linkResolver.cpp, line 826]
Event: 0.082 Thread 0x0000020e7949b220 Exception <a 'java/lang/NoSuchMethodError'{0x0000000715255a48}: 'void java.lang.invoke.DirectMethodHandle$Holder.invokeStatic(java.lang.Object, java.lang.Object)'> (0x0000000715255a48) 
thrown [s\src\hotspot\share\interpreter\linkResolver.cpp, line 759]
Event: 0.082 Thread 0x0000020e7949b220 Exception <a 'java/lang/NoSuchMethodError'{0x00000007152590b8}: 'void java.lang.invoke.DirectMethodHandle$Holder.invokeStaticInit(java.lang.Object, java.lang.Object)'> (0x00000007152590b8) 
thrown [s\src\hotspot\share\interpreter\linkResolver.cpp, line 759]
Event: 0.083 Thread 0x0000020e7949b220 Exception <a 'java/lang/NoSuchMethodError'{0x000000071525f7a0}: 'int java.lang.invoke.DirectMethodHandle$Holder.invokeStaticInit(java.lang.Object, java.lang.Object)'> (0x000000071525f7a0) 
thrown [s\src\hotspot\share\interpreter\linkResolver.cpp, line 759]
Event: 0.460 Thread 0x0000020e7949b220 Exception <a 'java/lang/NoSuchMethodError'{0x0000000714114570}: 'java.lang.Object java.lang.invoke.DirectMethodHandle$Holder.invokeStatic(java.lang.Object, int, java.lang.Object)'> (0x0000000714114570) 
thrown [s\src\hotspot\share\interpreter\linkResolver.cpp, line 759]

VM Operations (12 events):
Event: 0.057 Executing VM operation: HandshakeAllThreads
Event: 0.057 Executing VM operation: HandshakeAllThreads done
Event: 0.111 Executing VM operation: HandshakeAllThreads
Event: 0.111 Executing VM operation: HandshakeAllThreads done
Event: 0.495 Executing VM operation: G1CollectForAllocation
Event: 0.498 Executing VM operation: G1CollectForAllocation done
Event: 1.513 Executing VM operation: Cleanup
Event: 1.513 Executing VM operation: Cleanup done
Event: 7.516 Executing VM operation: Cleanup
Event: 7.516 Executing VM operation: Cleanup done
Event: 10.517 Executing VM operation: Cleanup
Event: 10.517 Executing VM operation: Cleanup done

Events (20 events):
Event: 0.456 loading class java/time/zone/Ser done
Event: 0.456 loading class java/time/Month
Event: 0.457 loading class java/time/Month done
Event: 0.457 loading class java/time/DayOfWeek
Event: 0.457 loading class java/time/DayOfWeek done
Event: 0.457 loading class java/time/zone/ZoneOffsetTransitionRule$TimeDefinition
Event: 0.457 loading class java/time/zone/ZoneOffsetTransitionRule$TimeDefinition done
Event: 0.457 loading class java/time/zone/ZoneOffsetTransition
Event: 0.458 loading class java/time/zone/ZoneOffsetTransition done
Event: 0.458 loading class java/time/temporal/TemporalAdjusters
Event: 0.459 loading class java/time/temporal/TemporalAdjusters done
Event: 0.462 loading class java/time/zone/ZoneOffsetTransitionRule$1
Event: 0.462 loading class java/time/zone/ZoneOffsetTransitionRule$1 done
Event: 0.462 loading class java/util/concurrent/TimeUnit$1
Event: 0.462 loading class java/util/concurrent/TimeUnit$1 done
Event: 0.987 Thread 0x0000020e62b63d60 Thread exited: 0x0000020e62b63d60
Event: 0.987 Thread 0x0000020e628529f0 Thread exited: 0x0000020e628529f0
Event: 0.987 Thread 0x0000020e62707ba0 Thread exited: 0x0000020e62707ba0
Event: 5.258 Thread 0x0000020e62b03dd0 Thread exited: 0x0000020e62b03dd0
Event: 7.475 Thread 0x0000020e62101070 Thread exited: 0x0000020e62101070


Dynamic libraries:
0x00007ff69ca30000 - 0x00007ff69ca3e000 	C:\Users\luczu\.jdks\corretto-17.0.10\bin\java.exe
0x00007ffca9150000 - 0x00007ffca9367000 	C:\WINDOWS\SYSTEM32\ntdll.dll
0x00007ffca74e0000 - 0x00007ffca75a4000 	C:\WINDOWS\System32\KERNEL32.DLL
0x00007ffca6770000 - 0x00007ffca6b16000 	C:\WINDOWS\System32\KERNELBASE.dll
0x00007ffca6b20000 - 0x00007ffca6c31000 	C:\WINDOWS\System32\ucrtbase.dll
0x00007ffc66930000 - 0x00007ffc66947000 	C:\Users\luczu\.jdks\corretto-17.0.10\bin\jli.dll
0x00007ffc668e0000 - 0x00007ffc668fb000 	C:\Users\luczu\.jdks\corretto-17.0.10\bin\VCRUNTIME140.dll
0x00007ffca72c0000 - 0x00007ffca746e000 	C:\WINDOWS\System32\USER32.dll
0x00007ffca65d0000 - 0x00007ffca65f6000 	C:\WINDOWS\System32\win32u.dll
0x00007ffca6f90000 - 0x00007ffca6fb9000 	C:\WINDOWS\System32\GDI32.dll
0x00007ffc821e0000 - 0x00007ffc82473000 	C:\WINDOWS\WinSxS\amd64_microsoft.windows.common-controls_6595b64144ccf1df_6.0.22621.2506_none_270c5ae97388e100\COMCTL32.dll
0x00007ffca6c40000 - 0x00007ffca6d58000 	C:\WINDOWS\System32\gdi32full.dll
0x00007ffca6ee0000 - 0x00007ffca6f87000 	C:\WINDOWS\System32\msvcrt.dll
0x00007ffca6d90000 - 0x00007ffca6e2a000 	C:\WINDOWS\System32\msvcp_win.dll
0x00007ffca6ea0000 - 0x00007ffca6ed1000 	C:\WINDOWS\System32\IMM32.DLL
0x00007ffc7cd30000 - 0x00007ffc7cd3c000 	C:\Users\luczu\.jdks\corretto-17.0.10\bin\vcruntime140_1.dll
0x00007ffc3f320000 - 0x00007ffc3f3ad000 	C:\Users\luczu\.jdks\corretto-17.0.10\bin\msvcp140.dll
0x00007ffb93290000 - 0x00007ffb93ef2000 	C:\Users\luczu\.jdks\corretto-17.0.10\bin\server\jvm.dll
0x00007ffca6fc0000 - 0x00007ffca7073000 	C:\WINDOWS\System32\ADVAPI32.dll
0x00007ffca7a10000 - 0x00007ffca7ab8000 	C:\WINDOWS\System32\sechost.dll
0x00007ffca6d60000 - 0x00007ffca6d88000 	C:\WINDOWS\System32\bcrypt.dll
0x00007ffca7080000 - 0x00007ffca7197000 	C:\WINDOWS\System32\RPCRT4.dll
0x00007ffc9c4f0000 - 0x00007ffc9c524000 	C:\WINDOWS\SYSTEM32\WINMM.dll
0x00007ffca5310000 - 0x00007ffca535d000 	C:\WINDOWS\SYSTEM32\POWRPROF.dll
0x00007ffc9e270000 - 0x00007ffc9e279000 	C:\WINDOWS\SYSTEM32\WSOCK32.dll
0x00007ffc9cb70000 - 0x00007ffc9cb7a000 	C:\WINDOWS\SYSTEM32\VERSION.dll
0x00007ffca7900000 - 0x00007ffca7971000 	C:\WINDOWS\System32\WS2_32.dll
0x00007ffca52f0000 - 0x00007ffca5303000 	C:\WINDOWS\SYSTEM32\UMPDC.dll
0x00007ffca5550000 - 0x00007ffca5568000 	C:\WINDOWS\SYSTEM32\kernel.appcore.dll
0x00007ffc729a0000 - 0x00007ffc729aa000 	C:\Users\luczu\.jdks\corretto-17.0.10\bin\jimage.dll
0x00007ffca3d70000 - 0x00007ffca3fa3000 	C:\WINDOWS\SYSTEM32\DBGHELP.DLL
0x00007ffca8520000 - 0x00007ffca88a9000 	C:\WINDOWS\System32\combase.dll
0x00007ffca75b0000 - 0x00007ffca7687000 	C:\WINDOWS\System32\OLEAUT32.dll
0x00007ffc8d760000 - 0x00007ffc8d792000 	C:\WINDOWS\SYSTEM32\dbgcore.DLL
0x00007ffca6550000 - 0x00007ffca65ca000 	C:\WINDOWS\System32\bcryptPrimitives.dll
0x00007ffc66700000 - 0x00007ffc66725000 	C:\Users\luczu\.jdks\corretto-17.0.10\bin\java.dll
0x00007ffbcdd90000 - 0x00007ffbcde67000 	C:\Users\luczu\.jdks\corretto-17.0.10\bin\jsvml.dll
0x00007ffca7ac0000 - 0x00007ffca831a000 	C:\WINDOWS\System32\SHELL32.dll
0x00007ffca43a0000 - 0x00007ffca4c96000 	C:\WINDOWS\SYSTEM32\windows.storage.dll
0x00007ffca4260000 - 0x00007ffca439e000 	C:\WINDOWS\SYSTEM32\wintypes.dll
0x00007ffca8f50000 - 0x00007ffca9043000 	C:\WINDOWS\System32\SHCORE.dll
0x00007ffca71a0000 - 0x00007ffca71fe000 	C:\WINDOWS\System32\shlwapi.dll
0x00007ffca63c0000 - 0x00007ffca63e6000 	C:\WINDOWS\SYSTEM32\profapi.dll
0x00007ffc66890000 - 0x00007ffc668a9000 	C:\Users\luczu\.jdks\corretto-17.0.10\bin\net.dll
0x00007ffc9c970000 - 0x00007ffc9caa7000 	C:\WINDOWS\SYSTEM32\WINHTTP.dll
0x00007ffca5a30000 - 0x00007ffca5a99000 	C:\WINDOWS\system32\mswsock.dll
0x00007ffc65630000 - 0x00007ffc65646000 	C:\Users\luczu\.jdks\corretto-17.0.10\bin\nio.dll
0x00007ffc65610000 - 0x00007ffc65628000 	C:\Users\luczu\.jdks\corretto-17.0.10\bin\zip.dll
0x0000020e1cf70000 - 0x0000020e1cf73000 	C:\Program Files (x86)\Windows Kits\10\Redist\ucrt\DLLs\x64\api-ms-win-crt-locale-l1-1-0.dll
0x0000020e1cf80000 - 0x0000020e1cf84000 	C:\Program Files (x86)\Windows Kits\10\Redist\ucrt\DLLs\x64\api-ms-win-crt-string-l1-1-0.dll
0x0000020e1cf90000 - 0x0000020e1cf94000 	C:\Program Files (x86)\Windows Kits\10\Redist\ucrt\DLLs\x64\api-ms-win-crt-stdio-l1-1-0.dll
0x0000020e1cfa0000 - 0x0000020e1cfa5000 	C:\Program Files (x86)\Windows Kits\10\Redist\ucrt\DLLs\x64\api-ms-win-crt-math-l1-1-0.dll
0x0000020e1cfb0000 - 0x0000020e1cfb3000 	C:\Program Files (x86)\Windows Kits\10\Redist\ucrt\DLLs\x64\api-ms-win-crt-heap-l1-1-0.dll
0x0000020e1cfc0000 - 0x0000020e1cfc4000 	C:\Program Files (x86)\Windows Kits\10\Redist\ucrt\DLLs\x64\api-ms-win-crt-runtime-l1-1-0.dll
0x0000020e1cfd0000 - 0x0000020e1cfd4000 	C:\Program Files (x86)\Windows Kits\10\Redist\ucrt\DLLs\x64\api-ms-win-crt-convert-l1-1-0.dll
0x0000020e1cfe0000 - 0x0000020e1cfe3000 	C:\Program Files (x86)\Windows Kits\10\Redist\ucrt\DLLs\x64\api-ms-win-crt-environment-l1-1-0.dll
0x0000020e1cff0000 - 0x0000020e1cff3000 	C:\Program Files (x86)\Windows Kits\10\Redist\ucrt\DLLs\x64\api-ms-win-crt-time-l1-1-0.dll
0x0000020e62c00000 - 0x0000020e62c03000 	C:\Program Files (x86)\Windows Kits\10\Redist\ucrt\DLLs\x64\api-ms-win-crt-filesystem-l1-1-0.dll
0x0000020e62c10000 - 0x0000020e62c13000 	C:\Program Files (x86)\Windows Kits\10\Redist\ucrt\DLLs\x64\api-ms-win-crt-utility-l1-1-0.dll
0x0000020e62c20000 - 0x0000020e62c25000 	C:\Program Files (x86)\Windows Kits\10\Redist\ucrt\DLLs\x64\api-ms-win-crt-multibyte-l1-1-0.dll
0x0000020e62c30000 - 0x0000020e62c33000 	C:\Program Files (x86)\Windows Kits\10\Redist\ucrt\DLLs\x64\api-ms-win-crt-conio-l1-1-0.dll
0x0000020e62c40000 - 0x0000020e62c4f000 	C:\Program Files (x86)\Windows Kits\10\Redist\ucrt\DLLs\x64\api-ms-win-crt-private-l1-1-0.dll
0x0000020e62c50000 - 0x0000020e62c53000 	C:\Program Files (x86)\Windows Kits\10\Redist\ucrt\DLLs\x64\api-ms-win-crt-process-l1-1-0.dll
0x0000020e62c60000 - 0x0000020e62c63000 	C:\Program Files\Microsoft\jdk-11.0.12.7-hotspot\bin\api-ms-win-core-console-l1-2-0.dll
0x0000020e62c70000 - 0x0000020e62c73000 	C:\Program Files (x86)\Windows Kits\10\Redist\ucrt\DLLs\x64\api-ms-win-core-string-l1-1-0.dll
0x0000020e62c80000 - 0x0000020e62c83000 	C:\Program Files (x86)\Windows Kits\10\Redist\ucrt\DLLs\x64\api-ms-win-core-errorhandling-l1-1-0.dll
0x0000020e62c90000 - 0x0000020e62c93000 	C:\Program Files (x86)\Windows Kits\10\Redist\ucrt\DLLs\x64\api-ms-win-core-timezone-l1-1-0.dll
0x0000020e62ca0000 - 0x0000020e62ca4000 	C:\Program Files (x86)\Windows Kits\10\Redist\ucrt\DLLs\x64\api-ms-win-core-file-l1-1-0.dll
0x0000020e62cb0000 - 0x0000020e62cb3000 	C:\Program Files (x86)\Windows Kits\10\Redist\ucrt\DLLs\x64\api-ms-win-core-namedpipe-l1-1-0.dll
0x0000020e62cc0000 - 0x0000020e62cc3000 	C:\Program Files (x86)\Windows Kits\10\Redist\ucrt\DLLs\x64\api-ms-win-core-handle-l1-1-0.dll
0x0000020e62cd0000 - 0x0000020e62cd3000 	C:\Program Files (x86)\Windows Kits\10\Redist\ucrt\DLLs\x64\api-ms-win-core-file-l2-1-0.dll
0x0000020e62ce0000 - 0x0000020e62ce3000 	C:\Program Files (x86)\Windows Kits\10\Redist\ucrt\DLLs\x64\api-ms-win-core-heap-l1-1-0.dll
0x0000020e62cf0000 - 0x0000020e62cf3000 	C:\Program Files (x86)\Windows Kits\10\Redist\ucrt\DLLs\x64\api-ms-win-core-libraryloader-l1-1-0.dll
0x0000020e62d00000 - 0x0000020e62d03000 	C:\Program Files (x86)\Windows Kits\10\Redist\ucrt\DLLs\x64\api-ms-win-core-synch-l1-1-0.dll
0x0000020e62d10000 - 0x0000020e62d13000 	C:\Program Files (x86)\Windows Kits\10\Redist\ucrt\DLLs\x64\api-ms-win-core-processthreads-l1-1-0.dll
0x0000020e62d20000 - 0x0000020e62d23000 	C:\Program Files (x86)\Windows Kits\10\Redist\ucrt\DLLs\x64\api-ms-win-core-processenvironment-l1-1-0.dll
0x0000020e62d30000 - 0x0000020e62d33000 	C:\Program Files (x86)\Windows Kits\10\Redist\ucrt\DLLs\x64\api-ms-win-core-datetime-l1-1-0.dll
0x0000020e62d40000 - 0x0000020e62d43000 	C:\Program Files (x86)\Windows Kits\10\Redist\ucrt\DLLs\x64\api-ms-win-core-localization-l1-2-0.dll
0x0000020e62d50000 - 0x0000020e62d53000 	C:\Program Files (x86)\Windows Kits\10\Redist\ucrt\DLLs\x64\api-ms-win-core-sysinfo-l1-1-0.dll
0x0000020e62d60000 - 0x0000020e62d63000 	C:\Program Files (x86)\Windows Kits\10\Redist\ucrt\DLLs\x64\api-ms-win-core-synch-l1-2-0.dll
0x0000020e62d70000 - 0x0000020e62d73000 	C:\Program Files (x86)\Windows Kits\10\Redist\ucrt\DLLs\x64\api-ms-win-core-console-l1-1-0.dll
0x0000020e63d50000 - 0x0000020e63d53000 	C:\Program Files (x86)\Windows Kits\10\Redist\ucrt\DLLs\x64\api-ms-win-core-debug-l1-1-0.dll
0x0000020e63d60000 - 0x0000020e63d63000 	C:\Program Files (x86)\Windows Kits\10\Redist\ucrt\DLLs\x64\api-ms-win-core-rtlsupport-l1-1-0.dll
0x0000020e63d70000 - 0x0000020e63d73000 	C:\Program Files (x86)\Windows Kits\10\Redist\ucrt\DLLs\x64\api-ms-win-core-processthreads-l1-1-1.dll
0x0000020e63d80000 - 0x0000020e63d83000 	C:\Program Files (x86)\Windows Kits\10\Redist\ucrt\DLLs\x64\api-ms-win-core-file-l1-2-0.dll
0x0000020e63d90000 - 0x0000020e63d93000 	C:\Program Files (x86)\Windows Kits\10\Redist\ucrt\DLLs\x64\api-ms-win-core-profile-l1-1-0.dll
0x0000020e63da0000 - 0x0000020e63da3000 	C:\Program Files (x86)\Windows Kits\10\Redist\ucrt\DLLs\x64\api-ms-win-core-memory-l1-1-0.dll
0x0000020e63db0000 - 0x0000020e63db3000 	C:\Program Files (x86)\Windows Kits\10\Redist\ucrt\DLLs\x64\api-ms-win-core-util-l1-1-0.dll
0x0000020e63dc0000 - 0x0000020e63dc3000 	C:\Program Files (x86)\Windows Kits\10\Redist\ucrt\DLLs\x64\api-ms-win-core-interlocked-l1-1-0.dll
0x00007ffc65270000 - 0x00007ffc65362000 	C:\Program Files (x86)\Windows Kits\10\Redist\ucrt\DLLs\x64\ucrtbase.dll
0x00007ffc84e40000 - 0x00007ffc84e49000 	C:\Windows\System32\msvcp140_1.dll
0x00007ffc106a0000 - 0x00007ffc106ee000 	C:\Windows\System32\concrt140.dll
0x00007ffc7cd80000 - 0x00007ffc7cdb1000 	C:\Windows\System32\vcomp140.dll
0x00007ffc71ab0000 - 0x00007ffc71bb0000 	C:\Windows\System32\opengl32.dll
0x00007ffc72a90000 - 0x00007ffc72abd000 	C:\WINDOWS\SYSTEM32\GLU32.dll
0x00007ffca3590000 - 0x00007ffca35c6000 	C:\WINDOWS\SYSTEM32\dxcore.dll
0x00007ffbc45a0000 - 0x00007ffbc47bd000 	C:\Users\luczu\.javacpp\cache\jaylib-4.5.0-0.jar\com\raylib\windows-x86_64\jniRaylib.dll
0x00007ffbea580000 - 0x00007ffbea5c6000 	C:\WINDOWS\SYSTEM32\dinput8.dll
0x00007ffc5cbc0000 - 0x00007ffc5cbd1000 	C:\WINDOWS\SYSTEM32\xinput1_4.dll
0x00007ffca6180000 - 0x00007ffca61ce000 	C:\WINDOWS\SYSTEM32\cfgmgr32.dll
0x00007ffca6150000 - 0x00007ffca617c000 	C:\WINDOWS\SYSTEM32\DEVOBJ.dll
0x00007ffca3830000 - 0x00007ffca385b000 	C:\WINDOWS\SYSTEM32\dwmapi.dll
0x00007ffc83710000 - 0x00007ffc8391a000 	C:\WINDOWS\SYSTEM32\inputhost.dll
0x00007ffca0460000 - 0x00007ffca0594000 	C:\WINDOWS\SYSTEM32\CoreMessaging.dll
0x00007ffca3390000 - 0x00007ffca343b000 	C:\WINDOWS\system32\uxtheme.dll
0x00007ffca5ca0000 - 0x00007ffca5cac000 	C:\WINDOWS\SYSTEM32\CRYPTBASE.DLL
0x00007ffca76b0000 - 0x00007ffca7800000 	C:\WINDOWS\System32\MSCTF.dll
0x00007ffca4ca0000 - 0x00007ffca4cae000 	C:\WINDOWS\SYSTEM32\HID.DLL
0x00007ffca8ad0000 - 0x00007ffca8f44000 	C:\WINDOWS\System32\SETUPAPI.DLL
0x00007ffca6e30000 - 0x00007ffca6e9b000 	C:\WINDOWS\System32\WINTRUST.dll
0x00007ffca6600000 - 0x00007ffca6766000 	C:\WINDOWS\System32\CRYPT32.dll
0x00007ffca6130000 - 0x00007ffca6142000 	C:\WINDOWS\SYSTEM32\MSASN1.dll
0x00007ffc9dc90000 - 0x00007ffc9dcda000 	C:\WINDOWS\SYSTEM32\directxdatabasehelper.dll
0x00007ffca7200000 - 0x00007ffca72b0000 	C:\WINDOWS\System32\clbcatq.dll
0x00007ffb79920000 - 0x00007ffb7c510000 	C:\WINDOWS\System32\DriverStore\FileRepository\nvhm.inf_amd64_28ac5867493a0477\nvoglv64.dll
0x00007ffca8380000 - 0x00007ffca8520000 	C:\WINDOWS\System32\ole32.dll
0x00007ffca5360000 - 0x00007ffca5374000 	C:\WINDOWS\SYSTEM32\WTSAPI32.dll
0x00007ffc8da60000 - 0x00007ffc8da92000 	C:\WINDOWS\SYSTEM32\cryptnet.dll
0x00007ffc8dd90000 - 0x00007ffc8dee8000 	C:\WINDOWS\SYSTEM32\drvstore.dll
0x00007ffca5d30000 - 0x00007ffca5d7b000 	C:\WINDOWS\SYSTEM32\wldp.dll
0x00007ffca9070000 - 0x00007ffca908f000 	C:\WINDOWS\System32\imagehlp.dll
0x00007ffca5c80000 - 0x00007ffca5c9b000 	C:\WINDOWS\SYSTEM32\CRYPTSP.dll
0x00007ffca5510000 - 0x00007ffca5545000 	C:\WINDOWS\system32\rsaenh.dll
0x00007ffca5ac0000 - 0x00007ffca5ae6000 	C:\WINDOWS\SYSTEM32\gpapi.dll
0x00007ffc593f0000 - 0x00007ffc5b5db000 	C:\WINDOWS\System32\DriverStore\FileRepository\nvhm.inf_amd64_28ac5867493a0477\nvgpucomp64.dll
0x00007ffca55d0000 - 0x00007ffca5604000 	C:\WINDOWS\SYSTEM32\ntmarta.dll
0x00007ffbe5da0000 - 0x00007ffbe6063000 	C:\WINDOWS\system32\nvspcap64.dll
0x00007ffca4f00000 - 0x00007ffca4f66000 	C:\WINDOWS\SYSTEM32\WINSTA.dll

dbghelp: loaded successfully - version: 4.0.5 - missing functions: none
symbol engine: initialized successfully - sym options: 0x614 - pdb path: .;C:\Users\luczu\.jdks\corretto-17.0.10\bin;C:\WINDOWS\SYSTEM32;C:\WINDOWS\WinSxS\amd64_microsoft.windows.common-controls_6595b64144ccf1df_6.0.22621.2506_none_270c5ae97388e100;C:\Users\luczu\.jdks\corretto-17.0.10\bin\server;C:\Program Files (x86)\Windows Kits\10\Redist\ucrt\DLLs\x64;C:\Program Files\Microsoft\jdk-11.0.12.7-hotspot\bin;C:\Users\luczu\.javacpp\cache\jaylib-4.5.0-0.jar\com\raylib\windows-x86_64;C:\WINDOWS\System32\DriverStore\FileRepository\nvhm.inf_amd64_28ac5867493a0477;C:\WINDOWS\System32\DriverStore\FileRepository\iigd_dch.inf_amd64_0fdf6ce291234272

VM Arguments:
jvm_args: -Dfile.encoding=windows-1252 -Duser.country=NL -Duser.language=nl -Duser.variant 
java_command: PineVille.GameScene
java_class_path (initial): C:\Users\luczu\OneDrive\Documenten\PineVille\build\classes\java\main;C:\Users\luczu\OneDrive\Documenten\PineVille\build\resources\main;C:\Users\luczu\.gradle\caches\modules-2\files-2.1\uk.co.electronstudio.jaylib\jaylib\4.5.0-0\90c0d608df9bbd32f5f34683acc58cb433e94508\jaylib-4.5.0-0.jar
Launcher Type: SUN_STANDARD

[Global flags]
     intx CICompilerCount                          = 12                                        {product} {ergonomic}
     uint ConcGCThreads                            = 3                                         {product} {ergonomic}
     uint G1ConcRefinementThreads                  = 13                                        {product} {ergonomic}
   size_t G1HeapRegionSize                         = 2097152                                   {product} {ergonomic}
    uintx GCDrainStackTargetSize                   = 64                                        {product} {ergonomic}
   size_t InitialHeapSize                          = 264241152                                 {product} {ergonomic}
   size_t MarkStackSize                            = 4194304                                   {product} {ergonomic}
   size_t MaxHeapSize                              = 4200595456                                {product} {ergonomic}
   size_t MaxNewSize                               = 2518679552                                {product} {ergonomic}
   size_t MinHeapDeltaBytes                        = 2097152                                   {product} {ergonomic}
   size_t MinHeapSize                              = 8388608                                   {product} {ergonomic}
    uintx NonNMethodCodeHeapSize                   = 7602480                                {pd product} {ergonomic}
    uintx NonProfiledCodeHeapSize                  = 122027880                              {pd product} {ergonomic}
    uintx ProfiledCodeHeapSize                     = 122027880                              {pd product} {ergonomic}
    uintx ReservedCodeCacheSize                    = 251658240                              {pd product} {ergonomic}
     bool SegmentedCodeCache                       = true                                      {product} {ergonomic}
   size_t SoftMaxHeapSize                          = 4200595456                             {manageable} {ergonomic}
     bool UseCompressedClassPointers               = true                           {product lp64_product} {ergonomic}
     bool UseCompressedOops                        = true                           {product lp64_product} {ergonomic}
     bool UseG1GC                                  = true                                      {product} {ergonomic}
     bool UseLargePagesIndividualAllocation        = false                                  {pd product} {ergonomic}

Logging:
Log output configuration:
 #0: stdout all=warning uptime,level,tags
 #1: stderr all=off uptime,level,tags

Environment Variables:
PATH=C:\Program Files (x86)\Common Files\Intel\Shared Libraries\redist\intel64\compiler;C:\Program Files\Common Files\Oracle\Java\javapath;C:\Program Files\Microsoft\jdk-11.0.12.7-hotspot\bin;C:\windows\system32;C:\windows;C:\windows\System32\Wbem;C:\windows\System32\WindowsPowerShell\v1.0\;C:\windows\System32\OpenSSH\;C:\Program Files (x86)\NVIDIA Corporation\PhysX\Common;C:\Program Files\NVIDIA Corporation\NVIDIA NvDLISR;C:\Program Files\Microsoft SQL Server\150\Tools\Binn\;C:\Program Files\Microsoft SQL Server\Client SDK\ODBC\170\Tools\Binn\;C:\Program Files\dotnet\;C:\WINDOWS\system32;C:\WINDOWS;C:\WINDOWS\System32\Wbem;C:\WINDOWS\System32\WindowsPowerShell\v1.0\;C:\WINDOWS\System32\OpenSSH\;C:\Program Files\CMake\bin;C:\Program Files\Git\cmd;C:\Users\luczu\AppData\Local\Microsoft\WindowsApps;C:\Users\luczu\.dotnet\tools;C:\Users\luczu\AppData\Local\GitHubDesktop\bin;;C:\Users\luczu\AppData\Local\Programs\Microsoft VS Code\bin
USERNAME=luczu
OS=Windows_NT
PROCESSOR_IDENTIFIER=Intel64 Family 6 Model 141 Stepping 1, GenuineIntel
TMP=C:\Users\luczu\AppData\Local\Temp
TEMP=C:\Users\luczu\AppData\Local\Temp



Periodic native trim disabled


---------------  S Y S T E M  ---------------

OS:
 Windows 11 , 64 bit Build 22621 (10.0.22621.2506)
OS uptime: 0 days 0:53 hours
Hyper-V role detected

CPU: total 16 (initial active 16) (8 cores per cpu, 2 threads per core) family 6 model 141 stepping 1 microcode 0x4e, cx8, cmov, fxsr, ht, mmx, 3dnowpref, sse, sse2, sse3, ssse3, sse4.1, sse4.2, popcnt, lzcnt, tsc, tscinvbit, avx, avx2, aes, erms, clmul, bmi1, bmi2, adx, avx512f, avx512dq, avx512cd, avx512bw, avx512vl, sha, fma, vzeroupper, avx512_vpopcntdq, avx512_vpclmulqdq, avx512_vaes, avx512_vnni, clflush, clflushopt, clwb, avx512_vbmi2, avx512_vbmi, hv
Processor Information for all 16 processors :
  Max Mhz: 2304, Current Mhz: 2304, Mhz Limit: 2304

Memory: 4k page, system-wide physical 16021M (1007M free)
TotalPageFile size 34453M (AvailPageFile size 6752M)
current process WorkingSet (physical memory assigned to process): 122M, peak: 194M
current process commit charge ("private bytes"): 499M, peak: 614M

vm_info: OpenJDK 64-Bit Server VM (17.0.10+7-LTS) for windows-amd64 JRE (17.0.10+7-LTS), built on Jan 10 2024 22:11:07 by "Administrator" with MS VC++ 16.10 / 16.11 (VS2019)

END.
