#
# A fatal error has been detected by the Java Runtime Environment:
#
#  EXCEPTION_ACCESS_VIOLATION (0xc0000005) at pc=0x00007fff92c6eba5, pid=30180, tid=5152
#
# JRE version: OpenJDK Runtime Environment Corretto-17.0.10.7.1 (17.0.10+7) (build 17.0.10+7-LTS)
# Java VM: OpenJDK 64-Bit Server VM Corretto-17.0.10.7.1 (17.0.10+7-LTS, mixed mode, sharing, tiered, compressed oops, compressed class ptrs, g1 gc, windows-amd64)
# Problematic frame:
# C  [jniRaylib.dll+0x13eba5]
#
# No core dump will be written. Minidumps are not enabled by default on client versions of Windows
#
# If you would like to submit a bug report, please visit:
#   https://github.com/corretto/corretto-17/issues/
# The crash happened outside the Java Virtual Machine in native code.
# See problematic frame for where to report the bug.
#

---------------  S U M M A R Y ------------

Command Line: -Dfile.encoding=windows-1252 -Duser.country=NL -Duser.language=nl -Duser.variant PineVille.MenuScene

Host: 11th Gen Intel(R) Core(TM) i7-11800H @ 2.30GHz, 16 cores, 15G,  Windows 11 , 64 bit Build 22621 (10.0.22621.3085)
Time: Tue Mar 12 09:11:15 2024 West-Europa (standaardtijd) elapsed time: 10.041617 seconds (0d 0h 0m 10s)

---------------  T H R E A D  ---------------

Current thread (0x0000019c28a9afd0):  JavaThread "main" [_thread_in_native, id=5152, stack(0x00000087d9100000,0x00000087d9200000)]

Stack: [0x00000087d9100000,0x00000087d9200000],  sp=0x00000087d91feb88,  free space=1018k
Native frames: (J=compiled Java code, j=interpreted, Vv=VM code, C=native code)
C  [jniRaylib.dll+0x13eba5]

Java frames: (J=compiled Java code, j=interpreted, Vv=VM code)
J 767  com.raylib.Raylib.GuiButton(Lcom/raylib/Raylib$Rectangle;Ljava/lang/String;)Z (0 bytes) @ 0x0000019c381e1d0e [0x0000019c381e1ca0+0x000000000000006e]
j  PineVille.Shop.ShopUi()V+60
j  PineVille.GameScene.main([Ljava/lang/String;)V+404
j  PineVille.MenuScene.switchToGameScene()V+10
j  PineVille.MenuScene.main([Ljava/lang/String;)V+78
v  ~StubRoutines::call_stub

siginfo: EXCEPTION_ACCESS_VIOLATION (0xc0000005), reading address 0x0000019c95368130


Registers:
RAX=0x0000000000000000, RBX=0x0000000000000003, RCX=0x0000019c95368130, RDX=0x0000000000000042
RSP=0x00000087d91feb88, RBP=0x00000000ffffffff, RSI=0x0000019c4c47f9b0, RDI=0x0000000000000000
R8 =0x0000000000000000, R9 =0x00000000000000e0, R10=0x0000019c4c47f9b0, R11=0x00000087d91fed10
R12=0x00007fff92d398c0, R13=0x0000000000000001, R14=0x0000019c4c47f9b0, R15=0x0000000000000000
RIP=0x00007fff92c6eba5, EFLAGS=0x0000000000010202


Register to memory mapping:

RIP=0x00007fff92c6eba5 jniRaylib.dll
RAX=0x0 is NULL
RBX=0x0000000000000003 is an unknown value
RCX=0x0000019c95368130 is an unknown value
RDX=0x0000000000000042 is an unknown value
RSP=0x00000087d91feb88 is pointing into the stack for thread: 0x0000019c28a9afd0
RBP=0x00000000ffffffff is an unknown value
RSI=0x0000019c4c47f9b0 points into unknown readable memory: 0x0000000000797542 | 42 75 79 00 00 00 00 00
RDI=0x0 is NULL
R8 =0x0 is NULL
R9 =0x00000000000000e0 is an unknown value
R10=0x0000019c4c47f9b0 points into unknown readable memory: 0x0000000000797542 | 42 75 79 00 00 00 00 00
R11=0x00000087d91fed10 is pointing into the stack for thread: 0x0000019c28a9afd0
R12=0x00007fff92d398c0 jniRaylib.dll
R13=0x0000000000000001 is an unknown value
R14=0x0000019c4c47f9b0 points into unknown readable memory: 0x0000000000797542 | 42 75 79 00 00 00 00 00
R15=0x0 is NULL


Top of Stack: (sp=0x00000087d91feb88)
0x00000087d91feb88:   00007fff92b41834 0000019c93a16d50
0x00000087d91feb98:   0000019c2675ad40 0000019c28a9afd0
0x00000087d91feba8:   00007fff16071185 000000e00000000a
0x00000087d91febb8:   0000000200000000 0000008000000080
0x00000087d91febc8:   0000000200000001 0000019c93367c10
0x00000087d91febd8:   0000019c95368130 0000000044190000
0x00000087d91febe8:   0000000000000000 0000000044078000
0x00000087d91febf8:   0000000000000000 0000019c4c47f9b0
0x00000087d91fec08:   00000000ffffffff 00000087d91fedc0
0x00000087d91fec18:   0000000000000000 000000000000003c
0x00000087d91fec28:   00007fff92b41d40 0000000000000001
0x00000087d91fec38:   0000000000000000 00000000ff686868
0x00000087d91fec48:   0000019c00000000 0000000000000004
0x00000087d91fec58:   00007fff00000000 0000000000000000
0x00000087d91fec68:   00007fff16060181 0000000000000000
0x00000087d91fec78:   0000000000000000 0000000000000000
0x00000087d91fec88:   0000000000000000 0000000000000000
0x00000087d91fec98:   0000000000000000 0000000000000000
0x00000087d91feca8:   0000000000000000 0000000000000000
0x00000087d91fecb8:   0000000000000000 0000000000000000
0x00000087d91fecc8:   0000000000000000 0000000000000000
0x00000087d91fecd8:   0000000000000000 0000000000000000
0x00000087d91fece8:   0000000000000000 0000000000000000
0x00000087d91fecf8:   0000000000000000 0000000000000000
0x00000087d91fed08:   0000000000000000 0000000000000000
0x00000087d91fed18:   0000000000000000 0000000000000000
0x00000087d91fed28:   0000000000000000 0000000000000000
0x00000087d91fed38:   0000000000000000 0000000000000000
0x00000087d91fed48:   0000000000000000 0000000000000000
0x00000087d91fed58:   0000000000000000 00007fff92d39180
0x00000087d91fed68:   0000000000000000 0000000000000000
0x00000087d91fed78:   0000019c4c47f9b0 00000087d91fee30 

Instructions: (pc=0x00007fff92c6eba5)
0x00007fff92c6eaa5:   8b c0 c3 cc cc cc cc cc cc cc cc 40 53 48 83 ec
0x00007fff92c6eab5:   20 33 c0 48 8b da 89 44 24 30 89 02 0f b6 41 ff
0x00007fff92c6eac5:   48 ff c9 84 c0 79 06 24 c0 3c 80 74 ef 48 8d 54
0x00007fff92c6ead5:   24 30 e8 24 ff ff ff 85 c0 74 06 8b 4c 24 30 89
0x00007fff92c6eae5:   0b 48 83 c4 20 5b c3 cc cc cc cc 0f 10 05 09 b0
0x00007fff92c6eaf5:   0b 00 48 8b c1 0f 10 0d 0f b0 0b 00 0f 11 01 0f
0x00007fff92c6eb05:   10 05 15 b0 0b 00 0f 11 49 10 0f 11 41 20 c3 cc
0x00007fff92c6eb15:   cc cc cc cc cc cc cc cc cc cc cc 40 53 48 83 ec
0x00007fff92c6eb25:   30 0f 10 12 45 8b c8 33 c0 0f 10 4a 20 4c 8b da
0x00007fff92c6eb35:   48 8b d9 66 49 0f 7e d0 0f 29 14 24 49 c1 e8 20
0x00007fff92c6eb45:   44 8d 50 3f 0f 29 4c 24 20 45 85 c0 7e 21 48 8b
0x00007fff92c6eb55:   4c 24 28 8b 54 24 04 0f 1f 40 00 44 39 09 74 0c
0x00007fff92c6eb65:   ff c0 48 83 c1 28 3b c2 7c f1 eb 03 44 8b d0 49
0x00007fff92c6eb75:   8b 43 20 49 63 ca 48 03 c9 0f 10 04 c8 48 8b c3
0x00007fff92c6eb85:   0f 11 03 48 83 c4 30 5b c3 cc cc 4c 63 41 04 33
0x00007fff92c6eb95:   c0 45 85 c0 7e 1c 48 8b 49 28 4d 8b c8 44 8b c0
0x00007fff92c6eba5:   39 11 74 13 ff c0 49 ff c0 48 83 c1 28 4d 3b c1
0x00007fff92c6ebb5:   7c ee b8 3f 00 00 00 c3 cc cc cc 40 53 48 83 ec
0x00007fff92c6ebc5:   30 0f 10 12 45 8b c8 33 c0 0f 10 4a 20 48 8b da
0x00007fff92c6ebd5:   4c 8b d1 66 49 0f 7e d0 0f 29 14 24 49 c1 e8 20
0x00007fff92c6ebe5:   44 8d 58 3f 0f 29 4c 24 20 45 85 c0 7e 21 48 8b
0x00007fff92c6ebf5:   4c 24 28 8b 54 24 04 0f 1f 40 00 44 39 09 74 0c
0x00007fff92c6ec05:   ff c0 48 83 c1 28 3b c2 7c f1 eb 03 44 8b d8 49
0x00007fff92c6ec15:   63 c3 48 8d 0c 80 48 8b 43 28 0f 10 04 c8 0f 10
0x00007fff92c6ec25:   4c c8 10 41 0f 11 02 f2 0f 10 44 c8 20 49 8b c2
0x00007fff92c6ec35:   41 0f 11 4a 10 f2 41 0f 11 42 20 48 83 c4 30 5b
0x00007fff92c6ec45:   c3 cc cc cc cc cc cc cc cc cc cc 83 79 0c 00 76
0x00007fff92c6ec55:   1c 83 39 00 7e 17 83 79 04 00 7e 11 48 83 79 20
0x00007fff92c6ec65:   00 74 0a 48 83 79 28 00 74 03 b0 01 c3 32 c0 c3
0x00007fff92c6ec75:   cc cc cc cc cc cc cc cc cc cc cc 40 55 56 57 41
0x00007fff92c6ec85:   55 41 56 48 8d ac 24 30 fe ff ff 48 81 ec d0 02
0x00007fff92c6ec95:   00 00 48 8b 05 da f0 0a 00 48 33 c4 48 89 85 a0 


Stack slot to memory mapping:
stack at sp + 0 slots: 0x00007fff92b41834 jniRaylib.dll
stack at sp + 1 slots: 0x0000019c93a16d50 points into unknown readable memory: 0x0000019c266b1500 | 00 15 6b 26 9c 01 00 00
stack at sp + 2 slots: 0x0000019c2675ad40 points into unknown readable memory: 0x7372657300000002 | 02 00 00 00 73 65 72 73
stack at sp + 3 slots: 0x0000019c28a9afd0 is a thread
stack at sp + 4 slots: 0x00007fff16071185 jvm.dll
stack at sp + 5 slots: 0x000000e00000000a is an unknown value
stack at sp + 6 slots: 0x0000000200000000 is an unknown value
stack at sp + 7 slots: 0x0000008000000080 is an unknown value


Compiled method (n/a)   10122  767     n 0       com.raylib.Raylib::GuiButton (native)
 total in heap  [0x0000019c381e1b10,0x0000019c381e1f10] = 1024
 relocation     [0x0000019c381e1c68,0x0000019c381e1c98] = 48
 main code      [0x0000019c381e1ca0,0x0000019c381e1f08] = 616
 oops           [0x0000019c381e1f08,0x0000019c381e1f10] = 8

[Constant Pool (empty)]

[MachCode]
[Entry Point]
  # {method} {0x0000019c8e443580} 'GuiButton' '(Lcom/raylib/Raylib$Rectangle;Ljava/lang/String;)Z' in 'com/raylib/Raylib'
  # parm0:    rdx:rdx   = 'com/raylib/Raylib$Rectangle'
  # parm1:    r8:r8     = 'java/lang/String'
  #           [sp+0x70]  (sp of caller)
  0x0000019c381e1ca0: 448b 5208 | 49bb 0000 | 004d 9c01 | 0000 4d03 | d349 3bc2 | 0f84 0600 

  0x0000019c381e1cb8: ;   {runtime_call ic_miss_stub}
  0x0000019c381e1cb8: 0000 e9c1 | f886 ff90 
[Verified Entry Point]
  0x0000019c381e1cc0: 8984 2400 | 90ff ff55 | 488b ec48 | 83ec 604c | 8944 2428 | 4983 f800 | 4c8d 4c24 | 284c 0f44 
  0x0000019c381e1ce0: 4c24 2848 | 8954 2420 | 4883 fa00 | 4c8d 4424 | 204c 0f44 

  0x0000019c381e1cf4: ;   {oop(a 'java/lang/Class'{0x0000000713e004a8} = 'com/raylib/Raylib')}
  0x0000019c381e1cf4: 4424 2049 | bea8 04e0 | 1307 0000 | 004c 8974 | 2450 4c8d | 7424 5049 | 8bd6 c5f8 

  0x0000019c381e1d10: ;   {internal_word}
  0x0000019c381e1d10: 7749 ba0e | 1d1e 389c | 0100 004d | 8997 a002 | 0000 4989 | a798 0200 

  0x0000019c381e1d28: ;   {external_word}
  0x0000019c381e1d28: 0049 ba79 | 3580 16ff | 7f00 0041 | 803a 000f | 8452 0000 | 0052 4150 

  0x0000019c381e1d40: ;   {metadata({method} {0x0000019c8e443580} 'GuiButton' '(Lcom/raylib/Raylib$Rectangle;Ljava/lang/String;)Z' in 'com/raylib/Raylib')}
  0x0000019c381e1d40: 4151 48ba | 7835 448e | 9c01 0000 | 498b cf48 | 83ec 20f7 | c40f 0000 | 000f 841a | 0000 0048 
  0x0000019c381e1d60: ;   {runtime_call}
  0x0000019c381e1d60: 83ec 0849 | ba00 3036 | 16ff 7f00 | 0041 ffd2 | 4883 c408 | e90d 0000 

  0x0000019c381e1d78: ;   {runtime_call}
  0x0000019c381e1d78: 0049 ba00 | 3036 16ff | 7f00 0041 | ffd2 4883 | c420 4159 | 4158 5a49 | 8d8f b802 | 0000 41c7 
  0x0000019c381e1d98: 8748 0300 | 0004 0000 

  0x0000019c381e1da0: ;   {runtime_call}
  0x0000019c381e1da0: 0049 ba10 | 11b9 92ff | 7f00 0041 | ffd2 c5f8 | 7781 e0ff | 0000 000f | 95c0 41c7 | 8748 0300 
  0x0000019c381e1dc0: 0005 0000 | 00f0 8344 | 24c0 0049 | 3baf 5003 | 0000 0f87 | 1100 0000 | 4181 bf38 | 0300 0000 
  0x0000019c381e1de0: 0000 000f | 842c 0000 | 00c5 f877 | 4889 45f8 | 498b cf4c | 8be4 4883 | ec20 4883 

  0x0000019c381e1dfc: ;   {runtime_call}
  0x0000019c381e1dfc: e4f0 49ba | 9044 4616 | ff7f 0000 | 41ff d249 | 8be4 4d33 | e448 8b45 | f841 c787 | 4803 0000 
  0x0000019c381e1e1c: 0800 0000 | 4181 bfb8 | 0300 0002 | 0000 000f | 84a3 0000 

  0x0000019c381e1e30: ;   {external_word}
  0x0000019c381e1e30: 0049 ba79 | 3580 16ff | 7f00 0041 | 803a 000f | 8450 0000 | 0048 8945 

  0x0000019c381e1e48: ;   {metadata({method} {0x0000019c8e443580} 'GuiButton' '(Lcom/raylib/Raylib$Rectangle;Ljava/lang/String;)Z' in 'com/raylib/Raylib')}
  0x0000019c381e1e48: f848 ba78 | 3544 8e9c | 0100 0049 | 8bcf 4883 | ec20 f7c4 | 0f00 0000 | 0f84 1a00 | 0000 4883 
  0x0000019c381e1e68: ;   {runtime_call}
  0x0000019c381e1e68: ec08 49ba | 0030 3616 | ff7f 0000 | 41ff d248 | 83c4 08e9 | 0d00 0000 

  0x0000019c381e1e80: ;   {runtime_call}
  0x0000019c381e1e80: 49ba 0030 | 3616 ff7f | 0000 41ff | d248 83c4 | 2048 8b45 | f849 c787 | 9802 0000 | 0000 0000 
  0x0000019c381e1ea0: 49c7 87a0 | 0200 0000 | 0000 00c5 | f877 498b | 8fd8 0000 | 00c7 8100 | 0100 0000 | 0000 00c9 
  0x0000019c381e1ec0: 4981 7f08 | 0000 0000 | 0f85 0100 

  0x0000019c381e1ecc: ;   {runtime_call StubRoutines (1)}
  0x0000019c381e1ecc: 0000 c3e9 | 2cf0 81ff | c5f8 7748 | 8945 f84c | 8be4 4883 | ec20 4883 

  0x0000019c381e1ee4: ;   {runtime_call}
  0x0000019c381e1ee4: e4f0 49ba | 8060 3616 | ff7f 0000 | 41ff d249 | 8be4 4d33 | e448 8b45 | f8e9 2fff | ffff f4f4 
  0x0000019c381e1f04: f4f4 f4f4 
[/MachCode]


---------------  P R O C E S S  ---------------

Threads class SMR info:
_java_thread_list=0x0000019c93b9abe0, length=13, elements={
0x0000019c28a9afd0, 0x0000019c4c308960, 0x0000019c4c309430, 0x0000019c4c31f140,
0x0000019c4c31fc10, 0x0000019c4c3225f0, 0x0000019c4c324ed0, 0x0000019c4c32db90,
0x0000019c4c331a50, 0x0000019c4c346b40, 0x0000019c4c4a15a0, 0x0000019c4c4a4900,
0x0000019c93e25750
}

Java Threads: ( => current thread )
=>0x0000019c28a9afd0 JavaThread "main" [_thread_in_native, id=5152, stack(0x00000087d9100000,0x00000087d9200000)]
  0x0000019c4c308960 JavaThread "Reference Handler" daemon [_thread_blocked, id=1072, stack(0x00000087d9800000,0x00000087d9900000)]
  0x0000019c4c309430 JavaThread "Finalizer" daemon [_thread_blocked, id=31492, stack(0x00000087d9900000,0x00000087d9a00000)]
  0x0000019c4c31f140 JavaThread "Signal Dispatcher" daemon [_thread_blocked, id=13160, stack(0x00000087d9a00000,0x00000087d9b00000)]
  0x0000019c4c31fc10 JavaThread "Attach Listener" daemon [_thread_blocked, id=20892, stack(0x00000087d9b00000,0x00000087d9c00000)]
  0x0000019c4c3225f0 JavaThread "Service Thread" daemon [_thread_blocked, id=23720, stack(0x00000087d9c00000,0x00000087d9d00000)]
  0x0000019c4c324ed0 JavaThread "Monitor Deflation Thread" daemon [_thread_blocked, id=30364, stack(0x00000087d9d00000,0x00000087d9e00000)]
  0x0000019c4c32db90 JavaThread "C2 CompilerThread0" daemon [_thread_blocked, id=3836, stack(0x00000087d9e00000,0x00000087d9f00000)]
  0x0000019c4c331a50 JavaThread "C1 CompilerThread0" daemon [_thread_blocked, id=23812, stack(0x00000087d9f00000,0x00000087da000000)]
  0x0000019c4c346b40 JavaThread "Sweeper thread" daemon [_thread_blocked, id=11472, stack(0x00000087da000000,0x00000087da100000)]
  0x0000019c4c4a15a0 JavaThread "Notification Thread" daemon [_thread_blocked, id=11768, stack(0x00000087da300000,0x00000087da400000)]
  0x0000019c4c4a4900 JavaThread "Common-Cleaner" daemon [_thread_blocked, id=3344, stack(0x00000087da500000,0x00000087da600000)]
  0x0000019c93e25750 JavaThread "JavaCPP Deallocator" daemon [_thread_blocked, id=19268, stack(0x00000087da900000,0x00000087daa00000)]

Other Threads:
  0x0000019c4c302090 VMThread "VM Thread" [stack: 0x00000087d9700000,0x00000087d9800000] [id=15664]
  0x0000019c4c4a1a80 WatcherThread [stack: 0x00000087da400000,0x00000087da500000] [id=23892]
  0x0000019c28b07b30 GCTaskThread "GC Thread#0" [stack: 0x00000087d9200000,0x00000087d9300000] [id=29428]
  0x0000019c94bce830 GCTaskThread "GC Thread#1" [stack: 0x00000087da600000,0x00000087da700000] [id=15492]
  0x0000019c94aed9f0 GCTaskThread "GC Thread#2" [stack: 0x00000087da700000,0x00000087da800000] [id=14348]
  0x0000019c94bc9e70 GCTaskThread "GC Thread#3" [stack: 0x00000087da800000,0x00000087da900000] [id=11096]
  0x0000019c9536ac60 GCTaskThread "GC Thread#4" [stack: 0x00000087db600000,0x00000087db700000] [id=21896]
  0x0000019c93d55ec0 GCTaskThread "GC Thread#5" [stack: 0x00000087db700000,0x00000087db800000] [id=15632]
  0x0000019c28b183e0 ConcurrentGCThread "G1 Main Marker" [stack: 0x00000087d9300000,0x00000087d9400000] [id=4380]
  0x0000019c28b18d10 ConcurrentGCThread "G1 Conc#0" [stack: 0x00000087d9400000,0x00000087d9500000] [id=11000]
  0x0000019c4bf99570 ConcurrentGCThread "G1 Refine#0" [stack: 0x00000087d9500000,0x00000087d9600000] [id=4172]
  0x0000019c4bf9adc0 ConcurrentGCThread "G1 Service" [stack: 0x00000087d9600000,0x00000087d9700000] [id=15428]

Threads with active compile tasks:

VM state: not at safepoint (normal execution)

VM Mutex/Monitor currently owned by a thread: None

Heap address: 0x0000000705a00000, size: 4006 MB, Compressed Oops mode: Zero based, Oop shift amount: 3

CDS archive(s) mapped at: [0x0000019c4d000000-0x0000019c4dbb0000-0x0000019c4dbb0000), size 12255232, SharedBaseAddress: 0x0000019c4d000000, ArchiveRelocationMode: 1.
Compressed class space mapped at: 0x0000019c4e000000-0x0000019c8e000000, reserved size: 1073741824
Narrow klass base: 0x0000019c4d000000, Narrow klass shift: 0, Narrow klass range: 0x100000000

GC Precious Log:
 CPUs: 16 total, 16 available
 Memory: 16021M
 Large Page Support: Disabled
 NUMA Support: Disabled
 Compressed Oops: Enabled (Zero based)
 Heap Region Size: 2M
 Heap Min Capacity: 8M
 Heap Initial Capacity: 252M
 Heap Max Capacity: 4006M
 Pre-touch: Disabled
 Parallel Workers: 13
 Concurrent Workers: 3
 Concurrent Refinement Workers: 13
 Periodic GC: Disabled

Heap:
 garbage-first heap   total 258048K, used 3711K [0x0000000705a00000, 0x0000000800000000)
  region size 2048K, 3 young (6144K), 1 survivors (2048K)
 Metaspace       used 2135K, committed 2304K, reserved 1114112K
  class space    used 181K, committed 256K, reserved 1048576K

Heap Regions: E=young(eden), S=young(survivor), O=old, HS=humongous(starts), HC=humongous(continues), CS=collection set, F=free, OA=open archive, CA=closed archive, TAMS=top-at-mark-start (previous, next)
|   0|0x0000000705a00000, 0x0000000705a00000, 0x0000000705c00000|  0%| F|  |TAMS 0x0000000705a00000, 0x0000000705a00000| Untracked 
|   1|0x0000000705c00000, 0x0000000705c00000, 0x0000000705e00000|  0%| F|  |TAMS 0x0000000705c00000, 0x0000000705c00000| Untracked 
|   2|0x0000000705e00000, 0x0000000705e00000, 0x0000000706000000|  0%| F|  |TAMS 0x0000000705e00000, 0x0000000705e00000| Untracked 
|   3|0x0000000706000000, 0x0000000706000000, 0x0000000706200000|  0%| F|  |TAMS 0x0000000706000000, 0x0000000706000000| Untracked 
|   4|0x0000000706200000, 0x0000000706200000, 0x0000000706400000|  0%| F|  |TAMS 0x0000000706200000, 0x0000000706200000| Untracked 
|   5|0x0000000706400000, 0x0000000706400000, 0x0000000706600000|  0%| F|  |TAMS 0x0000000706400000, 0x0000000706400000| Untracked 
|   6|0x0000000706600000, 0x0000000706600000, 0x0000000706800000|  0%| F|  |TAMS 0x0000000706600000, 0x0000000706600000| Untracked 
|   7|0x0000000706800000, 0x0000000706800000, 0x0000000706a00000|  0%| F|  |TAMS 0x0000000706800000, 0x0000000706800000| Untracked 
|   8|0x0000000706a00000, 0x0000000706a00000, 0x0000000706c00000|  0%| F|  |TAMS 0x0000000706a00000, 0x0000000706a00000| Untracked 
|   9|0x0000000706c00000, 0x0000000706c00000, 0x0000000706e00000|  0%| F|  |TAMS 0x0000000706c00000, 0x0000000706c00000| Untracked 
|  10|0x0000000706e00000, 0x0000000706e00000, 0x0000000707000000|  0%| F|  |TAMS 0x0000000706e00000, 0x0000000706e00000| Untracked 
|  11|0x0000000707000000, 0x0000000707000000, 0x0000000707200000|  0%| F|  |TAMS 0x0000000707000000, 0x0000000707000000| Untracked 
|  12|0x0000000707200000, 0x0000000707200000, 0x0000000707400000|  0%| F|  |TAMS 0x0000000707200000, 0x0000000707200000| Untracked 
|  13|0x0000000707400000, 0x0000000707400000, 0x0000000707600000|  0%| F|  |TAMS 0x0000000707400000, 0x0000000707400000| Untracked 
|  14|0x0000000707600000, 0x0000000707600000, 0x0000000707800000|  0%| F|  |TAMS 0x0000000707600000, 0x0000000707600000| Untracked 
|  15|0x0000000707800000, 0x0000000707800000, 0x0000000707a00000|  0%| F|  |TAMS 0x0000000707800000, 0x0000000707800000| Untracked 
|  16|0x0000000707a00000, 0x0000000707a00000, 0x0000000707c00000|  0%| F|  |TAMS 0x0000000707a00000, 0x0000000707a00000| Untracked 
|  17|0x0000000707c00000, 0x0000000707c00000, 0x0000000707e00000|  0%| F|  |TAMS 0x0000000707c00000, 0x0000000707c00000| Untracked 
|  18|0x0000000707e00000, 0x0000000707e00000, 0x0000000708000000|  0%| F|  |TAMS 0x0000000707e00000, 0x0000000707e00000| Untracked 
|  19|0x0000000708000000, 0x0000000708000000, 0x0000000708200000|  0%| F|  |TAMS 0x0000000708000000, 0x0000000708000000| Untracked 
|  20|0x0000000708200000, 0x0000000708200000, 0x0000000708400000|  0%| F|  |TAMS 0x0000000708200000, 0x0000000708200000| Untracked 
|  21|0x0000000708400000, 0x0000000708400000, 0x0000000708600000|  0%| F|  |TAMS 0x0000000708400000, 0x0000000708400000| Untracked 
|  22|0x0000000708600000, 0x0000000708600000, 0x0000000708800000|  0%| F|  |TAMS 0x0000000708600000, 0x0000000708600000| Untracked 
|  23|0x0000000708800000, 0x0000000708800000, 0x0000000708a00000|  0%| F|  |TAMS 0x0000000708800000, 0x0000000708800000| Untracked 
|  24|0x0000000708a00000, 0x0000000708a00000, 0x0000000708c00000|  0%| F|  |TAMS 0x0000000708a00000, 0x0000000708a00000| Untracked 
|  25|0x0000000708c00000, 0x0000000708c00000, 0x0000000708e00000|  0%| F|  |TAMS 0x0000000708c00000, 0x0000000708c00000| Untracked 
|  26|0x0000000708e00000, 0x0000000708e00000, 0x0000000709000000|  0%| F|  |TAMS 0x0000000708e00000, 0x0000000708e00000| Untracked 
|  27|0x0000000709000000, 0x0000000709000000, 0x0000000709200000|  0%| F|  |TAMS 0x0000000709000000, 0x0000000709000000| Untracked 
|  28|0x0000000709200000, 0x0000000709200000, 0x0000000709400000|  0%| F|  |TAMS 0x0000000709200000, 0x0000000709200000| Untracked 
|  29|0x0000000709400000, 0x0000000709400000, 0x0000000709600000|  0%| F|  |TAMS 0x0000000709400000, 0x0000000709400000| Untracked 
|  30|0x0000000709600000, 0x0000000709600000, 0x0000000709800000|  0%| F|  |TAMS 0x0000000709600000, 0x0000000709600000| Untracked 
|  31|0x0000000709800000, 0x0000000709800000, 0x0000000709a00000|  0%| F|  |TAMS 0x0000000709800000, 0x0000000709800000| Untracked 
|  32|0x0000000709a00000, 0x0000000709a00000, 0x0000000709c00000|  0%| F|  |TAMS 0x0000000709a00000, 0x0000000709a00000| Untracked 
|  33|0x0000000709c00000, 0x0000000709c00000, 0x0000000709e00000|  0%| F|  |TAMS 0x0000000709c00000, 0x0000000709c00000| Untracked 
|  34|0x0000000709e00000, 0x0000000709e00000, 0x000000070a000000|  0%| F|  |TAMS 0x0000000709e00000, 0x0000000709e00000| Untracked 
|  35|0x000000070a000000, 0x000000070a000000, 0x000000070a200000|  0%| F|  |TAMS 0x000000070a000000, 0x000000070a000000| Untracked 
|  36|0x000000070a200000, 0x000000070a200000, 0x000000070a400000|  0%| F|  |TAMS 0x000000070a200000, 0x000000070a200000| Untracked 
|  37|0x000000070a400000, 0x000000070a400000, 0x000000070a600000|  0%| F|  |TAMS 0x000000070a400000, 0x000000070a400000| Untracked 
|  38|0x000000070a600000, 0x000000070a600000, 0x000000070a800000|  0%| F|  |TAMS 0x000000070a600000, 0x000000070a600000| Untracked 
|  39|0x000000070a800000, 0x000000070a800000, 0x000000070aa00000|  0%| F|  |TAMS 0x000000070a800000, 0x000000070a800000| Untracked 
|  40|0x000000070aa00000, 0x000000070aa00000, 0x000000070ac00000|  0%| F|  |TAMS 0x000000070aa00000, 0x000000070aa00000| Untracked 
|  41|0x000000070ac00000, 0x000000070ac00000, 0x000000070ae00000|  0%| F|  |TAMS 0x000000070ac00000, 0x000000070ac00000| Untracked 
|  42|0x000000070ae00000, 0x000000070ae00000, 0x000000070b000000|  0%| F|  |TAMS 0x000000070ae00000, 0x000000070ae00000| Untracked 
|  43|0x000000070b000000, 0x000000070b000000, 0x000000070b200000|  0%| F|  |TAMS 0x000000070b000000, 0x000000070b000000| Untracked 
|  44|0x000000070b200000, 0x000000070b200000, 0x000000070b400000|  0%| F|  |TAMS 0x000000070b200000, 0x000000070b200000| Untracked 
|  45|0x000000070b400000, 0x000000070b400000, 0x000000070b600000|  0%| F|  |TAMS 0x000000070b400000, 0x000000070b400000| Untracked 
|  46|0x000000070b600000, 0x000000070b600000, 0x000000070b800000|  0%| F|  |TAMS 0x000000070b600000, 0x000000070b600000| Untracked 
|  47|0x000000070b800000, 0x000000070b800000, 0x000000070ba00000|  0%| F|  |TAMS 0x000000070b800000, 0x000000070b800000| Untracked 
|  48|0x000000070ba00000, 0x000000070ba00000, 0x000000070bc00000|  0%| F|  |TAMS 0x000000070ba00000, 0x000000070ba00000| Untracked 
|  49|0x000000070bc00000, 0x000000070bc00000, 0x000000070be00000|  0%| F|  |TAMS 0x000000070bc00000, 0x000000070bc00000| Untracked 
|  50|0x000000070be00000, 0x000000070be00000, 0x000000070c000000|  0%| F|  |TAMS 0x000000070be00000, 0x000000070be00000| Untracked 
|  51|0x000000070c000000, 0x000000070c000000, 0x000000070c200000|  0%| F|  |TAMS 0x000000070c000000, 0x000000070c000000| Untracked 
|  52|0x000000070c200000, 0x000000070c200000, 0x000000070c400000|  0%| F|  |TAMS 0x000000070c200000, 0x000000070c200000| Untracked 
|  53|0x000000070c400000, 0x000000070c400000, 0x000000070c600000|  0%| F|  |TAMS 0x000000070c400000, 0x000000070c400000| Untracked 
|  54|0x000000070c600000, 0x000000070c600000, 0x000000070c800000|  0%| F|  |TAMS 0x000000070c600000, 0x000000070c600000| Untracked 
|  55|0x000000070c800000, 0x000000070c800000, 0x000000070ca00000|  0%| F|  |TAMS 0x000000070c800000, 0x000000070c800000| Untracked 
|  56|0x000000070ca00000, 0x000000070ca00000, 0x000000070cc00000|  0%| F|  |TAMS 0x000000070ca00000, 0x000000070ca00000| Untracked 
|  57|0x000000070cc00000, 0x000000070cc00000, 0x000000070ce00000|  0%| F|  |TAMS 0x000000070cc00000, 0x000000070cc00000| Untracked 
|  58|0x000000070ce00000, 0x000000070ce00000, 0x000000070d000000|  0%| F|  |TAMS 0x000000070ce00000, 0x000000070ce00000| Untracked 
|  59|0x000000070d000000, 0x000000070d000000, 0x000000070d200000|  0%| F|  |TAMS 0x000000070d000000, 0x000000070d000000| Untracked 
|  60|0x000000070d200000, 0x000000070d200000, 0x000000070d400000|  0%| F|  |TAMS 0x000000070d200000, 0x000000070d200000| Untracked 
|  61|0x000000070d400000, 0x000000070d400000, 0x000000070d600000|  0%| F|  |TAMS 0x000000070d400000, 0x000000070d400000| Untracked 
|  62|0x000000070d600000, 0x000000070d600000, 0x000000070d800000|  0%| F|  |TAMS 0x000000070d600000, 0x000000070d600000| Untracked 
|  63|0x000000070d800000, 0x000000070d800000, 0x000000070da00000|  0%| F|  |TAMS 0x000000070d800000, 0x000000070d800000| Untracked 
|  64|0x000000070da00000, 0x000000070da00000, 0x000000070dc00000|  0%| F|  |TAMS 0x000000070da00000, 0x000000070da00000| Untracked 
|  65|0x000000070dc00000, 0x000000070dc00000, 0x000000070de00000|  0%| F|  |TAMS 0x000000070dc00000, 0x000000070dc00000| Untracked 
|  66|0x000000070de00000, 0x000000070de00000, 0x000000070e000000|  0%| F|  |TAMS 0x000000070de00000, 0x000000070de00000| Untracked 
|  67|0x000000070e000000, 0x000000070e000000, 0x000000070e200000|  0%| F|  |TAMS 0x000000070e000000, 0x000000070e000000| Untracked 
|  68|0x000000070e200000, 0x000000070e200000, 0x000000070e400000|  0%| F|  |TAMS 0x000000070e200000, 0x000000070e200000| Untracked 
|  69|0x000000070e400000, 0x000000070e400000, 0x000000070e600000|  0%| F|  |TAMS 0x000000070e400000, 0x000000070e400000| Untracked 
|  70|0x000000070e600000, 0x000000070e600000, 0x000000070e800000|  0%| F|  |TAMS 0x000000070e600000, 0x000000070e600000| Untracked 
|  71|0x000000070e800000, 0x000000070e800000, 0x000000070ea00000|  0%| F|  |TAMS 0x000000070e800000, 0x000000070e800000| Untracked 
|  72|0x000000070ea00000, 0x000000070ea00000, 0x000000070ec00000|  0%| F|  |TAMS 0x000000070ea00000, 0x000000070ea00000| Untracked 
|  73|0x000000070ec00000, 0x000000070ec00000, 0x000000070ee00000|  0%| F|  |TAMS 0x000000070ec00000, 0x000000070ec00000| Untracked 
|  74|0x000000070ee00000, 0x000000070ee00000, 0x000000070f000000|  0%| F|  |TAMS 0x000000070ee00000, 0x000000070ee00000| Untracked 
|  75|0x000000070f000000, 0x000000070f000000, 0x000000070f200000|  0%| F|  |TAMS 0x000000070f000000, 0x000000070f000000| Untracked 
|  76|0x000000070f200000, 0x000000070f200000, 0x000000070f400000|  0%| F|  |TAMS 0x000000070f200000, 0x000000070f200000| Untracked 
|  77|0x000000070f400000, 0x000000070f400000, 0x000000070f600000|  0%| F|  |TAMS 0x000000070f400000, 0x000000070f400000| Untracked 
|  78|0x000000070f600000, 0x000000070f600000, 0x000000070f800000|  0%| F|  |TAMS 0x000000070f600000, 0x000000070f600000| Untracked 
|  79|0x000000070f800000, 0x000000070f800000, 0x000000070fa00000|  0%| F|  |TAMS 0x000000070f800000, 0x000000070f800000| Untracked 
|  80|0x000000070fa00000, 0x000000070fa00000, 0x000000070fc00000|  0%| F|  |TAMS 0x000000070fa00000, 0x000000070fa00000| Untracked 
|  81|0x000000070fc00000, 0x000000070fc00000, 0x000000070fe00000|  0%| F|  |TAMS 0x000000070fc00000, 0x000000070fc00000| Untracked 
|  82|0x000000070fe00000, 0x000000070fe00000, 0x0000000710000000|  0%| F|  |TAMS 0x000000070fe00000, 0x000000070fe00000| Untracked 
|  83|0x0000000710000000, 0x0000000710000000, 0x0000000710200000|  0%| F|  |TAMS 0x0000000710000000, 0x0000000710000000| Untracked 
|  84|0x0000000710200000, 0x0000000710200000, 0x0000000710400000|  0%| F|  |TAMS 0x0000000710200000, 0x0000000710200000| Untracked 
|  85|0x0000000710400000, 0x0000000710400000, 0x0000000710600000|  0%| F|  |TAMS 0x0000000710400000, 0x0000000710400000| Untracked 
|  86|0x0000000710600000, 0x0000000710600000, 0x0000000710800000|  0%| F|  |TAMS 0x0000000710600000, 0x0000000710600000| Untracked 
|  87|0x0000000710800000, 0x0000000710800000, 0x0000000710a00000|  0%| F|  |TAMS 0x0000000710800000, 0x0000000710800000| Untracked 
|  88|0x0000000710a00000, 0x0000000710a00000, 0x0000000710c00000|  0%| F|  |TAMS 0x0000000710a00000, 0x0000000710a00000| Untracked 
|  89|0x0000000710c00000, 0x0000000710c00000, 0x0000000710e00000|  0%| F|  |TAMS 0x0000000710c00000, 0x0000000710c00000| Untracked 
|  90|0x0000000710e00000, 0x0000000710e00000, 0x0000000711000000|  0%| F|  |TAMS 0x0000000710e00000, 0x0000000710e00000| Untracked 
|  91|0x0000000711000000, 0x0000000711000000, 0x0000000711200000|  0%| F|  |TAMS 0x0000000711000000, 0x0000000711000000| Untracked 
|  92|0x0000000711200000, 0x0000000711200000, 0x0000000711400000|  0%| F|  |TAMS 0x0000000711200000, 0x0000000711200000| Untracked 
|  93|0x0000000711400000, 0x0000000711400000, 0x0000000711600000|  0%| F|  |TAMS 0x0000000711400000, 0x0000000711400000| Untracked 
|  94|0x0000000711600000, 0x0000000711600000, 0x0000000711800000|  0%| F|  |TAMS 0x0000000711600000, 0x0000000711600000| Untracked 
|  95|0x0000000711800000, 0x0000000711800000, 0x0000000711a00000|  0%| F|  |TAMS 0x0000000711800000, 0x0000000711800000| Untracked 
|  96|0x0000000711a00000, 0x0000000711a00000, 0x0000000711c00000|  0%| F|  |TAMS 0x0000000711a00000, 0x0000000711a00000| Untracked 
|  97|0x0000000711c00000, 0x0000000711c00000, 0x0000000711e00000|  0%| F|  |TAMS 0x0000000711c00000, 0x0000000711c00000| Untracked 
|  98|0x0000000711e00000, 0x0000000711e00000, 0x0000000712000000|  0%| F|  |TAMS 0x0000000711e00000, 0x0000000711e00000| Untracked 
|  99|0x0000000712000000, 0x0000000712000000, 0x0000000712200000|  0%| F|  |TAMS 0x0000000712000000, 0x0000000712000000| Untracked 
| 100|0x0000000712200000, 0x0000000712200000, 0x0000000712400000|  0%| F|  |TAMS 0x0000000712200000, 0x0000000712200000| Untracked 
| 101|0x0000000712400000, 0x0000000712400000, 0x0000000712600000|  0%| F|  |TAMS 0x0000000712400000, 0x0000000712400000| Untracked 
| 102|0x0000000712600000, 0x0000000712600000, 0x0000000712800000|  0%| F|  |TAMS 0x0000000712600000, 0x0000000712600000| Untracked 
| 103|0x0000000712800000, 0x0000000712800000, 0x0000000712a00000|  0%| F|  |TAMS 0x0000000712800000, 0x0000000712800000| Untracked 
| 104|0x0000000712a00000, 0x0000000712a00000, 0x0000000712c00000|  0%| F|  |TAMS 0x0000000712a00000, 0x0000000712a00000| Untracked 
| 105|0x0000000712c00000, 0x0000000712c00000, 0x0000000712e00000|  0%| F|  |TAMS 0x0000000712c00000, 0x0000000712c00000| Untracked 
| 106|0x0000000712e00000, 0x0000000712e00000, 0x0000000713000000|  0%| F|  |TAMS 0x0000000712e00000, 0x0000000712e00000| Untracked 
| 107|0x0000000713000000, 0x0000000713000000, 0x0000000713200000|  0%| F|  |TAMS 0x0000000713000000, 0x0000000713000000| Untracked 
| 108|0x0000000713200000, 0x0000000713200000, 0x0000000713400000|  0%| F|  |TAMS 0x0000000713200000, 0x0000000713200000| Untracked 
| 109|0x0000000713400000, 0x0000000713400000, 0x0000000713600000|  0%| F|  |TAMS 0x0000000713400000, 0x0000000713400000| Untracked 
| 110|0x0000000713600000, 0x0000000713600000, 0x0000000713800000|  0%| F|  |TAMS 0x0000000713600000, 0x0000000713600000| Untracked 
| 111|0x0000000713800000, 0x0000000713800000, 0x0000000713a00000|  0%| F|  |TAMS 0x0000000713800000, 0x0000000713800000| Untracked 
| 112|0x0000000713a00000, 0x0000000713a00000, 0x0000000713c00000|  0%| F|  |TAMS 0x0000000713a00000, 0x0000000713a00000| Untracked 
| 113|0x0000000713c00000, 0x0000000713c00000, 0x0000000713e00000|  0%| F|  |TAMS 0x0000000713c00000, 0x0000000713c00000| Untracked 
| 114|0x0000000713e00000, 0x0000000713f9ff80, 0x0000000714000000| 81%| S|CS|TAMS 0x0000000713e00000, 0x0000000713e00000| Complete 
| 115|0x0000000714000000, 0x0000000714000000, 0x0000000714200000|  0%| F|  |TAMS 0x0000000714000000, 0x0000000714000000| Untracked 
| 116|0x0000000714200000, 0x0000000714200000, 0x0000000714400000|  0%| F|  |TAMS 0x0000000714200000, 0x0000000714200000| Untracked 
| 117|0x0000000714400000, 0x0000000714400000, 0x0000000714600000|  0%| F|  |TAMS 0x0000000714400000, 0x0000000714400000| Untracked 
| 118|0x0000000714600000, 0x0000000714600000, 0x0000000714800000|  0%| F|  |TAMS 0x0000000714600000, 0x0000000714600000| Untracked 
| 119|0x0000000714800000, 0x0000000714800000, 0x0000000714a00000|  0%| F|  |TAMS 0x0000000714800000, 0x0000000714800000| Untracked 
| 120|0x0000000714a00000, 0x0000000714a00000, 0x0000000714c00000|  0%| F|  |TAMS 0x0000000714a00000, 0x0000000714a00000| Untracked 
| 121|0x0000000714c00000, 0x0000000714c00000, 0x0000000714e00000|  0%| F|  |TAMS 0x0000000714c00000, 0x0000000714c00000| Untracked 
| 122|0x0000000714e00000, 0x0000000714e00000, 0x0000000715000000|  0%| F|  |TAMS 0x0000000714e00000, 0x0000000714e00000| Untracked 
| 123|0x0000000715000000, 0x0000000715000000, 0x0000000715200000|  0%| F|  |TAMS 0x0000000715000000, 0x0000000715000000| Untracked 
| 124|0x0000000715200000, 0x00000007152c7f20, 0x0000000715400000| 39%| E|  |TAMS 0x0000000715200000, 0x0000000715200000| Complete 
| 125|0x0000000715400000, 0x0000000715600000, 0x0000000715600000|100%| E|CS|TAMS 0x0000000715400000, 0x0000000715400000| Complete 

Card table byte_map: [0x0000019c40620000,0x0000019c40e00000] _byte_map_base: 0x0000019c3cdf3000

Marking Bits (Prev, Next): (CMBitMap*) 0x0000019c28b08060, (CMBitMap*) 0x0000019c28b080a0
 Prev Bits: [0x0000019c415e0000, 0x0000019c45478000)
 Next Bits: [0x0000019c45480000, 0x0000019c49318000)

Polling page: 0x0000019c269d0000

Metaspace:

Usage:
  Non-class:      1.91 MB used.
      Class:    181.55 KB used.
       Both:      2.09 MB used.

Virtual space:
  Non-class space:       64.00 MB reserved,       2.00 MB (  3%) committed,  1 nodes.
      Class space:        1.00 GB reserved,     256.00 KB ( <1%) committed,  1 nodes.
             Both:        1.06 GB reserved,       2.25 MB ( <1%) committed. 

Chunk freelists:
   Non-Class:  11.22 MB
       Class:  15.65 MB
        Both:  26.87 MB

MaxMetaspaceSize: unlimited
CompressedClassSpaceSize: 1.00 GB
Initial GC threshold: 21.00 MB
Current GC threshold: 21.00 MB
CDS: on
MetaspaceReclaimPolicy: balanced
 - commit_granule_bytes: 65536.
 - commit_granule_words: 8192.
 - virtual_space_node_default_size: 8388608.
 - enlarge_chunks_in_place: 1.
 - new_chunks_are_fully_committed: 0.
 - uncommit_free_chunks: 1.
 - use_allocation_guard: 0.
 - handle_deallocations: 1.


Internal statistics:

num_allocs_failed_limit: 0.
num_arena_births: 32.
num_arena_deaths: 0.
num_vsnodes_births: 2.
num_vsnodes_deaths: 0.
num_space_committed: 36.
num_space_uncommitted: 0.
num_chunks_returned_to_freelist: 0.
num_chunks_taken_from_freelist: 72.
num_chunk_merges: 0.
num_chunk_splits: 52.
num_chunks_enlarged: 38.
num_inconsistent_stats: 0.

CodeHeap 'non-profiled nmethods': size=119168Kb used=623Kb max_used=623Kb free=118545Kb
 bounds [0x0000019c38150000, 0x0000019c383c0000, 0x0000019c3f5b0000]
CodeHeap 'profiled nmethods': size=119104Kb used=1398Kb max_used=1398Kb free=117705Kb
 bounds [0x0000019c305b0000, 0x0000019c30820000, 0x0000019c37a00000]
CodeHeap 'non-nmethods': size=7488Kb used=1158Kb max_used=2342Kb free=6329Kb
 bounds [0x0000019c37a00000, 0x0000019c37c70000, 0x0000019c38150000]
 total_blobs=1282 nmethods=845 adapters=350
 compilation: enabled
              stopped_count=0, restarted_count=0
 full_count=0

Compilation events (20 events):
Event: 9.082 Thread 0x0000019c4c443bb0  834       3       java.lang.Integer::stringSize (47 bytes)
Event: 9.082 Thread 0x0000019c4c331a50  835       3       java.lang.Integer::getChars (131 bytes)
Event: 9.082 Thread 0x0000019c4c443bb0 nmethod 834 0x0000019c30709610 code [0x0000019c307097c0, 0x0000019c30709a18]
Event: 9.083 Thread 0x0000019c4c331a50 nmethod 835 0x0000019c30709b10 code [0x0000019c30709ce0, 0x0000019c3070a118]
Event: 9.598 Thread 0x0000019c4c32db90  838       4       java.util.HashMap::getNode (150 bytes)
Event: 9.605 Thread 0x0000019c4c32db90 nmethod 838 0x0000019c381eaf90 code [0x0000019c381eb140, 0x0000019c381eb7c8]
Event: 9.748 Thread 0x0000019c4c331a50  839       3       java.lang.invoke.Invokers$Holder::linkToTargetMethod (9 bytes)
Event: 9.749 Thread 0x0000019c4c331a50 nmethod 839 0x0000019c3070a390 code [0x0000019c3070a540, 0x0000019c3070a858]
Event: 9.765 Thread 0x0000019c4c331a50  840       3       java.lang.invoke.LambdaForm$MH/0x0000019c4e019400::invoke (75 bytes)
Event: 9.766 Thread 0x0000019c4c331a50 nmethod 840 0x0000019c3070a910 code [0x0000019c3070ab20, 0x0000019c3070b468]
Event: 9.766 Thread 0x0000019c4c331a50  841       3       java.lang.invoke.LambdaForm$MH/0x0000019c4e019000::invoke (27 bytes)
Event: 9.766 Thread 0x0000019c4c331a50 nmethod 841 0x0000019c3070b710 code [0x0000019c3070b8c0, 0x0000019c3070bc78]
Event: 9.766 Thread 0x0000019c4c331a50  842       3       java.lang.invoke.DirectMethodHandle$Holder::invokeStatic (17 bytes)
Event: 9.766 Thread 0x0000019c4c331a50 nmethod 842 0x0000019c3070bd90 code [0x0000019c3070bf60, 0x0000019c3070c358]
Event: 9.766 Thread 0x0000019c4c331a50  843       3       java.lang.StringConcatHelper::mix (11 bytes)
Event: 9.767 Thread 0x0000019c4c331a50 nmethod 843 0x0000019c3070c490 code [0x0000019c3070c640, 0x0000019c3070c8b8]
Event: 9.767 Thread 0x0000019c4c331a50  844       3       java.lang.invoke.DirectMethodHandle$Holder::invokeStatic (14 bytes)
Event: 9.767 Thread 0x0000019c4c331a50 nmethod 844 0x0000019c3070ca10 code [0x0000019c3070cbe0, 0x0000019c3070d038]
Event: 9.767 Thread 0x0000019c4c331a50  845       3       java.lang.invoke.LambdaForm$MH/0x0000019c4e018400::invoke (32 bytes)
Event: 9.767 Thread 0x0000019c4c331a50 nmethod 845 0x0000019c3070d190 code [0x0000019c3070d360, 0x0000019c3070d838]

GC Heap History (2 events):
Event: 1.574 GC heap before
{Heap before GC invocations=0 (full 0):
 garbage-first heap   total 258048K, used 22528K [0x0000000705a00000, 0x0000000800000000)
  region size 2048K, 11 young (22528K), 0 survivors (0K)
 Metaspace       used 2025K, committed 2176K, reserved 1114112K
  class space    used 176K, committed 256K, reserved 1048576K
}
Event: 1.577 GC heap after
{Heap after GC invocations=1 (full 0):
 garbage-first heap   total 258048K, used 1663K [0x0000000705a00000, 0x0000000800000000)
  region size 2048K, 1 young (2048K), 1 survivors (2048K)
 Metaspace       used 2025K, committed 2176K, reserved 1114112K
  class space    used 176K, committed 256K, reserved 1048576K
}

Dll operation events (20 events):
Event: 0.523 Loaded shared library C:\Program Files (x86)\Windows Kits\10\Redist\ucrt\DLLs\x64\api-ms-win-core-rtlsupport-l1-1-0.dll
Event: 0.535 Loaded shared library C:\Program Files (x86)\Windows Kits\10\Redist\ucrt\DLLs\x64\api-ms-win-core-processthreads-l1-1-1.dll
Event: 0.547 Loaded shared library C:\Program Files (x86)\Windows Kits\10\Redist\ucrt\DLLs\x64\api-ms-win-core-file-l1-2-0.dll
Event: 0.559 Loaded shared library C:\Program Files (x86)\Windows Kits\10\Redist\ucrt\DLLs\x64\api-ms-win-core-profile-l1-1-0.dll
Event: 0.571 Loaded shared library C:\Program Files (x86)\Windows Kits\10\Redist\ucrt\DLLs\x64\api-ms-win-core-memory-l1-1-0.dll
Event: 0.579 Loaded shared library C:\Program Files (x86)\Windows Kits\10\Redist\ucrt\DLLs\x64\api-ms-win-core-util-l1-1-0.dll
Event: 0.592 Loaded shared library C:\Program Files (x86)\Windows Kits\10\Redist\ucrt\DLLs\x64\api-ms-win-core-interlocked-l1-1-0.dll
Event: 0.607 Loaded shared library C:\Program Files (x86)\Windows Kits\10\Redist\ucrt\DLLs\x64\ucrtbase.dll
Event: 0.619 Loaded shared library C:\Users\luczu\.jdks\corretto-17.0.10\bin\vcruntime140.dll
Event: 0.631 Loaded shared library C:\Users\luczu\.jdks\corretto-17.0.10\bin\vcruntime140_1.dll
Event: 0.645 Loaded shared library C:\Users\luczu\.jdks\corretto-17.0.10\bin\msvcp140.dll
Event: 0.660 Loaded shared library C:\Windows\System32\msvcp140_1.dll
Event: 0.673 Loaded shared library C:\Windows\System32\concrt140.dll
Event: 0.687 Loaded shared library C:\Windows\System32\vcomp140.dll
Event: 0.705 Loaded shared library C:\Windows\System32\winmm.dll
Event: 0.709 Loaded shared library C:\Windows\System32\opengl32.dll
Event: 0.711 Loaded shared library C:\Windows\System32\user32.dll
Event: 0.713 Loaded shared library C:\Windows\System32\shell32.dll
Event: 0.715 Loaded shared library C:\Windows\System32\gdi32.dll
Event: 0.737 Loaded shared library C:\Users\luczu\.javacpp\cache\jaylib-4.5.0-0.jar\com\raylib\windows-x86_64\jniRaylib.dll

Deoptimization events (20 events):
Event: 0.732 Thread 0x0000019c28a9afd0 DEOPT PACKING pc=0x0000019c3816cf74 sp=0x00000087d91fd740
Event: 0.732 Thread 0x0000019c28a9afd0 DEOPT UNPACKING pc=0x0000019c37a5a1a3 sp=0x00000087d91fd6e0 mode 2
Event: 0.732 Thread 0x0000019c28a9afd0 Uncommon trap: trap_request=0xffffffc6 fr.pc=0x0000019c3816cf74 relative=0x0000000000000614
Event: 0.732 Thread 0x0000019c28a9afd0 Uncommon trap: reason=bimorphic_or_optimized_type_check action=maybe_recompile pc=0x0000019c3816cf74 method=java.util.concurrent.ConcurrentHashMap.get(Ljava/lang/Object;)Ljava/lang/Object; @ 149 c2
Event: 0.732 Thread 0x0000019c28a9afd0 DEOPT PACKING pc=0x0000019c3816cf74 sp=0x00000087d91fd740
Event: 0.732 Thread 0x0000019c28a9afd0 DEOPT UNPACKING pc=0x0000019c37a5a1a3 sp=0x00000087d91fd6e0 mode 2
Event: 0.732 Thread 0x0000019c28a9afd0 Uncommon trap: trap_request=0xffffffc6 fr.pc=0x0000019c3816cf74 relative=0x0000000000000614
Event: 0.732 Thread 0x0000019c28a9afd0 Uncommon trap: reason=bimorphic_or_optimized_type_check action=maybe_recompile pc=0x0000019c3816cf74 method=java.util.concurrent.ConcurrentHashMap.get(Ljava/lang/Object;)Ljava/lang/Object; @ 149 c2
Event: 0.732 Thread 0x0000019c28a9afd0 DEOPT PACKING pc=0x0000019c3816cf74 sp=0x00000087d91fd740
Event: 0.732 Thread 0x0000019c28a9afd0 DEOPT UNPACKING pc=0x0000019c37a5a1a3 sp=0x00000087d91fd6e0 mode 2
Event: 0.732 Thread 0x0000019c28a9afd0 Uncommon trap: trap_request=0xffffffc6 fr.pc=0x0000019c3816cf74 relative=0x0000000000000614
Event: 0.732 Thread 0x0000019c28a9afd0 Uncommon trap: reason=bimorphic_or_optimized_type_check action=maybe_recompile pc=0x0000019c3816cf74 method=java.util.concurrent.ConcurrentHashMap.get(Ljava/lang/Object;)Ljava/lang/Object; @ 149 c2
Event: 0.732 Thread 0x0000019c28a9afd0 DEOPT PACKING pc=0x0000019c3816cf74 sp=0x00000087d91fd740
Event: 0.732 Thread 0x0000019c28a9afd0 DEOPT UNPACKING pc=0x0000019c37a5a1a3 sp=0x00000087d91fd6e0 mode 2
Event: 0.755 Thread 0x0000019c28a9afd0 DEOPT PACKING pc=0x0000019c306a1048 sp=0x00000087d91f9420
Event: 0.755 Thread 0x0000019c28a9afd0 DEOPT UNPACKING pc=0x0000019c37a5ace3 sp=0x00000087d91f8938 mode 0
Event: 1.580 Thread 0x0000019c28a9afd0 Uncommon trap: trap_request=0xffffff45 fr.pc=0x0000019c38181160 relative=0x00000000000000e0
Event: 1.580 Thread 0x0000019c28a9afd0 Uncommon trap: reason=unstable_if action=reinterpret pc=0x0000019c38181160 method=java.lang.ref.SoftReference.get()Ljava/lang/Object; @ 17 c2
Event: 1.580 Thread 0x0000019c28a9afd0 DEOPT PACKING pc=0x0000019c38181160 sp=0x00000087d91fe1b0
Event: 1.580 Thread 0x0000019c28a9afd0 DEOPT UNPACKING pc=0x0000019c37a5a1a3 sp=0x00000087d91fe168 mode 2

Classes unloaded (0 events):
No events

Classes redefined (0 events):
No events

Internal exceptions (7 events):
Event: 0.098 Thread 0x0000019c28a9afd0 Exception <a 'java/lang/NoSuchMethodError'{0x0000000715256770}: 'int java.lang.invoke.DirectMethodHandle$Holder.invokeStaticInit(java.lang.Object, java.lang.Object, java.lang.Object, java.lang.Object)'> (0x0000000715256770) 
thrown [s\src\hotspot\share\interpreter\linkResolver.cpp, line 759]
Event: 0.100 Thread 0x0000019c28a9afd0 Exception <a 'java/lang/NoSuchMethodError'{0x0000000715261480}: 'java.lang.Object java.lang.invoke.DirectMethodHandle$Holder.invokeInterface(java.lang.Object, java.lang.Object)'> (0x0000000715261480) 
thrown [s\src\hotspot\share\interpreter\linkResolver.cpp, line 759]
Event: 0.101 Thread 0x0000019c28a9afd0 Exception <a 'java/lang/IncompatibleClassChangeError'{0x0000000715264b98}: Found class java.lang.Object, but interface was expected> (0x0000000715264b98) 
thrown [s\src\hotspot\share\interpreter\linkResolver.cpp, line 826]
Event: 0.101 Thread 0x0000019c28a9afd0 Exception <a 'java/lang/NoSuchMethodError'{0x0000000715267d40}: 'void java.lang.invoke.DirectMethodHandle$Holder.invokeStatic(java.lang.Object, java.lang.Object)'> (0x0000000715267d40) 
thrown [s\src\hotspot\share\interpreter\linkResolver.cpp, line 759]
Event: 0.102 Thread 0x0000019c28a9afd0 Exception <a 'java/lang/NoSuchMethodError'{0x000000071526b3b0}: 'void java.lang.invoke.DirectMethodHandle$Holder.invokeStaticInit(java.lang.Object, java.lang.Object)'> (0x000000071526b3b0) 
thrown [s\src\hotspot\share\interpreter\linkResolver.cpp, line 759]
Event: 0.102 Thread 0x0000019c28a9afd0 Exception <a 'java/lang/NoSuchMethodError'{0x0000000715271a78}: 'int java.lang.invoke.DirectMethodHandle$Holder.invokeStaticInit(java.lang.Object, java.lang.Object)'> (0x0000000715271a78) 
thrown [s\src\hotspot\share\interpreter\linkResolver.cpp, line 759]
Event: 0.734 Thread 0x0000019c28a9afd0 Exception <a 'java/lang/NoSuchMethodError'{0x00000007140f2fb0}: 'java.lang.Object java.lang.invoke.DirectMethodHandle$Holder.invokeStatic(java.lang.Object, int, java.lang.Object)'> (0x00000007140f2fb0) 
thrown [s\src\hotspot\share\interpreter\linkResolver.cpp, line 759]

VM Operations (12 events):
Event: 0.071 Executing VM operation: HandshakeAllThreads
Event: 0.071 Executing VM operation: HandshakeAllThreads done
Event: 0.145 Executing VM operation: HandshakeAllThreads
Event: 0.145 Executing VM operation: HandshakeAllThreads done
Event: 1.145 Executing VM operation: Cleanup
Event: 1.145 Executing VM operation: Cleanup done
Event: 1.574 Executing VM operation: G1CollectForAllocation
Event: 1.577 Executing VM operation: G1CollectForAllocation done
Event: 8.581 Executing VM operation: Cleanup
Event: 8.581 Executing VM operation: Cleanup done
Event: 9.581 Executing VM operation: Cleanup
Event: 9.581 Executing VM operation: Cleanup done

Events (20 events):
Event: 0.732 loading class java/time/DayOfWeek
Event: 0.732 loading class java/time/DayOfWeek done
Event: 0.732 loading class java/time/zone/ZoneOffsetTransitionRule$TimeDefinition
Event: 0.732 loading class java/time/zone/ZoneOffsetTransitionRule$TimeDefinition done
Event: 0.733 loading class java/time/zone/ZoneOffsetTransition
Event: 0.733 loading class java/time/zone/ZoneOffsetTransition done
Event: 0.733 loading class java/time/temporal/TemporalAdjusters
Event: 0.734 loading class java/time/temporal/TemporalAdjusters done
Event: 0.735 loading class java/time/zone/ZoneOffsetTransitionRule$1
Event: 0.735 loading class java/time/zone/ZoneOffsetTransitionRule$1 done
Event: 0.735 loading class java/util/concurrent/TimeUnit$1
Event: 0.735 loading class java/util/concurrent/TimeUnit$1 done
Event: 0.754 loading class java/lang/NumberFormatException
Event: 0.754 loading class java/lang/NumberFormatException done
Event: 0.755 Thread 0x0000019c93e25750 Thread added: 0x0000019c93e25750
Event: 1.530 Thread 0x0000019c92de3980 Thread exited: 0x0000019c92de3980
Event: 1.530 Thread 0x0000019c4c6ec520 Thread exited: 0x0000019c4c6ec520
Event: 1.530 Thread 0x0000019c4c6ec000 Thread exited: 0x0000019c4c6ec000
Event: 2.080 Thread 0x0000019c4c452610 Thread exited: 0x0000019c4c452610
Event: 9.598 Thread 0x0000019c4c443bb0 Thread exited: 0x0000019c4c443bb0


Dynamic libraries:
0x00007ff68c020000 - 0x00007ff68c02e000 	C:\Users\luczu\.jdks\corretto-17.0.10\bin\java.exe
0x00007ffff0ef0000 - 0x00007ffff1107000 	C:\WINDOWS\SYSTEM32\ntdll.dll
0x00007fffeefc0000 - 0x00007fffef084000 	C:\WINDOWS\System32\KERNEL32.DLL
0x00007fffee570000 - 0x00007fffee916000 	C:\WINDOWS\System32\KERNELBASE.dll
0x00007fffee980000 - 0x00007fffeea91000 	C:\WINDOWS\System32\ucrtbase.dll
0x00007fff50850000 - 0x00007fff50867000 	C:\Users\luczu\.jdks\corretto-17.0.10\bin\jli.dll
0x00007fff1a050000 - 0x00007fff1a06b000 	C:\Users\luczu\.jdks\corretto-17.0.10\bin\VCRUNTIME140.dll
0x00007fffeedf0000 - 0x00007fffeef9e000 	C:\WINDOWS\System32\USER32.dll
0x00007fffee950000 - 0x00007fffee976000 	C:\WINDOWS\System32\win32u.dll
0x00007fffcbbc0000 - 0x00007fffcbe53000 	C:\WINDOWS\WinSxS\amd64_microsoft.windows.common-controls_6595b64144ccf1df_6.0.22621.2506_none_270c5ae97388e100\COMCTL32.dll
0x00007fffef370000 - 0x00007fffef417000 	C:\WINDOWS\System32\msvcrt.dll
0x00007fffef5e0000 - 0x00007fffef609000 	C:\WINDOWS\System32\GDI32.dll
0x00007fffeeb20000 - 0x00007fffeec38000 	C:\WINDOWS\System32\gdi32full.dll
0x00007fffee360000 - 0x00007fffee3fa000 	C:\WINDOWS\System32\msvcp_win.dll
0x00007fffefe30000 - 0x00007fffefe61000 	C:\WINDOWS\System32\IMM32.DLL
0x00007fff732e0000 - 0x00007fff732ec000 	C:\Users\luczu\.jdks\corretto-17.0.10\bin\vcruntime140_1.dll
0x00007fff18d00000 - 0x00007fff18d8d000 	C:\Users\luczu\.jdks\corretto-17.0.10\bin\msvcp140.dll
0x00007fff15c80000 - 0x00007fff168e2000 	C:\Users\luczu\.jdks\corretto-17.0.10\bin\server\jvm.dll
0x00007fffef9a0000 - 0x00007fffefa53000 	C:\WINDOWS\System32\ADVAPI32.dll
0x00007fffefd80000 - 0x00007fffefe28000 	C:\WINDOWS\System32\sechost.dll
0x00007fffee920000 - 0x00007fffee948000 	C:\WINDOWS\System32\bcrypt.dll
0x00007fffef250000 - 0x00007fffef367000 	C:\WINDOWS\System32\RPCRT4.dll
0x00007fffe3270000 - 0x00007fffe32a4000 	C:\WINDOWS\SYSTEM32\WINMM.dll
0x00007fffe5500000 - 0x00007fffe5509000 	C:\WINDOWS\SYSTEM32\WSOCK32.dll
0x00007fffed0c0000 - 0x00007fffed10d000 	C:\WINDOWS\SYSTEM32\POWRPROF.dll
0x00007fffe3fe0000 - 0x00007fffe3fea000 	C:\WINDOWS\SYSTEM32\VERSION.dll
0x00007fffefe70000 - 0x00007fffefee1000 	C:\WINDOWS\System32\WS2_32.dll
0x00007fffed0a0000 - 0x00007fffed0b3000 	C:\WINDOWS\SYSTEM32\UMPDC.dll
0x00007fffed360000 - 0x00007fffed378000 	C:\WINDOWS\SYSTEM32\kernel.appcore.dll
0x00007fff6d340000 - 0x00007fff6d34a000 	C:\Users\luczu\.jdks\corretto-17.0.10\bin\jimage.dll
0x00007fffeb8b0000 - 0x00007fffebae3000 	C:\WINDOWS\SYSTEM32\DBGHELP.DLL
0x00007fffef610000 - 0x00007fffef999000 	C:\WINDOWS\System32\combase.dll
0x00007fffefb30000 - 0x00007fffefc07000 	C:\WINDOWS\System32\OLEAUT32.dll
0x00007fffd17f0000 - 0x00007fffd1822000 	C:\WINDOWS\SYSTEM32\dbgcore.DLL
0x00007fffeeaa0000 - 0x00007fffeeb1a000 	C:\WINDOWS\System32\bcryptPrimitives.dll
0x00007fff18cd0000 - 0x00007fff18cf5000 	C:\Users\luczu\.jdks\corretto-17.0.10\bin\java.dll
0x00007fff15ba0000 - 0x00007fff15c77000 	C:\Users\luczu\.jdks\corretto-17.0.10\bin\jsvml.dll
0x00007ffff0510000 - 0x00007ffff0d6b000 	C:\WINDOWS\System32\SHELL32.dll
0x00007fffec150000 - 0x00007fffeca46000 	C:\WINDOWS\SYSTEM32\windows.storage.dll
0x00007fffec010000 - 0x00007fffec14e000 	C:\WINDOWS\SYSTEM32\wintypes.dll
0x00007fffef090000 - 0x00007fffef183000 	C:\WINDOWS\System32\SHCORE.dll
0x00007fffef1f0000 - 0x00007fffef24e000 	C:\WINDOWS\System32\shlwapi.dll
0x00007fffee160000 - 0x00007fffee186000 	C:\WINDOWS\SYSTEM32\profapi.dll
0x00007fff159b0000 - 0x00007fff159c9000 	C:\Users\luczu\.jdks\corretto-17.0.10\bin\net.dll
0x00007fffe48f0000 - 0x00007fffe4a27000 	C:\WINDOWS\SYSTEM32\WINHTTP.dll
0x00007fffed7e0000 - 0x00007fffed849000 	C:\WINDOWS\system32\mswsock.dll
0x00007fff15990000 - 0x00007fff159a6000 	C:\Users\luczu\.jdks\corretto-17.0.10\bin\nio.dll
0x00007fff18cb0000 - 0x00007fff18cc8000 	C:\Users\luczu\.jdks\corretto-17.0.10\bin\zip.dll
0x0000019c26a40000 - 0x0000019c26a43000 	C:\Program Files (x86)\Windows Kits\10\Redist\ucrt\DLLs\x64\api-ms-win-crt-locale-l1-1-0.dll
0x0000019c26a50000 - 0x0000019c26a54000 	C:\Program Files (x86)\Windows Kits\10\Redist\ucrt\DLLs\x64\api-ms-win-crt-string-l1-1-0.dll
0x0000019c26a60000 - 0x0000019c26a64000 	C:\Program Files (x86)\Windows Kits\10\Redist\ucrt\DLLs\x64\api-ms-win-crt-stdio-l1-1-0.dll
0x0000019c26a70000 - 0x0000019c26a75000 	C:\Program Files (x86)\Windows Kits\10\Redist\ucrt\DLLs\x64\api-ms-win-crt-math-l1-1-0.dll
0x0000019c26a80000 - 0x0000019c26a83000 	C:\Program Files (x86)\Windows Kits\10\Redist\ucrt\DLLs\x64\api-ms-win-crt-heap-l1-1-0.dll
0x0000019c26a90000 - 0x0000019c26a94000 	C:\Program Files (x86)\Windows Kits\10\Redist\ucrt\DLLs\x64\api-ms-win-crt-runtime-l1-1-0.dll
0x0000019c28a40000 - 0x0000019c28a44000 	C:\Program Files (x86)\Windows Kits\10\Redist\ucrt\DLLs\x64\api-ms-win-crt-convert-l1-1-0.dll
0x0000019c4c830000 - 0x0000019c4c833000 	C:\Program Files (x86)\Windows Kits\10\Redist\ucrt\DLLs\x64\api-ms-win-crt-environment-l1-1-0.dll
0x0000019c4c840000 - 0x0000019c4c843000 	C:\Program Files (x86)\Windows Kits\10\Redist\ucrt\DLLs\x64\api-ms-win-crt-time-l1-1-0.dll
0x0000019c4c850000 - 0x0000019c4c853000 	C:\Program Files (x86)\Windows Kits\10\Redist\ucrt\DLLs\x64\api-ms-win-crt-filesystem-l1-1-0.dll
0x0000019c4c860000 - 0x0000019c4c863000 	C:\Program Files (x86)\Windows Kits\10\Redist\ucrt\DLLs\x64\api-ms-win-crt-utility-l1-1-0.dll
0x0000019c4c870000 - 0x0000019c4c875000 	C:\Program Files (x86)\Windows Kits\10\Redist\ucrt\DLLs\x64\api-ms-win-crt-multibyte-l1-1-0.dll
0x0000019c4c880000 - 0x0000019c4c883000 	C:\Program Files (x86)\Windows Kits\10\Redist\ucrt\DLLs\x64\api-ms-win-crt-conio-l1-1-0.dll
0x0000019c4c890000 - 0x0000019c4c89f000 	C:\Program Files (x86)\Windows Kits\10\Redist\ucrt\DLLs\x64\api-ms-win-crt-private-l1-1-0.dll
0x0000019c4c8a0000 - 0x0000019c4c8a3000 	C:\Program Files (x86)\Windows Kits\10\Redist\ucrt\DLLs\x64\api-ms-win-crt-process-l1-1-0.dll
0x0000019c4c8b0000 - 0x0000019c4c8b3000 	C:\Program Files\Microsoft\jdk-11.0.12.7-hotspot\bin\api-ms-win-core-console-l1-2-0.dll
0x0000019c4c8c0000 - 0x0000019c4c8c3000 	C:\Program Files (x86)\Windows Kits\10\Redist\ucrt\DLLs\x64\api-ms-win-core-string-l1-1-0.dll
0x0000019c4c8d0000 - 0x0000019c4c8d3000 	C:\Program Files (x86)\Windows Kits\10\Redist\ucrt\DLLs\x64\api-ms-win-core-errorhandling-l1-1-0.dll
0x0000019c4c8e0000 - 0x0000019c4c8e3000 	C:\Program Files (x86)\Windows Kits\10\Redist\ucrt\DLLs\x64\api-ms-win-core-timezone-l1-1-0.dll
0x0000019c4c8f0000 - 0x0000019c4c8f4000 	C:\Program Files (x86)\Windows Kits\10\Redist\ucrt\DLLs\x64\api-ms-win-core-file-l1-1-0.dll
0x0000019c4c900000 - 0x0000019c4c903000 	C:\Program Files (x86)\Windows Kits\10\Redist\ucrt\DLLs\x64\api-ms-win-core-namedpipe-l1-1-0.dll
0x0000019c4c910000 - 0x0000019c4c913000 	C:\Program Files (x86)\Windows Kits\10\Redist\ucrt\DLLs\x64\api-ms-win-core-handle-l1-1-0.dll
0x0000019c4c920000 - 0x0000019c4c923000 	C:\Program Files (x86)\Windows Kits\10\Redist\ucrt\DLLs\x64\api-ms-win-core-file-l2-1-0.dll
0x0000019c4c930000 - 0x0000019c4c933000 	C:\Program Files (x86)\Windows Kits\10\Redist\ucrt\DLLs\x64\api-ms-win-core-heap-l1-1-0.dll
0x0000019c4c940000 - 0x0000019c4c943000 	C:\Program Files (x86)\Windows Kits\10\Redist\ucrt\DLLs\x64\api-ms-win-core-libraryloader-l1-1-0.dll
0x0000019c4c950000 - 0x0000019c4c953000 	C:\Program Files (x86)\Windows Kits\10\Redist\ucrt\DLLs\x64\api-ms-win-core-synch-l1-1-0.dll
0x0000019c4c960000 - 0x0000019c4c963000 	C:\Program Files (x86)\Windows Kits\10\Redist\ucrt\DLLs\x64\api-ms-win-core-processthreads-l1-1-0.dll
0x0000019c4c970000 - 0x0000019c4c973000 	C:\Program Files (x86)\Windows Kits\10\Redist\ucrt\DLLs\x64\api-ms-win-core-processenvironment-l1-1-0.dll
0x0000019c4c980000 - 0x0000019c4c983000 	C:\Program Files (x86)\Windows Kits\10\Redist\ucrt\DLLs\x64\api-ms-win-core-datetime-l1-1-0.dll
0x0000019c4c990000 - 0x0000019c4c993000 	C:\Program Files (x86)\Windows Kits\10\Redist\ucrt\DLLs\x64\api-ms-win-core-localization-l1-2-0.dll
0x0000019c4c9a0000 - 0x0000019c4c9a3000 	C:\Program Files (x86)\Windows Kits\10\Redist\ucrt\DLLs\x64\api-ms-win-core-sysinfo-l1-1-0.dll
0x0000019c4c9b0000 - 0x0000019c4c9b3000 	C:\Program Files (x86)\Windows Kits\10\Redist\ucrt\DLLs\x64\api-ms-win-core-synch-l1-2-0.dll
0x0000019c4c9c0000 - 0x0000019c4c9c3000 	C:\Program Files (x86)\Windows Kits\10\Redist\ucrt\DLLs\x64\api-ms-win-core-console-l1-1-0.dll
0x0000019c4c9d0000 - 0x0000019c4c9d3000 	C:\Program Files (x86)\Windows Kits\10\Redist\ucrt\DLLs\x64\api-ms-win-core-debug-l1-1-0.dll
0x0000019c4c9e0000 - 0x0000019c4c9e3000 	C:\Program Files (x86)\Windows Kits\10\Redist\ucrt\DLLs\x64\api-ms-win-core-rtlsupport-l1-1-0.dll
0x0000019c4c9f0000 - 0x0000019c4c9f3000 	C:\Program Files (x86)\Windows Kits\10\Redist\ucrt\DLLs\x64\api-ms-win-core-processthreads-l1-1-1.dll
0x0000019c4ca00000 - 0x0000019c4ca03000 	C:\Program Files (x86)\Windows Kits\10\Redist\ucrt\DLLs\x64\api-ms-win-core-file-l1-2-0.dll
0x0000019c4ca10000 - 0x0000019c4ca13000 	C:\Program Files (x86)\Windows Kits\10\Redist\ucrt\DLLs\x64\api-ms-win-core-profile-l1-1-0.dll
0x0000019c4ca20000 - 0x0000019c4ca23000 	C:\Program Files (x86)\Windows Kits\10\Redist\ucrt\DLLs\x64\api-ms-win-core-memory-l1-1-0.dll
0x0000019c4ca30000 - 0x0000019c4ca33000 	C:\Program Files (x86)\Windows Kits\10\Redist\ucrt\DLLs\x64\api-ms-win-core-util-l1-1-0.dll
0x0000019c4ca40000 - 0x0000019c4ca43000 	C:\Program Files (x86)\Windows Kits\10\Redist\ucrt\DLLs\x64\api-ms-win-core-interlocked-l1-1-0.dll
0x00007fffb9730000 - 0x00007fffb9822000 	C:\Program Files (x86)\Windows Kits\10\Redist\ucrt\DLLs\x64\ucrtbase.dll
0x00007fffe7020000 - 0x00007fffe7029000 	C:\Windows\System32\msvcp140_1.dll
0x00007fffb96e0000 - 0x00007fffb972e000 	C:\Windows\System32\concrt140.dll
0x00007fffb96a0000 - 0x00007fffb96d1000 	C:\Windows\System32\vcomp140.dll
0x00007fffc4ac0000 - 0x00007fffc4bc0000 	C:\Windows\System32\opengl32.dll
0x00007fffc4a90000 - 0x00007fffc4abd000 	C:\WINDOWS\SYSTEM32\GLU32.dll
0x00007fffeb470000 - 0x00007fffeb4a9000 	C:\WINDOWS\SYSTEM32\dxcore.dll
0x00007fff92b30000 - 0x00007fff92d4d000 	C:\Users\luczu\.javacpp\cache\jaylib-4.5.0-0.jar\com\raylib\windows-x86_64\jniRaylib.dll
0x00007fff4f880000 - 0x00007fff4f8c6000 	C:\WINDOWS\SYSTEM32\dinput8.dll
0x00007fffb7970000 - 0x00007fffb7981000 	C:\WINDOWS\SYSTEM32\xinput1_4.dll
0x00007fffedf20000 - 0x00007fffedf6e000 	C:\WINDOWS\SYSTEM32\cfgmgr32.dll
0x00007fffedef0000 - 0x00007fffedf1c000 	C:\WINDOWS\SYSTEM32\DEVOBJ.dll
0x00007fffeb5e0000 - 0x00007fffeb60b000 	C:\WINDOWS\SYSTEM32\dwmapi.dll
0x00007fffccb50000 - 0x00007fffccd5a000 	C:\WINDOWS\SYSTEM32\inputhost.dll
0x00007fffe8710000 - 0x00007fffe8844000 	C:\WINDOWS\SYSTEM32\CoreMessaging.dll
0x00007fffe8b80000 - 0x00007fffe8c2b000 	C:\WINDOWS\system32\uxtheme.dll
0x00007fffefc20000 - 0x00007fffefd71000 	C:\WINDOWS\System32\MSCTF.dll
0x00007fffeda50000 - 0x00007fffeda5c000 	C:\WINDOWS\SYSTEM32\CRYPTBASE.DLL
0x00007fffeca50000 - 0x00007fffeca5e000 	C:\WINDOWS\SYSTEM32\HID.DLL
0x00007fffefef0000 - 0x00007ffff0364000 	C:\WINDOWS\System32\SETUPAPI.DLL
0x00007fffee230000 - 0x00007fffee29b000 	C:\WINDOWS\System32\WINTRUST.dll
0x00007fffee400000 - 0x00007fffee566000 	C:\WINDOWS\System32\CRYPT32.dll
0x00007fffeded0000 - 0x00007fffedee2000 	C:\WINDOWS\SYSTEM32\MSASN1.dll
0x00007fffe5a30000 - 0x00007fffe5a7a000 	C:\WINDOWS\SYSTEM32\directxdatabasehelper.dll
0x00007ffff0400000 - 0x00007ffff04b0000 	C:\WINDOWS\System32\clbcatq.dll
0x00007ffee1f80000 - 0x00007ffee4b70000 	C:\WINDOWS\System32\DriverStore\FileRepository\nvhm.inf_amd64_28ac5867493a0477\nvoglv64.dll
0x00007fffeec40000 - 0x00007fffeede0000 	C:\WINDOWS\System32\ole32.dll
0x00007fffed110000 - 0x00007fffed124000 	C:\WINDOWS\SYSTEM32\WTSAPI32.dll
0x00007fffd5790000 - 0x00007fffd57c2000 	C:\WINDOWS\SYSTEM32\cryptnet.dll
0x00007fffd57d0000 - 0x00007fffd5928000 	C:\WINDOWS\SYSTEM32\drvstore.dll
0x00007fffedae0000 - 0x00007fffedb2b000 	C:\WINDOWS\SYSTEM32\wldp.dll
0x00007ffff0d80000 - 0x00007ffff0d9f000 	C:\WINDOWS\System32\imagehlp.dll
0x00007fffeda30000 - 0x00007fffeda4b000 	C:\WINDOWS\SYSTEM32\CRYPTSP.dll
0x00007fffed2c0000 - 0x00007fffed2f5000 	C:\WINDOWS\system32\rsaenh.dll
0x00007fffed870000 - 0x00007fffed896000 	C:\WINDOWS\SYSTEM32\gpapi.dll
0x00007fffa3110000 - 0x00007fffa52fb000 	C:\WINDOWS\System32\DriverStore\FileRepository\nvhm.inf_amd64_28ac5867493a0477\nvgpucomp64.dll
0x00007fffed380000 - 0x00007fffed3b4000 	C:\WINDOWS\SYSTEM32\ntmarta.dll
0x00007fff5d720000 - 0x00007fff5d9e3000 	C:\WINDOWS\system32\nvspcap64.dll
0x00007fffeccb0000 - 0x00007fffecd16000 	C:\WINDOWS\SYSTEM32\WINSTA.dll

dbghelp: loaded successfully - version: 4.0.5 - missing functions: none
symbol engine: initialized successfully - sym options: 0x614 - pdb path: .;C:\Users\luczu\.jdks\corretto-17.0.10\bin;C:\WINDOWS\SYSTEM32;C:\WINDOWS\WinSxS\amd64_microsoft.windows.common-controls_6595b64144ccf1df_6.0.22621.2506_none_270c5ae97388e100;C:\Users\luczu\.jdks\corretto-17.0.10\bin\server;C:\Program Files (x86)\Windows Kits\10\Redist\ucrt\DLLs\x64;C:\Program Files\Microsoft\jdk-11.0.12.7-hotspot\bin;C:\Users\luczu\.javacpp\cache\jaylib-4.5.0-0.jar\com\raylib\windows-x86_64;C:\WINDOWS\System32\DriverStore\FileRepository\nvhm.inf_amd64_28ac5867493a0477;C:\WINDOWS\System32\DriverStore\FileRepository\iigd_dch.inf_amd64_0fdf6ce291234272;C:\WINDOWS\System32\DriverStore\FileRepository\nvhm.inf_amd64_28ac5867493a0477\Display.NvContainer

VM Arguments:
jvm_args: -Dfile.encoding=windows-1252 -Duser.country=NL -Duser.language=nl -Duser.variant 
java_command: PineVille.MenuScene
java_class_path (initial): C:\Users\luczu\OneDrive\Documenten\PineVille\build\classes\java\main;C:\Users\luczu\OneDrive\Documenten\PineVille\build\resources\main;C:\Users\luczu\.gradle\caches\modules-2\files-2.1\uk.co.electronstudio.jaylib\jaylib\4.5.0-0\90c0d608df9bbd32f5f34683acc58cb433e94508\jaylib-4.5.0-0.jar
Launcher Type: SUN_STANDARD

[Global flags]
     intx CICompilerCount                          = 12                                        {product} {ergonomic}
     uint ConcGCThreads                            = 3                                         {product} {ergonomic}
     uint G1ConcRefinementThreads                  = 13                                        {product} {ergonomic}
   size_t G1HeapRegionSize                         = 2097152                                   {product} {ergonomic}
    uintx GCDrainStackTargetSize                   = 64                                        {product} {ergonomic}
   size_t InitialHeapSize                          = 264241152                                 {product} {ergonomic}
   size_t MarkStackSize                            = 4194304                                   {product} {ergonomic}
   size_t MaxHeapSize                              = 4200595456                                {product} {ergonomic}
   size_t MaxNewSize                               = 2518679552                                {product} {ergonomic}
   size_t MinHeapDeltaBytes                        = 2097152                                   {product} {ergonomic}
   size_t MinHeapSize                              = 8388608                                   {product} {ergonomic}
    uintx NonNMethodCodeHeapSize                   = 7602480                                {pd product} {ergonomic}
    uintx NonProfiledCodeHeapSize                  = 122027880                              {pd product} {ergonomic}
    uintx ProfiledCodeHeapSize                     = 122027880                              {pd product} {ergonomic}
    uintx ReservedCodeCacheSize                    = 251658240                              {pd product} {ergonomic}
     bool SegmentedCodeCache                       = true                                      {product} {ergonomic}
   size_t SoftMaxHeapSize                          = 4200595456                             {manageable} {ergonomic}
     bool UseCompressedClassPointers               = true                           {product lp64_product} {ergonomic}
     bool UseCompressedOops                        = true                           {product lp64_product} {ergonomic}
     bool UseG1GC                                  = true                                      {product} {ergonomic}
     bool UseLargePagesIndividualAllocation        = false                                  {pd product} {ergonomic}

Logging:
Log output configuration:
 #0: stdout all=warning uptime,level,tags
 #1: stderr all=off uptime,level,tags

Environment Variables:
PATH=C:\Program Files (x86)\Common Files\Intel\Shared Libraries\redist\intel64\compiler;C:\Program Files\Common Files\Oracle\Java\javapath;C:\Program Files\Microsoft\jdk-11.0.12.7-hotspot\bin;C:\windows\system32;C:\windows;C:\windows\System32\Wbem;C:\windows\System32\WindowsPowerShell\v1.0\;C:\windows\System32\OpenSSH\;C:\Program Files (x86)\NVIDIA Corporation\PhysX\Common;C:\Program Files\NVIDIA Corporation\NVIDIA NvDLISR;C:\Program Files\Microsoft SQL Server\150\Tools\Binn\;C:\Program Files\Microsoft SQL Server\Client SDK\ODBC\170\Tools\Binn\;C:\Program Files\dotnet\;C:\WINDOWS\system32;C:\WINDOWS;C:\WINDOWS\System32\Wbem;C:\WINDOWS\System32\WindowsPowerShell\v1.0\;C:\WINDOWS\System32\OpenSSH\;C:\Program Files\CMake\bin;C:\Program Files\Git\cmd;C:\Users\luczu\AppData\Local\Microsoft\WindowsApps;C:\Users\luczu\.dotnet\tools;C:\Users\luczu\AppData\Local\GitHubDesktop\bin;;C:\Users\luczu\AppData\Local\Programs\Microsoft VS Code\bin
USERNAME=luczu
OS=Windows_NT
PROCESSOR_IDENTIFIER=Intel64 Family 6 Model 141 Stepping 1, GenuineIntel
TMP=C:\Users\luczu\AppData\Local\Temp
TEMP=C:\Users\luczu\AppData\Local\Temp



Periodic native trim disabled


---------------  S Y S T E M  ---------------

OS:
 Windows 11 , 64 bit Build 22621 (10.0.22621.3085)
OS uptime: 0 days 0:08 hours
Hyper-V role detected

CPU: total 16 (initial active 16) (8 cores per cpu, 2 threads per core) family 6 model 141 stepping 1 microcode 0x4e, cx8, cmov, fxsr, ht, mmx, 3dnowpref, sse, sse2, sse3, ssse3, sse4.1, sse4.2, popcnt, lzcnt, tsc, tscinvbit, avx, avx2, aes, erms, clmul, bmi1, bmi2, adx, avx512f, avx512dq, avx512cd, avx512bw, avx512vl, sha, fma, vzeroupper, avx512_vpopcntdq, avx512_vpclmulqdq, avx512_vaes, avx512_vnni, clflush, clflushopt, clwb, avx512_vbmi2, avx512_vbmi, hv
Processor Information for all 16 processors :
  Max Mhz: 2304, Current Mhz: 2304, Mhz Limit: 2304

Memory: 4k page, system-wide physical 16021M (1800M free)
TotalPageFile size 33429M (AvailPageFile size 13909M)
current process WorkingSet (physical memory assigned to process): 171M, peak: 205M
current process commit charge ("private bytes"): 647M, peak: 647M

vm_info: OpenJDK 64-Bit Server VM (17.0.10+7-LTS) for windows-amd64 JRE (17.0.10+7-LTS), built on Jan 10 2024 22:11:07 by "Administrator" with MS VC++ 16.10 / 16.11 (VS2019)

END.
