#
# A fatal error has been detected by the Java Runtime Environment:
#
#  EXCEPTION_ACCESS_VIOLATION (0xc0000005) at pc=0x0000000000000000, pid=32808, tid=9760
#
# JRE version: OpenJDK Runtime Environment Corretto-17.0.10.7.1 (17.0.10+7) (build 17.0.10+7-LTS)
# Java VM: OpenJDK 64-Bit Server VM Corretto-17.0.10.7.1 (17.0.10+7-LTS, mixed mode, sharing, tiered, compressed oops, compressed class ptrs, g1 gc, windows-amd64)
# Problematic frame:
# C  [jniRaylib.dll+0xdcb37]
#
# No core dump will be written. Minidumps are not enabled by default on client versions of Windows
#
# If you would like to submit a bug report, please visit:
#   https://github.com/corretto/corretto-17/issues/
# The crash happened outside the Java Virtual Machine in native code.
# See problematic frame for where to report the bug.
#

---------------  S U M M A R Y ------------

Command Line: -Dfile.encoding=windows-1252 -Duser.country=NL -Duser.language=nl -Duser.variant PineVille.GameScene

Host: 11th Gen Intel(R) Core(TM) i7-11800H @ 2.30GHz, 16 cores, 15G,  Windows 11 , 64 bit Build 22621 (10.0.22621.2506)
Time: Wed Feb 14 11:14:35 2024 West-Europa (standaardtijd) elapsed time: 0.479391 seconds (0d 0h 0m 0s)

---------------  T H R E A D  ---------------

Current thread (0x00000204b5a7b760):  JavaThread "main" [_thread_in_native, id=9760, stack(0x0000005bd8d00000,0x0000005bd8e00000)]

Stack: [0x0000005bd8d00000,0x0000005bd8e00000],  sp=0x0000005bd8dff3b0,  free space=1020k
Native frames: (J=compiled Java code, j=interpreted, Vv=VM code, C=native code)

Java frames: (J=compiled Java code, j=interpreted, Vv=VM code)
j  com.raylib.Raylib.LoadTexture(Ljava/lang/String;)Lcom/raylib/Raylib$Texture;+0
j  PineVille.GameScene.main([Ljava/lang/String;)V+10
v  ~StubRoutines::call_stub

siginfo: EXCEPTION_ACCESS_VIOLATION (0xc0000005), data execution prevention violation at address 0x0000000000000000


Registers:
RAX=0x0000afaa68b386de, RBX=0x0000000000000007, RCX=0x0000000000000de1, RDX=0x0000000000000000
RSP=0x0000005bd8dff3a8, RBP=0x0000000000000007, RSI=0x0000000000000020, RDI=0x0000000000000020
R8 =0x0000000000000020, R9 =0x0000000000000007, R10=0x00000204b3750000, R11=0x0000005bd8dff3e0
R12=0x0000000000000000, R13=0x00000204d9182e90, R14=0x0000000000000020, R15=0x00000204b5a7b760
RIP=0x0000000000000000, EFLAGS=0x0000000000010246


Register to memory mapping:

RIP=0x0 is NULL
RAX=0x0000afaa68b386de is an unknown value
RBX=0x0000000000000007 is an unknown value
RCX=0x0000000000000de1 is an unknown value
RDX=0x0 is NULL
RSP=0x0000005bd8dff3a8 is pointing into the stack for thread: 0x00000204b5a7b760
RBP=0x0000000000000007 is an unknown value
RSI=0x0000000000000020 is an unknown value
RDI=0x0000000000000020 is an unknown value
R8 =0x0000000000000020 is an unknown value
R9 =0x0000000000000007 is an unknown value
R10=0x00000204b3750000 points into unknown readable memory: 0x0000000000000000 | 00 00 00 00 00 00 00 00
R11=0x0000005bd8dff3e0 is pointing into the stack for thread: 0x00000204b5a7b760
R12=0x0 is NULL
R13=0x00000204d9182e90 points into unknown readable memory: 0x0000000000000000 | 00 00 00 00 00 00 00 00
R14=0x0000000000000020 is an unknown value
R15=0x00000204b5a7b760 is a thread


Top of Stack: (sp=0x0000005bd8dff3a8)
0x0000005bd8dff3a8:   00007ffa3513cb37 0000000000000000
0x0000005bd8dff3b8:   0000000000000000 0000000000000000
0x0000005bd8dff3c8:   00007ffb4f39480e 000002052091cc60
0x0000005bd8dff3d8:   0000005bd8dff560 00000204b5a7b760
0x0000005bd8dff3e8:   0000000000000000 000002051b41d7f8
0x0000005bd8dff3f8:   0000000000000000 0000020500000000
0x0000005bd8dff408:   00007ffb51d8ab11 0000002000000020
0x0000005bd8dff418:   00000204b3750000 0000000700000001
0x0000005bd8dff428:   0000afaa68b386de 0000000000000000
0x0000005bd8dff438:   000002051f1c64fe 000002051f1c6280
0x0000005bd8dff448:   00007ffb4f3a37eb 0000005bd8dff560
0x0000005bd8dff458:   0000000000000001 000002051b41d7f8
0x0000005bd8dff468:   00000204d9182e90 0000005bd8dff560
0x0000005bd8dff478:   00007ffa35111bf0 0000005bd8dff560
0x0000005bd8dff488:   0000020400000000 0000000000000000
0x0000005bd8dff498:   0000000000000000 0000020400000001
0x0000005bd8dff4a8:   0000005bd8dffaf0 0000005b00000000
0x0000005bd8dff4b8:   00007ffb4f3a1b06 0000000000000000
0x0000005bd8dff4c8:   00000204d9182e90 0000002000000020
0x0000005bd8dff4d8:   0000000700000001 00000204d9182e90
0x0000005bd8dff4e8:   0000002000000020 0000000700000001
0x0000005bd8dff4f8:   0000000000000002 000002052091cc60
0x0000005bd8dff508:   00000204b5a7ba18 000002051f39cdd0
0x0000005bd8dff518:   00007ffa350a333b 0000005b0000027e
0x0000005bd8dff528:   000002051b41d800 0000005bd8dff610
0x0000005bd8dff538:   0000005bd8dffaf0 00000204b5a7b760
0x0000005bd8dff548:   00000204b5a7b760 000002052091cc60
0x0000005bd8dff558:   00000204b5a7b760 0000000000000000
0x0000005bd8dff568:   0000000000000000 0000020500000000
0x0000005bd8dff578:   000002051b41d800 0000005bd8dff630
0x0000005bd8dff588:   00000204b5a7b760 0000005bd8dffaf0
0x0000005bd8dff598:   00000204c49ed621 00000204b5a7ba18 

Instructions: (pc=0x00007ffa3513cb37)
0x00007ffa3513ca37:   44 24 50 c7 44 24 50 00 00 00 00 ba 84 8b 00 00
0x00007ffa3513ca47:   8b ce ff 15 89 41 11 00 48 63 44 24 50 85 c0 7e
0x00007ffa3513ca57:   4d 48 8b c8 c7 44 24 20 00 00 00 00 ba 01 00 00
0x00007ffa3513ca67:   00 ff 15 ba 0b 08 00 8b 54 24 50 4c 8d 44 24 20
0x00007ffa3513ca77:   4c 8b c8 8b ce 48 8b d8 ff 15 bb 40 11 00 4c 8b
0x00007ffa3513ca87:   cb 48 8d 15 a9 d9 08 00 44 8b c6 b9 04 00 00 00
0x00007ffa3513ca97:   e8 d4 ce 06 00 48 8b cb ff 15 93 0b 08 00 8b ce
0x00007ffa3513caa7:   ff 15 5b 3a 11 00 33 c0 48 8b 5c 24 40 48 8b 74
0x00007ffa3513cab7:   24 48 48 83 c4 30 5f c3 48 8d 15 92 d9 08 00 b9
0x00007ffa3513cac7:   03 00 00 00 e8 a0 ce 06 00 48 8b 5c 24 40 8b c6
0x00007ffa3513cad7:   48 8b 74 24 48 48 83 c4 30 5f c3 cc cc cc cc cc
0x00007ffa3513cae7:   cc cc cc cc cc cc cc cc cc 40 53 56 41 55 41 56
0x00007ffa3513caf7:   48 81 ec a8 00 00 00 48 8b 05 73 12 11 00 48 33
0x00007ffa3513cb07:   c4 48 89 44 24 78 44 8b f2 89 54 24 60 4c 8b e9
0x00007ffa3513cb17:   44 89 44 24 64 33 d2 c7 44 24 50 00 00 00 00 b9
0x00007ffa3513cb27:   e1 0d 00 00 41 8b d9 41 8b f0 ff 15 f1 35 11 00
0x00007ffa3513cb37:   80 3d 00 61 11 00 00 75 1e 8d 43 f5 83 f8 03 77
0x00007ffa3513cb47:   16 48 8d 15 e9 d1 08 00 b9 04 00 00 00 e8 17 ce
0x00007ffa3513cb57:   06 00 e9 f6 03 00 00 80 3d da 60 11 00 00 75 19
0x00007ffa3513cb67:   83 fb 0f 75 14 48 8d 15 f5 d1 08 00 8d 4b f5 e8
0x00007ffa3513cb77:   f5 cd 06 00 e9 d4 03 00 00 80 3d b9 60 11 00 00
0x00007ffa3513cb87:   75 1e 8d 43 f0 83 f8 01 77 16 48 8d 15 08 d2 08
0x00007ffa3513cb97:   00 b9 04 00 00 00 e8 ce cd 06 00 e9 ad 03 00 00
0x00007ffa3513cba7:   80 3d 93 60 11 00 00 75 1e 8d 43 ee 83 f8 01 77
0x00007ffa3513cbb7:   16 48 8d 15 19 d2 08 00 b9 04 00 00 00 e8 a7 cd
0x00007ffa3513cbc7:   06 00 e9 86 03 00 00 80 3d 6d 60 11 00 00 75 1e
0x00007ffa3513cbd7:   8d 43 ec 83 f8 01 77 16 48 8d 15 2a d2 08 00 b9
0x00007ffa3513cbe7:   04 00 00 00 e8 80 cd 06 00 e9 5f 03 00 00 48 89
0x00007ffa3513cbf7:   ac 24 a0 00 00 00 ba 01 00 00 00 48 89 bc 24 98
0x00007ffa3513cc07:   00 00 00 b9 f5 0c 00 00 4c 89 a4 24 90 00 00 00
0x00007ffa3513cc17:   4c 89 bc 24 88 00 00 00 ff 15 13 48 11 00 48 8d
0x00007ffa3513cc27:   54 24 50 b9 01 00 00 00 ff 15 43 3c 11 00 8b 54 


Stack slot to memory mapping:
stack at sp + 0 slots: 0x0 is NULL
stack at sp + 1 slots: 0x0 is NULL
stack at sp + 2 slots: 0x0 is NULL
stack at sp + 3 slots: 0x00007ffb4f39480e ucrtbase.dll
stack at sp + 4 slots: 0x000002052091cc60 points into unknown readable memory: 0x656372756f736572 | 72 65 73 6f 75 72 63 65
stack at sp + 5 slots: 0x0000005bd8dff560 is pointing into the stack for thread: 0x00000204b5a7b760
stack at sp + 6 slots: 0x00000204b5a7b760 is a thread
stack at sp + 7 slots: 0x0 is NULL


---------------  P R O C E S S  ---------------

Threads class SMR info:
_java_thread_list=0x00000204d9583380, length=18, elements={
0x00000204b5a7b760, 0x00000204d92de810, 0x00000204d92e45a0, 0x00000204d92fea50,
0x00000204d92ff610, 0x00000204d9303ff0, 0x00000204d9306720, 0x00000204d93274d0,
0x00000204d932b480, 0x00000204d932ca30, 0x00000204d93dd9d0, 0x00000204d94bdd40,
0x00000204d94c44e0, 0x000002051f08d2b0, 0x00000204d96c1c80, 0x000002051fcdfc20,
0x000002052022a810, 0x000002051f7b65a0
}

Java Threads: ( => current thread )
=>0x00000204b5a7b760 JavaThread "main" [_thread_in_native, id=9760, stack(0x0000005bd8d00000,0x0000005bd8e00000)]
  0x00000204d92de810 JavaThread "Reference Handler" daemon [_thread_blocked, id=21752, stack(0x0000005bd9400000,0x0000005bd9500000)]
  0x00000204d92e45a0 JavaThread "Finalizer" daemon [_thread_blocked, id=32836, stack(0x0000005bd9500000,0x0000005bd9600000)]
  0x00000204d92fea50 JavaThread "Signal Dispatcher" daemon [_thread_blocked, id=11596, stack(0x0000005bd9600000,0x0000005bd9700000)]
  0x00000204d92ff610 JavaThread "Attach Listener" daemon [_thread_blocked, id=13984, stack(0x0000005bd9700000,0x0000005bd9800000)]
  0x00000204d9303ff0 JavaThread "Service Thread" daemon [_thread_blocked, id=19996, stack(0x0000005bd9800000,0x0000005bd9900000)]
  0x00000204d9306720 JavaThread "Monitor Deflation Thread" daemon [_thread_blocked, id=5048, stack(0x0000005bd9900000,0x0000005bd9a00000)]
  0x00000204d93274d0 JavaThread "C2 CompilerThread0" daemon [_thread_blocked, id=27456, stack(0x0000005bd9a00000,0x0000005bd9b00000)]
  0x00000204d932b480 JavaThread "C1 CompilerThread0" daemon [_thread_blocked, id=6888, stack(0x0000005bd9b00000,0x0000005bd9c00000)]
  0x00000204d932ca30 JavaThread "Sweeper thread" daemon [_thread_blocked, id=33600, stack(0x0000005bd9c00000,0x0000005bd9d00000)]
  0x00000204d93dd9d0 JavaThread "C1 CompilerThread1" daemon [_thread_blocked, id=10824, stack(0x0000005bd9d00000,0x0000005bd9e00000)]
  0x00000204d94bdd40 JavaThread "Notification Thread" daemon [_thread_blocked, id=21604, stack(0x0000005bd9e00000,0x0000005bd9f00000)]
  0x00000204d94c44e0 JavaThread "Common-Cleaner" daemon [_thread_blocked, id=10756, stack(0x0000005bda000000,0x0000005bda100000)]
  0x000002051f08d2b0 JavaThread "C2 CompilerThread1" daemon [_thread_blocked, id=2044, stack(0x0000005bda100000,0x0000005bda200000)]
  0x00000204d96c1c80 JavaThread "C2 CompilerThread2" daemon [_thread_in_native, id=32084, stack(0x0000005bda200000,0x0000005bda300000)]
  0x000002051fcdfc20 JavaThread "C2 CompilerThread3" daemon [_thread_blocked, id=26104, stack(0x0000005bda300000,0x0000005bda400000)]
  0x000002052022a810 JavaThread "C1 CompilerThread2" daemon [_thread_blocked, id=33128, stack(0x0000005bda400000,0x0000005bda500000)]
  0x000002051f7b65a0 JavaThread "JavaCPP Deallocator" daemon [_thread_blocked, id=24156, stack(0x0000005bda500000,0x0000005bda600000)]

Other Threads:
  0x00000204d92dd1f0 VMThread "VM Thread" [stack: 0x0000005bd9300000,0x0000005bd9400000] [id=16432]
  0x00000204d94be220 WatcherThread [stack: 0x0000005bd9f00000,0x0000005bda000000] [id=24228]
  0x00000204b5ae71b0 GCTaskThread "GC Thread#0" [stack: 0x0000005bd8e00000,0x0000005bd8f00000] [id=10832]
  0x000002051fe84fa0 GCTaskThread "GC Thread#1" [stack: 0x0000005bda600000,0x0000005bda700000] [id=11340]
  0x00000205201aa580 GCTaskThread "GC Thread#2" [stack: 0x0000005bda700000,0x0000005bda800000] [id=33260]
  0x0000020520636230 GCTaskThread "GC Thread#3" [stack: 0x0000005bda800000,0x0000005bda900000] [id=23756]
  0x0000020520101b00 GCTaskThread "GC Thread#4" [stack: 0x0000005bda900000,0x0000005bdaa00000] [id=6636]
  0x0000020520182410 GCTaskThread "GC Thread#5" [stack: 0x0000005bdaa00000,0x0000005bdab00000] [id=23488]
  0x00000204b5af7b50 ConcurrentGCThread "G1 Main Marker" [stack: 0x0000005bd8f00000,0x0000005bd9000000] [id=32996]
  0x00000204b5af9580 ConcurrentGCThread "G1 Conc#0" [stack: 0x0000005bd9000000,0x0000005bd9100000] [id=27524]
  0x00000204d9195d80 ConcurrentGCThread "G1 Refine#0" [stack: 0x0000005bd9100000,0x0000005bd9200000] [id=26712]
  0x00000204d91967b0 ConcurrentGCThread "G1 Service" [stack: 0x0000005bd9200000,0x0000005bd9300000] [id=33184]

Threads with active compile tasks:
C2 CompilerThread2      525  545       4       java.lang.CompoundEnumeration::next (58 bytes)

VM state: not at safepoint (normal execution)

VM Mutex/Monitor currently owned by a thread: None

Heap address: 0x0000000705a00000, size: 4006 MB, Compressed Oops mode: Zero based, Oop shift amount: 3

CDS archive(s) mapped at: [0x00000204da000000-0x00000204dabb0000-0x00000204dabb0000), size 12255232, SharedBaseAddress: 0x00000204da000000, ArchiveRelocationMode: 1.
Compressed class space mapped at: 0x00000204db000000-0x000002051b000000, reserved size: 1073741824
Narrow klass base: 0x00000204da000000, Narrow klass shift: 0, Narrow klass range: 0x100000000

GC Precious Log:
 CPUs: 16 total, 16 available
 Memory: 16021M
 Large Page Support: Disabled
 NUMA Support: Disabled
 Compressed Oops: Enabled (Zero based)
 Heap Region Size: 2M
 Heap Min Capacity: 8M
 Heap Initial Capacity: 252M
 Heap Max Capacity: 4006M
 Pre-touch: Disabled
 Parallel Workers: 13
 Concurrent Workers: 3
 Concurrent Refinement Workers: 13
 Periodic GC: Disabled

Heap:
 garbage-first heap   total 258048K, used 1618K [0x0000000705a00000, 0x0000000800000000)
  region size 2048K, 2 young (4096K), 1 survivors (2048K)
 Metaspace       used 1991K, committed 2176K, reserved 1114112K
  class space    used 174K, committed 256K, reserved 1048576K

Heap Regions: E=young(eden), S=young(survivor), O=old, HS=humongous(starts), HC=humongous(continues), CS=collection set, F=free, OA=open archive, CA=closed archive, TAMS=top-at-mark-start (previous, next)
|   0|0x0000000705a00000, 0x0000000705a00000, 0x0000000705c00000|  0%| F|  |TAMS 0x0000000705a00000, 0x0000000705a00000| Untracked 
|   1|0x0000000705c00000, 0x0000000705c00000, 0x0000000705e00000|  0%| F|  |TAMS 0x0000000705c00000, 0x0000000705c00000| Untracked 
|   2|0x0000000705e00000, 0x0000000705e00000, 0x0000000706000000|  0%| F|  |TAMS 0x0000000705e00000, 0x0000000705e00000| Untracked 
|   3|0x0000000706000000, 0x0000000706000000, 0x0000000706200000|  0%| F|  |TAMS 0x0000000706000000, 0x0000000706000000| Untracked 
|   4|0x0000000706200000, 0x0000000706200000, 0x0000000706400000|  0%| F|  |TAMS 0x0000000706200000, 0x0000000706200000| Untracked 
|   5|0x0000000706400000, 0x0000000706400000, 0x0000000706600000|  0%| F|  |TAMS 0x0000000706400000, 0x0000000706400000| Untracked 
|   6|0x0000000706600000, 0x0000000706600000, 0x0000000706800000|  0%| F|  |TAMS 0x0000000706600000, 0x0000000706600000| Untracked 
|   7|0x0000000706800000, 0x0000000706800000, 0x0000000706a00000|  0%| F|  |TAMS 0x0000000706800000, 0x0000000706800000| Untracked 
|   8|0x0000000706a00000, 0x0000000706a00000, 0x0000000706c00000|  0%| F|  |TAMS 0x0000000706a00000, 0x0000000706a00000| Untracked 
|   9|0x0000000706c00000, 0x0000000706c00000, 0x0000000706e00000|  0%| F|  |TAMS 0x0000000706c00000, 0x0000000706c00000| Untracked 
|  10|0x0000000706e00000, 0x0000000706e00000, 0x0000000707000000|  0%| F|  |TAMS 0x0000000706e00000, 0x0000000706e00000| Untracked 
|  11|0x0000000707000000, 0x0000000707000000, 0x0000000707200000|  0%| F|  |TAMS 0x0000000707000000, 0x0000000707000000| Untracked 
|  12|0x0000000707200000, 0x0000000707200000, 0x0000000707400000|  0%| F|  |TAMS 0x0000000707200000, 0x0000000707200000| Untracked 
|  13|0x0000000707400000, 0x0000000707400000, 0x0000000707600000|  0%| F|  |TAMS 0x0000000707400000, 0x0000000707400000| Untracked 
|  14|0x0000000707600000, 0x0000000707600000, 0x0000000707800000|  0%| F|  |TAMS 0x0000000707600000, 0x0000000707600000| Untracked 
|  15|0x0000000707800000, 0x0000000707800000, 0x0000000707a00000|  0%| F|  |TAMS 0x0000000707800000, 0x0000000707800000| Untracked 
|  16|0x0000000707a00000, 0x0000000707a00000, 0x0000000707c00000|  0%| F|  |TAMS 0x0000000707a00000, 0x0000000707a00000| Untracked 
|  17|0x0000000707c00000, 0x0000000707c00000, 0x0000000707e00000|  0%| F|  |TAMS 0x0000000707c00000, 0x0000000707c00000| Untracked 
|  18|0x0000000707e00000, 0x0000000707e00000, 0x0000000708000000|  0%| F|  |TAMS 0x0000000707e00000, 0x0000000707e00000| Untracked 
|  19|0x0000000708000000, 0x0000000708000000, 0x0000000708200000|  0%| F|  |TAMS 0x0000000708000000, 0x0000000708000000| Untracked 
|  20|0x0000000708200000, 0x0000000708200000, 0x0000000708400000|  0%| F|  |TAMS 0x0000000708200000, 0x0000000708200000| Untracked 
|  21|0x0000000708400000, 0x0000000708400000, 0x0000000708600000|  0%| F|  |TAMS 0x0000000708400000, 0x0000000708400000| Untracked 
|  22|0x0000000708600000, 0x0000000708600000, 0x0000000708800000|  0%| F|  |TAMS 0x0000000708600000, 0x0000000708600000| Untracked 
|  23|0x0000000708800000, 0x0000000708800000, 0x0000000708a00000|  0%| F|  |TAMS 0x0000000708800000, 0x0000000708800000| Untracked 
|  24|0x0000000708a00000, 0x0000000708a00000, 0x0000000708c00000|  0%| F|  |TAMS 0x0000000708a00000, 0x0000000708a00000| Untracked 
|  25|0x0000000708c00000, 0x0000000708c00000, 0x0000000708e00000|  0%| F|  |TAMS 0x0000000708c00000, 0x0000000708c00000| Untracked 
|  26|0x0000000708e00000, 0x0000000708e00000, 0x0000000709000000|  0%| F|  |TAMS 0x0000000708e00000, 0x0000000708e00000| Untracked 
|  27|0x0000000709000000, 0x0000000709000000, 0x0000000709200000|  0%| F|  |TAMS 0x0000000709000000, 0x0000000709000000| Untracked 
|  28|0x0000000709200000, 0x0000000709200000, 0x0000000709400000|  0%| F|  |TAMS 0x0000000709200000, 0x0000000709200000| Untracked 
|  29|0x0000000709400000, 0x0000000709400000, 0x0000000709600000|  0%| F|  |TAMS 0x0000000709400000, 0x0000000709400000| Untracked 
|  30|0x0000000709600000, 0x0000000709600000, 0x0000000709800000|  0%| F|  |TAMS 0x0000000709600000, 0x0000000709600000| Untracked 
|  31|0x0000000709800000, 0x0000000709800000, 0x0000000709a00000|  0%| F|  |TAMS 0x0000000709800000, 0x0000000709800000| Untracked 
|  32|0x0000000709a00000, 0x0000000709a00000, 0x0000000709c00000|  0%| F|  |TAMS 0x0000000709a00000, 0x0000000709a00000| Untracked 
|  33|0x0000000709c00000, 0x0000000709c00000, 0x0000000709e00000|  0%| F|  |TAMS 0x0000000709c00000, 0x0000000709c00000| Untracked 
|  34|0x0000000709e00000, 0x0000000709e00000, 0x000000070a000000|  0%| F|  |TAMS 0x0000000709e00000, 0x0000000709e00000| Untracked 
|  35|0x000000070a000000, 0x000000070a000000, 0x000000070a200000|  0%| F|  |TAMS 0x000000070a000000, 0x000000070a000000| Untracked 
|  36|0x000000070a200000, 0x000000070a200000, 0x000000070a400000|  0%| F|  |TAMS 0x000000070a200000, 0x000000070a200000| Untracked 
|  37|0x000000070a400000, 0x000000070a400000, 0x000000070a600000|  0%| F|  |TAMS 0x000000070a400000, 0x000000070a400000| Untracked 
|  38|0x000000070a600000, 0x000000070a600000, 0x000000070a800000|  0%| F|  |TAMS 0x000000070a600000, 0x000000070a600000| Untracked 
|  39|0x000000070a800000, 0x000000070a800000, 0x000000070aa00000|  0%| F|  |TAMS 0x000000070a800000, 0x000000070a800000| Untracked 
|  40|0x000000070aa00000, 0x000000070aa00000, 0x000000070ac00000|  0%| F|  |TAMS 0x000000070aa00000, 0x000000070aa00000| Untracked 
|  41|0x000000070ac00000, 0x000000070ac00000, 0x000000070ae00000|  0%| F|  |TAMS 0x000000070ac00000, 0x000000070ac00000| Untracked 
|  42|0x000000070ae00000, 0x000000070ae00000, 0x000000070b000000|  0%| F|  |TAMS 0x000000070ae00000, 0x000000070ae00000| Untracked 
|  43|0x000000070b000000, 0x000000070b000000, 0x000000070b200000|  0%| F|  |TAMS 0x000000070b000000, 0x000000070b000000| Untracked 
|  44|0x000000070b200000, 0x000000070b200000, 0x000000070b400000|  0%| F|  |TAMS 0x000000070b200000, 0x000000070b200000| Untracked 
|  45|0x000000070b400000, 0x000000070b400000, 0x000000070b600000|  0%| F|  |TAMS 0x000000070b400000, 0x000000070b400000| Untracked 
|  46|0x000000070b600000, 0x000000070b600000, 0x000000070b800000|  0%| F|  |TAMS 0x000000070b600000, 0x000000070b600000| Untracked 
|  47|0x000000070b800000, 0x000000070b800000, 0x000000070ba00000|  0%| F|  |TAMS 0x000000070b800000, 0x000000070b800000| Untracked 
|  48|0x000000070ba00000, 0x000000070ba00000, 0x000000070bc00000|  0%| F|  |TAMS 0x000000070ba00000, 0x000000070ba00000| Untracked 
|  49|0x000000070bc00000, 0x000000070bc00000, 0x000000070be00000|  0%| F|  |TAMS 0x000000070bc00000, 0x000000070bc00000| Untracked 
|  50|0x000000070be00000, 0x000000070be00000, 0x000000070c000000|  0%| F|  |TAMS 0x000000070be00000, 0x000000070be00000| Untracked 
|  51|0x000000070c000000, 0x000000070c000000, 0x000000070c200000|  0%| F|  |TAMS 0x000000070c000000, 0x000000070c000000| Untracked 
|  52|0x000000070c200000, 0x000000070c200000, 0x000000070c400000|  0%| F|  |TAMS 0x000000070c200000, 0x000000070c200000| Untracked 
|  53|0x000000070c400000, 0x000000070c400000, 0x000000070c600000|  0%| F|  |TAMS 0x000000070c400000, 0x000000070c400000| Untracked 
|  54|0x000000070c600000, 0x000000070c600000, 0x000000070c800000|  0%| F|  |TAMS 0x000000070c600000, 0x000000070c600000| Untracked 
|  55|0x000000070c800000, 0x000000070c800000, 0x000000070ca00000|  0%| F|  |TAMS 0x000000070c800000, 0x000000070c800000| Untracked 
|  56|0x000000070ca00000, 0x000000070ca00000, 0x000000070cc00000|  0%| F|  |TAMS 0x000000070ca00000, 0x000000070ca00000| Untracked 
|  57|0x000000070cc00000, 0x000000070cc00000, 0x000000070ce00000|  0%| F|  |TAMS 0x000000070cc00000, 0x000000070cc00000| Untracked 
|  58|0x000000070ce00000, 0x000000070ce00000, 0x000000070d000000|  0%| F|  |TAMS 0x000000070ce00000, 0x000000070ce00000| Untracked 
|  59|0x000000070d000000, 0x000000070d000000, 0x000000070d200000|  0%| F|  |TAMS 0x000000070d000000, 0x000000070d000000| Untracked 
|  60|0x000000070d200000, 0x000000070d200000, 0x000000070d400000|  0%| F|  |TAMS 0x000000070d200000, 0x000000070d200000| Untracked 
|  61|0x000000070d400000, 0x000000070d400000, 0x000000070d600000|  0%| F|  |TAMS 0x000000070d400000, 0x000000070d400000| Untracked 
|  62|0x000000070d600000, 0x000000070d600000, 0x000000070d800000|  0%| F|  |TAMS 0x000000070d600000, 0x000000070d600000| Untracked 
|  63|0x000000070d800000, 0x000000070d800000, 0x000000070da00000|  0%| F|  |TAMS 0x000000070d800000, 0x000000070d800000| Untracked 
|  64|0x000000070da00000, 0x000000070da00000, 0x000000070dc00000|  0%| F|  |TAMS 0x000000070da00000, 0x000000070da00000| Untracked 
|  65|0x000000070dc00000, 0x000000070dc00000, 0x000000070de00000|  0%| F|  |TAMS 0x000000070dc00000, 0x000000070dc00000| Untracked 
|  66|0x000000070de00000, 0x000000070de00000, 0x000000070e000000|  0%| F|  |TAMS 0x000000070de00000, 0x000000070de00000| Untracked 
|  67|0x000000070e000000, 0x000000070e000000, 0x000000070e200000|  0%| F|  |TAMS 0x000000070e000000, 0x000000070e000000| Untracked 
|  68|0x000000070e200000, 0x000000070e200000, 0x000000070e400000|  0%| F|  |TAMS 0x000000070e200000, 0x000000070e200000| Untracked 
|  69|0x000000070e400000, 0x000000070e400000, 0x000000070e600000|  0%| F|  |TAMS 0x000000070e400000, 0x000000070e400000| Untracked 
|  70|0x000000070e600000, 0x000000070e600000, 0x000000070e800000|  0%| F|  |TAMS 0x000000070e600000, 0x000000070e600000| Untracked 
|  71|0x000000070e800000, 0x000000070e800000, 0x000000070ea00000|  0%| F|  |TAMS 0x000000070e800000, 0x000000070e800000| Untracked 
|  72|0x000000070ea00000, 0x000000070ea00000, 0x000000070ec00000|  0%| F|  |TAMS 0x000000070ea00000, 0x000000070ea00000| Untracked 
|  73|0x000000070ec00000, 0x000000070ec00000, 0x000000070ee00000|  0%| F|  |TAMS 0x000000070ec00000, 0x000000070ec00000| Untracked 
|  74|0x000000070ee00000, 0x000000070ee00000, 0x000000070f000000|  0%| F|  |TAMS 0x000000070ee00000, 0x000000070ee00000| Untracked 
|  75|0x000000070f000000, 0x000000070f000000, 0x000000070f200000|  0%| F|  |TAMS 0x000000070f000000, 0x000000070f000000| Untracked 
|  76|0x000000070f200000, 0x000000070f200000, 0x000000070f400000|  0%| F|  |TAMS 0x000000070f200000, 0x000000070f200000| Untracked 
|  77|0x000000070f400000, 0x000000070f400000, 0x000000070f600000|  0%| F|  |TAMS 0x000000070f400000, 0x000000070f400000| Untracked 
|  78|0x000000070f600000, 0x000000070f600000, 0x000000070f800000|  0%| F|  |TAMS 0x000000070f600000, 0x000000070f600000| Untracked 
|  79|0x000000070f800000, 0x000000070f800000, 0x000000070fa00000|  0%| F|  |TAMS 0x000000070f800000, 0x000000070f800000| Untracked 
|  80|0x000000070fa00000, 0x000000070fa00000, 0x000000070fc00000|  0%| F|  |TAMS 0x000000070fa00000, 0x000000070fa00000| Untracked 
|  81|0x000000070fc00000, 0x000000070fc00000, 0x000000070fe00000|  0%| F|  |TAMS 0x000000070fc00000, 0x000000070fc00000| Untracked 
|  82|0x000000070fe00000, 0x000000070fe00000, 0x0000000710000000|  0%| F|  |TAMS 0x000000070fe00000, 0x000000070fe00000| Untracked 
|  83|0x0000000710000000, 0x0000000710000000, 0x0000000710200000|  0%| F|  |TAMS 0x0000000710000000, 0x0000000710000000| Untracked 
|  84|0x0000000710200000, 0x0000000710200000, 0x0000000710400000|  0%| F|  |TAMS 0x0000000710200000, 0x0000000710200000| Untracked 
|  85|0x0000000710400000, 0x0000000710400000, 0x0000000710600000|  0%| F|  |TAMS 0x0000000710400000, 0x0000000710400000| Untracked 
|  86|0x0000000710600000, 0x0000000710600000, 0x0000000710800000|  0%| F|  |TAMS 0x0000000710600000, 0x0000000710600000| Untracked 
|  87|0x0000000710800000, 0x0000000710800000, 0x0000000710a00000|  0%| F|  |TAMS 0x0000000710800000, 0x0000000710800000| Untracked 
|  88|0x0000000710a00000, 0x0000000710a00000, 0x0000000710c00000|  0%| F|  |TAMS 0x0000000710a00000, 0x0000000710a00000| Untracked 
|  89|0x0000000710c00000, 0x0000000710c00000, 0x0000000710e00000|  0%| F|  |TAMS 0x0000000710c00000, 0x0000000710c00000| Untracked 
|  90|0x0000000710e00000, 0x0000000710e00000, 0x0000000711000000|  0%| F|  |TAMS 0x0000000710e00000, 0x0000000710e00000| Untracked 
|  91|0x0000000711000000, 0x0000000711000000, 0x0000000711200000|  0%| F|  |TAMS 0x0000000711000000, 0x0000000711000000| Untracked 
|  92|0x0000000711200000, 0x0000000711200000, 0x0000000711400000|  0%| F|  |TAMS 0x0000000711200000, 0x0000000711200000| Untracked 
|  93|0x0000000711400000, 0x0000000711400000, 0x0000000711600000|  0%| F|  |TAMS 0x0000000711400000, 0x0000000711400000| Untracked 
|  94|0x0000000711600000, 0x0000000711600000, 0x0000000711800000|  0%| F|  |TAMS 0x0000000711600000, 0x0000000711600000| Untracked 
|  95|0x0000000711800000, 0x0000000711800000, 0x0000000711a00000|  0%| F|  |TAMS 0x0000000711800000, 0x0000000711800000| Untracked 
|  96|0x0000000711a00000, 0x0000000711a00000, 0x0000000711c00000|  0%| F|  |TAMS 0x0000000711a00000, 0x0000000711a00000| Untracked 
|  97|0x0000000711c00000, 0x0000000711c00000, 0x0000000711e00000|  0%| F|  |TAMS 0x0000000711c00000, 0x0000000711c00000| Untracked 
|  98|0x0000000711e00000, 0x0000000711e00000, 0x0000000712000000|  0%| F|  |TAMS 0x0000000711e00000, 0x0000000711e00000| Untracked 
|  99|0x0000000712000000, 0x0000000712000000, 0x0000000712200000|  0%| F|  |TAMS 0x0000000712000000, 0x0000000712000000| Untracked 
| 100|0x0000000712200000, 0x0000000712200000, 0x0000000712400000|  0%| F|  |TAMS 0x0000000712200000, 0x0000000712200000| Untracked 
| 101|0x0000000712400000, 0x0000000712400000, 0x0000000712600000|  0%| F|  |TAMS 0x0000000712400000, 0x0000000712400000| Untracked 
| 102|0x0000000712600000, 0x0000000712600000, 0x0000000712800000|  0%| F|  |TAMS 0x0000000712600000, 0x0000000712600000| Untracked 
| 103|0x0000000712800000, 0x0000000712800000, 0x0000000712a00000|  0%| F|  |TAMS 0x0000000712800000, 0x0000000712800000| Untracked 
| 104|0x0000000712a00000, 0x0000000712a00000, 0x0000000712c00000|  0%| F|  |TAMS 0x0000000712a00000, 0x0000000712a00000| Untracked 
| 105|0x0000000712c00000, 0x0000000712c00000, 0x0000000712e00000|  0%| F|  |TAMS 0x0000000712c00000, 0x0000000712c00000| Untracked 
| 106|0x0000000712e00000, 0x0000000712e00000, 0x0000000713000000|  0%| F|  |TAMS 0x0000000712e00000, 0x0000000712e00000| Untracked 
| 107|0x0000000713000000, 0x0000000713000000, 0x0000000713200000|  0%| F|  |TAMS 0x0000000713000000, 0x0000000713000000| Untracked 
| 108|0x0000000713200000, 0x0000000713200000, 0x0000000713400000|  0%| F|  |TAMS 0x0000000713200000, 0x0000000713200000| Untracked 
| 109|0x0000000713400000, 0x0000000713400000, 0x0000000713600000|  0%| F|  |TAMS 0x0000000713400000, 0x0000000713400000| Untracked 
| 110|0x0000000713600000, 0x0000000713600000, 0x0000000713800000|  0%| F|  |TAMS 0x0000000713600000, 0x0000000713600000| Untracked 
| 111|0x0000000713800000, 0x0000000713800000, 0x0000000713a00000|  0%| F|  |TAMS 0x0000000713800000, 0x0000000713800000| Untracked 
| 112|0x0000000713a00000, 0x0000000713a00000, 0x0000000713c00000|  0%| F|  |TAMS 0x0000000713a00000, 0x0000000713a00000| Untracked 
| 113|0x0000000713c00000, 0x0000000713c00000, 0x0000000713e00000|  0%| F|  |TAMS 0x0000000713c00000, 0x0000000713c00000| Untracked 
| 114|0x0000000713e00000, 0x0000000713f94a50, 0x0000000714000000| 79%| S|CS|TAMS 0x0000000713e00000, 0x0000000713e00000| Complete 
| 115|0x0000000714000000, 0x0000000714000000, 0x0000000714200000|  0%| F|  |TAMS 0x0000000714000000, 0x0000000714000000| Untracked 
| 116|0x0000000714200000, 0x0000000714200000, 0x0000000714400000|  0%| F|  |TAMS 0x0000000714200000, 0x0000000714200000| Untracked 
| 117|0x0000000714400000, 0x0000000714400000, 0x0000000714600000|  0%| F|  |TAMS 0x0000000714400000, 0x0000000714400000| Untracked 
| 118|0x0000000714600000, 0x0000000714600000, 0x0000000714800000|  0%| F|  |TAMS 0x0000000714600000, 0x0000000714600000| Untracked 
| 119|0x0000000714800000, 0x0000000714800000, 0x0000000714a00000|  0%| F|  |TAMS 0x0000000714800000, 0x0000000714800000| Untracked 
| 120|0x0000000714a00000, 0x0000000714a00000, 0x0000000714c00000|  0%| F|  |TAMS 0x0000000714a00000, 0x0000000714a00000| Untracked 
| 121|0x0000000714c00000, 0x0000000714c00000, 0x0000000714e00000|  0%| F|  |TAMS 0x0000000714c00000, 0x0000000714c00000| Untracked 
| 122|0x0000000714e00000, 0x0000000714e00000, 0x0000000715000000|  0%| F|  |TAMS 0x0000000714e00000, 0x0000000714e00000| Untracked 
| 123|0x0000000715000000, 0x0000000715000000, 0x0000000715200000|  0%| F|  |TAMS 0x0000000715000000, 0x0000000715000000| Untracked 
| 124|0x0000000715200000, 0x0000000715200000, 0x0000000715400000|  0%| F|  |TAMS 0x0000000715200000, 0x0000000715200000| Untracked 
| 125|0x0000000715400000, 0x000000071552c470, 0x0000000715600000| 58%| E|  |TAMS 0x0000000715400000, 0x0000000715400000| Complete 

Card table byte_map: [0x00000204cd600000,0x00000204cdde0000] _byte_map_base: 0x00000204c9dd3000

Marking Bits (Prev, Next): (CMBitMap*) 0x00000204b5ae77d0, (CMBitMap*) 0x00000204b5ae7810
 Prev Bits: [0x00000204ce5c0000, 0x00000204d2458000)
 Next Bits: [0x00000204d2460000, 0x00000204d62f8000)

Polling page: 0x00000204b39e0000

Metaspace:

Usage:
  Non-class:      1.77 MB used.
      Class:    174.76 KB used.
       Both:      1.94 MB used.

Virtual space:
  Non-class space:       64.00 MB reserved,       1.88 MB (  3%) committed,  1 nodes.
      Class space:        1.00 GB reserved,     256.00 KB ( <1%) committed,  1 nodes.
             Both:        1.06 GB reserved,       2.12 MB ( <1%) committed. 

Chunk freelists:
   Non-Class:  11.28 MB
       Class:  15.66 MB
        Both:  26.94 MB

MaxMetaspaceSize: unlimited
CompressedClassSpaceSize: 1.00 GB
Initial GC threshold: 21.00 MB
Current GC threshold: 21.00 MB
CDS: on
MetaspaceReclaimPolicy: balanced
 - commit_granule_bytes: 65536.
 - commit_granule_words: 8192.
 - virtual_space_node_default_size: 8388608.
 - enlarge_chunks_in_place: 1.
 - new_chunks_are_fully_committed: 0.
 - uncommit_free_chunks: 1.
 - use_allocation_guard: 0.
 - handle_deallocations: 1.


Internal statistics:

num_allocs_failed_limit: 0.
num_arena_births: 20.
num_arena_deaths: 0.
num_vsnodes_births: 2.
num_vsnodes_deaths: 0.
num_space_committed: 34.
num_space_uncommitted: 0.
num_chunks_returned_to_freelist: 0.
num_chunks_taken_from_freelist: 59.
num_chunk_merges: 0.
num_chunk_splits: 37.
num_chunks_enlarged: 29.
num_inconsistent_stats: 0.

CodeHeap 'non-profiled nmethods': size=119168Kb used=424Kb max_used=424Kb free=118743Kb
 bounds [0x00000204c5130000, 0x00000204c53a0000, 0x00000204cc590000]
CodeHeap 'profiled nmethods': size=119104Kb used=1165Kb max_used=1165Kb free=117938Kb
 bounds [0x00000204bd590000, 0x00000204bd800000, 0x00000204c49e0000]
CodeHeap 'non-nmethods': size=7488Kb used=2282Kb max_used=2297Kb free=5205Kb
 bounds [0x00000204c49e0000, 0x00000204c4c50000, 0x00000204c5130000]
 total_blobs=1138 nmethods=703 adapters=346
 compilation: enabled
              stopped_count=0, restarted_count=0
 full_count=0

Compilation events (20 events):
Event: 0.467 Thread 0x00000204d93dd9d0 nmethod 693 0x00000204bd6aa390 code [0x00000204bd6aa5a0, 0x00000204bd6aab88]
Event: 0.468 Thread 0x000002052022a810  695       3       java.util.ArrayDeque::inc (12 bytes)
Event: 0.468 Thread 0x000002052022a810 nmethod 695 0x00000204bd6aae10 code [0x00000204bd6aafa0, 0x00000204bd6ab0d8]
Event: 0.468 Thread 0x000002051f08d2b0 nmethod 690 0x00000204c5199790 code [0x00000204c5199920, 0x00000204c5199b78]
Event: 0.468 Thread 0x000002052022a810  696       3       java.util.WeakHashMap::matchesKey (33 bytes)
Event: 0.469 Thread 0x000002052022a810 nmethod 696 0x00000204bd6ab190 code [0x00000204bd6ab360, 0x00000204bd6ab898]
Event: 0.469 Thread 0x00000204d93dd9d0  697   !   3       java.util.zip.Inflater::inflate (418 bytes)
Event: 0.469 Thread 0x00000204d932b480  699       3       java.util.ArrayDeque::peek (5 bytes)
Event: 0.469 Thread 0x000002052022a810  700       3       java.util.ArrayDeque::peekFirst (12 bytes)
Event: 0.469 Thread 0x00000204d932b480 nmethod 699 0x00000204bd6aba10 code [0x00000204bd6abbc0, 0x00000204bd6abdd8]
Event: 0.469 Thread 0x00000204d932b480  701   !   3       org.bytedeco.javacpp.Loader::putMemberOffset (97 bytes)
Event: 0.469 Thread 0x000002052022a810 nmethod 700 0x00000204bd6abf10 code [0x00000204bd6ac0a0, 0x00000204bd6ac238]
Event: 0.469 Thread 0x000002052022a810  702       3       java.lang.ref.SoftReference::get (29 bytes)
Event: 0.469 Thread 0x000002052022a810 nmethod 702 0x00000204bd6ac390 code [0x00000204bd6ac520, 0x00000204bd6ac6f8]
Event: 0.469 Thread 0x000002052022a810  703       3       java.util.zip.ZipUtils::CENLEN (9 bytes)
Event: 0.470 Thread 0x00000204d93dd9d0 nmethod 697 0x00000204bd6ac790 code [0x00000204bd6aca60, 0x00000204bd6adc48]
Event: 0.470 Thread 0x000002052022a810 nmethod 703 0x00000204bd6ae610 code [0x00000204bd6ae7c0, 0x00000204bd6aea98]
Event: 0.470 Thread 0x00000204d93dd9d0  704       3       java.util.WeakHashMap::get (75 bytes)
Event: 0.470 Thread 0x00000204d932b480 nmethod 701 0x00000204bd6aec10 code [0x00000204bd6af100, 0x00000204bd6b17f8]
Event: 0.471 Thread 0x00000204d93dd9d0 nmethod 704 0x00000204bd6b2890 code [0x00000204bd6b2ac0, 0x00000204bd6b3398]

GC Heap History (2 events):
Event: 0.460 GC heap before
{Heap before GC invocations=0 (full 0):
 garbage-first heap   total 258048K, used 22528K [0x0000000705a00000, 0x0000000800000000)
  region size 2048K, 11 young (22528K), 0 survivors (0K)
 Metaspace       used 1843K, committed 1984K, reserved 1114112K
  class space    used 147K, committed 192K, reserved 1048576K
}
Event: 0.463 GC heap after
{Heap after GC invocations=1 (full 0):
 garbage-first heap   total 258048K, used 1618K [0x0000000705a00000, 0x0000000800000000)
  region size 2048K, 1 young (2048K), 1 survivors (2048K)
 Metaspace       used 1843K, committed 1984K, reserved 1114112K
  class space    used 147K, committed 192K, reserved 1048576K
}

Dll operation events (20 events):
Event: 0.297 Loaded shared library C:\Program Files (x86)\Windows Kits\10\Redist\ucrt\DLLs\x64\api-ms-win-core-rtlsupport-l1-1-0.dll
Event: 0.304 Loaded shared library C:\Program Files (x86)\Windows Kits\10\Redist\ucrt\DLLs\x64\api-ms-win-core-processthreads-l1-1-1.dll
Event: 0.310 Loaded shared library C:\Program Files (x86)\Windows Kits\10\Redist\ucrt\DLLs\x64\api-ms-win-core-file-l1-2-0.dll
Event: 0.318 Loaded shared library C:\Program Files (x86)\Windows Kits\10\Redist\ucrt\DLLs\x64\api-ms-win-core-profile-l1-1-0.dll
Event: 0.325 Loaded shared library C:\Program Files (x86)\Windows Kits\10\Redist\ucrt\DLLs\x64\api-ms-win-core-memory-l1-1-0.dll
Event: 0.333 Loaded shared library C:\Program Files (x86)\Windows Kits\10\Redist\ucrt\DLLs\x64\api-ms-win-core-util-l1-1-0.dll
Event: 0.341 Loaded shared library C:\Program Files (x86)\Windows Kits\10\Redist\ucrt\DLLs\x64\api-ms-win-core-interlocked-l1-1-0.dll
Event: 0.349 Loaded shared library C:\Program Files (x86)\Windows Kits\10\Redist\ucrt\DLLs\x64\ucrtbase.dll
Event: 0.355 Loaded shared library C:\Users\luczu\.jdks\corretto-17.0.10\bin\vcruntime140.dll
Event: 0.365 Loaded shared library C:\Users\luczu\.jdks\corretto-17.0.10\bin\vcruntime140_1.dll
Event: 0.375 Loaded shared library C:\Users\luczu\.jdks\corretto-17.0.10\bin\msvcp140.dll
Event: 0.383 Loaded shared library C:\Windows\System32\msvcp140_1.dll
Event: 0.391 Loaded shared library C:\Windows\System32\concrt140.dll
Event: 0.402 Loaded shared library C:\Windows\System32\vcomp140.dll
Event: 0.417 Loaded shared library C:\Windows\System32\winmm.dll
Event: 0.420 Loaded shared library C:\Windows\System32\opengl32.dll
Event: 0.422 Loaded shared library C:\Windows\System32\user32.dll
Event: 0.423 Loaded shared library C:\Windows\System32\shell32.dll
Event: 0.425 Loaded shared library C:\Windows\System32\gdi32.dll
Event: 0.442 Loaded shared library C:\Users\luczu\.javacpp\cache\jaylib-4.5.0-0.jar\com\raylib\windows-x86_64\jniRaylib.dll

Deoptimization events (20 events):
Event: 0.414 Thread 0x00000204b5a7b760 DEOPT PACKING pc=0x00000204c516ee10 sp=0x0000005bd8dfd880
Event: 0.414 Thread 0x00000204b5a7b760 DEOPT UNPACKING pc=0x00000204c4a3a1a3 sp=0x0000005bd8dfd810 mode 2
Event: 0.418 Thread 0x00000204b5a7b760 Uncommon trap: trap_request=0xffffff45 fr.pc=0x00000204c517e4c0 relative=0x0000000000003f60
Event: 0.418 Thread 0x00000204b5a7b760 Uncommon trap: reason=unstable_if action=reinterpret pc=0x00000204c517e4c0 method=sun.net.www.ParseUtil.firstEncodeIndex(Ljava/lang/String;)I @ 51 c2
Event: 0.418 Thread 0x00000204b5a7b760 DEOPT PACKING pc=0x00000204c517e4c0 sp=0x0000005bd8dfe4b0
Event: 0.418 Thread 0x00000204b5a7b760 DEOPT UNPACKING pc=0x00000204c4a3a1a3 sp=0x0000005bd8dfe1d0 mode 2
Event: 0.418 Thread 0x00000204b5a7b760 Uncommon trap: trap_request=0xffffff45 fr.pc=0x00000204c518882c relative=0x0000000000003dac
Event: 0.418 Thread 0x00000204b5a7b760 Uncommon trap: reason=unstable_if action=reinterpret pc=0x00000204c518882c method=sun.net.www.ParseUtil.firstEncodeIndex(Ljava/lang/String;)I @ 51 c2
Event: 0.418 Thread 0x00000204b5a7b760 DEOPT PACKING pc=0x00000204c518882c sp=0x0000005bd8dfe440
Event: 0.418 Thread 0x00000204b5a7b760 DEOPT UNPACKING pc=0x00000204c4a3a1a3 sp=0x0000005bd8dfe1c8 mode 2
Event: 0.425 Thread 0x00000204b5a7b760 DEOPT PACKING pc=0x00000204bd678718 sp=0x0000005bd8dfe1b0
Event: 0.425 Thread 0x00000204b5a7b760 DEOPT UNPACKING pc=0x00000204c4a3ace3 sp=0x0000005bd8dfd6b8 mode 0
Event: 0.453 Thread 0x00000204b5a7b760 DEOPT PACKING pc=0x00000204bd678718 sp=0x0000005bd8dfd1e0
Event: 0.453 Thread 0x00000204b5a7b760 DEOPT UNPACKING pc=0x00000204c4a3ace3 sp=0x0000005bd8dfc6f8 mode 0
Event: 0.455 Thread 0x00000204b5a7b760 DEOPT PACKING pc=0x00000204bd682848 sp=0x0000005bd8dfcc20
Event: 0.455 Thread 0x00000204b5a7b760 DEOPT UNPACKING pc=0x00000204c4a3ace3 sp=0x0000005bd8dfc138 mode 0
Event: 0.464 Thread 0x00000204b5a7b760 Uncommon trap: trap_request=0xffffff45 fr.pc=0x00000204c5165560 relative=0x00000000000000e0
Event: 0.464 Thread 0x00000204b5a7b760 Uncommon trap: reason=unstable_if action=reinterpret pc=0x00000204c5165560 method=java.lang.ref.SoftReference.get()Ljava/lang/Object; @ 17 c2
Event: 0.464 Thread 0x00000204b5a7b760 DEOPT PACKING pc=0x00000204c5165560 sp=0x0000005bd8dfcc90
Event: 0.464 Thread 0x00000204b5a7b760 DEOPT UNPACKING pc=0x00000204c4a3a1a3 sp=0x0000005bd8dfcc48 mode 2

Classes unloaded (0 events):
No events

Classes redefined (0 events):
No events

Internal exceptions (7 events):
Event: 0.079 Thread 0x00000204b5a7b760 Exception <a 'java/lang/NoSuchMethodError'{0x000000071526b848}: 'int java.lang.invoke.DirectMethodHandle$Holder.invokeStaticInit(java.lang.Object, java.lang.Object, java.lang.Object, java.lang.Object)'> (0x000000071526b848) 
thrown [s\src\hotspot\share\interpreter\linkResolver.cpp, line 759]
Event: 0.080 Thread 0x00000204b5a7b760 Exception <a 'java/lang/NoSuchMethodError'{0x0000000715276558}: 'java.lang.Object java.lang.invoke.DirectMethodHandle$Holder.invokeInterface(java.lang.Object, java.lang.Object)'> (0x0000000715276558) 
thrown [s\src\hotspot\share\interpreter\linkResolver.cpp, line 759]
Event: 0.081 Thread 0x00000204b5a7b760 Exception <a 'java/lang/IncompatibleClassChangeError'{0x0000000715279c70}: Found class java.lang.Object, but interface was expected> (0x0000000715279c70) 
thrown [s\src\hotspot\share\interpreter\linkResolver.cpp, line 826]
Event: 0.082 Thread 0x00000204b5a7b760 Exception <a 'java/lang/NoSuchMethodError'{0x000000071527ce18}: 'void java.lang.invoke.DirectMethodHandle$Holder.invokeStatic(java.lang.Object, java.lang.Object)'> (0x000000071527ce18) 
thrown [s\src\hotspot\share\interpreter\linkResolver.cpp, line 759]
Event: 0.082 Thread 0x00000204b5a7b760 Exception <a 'java/lang/NoSuchMethodError'{0x0000000715280488}: 'void java.lang.invoke.DirectMethodHandle$Holder.invokeStaticInit(java.lang.Object, java.lang.Object)'> (0x0000000715280488) 
thrown [s\src\hotspot\share\interpreter\linkResolver.cpp, line 759]
Event: 0.083 Thread 0x00000204b5a7b760 Exception <a 'java/lang/NoSuchMethodError'{0x0000000715286b50}: 'int java.lang.invoke.DirectMethodHandle$Holder.invokeStaticInit(java.lang.Object, java.lang.Object)'> (0x0000000715286b50) 
thrown [s\src\hotspot\share\interpreter\linkResolver.cpp, line 759]
Event: 0.440 Thread 0x00000204b5a7b760 Exception <a 'java/lang/NoSuchMethodError'{0x00000007140e5dd8}: 'java.lang.Object java.lang.invoke.DirectMethodHandle$Holder.invokeStatic(java.lang.Object, int, java.lang.Object)'> (0x00000007140e5dd8) 
thrown [s\src\hotspot\share\interpreter\linkResolver.cpp, line 759]

VM Operations (6 events):
Event: 0.058 Executing VM operation: HandshakeAllThreads
Event: 0.058 Executing VM operation: HandshakeAllThreads done
Event: 0.114 Executing VM operation: HandshakeAllThreads
Event: 0.114 Executing VM operation: HandshakeAllThreads done
Event: 0.460 Executing VM operation: G1CollectForAllocation
Event: 0.463 Executing VM operation: G1CollectForAllocation done

Events (20 events):
Event: 0.438 loading class java/io/Externalizable
Event: 0.438 loading class java/io/Externalizable done
Event: 0.438 loading class java/time/zone/Ser done
Event: 0.438 loading class java/time/Month
Event: 0.438 loading class java/time/Month done
Event: 0.438 loading class java/time/DayOfWeek
Event: 0.438 loading class java/time/DayOfWeek done
Event: 0.438 loading class java/time/zone/ZoneOffsetTransitionRule$TimeDefinition
Event: 0.438 loading class java/time/zone/ZoneOffsetTransitionRule$TimeDefinition done
Event: 0.438 loading class java/time/zone/ZoneOffsetTransition
Event: 0.438 loading class java/time/zone/ZoneOffsetTransition done
Event: 0.439 loading class java/time/temporal/TemporalAdjusters
Event: 0.439 loading class java/time/temporal/TemporalAdjusters done
Event: 0.441 loading class java/time/zone/ZoneOffsetTransitionRule$1
Event: 0.441 loading class java/time/zone/ZoneOffsetTransitionRule$1 done
Event: 0.441 loading class java/util/concurrent/TimeUnit$1
Event: 0.441 loading class java/util/concurrent/TimeUnit$1 done
Event: 0.448 loading class java/lang/NumberFormatException
Event: 0.448 loading class java/lang/NumberFormatException done
Event: 0.448 Thread 0x000002051f7b65a0 Thread added: 0x000002051f7b65a0


Dynamic libraries:
0x00007ff653530000 - 0x00007ff65353e000 	C:\Users\luczu\.jdks\corretto-17.0.10\bin\java.exe
0x00007ffb51d50000 - 0x00007ffb51f67000 	C:\WINDOWS\SYSTEM32\ntdll.dll
0x00007ffb51860000 - 0x00007ffb51924000 	C:\WINDOWS\System32\KERNEL32.DLL
0x00007ffb4f550000 - 0x00007ffb4f8f6000 	C:\WINDOWS\System32\KERNELBASE.dll
0x00007ffb4f390000 - 0x00007ffb4f4a1000 	C:\WINDOWS\System32\ucrtbase.dll
0x00007ffae90c0000 - 0x00007ffae90db000 	C:\Users\luczu\.jdks\corretto-17.0.10\bin\VCRUNTIME140.dll
0x00007ffae90a0000 - 0x00007ffae90b7000 	C:\Users\luczu\.jdks\corretto-17.0.10\bin\jli.dll
0x00007ffb519e0000 - 0x00007ffb51b8e000 	C:\WINDOWS\System32\USER32.dll
0x00007ffb4f2a0000 - 0x00007ffb4f2c6000 	C:\WINDOWS\System32\win32u.dll
0x00007ffb51990000 - 0x00007ffb519b9000 	C:\WINDOWS\System32\GDI32.dll
0x00007ffb25b40000 - 0x00007ffb25dd3000 	C:\WINDOWS\WinSxS\amd64_microsoft.windows.common-controls_6595b64144ccf1df_6.0.22621.2506_none_270c5ae97388e100\COMCTL32.dll
0x00007ffb4f090000 - 0x00007ffb4f1a8000 	C:\WINDOWS\System32\gdi32full.dll
0x00007ffb50f30000 - 0x00007ffb50fd7000 	C:\WINDOWS\System32\msvcrt.dll
0x00007ffb4f4b0000 - 0x00007ffb4f54a000 	C:\WINDOWS\System32\msvcp_win.dll
0x00007ffb51820000 - 0x00007ffb51851000 	C:\WINDOWS\System32\IMM32.DLL
0x00007ffae9130000 - 0x00007ffae913c000 	C:\Users\luczu\.jdks\corretto-17.0.10\bin\vcruntime140_1.dll
0x00007ffae9170000 - 0x00007ffae91fd000 	C:\Users\luczu\.jdks\corretto-17.0.10\bin\msvcp140.dll
0x00007ffa72f60000 - 0x00007ffa73bc2000 	C:\Users\luczu\.jdks\corretto-17.0.10\bin\server\jvm.dll
0x00007ffb4fc50000 - 0x00007ffb4fd03000 	C:\WINDOWS\System32\ADVAPI32.dll
0x00007ffb51210000 - 0x00007ffb512b8000 	C:\WINDOWS\System32\sechost.dll
0x00007ffb4fa70000 - 0x00007ffb4fa98000 	C:\WINDOWS\System32\bcrypt.dll
0x00007ffb50fe0000 - 0x00007ffb510f7000 	C:\WINDOWS\System32\RPCRT4.dll
0x00007ffb04a40000 - 0x00007ffb04a49000 	C:\WINDOWS\SYSTEM32\WSOCK32.dll
0x00007ffb44c00000 - 0x00007ffb44c34000 	C:\WINDOWS\SYSTEM32\WINMM.dll
0x00007ffb51190000 - 0x00007ffb51201000 	C:\WINDOWS\System32\WS2_32.dll
0x00007ffb4df10000 - 0x00007ffb4df5d000 	C:\WINDOWS\SYSTEM32\POWRPROF.dll
0x00007ffb44e30000 - 0x00007ffb44e3a000 	C:\WINDOWS\SYSTEM32\VERSION.dll
0x00007ffb4def0000 - 0x00007ffb4df03000 	C:\WINDOWS\SYSTEM32\UMPDC.dll
0x00007ffb4e110000 - 0x00007ffb4e128000 	C:\WINDOWS\SYSTEM32\kernel.appcore.dll
0x00007ffaf34c0000 - 0x00007ffaf34ca000 	C:\Users\luczu\.jdks\corretto-17.0.10\bin\jimage.dll
0x00007ffb4c840000 - 0x00007ffb4ca73000 	C:\WINDOWS\SYSTEM32\DBGHELP.DLL
0x00007ffb4fdc0000 - 0x00007ffb50149000 	C:\WINDOWS\System32\combase.dll
0x00007ffb514d0000 - 0x00007ffb515a7000 	C:\WINDOWS\System32\OLEAUT32.dll
0x00007ffb30770000 - 0x00007ffb307a2000 	C:\WINDOWS\SYSTEM32\dbgcore.DLL
0x00007ffb4f1b0000 - 0x00007ffb4f22a000 	C:\WINDOWS\System32\bcryptPrimitives.dll
0x00007ffa79bf0000 - 0x00007ffa79c15000 	C:\Users\luczu\.jdks\corretto-17.0.10\bin\java.dll
0x00007ffa72dd0000 - 0x00007ffa72ea7000 	C:\Users\luczu\.jdks\corretto-17.0.10\bin\jsvml.dll
0x00007ffb506d0000 - 0x00007ffb50f2a000 	C:\WINDOWS\System32\SHELL32.dll
0x00007ffb4cfa0000 - 0x00007ffb4d896000 	C:\WINDOWS\SYSTEM32\windows.storage.dll
0x00007ffb4ce60000 - 0x00007ffb4cf9e000 	C:\WINDOWS\SYSTEM32\wintypes.dll
0x00007ffb505d0000 - 0x00007ffb506c3000 	C:\WINDOWS\System32\SHCORE.dll
0x00007ffb4fd10000 - 0x00007ffb4fd6e000 	C:\WINDOWS\System32\shlwapi.dll
0x00007ffb4efc0000 - 0x00007ffb4efe6000 	C:\WINDOWS\SYSTEM32\profapi.dll
0x00007ffaf34a0000 - 0x00007ffaf34b9000 	C:\Users\luczu\.jdks\corretto-17.0.10\bin\net.dll
0x00007ffb45740000 - 0x00007ffb45877000 	C:\WINDOWS\SYSTEM32\WINHTTP.dll
0x00007ffb4e630000 - 0x00007ffb4e699000 	C:\WINDOWS\system32\mswsock.dll
0x00007ffa79bd0000 - 0x00007ffa79be6000 	C:\Users\luczu\.jdks\corretto-17.0.10\bin\nio.dll
0x00007ffa79bb0000 - 0x00007ffa79bc8000 	C:\Users\luczu\.jdks\corretto-17.0.10\bin\zip.dll
0x00000204b3a20000 - 0x00000204b3a23000 	C:\Program Files (x86)\Windows Kits\10\Redist\ucrt\DLLs\x64\api-ms-win-crt-locale-l1-1-0.dll
0x00000204b3a30000 - 0x00000204b3a34000 	C:\Program Files (x86)\Windows Kits\10\Redist\ucrt\DLLs\x64\api-ms-win-crt-string-l1-1-0.dll
0x00000204b3a40000 - 0x00000204b3a44000 	C:\Program Files (x86)\Windows Kits\10\Redist\ucrt\DLLs\x64\api-ms-win-crt-stdio-l1-1-0.dll
0x00000204b3a50000 - 0x00000204b3a55000 	C:\Program Files (x86)\Windows Kits\10\Redist\ucrt\DLLs\x64\api-ms-win-crt-math-l1-1-0.dll
0x00000204b3a60000 - 0x00000204b3a63000 	C:\Program Files (x86)\Windows Kits\10\Redist\ucrt\DLLs\x64\api-ms-win-crt-heap-l1-1-0.dll
0x00000204b3a70000 - 0x00000204b3a74000 	C:\Program Files (x86)\Windows Kits\10\Redist\ucrt\DLLs\x64\api-ms-win-crt-runtime-l1-1-0.dll
0x00000204b5a20000 - 0x00000204b5a24000 	C:\Program Files (x86)\Windows Kits\10\Redist\ucrt\DLLs\x64\api-ms-win-crt-convert-l1-1-0.dll
0x00000204d9810000 - 0x00000204d9813000 	C:\Program Files (x86)\Windows Kits\10\Redist\ucrt\DLLs\x64\api-ms-win-crt-environment-l1-1-0.dll
0x00000204d9820000 - 0x00000204d9823000 	C:\Program Files (x86)\Windows Kits\10\Redist\ucrt\DLLs\x64\api-ms-win-crt-time-l1-1-0.dll
0x00000204d9830000 - 0x00000204d9833000 	C:\Program Files (x86)\Windows Kits\10\Redist\ucrt\DLLs\x64\api-ms-win-crt-filesystem-l1-1-0.dll
0x00000204d9840000 - 0x00000204d9843000 	C:\Program Files (x86)\Windows Kits\10\Redist\ucrt\DLLs\x64\api-ms-win-crt-utility-l1-1-0.dll
0x00000204d9850000 - 0x00000204d9855000 	C:\Program Files (x86)\Windows Kits\10\Redist\ucrt\DLLs\x64\api-ms-win-crt-multibyte-l1-1-0.dll
0x00000204d9860000 - 0x00000204d9863000 	C:\Program Files (x86)\Windows Kits\10\Redist\ucrt\DLLs\x64\api-ms-win-crt-conio-l1-1-0.dll
0x00000204d9870000 - 0x00000204d987f000 	C:\Program Files (x86)\Windows Kits\10\Redist\ucrt\DLLs\x64\api-ms-win-crt-private-l1-1-0.dll
0x00000204d9880000 - 0x00000204d9883000 	C:\Program Files (x86)\Windows Kits\10\Redist\ucrt\DLLs\x64\api-ms-win-crt-process-l1-1-0.dll
0x00000204d9890000 - 0x00000204d9893000 	C:\Program Files\Microsoft\jdk-11.0.12.7-hotspot\bin\api-ms-win-core-console-l1-2-0.dll
0x00000204d98a0000 - 0x00000204d98a3000 	C:\Program Files (x86)\Windows Kits\10\Redist\ucrt\DLLs\x64\api-ms-win-core-string-l1-1-0.dll
0x00000204d98b0000 - 0x00000204d98b3000 	C:\Program Files (x86)\Windows Kits\10\Redist\ucrt\DLLs\x64\api-ms-win-core-errorhandling-l1-1-0.dll
0x00000204d98c0000 - 0x00000204d98c3000 	C:\Program Files (x86)\Windows Kits\10\Redist\ucrt\DLLs\x64\api-ms-win-core-timezone-l1-1-0.dll
0x00000204d98d0000 - 0x00000204d98d4000 	C:\Program Files (x86)\Windows Kits\10\Redist\ucrt\DLLs\x64\api-ms-win-core-file-l1-1-0.dll
0x00000204d98e0000 - 0x00000204d98e3000 	C:\Program Files (x86)\Windows Kits\10\Redist\ucrt\DLLs\x64\api-ms-win-core-namedpipe-l1-1-0.dll
0x00000204d98f0000 - 0x00000204d98f3000 	C:\Program Files (x86)\Windows Kits\10\Redist\ucrt\DLLs\x64\api-ms-win-core-handle-l1-1-0.dll
0x00000204d9900000 - 0x00000204d9903000 	C:\Program Files (x86)\Windows Kits\10\Redist\ucrt\DLLs\x64\api-ms-win-core-file-l2-1-0.dll
0x00000204d9910000 - 0x00000204d9913000 	C:\Program Files (x86)\Windows Kits\10\Redist\ucrt\DLLs\x64\api-ms-win-core-heap-l1-1-0.dll
0x00000204d9920000 - 0x00000204d9923000 	C:\Program Files (x86)\Windows Kits\10\Redist\ucrt\DLLs\x64\api-ms-win-core-libraryloader-l1-1-0.dll
0x00000204d9930000 - 0x00000204d9933000 	C:\Program Files (x86)\Windows Kits\10\Redist\ucrt\DLLs\x64\api-ms-win-core-synch-l1-1-0.dll
0x00000204d9940000 - 0x00000204d9943000 	C:\Program Files (x86)\Windows Kits\10\Redist\ucrt\DLLs\x64\api-ms-win-core-processthreads-l1-1-0.dll
0x00000204d9950000 - 0x00000204d9953000 	C:\Program Files (x86)\Windows Kits\10\Redist\ucrt\DLLs\x64\api-ms-win-core-processenvironment-l1-1-0.dll
0x00000204d9960000 - 0x00000204d9963000 	C:\Program Files (x86)\Windows Kits\10\Redist\ucrt\DLLs\x64\api-ms-win-core-datetime-l1-1-0.dll
0x00000204d9970000 - 0x00000204d9973000 	C:\Program Files (x86)\Windows Kits\10\Redist\ucrt\DLLs\x64\api-ms-win-core-localization-l1-2-0.dll
0x00000204d9980000 - 0x00000204d9983000 	C:\Program Files (x86)\Windows Kits\10\Redist\ucrt\DLLs\x64\api-ms-win-core-sysinfo-l1-1-0.dll
0x00000204d9990000 - 0x00000204d9993000 	C:\Program Files (x86)\Windows Kits\10\Redist\ucrt\DLLs\x64\api-ms-win-core-synch-l1-2-0.dll
0x00000204d99a0000 - 0x00000204d99a3000 	C:\Program Files (x86)\Windows Kits\10\Redist\ucrt\DLLs\x64\api-ms-win-core-console-l1-1-0.dll
0x00000204d99b0000 - 0x00000204d99b3000 	C:\Program Files (x86)\Windows Kits\10\Redist\ucrt\DLLs\x64\api-ms-win-core-debug-l1-1-0.dll
0x00000204d99c0000 - 0x00000204d99c3000 	C:\Program Files (x86)\Windows Kits\10\Redist\ucrt\DLLs\x64\api-ms-win-core-rtlsupport-l1-1-0.dll
0x00000204d99d0000 - 0x00000204d99d3000 	C:\Program Files (x86)\Windows Kits\10\Redist\ucrt\DLLs\x64\api-ms-win-core-processthreads-l1-1-1.dll
0x00000204d99e0000 - 0x00000204d99e3000 	C:\Program Files (x86)\Windows Kits\10\Redist\ucrt\DLLs\x64\api-ms-win-core-file-l1-2-0.dll
0x00000204d99f0000 - 0x00000204d99f3000 	C:\Program Files (x86)\Windows Kits\10\Redist\ucrt\DLLs\x64\api-ms-win-core-profile-l1-1-0.dll
0x00000204d9a00000 - 0x00000204d9a03000 	C:\Program Files (x86)\Windows Kits\10\Redist\ucrt\DLLs\x64\api-ms-win-core-memory-l1-1-0.dll
0x00000204d9a10000 - 0x00000204d9a13000 	C:\Program Files (x86)\Windows Kits\10\Redist\ucrt\DLLs\x64\api-ms-win-core-util-l1-1-0.dll
0x00000204d9a20000 - 0x00000204d9a23000 	C:\Program Files (x86)\Windows Kits\10\Redist\ucrt\DLLs\x64\api-ms-win-core-interlocked-l1-1-0.dll
0x00007ffaa7700000 - 0x00007ffaa77f2000 	C:\Program Files (x86)\Windows Kits\10\Redist\ucrt\DLLs\x64\ucrtbase.dll
0x00007ffb469b0000 - 0x00007ffb469b9000 	C:\Windows\System32\msvcp140_1.dll
0x00007ffb269e0000 - 0x00007ffb26a2e000 	C:\Windows\System32\concrt140.dll
0x00007ffb29ff0000 - 0x00007ffb2a021000 	C:\Windows\System32\vcomp140.dll
0x00007ffb1a5e0000 - 0x00007ffb1a6e0000 	C:\Windows\System32\opengl32.dll
0x00007ffb1aad0000 - 0x00007ffb1aafd000 	C:\WINDOWS\SYSTEM32\GLU32.dll
0x00007ffb4c1e0000 - 0x00007ffb4c216000 	C:\WINDOWS\SYSTEM32\dxcore.dll
0x00007ffa35060000 - 0x00007ffa3527d000 	C:\Users\luczu\.javacpp\cache\jaylib-4.5.0-0.jar\com\raylib\windows-x86_64\jniRaylib.dll

dbghelp: loaded successfully - version: 4.0.5 - missing functions: none
symbol engine: initialized successfully - sym options: 0x614 - pdb path: .;C:\Users\luczu\.jdks\corretto-17.0.10\bin;C:\WINDOWS\SYSTEM32;C:\WINDOWS\WinSxS\amd64_microsoft.windows.common-controls_6595b64144ccf1df_6.0.22621.2506_none_270c5ae97388e100;C:\Users\luczu\.jdks\corretto-17.0.10\bin\server;C:\Program Files (x86)\Windows Kits\10\Redist\ucrt\DLLs\x64;C:\Program Files\Microsoft\jdk-11.0.12.7-hotspot\bin;C:\Users\luczu\.javacpp\cache\jaylib-4.5.0-0.jar\com\raylib\windows-x86_64

VM Arguments:
jvm_args: -Dfile.encoding=windows-1252 -Duser.country=NL -Duser.language=nl -Duser.variant 
java_command: PineVille.GameScene
java_class_path (initial): C:\Users\luczu\OneDrive\Documenten\PineVille\build\classes\java\main;C:\Users\luczu\OneDrive\Documenten\PineVille\build\resources\main;C:\Users\luczu\.gradle\caches\modules-2\files-2.1\uk.co.electronstudio.jaylib\jaylib\4.5.0-0\90c0d608df9bbd32f5f34683acc58cb433e94508\jaylib-4.5.0-0.jar
Launcher Type: SUN_STANDARD

[Global flags]
     intx CICompilerCount                          = 12                                        {product} {ergonomic}
     uint ConcGCThreads                            = 3                                         {product} {ergonomic}
     uint G1ConcRefinementThreads                  = 13                                        {product} {ergonomic}
   size_t G1HeapRegionSize                         = 2097152                                   {product} {ergonomic}
    uintx GCDrainStackTargetSize                   = 64                                        {product} {ergonomic}
   size_t InitialHeapSize                          = 264241152                                 {product} {ergonomic}
   size_t MarkStackSize                            = 4194304                                   {product} {ergonomic}
   size_t MaxHeapSize                              = 4200595456                                {product} {ergonomic}
   size_t MaxNewSize                               = 2518679552                                {product} {ergonomic}
   size_t MinHeapDeltaBytes                        = 2097152                                   {product} {ergonomic}
   size_t MinHeapSize                              = 8388608                                   {product} {ergonomic}
    uintx NonNMethodCodeHeapSize                   = 7602480                                {pd product} {ergonomic}
    uintx NonProfiledCodeHeapSize                  = 122027880                              {pd product} {ergonomic}
    uintx ProfiledCodeHeapSize                     = 122027880                              {pd product} {ergonomic}
    uintx ReservedCodeCacheSize                    = 251658240                              {pd product} {ergonomic}
     bool SegmentedCodeCache                       = true                                      {product} {ergonomic}
   size_t SoftMaxHeapSize                          = 4200595456                             {manageable} {ergonomic}
     bool UseCompressedClassPointers               = true                           {product lp64_product} {ergonomic}
     bool UseCompressedOops                        = true                           {product lp64_product} {ergonomic}
     bool UseG1GC                                  = true                                      {product} {ergonomic}
     bool UseLargePagesIndividualAllocation        = false                                  {pd product} {ergonomic}

Logging:
Log output configuration:
 #0: stdout all=warning uptime,level,tags
 #1: stderr all=off uptime,level,tags

Environment Variables:
PATH=C:\Program Files (x86)\Common Files\Intel\Shared Libraries\redist\intel64\compiler;C:\Program Files\Common Files\Oracle\Java\javapath;C:\Program Files\Microsoft\jdk-11.0.12.7-hotspot\bin;C:\windows\system32;C:\windows;C:\windows\System32\Wbem;C:\windows\System32\WindowsPowerShell\v1.0\;C:\windows\System32\OpenSSH\;C:\Program Files (x86)\NVIDIA Corporation\PhysX\Common;C:\Program Files\NVIDIA Corporation\NVIDIA NvDLISR;C:\Program Files\Microsoft SQL Server\150\Tools\Binn\;C:\Program Files\Microsoft SQL Server\Client SDK\ODBC\170\Tools\Binn\;C:\Program Files\dotnet\;C:\WINDOWS\system32;C:\WINDOWS;C:\WINDOWS\System32\Wbem;C:\WINDOWS\System32\WindowsPowerShell\v1.0\;C:\WINDOWS\System32\OpenSSH\;C:\Program Files\CMake\bin;C:\Program Files\Git\cmd;C:\Users\luczu\AppData\Local\Microsoft\WindowsApps;C:\Users\luczu\.dotnet\tools;C:\Users\luczu\AppData\Local\GitHubDesktop\bin;;C:\Users\luczu\AppData\Local\Programs\Microsoft VS Code\bin
USERNAME=luczu
OS=Windows_NT
PROCESSOR_IDENTIFIER=Intel64 Family 6 Model 141 Stepping 1, GenuineIntel
TMP=C:\Users\luczu\AppData\Local\Temp
TEMP=C:\Users\luczu\AppData\Local\Temp



Periodic native trim disabled


---------------  S Y S T E M  ---------------

OS:
 Windows 11 , 64 bit Build 22621 (10.0.22621.2506)
OS uptime: 0 days 2:13 hours
Hyper-V role detected

CPU: total 16 (initial active 16) (8 cores per cpu, 2 threads per core) family 6 model 141 stepping 1 microcode 0x4e, cx8, cmov, fxsr, ht, mmx, 3dnowpref, sse, sse2, sse3, ssse3, sse4.1, sse4.2, popcnt, lzcnt, tsc, tscinvbit, avx, avx2, aes, erms, clmul, bmi1, bmi2, adx, avx512f, avx512dq, avx512cd, avx512bw, avx512vl, sha, fma, vzeroupper, avx512_vpopcntdq, avx512_vpclmulqdq, avx512_vaes, avx512_vnni, clflush, clflushopt, clwb, avx512_vbmi2, avx512_vbmi, hv
Processor Information for all 16 processors :
  Max Mhz: 2304, Current Mhz: 2304, Mhz Limit: 2304

Memory: 4k page, system-wide physical 16021M (3931M free)
TotalPageFile size 34453M (AvailPageFile size 12017M)
current process WorkingSet (physical memory assigned to process): 97M, peak: 97M
current process commit charge ("private bytes"): 387M, peak: 387M

vm_info: OpenJDK 64-Bit Server VM (17.0.10+7-LTS) for windows-amd64 JRE (17.0.10+7-LTS), built on Jan 10 2024 22:11:07 by "Administrator" with MS VC++ 16.10 / 16.11 (VS2019)

END.
