#
# A fatal error has been detected by the Java Runtime Environment:
#
#  EXCEPTION_ACCESS_VIOLATION (0xc0000005) at pc=0x00007ffefea7f42b, pid=3976, tid=31104
#
# JRE version: OpenJDK Runtime Environment Corretto-17.0.10.7.1 (17.0.10+7) (build 17.0.10+7-LTS)
# Java VM: OpenJDK 64-Bit Server VM Corretto-17.0.10.7.1 (17.0.10+7-LTS, mixed mode, sharing, tiered, compressed oops, compressed class ptrs, g1 gc, windows-amd64)
# Problematic frame:
# C  [jniRaylib.dll+0xdf42b]
#
# No core dump will be written. Minidumps are not enabled by default on client versions of Windows
#
# If you would like to submit a bug report, please visit:
#   https://github.com/corretto/corretto-17/issues/
# The crash happened outside the Java Virtual Machine in native code.
# See problematic frame for where to report the bug.
#

---------------  S U M M A R Y ------------

Command Line: -Dfile.encoding=windows-1252 -Duser.country=NL -Duser.language=nl -Duser.variant PineVille.GameScene

Host: 11th Gen Intel(R) Core(TM) i7-11800H @ 2.30GHz, 16 cores, 15G,  Windows 11 , 64 bit Build 22621 (10.0.22621.3235)
Time: Mon Apr 15 13:43:07 2024 West-Europa (zomertijd) elapsed time: 36.315238 seconds (0d 0h 0m 36s)

---------------  T H R E A D  ---------------

Current thread (0x0000025283ecc550):  JavaThread "main" [_thread_in_native, id=31104, stack(0x000000662e000000,0x000000662e100000)]

Stack: [0x000000662e000000,0x000000662e100000],  sp=0x000000662e0fee10,  free space=1019k
Native frames: (J=compiled Java code, j=interpreted, Vv=VM code, C=native code)
C  [jniRaylib.dll+0xdf42b]

Java frames: (J=compiled Java code, j=interpreted, Vv=VM code)
J 900  com.raylib.Raylib.DrawTexturePro(Lcom/raylib/Raylib$Texture;Lcom/raylib/Raylib$Rectangle;Lcom/raylib/Raylib$Rectangle;Lcom/raylib/Raylib$Vector2;FLcom/raylib/Raylib$Color;)V (0 bytes) @ 0x000002529360d662 [0x000002529360d5a0+0x00000000000000c2]
j  PineVille.GameScene.main([Ljava/lang/String;)V+528
v  ~StubRoutines::call_stub

siginfo: EXCEPTION_ACCESS_VIOLATION (0xc0000005), writing address 0x00000252efedbb50


Registers:
RAX=0x00000252efedbb50, RBX=0x000000662e0fefb0, RCX=0x0000000000000000, RDX=0x00000252ee1d40b0
RSP=0x000000662e0fee10, RBP=0x000000662e0ff070, RSI=0x0000000000000005, RDI=0x000000662e0fefa0
R8 =0x0000000000000000, R9 =0x0000000000000000, R10=0x00007ffe7eb8de20, R11=0x000000000000000a
R12=0x00000252effab730, R13=0x0000000000000000, R14=0x00000252effaaff0, R15=0x00000252ed3cf360
RIP=0x00007ffefea7f42b, EFLAGS=0x0000000000010246


Register to memory mapping:

RIP=0x00007ffefea7f42b jniRaylib.dll
RAX=0x00000252efedbb50 is an unknown value
RBX=0x000000662e0fefb0 is pointing into the stack for thread: 0x0000025283ecc550
RCX=0x0 is NULL
RDX=0x00000252ee1d40b0 points into unknown readable memory: 0x00007ffe00002000 | 00 20 00 00 fe 7f 00 00
RSP=0x000000662e0fee10 is pointing into the stack for thread: 0x0000025283ecc550
RBP=0x000000662e0ff070 is pointing into the stack for thread: 0x0000025283ecc550
RSI=0x0000000000000005 is an unknown value
RDI=0x000000662e0fefa0 is pointing into the stack for thread: 0x0000025283ecc550
R8 =0x0 is NULL
R9 =0x0 is NULL
R10=0x00007ffe7eb8de20 jvm.dll
R11=0x000000000000000a is an unknown value
R12=0x00000252effab730 points into unknown readable memory: 0x0000004000000005 | 05 00 00 00 40 00 00 00
R13=0x0 is NULL
R14=0x00000252effaaff0 points into unknown readable memory: 0x00000000ffffffff | ff ff ff ff 00 00 00 00
R15=0x00000252ed3cf360 points into unknown readable memory: 0x0000000000000000 | 00 00 00 00 00 00 00 00


Top of Stack: (sp=0x000000662e0fee10)
0x000000662e0fee10:   00000252e9404300 0000000000000000
0x000000662e0fee20:   0000139c6db96f88 00007fff0000000e
0x000000662e0fee30:   0000000043d40000 0000000000000000
0x000000662e0fee40:   0000000000000000 0000000000000000
0x000000662e0fee50:   0000000000000000 0000000000000000
0x000000662e0fee60:   000000662e0fefb0 00007ffefea48749
0x000000662e0fee70:   000000662e0ff0a0 0000025283ecc550
0x000000662e0fee80:   00000252a7867ad0 000000662e0feed0
0x000000662e0fee90:   4200000044c18000 4348000043d40000
0x000000662e0feea0:   000002520000000e 0000000000000000
0x000000662e0feeb0:   0000000000000000 0000000000000000
0x000000662e0feec0:   0000000000000000 0000000000000000
0x000000662e0feed0:   0000000000000000 0000000000000000
0x000000662e0feee0:   0000000000000000 0000000000000000
0x000000662e0feef0:   0000000000000000 0000000000000000
0x000000662e0fef00:   0000000000000000 0000000000000000
0x000000662e0fef10:   0000000000000000 0000000000000000
0x000000662e0fef20:   0000000000000000 0000000000000000
0x000000662e0fef30:   0000000000000000 0000000000000000
0x000000662e0fef40:   0000000000000000 0000000000000000
0x000000662e0fef50:   00000252ef72df90 00000252ef72de10
0x000000662e0fef60:   0000025283ecc808 00007ffefe9e2213
0x000000662e0fef70:   0000006644898000 000000662e0ff070
0x000000662e0fef80:   0000025283ecc808 00007ffefe9ca8eb
0x000000662e0fef90:   0000006600000000 00000000ffffffff
0x000000662e0fefa0:   4348000044898000 4360000043e00000
0x000000662e0fefb0:   0000000000000000 4200000042800000
0x000000662e0fefc0:   0000004000000005 0000000100000020
0x000000662e0fefd0:   0000025200000007 0000000000000000
0x000000662e0fefe0:   0000025283ecc550 0000000000000000
0x000000662e0feff0:   0000000714d9bd70 0000000715400f38
0x000000662e0ff000:   00000252e9426560 000002529360d702 

Instructions: (pc=0x00007ffefea7f42b)
0x00007ffefea7f32b:   fa 01 75 0b 84 54 c1 f4 75 54 8d 4a 02 eb 43 83
0x00007ffefea7f33b:   fa 04 75 20 8b 4c c1 f4 b8 56 55 55 55 f7 e9 8b
0x00007ffefea7f34b:   c2 c1 e8 1f 03 d0 8d 04 52 3b c8 75 31 b9 04 00
0x00007ffefea7f35b:   00 00 eb 1e 83 fa 07 75 25 8b 44 c1 f4 25 03 00
0x00007ffefea7f36b:   00 80 7d 07 ff c8 83 c8 fc ff c0 85 c0 75 0f 8d
0x00007ffefea7f37b:   48 05 e8 7e a4 ff ff 4c 8b 05 27 2e 11 00 4d 63
0x00007ffefea7f38b:   48 04 4d 8b 40 08 8b 05 41 2e 11 00 49 c1 e1 06
0x00007ffefea7f39b:   8d 0c 40 4b 8b 44 01 08 48 63 d1 f3 0f 11 34 90
0x00007ffefea7f3ab:   48 8b 05 fe 2d 11 00 4c 63 48 04 4c 8b 40 08 8b
0x00007ffefea7f3bb:   05 18 2e 11 00 49 c1 e1 06 8d 0c 40 4b 8b 44 01
0x00007ffefea7f3cb:   08 48 63 d1 f3 0f 11 7c 90 04 48 8b 05 d4 2d 11
0x00007ffefea7f3db:   00 4c 63 48 04 4c 8b 40 08 8b 05 ee 2d 11 00 49
0x00007ffefea7f3eb:   c1 e1 06 8d 0c 40 4b 8b 44 01 08 48 63 d1 f3 44
0x00007ffefea7f3fb:   0f 11 44 90 08 48 8b 05 a9 2d 11 00 f3 0f 10 05
0x00007ffefea7f40b:   cd 2d 11 00 4c 63 40 04 48 8b 50 08 8b 05 bb 2d
0x00007ffefea7f41b:   11 00 03 c0 49 c1 e0 06 48 63 c8 49 8b 44 10 10
0x00007ffefea7f42b:   f3 0f 11 04 88 48 8b 05 79 2d 11 00 f3 0f 10 05
0x00007ffefea7f43b:   a1 2d 11 00 4c 63 40 04 48 8b 50 08 8b 05 8b 2d
0x00007ffefea7f44b:   11 00 03 c0 49 c1 e0 06 48 63 c8 49 8b 44 10 10
0x00007ffefea7f45b:   f3 0f 11 44 88 04 48 8b 05 48 2d 11 00 4c 63 40
0x00007ffefea7f46b:   04 48 8b 48 08 8b 05 62 2d 11 00 49 c1 e0 06 8d
0x00007ffefea7f47b:   04 85 00 00 00 00 49 8b 4c 08 18 48 63 d0 0f b6
0x00007ffefea7f48b:   05 60 2d 11 00 88 04 0a 48 8b 05 16 2d 11 00 4c
0x00007ffefea7f49b:   63 40 04 48 8b 48 08 8b 05 30 2d 11 00 49 c1 e0
0x00007ffefea7f4ab:   06 8d 04 85 00 00 00 00 49 8b 4c 08 18 48 63 d0
0x00007ffefea7f4bb:   0f b6 05 2f 2d 11 00 88 44 11 01 48 8b 05 e3 2c
0x00007ffefea7f4cb:   11 00 4c 63 40 04 48 8b 48 08 8b 05 fd 2c 11 00
0x00007ffefea7f4db:   49 c1 e0 06 8d 04 85 00 00 00 00 49 8b 4c 08 18
0x00007ffefea7f4eb:   48 63 d0 0f b6 05 fd 2c 11 00 88 44 11 02 48 8b
0x00007ffefea7f4fb:   05 b0 2c 11 00 4c 63 40 04 48 8b 48 08 8b 05 ca
0x00007ffefea7f50b:   2c 11 00 49 c1 e0 06 49 8b 4c 08 18 8d 04 85 00
0x00007ffefea7f51b:   00 00 00 0f 28 74 24 40 0f 28 7c 24 30 44 0f 28 


Stack slot to memory mapping:
stack at sp + 0 slots: 0x00000252e9404300 is pointing into metadata
stack at sp + 1 slots: 0x0 is NULL
stack at sp + 2 slots: 0x0000139c6db96f88 is an unknown value
stack at sp + 3 slots: 0x00007fff0000000e is an unknown value
stack at sp + 4 slots: 0x0000000043d40000 is an unknown value
stack at sp + 5 slots: 0x0 is NULL
stack at sp + 6 slots: 0x0 is NULL
stack at sp + 7 slots: 0x0 is NULL


Compiled method (n/a)   36431  900     n 0       com.raylib.Raylib::DrawTexturePro (native)
 total in heap  [0x000002529360d410,0x000002529360d840] = 1072
 relocation     [0x000002529360d568,0x000002529360d598] = 48
 main code      [0x000002529360d5a0,0x000002529360d838] = 664
 oops           [0x000002529360d838,0x000002529360d840] = 8

[Constant Pool (empty)]

[MachCode]
[Entry Point]
  # {method} {0x00000252e9426568} 'DrawTexturePro' '(Lcom/raylib/Raylib$Texture;Lcom/raylib/Raylib$Rectangle;Lcom/raylib/Raylib$Rectangle;Lcom/raylib/Raylib$Vector2;FLcom/raylib/Raylib$Color;)V' in 'com/raylib/Raylib'
  # parm0:    rdx:rdx   = 'com/raylib/Raylib$Texture'
  # parm1:    r8:r8     = 'com/raylib/Raylib$Rectangle'
  # parm2:    r9:r9     = 'com/raylib/Raylib$Rectangle'
  # parm3:    rdi:rdi   = 'com/raylib/Raylib$Vector2'
  # parm4:    xmm0      = float
  # parm5:    rsi:rsi   = 'com/raylib/Raylib$Color'
  #           [sp+0x90]  (sp of caller)
  0x000002529360d5a0: 448b 5208 | 49bb 0000 | 00a8 5202 | 0000 4d03 | d349 3bc2 | 0f84 0600 

  0x000002529360d5b8: ;   {runtime_call ic_miss_stub}
  0x000002529360d5b8: 0000 e9c1 | 3f87 ff90 
[Verified Entry Point]
  0x000002529360d5c0: 8984 2400 | 90ff ff55 | 488b ec48 | 81ec 8000 | 0000 4889 | 7424 6048 | 83fe 0048 | 8d44 2460 
  0x000002529360d5e0: 480f 4444 | 2460 4889 | 4424 38c5 | fa11 4424 | 3048 897c | 2458 4883 | ff00 488d | 4424 5848 
  0x000002529360d600: 0f44 4424 | 5848 8944 | 2428 4c89 | 4c24 5049 | 83f9 0048 | 8d44 2450 | 480f 4444 | 2450 4889 
  0x000002529360d620: 4424 204c | 8944 2448 | 4983 f800 | 4c8d 4c24 | 484c 0f44 | 4c24 4848 | 8954 2440 | 4883 fa00 
  0x000002529360d640: 4c8d 4424 | 404c 0f44 

  0x000002529360d648: ;   {oop(a 'java/lang/Class'{0x0000000713e9c970} = 'com/raylib/Raylib')}
  0x000002529360d648: 4424 4049 | be70 c9e9 | 1307 0000 | 004c 8974 | 2470 4c8d | 7424 7049 | 8bd6 c5f8 

  0x000002529360d664: ;   {internal_word}
  0x000002529360d664: 7749 ba62 | d660 9352 | 0200 004d | 8997 a002 | 0000 4989 | a798 0200 

  0x000002529360d67c: ;   {external_word}
  0x000002529360d67c: 0049 ba79 | 35b7 7efe | 7f00 0041 | 803a 000f | 8452 0000 | 0052 4150 

  0x000002529360d694: ;   {metadata({method} {0x00000252e9426568} 'DrawTexturePro' '(Lcom/raylib/Raylib$Texture;Lcom/raylib/Raylib$Rectangle;Lcom/raylib/Raylib$Rectangle;Lcom/raylib/Raylib$Vector2;FLcom/raylib/Raylib$Color;)V' in 'com/raylib/Raylib')}
  0x000002529360d694: 4151 48ba | 6065 42e9 | 5202 0000 | 498b cf48 | 83ec 20f7 | c40f 0000 | 000f 841a | 0000 0048 
  0x000002529360d6b4: ;   {runtime_call}
  0x000002529360d6b4: 83ec 0849 | ba00 306d | 7efe 7f00 | 0041 ffd2 | 4883 c408 | e90d 0000 

  0x000002529360d6cc: ;   {runtime_call}
  0x000002529360d6cc: 0049 ba00 | 306d 7efe | 7f00 0041 | ffd2 4883 | c420 4159 | 4158 5a49 | 8d8f b802 | 0000 41c7 
  0x000002529360d6ec: 8748 0300 | 0004 0000 

  0x000002529360d6f4: ;   {runtime_call}
  0x000002529360d6f4: 0049 ba10 | 209e fefe | 7f00 0041 | ffd2 c5f8 | 7741 c787 | 4803 0000 | 0500 0000 | f083 4424 
  0x000002529360d714: c000 493b | af50 0300 | 000f 8711 | 0000 0041 | 81bf 3803 | 0000 0000 | 0000 0f84 | 2400 0000 
  0x000002529360d734: c5f8 7749 | 8bcf 4c8b | e448 83ec | 2048 83e4 

  0x000002529360d744: ;   {runtime_call}
  0x000002529360d744: f049 ba90 | 447d 7efe | 7f00 0041 | ffd2 498b | e44d 33e4 | 41c7 8748 | 0300 0008 | 0000 0041 
  0x000002529360d764: 81bf b803 | 0000 0200 | 0000 0f84 | 9b00 0000 

  0x000002529360d774: ;   {external_word}
  0x000002529360d774: 49ba 7935 | b77e fe7f | 0000 4180 | 3a00 0f84 | 4800 0000 

  0x000002529360d788: ;   {metadata({method} {0x00000252e9426568} 'DrawTexturePro' '(Lcom/raylib/Raylib$Texture;Lcom/raylib/Raylib$Rectangle;Lcom/raylib/Raylib$Rectangle;Lcom/raylib/Raylib$Vector2;FLcom/raylib/Raylib$Color;)V' in 'com/raylib/Raylib')}
  0x000002529360d788: 48ba 6065 | 42e9 5202 | 0000 498b | cf48 83ec | 20f7 c40f | 0000 000f | 841a 0000 | 0048 83ec 
  0x000002529360d7a8: ;   {runtime_call}
  0x000002529360d7a8: 0849 ba00 | 306d 7efe | 7f00 0041 | ffd2 4883 | c408 e90d 

  0x000002529360d7bc: ;   {runtime_call}
  0x000002529360d7bc: 0000 0049 | ba00 306d | 7efe 7f00 | 0041 ffd2 | 4883 c420 | 49c7 8798 | 0200 0000 | 0000 0049 
  0x000002529360d7dc: c787 a002 | 0000 0000 | 0000 c5f8 | 7749 8b8f | d800 0000 | c781 0001 | 0000 0000 | 0000 c949 
  0x000002529360d7fc: 817f 0800 | 0000 000f | 8501 0000 

  0x000002529360d808: ;   {runtime_call StubRoutines (1)}
  0x000002529360d808: 00c3 e9f1 | 3682 ffc5 | f877 4c8b | e448 83ec | 2048 83e4 

  0x000002529360d81c: ;   {runtime_call}
  0x000002529360d81c: f049 ba80 | 606d 7efe | 7f00 0041 | ffd2 498b | e44d 33e4 | e93f ffff | fff4 f4f4 
[/MachCode]


---------------  P R O C E S S  ---------------

Threads class SMR info:
_java_thread_list=0x00000252f00fc940, length=13, elements={
0x0000025283ecc550, 0x00000252a77361e0, 0x00000252a7736ba0, 0x00000252a77484b0,
0x00000252a7748e70, 0x00000252a774b840, 0x00000252a774c9a0, 0x00000252a774f200,
0x00000252a7753860, 0x00000252a7754f20, 0x00000252a788e8d0, 0x00000252a7895430,
0x00000252ee53b8a0
}

Java Threads: ( => current thread )
=>0x0000025283ecc550 JavaThread "main" [_thread_in_native, id=31104, stack(0x000000662e000000,0x000000662e100000)]
  0x00000252a77361e0 JavaThread "Reference Handler" daemon [_thread_blocked, id=27732, stack(0x000000662e700000,0x000000662e800000)]
  0x00000252a7736ba0 JavaThread "Finalizer" daemon [_thread_blocked, id=7352, stack(0x000000662e800000,0x000000662e900000)]
  0x00000252a77484b0 JavaThread "Signal Dispatcher" daemon [_thread_blocked, id=28564, stack(0x000000662e900000,0x000000662ea00000)]
  0x00000252a7748e70 JavaThread "Attach Listener" daemon [_thread_blocked, id=13132, stack(0x000000662ea00000,0x000000662eb00000)]
  0x00000252a774b840 JavaThread "Service Thread" daemon [_thread_blocked, id=14448, stack(0x000000662eb00000,0x000000662ec00000)]
  0x00000252a774c9a0 JavaThread "Monitor Deflation Thread" daemon [_thread_blocked, id=12756, stack(0x000000662ec00000,0x000000662ed00000)]
  0x00000252a774f200 JavaThread "C2 CompilerThread0" daemon [_thread_blocked, id=4720, stack(0x000000662ed00000,0x000000662ee00000)]
  0x00000252a7753860 JavaThread "C1 CompilerThread0" daemon [_thread_blocked, id=15700, stack(0x000000662ee00000,0x000000662ef00000)]
  0x00000252a7754f20 JavaThread "Sweeper thread" daemon [_thread_blocked, id=30780, stack(0x000000662ef00000,0x000000662f000000)]
  0x00000252a788e8d0 JavaThread "Notification Thread" daemon [_thread_blocked, id=11828, stack(0x000000662f100000,0x000000662f200000)]
  0x00000252a7895430 JavaThread "Common-Cleaner" daemon [_thread_blocked, id=11372, stack(0x000000662f300000,0x000000662f400000)]
  0x00000252ee53b8a0 JavaThread "JavaCPP Deallocator" daemon [_thread_blocked, id=9508, stack(0x000000662f700000,0x000000662f800000)]

Other Threads:
  0x00000252a7726b00 VMThread "VM Thread" [stack: 0x000000662e600000,0x000000662e700000] [id=27916]
  0x00000252a7892fd0 WatcherThread [stack: 0x000000662f200000,0x000000662f300000] [id=9100]
  0x0000025283f38cf0 GCTaskThread "GC Thread#0" [stack: 0x000000662e100000,0x000000662e200000] [id=26504]
  0x00000252f005c080 GCTaskThread "GC Thread#1" [stack: 0x000000662f400000,0x000000662f500000] [id=16568]
  0x00000252f005d210 GCTaskThread "GC Thread#2" [stack: 0x000000662f500000,0x000000662f600000] [id=12164]
  0x00000252f005d4d0 GCTaskThread "GC Thread#3" [stack: 0x000000662f600000,0x000000662f700000] [id=10292]
  0x00000252f005dba0 GCTaskThread "GC Thread#4" [stack: 0x0000006630460000,0x0000006630560000] [id=4768]
  0x00000252f005e2c0 GCTaskThread "GC Thread#5" [stack: 0x0000006630560000,0x0000006630660000] [id=27432]
  0x0000025283f49590 ConcurrentGCThread "G1 Main Marker" [stack: 0x000000662e200000,0x000000662e300000] [id=5124]
  0x0000025283f49eb0 ConcurrentGCThread "G1 Conc#0" [stack: 0x000000662e300000,0x000000662e400000] [id=14124]
  0x00000252a75e1dc0 ConcurrentGCThread "G1 Refine#0" [stack: 0x000000662e400000,0x000000662e500000] [id=19160]
  0x00000252a75e34b0 ConcurrentGCThread "G1 Service" [stack: 0x000000662e500000,0x000000662e600000] [id=5976]

Threads with active compile tasks:

VM state: not at safepoint (normal execution)

VM Mutex/Monitor currently owned by a thread: None

Heap address: 0x0000000705a00000, size: 4006 MB, Compressed Oops mode: Zero based, Oop shift amount: 3

CDS archive(s) mapped at: [0x00000252a8000000-0x00000252a8bb0000-0x00000252a8bb0000), size 12255232, SharedBaseAddress: 0x00000252a8000000, ArchiveRelocationMode: 1.
Compressed class space mapped at: 0x00000252a9000000-0x00000252e9000000, reserved size: 1073741824
Narrow klass base: 0x00000252a8000000, Narrow klass shift: 0, Narrow klass range: 0x100000000

GC Precious Log:
 CPUs: 16 total, 16 available
 Memory: 16021M
 Large Page Support: Disabled
 NUMA Support: Disabled
 Compressed Oops: Enabled (Zero based)
 Heap Region Size: 2M
 Heap Min Capacity: 8M
 Heap Initial Capacity: 252M
 Heap Max Capacity: 4006M
 Pre-touch: Disabled
 Parallel Workers: 13
 Concurrent Workers: 3
 Concurrent Refinement Workers: 13
 Periodic GC: Disabled

Heap:
 garbage-first heap   total 258048K, used 9725K [0x0000000705a00000, 0x0000000800000000)
  region size 2048K, 6 young (12288K), 1 survivors (2048K)
 Metaspace       used 2258K, committed 2368K, reserved 1114112K
  class space    used 192K, committed 256K, reserved 1048576K

Heap Regions: E=young(eden), S=young(survivor), O=old, HS=humongous(starts), HC=humongous(continues), CS=collection set, F=free, OA=open archive, CA=closed archive, TAMS=top-at-mark-start (previous, next)
|   0|0x0000000705a00000, 0x0000000705a00000, 0x0000000705c00000|  0%| F|  |TAMS 0x0000000705a00000, 0x0000000705a00000| Untracked 
|   1|0x0000000705c00000, 0x0000000705c00000, 0x0000000705e00000|  0%| F|  |TAMS 0x0000000705c00000, 0x0000000705c00000| Untracked 
|   2|0x0000000705e00000, 0x0000000705e00000, 0x0000000706000000|  0%| F|  |TAMS 0x0000000705e00000, 0x0000000705e00000| Untracked 
|   3|0x0000000706000000, 0x0000000706000000, 0x0000000706200000|  0%| F|  |TAMS 0x0000000706000000, 0x0000000706000000| Untracked 
|   4|0x0000000706200000, 0x0000000706200000, 0x0000000706400000|  0%| F|  |TAMS 0x0000000706200000, 0x0000000706200000| Untracked 
|   5|0x0000000706400000, 0x0000000706400000, 0x0000000706600000|  0%| F|  |TAMS 0x0000000706400000, 0x0000000706400000| Untracked 
|   6|0x0000000706600000, 0x0000000706600000, 0x0000000706800000|  0%| F|  |TAMS 0x0000000706600000, 0x0000000706600000| Untracked 
|   7|0x0000000706800000, 0x0000000706800000, 0x0000000706a00000|  0%| F|  |TAMS 0x0000000706800000, 0x0000000706800000| Untracked 
|   8|0x0000000706a00000, 0x0000000706a00000, 0x0000000706c00000|  0%| F|  |TAMS 0x0000000706a00000, 0x0000000706a00000| Untracked 
|   9|0x0000000706c00000, 0x0000000706c00000, 0x0000000706e00000|  0%| F|  |TAMS 0x0000000706c00000, 0x0000000706c00000| Untracked 
|  10|0x0000000706e00000, 0x0000000706e00000, 0x0000000707000000|  0%| F|  |TAMS 0x0000000706e00000, 0x0000000706e00000| Untracked 
|  11|0x0000000707000000, 0x0000000707000000, 0x0000000707200000|  0%| F|  |TAMS 0x0000000707000000, 0x0000000707000000| Untracked 
|  12|0x0000000707200000, 0x0000000707200000, 0x0000000707400000|  0%| F|  |TAMS 0x0000000707200000, 0x0000000707200000| Untracked 
|  13|0x0000000707400000, 0x0000000707400000, 0x0000000707600000|  0%| F|  |TAMS 0x0000000707400000, 0x0000000707400000| Untracked 
|  14|0x0000000707600000, 0x0000000707600000, 0x0000000707800000|  0%| F|  |TAMS 0x0000000707600000, 0x0000000707600000| Untracked 
|  15|0x0000000707800000, 0x0000000707800000, 0x0000000707a00000|  0%| F|  |TAMS 0x0000000707800000, 0x0000000707800000| Untracked 
|  16|0x0000000707a00000, 0x0000000707a00000, 0x0000000707c00000|  0%| F|  |TAMS 0x0000000707a00000, 0x0000000707a00000| Untracked 
|  17|0x0000000707c00000, 0x0000000707c00000, 0x0000000707e00000|  0%| F|  |TAMS 0x0000000707c00000, 0x0000000707c00000| Untracked 
|  18|0x0000000707e00000, 0x0000000707e00000, 0x0000000708000000|  0%| F|  |TAMS 0x0000000707e00000, 0x0000000707e00000| Untracked 
|  19|0x0000000708000000, 0x0000000708000000, 0x0000000708200000|  0%| F|  |TAMS 0x0000000708000000, 0x0000000708000000| Untracked 
|  20|0x0000000708200000, 0x0000000708200000, 0x0000000708400000|  0%| F|  |TAMS 0x0000000708200000, 0x0000000708200000| Untracked 
|  21|0x0000000708400000, 0x0000000708400000, 0x0000000708600000|  0%| F|  |TAMS 0x0000000708400000, 0x0000000708400000| Untracked 
|  22|0x0000000708600000, 0x0000000708600000, 0x0000000708800000|  0%| F|  |TAMS 0x0000000708600000, 0x0000000708600000| Untracked 
|  23|0x0000000708800000, 0x0000000708800000, 0x0000000708a00000|  0%| F|  |TAMS 0x0000000708800000, 0x0000000708800000| Untracked 
|  24|0x0000000708a00000, 0x0000000708a00000, 0x0000000708c00000|  0%| F|  |TAMS 0x0000000708a00000, 0x0000000708a00000| Untracked 
|  25|0x0000000708c00000, 0x0000000708c00000, 0x0000000708e00000|  0%| F|  |TAMS 0x0000000708c00000, 0x0000000708c00000| Untracked 
|  26|0x0000000708e00000, 0x0000000708e00000, 0x0000000709000000|  0%| F|  |TAMS 0x0000000708e00000, 0x0000000708e00000| Untracked 
|  27|0x0000000709000000, 0x0000000709000000, 0x0000000709200000|  0%| F|  |TAMS 0x0000000709000000, 0x0000000709000000| Untracked 
|  28|0x0000000709200000, 0x0000000709200000, 0x0000000709400000|  0%| F|  |TAMS 0x0000000709200000, 0x0000000709200000| Untracked 
|  29|0x0000000709400000, 0x0000000709400000, 0x0000000709600000|  0%| F|  |TAMS 0x0000000709400000, 0x0000000709400000| Untracked 
|  30|0x0000000709600000, 0x0000000709600000, 0x0000000709800000|  0%| F|  |TAMS 0x0000000709600000, 0x0000000709600000| Untracked 
|  31|0x0000000709800000, 0x0000000709800000, 0x0000000709a00000|  0%| F|  |TAMS 0x0000000709800000, 0x0000000709800000| Untracked 
|  32|0x0000000709a00000, 0x0000000709a00000, 0x0000000709c00000|  0%| F|  |TAMS 0x0000000709a00000, 0x0000000709a00000| Untracked 
|  33|0x0000000709c00000, 0x0000000709c00000, 0x0000000709e00000|  0%| F|  |TAMS 0x0000000709c00000, 0x0000000709c00000| Untracked 
|  34|0x0000000709e00000, 0x0000000709e00000, 0x000000070a000000|  0%| F|  |TAMS 0x0000000709e00000, 0x0000000709e00000| Untracked 
|  35|0x000000070a000000, 0x000000070a000000, 0x000000070a200000|  0%| F|  |TAMS 0x000000070a000000, 0x000000070a000000| Untracked 
|  36|0x000000070a200000, 0x000000070a200000, 0x000000070a400000|  0%| F|  |TAMS 0x000000070a200000, 0x000000070a200000| Untracked 
|  37|0x000000070a400000, 0x000000070a400000, 0x000000070a600000|  0%| F|  |TAMS 0x000000070a400000, 0x000000070a400000| Untracked 
|  38|0x000000070a600000, 0x000000070a600000, 0x000000070a800000|  0%| F|  |TAMS 0x000000070a600000, 0x000000070a600000| Untracked 
|  39|0x000000070a800000, 0x000000070a800000, 0x000000070aa00000|  0%| F|  |TAMS 0x000000070a800000, 0x000000070a800000| Untracked 
|  40|0x000000070aa00000, 0x000000070aa00000, 0x000000070ac00000|  0%| F|  |TAMS 0x000000070aa00000, 0x000000070aa00000| Untracked 
|  41|0x000000070ac00000, 0x000000070ac00000, 0x000000070ae00000|  0%| F|  |TAMS 0x000000070ac00000, 0x000000070ac00000| Untracked 
|  42|0x000000070ae00000, 0x000000070ae00000, 0x000000070b000000|  0%| F|  |TAMS 0x000000070ae00000, 0x000000070ae00000| Untracked 
|  43|0x000000070b000000, 0x000000070b000000, 0x000000070b200000|  0%| F|  |TAMS 0x000000070b000000, 0x000000070b000000| Untracked 
|  44|0x000000070b200000, 0x000000070b200000, 0x000000070b400000|  0%| F|  |TAMS 0x000000070b200000, 0x000000070b200000| Untracked 
|  45|0x000000070b400000, 0x000000070b400000, 0x000000070b600000|  0%| F|  |TAMS 0x000000070b400000, 0x000000070b400000| Untracked 
|  46|0x000000070b600000, 0x000000070b600000, 0x000000070b800000|  0%| F|  |TAMS 0x000000070b600000, 0x000000070b600000| Untracked 
|  47|0x000000070b800000, 0x000000070b800000, 0x000000070ba00000|  0%| F|  |TAMS 0x000000070b800000, 0x000000070b800000| Untracked 
|  48|0x000000070ba00000, 0x000000070ba00000, 0x000000070bc00000|  0%| F|  |TAMS 0x000000070ba00000, 0x000000070ba00000| Untracked 
|  49|0x000000070bc00000, 0x000000070bc00000, 0x000000070be00000|  0%| F|  |TAMS 0x000000070bc00000, 0x000000070bc00000| Untracked 
|  50|0x000000070be00000, 0x000000070be00000, 0x000000070c000000|  0%| F|  |TAMS 0x000000070be00000, 0x000000070be00000| Untracked 
|  51|0x000000070c000000, 0x000000070c000000, 0x000000070c200000|  0%| F|  |TAMS 0x000000070c000000, 0x000000070c000000| Untracked 
|  52|0x000000070c200000, 0x000000070c200000, 0x000000070c400000|  0%| F|  |TAMS 0x000000070c200000, 0x000000070c200000| Untracked 
|  53|0x000000070c400000, 0x000000070c400000, 0x000000070c600000|  0%| F|  |TAMS 0x000000070c400000, 0x000000070c400000| Untracked 
|  54|0x000000070c600000, 0x000000070c600000, 0x000000070c800000|  0%| F|  |TAMS 0x000000070c600000, 0x000000070c600000| Untracked 
|  55|0x000000070c800000, 0x000000070c800000, 0x000000070ca00000|  0%| F|  |TAMS 0x000000070c800000, 0x000000070c800000| Untracked 
|  56|0x000000070ca00000, 0x000000070ca00000, 0x000000070cc00000|  0%| F|  |TAMS 0x000000070ca00000, 0x000000070ca00000| Untracked 
|  57|0x000000070cc00000, 0x000000070cc00000, 0x000000070ce00000|  0%| F|  |TAMS 0x000000070cc00000, 0x000000070cc00000| Untracked 
|  58|0x000000070ce00000, 0x000000070ce00000, 0x000000070d000000|  0%| F|  |TAMS 0x000000070ce00000, 0x000000070ce00000| Untracked 
|  59|0x000000070d000000, 0x000000070d000000, 0x000000070d200000|  0%| F|  |TAMS 0x000000070d000000, 0x000000070d000000| Untracked 
|  60|0x000000070d200000, 0x000000070d200000, 0x000000070d400000|  0%| F|  |TAMS 0x000000070d200000, 0x000000070d200000| Untracked 
|  61|0x000000070d400000, 0x000000070d400000, 0x000000070d600000|  0%| F|  |TAMS 0x000000070d400000, 0x000000070d400000| Untracked 
|  62|0x000000070d600000, 0x000000070d600000, 0x000000070d800000|  0%| F|  |TAMS 0x000000070d600000, 0x000000070d600000| Untracked 
|  63|0x000000070d800000, 0x000000070d800000, 0x000000070da00000|  0%| F|  |TAMS 0x000000070d800000, 0x000000070d800000| Untracked 
|  64|0x000000070da00000, 0x000000070da00000, 0x000000070dc00000|  0%| F|  |TAMS 0x000000070da00000, 0x000000070da00000| Untracked 
|  65|0x000000070dc00000, 0x000000070dc00000, 0x000000070de00000|  0%| F|  |TAMS 0x000000070dc00000, 0x000000070dc00000| Untracked 
|  66|0x000000070de00000, 0x000000070de00000, 0x000000070e000000|  0%| F|  |TAMS 0x000000070de00000, 0x000000070de00000| Untracked 
|  67|0x000000070e000000, 0x000000070e000000, 0x000000070e200000|  0%| F|  |TAMS 0x000000070e000000, 0x000000070e000000| Untracked 
|  68|0x000000070e200000, 0x000000070e200000, 0x000000070e400000|  0%| F|  |TAMS 0x000000070e200000, 0x000000070e200000| Untracked 
|  69|0x000000070e400000, 0x000000070e400000, 0x000000070e600000|  0%| F|  |TAMS 0x000000070e400000, 0x000000070e400000| Untracked 
|  70|0x000000070e600000, 0x000000070e600000, 0x000000070e800000|  0%| F|  |TAMS 0x000000070e600000, 0x000000070e600000| Untracked 
|  71|0x000000070e800000, 0x000000070e800000, 0x000000070ea00000|  0%| F|  |TAMS 0x000000070e800000, 0x000000070e800000| Untracked 
|  72|0x000000070ea00000, 0x000000070ea00000, 0x000000070ec00000|  0%| F|  |TAMS 0x000000070ea00000, 0x000000070ea00000| Untracked 
|  73|0x000000070ec00000, 0x000000070ec00000, 0x000000070ee00000|  0%| F|  |TAMS 0x000000070ec00000, 0x000000070ec00000| Untracked 
|  74|0x000000070ee00000, 0x000000070ee00000, 0x000000070f000000|  0%| F|  |TAMS 0x000000070ee00000, 0x000000070ee00000| Untracked 
|  75|0x000000070f000000, 0x000000070f000000, 0x000000070f200000|  0%| F|  |TAMS 0x000000070f000000, 0x000000070f000000| Untracked 
|  76|0x000000070f200000, 0x000000070f200000, 0x000000070f400000|  0%| F|  |TAMS 0x000000070f200000, 0x000000070f200000| Untracked 
|  77|0x000000070f400000, 0x000000070f400000, 0x000000070f600000|  0%| F|  |TAMS 0x000000070f400000, 0x000000070f400000| Untracked 
|  78|0x000000070f600000, 0x000000070f600000, 0x000000070f800000|  0%| F|  |TAMS 0x000000070f600000, 0x000000070f600000| Untracked 
|  79|0x000000070f800000, 0x000000070f800000, 0x000000070fa00000|  0%| F|  |TAMS 0x000000070f800000, 0x000000070f800000| Untracked 
|  80|0x000000070fa00000, 0x000000070fa00000, 0x000000070fc00000|  0%| F|  |TAMS 0x000000070fa00000, 0x000000070fa00000| Untracked 
|  81|0x000000070fc00000, 0x000000070fc00000, 0x000000070fe00000|  0%| F|  |TAMS 0x000000070fc00000, 0x000000070fc00000| Untracked 
|  82|0x000000070fe00000, 0x000000070fe00000, 0x0000000710000000|  0%| F|  |TAMS 0x000000070fe00000, 0x000000070fe00000| Untracked 
|  83|0x0000000710000000, 0x0000000710000000, 0x0000000710200000|  0%| F|  |TAMS 0x0000000710000000, 0x0000000710000000| Untracked 
|  84|0x0000000710200000, 0x0000000710200000, 0x0000000710400000|  0%| F|  |TAMS 0x0000000710200000, 0x0000000710200000| Untracked 
|  85|0x0000000710400000, 0x0000000710400000, 0x0000000710600000|  0%| F|  |TAMS 0x0000000710400000, 0x0000000710400000| Untracked 
|  86|0x0000000710600000, 0x0000000710600000, 0x0000000710800000|  0%| F|  |TAMS 0x0000000710600000, 0x0000000710600000| Untracked 
|  87|0x0000000710800000, 0x0000000710800000, 0x0000000710a00000|  0%| F|  |TAMS 0x0000000710800000, 0x0000000710800000| Untracked 
|  88|0x0000000710a00000, 0x0000000710a00000, 0x0000000710c00000|  0%| F|  |TAMS 0x0000000710a00000, 0x0000000710a00000| Untracked 
|  89|0x0000000710c00000, 0x0000000710c00000, 0x0000000710e00000|  0%| F|  |TAMS 0x0000000710c00000, 0x0000000710c00000| Untracked 
|  90|0x0000000710e00000, 0x0000000710e00000, 0x0000000711000000|  0%| F|  |TAMS 0x0000000710e00000, 0x0000000710e00000| Untracked 
|  91|0x0000000711000000, 0x0000000711000000, 0x0000000711200000|  0%| F|  |TAMS 0x0000000711000000, 0x0000000711000000| Untracked 
|  92|0x0000000711200000, 0x0000000711200000, 0x0000000711400000|  0%| F|  |TAMS 0x0000000711200000, 0x0000000711200000| Untracked 
|  93|0x0000000711400000, 0x0000000711400000, 0x0000000711600000|  0%| F|  |TAMS 0x0000000711400000, 0x0000000711400000| Untracked 
|  94|0x0000000711600000, 0x0000000711600000, 0x0000000711800000|  0%| F|  |TAMS 0x0000000711600000, 0x0000000711600000| Untracked 
|  95|0x0000000711800000, 0x0000000711800000, 0x0000000711a00000|  0%| F|  |TAMS 0x0000000711800000, 0x0000000711800000| Untracked 
|  96|0x0000000711a00000, 0x0000000711a00000, 0x0000000711c00000|  0%| F|  |TAMS 0x0000000711a00000, 0x0000000711a00000| Untracked 
|  97|0x0000000711c00000, 0x0000000711c00000, 0x0000000711e00000|  0%| F|  |TAMS 0x0000000711c00000, 0x0000000711c00000| Untracked 
|  98|0x0000000711e00000, 0x0000000711e00000, 0x0000000712000000|  0%| F|  |TAMS 0x0000000711e00000, 0x0000000711e00000| Untracked 
|  99|0x0000000712000000, 0x0000000712000000, 0x0000000712200000|  0%| F|  |TAMS 0x0000000712000000, 0x0000000712000000| Untracked 
| 100|0x0000000712200000, 0x0000000712200000, 0x0000000712400000|  0%| F|  |TAMS 0x0000000712200000, 0x0000000712200000| Untracked 
| 101|0x0000000712400000, 0x0000000712400000, 0x0000000712600000|  0%| F|  |TAMS 0x0000000712400000, 0x0000000712400000| Untracked 
| 102|0x0000000712600000, 0x0000000712600000, 0x0000000712800000|  0%| F|  |TAMS 0x0000000712600000, 0x0000000712600000| Untracked 
| 103|0x0000000712800000, 0x0000000712800000, 0x0000000712a00000|  0%| F|  |TAMS 0x0000000712800000, 0x0000000712800000| Untracked 
| 104|0x0000000712a00000, 0x0000000712a00000, 0x0000000712c00000|  0%| F|  |TAMS 0x0000000712a00000, 0x0000000712a00000| Untracked 
| 105|0x0000000712c00000, 0x0000000712c00000, 0x0000000712e00000|  0%| F|  |TAMS 0x0000000712c00000, 0x0000000712c00000| Untracked 
| 106|0x0000000712e00000, 0x0000000712e00000, 0x0000000713000000|  0%| F|  |TAMS 0x0000000712e00000, 0x0000000712e00000| Untracked 
| 107|0x0000000713000000, 0x0000000713000000, 0x0000000713200000|  0%| F|  |TAMS 0x0000000713000000, 0x0000000713000000| Untracked 
| 108|0x0000000713200000, 0x0000000713200000, 0x0000000713400000|  0%| F|  |TAMS 0x0000000713200000, 0x0000000713200000| Untracked 
| 109|0x0000000713400000, 0x0000000713400000, 0x0000000713600000|  0%| F|  |TAMS 0x0000000713400000, 0x0000000713400000| Untracked 
| 110|0x0000000713600000, 0x0000000713600000, 0x0000000713800000|  0%| F|  |TAMS 0x0000000713600000, 0x0000000713600000| Untracked 
| 111|0x0000000713800000, 0x0000000713800000, 0x0000000713a00000|  0%| F|  |TAMS 0x0000000713800000, 0x0000000713800000| Untracked 
| 112|0x0000000713a00000, 0x0000000713a00000, 0x0000000713c00000|  0%| F|  |TAMS 0x0000000713a00000, 0x0000000713a00000| Untracked 
| 113|0x0000000713c00000, 0x0000000713c00000, 0x0000000713e00000|  0%| F|  |TAMS 0x0000000713c00000, 0x0000000713c00000| Untracked 
| 114|0x0000000713e00000, 0x0000000713f7f4f0, 0x0000000714000000| 74%| S|CS|TAMS 0x0000000713e00000, 0x0000000713e00000| Complete 
| 115|0x0000000714000000, 0x0000000714000000, 0x0000000714200000|  0%| F|  |TAMS 0x0000000714000000, 0x0000000714000000| Untracked 
| 116|0x0000000714200000, 0x0000000714200000, 0x0000000714400000|  0%| F|  |TAMS 0x0000000714200000, 0x0000000714200000| Untracked 
| 117|0x0000000714400000, 0x0000000714400000, 0x0000000714600000|  0%| F|  |TAMS 0x0000000714400000, 0x0000000714400000| Untracked 
| 118|0x0000000714600000, 0x0000000714600000, 0x0000000714800000|  0%| F|  |TAMS 0x0000000714600000, 0x0000000714600000| Untracked 
| 119|0x0000000714800000, 0x0000000714800000, 0x0000000714a00000|  0%| F|  |TAMS 0x0000000714800000, 0x0000000714800000| Untracked 
| 120|0x0000000714a00000, 0x0000000714a00000, 0x0000000714c00000|  0%| F|  |TAMS 0x0000000714a00000, 0x0000000714a00000| Untracked 
| 121|0x0000000714c00000, 0x0000000714e00000, 0x0000000714e00000|100%| E|  |TAMS 0x0000000714c00000, 0x0000000714c00000| Complete 
| 122|0x0000000714e00000, 0x0000000715000000, 0x0000000715000000|100%| E|CS|TAMS 0x0000000714e00000, 0x0000000714e00000| Complete 
| 123|0x0000000715000000, 0x0000000715200000, 0x0000000715200000|100%| E|CS|TAMS 0x0000000715000000, 0x0000000715000000| Complete 
| 124|0x0000000715200000, 0x0000000715400000, 0x0000000715400000|100%| E|CS|TAMS 0x0000000715200000, 0x0000000715200000| Complete 
| 125|0x0000000715400000, 0x0000000715600000, 0x0000000715600000|100%| E|CS|TAMS 0x0000000715400000, 0x0000000715400000| Complete 

Card table byte_map: [0x000002529ba50000,0x000002529c230000] _byte_map_base: 0x0000025298223000

Marking Bits (Prev, Next): (CMBitMap*) 0x0000025283f39210, (CMBitMap*) 0x0000025283f39250
 Prev Bits: [0x000002529ca10000, 0x00000252a08a8000)
 Next Bits: [0x00000252a08b0000, 0x00000252a4748000)

Polling page: 0x0000025281e70000

Metaspace:

Usage:
  Non-class:      2.02 MB used.
      Class:    192.16 KB used.
       Both:      2.21 MB used.

Virtual space:
  Non-class space:       64.00 MB reserved,       2.06 MB (  3%) committed,  1 nodes.
      Class space:        1.00 GB reserved,     256.00 KB ( <1%) committed,  1 nodes.
             Both:        1.06 GB reserved,       2.31 MB ( <1%) committed. 

Chunk freelists:
   Non-Class:  11.19 MB
       Class:  15.63 MB
        Both:  26.82 MB

MaxMetaspaceSize: unlimited
CompressedClassSpaceSize: 1.00 GB
Initial GC threshold: 21.00 MB
Current GC threshold: 21.00 MB
CDS: on
MetaspaceReclaimPolicy: balanced
 - commit_granule_bytes: 65536.
 - commit_granule_words: 8192.
 - virtual_space_node_default_size: 8388608.
 - enlarge_chunks_in_place: 1.
 - new_chunks_are_fully_committed: 0.
 - uncommit_free_chunks: 1.
 - use_allocation_guard: 0.
 - handle_deallocations: 1.


Internal statistics:

num_allocs_failed_limit: 0.
num_arena_births: 64.
num_arena_deaths: 0.
num_vsnodes_births: 2.
num_vsnodes_deaths: 0.
num_space_committed: 37.
num_space_uncommitted: 0.
num_chunks_returned_to_freelist: 0.
num_chunks_taken_from_freelist: 108.
num_chunk_merges: 0.
num_chunk_splits: 77.
num_chunks_enlarged: 54.
num_inconsistent_stats: 0.

CodeHeap 'non-profiled nmethods': size=119168Kb used=631Kb max_used=631Kb free=118537Kb
 bounds [0x0000025293580000, 0x00000252937f0000, 0x000002529a9e0000]
CodeHeap 'profiled nmethods': size=119104Kb used=1561Kb max_used=1561Kb free=117542Kb
 bounds [0x000002528b9e0000, 0x000002528bc50000, 0x0000025292e30000]
CodeHeap 'non-nmethods': size=7488Kb used=1166Kb max_used=1779Kb free=6321Kb
 bounds [0x0000025292e30000, 0x00000252930a0000, 0x0000025293580000]
 total_blobs=1408 nmethods=961 adapters=360
 compilation: enabled
              stopped_count=0, restarted_count=0
 full_count=0

Compilation events (20 events):
Event: 8.453 Thread 0x00000252a7753860  947       3       java.nio.Buffer::<init> (105 bytes)
Event: 8.454 Thread 0x00000252a7753860 nmethod 947 0x000002528bb62790 code [0x000002528bb62a40, 0x000002528bb635b8]
Event: 8.748 Thread 0x00000252a774f200  948       4       com.raylib.Jaylib::Rectangle (25 bytes)
Event: 8.751 Thread 0x00000252a774f200 nmethod 948 0x0000025293619690 code [0x0000025293619860, 0x0000025293619a40]
Event: 10.348 Thread 0x00000252a7753860  951       3       PineVille.Player::Move (124 bytes)
Event: 10.348 Thread 0x00000252a7753860 nmethod 951 0x000002528bb63a10 code [0x000002528bb63c80, 0x000002528bb64178]
Event: 10.348 Thread 0x00000252a7753860  952       3       PineVille.Debug::Commands (55 bytes)
Event: 10.349 Thread 0x00000252a7753860 nmethod 952 0x000002528bb64310 code [0x000002528bb644e0, 0x000002528bb64778]
Event: 10.349 Thread 0x00000252a7753860  955       3       PineVille.Player::drawPlayer (72 bytes)
Event: 10.349 Thread 0x00000252a7753860 nmethod 955 0x000002528bb64890 code [0x000002528bb64c20, 0x000002528bb65fc8]
Event: 10.614 Thread 0x00000252a774f200  957       4       com.raylib.Jaylib::<init> (5 bytes)
Event: 10.615 Thread 0x00000252a774f200 nmethod 957 0x000002529361b090 code [0x000002529361b200, 0x000002529361b278]
Event: 13.781 Thread 0x00000252a774f200  958       4       PineVille.Tree::draw (183 bytes)
Event: 13.788 Thread 0x00000252a774f200 nmethod 958 0x000002529361b390 code [0x000002529361b720, 0x000002529361c1d0]
Event: 13.814 Thread 0x00000252a774f200  959       4       PineVille.GameScene::calculateDistance (27 bytes)
Event: 13.815 Thread 0x00000252a774f200 nmethod 959 0x000002529361cf10 code [0x000002529361d080, 0x000002529361d0f8]
Event: 22.214 Thread 0x00000252a774f200  960       4       java.util.Arrays::copyOf (19 bytes)
Event: 22.216 Thread 0x00000252a774f200 nmethod 960 0x000002529361d210 code [0x000002529361d3a0, 0x000002529361d6b8]
Event: 35.847 Thread 0x00000252a774f200  961       4       com.raylib.Jaylib$Vector2::<init> (17 bytes)
Event: 35.848 Thread 0x00000252a774f200 nmethod 961 0x000002529361d790 code [0x000002529361d920, 0x000002529361da88]

GC Heap History (2 events):
Event: 1.592 GC heap before
{Heap before GC invocations=0 (full 0):
 garbage-first heap   total 258048K, used 22528K [0x0000000705a00000, 0x0000000800000000)
  region size 2048K, 11 young (22528K), 0 survivors (0K)
 Metaspace       used 2026K, committed 2176K, reserved 1114112K
  class space    used 176K, committed 256K, reserved 1048576K
}
Event: 1.597 GC heap after
{Heap after GC invocations=1 (full 0):
 garbage-first heap   total 258048K, used 1533K [0x0000000705a00000, 0x0000000800000000)
  region size 2048K, 1 young (2048K), 1 survivors (2048K)
 Metaspace       used 2026K, committed 2176K, reserved 1114112K
  class space    used 176K, committed 256K, reserved 1048576K
}

Dll operation events (20 events):
Event: 0.484 Loaded shared library C:\Program Files (x86)\Windows Kits\10\Redist\ucrt\DLLs\x64\api-ms-win-core-rtlsupport-l1-1-0.dll
Event: 0.498 Loaded shared library C:\Program Files (x86)\Windows Kits\10\Redist\ucrt\DLLs\x64\api-ms-win-core-processthreads-l1-1-1.dll
Event: 0.509 Loaded shared library C:\Program Files (x86)\Windows Kits\10\Redist\ucrt\DLLs\x64\api-ms-win-core-file-l1-2-0.dll
Event: 0.520 Loaded shared library C:\Program Files (x86)\Windows Kits\10\Redist\ucrt\DLLs\x64\api-ms-win-core-profile-l1-1-0.dll
Event: 0.531 Loaded shared library C:\Program Files (x86)\Windows Kits\10\Redist\ucrt\DLLs\x64\api-ms-win-core-memory-l1-1-0.dll
Event: 0.542 Loaded shared library C:\Program Files (x86)\Windows Kits\10\Redist\ucrt\DLLs\x64\api-ms-win-core-util-l1-1-0.dll
Event: 0.555 Loaded shared library C:\Program Files (x86)\Windows Kits\10\Redist\ucrt\DLLs\x64\api-ms-win-core-interlocked-l1-1-0.dll
Event: 0.570 Loaded shared library C:\Program Files (x86)\Windows Kits\10\Redist\ucrt\DLLs\x64\ucrtbase.dll
Event: 0.581 Loaded shared library C:\Users\luczu\.jdks\corretto-17.0.10\bin\vcruntime140.dll
Event: 0.592 Loaded shared library C:\Users\luczu\.jdks\corretto-17.0.10\bin\vcruntime140_1.dll
Event: 0.606 Loaded shared library C:\Users\luczu\.jdks\corretto-17.0.10\bin\msvcp140.dll
Event: 0.621 Loaded shared library C:\Windows\System32\msvcp140_1.dll
Event: 0.634 Loaded shared library C:\Windows\System32\concrt140.dll
Event: 0.653 Loaded shared library C:\Windows\System32\vcomp140.dll
Event: 0.672 Loaded shared library C:\Windows\System32\winmm.dll
Event: 0.679 Loaded shared library C:\Windows\System32\opengl32.dll
Event: 0.682 Loaded shared library C:\Windows\System32\user32.dll
Event: 0.684 Loaded shared library C:\Windows\System32\shell32.dll
Event: 0.686 Loaded shared library C:\Windows\System32\gdi32.dll
Event: 0.711 Loaded shared library C:\Users\luczu\.javacpp\cache\jaylib-4.5.0-0.jar\com\raylib\windows-x86_64\jniRaylib.dll

Deoptimization events (20 events):
Event: 0.673 Thread 0x0000025283ecc550 Uncommon trap: trap_request=0xffffff45 fr.pc=0x00000252935d5324 relative=0x0000000000003d44
Event: 0.673 Thread 0x0000025283ecc550 Uncommon trap: reason=unstable_if action=reinterpret pc=0x00000252935d5324 method=sun.net.www.ParseUtil.firstEncodeIndex(Ljava/lang/String;)I @ 51 c2
Event: 0.673 Thread 0x0000025283ecc550 DEOPT PACKING pc=0x00000252935d5324 sp=0x000000662e0fded0
Event: 0.673 Thread 0x0000025283ecc550 DEOPT UNPACKING pc=0x0000025292e8a1a3 sp=0x000000662e0fdc58 mode 2
Event: 0.674 Thread 0x0000025283ecc550 Uncommon trap: trap_request=0xffffff45 fr.pc=0x00000252935a4428 relative=0x0000000000000208
Event: 0.674 Thread 0x0000025283ecc550 Uncommon trap: reason=unstable_if action=reinterpret pc=0x00000252935a4428 method=sun.net.www.ParseUtil.firstEncodeIndex(Ljava/lang/String;)I @ 51 c2
Event: 0.674 Thread 0x0000025283ecc550 DEOPT PACKING pc=0x00000252935a4428 sp=0x000000662e0fdcf0
Event: 0.674 Thread 0x0000025283ecc550 DEOPT UNPACKING pc=0x0000025292e8a1a3 sp=0x000000662e0fdc98 mode 2
Event: 0.689 Thread 0x0000025283ecc550 DEOPT PACKING pc=0x000002528bac9c18 sp=0x000000662e0fde20
Event: 0.689 Thread 0x0000025283ecc550 DEOPT UNPACKING pc=0x0000025292e8ace3 sp=0x000000662e0fd338 mode 0
Event: 0.690 Thread 0x0000025283ecc550 Uncommon trap: trap_request=0xffffff45 fr.pc=0x00000252935bf704 relative=0x0000000000001364
Event: 0.690 Thread 0x0000025283ecc550 Uncommon trap: reason=unstable_if action=reinterpret pc=0x00000252935bf704 method=java.net.URL.<init>(Ljava/net/URL;Ljava/lang/String;Ljava/net/URLStreamHandler;)V @ 273 c2
Event: 0.690 Thread 0x0000025283ecc550 DEOPT PACKING pc=0x00000252935bf704 sp=0x000000662e0fdb10
Event: 0.690 Thread 0x0000025283ecc550 DEOPT UNPACKING pc=0x0000025292e8a1a3 sp=0x000000662e0fdaa0 mode 2
Event: 0.734 Thread 0x0000025283ecc550 DEOPT PACKING pc=0x000002528bac9c18 sp=0x000000662e0fcc70
Event: 0.734 Thread 0x0000025283ecc550 DEOPT UNPACKING pc=0x0000025292e8ace3 sp=0x000000662e0fc188 mode 0
Event: 1.599 Thread 0x0000025283ecc550 Uncommon trap: trap_request=0xffffff45 fr.pc=0x00000252935b5c60 relative=0x00000000000000e0
Event: 1.599 Thread 0x0000025283ecc550 Uncommon trap: reason=unstable_if action=reinterpret pc=0x00000252935b5c60 method=java.lang.ref.SoftReference.get()Ljava/lang/Object; @ 17 c2
Event: 1.599 Thread 0x0000025283ecc550 DEOPT PACKING pc=0x00000252935b5c60 sp=0x000000662e0faca0
Event: 1.599 Thread 0x0000025283ecc550 DEOPT UNPACKING pc=0x0000025292e8a1a3 sp=0x000000662e0fac58 mode 2

Classes unloaded (0 events):
No events

Classes redefined (0 events):
No events

Internal exceptions (7 events):
Event: 0.113 Thread 0x0000025283ecc550 Exception <a 'java/lang/NoSuchMethodError'{0x0000000715281ce0}: 'int java.lang.invoke.DirectMethodHandle$Holder.invokeStaticInit(java.lang.Object, java.lang.Object, java.lang.Object, java.lang.Object)'> (0x0000000715281ce0) 
thrown [s\src\hotspot\share\interpreter\linkResolver.cpp, line 759]
Event: 0.115 Thread 0x0000025283ecc550 Exception <a 'java/lang/NoSuchMethodError'{0x000000071528c9f0}: 'java.lang.Object java.lang.invoke.DirectMethodHandle$Holder.invokeInterface(java.lang.Object, java.lang.Object)'> (0x000000071528c9f0) 
thrown [s\src\hotspot\share\interpreter\linkResolver.cpp, line 759]
Event: 0.116 Thread 0x0000025283ecc550 Exception <a 'java/lang/IncompatibleClassChangeError'{0x0000000715290108}: Found class java.lang.Object, but interface was expected> (0x0000000715290108) 
thrown [s\src\hotspot\share\interpreter\linkResolver.cpp, line 826]
Event: 0.116 Thread 0x0000025283ecc550 Exception <a 'java/lang/NoSuchMethodError'{0x00000007152932b0}: 'void java.lang.invoke.DirectMethodHandle$Holder.invokeStatic(java.lang.Object, java.lang.Object)'> (0x00000007152932b0) 
thrown [s\src\hotspot\share\interpreter\linkResolver.cpp, line 759]
Event: 0.117 Thread 0x0000025283ecc550 Exception <a 'java/lang/NoSuchMethodError'{0x0000000715296920}: 'void java.lang.invoke.DirectMethodHandle$Holder.invokeStaticInit(java.lang.Object, java.lang.Object)'> (0x0000000715296920) 
thrown [s\src\hotspot\share\interpreter\linkResolver.cpp, line 759]
Event: 0.118 Thread 0x0000025283ecc550 Exception <a 'java/lang/NoSuchMethodError'{0x000000071529d1c8}: 'int java.lang.invoke.DirectMethodHandle$Holder.invokeStaticInit(java.lang.Object, java.lang.Object)'> (0x000000071529d1c8) 
thrown [s\src\hotspot\share\interpreter\linkResolver.cpp, line 759]
Event: 0.706 Thread 0x0000025283ecc550 Exception <a 'java/lang/NoSuchMethodError'{0x00000007140f17f0}: 'java.lang.Object java.lang.invoke.DirectMethodHandle$Holder.invokeStatic(java.lang.Object, int, java.lang.Object)'> (0x00000007140f17f0) 
thrown [s\src\hotspot\share\interpreter\linkResolver.cpp, line 759]

VM Operations (14 events):
Event: 0.089 Executing VM operation: HandshakeAllThreads
Event: 0.089 Executing VM operation: HandshakeAllThreads done
Event: 0.162 Executing VM operation: HandshakeAllThreads
Event: 0.162 Executing VM operation: HandshakeAllThreads done
Event: 1.164 Executing VM operation: Cleanup
Event: 1.165 Executing VM operation: Cleanup done
Event: 1.592 Executing VM operation: G1CollectForAllocation
Event: 1.597 Executing VM operation: G1CollectForAllocation done
Event: 4.599 Executing VM operation: Cleanup
Event: 4.600 Executing VM operation: Cleanup done
Event: 5.600 Executing VM operation: Cleanup
Event: 5.600 Executing VM operation: Cleanup done
Event: 9.602 Executing VM operation: Cleanup
Event: 9.602 Executing VM operation: Cleanup done

Events (20 events):
Event: 0.705 loading class java/time/DayOfWeek done
Event: 0.705 loading class java/time/zone/ZoneOffsetTransitionRule$TimeDefinition
Event: 0.705 loading class java/time/zone/ZoneOffsetTransitionRule$TimeDefinition done
Event: 0.705 loading class java/time/zone/ZoneOffsetTransition
Event: 0.705 loading class java/time/zone/ZoneOffsetTransition done
Event: 0.706 loading class java/time/temporal/TemporalAdjusters
Event: 0.706 loading class java/time/temporal/TemporalAdjusters done
Event: 0.708 loading class java/time/zone/ZoneOffsetTransitionRule$1
Event: 0.708 loading class java/time/zone/ZoneOffsetTransitionRule$1 done
Event: 0.708 loading class java/util/concurrent/TimeUnit$1
Event: 0.708 loading class java/util/concurrent/TimeUnit$1 done
Event: 0.724 loading class java/lang/NumberFormatException
Event: 0.724 loading class java/lang/NumberFormatException done
Event: 0.725 Thread 0x00000252ee53b8a0 Thread added: 0x00000252ee53b8a0
Event: 1.582 Thread 0x00000252ee8cb610 Thread exited: 0x00000252ee8cb610
Event: 1.582 Thread 0x00000252ed394780 Thread exited: 0x00000252ed394780
Event: 1.582 Thread 0x00000252a7aecfb0 Thread exited: 0x00000252a7aecfb0
Event: 1.637 loading class jdk/internal/math/FDBigInteger
Event: 1.638 loading class jdk/internal/math/FDBigInteger done
Event: 3.381 Thread 0x00000252a787f740 Thread exited: 0x00000252a787f740


Dynamic libraries:
0x00007ff669960000 - 0x00007ff66996e000 	C:\Users\luczu\.jdks\corretto-17.0.10\bin\java.exe
0x00007fff57630000 - 0x00007fff57846000 	C:\WINDOWS\SYSTEM32\ntdll.dll
0x00007fff57250000 - 0x00007fff57314000 	C:\WINDOWS\System32\KERNEL32.DLL
0x00007fff54c00000 - 0x00007fff54fa6000 	C:\WINDOWS\System32\KERNELBASE.dll
0x00007fff54ae0000 - 0x00007fff54bf1000 	C:\WINDOWS\System32\ucrtbase.dll
0x00007ffef5ab0000 - 0x00007ffef5ac7000 	C:\Users\luczu\.jdks\corretto-17.0.10\bin\jli.dll
0x00007ffef5ad0000 - 0x00007ffef5aeb000 	C:\Users\luczu\.jdks\corretto-17.0.10\bin\VCRUNTIME140.dll
0x00007fff56ef0000 - 0x00007fff5709d000 	C:\WINDOWS\System32\USER32.dll
0x00007fff54ab0000 - 0x00007fff54ad6000 	C:\WINDOWS\System32\win32u.dll
0x00007fff36880000 - 0x00007fff36b13000 	C:\WINDOWS\WinSxS\amd64_microsoft.windows.common-controls_6595b64144ccf1df_6.0.22621.3235_none_270f74e173860f98\COMCTL32.dll
0x00007fff56650000 - 0x00007fff56679000 	C:\WINDOWS\System32\GDI32.dll
0x00007fff571a0000 - 0x00007fff57247000 	C:\WINDOWS\System32\msvcrt.dll
0x00007fff551c0000 - 0x00007fff552d8000 	C:\WINDOWS\System32\gdi32full.dll
0x00007fff54fb0000 - 0x00007fff5504a000 	C:\WINDOWS\System32\msvcp_win.dll
0x00007fff55ca0000 - 0x00007fff55cd1000 	C:\WINDOWS\System32\IMM32.DLL
0x00007ffef5990000 - 0x00007ffef599c000 	C:\Users\luczu\.jdks\corretto-17.0.10\bin\vcruntime140_1.dll
0x00007ffe7ec60000 - 0x00007ffe7eced000 	C:\Users\luczu\.jdks\corretto-17.0.10\bin\msvcp140.dll
0x00007ffe7dff0000 - 0x00007ffe7ec52000 	C:\Users\luczu\.jdks\corretto-17.0.10\bin\server\jvm.dll
0x00007fff56330000 - 0x00007fff563e2000 	C:\WINDOWS\System32\ADVAPI32.dll
0x00007fff56260000 - 0x00007fff56308000 	C:\WINDOWS\System32\sechost.dll
0x00007fff55350000 - 0x00007fff55378000 	C:\WINDOWS\System32\bcrypt.dll
0x00007fff56530000 - 0x00007fff56645000 	C:\WINDOWS\System32\RPCRT4.dll
0x00007fff53800000 - 0x00007fff5384d000 	C:\WINDOWS\SYSTEM32\POWRPROF.dll
0x00007ffe62ac0000 - 0x00007ffe62ac9000 	C:\WINDOWS\SYSTEM32\WSOCK32.dll
0x00007fff4a910000 - 0x00007fff4a944000 	C:\WINDOWS\SYSTEM32\WINMM.dll
0x00007fff56b60000 - 0x00007fff56bd1000 	C:\WINDOWS\System32\WS2_32.dll
0x00007fff4c050000 - 0x00007fff4c05a000 	C:\WINDOWS\SYSTEM32\VERSION.dll
0x00007fff537e0000 - 0x00007fff537f3000 	C:\WINDOWS\SYSTEM32\UMPDC.dll
0x00007fff53a40000 - 0x00007fff53a58000 	C:\WINDOWS\SYSTEM32\kernel.appcore.dll
0x00007ffef5980000 - 0x00007ffef598a000 	C:\Users\luczu\.jdks\corretto-17.0.10\bin\jimage.dll
0x00007fff51e10000 - 0x00007fff52043000 	C:\WINDOWS\SYSTEM32\DBGHELP.DLL
0x00007fff55d40000 - 0x00007fff560c8000 	C:\WINDOWS\System32\combase.dll
0x00007fff56450000 - 0x00007fff56527000 	C:\WINDOWS\System32\OLEAUT32.dll
0x00007fff46800000 - 0x00007fff46832000 	C:\WINDOWS\SYSTEM32\dbgcore.DLL
0x00007fff54a30000 - 0x00007fff54aaa000 	C:\WINDOWS\System32\bcryptPrimitives.dll
0x00007ffe80590000 - 0x00007ffe805b5000 	C:\Users\luczu\.jdks\corretto-17.0.10\bin\java.dll
0x00007ffe7df10000 - 0x00007ffe7dfe7000 	C:\Users\luczu\.jdks\corretto-17.0.10\bin\jsvml.dll
0x00007fff55390000 - 0x00007fff55bed000 	C:\WINDOWS\System32\SHELL32.dll
0x00007fff52890000 - 0x00007fff53188000 	C:\WINDOWS\SYSTEM32\windows.storage.dll
0x00007fff52750000 - 0x00007fff5288e000 	C:\WINDOWS\SYSTEM32\wintypes.dll
0x00007fff560e0000 - 0x00007fff561d3000 	C:\WINDOWS\System32\SHCORE.dll
0x00007fff56b00000 - 0x00007fff56b5e000 	C:\WINDOWS\System32\shlwapi.dll
0x00007fff548a0000 - 0x00007fff548c6000 	C:\WINDOWS\SYSTEM32\profapi.dll
0x00007ffe816e0000 - 0x00007ffe816f9000 	C:\Users\luczu\.jdks\corretto-17.0.10\bin\net.dll
0x00007fff4b3d0000 - 0x00007fff4b507000 	C:\WINDOWS\SYSTEM32\WINHTTP.dll
0x00007fff53f20000 - 0x00007fff53f89000 	C:\WINDOWS\system32\mswsock.dll
0x00007ffe805f0000 - 0x00007ffe80606000 	C:\Users\luczu\.jdks\corretto-17.0.10\bin\nio.dll
0x00007ffe805d0000 - 0x00007ffe805e8000 	C:\Users\luczu\.jdks\corretto-17.0.10\bin\zip.dll
0x00000252a7c70000 - 0x00000252a7c73000 	C:\Program Files (x86)\Windows Kits\10\Redist\ucrt\DLLs\x64\api-ms-win-crt-locale-l1-1-0.dll
0x00000252a7c80000 - 0x00000252a7c84000 	C:\Program Files (x86)\Windows Kits\10\Redist\ucrt\DLLs\x64\api-ms-win-crt-string-l1-1-0.dll
0x00000252a7c90000 - 0x00000252a7c94000 	C:\Program Files (x86)\Windows Kits\10\Redist\ucrt\DLLs\x64\api-ms-win-crt-stdio-l1-1-0.dll
0x00000252a7ca0000 - 0x00000252a7ca5000 	C:\Program Files (x86)\Windows Kits\10\Redist\ucrt\DLLs\x64\api-ms-win-crt-math-l1-1-0.dll
0x00000252a7cb0000 - 0x00000252a7cb3000 	C:\Program Files (x86)\Windows Kits\10\Redist\ucrt\DLLs\x64\api-ms-win-crt-heap-l1-1-0.dll
0x00000252a7cc0000 - 0x00000252a7cc4000 	C:\Program Files (x86)\Windows Kits\10\Redist\ucrt\DLLs\x64\api-ms-win-crt-runtime-l1-1-0.dll
0x00000252a7cd0000 - 0x00000252a7cd4000 	C:\Program Files (x86)\Windows Kits\10\Redist\ucrt\DLLs\x64\api-ms-win-crt-convert-l1-1-0.dll
0x00000252a7ce0000 - 0x00000252a7ce3000 	C:\Program Files (x86)\Windows Kits\10\Redist\ucrt\DLLs\x64\api-ms-win-crt-environment-l1-1-0.dll
0x00000252a7cf0000 - 0x00000252a7cf3000 	C:\Program Files (x86)\Windows Kits\10\Redist\ucrt\DLLs\x64\api-ms-win-crt-time-l1-1-0.dll
0x00000252a7d00000 - 0x00000252a7d03000 	C:\Program Files (x86)\Windows Kits\10\Redist\ucrt\DLLs\x64\api-ms-win-crt-filesystem-l1-1-0.dll
0x00000252a7d10000 - 0x00000252a7d13000 	C:\Program Files (x86)\Windows Kits\10\Redist\ucrt\DLLs\x64\api-ms-win-crt-utility-l1-1-0.dll
0x00000252a7d20000 - 0x00000252a7d25000 	C:\Program Files (x86)\Windows Kits\10\Redist\ucrt\DLLs\x64\api-ms-win-crt-multibyte-l1-1-0.dll
0x00000252a7d30000 - 0x00000252a7d33000 	C:\Program Files (x86)\Windows Kits\10\Redist\ucrt\DLLs\x64\api-ms-win-crt-conio-l1-1-0.dll
0x00000252a7d40000 - 0x00000252a7d4f000 	C:\Program Files (x86)\Windows Kits\10\Redist\ucrt\DLLs\x64\api-ms-win-crt-private-l1-1-0.dll
0x00000252a7d50000 - 0x00000252a7d53000 	C:\Program Files (x86)\Windows Kits\10\Redist\ucrt\DLLs\x64\api-ms-win-crt-process-l1-1-0.dll
0x00000252a7d60000 - 0x00000252a7d63000 	C:\Program Files\Microsoft\jdk-11.0.12.7-hotspot\bin\api-ms-win-core-console-l1-2-0.dll
0x00000252a7d70000 - 0x00000252a7d73000 	C:\Program Files (x86)\Windows Kits\10\Redist\ucrt\DLLs\x64\api-ms-win-core-string-l1-1-0.dll
0x00000252a7d80000 - 0x00000252a7d83000 	C:\Program Files (x86)\Windows Kits\10\Redist\ucrt\DLLs\x64\api-ms-win-core-errorhandling-l1-1-0.dll
0x00000252a7d90000 - 0x00000252a7d93000 	C:\Program Files (x86)\Windows Kits\10\Redist\ucrt\DLLs\x64\api-ms-win-core-timezone-l1-1-0.dll
0x00000252a7da0000 - 0x00000252a7da4000 	C:\Program Files (x86)\Windows Kits\10\Redist\ucrt\DLLs\x64\api-ms-win-core-file-l1-1-0.dll
0x00000252a7db0000 - 0x00000252a7db3000 	C:\Program Files (x86)\Windows Kits\10\Redist\ucrt\DLLs\x64\api-ms-win-core-namedpipe-l1-1-0.dll
0x00000252a7dc0000 - 0x00000252a7dc3000 	C:\Program Files (x86)\Windows Kits\10\Redist\ucrt\DLLs\x64\api-ms-win-core-handle-l1-1-0.dll
0x00000252a7dd0000 - 0x00000252a7dd3000 	C:\Program Files (x86)\Windows Kits\10\Redist\ucrt\DLLs\x64\api-ms-win-core-file-l2-1-0.dll
0x00000252a7de0000 - 0x00000252a7de3000 	C:\Program Files (x86)\Windows Kits\10\Redist\ucrt\DLLs\x64\api-ms-win-core-heap-l1-1-0.dll
0x00000252a7df0000 - 0x00000252a7df3000 	C:\Program Files (x86)\Windows Kits\10\Redist\ucrt\DLLs\x64\api-ms-win-core-libraryloader-l1-1-0.dll
0x00000252a7e00000 - 0x00000252a7e03000 	C:\Program Files (x86)\Windows Kits\10\Redist\ucrt\DLLs\x64\api-ms-win-core-synch-l1-1-0.dll
0x00000252a7e10000 - 0x00000252a7e13000 	C:\Program Files (x86)\Windows Kits\10\Redist\ucrt\DLLs\x64\api-ms-win-core-processthreads-l1-1-0.dll
0x00000252a7e20000 - 0x00000252a7e23000 	C:\Program Files (x86)\Windows Kits\10\Redist\ucrt\DLLs\x64\api-ms-win-core-processenvironment-l1-1-0.dll
0x00000252a7e30000 - 0x00000252a7e33000 	C:\Program Files (x86)\Windows Kits\10\Redist\ucrt\DLLs\x64\api-ms-win-core-datetime-l1-1-0.dll
0x00000252a7e40000 - 0x00000252a7e43000 	C:\Program Files (x86)\Windows Kits\10\Redist\ucrt\DLLs\x64\api-ms-win-core-localization-l1-2-0.dll
0x00000252a7e50000 - 0x00000252a7e53000 	C:\Program Files (x86)\Windows Kits\10\Redist\ucrt\DLLs\x64\api-ms-win-core-sysinfo-l1-1-0.dll
0x00000252a7e60000 - 0x00000252a7e63000 	C:\Program Files (x86)\Windows Kits\10\Redist\ucrt\DLLs\x64\api-ms-win-core-synch-l1-2-0.dll
0x00000252a7e70000 - 0x00000252a7e73000 	C:\Program Files (x86)\Windows Kits\10\Redist\ucrt\DLLs\x64\api-ms-win-core-console-l1-1-0.dll
0x00000252a7e80000 - 0x00000252a7e83000 	C:\Program Files (x86)\Windows Kits\10\Redist\ucrt\DLLs\x64\api-ms-win-core-debug-l1-1-0.dll
0x00000252a7e90000 - 0x00000252a7e93000 	C:\Program Files (x86)\Windows Kits\10\Redist\ucrt\DLLs\x64\api-ms-win-core-rtlsupport-l1-1-0.dll
0x00000252a7ea0000 - 0x00000252a7ea3000 	C:\Program Files (x86)\Windows Kits\10\Redist\ucrt\DLLs\x64\api-ms-win-core-processthreads-l1-1-1.dll
0x00000252a7eb0000 - 0x00000252a7eb3000 	C:\Program Files (x86)\Windows Kits\10\Redist\ucrt\DLLs\x64\api-ms-win-core-file-l1-2-0.dll
0x00000252a7ec0000 - 0x00000252a7ec3000 	C:\Program Files (x86)\Windows Kits\10\Redist\ucrt\DLLs\x64\api-ms-win-core-profile-l1-1-0.dll
0x00000252a7ed0000 - 0x00000252a7ed3000 	C:\Program Files (x86)\Windows Kits\10\Redist\ucrt\DLLs\x64\api-ms-win-core-memory-l1-1-0.dll
0x00000252a7ee0000 - 0x00000252a7ee3000 	C:\Program Files (x86)\Windows Kits\10\Redist\ucrt\DLLs\x64\api-ms-win-core-util-l1-1-0.dll
0x00000252a7ef0000 - 0x00000252a7ef3000 	C:\Program Files (x86)\Windows Kits\10\Redist\ucrt\DLLs\x64\api-ms-win-core-interlocked-l1-1-0.dll
0x00007fff25680000 - 0x00007fff25772000 	C:\Program Files (x86)\Windows Kits\10\Redist\ucrt\DLLs\x64\ucrtbase.dll
0x00007fff4c010000 - 0x00007fff4c019000 	C:\Windows\System32\msvcp140_1.dll
0x00007fff27fa0000 - 0x00007fff27fed000 	C:\Windows\System32\concrt140.dll
0x00007fff20f50000 - 0x00007fff20f81000 	C:\Windows\System32\vcomp140.dll
0x00007fff2b720000 - 0x00007fff2b820000 	C:\Windows\System32\opengl32.dll
0x00007fff2b6b0000 - 0x00007fff2b6dd000 	C:\WINDOWS\SYSTEM32\GLU32.dll
0x00007fff51bb0000 - 0x00007fff51be9000 	C:\WINDOWS\SYSTEM32\dxcore.dll
0x00007ffefe9a0000 - 0x00007ffefebbd000 	C:\Users\luczu\.javacpp\cache\jaylib-4.5.0-0.jar\com\raylib\windows-x86_64\jniRaylib.dll
0x00007ffe93720000 - 0x00007ffe93766000 	C:\WINDOWS\SYSTEM32\dinput8.dll
0x00007fff2a860000 - 0x00007fff2a871000 	C:\WINDOWS\SYSTEM32\xinput1_4.dll
0x00007fff54660000 - 0x00007fff546ae000 	C:\WINDOWS\SYSTEM32\cfgmgr32.dll
0x00007fff54630000 - 0x00007fff5465c000 	C:\WINDOWS\SYSTEM32\DEVOBJ.dll
0x00007fff51dd0000 - 0x00007fff51dfb000 	C:\WINDOWS\SYSTEM32\dwmapi.dll
0x00007fff320a0000 - 0x00007fff322aa000 	C:\WINDOWS\SYSTEM32\inputhost.dll
0x00007fff4ee40000 - 0x00007fff4ef74000 	C:\WINDOWS\SYSTEM32\CoreMessaging.dll
0x00007fff4f230000 - 0x00007fff4f2db000 	C:\WINDOWS\system32\uxtheme.dll
0x00007fff54190000 - 0x00007fff5419c000 	C:\WINDOWS\SYSTEM32\CRYPTBASE.DLL
0x00007fff56bf0000 - 0x00007fff56d44000 	C:\WINDOWS\System32\MSCTF.dll
0x00007fff53190000 - 0x00007fff5319e000 	C:\WINDOWS\SYSTEM32\HID.DLL
0x00007fff56680000 - 0x00007fff56af4000 	C:\WINDOWS\System32\SETUPAPI.DLL
0x00007fff552e0000 - 0x00007fff5534b000 	C:\WINDOWS\System32\WINTRUST.dll
0x00007fff55050000 - 0x00007fff551b6000 	C:\WINDOWS\System32\CRYPT32.dll
0x00007fff54610000 - 0x00007fff54622000 	C:\WINDOWS\SYSTEM32\MSASN1.dll
0x00007fff4b7a0000 - 0x00007fff4b7ea000 	C:\WINDOWS\SYSTEM32\directxdatabasehelper.dll
0x00007fff55bf0000 - 0x00007fff55ca0000 	C:\WINDOWS\System32\clbcatq.dll
0x00007ffe23200000 - 0x00007ffe25df0000 	C:\WINDOWS\System32\DriverStore\FileRepository\nvhm.inf_amd64_28ac5867493a0477\nvoglv64.dll
0x00007fff56d50000 - 0x00007fff56eef000 	C:\WINDOWS\System32\ole32.dll
0x00007fff53850000 - 0x00007fff53864000 	C:\WINDOWS\SYSTEM32\WTSAPI32.dll
0x00007fff47170000 - 0x00007fff471a2000 	C:\WINDOWS\SYSTEM32\cryptnet.dll
0x00007fff47330000 - 0x00007fff47488000 	C:\WINDOWS\SYSTEM32\drvstore.dll
0x00007fff54220000 - 0x00007fff5426b000 	C:\WINDOWS\SYSTEM32\wldp.dll
0x00007fff57540000 - 0x00007fff5755f000 	C:\WINDOWS\System32\imagehlp.dll
0x00007fff54170000 - 0x00007fff5418b000 	C:\WINDOWS\SYSTEM32\CRYPTSP.dll
0x00007fff53a00000 - 0x00007fff53a35000 	C:\WINDOWS\system32\rsaenh.dll
0x00007fff53fb0000 - 0x00007fff53fd6000 	C:\WINDOWS\SYSTEM32\gpapi.dll
0x00007fff089d0000 - 0x00007fff0abbb000 	C:\WINDOWS\System32\DriverStore\FileRepository\nvhm.inf_amd64_28ac5867493a0477\nvgpucomp64.dll
0x00007fff53ac0000 - 0x00007fff53af4000 	C:\WINDOWS\SYSTEM32\ntmarta.dll
0x00007ffeadc80000 - 0x00007ffeadf43000 	C:\WINDOWS\system32\nvspcap64.dll
0x00007fff533f0000 - 0x00007fff53456000 	C:\WINDOWS\SYSTEM32\WINSTA.dll

dbghelp: loaded successfully - version: 4.0.5 - missing functions: none
symbol engine: initialized successfully - sym options: 0x614 - pdb path: .;C:\Users\luczu\.jdks\corretto-17.0.10\bin;C:\WINDOWS\SYSTEM32;C:\WINDOWS\WinSxS\amd64_microsoft.windows.common-controls_6595b64144ccf1df_6.0.22621.3235_none_270f74e173860f98;C:\Users\luczu\.jdks\corretto-17.0.10\bin\server;C:\Program Files (x86)\Windows Kits\10\Redist\ucrt\DLLs\x64;C:\Program Files\Microsoft\jdk-11.0.12.7-hotspot\bin;C:\Users\luczu\.javacpp\cache\jaylib-4.5.0-0.jar\com\raylib\windows-x86_64;C:\WINDOWS\System32\DriverStore\FileRepository\nvhm.inf_amd64_28ac5867493a0477;C:\WINDOWS\System32\DriverStore\FileRepository\iigd_dch.inf_amd64_0fdf6ce291234272

VM Arguments:
jvm_args: -Dfile.encoding=windows-1252 -Duser.country=NL -Duser.language=nl -Duser.variant 
java_command: PineVille.GameScene
java_class_path (initial): C:\Users\luczu\OneDrive\Documenten\PineVille\build\classes\java\main;C:\Users\luczu\OneDrive\Documenten\PineVille\build\resources\main;C:\Users\luczu\.gradle\caches\modules-2\files-2.1\uk.co.electronstudio.jaylib\jaylib\4.5.0-0\90c0d608df9bbd32f5f34683acc58cb433e94508\jaylib-4.5.0-0.jar
Launcher Type: SUN_STANDARD

[Global flags]
     intx CICompilerCount                          = 12                                        {product} {ergonomic}
     uint ConcGCThreads                            = 3                                         {product} {ergonomic}
     uint G1ConcRefinementThreads                  = 13                                        {product} {ergonomic}
   size_t G1HeapRegionSize                         = 2097152                                   {product} {ergonomic}
    uintx GCDrainStackTargetSize                   = 64                                        {product} {ergonomic}
   size_t InitialHeapSize                          = 264241152                                 {product} {ergonomic}
   size_t MarkStackSize                            = 4194304                                   {product} {ergonomic}
   size_t MaxHeapSize                              = 4200595456                                {product} {ergonomic}
   size_t MaxNewSize                               = 2518679552                                {product} {ergonomic}
   size_t MinHeapDeltaBytes                        = 2097152                                   {product} {ergonomic}
   size_t MinHeapSize                              = 8388608                                   {product} {ergonomic}
    uintx NonNMethodCodeHeapSize                   = 7602480                                {pd product} {ergonomic}
    uintx NonProfiledCodeHeapSize                  = 122027880                              {pd product} {ergonomic}
    uintx ProfiledCodeHeapSize                     = 122027880                              {pd product} {ergonomic}
    uintx ReservedCodeCacheSize                    = 251658240                              {pd product} {ergonomic}
     bool SegmentedCodeCache                       = true                                      {product} {ergonomic}
   size_t SoftMaxHeapSize                          = 4200595456                             {manageable} {ergonomic}
     bool UseCompressedClassPointers               = true                           {product lp64_product} {ergonomic}
     bool UseCompressedOops                        = true                           {product lp64_product} {ergonomic}
     bool UseG1GC                                  = true                                      {product} {ergonomic}
     bool UseLargePagesIndividualAllocation        = false                                  {pd product} {ergonomic}

Logging:
Log output configuration:
 #0: stdout all=warning uptime,level,tags
 #1: stderr all=off uptime,level,tags

Environment Variables:
PATH=C:\Program Files (x86)\Common Files\Intel\Shared Libraries\redist\intel64\compiler;C:\Program Files\Common Files\Oracle\Java\javapath;C:\Program Files\Microsoft\jdk-11.0.12.7-hotspot\bin;C:\windows\system32;C:\windows;C:\windows\System32\Wbem;C:\windows\System32\WindowsPowerShell\v1.0\;C:\windows\System32\OpenSSH\;C:\Program Files (x86)\NVIDIA Corporation\PhysX\Common;C:\Program Files\NVIDIA Corporation\NVIDIA NvDLISR;C:\Program Files\Microsoft SQL Server\150\Tools\Binn\;C:\Program Files\Microsoft SQL Server\Client SDK\ODBC\170\Tools\Binn\;C:\Program Files\dotnet\;C:\WINDOWS\system32;C:\WINDOWS;C:\WINDOWS\System32\Wbem;C:\WINDOWS\System32\WindowsPowerShell\v1.0\;C:\WINDOWS\System32\OpenSSH\;C:\Program Files\CMake\bin;C:\Program Files\Git\cmd;C:\Users\luczu\AppData\Local\Microsoft\WindowsApps;C:\Users\luczu\.dotnet\tools;C:\Users\luczu\AppData\Local\GitHubDesktop\bin;;C:\Users\luczu\AppData\Local\Programs\Microsoft VS Code\bin
USERNAME=luczu
OS=Windows_NT
PROCESSOR_IDENTIFIER=Intel64 Family 6 Model 141 Stepping 1, GenuineIntel
TMP=C:\Users\luczu\AppData\Local\Temp
TEMP=C:\Users\luczu\AppData\Local\Temp



Periodic native trim disabled


---------------  S Y S T E M  ---------------

OS:
 Windows 11 , 64 bit Build 22621 (10.0.22621.3235)
OS uptime: 0 days 0:43 hours
Hyper-V role detected

CPU: total 16 (initial active 16) (8 cores per cpu, 2 threads per core) family 6 model 141 stepping 1 microcode 0x4e, cx8, cmov, fxsr, ht, mmx, 3dnowpref, sse, sse2, sse3, ssse3, sse4.1, sse4.2, popcnt, lzcnt, tsc, tscinvbit, avx, avx2, aes, erms, clmul, bmi1, bmi2, adx, avx512f, avx512dq, avx512cd, avx512bw, avx512vl, sha, fma, vzeroupper, avx512_vpopcntdq, avx512_vpclmulqdq, avx512_vaes, avx512_vnni, clflush, clflushopt, clwb, avx512_vbmi2, avx512_vbmi, hv
Processor Information for all 16 processors :
  Max Mhz: 2304, Current Mhz: 2304, Mhz Limit: 2304

Memory: 4k page, system-wide physical 16021M (3686M free)
TotalPageFile size 32043M (AvailPageFile size 12412M)
current process WorkingSet (physical memory assigned to process): 127M, peak: 197M
current process commit charge ("private bytes"): 506M, peak: 619M

vm_info: OpenJDK 64-Bit Server VM (17.0.10+7-LTS) for windows-amd64 JRE (17.0.10+7-LTS), built on Jan 10 2024 22:11:07 by "Administrator" with MS VC++ 16.10 / 16.11 (VS2019)

END.
