#
# A fatal error has been detected by the Java Runtime Environment:
#
#  EXCEPTION_ACCESS_VIOLATION (0xc0000005) at pc=0x00007fff27c7f490, pid=29152, tid=21060
#
# JRE version: OpenJDK Runtime Environment Corretto-17.0.10.7.1 (17.0.10+7) (build 17.0.10+7-LTS)
# Java VM: OpenJDK 64-Bit Server VM Corretto-17.0.10.7.1 (17.0.10+7-LTS, mixed mode, sharing, tiered, compressed oops, compressed class ptrs, g1 gc, windows-amd64)
# Problematic frame:
# C  [jniRaylib.dll+0xdf490]
#
# No core dump will be written. Minidumps are not enabled by default on client versions of Windows
#
# If you would like to submit a bug report, please visit:
#   https://github.com/corretto/corretto-17/issues/
# The crash happened outside the Java Virtual Machine in native code.
# See problematic frame for where to report the bug.
#

---------------  S U M M A R Y ------------

Command Line: -Dfile.encoding=windows-1252 -Duser.country=NL -Duser.language=nl -Duser.variant PineVille.GameScene

Host: 11th Gen Intel(R) Core(TM) i7-11800H @ 2.30GHz, 16 cores, 15G,  Windows 11 , 64 bit Build 22621 (10.0.22621.3235)
Time: Tue Apr 16 11:20:04 2024 West-Europa (zomertijd) elapsed time: 236.237255 seconds (0d 0h 3m 56s)

---------------  T H R E A D  ---------------

Current thread (0x000001dc1fd79790):  JavaThread "main" [_thread_in_native, id=21060, stack(0x00000014acd00000,0x00000014ace00000)]

Stack: [0x00000014acd00000,0x00000014ace00000],  sp=0x00000014acdff380,  free space=1020k
Native frames: (J=compiled Java code, j=interpreted, Vv=VM code, C=native code)
C  [jniRaylib.dll+0xdf490]

Java frames: (J=compiled Java code, j=interpreted, Vv=VM code)
J 897  com.raylib.Raylib.DrawTexturePro(Lcom/raylib/Raylib$Texture;Lcom/raylib/Raylib$Rectangle;Lcom/raylib/Raylib$Rectangle;Lcom/raylib/Raylib$Vector2;FLcom/raylib/Raylib$Color;)V (0 bytes) @ 0x000001dc2f4ccde2 [0x000001dc2f4ccd20+0x00000000000000c2]
j  PineVille.GameScene.main([Ljava/lang/String;)V+624
v  ~StubRoutines::call_stub

siginfo: EXCEPTION_ACCESS_VIOLATION (0xc0000005), writing address 0x000001dc8c102f80


Registers:
RAX=0x00000000000000ff, RBX=0x00000014acdff520, RCX=0x000001dc8c102f80, RDX=0x0000000000000000
RSP=0x00000014acdff380, RBP=0x00000014acdff5e0, RSI=0x0000000000000005, RDI=0x00000014acdff510
R8 =0x0000000000000000, R9 =0x0000000000000000, R10=0x00007fff1ea8de20, R11=0x0000000000000020
R12=0x000001dc8bfefec0, R13=0x0000000000000000, R14=0x000001dc8c598040, R15=0x000001dc8ba04c90
RIP=0x00007fff27c7f490, EFLAGS=0x0000000000010246


Register to memory mapping:

RIP=0x00007fff27c7f490 jniRaylib.dll
RAX=0x00000000000000ff is an unknown value
RBX=0x00000014acdff520 is pointing into the stack for thread: 0x000001dc1fd79790
RCX=0x000001dc8c102f80 is an unknown value
RDX=0x0 is NULL
RSP=0x00000014acdff380 is pointing into the stack for thread: 0x000001dc1fd79790
RBP=0x00000014acdff5e0 is pointing into the stack for thread: 0x000001dc1fd79790
RSI=0x0000000000000005 is an unknown value
RDI=0x00000014acdff510 is pointing into the stack for thread: 0x000001dc1fd79790
R8 =0x0 is NULL
R9 =0x0 is NULL
R10=0x00007fff1ea8de20 jvm.dll
R11=0x0000000000000020 is an unknown value
R12=0x000001dc8bfefec0 points into unknown readable memory: 0x0000004000000005 | 05 00 00 00 40 00 00 00
R13=0x0 is NULL
R14=0x000001dc8c598040 points into unknown readable memory: 0x36000c65ffffffff | ff ff ff ff 65 0c 00 36
R15=0x000001dc8ba04c90 points into unknown readable memory: 0x0000000000000000 | 00 00 00 00 00 00 00 00


Top of Stack: (sp=0x00000014acdff380)
0x00000014acdff380:   000001dc85404600 0000000000000000
0x00000014acdff390:   000051463e997095 00007ff80000000e
0x00000014acdff3a0:   0000000043d40000 0000000000000000
0x00000014acdff3b0:   0000000000000000 0000000000000000
0x00000014acdff3c0:   0000000000000000 0000000000000000
0x00000014acdff3d0:   00000014acdff520 00007fff27c48749
0x00000014acdff3e0:   00000014acdff610 000001dc1fd79790
0x00000014acdff3f0:   000001dc43778640 00000014acdff440
0x00000014acdff400:   4200000044c18000 4348000043d40000
0x00000014acdff410:   000001dc0000000e 0000000000000000
0x00000014acdff420:   0000000000000000 0000000000000000
0x00000014acdff430:   0000000000000000 0000000000000000
0x00000014acdff440:   0000000000000000 0000000000000000
0x00000014acdff450:   0000000000000000 0000000000000000
0x00000014acdff460:   0000000000000000 0000000000000000
0x00000014acdff470:   0000000000000000 0000000000000000
0x00000014acdff480:   0000000043480000 0000000000000000
0x00000014acdff490:   0000000044bb8000 0000000000000000
0x00000014acdff4a0:   00000000442f0000 0000000000000000
0x00000014acdff4b0:   00000000449c4000 0000000000000000
0x00000014acdff4c0:   000001dc896f7220 000001dc896f70e0
0x00000014acdff4d0:   000001dc1fd79a48 00007fff27be2213
0x00000014acdff4e0:   0000001444898000 00000014acdff5e0
0x00000014acdff4f0:   000001dc1fd79a48 00007fff27bca8eb
0x00000014acdff500:   0000001400000000 00000000ffffffff
0x00000014acdff510:   4348000044898000 4360000043e00000
0x00000014acdff520:   0000000000000000 4200000042800000
0x00000014acdff530:   0000004000000005 0000000100000020
0x00000014acdff540:   000001dc00000007 0000000000000000
0x00000014acdff550:   000001dc1fd79790 0000000000000000
0x00000014acdff560:   000000071433e510 000000070779a758
0x00000014acdff570:   000001dc85426560 000001dc2f4cce82 

Instructions: (pc=0x00007fff27c7f490)
0x00007fff27c7f390:   08 8b 05 41 2e 11 00 49 c1 e1 06 8d 0c 40 4b 8b
0x00007fff27c7f3a0:   44 01 08 48 63 d1 f3 0f 11 34 90 48 8b 05 fe 2d
0x00007fff27c7f3b0:   11 00 4c 63 48 04 4c 8b 40 08 8b 05 18 2e 11 00
0x00007fff27c7f3c0:   49 c1 e1 06 8d 0c 40 4b 8b 44 01 08 48 63 d1 f3
0x00007fff27c7f3d0:   0f 11 7c 90 04 48 8b 05 d4 2d 11 00 4c 63 48 04
0x00007fff27c7f3e0:   4c 8b 40 08 8b 05 ee 2d 11 00 49 c1 e1 06 8d 0c
0x00007fff27c7f3f0:   40 4b 8b 44 01 08 48 63 d1 f3 44 0f 11 44 90 08
0x00007fff27c7f400:   48 8b 05 a9 2d 11 00 f3 0f 10 05 cd 2d 11 00 4c
0x00007fff27c7f410:   63 40 04 48 8b 50 08 8b 05 bb 2d 11 00 03 c0 49
0x00007fff27c7f420:   c1 e0 06 48 63 c8 49 8b 44 10 10 f3 0f 11 04 88
0x00007fff27c7f430:   48 8b 05 79 2d 11 00 f3 0f 10 05 a1 2d 11 00 4c
0x00007fff27c7f440:   63 40 04 48 8b 50 08 8b 05 8b 2d 11 00 03 c0 49
0x00007fff27c7f450:   c1 e0 06 48 63 c8 49 8b 44 10 10 f3 0f 11 44 88
0x00007fff27c7f460:   04 48 8b 05 48 2d 11 00 4c 63 40 04 48 8b 48 08
0x00007fff27c7f470:   8b 05 62 2d 11 00 49 c1 e0 06 8d 04 85 00 00 00
0x00007fff27c7f480:   00 49 8b 4c 08 18 48 63 d0 0f b6 05 60 2d 11 00
0x00007fff27c7f490:   88 04 0a 48 8b 05 16 2d 11 00 4c 63 40 04 48 8b
0x00007fff27c7f4a0:   48 08 8b 05 30 2d 11 00 49 c1 e0 06 8d 04 85 00
0x00007fff27c7f4b0:   00 00 00 49 8b 4c 08 18 48 63 d0 0f b6 05 2f 2d
0x00007fff27c7f4c0:   11 00 88 44 11 01 48 8b 05 e3 2c 11 00 4c 63 40
0x00007fff27c7f4d0:   04 48 8b 48 08 8b 05 fd 2c 11 00 49 c1 e0 06 8d
0x00007fff27c7f4e0:   04 85 00 00 00 00 49 8b 4c 08 18 48 63 d0 0f b6
0x00007fff27c7f4f0:   05 fd 2c 11 00 88 44 11 02 48 8b 05 b0 2c 11 00
0x00007fff27c7f500:   4c 63 40 04 48 8b 48 08 8b 05 ca 2c 11 00 49 c1
0x00007fff27c7f510:   e0 06 49 8b 4c 08 18 8d 04 85 00 00 00 00 0f 28
0x00007fff27c7f520:   74 24 40 0f 28 7c 24 30 44 0f 28 44 24 20 48 63
0x00007fff27c7f530:   d0 0f b6 05 bb 2c 11 00 88 44 11 03 48 8b 05 6d
0x00007fff27c7f540:   2c 11 00 ff 05 8f 2c 11 00 48 63 48 18 48 8b 40
0x00007fff27c7f550:   10 48 03 c9 ff 44 c8 f4 48 83 c4 58 c3 cc cc cc
0x00007fff27c7f560:   48 ff 25 21 2c 11 00 cc cc cc cc cc cc cc cc cc
0x00007fff27c7f570:   40 55 48 83 ec 50 0f 10 05 3b 2c 11 00 33 d2 b9
0x00007fff27c7f580:   92 88 00 00 0f 29 44 24 20 0f 29 44 24 30 0f 10 


Stack slot to memory mapping:
stack at sp + 0 slots: 0x000001dc85404600 is pointing into metadata
stack at sp + 1 slots: 0x0 is NULL
stack at sp + 2 slots: 0x000051463e997095 is an unknown value
stack at sp + 3 slots: 0x00007ff80000000e is an unknown value
stack at sp + 4 slots: 0x0000000043d40000 is an unknown value
stack at sp + 5 slots: 0x0 is NULL
stack at sp + 6 slots: 0x0 is NULL
stack at sp + 7 slots: 0x0 is NULL


Compiled method (n/a)  236372  897     n 0       com.raylib.Raylib::DrawTexturePro (native)
 total in heap  [0x000001dc2f4ccb90,0x000001dc2f4ccfc0] = 1072
 relocation     [0x000001dc2f4ccce8,0x000001dc2f4ccd18] = 48
 main code      [0x000001dc2f4ccd20,0x000001dc2f4ccfb8] = 664
 oops           [0x000001dc2f4ccfb8,0x000001dc2f4ccfc0] = 8

[Constant Pool (empty)]

[MachCode]
[Entry Point]
  # {method} {0x000001dc85426568} 'DrawTexturePro' '(Lcom/raylib/Raylib$Texture;Lcom/raylib/Raylib$Rectangle;Lcom/raylib/Raylib$Rectangle;Lcom/raylib/Raylib$Vector2;FLcom/raylib/Raylib$Color;)V' in 'com/raylib/Raylib'
  # parm0:    rdx:rdx   = 'com/raylib/Raylib$Texture'
  # parm1:    r8:r8     = 'com/raylib/Raylib$Rectangle'
  # parm2:    r9:r9     = 'com/raylib/Raylib$Rectangle'
  # parm3:    rdi:rdi   = 'com/raylib/Raylib$Vector2'
  # parm4:    xmm0      = float
  # parm5:    rsi:rsi   = 'com/raylib/Raylib$Color'
  #           [sp+0x90]  (sp of caller)
  0x000001dc2f4ccd20: 448b 5208 | 49bb 0000 | 0044 dc01 | 0000 4d03 | d349 3bc2 | 0f84 0600 

  0x000001dc2f4ccd38: ;   {runtime_call ic_miss_stub}
  0x000001dc2f4ccd38: 0000 e941 | 4886 ff90 
[Verified Entry Point]
  0x000001dc2f4ccd40: 8984 2400 | 90ff ff55 | 488b ec48 | 81ec 8000 | 0000 4889 | 7424 6048 | 83fe 0048 | 8d44 2460 
  0x000001dc2f4ccd60: 480f 4444 | 2460 4889 | 4424 38c5 | fa11 4424 | 3048 897c | 2458 4883 | ff00 488d | 4424 5848 
  0x000001dc2f4ccd80: 0f44 4424 | 5848 8944 | 2428 4c89 | 4c24 5049 | 83f9 0048 | 8d44 2450 | 480f 4444 | 2450 4889 
  0x000001dc2f4ccda0: 4424 204c | 8944 2448 | 4983 f800 | 4c8d 4c24 | 484c 0f44 | 4c24 4848 | 8954 2440 | 4883 fa00 
  0x000001dc2f4ccdc0: 4c8d 4424 | 404c 0f44 

  0x000001dc2f4ccdc8: ;   {oop(a 'java/lang/Class'{0x00000007078ba968} = 'com/raylib/Raylib')}
  0x000001dc2f4ccdc8: 4424 4049 | be68 a98b | 0707 0000 | 004c 8974 | 2470 4c8d | 7424 7049 | 8bd6 c5f8 

  0x000001dc2f4ccde4: ;   {internal_word}
  0x000001dc2f4ccde4: 7749 bae2 | cd4c 2fdc | 0100 004d | 8997 a002 | 0000 4989 | a798 0200 

  0x000001dc2f4ccdfc: ;   {external_word}
  0x000001dc2f4ccdfc: 0049 ba79 | 35a7 1eff | 7f00 0041 | 803a 000f | 8452 0000 | 0052 4150 

  0x000001dc2f4cce14: ;   {metadata({method} {0x000001dc85426568} 'DrawTexturePro' '(Lcom/raylib/Raylib$Texture;Lcom/raylib/Raylib$Rectangle;Lcom/raylib/Raylib$Rectangle;Lcom/raylib/Raylib$Vector2;FLcom/raylib/Raylib$Color;)V' in 'com/raylib/Raylib')}
  0x000001dc2f4cce14: 4151 48ba | 6065 4285 | dc01 0000 | 498b cf48 | 83ec 20f7 | c40f 0000 | 000f 841a | 0000 0048 
  0x000001dc2f4cce34: ;   {runtime_call}
  0x000001dc2f4cce34: 83ec 0849 | ba00 305d | 1eff 7f00 | 0041 ffd2 | 4883 c408 | e90d 0000 

  0x000001dc2f4cce4c: ;   {runtime_call}
  0x000001dc2f4cce4c: 0049 ba00 | 305d 1eff | 7f00 0041 | ffd2 4883 | c420 4159 | 4158 5a49 | 8d8f b802 | 0000 41c7 
  0x000001dc2f4cce6c: 8748 0300 | 0004 0000 

  0x000001dc2f4cce74: ;   {runtime_call}
  0x000001dc2f4cce74: 0049 ba10 | 20be 27ff | 7f00 0041 | ffd2 c5f8 | 7741 c787 | 4803 0000 | 0500 0000 | f083 4424 
  0x000001dc2f4cce94: c000 493b | af50 0300 | 000f 8711 | 0000 0041 | 81bf 3803 | 0000 0000 | 0000 0f84 | 2400 0000 
  0x000001dc2f4cceb4: c5f8 7749 | 8bcf 4c8b | e448 83ec | 2048 83e4 

  0x000001dc2f4ccec4: ;   {runtime_call}
  0x000001dc2f4ccec4: f049 ba90 | 446d 1eff | 7f00 0041 | ffd2 498b | e44d 33e4 | 41c7 8748 | 0300 0008 | 0000 0041 
  0x000001dc2f4ccee4: 81bf b803 | 0000 0200 | 0000 0f84 | 9b00 0000 

  0x000001dc2f4ccef4: ;   {external_word}
  0x000001dc2f4ccef4: 49ba 7935 | a71e ff7f | 0000 4180 | 3a00 0f84 | 4800 0000 

  0x000001dc2f4ccf08: ;   {metadata({method} {0x000001dc85426568} 'DrawTexturePro' '(Lcom/raylib/Raylib$Texture;Lcom/raylib/Raylib$Rectangle;Lcom/raylib/Raylib$Rectangle;Lcom/raylib/Raylib$Vector2;FLcom/raylib/Raylib$Color;)V' in 'com/raylib/Raylib')}
  0x000001dc2f4ccf08: 48ba 6065 | 4285 dc01 | 0000 498b | cf48 83ec | 20f7 c40f | 0000 000f | 841a 0000 | 0048 83ec 
  0x000001dc2f4ccf28: ;   {runtime_call}
  0x000001dc2f4ccf28: 0849 ba00 | 305d 1eff | 7f00 0041 | ffd2 4883 | c408 e90d 

  0x000001dc2f4ccf3c: ;   {runtime_call}
  0x000001dc2f4ccf3c: 0000 0049 | ba00 305d | 1eff 7f00 | 0041 ffd2 | 4883 c420 | 49c7 8798 | 0200 0000 | 0000 0049 
  0x000001dc2f4ccf5c: c787 a002 | 0000 0000 | 0000 c5f8 | 7749 8b8f | d800 0000 | c781 0001 | 0000 0000 | 0000 c949 
  0x000001dc2f4ccf7c: 817f 0800 | 0000 000f | 8501 0000 

  0x000001dc2f4ccf88: ;   {runtime_call StubRoutines (1)}
  0x000001dc2f4ccf88: 00c3 e971 | 3f81 ffc5 | f877 4c8b | e448 83ec | 2048 83e4 

  0x000001dc2f4ccf9c: ;   {runtime_call}
  0x000001dc2f4ccf9c: f049 ba80 | 605d 1eff | 7f00 0041 | ffd2 498b | e44d 33e4 | e93f ffff | fff4 f4f4 
[/MachCode]


---------------  P R O C E S S  ---------------

Threads class SMR info:
_java_thread_list=0x000001dc8ad38400, length=13, elements={
0x000001dc1fd79790, 0x000001dc435e5a90, 0x000001dc435e6650, 0x000001dc435fa2d0,
0x000001dc435fae90, 0x000001dc435fda60, 0x000001dc43600bd0, 0x000001dc43605db0,
0x000001dc43609010, 0x000001dc4361ddc0, 0x000001dc437a2200, 0x000001dc437a4b40,
0x000001dc8b73ee80
}

Java Threads: ( => current thread )
=>0x000001dc1fd79790 JavaThread "main" [_thread_in_native, id=21060, stack(0x00000014acd00000,0x00000014ace00000)]
  0x000001dc435e5a90 JavaThread "Reference Handler" daemon [_thread_blocked, id=28476, stack(0x00000014ad400000,0x00000014ad500000)]
  0x000001dc435e6650 JavaThread "Finalizer" daemon [_thread_blocked, id=31268, stack(0x00000014ad500000,0x00000014ad600000)]
  0x000001dc435fa2d0 JavaThread "Signal Dispatcher" daemon [_thread_blocked, id=31604, stack(0x00000014ad600000,0x00000014ad700000)]
  0x000001dc435fae90 JavaThread "Attach Listener" daemon [_thread_blocked, id=29412, stack(0x00000014ad700000,0x00000014ad800000)]
  0x000001dc435fda60 JavaThread "Service Thread" daemon [_thread_blocked, id=31768, stack(0x00000014ad800000,0x00000014ad900000)]
  0x000001dc43600bd0 JavaThread "Monitor Deflation Thread" daemon [_thread_blocked, id=28956, stack(0x00000014ad900000,0x00000014ada00000)]
  0x000001dc43605db0 JavaThread "C2 CompilerThread0" daemon [_thread_blocked, id=17184, stack(0x00000014ada00000,0x00000014adb00000)]
  0x000001dc43609010 JavaThread "C1 CompilerThread0" daemon [_thread_blocked, id=4520, stack(0x00000014adb00000,0x00000014adc00000)]
  0x000001dc4361ddc0 JavaThread "Sweeper thread" daemon [_thread_blocked, id=25092, stack(0x00000014adc00000,0x00000014add00000)]
  0x000001dc437a2200 JavaThread "Notification Thread" daemon [_thread_blocked, id=22488, stack(0x00000014ade00000,0x00000014adf00000)]
  0x000001dc437a4b40 JavaThread "Common-Cleaner" daemon [_thread_blocked, id=3628, stack(0x00000014ae000000,0x00000014ae100000)]
  0x000001dc8b73ee80 JavaThread "JavaCPP Deallocator" daemon [_thread_blocked, id=7068, stack(0x00000014ae700000,0x00000014ae800000)]

Other Threads:
  0x000001dc435d82a0 VMThread "VM Thread" [stack: 0x00000014ad300000,0x00000014ad400000] [id=20600]
  0x000001dc437a26e0 WatcherThread [stack: 0x00000014adf00000,0x00000014ae000000] [id=30612]
  0x000001dc1fde64b0 GCTaskThread "GC Thread#0" [stack: 0x00000014ace00000,0x00000014acf00000] [id=11748]
  0x000001dc8c4a5d00 GCTaskThread "GC Thread#1" [stack: 0x00000014ae800000,0x00000014ae900000] [id=26040]
  0x000001dc89a3cb80 GCTaskThread "GC Thread#2" [stack: 0x00000014ae900000,0x00000014aea00000] [id=27244]
  0x000001dc8a8f1e90 GCTaskThread "GC Thread#3" [stack: 0x00000014aea00000,0x00000014aeb00000] [id=30108]
  0x000001dc8a8f2150 GCTaskThread "GC Thread#4" [stack: 0x00000014aeb00000,0x00000014aec00000] [id=21992]
  0x000001dc8a8f0890 GCTaskThread "GC Thread#5" [stack: 0x00000014aec00000,0x00000014aed00000] [id=12448]
  0x000001dc1fdf6e50 ConcurrentGCThread "G1 Main Marker" [stack: 0x00000014acf00000,0x00000014ad000000] [id=4420]
  0x000001dc1fdf7870 ConcurrentGCThread "G1 Conc#0" [stack: 0x00000014ad000000,0x00000014ad100000] [id=25856]
  0x000001dc1fe2ec90 ConcurrentGCThread "G1 Refine#0" [stack: 0x00000014ad100000,0x00000014ad200000] [id=5160]
  0x000001dc899f42b0 ConcurrentGCThread "G1 Refine#1" [stack: 0x00000014aca00000,0x00000014acb00000] [id=11160]
  0x000001dc89f70c40 ConcurrentGCThread "G1 Refine#2" [stack: 0x00000014acb00000,0x00000014acc00000] [id=7480]
  0x000001dc89b5cd70 ConcurrentGCThread "G1 Refine#3" [stack: 0x00000014acc00000,0x00000014acd00000] [id=13340]
  0x000001dc8a12c050 ConcurrentGCThread "G1 Refine#4" [stack: 0x00000014add00000,0x00000014ade00000] [id=15076]
  0x000001dc8bc32020 ConcurrentGCThread "G1 Refine#5" [stack: 0x00000014ae100000,0x00000014ae200000] [id=29496]
  0x000001dc8baac0f0 ConcurrentGCThread "G1 Refine#6" [stack: 0x00000014ae200000,0x00000014ae300000] [id=8844]
  0x000001dc89bf4c30 ConcurrentGCThread "G1 Refine#7" [stack: 0x00000014ae300000,0x00000014ae400000] [id=26772]
  0x000001dc89bf4070 ConcurrentGCThread "G1 Refine#8" [stack: 0x00000014ae400000,0x00000014ae500000] [id=6112]
  0x000001dc89bf4360 ConcurrentGCThread "G1 Refine#9" [stack: 0x00000014ae500000,0x00000014ae600000] [id=23304]
  0x000001dc89bf4940 ConcurrentGCThread "G1 Refine#10" [stack: 0x00000014ae600000,0x00000014ae700000] [id=1512]
  0x000001dc89bf4f20 ConcurrentGCThread "G1 Refine#11" [stack: 0x00000014af100000,0x00000014af200000] [id=25264]
  0x000001dc89bf5210 ConcurrentGCThread "G1 Refine#12" [stack: 0x00000014af900000,0x00000014afa00000] [id=30316]
  0x000001dc43494b50 ConcurrentGCThread "G1 Service" [stack: 0x00000014ad200000,0x00000014ad300000] [id=10516]

Threads with active compile tasks:

VM state: not at safepoint (normal execution)

VM Mutex/Monitor currently owned by a thread: None

Heap address: 0x0000000705a00000, size: 4006 MB, Compressed Oops mode: Zero based, Oop shift amount: 3

CDS archive(s) mapped at: [0x000001dc44000000-0x000001dc44bb0000-0x000001dc44bb0000), size 12255232, SharedBaseAddress: 0x000001dc44000000, ArchiveRelocationMode: 1.
Compressed class space mapped at: 0x000001dc45000000-0x000001dc85000000, reserved size: 1073741824
Narrow klass base: 0x000001dc44000000, Narrow klass shift: 0, Narrow klass range: 0x100000000

GC Precious Log:
 CPUs: 16 total, 16 available
 Memory: 16021M
 Large Page Support: Disabled
 NUMA Support: Disabled
 Compressed Oops: Enabled (Zero based)
 Heap Region Size: 2M
 Heap Min Capacity: 8M
 Heap Initial Capacity: 252M
 Heap Max Capacity: 4006M
 Pre-touch: Disabled
 Parallel Workers: 13
 Concurrent Workers: 3
 Concurrent Refinement Workers: 13
 Periodic GC: Disabled

Heap:
 garbage-first heap   total 258048K, used 69220K [0x0000000705a00000, 0x0000000800000000)
  region size 2048K, 10 young (20480K), 1 survivors (2048K)
 Metaspace       used 2311K, committed 2496K, reserved 1114112K
  class space    used 192K, committed 256K, reserved 1048576K

Heap Regions: E=young(eden), S=young(survivor), O=old, HS=humongous(starts), HC=humongous(continues), CS=collection set, F=free, OA=open archive, CA=closed archive, TAMS=top-at-mark-start (previous, next)
|   0|0x0000000705a00000, 0x0000000705c00000, 0x0000000705c00000|100%| O|  |TAMS 0x0000000705a00000, 0x0000000705a00000| Untracked 
|   1|0x0000000705c00000, 0x0000000705e00000, 0x0000000705e00000|100%| O|  |TAMS 0x0000000705c00000, 0x0000000705c00000| Untracked 
|   2|0x0000000705e00000, 0x0000000706000000, 0x0000000706000000|100%| O|  |TAMS 0x0000000705e00000, 0x0000000705e00000| Untracked 
|   3|0x0000000706000000, 0x0000000706200000, 0x0000000706200000|100%| O|  |TAMS 0x0000000706000000, 0x0000000706000000| Untracked 
|   4|0x0000000706200000, 0x0000000706400000, 0x0000000706400000|100%| O|  |TAMS 0x0000000706200000, 0x0000000706200000| Untracked 
|   5|0x0000000706400000, 0x0000000706600000, 0x0000000706600000|100%| O|  |TAMS 0x0000000706400000, 0x0000000706400000| Untracked 
|   6|0x0000000706600000, 0x0000000706800000, 0x0000000706800000|100%| O|  |TAMS 0x0000000706600000, 0x0000000706600000| Untracked 
|   7|0x0000000706800000, 0x0000000706a00000, 0x0000000706a00000|100%| O|  |TAMS 0x0000000706800000, 0x0000000706800000| Untracked 
|   8|0x0000000706a00000, 0x0000000706c00000, 0x0000000706c00000|100%| O|  |TAMS 0x0000000706a00000, 0x0000000706a00000| Untracked 
|   9|0x0000000706c00000, 0x0000000706e00000, 0x0000000706e00000|100%| O|  |TAMS 0x0000000706c00000, 0x0000000706c00000| Untracked 
|  10|0x0000000706e00000, 0x0000000707000000, 0x0000000707000000|100%| O|  |TAMS 0x0000000706e00000, 0x0000000706e00000| Untracked 
|  11|0x0000000707000000, 0x0000000707200000, 0x0000000707200000|100%| O|  |TAMS 0x0000000707000000, 0x0000000707000000| Untracked 
|  12|0x0000000707200000, 0x0000000707400000, 0x0000000707400000|100%| O|  |TAMS 0x0000000707200000, 0x0000000707200000| Untracked 
|  13|0x0000000707400000, 0x0000000707600000, 0x0000000707600000|100%| O|  |TAMS 0x0000000707400000, 0x0000000707400000| Untracked 
|  14|0x0000000707600000, 0x0000000707800000, 0x0000000707800000|100%| O|  |TAMS 0x0000000707600000, 0x0000000707600000| Untracked 
|  15|0x0000000707800000, 0x0000000707a00000, 0x0000000707a00000|100%| O|  |TAMS 0x0000000707800000, 0x0000000707800000| Untracked 
|  16|0x0000000707a00000, 0x0000000707c00000, 0x0000000707c00000|100%| O|  |TAMS 0x0000000707a00000, 0x0000000707a00000| Untracked 
|  17|0x0000000707c00000, 0x0000000707e00000, 0x0000000707e00000|100%| O|  |TAMS 0x0000000707c00000, 0x0000000707c00000| Untracked 
|  18|0x0000000707e00000, 0x0000000708000000, 0x0000000708000000|100%| O|  |TAMS 0x0000000707e00000, 0x0000000707e00000| Untracked 
|  19|0x0000000708000000, 0x0000000708200000, 0x0000000708200000|100%| O|  |TAMS 0x0000000708000000, 0x0000000708000000| Untracked 
|  20|0x0000000708200000, 0x0000000708400000, 0x0000000708400000|100%| O|  |TAMS 0x0000000708200000, 0x0000000708200000| Untracked 
|  21|0x0000000708400000, 0x0000000708600000, 0x0000000708600000|100%| O|  |TAMS 0x0000000708400000, 0x0000000708400000| Untracked 
|  22|0x0000000708600000, 0x0000000708800000, 0x0000000708800000|100%| O|  |TAMS 0x0000000708600000, 0x0000000708600000| Untracked 
|  23|0x0000000708800000, 0x0000000708a00000, 0x0000000708a00000|100%| O|  |TAMS 0x0000000708800000, 0x0000000708800000| Untracked 
|  24|0x0000000708a00000, 0x0000000708b99000, 0x0000000708c00000| 79%| O|  |TAMS 0x0000000708a00000, 0x0000000708a00000| Untracked 
|  25|0x0000000708c00000, 0x0000000708c00000, 0x0000000708e00000|  0%| F|  |TAMS 0x0000000708c00000, 0x0000000708c00000| Untracked 
|  26|0x0000000708e00000, 0x0000000708e00000, 0x0000000709000000|  0%| F|  |TAMS 0x0000000708e00000, 0x0000000708e00000| Untracked 
|  27|0x0000000709000000, 0x0000000709000000, 0x0000000709200000|  0%| F|  |TAMS 0x0000000709000000, 0x0000000709000000| Untracked 
|  28|0x0000000709200000, 0x0000000709200000, 0x0000000709400000|  0%| F|  |TAMS 0x0000000709200000, 0x0000000709200000| Untracked 
|  29|0x0000000709400000, 0x0000000709400000, 0x0000000709600000|  0%| F|  |TAMS 0x0000000709400000, 0x0000000709400000| Untracked 
|  30|0x0000000709600000, 0x0000000709600000, 0x0000000709800000|  0%| F|  |TAMS 0x0000000709600000, 0x0000000709600000| Untracked 
|  31|0x0000000709800000, 0x0000000709800000, 0x0000000709a00000|  0%| F|  |TAMS 0x0000000709800000, 0x0000000709800000| Untracked 
|  32|0x0000000709a00000, 0x0000000709a00000, 0x0000000709c00000|  0%| F|  |TAMS 0x0000000709a00000, 0x0000000709a00000| Untracked 
|  33|0x0000000709c00000, 0x0000000709c00000, 0x0000000709e00000|  0%| F|  |TAMS 0x0000000709c00000, 0x0000000709c00000| Untracked 
|  34|0x0000000709e00000, 0x0000000709e00000, 0x000000070a000000|  0%| F|  |TAMS 0x0000000709e00000, 0x0000000709e00000| Untracked 
|  35|0x000000070a000000, 0x000000070a000000, 0x000000070a200000|  0%| F|  |TAMS 0x000000070a000000, 0x000000070a000000| Untracked 
|  36|0x000000070a200000, 0x000000070a200000, 0x000000070a400000|  0%| F|  |TAMS 0x000000070a200000, 0x000000070a200000| Untracked 
|  37|0x000000070a400000, 0x000000070a400000, 0x000000070a600000|  0%| F|  |TAMS 0x000000070a400000, 0x000000070a400000| Untracked 
|  38|0x000000070a600000, 0x000000070a600000, 0x000000070a800000|  0%| F|  |TAMS 0x000000070a600000, 0x000000070a600000| Untracked 
|  39|0x000000070a800000, 0x000000070a800000, 0x000000070aa00000|  0%| F|  |TAMS 0x000000070a800000, 0x000000070a800000| Untracked 
|  40|0x000000070aa00000, 0x000000070aa00000, 0x000000070ac00000|  0%| F|  |TAMS 0x000000070aa00000, 0x000000070aa00000| Untracked 
|  41|0x000000070ac00000, 0x000000070ac00000, 0x000000070ae00000|  0%| F|  |TAMS 0x000000070ac00000, 0x000000070ac00000| Untracked 
|  42|0x000000070ae00000, 0x000000070ae00000, 0x000000070b000000|  0%| F|  |TAMS 0x000000070ae00000, 0x000000070ae00000| Untracked 
|  43|0x000000070b000000, 0x000000070b000000, 0x000000070b200000|  0%| F|  |TAMS 0x000000070b000000, 0x000000070b000000| Untracked 
|  44|0x000000070b200000, 0x000000070b200000, 0x000000070b400000|  0%| F|  |TAMS 0x000000070b200000, 0x000000070b200000| Untracked 
|  45|0x000000070b400000, 0x000000070b400000, 0x000000070b600000|  0%| F|  |TAMS 0x000000070b400000, 0x000000070b400000| Untracked 
|  46|0x000000070b600000, 0x000000070b600000, 0x000000070b800000|  0%| F|  |TAMS 0x000000070b600000, 0x000000070b600000| Untracked 
|  47|0x000000070b800000, 0x000000070b800000, 0x000000070ba00000|  0%| F|  |TAMS 0x000000070b800000, 0x000000070b800000| Untracked 
|  48|0x000000070ba00000, 0x000000070ba00000, 0x000000070bc00000|  0%| F|  |TAMS 0x000000070ba00000, 0x000000070ba00000| Untracked 
|  49|0x000000070bc00000, 0x000000070bc00000, 0x000000070be00000|  0%| F|  |TAMS 0x000000070bc00000, 0x000000070bc00000| Untracked 
|  50|0x000000070be00000, 0x000000070be00000, 0x000000070c000000|  0%| F|  |TAMS 0x000000070be00000, 0x000000070be00000| Untracked 
|  51|0x000000070c000000, 0x000000070c000000, 0x000000070c200000|  0%| F|  |TAMS 0x000000070c000000, 0x000000070c000000| Untracked 
|  52|0x000000070c200000, 0x000000070c200000, 0x000000070c400000|  0%| F|  |TAMS 0x000000070c200000, 0x000000070c200000| Untracked 
|  53|0x000000070c400000, 0x000000070c400000, 0x000000070c600000|  0%| F|  |TAMS 0x000000070c400000, 0x000000070c400000| Untracked 
|  54|0x000000070c600000, 0x000000070c600000, 0x000000070c800000|  0%| F|  |TAMS 0x000000070c600000, 0x000000070c600000| Untracked 
|  55|0x000000070c800000, 0x000000070c800000, 0x000000070ca00000|  0%| F|  |TAMS 0x000000070c800000, 0x000000070c800000| Untracked 
|  56|0x000000070ca00000, 0x000000070ca00000, 0x000000070cc00000|  0%| F|  |TAMS 0x000000070ca00000, 0x000000070ca00000| Untracked 
|  57|0x000000070cc00000, 0x000000070cc00000, 0x000000070ce00000|  0%| F|  |TAMS 0x000000070cc00000, 0x000000070cc00000| Untracked 
|  58|0x000000070ce00000, 0x000000070ce00000, 0x000000070d000000|  0%| F|  |TAMS 0x000000070ce00000, 0x000000070ce00000| Untracked 
|  59|0x000000070d000000, 0x000000070d000000, 0x000000070d200000|  0%| F|  |TAMS 0x000000070d000000, 0x000000070d000000| Untracked 
|  60|0x000000070d200000, 0x000000070d200000, 0x000000070d400000|  0%| F|  |TAMS 0x000000070d200000, 0x000000070d200000| Untracked 
|  61|0x000000070d400000, 0x000000070d400000, 0x000000070d600000|  0%| F|  |TAMS 0x000000070d400000, 0x000000070d400000| Untracked 
|  62|0x000000070d600000, 0x000000070d600000, 0x000000070d800000|  0%| F|  |TAMS 0x000000070d600000, 0x000000070d600000| Untracked 
|  63|0x000000070d800000, 0x000000070d800000, 0x000000070da00000|  0%| F|  |TAMS 0x000000070d800000, 0x000000070d800000| Untracked 
|  64|0x000000070da00000, 0x000000070da00000, 0x000000070dc00000|  0%| F|  |TAMS 0x000000070da00000, 0x000000070da00000| Untracked 
|  65|0x000000070dc00000, 0x000000070dc00000, 0x000000070de00000|  0%| F|  |TAMS 0x000000070dc00000, 0x000000070dc00000| Untracked 
|  66|0x000000070de00000, 0x000000070de00000, 0x000000070e000000|  0%| F|  |TAMS 0x000000070de00000, 0x000000070de00000| Untracked 
|  67|0x000000070e000000, 0x000000070e000000, 0x000000070e200000|  0%| F|  |TAMS 0x000000070e000000, 0x000000070e000000| Untracked 
|  68|0x000000070e200000, 0x000000070e200000, 0x000000070e400000|  0%| F|  |TAMS 0x000000070e200000, 0x000000070e200000| Untracked 
|  69|0x000000070e400000, 0x000000070e400000, 0x000000070e600000|  0%| F|  |TAMS 0x000000070e400000, 0x000000070e400000| Untracked 
|  70|0x000000070e600000, 0x000000070e600000, 0x000000070e800000|  0%| F|  |TAMS 0x000000070e600000, 0x000000070e600000| Untracked 
|  71|0x000000070e800000, 0x000000070e800000, 0x000000070ea00000|  0%| F|  |TAMS 0x000000070e800000, 0x000000070e800000| Untracked 
|  72|0x000000070ea00000, 0x000000070ea00000, 0x000000070ec00000|  0%| F|  |TAMS 0x000000070ea00000, 0x000000070ea00000| Untracked 
|  73|0x000000070ec00000, 0x000000070ec00000, 0x000000070ee00000|  0%| F|  |TAMS 0x000000070ec00000, 0x000000070ec00000| Untracked 
|  74|0x000000070ee00000, 0x000000070ee00000, 0x000000070f000000|  0%| F|  |TAMS 0x000000070ee00000, 0x000000070ee00000| Untracked 
|  75|0x000000070f000000, 0x000000070f000000, 0x000000070f200000|  0%| F|  |TAMS 0x000000070f000000, 0x000000070f000000| Untracked 
|  76|0x000000070f200000, 0x000000070f200000, 0x000000070f400000|  0%| F|  |TAMS 0x000000070f200000, 0x000000070f200000| Untracked 
|  77|0x000000070f400000, 0x000000070f400000, 0x000000070f600000|  0%| F|  |TAMS 0x000000070f400000, 0x000000070f400000| Untracked 
|  78|0x000000070f600000, 0x000000070f600000, 0x000000070f800000|  0%| F|  |TAMS 0x000000070f600000, 0x000000070f600000| Untracked 
|  79|0x000000070f800000, 0x000000070f800000, 0x000000070fa00000|  0%| F|  |TAMS 0x000000070f800000, 0x000000070f800000| Untracked 
|  80|0x000000070fa00000, 0x000000070fa00000, 0x000000070fc00000|  0%| F|  |TAMS 0x000000070fa00000, 0x000000070fa00000| Untracked 
|  81|0x000000070fc00000, 0x000000070fc00000, 0x000000070fe00000|  0%| F|  |TAMS 0x000000070fc00000, 0x000000070fc00000| Untracked 
|  82|0x000000070fe00000, 0x000000070fe00000, 0x0000000710000000|  0%| F|  |TAMS 0x000000070fe00000, 0x000000070fe00000| Untracked 
|  83|0x0000000710000000, 0x0000000710000000, 0x0000000710200000|  0%| F|  |TAMS 0x0000000710000000, 0x0000000710000000| Untracked 
|  84|0x0000000710200000, 0x0000000710200000, 0x0000000710400000|  0%| F|  |TAMS 0x0000000710200000, 0x0000000710200000| Untracked 
|  85|0x0000000710400000, 0x0000000710400000, 0x0000000710600000|  0%| F|  |TAMS 0x0000000710400000, 0x0000000710400000| Untracked 
|  86|0x0000000710600000, 0x0000000710600000, 0x0000000710800000|  0%| F|  |TAMS 0x0000000710600000, 0x0000000710600000| Untracked 
|  87|0x0000000710800000, 0x0000000710800000, 0x0000000710a00000|  0%| F|  |TAMS 0x0000000710800000, 0x0000000710800000| Untracked 
|  88|0x0000000710a00000, 0x0000000710a00000, 0x0000000710c00000|  0%| F|  |TAMS 0x0000000710a00000, 0x0000000710a00000| Untracked 
|  89|0x0000000710c00000, 0x0000000710c00000, 0x0000000710e00000|  0%| F|  |TAMS 0x0000000710c00000, 0x0000000710c00000| Untracked 
|  90|0x0000000710e00000, 0x0000000710e00000, 0x0000000711000000|  0%| F|  |TAMS 0x0000000710e00000, 0x0000000710e00000| Untracked 
|  91|0x0000000711000000, 0x0000000711000000, 0x0000000711200000|  0%| F|  |TAMS 0x0000000711000000, 0x0000000711000000| Untracked 
|  92|0x0000000711200000, 0x0000000711200000, 0x0000000711400000|  0%| F|  |TAMS 0x0000000711200000, 0x0000000711200000| Untracked 
|  93|0x0000000711400000, 0x0000000711400000, 0x0000000711600000|  0%| F|  |TAMS 0x0000000711400000, 0x0000000711400000| Untracked 
|  94|0x0000000711600000, 0x0000000711600000, 0x0000000711800000|  0%| F|  |TAMS 0x0000000711600000, 0x0000000711600000| Untracked 
|  95|0x0000000711800000, 0x0000000711800000, 0x0000000711a00000|  0%| F|  |TAMS 0x0000000711800000, 0x0000000711800000| Untracked 
|  96|0x0000000711a00000, 0x0000000711a00000, 0x0000000711c00000|  0%| F|  |TAMS 0x0000000711a00000, 0x0000000711a00000| Untracked 
|  97|0x0000000711c00000, 0x0000000711c00000, 0x0000000711e00000|  0%| F|  |TAMS 0x0000000711c00000, 0x0000000711c00000| Untracked 
|  98|0x0000000711e00000, 0x0000000711e00000, 0x0000000712000000|  0%| F|  |TAMS 0x0000000711e00000, 0x0000000711e00000| Untracked 
|  99|0x0000000712000000, 0x0000000712000000, 0x0000000712200000|  0%| F|  |TAMS 0x0000000712000000, 0x0000000712000000| Untracked 
| 100|0x0000000712200000, 0x0000000712200000, 0x0000000712400000|  0%| F|  |TAMS 0x0000000712200000, 0x0000000712200000| Untracked 
| 101|0x0000000712400000, 0x0000000712400000, 0x0000000712600000|  0%| F|  |TAMS 0x0000000712400000, 0x0000000712400000| Untracked 
| 102|0x0000000712600000, 0x0000000712600000, 0x0000000712800000|  0%| F|  |TAMS 0x0000000712600000, 0x0000000712600000| Untracked 
| 103|0x0000000712800000, 0x0000000712800000, 0x0000000712a00000|  0%| F|  |TAMS 0x0000000712800000, 0x0000000712800000| Untracked 
| 104|0x0000000712a00000, 0x0000000712a00000, 0x0000000712c00000|  0%| F|  |TAMS 0x0000000712a00000, 0x0000000712a00000| Untracked 
| 105|0x0000000712c00000, 0x0000000712c00000, 0x0000000712e00000|  0%| F|  |TAMS 0x0000000712c00000, 0x0000000712c00000| Untracked 
| 106|0x0000000712e00000, 0x0000000712e00000, 0x0000000713000000|  0%| F|  |TAMS 0x0000000712e00000, 0x0000000712e00000| Untracked 
| 107|0x0000000713000000, 0x0000000713000000, 0x0000000713200000|  0%| F|  |TAMS 0x0000000713000000, 0x0000000713000000| Untracked 
| 108|0x0000000713200000, 0x0000000713200000, 0x0000000713400000|  0%| F|  |TAMS 0x0000000713200000, 0x0000000713200000| Untracked 
| 109|0x0000000713400000, 0x0000000713400000, 0x0000000713600000|  0%| F|  |TAMS 0x0000000713400000, 0x0000000713400000| Untracked 
| 110|0x0000000713600000, 0x0000000713600000, 0x0000000713800000|  0%| F|  |TAMS 0x0000000713600000, 0x0000000713600000| Untracked 
| 111|0x0000000713800000, 0x0000000713800000, 0x0000000713a00000|  0%| F|  |TAMS 0x0000000713800000, 0x0000000713800000| Untracked 
| 112|0x0000000713a00000, 0x0000000713a00000, 0x0000000713c00000|  0%| F|  |TAMS 0x0000000713a00000, 0x0000000713a00000| Untracked 
| 113|0x0000000713c00000, 0x0000000713c00000, 0x0000000713e00000|  0%| F|  |TAMS 0x0000000713c00000, 0x0000000713c00000| Untracked 
| 114|0x0000000713e00000, 0x0000000713e00000, 0x0000000714000000|  0%| F|  |TAMS 0x0000000713e00000, 0x0000000713e00000| Untracked 
| 115|0x0000000714000000, 0x0000000714000000, 0x0000000714200000|  0%| F|  |TAMS 0x0000000714000000, 0x0000000714000000| Untracked 
| 116|0x0000000714200000, 0x00000007143a2248, 0x0000000714400000| 81%| E|  |TAMS 0x0000000714200000, 0x0000000714200000| Complete 
| 117|0x0000000714400000, 0x0000000714600000, 0x0000000714600000|100%| E|CS|TAMS 0x0000000714400000, 0x0000000714400000| Complete 
| 118|0x0000000714600000, 0x0000000714800000, 0x0000000714800000|100%| E|CS|TAMS 0x0000000714600000, 0x0000000714600000| Complete 
| 119|0x0000000714800000, 0x0000000714a00000, 0x0000000714a00000|100%| E|CS|TAMS 0x0000000714800000, 0x0000000714800000| Complete 
| 120|0x0000000714a00000, 0x0000000714c00000, 0x0000000714c00000|100%| S|CS|TAMS 0x0000000714a00000, 0x0000000714a00000| Complete 
| 121|0x0000000714c00000, 0x0000000714e00000, 0x0000000714e00000|100%| E|CS|TAMS 0x0000000714c00000, 0x0000000714c00000| Complete 
| 122|0x0000000714e00000, 0x0000000715000000, 0x0000000715000000|100%| E|CS|TAMS 0x0000000714e00000, 0x0000000714e00000| Complete 
| 123|0x0000000715000000, 0x0000000715200000, 0x0000000715200000|100%| E|CS|TAMS 0x0000000715000000, 0x0000000715000000| Complete 
| 124|0x0000000715200000, 0x0000000715400000, 0x0000000715400000|100%| E|CS|TAMS 0x0000000715200000, 0x0000000715200000| Complete 
| 125|0x0000000715400000, 0x0000000715600000, 0x0000000715600000|100%| E|CS|TAMS 0x0000000715400000, 0x0000000715400000| Complete 

Card table byte_map: [0x000001dc378f0000,0x000001dc380d0000] _byte_map_base: 0x000001dc340c3000

Marking Bits (Prev, Next): (CMBitMap*) 0x000001dc1fde6ad0, (CMBitMap*) 0x000001dc1fde6b10
 Prev Bits: [0x000001dc388b0000, 0x000001dc3c748000)
 Next Bits: [0x000001dc3c750000, 0x000001dc405e8000)

Polling page: 0x000001dc1dca0000

Metaspace:

Usage:
  Non-class:      2.07 MB used.
      Class:    192.16 KB used.
       Both:      2.26 MB used.

Virtual space:
  Non-class space:       64.00 MB reserved,       2.19 MB (  3%) committed,  1 nodes.
      Class space:        1.00 GB reserved,     256.00 KB ( <1%) committed,  1 nodes.
             Both:        1.06 GB reserved,       2.44 MB ( <1%) committed. 

Chunk freelists:
   Non-Class:  11.17 MB
       Class:  15.63 MB
        Both:  26.81 MB

MaxMetaspaceSize: unlimited
CompressedClassSpaceSize: 1.00 GB
Initial GC threshold: 21.00 MB
Current GC threshold: 21.00 MB
CDS: on
MetaspaceReclaimPolicy: balanced
 - commit_granule_bytes: 65536.
 - commit_granule_words: 8192.
 - virtual_space_node_default_size: 8388608.
 - enlarge_chunks_in_place: 1.
 - new_chunks_are_fully_committed: 0.
 - uncommit_free_chunks: 1.
 - use_allocation_guard: 0.
 - handle_deallocations: 1.


Internal statistics:

num_allocs_failed_limit: 0.
num_arena_births: 64.
num_arena_deaths: 0.
num_vsnodes_births: 2.
num_vsnodes_deaths: 0.
num_space_committed: 39.
num_space_uncommitted: 0.
num_chunks_returned_to_freelist: 0.
num_chunks_taken_from_freelist: 109.
num_chunk_merges: 0.
num_chunk_splits: 78.
num_chunks_enlarged: 54.
num_inconsistent_stats: 0.

CodeHeap 'non-profiled nmethods': size=119168Kb used=1099Kb max_used=1099Kb free=118068Kb
 bounds [0x000001dc2f430000, 0x000001dc2f6a0000, 0x000001dc36890000]
CodeHeap 'profiled nmethods': size=119104Kb used=2143Kb max_used=2143Kb free=116960Kb
 bounds [0x000001dc27890000, 0x000001dc27b00000, 0x000001dc2ece0000]
CodeHeap 'non-nmethods': size=7488Kb used=1167Kb max_used=2906Kb free=6320Kb
 bounds [0x000001dc2ece0000, 0x000001dc2efd0000, 0x000001dc2f430000]
 total_blobs=1515 nmethods=1068 adapters=360
 compilation: enabled
              stopped_count=0, restarted_count=0
 full_count=0

Compilation events (20 events):
Event: 189.732 Thread 0x000001dc43609010 1059       3       PineVille.Sell::sellWood (36 bytes)
Event: 189.733 Thread 0x000001dc43609010 nmethod 1059 0x000001dc27a8e910 code [0x000001dc27a8eaa0, 0x000001dc27a8ebf8]
Event: 202.731 Thread 0x000001dc43609010 1060 %     3       PineVille.GameScene::main @ 469 (903 bytes)
Event: 202.744 Thread 0x000001dc43609010 nmethod 1060% 0x000001dc27a8ec90 code [0x000001dc27a8fc00, 0x000001dc27a982c8]
Event: 203.165 Thread 0x000001dc43609010 1061 %     3       PineVille.GameScene::main @ 714 (903 bytes)
Event: 203.177 Thread 0x000001dc43609010 nmethod 1061% 0x000001dc27a9b490 code [0x000001dc27a9c400, 0x000001dc27aa4ae8]
Event: 209.200 Thread 0x000001dc43605db0 1062       4       java.io.OutputStream::flush (1 bytes)
Event: 209.200 Thread 0x000001dc43605db0 nmethod 1062 0x000001dc2f52da10 code [0x000001dc2f52db80, 0x000001dc2f52dbf8]
Event: 215.898 Thread 0x000001dc43605db0 1063       4       java.lang.invoke.Invokers$Holder::linkToTargetMethod (9 bytes)
Event: 215.899 Thread 0x000001dc43605db0 nmethod 1063 0x000001dc2f52dd10 code [0x000001dc2f52dea0, 0x000001dc2f52df58]
Event: 215.899 Thread 0x000001dc43605db0 1064       4       java.lang.invoke.LambdaForm$MH/0x000001dc4501d400::invoke (75 bytes)
Event: 215.900 Thread 0x000001dc43605db0 nmethod 1064 0x000001dc2f52e090 code [0x000001dc2f52e260, 0x000001dc2f52e480]
Event: 215.931 Thread 0x000001dc43605db0 1065       4       java.lang.invoke.LambdaForm$MH/0x000001dc4501d000::invoke (27 bytes)
Event: 215.932 Thread 0x000001dc43605db0 nmethod 1065 0x000001dc2f52e810 code [0x000001dc2f52e9a0, 0x000001dc2f52ea98]
Event: 215.932 Thread 0x000001dc43605db0 1066       4       java.lang.invoke.DirectMethodHandle$Holder::invokeStatic (14 bytes)
Event: 215.933 Thread 0x000001dc43605db0 nmethod 1066 0x000001dc2f52ec10 code [0x000001dc2f52eda0, 0x000001dc2f52ee68]
Event: 222.931 Thread 0x000001dc43605db0 1067 %     4       PineVille.GameScene::main @ 714 (903 bytes)
Event: 223.109 Thread 0x000001dc43605db0 nmethod 1067% 0x000001dc2f52ef90 code [0x000001dc2f52f960, 0x000001dc2f534d30]
Event: 226.532 Thread 0x000001dc43605db0 1068 %     4       PineVille.GameScene::main @ 469 (903 bytes)
Event: 226.692 Thread 0x000001dc43605db0 nmethod 1068% 0x000001dc2f538f90 code [0x000001dc2f539940, 0x000001dc2f53edd0]

GC Heap History (10 events):
Event: 1.158 GC heap before
{Heap before GC invocations=0 (full 0):
 garbage-first heap   total 258048K, used 22528K [0x0000000705a00000, 0x0000000800000000)
  region size 2048K, 11 young (22528K), 0 survivors (0K)
 Metaspace       used 1746K, committed 1856K, reserved 1114112K
  class space    used 129K, committed 192K, reserved 1048576K
}
Event: 1.162 GC heap after
{Heap after GC invocations=1 (full 0):
 garbage-first heap   total 258048K, used 1610K [0x0000000705a00000, 0x0000000800000000)
  region size 2048K, 1 young (2048K), 1 survivors (2048K)
 Metaspace       used 1746K, committed 1856K, reserved 1114112K
  class space    used 129K, committed 192K, reserved 1048576K
}
Event: 111.778 GC heap before
{Heap before GC invocations=1 (full 0):
 garbage-first heap   total 258048K, used 42570K [0x0000000705a00000, 0x0000000800000000)
  region size 2048K, 21 young (43008K), 1 survivors (2048K)
 Metaspace       used 2304K, committed 2496K, reserved 1114112K
  class space    used 192K, committed 256K, reserved 1048576K
}
Event: 111.923 GC heap after
{Heap after GC invocations=2 (full 0):
 garbage-first heap   total 258048K, used 36158K [0x0000000705a00000, 0x0000000800000000)
  region size 2048K, 3 young (6144K), 3 survivors (6144K)
 Metaspace       used 2304K, committed 2496K, reserved 1114112K
  class space    used 192K, committed 256K, reserved 1048576K
}
Event: 127.532 GC heap before
{Heap before GC invocations=2 (full 0):
 garbage-first heap   total 258048K, used 42302K [0x0000000705a00000, 0x0000000800000000)
  region size 2048K, 6 young (12288K), 3 survivors (6144K)
 Metaspace       used 2309K, committed 2496K, reserved 1114112K
  class space    used 192K, committed 256K, reserved 1048576K
}
Event: 127.549 GC heap after
{Heap after GC invocations=3 (full 0):
 garbage-first heap   total 258048K, used 38336K [0x0000000705a00000, 0x0000000800000000)
  region size 2048K, 1 young (2048K), 1 survivors (2048K)
 Metaspace       used 2309K, committed 2496K, reserved 1114112K
  class space    used 192K, committed 256K, reserved 1048576K
}
Event: 156.300 GC heap before
{Heap before GC invocations=3 (full 0):
 garbage-first heap   total 258048K, used 48576K [0x0000000705a00000, 0x0000000800000000)
  region size 2048K, 6 young (12288K), 1 survivors (2048K)
 Metaspace       used 2311K, committed 2496K, reserved 1114112K
  class space    used 192K, committed 256K, reserved 1048576K
}
Event: 156.338 GC heap after
{Heap after GC invocations=4 (full 0):
 garbage-first heap   total 258048K, used 45607K [0x0000000705a00000, 0x0000000800000000)
  region size 2048K, 1 young (2048K), 1 survivors (2048K)
 Metaspace       used 2311K, committed 2496K, reserved 1114112K
  class space    used 192K, committed 256K, reserved 1048576K
}
Event: 185.732 GC heap before
{Heap before GC invocations=4 (full 0):
 garbage-first heap   total 258048K, used 55847K [0x0000000705a00000, 0x0000000800000000)
  region size 2048K, 6 young (12288K), 1 survivors (2048K)
 Metaspace       used 2311K, committed 2496K, reserved 1114112K
  class space    used 192K, committed 256K, reserved 1048576K
}
Event: 185.771 GC heap after
{Heap after GC invocations=5 (full 0):
 garbage-first heap   total 258048K, used 52836K [0x0000000705a00000, 0x0000000800000000)
  region size 2048K, 1 young (2048K), 1 survivors (2048K)
 Metaspace       used 2311K, committed 2496K, reserved 1114112K
  class space    used 192K, committed 256K, reserved 1048576K
}

Dll operation events (20 events):
Event: 0.784 Loaded shared library C:\Program Files (x86)\Windows Kits\10\Redist\ucrt\DLLs\x64\api-ms-win-core-rtlsupport-l1-1-0.dll
Event: 0.813 Loaded shared library C:\Program Files (x86)\Windows Kits\10\Redist\ucrt\DLLs\x64\api-ms-win-core-processthreads-l1-1-1.dll
Event: 0.825 Loaded shared library C:\Program Files (x86)\Windows Kits\10\Redist\ucrt\DLLs\x64\api-ms-win-core-file-l1-2-0.dll
Event: 0.837 Loaded shared library C:\Program Files (x86)\Windows Kits\10\Redist\ucrt\DLLs\x64\api-ms-win-core-profile-l1-1-0.dll
Event: 0.863 Loaded shared library C:\Program Files (x86)\Windows Kits\10\Redist\ucrt\DLLs\x64\api-ms-win-core-memory-l1-1-0.dll
Event: 0.883 Loaded shared library C:\Program Files (x86)\Windows Kits\10\Redist\ucrt\DLLs\x64\api-ms-win-core-util-l1-1-0.dll
Event: 0.906 Loaded shared library C:\Program Files (x86)\Windows Kits\10\Redist\ucrt\DLLs\x64\api-ms-win-core-interlocked-l1-1-0.dll
Event: 0.927 Loaded shared library C:\Program Files (x86)\Windows Kits\10\Redist\ucrt\DLLs\x64\ucrtbase.dll
Event: 0.948 Loaded shared library C:\Users\luczu\.jdks\corretto-17.0.10\bin\vcruntime140.dll
Event: 0.960 Loaded shared library C:\Users\luczu\.jdks\corretto-17.0.10\bin\vcruntime140_1.dll
Event: 0.972 Loaded shared library C:\Users\luczu\.jdks\corretto-17.0.10\bin\msvcp140.dll
Event: 0.987 Loaded shared library C:\Windows\System32\msvcp140_1.dll
Event: 1.004 Loaded shared library C:\Windows\System32\concrt140.dll
Event: 1.023 Loaded shared library C:\Windows\System32\vcomp140.dll
Event: 1.043 Loaded shared library C:\Windows\System32\winmm.dll
Event: 1.047 Loaded shared library C:\Windows\System32\opengl32.dll
Event: 1.049 Loaded shared library C:\Windows\System32\user32.dll
Event: 1.051 Loaded shared library C:\Windows\System32\shell32.dll
Event: 1.053 Loaded shared library C:\Windows\System32\gdi32.dll
Event: 1.142 Loaded shared library C:\Users\luczu\.javacpp\cache\jaylib-4.5.0-0.jar\com\raylib\windows-x86_64\jniRaylib.dll

Deoptimization events (20 events):
Event: 185.773 Thread 0x000001dc435e5a90 DEOPT PACKING pc=0x000001dc27a8a4c5 sp=0x00000014ad4ff070
Event: 185.773 Thread 0x000001dc435e5a90 DEOPT UNPACKING pc=0x000001dc2ed3ace3 sp=0x00000014ad4fe510 mode 0
Event: 185.780 Thread 0x000001dc8b73ee80 DEOPT PACKING pc=0x000001dc27a8b0b5 sp=0x00000014ae7ff310
Event: 185.780 Thread 0x000001dc8b73ee80 DEOPT UNPACKING pc=0x000001dc2ed3ace3 sp=0x00000014ae7fe7d0 mode 0
Event: 201.832 Thread 0x000001dc1fd79790 Uncommon trap: trap_request=0xffffff45 fr.pc=0x000001dc2f51434c relative=0x00000000000039ec
Event: 201.832 Thread 0x000001dc1fd79790 Uncommon trap: reason=unstable_if action=reinterpret pc=0x000001dc2f51434c method=PineVille.Player.tierUpdate()V @ 4 c2
Event: 201.832 Thread 0x000001dc1fd79790 DEOPT PACKING pc=0x000001dc2f51434c sp=0x00000014acdff650
Event: 201.832 Thread 0x000001dc1fd79790 DEOPT UNPACKING pc=0x000001dc2ed3a1a3 sp=0x00000014acdff5b0 mode 2
Event: 202.299 Thread 0x000001dc1fd79790 Uncommon trap: trap_request=0xffffff45 fr.pc=0x000001dc2f51e4d8 relative=0x0000000000003bf8
Event: 202.299 Thread 0x000001dc1fd79790 Uncommon trap: reason=unstable_if action=reinterpret pc=0x000001dc2f51e4d8 method=PineVille.Player.tierUpdate()V @ 4 c2
Event: 202.299 Thread 0x000001dc1fd79790 DEOPT PACKING pc=0x000001dc2f51e4d8 sp=0x00000014acdff670
Event: 202.299 Thread 0x000001dc1fd79790 DEOPT UNPACKING pc=0x000001dc2ed3a1a3 sp=0x00000014acdff5b0 mode 2
Event: 215.771 Thread 0x000001dc1fd79790 DEOPT PACKING pc=0x000001dc27a96e21 sp=0x00000014acdff390
Event: 215.771 Thread 0x000001dc1fd79790 DEOPT UNPACKING pc=0x000001dc2ed3ace3 sp=0x00000014acdfeb08 mode 0
Event: 230.131 Thread 0x000001dc1fd79790 DEOPT PACKING pc=0x000001dc27aa3699 sp=0x00000014acdff380
Event: 230.131 Thread 0x000001dc1fd79790 DEOPT UNPACKING pc=0x000001dc2ed3ace3 sp=0x00000014acdfeb08 mode 0
Event: 235.832 Thread 0x000001dc1fd79790 Uncommon trap: trap_request=0xffffff45 fr.pc=0x000001dc2f533498 relative=0x0000000000003b38
Event: 235.832 Thread 0x000001dc1fd79790 Uncommon trap: reason=unstable_if action=reinterpret pc=0x000001dc2f533498 method=PineVille.GameScene.main([Ljava/lang/String;)V @ 162 c2
Event: 235.832 Thread 0x000001dc1fd79790 DEOPT PACKING pc=0x000001dc2f533498 sp=0x00000014acdff650
Event: 235.832 Thread 0x000001dc1fd79790 DEOPT UNPACKING pc=0x000001dc2ed3a1a3 sp=0x00000014acdff610 mode 2

Classes unloaded (0 events):
No events

Classes redefined (0 events):
No events

Internal exceptions (7 events):
Event: 0.281 Thread 0x000001dc1fd79790 Exception <a 'java/lang/NoSuchMethodError'{0x00000007152b5768}: 'int java.lang.invoke.DirectMethodHandle$Holder.invokeStaticInit(java.lang.Object, java.lang.Object, java.lang.Object, java.lang.Object)'> (0x00000007152b5768) 
thrown [s\src\hotspot\share\interpreter\linkResolver.cpp, line 759]
Event: 0.285 Thread 0x000001dc1fd79790 Exception <a 'java/lang/NoSuchMethodError'{0x00000007152c0478}: 'java.lang.Object java.lang.invoke.DirectMethodHandle$Holder.invokeInterface(java.lang.Object, java.lang.Object)'> (0x00000007152c0478) 
thrown [s\src\hotspot\share\interpreter\linkResolver.cpp, line 759]
Event: 0.285 Thread 0x000001dc1fd79790 Exception <a 'java/lang/IncompatibleClassChangeError'{0x00000007152c3b90}: Found class java.lang.Object, but interface was expected> (0x00000007152c3b90) 
thrown [s\src\hotspot\share\interpreter\linkResolver.cpp, line 826]
Event: 0.286 Thread 0x000001dc1fd79790 Exception <a 'java/lang/NoSuchMethodError'{0x00000007152c6d38}: 'void java.lang.invoke.DirectMethodHandle$Holder.invokeStatic(java.lang.Object, java.lang.Object)'> (0x00000007152c6d38) 
thrown [s\src\hotspot\share\interpreter\linkResolver.cpp, line 759]
Event: 0.287 Thread 0x000001dc1fd79790 Exception <a 'java/lang/NoSuchMethodError'{0x00000007152ca3a8}: 'void java.lang.invoke.DirectMethodHandle$Holder.invokeStaticInit(java.lang.Object, java.lang.Object)'> (0x00000007152ca3a8) 
thrown [s\src\hotspot\share\interpreter\linkResolver.cpp, line 759]
Event: 0.290 Thread 0x000001dc1fd79790 Exception <a 'java/lang/NoSuchMethodError'{0x00000007152d0af0}: 'int java.lang.invoke.DirectMethodHandle$Holder.invokeStaticInit(java.lang.Object, java.lang.Object)'> (0x00000007152d0af0) 
thrown [s\src\hotspot\share\interpreter\linkResolver.cpp, line 759]
Event: 1.081 Thread 0x000001dc1fd79790 Exception <a 'java/lang/NoSuchMethodError'{0x0000000714196940}: 'java.lang.Object java.lang.invoke.DirectMethodHandle$Holder.invokeStatic(java.lang.Object, int, java.lang.Object)'> (0x0000000714196940) 
thrown [s\src\hotspot\share\interpreter\linkResolver.cpp, line 759]

VM Operations (20 events):
Event: 60.115 Executing VM operation: HandshakeAllThreads
Event: 60.115 Executing VM operation: HandshakeAllThreads done
Event: 72.118 Executing VM operation: Cleanup
Event: 72.118 Executing VM operation: Cleanup done
Event: 111.778 Executing VM operation: G1CollectForAllocation
Event: 111.923 Executing VM operation: G1CollectForAllocation done
Event: 112.923 Executing VM operation: Cleanup
Event: 112.923 Executing VM operation: Cleanup done
Event: 120.252 Executing VM operation: HandshakeAllThreads
Event: 120.252 Executing VM operation: HandshakeAllThreads done
Event: 127.532 Executing VM operation: G1CollectForAllocation
Event: 127.549 Executing VM operation: G1CollectForAllocation done
Event: 156.300 Executing VM operation: G1CollectForAllocation
Event: 156.338 Executing VM operation: G1CollectForAllocation done
Event: 180.375 Executing VM operation: HandshakeAllThreads
Event: 180.375 Executing VM operation: HandshakeAllThreads done
Event: 185.732 Executing VM operation: G1CollectForAllocation
Event: 185.771 Executing VM operation: G1CollectForAllocation done
Event: 209.782 Executing VM operation: Cleanup
Event: 209.782 Executing VM operation: Cleanup done

Events (20 events):
Event: 1.084 loading class java/util/concurrent/TimeUnit$1
Event: 1.085 loading class java/util/concurrent/TimeUnit$1 done
Event: 1.154 loading class java/lang/NumberFormatException
Event: 1.155 loading class java/lang/NumberFormatException done
Event: 1.156 Thread 0x000001dc8b73ee80 Thread added: 0x000001dc8b73ee80
Event: 2.688 Thread 0x000001dc8a310d00 Thread exited: 0x000001dc8a310d00
Event: 2.688 Thread 0x000001dc8a3107e0 Thread exited: 0x000001dc8a3107e0
Event: 2.688 Thread 0x000001dc8a451380 Thread exited: 0x000001dc8a451380
Event: 2.688 Thread 0x000001dc439dc8b0 Thread exited: 0x000001dc439dc8b0
Event: 2.688 Thread 0x000001dc891a3ea0 Thread exited: 0x000001dc891a3ea0
Event: 2.805 loading class jdk/internal/math/FDBigInteger
Event: 2.806 loading class jdk/internal/math/FDBigInteger done
Event: 4.080 Thread 0x000001dc899c40a0 Thread exited: 0x000001dc899c40a0
Event: 4.179 Thread 0x000001dc436bd2f0 Thread exited: 0x000001dc436bd2f0
Event: 71.546 Thread 0x000001dc8bb15020 Thread added: 0x000001dc8bb15020
Event: 71.546 Thread 0x000001dc1da0ac60 Thread added: 0x000001dc1da0ac60
Event: 76.551 Thread 0x000001dc1da0ac60 Thread exited: 0x000001dc1da0ac60
Event: 77.012 Thread 0x000001dc8bb15020 Thread exited: 0x000001dc8bb15020
Event: 111.943 Thread 0x000001dc89daa200 Thread added: 0x000001dc89daa200
Event: 116.951 Thread 0x000001dc89daa200 Thread exited: 0x000001dc89daa200


Dynamic libraries:
0x00007ff7c49c0000 - 0x00007ff7c49ce000 	C:\Users\luczu\.jdks\corretto-17.0.10\bin\java.exe
0x00007ff8331f0000 - 0x00007ff833406000 	C:\WINDOWS\SYSTEM32\ntdll.dll
0x00007ff832280000 - 0x00007ff832344000 	C:\WINDOWS\System32\KERNEL32.DLL
0x00007ff830900000 - 0x00007ff830ca6000 	C:\WINDOWS\System32\KERNELBASE.dll
0x00007ff8305b0000 - 0x00007ff8306c1000 	C:\WINDOWS\System32\ucrtbase.dll
0x00007ff800840000 - 0x00007ff800857000 	C:\Users\luczu\.jdks\corretto-17.0.10\bin\jli.dll
0x00007ff800820000 - 0x00007ff80083b000 	C:\Users\luczu\.jdks\corretto-17.0.10\bin\VCRUNTIME140.dll
0x00007ff831160000 - 0x00007ff83130d000 	C:\WINDOWS\System32\USER32.dll
0x00007ff830cb0000 - 0x00007ff830cd6000 	C:\WINDOWS\System32\win32u.dll
0x00007ff8310d0000 - 0x00007ff8310f9000 	C:\WINDOWS\System32\GDI32.dll
0x00007ff80dc30000 - 0x00007ff80dec3000 	C:\WINDOWS\WinSxS\amd64_microsoft.windows.common-controls_6595b64144ccf1df_6.0.22621.3235_none_270f74e173860f98\COMCTL32.dll
0x00007ff830740000 - 0x00007ff830858000 	C:\WINDOWS\System32\gdi32full.dll
0x00007ff8324f0000 - 0x00007ff832597000 	C:\WINDOWS\System32\msvcrt.dll
0x00007ff830860000 - 0x00007ff8308fa000 	C:\WINDOWS\System32\msvcp_win.dll
0x00007ff832a70000 - 0x00007ff832aa1000 	C:\WINDOWS\System32\IMM32.DLL
0x00007ff800bd0000 - 0x00007ff800bdc000 	C:\Users\luczu\.jdks\corretto-17.0.10\bin\vcruntime140_1.dll
0x00007ff8003e0000 - 0x00007ff80046d000 	C:\Users\luczu\.jdks\corretto-17.0.10\bin\msvcp140.dll
0x00007fff1def0000 - 0x00007fff1eb52000 	C:\Users\luczu\.jdks\corretto-17.0.10\bin\server\jvm.dll
0x00007ff832140000 - 0x00007ff8321f2000 	C:\WINDOWS\System32\ADVAPI32.dll
0x00007ff832430000 - 0x00007ff8324d8000 	C:\WINDOWS\System32\sechost.dll
0x00007ff830da0000 - 0x00007ff830dc8000 	C:\WINDOWS\System32\bcrypt.dll
0x00007ff831ba0000 - 0x00007ff831cb5000 	C:\WINDOWS\System32\RPCRT4.dll
0x00007fff504f0000 - 0x00007fff504f9000 	C:\WINDOWS\SYSTEM32\WSOCK32.dll
0x00007ff82f3c0000 - 0x00007ff82f40d000 	C:\WINDOWS\SYSTEM32\POWRPROF.dll
0x00007ff8264e0000 - 0x00007ff826514000 	C:\WINDOWS\SYSTEM32\WINMM.dll
0x00007ff832200000 - 0x00007ff832271000 	C:\WINDOWS\System32\WS2_32.dll
0x00007ff826730000 - 0x00007ff82673a000 	C:\WINDOWS\SYSTEM32\VERSION.dll
0x00007ff82f3a0000 - 0x00007ff82f3b3000 	C:\WINDOWS\SYSTEM32\UMPDC.dll
0x00007ff82f660000 - 0x00007ff82f678000 	C:\WINDOWS\SYSTEM32\kernel.appcore.dll
0x00007ff800a20000 - 0x00007ff800a2a000 	C:\Users\luczu\.jdks\corretto-17.0.10\bin\jimage.dll
0x00007ff82dcd0000 - 0x00007ff82df03000 	C:\WINDOWS\SYSTEM32\DBGHELP.DLL
0x00007ff832be0000 - 0x00007ff832f68000 	C:\WINDOWS\System32\combase.dll
0x00007ff832350000 - 0x00007ff832427000 	C:\WINDOWS\System32\OLEAUT32.dll
0x00007ff820210000 - 0x00007ff820242000 	C:\WINDOWS\SYSTEM32\dbgcore.DLL
0x00007ff830530000 - 0x00007ff8305aa000 	C:\WINDOWS\System32\bcryptPrimitives.dll
0x00007ff8003b0000 - 0x00007ff8003d5000 	C:\Users\luczu\.jdks\corretto-17.0.10\bin\java.dll
0x00007ffff0d60000 - 0x00007ffff0e37000 	C:\Users\luczu\.jdks\corretto-17.0.10\bin\jsvml.dll
0x00007ff831310000 - 0x00007ff831b6d000 	C:\WINDOWS\System32\SHELL32.dll
0x00007ff82e450000 - 0x00007ff82ed48000 	C:\WINDOWS\SYSTEM32\windows.storage.dll
0x00007ff82e310000 - 0x00007ff82e44e000 	C:\WINDOWS\SYSTEM32\wintypes.dll
0x00007ff832970000 - 0x00007ff832a63000 	C:\WINDOWS\System32\SHCORE.dll
0x00007ff8325a0000 - 0x00007ff8325fe000 	C:\WINDOWS\System32\shlwapi.dll
0x00007ff830460000 - 0x00007ff830486000 	C:\WINDOWS\SYSTEM32\profapi.dll
0x00007ff800390000 - 0x00007ff8003a9000 	C:\Users\luczu\.jdks\corretto-17.0.10\bin\net.dll
0x00007ff826fd0000 - 0x00007ff827107000 	C:\WINDOWS\SYSTEM32\WINHTTP.dll
0x00007ff82fae0000 - 0x00007ff82fb49000 	C:\WINDOWS\system32\mswsock.dll
0x00007ff800370000 - 0x00007ff800386000 	C:\Users\luczu\.jdks\corretto-17.0.10\bin\nio.dll
0x00007ff800350000 - 0x00007ff800368000 	C:\Users\luczu\.jdks\corretto-17.0.10\bin\zip.dll
0x000001dc1dd10000 - 0x000001dc1dd13000 	C:\Program Files (x86)\Windows Kits\10\Redist\ucrt\DLLs\x64\api-ms-win-crt-locale-l1-1-0.dll
0x000001dc1dd20000 - 0x000001dc1dd24000 	C:\Program Files (x86)\Windows Kits\10\Redist\ucrt\DLLs\x64\api-ms-win-crt-string-l1-1-0.dll
0x000001dc1dd30000 - 0x000001dc1dd34000 	C:\Program Files (x86)\Windows Kits\10\Redist\ucrt\DLLs\x64\api-ms-win-crt-stdio-l1-1-0.dll
0x000001dc1dd40000 - 0x000001dc1dd45000 	C:\Program Files (x86)\Windows Kits\10\Redist\ucrt\DLLs\x64\api-ms-win-crt-math-l1-1-0.dll
0x000001dc1dd50000 - 0x000001dc1dd53000 	C:\Program Files (x86)\Windows Kits\10\Redist\ucrt\DLLs\x64\api-ms-win-crt-heap-l1-1-0.dll
0x000001dc1dd60000 - 0x000001dc1dd64000 	C:\Program Files (x86)\Windows Kits\10\Redist\ucrt\DLLs\x64\api-ms-win-crt-runtime-l1-1-0.dll
0x000001dc1dd70000 - 0x000001dc1dd74000 	C:\Program Files (x86)\Windows Kits\10\Redist\ucrt\DLLs\x64\api-ms-win-crt-convert-l1-1-0.dll
0x000001dc1fd20000 - 0x000001dc1fd23000 	C:\Program Files (x86)\Windows Kits\10\Redist\ucrt\DLLs\x64\api-ms-win-crt-environment-l1-1-0.dll
0x000001dc43b10000 - 0x000001dc43b13000 	C:\Program Files (x86)\Windows Kits\10\Redist\ucrt\DLLs\x64\api-ms-win-crt-time-l1-1-0.dll
0x000001dc43b20000 - 0x000001dc43b23000 	C:\Program Files (x86)\Windows Kits\10\Redist\ucrt\DLLs\x64\api-ms-win-crt-filesystem-l1-1-0.dll
0x000001dc43b30000 - 0x000001dc43b33000 	C:\Program Files (x86)\Windows Kits\10\Redist\ucrt\DLLs\x64\api-ms-win-crt-utility-l1-1-0.dll
0x000001dc43b40000 - 0x000001dc43b45000 	C:\Program Files (x86)\Windows Kits\10\Redist\ucrt\DLLs\x64\api-ms-win-crt-multibyte-l1-1-0.dll
0x000001dc43b50000 - 0x000001dc43b53000 	C:\Program Files (x86)\Windows Kits\10\Redist\ucrt\DLLs\x64\api-ms-win-crt-conio-l1-1-0.dll
0x000001dc43b60000 - 0x000001dc43b6f000 	C:\Program Files (x86)\Windows Kits\10\Redist\ucrt\DLLs\x64\api-ms-win-crt-private-l1-1-0.dll
0x000001dc43b70000 - 0x000001dc43b73000 	C:\Program Files (x86)\Windows Kits\10\Redist\ucrt\DLLs\x64\api-ms-win-crt-process-l1-1-0.dll
0x000001dc43b80000 - 0x000001dc43b83000 	C:\Program Files\Microsoft\jdk-11.0.12.7-hotspot\bin\api-ms-win-core-console-l1-2-0.dll
0x000001dc43b90000 - 0x000001dc43b93000 	C:\Program Files (x86)\Windows Kits\10\Redist\ucrt\DLLs\x64\api-ms-win-core-string-l1-1-0.dll
0x000001dc43ba0000 - 0x000001dc43ba3000 	C:\Program Files (x86)\Windows Kits\10\Redist\ucrt\DLLs\x64\api-ms-win-core-errorhandling-l1-1-0.dll
0x000001dc43bb0000 - 0x000001dc43bb3000 	C:\Program Files (x86)\Windows Kits\10\Redist\ucrt\DLLs\x64\api-ms-win-core-timezone-l1-1-0.dll
0x000001dc43bc0000 - 0x000001dc43bc4000 	C:\Program Files (x86)\Windows Kits\10\Redist\ucrt\DLLs\x64\api-ms-win-core-file-l1-1-0.dll
0x000001dc43bd0000 - 0x000001dc43bd3000 	C:\Program Files (x86)\Windows Kits\10\Redist\ucrt\DLLs\x64\api-ms-win-core-namedpipe-l1-1-0.dll
0x000001dc43be0000 - 0x000001dc43be3000 	C:\Program Files (x86)\Windows Kits\10\Redist\ucrt\DLLs\x64\api-ms-win-core-handle-l1-1-0.dll
0x000001dc43bf0000 - 0x000001dc43bf3000 	C:\Program Files (x86)\Windows Kits\10\Redist\ucrt\DLLs\x64\api-ms-win-core-file-l2-1-0.dll
0x000001dc43c00000 - 0x000001dc43c03000 	C:\Program Files (x86)\Windows Kits\10\Redist\ucrt\DLLs\x64\api-ms-win-core-heap-l1-1-0.dll
0x000001dc43c10000 - 0x000001dc43c13000 	C:\Program Files (x86)\Windows Kits\10\Redist\ucrt\DLLs\x64\api-ms-win-core-libraryloader-l1-1-0.dll
0x000001dc43c20000 - 0x000001dc43c23000 	C:\Program Files (x86)\Windows Kits\10\Redist\ucrt\DLLs\x64\api-ms-win-core-synch-l1-1-0.dll
0x000001dc43c30000 - 0x000001dc43c33000 	C:\Program Files (x86)\Windows Kits\10\Redist\ucrt\DLLs\x64\api-ms-win-core-processthreads-l1-1-0.dll
0x000001dc43c40000 - 0x000001dc43c43000 	C:\Program Files (x86)\Windows Kits\10\Redist\ucrt\DLLs\x64\api-ms-win-core-processenvironment-l1-1-0.dll
0x000001dc43c50000 - 0x000001dc43c53000 	C:\Program Files (x86)\Windows Kits\10\Redist\ucrt\DLLs\x64\api-ms-win-core-datetime-l1-1-0.dll
0x000001dc43c60000 - 0x000001dc43c63000 	C:\Program Files (x86)\Windows Kits\10\Redist\ucrt\DLLs\x64\api-ms-win-core-localization-l1-2-0.dll
0x000001dc43c70000 - 0x000001dc43c73000 	C:\Program Files (x86)\Windows Kits\10\Redist\ucrt\DLLs\x64\api-ms-win-core-sysinfo-l1-1-0.dll
0x000001dc43c80000 - 0x000001dc43c83000 	C:\Program Files (x86)\Windows Kits\10\Redist\ucrt\DLLs\x64\api-ms-win-core-synch-l1-2-0.dll
0x000001dc43c90000 - 0x000001dc43c93000 	C:\Program Files (x86)\Windows Kits\10\Redist\ucrt\DLLs\x64\api-ms-win-core-console-l1-1-0.dll
0x000001dc43ca0000 - 0x000001dc43ca3000 	C:\Program Files (x86)\Windows Kits\10\Redist\ucrt\DLLs\x64\api-ms-win-core-debug-l1-1-0.dll
0x000001dc43cb0000 - 0x000001dc43cb3000 	C:\Program Files (x86)\Windows Kits\10\Redist\ucrt\DLLs\x64\api-ms-win-core-rtlsupport-l1-1-0.dll
0x000001dc43cc0000 - 0x000001dc43cc3000 	C:\Program Files (x86)\Windows Kits\10\Redist\ucrt\DLLs\x64\api-ms-win-core-processthreads-l1-1-1.dll
0x000001dc43cd0000 - 0x000001dc43cd3000 	C:\Program Files (x86)\Windows Kits\10\Redist\ucrt\DLLs\x64\api-ms-win-core-file-l1-2-0.dll
0x000001dc43ce0000 - 0x000001dc43ce3000 	C:\Program Files (x86)\Windows Kits\10\Redist\ucrt\DLLs\x64\api-ms-win-core-profile-l1-1-0.dll
0x000001dc43cf0000 - 0x000001dc43cf3000 	C:\Program Files (x86)\Windows Kits\10\Redist\ucrt\DLLs\x64\api-ms-win-core-memory-l1-1-0.dll
0x000001dc43d00000 - 0x000001dc43d03000 	C:\Program Files (x86)\Windows Kits\10\Redist\ucrt\DLLs\x64\api-ms-win-core-util-l1-1-0.dll
0x000001dc43d10000 - 0x000001dc43d13000 	C:\Program Files (x86)\Windows Kits\10\Redist\ucrt\DLLs\x64\api-ms-win-core-interlocked-l1-1-0.dll
0x00007fff27f70000 - 0x00007fff28062000 	C:\Program Files (x86)\Windows Kits\10\Redist\ucrt\DLLs\x64\ucrtbase.dll
0x00007ff800ce0000 - 0x00007ff800ce9000 	C:\Windows\System32\msvcp140_1.dll
0x00007ff800c90000 - 0x00007ff800cdd000 	C:\Windows\System32\concrt140.dll
0x00007ff800c50000 - 0x00007ff800c81000 	C:\Windows\System32\vcomp140.dll
0x00007ff806050000 - 0x00007ff806150000 	C:\Windows\System32\opengl32.dll
0x00007ff8068c0000 - 0x00007ff8068ed000 	C:\WINDOWS\SYSTEM32\GLU32.dll
0x00007ff82d790000 - 0x00007ff82d7c9000 	C:\WINDOWS\SYSTEM32\dxcore.dll
0x00007fff27ba0000 - 0x00007fff27dbd000 	C:\Users\luczu\.javacpp\cache\jaylib-4.5.0-0.jar\com\raylib\windows-x86_64\jniRaylib.dll
0x00007fff6ed50000 - 0x00007fff6ed96000 	C:\WINDOWS\SYSTEM32\dinput8.dll
0x00007fffce710000 - 0x00007fffce721000 	C:\WINDOWS\SYSTEM32\xinput1_4.dll
0x00007ff830220000 - 0x00007ff83026e000 	C:\WINDOWS\SYSTEM32\cfgmgr32.dll
0x00007ff8301f0000 - 0x00007ff83021c000 	C:\WINDOWS\SYSTEM32\DEVOBJ.dll
0x00007ff82d8e0000 - 0x00007ff82d90b000 	C:\WINDOWS\SYSTEM32\dwmapi.dll
0x00007ff80e5a0000 - 0x00007ff80e7aa000 	C:\WINDOWS\SYSTEM32\inputhost.dll
0x00007ff82aa00000 - 0x00007ff82ab34000 	C:\WINDOWS\SYSTEM32\CoreMessaging.dll
0x00007ff82ae80000 - 0x00007ff82af2b000 	C:\WINDOWS\system32\uxtheme.dll
0x00007ff82fd50000 - 0x00007ff82fd5c000 	C:\WINDOWS\SYSTEM32\CRYPTBASE.DLL
0x00007ff832600000 - 0x00007ff832754000 	C:\WINDOWS\System32\MSCTF.dll
0x00007ff82ed50000 - 0x00007ff82ed5e000 	C:\WINDOWS\SYSTEM32\HID.DLL
0x00007ff831cc0000 - 0x00007ff832134000 	C:\WINDOWS\System32\SETUPAPI.DLL
0x00007ff8306d0000 - 0x00007ff83073b000 	C:\WINDOWS\System32\WINTRUST.dll
0x00007ff830dd0000 - 0x00007ff830f36000 	C:\WINDOWS\System32\CRYPT32.dll
0x00007ff8301d0000 - 0x00007ff8301e2000 	C:\WINDOWS\SYSTEM32\MSASN1.dll
0x00007ff828090000 - 0x00007ff8280da000 	C:\WINDOWS\SYSTEM32\directxdatabasehelper.dll
0x00007ff830fd0000 - 0x00007ff831080000 	C:\WINDOWS\System32\clbcatq.dll
0x00007fff1aef0000 - 0x00007fff1dae0000 	C:\WINDOWS\System32\DriverStore\FileRepository\nvhm.inf_amd64_28ac5867493a0477\nvoglv64.dll
0x00007ff832760000 - 0x00007ff8328ff000 	C:\WINDOWS\System32\ole32.dll
0x00007ff82f410000 - 0x00007ff82f424000 	C:\WINDOWS\SYSTEM32\WTSAPI32.dll
0x00007ff822a70000 - 0x00007ff822aa2000 	C:\WINDOWS\SYSTEM32\cryptnet.dll
0x00007ff822f20000 - 0x00007ff823078000 	C:\WINDOWS\SYSTEM32\drvstore.dll
0x00007ff82fde0000 - 0x00007ff82fe2b000 	C:\WINDOWS\SYSTEM32\wldp.dll
0x00007ff831b80000 - 0x00007ff831b9f000 	C:\WINDOWS\System32\imagehlp.dll
0x00007ff82fd30000 - 0x00007ff82fd4b000 	C:\WINDOWS\SYSTEM32\CRYPTSP.dll
0x00007ff82f5c0000 - 0x00007ff82f5f5000 	C:\WINDOWS\system32\rsaenh.dll
0x00007ff82fb70000 - 0x00007ff82fb96000 	C:\WINDOWS\SYSTEM32\gpapi.dll
0x00007fffe5b80000 - 0x00007fffe7d6b000 	C:\WINDOWS\System32\DriverStore\FileRepository\nvhm.inf_amd64_28ac5867493a0477\nvgpucomp64.dll
0x00007ff82f680000 - 0x00007ff82f6b4000 	C:\WINDOWS\SYSTEM32\ntmarta.dll
0x00007fff6e800000 - 0x00007fff6eac3000 	C:\WINDOWS\system32\nvspcap64.dll
0x00007ff82efc0000 - 0x00007ff82f026000 	C:\WINDOWS\SYSTEM32\WINSTA.dll

dbghelp: loaded successfully - version: 4.0.5 - missing functions: none
symbol engine: initialized successfully - sym options: 0x614 - pdb path: .;C:\Users\luczu\.jdks\corretto-17.0.10\bin;C:\WINDOWS\SYSTEM32;C:\WINDOWS\WinSxS\amd64_microsoft.windows.common-controls_6595b64144ccf1df_6.0.22621.3235_none_270f74e173860f98;C:\Users\luczu\.jdks\corretto-17.0.10\bin\server;C:\Program Files (x86)\Windows Kits\10\Redist\ucrt\DLLs\x64;C:\Program Files\Microsoft\jdk-11.0.12.7-hotspot\bin;C:\Users\luczu\.javacpp\cache\jaylib-4.5.0-0.jar\com\raylib\windows-x86_64;C:\WINDOWS\System32\DriverStore\FileRepository\nvhm.inf_amd64_28ac5867493a0477;C:\WINDOWS\System32\DriverStore\FileRepository\iigd_dch.inf_amd64_0fdf6ce291234272

VM Arguments:
jvm_args: -Dfile.encoding=windows-1252 -Duser.country=NL -Duser.language=nl -Duser.variant 
java_command: PineVille.GameScene
java_class_path (initial): C:\Users\luczu\OneDrive\Documenten\PineVille\build\classes\java\main;C:\Users\luczu\OneDrive\Documenten\PineVille\build\resources\main;C:\Users\luczu\.gradle\caches\modules-2\files-2.1\uk.co.electronstudio.jaylib\jaylib\4.5.0-0\90c0d608df9bbd32f5f34683acc58cb433e94508\jaylib-4.5.0-0.jar
Launcher Type: SUN_STANDARD

[Global flags]
     intx CICompilerCount                          = 12                                        {product} {ergonomic}
     uint ConcGCThreads                            = 3                                         {product} {ergonomic}
     uint G1ConcRefinementThreads                  = 13                                        {product} {ergonomic}
   size_t G1HeapRegionSize                         = 2097152                                   {product} {ergonomic}
    uintx GCDrainStackTargetSize                   = 64                                        {product} {ergonomic}
   size_t InitialHeapSize                          = 264241152                                 {product} {ergonomic}
   size_t MarkStackSize                            = 4194304                                   {product} {ergonomic}
   size_t MaxHeapSize                              = 4200595456                                {product} {ergonomic}
   size_t MaxNewSize                               = 2518679552                                {product} {ergonomic}
   size_t MinHeapDeltaBytes                        = 2097152                                   {product} {ergonomic}
   size_t MinHeapSize                              = 8388608                                   {product} {ergonomic}
    uintx NonNMethodCodeHeapSize                   = 7602480                                {pd product} {ergonomic}
    uintx NonProfiledCodeHeapSize                  = 122027880                              {pd product} {ergonomic}
    uintx ProfiledCodeHeapSize                     = 122027880                              {pd product} {ergonomic}
    uintx ReservedCodeCacheSize                    = 251658240                              {pd product} {ergonomic}
     bool SegmentedCodeCache                       = true                                      {product} {ergonomic}
   size_t SoftMaxHeapSize                          = 4200595456                             {manageable} {ergonomic}
     bool UseCompressedClassPointers               = true                           {product lp64_product} {ergonomic}
     bool UseCompressedOops                        = true                           {product lp64_product} {ergonomic}
     bool UseG1GC                                  = true                                      {product} {ergonomic}
     bool UseLargePagesIndividualAllocation        = false                                  {pd product} {ergonomic}

Logging:
Log output configuration:
 #0: stdout all=warning uptime,level,tags
 #1: stderr all=off uptime,level,tags

Environment Variables:
PATH=C:\Program Files (x86)\Common Files\Intel\Shared Libraries\redist\intel64\compiler;C:\Program Files\Common Files\Oracle\Java\javapath;C:\Program Files\Microsoft\jdk-11.0.12.7-hotspot\bin;C:\windows\system32;C:\windows;C:\windows\System32\Wbem;C:\windows\System32\WindowsPowerShell\v1.0\;C:\windows\System32\OpenSSH\;C:\Program Files (x86)\NVIDIA Corporation\PhysX\Common;C:\Program Files\NVIDIA Corporation\NVIDIA NvDLISR;C:\Program Files\Microsoft SQL Server\150\Tools\Binn\;C:\Program Files\Microsoft SQL Server\Client SDK\ODBC\170\Tools\Binn\;C:\Program Files\dotnet\;C:\WINDOWS\system32;C:\WINDOWS;C:\WINDOWS\System32\Wbem;C:\WINDOWS\System32\WindowsPowerShell\v1.0\;C:\WINDOWS\System32\OpenSSH\;C:\Program Files\CMake\bin;C:\Program Files\Git\cmd;C:\Users\luczu\AppData\Local\Microsoft\WindowsApps;C:\Users\luczu\.dotnet\tools;C:\Users\luczu\AppData\Local\GitHubDesktop\bin;;C:\Users\luczu\AppData\Local\Programs\Microsoft VS Code\bin
USERNAME=luczu
OS=Windows_NT
PROCESSOR_IDENTIFIER=Intel64 Family 6 Model 141 Stepping 1, GenuineIntel
TMP=C:\Users\luczu\AppData\Local\Temp
TEMP=C:\Users\luczu\AppData\Local\Temp



Periodic native trim disabled


---------------  S Y S T E M  ---------------

OS:
 Windows 11 , 64 bit Build 22621 (10.0.22621.3235)
OS uptime: 0 days 0:36 hours
Hyper-V role detected

CPU: total 16 (initial active 16) (8 cores per cpu, 2 threads per core) family 6 model 141 stepping 1 microcode 0x4e, cx8, cmov, fxsr, ht, mmx, 3dnowpref, sse, sse2, sse3, ssse3, sse4.1, sse4.2, popcnt, lzcnt, tsc, tscinvbit, avx, avx2, aes, erms, clmul, bmi1, bmi2, adx, avx512f, avx512dq, avx512cd, avx512bw, avx512vl, sha, fma, vzeroupper, avx512_vpopcntdq, avx512_vpclmulqdq, avx512_vaes, avx512_vnni, clflush, clflushopt, clwb, avx512_vbmi2, avx512_vbmi, hv
Processor Information for all 16 processors :
  Max Mhz: 2304, Current Mhz: 2304, Mhz Limit: 2304

Memory: 4k page, system-wide physical 16021M (2435M free)
TotalPageFile size 32043M (AvailPageFile size 12067M)
current process WorkingSet (physical memory assigned to process): 219M, peak: 281M
current process commit charge ("private bytes"): 519M, peak: 628M

vm_info: OpenJDK 64-Bit Server VM (17.0.10+7-LTS) for windows-amd64 JRE (17.0.10+7-LTS), built on Jan 10 2024 22:11:07 by "Administrator" with MS VC++ 16.10 / 16.11 (VS2019)

END.
