#
# A fatal error has been detected by the Java Runtime Environment:
#
#  EXCEPTION_ACCESS_VIOLATION (0xc0000005) at pc=0x00007ffb2365f42b, pid=26752, tid=26496
#
# JRE version: OpenJDK Runtime Environment Corretto-17.0.10.7.1 (17.0.10+7) (build 17.0.10+7-LTS)
# Java VM: OpenJDK 64-Bit Server VM Corretto-17.0.10.7.1 (17.0.10+7-LTS, mixed mode, sharing, tiered, compressed oops, compressed class ptrs, g1 gc, windows-amd64)
# Problematic frame:
# C  [jniRaylib.dll+0xdf42b]
#
# No core dump will be written. Minidumps are not enabled by default on client versions of Windows
#
# If you would like to submit a bug report, please visit:
#   https://github.com/corretto/corretto-17/issues/
# The crash happened outside the Java Virtual Machine in native code.
# See problematic frame for where to report the bug.
#

---------------  S U M M A R Y ------------

Command Line: -Dfile.encoding=windows-1252 -Duser.country=NL -Duser.language=nl -Duser.variant PineVille.GameScene

Host: 11th Gen Intel(R) Core(TM) i7-11800H @ 2.30GHz, 16 cores, 15G,  Windows 11 , 64 bit Build 22621 (10.0.22621.2506)
Time: Thu Feb 15 09:40:26 2024 West-Europa (standaardtijd) elapsed time: 9.677487 seconds (0d 0h 0m 9s)

---------------  T H R E A D  ---------------

Current thread (0x0000014b9a3fbb80):  JavaThread "main" [_thread_in_native, id=26496, stack(0x000000110ad00000,0x000000110ae00000)]

Stack: [0x000000110ad00000,0x000000110ae00000],  sp=0x000000110adff1d0,  free space=1020k
Native frames: (J=compiled Java code, j=interpreted, Vv=VM code, C=native code)
C  [jniRaylib.dll+0xdf42b]

Java frames: (J=compiled Java code, j=interpreted, Vv=VM code)
J 846  com.raylib.Raylib.DrawTexturePro(Lcom/raylib/Raylib$Texture;Lcom/raylib/Raylib$Rectangle;Lcom/raylib/Raylib$Rectangle;Lcom/raylib/Raylib$Vector2;FLcom/raylib/Raylib$Color;)V (0 bytes) @ 0x0000014ba9b334e2 [0x0000014ba9b33420+0x00000000000000c2]
j  PineVille.GameScene.main([Ljava/lang/String;)V+405
v  ~StubRoutines::call_stub

siginfo: EXCEPTION_ACCESS_VIOLATION (0xc0000005), writing address 0x0000014b8c3e3010


Registers:
RAX=0x0000014b8c3e3010, RBX=0x000000110adff370, RCX=0x0000000000000000, RDX=0x0000014b8c372220
RSP=0x000000110adff1d0, RBP=0x000000110adff430, RSI=0x0000000000000004, RDI=0x000000110adff360
R8 =0x0000000000000000, R9 =0x0000000000000000, R10=0x00007ffb016dde20, R11=0x0000000000000004
R12=0x0000014bff3b02a0, R13=0x0000000000000000, R14=0x0000014b844c52d0, R15=0x0000014b85775790
RIP=0x00007ffb2365f42b, EFLAGS=0x0000000000010246


Register to memory mapping:

RIP=0x00007ffb2365f42b jniRaylib.dll
RAX=0x0000014b8c3e3010 is an unknown value
RBX=0x000000110adff370 is pointing into the stack for thread: 0x0000014b9a3fbb80
RCX=0x0 is NULL
RDX=0x0000014b8c372220 points into unknown readable memory: 0x0000000000002000 | 00 20 00 00 00 00 00 00
RSP=0x000000110adff1d0 is pointing into the stack for thread: 0x0000014b9a3fbb80
RBP=0x000000110adff430 is pointing into the stack for thread: 0x0000014b9a3fbb80
RSI=0x0000000000000004 is an unknown value
RDI=0x000000110adff360 is pointing into the stack for thread: 0x0000014b9a3fbb80
R8 =0x0 is NULL
R9 =0x0 is NULL
R10=0x00007ffb016dde20 jvm.dll
R11=0x0000000000000004 is an unknown value
R12=0x0000014bff3b02a0 points into unknown readable memory: 0x0000002000000004 | 04 00 00 00 20 00 00 00
R13=0x0 is NULL
R14=0x0000014b844c52d0 points into unknown readable memory: 0x0000014bffffffff | ff ff ff ff 4b 01 00 00
R15=0x0000014b85775790 points into unknown readable memory: 0x0000000000000000 | 00 00 00 00 00 00 00 00


Top of Stack: (sp=0x000000110adff1d0)
0x000000110adff1d0:   00005da5e99b1029 00007ffc0000000e
0x000000110adff1e0:   000000110adff560 0000000000000000
0x000000110adff1f0:   0000000043640000 0000000000000000
0x000000110adff200:   0000000000000000 0000000000000000
0x000000110adff210:   0000000000000000 0000000000000000
0x000000110adff220:   000000110adff370 00007ffb23628749
0x000000110adff230:   0000014bff14eca0 000000110adff280
0x000000110adff240:   0000014b9a3fbb80 000000110adff290
0x000000110adff250:   4200000043640000 42c8000043640000
0x000000110adff260:   0000014b9a3fbb80 0000000000000000
0x000000110adff270:   0000000000000000 0000000000000000
0x000000110adff280:   0000000000000000 0000000000000000
0x000000110adff290:   0000000000000000 0000000000000000
0x000000110adff2a0:   0000000000000000 0000000000000000
0x000000110adff2b0:   0000000000000000 0000000000000000
0x000000110adff2c0:   0000000000000000 0000000000000000
0x000000110adff2d0:   0000000000000000 0000000000000000
0x000000110adff2e0:   0000000000000000 0000000000000000
0x000000110adff2f0:   0000000000000000 0000000000000000
0x000000110adff300:   0000000000000000 0000000000000000
0x000000110adff310:   0000014b844974b0 0000014b844977f0
0x000000110adff320:   0000014b9a3fbe38 00007ffb235c2213
0x000000110adff330:   0000014b42c80000 000000110adff430
0x000000110adff340:   0000014b9a3fbe38 00007ffb23598b4b
0x000000110adff350:   0000000000000000 00000000ffffffff
0x000000110adff360:   42c8000042c80000 4300000043000000
0x000000110adff370:   0000000000000000 4200000042000000
0x000000110adff380:   0000002000000004 0000000100000020
0x000000110adff390:   0000014b00000007 0000014b804c2738
0x000000110adff3a0:   0000014b9a3fbb80 0000000000000000
0x000000110adff3b0:   0000000715235de8 0000000715473b90
0x000000110adff3c0:   0000014b80449b80 0000014ba9b33582 

Instructions: (pc=0x00007ffb2365f42b)
0x00007ffb2365f32b:   fa 01 75 0b 84 54 c1 f4 75 54 8d 4a 02 eb 43 83
0x00007ffb2365f33b:   fa 04 75 20 8b 4c c1 f4 b8 56 55 55 55 f7 e9 8b
0x00007ffb2365f34b:   c2 c1 e8 1f 03 d0 8d 04 52 3b c8 75 31 b9 04 00
0x00007ffb2365f35b:   00 00 eb 1e 83 fa 07 75 25 8b 44 c1 f4 25 03 00
0x00007ffb2365f36b:   00 80 7d 07 ff c8 83 c8 fc ff c0 85 c0 75 0f 8d
0x00007ffb2365f37b:   48 05 e8 7e a4 ff ff 4c 8b 05 27 2e 11 00 4d 63
0x00007ffb2365f38b:   48 04 4d 8b 40 08 8b 05 41 2e 11 00 49 c1 e1 06
0x00007ffb2365f39b:   8d 0c 40 4b 8b 44 01 08 48 63 d1 f3 0f 11 34 90
0x00007ffb2365f3ab:   48 8b 05 fe 2d 11 00 4c 63 48 04 4c 8b 40 08 8b
0x00007ffb2365f3bb:   05 18 2e 11 00 49 c1 e1 06 8d 0c 40 4b 8b 44 01
0x00007ffb2365f3cb:   08 48 63 d1 f3 0f 11 7c 90 04 48 8b 05 d4 2d 11
0x00007ffb2365f3db:   00 4c 63 48 04 4c 8b 40 08 8b 05 ee 2d 11 00 49
0x00007ffb2365f3eb:   c1 e1 06 8d 0c 40 4b 8b 44 01 08 48 63 d1 f3 44
0x00007ffb2365f3fb:   0f 11 44 90 08 48 8b 05 a9 2d 11 00 f3 0f 10 05
0x00007ffb2365f40b:   cd 2d 11 00 4c 63 40 04 48 8b 50 08 8b 05 bb 2d
0x00007ffb2365f41b:   11 00 03 c0 49 c1 e0 06 48 63 c8 49 8b 44 10 10
0x00007ffb2365f42b:   f3 0f 11 04 88 48 8b 05 79 2d 11 00 f3 0f 10 05
0x00007ffb2365f43b:   a1 2d 11 00 4c 63 40 04 48 8b 50 08 8b 05 8b 2d
0x00007ffb2365f44b:   11 00 03 c0 49 c1 e0 06 48 63 c8 49 8b 44 10 10
0x00007ffb2365f45b:   f3 0f 11 44 88 04 48 8b 05 48 2d 11 00 4c 63 40
0x00007ffb2365f46b:   04 48 8b 48 08 8b 05 62 2d 11 00 49 c1 e0 06 8d
0x00007ffb2365f47b:   04 85 00 00 00 00 49 8b 4c 08 18 48 63 d0 0f b6
0x00007ffb2365f48b:   05 60 2d 11 00 88 04 0a 48 8b 05 16 2d 11 00 4c
0x00007ffb2365f49b:   63 40 04 48 8b 48 08 8b 05 30 2d 11 00 49 c1 e0
0x00007ffb2365f4ab:   06 8d 04 85 00 00 00 00 49 8b 4c 08 18 48 63 d0
0x00007ffb2365f4bb:   0f b6 05 2f 2d 11 00 88 44 11 01 48 8b 05 e3 2c
0x00007ffb2365f4cb:   11 00 4c 63 40 04 48 8b 48 08 8b 05 fd 2c 11 00
0x00007ffb2365f4db:   49 c1 e0 06 8d 04 85 00 00 00 00 49 8b 4c 08 18
0x00007ffb2365f4eb:   48 63 d0 0f b6 05 fd 2c 11 00 88 44 11 02 48 8b
0x00007ffb2365f4fb:   05 b0 2c 11 00 4c 63 40 04 48 8b 48 08 8b 05 ca
0x00007ffb2365f50b:   2c 11 00 49 c1 e0 06 49 8b 4c 08 18 8d 04 85 00
0x00007ffb2365f51b:   00 00 00 0f 28 74 24 40 0f 28 7c 24 30 44 0f 28 


Stack slot to memory mapping:
stack at sp + 0 slots: 0x00005da5e99b1029 is an unknown value
stack at sp + 1 slots: 0x00007ffc0000000e is an unknown value
stack at sp + 2 slots: 0x000000110adff560 is pointing into the stack for thread: 0x0000014b9a3fbb80
stack at sp + 3 slots: 0x0 is NULL
stack at sp + 4 slots: 0x0000000043640000 is an unknown value
stack at sp + 5 slots: 0x0 is NULL
stack at sp + 6 slots: 0x0 is NULL
stack at sp + 7 slots: 0x0 is NULL


Compiled method (n/a)    9766  846     n 0       com.raylib.Raylib::DrawTexturePro (native)
 total in heap  [0x0000014ba9b33290,0x0000014ba9b336c0] = 1072
 relocation     [0x0000014ba9b333e8,0x0000014ba9b33418] = 48
 main code      [0x0000014ba9b33420,0x0000014ba9b336b8] = 664
 oops           [0x0000014ba9b336b8,0x0000014ba9b336c0] = 8

[Constant Pool (empty)]

[MachCode]
[Entry Point]
  # {method} {0x0000014b80449b88} 'DrawTexturePro' '(Lcom/raylib/Raylib$Texture;Lcom/raylib/Raylib$Rectangle;Lcom/raylib/Raylib$Rectangle;Lcom/raylib/Raylib$Vector2;FLcom/raylib/Raylib$Color;)V' in 'com/raylib/Raylib'
  # parm0:    rdx:rdx   = 'com/raylib/Raylib$Texture'
  # parm1:    r8:r8     = 'com/raylib/Raylib$Rectangle'
  # parm2:    r9:r9     = 'com/raylib/Raylib$Rectangle'
  # parm3:    rdi:rdi   = 'com/raylib/Raylib$Vector2'
  # parm4:    xmm0      = float
  # parm5:    rsi:rsi   = 'com/raylib/Raylib$Color'
  #           [sp+0x90]  (sp of caller)
  0x0000014ba9b33420: 448b 5208 | 49bb 0000 | 00be 4b01 | 0000 4d03 | d349 3bc2 | 0f84 0600 

  0x0000014ba9b33438: ;   {runtime_call ic_miss_stub}
  0x0000014ba9b33438: 0000 e941 | e187 ff90 
[Verified Entry Point]
  0x0000014ba9b33440: 8984 2400 | 90ff ff55 | 488b ec48 | 81ec 8000 | 0000 4889 | 7424 6048 | 83fe 0048 | 8d44 2460 
  0x0000014ba9b33460: 480f 4444 | 2460 4889 | 4424 38c5 | fa11 4424 | 3048 897c | 2458 4883 | ff00 488d | 4424 5848 
  0x0000014ba9b33480: 0f44 4424 | 5848 8944 | 2428 4c89 | 4c24 5049 | 83f9 0048 | 8d44 2450 | 480f 4444 | 2450 4889 
  0x0000014ba9b334a0: 4424 204c | 8944 2448 | 4983 f800 | 4c8d 4c24 | 484c 0f44 | 4c24 4848 | 8954 2440 | 4883 fa00 
  0x0000014ba9b334c0: 4c8d 4424 | 404c 0f44 

  0x0000014ba9b334c8: ;   {oop(a 'java/lang/Class'{0x0000000713e2df60} = 'com/raylib/Raylib')}
  0x0000014ba9b334c8: 4424 4049 | be60 dfe2 | 1307 0000 | 004c 8974 | 2470 4c8d | 7424 7049 | 8bd6 c5f8 

  0x0000014ba9b334e4: ;   {internal_word}
  0x0000014ba9b334e4: 7749 bae2 | 34b3 a94b | 0100 004d | 8997 a002 | 0000 4989 | a798 0200 

  0x0000014ba9b334fc: ;   {external_word}
  0x0000014ba9b334fc: 0049 ba79 | 356c 01fb | 7f00 0041 | 803a 000f | 8452 0000 | 0052 4150 

  0x0000014ba9b33514: ;   {metadata({method} {0x0000014b80449b88} 'DrawTexturePro' '(Lcom/raylib/Raylib$Texture;Lcom/raylib/Raylib$Rectangle;Lcom/raylib/Raylib$Rectangle;Lcom/raylib/Raylib$Vector2;FLcom/raylib/Raylib$Color;)V' in 'com/raylib/Raylib')}
  0x0000014ba9b33514: 4151 48ba | 809b 4480 | 4b01 0000 | 498b cf48 | 83ec 20f7 | c40f 0000 | 000f 841a | 0000 0048 
  0x0000014ba9b33534: ;   {runtime_call}
  0x0000014ba9b33534: 83ec 0849 | ba00 3022 | 01fb 7f00 | 0041 ffd2 | 4883 c408 | e90d 0000 

  0x0000014ba9b3354c: ;   {runtime_call}
  0x0000014ba9b3354c: 0049 ba00 | 3022 01fb | 7f00 0041 | ffd2 4883 | c420 4159 | 4158 5a49 | 8d8f b802 | 0000 41c7 
  0x0000014ba9b3356c: 8748 0300 | 0004 0000 

  0x0000014ba9b33574: ;   {runtime_call}
  0x0000014ba9b33574: 0049 ba10 | 205c 23fb | 7f00 0041 | ffd2 c5f8 | 7741 c787 | 4803 0000 | 0500 0000 | f083 4424 
  0x0000014ba9b33594: c000 493b | af50 0300 | 000f 8711 | 0000 0041 | 81bf 3803 | 0000 0000 | 0000 0f84 | 2400 0000 
  0x0000014ba9b335b4: c5f8 7749 | 8bcf 4c8b | e448 83ec | 2048 83e4 

  0x0000014ba9b335c4: ;   {runtime_call}
  0x0000014ba9b335c4: f049 ba90 | 4432 01fb | 7f00 0041 | ffd2 498b | e44d 33e4 | 41c7 8748 | 0300 0008 | 0000 0041 
  0x0000014ba9b335e4: 81bf b803 | 0000 0200 | 0000 0f84 | 9b00 0000 

  0x0000014ba9b335f4: ;   {external_word}
  0x0000014ba9b335f4: 49ba 7935 | 6c01 fb7f | 0000 4180 | 3a00 0f84 | 4800 0000 

  0x0000014ba9b33608: ;   {metadata({method} {0x0000014b80449b88} 'DrawTexturePro' '(Lcom/raylib/Raylib$Texture;Lcom/raylib/Raylib$Rectangle;Lcom/raylib/Raylib$Rectangle;Lcom/raylib/Raylib$Vector2;FLcom/raylib/Raylib$Color;)V' in 'com/raylib/Raylib')}
  0x0000014ba9b33608: 48ba 809b | 4480 4b01 | 0000 498b | cf48 83ec | 20f7 c40f | 0000 000f | 841a 0000 | 0048 83ec 
  0x0000014ba9b33628: ;   {runtime_call}
  0x0000014ba9b33628: 0849 ba00 | 3022 01fb | 7f00 0041 | ffd2 4883 | c408 e90d 

  0x0000014ba9b3363c: ;   {runtime_call}
  0x0000014ba9b3363c: 0000 0049 | ba00 3022 | 01fb 7f00 | 0041 ffd2 | 4883 c420 | 49c7 8798 | 0200 0000 | 0000 0049 
  0x0000014ba9b3365c: c787 a002 | 0000 0000 | 0000 c5f8 | 7749 8b8f | d800 0000 | c781 0001 | 0000 0000 | 0000 c949 
  0x0000014ba9b3367c: 817f 0800 | 0000 000f | 8501 0000 

  0x0000014ba9b33688: ;   {runtime_call StubRoutines (1)}
  0x0000014ba9b33688: 00c3 e971 | d882 ffc5 | f877 4c8b | e448 83ec | 2048 83e4 

  0x0000014ba9b3369c: ;   {runtime_call}
  0x0000014ba9b3369c: f049 ba80 | 6022 01fb | 7f00 0041 | ffd2 498b | e44d 33e4 | e93f ffff | fff4 f4f4 
[/MachCode]


---------------  P R O C E S S  ---------------

Threads class SMR info:
_java_thread_list=0x0000014b84e30880, length=15, elements={
0x0000014b9a3fbb80, 0x0000014bff0051d0, 0x0000014bff005d90, 0x0000014bff01dea0,
0x0000014bff01e970, 0x0000014bff023750, 0x0000014bff024110, 0x0000014bff02cec0,
0x0000014bff031dd0, 0x0000014bff03cfb0, 0x0000014bff15a060, 0x0000014bff15a8b0,
0x0000014bff16c2e0, 0x0000014bff171040, 0x0000014bff18ac10
}

Java Threads: ( => current thread )
=>0x0000014b9a3fbb80 JavaThread "main" [_thread_in_native, id=26496, stack(0x000000110ad00000,0x000000110ae00000)]
  0x0000014bff0051d0 JavaThread "Reference Handler" daemon [_thread_blocked, id=12340, stack(0x000000110b400000,0x000000110b500000)]
  0x0000014bff005d90 JavaThread "Finalizer" daemon [_thread_blocked, id=12968, stack(0x000000110b500000,0x000000110b600000)]
  0x0000014bff01dea0 JavaThread "Signal Dispatcher" daemon [_thread_blocked, id=21080, stack(0x000000110b600000,0x000000110b700000)]
  0x0000014bff01e970 JavaThread "Attach Listener" daemon [_thread_blocked, id=29968, stack(0x000000110b700000,0x000000110b800000)]
  0x0000014bff023750 JavaThread "Service Thread" daemon [_thread_blocked, id=6256, stack(0x000000110b800000,0x000000110b900000)]
  0x0000014bff024110 JavaThread "Monitor Deflation Thread" daemon [_thread_blocked, id=4588, stack(0x000000110b900000,0x000000110ba00000)]
  0x0000014bff02cec0 JavaThread "C2 CompilerThread0" daemon [_thread_blocked, id=11680, stack(0x000000110ba00000,0x000000110bb00000)]
  0x0000014bff031dd0 JavaThread "C1 CompilerThread0" daemon [_thread_blocked, id=24116, stack(0x000000110bb00000,0x000000110bc00000)]
  0x0000014bff03cfb0 JavaThread "Sweeper thread" daemon [_thread_blocked, id=1824, stack(0x000000110bc00000,0x000000110bd00000)]
  0x0000014bff15a060 JavaThread "C1 CompilerThread1" daemon [_thread_blocked, id=25072, stack(0x000000110bd00000,0x000000110be00000)]
  0x0000014bff15a8b0 JavaThread "C1 CompilerThread2" daemon [_thread_blocked, id=14988, stack(0x000000110be00000,0x000000110bf00000)]
  0x0000014bff16c2e0 JavaThread "Notification Thread" daemon [_thread_blocked, id=6808, stack(0x000000110bf00000,0x000000110c000000)]
  0x0000014bff171040 JavaThread "Common-Cleaner" daemon [_thread_blocked, id=18388, stack(0x000000110c100000,0x000000110c200000)]
  0x0000014bff18ac10 JavaThread "JavaCPP Deallocator" daemon [_thread_blocked, id=24460, stack(0x000000110c200000,0x000000110c300000)]

Other Threads:
  0x0000014bbdbed610 VMThread "VM Thread" [stack: 0x000000110b300000,0x000000110b400000] [id=16204]
  0x0000014bff16c7c0 WatcherThread [stack: 0x000000110c000000,0x000000110c100000] [id=3176]
  0x0000014b9a4670d0 GCTaskThread "GC Thread#0" [stack: 0x000000110ae00000,0x000000110af00000] [id=13316]
  0x0000014bffb25940 GCTaskThread "GC Thread#1" [stack: 0x000000110c500000,0x000000110c600000] [id=14168]
  0x0000014bff512510 GCTaskThread "GC Thread#2" [stack: 0x000000110c600000,0x000000110c700000] [id=16336]
  0x0000014b8544a160 GCTaskThread "GC Thread#3" [stack: 0x000000110c700000,0x000000110c800000] [id=7912]
  0x0000014b8552a520 GCTaskThread "GC Thread#4" [stack: 0x000000110c800000,0x000000110c900000] [id=30820]
  0x0000014b851cf360 GCTaskThread "GC Thread#5" [stack: 0x000000110c900000,0x000000110ca00000] [id=20452]
  0x0000014b9a477a70 ConcurrentGCThread "G1 Main Marker" [stack: 0x000000110af00000,0x000000110b000000] [id=5312]
  0x0000014b9a4794a0 ConcurrentGCThread "G1 Conc#0" [stack: 0x000000110b000000,0x000000110b100000] [id=8616]
  0x0000014bbdaa8d30 ConcurrentGCThread "G1 Refine#0" [stack: 0x000000110b100000,0x000000110b200000] [id=11676]
  0x0000014bbdaa9760 ConcurrentGCThread "G1 Service" [stack: 0x000000110b200000,0x000000110b300000] [id=3912]

Threads with active compile tasks:

VM state: not at safepoint (normal execution)

VM Mutex/Monitor currently owned by a thread: None

Heap address: 0x0000000705a00000, size: 4006 MB, Compressed Oops mode: Zero based, Oop shift amount: 3

CDS archive(s) mapped at: [0x0000014bbe000000-0x0000014bbebb0000-0x0000014bbebb0000), size 12255232, SharedBaseAddress: 0x0000014bbe000000, ArchiveRelocationMode: 1.
Compressed class space mapped at: 0x0000014bbf000000-0x0000014bff000000, reserved size: 1073741824
Narrow klass base: 0x0000014bbe000000, Narrow klass shift: 0, Narrow klass range: 0x100000000

GC Precious Log:
 CPUs: 16 total, 16 available
 Memory: 16021M
 Large Page Support: Disabled
 NUMA Support: Disabled
 Compressed Oops: Enabled (Zero based)
 Heap Region Size: 2M
 Heap Min Capacity: 8M
 Heap Initial Capacity: 252M
 Heap Max Capacity: 4006M
 Pre-touch: Disabled
 Parallel Workers: 13
 Concurrent Workers: 3
 Concurrent Refinement Workers: 13
 Periodic GC: Disabled

Heap:
 garbage-first heap   total 258048K, used 3642K [0x0000000705a00000, 0x0000000800000000)
  region size 2048K, 3 young (6144K), 1 survivors (2048K)
 Metaspace       used 2124K, committed 2304K, reserved 1114112K
  class space    used 179K, committed 256K, reserved 1048576K

Heap Regions: E=young(eden), S=young(survivor), O=old, HS=humongous(starts), HC=humongous(continues), CS=collection set, F=free, OA=open archive, CA=closed archive, TAMS=top-at-mark-start (previous, next)
|   0|0x0000000705a00000, 0x0000000705a00000, 0x0000000705c00000|  0%| F|  |TAMS 0x0000000705a00000, 0x0000000705a00000| Untracked 
|   1|0x0000000705c00000, 0x0000000705c00000, 0x0000000705e00000|  0%| F|  |TAMS 0x0000000705c00000, 0x0000000705c00000| Untracked 
|   2|0x0000000705e00000, 0x0000000705e00000, 0x0000000706000000|  0%| F|  |TAMS 0x0000000705e00000, 0x0000000705e00000| Untracked 
|   3|0x0000000706000000, 0x0000000706000000, 0x0000000706200000|  0%| F|  |TAMS 0x0000000706000000, 0x0000000706000000| Untracked 
|   4|0x0000000706200000, 0x0000000706200000, 0x0000000706400000|  0%| F|  |TAMS 0x0000000706200000, 0x0000000706200000| Untracked 
|   5|0x0000000706400000, 0x0000000706400000, 0x0000000706600000|  0%| F|  |TAMS 0x0000000706400000, 0x0000000706400000| Untracked 
|   6|0x0000000706600000, 0x0000000706600000, 0x0000000706800000|  0%| F|  |TAMS 0x0000000706600000, 0x0000000706600000| Untracked 
|   7|0x0000000706800000, 0x0000000706800000, 0x0000000706a00000|  0%| F|  |TAMS 0x0000000706800000, 0x0000000706800000| Untracked 
|   8|0x0000000706a00000, 0x0000000706a00000, 0x0000000706c00000|  0%| F|  |TAMS 0x0000000706a00000, 0x0000000706a00000| Untracked 
|   9|0x0000000706c00000, 0x0000000706c00000, 0x0000000706e00000|  0%| F|  |TAMS 0x0000000706c00000, 0x0000000706c00000| Untracked 
|  10|0x0000000706e00000, 0x0000000706e00000, 0x0000000707000000|  0%| F|  |TAMS 0x0000000706e00000, 0x0000000706e00000| Untracked 
|  11|0x0000000707000000, 0x0000000707000000, 0x0000000707200000|  0%| F|  |TAMS 0x0000000707000000, 0x0000000707000000| Untracked 
|  12|0x0000000707200000, 0x0000000707200000, 0x0000000707400000|  0%| F|  |TAMS 0x0000000707200000, 0x0000000707200000| Untracked 
|  13|0x0000000707400000, 0x0000000707400000, 0x0000000707600000|  0%| F|  |TAMS 0x0000000707400000, 0x0000000707400000| Untracked 
|  14|0x0000000707600000, 0x0000000707600000, 0x0000000707800000|  0%| F|  |TAMS 0x0000000707600000, 0x0000000707600000| Untracked 
|  15|0x0000000707800000, 0x0000000707800000, 0x0000000707a00000|  0%| F|  |TAMS 0x0000000707800000, 0x0000000707800000| Untracked 
|  16|0x0000000707a00000, 0x0000000707a00000, 0x0000000707c00000|  0%| F|  |TAMS 0x0000000707a00000, 0x0000000707a00000| Untracked 
|  17|0x0000000707c00000, 0x0000000707c00000, 0x0000000707e00000|  0%| F|  |TAMS 0x0000000707c00000, 0x0000000707c00000| Untracked 
|  18|0x0000000707e00000, 0x0000000707e00000, 0x0000000708000000|  0%| F|  |TAMS 0x0000000707e00000, 0x0000000707e00000| Untracked 
|  19|0x0000000708000000, 0x0000000708000000, 0x0000000708200000|  0%| F|  |TAMS 0x0000000708000000, 0x0000000708000000| Untracked 
|  20|0x0000000708200000, 0x0000000708200000, 0x0000000708400000|  0%| F|  |TAMS 0x0000000708200000, 0x0000000708200000| Untracked 
|  21|0x0000000708400000, 0x0000000708400000, 0x0000000708600000|  0%| F|  |TAMS 0x0000000708400000, 0x0000000708400000| Untracked 
|  22|0x0000000708600000, 0x0000000708600000, 0x0000000708800000|  0%| F|  |TAMS 0x0000000708600000, 0x0000000708600000| Untracked 
|  23|0x0000000708800000, 0x0000000708800000, 0x0000000708a00000|  0%| F|  |TAMS 0x0000000708800000, 0x0000000708800000| Untracked 
|  24|0x0000000708a00000, 0x0000000708a00000, 0x0000000708c00000|  0%| F|  |TAMS 0x0000000708a00000, 0x0000000708a00000| Untracked 
|  25|0x0000000708c00000, 0x0000000708c00000, 0x0000000708e00000|  0%| F|  |TAMS 0x0000000708c00000, 0x0000000708c00000| Untracked 
|  26|0x0000000708e00000, 0x0000000708e00000, 0x0000000709000000|  0%| F|  |TAMS 0x0000000708e00000, 0x0000000708e00000| Untracked 
|  27|0x0000000709000000, 0x0000000709000000, 0x0000000709200000|  0%| F|  |TAMS 0x0000000709000000, 0x0000000709000000| Untracked 
|  28|0x0000000709200000, 0x0000000709200000, 0x0000000709400000|  0%| F|  |TAMS 0x0000000709200000, 0x0000000709200000| Untracked 
|  29|0x0000000709400000, 0x0000000709400000, 0x0000000709600000|  0%| F|  |TAMS 0x0000000709400000, 0x0000000709400000| Untracked 
|  30|0x0000000709600000, 0x0000000709600000, 0x0000000709800000|  0%| F|  |TAMS 0x0000000709600000, 0x0000000709600000| Untracked 
|  31|0x0000000709800000, 0x0000000709800000, 0x0000000709a00000|  0%| F|  |TAMS 0x0000000709800000, 0x0000000709800000| Untracked 
|  32|0x0000000709a00000, 0x0000000709a00000, 0x0000000709c00000|  0%| F|  |TAMS 0x0000000709a00000, 0x0000000709a00000| Untracked 
|  33|0x0000000709c00000, 0x0000000709c00000, 0x0000000709e00000|  0%| F|  |TAMS 0x0000000709c00000, 0x0000000709c00000| Untracked 
|  34|0x0000000709e00000, 0x0000000709e00000, 0x000000070a000000|  0%| F|  |TAMS 0x0000000709e00000, 0x0000000709e00000| Untracked 
|  35|0x000000070a000000, 0x000000070a000000, 0x000000070a200000|  0%| F|  |TAMS 0x000000070a000000, 0x000000070a000000| Untracked 
|  36|0x000000070a200000, 0x000000070a200000, 0x000000070a400000|  0%| F|  |TAMS 0x000000070a200000, 0x000000070a200000| Untracked 
|  37|0x000000070a400000, 0x000000070a400000, 0x000000070a600000|  0%| F|  |TAMS 0x000000070a400000, 0x000000070a400000| Untracked 
|  38|0x000000070a600000, 0x000000070a600000, 0x000000070a800000|  0%| F|  |TAMS 0x000000070a600000, 0x000000070a600000| Untracked 
|  39|0x000000070a800000, 0x000000070a800000, 0x000000070aa00000|  0%| F|  |TAMS 0x000000070a800000, 0x000000070a800000| Untracked 
|  40|0x000000070aa00000, 0x000000070aa00000, 0x000000070ac00000|  0%| F|  |TAMS 0x000000070aa00000, 0x000000070aa00000| Untracked 
|  41|0x000000070ac00000, 0x000000070ac00000, 0x000000070ae00000|  0%| F|  |TAMS 0x000000070ac00000, 0x000000070ac00000| Untracked 
|  42|0x000000070ae00000, 0x000000070ae00000, 0x000000070b000000|  0%| F|  |TAMS 0x000000070ae00000, 0x000000070ae00000| Untracked 
|  43|0x000000070b000000, 0x000000070b000000, 0x000000070b200000|  0%| F|  |TAMS 0x000000070b000000, 0x000000070b000000| Untracked 
|  44|0x000000070b200000, 0x000000070b200000, 0x000000070b400000|  0%| F|  |TAMS 0x000000070b200000, 0x000000070b200000| Untracked 
|  45|0x000000070b400000, 0x000000070b400000, 0x000000070b600000|  0%| F|  |TAMS 0x000000070b400000, 0x000000070b400000| Untracked 
|  46|0x000000070b600000, 0x000000070b600000, 0x000000070b800000|  0%| F|  |TAMS 0x000000070b600000, 0x000000070b600000| Untracked 
|  47|0x000000070b800000, 0x000000070b800000, 0x000000070ba00000|  0%| F|  |TAMS 0x000000070b800000, 0x000000070b800000| Untracked 
|  48|0x000000070ba00000, 0x000000070ba00000, 0x000000070bc00000|  0%| F|  |TAMS 0x000000070ba00000, 0x000000070ba00000| Untracked 
|  49|0x000000070bc00000, 0x000000070bc00000, 0x000000070be00000|  0%| F|  |TAMS 0x000000070bc00000, 0x000000070bc00000| Untracked 
|  50|0x000000070be00000, 0x000000070be00000, 0x000000070c000000|  0%| F|  |TAMS 0x000000070be00000, 0x000000070be00000| Untracked 
|  51|0x000000070c000000, 0x000000070c000000, 0x000000070c200000|  0%| F|  |TAMS 0x000000070c000000, 0x000000070c000000| Untracked 
|  52|0x000000070c200000, 0x000000070c200000, 0x000000070c400000|  0%| F|  |TAMS 0x000000070c200000, 0x000000070c200000| Untracked 
|  53|0x000000070c400000, 0x000000070c400000, 0x000000070c600000|  0%| F|  |TAMS 0x000000070c400000, 0x000000070c400000| Untracked 
|  54|0x000000070c600000, 0x000000070c600000, 0x000000070c800000|  0%| F|  |TAMS 0x000000070c600000, 0x000000070c600000| Untracked 
|  55|0x000000070c800000, 0x000000070c800000, 0x000000070ca00000|  0%| F|  |TAMS 0x000000070c800000, 0x000000070c800000| Untracked 
|  56|0x000000070ca00000, 0x000000070ca00000, 0x000000070cc00000|  0%| F|  |TAMS 0x000000070ca00000, 0x000000070ca00000| Untracked 
|  57|0x000000070cc00000, 0x000000070cc00000, 0x000000070ce00000|  0%| F|  |TAMS 0x000000070cc00000, 0x000000070cc00000| Untracked 
|  58|0x000000070ce00000, 0x000000070ce00000, 0x000000070d000000|  0%| F|  |TAMS 0x000000070ce00000, 0x000000070ce00000| Untracked 
|  59|0x000000070d000000, 0x000000070d000000, 0x000000070d200000|  0%| F|  |TAMS 0x000000070d000000, 0x000000070d000000| Untracked 
|  60|0x000000070d200000, 0x000000070d200000, 0x000000070d400000|  0%| F|  |TAMS 0x000000070d200000, 0x000000070d200000| Untracked 
|  61|0x000000070d400000, 0x000000070d400000, 0x000000070d600000|  0%| F|  |TAMS 0x000000070d400000, 0x000000070d400000| Untracked 
|  62|0x000000070d600000, 0x000000070d600000, 0x000000070d800000|  0%| F|  |TAMS 0x000000070d600000, 0x000000070d600000| Untracked 
|  63|0x000000070d800000, 0x000000070d800000, 0x000000070da00000|  0%| F|  |TAMS 0x000000070d800000, 0x000000070d800000| Untracked 
|  64|0x000000070da00000, 0x000000070da00000, 0x000000070dc00000|  0%| F|  |TAMS 0x000000070da00000, 0x000000070da00000| Untracked 
|  65|0x000000070dc00000, 0x000000070dc00000, 0x000000070de00000|  0%| F|  |TAMS 0x000000070dc00000, 0x000000070dc00000| Untracked 
|  66|0x000000070de00000, 0x000000070de00000, 0x000000070e000000|  0%| F|  |TAMS 0x000000070de00000, 0x000000070de00000| Untracked 
|  67|0x000000070e000000, 0x000000070e000000, 0x000000070e200000|  0%| F|  |TAMS 0x000000070e000000, 0x000000070e000000| Untracked 
|  68|0x000000070e200000, 0x000000070e200000, 0x000000070e400000|  0%| F|  |TAMS 0x000000070e200000, 0x000000070e200000| Untracked 
|  69|0x000000070e400000, 0x000000070e400000, 0x000000070e600000|  0%| F|  |TAMS 0x000000070e400000, 0x000000070e400000| Untracked 
|  70|0x000000070e600000, 0x000000070e600000, 0x000000070e800000|  0%| F|  |TAMS 0x000000070e600000, 0x000000070e600000| Untracked 
|  71|0x000000070e800000, 0x000000070e800000, 0x000000070ea00000|  0%| F|  |TAMS 0x000000070e800000, 0x000000070e800000| Untracked 
|  72|0x000000070ea00000, 0x000000070ea00000, 0x000000070ec00000|  0%| F|  |TAMS 0x000000070ea00000, 0x000000070ea00000| Untracked 
|  73|0x000000070ec00000, 0x000000070ec00000, 0x000000070ee00000|  0%| F|  |TAMS 0x000000070ec00000, 0x000000070ec00000| Untracked 
|  74|0x000000070ee00000, 0x000000070ee00000, 0x000000070f000000|  0%| F|  |TAMS 0x000000070ee00000, 0x000000070ee00000| Untracked 
|  75|0x000000070f000000, 0x000000070f000000, 0x000000070f200000|  0%| F|  |TAMS 0x000000070f000000, 0x000000070f000000| Untracked 
|  76|0x000000070f200000, 0x000000070f200000, 0x000000070f400000|  0%| F|  |TAMS 0x000000070f200000, 0x000000070f200000| Untracked 
|  77|0x000000070f400000, 0x000000070f400000, 0x000000070f600000|  0%| F|  |TAMS 0x000000070f400000, 0x000000070f400000| Untracked 
|  78|0x000000070f600000, 0x000000070f600000, 0x000000070f800000|  0%| F|  |TAMS 0x000000070f600000, 0x000000070f600000| Untracked 
|  79|0x000000070f800000, 0x000000070f800000, 0x000000070fa00000|  0%| F|  |TAMS 0x000000070f800000, 0x000000070f800000| Untracked 
|  80|0x000000070fa00000, 0x000000070fa00000, 0x000000070fc00000|  0%| F|  |TAMS 0x000000070fa00000, 0x000000070fa00000| Untracked 
|  81|0x000000070fc00000, 0x000000070fc00000, 0x000000070fe00000|  0%| F|  |TAMS 0x000000070fc00000, 0x000000070fc00000| Untracked 
|  82|0x000000070fe00000, 0x000000070fe00000, 0x0000000710000000|  0%| F|  |TAMS 0x000000070fe00000, 0x000000070fe00000| Untracked 
|  83|0x0000000710000000, 0x0000000710000000, 0x0000000710200000|  0%| F|  |TAMS 0x0000000710000000, 0x0000000710000000| Untracked 
|  84|0x0000000710200000, 0x0000000710200000, 0x0000000710400000|  0%| F|  |TAMS 0x0000000710200000, 0x0000000710200000| Untracked 
|  85|0x0000000710400000, 0x0000000710400000, 0x0000000710600000|  0%| F|  |TAMS 0x0000000710400000, 0x0000000710400000| Untracked 
|  86|0x0000000710600000, 0x0000000710600000, 0x0000000710800000|  0%| F|  |TAMS 0x0000000710600000, 0x0000000710600000| Untracked 
|  87|0x0000000710800000, 0x0000000710800000, 0x0000000710a00000|  0%| F|  |TAMS 0x0000000710800000, 0x0000000710800000| Untracked 
|  88|0x0000000710a00000, 0x0000000710a00000, 0x0000000710c00000|  0%| F|  |TAMS 0x0000000710a00000, 0x0000000710a00000| Untracked 
|  89|0x0000000710c00000, 0x0000000710c00000, 0x0000000710e00000|  0%| F|  |TAMS 0x0000000710c00000, 0x0000000710c00000| Untracked 
|  90|0x0000000710e00000, 0x0000000710e00000, 0x0000000711000000|  0%| F|  |TAMS 0x0000000710e00000, 0x0000000710e00000| Untracked 
|  91|0x0000000711000000, 0x0000000711000000, 0x0000000711200000|  0%| F|  |TAMS 0x0000000711000000, 0x0000000711000000| Untracked 
|  92|0x0000000711200000, 0x0000000711200000, 0x0000000711400000|  0%| F|  |TAMS 0x0000000711200000, 0x0000000711200000| Untracked 
|  93|0x0000000711400000, 0x0000000711400000, 0x0000000711600000|  0%| F|  |TAMS 0x0000000711400000, 0x0000000711400000| Untracked 
|  94|0x0000000711600000, 0x0000000711600000, 0x0000000711800000|  0%| F|  |TAMS 0x0000000711600000, 0x0000000711600000| Untracked 
|  95|0x0000000711800000, 0x0000000711800000, 0x0000000711a00000|  0%| F|  |TAMS 0x0000000711800000, 0x0000000711800000| Untracked 
|  96|0x0000000711a00000, 0x0000000711a00000, 0x0000000711c00000|  0%| F|  |TAMS 0x0000000711a00000, 0x0000000711a00000| Untracked 
|  97|0x0000000711c00000, 0x0000000711c00000, 0x0000000711e00000|  0%| F|  |TAMS 0x0000000711c00000, 0x0000000711c00000| Untracked 
|  98|0x0000000711e00000, 0x0000000711e00000, 0x0000000712000000|  0%| F|  |TAMS 0x0000000711e00000, 0x0000000711e00000| Untracked 
|  99|0x0000000712000000, 0x0000000712000000, 0x0000000712200000|  0%| F|  |TAMS 0x0000000712000000, 0x0000000712000000| Untracked 
| 100|0x0000000712200000, 0x0000000712200000, 0x0000000712400000|  0%| F|  |TAMS 0x0000000712200000, 0x0000000712200000| Untracked 
| 101|0x0000000712400000, 0x0000000712400000, 0x0000000712600000|  0%| F|  |TAMS 0x0000000712400000, 0x0000000712400000| Untracked 
| 102|0x0000000712600000, 0x0000000712600000, 0x0000000712800000|  0%| F|  |TAMS 0x0000000712600000, 0x0000000712600000| Untracked 
| 103|0x0000000712800000, 0x0000000712800000, 0x0000000712a00000|  0%| F|  |TAMS 0x0000000712800000, 0x0000000712800000| Untracked 
| 104|0x0000000712a00000, 0x0000000712a00000, 0x0000000712c00000|  0%| F|  |TAMS 0x0000000712a00000, 0x0000000712a00000| Untracked 
| 105|0x0000000712c00000, 0x0000000712c00000, 0x0000000712e00000|  0%| F|  |TAMS 0x0000000712c00000, 0x0000000712c00000| Untracked 
| 106|0x0000000712e00000, 0x0000000712e00000, 0x0000000713000000|  0%| F|  |TAMS 0x0000000712e00000, 0x0000000712e00000| Untracked 
| 107|0x0000000713000000, 0x0000000713000000, 0x0000000713200000|  0%| F|  |TAMS 0x0000000713000000, 0x0000000713000000| Untracked 
| 108|0x0000000713200000, 0x0000000713200000, 0x0000000713400000|  0%| F|  |TAMS 0x0000000713200000, 0x0000000713200000| Untracked 
| 109|0x0000000713400000, 0x0000000713400000, 0x0000000713600000|  0%| F|  |TAMS 0x0000000713400000, 0x0000000713400000| Untracked 
| 110|0x0000000713600000, 0x0000000713600000, 0x0000000713800000|  0%| F|  |TAMS 0x0000000713600000, 0x0000000713600000| Untracked 
| 111|0x0000000713800000, 0x0000000713800000, 0x0000000713a00000|  0%| F|  |TAMS 0x0000000713800000, 0x0000000713800000| Untracked 
| 112|0x0000000713a00000, 0x0000000713a00000, 0x0000000713c00000|  0%| F|  |TAMS 0x0000000713a00000, 0x0000000713a00000| Untracked 
| 113|0x0000000713c00000, 0x0000000713c00000, 0x0000000713e00000|  0%| F|  |TAMS 0x0000000713c00000, 0x0000000713c00000| Untracked 
| 114|0x0000000713e00000, 0x0000000713f8ea30, 0x0000000714000000| 77%| S|CS|TAMS 0x0000000713e00000, 0x0000000713e00000| Complete 
| 115|0x0000000714000000, 0x0000000714000000, 0x0000000714200000|  0%| F|  |TAMS 0x0000000714000000, 0x0000000714000000| Untracked 
| 116|0x0000000714200000, 0x0000000714200000, 0x0000000714400000|  0%| F|  |TAMS 0x0000000714200000, 0x0000000714200000| Untracked 
| 117|0x0000000714400000, 0x0000000714400000, 0x0000000714600000|  0%| F|  |TAMS 0x0000000714400000, 0x0000000714400000| Untracked 
| 118|0x0000000714600000, 0x0000000714600000, 0x0000000714800000|  0%| F|  |TAMS 0x0000000714600000, 0x0000000714600000| Untracked 
| 119|0x0000000714800000, 0x0000000714800000, 0x0000000714a00000|  0%| F|  |TAMS 0x0000000714800000, 0x0000000714800000| Untracked 
| 120|0x0000000714a00000, 0x0000000714a00000, 0x0000000714c00000|  0%| F|  |TAMS 0x0000000714a00000, 0x0000000714a00000| Untracked 
| 121|0x0000000714c00000, 0x0000000714c00000, 0x0000000714e00000|  0%| F|  |TAMS 0x0000000714c00000, 0x0000000714c00000| Untracked 
| 122|0x0000000714e00000, 0x0000000714e00000, 0x0000000715000000|  0%| F|  |TAMS 0x0000000714e00000, 0x0000000714e00000| Untracked 
| 123|0x0000000715000000, 0x0000000715000000, 0x0000000715200000|  0%| F|  |TAMS 0x0000000715000000, 0x0000000715000000| Untracked 
| 124|0x0000000715200000, 0x00000007152c5d70, 0x0000000715400000| 38%| E|  |TAMS 0x0000000715200000, 0x0000000715200000| Complete 
| 125|0x0000000715400000, 0x0000000715600000, 0x0000000715600000|100%| E|CS|TAMS 0x0000000715400000, 0x0000000715400000| Complete 

Card table byte_map: [0x0000014bb1f70000,0x0000014bb2750000] _byte_map_base: 0x0000014bae743000

Marking Bits (Prev, Next): (CMBitMap*) 0x0000014b9a4676f0, (CMBitMap*) 0x0000014b9a467730
 Prev Bits: [0x0000014bb2f30000, 0x0000014bb6dc8000)
 Next Bits: [0x0000014bb6dd0000, 0x0000014bbac68000)

Polling page: 0x0000014b99bb0000

Metaspace:

Usage:
  Non-class:      1.90 MB used.
      Class:    179.44 KB used.
       Both:      2.07 MB used.

Virtual space:
  Non-class space:       64.00 MB reserved,       2.00 MB (  3%) committed,  1 nodes.
      Class space:        1.00 GB reserved,     256.00 KB ( <1%) committed,  1 nodes.
             Both:        1.06 GB reserved,       2.25 MB ( <1%) committed. 

Chunk freelists:
   Non-Class:  11.24 MB
       Class:  15.65 MB
        Both:  26.89 MB

MaxMetaspaceSize: unlimited
CompressedClassSpaceSize: 1.00 GB
Initial GC threshold: 21.00 MB
Current GC threshold: 21.00 MB
CDS: on
MetaspaceReclaimPolicy: balanced
 - commit_granule_bytes: 65536.
 - commit_granule_words: 8192.
 - virtual_space_node_default_size: 8388608.
 - enlarge_chunks_in_place: 1.
 - new_chunks_are_fully_committed: 0.
 - uncommit_free_chunks: 1.
 - use_allocation_guard: 0.
 - handle_deallocations: 1.


Internal statistics:

num_allocs_failed_limit: 0.
num_arena_births: 32.
num_arena_deaths: 0.
num_vsnodes_births: 2.
num_vsnodes_deaths: 0.
num_space_committed: 36.
num_space_uncommitted: 0.
num_chunks_returned_to_freelist: 0.
num_chunks_taken_from_freelist: 70.
num_chunk_merges: 0.
num_chunk_splits: 52.
num_chunks_enlarged: 39.
num_inconsistent_stats: 0.

CodeHeap 'non-profiled nmethods': size=119168Kb used=525Kb max_used=525Kb free=118642Kb
 bounds [0x0000014ba9ab0000, 0x0000014ba9d20000, 0x0000014bb0f10000]
CodeHeap 'profiled nmethods': size=119104Kb used=1429Kb max_used=1429Kb free=117674Kb
 bounds [0x0000014ba1f10000, 0x0000014ba2180000, 0x0000014ba9360000]
CodeHeap 'non-nmethods': size=7488Kb used=2285Kb max_used=2343Kb free=5202Kb
 bounds [0x0000014ba9360000, 0x0000014ba95d0000, 0x0000014ba9ab0000]
 total_blobs=1295 nmethods=856 adapters=350
 compilation: enabled
              stopped_count=0, restarted_count=0
 full_count=0

Compilation events (20 events):
Event: 5.826 Thread 0x0000014bff15a8b0 nmethod 841 0x0000014ba2070510 code [0x0000014ba20706e0, 0x0000014ba2070a58]
Event: 5.826 Thread 0x0000014bff15a8b0  848       3       java.lang.invoke.LambdaForm$MH/0x0000014bbf019000::invoke (27 bytes)
Event: 5.826 Thread 0x0000014bff031dd0  849       3       java.lang.invoke.DirectMethodHandle$Holder::invokeStatic (17 bytes)
Event: 5.826 Thread 0x0000014bff15a8b0 nmethod 848 0x0000014ba2070b90 code [0x0000014ba2070d40, 0x0000014ba20710f8]
Event: 5.826 Thread 0x0000014bff15a8b0  850       3       java.lang.StringConcatHelper::mix (11 bytes)
Event: 5.826 Thread 0x0000014bff15a8b0 nmethod 850 0x0000014ba2071210 code [0x0000014ba20713c0, 0x0000014ba2071638]
Event: 5.826 Thread 0x0000014bff15a8b0  851       3       java.lang.invoke.DirectMethodHandle$Holder::invokeStatic (14 bytes)
Event: 5.826 Thread 0x0000014bff031dd0 nmethod 849 0x0000014ba2071790 code [0x0000014ba2071960, 0x0000014ba2071d58]
Event: 5.826 Thread 0x0000014bff15a060 nmethod 847 0x0000014ba2071e90 code [0x0000014ba20720a0, 0x0000014ba20729e8]
Event: 5.826 Thread 0x0000014bff031dd0  852       3       java.lang.invoke.LambdaForm$MH/0x0000014bbf018400::invoke (32 bytes)
Event: 5.826 Thread 0x0000014bff15a8b0 nmethod 851 0x0000014ba2072c90 code [0x0000014ba2072e60, 0x0000014ba20732b8]
Event: 5.827 Thread 0x0000014bff031dd0 nmethod 852 0x0000014ba2073410 code [0x0000014ba20735e0, 0x0000014ba2073ab8]
Event: 7.957 Thread 0x0000014bff031dd0  853       3       java.lang.invoke.DirectMethodHandle$Holder::invokeStatic (21 bytes)
Event: 7.957 Thread 0x0000014bff15a8b0  854       3       java.lang.StringConcatHelper::prepend (22 bytes)
Event: 7.957 Thread 0x0000014bff15a060  855       3       java.lang.StringConcatHelper::prepend (30 bytes)
Event: 7.958 Thread 0x0000014bff031dd0 nmethod 853 0x0000014ba2073c10 code [0x0000014ba2073de0, 0x0000014ba20742f8]
Event: 7.958 Thread 0x0000014bff15a060 nmethod 855 0x0000014ba2074410 code [0x0000014ba20745c0, 0x0000014ba2074798]
Event: 7.958 Thread 0x0000014bff15a8b0 nmethod 854 0x0000014ba2074890 code [0x0000014ba2074a60, 0x0000014ba2074ce8]
Event: 7.958 Thread 0x0000014bff031dd0  856       3       java.lang.invoke.DirectMethodHandle$Holder::invokeStatic (17 bytes)
Event: 7.958 Thread 0x0000014bff031dd0 nmethod 856 0x0000014ba2074e10 code [0x0000014ba2074fe0, 0x0000014ba20754f8]

GC Heap History (2 events):
Event: 0.658 GC heap before
{Heap before GC invocations=0 (full 0):
 garbage-first heap   total 258048K, used 22528K [0x0000000705a00000, 0x0000000800000000)
  region size 2048K, 11 young (22528K), 0 survivors (0K)
 Metaspace       used 1819K, committed 1984K, reserved 1114112K
  class space    used 140K, committed 192K, reserved 1048576K
}
Event: 0.662 GC heap after
{Heap after GC invocations=1 (full 0):
 garbage-first heap   total 258048K, used 1594K [0x0000000705a00000, 0x0000000800000000)
  region size 2048K, 1 young (2048K), 1 survivors (2048K)
 Metaspace       used 1819K, committed 1984K, reserved 1114112K
  class space    used 140K, committed 192K, reserved 1048576K
}

Dll operation events (20 events):
Event: 0.435 Loaded shared library C:\Program Files (x86)\Windows Kits\10\Redist\ucrt\DLLs\x64\api-ms-win-core-rtlsupport-l1-1-0.dll
Event: 0.446 Loaded shared library C:\Program Files (x86)\Windows Kits\10\Redist\ucrt\DLLs\x64\api-ms-win-core-processthreads-l1-1-1.dll
Event: 0.456 Loaded shared library C:\Program Files (x86)\Windows Kits\10\Redist\ucrt\DLLs\x64\api-ms-win-core-file-l1-2-0.dll
Event: 0.469 Loaded shared library C:\Program Files (x86)\Windows Kits\10\Redist\ucrt\DLLs\x64\api-ms-win-core-profile-l1-1-0.dll
Event: 0.479 Loaded shared library C:\Program Files (x86)\Windows Kits\10\Redist\ucrt\DLLs\x64\api-ms-win-core-memory-l1-1-0.dll
Event: 0.489 Loaded shared library C:\Program Files (x86)\Windows Kits\10\Redist\ucrt\DLLs\x64\api-ms-win-core-util-l1-1-0.dll
Event: 0.500 Loaded shared library C:\Program Files (x86)\Windows Kits\10\Redist\ucrt\DLLs\x64\api-ms-win-core-interlocked-l1-1-0.dll
Event: 0.512 Loaded shared library C:\Program Files (x86)\Windows Kits\10\Redist\ucrt\DLLs\x64\ucrtbase.dll
Event: 0.521 Loaded shared library C:\Users\luczu\.jdks\corretto-17.0.10\bin\vcruntime140.dll
Event: 0.531 Loaded shared library C:\Users\luczu\.jdks\corretto-17.0.10\bin\vcruntime140_1.dll
Event: 0.543 Loaded shared library C:\Users\luczu\.jdks\corretto-17.0.10\bin\msvcp140.dll
Event: 0.556 Loaded shared library C:\Windows\System32\msvcp140_1.dll
Event: 0.569 Loaded shared library C:\Windows\System32\concrt140.dll
Event: 0.580 Loaded shared library C:\Windows\System32\vcomp140.dll
Event: 0.608 Loaded shared library C:\Windows\System32\winmm.dll
Event: 0.613 Loaded shared library C:\Windows\System32\opengl32.dll
Event: 0.615 Loaded shared library C:\Windows\System32\user32.dll
Event: 0.617 Loaded shared library C:\Windows\System32\shell32.dll
Event: 0.619 Loaded shared library C:\Windows\System32\gdi32.dll
Event: 0.641 Loaded shared library C:\Users\luczu\.javacpp\cache\jaylib-4.5.0-0.jar\com\raylib\windows-x86_64\jniRaylib.dll

Deoptimization events (20 events):
Event: 0.599 Thread 0x0000014b9a3fbb80 Uncommon trap: trap_request=0xffffff45 fr.pc=0x0000014ba9aefb44 relative=0x0000000000001324
Event: 0.599 Thread 0x0000014b9a3fbb80 Uncommon trap: reason=unstable_if action=reinterpret pc=0x0000014ba9aefb44 method=java.net.URL.<init>(Ljava/net/URL;Ljava/lang/String;Ljava/net/URLStreamHandler;)V @ 273 c2
Event: 0.599 Thread 0x0000014b9a3fbb80 DEOPT PACKING pc=0x0000014ba9aefb44 sp=0x000000110adfd8d0
Event: 0.599 Thread 0x0000014b9a3fbb80 DEOPT UNPACKING pc=0x0000014ba93ba1a3 sp=0x000000110adfd860 mode 2
Event: 0.609 Thread 0x0000014b9a3fbb80 Uncommon trap: trap_request=0xffffff45 fr.pc=0x0000014ba9af79b0 relative=0x0000000000003d50
Event: 0.609 Thread 0x0000014b9a3fbb80 Uncommon trap: reason=unstable_if action=reinterpret pc=0x0000014ba9af79b0 method=sun.net.www.ParseUtil.firstEncodeIndex(Ljava/lang/String;)I @ 51 c2
Event: 0.609 Thread 0x0000014b9a3fbb80 DEOPT PACKING pc=0x0000014ba9af79b0 sp=0x000000110adfd950
Event: 0.609 Thread 0x0000014b9a3fbb80 DEOPT UNPACKING pc=0x0000014ba93ba1a3 sp=0x000000110adfd670 mode 2
Event: 0.609 Thread 0x0000014b9a3fbb80 Uncommon trap: trap_request=0xffffff45 fr.pc=0x0000014ba9b01330 relative=0x0000000000003d50
Event: 0.609 Thread 0x0000014b9a3fbb80 Uncommon trap: reason=unstable_if action=reinterpret pc=0x0000014ba9b01330 method=sun.net.www.ParseUtil.firstEncodeIndex(Ljava/lang/String;)I @ 51 c2
Event: 0.609 Thread 0x0000014b9a3fbb80 DEOPT PACKING pc=0x0000014ba9b01330 sp=0x000000110adfd8e0
Event: 0.609 Thread 0x0000014b9a3fbb80 DEOPT UNPACKING pc=0x0000014ba93ba1a3 sp=0x000000110adfd668 mode 2
Event: 0.620 Thread 0x0000014b9a3fbb80 DEOPT PACKING pc=0x0000014ba1ffdb18 sp=0x000000110adfd870
Event: 0.620 Thread 0x0000014b9a3fbb80 DEOPT UNPACKING pc=0x0000014ba93bace3 sp=0x000000110adfcd88 mode 0
Event: 0.653 Thread 0x0000014b9a3fbb80 DEOPT PACKING pc=0x0000014ba2016748 sp=0x000000110adfc100
Event: 0.653 Thread 0x0000014b9a3fbb80 DEOPT UNPACKING pc=0x0000014ba93bace3 sp=0x000000110adfb618 mode 0
Event: 0.662 Thread 0x0000014b9a3fbb80 Uncommon trap: trap_request=0xffffff45 fr.pc=0x0000014ba9adf360 relative=0x00000000000000e0
Event: 0.662 Thread 0x0000014b9a3fbb80 Uncommon trap: reason=unstable_if action=reinterpret pc=0x0000014ba9adf360 method=java.lang.ref.SoftReference.get()Ljava/lang/Object; @ 17 c2
Event: 0.662 Thread 0x0000014b9a3fbb80 DEOPT PACKING pc=0x0000014ba9adf360 sp=0x000000110adfc170
Event: 0.662 Thread 0x0000014b9a3fbb80 DEOPT UNPACKING pc=0x0000014ba93ba1a3 sp=0x000000110adfc128 mode 2

Classes unloaded (0 events):
No events

Classes redefined (0 events):
No events

Internal exceptions (7 events):
Event: 0.098 Thread 0x0000014b9a3fbb80 Exception <a 'java/lang/NoSuchMethodError'{0x0000000715244478}: 'int java.lang.invoke.DirectMethodHandle$Holder.invokeStaticInit(java.lang.Object, java.lang.Object, java.lang.Object, java.lang.Object)'> (0x0000000715244478) 
thrown [s\src\hotspot\share\interpreter\linkResolver.cpp, line 759]
Event: 0.101 Thread 0x0000014b9a3fbb80 Exception <a 'java/lang/NoSuchMethodError'{0x000000071524f188}: 'java.lang.Object java.lang.invoke.DirectMethodHandle$Holder.invokeInterface(java.lang.Object, java.lang.Object)'> (0x000000071524f188) 
thrown [s\src\hotspot\share\interpreter\linkResolver.cpp, line 759]
Event: 0.102 Thread 0x0000014b9a3fbb80 Exception <a 'java/lang/IncompatibleClassChangeError'{0x00000007152528a0}: Found class java.lang.Object, but interface was expected> (0x00000007152528a0) 
thrown [s\src\hotspot\share\interpreter\linkResolver.cpp, line 826]
Event: 0.102 Thread 0x0000014b9a3fbb80 Exception <a 'java/lang/NoSuchMethodError'{0x0000000715255a48}: 'void java.lang.invoke.DirectMethodHandle$Holder.invokeStatic(java.lang.Object, java.lang.Object)'> (0x0000000715255a48) 
thrown [s\src\hotspot\share\interpreter\linkResolver.cpp, line 759]
Event: 0.103 Thread 0x0000014b9a3fbb80 Exception <a 'java/lang/NoSuchMethodError'{0x00000007152590b8}: 'void java.lang.invoke.DirectMethodHandle$Holder.invokeStaticInit(java.lang.Object, java.lang.Object)'> (0x00000007152590b8) 
thrown [s\src\hotspot\share\interpreter\linkResolver.cpp, line 759]
Event: 0.104 Thread 0x0000014b9a3fbb80 Exception <a 'java/lang/NoSuchMethodError'{0x000000071525f760}: 'int java.lang.invoke.DirectMethodHandle$Holder.invokeStaticInit(java.lang.Object, java.lang.Object)'> (0x000000071525f760) 
thrown [s\src\hotspot\share\interpreter\linkResolver.cpp, line 759]
Event: 0.635 Thread 0x0000014b9a3fbb80 Exception <a 'java/lang/NoSuchMethodError'{0x0000000714186b78}: 'java.lang.Object java.lang.invoke.DirectMethodHandle$Holder.invokeStatic(java.lang.Object, int, java.lang.Object)'> (0x0000000714186b78) 
thrown [s\src\hotspot\share\interpreter\linkResolver.cpp, line 759]

VM Operations (8 events):
Event: 0.078 Executing VM operation: HandshakeAllThreads
Event: 0.078 Executing VM operation: HandshakeAllThreads done
Event: 0.148 Executing VM operation: HandshakeAllThreads
Event: 0.148 Executing VM operation: HandshakeAllThreads done
Event: 0.658 Executing VM operation: G1CollectForAllocation
Event: 0.662 Executing VM operation: G1CollectForAllocation done
Event: 1.672 Executing VM operation: Cleanup
Event: 1.672 Executing VM operation: Cleanup done

Events (20 events):
Event: 0.633 loading class java/time/zone/Ser
Event: 0.633 loading class java/io/Externalizable
Event: 0.633 loading class java/io/Externalizable done
Event: 0.633 loading class java/time/zone/Ser done
Event: 0.633 loading class java/time/Month
Event: 0.633 loading class java/time/Month done
Event: 0.633 loading class java/time/DayOfWeek
Event: 0.633 loading class java/time/DayOfWeek done
Event: 0.633 loading class java/time/zone/ZoneOffsetTransitionRule$TimeDefinition
Event: 0.633 loading class java/time/zone/ZoneOffsetTransitionRule$TimeDefinition done
Event: 0.634 loading class java/time/zone/ZoneOffsetTransition
Event: 0.634 loading class java/time/zone/ZoneOffsetTransition done
Event: 0.635 loading class java/time/temporal/TemporalAdjusters
Event: 0.635 loading class java/time/temporal/TemporalAdjusters done
Event: 0.638 loading class java/time/zone/ZoneOffsetTransitionRule$1
Event: 0.638 loading class java/time/zone/ZoneOffsetTransitionRule$1 done
Event: 0.638 loading class java/util/concurrent/TimeUnit$1
Event: 0.638 loading class java/util/concurrent/TimeUnit$1 done
Event: 1.561 Thread 0x0000014bff3b0c60 Thread exited: 0x0000014bff3b0c60
Event: 1.561 Thread 0x0000014bff3aff30 Thread exited: 0x0000014bff3aff30


Dynamic libraries:
0x00007ff6c4970000 - 0x00007ff6c497e000 	C:\Users\luczu\.jdks\corretto-17.0.10\bin\java.exe
0x00007ffc25950000 - 0x00007ffc25b67000 	C:\WINDOWS\SYSTEM32\ntdll.dll
0x00007ffc24980000 - 0x00007ffc24a44000 	C:\WINDOWS\System32\KERNEL32.DLL
0x00007ffc22f10000 - 0x00007ffc232b6000 	C:\WINDOWS\System32\KERNELBASE.dll
0x00007ffc22c90000 - 0x00007ffc22da1000 	C:\WINDOWS\System32\ucrtbase.dll
0x00007ffbcf990000 - 0x00007ffbcf9ab000 	C:\Users\luczu\.jdks\corretto-17.0.10\bin\VCRUNTIME140.dll
0x00007ffbbc150000 - 0x00007ffbbc167000 	C:\Users\luczu\.jdks\corretto-17.0.10\bin\jli.dll
0x00007ffc236a0000 - 0x00007ffc2384e000 	C:\WINDOWS\System32\USER32.dll
0x00007ffc22ee0000 - 0x00007ffc22f06000 	C:\WINDOWS\System32\win32u.dll
0x00007ffc24050000 - 0x00007ffc24079000 	C:\WINDOWS\System32\GDI32.dll
0x00007ffc23360000 - 0x00007ffc23478000 	C:\WINDOWS\System32\gdi32full.dll
0x00007ffbff730000 - 0x00007ffbff9c3000 	C:\WINDOWS\WinSxS\amd64_microsoft.windows.common-controls_6595b64144ccf1df_6.0.22621.2506_none_270c5ae97388e100\COMCTL32.dll
0x00007ffc232c0000 - 0x00007ffc2335a000 	C:\WINDOWS\System32\msvcp_win.dll
0x00007ffc24a60000 - 0x00007ffc24b07000 	C:\WINDOWS\System32\msvcrt.dll
0x00007ffc24760000 - 0x00007ffc24791000 	C:\WINDOWS\System32\IMM32.DLL
0x00007ffbd8d50000 - 0x00007ffbd8d5c000 	C:\Users\luczu\.jdks\corretto-17.0.10\bin\vcruntime140_1.dll
0x00007ffbbc2b0000 - 0x00007ffbbc33d000 	C:\Users\luczu\.jdks\corretto-17.0.10\bin\msvcp140.dll
0x00007ffb00b40000 - 0x00007ffb017a2000 	C:\Users\luczu\.jdks\corretto-17.0.10\bin\server\jvm.dll
0x00007ffc24d20000 - 0x00007ffc24dd3000 	C:\WINDOWS\System32\ADVAPI32.dll
0x00007ffc24690000 - 0x00007ffc24738000 	C:\WINDOWS\System32\sechost.dll
0x00007ffc23670000 - 0x00007ffc23698000 	C:\WINDOWS\System32\bcrypt.dll
0x00007ffc24b90000 - 0x00007ffc24ca7000 	C:\WINDOWS\System32\RPCRT4.dll
0x00007ffc1a340000 - 0x00007ffc1a349000 	C:\WINDOWS\SYSTEM32\WSOCK32.dll
0x00007ffc24b10000 - 0x00007ffc24b81000 	C:\WINDOWS\System32\WS2_32.dll
0x00007ffc21b10000 - 0x00007ffc21b5d000 	C:\WINDOWS\SYSTEM32\POWRPROF.dll
0x00007ffc18e60000 - 0x00007ffc18e6a000 	C:\WINDOWS\SYSTEM32\VERSION.dll
0x00007ffc18c30000 - 0x00007ffc18c64000 	C:\WINDOWS\SYSTEM32\WINMM.dll
0x00007ffc21af0000 - 0x00007ffc21b03000 	C:\WINDOWS\SYSTEM32\UMPDC.dll
0x00007ffc21d10000 - 0x00007ffc21d28000 	C:\WINDOWS\SYSTEM32\kernel.appcore.dll
0x00007ffbd8d40000 - 0x00007ffbd8d4a000 	C:\Users\luczu\.jdks\corretto-17.0.10\bin\jimage.dll
0x00007ffc20570000 - 0x00007ffc207a3000 	C:\WINDOWS\SYSTEM32\DBGHELP.DLL
0x00007ffc24300000 - 0x00007ffc24689000 	C:\WINDOWS\System32\combase.dll
0x00007ffc23d40000 - 0x00007ffc23e17000 	C:\WINDOWS\System32\OLEAUT32.dll
0x00007ffc09f90000 - 0x00007ffc09fc2000 	C:\WINDOWS\SYSTEM32\dbgcore.DLL
0x00007ffc23480000 - 0x00007ffc234fa000 	C:\WINDOWS\System32\bcryptPrimitives.dll
0x00007ffbcf9d0000 - 0x00007ffbcf9f5000 	C:\Users\luczu\.jdks\corretto-17.0.10\bin\java.dll
0x00007ffbbc1d0000 - 0x00007ffbbc2a7000 	C:\Users\luczu\.jdks\corretto-17.0.10\bin\jsvml.dll
0x00007ffc24de0000 - 0x00007ffc2563a000 	C:\WINDOWS\System32\SHELL32.dll
0x00007ffc20ba0000 - 0x00007ffc21496000 	C:\WINDOWS\SYSTEM32\windows.storage.dll
0x00007ffc20a60000 - 0x00007ffc20b9e000 	C:\WINDOWS\SYSTEM32\wintypes.dll
0x00007ffc24880000 - 0x00007ffc24973000 	C:\WINDOWS\System32\SHCORE.dll
0x00007ffc24cc0000 - 0x00007ffc24d1e000 	C:\WINDOWS\System32\shlwapi.dll
0x00007ffc22bc0000 - 0x00007ffc22be6000 	C:\WINDOWS\SYSTEM32\profapi.dll
0x00007ffbcf9b0000 - 0x00007ffbcf9c9000 	C:\Users\luczu\.jdks\corretto-17.0.10\bin\net.dll
0x00007ffc19770000 - 0x00007ffc198a7000 	C:\WINDOWS\SYSTEM32\WINHTTP.dll
0x00007ffc22230000 - 0x00007ffc22299000 	C:\WINDOWS\system32\mswsock.dll
0x00007ffbbc1b0000 - 0x00007ffbbc1c6000 	C:\Users\luczu\.jdks\corretto-17.0.10\bin\nio.dll
0x00007ffbbc190000 - 0x00007ffbbc1a8000 	C:\Users\luczu\.jdks\corretto-17.0.10\bin\zip.dll
0x0000014b9a330000 - 0x0000014b9a333000 	C:\Program Files (x86)\Windows Kits\10\Redist\ucrt\DLLs\x64\api-ms-win-crt-locale-l1-1-0.dll
0x0000014b9a340000 - 0x0000014b9a344000 	C:\Program Files (x86)\Windows Kits\10\Redist\ucrt\DLLs\x64\api-ms-win-crt-string-l1-1-0.dll
0x0000014b9a350000 - 0x0000014b9a354000 	C:\Program Files (x86)\Windows Kits\10\Redist\ucrt\DLLs\x64\api-ms-win-crt-stdio-l1-1-0.dll
0x0000014b9a360000 - 0x0000014b9a365000 	C:\Program Files (x86)\Windows Kits\10\Redist\ucrt\DLLs\x64\api-ms-win-crt-math-l1-1-0.dll
0x0000014b9a370000 - 0x0000014b9a373000 	C:\Program Files (x86)\Windows Kits\10\Redist\ucrt\DLLs\x64\api-ms-win-crt-heap-l1-1-0.dll
0x0000014b9a380000 - 0x0000014b9a384000 	C:\Program Files (x86)\Windows Kits\10\Redist\ucrt\DLLs\x64\api-ms-win-crt-runtime-l1-1-0.dll
0x0000014b9a390000 - 0x0000014b9a394000 	C:\Program Files (x86)\Windows Kits\10\Redist\ucrt\DLLs\x64\api-ms-win-crt-convert-l1-1-0.dll
0x0000014b9a3a0000 - 0x0000014b9a3a3000 	C:\Program Files (x86)\Windows Kits\10\Redist\ucrt\DLLs\x64\api-ms-win-crt-environment-l1-1-0.dll
0x0000014bbde30000 - 0x0000014bbde33000 	C:\Program Files (x86)\Windows Kits\10\Redist\ucrt\DLLs\x64\api-ms-win-crt-time-l1-1-0.dll
0x0000014bbde40000 - 0x0000014bbde43000 	C:\Program Files (x86)\Windows Kits\10\Redist\ucrt\DLLs\x64\api-ms-win-crt-filesystem-l1-1-0.dll
0x0000014bbde50000 - 0x0000014bbde53000 	C:\Program Files (x86)\Windows Kits\10\Redist\ucrt\DLLs\x64\api-ms-win-crt-utility-l1-1-0.dll
0x0000014bbde60000 - 0x0000014bbde65000 	C:\Program Files (x86)\Windows Kits\10\Redist\ucrt\DLLs\x64\api-ms-win-crt-multibyte-l1-1-0.dll
0x0000014bbde70000 - 0x0000014bbde73000 	C:\Program Files (x86)\Windows Kits\10\Redist\ucrt\DLLs\x64\api-ms-win-crt-conio-l1-1-0.dll
0x0000014bbde80000 - 0x0000014bbde8f000 	C:\Program Files (x86)\Windows Kits\10\Redist\ucrt\DLLs\x64\api-ms-win-crt-private-l1-1-0.dll
0x0000014bbde90000 - 0x0000014bbde93000 	C:\Program Files (x86)\Windows Kits\10\Redist\ucrt\DLLs\x64\api-ms-win-crt-process-l1-1-0.dll
0x0000014bbdea0000 - 0x0000014bbdea3000 	C:\Program Files\Microsoft\jdk-11.0.12.7-hotspot\bin\api-ms-win-core-console-l1-2-0.dll
0x0000014bbdeb0000 - 0x0000014bbdeb3000 	C:\Program Files (x86)\Windows Kits\10\Redist\ucrt\DLLs\x64\api-ms-win-core-string-l1-1-0.dll
0x0000014bbdec0000 - 0x0000014bbdec3000 	C:\Program Files (x86)\Windows Kits\10\Redist\ucrt\DLLs\x64\api-ms-win-core-errorhandling-l1-1-0.dll
0x0000014bbded0000 - 0x0000014bbded3000 	C:\Program Files (x86)\Windows Kits\10\Redist\ucrt\DLLs\x64\api-ms-win-core-timezone-l1-1-0.dll
0x0000014bbdee0000 - 0x0000014bbdee4000 	C:\Program Files (x86)\Windows Kits\10\Redist\ucrt\DLLs\x64\api-ms-win-core-file-l1-1-0.dll
0x0000014bbdef0000 - 0x0000014bbdef3000 	C:\Program Files (x86)\Windows Kits\10\Redist\ucrt\DLLs\x64\api-ms-win-core-namedpipe-l1-1-0.dll
0x0000014bbdf00000 - 0x0000014bbdf03000 	C:\Program Files (x86)\Windows Kits\10\Redist\ucrt\DLLs\x64\api-ms-win-core-handle-l1-1-0.dll
0x0000014bbdf10000 - 0x0000014bbdf13000 	C:\Program Files (x86)\Windows Kits\10\Redist\ucrt\DLLs\x64\api-ms-win-core-file-l2-1-0.dll
0x0000014bbdf20000 - 0x0000014bbdf23000 	C:\Program Files (x86)\Windows Kits\10\Redist\ucrt\DLLs\x64\api-ms-win-core-heap-l1-1-0.dll
0x0000014bbdf30000 - 0x0000014bbdf33000 	C:\Program Files (x86)\Windows Kits\10\Redist\ucrt\DLLs\x64\api-ms-win-core-libraryloader-l1-1-0.dll
0x0000014bbdf40000 - 0x0000014bbdf43000 	C:\Program Files (x86)\Windows Kits\10\Redist\ucrt\DLLs\x64\api-ms-win-core-synch-l1-1-0.dll
0x0000014bbdf50000 - 0x0000014bbdf53000 	C:\Program Files (x86)\Windows Kits\10\Redist\ucrt\DLLs\x64\api-ms-win-core-processthreads-l1-1-0.dll
0x0000014bbdf60000 - 0x0000014bbdf63000 	C:\Program Files (x86)\Windows Kits\10\Redist\ucrt\DLLs\x64\api-ms-win-core-processenvironment-l1-1-0.dll
0x0000014bbdf70000 - 0x0000014bbdf73000 	C:\Program Files (x86)\Windows Kits\10\Redist\ucrt\DLLs\x64\api-ms-win-core-datetime-l1-1-0.dll
0x0000014bbdf80000 - 0x0000014bbdf83000 	C:\Program Files (x86)\Windows Kits\10\Redist\ucrt\DLLs\x64\api-ms-win-core-localization-l1-2-0.dll
0x0000014bbdf90000 - 0x0000014bbdf93000 	C:\Program Files (x86)\Windows Kits\10\Redist\ucrt\DLLs\x64\api-ms-win-core-sysinfo-l1-1-0.dll
0x0000014bbdfa0000 - 0x0000014bbdfa3000 	C:\Program Files (x86)\Windows Kits\10\Redist\ucrt\DLLs\x64\api-ms-win-core-synch-l1-2-0.dll
0x0000014bbdfb0000 - 0x0000014bbdfb3000 	C:\Program Files (x86)\Windows Kits\10\Redist\ucrt\DLLs\x64\api-ms-win-core-console-l1-1-0.dll
0x0000014bbdfc0000 - 0x0000014bbdfc3000 	C:\Program Files (x86)\Windows Kits\10\Redist\ucrt\DLLs\x64\api-ms-win-core-debug-l1-1-0.dll
0x0000014bbdfd0000 - 0x0000014bbdfd3000 	C:\Program Files (x86)\Windows Kits\10\Redist\ucrt\DLLs\x64\api-ms-win-core-rtlsupport-l1-1-0.dll
0x0000014bbdfe0000 - 0x0000014bbdfe3000 	C:\Program Files (x86)\Windows Kits\10\Redist\ucrt\DLLs\x64\api-ms-win-core-processthreads-l1-1-1.dll
0x0000014bbdff0000 - 0x0000014bbdff3000 	C:\Program Files (x86)\Windows Kits\10\Redist\ucrt\DLLs\x64\api-ms-win-core-file-l1-2-0.dll
0x0000014bffc00000 - 0x0000014bffc03000 	C:\Program Files (x86)\Windows Kits\10\Redist\ucrt\DLLs\x64\api-ms-win-core-profile-l1-1-0.dll
0x0000014bffc10000 - 0x0000014bffc13000 	C:\Program Files (x86)\Windows Kits\10\Redist\ucrt\DLLs\x64\api-ms-win-core-memory-l1-1-0.dll
0x0000014bffc20000 - 0x0000014bffc23000 	C:\Program Files (x86)\Windows Kits\10\Redist\ucrt\DLLs\x64\api-ms-win-core-util-l1-1-0.dll
0x0000014bffc30000 - 0x0000014bffc33000 	C:\Program Files (x86)\Windows Kits\10\Redist\ucrt\DLLs\x64\api-ms-win-core-interlocked-l1-1-0.dll
0x00007ffb2a070000 - 0x00007ffb2a162000 	C:\Program Files (x86)\Windows Kits\10\Redist\ucrt\DLLs\x64\ucrtbase.dll
0x00007ffc16fd0000 - 0x00007ffc16fd9000 	C:\Windows\System32\msvcp140_1.dll
0x00007ffbdb540000 - 0x00007ffbdb58e000 	C:\Windows\System32\concrt140.dll
0x00007ffbfc5f0000 - 0x00007ffbfc621000 	C:\Windows\System32\vcomp140.dll
0x00007ffbefd60000 - 0x00007ffbefe60000 	C:\Windows\System32\opengl32.dll
0x00007ffbf2470000 - 0x00007ffbf249d000 	C:\WINDOWS\SYSTEM32\GLU32.dll
0x00007ffc1fd90000 - 0x00007ffc1fdc6000 	C:\WINDOWS\SYSTEM32\dxcore.dll
0x00007ffb23580000 - 0x00007ffb2379d000 	C:\Users\luczu\.javacpp\cache\jaylib-4.5.0-0.jar\com\raylib\windows-x86_64\jniRaylib.dll
0x00007ffb82cc0000 - 0x00007ffb82d06000 	C:\WINDOWS\SYSTEM32\dinput8.dll
0x00007ffbde6a0000 - 0x00007ffbde6b1000 	C:\WINDOWS\SYSTEM32\xinput1_4.dll
0x00007ffc22980000 - 0x00007ffc229ce000 	C:\WINDOWS\SYSTEM32\cfgmgr32.dll
0x00007ffc22950000 - 0x00007ffc2297c000 	C:\WINDOWS\SYSTEM32\DEVOBJ.dll
0x00007ffc20030000 - 0x00007ffc2005b000 	C:\WINDOWS\SYSTEM32\dwmapi.dll
0x00007ffc000e0000 - 0x00007ffc002ea000 	C:\WINDOWS\SYSTEM32\inputhost.dll
0x00007ffc1d160000 - 0x00007ffc1d294000 	C:\WINDOWS\SYSTEM32\CoreMessaging.dll
0x00007ffc1d540000 - 0x00007ffc1d5eb000 	C:\WINDOWS\system32\uxtheme.dll
0x00007ffc257c0000 - 0x00007ffc25910000 	C:\WINDOWS\System32\MSCTF.dll
0x00007ffc224a0000 - 0x00007ffc224ac000 	C:\WINDOWS\SYSTEM32\CRYPTBASE.DLL
0x00007ffc214a0000 - 0x00007ffc214ae000 	C:\WINDOWS\SYSTEM32\HID.DLL
0x00007ffc238c0000 - 0x00007ffc23d34000 	C:\WINDOWS\System32\SETUPAPI.DLL
0x00007ffc22e70000 - 0x00007ffc22edb000 	C:\WINDOWS\System32\WINTRUST.dll
0x00007ffc23500000 - 0x00007ffc23666000 	C:\WINDOWS\System32\CRYPT32.dll
0x00007ffc22930000 - 0x00007ffc22942000 	C:\WINDOWS\SYSTEM32\MSASN1.dll
0x00007ffc19a80000 - 0x00007ffc19aca000 	C:\WINDOWS\SYSTEM32\directxdatabasehelper.dll
0x00007ffc24250000 - 0x00007ffc24300000 	C:\WINDOWS\System32\clbcatq.dll
0x00007ffaf2610000 - 0x00007ffaf5200000 	C:\WINDOWS\System32\DriverStore\FileRepository\nvhm.inf_amd64_28ac5867493a0477\nvoglv64.dll
0x00007ffc23eb0000 - 0x00007ffc24050000 	C:\WINDOWS\System32\ole32.dll
0x00007ffc21b60000 - 0x00007ffc21b74000 	C:\WINDOWS\SYSTEM32\WTSAPI32.dll
0x00007ffc0a2f0000 - 0x00007ffc0a322000 	C:\WINDOWS\SYSTEM32\cryptnet.dll
0x00007ffc0a330000 - 0x00007ffc0a488000 	C:\WINDOWS\SYSTEM32\drvstore.dll
0x00007ffc22530000 - 0x00007ffc2257b000 	C:\WINDOWS\SYSTEM32\wldp.dll
0x00007ffc24740000 - 0x00007ffc2475f000 	C:\WINDOWS\System32\imagehlp.dll
0x00007ffc22480000 - 0x00007ffc2249b000 	C:\WINDOWS\SYSTEM32\CRYPTSP.dll
0x00007ffc21d30000 - 0x00007ffc21d65000 	C:\WINDOWS\system32\rsaenh.dll
0x00007ffc222c0000 - 0x00007ffc222e6000 	C:\WINDOWS\SYSTEM32\gpapi.dll
0x00007ffbd54b0000 - 0x00007ffbd769b000 	C:\WINDOWS\System32\DriverStore\FileRepository\nvhm.inf_amd64_28ac5867493a0477\nvgpucomp64.dll
0x00007ffc21dd0000 - 0x00007ffc21e04000 	C:\WINDOWS\SYSTEM32\ntmarta.dll
0x00007ffb61a60000 - 0x00007ffb61d23000 	C:\WINDOWS\system32\nvspcap64.dll
0x00007ffc21700000 - 0x00007ffc21766000 	C:\WINDOWS\SYSTEM32\WINSTA.dll

dbghelp: loaded successfully - version: 4.0.5 - missing functions: none
symbol engine: initialized successfully - sym options: 0x614 - pdb path: .;C:\Users\luczu\.jdks\corretto-17.0.10\bin;C:\WINDOWS\SYSTEM32;C:\WINDOWS\WinSxS\amd64_microsoft.windows.common-controls_6595b64144ccf1df_6.0.22621.2506_none_270c5ae97388e100;C:\Users\luczu\.jdks\corretto-17.0.10\bin\server;C:\Program Files (x86)\Windows Kits\10\Redist\ucrt\DLLs\x64;C:\Program Files\Microsoft\jdk-11.0.12.7-hotspot\bin;C:\Users\luczu\.javacpp\cache\jaylib-4.5.0-0.jar\com\raylib\windows-x86_64;C:\WINDOWS\System32\DriverStore\FileRepository\nvhm.inf_amd64_28ac5867493a0477;C:\WINDOWS\System32\DriverStore\FileRepository\iigd_dch.inf_amd64_0fdf6ce291234272

VM Arguments:
jvm_args: -Dfile.encoding=windows-1252 -Duser.country=NL -Duser.language=nl -Duser.variant 
java_command: PineVille.GameScene
java_class_path (initial): C:\Users\luczu\OneDrive\Documenten\PineVille\build\classes\java\main;C:\Users\luczu\OneDrive\Documenten\PineVille\build\resources\main;C:\Users\luczu\.gradle\caches\modules-2\files-2.1\uk.co.electronstudio.jaylib\jaylib\4.5.0-0\90c0d608df9bbd32f5f34683acc58cb433e94508\jaylib-4.5.0-0.jar
Launcher Type: SUN_STANDARD

[Global flags]
     intx CICompilerCount                          = 12                                        {product} {ergonomic}
     uint ConcGCThreads                            = 3                                         {product} {ergonomic}
     uint G1ConcRefinementThreads                  = 13                                        {product} {ergonomic}
   size_t G1HeapRegionSize                         = 2097152                                   {product} {ergonomic}
    uintx GCDrainStackTargetSize                   = 64                                        {product} {ergonomic}
   size_t InitialHeapSize                          = 264241152                                 {product} {ergonomic}
   size_t MarkStackSize                            = 4194304                                   {product} {ergonomic}
   size_t MaxHeapSize                              = 4200595456                                {product} {ergonomic}
   size_t MaxNewSize                               = 2518679552                                {product} {ergonomic}
   size_t MinHeapDeltaBytes                        = 2097152                                   {product} {ergonomic}
   size_t MinHeapSize                              = 8388608                                   {product} {ergonomic}
    uintx NonNMethodCodeHeapSize                   = 7602480                                {pd product} {ergonomic}
    uintx NonProfiledCodeHeapSize                  = 122027880                              {pd product} {ergonomic}
    uintx ProfiledCodeHeapSize                     = 122027880                              {pd product} {ergonomic}
    uintx ReservedCodeCacheSize                    = 251658240                              {pd product} {ergonomic}
     bool SegmentedCodeCache                       = true                                      {product} {ergonomic}
   size_t SoftMaxHeapSize                          = 4200595456                             {manageable} {ergonomic}
     bool UseCompressedClassPointers               = true                           {product lp64_product} {ergonomic}
     bool UseCompressedOops                        = true                           {product lp64_product} {ergonomic}
     bool UseG1GC                                  = true                                      {product} {ergonomic}
     bool UseLargePagesIndividualAllocation        = false                                  {pd product} {ergonomic}

Logging:
Log output configuration:
 #0: stdout all=warning uptime,level,tags
 #1: stderr all=off uptime,level,tags

Environment Variables:
PATH=C:\Program Files (x86)\Common Files\Intel\Shared Libraries\redist\intel64\compiler;C:\Program Files\Common Files\Oracle\Java\javapath;C:\Program Files\Microsoft\jdk-11.0.12.7-hotspot\bin;C:\windows\system32;C:\windows;C:\windows\System32\Wbem;C:\windows\System32\WindowsPowerShell\v1.0\;C:\windows\System32\OpenSSH\;C:\Program Files (x86)\NVIDIA Corporation\PhysX\Common;C:\Program Files\NVIDIA Corporation\NVIDIA NvDLISR;C:\Program Files\Microsoft SQL Server\150\Tools\Binn\;C:\Program Files\Microsoft SQL Server\Client SDK\ODBC\170\Tools\Binn\;C:\Program Files\dotnet\;C:\WINDOWS\system32;C:\WINDOWS;C:\WINDOWS\System32\Wbem;C:\WINDOWS\System32\WindowsPowerShell\v1.0\;C:\WINDOWS\System32\OpenSSH\;C:\Program Files\CMake\bin;C:\Program Files\Git\cmd;C:\Users\luczu\AppData\Local\Microsoft\WindowsApps;C:\Users\luczu\.dotnet\tools;C:\Users\luczu\AppData\Local\GitHubDesktop\bin;;C:\Users\luczu\AppData\Local\Programs\Microsoft VS Code\bin
USERNAME=luczu
OS=Windows_NT
PROCESSOR_IDENTIFIER=Intel64 Family 6 Model 141 Stepping 1, GenuineIntel
TMP=C:\Users\luczu\AppData\Local\Temp
TEMP=C:\Users\luczu\AppData\Local\Temp



Periodic native trim disabled


---------------  S Y S T E M  ---------------

OS:
 Windows 11 , 64 bit Build 22621 (10.0.22621.2506)
OS uptime: 0 days 0:46 hours
Hyper-V role detected

CPU: total 16 (initial active 16) (8 cores per cpu, 2 threads per core) family 6 model 141 stepping 1 microcode 0x4e, cx8, cmov, fxsr, ht, mmx, 3dnowpref, sse, sse2, sse3, ssse3, sse4.1, sse4.2, popcnt, lzcnt, tsc, tscinvbit, avx, avx2, aes, erms, clmul, bmi1, bmi2, adx, avx512f, avx512dq, avx512cd, avx512bw, avx512vl, sha, fma, vzeroupper, avx512_vpopcntdq, avx512_vpclmulqdq, avx512_vaes, avx512_vnni, clflush, clflushopt, clwb, avx512_vbmi2, avx512_vbmi, hv
Processor Information for all 16 processors :
  Max Mhz: 2304, Current Mhz: 2304, Mhz Limit: 2304

Memory: 4k page, system-wide physical 16021M (2870M free)
TotalPageFile size 34453M (AvailPageFile size 14343M)
current process WorkingSet (physical memory assigned to process): 121M, peak: 197M
current process commit charge ("private bytes"): 499M, peak: 617M

vm_info: OpenJDK 64-Bit Server VM (17.0.10+7-LTS) for windows-amd64 JRE (17.0.10+7-LTS), built on Jan 10 2024 22:11:07 by "Administrator" with MS VC++ 16.10 / 16.11 (VS2019)

END.
