#
# A fatal error has been detected by the Java Runtime Environment:
#
#  EXCEPTION_ACCESS_VIOLATION (0xc0000005) at pc=0x00007ffbc46dd550, pid=11976, tid=5176
#
# JRE version: OpenJDK Runtime Environment Corretto-17.0.10.7.1 (17.0.10+7) (build 17.0.10+7-LTS)
# Java VM: OpenJDK 64-Bit Server VM Corretto-17.0.10.7.1 (17.0.10+7-LTS, mixed mode, sharing, tiered, compressed oops, compressed class ptrs, g1 gc, windows-amd64)
# Problematic frame:
# C  [jniRaylib.dll+0x13d550]
#
# No core dump will be written. Minidumps are not enabled by default on client versions of Windows
#
# If you would like to submit a bug report, please visit:
#   https://github.com/corretto/corretto-17/issues/
# The crash happened outside the Java Virtual Machine in native code.
# See problematic frame for where to report the bug.
#

---------------  S U M M A R Y ------------

Command Line: -Dfile.encoding=windows-1252 -Duser.country=NL -Duser.language=nl -Duser.variant PineVille.MenuScene

Host: 11th Gen Intel(R) Core(TM) i7-11800H @ 2.30GHz, 16 cores, 15G,  Windows 11 , 64 bit Build 22621 (10.0.22621.2506)
Time: Fri Feb 16 09:56:02 2024 West-Europa (standaardtijd) elapsed time: 93.103754 seconds (0d 0h 1m 33s)

---------------  T H R E A D  ---------------

Current thread (0x000002360d2ac030):  JavaThread "main" [_thread_in_native, id=5176, stack(0x0000009e54000000,0x0000009e54100000)]

Stack: [0x0000009e54000000,0x0000009e54100000],  sp=0x0000009e540fef80,  free space=1019k
Native frames: (J=compiled Java code, j=interpreted, Vv=VM code, C=native code)
C  [jniRaylib.dll+0x13d550]

Java frames: (J=compiled Java code, j=interpreted, Vv=VM code)
J 852  com.raylib.Raylib.DrawText(Ljava/lang/String;IIILcom/raylib/Raylib$Color;)V (0 bytes) @ 0x000002361c9f9c23 [0x000002361c9f9ba0+0x0000000000000083]
j  PineVille.GameScene.main([Ljava/lang/String;)V+371
j  PineVille.MenuScene.switchToGameScene()V+10
j  PineVille.MenuScene.main([Ljava/lang/String;)V+78
v  ~StubRoutines::call_stub

siginfo: EXCEPTION_ACCESS_VIOLATION (0xc0000005), reading address 0x00000236799863f0


Registers:
RAX=0x00000236799863f0, RBX=0x00000000ff2f3f4c, RCX=0x0000000000000000, RDX=0x0000000000000057
RSP=0x0000009e540fef80, RBP=0x0000023678978750, RSI=0x0000000000000000, RDI=0x000000000000003f
R8 =0x0000000000000000, R9 =0x0000000000000007, R10=0x00000000000000e0, R11=0x000000000000000e
R12=0x00000000000000e0, R13=0x0000000000000000, R14=0x0000000000000001, R15=0x0000009e540ff120
RIP=0x00007ffbc46dd550, EFLAGS=0x0000000000010202


Register to memory mapping:

RIP=0x00007ffbc46dd550 jniRaylib.dll
RAX=0x00000236799863f0 is an unknown value
RBX=0x00000000ff2f3f4c is an unknown value
RCX=0x0 is NULL
RDX=0x0000000000000057 is an unknown value
RSP=0x0000009e540fef80 is pointing into the stack for thread: 0x000002360d2ac030
RBP=0x0000023678978750 points into unknown readable memory: 0x0030203a646f6f57 | 57 6f 6f 64 3a 20 30 00
RSI=0x0 is NULL
RDI=0x000000000000003f is an unknown value
R8 =0x0 is NULL
R9 =0x0000000000000007 is an unknown value
R10=0x00000000000000e0 is an unknown value
R11=0x000000000000000e is an unknown value
R12=0x00000000000000e0 is an unknown value
R13=0x0 is NULL
R14=0x0000000000000001 is an unknown value
R15=0x0000009e540ff120 is pointing into the stack for thread: 0x000002360d2ac030


Top of Stack: (sp=0x0000009e540fef80)
0x0000009e540fef80:   000002360b110000 00007ffb9368042d
0x0000009e540fef90:   000002360af60000 000000000000000c
0x0000009e540fefa0:   0000000000000008 0000000000000000
0x0000009e540fefb0:   41a0000041a00000 00007ffb93670181
0x0000009e540fefc0:   00000000000000e0 0000009e540fef78
0x0000009e540fefd0:   000000e00000000a 0000000200000000
0x0000009e540fefe0:   0000023631428300 0000000000000000
0x0000009e540feff0:   0000023676d6e190 00000236799863f0
0x0000009e540ff000:   0000009e540ff1d8 0000000000000000
0x0000009e540ff010:   00000236765e9530 000002360d2ac030
0x0000009e540ff020:   0000009e540ff138 00007ffb936708be
0x0000009e540ff030:   0000000000000000 0000000000000000
0x0000009e540ff040:   0000000000000000 0000000000000000
0x0000009e540ff050:   0000000000000000 0000000000000000
0x0000009e540ff060:   0000000000000000 0000000000000000
0x0000009e540ff070:   0000000000000000 0000000000000000
0x0000009e540ff080:   0000000000000000 0000000000000000
0x0000009e540ff090:   0000000000000000 0000000000000000
0x0000009e540ff0a0:   0000000000000000 0000000000000000
0x0000009e540ff0b0:   000002367941a950 0000000000000000
0x0000009e540ff0c0:   000000000000001e 0000023678978750
0x0000009e540ff0d0:   000002360d2ac030 0000009e540ff240
0x0000009e540ff0e0:   0000000000000014 00007ffbc46dcf61
0x0000009e540ff0f0:   0000000000000007 000002360d2ac2e8
0x0000009e540ff100:   000002360d2ac030 0000009e540ff208
0x0000009e540ff110:   0000023640400000 00007ffbff2f3f4c
0x0000009e540ff120:   000000e00000000a 0000000200000000
0x0000009e540ff130:   0000008000000080 0000000200000001
0x0000009e540ff140:   0000023676d6e190 00000236799863f0
0x0000009e540ff150:   000002360d2ac2e8 00007ffbc45e57e4
0x0000009e540ff160:   0000000000000014 00000007154b3858
0x0000009e540ff170:   000000000000001e 000002361ca064d0 

Instructions: (pc=0x00007ffbc46dd550)
0x00007ffbc46dd450:   0f 10 8c 24 90 01 00 00 44 0f 29 9c 24 d0 00 00
0x00007ffbc46dd460:   00 f3 44 0f 10 1d aa 21 07 00 44 0f 29 a4 24 c0
0x00007ffbc46dd470:   00 00 00 f3 44 0f 10 64 24 34 49 c1 ea 20 44 0f
0x00007ffbc46dd480:   29 ac 24 b0 00 00 00 f3 44 0f 10 6c 24 30 0f 29
0x00007ffbc46dd490:   54 24 50 44 8b 64 24 54 0f 29 4c 24 70 4c 89 54
0x00007ffbc46dd4a0:   24 40 0f be 14 2e 0f b6 c2 8b ca 24 f8 3c f0 75
0x00007ffbc46dd4b0:   32 0f be 54 2e 01 83 e1 07 0f be 44 2e 02 83 e2
0x00007ffbc46dd4c0:   3f 83 e0 3f c1 e1 06 0b d1 41 be 04 00 00 00 c1
0x00007ffbc46dd4d0:   e2 06 0b d0 0f be 44 2e 03 83 e0 3f c1 e2 06 0b
0x00007ffbc46dd4e0:   d0 eb 56 0f b6 c2 24 f0 3c e0 75 25 0f be 54 2e
0x00007ffbc46dd4f0:   01 83 e1 0f 0f be 44 2e 02 83 e2 3f c1 e1 06 83
0x00007ffbc46dd500:   e0 3f 0b d1 41 be 03 00 00 00 c1 e2 06 0b d0 eb
0x00007ffbc46dd510:   28 80 e2 e0 80 fa c0 75 18 0f be 54 2e 01 83 e1
0x00007ffbc46dd520:   1f 83 e2 3f c1 e1 06 0b d1 41 be 02 00 00 00 eb
0x00007ffbc46dd530:   08 8b d1 41 be 01 00 00 00 33 c9 45 33 c0 bf 3f
0x00007ffbc46dd540:   00 00 00 45 85 d2 7e 1f 48 8b 44 24 78 0f 1f 00
0x00007ffbc46dd550:   39 10 74 10 ff c1 49 ff c0 48 83 c0 28 41 3b cc
0x00007ffbc46dd560:   7c ee eb 03 49 8b f8 83 fa 3f 75 06 44 8d 72 c2
0x00007ffbc46dd570:   eb 30 83 fa 0a 75 21 41 0f 28 c0 0f 57 f6 f3 41
0x00007ffbc46dd580:   0f 59 c3 f3 41 0f 58 c0 f3 0f 59 c7 f3 0f 2c c0
0x00007ffbc46dd590:   44 03 e8 e9 a8 00 00 00 83 fa 20 74 6d 83 fa 09
0x00007ffbc46dd5a0:   74 68 41 0f 10 07 48 8d 8c 24 80 00 00 00 89 5c
0x00007ffbc46dd5b0:   24 20 41 0f 10 4f 10 0f 29 84 24 80 00 00 00 41
0x00007ffbc46dd5c0:   0f 28 e5 41 0f 10 47 20 66 41 0f 6e d5 f3 0f 58
0x00007ffbc46dd5d0:   e6 0f 29 84 24 a0 00 00 00 41 0f 28 da 0f 5b d2
0x00007ffbc46dd5e0:   0f 28 c4 0f 29 8c 24 90 00 00 00 f3 41 0f 58 d4
0x00007ffbc46dd5f0:   0f 14 c2 66 49 0f 7e c0 e8 73 f9 ff ff 4c 8b 8c
0x00007ffbc46dd600:   24 70 01 00 00 4c 8b 54 24 40 49 8b 47 28 48 8d
0x00007ffbc46dd610:   0c bf 8b 54 c8 0c 85 d2 75 12 49 8b 47 20 48 03
0x00007ffbc46dd620:   ff 0f 28 c7 f3 0f 59 44 f8 08 eb 0b 66 0f 6e c2
0x00007ffbc46dd630:   0f 5b c0 f3 0f 59 c7 f3 41 0f 58 c1 f3 0f 58 f0
0x00007ffbc46dd640:   49 03 f6 49 3b f1 0f 8c 56 fe ff ff 44 0f 28 ac 


Stack slot to memory mapping:
stack at sp + 0 slots: 0x000002360b110000 points into unknown readable memory: 0x0000000000000000 | 00 00 00 00 00 00 00 00
stack at sp + 1 slots: 0x00007ffb9368042d jvm.dll
stack at sp + 2 slots: 0x000002360af60000 points into unknown readable memory: 0x0000000000000000 | 00 00 00 00 00 00 00 00
stack at sp + 3 slots: 0x000000000000000c is an unknown value
stack at sp + 4 slots: 0x0000000000000008 is an unknown value
stack at sp + 5 slots: 0x0 is NULL
stack at sp + 6 slots: 0x41a0000041a00000 is an unknown value
stack at sp + 7 slots: 0x00007ffb93670181 jvm.dll


Compiled method (n/a)   93205  852     n 0       com.raylib.Raylib::DrawText (native)
 total in heap  [0x000002361c9f9a10,0x000002361c9f9e00] = 1008
 relocation     [0x000002361c9f9b68,0x000002361c9f9b98] = 48
 main code      [0x000002361c9f9ba0,0x000002361c9f9df8] = 600
 oops           [0x000002361c9f9df8,0x000002361c9f9e00] = 8

[Constant Pool (empty)]

[MachCode]
[Entry Point]
  # {method} {0x0000023672428870} 'DrawText' '(Ljava/lang/String;IIILcom/raylib/Raylib$Color;)V' in 'com/raylib/Raylib'
  # parm0:    rdx:rdx   = 'java/lang/String'
  # parm1:    r8        = int
  # parm2:    r9        = int
  # parm3:    rdi       = int
  # parm4:    rsi:rsi   = 'com/raylib/Raylib$Color'
  #           [sp+0x90]  (sp of caller)
  0x000002361c9f9ba0: 448b 5208 | 49bb 0000 | 0031 3602 | 0000 4d03 | d349 3bc2 | 0f84 0600 

  0x000002361c9f9bb8: ;   {runtime_call ic_miss_stub}
  0x000002361c9f9bb8: 0000 e9c1 | 7986 ff90 
[Verified Entry Point]
  0x000002361c9f9bc0: 8984 2400 | 90ff ff55 | 488b ec48 | 81ec 8000 | 0000 4889 | 7424 5848 | 83fe 0048 | 8d44 2458 
  0x000002361c9f9be0: 480f 4444 | 2458 4889 | 4424 3048 | 897c 2428 | 4c89 4c24 | 204d 8bc8 | 4889 5424 | 3848 83fa 
  0x000002361c9f9c00: 004c 8d44 | 2438 4c0f | 4444 2438 

  0x000002361c9f9c0c: ;   {oop(a 'java/lang/Class'{0x0000000713e00090} = 'com/raylib/Raylib')}
  0x000002361c9f9c0c: 49be 9000 | e013 0700 | 0000 4c89 | 7424 684c | 8d74 2468 | 498b d6c5 

  0x000002361c9f9c24: ;   {internal_word}
  0x000002361c9f9c24: f877 49ba | 239c 9f1c | 3602 0000 | 4d89 97a0 | 0200 0049 | 89a7 9802 

  0x000002361c9f9c3c: ;   {external_word}
  0x000002361c9f9c3c: 0000 49ba | 7935 e193 | fb7f 0000 | 4180 3a00 | 0f84 5200 | 0000 5241 

  0x000002361c9f9c54: ;   {metadata({method} {0x0000023672428870} 'DrawText' '(Ljava/lang/String;IIILcom/raylib/Raylib$Color;)V' in 'com/raylib/Raylib')}
  0x000002361c9f9c54: 5041 5148 | ba68 8842 | 7236 0200 | 0049 8bcf | 4883 ec20 | f7c4 0f00 | 0000 0f84 | 1a00 0000 
  0x000002361c9f9c74: 4883 ec08 

  0x000002361c9f9c78: ;   {runtime_call}
  0x000002361c9f9c78: 49ba 0030 | 9793 fb7f | 0000 41ff | d248 83c4 | 08e9 0d00 

  0x000002361c9f9c8c: ;   {runtime_call}
  0x000002361c9f9c8c: 0000 49ba | 0030 9793 | fb7f 0000 | 41ff d248 | 83c4 2041 | 5941 585a | 498d 8fb8 | 0200 0041 
  0x000002361c9f9cac: c787 4803 | 0000 0400 

  0x000002361c9f9cb4: ;   {runtime_call}
  0x000002361c9f9cb4: 0000 49ba | 6057 5ec4 | fb7f 0000 | 41ff d2c5 | f877 41c7 | 8748 0300 | 0005 0000 | 00f0 8344 
  0x000002361c9f9cd4: 24c0 0049 | 3baf 5003 | 0000 0f87 | 1100 0000 | 4181 bf38 | 0300 0000 | 0000 000f | 8424 0000 
  0x000002361c9f9cf4: 00c5 f877 | 498b cf4c | 8be4 4883 | ec20 4883 

  0x000002361c9f9d04: ;   {runtime_call}
  0x000002361c9f9d04: e4f0 49ba | 9044 a793 | fb7f 0000 | 41ff d249 | 8be4 4d33 | e441 c787 | 4803 0000 | 0800 0000 
  0x000002361c9f9d24: 4181 bfb8 | 0300 0002 | 0000 000f | 849b 0000 

  0x000002361c9f9d34: ;   {external_word}
  0x000002361c9f9d34: 0049 ba79 | 35e1 93fb | 7f00 0041 | 803a 000f | 8448 0000 

  0x000002361c9f9d48: ;   {metadata({method} {0x0000023672428870} 'DrawText' '(Ljava/lang/String;IIILcom/raylib/Raylib$Color;)V' in 'com/raylib/Raylib')}
  0x000002361c9f9d48: 0048 ba68 | 8842 7236 | 0200 0049 | 8bcf 4883 | ec20 f7c4 | 0f00 0000 | 0f84 1a00 | 0000 4883 
  0x000002361c9f9d68: ;   {runtime_call}
  0x000002361c9f9d68: ec08 49ba | 0030 9793 | fb7f 0000 | 41ff d248 | 83c4 08e9 | 0d00 0000 

  0x000002361c9f9d80: ;   {runtime_call}
  0x000002361c9f9d80: 49ba 0030 | 9793 fb7f | 0000 41ff | d248 83c4 | 2049 c787 | 9802 0000 | 0000 0000 | 49c7 87a0 
  0x000002361c9f9da0: 0200 0000 | 0000 00c5 | f877 498b | 8fd8 0000 | 00c7 8100 | 0100 0000 | 0000 00c9 | 4981 7f08 
  0x000002361c9f9dc0: 0000 0000 | 0f85 0100 

  0x000002361c9f9dc8: ;   {runtime_call StubRoutines (1)}
  0x000002361c9f9dc8: 0000 c3e9 | 3071 81ff | c5f8 774c | 8be4 4883 | ec20 4883 

  0x000002361c9f9ddc: ;   {runtime_call}
  0x000002361c9f9ddc: e4f0 49ba | 8060 9793 | fb7f 0000 | 41ff d249 | 8be4 4d33 | e4e9 3fff | ffff f4f4 
[/MachCode]


---------------  P R O C E S S  ---------------

Threads class SMR info:
_java_thread_list=0x000002367733a410, length=13, elements={
0x000002360d2ac030, 0x000002362ff95ed0, 0x000002362ff96a90, 0x000002362ffae3c0,
0x000002362ffaee90, 0x000002362ffafa50, 0x000002362ffb4430, 0x000002362ffb5120,
0x000002362ffb6af0, 0x000002362ffc6930, 0x0000023630d92e40, 0x0000023630d95780,
0x0000023678ab88a0
}

Java Threads: ( => current thread )
=>0x000002360d2ac030 JavaThread "main" [_thread_in_native, id=5176, stack(0x0000009e54000000,0x0000009e54100000)]
  0x000002362ff95ed0 JavaThread "Reference Handler" daemon [_thread_blocked, id=18032, stack(0x0000009e54700000,0x0000009e54800000)]
  0x000002362ff96a90 JavaThread "Finalizer" daemon [_thread_blocked, id=6520, stack(0x0000009e54800000,0x0000009e54900000)]
  0x000002362ffae3c0 JavaThread "Signal Dispatcher" daemon [_thread_blocked, id=2660, stack(0x0000009e54900000,0x0000009e54a00000)]
  0x000002362ffaee90 JavaThread "Attach Listener" daemon [_thread_blocked, id=18380, stack(0x0000009e54a00000,0x0000009e54b00000)]
  0x000002362ffafa50 JavaThread "Service Thread" daemon [_thread_blocked, id=1408, stack(0x0000009e54b00000,0x0000009e54c00000)]
  0x000002362ffb4430 JavaThread "Monitor Deflation Thread" daemon [_thread_blocked, id=24220, stack(0x0000009e54c00000,0x0000009e54d00000)]
  0x000002362ffb5120 JavaThread "C2 CompilerThread0" daemon [_thread_blocked, id=26240, stack(0x0000009e54d00000,0x0000009e54e00000)]
  0x000002362ffb6af0 JavaThread "C1 CompilerThread0" daemon [_thread_blocked, id=7092, stack(0x0000009e54e00000,0x0000009e54f00000)]
  0x000002362ffc6930 JavaThread "Sweeper thread" daemon [_thread_blocked, id=13928, stack(0x0000009e54f00000,0x0000009e55000000)]
  0x0000023630d92e40 JavaThread "Notification Thread" daemon [_thread_blocked, id=12484, stack(0x0000009e55200000,0x0000009e55300000)]
  0x0000023630d95780 JavaThread "Common-Cleaner" daemon [_thread_blocked, id=2820, stack(0x0000009e55400000,0x0000009e55500000)]
  0x0000023678ab88a0 JavaThread "JavaCPP Deallocator" daemon [_thread_blocked, id=7492, stack(0x0000009e55900000,0x0000009e55a00000)]

Other Threads:
  0x000002362ff91780 VMThread "VM Thread" [stack: 0x0000009e54600000,0x0000009e54700000] [id=15952]
  0x0000023630d95330 WatcherThread [stack: 0x0000009e55300000,0x0000009e55400000] [id=23720]
  0x000002360d317ab0 GCTaskThread "GC Thread#0" [stack: 0x0000009e54100000,0x0000009e54200000] [id=23984]
  0x0000023676d7b600 GCTaskThread "GC Thread#1" [stack: 0x0000009e55a00000,0x0000009e55b00000] [id=1880]
  0x00000236782f7970 GCTaskThread "GC Thread#2" [stack: 0x0000009e55b00000,0x0000009e55c00000] [id=30888]
  0x0000023676360130 GCTaskThread "GC Thread#3" [stack: 0x0000009e55c00000,0x0000009e55d00000] [id=29196]
  0x0000023678ff3540 GCTaskThread "GC Thread#4" [stack: 0x0000009e55d00000,0x0000009e55e00000] [id=8744]
  0x00000236774ac1f0 GCTaskThread "GC Thread#5" [stack: 0x0000009e55e00000,0x0000009e55f00000] [id=13224]
  0x000002360d328450 ConcurrentGCThread "G1 Main Marker" [stack: 0x0000009e54200000,0x0000009e54300000] [id=1220]
  0x000002360d329e80 ConcurrentGCThread "G1 Conc#0" [stack: 0x0000009e54300000,0x0000009e54400000] [id=13792]
  0x000002360d35e7f0 ConcurrentGCThread "G1 Refine#0" [stack: 0x0000009e54400000,0x0000009e54500000] [id=3328]
  0x000002362fece270 ConcurrentGCThread "G1 Service" [stack: 0x0000009e54500000,0x0000009e54600000] [id=6164]

Threads with active compile tasks:

VM state: not at safepoint (normal execution)

VM Mutex/Monitor currently owned by a thread: None

Heap address: 0x0000000705a00000, size: 4006 MB, Compressed Oops mode: Zero based, Oop shift amount: 3

CDS archive(s) mapped at: [0x0000023631000000-0x0000023631bb0000-0x0000023631bb0000), size 12255232, SharedBaseAddress: 0x0000023631000000, ArchiveRelocationMode: 1.
Compressed class space mapped at: 0x0000023632000000-0x0000023672000000, reserved size: 1073741824
Narrow klass base: 0x0000023631000000, Narrow klass shift: 0, Narrow klass range: 0x100000000

GC Precious Log:
 CPUs: 16 total, 16 available
 Memory: 16021M
 Large Page Support: Disabled
 NUMA Support: Disabled
 Compressed Oops: Enabled (Zero based)
 Heap Region Size: 2M
 Heap Min Capacity: 8M
 Heap Initial Capacity: 252M
 Heap Max Capacity: 4006M
 Pre-touch: Disabled
 Parallel Workers: 13
 Concurrent Workers: 3
 Concurrent Refinement Workers: 13
 Periodic GC: Disabled

Heap:
 garbage-first heap   total 258048K, used 11935K [0x0000000705a00000, 0x0000000800000000)
  region size 2048K, 7 young (14336K), 1 survivors (2048K)
 Metaspace       used 2135K, committed 2304K, reserved 1114112K
  class space    used 180K, committed 256K, reserved 1048576K

Heap Regions: E=young(eden), S=young(survivor), O=old, HS=humongous(starts), HC=humongous(continues), CS=collection set, F=free, OA=open archive, CA=closed archive, TAMS=top-at-mark-start (previous, next)
|   0|0x0000000705a00000, 0x0000000705a00000, 0x0000000705c00000|  0%| F|  |TAMS 0x0000000705a00000, 0x0000000705a00000| Untracked 
|   1|0x0000000705c00000, 0x0000000705c00000, 0x0000000705e00000|  0%| F|  |TAMS 0x0000000705c00000, 0x0000000705c00000| Untracked 
|   2|0x0000000705e00000, 0x0000000705e00000, 0x0000000706000000|  0%| F|  |TAMS 0x0000000705e00000, 0x0000000705e00000| Untracked 
|   3|0x0000000706000000, 0x0000000706000000, 0x0000000706200000|  0%| F|  |TAMS 0x0000000706000000, 0x0000000706000000| Untracked 
|   4|0x0000000706200000, 0x0000000706200000, 0x0000000706400000|  0%| F|  |TAMS 0x0000000706200000, 0x0000000706200000| Untracked 
|   5|0x0000000706400000, 0x0000000706400000, 0x0000000706600000|  0%| F|  |TAMS 0x0000000706400000, 0x0000000706400000| Untracked 
|   6|0x0000000706600000, 0x0000000706600000, 0x0000000706800000|  0%| F|  |TAMS 0x0000000706600000, 0x0000000706600000| Untracked 
|   7|0x0000000706800000, 0x0000000706800000, 0x0000000706a00000|  0%| F|  |TAMS 0x0000000706800000, 0x0000000706800000| Untracked 
|   8|0x0000000706a00000, 0x0000000706a00000, 0x0000000706c00000|  0%| F|  |TAMS 0x0000000706a00000, 0x0000000706a00000| Untracked 
|   9|0x0000000706c00000, 0x0000000706c00000, 0x0000000706e00000|  0%| F|  |TAMS 0x0000000706c00000, 0x0000000706c00000| Untracked 
|  10|0x0000000706e00000, 0x0000000706e00000, 0x0000000707000000|  0%| F|  |TAMS 0x0000000706e00000, 0x0000000706e00000| Untracked 
|  11|0x0000000707000000, 0x0000000707000000, 0x0000000707200000|  0%| F|  |TAMS 0x0000000707000000, 0x0000000707000000| Untracked 
|  12|0x0000000707200000, 0x0000000707200000, 0x0000000707400000|  0%| F|  |TAMS 0x0000000707200000, 0x0000000707200000| Untracked 
|  13|0x0000000707400000, 0x0000000707400000, 0x0000000707600000|  0%| F|  |TAMS 0x0000000707400000, 0x0000000707400000| Untracked 
|  14|0x0000000707600000, 0x0000000707600000, 0x0000000707800000|  0%| F|  |TAMS 0x0000000707600000, 0x0000000707600000| Untracked 
|  15|0x0000000707800000, 0x0000000707800000, 0x0000000707a00000|  0%| F|  |TAMS 0x0000000707800000, 0x0000000707800000| Untracked 
|  16|0x0000000707a00000, 0x0000000707a00000, 0x0000000707c00000|  0%| F|  |TAMS 0x0000000707a00000, 0x0000000707a00000| Untracked 
|  17|0x0000000707c00000, 0x0000000707c00000, 0x0000000707e00000|  0%| F|  |TAMS 0x0000000707c00000, 0x0000000707c00000| Untracked 
|  18|0x0000000707e00000, 0x0000000707e00000, 0x0000000708000000|  0%| F|  |TAMS 0x0000000707e00000, 0x0000000707e00000| Untracked 
|  19|0x0000000708000000, 0x0000000708000000, 0x0000000708200000|  0%| F|  |TAMS 0x0000000708000000, 0x0000000708000000| Untracked 
|  20|0x0000000708200000, 0x0000000708200000, 0x0000000708400000|  0%| F|  |TAMS 0x0000000708200000, 0x0000000708200000| Untracked 
|  21|0x0000000708400000, 0x0000000708400000, 0x0000000708600000|  0%| F|  |TAMS 0x0000000708400000, 0x0000000708400000| Untracked 
|  22|0x0000000708600000, 0x0000000708600000, 0x0000000708800000|  0%| F|  |TAMS 0x0000000708600000, 0x0000000708600000| Untracked 
|  23|0x0000000708800000, 0x0000000708800000, 0x0000000708a00000|  0%| F|  |TAMS 0x0000000708800000, 0x0000000708800000| Untracked 
|  24|0x0000000708a00000, 0x0000000708a00000, 0x0000000708c00000|  0%| F|  |TAMS 0x0000000708a00000, 0x0000000708a00000| Untracked 
|  25|0x0000000708c00000, 0x0000000708c00000, 0x0000000708e00000|  0%| F|  |TAMS 0x0000000708c00000, 0x0000000708c00000| Untracked 
|  26|0x0000000708e00000, 0x0000000708e00000, 0x0000000709000000|  0%| F|  |TAMS 0x0000000708e00000, 0x0000000708e00000| Untracked 
|  27|0x0000000709000000, 0x0000000709000000, 0x0000000709200000|  0%| F|  |TAMS 0x0000000709000000, 0x0000000709000000| Untracked 
|  28|0x0000000709200000, 0x0000000709200000, 0x0000000709400000|  0%| F|  |TAMS 0x0000000709200000, 0x0000000709200000| Untracked 
|  29|0x0000000709400000, 0x0000000709400000, 0x0000000709600000|  0%| F|  |TAMS 0x0000000709400000, 0x0000000709400000| Untracked 
|  30|0x0000000709600000, 0x0000000709600000, 0x0000000709800000|  0%| F|  |TAMS 0x0000000709600000, 0x0000000709600000| Untracked 
|  31|0x0000000709800000, 0x0000000709800000, 0x0000000709a00000|  0%| F|  |TAMS 0x0000000709800000, 0x0000000709800000| Untracked 
|  32|0x0000000709a00000, 0x0000000709a00000, 0x0000000709c00000|  0%| F|  |TAMS 0x0000000709a00000, 0x0000000709a00000| Untracked 
|  33|0x0000000709c00000, 0x0000000709c00000, 0x0000000709e00000|  0%| F|  |TAMS 0x0000000709c00000, 0x0000000709c00000| Untracked 
|  34|0x0000000709e00000, 0x0000000709e00000, 0x000000070a000000|  0%| F|  |TAMS 0x0000000709e00000, 0x0000000709e00000| Untracked 
|  35|0x000000070a000000, 0x000000070a000000, 0x000000070a200000|  0%| F|  |TAMS 0x000000070a000000, 0x000000070a000000| Untracked 
|  36|0x000000070a200000, 0x000000070a200000, 0x000000070a400000|  0%| F|  |TAMS 0x000000070a200000, 0x000000070a200000| Untracked 
|  37|0x000000070a400000, 0x000000070a400000, 0x000000070a600000|  0%| F|  |TAMS 0x000000070a400000, 0x000000070a400000| Untracked 
|  38|0x000000070a600000, 0x000000070a600000, 0x000000070a800000|  0%| F|  |TAMS 0x000000070a600000, 0x000000070a600000| Untracked 
|  39|0x000000070a800000, 0x000000070a800000, 0x000000070aa00000|  0%| F|  |TAMS 0x000000070a800000, 0x000000070a800000| Untracked 
|  40|0x000000070aa00000, 0x000000070aa00000, 0x000000070ac00000|  0%| F|  |TAMS 0x000000070aa00000, 0x000000070aa00000| Untracked 
|  41|0x000000070ac00000, 0x000000070ac00000, 0x000000070ae00000|  0%| F|  |TAMS 0x000000070ac00000, 0x000000070ac00000| Untracked 
|  42|0x000000070ae00000, 0x000000070ae00000, 0x000000070b000000|  0%| F|  |TAMS 0x000000070ae00000, 0x000000070ae00000| Untracked 
|  43|0x000000070b000000, 0x000000070b000000, 0x000000070b200000|  0%| F|  |TAMS 0x000000070b000000, 0x000000070b000000| Untracked 
|  44|0x000000070b200000, 0x000000070b200000, 0x000000070b400000|  0%| F|  |TAMS 0x000000070b200000, 0x000000070b200000| Untracked 
|  45|0x000000070b400000, 0x000000070b400000, 0x000000070b600000|  0%| F|  |TAMS 0x000000070b400000, 0x000000070b400000| Untracked 
|  46|0x000000070b600000, 0x000000070b600000, 0x000000070b800000|  0%| F|  |TAMS 0x000000070b600000, 0x000000070b600000| Untracked 
|  47|0x000000070b800000, 0x000000070b800000, 0x000000070ba00000|  0%| F|  |TAMS 0x000000070b800000, 0x000000070b800000| Untracked 
|  48|0x000000070ba00000, 0x000000070ba00000, 0x000000070bc00000|  0%| F|  |TAMS 0x000000070ba00000, 0x000000070ba00000| Untracked 
|  49|0x000000070bc00000, 0x000000070bc00000, 0x000000070be00000|  0%| F|  |TAMS 0x000000070bc00000, 0x000000070bc00000| Untracked 
|  50|0x000000070be00000, 0x000000070be00000, 0x000000070c000000|  0%| F|  |TAMS 0x000000070be00000, 0x000000070be00000| Untracked 
|  51|0x000000070c000000, 0x000000070c000000, 0x000000070c200000|  0%| F|  |TAMS 0x000000070c000000, 0x000000070c000000| Untracked 
|  52|0x000000070c200000, 0x000000070c200000, 0x000000070c400000|  0%| F|  |TAMS 0x000000070c200000, 0x000000070c200000| Untracked 
|  53|0x000000070c400000, 0x000000070c400000, 0x000000070c600000|  0%| F|  |TAMS 0x000000070c400000, 0x000000070c400000| Untracked 
|  54|0x000000070c600000, 0x000000070c600000, 0x000000070c800000|  0%| F|  |TAMS 0x000000070c600000, 0x000000070c600000| Untracked 
|  55|0x000000070c800000, 0x000000070c800000, 0x000000070ca00000|  0%| F|  |TAMS 0x000000070c800000, 0x000000070c800000| Untracked 
|  56|0x000000070ca00000, 0x000000070ca00000, 0x000000070cc00000|  0%| F|  |TAMS 0x000000070ca00000, 0x000000070ca00000| Untracked 
|  57|0x000000070cc00000, 0x000000070cc00000, 0x000000070ce00000|  0%| F|  |TAMS 0x000000070cc00000, 0x000000070cc00000| Untracked 
|  58|0x000000070ce00000, 0x000000070ce00000, 0x000000070d000000|  0%| F|  |TAMS 0x000000070ce00000, 0x000000070ce00000| Untracked 
|  59|0x000000070d000000, 0x000000070d000000, 0x000000070d200000|  0%| F|  |TAMS 0x000000070d000000, 0x000000070d000000| Untracked 
|  60|0x000000070d200000, 0x000000070d200000, 0x000000070d400000|  0%| F|  |TAMS 0x000000070d200000, 0x000000070d200000| Untracked 
|  61|0x000000070d400000, 0x000000070d400000, 0x000000070d600000|  0%| F|  |TAMS 0x000000070d400000, 0x000000070d400000| Untracked 
|  62|0x000000070d600000, 0x000000070d600000, 0x000000070d800000|  0%| F|  |TAMS 0x000000070d600000, 0x000000070d600000| Untracked 
|  63|0x000000070d800000, 0x000000070d800000, 0x000000070da00000|  0%| F|  |TAMS 0x000000070d800000, 0x000000070d800000| Untracked 
|  64|0x000000070da00000, 0x000000070da00000, 0x000000070dc00000|  0%| F|  |TAMS 0x000000070da00000, 0x000000070da00000| Untracked 
|  65|0x000000070dc00000, 0x000000070dc00000, 0x000000070de00000|  0%| F|  |TAMS 0x000000070dc00000, 0x000000070dc00000| Untracked 
|  66|0x000000070de00000, 0x000000070de00000, 0x000000070e000000|  0%| F|  |TAMS 0x000000070de00000, 0x000000070de00000| Untracked 
|  67|0x000000070e000000, 0x000000070e000000, 0x000000070e200000|  0%| F|  |TAMS 0x000000070e000000, 0x000000070e000000| Untracked 
|  68|0x000000070e200000, 0x000000070e200000, 0x000000070e400000|  0%| F|  |TAMS 0x000000070e200000, 0x000000070e200000| Untracked 
|  69|0x000000070e400000, 0x000000070e400000, 0x000000070e600000|  0%| F|  |TAMS 0x000000070e400000, 0x000000070e400000| Untracked 
|  70|0x000000070e600000, 0x000000070e600000, 0x000000070e800000|  0%| F|  |TAMS 0x000000070e600000, 0x000000070e600000| Untracked 
|  71|0x000000070e800000, 0x000000070e800000, 0x000000070ea00000|  0%| F|  |TAMS 0x000000070e800000, 0x000000070e800000| Untracked 
|  72|0x000000070ea00000, 0x000000070ea00000, 0x000000070ec00000|  0%| F|  |TAMS 0x000000070ea00000, 0x000000070ea00000| Untracked 
|  73|0x000000070ec00000, 0x000000070ec00000, 0x000000070ee00000|  0%| F|  |TAMS 0x000000070ec00000, 0x000000070ec00000| Untracked 
|  74|0x000000070ee00000, 0x000000070ee00000, 0x000000070f000000|  0%| F|  |TAMS 0x000000070ee00000, 0x000000070ee00000| Untracked 
|  75|0x000000070f000000, 0x000000070f000000, 0x000000070f200000|  0%| F|  |TAMS 0x000000070f000000, 0x000000070f000000| Untracked 
|  76|0x000000070f200000, 0x000000070f200000, 0x000000070f400000|  0%| F|  |TAMS 0x000000070f200000, 0x000000070f200000| Untracked 
|  77|0x000000070f400000, 0x000000070f400000, 0x000000070f600000|  0%| F|  |TAMS 0x000000070f400000, 0x000000070f400000| Untracked 
|  78|0x000000070f600000, 0x000000070f600000, 0x000000070f800000|  0%| F|  |TAMS 0x000000070f600000, 0x000000070f600000| Untracked 
|  79|0x000000070f800000, 0x000000070f800000, 0x000000070fa00000|  0%| F|  |TAMS 0x000000070f800000, 0x000000070f800000| Untracked 
|  80|0x000000070fa00000, 0x000000070fa00000, 0x000000070fc00000|  0%| F|  |TAMS 0x000000070fa00000, 0x000000070fa00000| Untracked 
|  81|0x000000070fc00000, 0x000000070fc00000, 0x000000070fe00000|  0%| F|  |TAMS 0x000000070fc00000, 0x000000070fc00000| Untracked 
|  82|0x000000070fe00000, 0x000000070fe00000, 0x0000000710000000|  0%| F|  |TAMS 0x000000070fe00000, 0x000000070fe00000| Untracked 
|  83|0x0000000710000000, 0x0000000710000000, 0x0000000710200000|  0%| F|  |TAMS 0x0000000710000000, 0x0000000710000000| Untracked 
|  84|0x0000000710200000, 0x0000000710200000, 0x0000000710400000|  0%| F|  |TAMS 0x0000000710200000, 0x0000000710200000| Untracked 
|  85|0x0000000710400000, 0x0000000710400000, 0x0000000710600000|  0%| F|  |TAMS 0x0000000710400000, 0x0000000710400000| Untracked 
|  86|0x0000000710600000, 0x0000000710600000, 0x0000000710800000|  0%| F|  |TAMS 0x0000000710600000, 0x0000000710600000| Untracked 
|  87|0x0000000710800000, 0x0000000710800000, 0x0000000710a00000|  0%| F|  |TAMS 0x0000000710800000, 0x0000000710800000| Untracked 
|  88|0x0000000710a00000, 0x0000000710a00000, 0x0000000710c00000|  0%| F|  |TAMS 0x0000000710a00000, 0x0000000710a00000| Untracked 
|  89|0x0000000710c00000, 0x0000000710c00000, 0x0000000710e00000|  0%| F|  |TAMS 0x0000000710c00000, 0x0000000710c00000| Untracked 
|  90|0x0000000710e00000, 0x0000000710e00000, 0x0000000711000000|  0%| F|  |TAMS 0x0000000710e00000, 0x0000000710e00000| Untracked 
|  91|0x0000000711000000, 0x0000000711000000, 0x0000000711200000|  0%| F|  |TAMS 0x0000000711000000, 0x0000000711000000| Untracked 
|  92|0x0000000711200000, 0x0000000711200000, 0x0000000711400000|  0%| F|  |TAMS 0x0000000711200000, 0x0000000711200000| Untracked 
|  93|0x0000000711400000, 0x0000000711400000, 0x0000000711600000|  0%| F|  |TAMS 0x0000000711400000, 0x0000000711400000| Untracked 
|  94|0x0000000711600000, 0x0000000711600000, 0x0000000711800000|  0%| F|  |TAMS 0x0000000711600000, 0x0000000711600000| Untracked 
|  95|0x0000000711800000, 0x0000000711800000, 0x0000000711a00000|  0%| F|  |TAMS 0x0000000711800000, 0x0000000711800000| Untracked 
|  96|0x0000000711a00000, 0x0000000711a00000, 0x0000000711c00000|  0%| F|  |TAMS 0x0000000711a00000, 0x0000000711a00000| Untracked 
|  97|0x0000000711c00000, 0x0000000711c00000, 0x0000000711e00000|  0%| F|  |TAMS 0x0000000711c00000, 0x0000000711c00000| Untracked 
|  98|0x0000000711e00000, 0x0000000711e00000, 0x0000000712000000|  0%| F|  |TAMS 0x0000000711e00000, 0x0000000711e00000| Untracked 
|  99|0x0000000712000000, 0x0000000712000000, 0x0000000712200000|  0%| F|  |TAMS 0x0000000712000000, 0x0000000712000000| Untracked 
| 100|0x0000000712200000, 0x0000000712200000, 0x0000000712400000|  0%| F|  |TAMS 0x0000000712200000, 0x0000000712200000| Untracked 
| 101|0x0000000712400000, 0x0000000712400000, 0x0000000712600000|  0%| F|  |TAMS 0x0000000712400000, 0x0000000712400000| Untracked 
| 102|0x0000000712600000, 0x0000000712600000, 0x0000000712800000|  0%| F|  |TAMS 0x0000000712600000, 0x0000000712600000| Untracked 
| 103|0x0000000712800000, 0x0000000712800000, 0x0000000712a00000|  0%| F|  |TAMS 0x0000000712800000, 0x0000000712800000| Untracked 
| 104|0x0000000712a00000, 0x0000000712a00000, 0x0000000712c00000|  0%| F|  |TAMS 0x0000000712a00000, 0x0000000712a00000| Untracked 
| 105|0x0000000712c00000, 0x0000000712c00000, 0x0000000712e00000|  0%| F|  |TAMS 0x0000000712c00000, 0x0000000712c00000| Untracked 
| 106|0x0000000712e00000, 0x0000000712e00000, 0x0000000713000000|  0%| F|  |TAMS 0x0000000712e00000, 0x0000000712e00000| Untracked 
| 107|0x0000000713000000, 0x0000000713000000, 0x0000000713200000|  0%| F|  |TAMS 0x0000000713000000, 0x0000000713000000| Untracked 
| 108|0x0000000713200000, 0x0000000713200000, 0x0000000713400000|  0%| F|  |TAMS 0x0000000713200000, 0x0000000713200000| Untracked 
| 109|0x0000000713400000, 0x0000000713400000, 0x0000000713600000|  0%| F|  |TAMS 0x0000000713400000, 0x0000000713400000| Untracked 
| 110|0x0000000713600000, 0x0000000713600000, 0x0000000713800000|  0%| F|  |TAMS 0x0000000713600000, 0x0000000713600000| Untracked 
| 111|0x0000000713800000, 0x0000000713800000, 0x0000000713a00000|  0%| F|  |TAMS 0x0000000713800000, 0x0000000713800000| Untracked 
| 112|0x0000000713a00000, 0x0000000713a00000, 0x0000000713c00000|  0%| F|  |TAMS 0x0000000713a00000, 0x0000000713a00000| Untracked 
| 113|0x0000000713c00000, 0x0000000713c00000, 0x0000000713e00000|  0%| F|  |TAMS 0x0000000713c00000, 0x0000000713c00000| Untracked 
| 114|0x0000000713e00000, 0x0000000713fa7fa0, 0x0000000714000000| 82%| S|CS|TAMS 0x0000000713e00000, 0x0000000713e00000| Complete 
| 115|0x0000000714000000, 0x0000000714000000, 0x0000000714200000|  0%| F|  |TAMS 0x0000000714000000, 0x0000000714000000| Untracked 
| 116|0x0000000714200000, 0x0000000714200000, 0x0000000714400000|  0%| F|  |TAMS 0x0000000714200000, 0x0000000714200000| Untracked 
| 117|0x0000000714400000, 0x0000000714400000, 0x0000000714600000|  0%| F|  |TAMS 0x0000000714400000, 0x0000000714400000| Untracked 
| 118|0x0000000714600000, 0x0000000714600000, 0x0000000714800000|  0%| F|  |TAMS 0x0000000714600000, 0x0000000714600000| Untracked 
| 119|0x0000000714800000, 0x0000000714800000, 0x0000000714a00000|  0%| F|  |TAMS 0x0000000714800000, 0x0000000714800000| Untracked 
| 120|0x0000000714a00000, 0x0000000714ac4c28, 0x0000000714c00000| 38%| E|  |TAMS 0x0000000714a00000, 0x0000000714a00000| Complete 
| 121|0x0000000714c00000, 0x0000000714e00000, 0x0000000714e00000|100%| E|CS|TAMS 0x0000000714c00000, 0x0000000714c00000| Complete 
| 122|0x0000000714e00000, 0x0000000715000000, 0x0000000715000000|100%| E|CS|TAMS 0x0000000714e00000, 0x0000000714e00000| Complete 
| 123|0x0000000715000000, 0x0000000715200000, 0x0000000715200000|100%| E|CS|TAMS 0x0000000715000000, 0x0000000715000000| Complete 
| 124|0x0000000715200000, 0x0000000715400000, 0x0000000715400000|100%| E|CS|TAMS 0x0000000715200000, 0x0000000715200000| Complete 
| 125|0x0000000715400000, 0x0000000715600000, 0x0000000715600000|100%| E|CS|TAMS 0x0000000715400000, 0x0000000715400000| Complete 

Card table byte_map: [0x0000023624e20000,0x0000023625600000] _byte_map_base: 0x00000236215f3000

Marking Bits (Prev, Next): (CMBitMap*) 0x000002360d3180d0, (CMBitMap*) 0x000002360d318110
 Prev Bits: [0x0000023625de0000, 0x0000023629c78000)
 Next Bits: [0x0000023629c80000, 0x000002362db18000)

Polling page: 0x000002360ca60000

Metaspace:

Usage:
  Non-class:      1.91 MB used.
      Class:    180.99 KB used.
       Both:      2.09 MB used.

Virtual space:
  Non-class space:       64.00 MB reserved,       2.00 MB (  3%) committed,  1 nodes.
      Class space:        1.00 GB reserved,     256.00 KB ( <1%) committed,  1 nodes.
             Both:        1.06 GB reserved,       2.25 MB ( <1%) committed. 

Chunk freelists:
   Non-Class:  11.22 MB
       Class:  15.65 MB
        Both:  26.87 MB

MaxMetaspaceSize: unlimited
CompressedClassSpaceSize: 1.00 GB
Initial GC threshold: 21.00 MB
Current GC threshold: 21.00 MB
CDS: on
MetaspaceReclaimPolicy: balanced
 - commit_granule_bytes: 65536.
 - commit_granule_words: 8192.
 - virtual_space_node_default_size: 8388608.
 - enlarge_chunks_in_place: 1.
 - new_chunks_are_fully_committed: 0.
 - uncommit_free_chunks: 1.
 - use_allocation_guard: 0.
 - handle_deallocations: 1.


Internal statistics:

num_allocs_failed_limit: 0.
num_arena_births: 32.
num_arena_deaths: 0.
num_vsnodes_births: 2.
num_vsnodes_deaths: 0.
num_space_committed: 36.
num_space_uncommitted: 0.
num_chunks_returned_to_freelist: 0.
num_chunks_taken_from_freelist: 72.
num_chunk_merges: 0.
num_chunk_splits: 52.
num_chunks_enlarged: 38.
num_inconsistent_stats: 0.

CodeHeap 'non-profiled nmethods': size=119168Kb used=671Kb max_used=671Kb free=118497Kb
 bounds [0x000002361c960000, 0x000002361cbd0000, 0x0000023623dc0000]
CodeHeap 'profiled nmethods': size=119104Kb used=1417Kb max_used=1417Kb free=117687Kb
 bounds [0x0000023614dc0000, 0x0000023615030000, 0x000002361c210000]
CodeHeap 'non-nmethods': size=7488Kb used=1157Kb max_used=2916Kb free=6330Kb
 bounds [0x000002361c210000, 0x000002361c4f0000, 0x000002361c960000]
 total_blobs=1324 nmethods=887 adapters=350
 compilation: enabled
              stopped_count=0, restarted_count=0
 full_count=0

Compilation events (20 events):
Event: 52.066 Thread 0x000002362ffb5120  878       4       java.lang.invoke.LambdaForm$MH/0x0000023632019400::invoke (75 bytes)
Event: 52.068 Thread 0x000002362ffb5120 nmethod 878 0x000002361ca05010 code [0x000002361ca051e0, 0x000002361ca05400]
Event: 53.133 Thread 0x000002362ffb5120  879       4       java.lang.invoke.DirectMethodHandle$Holder::invokeStatic (17 bytes)
Event: 53.135 Thread 0x000002362ffb5120 nmethod 879 0x000002361ca05790 code [0x000002361ca05920, 0x000002361ca059e8]
Event: 59.583 Thread 0x000002362ffb5120  880       4       java.lang.Integer::getChars (131 bytes)
Event: 59.585 Thread 0x000002362ffb5120 nmethod 880 0x000002361ca05b10 code [0x000002361ca05c80, 0x000002361ca05db8]
Event: 60.600 Thread 0x000002362ffb5120  881       4       java.lang.invoke.LambdaForm$MH/0x0000023632019000::invoke (27 bytes)
Event: 60.602 Thread 0x000002362ffb5120 nmethod 881 0x000002361ca05f10 code [0x000002361ca060a0, 0x000002361ca06198]
Event: 60.602 Thread 0x000002362ffb5120  882       4       java.lang.invoke.DirectMethodHandle$Holder::invokeStatic (17 bytes)
Event: 60.602 Thread 0x000002360d2b7a30  883       4       java.lang.StringConcatHelper::mix (11 bytes)
Event: 60.602 Thread 0x000002362ffb5120 nmethod 882 0x000002361ca06310 code [0x000002361ca064a0, 0x000002361ca06568]
Event: 60.602 Thread 0x000002362ffb5120  884       4       java.lang.invoke.DirectMethodHandle$Holder::invokeStatic (14 bytes)
Event: 60.602 Thread 0x000002360b11a7a0  885       4       java.lang.invoke.LambdaForm$MH/0x0000023632018400::invoke (32 bytes)
Event: 60.604 Thread 0x000002360d2b7a30 nmethod 883 0x000002361ca06690 code [0x000002361ca06800, 0x000002361ca068b8]
Event: 60.604 Thread 0x000002360d2b7a30  886       4       java.lang.invoke.DirectMethodHandle$Holder::invokeStatic (21 bytes)
Event: 60.605 Thread 0x000002362ffb5120 nmethod 884 0x000002361ca06990 code [0x000002361ca06b20, 0x000002361ca06be8]
Event: 60.605 Thread 0x000002362ffb5120  887       4       java.lang.StringConcatHelper::prepend (22 bytes)
Event: 60.605 Thread 0x000002360b11a7a0 nmethod 885 0x000002361ca06d10 code [0x000002361ca06ea0, 0x000002361ca06fb8]
Event: 60.605 Thread 0x000002360d2b7a30 nmethod 886 0x000002361ca07110 code [0x000002361ca072a0, 0x000002361ca07388]
Event: 60.606 Thread 0x000002362ffb5120 nmethod 887 0x000002361ca07490 code [0x000002361ca07620, 0x000002361ca078b8]

GC Heap History (2 events):
Event: 0.576 GC heap before
{Heap before GC invocations=0 (full 0):
 garbage-first heap   total 258048K, used 22528K [0x0000000705a00000, 0x0000000800000000)
  region size 2048K, 11 young (22528K), 0 survivors (0K)
 Metaspace       used 1747K, committed 1856K, reserved 1114112K
  class space    used 131K, committed 192K, reserved 1048576K
}
Event: 0.579 GC heap after
{Heap after GC invocations=1 (full 0):
 garbage-first heap   total 258048K, used 1695K [0x0000000705a00000, 0x0000000800000000)
  region size 2048K, 1 young (2048K), 1 survivors (2048K)
 Metaspace       used 1747K, committed 1856K, reserved 1114112K
  class space    used 131K, committed 192K, reserved 1048576K
}

Dll operation events (20 events):
Event: 0.357 Loaded shared library C:\Program Files (x86)\Windows Kits\10\Redist\ucrt\DLLs\x64\api-ms-win-core-rtlsupport-l1-1-0.dll
Event: 0.369 Loaded shared library C:\Program Files (x86)\Windows Kits\10\Redist\ucrt\DLLs\x64\api-ms-win-core-processthreads-l1-1-1.dll
Event: 0.380 Loaded shared library C:\Program Files (x86)\Windows Kits\10\Redist\ucrt\DLLs\x64\api-ms-win-core-file-l1-2-0.dll
Event: 0.391 Loaded shared library C:\Program Files (x86)\Windows Kits\10\Redist\ucrt\DLLs\x64\api-ms-win-core-profile-l1-1-0.dll
Event: 0.404 Loaded shared library C:\Program Files (x86)\Windows Kits\10\Redist\ucrt\DLLs\x64\api-ms-win-core-memory-l1-1-0.dll
Event: 0.415 Loaded shared library C:\Program Files (x86)\Windows Kits\10\Redist\ucrt\DLLs\x64\api-ms-win-core-util-l1-1-0.dll
Event: 0.428 Loaded shared library C:\Program Files (x86)\Windows Kits\10\Redist\ucrt\DLLs\x64\api-ms-win-core-interlocked-l1-1-0.dll
Event: 0.441 Loaded shared library C:\Program Files (x86)\Windows Kits\10\Redist\ucrt\DLLs\x64\ucrtbase.dll
Event: 0.451 Loaded shared library C:\Users\luczu\.jdks\corretto-17.0.10\bin\vcruntime140.dll
Event: 0.464 Loaded shared library C:\Users\luczu\.jdks\corretto-17.0.10\bin\vcruntime140_1.dll
Event: 0.474 Loaded shared library C:\Users\luczu\.jdks\corretto-17.0.10\bin\msvcp140.dll
Event: 0.484 Loaded shared library C:\Windows\System32\msvcp140_1.dll
Event: 0.497 Loaded shared library C:\Windows\System32\concrt140.dll
Event: 0.509 Loaded shared library C:\Windows\System32\vcomp140.dll
Event: 0.523 Loaded shared library C:\Windows\System32\winmm.dll
Event: 0.525 Loaded shared library C:\Windows\System32\opengl32.dll
Event: 0.527 Loaded shared library C:\Windows\System32\user32.dll
Event: 0.528 Loaded shared library C:\Windows\System32\shell32.dll
Event: 0.529 Loaded shared library C:\Windows\System32\gdi32.dll
Event: 0.555 Loaded shared library C:\Users\luczu\.javacpp\cache\jaylib-4.5.0-0.jar\com\raylib\windows-x86_64\jniRaylib.dll

Deoptimization events (20 events):
Event: 0.547 Thread 0x000002360d2ac030 Uncommon trap: trap_request=0xffffffc6 fr.pc=0x000002361c97c3bc relative=0x00000000000005dc
Event: 0.547 Thread 0x000002360d2ac030 Uncommon trap: reason=bimorphic_or_optimized_type_check action=maybe_recompile pc=0x000002361c97c3bc method=java.util.concurrent.ConcurrentHashMap.get(Ljava/lang/Object;)Ljava/lang/Object; @ 149 c2
Event: 0.547 Thread 0x000002360d2ac030 DEOPT PACKING pc=0x000002361c97c3bc sp=0x0000009e540fda60
Event: 0.547 Thread 0x000002360d2ac030 DEOPT UNPACKING pc=0x000002361c26a1a3 sp=0x0000009e540fda00 mode 2
Event: 0.547 Thread 0x000002360d2ac030 Uncommon trap: trap_request=0xffffffc6 fr.pc=0x000002361c97c3bc relative=0x00000000000005dc
Event: 0.547 Thread 0x000002360d2ac030 Uncommon trap: reason=bimorphic_or_optimized_type_check action=maybe_recompile pc=0x000002361c97c3bc method=java.util.concurrent.ConcurrentHashMap.get(Ljava/lang/Object;)Ljava/lang/Object; @ 149 c2
Event: 0.547 Thread 0x000002360d2ac030 DEOPT PACKING pc=0x000002361c97c3bc sp=0x0000009e540fda60
Event: 0.547 Thread 0x000002360d2ac030 DEOPT UNPACKING pc=0x000002361c26a1a3 sp=0x0000009e540fda00 mode 2
Event: 0.547 Thread 0x000002360d2ac030 Uncommon trap: trap_request=0xffffffc6 fr.pc=0x000002361c97c3bc relative=0x00000000000005dc
Event: 0.547 Thread 0x000002360d2ac030 Uncommon trap: reason=bimorphic_or_optimized_type_check action=maybe_recompile pc=0x000002361c97c3bc method=java.util.concurrent.ConcurrentHashMap.get(Ljava/lang/Object;)Ljava/lang/Object; @ 149 c2
Event: 0.547 Thread 0x000002360d2ac030 DEOPT PACKING pc=0x000002361c97c3bc sp=0x0000009e540fda60
Event: 0.547 Thread 0x000002360d2ac030 DEOPT UNPACKING pc=0x000002361c26a1a3 sp=0x0000009e540fda00 mode 2
Event: 0.574 Thread 0x000002360d2ac030 DEOPT PACKING pc=0x0000023614eb1d48 sp=0x0000009e540f96d0
Event: 0.574 Thread 0x000002360d2ac030 DEOPT UNPACKING pc=0x000002361c26ace3 sp=0x0000009e540f8be8 mode 0
Event: 0.584 Thread 0x000002360d2ac030 DEOPT PACKING pc=0x0000023614eacf98 sp=0x0000009e540fcf10
Event: 0.584 Thread 0x000002360d2ac030 DEOPT UNPACKING pc=0x000002361c26ace3 sp=0x0000009e540fc428 mode 0
Event: 0.587 Thread 0x000002360d2ac030 Uncommon trap: trap_request=0xffffff45 fr.pc=0x000002361c992f60 relative=0x00000000000000e0
Event: 0.587 Thread 0x000002360d2ac030 Uncommon trap: reason=unstable_if action=reinterpret pc=0x000002361c992f60 method=java.lang.ref.SoftReference.get()Ljava/lang/Object; @ 17 c2
Event: 0.587 Thread 0x000002360d2ac030 DEOPT PACKING pc=0x000002361c992f60 sp=0x0000009e540fc9c0
Event: 0.587 Thread 0x000002360d2ac030 DEOPT UNPACKING pc=0x000002361c26a1a3 sp=0x0000009e540fc978 mode 2

Classes unloaded (0 events):
No events

Classes redefined (0 events):
No events

Internal exceptions (7 events):
Event: 0.094 Thread 0x000002360d2ac030 Exception <a 'java/lang/NoSuchMethodError'{0x0000000715284c80}: 'int java.lang.invoke.DirectMethodHandle$Holder.invokeStaticInit(java.lang.Object, java.lang.Object, java.lang.Object, java.lang.Object)'> (0x0000000715284c80) 
thrown [s\src\hotspot\share\interpreter\linkResolver.cpp, line 759]
Event: 0.096 Thread 0x000002360d2ac030 Exception <a 'java/lang/NoSuchMethodError'{0x000000071528f990}: 'java.lang.Object java.lang.invoke.DirectMethodHandle$Holder.invokeInterface(java.lang.Object, java.lang.Object)'> (0x000000071528f990) 
thrown [s\src\hotspot\share\interpreter\linkResolver.cpp, line 759]
Event: 0.096 Thread 0x000002360d2ac030 Exception <a 'java/lang/IncompatibleClassChangeError'{0x00000007152930a8}: Found class java.lang.Object, but interface was expected> (0x00000007152930a8) 
thrown [s\src\hotspot\share\interpreter\linkResolver.cpp, line 826]
Event: 0.097 Thread 0x000002360d2ac030 Exception <a 'java/lang/NoSuchMethodError'{0x0000000715296250}: 'void java.lang.invoke.DirectMethodHandle$Holder.invokeStatic(java.lang.Object, java.lang.Object)'> (0x0000000715296250) 
thrown [s\src\hotspot\share\interpreter\linkResolver.cpp, line 759]
Event: 0.097 Thread 0x000002360d2ac030 Exception <a 'java/lang/NoSuchMethodError'{0x00000007152998c0}: 'void java.lang.invoke.DirectMethodHandle$Holder.invokeStaticInit(java.lang.Object, java.lang.Object)'> (0x00000007152998c0) 
thrown [s\src\hotspot\share\interpreter\linkResolver.cpp, line 759]
Event: 0.099 Thread 0x000002360d2ac030 Exception <a 'java/lang/NoSuchMethodError'{0x00000007152a0168}: 'int java.lang.invoke.DirectMethodHandle$Holder.invokeStaticInit(java.lang.Object, java.lang.Object)'> (0x00000007152a0168) 
thrown [s\src\hotspot\share\interpreter\linkResolver.cpp, line 759]
Event: 0.550 Thread 0x000002360d2ac030 Exception <a 'java/lang/NoSuchMethodError'{0x0000000714164cc8}: 'java.lang.Object java.lang.invoke.DirectMethodHandle$Holder.invokeStatic(java.lang.Object, int, java.lang.Object)'> (0x0000000714164cc8) 
thrown [s\src\hotspot\share\interpreter\linkResolver.cpp, line 759]

VM Operations (20 events):
Event: 0.067 Executing VM operation: HandshakeAllThreads
Event: 0.067 Executing VM operation: HandshakeAllThreads done
Event: 0.137 Executing VM operation: HandshakeAllThreads
Event: 0.137 Executing VM operation: HandshakeAllThreads done
Event: 0.576 Executing VM operation: G1CollectForAllocation
Event: 0.580 Executing VM operation: G1CollectForAllocation done
Event: 1.582 Executing VM operation: Cleanup
Event: 1.582 Executing VM operation: Cleanup done
Event: 3.611 Executing VM operation: Cleanup
Event: 3.611 Executing VM operation: Cleanup done
Event: 7.614 Executing VM operation: Cleanup
Event: 7.614 Executing VM operation: Cleanup done
Event: 10.615 Executing VM operation: Cleanup
Event: 10.615 Executing VM operation: Cleanup done
Event: 12.616 Executing VM operation: Cleanup
Event: 12.616 Executing VM operation: Cleanup done
Event: 15.616 Executing VM operation: Cleanup
Event: 15.616 Executing VM operation: Cleanup done
Event: 60.217 Executing VM operation: HandshakeAllThreads
Event: 60.217 Executing VM operation: HandshakeAllThreads done

Events (20 events):
Event: 0.549 loading class java/time/zone/ZoneOffsetTransition done
Event: 0.549 loading class java/time/temporal/TemporalAdjusters
Event: 0.549 loading class java/time/temporal/TemporalAdjusters done
Event: 0.552 loading class java/time/zone/ZoneOffsetTransitionRule$1
Event: 0.552 loading class java/time/zone/ZoneOffsetTransitionRule$1 done
Event: 0.552 loading class java/util/concurrent/TimeUnit$1
Event: 0.552 loading class java/util/concurrent/TimeUnit$1 done
Event: 0.574 loading class java/lang/NumberFormatException
Event: 0.574 loading class java/lang/NumberFormatException done
Event: 0.575 Thread 0x0000023678ab88a0 Thread added: 0x0000023678ab88a0
Event: 3.560 Thread 0x00000236765d7e90 Thread exited: 0x00000236765d7e90
Event: 3.560 Thread 0x000002367614c8b0 Thread exited: 0x000002367614c8b0
Event: 3.560 Thread 0x0000023676505e80 Thread exited: 0x0000023676505e80
Event: 6.947 Thread 0x0000023678249c90 Thread exited: 0x0000023678249c90
Event: 10.039 Thread 0x0000023630ccd240 Thread exited: 0x0000023630ccd240
Event: 10.039 Thread 0x000002362ff7ff70 Thread exited: 0x000002362ff7ff70
Event: 60.602 Thread 0x000002360d2b7a30 Thread added: 0x000002360d2b7a30
Event: 60.602 Thread 0x000002360b11a7a0 Thread added: 0x000002360b11a7a0
Event: 65.604 Thread 0x000002360b11a7a0 Thread exited: 0x000002360b11a7a0
Event: 65.605 Thread 0x000002360d2b7a30 Thread exited: 0x000002360d2b7a30


Dynamic libraries:
0x00007ff69ca30000 - 0x00007ff69ca3e000 	C:\Users\luczu\.jdks\corretto-17.0.10\bin\java.exe
0x00007ffca9150000 - 0x00007ffca9367000 	C:\WINDOWS\SYSTEM32\ntdll.dll
0x00007ffca74e0000 - 0x00007ffca75a4000 	C:\WINDOWS\System32\KERNEL32.DLL
0x00007ffca6770000 - 0x00007ffca6b16000 	C:\WINDOWS\System32\KERNELBASE.dll
0x00007ffca6b20000 - 0x00007ffca6c31000 	C:\WINDOWS\System32\ucrtbase.dll
0x00007ffc66930000 - 0x00007ffc66947000 	C:\Users\luczu\.jdks\corretto-17.0.10\bin\jli.dll
0x00007ffc668e0000 - 0x00007ffc668fb000 	C:\Users\luczu\.jdks\corretto-17.0.10\bin\VCRUNTIME140.dll
0x00007ffca72c0000 - 0x00007ffca746e000 	C:\WINDOWS\System32\USER32.dll
0x00007ffca65d0000 - 0x00007ffca65f6000 	C:\WINDOWS\System32\win32u.dll
0x00007ffc821e0000 - 0x00007ffc82473000 	C:\WINDOWS\WinSxS\amd64_microsoft.windows.common-controls_6595b64144ccf1df_6.0.22621.2506_none_270c5ae97388e100\COMCTL32.dll
0x00007ffca6f90000 - 0x00007ffca6fb9000 	C:\WINDOWS\System32\GDI32.dll
0x00007ffca6c40000 - 0x00007ffca6d58000 	C:\WINDOWS\System32\gdi32full.dll
0x00007ffca6ee0000 - 0x00007ffca6f87000 	C:\WINDOWS\System32\msvcrt.dll
0x00007ffca6d90000 - 0x00007ffca6e2a000 	C:\WINDOWS\System32\msvcp_win.dll
0x00007ffca6ea0000 - 0x00007ffca6ed1000 	C:\WINDOWS\System32\IMM32.DLL
0x00007ffc7cd30000 - 0x00007ffc7cd3c000 	C:\Users\luczu\.jdks\corretto-17.0.10\bin\vcruntime140_1.dll
0x00007ffc3f320000 - 0x00007ffc3f3ad000 	C:\Users\luczu\.jdks\corretto-17.0.10\bin\msvcp140.dll
0x00007ffb93290000 - 0x00007ffb93ef2000 	C:\Users\luczu\.jdks\corretto-17.0.10\bin\server\jvm.dll
0x00007ffca6fc0000 - 0x00007ffca7073000 	C:\WINDOWS\System32\ADVAPI32.dll
0x00007ffca7a10000 - 0x00007ffca7ab8000 	C:\WINDOWS\System32\sechost.dll
0x00007ffca6d60000 - 0x00007ffca6d88000 	C:\WINDOWS\System32\bcrypt.dll
0x00007ffca7080000 - 0x00007ffca7197000 	C:\WINDOWS\System32\RPCRT4.dll
0x00007ffca5310000 - 0x00007ffca535d000 	C:\WINDOWS\SYSTEM32\POWRPROF.dll
0x00007ffc9e270000 - 0x00007ffc9e279000 	C:\WINDOWS\SYSTEM32\WSOCK32.dll
0x00007ffca7900000 - 0x00007ffca7971000 	C:\WINDOWS\System32\WS2_32.dll
0x00007ffc9c4f0000 - 0x00007ffc9c524000 	C:\WINDOWS\SYSTEM32\WINMM.dll
0x00007ffc9cb70000 - 0x00007ffc9cb7a000 	C:\WINDOWS\SYSTEM32\VERSION.dll
0x00007ffca52f0000 - 0x00007ffca5303000 	C:\WINDOWS\SYSTEM32\UMPDC.dll
0x00007ffca5550000 - 0x00007ffca5568000 	C:\WINDOWS\SYSTEM32\kernel.appcore.dll
0x00007ffc729a0000 - 0x00007ffc729aa000 	C:\Users\luczu\.jdks\corretto-17.0.10\bin\jimage.dll
0x00007ffca3d70000 - 0x00007ffca3fa3000 	C:\WINDOWS\SYSTEM32\DBGHELP.DLL
0x00007ffca8520000 - 0x00007ffca88a9000 	C:\WINDOWS\System32\combase.dll
0x00007ffca75b0000 - 0x00007ffca7687000 	C:\WINDOWS\System32\OLEAUT32.dll
0x00007ffc8d760000 - 0x00007ffc8d792000 	C:\WINDOWS\SYSTEM32\dbgcore.DLL
0x00007ffca6550000 - 0x00007ffca65ca000 	C:\WINDOWS\System32\bcryptPrimitives.dll
0x00007ffc66700000 - 0x00007ffc66725000 	C:\Users\luczu\.jdks\corretto-17.0.10\bin\java.dll
0x00007ffbcdd90000 - 0x00007ffbcde67000 	C:\Users\luczu\.jdks\corretto-17.0.10\bin\jsvml.dll
0x00007ffca7ac0000 - 0x00007ffca831a000 	C:\WINDOWS\System32\SHELL32.dll
0x00007ffca43a0000 - 0x00007ffca4c96000 	C:\WINDOWS\SYSTEM32\windows.storage.dll
0x00007ffca4260000 - 0x00007ffca439e000 	C:\WINDOWS\SYSTEM32\wintypes.dll
0x00007ffca8f50000 - 0x00007ffca9043000 	C:\WINDOWS\System32\SHCORE.dll
0x00007ffca71a0000 - 0x00007ffca71fe000 	C:\WINDOWS\System32\shlwapi.dll
0x00007ffca63c0000 - 0x00007ffca63e6000 	C:\WINDOWS\SYSTEM32\profapi.dll
0x00007ffc66890000 - 0x00007ffc668a9000 	C:\Users\luczu\.jdks\corretto-17.0.10\bin\net.dll
0x00007ffc9c970000 - 0x00007ffc9caa7000 	C:\WINDOWS\SYSTEM32\WINHTTP.dll
0x00007ffca5a30000 - 0x00007ffca5a99000 	C:\WINDOWS\system32\mswsock.dll
0x00007ffc65630000 - 0x00007ffc65646000 	C:\Users\luczu\.jdks\corretto-17.0.10\bin\nio.dll
0x00007ffc65610000 - 0x00007ffc65628000 	C:\Users\luczu\.jdks\corretto-17.0.10\bin\zip.dll
0x000002360d1d0000 - 0x000002360d1d3000 	C:\Program Files (x86)\Windows Kits\10\Redist\ucrt\DLLs\x64\api-ms-win-crt-locale-l1-1-0.dll
0x000002360d1e0000 - 0x000002360d1e4000 	C:\Program Files (x86)\Windows Kits\10\Redist\ucrt\DLLs\x64\api-ms-win-crt-string-l1-1-0.dll
0x000002360d1f0000 - 0x000002360d1f4000 	C:\Program Files (x86)\Windows Kits\10\Redist\ucrt\DLLs\x64\api-ms-win-crt-stdio-l1-1-0.dll
0x000002360d200000 - 0x000002360d205000 	C:\Program Files (x86)\Windows Kits\10\Redist\ucrt\DLLs\x64\api-ms-win-crt-math-l1-1-0.dll
0x000002360d210000 - 0x000002360d213000 	C:\Program Files (x86)\Windows Kits\10\Redist\ucrt\DLLs\x64\api-ms-win-crt-heap-l1-1-0.dll
0x000002360d220000 - 0x000002360d224000 	C:\Program Files (x86)\Windows Kits\10\Redist\ucrt\DLLs\x64\api-ms-win-crt-runtime-l1-1-0.dll
0x000002360d230000 - 0x000002360d234000 	C:\Program Files (x86)\Windows Kits\10\Redist\ucrt\DLLs\x64\api-ms-win-crt-convert-l1-1-0.dll
0x000002360d240000 - 0x000002360d243000 	C:\Program Files (x86)\Windows Kits\10\Redist\ucrt\DLLs\x64\api-ms-win-crt-environment-l1-1-0.dll
0x000002360d250000 - 0x000002360d253000 	C:\Program Files (x86)\Windows Kits\10\Redist\ucrt\DLLs\x64\api-ms-win-crt-time-l1-1-0.dll
0x0000023630fd0000 - 0x0000023630fd3000 	C:\Program Files (x86)\Windows Kits\10\Redist\ucrt\DLLs\x64\api-ms-win-crt-filesystem-l1-1-0.dll
0x0000023630fe0000 - 0x0000023630fe3000 	C:\Program Files (x86)\Windows Kits\10\Redist\ucrt\DLLs\x64\api-ms-win-crt-utility-l1-1-0.dll
0x0000023630ff0000 - 0x0000023630ff5000 	C:\Program Files (x86)\Windows Kits\10\Redist\ucrt\DLLs\x64\api-ms-win-crt-multibyte-l1-1-0.dll
0x0000023676930000 - 0x0000023676933000 	C:\Program Files (x86)\Windows Kits\10\Redist\ucrt\DLLs\x64\api-ms-win-crt-conio-l1-1-0.dll
0x0000023676940000 - 0x000002367694f000 	C:\Program Files (x86)\Windows Kits\10\Redist\ucrt\DLLs\x64\api-ms-win-crt-private-l1-1-0.dll
0x0000023676950000 - 0x0000023676953000 	C:\Program Files (x86)\Windows Kits\10\Redist\ucrt\DLLs\x64\api-ms-win-crt-process-l1-1-0.dll
0x0000023676960000 - 0x0000023676963000 	C:\Program Files\Microsoft\jdk-11.0.12.7-hotspot\bin\api-ms-win-core-console-l1-2-0.dll
0x0000023676970000 - 0x0000023676973000 	C:\Program Files (x86)\Windows Kits\10\Redist\ucrt\DLLs\x64\api-ms-win-core-string-l1-1-0.dll
0x0000023676980000 - 0x0000023676983000 	C:\Program Files (x86)\Windows Kits\10\Redist\ucrt\DLLs\x64\api-ms-win-core-errorhandling-l1-1-0.dll
0x0000023676990000 - 0x0000023676993000 	C:\Program Files (x86)\Windows Kits\10\Redist\ucrt\DLLs\x64\api-ms-win-core-timezone-l1-1-0.dll
0x00000236769a0000 - 0x00000236769a4000 	C:\Program Files (x86)\Windows Kits\10\Redist\ucrt\DLLs\x64\api-ms-win-core-file-l1-1-0.dll
0x00000236769b0000 - 0x00000236769b3000 	C:\Program Files (x86)\Windows Kits\10\Redist\ucrt\DLLs\x64\api-ms-win-core-namedpipe-l1-1-0.dll
0x00000236769c0000 - 0x00000236769c3000 	C:\Program Files (x86)\Windows Kits\10\Redist\ucrt\DLLs\x64\api-ms-win-core-handle-l1-1-0.dll
0x00000236769d0000 - 0x00000236769d3000 	C:\Program Files (x86)\Windows Kits\10\Redist\ucrt\DLLs\x64\api-ms-win-core-file-l2-1-0.dll
0x00000236769e0000 - 0x00000236769e3000 	C:\Program Files (x86)\Windows Kits\10\Redist\ucrt\DLLs\x64\api-ms-win-core-heap-l1-1-0.dll
0x00000236769f0000 - 0x00000236769f3000 	C:\Program Files (x86)\Windows Kits\10\Redist\ucrt\DLLs\x64\api-ms-win-core-libraryloader-l1-1-0.dll
0x0000023676a00000 - 0x0000023676a03000 	C:\Program Files (x86)\Windows Kits\10\Redist\ucrt\DLLs\x64\api-ms-win-core-synch-l1-1-0.dll
0x00000236779e0000 - 0x00000236779e3000 	C:\Program Files (x86)\Windows Kits\10\Redist\ucrt\DLLs\x64\api-ms-win-core-processthreads-l1-1-0.dll
0x00000236779f0000 - 0x00000236779f3000 	C:\Program Files (x86)\Windows Kits\10\Redist\ucrt\DLLs\x64\api-ms-win-core-processenvironment-l1-1-0.dll
0x0000023677a00000 - 0x0000023677a03000 	C:\Program Files (x86)\Windows Kits\10\Redist\ucrt\DLLs\x64\api-ms-win-core-datetime-l1-1-0.dll
0x0000023677a10000 - 0x0000023677a13000 	C:\Program Files (x86)\Windows Kits\10\Redist\ucrt\DLLs\x64\api-ms-win-core-localization-l1-2-0.dll
0x0000023677a20000 - 0x0000023677a23000 	C:\Program Files (x86)\Windows Kits\10\Redist\ucrt\DLLs\x64\api-ms-win-core-sysinfo-l1-1-0.dll
0x0000023677a30000 - 0x0000023677a33000 	C:\Program Files (x86)\Windows Kits\10\Redist\ucrt\DLLs\x64\api-ms-win-core-synch-l1-2-0.dll
0x0000023677a40000 - 0x0000023677a43000 	C:\Program Files (x86)\Windows Kits\10\Redist\ucrt\DLLs\x64\api-ms-win-core-console-l1-1-0.dll
0x0000023677a50000 - 0x0000023677a53000 	C:\Program Files (x86)\Windows Kits\10\Redist\ucrt\DLLs\x64\api-ms-win-core-debug-l1-1-0.dll
0x0000023677a60000 - 0x0000023677a63000 	C:\Program Files (x86)\Windows Kits\10\Redist\ucrt\DLLs\x64\api-ms-win-core-rtlsupport-l1-1-0.dll
0x0000023677a70000 - 0x0000023677a73000 	C:\Program Files (x86)\Windows Kits\10\Redist\ucrt\DLLs\x64\api-ms-win-core-processthreads-l1-1-1.dll
0x0000023677a80000 - 0x0000023677a83000 	C:\Program Files (x86)\Windows Kits\10\Redist\ucrt\DLLs\x64\api-ms-win-core-file-l1-2-0.dll
0x0000023677a90000 - 0x0000023677a93000 	C:\Program Files (x86)\Windows Kits\10\Redist\ucrt\DLLs\x64\api-ms-win-core-profile-l1-1-0.dll
0x0000023677aa0000 - 0x0000023677aa3000 	C:\Program Files (x86)\Windows Kits\10\Redist\ucrt\DLLs\x64\api-ms-win-core-memory-l1-1-0.dll
0x0000023678a80000 - 0x0000023678a83000 	C:\Program Files (x86)\Windows Kits\10\Redist\ucrt\DLLs\x64\api-ms-win-core-util-l1-1-0.dll
0x0000023678a90000 - 0x0000023678a93000 	C:\Program Files (x86)\Windows Kits\10\Redist\ucrt\DLLs\x64\api-ms-win-core-interlocked-l1-1-0.dll
0x00007ffc65270000 - 0x00007ffc65362000 	C:\Program Files (x86)\Windows Kits\10\Redist\ucrt\DLLs\x64\ucrtbase.dll
0x00007ffc84e40000 - 0x00007ffc84e49000 	C:\Windows\System32\msvcp140_1.dll
0x00007ffc106a0000 - 0x00007ffc106ee000 	C:\Windows\System32\concrt140.dll
0x00007ffc7cd80000 - 0x00007ffc7cdb1000 	C:\Windows\System32\vcomp140.dll
0x00007ffc71ab0000 - 0x00007ffc71bb0000 	C:\Windows\System32\opengl32.dll
0x00007ffc72a90000 - 0x00007ffc72abd000 	C:\WINDOWS\SYSTEM32\GLU32.dll
0x00007ffca3590000 - 0x00007ffca35c6000 	C:\WINDOWS\SYSTEM32\dxcore.dll
0x00007ffbc45a0000 - 0x00007ffbc47bd000 	C:\Users\luczu\.javacpp\cache\jaylib-4.5.0-0.jar\com\raylib\windows-x86_64\jniRaylib.dll
0x00007ffbea580000 - 0x00007ffbea5c6000 	C:\WINDOWS\SYSTEM32\dinput8.dll
0x00007ffc5cbc0000 - 0x00007ffc5cbd1000 	C:\WINDOWS\SYSTEM32\xinput1_4.dll
0x00007ffca6150000 - 0x00007ffca617c000 	C:\WINDOWS\SYSTEM32\DEVOBJ.dll
0x00007ffca6180000 - 0x00007ffca61ce000 	C:\WINDOWS\SYSTEM32\cfgmgr32.dll
0x00007ffca3830000 - 0x00007ffca385b000 	C:\WINDOWS\SYSTEM32\dwmapi.dll
0x00007ffc83710000 - 0x00007ffc8391a000 	C:\WINDOWS\SYSTEM32\inputhost.dll
0x00007ffca0460000 - 0x00007ffca0594000 	C:\WINDOWS\SYSTEM32\CoreMessaging.dll
0x00007ffca3390000 - 0x00007ffca343b000 	C:\WINDOWS\system32\uxtheme.dll
0x00007ffca5ca0000 - 0x00007ffca5cac000 	C:\WINDOWS\SYSTEM32\CRYPTBASE.DLL
0x00007ffca76b0000 - 0x00007ffca7800000 	C:\WINDOWS\System32\MSCTF.dll
0x00007ffca4ca0000 - 0x00007ffca4cae000 	C:\WINDOWS\SYSTEM32\HID.DLL
0x00007ffca8ad0000 - 0x00007ffca8f44000 	C:\WINDOWS\System32\SETUPAPI.DLL
0x00007ffca6e30000 - 0x00007ffca6e9b000 	C:\WINDOWS\System32\WINTRUST.dll
0x00007ffca6600000 - 0x00007ffca6766000 	C:\WINDOWS\System32\CRYPT32.dll
0x00007ffca6130000 - 0x00007ffca6142000 	C:\WINDOWS\SYSTEM32\MSASN1.dll
0x00007ffc9dc90000 - 0x00007ffc9dcda000 	C:\WINDOWS\SYSTEM32\directxdatabasehelper.dll
0x00007ffca7200000 - 0x00007ffca72b0000 	C:\WINDOWS\System32\clbcatq.dll
0x00007ffb79920000 - 0x00007ffb7c510000 	C:\WINDOWS\System32\DriverStore\FileRepository\nvhm.inf_amd64_28ac5867493a0477\nvoglv64.dll
0x00007ffca8380000 - 0x00007ffca8520000 	C:\WINDOWS\System32\ole32.dll
0x00007ffca5360000 - 0x00007ffca5374000 	C:\WINDOWS\SYSTEM32\WTSAPI32.dll
0x00007ffc8da60000 - 0x00007ffc8da92000 	C:\WINDOWS\SYSTEM32\cryptnet.dll
0x00007ffc8dd90000 - 0x00007ffc8dee8000 	C:\WINDOWS\SYSTEM32\drvstore.dll
0x00007ffca5d30000 - 0x00007ffca5d7b000 	C:\WINDOWS\SYSTEM32\wldp.dll
0x00007ffca9070000 - 0x00007ffca908f000 	C:\WINDOWS\System32\imagehlp.dll
0x00007ffca5c80000 - 0x00007ffca5c9b000 	C:\WINDOWS\SYSTEM32\CRYPTSP.dll
0x00007ffca5510000 - 0x00007ffca5545000 	C:\WINDOWS\system32\rsaenh.dll
0x00007ffca5ac0000 - 0x00007ffca5ae6000 	C:\WINDOWS\SYSTEM32\gpapi.dll
0x00007ffc593f0000 - 0x00007ffc5b5db000 	C:\WINDOWS\System32\DriverStore\FileRepository\nvhm.inf_amd64_28ac5867493a0477\nvgpucomp64.dll
0x00007ffca55d0000 - 0x00007ffca5604000 	C:\WINDOWS\SYSTEM32\ntmarta.dll
0x00007ffbe5da0000 - 0x00007ffbe6063000 	C:\WINDOWS\system32\nvspcap64.dll
0x00007ffca4f00000 - 0x00007ffca4f66000 	C:\WINDOWS\SYSTEM32\WINSTA.dll

dbghelp: loaded successfully - version: 4.0.5 - missing functions: none
symbol engine: initialized successfully - sym options: 0x614 - pdb path: .;C:\Users\luczu\.jdks\corretto-17.0.10\bin;C:\WINDOWS\SYSTEM32;C:\WINDOWS\WinSxS\amd64_microsoft.windows.common-controls_6595b64144ccf1df_6.0.22621.2506_none_270c5ae97388e100;C:\Users\luczu\.jdks\corretto-17.0.10\bin\server;C:\Program Files (x86)\Windows Kits\10\Redist\ucrt\DLLs\x64;C:\Program Files\Microsoft\jdk-11.0.12.7-hotspot\bin;C:\Users\luczu\.javacpp\cache\jaylib-4.5.0-0.jar\com\raylib\windows-x86_64

VM Arguments:
jvm_args: -Dfile.encoding=windows-1252 -Duser.country=NL -Duser.language=nl -Duser.variant 
java_command: PineVille.MenuScene
java_class_path (initial): C:\Users\luczu\OneDrive\Documenten\PineVille\build\classes\java\main;C:\Users\luczu\OneDrive\Documenten\PineVille\build\resources\main;C:\Users\luczu\.gradle\caches\modules-2\files-2.1\uk.co.electronstudio.jaylib\jaylib\4.5.0-0\90c0d608df9bbd32f5f34683acc58cb433e94508\jaylib-4.5.0-0.jar
Launcher Type: SUN_STANDARD

[Global flags]
     intx CICompilerCount                          = 12                                        {product} {ergonomic}
     uint ConcGCThreads                            = 3                                         {product} {ergonomic}
     uint G1ConcRefinementThreads                  = 13                                        {product} {ergonomic}
   size_t G1HeapRegionSize                         = 2097152                                   {product} {ergonomic}
    uintx GCDrainStackTargetSize                   = 64                                        {product} {ergonomic}
   size_t InitialHeapSize                          = 264241152                                 {product} {ergonomic}
   size_t MarkStackSize                            = 4194304                                   {product} {ergonomic}
   size_t MaxHeapSize                              = 4200595456                                {product} {ergonomic}
   size_t MaxNewSize                               = 2518679552                                {product} {ergonomic}
   size_t MinHeapDeltaBytes                        = 2097152                                   {product} {ergonomic}
   size_t MinHeapSize                              = 8388608                                   {product} {ergonomic}
    uintx NonNMethodCodeHeapSize                   = 7602480                                {pd product} {ergonomic}
    uintx NonProfiledCodeHeapSize                  = 122027880                              {pd product} {ergonomic}
    uintx ProfiledCodeHeapSize                     = 122027880                              {pd product} {ergonomic}
    uintx ReservedCodeCacheSize                    = 251658240                              {pd product} {ergonomic}
     bool SegmentedCodeCache                       = true                                      {product} {ergonomic}
   size_t SoftMaxHeapSize                          = 4200595456                             {manageable} {ergonomic}
     bool UseCompressedClassPointers               = true                           {product lp64_product} {ergonomic}
     bool UseCompressedOops                        = true                           {product lp64_product} {ergonomic}
     bool UseG1GC                                  = true                                      {product} {ergonomic}
     bool UseLargePagesIndividualAllocation        = false                                  {pd product} {ergonomic}

Logging:
Log output configuration:
 #0: stdout all=warning uptime,level,tags
 #1: stderr all=off uptime,level,tags

Environment Variables:
PATH=C:\Program Files (x86)\Common Files\Intel\Shared Libraries\redist\intel64\compiler;C:\Program Files\Common Files\Oracle\Java\javapath;C:\Program Files\Microsoft\jdk-11.0.12.7-hotspot\bin;C:\windows\system32;C:\windows;C:\windows\System32\Wbem;C:\windows\System32\WindowsPowerShell\v1.0\;C:\windows\System32\OpenSSH\;C:\Program Files (x86)\NVIDIA Corporation\PhysX\Common;C:\Program Files\NVIDIA Corporation\NVIDIA NvDLISR;C:\Program Files\Microsoft SQL Server\150\Tools\Binn\;C:\Program Files\Microsoft SQL Server\Client SDK\ODBC\170\Tools\Binn\;C:\Program Files\dotnet\;C:\WINDOWS\system32;C:\WINDOWS;C:\WINDOWS\System32\Wbem;C:\WINDOWS\System32\WindowsPowerShell\v1.0\;C:\WINDOWS\System32\OpenSSH\;C:\Program Files\CMake\bin;C:\Program Files\Git\cmd;C:\Users\luczu\AppData\Local\Microsoft\WindowsApps;C:\Users\luczu\.dotnet\tools;C:\Users\luczu\AppData\Local\GitHubDesktop\bin;;C:\Users\luczu\AppData\Local\Programs\Microsoft VS Code\bin
USERNAME=luczu
OS=Windows_NT
PROCESSOR_IDENTIFIER=Intel64 Family 6 Model 141 Stepping 1, GenuineIntel
TMP=C:\Users\luczu\AppData\Local\Temp
TEMP=C:\Users\luczu\AppData\Local\Temp



Periodic native trim disabled


---------------  S Y S T E M  ---------------

OS:
 Windows 11 , 64 bit Build 22621 (10.0.22621.2506)
OS uptime: 0 days 0:52 hours
Hyper-V role detected

CPU: total 16 (initial active 16) (8 cores per cpu, 2 threads per core) family 6 model 141 stepping 1 microcode 0x4e, cx8, cmov, fxsr, ht, mmx, 3dnowpref, sse, sse2, sse3, ssse3, sse4.1, sse4.2, popcnt, lzcnt, tsc, tscinvbit, avx, avx2, aes, erms, clmul, bmi1, bmi2, adx, avx512f, avx512dq, avx512cd, avx512bw, avx512vl, sha, fma, vzeroupper, avx512_vpopcntdq, avx512_vpclmulqdq, avx512_vaes, avx512_vnni, clflush, clflushopt, clwb, avx512_vbmi2, avx512_vbmi, hv
Processor Information for all 16 processors :
  Max Mhz: 2304, Current Mhz: 2304, Mhz Limit: 2304

Memory: 4k page, system-wide physical 16021M (1073M free)
TotalPageFile size 34453M (AvailPageFile size 6803M)
current process WorkingSet (physical memory assigned to process): 125M, peak: 203M
current process commit charge ("private bytes"): 502M, peak: 843M

vm_info: OpenJDK 64-Bit Server VM (17.0.10+7-LTS) for windows-amd64 JRE (17.0.10+7-LTS), built on Jan 10 2024 22:11:07 by "Administrator" with MS VC++ 16.10 / 16.11 (VS2019)

END.
