#
# A fatal error has been detected by the Java Runtime Environment:
#
#  EXCEPTION_ACCESS_VIOLATION (0xc0000005) at pc=0x00007ffcd280f490, pid=27428, tid=27508
#
# JRE version: OpenJDK Runtime Environment Corretto-17.0.10.7.1 (17.0.10+7) (build 17.0.10+7-LTS)
# Java VM: OpenJDK 64-Bit Server VM Corretto-17.0.10.7.1 (17.0.10+7-LTS, mixed mode, sharing, tiered, compressed oops, compressed class ptrs, g1 gc, windows-amd64)
# Problematic frame:
# C  [jniRaylib.dll+0xdf490]
#
# No core dump will be written. Minidumps are not enabled by default on client versions of Windows
#
# If you would like to submit a bug report, please visit:
#   https://github.com/corretto/corretto-17/issues/
# The crash happened outside the Java Virtual Machine in native code.
# See problematic frame for where to report the bug.
#

---------------  S U M M A R Y ------------

Command Line: -Dfile.encoding=windows-1252 -Duser.country=NL -Duser.language=nl -Duser.variant PineVille.GameScene

Host: 11th Gen Intel(R) Core(TM) i7-11800H @ 2.30GHz, 16 cores, 15G,  Windows 11 , 64 bit Build 22621 (10.0.22621.3085)
Time: Mon Mar 11 11:53:54 2024 West-Europa (standaardtijd) elapsed time: 19.301038 seconds (0d 0h 0m 19s)

---------------  T H R E A D  ---------------

Current thread (0x0000027d41bf9a10):  JavaThread "main" [_thread_in_native, id=27508, stack(0x000000c0cf100000,0x000000c0cf200000)]

Stack: [0x000000c0cf100000,0x000000c0cf200000],  sp=0x000000c0cf1fef70,  free space=1019k
Native frames: (J=compiled Java code, j=interpreted, Vv=VM code, C=native code)
C  [jniRaylib.dll+0xdf490]

Java frames: (J=compiled Java code, j=interpreted, Vv=VM code)
J 807  com.raylib.Raylib.DrawTexturePro(Lcom/raylib/Raylib$Texture;Lcom/raylib/Raylib$Rectangle;Lcom/raylib/Raylib$Rectangle;Lcom/raylib/Raylib$Vector2;FLcom/raylib/Raylib$Color;)V (0 bytes) @ 0x0000027d51346a62 [0x0000027d513469a0+0x00000000000000c2]
j  PineVille.GameScene.main([Ljava/lang/String;)V+284
v  ~StubRoutines::call_stub

siginfo: EXCEPTION_ACCESS_VIOLATION (0xc0000005), writing address 0x0000027db0127380


Registers:
RAX=0x00000000000000ff, RBX=0x000000c0cf1ff110, RCX=0x0000027db0127380, RDX=0x0000000000000000
RSP=0x000000c0cf1fef70, RBP=0x000000c0cf1ff1d0, RSI=0x0000000000000004, RDI=0x000000c0cf1ff100
R8 =0x0000000000000000, R9 =0x0000000000000000, R10=0x00007ffcd165de20, R11=0x000000000000000e
R12=0x0000027dabbe6310, R13=0x0000000000000000, R14=0x0000027dab548110, R15=0x0000027dab1f7470
RIP=0x00007ffcd280f490, EFLAGS=0x0000000000010246


Register to memory mapping:

RIP=0x00007ffcd280f490 jniRaylib.dll
RAX=0x00000000000000ff is an unknown value
RBX=0x000000c0cf1ff110 is pointing into the stack for thread: 0x0000027d41bf9a10
RCX=0x0000027db0127380 is an unknown value
RDX=0x0 is NULL
RSP=0x000000c0cf1fef70 is pointing into the stack for thread: 0x0000027d41bf9a10
RBP=0x000000c0cf1ff1d0 is pointing into the stack for thread: 0x0000027d41bf9a10
RSI=0x0000000000000004 is an unknown value
RDI=0x000000c0cf1ff100 is pointing into the stack for thread: 0x0000027d41bf9a10
R8 =0x0 is NULL
R9 =0x0 is NULL
R10=0x00007ffcd165de20 jvm.dll
R11=0x000000000000000e is an unknown value
R12=0x0000027dabbe6310 points into unknown readable memory: 0x0000002000000004 | 04 00 00 00 20 00 00 00
R13=0x0 is NULL
R14=0x0000027dab548110 points into unknown readable memory: 0x00000000ffffffff | ff ff ff ff 00 00 00 00
R15=0x0000027dab1f7470 points into unknown readable memory: 0x0000000000000000 | 00 00 00 00 00 00 00 00


Top of Stack: (sp=0x000000c0cf1fef70)
0x000000c0cf1fef70:   0000027da7403a00 0000000000000000
0x000000c0cf1fef80:   00007bc19608987f 00007ffd0000000e
0x000000c0cf1fef90:   0000000043640000 0000000000000000
0x000000c0cf1fefa0:   0000000000000000 0000000000000000
0x000000c0cf1fefb0:   0000000000000000 0000000000000000
0x000000c0cf1fefc0:   000000c0cf1ff110 00007ffcd27d8749
0x000000c0cf1fefd0:   000000c0cf1ff208 0000027d41bf9a10
0x000000c0cf1fefe0:   0000027d65613c60 000000c0cf1ff030
0x000000c0cf1feff0:   4200000043640000 42c8000043640000
0x000000c0cf1ff000:   000000c00000000e 0000000000000000
0x000000c0cf1ff010:   0000000000000000 0000000000000000
0x000000c0cf1ff020:   0000000000000000 0000000000000000
0x000000c0cf1ff030:   0000000000000000 0000000000000000
0x000000c0cf1ff040:   0000000000000000 0000000000000000
0x000000c0cf1ff050:   0000000000000000 0000000000000000
0x000000c0cf1ff060:   0000000000000000 0000000000000000
0x000000c0cf1ff070:   0000000000000000 0000000000000000
0x000000c0cf1ff080:   0000000000000000 0000000000000000
0x000000c0cf1ff090:   0000000000000000 0000000000000000
0x000000c0cf1ff0a0:   0000000000000000 0000000000000000
0x000000c0cf1ff0b0:   0000027dad370030 0000027dad370590
0x000000c0cf1ff0c0:   0000027d41bf9cc8 00007ffcd2772213
0x000000c0cf1ff0d0:   000000c042c80000 000000c0cf1ff1d0
0x000000c0cf1ff0e0:   0000027d41bf9cc8 00007ffcd275a8eb
0x000000c0cf1ff0f0:   0000f79400000000 00000000ffffffff
0x000000c0cf1ff100:   42c8000042c80000 4300000043000000
0x000000c0cf1ff110:   0000000000000000 4200000042000000
0x000000c0cf1ff120:   0000002000000004 0000000100000020
0x000000c0cf1ff130:   0000000000000007 0000027da74c3430
0x000000c0cf1ff140:   0000027d41bf9a10 0000000000000000
0x000000c0cf1ff150:   0000000715047740 0000000715549c58
0x000000c0cf1ff160:   0000027da744bd40 0000027d51346b02 

Instructions: (pc=0x00007ffcd280f490)
0x00007ffcd280f390:   08 8b 05 41 2e 11 00 49 c1 e1 06 8d 0c 40 4b 8b
0x00007ffcd280f3a0:   44 01 08 48 63 d1 f3 0f 11 34 90 48 8b 05 fe 2d
0x00007ffcd280f3b0:   11 00 4c 63 48 04 4c 8b 40 08 8b 05 18 2e 11 00
0x00007ffcd280f3c0:   49 c1 e1 06 8d 0c 40 4b 8b 44 01 08 48 63 d1 f3
0x00007ffcd280f3d0:   0f 11 7c 90 04 48 8b 05 d4 2d 11 00 4c 63 48 04
0x00007ffcd280f3e0:   4c 8b 40 08 8b 05 ee 2d 11 00 49 c1 e1 06 8d 0c
0x00007ffcd280f3f0:   40 4b 8b 44 01 08 48 63 d1 f3 44 0f 11 44 90 08
0x00007ffcd280f400:   48 8b 05 a9 2d 11 00 f3 0f 10 05 cd 2d 11 00 4c
0x00007ffcd280f410:   63 40 04 48 8b 50 08 8b 05 bb 2d 11 00 03 c0 49
0x00007ffcd280f420:   c1 e0 06 48 63 c8 49 8b 44 10 10 f3 0f 11 04 88
0x00007ffcd280f430:   48 8b 05 79 2d 11 00 f3 0f 10 05 a1 2d 11 00 4c
0x00007ffcd280f440:   63 40 04 48 8b 50 08 8b 05 8b 2d 11 00 03 c0 49
0x00007ffcd280f450:   c1 e0 06 48 63 c8 49 8b 44 10 10 f3 0f 11 44 88
0x00007ffcd280f460:   04 48 8b 05 48 2d 11 00 4c 63 40 04 48 8b 48 08
0x00007ffcd280f470:   8b 05 62 2d 11 00 49 c1 e0 06 8d 04 85 00 00 00
0x00007ffcd280f480:   00 49 8b 4c 08 18 48 63 d0 0f b6 05 60 2d 11 00
0x00007ffcd280f490:   88 04 0a 48 8b 05 16 2d 11 00 4c 63 40 04 48 8b
0x00007ffcd280f4a0:   48 08 8b 05 30 2d 11 00 49 c1 e0 06 8d 04 85 00
0x00007ffcd280f4b0:   00 00 00 49 8b 4c 08 18 48 63 d0 0f b6 05 2f 2d
0x00007ffcd280f4c0:   11 00 88 44 11 01 48 8b 05 e3 2c 11 00 4c 63 40
0x00007ffcd280f4d0:   04 48 8b 48 08 8b 05 fd 2c 11 00 49 c1 e0 06 8d
0x00007ffcd280f4e0:   04 85 00 00 00 00 49 8b 4c 08 18 48 63 d0 0f b6
0x00007ffcd280f4f0:   05 fd 2c 11 00 88 44 11 02 48 8b 05 b0 2c 11 00
0x00007ffcd280f500:   4c 63 40 04 48 8b 48 08 8b 05 ca 2c 11 00 49 c1
0x00007ffcd280f510:   e0 06 49 8b 4c 08 18 8d 04 85 00 00 00 00 0f 28
0x00007ffcd280f520:   74 24 40 0f 28 7c 24 30 44 0f 28 44 24 20 48 63
0x00007ffcd280f530:   d0 0f b6 05 bb 2c 11 00 88 44 11 03 48 8b 05 6d
0x00007ffcd280f540:   2c 11 00 ff 05 8f 2c 11 00 48 63 48 18 48 8b 40
0x00007ffcd280f550:   10 48 03 c9 ff 44 c8 f4 48 83 c4 58 c3 cc cc cc
0x00007ffcd280f560:   48 ff 25 21 2c 11 00 cc cc cc cc cc cc cc cc cc
0x00007ffcd280f570:   40 55 48 83 ec 50 0f 10 05 3b 2c 11 00 33 d2 b9
0x00007ffcd280f580:   92 88 00 00 0f 29 44 24 20 0f 29 44 24 30 0f 10 


Stack slot to memory mapping:
stack at sp + 0 slots: 0x0000027da7403a00 is pointing into metadata
stack at sp + 1 slots: 0x0 is NULL
stack at sp + 2 slots: 0x00007bc19608987f is an unknown value
stack at sp + 3 slots: 0x00007ffd0000000e is an unknown value
stack at sp + 4 slots: 0x0000000043640000 is an unknown value
stack at sp + 5 slots: 0x0 is NULL
stack at sp + 6 slots: 0x0 is NULL
stack at sp + 7 slots: 0x0 is NULL


Compiled method (n/a)   19377  807     n 0       com.raylib.Raylib::DrawTexturePro (native)
 total in heap  [0x0000027d51346810,0x0000027d51346c40] = 1072
 relocation     [0x0000027d51346968,0x0000027d51346998] = 48
 main code      [0x0000027d513469a0,0x0000027d51346c38] = 664
 oops           [0x0000027d51346c38,0x0000027d51346c40] = 8

[Constant Pool (empty)]

[MachCode]
[Entry Point]
  # {method} {0x0000027da744bd48} 'DrawTexturePro' '(Lcom/raylib/Raylib$Texture;Lcom/raylib/Raylib$Rectangle;Lcom/raylib/Raylib$Rectangle;Lcom/raylib/Raylib$Vector2;FLcom/raylib/Raylib$Color;)V' in 'com/raylib/Raylib'
  # parm0:    rdx:rdx   = 'com/raylib/Raylib$Texture'
  # parm1:    r8:r8     = 'com/raylib/Raylib$Rectangle'
  # parm2:    r9:r9     = 'com/raylib/Raylib$Rectangle'
  # parm3:    rdi:rdi   = 'com/raylib/Raylib$Vector2'
  # parm4:    xmm0      = float
  # parm5:    rsi:rsi   = 'com/raylib/Raylib$Color'
  #           [sp+0x90]  (sp of caller)
  0x0000027d513469a0: 448b 5208 | 49bb 0000 | 0066 7d02 | 0000 4d03 | d349 3bc2 | 0f84 0600 

  0x0000027d513469b8: ;   {runtime_call ic_miss_stub}
  0x0000027d513469b8: 0000 e9c1 | ab86 ff90 
[Verified Entry Point]
  0x0000027d513469c0: 8984 2400 | 90ff ff55 | 488b ec48 | 81ec 8000 | 0000 4889 | 7424 6048 | 83fe 0048 | 8d44 2460 
  0x0000027d513469e0: 480f 4444 | 2460 4889 | 4424 38c5 | fa11 4424 | 3048 897c | 2458 4883 | ff00 488d | 4424 5848 
  0x0000027d51346a00: 0f44 4424 | 5848 8944 | 2428 4c89 | 4c24 5049 | 83f9 0048 | 8d44 2450 | 480f 4444 | 2450 4889 
  0x0000027d51346a20: 4424 204c | 8944 2448 | 4983 f800 | 4c8d 4c24 | 484c 0f44 | 4c24 4848 | 8954 2440 | 4883 fa00 
  0x0000027d51346a40: 4c8d 4424 | 404c 0f44 

  0x0000027d51346a48: ;   {oop(a 'java/lang/Class'{0x0000000713eb96e0} = 'com/raylib/Raylib')}
  0x0000027d51346a48: 4424 4049 | bee0 96eb | 1307 0000 | 004c 8974 | 2470 4c8d | 7424 7049 | 8bd6 c5f8 

  0x0000027d51346a64: ;   {internal_word}
  0x0000027d51346a64: 7749 ba62 | 6a34 517d | 0200 004d | 8997 a002 | 0000 4989 | a798 0200 

  0x0000027d51346a7c: ;   {external_word}
  0x0000027d51346a7c: 0049 ba79 | 3564 d1fc | 7f00 0041 | 803a 000f | 8452 0000 | 0052 4150 

  0x0000027d51346a94: ;   {metadata({method} {0x0000027da744bd48} 'DrawTexturePro' '(Lcom/raylib/Raylib$Texture;Lcom/raylib/Raylib$Rectangle;Lcom/raylib/Raylib$Rectangle;Lcom/raylib/Raylib$Vector2;FLcom/raylib/Raylib$Color;)V' in 'com/raylib/Raylib')}
  0x0000027d51346a94: 4151 48ba | 40bd 44a7 | 7d02 0000 | 498b cf48 | 83ec 20f7 | c40f 0000 | 000f 841a | 0000 0048 
  0x0000027d51346ab4: ;   {runtime_call}
  0x0000027d51346ab4: 83ec 0849 | ba00 301a | d1fc 7f00 | 0041 ffd2 | 4883 c408 | e90d 0000 

  0x0000027d51346acc: ;   {runtime_call}
  0x0000027d51346acc: 0049 ba00 | 301a d1fc | 7f00 0041 | ffd2 4883 | c420 4159 | 4158 5a49 | 8d8f b802 | 0000 41c7 
  0x0000027d51346aec: 8748 0300 | 0004 0000 

  0x0000027d51346af4: ;   {runtime_call}
  0x0000027d51346af4: 0049 ba10 | 2077 d2fc | 7f00 0041 | ffd2 c5f8 | 7741 c787 | 4803 0000 | 0500 0000 | f083 4424 
  0x0000027d51346b14: c000 493b | af50 0300 | 000f 8711 | 0000 0041 | 81bf 3803 | 0000 0000 | 0000 0f84 | 2400 0000 
  0x0000027d51346b34: c5f8 7749 | 8bcf 4c8b | e448 83ec | 2048 83e4 

  0x0000027d51346b44: ;   {runtime_call}
  0x0000027d51346b44: f049 ba90 | 442a d1fc | 7f00 0041 | ffd2 498b | e44d 33e4 | 41c7 8748 | 0300 0008 | 0000 0041 
  0x0000027d51346b64: 81bf b803 | 0000 0200 | 0000 0f84 | 9b00 0000 

  0x0000027d51346b74: ;   {external_word}
  0x0000027d51346b74: 49ba 7935 | 64d1 fc7f | 0000 4180 | 3a00 0f84 | 4800 0000 

  0x0000027d51346b88: ;   {metadata({method} {0x0000027da744bd48} 'DrawTexturePro' '(Lcom/raylib/Raylib$Texture;Lcom/raylib/Raylib$Rectangle;Lcom/raylib/Raylib$Rectangle;Lcom/raylib/Raylib$Vector2;FLcom/raylib/Raylib$Color;)V' in 'com/raylib/Raylib')}
  0x0000027d51346b88: 48ba 40bd | 44a7 7d02 | 0000 498b | cf48 83ec | 20f7 c40f | 0000 000f | 841a 0000 | 0048 83ec 
  0x0000027d51346ba8: ;   {runtime_call}
  0x0000027d51346ba8: 0849 ba00 | 301a d1fc | 7f00 0041 | ffd2 4883 | c408 e90d 

  0x0000027d51346bbc: ;   {runtime_call}
  0x0000027d51346bbc: 0000 0049 | ba00 301a | d1fc 7f00 | 0041 ffd2 | 4883 c420 | 49c7 8798 | 0200 0000 | 0000 0049 
  0x0000027d51346bdc: c787 a002 | 0000 0000 | 0000 c5f8 | 7749 8b8f | d800 0000 | c781 0001 | 0000 0000 | 0000 c949 
  0x0000027d51346bfc: 817f 0800 | 0000 000f | 8501 0000 

  0x0000027d51346c08: ;   {runtime_call StubRoutines (1)}
  0x0000027d51346c08: 00c3 e9f1 | a281 ffc5 | f877 4c8b | e448 83ec | 2048 83e4 

  0x0000027d51346c1c: ;   {runtime_call}
  0x0000027d51346c1c: f049 ba80 | 601a d1fc | 7f00 0041 | ffd2 498b | e44d 33e4 | e93f ffff | fff4 f4f4 
[/MachCode]


---------------  P R O C E S S  ---------------

Threads class SMR info:
_java_thread_list=0x0000027dae5bc8e0, length=13, elements={
0x0000027d41bf9a10, 0x0000027d652fb9e0, 0x0000027d652fc5a0, 0x0000027d653122f0,
0x0000027d65312eb0, 0x0000027d65315980, 0x0000027d65318750, 0x0000027d653194f0,
0x0000027d65321fb0, 0x0000027d65325170, 0x0000027d65630610, 0x0000027d65633f80,
0x0000027d656778f0
}

Java Threads: ( => current thread )
=>0x0000027d41bf9a10 JavaThread "main" [_thread_in_native, id=27508, stack(0x000000c0cf100000,0x000000c0cf200000)]
  0x0000027d652fb9e0 JavaThread "Reference Handler" daemon [_thread_blocked, id=25456, stack(0x000000c0cf800000,0x000000c0cf900000)]
  0x0000027d652fc5a0 JavaThread "Finalizer" daemon [_thread_blocked, id=25788, stack(0x000000c0cf900000,0x000000c0cfa00000)]
  0x0000027d653122f0 JavaThread "Signal Dispatcher" daemon [_thread_blocked, id=25984, stack(0x000000c0cfa00000,0x000000c0cfb00000)]
  0x0000027d65312eb0 JavaThread "Attach Listener" daemon [_thread_blocked, id=31404, stack(0x000000c0cfb00000,0x000000c0cfc00000)]
  0x0000027d65315980 JavaThread "Service Thread" daemon [_thread_blocked, id=7920, stack(0x000000c0cfc00000,0x000000c0cfd00000)]
  0x0000027d65318750 JavaThread "Monitor Deflation Thread" daemon [_thread_blocked, id=4808, stack(0x000000c0cfd00000,0x000000c0cfe00000)]
  0x0000027d653194f0 JavaThread "C2 CompilerThread0" daemon [_thread_blocked, id=12676, stack(0x000000c0cfe00000,0x000000c0cff00000)]
  0x0000027d65321fb0 JavaThread "C1 CompilerThread0" daemon [_thread_blocked, id=19408, stack(0x000000c0cff00000,0x000000c0d0000000)]
  0x0000027d65325170 JavaThread "Sweeper thread" daemon [_thread_blocked, id=12168, stack(0x000000c0d0000000,0x000000c0d0100000)]
  0x0000027d65630610 JavaThread "Notification Thread" daemon [_thread_blocked, id=13524, stack(0x000000c0d0200000,0x000000c0d0300000)]
  0x0000027d65633f80 JavaThread "Common-Cleaner" daemon [_thread_blocked, id=8964, stack(0x000000c0d0400000,0x000000c0d0500000)]
  0x0000027d656778f0 JavaThread "JavaCPP Deallocator" daemon [_thread_blocked, id=16592, stack(0x000000c0d0500000,0x000000c0d0600000)]

Other Threads:
  0x0000027d652f6f30 VMThread "VM Thread" [stack: 0x000000c0cf700000,0x000000c0cf800000] [id=25328]
  0x0000027d65630ef0 WatcherThread [stack: 0x000000c0d0300000,0x000000c0d0400000] [id=29104]
  0x0000027d41c662f0 GCTaskThread "GC Thread#0" [stack: 0x000000c0cf200000,0x000000c0cf300000] [id=6688]
  0x0000027dac363ac0 GCTaskThread "GC Thread#1" [stack: 0x000000c0d0f00000,0x000000c0d1000000] [id=4496]
  0x0000027dac363d80 GCTaskThread "GC Thread#2" [stack: 0x000000c0d1000000,0x000000c0d1100000] [id=4768]
  0x0000027dabe41d20 GCTaskThread "GC Thread#3" [stack: 0x000000c0d1100000,0x000000c0d1200000] [id=21616]
  0x0000027dab33ebe0 GCTaskThread "GC Thread#4" [stack: 0x000000c0d1200000,0x000000c0d1300000] [id=1908]
  0x0000027dab7f8c30 GCTaskThread "GC Thread#5" [stack: 0x000000c0d1300000,0x000000c0d1400000] [id=12804]
  0x0000027d41c76c90 ConcurrentGCThread "G1 Main Marker" [stack: 0x000000c0cf300000,0x000000c0cf400000] [id=31448]
  0x0000027d41c776b0 ConcurrentGCThread "G1 Conc#0" [stack: 0x000000c0cf400000,0x000000c0cf500000] [id=25208]
  0x0000027d652316b0 ConcurrentGCThread "G1 Refine#0" [stack: 0x000000c0cf500000,0x000000c0cf600000] [id=18888]
  0x0000027d652330f0 ConcurrentGCThread "G1 Service" [stack: 0x000000c0cf600000,0x000000c0cf700000] [id=5160]

Threads with active compile tasks:

VM state: not at safepoint (normal execution)

VM Mutex/Monitor currently owned by a thread: None

Heap address: 0x0000000705a00000, size: 4006 MB, Compressed Oops mode: Zero based, Oop shift amount: 3

CDS archive(s) mapped at: [0x0000027d66000000-0x0000027d66bb0000-0x0000027d66bb0000), size 12255232, SharedBaseAddress: 0x0000027d66000000, ArchiveRelocationMode: 1.
Compressed class space mapped at: 0x0000027d67000000-0x0000027da7000000, reserved size: 1073741824
Narrow klass base: 0x0000027d66000000, Narrow klass shift: 0, Narrow klass range: 0x100000000

GC Precious Log:
 CPUs: 16 total, 16 available
 Memory: 16021M
 Large Page Support: Disabled
 NUMA Support: Disabled
 Compressed Oops: Enabled (Zero based)
 Heap Region Size: 2M
 Heap Min Capacity: 8M
 Heap Initial Capacity: 252M
 Heap Max Capacity: 4006M
 Pre-touch: Disabled
 Parallel Workers: 13
 Concurrent Workers: 3
 Concurrent Refinement Workers: 13
 Periodic GC: Disabled

Heap:
 garbage-first heap   total 258048K, used 5759K [0x0000000705a00000, 0x0000000800000000)
  region size 2048K, 4 young (8192K), 1 survivors (2048K)
 Metaspace       used 2115K, committed 2304K, reserved 1114112K
  class space    used 180K, committed 256K, reserved 1048576K

Heap Regions: E=young(eden), S=young(survivor), O=old, HS=humongous(starts), HC=humongous(continues), CS=collection set, F=free, OA=open archive, CA=closed archive, TAMS=top-at-mark-start (previous, next)
|   0|0x0000000705a00000, 0x0000000705a00000, 0x0000000705c00000|  0%| F|  |TAMS 0x0000000705a00000, 0x0000000705a00000| Untracked 
|   1|0x0000000705c00000, 0x0000000705c00000, 0x0000000705e00000|  0%| F|  |TAMS 0x0000000705c00000, 0x0000000705c00000| Untracked 
|   2|0x0000000705e00000, 0x0000000705e00000, 0x0000000706000000|  0%| F|  |TAMS 0x0000000705e00000, 0x0000000705e00000| Untracked 
|   3|0x0000000706000000, 0x0000000706000000, 0x0000000706200000|  0%| F|  |TAMS 0x0000000706000000, 0x0000000706000000| Untracked 
|   4|0x0000000706200000, 0x0000000706200000, 0x0000000706400000|  0%| F|  |TAMS 0x0000000706200000, 0x0000000706200000| Untracked 
|   5|0x0000000706400000, 0x0000000706400000, 0x0000000706600000|  0%| F|  |TAMS 0x0000000706400000, 0x0000000706400000| Untracked 
|   6|0x0000000706600000, 0x0000000706600000, 0x0000000706800000|  0%| F|  |TAMS 0x0000000706600000, 0x0000000706600000| Untracked 
|   7|0x0000000706800000, 0x0000000706800000, 0x0000000706a00000|  0%| F|  |TAMS 0x0000000706800000, 0x0000000706800000| Untracked 
|   8|0x0000000706a00000, 0x0000000706a00000, 0x0000000706c00000|  0%| F|  |TAMS 0x0000000706a00000, 0x0000000706a00000| Untracked 
|   9|0x0000000706c00000, 0x0000000706c00000, 0x0000000706e00000|  0%| F|  |TAMS 0x0000000706c00000, 0x0000000706c00000| Untracked 
|  10|0x0000000706e00000, 0x0000000706e00000, 0x0000000707000000|  0%| F|  |TAMS 0x0000000706e00000, 0x0000000706e00000| Untracked 
|  11|0x0000000707000000, 0x0000000707000000, 0x0000000707200000|  0%| F|  |TAMS 0x0000000707000000, 0x0000000707000000| Untracked 
|  12|0x0000000707200000, 0x0000000707200000, 0x0000000707400000|  0%| F|  |TAMS 0x0000000707200000, 0x0000000707200000| Untracked 
|  13|0x0000000707400000, 0x0000000707400000, 0x0000000707600000|  0%| F|  |TAMS 0x0000000707400000, 0x0000000707400000| Untracked 
|  14|0x0000000707600000, 0x0000000707600000, 0x0000000707800000|  0%| F|  |TAMS 0x0000000707600000, 0x0000000707600000| Untracked 
|  15|0x0000000707800000, 0x0000000707800000, 0x0000000707a00000|  0%| F|  |TAMS 0x0000000707800000, 0x0000000707800000| Untracked 
|  16|0x0000000707a00000, 0x0000000707a00000, 0x0000000707c00000|  0%| F|  |TAMS 0x0000000707a00000, 0x0000000707a00000| Untracked 
|  17|0x0000000707c00000, 0x0000000707c00000, 0x0000000707e00000|  0%| F|  |TAMS 0x0000000707c00000, 0x0000000707c00000| Untracked 
|  18|0x0000000707e00000, 0x0000000707e00000, 0x0000000708000000|  0%| F|  |TAMS 0x0000000707e00000, 0x0000000707e00000| Untracked 
|  19|0x0000000708000000, 0x0000000708000000, 0x0000000708200000|  0%| F|  |TAMS 0x0000000708000000, 0x0000000708000000| Untracked 
|  20|0x0000000708200000, 0x0000000708200000, 0x0000000708400000|  0%| F|  |TAMS 0x0000000708200000, 0x0000000708200000| Untracked 
|  21|0x0000000708400000, 0x0000000708400000, 0x0000000708600000|  0%| F|  |TAMS 0x0000000708400000, 0x0000000708400000| Untracked 
|  22|0x0000000708600000, 0x0000000708600000, 0x0000000708800000|  0%| F|  |TAMS 0x0000000708600000, 0x0000000708600000| Untracked 
|  23|0x0000000708800000, 0x0000000708800000, 0x0000000708a00000|  0%| F|  |TAMS 0x0000000708800000, 0x0000000708800000| Untracked 
|  24|0x0000000708a00000, 0x0000000708a00000, 0x0000000708c00000|  0%| F|  |TAMS 0x0000000708a00000, 0x0000000708a00000| Untracked 
|  25|0x0000000708c00000, 0x0000000708c00000, 0x0000000708e00000|  0%| F|  |TAMS 0x0000000708c00000, 0x0000000708c00000| Untracked 
|  26|0x0000000708e00000, 0x0000000708e00000, 0x0000000709000000|  0%| F|  |TAMS 0x0000000708e00000, 0x0000000708e00000| Untracked 
|  27|0x0000000709000000, 0x0000000709000000, 0x0000000709200000|  0%| F|  |TAMS 0x0000000709000000, 0x0000000709000000| Untracked 
|  28|0x0000000709200000, 0x0000000709200000, 0x0000000709400000|  0%| F|  |TAMS 0x0000000709200000, 0x0000000709200000| Untracked 
|  29|0x0000000709400000, 0x0000000709400000, 0x0000000709600000|  0%| F|  |TAMS 0x0000000709400000, 0x0000000709400000| Untracked 
|  30|0x0000000709600000, 0x0000000709600000, 0x0000000709800000|  0%| F|  |TAMS 0x0000000709600000, 0x0000000709600000| Untracked 
|  31|0x0000000709800000, 0x0000000709800000, 0x0000000709a00000|  0%| F|  |TAMS 0x0000000709800000, 0x0000000709800000| Untracked 
|  32|0x0000000709a00000, 0x0000000709a00000, 0x0000000709c00000|  0%| F|  |TAMS 0x0000000709a00000, 0x0000000709a00000| Untracked 
|  33|0x0000000709c00000, 0x0000000709c00000, 0x0000000709e00000|  0%| F|  |TAMS 0x0000000709c00000, 0x0000000709c00000| Untracked 
|  34|0x0000000709e00000, 0x0000000709e00000, 0x000000070a000000|  0%| F|  |TAMS 0x0000000709e00000, 0x0000000709e00000| Untracked 
|  35|0x000000070a000000, 0x000000070a000000, 0x000000070a200000|  0%| F|  |TAMS 0x000000070a000000, 0x000000070a000000| Untracked 
|  36|0x000000070a200000, 0x000000070a200000, 0x000000070a400000|  0%| F|  |TAMS 0x000000070a200000, 0x000000070a200000| Untracked 
|  37|0x000000070a400000, 0x000000070a400000, 0x000000070a600000|  0%| F|  |TAMS 0x000000070a400000, 0x000000070a400000| Untracked 
|  38|0x000000070a600000, 0x000000070a600000, 0x000000070a800000|  0%| F|  |TAMS 0x000000070a600000, 0x000000070a600000| Untracked 
|  39|0x000000070a800000, 0x000000070a800000, 0x000000070aa00000|  0%| F|  |TAMS 0x000000070a800000, 0x000000070a800000| Untracked 
|  40|0x000000070aa00000, 0x000000070aa00000, 0x000000070ac00000|  0%| F|  |TAMS 0x000000070aa00000, 0x000000070aa00000| Untracked 
|  41|0x000000070ac00000, 0x000000070ac00000, 0x000000070ae00000|  0%| F|  |TAMS 0x000000070ac00000, 0x000000070ac00000| Untracked 
|  42|0x000000070ae00000, 0x000000070ae00000, 0x000000070b000000|  0%| F|  |TAMS 0x000000070ae00000, 0x000000070ae00000| Untracked 
|  43|0x000000070b000000, 0x000000070b000000, 0x000000070b200000|  0%| F|  |TAMS 0x000000070b000000, 0x000000070b000000| Untracked 
|  44|0x000000070b200000, 0x000000070b200000, 0x000000070b400000|  0%| F|  |TAMS 0x000000070b200000, 0x000000070b200000| Untracked 
|  45|0x000000070b400000, 0x000000070b400000, 0x000000070b600000|  0%| F|  |TAMS 0x000000070b400000, 0x000000070b400000| Untracked 
|  46|0x000000070b600000, 0x000000070b600000, 0x000000070b800000|  0%| F|  |TAMS 0x000000070b600000, 0x000000070b600000| Untracked 
|  47|0x000000070b800000, 0x000000070b800000, 0x000000070ba00000|  0%| F|  |TAMS 0x000000070b800000, 0x000000070b800000| Untracked 
|  48|0x000000070ba00000, 0x000000070ba00000, 0x000000070bc00000|  0%| F|  |TAMS 0x000000070ba00000, 0x000000070ba00000| Untracked 
|  49|0x000000070bc00000, 0x000000070bc00000, 0x000000070be00000|  0%| F|  |TAMS 0x000000070bc00000, 0x000000070bc00000| Untracked 
|  50|0x000000070be00000, 0x000000070be00000, 0x000000070c000000|  0%| F|  |TAMS 0x000000070be00000, 0x000000070be00000| Untracked 
|  51|0x000000070c000000, 0x000000070c000000, 0x000000070c200000|  0%| F|  |TAMS 0x000000070c000000, 0x000000070c000000| Untracked 
|  52|0x000000070c200000, 0x000000070c200000, 0x000000070c400000|  0%| F|  |TAMS 0x000000070c200000, 0x000000070c200000| Untracked 
|  53|0x000000070c400000, 0x000000070c400000, 0x000000070c600000|  0%| F|  |TAMS 0x000000070c400000, 0x000000070c400000| Untracked 
|  54|0x000000070c600000, 0x000000070c600000, 0x000000070c800000|  0%| F|  |TAMS 0x000000070c600000, 0x000000070c600000| Untracked 
|  55|0x000000070c800000, 0x000000070c800000, 0x000000070ca00000|  0%| F|  |TAMS 0x000000070c800000, 0x000000070c800000| Untracked 
|  56|0x000000070ca00000, 0x000000070ca00000, 0x000000070cc00000|  0%| F|  |TAMS 0x000000070ca00000, 0x000000070ca00000| Untracked 
|  57|0x000000070cc00000, 0x000000070cc00000, 0x000000070ce00000|  0%| F|  |TAMS 0x000000070cc00000, 0x000000070cc00000| Untracked 
|  58|0x000000070ce00000, 0x000000070ce00000, 0x000000070d000000|  0%| F|  |TAMS 0x000000070ce00000, 0x000000070ce00000| Untracked 
|  59|0x000000070d000000, 0x000000070d000000, 0x000000070d200000|  0%| F|  |TAMS 0x000000070d000000, 0x000000070d000000| Untracked 
|  60|0x000000070d200000, 0x000000070d200000, 0x000000070d400000|  0%| F|  |TAMS 0x000000070d200000, 0x000000070d200000| Untracked 
|  61|0x000000070d400000, 0x000000070d400000, 0x000000070d600000|  0%| F|  |TAMS 0x000000070d400000, 0x000000070d400000| Untracked 
|  62|0x000000070d600000, 0x000000070d600000, 0x000000070d800000|  0%| F|  |TAMS 0x000000070d600000, 0x000000070d600000| Untracked 
|  63|0x000000070d800000, 0x000000070d800000, 0x000000070da00000|  0%| F|  |TAMS 0x000000070d800000, 0x000000070d800000| Untracked 
|  64|0x000000070da00000, 0x000000070da00000, 0x000000070dc00000|  0%| F|  |TAMS 0x000000070da00000, 0x000000070da00000| Untracked 
|  65|0x000000070dc00000, 0x000000070dc00000, 0x000000070de00000|  0%| F|  |TAMS 0x000000070dc00000, 0x000000070dc00000| Untracked 
|  66|0x000000070de00000, 0x000000070de00000, 0x000000070e000000|  0%| F|  |TAMS 0x000000070de00000, 0x000000070de00000| Untracked 
|  67|0x000000070e000000, 0x000000070e000000, 0x000000070e200000|  0%| F|  |TAMS 0x000000070e000000, 0x000000070e000000| Untracked 
|  68|0x000000070e200000, 0x000000070e200000, 0x000000070e400000|  0%| F|  |TAMS 0x000000070e200000, 0x000000070e200000| Untracked 
|  69|0x000000070e400000, 0x000000070e400000, 0x000000070e600000|  0%| F|  |TAMS 0x000000070e400000, 0x000000070e400000| Untracked 
|  70|0x000000070e600000, 0x000000070e600000, 0x000000070e800000|  0%| F|  |TAMS 0x000000070e600000, 0x000000070e600000| Untracked 
|  71|0x000000070e800000, 0x000000070e800000, 0x000000070ea00000|  0%| F|  |TAMS 0x000000070e800000, 0x000000070e800000| Untracked 
|  72|0x000000070ea00000, 0x000000070ea00000, 0x000000070ec00000|  0%| F|  |TAMS 0x000000070ea00000, 0x000000070ea00000| Untracked 
|  73|0x000000070ec00000, 0x000000070ec00000, 0x000000070ee00000|  0%| F|  |TAMS 0x000000070ec00000, 0x000000070ec00000| Untracked 
|  74|0x000000070ee00000, 0x000000070ee00000, 0x000000070f000000|  0%| F|  |TAMS 0x000000070ee00000, 0x000000070ee00000| Untracked 
|  75|0x000000070f000000, 0x000000070f000000, 0x000000070f200000|  0%| F|  |TAMS 0x000000070f000000, 0x000000070f000000| Untracked 
|  76|0x000000070f200000, 0x000000070f200000, 0x000000070f400000|  0%| F|  |TAMS 0x000000070f200000, 0x000000070f200000| Untracked 
|  77|0x000000070f400000, 0x000000070f400000, 0x000000070f600000|  0%| F|  |TAMS 0x000000070f400000, 0x000000070f400000| Untracked 
|  78|0x000000070f600000, 0x000000070f600000, 0x000000070f800000|  0%| F|  |TAMS 0x000000070f600000, 0x000000070f600000| Untracked 
|  79|0x000000070f800000, 0x000000070f800000, 0x000000070fa00000|  0%| F|  |TAMS 0x000000070f800000, 0x000000070f800000| Untracked 
|  80|0x000000070fa00000, 0x000000070fa00000, 0x000000070fc00000|  0%| F|  |TAMS 0x000000070fa00000, 0x000000070fa00000| Untracked 
|  81|0x000000070fc00000, 0x000000070fc00000, 0x000000070fe00000|  0%| F|  |TAMS 0x000000070fc00000, 0x000000070fc00000| Untracked 
|  82|0x000000070fe00000, 0x000000070fe00000, 0x0000000710000000|  0%| F|  |TAMS 0x000000070fe00000, 0x000000070fe00000| Untracked 
|  83|0x0000000710000000, 0x0000000710000000, 0x0000000710200000|  0%| F|  |TAMS 0x0000000710000000, 0x0000000710000000| Untracked 
|  84|0x0000000710200000, 0x0000000710200000, 0x0000000710400000|  0%| F|  |TAMS 0x0000000710200000, 0x0000000710200000| Untracked 
|  85|0x0000000710400000, 0x0000000710400000, 0x0000000710600000|  0%| F|  |TAMS 0x0000000710400000, 0x0000000710400000| Untracked 
|  86|0x0000000710600000, 0x0000000710600000, 0x0000000710800000|  0%| F|  |TAMS 0x0000000710600000, 0x0000000710600000| Untracked 
|  87|0x0000000710800000, 0x0000000710800000, 0x0000000710a00000|  0%| F|  |TAMS 0x0000000710800000, 0x0000000710800000| Untracked 
|  88|0x0000000710a00000, 0x0000000710a00000, 0x0000000710c00000|  0%| F|  |TAMS 0x0000000710a00000, 0x0000000710a00000| Untracked 
|  89|0x0000000710c00000, 0x0000000710c00000, 0x0000000710e00000|  0%| F|  |TAMS 0x0000000710c00000, 0x0000000710c00000| Untracked 
|  90|0x0000000710e00000, 0x0000000710e00000, 0x0000000711000000|  0%| F|  |TAMS 0x0000000710e00000, 0x0000000710e00000| Untracked 
|  91|0x0000000711000000, 0x0000000711000000, 0x0000000711200000|  0%| F|  |TAMS 0x0000000711000000, 0x0000000711000000| Untracked 
|  92|0x0000000711200000, 0x0000000711200000, 0x0000000711400000|  0%| F|  |TAMS 0x0000000711200000, 0x0000000711200000| Untracked 
|  93|0x0000000711400000, 0x0000000711400000, 0x0000000711600000|  0%| F|  |TAMS 0x0000000711400000, 0x0000000711400000| Untracked 
|  94|0x0000000711600000, 0x0000000711600000, 0x0000000711800000|  0%| F|  |TAMS 0x0000000711600000, 0x0000000711600000| Untracked 
|  95|0x0000000711800000, 0x0000000711800000, 0x0000000711a00000|  0%| F|  |TAMS 0x0000000711800000, 0x0000000711800000| Untracked 
|  96|0x0000000711a00000, 0x0000000711a00000, 0x0000000711c00000|  0%| F|  |TAMS 0x0000000711a00000, 0x0000000711a00000| Untracked 
|  97|0x0000000711c00000, 0x0000000711c00000, 0x0000000711e00000|  0%| F|  |TAMS 0x0000000711c00000, 0x0000000711c00000| Untracked 
|  98|0x0000000711e00000, 0x0000000711e00000, 0x0000000712000000|  0%| F|  |TAMS 0x0000000711e00000, 0x0000000711e00000| Untracked 
|  99|0x0000000712000000, 0x0000000712000000, 0x0000000712200000|  0%| F|  |TAMS 0x0000000712000000, 0x0000000712000000| Untracked 
| 100|0x0000000712200000, 0x0000000712200000, 0x0000000712400000|  0%| F|  |TAMS 0x0000000712200000, 0x0000000712200000| Untracked 
| 101|0x0000000712400000, 0x0000000712400000, 0x0000000712600000|  0%| F|  |TAMS 0x0000000712400000, 0x0000000712400000| Untracked 
| 102|0x0000000712600000, 0x0000000712600000, 0x0000000712800000|  0%| F|  |TAMS 0x0000000712600000, 0x0000000712600000| Untracked 
| 103|0x0000000712800000, 0x0000000712800000, 0x0000000712a00000|  0%| F|  |TAMS 0x0000000712800000, 0x0000000712800000| Untracked 
| 104|0x0000000712a00000, 0x0000000712a00000, 0x0000000712c00000|  0%| F|  |TAMS 0x0000000712a00000, 0x0000000712a00000| Untracked 
| 105|0x0000000712c00000, 0x0000000712c00000, 0x0000000712e00000|  0%| F|  |TAMS 0x0000000712c00000, 0x0000000712c00000| Untracked 
| 106|0x0000000712e00000, 0x0000000712e00000, 0x0000000713000000|  0%| F|  |TAMS 0x0000000712e00000, 0x0000000712e00000| Untracked 
| 107|0x0000000713000000, 0x0000000713000000, 0x0000000713200000|  0%| F|  |TAMS 0x0000000713000000, 0x0000000713000000| Untracked 
| 108|0x0000000713200000, 0x0000000713200000, 0x0000000713400000|  0%| F|  |TAMS 0x0000000713200000, 0x0000000713200000| Untracked 
| 109|0x0000000713400000, 0x0000000713400000, 0x0000000713600000|  0%| F|  |TAMS 0x0000000713400000, 0x0000000713400000| Untracked 
| 110|0x0000000713600000, 0x0000000713600000, 0x0000000713800000|  0%| F|  |TAMS 0x0000000713600000, 0x0000000713600000| Untracked 
| 111|0x0000000713800000, 0x0000000713800000, 0x0000000713a00000|  0%| F|  |TAMS 0x0000000713800000, 0x0000000713800000| Untracked 
| 112|0x0000000713a00000, 0x0000000713a00000, 0x0000000713c00000|  0%| F|  |TAMS 0x0000000713a00000, 0x0000000713a00000| Untracked 
| 113|0x0000000713c00000, 0x0000000713c00000, 0x0000000713e00000|  0%| F|  |TAMS 0x0000000713c00000, 0x0000000713c00000| Untracked 
| 114|0x0000000713e00000, 0x0000000713f9fcc8, 0x0000000714000000| 81%| S|CS|TAMS 0x0000000713e00000, 0x0000000713e00000| Complete 
| 115|0x0000000714000000, 0x0000000714000000, 0x0000000714200000|  0%| F|  |TAMS 0x0000000714000000, 0x0000000714000000| Untracked 
| 116|0x0000000714200000, 0x0000000714200000, 0x0000000714400000|  0%| F|  |TAMS 0x0000000714200000, 0x0000000714200000| Untracked 
| 117|0x0000000714400000, 0x0000000714400000, 0x0000000714600000|  0%| F|  |TAMS 0x0000000714400000, 0x0000000714400000| Untracked 
| 118|0x0000000714600000, 0x0000000714600000, 0x0000000714800000|  0%| F|  |TAMS 0x0000000714600000, 0x0000000714600000| Untracked 
| 119|0x0000000714800000, 0x0000000714800000, 0x0000000714a00000|  0%| F|  |TAMS 0x0000000714800000, 0x0000000714800000| Untracked 
| 120|0x0000000714a00000, 0x0000000714a00000, 0x0000000714c00000|  0%| F|  |TAMS 0x0000000714a00000, 0x0000000714a00000| Untracked 
| 121|0x0000000714c00000, 0x0000000714c00000, 0x0000000714e00000|  0%| F|  |TAMS 0x0000000714c00000, 0x0000000714c00000| Untracked 
| 122|0x0000000714e00000, 0x0000000714e00000, 0x0000000715000000|  0%| F|  |TAMS 0x0000000714e00000, 0x0000000714e00000| Untracked 
| 123|0x0000000715000000, 0x00000007150c3d30, 0x0000000715200000| 38%| E|  |TAMS 0x0000000715000000, 0x0000000715000000| Complete 
| 124|0x0000000715200000, 0x0000000715400000, 0x0000000715400000|100%| E|CS|TAMS 0x0000000715200000, 0x0000000715200000| Complete 
| 125|0x0000000715400000, 0x0000000715600000, 0x0000000715600000|100%| E|CS|TAMS 0x0000000715400000, 0x0000000715400000| Complete 

Card table byte_map: [0x0000027d59780000,0x0000027d59f60000] _byte_map_base: 0x0000027d55f53000

Marking Bits (Prev, Next): (CMBitMap*) 0x0000027d41c66910, (CMBitMap*) 0x0000027d41c66950
 Prev Bits: [0x0000027d5a740000, 0x0000027d5e5d8000)
 Next Bits: [0x0000027d5e5e0000, 0x0000027d62478000)

Polling page: 0x0000027d3fbb0000

Metaspace:

Usage:
  Non-class:      1.89 MB used.
      Class:    180.82 KB used.
       Both:      2.07 MB used.

Virtual space:
  Non-class space:       64.00 MB reserved,       2.00 MB (  3%) committed,  1 nodes.
      Class space:        1.00 GB reserved,     256.00 KB ( <1%) committed,  1 nodes.
             Both:        1.06 GB reserved,       2.25 MB ( <1%) committed. 

Chunk freelists:
   Non-Class:  11.23 MB
       Class:  15.65 MB
        Both:  26.88 MB

MaxMetaspaceSize: unlimited
CompressedClassSpaceSize: 1.00 GB
Initial GC threshold: 21.00 MB
Current GC threshold: 21.00 MB
CDS: on
MetaspaceReclaimPolicy: balanced
 - commit_granule_bytes: 65536.
 - commit_granule_words: 8192.
 - virtual_space_node_default_size: 8388608.
 - enlarge_chunks_in_place: 1.
 - new_chunks_are_fully_committed: 0.
 - uncommit_free_chunks: 1.
 - use_allocation_guard: 0.
 - handle_deallocations: 1.


Internal statistics:

num_allocs_failed_limit: 0.
num_arena_births: 32.
num_arena_deaths: 0.
num_vsnodes_births: 2.
num_vsnodes_deaths: 0.
num_space_committed: 36.
num_space_uncommitted: 0.
num_chunks_returned_to_freelist: 0.
num_chunks_taken_from_freelist: 72.
num_chunk_merges: 0.
num_chunk_splits: 50.
num_chunks_enlarged: 39.
num_inconsistent_stats: 0.

CodeHeap 'non-profiled nmethods': size=119168Kb used=655Kb max_used=655Kb free=118512Kb
 bounds [0x0000027d512b0000, 0x0000027d51520000, 0x0000027d58710000]
CodeHeap 'profiled nmethods': size=119104Kb used=1389Kb max_used=1389Kb free=117714Kb
 bounds [0x0000027d49710000, 0x0000027d49980000, 0x0000027d50b60000]
CodeHeap 'non-nmethods': size=7488Kb used=1159Kb max_used=2907Kb free=6328Kb
 bounds [0x0000027d50b60000, 0x0000027d50e50000, 0x0000027d512b0000]
 total_blobs=1279 nmethods=842 adapters=350
 compilation: enabled
              stopped_count=0, restarted_count=0
 full_count=0

Compilation events (20 events):
Event: 9.744 Thread 0x0000027d653194f0  843   !   4       org.bytedeco.javacpp.Pointer$DeallocatorReference::add (82 bytes)
Event: 9.747 Thread 0x0000027d653194f0 nmethod 843 0x0000027d5134ef90 code [0x0000027d5134f120, 0x0000027d5134f698]
Event: 10.044 Thread 0x0000027d653194f0  844 %     4       java.lang.StringCoding::hasNegatives @ 2 (25 bytes)
Event: 10.046 Thread 0x0000027d653194f0 nmethod 844% 0x0000027d5134f790 code [0x0000027d5134f920, 0x0000027d5134fb18]
Event: 10.895 Thread 0x0000027d653194f0  845   !   4       org.bytedeco.javacpp.Pointer::deallocator (568 bytes)
Event: 10.903 Thread 0x0000027d653194f0 nmethod 845 0x0000027d5134fc90 code [0x0000027d5134fee0, 0x0000027d51350c20]
Event: 11.494 Thread 0x0000027d65321fb0  846   !   3       java.lang.String::encodeWithEncoder (307 bytes)
Event: 11.495 Thread 0x0000027d65321fb0 nmethod 846 0x0000027d49868d90 code [0x0000027d49869160, 0x0000027d4986ac08]
Event: 11.977 Thread 0x0000027d653194f0  847       4       java.lang.StringConcatHelper::newArray (40 bytes)
Event: 11.978 Thread 0x0000027d653194f0 nmethod 847 0x0000027d51351390 code [0x0000027d51351520, 0x0000027d51351638]
Event: 12.644 Thread 0x0000027d653194f0  848       4       java.lang.StringCoding::hasNegatives (25 bytes)
Event: 12.646 Thread 0x0000027d653194f0 nmethod 848 0x0000027d51351710 code [0x0000027d51351880, 0x0000027d513519f8]
Event: 17.246 Thread 0x0000027d653194f0  849       4       com.raylib.Jaylib::Rectangle (25 bytes)
Event: 17.247 Thread 0x0000027d653194f0 nmethod 849 0x0000027d51351b10 code [0x0000027d51351ce0, 0x0000027d51351ec0]
Event: 18.280 Thread 0x0000027d653194f0  850   !   4       java.nio.charset.Charset::defaultCharset (53 bytes)
Event: 18.280 Thread 0x0000027d653194f0 nmethod 850 0x0000027d51352110 code [0x0000027d51352280, 0x0000027d51352318]
Event: 18.296 Thread 0x0000027d653194f0  851       4       sun.nio.cs.MS1252::newEncoder (16 bytes)
Event: 18.301 Thread 0x0000027d653194f0 nmethod 851 0x0000027d51352410 code [0x0000027d513525c0, 0x0000027d51352e98]
Event: 18.913 Thread 0x0000027d653194f0  852       4       java.lang.String::getBytes (15 bytes)
Event: 18.918 Thread 0x0000027d653194f0 nmethod 852 0x0000027d51353110 code [0x0000027d513532c0, 0x0000027d513537b8]

GC Heap History (2 events):
Event: 0.840 GC heap before
{Heap before GC invocations=0 (full 0):
 garbage-first heap   total 258048K, used 22528K [0x0000000705a00000, 0x0000000800000000)
  region size 2048K, 11 young (22528K), 0 survivors (0K)
 Metaspace       used 1606K, committed 1792K, reserved 1114112K
  class space    used 118K, committed 192K, reserved 1048576K
}
Event: 0.863 GC heap after
{Heap after GC invocations=1 (full 0):
 garbage-first heap   total 258048K, used 1663K [0x0000000705a00000, 0x0000000800000000)
  region size 2048K, 1 young (2048K), 1 survivors (2048K)
 Metaspace       used 1606K, committed 1792K, reserved 1114112K
  class space    used 118K, committed 192K, reserved 1048576K
}

Dll operation events (20 events):
Event: 0.544 Loaded shared library C:\Program Files (x86)\Windows Kits\10\Redist\ucrt\DLLs\x64\api-ms-win-core-rtlsupport-l1-1-0.dll
Event: 0.554 Loaded shared library C:\Program Files (x86)\Windows Kits\10\Redist\ucrt\DLLs\x64\api-ms-win-core-processthreads-l1-1-1.dll
Event: 0.565 Loaded shared library C:\Program Files (x86)\Windows Kits\10\Redist\ucrt\DLLs\x64\api-ms-win-core-file-l1-2-0.dll
Event: 0.576 Loaded shared library C:\Program Files (x86)\Windows Kits\10\Redist\ucrt\DLLs\x64\api-ms-win-core-profile-l1-1-0.dll
Event: 0.583 Loaded shared library C:\Program Files (x86)\Windows Kits\10\Redist\ucrt\DLLs\x64\api-ms-win-core-memory-l1-1-0.dll
Event: 0.592 Loaded shared library C:\Program Files (x86)\Windows Kits\10\Redist\ucrt\DLLs\x64\api-ms-win-core-util-l1-1-0.dll
Event: 0.601 Loaded shared library C:\Program Files (x86)\Windows Kits\10\Redist\ucrt\DLLs\x64\api-ms-win-core-interlocked-l1-1-0.dll
Event: 0.610 Loaded shared library C:\Program Files (x86)\Windows Kits\10\Redist\ucrt\DLLs\x64\ucrtbase.dll
Event: 0.618 Loaded shared library C:\Users\luczu\.jdks\corretto-17.0.10\bin\vcruntime140.dll
Event: 0.625 Loaded shared library C:\Users\luczu\.jdks\corretto-17.0.10\bin\vcruntime140_1.dll
Event: 0.633 Loaded shared library C:\Users\luczu\.jdks\corretto-17.0.10\bin\msvcp140.dll
Event: 0.642 Loaded shared library C:\Windows\System32\msvcp140_1.dll
Event: 0.650 Loaded shared library C:\Windows\System32\concrt140.dll
Event: 0.660 Loaded shared library C:\Windows\System32\vcomp140.dll
Event: 0.735 Loaded shared library C:\Windows\System32\winmm.dll
Event: 0.739 Loaded shared library C:\Windows\System32\opengl32.dll
Event: 0.740 Loaded shared library C:\Windows\System32\user32.dll
Event: 0.741 Loaded shared library C:\Windows\System32\shell32.dll
Event: 0.742 Loaded shared library C:\Windows\System32\gdi32.dll
Event: 0.839 Loaded shared library C:\Users\luczu\.javacpp\cache\jaylib-4.5.0-0.jar\com\raylib\windows-x86_64\jniRaylib.dll

Deoptimization events (20 events):
Event: 0.501 Thread 0x0000027d41bf9a10 DEOPT PACKING pc=0x0000027d512d4234 sp=0x000000c0cf1fd320
Event: 0.501 Thread 0x0000027d41bf9a10 DEOPT UNPACKING pc=0x0000027d50bba1a3 sp=0x000000c0cf1fd2a8 mode 2
Event: 0.668 Thread 0x0000027d41bf9a10 Uncommon trap: trap_request=0xffffff45 fr.pc=0x0000027d512c947c relative=0x00000000000001bc
Event: 0.669 Thread 0x0000027d41bf9a10 Uncommon trap: reason=unstable_if action=reinterpret pc=0x0000027d512c947c method=java.io.WinNTFileSystem.normalize(Ljava/lang/String;)Ljava/lang/String; @ 128 c2
Event: 0.670 Thread 0x0000027d41bf9a10 DEOPT PACKING pc=0x0000027d512c947c sp=0x000000c0cf1fd520
Event: 0.670 Thread 0x0000027d41bf9a10 DEOPT UNPACKING pc=0x0000027d50bba1a3 sp=0x000000c0cf1fd4a8 mode 2
Event: 0.677 Thread 0x0000027d41bf9a10 Uncommon trap: trap_request=0xffffff45 fr.pc=0x0000027d512caa54 relative=0x00000000000001b4
Event: 0.678 Thread 0x0000027d41bf9a10 Uncommon trap: reason=unstable_if action=reinterpret pc=0x0000027d512caa54 method=sun.net.www.ParseUtil.firstEncodeIndex(Ljava/lang/String;)I @ 51 c2
Event: 0.680 Thread 0x0000027d41bf9a10 DEOPT PACKING pc=0x0000027d512caa54 sp=0x000000c0cf1fd730
Event: 0.680 Thread 0x0000027d41bf9a10 DEOPT UNPACKING pc=0x0000027d50bba1a3 sp=0x000000c0cf1fd6b8 mode 2
Event: 0.863 Thread 0x0000027d41bf9a10 Uncommon trap: trap_request=0xffffff45 fr.pc=0x0000027d512db9e0 relative=0x00000000000000e0
Event: 0.865 Thread 0x0000027d41bf9a10 Uncommon trap: reason=unstable_if action=reinterpret pc=0x0000027d512db9e0 method=java.lang.ref.SoftReference.get()Ljava/lang/Object; @ 17 c2
Event: 0.868 Thread 0x0000027d41bf9a10 DEOPT PACKING pc=0x0000027d512db9e0 sp=0x000000c0cf1fbe90
Event: 0.868 Thread 0x0000027d41bf9a10 DEOPT UNPACKING pc=0x0000027d50bba1a3 sp=0x000000c0cf1fbe48 mode 2
Event: 1.320 Thread 0x0000027d41bf9a10 Uncommon trap: trap_request=0xffffff45 fr.pc=0x0000027d512f4f7c relative=0x00000000000012dc
Event: 1.320 Thread 0x0000027d41bf9a10 Uncommon trap: reason=unstable_if action=reinterpret pc=0x0000027d512f4f7c method=java.net.URL.<init>(Ljava/net/URL;Ljava/lang/String;Ljava/net/URLStreamHandler;)V @ 273 c2
Event: 1.320 Thread 0x0000027d41bf9a10 DEOPT PACKING pc=0x0000027d512f4f7c sp=0x000000c0cf1fbe60
Event: 1.320 Thread 0x0000027d41bf9a10 DEOPT UNPACKING pc=0x0000027d50bba1a3 sp=0x000000c0cf1fbe00 mode 2
Event: 11.494 Thread 0x0000027d41bf9a10 DEOPT PACKING pc=0x0000027d49860f82 sp=0x000000c0cf1fe970
Event: 11.494 Thread 0x0000027d41bf9a10 DEOPT UNPACKING pc=0x0000027d50bbace3 sp=0x000000c0cf1fddf0 mode 0

Classes unloaded (0 events):
No events

Classes redefined (0 events):
No events

Internal exceptions (7 events):
Event: 0.091 Thread 0x0000027d41bf9a10 Exception <a 'java/lang/NoSuchMethodError'{0x0000000715244498}: 'int java.lang.invoke.DirectMethodHandle$Holder.invokeStaticInit(java.lang.Object, java.lang.Object, java.lang.Object, java.lang.Object)'> (0x0000000715244498) 
thrown [s\src\hotspot\share\interpreter\linkResolver.cpp, line 759]
Event: 0.093 Thread 0x0000027d41bf9a10 Exception <a 'java/lang/NoSuchMethodError'{0x000000071524f1a8}: 'java.lang.Object java.lang.invoke.DirectMethodHandle$Holder.invokeInterface(java.lang.Object, java.lang.Object)'> (0x000000071524f1a8) 
thrown [s\src\hotspot\share\interpreter\linkResolver.cpp, line 759]
Event: 0.094 Thread 0x0000027d41bf9a10 Exception <a 'java/lang/IncompatibleClassChangeError'{0x00000007152528c0}: Found class java.lang.Object, but interface was expected> (0x00000007152528c0) 
thrown [s\src\hotspot\share\interpreter\linkResolver.cpp, line 826]
Event: 0.094 Thread 0x0000027d41bf9a10 Exception <a 'java/lang/NoSuchMethodError'{0x0000000715255a68}: 'void java.lang.invoke.DirectMethodHandle$Holder.invokeStatic(java.lang.Object, java.lang.Object)'> (0x0000000715255a68) 
thrown [s\src\hotspot\share\interpreter\linkResolver.cpp, line 759]
Event: 0.095 Thread 0x0000027d41bf9a10 Exception <a 'java/lang/NoSuchMethodError'{0x00000007152590d8}: 'void java.lang.invoke.DirectMethodHandle$Holder.invokeStaticInit(java.lang.Object, java.lang.Object)'> (0x00000007152590d8) 
thrown [s\src\hotspot\share\interpreter\linkResolver.cpp, line 759]
Event: 0.097 Thread 0x0000027d41bf9a10 Exception <a 'java/lang/NoSuchMethodError'{0x000000071525fa00}: 'int java.lang.invoke.DirectMethodHandle$Holder.invokeStaticInit(java.lang.Object, java.lang.Object)'> (0x000000071525fa00) 
thrown [s\src\hotspot\share\interpreter\linkResolver.cpp, line 759]
Event: 0.810 Thread 0x0000027d41bf9a10 Exception <a 'java/lang/NoSuchMethodError'{0x00000007141f72e8}: 'java.lang.Object java.lang.invoke.DirectMethodHandle$Holder.invokeStatic(java.lang.Object, int, java.lang.Object)'> (0x00000007141f72e8) 
thrown [s\src\hotspot\share\interpreter\linkResolver.cpp, line 759]

VM Operations (18 events):
Event: 0.069 Executing VM operation: HandshakeAllThreads
Event: 0.069 Executing VM operation: HandshakeAllThreads done
Event: 0.179 Executing VM operation: HandshakeAllThreads
Event: 0.179 Executing VM operation: HandshakeAllThreads done
Event: 0.840 Executing VM operation: G1CollectForAllocation
Event: 0.863 Executing VM operation: G1CollectForAllocation done
Event: 1.868 Executing VM operation: Cleanup
Event: 1.868 Executing VM operation: Cleanup done
Event: 2.883 Executing VM operation: Cleanup
Event: 2.883 Executing VM operation: Cleanup done
Event: 5.885 Executing VM operation: Cleanup
Event: 5.885 Executing VM operation: Cleanup done
Event: 7.886 Executing VM operation: Cleanup
Event: 7.886 Executing VM operation: Cleanup done
Event: 9.887 Executing VM operation: Cleanup
Event: 9.887 Executing VM operation: Cleanup done
Event: 18.893 Executing VM operation: Cleanup
Event: 18.893 Executing VM operation: Cleanup done

Events (20 events):
Event: 0.794 loading class java/time/zone/ZoneOffsetTransitionRule$TimeDefinition
Event: 0.796 loading class java/time/zone/ZoneOffsetTransitionRule$TimeDefinition done
Event: 0.801 loading class java/time/zone/ZoneOffsetTransition
Event: 0.803 loading class java/time/zone/ZoneOffsetTransition done
Event: 0.808 loading class java/time/temporal/TemporalAdjusters
Event: 0.809 loading class java/time/temporal/TemporalAdjusters done
Event: 0.825 loading class java/time/zone/ZoneOffsetTransitionRule$1
Event: 0.826 loading class java/time/zone/ZoneOffsetTransitionRule$1 done
Event: 0.831 loading class java/util/concurrent/TimeUnit$1
Event: 0.832 loading class java/util/concurrent/TimeUnit$1 done
Event: 2.096 Thread 0x0000027dab151940 Thread exited: 0x0000027dab151940
Event: 2.097 Thread 0x0000027d65811440 Thread exited: 0x0000027d65811440
Event: 2.097 Thread 0x0000027dab151420 Thread exited: 0x0000027dab151420
Event: 2.097 Thread 0x0000027d6585b5b0 Thread exited: 0x0000027d6585b5b0
Event: 2.097 Thread 0x0000027dab0f4e20 Thread exited: 0x0000027dab0f4e20
Event: 2.097 Thread 0x0000027d6582d7b0 Thread exited: 0x0000027d6582d7b0
Event: 2.097 Thread 0x0000027d6581da30 Thread exited: 0x0000027d6581da30
Event: 2.141 Thread 0x0000027d65818280 Thread exited: 0x0000027d65818280
Event: 3.676 Thread 0x0000027d656c5000 Thread exited: 0x0000027d656c5000
Event: 5.543 Thread 0x0000027d6557c3a0 Thread exited: 0x0000027d6557c3a0


Dynamic libraries:
0x00007ff7d2e30000 - 0x00007ff7d2e3e000 	C:\Users\luczu\.jdks\corretto-17.0.10\bin\java.exe
0x00007ffdac330000 - 0x00007ffdac547000 	C:\WINDOWS\SYSTEM32\ntdll.dll
0x00007ffdab410000 - 0x00007ffdab4d4000 	C:\WINDOWS\System32\KERNEL32.DLL
0x00007ffda97e0000 - 0x00007ffda9b86000 	C:\WINDOWS\System32\KERNELBASE.dll
0x00007ffda9bc0000 - 0x00007ffda9cd1000 	C:\WINDOWS\System32\ucrtbase.dll
0x00007ffd7fae0000 - 0x00007ffd7faf7000 	C:\Users\luczu\.jdks\corretto-17.0.10\bin\jli.dll
0x00007ffd6e700000 - 0x00007ffd6e71b000 	C:\Users\luczu\.jdks\corretto-17.0.10\bin\VCRUNTIME140.dll
0x00007ffdaa130000 - 0x00007ffdaa2de000 	C:\WINDOWS\System32\USER32.dll
0x00007ffda9670000 - 0x00007ffda9696000 	C:\WINDOWS\System32\win32u.dll
0x00007ffdabf40000 - 0x00007ffdabf69000 	C:\WINDOWS\System32\GDI32.dll
0x00007ffda9ce0000 - 0x00007ffda9df8000 	C:\WINDOWS\System32\gdi32full.dll
0x00007ffd86f70000 - 0x00007ffd87203000 	C:\WINDOWS\WinSxS\amd64_microsoft.windows.common-controls_6595b64144ccf1df_6.0.22621.2506_none_270c5ae97388e100\COMCTL32.dll
0x00007ffda9e00000 - 0x00007ffda9e9a000 	C:\WINDOWS\System32\msvcp_win.dll
0x00007ffdaab10000 - 0x00007ffdaabb7000 	C:\WINDOWS\System32\msvcrt.dll
0x00007ffdab200000 - 0x00007ffdab231000 	C:\WINDOWS\System32\IMM32.DLL
0x00007ffd803c0000 - 0x00007ffd803cc000 	C:\Users\luczu\.jdks\corretto-17.0.10\bin\vcruntime140_1.dll
0x00007ffd6e560000 - 0x00007ffd6e5ed000 	C:\Users\luczu\.jdks\corretto-17.0.10\bin\msvcp140.dll
0x00007ffcd0ac0000 - 0x00007ffcd1722000 	C:\Users\luczu\.jdks\corretto-17.0.10\bin\server\jvm.dll
0x00007ffdaa430000 - 0x00007ffdaa4e3000 	C:\WINDOWS\System32\ADVAPI32.dll
0x00007ffdabe30000 - 0x00007ffdabed8000 	C:\WINDOWS\System32\sechost.dll
0x00007ffda9b90000 - 0x00007ffda9bb8000 	C:\WINDOWS\System32\bcrypt.dll
0x00007ffdaa9f0000 - 0x00007ffdaab07000 	C:\WINDOWS\System32\RPCRT4.dll
0x00007ffd9e910000 - 0x00007ffd9e944000 	C:\WINDOWS\SYSTEM32\WINMM.dll
0x00007ffd87cb0000 - 0x00007ffd87cb9000 	C:\WINDOWS\SYSTEM32\WSOCK32.dll
0x00007ffda8520000 - 0x00007ffda856d000 	C:\WINDOWS\SYSTEM32\POWRPROF.dll
0x00007ffd9f400000 - 0x00007ffd9f40a000 	C:\WINDOWS\SYSTEM32\VERSION.dll
0x00007ffdab4e0000 - 0x00007ffdab551000 	C:\WINDOWS\System32\WS2_32.dll
0x00007ffda84e0000 - 0x00007ffda84f3000 	C:\WINDOWS\SYSTEM32\UMPDC.dll
0x00007ffda87a0000 - 0x00007ffda87b8000 	C:\WINDOWS\SYSTEM32\kernel.appcore.dll
0x00007ffd80200000 - 0x00007ffd8020a000 	C:\Users\luczu\.jdks\corretto-17.0.10\bin\jimage.dll
0x00007ffda6b20000 - 0x00007ffda6d53000 	C:\WINDOWS\SYSTEM32\DBGHELP.DLL
0x00007ffdaabc0000 - 0x00007ffdaaf49000 	C:\WINDOWS\System32\combase.dll
0x00007ffdaa2e0000 - 0x00007ffdaa3b7000 	C:\WINDOWS\System32\OLEAUT32.dll
0x00007ffd8dd70000 - 0x00007ffd8dda2000 	C:\WINDOWS\SYSTEM32\dbgcore.DLL
0x00007ffda96a0000 - 0x00007ffda971a000 	C:\WINDOWS\System32\bcryptPrimitives.dll
0x00007ffd6e6d0000 - 0x00007ffd6e6f5000 	C:\Users\luczu\.jdks\corretto-17.0.10\bin\java.dll
0x00007ffd248a0000 - 0x00007ffd24977000 	C:\Users\luczu\.jdks\corretto-17.0.10\bin\jsvml.dll
0x00007ffdab5c0000 - 0x00007ffdabe1b000 	C:\WINDOWS\System32\SHELL32.dll
0x00007ffda7590000 - 0x00007ffda7e86000 	C:\WINDOWS\SYSTEM32\windows.storage.dll
0x00007ffda7450000 - 0x00007ffda758e000 	C:\WINDOWS\SYSTEM32\wintypes.dll
0x00007ffdac1f0000 - 0x00007ffdac2e3000 	C:\WINDOWS\System32\SHCORE.dll
0x00007ffdabee0000 - 0x00007ffdabf3e000 	C:\WINDOWS\System32\shlwapi.dll
0x00007ffda95a0000 - 0x00007ffda95c6000 	C:\WINDOWS\SYSTEM32\profapi.dll
0x00007ffd6e6b0000 - 0x00007ffd6e6c9000 	C:\Users\luczu\.jdks\corretto-17.0.10\bin\net.dll
0x00007ffd9fd20000 - 0x00007ffd9fe57000 	C:\WINDOWS\SYSTEM32\WINHTTP.dll
0x00007ffda8c20000 - 0x00007ffda8c89000 	C:\WINDOWS\system32\mswsock.dll
0x00007ffd6e540000 - 0x00007ffd6e556000 	C:\Users\luczu\.jdks\corretto-17.0.10\bin\nio.dll
0x00007ffd6e520000 - 0x00007ffd6e538000 	C:\Users\luczu\.jdks\corretto-17.0.10\bin\zip.dll
0x0000027d659b0000 - 0x0000027d659b3000 	C:\Program Files (x86)\Windows Kits\10\Redist\ucrt\DLLs\x64\api-ms-win-crt-locale-l1-1-0.dll
0x0000027d659c0000 - 0x0000027d659c4000 	C:\Program Files (x86)\Windows Kits\10\Redist\ucrt\DLLs\x64\api-ms-win-crt-string-l1-1-0.dll
0x0000027d659d0000 - 0x0000027d659d4000 	C:\Program Files (x86)\Windows Kits\10\Redist\ucrt\DLLs\x64\api-ms-win-crt-stdio-l1-1-0.dll
0x0000027d659e0000 - 0x0000027d659e5000 	C:\Program Files (x86)\Windows Kits\10\Redist\ucrt\DLLs\x64\api-ms-win-crt-math-l1-1-0.dll
0x0000027d659f0000 - 0x0000027d659f3000 	C:\Program Files (x86)\Windows Kits\10\Redist\ucrt\DLLs\x64\api-ms-win-crt-heap-l1-1-0.dll
0x0000027d65a00000 - 0x0000027d65a04000 	C:\Program Files (x86)\Windows Kits\10\Redist\ucrt\DLLs\x64\api-ms-win-crt-runtime-l1-1-0.dll
0x0000027d65a10000 - 0x0000027d65a14000 	C:\Program Files (x86)\Windows Kits\10\Redist\ucrt\DLLs\x64\api-ms-win-crt-convert-l1-1-0.dll
0x0000027d65a20000 - 0x0000027d65a23000 	C:\Program Files (x86)\Windows Kits\10\Redist\ucrt\DLLs\x64\api-ms-win-crt-environment-l1-1-0.dll
0x0000027d65a30000 - 0x0000027d65a33000 	C:\Program Files (x86)\Windows Kits\10\Redist\ucrt\DLLs\x64\api-ms-win-crt-time-l1-1-0.dll
0x0000027d65a40000 - 0x0000027d65a43000 	C:\Program Files (x86)\Windows Kits\10\Redist\ucrt\DLLs\x64\api-ms-win-crt-filesystem-l1-1-0.dll
0x0000027d65a50000 - 0x0000027d65a53000 	C:\Program Files (x86)\Windows Kits\10\Redist\ucrt\DLLs\x64\api-ms-win-crt-utility-l1-1-0.dll
0x0000027d65a60000 - 0x0000027d65a65000 	C:\Program Files (x86)\Windows Kits\10\Redist\ucrt\DLLs\x64\api-ms-win-crt-multibyte-l1-1-0.dll
0x0000027d65a70000 - 0x0000027d65a73000 	C:\Program Files (x86)\Windows Kits\10\Redist\ucrt\DLLs\x64\api-ms-win-crt-conio-l1-1-0.dll
0x0000027d65b80000 - 0x0000027d65b8f000 	C:\Program Files (x86)\Windows Kits\10\Redist\ucrt\DLLs\x64\api-ms-win-crt-private-l1-1-0.dll
0x0000027d65b90000 - 0x0000027d65b93000 	C:\Program Files (x86)\Windows Kits\10\Redist\ucrt\DLLs\x64\api-ms-win-crt-process-l1-1-0.dll
0x0000027d65ba0000 - 0x0000027d65ba3000 	C:\Program Files\Microsoft\jdk-11.0.12.7-hotspot\bin\api-ms-win-core-console-l1-2-0.dll
0x0000027d65bb0000 - 0x0000027d65bb3000 	C:\Program Files (x86)\Windows Kits\10\Redist\ucrt\DLLs\x64\api-ms-win-core-string-l1-1-0.dll
0x0000027d65bc0000 - 0x0000027d65bc3000 	C:\Program Files (x86)\Windows Kits\10\Redist\ucrt\DLLs\x64\api-ms-win-core-errorhandling-l1-1-0.dll
0x0000027d65bd0000 - 0x0000027d65bd3000 	C:\Program Files (x86)\Windows Kits\10\Redist\ucrt\DLLs\x64\api-ms-win-core-timezone-l1-1-0.dll
0x0000027d65be0000 - 0x0000027d65be4000 	C:\Program Files (x86)\Windows Kits\10\Redist\ucrt\DLLs\x64\api-ms-win-core-file-l1-1-0.dll
0x0000027d65bf0000 - 0x0000027d65bf3000 	C:\Program Files (x86)\Windows Kits\10\Redist\ucrt\DLLs\x64\api-ms-win-core-namedpipe-l1-1-0.dll
0x0000027d65c00000 - 0x0000027d65c03000 	C:\Program Files (x86)\Windows Kits\10\Redist\ucrt\DLLs\x64\api-ms-win-core-handle-l1-1-0.dll
0x0000027d65c10000 - 0x0000027d65c13000 	C:\Program Files (x86)\Windows Kits\10\Redist\ucrt\DLLs\x64\api-ms-win-core-file-l2-1-0.dll
0x0000027d65c20000 - 0x0000027d65c23000 	C:\Program Files (x86)\Windows Kits\10\Redist\ucrt\DLLs\x64\api-ms-win-core-heap-l1-1-0.dll
0x0000027d65c30000 - 0x0000027d65c33000 	C:\Program Files (x86)\Windows Kits\10\Redist\ucrt\DLLs\x64\api-ms-win-core-libraryloader-l1-1-0.dll
0x0000027d65c40000 - 0x0000027d65c43000 	C:\Program Files (x86)\Windows Kits\10\Redist\ucrt\DLLs\x64\api-ms-win-core-synch-l1-1-0.dll
0x0000027d65c50000 - 0x0000027d65c53000 	C:\Program Files (x86)\Windows Kits\10\Redist\ucrt\DLLs\x64\api-ms-win-core-processthreads-l1-1-0.dll
0x0000027d65c60000 - 0x0000027d65c63000 	C:\Program Files (x86)\Windows Kits\10\Redist\ucrt\DLLs\x64\api-ms-win-core-processenvironment-l1-1-0.dll
0x0000027d65c70000 - 0x0000027d65c73000 	C:\Program Files (x86)\Windows Kits\10\Redist\ucrt\DLLs\x64\api-ms-win-core-datetime-l1-1-0.dll
0x0000027d65c80000 - 0x0000027d65c83000 	C:\Program Files (x86)\Windows Kits\10\Redist\ucrt\DLLs\x64\api-ms-win-core-localization-l1-2-0.dll
0x0000027d65c90000 - 0x0000027d65c93000 	C:\Program Files (x86)\Windows Kits\10\Redist\ucrt\DLLs\x64\api-ms-win-core-sysinfo-l1-1-0.dll
0x0000027d65ca0000 - 0x0000027d65ca3000 	C:\Program Files (x86)\Windows Kits\10\Redist\ucrt\DLLs\x64\api-ms-win-core-synch-l1-2-0.dll
0x0000027d65cb0000 - 0x0000027d65cb3000 	C:\Program Files (x86)\Windows Kits\10\Redist\ucrt\DLLs\x64\api-ms-win-core-console-l1-1-0.dll
0x0000027d65cc0000 - 0x0000027d65cc3000 	C:\Program Files (x86)\Windows Kits\10\Redist\ucrt\DLLs\x64\api-ms-win-core-debug-l1-1-0.dll
0x0000027d65cd0000 - 0x0000027d65cd3000 	C:\Program Files (x86)\Windows Kits\10\Redist\ucrt\DLLs\x64\api-ms-win-core-rtlsupport-l1-1-0.dll
0x0000027d65ce0000 - 0x0000027d65ce3000 	C:\Program Files (x86)\Windows Kits\10\Redist\ucrt\DLLs\x64\api-ms-win-core-processthreads-l1-1-1.dll
0x0000027d65cf0000 - 0x0000027d65cf3000 	C:\Program Files (x86)\Windows Kits\10\Redist\ucrt\DLLs\x64\api-ms-win-core-file-l1-2-0.dll
0x0000027d65d00000 - 0x0000027d65d03000 	C:\Program Files (x86)\Windows Kits\10\Redist\ucrt\DLLs\x64\api-ms-win-core-profile-l1-1-0.dll
0x0000027d65d10000 - 0x0000027d65d13000 	C:\Program Files (x86)\Windows Kits\10\Redist\ucrt\DLLs\x64\api-ms-win-core-memory-l1-1-0.dll
0x0000027d65d20000 - 0x0000027d65d23000 	C:\Program Files (x86)\Windows Kits\10\Redist\ucrt\DLLs\x64\api-ms-win-core-util-l1-1-0.dll
0x0000027d65d30000 - 0x0000027d65d33000 	C:\Program Files (x86)\Windows Kits\10\Redist\ucrt\DLLs\x64\api-ms-win-core-interlocked-l1-1-0.dll
0x00007ffcd2950000 - 0x00007ffcd2a42000 	C:\Program Files (x86)\Windows Kits\10\Redist\ucrt\DLLs\x64\ucrtbase.dll
0x00007ffd80b80000 - 0x00007ffd80b89000 	C:\Windows\System32\msvcp140_1.dll
0x00007ffd582d0000 - 0x00007ffd5831e000 	C:\Windows\System32\concrt140.dll
0x00007ffd555a0000 - 0x00007ffd555d1000 	C:\Windows\System32\vcomp140.dll
0x00007ffd79e20000 - 0x00007ffd79f20000 	C:\Windows\System32\opengl32.dll
0x00007ffd79cd0000 - 0x00007ffd79cfd000 	C:\WINDOWS\SYSTEM32\GLU32.dll
0x00007ffda68a0000 - 0x00007ffda68d9000 	C:\WINDOWS\SYSTEM32\dxcore.dll
0x00007ffcd2730000 - 0x00007ffcd294d000 	C:\Users\luczu\.javacpp\cache\jaylib-4.5.0-0.jar\com\raylib\windows-x86_64\jniRaylib.dll
0x00007ffcf41b0000 - 0x00007ffcf41f6000 	C:\WINDOWS\SYSTEM32\dinput8.dll
0x00007ffd691e0000 - 0x00007ffd691f1000 	C:\WINDOWS\SYSTEM32\xinput1_4.dll
0x00007ffda9360000 - 0x00007ffda93ae000 	C:\WINDOWS\SYSTEM32\cfgmgr32.dll
0x00007ffda9330000 - 0x00007ffda935c000 	C:\WINDOWS\SYSTEM32\DEVOBJ.dll
0x00007ffda6a20000 - 0x00007ffda6a4b000 	C:\WINDOWS\SYSTEM32\dwmapi.dll
0x00007ffd87cc0000 - 0x00007ffd87eca000 	C:\WINDOWS\SYSTEM32\inputhost.dll
0x00007ffda3b50000 - 0x00007ffda3c84000 	C:\WINDOWS\SYSTEM32\CoreMessaging.dll
0x00007ffda3f30000 - 0x00007ffda3fdb000 	C:\WINDOWS\system32\uxtheme.dll
0x00007ffdabfd0000 - 0x00007ffdac121000 	C:\WINDOWS\System32\MSCTF.dll
0x00007ffda8e90000 - 0x00007ffda8e9c000 	C:\WINDOWS\SYSTEM32\CRYPTBASE.DLL
0x00007ffda7e90000 - 0x00007ffda7e9e000 	C:\WINDOWS\SYSTEM32\HID.DLL
0x00007ffdaa4f0000 - 0x00007ffdaa964000 	C:\WINDOWS\System32\SETUPAPI.DLL
0x00007ffdaa010000 - 0x00007ffdaa07b000 	C:\WINDOWS\System32\WINTRUST.dll
0x00007ffda9ea0000 - 0x00007ffdaa006000 	C:\WINDOWS\System32\CRYPT32.dll
0x00007ffda9310000 - 0x00007ffda9322000 	C:\WINDOWS\SYSTEM32\MSASN1.dll
0x00007ffda0870000 - 0x00007ffda08ba000 	C:\WINDOWS\SYSTEM32\directxdatabasehelper.dll
0x00007ffdaa080000 - 0x00007ffdaa130000 	C:\WINDOWS\System32\clbcatq.dll
0x00007ffccded0000 - 0x00007ffcd0ac0000 	C:\WINDOWS\System32\DriverStore\FileRepository\nvhm.inf_amd64_28ac5867493a0477\nvoglv64.dll
0x00007ffdaaf50000 - 0x00007ffdab0f0000 	C:\WINDOWS\System32\ole32.dll
0x00007ffda8500000 - 0x00007ffda8514000 	C:\WINDOWS\SYSTEM32\WTSAPI32.dll
0x00007ffd9ec10000 - 0x00007ffd9ec42000 	C:\WINDOWS\SYSTEM32\cryptnet.dll
0x00007ffd90ed0000 - 0x00007ffd91028000 	C:\WINDOWS\SYSTEM32\drvstore.dll
0x00007ffda8f20000 - 0x00007ffda8f6b000 	C:\WINDOWS\SYSTEM32\wldp.dll
0x00007ffdac140000 - 0x00007ffdac15f000 	C:\WINDOWS\System32\imagehlp.dll
0x00007ffda8e70000 - 0x00007ffda8e8b000 	C:\WINDOWS\SYSTEM32\CRYPTSP.dll
0x00007ffda8700000 - 0x00007ffda8735000 	C:\WINDOWS\system32\rsaenh.dll
0x00007ffda8cb0000 - 0x00007ffda8cd6000 	C:\WINDOWS\SYSTEM32\gpapi.dll
0x00007ffd61250000 - 0x00007ffd6343b000 	C:\WINDOWS\System32\DriverStore\FileRepository\nvhm.inf_amd64_28ac5867493a0477\nvgpucomp64.dll
0x00007ffda87c0000 - 0x00007ffda87f4000 	C:\WINDOWS\SYSTEM32\ntmarta.dll
0x00007ffd27080000 - 0x00007ffd27343000 	C:\WINDOWS\system32\nvspcap64.dll
0x00007ffda80f0000 - 0x00007ffda8156000 	C:\WINDOWS\SYSTEM32\WINSTA.dll

dbghelp: loaded successfully - version: 4.0.5 - missing functions: none
symbol engine: initialized successfully - sym options: 0x614 - pdb path: .;C:\Users\luczu\.jdks\corretto-17.0.10\bin;C:\WINDOWS\SYSTEM32;C:\WINDOWS\WinSxS\amd64_microsoft.windows.common-controls_6595b64144ccf1df_6.0.22621.2506_none_270c5ae97388e100;C:\Users\luczu\.jdks\corretto-17.0.10\bin\server;C:\Program Files (x86)\Windows Kits\10\Redist\ucrt\DLLs\x64;C:\Program Files\Microsoft\jdk-11.0.12.7-hotspot\bin;C:\Users\luczu\.javacpp\cache\jaylib-4.5.0-0.jar\com\raylib\windows-x86_64;C:\WINDOWS\System32\DriverStore\FileRepository\nvhm.inf_amd64_28ac5867493a0477;C:\WINDOWS\System32\DriverStore\FileRepository\iigd_dch.inf_amd64_0fdf6ce291234272

VM Arguments:
jvm_args: -Dfile.encoding=windows-1252 -Duser.country=NL -Duser.language=nl -Duser.variant 
java_command: PineVille.GameScene
java_class_path (initial): C:\Users\luczu\OneDrive\Documenten\PineVille\build\classes\java\main;C:\Users\luczu\OneDrive\Documenten\PineVille\build\resources\main;C:\Users\luczu\.gradle\caches\modules-2\files-2.1\uk.co.electronstudio.jaylib\jaylib\4.5.0-0\90c0d608df9bbd32f5f34683acc58cb433e94508\jaylib-4.5.0-0.jar
Launcher Type: SUN_STANDARD

[Global flags]
     intx CICompilerCount                          = 12                                        {product} {ergonomic}
     uint ConcGCThreads                            = 3                                         {product} {ergonomic}
     uint G1ConcRefinementThreads                  = 13                                        {product} {ergonomic}
   size_t G1HeapRegionSize                         = 2097152                                   {product} {ergonomic}
    uintx GCDrainStackTargetSize                   = 64                                        {product} {ergonomic}
   size_t InitialHeapSize                          = 264241152                                 {product} {ergonomic}
   size_t MarkStackSize                            = 4194304                                   {product} {ergonomic}
   size_t MaxHeapSize                              = 4200595456                                {product} {ergonomic}
   size_t MaxNewSize                               = 2518679552                                {product} {ergonomic}
   size_t MinHeapDeltaBytes                        = 2097152                                   {product} {ergonomic}
   size_t MinHeapSize                              = 8388608                                   {product} {ergonomic}
    uintx NonNMethodCodeHeapSize                   = 7602480                                {pd product} {ergonomic}
    uintx NonProfiledCodeHeapSize                  = 122027880                              {pd product} {ergonomic}
    uintx ProfiledCodeHeapSize                     = 122027880                              {pd product} {ergonomic}
    uintx ReservedCodeCacheSize                    = 251658240                              {pd product} {ergonomic}
     bool SegmentedCodeCache                       = true                                      {product} {ergonomic}
   size_t SoftMaxHeapSize                          = 4200595456                             {manageable} {ergonomic}
     bool UseCompressedClassPointers               = true                           {product lp64_product} {ergonomic}
     bool UseCompressedOops                        = true                           {product lp64_product} {ergonomic}
     bool UseG1GC                                  = true                                      {product} {ergonomic}
     bool UseLargePagesIndividualAllocation        = false                                  {pd product} {ergonomic}

Logging:
Log output configuration:
 #0: stdout all=warning uptime,level,tags
 #1: stderr all=off uptime,level,tags

Environment Variables:
PATH=C:\Program Files (x86)\Common Files\Intel\Shared Libraries\redist\intel64\compiler;C:\Program Files\Common Files\Oracle\Java\javapath;C:\Program Files\Microsoft\jdk-11.0.12.7-hotspot\bin;C:\windows\system32;C:\windows;C:\windows\System32\Wbem;C:\windows\System32\WindowsPowerShell\v1.0\;C:\windows\System32\OpenSSH\;C:\Program Files (x86)\NVIDIA Corporation\PhysX\Common;C:\Program Files\NVIDIA Corporation\NVIDIA NvDLISR;C:\Program Files\Microsoft SQL Server\150\Tools\Binn\;C:\Program Files\Microsoft SQL Server\Client SDK\ODBC\170\Tools\Binn\;C:\Program Files\dotnet\;C:\WINDOWS\system32;C:\WINDOWS;C:\WINDOWS\System32\Wbem;C:\WINDOWS\System32\WindowsPowerShell\v1.0\;C:\WINDOWS\System32\OpenSSH\;C:\Program Files\CMake\bin;C:\Program Files\Git\cmd;C:\Users\luczu\AppData\Local\Microsoft\WindowsApps;C:\Users\luczu\.dotnet\tools;C:\Users\luczu\AppData\Local\GitHubDesktop\bin;;C:\Users\luczu\AppData\Local\Programs\Microsoft VS Code\bin
USERNAME=luczu
OS=Windows_NT
PROCESSOR_IDENTIFIER=Intel64 Family 6 Model 141 Stepping 1, GenuineIntel
TMP=C:\Users\luczu\AppData\Local\Temp
TEMP=C:\Users\luczu\AppData\Local\Temp



Periodic native trim disabled


---------------  S Y S T E M  ---------------

OS:
 Windows 11 , 64 bit Build 22621 (10.0.22621.3085)
OS uptime: 0 days 1:17 hours
Hyper-V role detected

CPU: total 16 (initial active 16) (8 cores per cpu, 2 threads per core) family 6 model 141 stepping 1 microcode 0x4e, cx8, cmov, fxsr, ht, mmx, 3dnowpref, sse, sse2, sse3, ssse3, sse4.1, sse4.2, popcnt, lzcnt, tsc, tscinvbit, avx, avx2, aes, erms, clmul, bmi1, bmi2, adx, avx512f, avx512dq, avx512cd, avx512bw, avx512vl, sha, fma, vzeroupper, avx512_vpopcntdq, avx512_vpclmulqdq, avx512_vaes, avx512_vnni, clflush, clflushopt, clwb, avx512_vbmi2, avx512_vbmi, hv
Processor Information for all 16 processors :
  Max Mhz: 2304, Current Mhz: 2304, Mhz Limit: 2304

Memory: 4k page, system-wide physical 16021M (2847M free)
TotalPageFile size 33429M (AvailPageFile size 13353M)
current process WorkingSet (physical memory assigned to process): 125M, peak: 215M
current process commit charge ("private bytes"): 505M, peak: 638M

vm_info: OpenJDK 64-Bit Server VM (17.0.10+7-LTS) for windows-amd64 JRE (17.0.10+7-LTS), built on Jan 10 2024 22:11:07 by "Administrator" with MS VC++ 16.10 / 16.11 (VS2019)

END.
