#
# A fatal error has been detected by the Java Runtime Environment:
#
#  EXCEPTION_ACCESS_VIOLATION (0xc0000005) at pc=0x00007fff9139f42b, pid=26104, tid=3308
#
# JRE version: OpenJDK Runtime Environment Corretto-17.0.10.7.1 (17.0.10+7) (build 17.0.10+7-LTS)
# Java VM: OpenJDK 64-Bit Server VM Corretto-17.0.10.7.1 (17.0.10+7-LTS, mixed mode, sharing, tiered, compressed oops, compressed class ptrs, g1 gc, windows-amd64)
# Problematic frame:
# C  [jniRaylib.dll+0xdf42b]
#
# No core dump will be written. Minidumps are not enabled by default on client versions of Windows
#
# If you would like to submit a bug report, please visit:
#   https://github.com/corretto/corretto-17/issues/
# The crash happened outside the Java Virtual Machine in native code.
# See problematic frame for where to report the bug.
#

---------------  S U M M A R Y ------------

Command Line: -Dfile.encoding=windows-1252 -Duser.country=NL -Duser.language=nl -Duser.variant PineVille.GameScene

Host: 11th Gen Intel(R) Core(TM) i7-11800H @ 2.30GHz, 16 cores, 15G,  Windows 11 , 64 bit Build 22621 (10.0.22621.3085)
Time: Tue Mar 12 10:07:23 2024 West-Europa (standaardtijd) elapsed time: 77.966512 seconds (0d 0h 1m 17s)

---------------  T H R E A D  ---------------

Current thread (0x000001775538ade0):  JavaThread "main" [_thread_in_native, id=3308, stack(0x0000003216c00000,0x0000003216d00000)]

Stack: [0x0000003216c00000,0x0000003216d00000],  sp=0x0000003216cff3f0,  free space=1020k
Native frames: (J=compiled Java code, j=interpreted, Vv=VM code, C=native code)
C  [jniRaylib.dll+0xdf42b]

Java frames: (J=compiled Java code, j=interpreted, Vv=VM code)
J 819  com.raylib.Raylib.DrawTexturePro(Lcom/raylib/Raylib$Texture;Lcom/raylib/Raylib$Rectangle;Lcom/raylib/Raylib$Rectangle;Lcom/raylib/Raylib$Vector2;FLcom/raylib/Raylib$Color;)V (0 bytes) @ 0x0000017764ac73e2 [0x0000017764ac7320+0x00000000000000c2]
j  PineVille.GameScene.main([Ljava/lang/String;)V+271
v  ~StubRoutines::call_stub

siginfo: EXCEPTION_ACCESS_VIOLATION (0xc0000005), writing address 0x000001774214d1c0


Registers:
RAX=0x000001774214d1c0, RBX=0x0000003216cff590, RCX=0x0000000000000000, RDX=0x00000177420e55a0
RSP=0x0000003216cff3f0, RBP=0x0000003216cff650, RSI=0x0000000000000004, RDI=0x0000003216cff580
R8 =0x0000000000000000, R9 =0x0000000000000000, R10=0x00007fff1681de20, R11=0x000000000000000c
R12=0x000001777f9755e0, R13=0x0000000000000000, R14=0x000001777e5c83f0, R15=0x0000017778c2d580
RIP=0x00007fff9139f42b, EFLAGS=0x0000000000010246


Register to memory mapping:

RIP=0x00007fff9139f42b jniRaylib.dll
RAX=0x000001774214d1c0 is an unknown value
RBX=0x0000003216cff590 is pointing into the stack for thread: 0x000001775538ade0
RCX=0x0 is NULL
RDX=0x00000177420e55a0 points into unknown readable memory: 0x0063005c00002000 | 00 20 00 00 5c 00 63 00
RSP=0x0000003216cff3f0 is pointing into the stack for thread: 0x000001775538ade0
RBP=0x0000003216cff650 is pointing into the stack for thread: 0x000001775538ade0
RSI=0x0000000000000004 is an unknown value
RDI=0x0000003216cff580 is pointing into the stack for thread: 0x000001775538ade0
R8 =0x0 is NULL
R9 =0x0 is NULL
R10=0x00007fff1681de20 jvm.dll
R11=0x000000000000000c is an unknown value
R12=0x000001777f9755e0 points into unknown readable memory: 0x0000002000000004 | 04 00 00 00 20 00 00 00
R13=0x0 is NULL
R14=0x000001777e5c83f0 points into unknown readable memory: 0x6f6f742fffffffff | ff ff ff ff 2f 74 6f 6f
R15=0x0000017778c2d580 points into unknown readable memory: 0x0000000000000000 | 00 00 00 00 00 00 00 00


Top of Stack: (sp=0x0000003216cff3f0)
0x0000003216cff3f0:   000001775538b321 0000000900000009
0x0000003216cff400:   0000017779403c00 0000000000000000
0x0000003216cff410:   0000000043640000 0000000000000000
0x0000003216cff420:   0000000000000000 0000000000000000
0x0000003216cff430:   0000000000000000 0000000000000000
0x0000003216cff440:   0000003216cff590 00007fff91368749
0x0000003216cff450:   000001775538b098 000001775538ade0
0x0000003216cff460:   0000003216cff688 000001775538ade0
0x0000003216cff470:   4200000043640000 42c8000043640000
0x0000003216cff480:   000001775538ade0 0000000000000000
0x0000003216cff490:   0000000000000000 0000000000000000
0x0000003216cff4a0:   0000000000000000 0000000000000000
0x0000003216cff4b0:   0000000000000000 0000000000000000
0x0000003216cff4c0:   0000000000000000 0000000000000000
0x0000003216cff4d0:   0000000000000000 0000000000000000
0x0000003216cff4e0:   0000000000000000 0000000000000000
0x0000003216cff4f0:   0000000000000000 0000000000000000
0x0000003216cff500:   0000000000000000 0000000000000000
0x0000003216cff510:   0000000000000000 0000000000000000
0x0000003216cff520:   0000000000000000 0000000000000000
0x0000003216cff530:   000001777e91ac90 000001777e91af50
0x0000003216cff540:   000001775538b098 00007fff91302213
0x0000003216cff550:   0000343042c80000 0000003216cff650
0x0000003216cff560:   0000003216cff5e0 0000000000000000
0x0000003216cff570:   0000017700000000 00007fffffffffff
0x0000003216cff580:   42c8000042c80000 4300000043000000
0x0000003216cff590:   0000000000000000 4200000042000000
0x0000003216cff5a0:   0000002000000004 0000000100000020
0x0000003216cff5b0:   0000017700000007 0000017764ac6f91
0x0000003216cff5c0:   000001775538ade0 0000000000000000
0x0000003216cff5d0:   0000000714a6cfe0 0000000715473e48
0x0000003216cff5e0:   000001777944bd40 0000017764ac7482 

Instructions: (pc=0x00007fff9139f42b)
0x00007fff9139f32b:   fa 01 75 0b 84 54 c1 f4 75 54 8d 4a 02 eb 43 83
0x00007fff9139f33b:   fa 04 75 20 8b 4c c1 f4 b8 56 55 55 55 f7 e9 8b
0x00007fff9139f34b:   c2 c1 e8 1f 03 d0 8d 04 52 3b c8 75 31 b9 04 00
0x00007fff9139f35b:   00 00 eb 1e 83 fa 07 75 25 8b 44 c1 f4 25 03 00
0x00007fff9139f36b:   00 80 7d 07 ff c8 83 c8 fc ff c0 85 c0 75 0f 8d
0x00007fff9139f37b:   48 05 e8 7e a4 ff ff 4c 8b 05 27 2e 11 00 4d 63
0x00007fff9139f38b:   48 04 4d 8b 40 08 8b 05 41 2e 11 00 49 c1 e1 06
0x00007fff9139f39b:   8d 0c 40 4b 8b 44 01 08 48 63 d1 f3 0f 11 34 90
0x00007fff9139f3ab:   48 8b 05 fe 2d 11 00 4c 63 48 04 4c 8b 40 08 8b
0x00007fff9139f3bb:   05 18 2e 11 00 49 c1 e1 06 8d 0c 40 4b 8b 44 01
0x00007fff9139f3cb:   08 48 63 d1 f3 0f 11 7c 90 04 48 8b 05 d4 2d 11
0x00007fff9139f3db:   00 4c 63 48 04 4c 8b 40 08 8b 05 ee 2d 11 00 49
0x00007fff9139f3eb:   c1 e1 06 8d 0c 40 4b 8b 44 01 08 48 63 d1 f3 44
0x00007fff9139f3fb:   0f 11 44 90 08 48 8b 05 a9 2d 11 00 f3 0f 10 05
0x00007fff9139f40b:   cd 2d 11 00 4c 63 40 04 48 8b 50 08 8b 05 bb 2d
0x00007fff9139f41b:   11 00 03 c0 49 c1 e0 06 48 63 c8 49 8b 44 10 10
0x00007fff9139f42b:   f3 0f 11 04 88 48 8b 05 79 2d 11 00 f3 0f 10 05
0x00007fff9139f43b:   a1 2d 11 00 4c 63 40 04 48 8b 50 08 8b 05 8b 2d
0x00007fff9139f44b:   11 00 03 c0 49 c1 e0 06 48 63 c8 49 8b 44 10 10
0x00007fff9139f45b:   f3 0f 11 44 88 04 48 8b 05 48 2d 11 00 4c 63 40
0x00007fff9139f46b:   04 48 8b 48 08 8b 05 62 2d 11 00 49 c1 e0 06 8d
0x00007fff9139f47b:   04 85 00 00 00 00 49 8b 4c 08 18 48 63 d0 0f b6
0x00007fff9139f48b:   05 60 2d 11 00 88 04 0a 48 8b 05 16 2d 11 00 4c
0x00007fff9139f49b:   63 40 04 48 8b 48 08 8b 05 30 2d 11 00 49 c1 e0
0x00007fff9139f4ab:   06 8d 04 85 00 00 00 00 49 8b 4c 08 18 48 63 d0
0x00007fff9139f4bb:   0f b6 05 2f 2d 11 00 88 44 11 01 48 8b 05 e3 2c
0x00007fff9139f4cb:   11 00 4c 63 40 04 48 8b 48 08 8b 05 fd 2c 11 00
0x00007fff9139f4db:   49 c1 e0 06 8d 04 85 00 00 00 00 49 8b 4c 08 18
0x00007fff9139f4eb:   48 63 d0 0f b6 05 fd 2c 11 00 88 44 11 02 48 8b
0x00007fff9139f4fb:   05 b0 2c 11 00 4c 63 40 04 48 8b 48 08 8b 05 ca
0x00007fff9139f50b:   2c 11 00 49 c1 e0 06 49 8b 4c 08 18 8d 04 85 00
0x00007fff9139f51b:   00 00 00 0f 28 74 24 40 0f 28 7c 24 30 44 0f 28 


Stack slot to memory mapping:
stack at sp + 0 slots: 0x000001775538b321 points into unknown readable memory: 01 00 00 00 00 00 00
stack at sp + 1 slots: 0x0000000900000009 is an unknown value
stack at sp + 2 slots: 0x0000017779403c00 is pointing into metadata
stack at sp + 3 slots: 0x0 is NULL
stack at sp + 4 slots: 0x0000000043640000 is an unknown value
stack at sp + 5 slots: 0x0 is NULL
stack at sp + 6 slots: 0x0 is NULL
stack at sp + 7 slots: 0x0 is NULL


Compiled method (n/a)   78041  819     n 0       com.raylib.Raylib::DrawTexturePro (native)
 total in heap  [0x0000017764ac7190,0x0000017764ac75c0] = 1072
 relocation     [0x0000017764ac72e8,0x0000017764ac7318] = 48
 main code      [0x0000017764ac7320,0x0000017764ac75b8] = 664
 oops           [0x0000017764ac75b8,0x0000017764ac75c0] = 8

[Constant Pool (empty)]

[MachCode]
[Entry Point]
  # {method} {0x000001777944bd48} 'DrawTexturePro' '(Lcom/raylib/Raylib$Texture;Lcom/raylib/Raylib$Rectangle;Lcom/raylib/Raylib$Rectangle;Lcom/raylib/Raylib$Vector2;FLcom/raylib/Raylib$Color;)V' in 'com/raylib/Raylib'
  # parm0:    rdx:rdx   = 'com/raylib/Raylib$Texture'
  # parm1:    r8:r8     = 'com/raylib/Raylib$Rectangle'
  # parm2:    r9:r9     = 'com/raylib/Raylib$Rectangle'
  # parm3:    rdi:rdi   = 'com/raylib/Raylib$Vector2'
  # parm4:    xmm0      = float
  # parm5:    rsi:rsi   = 'com/raylib/Raylib$Color'
  #           [sp+0x90]  (sp of caller)
  0x0000017764ac7320: 448b 5208 | 49bb 0000 | 0000 7701 | 0000 4d03 | d349 3bc2 | 0f84 0600 

  0x0000017764ac7338: ;   {runtime_call ic_miss_stub}
  0x0000017764ac7338: 0000 e941 | a287 ff90 
[Verified Entry Point]
  0x0000017764ac7340: 8984 2400 | 90ff ff55 | 488b ec48 | 81ec 8000 | 0000 4889 | 7424 6048 | 83fe 0048 | 8d44 2460 
  0x0000017764ac7360: 480f 4444 | 2460 4889 | 4424 38c5 | fa11 4424 | 3048 897c | 2458 4883 | ff00 488d | 4424 5848 
  0x0000017764ac7380: 0f44 4424 | 5848 8944 | 2428 4c89 | 4c24 5049 | 83f9 0048 | 8d44 2450 | 480f 4444 | 2450 4889 
  0x0000017764ac73a0: 4424 204c | 8944 2448 | 4983 f800 | 4c8d 4c24 | 484c 0f44 | 4c24 4848 | 8954 2440 | 4883 fa00 
  0x0000017764ac73c0: 4c8d 4424 | 404c 0f44 

  0x0000017764ac73c8: ;   {oop(a 'java/lang/Class'{0x0000000713e1cc78} = 'com/raylib/Raylib')}
  0x0000017764ac73c8: 4424 4049 | be78 cce1 | 1307 0000 | 004c 8974 | 2470 4c8d | 7424 7049 | 8bd6 c5f8 

  0x0000017764ac73e4: ;   {internal_word}
  0x0000017764ac73e4: 7749 bae2 | 73ac 6477 | 0100 004d | 8997 a002 | 0000 4989 | a798 0200 

  0x0000017764ac73fc: ;   {external_word}
  0x0000017764ac73fc: 0049 ba79 | 3580 16ff | 7f00 0041 | 803a 000f | 8452 0000 | 0052 4150 

  0x0000017764ac7414: ;   {metadata({method} {0x000001777944bd48} 'DrawTexturePro' '(Lcom/raylib/Raylib$Texture;Lcom/raylib/Raylib$Rectangle;Lcom/raylib/Raylib$Rectangle;Lcom/raylib/Raylib$Vector2;FLcom/raylib/Raylib$Color;)V' in 'com/raylib/Raylib')}
  0x0000017764ac7414: 4151 48ba | 40bd 4479 | 7701 0000 | 498b cf48 | 83ec 20f7 | c40f 0000 | 000f 841a | 0000 0048 
  0x0000017764ac7434: ;   {runtime_call}
  0x0000017764ac7434: 83ec 0849 | ba00 3036 | 16ff 7f00 | 0041 ffd2 | 4883 c408 | e90d 0000 

  0x0000017764ac744c: ;   {runtime_call}
  0x0000017764ac744c: 0049 ba00 | 3036 16ff | 7f00 0041 | ffd2 4883 | c420 4159 | 4158 5a49 | 8d8f b802 | 0000 41c7 
  0x0000017764ac746c: 8748 0300 | 0004 0000 

  0x0000017764ac7474: ;   {runtime_call}
  0x0000017764ac7474: 0049 ba10 | 2030 91ff | 7f00 0041 | ffd2 c5f8 | 7741 c787 | 4803 0000 | 0500 0000 | f083 4424 
  0x0000017764ac7494: c000 493b | af50 0300 | 000f 8711 | 0000 0041 | 81bf 3803 | 0000 0000 | 0000 0f84 | 2400 0000 
  0x0000017764ac74b4: c5f8 7749 | 8bcf 4c8b | e448 83ec | 2048 83e4 

  0x0000017764ac74c4: ;   {runtime_call}
  0x0000017764ac74c4: f049 ba90 | 4446 16ff | 7f00 0041 | ffd2 498b | e44d 33e4 | 41c7 8748 | 0300 0008 | 0000 0041 
  0x0000017764ac74e4: 81bf b803 | 0000 0200 | 0000 0f84 | 9b00 0000 

  0x0000017764ac74f4: ;   {external_word}
  0x0000017764ac74f4: 49ba 7935 | 8016 ff7f | 0000 4180 | 3a00 0f84 | 4800 0000 

  0x0000017764ac7508: ;   {metadata({method} {0x000001777944bd48} 'DrawTexturePro' '(Lcom/raylib/Raylib$Texture;Lcom/raylib/Raylib$Rectangle;Lcom/raylib/Raylib$Rectangle;Lcom/raylib/Raylib$Vector2;FLcom/raylib/Raylib$Color;)V' in 'com/raylib/Raylib')}
  0x0000017764ac7508: 48ba 40bd | 4479 7701 | 0000 498b | cf48 83ec | 20f7 c40f | 0000 000f | 841a 0000 | 0048 83ec 
  0x0000017764ac7528: ;   {runtime_call}
  0x0000017764ac7528: 0849 ba00 | 3036 16ff | 7f00 0041 | ffd2 4883 | c408 e90d 

  0x0000017764ac753c: ;   {runtime_call}
  0x0000017764ac753c: 0000 0049 | ba00 3036 | 16ff 7f00 | 0041 ffd2 | 4883 c420 | 49c7 8798 | 0200 0000 | 0000 0049 
  0x0000017764ac755c: c787 a002 | 0000 0000 | 0000 c5f8 | 7749 8b8f | d800 0000 | c781 0001 | 0000 0000 | 0000 c949 
  0x0000017764ac757c: 817f 0800 | 0000 000f | 8501 0000 

  0x0000017764ac7588: ;   {runtime_call StubRoutines (1)}
  0x0000017764ac7588: 00c3 e971 | 9982 ffc5 | f877 4c8b | e448 83ec | 2048 83e4 

  0x0000017764ac759c: ;   {runtime_call}
  0x0000017764ac759c: f049 ba80 | 6036 16ff | 7f00 0041 | ffd2 498b | e44d 33e4 | e93f ffff | fff4 f4f4 
[/MachCode]


---------------  P R O C E S S  ---------------

Threads class SMR info:
_java_thread_list=0x0000017778be8270, length=13, elements={
0x000001775538ade0, 0x0000017778bd32e0, 0x0000017778bd3ea0, 0x0000017778bebb10,
0x0000017778bec6d0, 0x0000017778bf15b0, 0x0000017778bf1f70, 0x0000017778bfad20,
0x0000017778bfecd0, 0x0000017778bff6d0, 0x0000017778d53990, 0x0000017778d59500,
0x0000017778db9290
}

Java Threads: ( => current thread )
=>0x000001775538ade0 JavaThread "main" [_thread_in_native, id=3308, stack(0x0000003216c00000,0x0000003216d00000)]
  0x0000017778bd32e0 JavaThread "Reference Handler" daemon [_thread_blocked, id=13620, stack(0x0000003217300000,0x0000003217400000)]
  0x0000017778bd3ea0 JavaThread "Finalizer" daemon [_thread_blocked, id=12776, stack(0x0000003217400000,0x0000003217500000)]
  0x0000017778bebb10 JavaThread "Signal Dispatcher" daemon [_thread_blocked, id=8972, stack(0x0000003217500000,0x0000003217600000)]
  0x0000017778bec6d0 JavaThread "Attach Listener" daemon [_thread_blocked, id=26476, stack(0x0000003217600000,0x0000003217700000)]
  0x0000017778bf15b0 JavaThread "Service Thread" daemon [_thread_blocked, id=26824, stack(0x0000003217700000,0x0000003217800000)]
  0x0000017778bf1f70 JavaThread "Monitor Deflation Thread" daemon [_thread_blocked, id=12328, stack(0x0000003217800000,0x0000003217900000)]
  0x0000017778bfad20 JavaThread "C2 CompilerThread0" daemon [_thread_blocked, id=15996, stack(0x0000003217900000,0x0000003217a00000)]
  0x0000017778bfecd0 JavaThread "C1 CompilerThread0" daemon [_thread_blocked, id=9172, stack(0x0000003217a00000,0x0000003217b00000)]
  0x0000017778bff6d0 JavaThread "Sweeper thread" daemon [_thread_blocked, id=12600, stack(0x0000003217b00000,0x0000003217c00000)]
  0x0000017778d53990 JavaThread "Notification Thread" daemon [_thread_blocked, id=184, stack(0x0000003217e00000,0x0000003217f00000)]
  0x0000017778d59500 JavaThread "Common-Cleaner" daemon [_thread_blocked, id=8768, stack(0x0000003218000000,0x0000003218100000)]
  0x0000017778db9290 JavaThread "JavaCPP Deallocator" daemon [_thread_blocked, id=29040, stack(0x0000003218100000,0x0000003218200000)]

Other Threads:
  0x0000017778bcd710 VMThread "VM Thread" [stack: 0x0000003217200000,0x0000003217300000] [id=14064]
  0x0000017778d54080 WatcherThread [stack: 0x0000003217f00000,0x0000003218000000] [id=12668]
  0x00000177553f7a30 GCTaskThread "GC Thread#0" [stack: 0x0000003216d00000,0x0000003216e00000] [id=23432]
  0x000001777e2c1b60 GCTaskThread "GC Thread#1" [stack: 0x0000003218500000,0x0000003218600000] [id=5116]
  0x000001777e61e3f0 GCTaskThread "GC Thread#2" [stack: 0x0000003218600000,0x0000003218700000] [id=30276]
  0x000001777d694e30 GCTaskThread "GC Thread#3" [stack: 0x0000003218700000,0x0000003218800000] [id=19608]
  0x000001777d96eca0 GCTaskThread "GC Thread#4" [stack: 0x0000003218800000,0x0000003218900000] [id=7820]
  0x000001777df38850 GCTaskThread "GC Thread#5" [stack: 0x0000003218900000,0x0000003218a00000] [id=30268]
  0x00000177554083d0 ConcurrentGCThread "G1 Main Marker" [stack: 0x0000003216e00000,0x0000003216f00000] [id=26884]
  0x0000017755408df0 ConcurrentGCThread "G1 Conc#0" [stack: 0x0000003216f00000,0x0000003217000000] [id=15216]
  0x0000017778a89670 ConcurrentGCThread "G1 Refine#0" [stack: 0x0000003217000000,0x0000003217100000] [id=21480]
  0x0000017778a8afd0 ConcurrentGCThread "G1 Service" [stack: 0x0000003217100000,0x0000003217200000] [id=5692]

Threads with active compile tasks:

VM state: not at safepoint (normal execution)

VM Mutex/Monitor currently owned by a thread: None

Heap address: 0x0000000705a00000, size: 4006 MB, Compressed Oops mode: Zero based, Oop shift amount: 3

CDS archive(s) mapped at: [0x0000017700000000-0x0000017700bb0000-0x0000017700bb0000), size 12255232, SharedBaseAddress: 0x0000017700000000, ArchiveRelocationMode: 1.
Compressed class space mapped at: 0x0000017701000000-0x0000017741000000, reserved size: 1073741824
Narrow klass base: 0x0000017700000000, Narrow klass shift: 0, Narrow klass range: 0x100000000

GC Precious Log:
 CPUs: 16 total, 16 available
 Memory: 16021M
 Large Page Support: Disabled
 NUMA Support: Disabled
 Compressed Oops: Enabled (Zero based)
 Heap Region Size: 2M
 Heap Min Capacity: 8M
 Heap Initial Capacity: 252M
 Heap Max Capacity: 4006M
 Pre-touch: Disabled
 Parallel Workers: 13
 Concurrent Workers: 3
 Concurrent Refinement Workers: 13
 Periodic GC: Disabled

Heap:
 garbage-first heap   total 258048K, used 11874K [0x0000000705a00000, 0x0000000800000000)
  region size 2048K, 7 young (14336K), 1 survivors (2048K)
 Metaspace       used 2130K, committed 2304K, reserved 1114112K
  class space    used 181K, committed 256K, reserved 1048576K

Heap Regions: E=young(eden), S=young(survivor), O=old, HS=humongous(starts), HC=humongous(continues), CS=collection set, F=free, OA=open archive, CA=closed archive, TAMS=top-at-mark-start (previous, next)
|   0|0x0000000705a00000, 0x0000000705a00000, 0x0000000705c00000|  0%| F|  |TAMS 0x0000000705a00000, 0x0000000705a00000| Untracked 
|   1|0x0000000705c00000, 0x0000000705c00000, 0x0000000705e00000|  0%| F|  |TAMS 0x0000000705c00000, 0x0000000705c00000| Untracked 
|   2|0x0000000705e00000, 0x0000000705e00000, 0x0000000706000000|  0%| F|  |TAMS 0x0000000705e00000, 0x0000000705e00000| Untracked 
|   3|0x0000000706000000, 0x0000000706000000, 0x0000000706200000|  0%| F|  |TAMS 0x0000000706000000, 0x0000000706000000| Untracked 
|   4|0x0000000706200000, 0x0000000706200000, 0x0000000706400000|  0%| F|  |TAMS 0x0000000706200000, 0x0000000706200000| Untracked 
|   5|0x0000000706400000, 0x0000000706400000, 0x0000000706600000|  0%| F|  |TAMS 0x0000000706400000, 0x0000000706400000| Untracked 
|   6|0x0000000706600000, 0x0000000706600000, 0x0000000706800000|  0%| F|  |TAMS 0x0000000706600000, 0x0000000706600000| Untracked 
|   7|0x0000000706800000, 0x0000000706800000, 0x0000000706a00000|  0%| F|  |TAMS 0x0000000706800000, 0x0000000706800000| Untracked 
|   8|0x0000000706a00000, 0x0000000706a00000, 0x0000000706c00000|  0%| F|  |TAMS 0x0000000706a00000, 0x0000000706a00000| Untracked 
|   9|0x0000000706c00000, 0x0000000706c00000, 0x0000000706e00000|  0%| F|  |TAMS 0x0000000706c00000, 0x0000000706c00000| Untracked 
|  10|0x0000000706e00000, 0x0000000706e00000, 0x0000000707000000|  0%| F|  |TAMS 0x0000000706e00000, 0x0000000706e00000| Untracked 
|  11|0x0000000707000000, 0x0000000707000000, 0x0000000707200000|  0%| F|  |TAMS 0x0000000707000000, 0x0000000707000000| Untracked 
|  12|0x0000000707200000, 0x0000000707200000, 0x0000000707400000|  0%| F|  |TAMS 0x0000000707200000, 0x0000000707200000| Untracked 
|  13|0x0000000707400000, 0x0000000707400000, 0x0000000707600000|  0%| F|  |TAMS 0x0000000707400000, 0x0000000707400000| Untracked 
|  14|0x0000000707600000, 0x0000000707600000, 0x0000000707800000|  0%| F|  |TAMS 0x0000000707600000, 0x0000000707600000| Untracked 
|  15|0x0000000707800000, 0x0000000707800000, 0x0000000707a00000|  0%| F|  |TAMS 0x0000000707800000, 0x0000000707800000| Untracked 
|  16|0x0000000707a00000, 0x0000000707a00000, 0x0000000707c00000|  0%| F|  |TAMS 0x0000000707a00000, 0x0000000707a00000| Untracked 
|  17|0x0000000707c00000, 0x0000000707c00000, 0x0000000707e00000|  0%| F|  |TAMS 0x0000000707c00000, 0x0000000707c00000| Untracked 
|  18|0x0000000707e00000, 0x0000000707e00000, 0x0000000708000000|  0%| F|  |TAMS 0x0000000707e00000, 0x0000000707e00000| Untracked 
|  19|0x0000000708000000, 0x0000000708000000, 0x0000000708200000|  0%| F|  |TAMS 0x0000000708000000, 0x0000000708000000| Untracked 
|  20|0x0000000708200000, 0x0000000708200000, 0x0000000708400000|  0%| F|  |TAMS 0x0000000708200000, 0x0000000708200000| Untracked 
|  21|0x0000000708400000, 0x0000000708400000, 0x0000000708600000|  0%| F|  |TAMS 0x0000000708400000, 0x0000000708400000| Untracked 
|  22|0x0000000708600000, 0x0000000708600000, 0x0000000708800000|  0%| F|  |TAMS 0x0000000708600000, 0x0000000708600000| Untracked 
|  23|0x0000000708800000, 0x0000000708800000, 0x0000000708a00000|  0%| F|  |TAMS 0x0000000708800000, 0x0000000708800000| Untracked 
|  24|0x0000000708a00000, 0x0000000708a00000, 0x0000000708c00000|  0%| F|  |TAMS 0x0000000708a00000, 0x0000000708a00000| Untracked 
|  25|0x0000000708c00000, 0x0000000708c00000, 0x0000000708e00000|  0%| F|  |TAMS 0x0000000708c00000, 0x0000000708c00000| Untracked 
|  26|0x0000000708e00000, 0x0000000708e00000, 0x0000000709000000|  0%| F|  |TAMS 0x0000000708e00000, 0x0000000708e00000| Untracked 
|  27|0x0000000709000000, 0x0000000709000000, 0x0000000709200000|  0%| F|  |TAMS 0x0000000709000000, 0x0000000709000000| Untracked 
|  28|0x0000000709200000, 0x0000000709200000, 0x0000000709400000|  0%| F|  |TAMS 0x0000000709200000, 0x0000000709200000| Untracked 
|  29|0x0000000709400000, 0x0000000709400000, 0x0000000709600000|  0%| F|  |TAMS 0x0000000709400000, 0x0000000709400000| Untracked 
|  30|0x0000000709600000, 0x0000000709600000, 0x0000000709800000|  0%| F|  |TAMS 0x0000000709600000, 0x0000000709600000| Untracked 
|  31|0x0000000709800000, 0x0000000709800000, 0x0000000709a00000|  0%| F|  |TAMS 0x0000000709800000, 0x0000000709800000| Untracked 
|  32|0x0000000709a00000, 0x0000000709a00000, 0x0000000709c00000|  0%| F|  |TAMS 0x0000000709a00000, 0x0000000709a00000| Untracked 
|  33|0x0000000709c00000, 0x0000000709c00000, 0x0000000709e00000|  0%| F|  |TAMS 0x0000000709c00000, 0x0000000709c00000| Untracked 
|  34|0x0000000709e00000, 0x0000000709e00000, 0x000000070a000000|  0%| F|  |TAMS 0x0000000709e00000, 0x0000000709e00000| Untracked 
|  35|0x000000070a000000, 0x000000070a000000, 0x000000070a200000|  0%| F|  |TAMS 0x000000070a000000, 0x000000070a000000| Untracked 
|  36|0x000000070a200000, 0x000000070a200000, 0x000000070a400000|  0%| F|  |TAMS 0x000000070a200000, 0x000000070a200000| Untracked 
|  37|0x000000070a400000, 0x000000070a400000, 0x000000070a600000|  0%| F|  |TAMS 0x000000070a400000, 0x000000070a400000| Untracked 
|  38|0x000000070a600000, 0x000000070a600000, 0x000000070a800000|  0%| F|  |TAMS 0x000000070a600000, 0x000000070a600000| Untracked 
|  39|0x000000070a800000, 0x000000070a800000, 0x000000070aa00000|  0%| F|  |TAMS 0x000000070a800000, 0x000000070a800000| Untracked 
|  40|0x000000070aa00000, 0x000000070aa00000, 0x000000070ac00000|  0%| F|  |TAMS 0x000000070aa00000, 0x000000070aa00000| Untracked 
|  41|0x000000070ac00000, 0x000000070ac00000, 0x000000070ae00000|  0%| F|  |TAMS 0x000000070ac00000, 0x000000070ac00000| Untracked 
|  42|0x000000070ae00000, 0x000000070ae00000, 0x000000070b000000|  0%| F|  |TAMS 0x000000070ae00000, 0x000000070ae00000| Untracked 
|  43|0x000000070b000000, 0x000000070b000000, 0x000000070b200000|  0%| F|  |TAMS 0x000000070b000000, 0x000000070b000000| Untracked 
|  44|0x000000070b200000, 0x000000070b200000, 0x000000070b400000|  0%| F|  |TAMS 0x000000070b200000, 0x000000070b200000| Untracked 
|  45|0x000000070b400000, 0x000000070b400000, 0x000000070b600000|  0%| F|  |TAMS 0x000000070b400000, 0x000000070b400000| Untracked 
|  46|0x000000070b600000, 0x000000070b600000, 0x000000070b800000|  0%| F|  |TAMS 0x000000070b600000, 0x000000070b600000| Untracked 
|  47|0x000000070b800000, 0x000000070b800000, 0x000000070ba00000|  0%| F|  |TAMS 0x000000070b800000, 0x000000070b800000| Untracked 
|  48|0x000000070ba00000, 0x000000070ba00000, 0x000000070bc00000|  0%| F|  |TAMS 0x000000070ba00000, 0x000000070ba00000| Untracked 
|  49|0x000000070bc00000, 0x000000070bc00000, 0x000000070be00000|  0%| F|  |TAMS 0x000000070bc00000, 0x000000070bc00000| Untracked 
|  50|0x000000070be00000, 0x000000070be00000, 0x000000070c000000|  0%| F|  |TAMS 0x000000070be00000, 0x000000070be00000| Untracked 
|  51|0x000000070c000000, 0x000000070c000000, 0x000000070c200000|  0%| F|  |TAMS 0x000000070c000000, 0x000000070c000000| Untracked 
|  52|0x000000070c200000, 0x000000070c200000, 0x000000070c400000|  0%| F|  |TAMS 0x000000070c200000, 0x000000070c200000| Untracked 
|  53|0x000000070c400000, 0x000000070c400000, 0x000000070c600000|  0%| F|  |TAMS 0x000000070c400000, 0x000000070c400000| Untracked 
|  54|0x000000070c600000, 0x000000070c600000, 0x000000070c800000|  0%| F|  |TAMS 0x000000070c600000, 0x000000070c600000| Untracked 
|  55|0x000000070c800000, 0x000000070c800000, 0x000000070ca00000|  0%| F|  |TAMS 0x000000070c800000, 0x000000070c800000| Untracked 
|  56|0x000000070ca00000, 0x000000070ca00000, 0x000000070cc00000|  0%| F|  |TAMS 0x000000070ca00000, 0x000000070ca00000| Untracked 
|  57|0x000000070cc00000, 0x000000070cc00000, 0x000000070ce00000|  0%| F|  |TAMS 0x000000070cc00000, 0x000000070cc00000| Untracked 
|  58|0x000000070ce00000, 0x000000070ce00000, 0x000000070d000000|  0%| F|  |TAMS 0x000000070ce00000, 0x000000070ce00000| Untracked 
|  59|0x000000070d000000, 0x000000070d000000, 0x000000070d200000|  0%| F|  |TAMS 0x000000070d000000, 0x000000070d000000| Untracked 
|  60|0x000000070d200000, 0x000000070d200000, 0x000000070d400000|  0%| F|  |TAMS 0x000000070d200000, 0x000000070d200000| Untracked 
|  61|0x000000070d400000, 0x000000070d400000, 0x000000070d600000|  0%| F|  |TAMS 0x000000070d400000, 0x000000070d400000| Untracked 
|  62|0x000000070d600000, 0x000000070d600000, 0x000000070d800000|  0%| F|  |TAMS 0x000000070d600000, 0x000000070d600000| Untracked 
|  63|0x000000070d800000, 0x000000070d800000, 0x000000070da00000|  0%| F|  |TAMS 0x000000070d800000, 0x000000070d800000| Untracked 
|  64|0x000000070da00000, 0x000000070da00000, 0x000000070dc00000|  0%| F|  |TAMS 0x000000070da00000, 0x000000070da00000| Untracked 
|  65|0x000000070dc00000, 0x000000070dc00000, 0x000000070de00000|  0%| F|  |TAMS 0x000000070dc00000, 0x000000070dc00000| Untracked 
|  66|0x000000070de00000, 0x000000070de00000, 0x000000070e000000|  0%| F|  |TAMS 0x000000070de00000, 0x000000070de00000| Untracked 
|  67|0x000000070e000000, 0x000000070e000000, 0x000000070e200000|  0%| F|  |TAMS 0x000000070e000000, 0x000000070e000000| Untracked 
|  68|0x000000070e200000, 0x000000070e200000, 0x000000070e400000|  0%| F|  |TAMS 0x000000070e200000, 0x000000070e200000| Untracked 
|  69|0x000000070e400000, 0x000000070e400000, 0x000000070e600000|  0%| F|  |TAMS 0x000000070e400000, 0x000000070e400000| Untracked 
|  70|0x000000070e600000, 0x000000070e600000, 0x000000070e800000|  0%| F|  |TAMS 0x000000070e600000, 0x000000070e600000| Untracked 
|  71|0x000000070e800000, 0x000000070e800000, 0x000000070ea00000|  0%| F|  |TAMS 0x000000070e800000, 0x000000070e800000| Untracked 
|  72|0x000000070ea00000, 0x000000070ea00000, 0x000000070ec00000|  0%| F|  |TAMS 0x000000070ea00000, 0x000000070ea00000| Untracked 
|  73|0x000000070ec00000, 0x000000070ec00000, 0x000000070ee00000|  0%| F|  |TAMS 0x000000070ec00000, 0x000000070ec00000| Untracked 
|  74|0x000000070ee00000, 0x000000070ee00000, 0x000000070f000000|  0%| F|  |TAMS 0x000000070ee00000, 0x000000070ee00000| Untracked 
|  75|0x000000070f000000, 0x000000070f000000, 0x000000070f200000|  0%| F|  |TAMS 0x000000070f000000, 0x000000070f000000| Untracked 
|  76|0x000000070f200000, 0x000000070f200000, 0x000000070f400000|  0%| F|  |TAMS 0x000000070f200000, 0x000000070f200000| Untracked 
|  77|0x000000070f400000, 0x000000070f400000, 0x000000070f600000|  0%| F|  |TAMS 0x000000070f400000, 0x000000070f400000| Untracked 
|  78|0x000000070f600000, 0x000000070f600000, 0x000000070f800000|  0%| F|  |TAMS 0x000000070f600000, 0x000000070f600000| Untracked 
|  79|0x000000070f800000, 0x000000070f800000, 0x000000070fa00000|  0%| F|  |TAMS 0x000000070f800000, 0x000000070f800000| Untracked 
|  80|0x000000070fa00000, 0x000000070fa00000, 0x000000070fc00000|  0%| F|  |TAMS 0x000000070fa00000, 0x000000070fa00000| Untracked 
|  81|0x000000070fc00000, 0x000000070fc00000, 0x000000070fe00000|  0%| F|  |TAMS 0x000000070fc00000, 0x000000070fc00000| Untracked 
|  82|0x000000070fe00000, 0x000000070fe00000, 0x0000000710000000|  0%| F|  |TAMS 0x000000070fe00000, 0x000000070fe00000| Untracked 
|  83|0x0000000710000000, 0x0000000710000000, 0x0000000710200000|  0%| F|  |TAMS 0x0000000710000000, 0x0000000710000000| Untracked 
|  84|0x0000000710200000, 0x0000000710200000, 0x0000000710400000|  0%| F|  |TAMS 0x0000000710200000, 0x0000000710200000| Untracked 
|  85|0x0000000710400000, 0x0000000710400000, 0x0000000710600000|  0%| F|  |TAMS 0x0000000710400000, 0x0000000710400000| Untracked 
|  86|0x0000000710600000, 0x0000000710600000, 0x0000000710800000|  0%| F|  |TAMS 0x0000000710600000, 0x0000000710600000| Untracked 
|  87|0x0000000710800000, 0x0000000710800000, 0x0000000710a00000|  0%| F|  |TAMS 0x0000000710800000, 0x0000000710800000| Untracked 
|  88|0x0000000710a00000, 0x0000000710a00000, 0x0000000710c00000|  0%| F|  |TAMS 0x0000000710a00000, 0x0000000710a00000| Untracked 
|  89|0x0000000710c00000, 0x0000000710c00000, 0x0000000710e00000|  0%| F|  |TAMS 0x0000000710c00000, 0x0000000710c00000| Untracked 
|  90|0x0000000710e00000, 0x0000000710e00000, 0x0000000711000000|  0%| F|  |TAMS 0x0000000710e00000, 0x0000000710e00000| Untracked 
|  91|0x0000000711000000, 0x0000000711000000, 0x0000000711200000|  0%| F|  |TAMS 0x0000000711000000, 0x0000000711000000| Untracked 
|  92|0x0000000711200000, 0x0000000711200000, 0x0000000711400000|  0%| F|  |TAMS 0x0000000711200000, 0x0000000711200000| Untracked 
|  93|0x0000000711400000, 0x0000000711400000, 0x0000000711600000|  0%| F|  |TAMS 0x0000000711400000, 0x0000000711400000| Untracked 
|  94|0x0000000711600000, 0x0000000711600000, 0x0000000711800000|  0%| F|  |TAMS 0x0000000711600000, 0x0000000711600000| Untracked 
|  95|0x0000000711800000, 0x0000000711800000, 0x0000000711a00000|  0%| F|  |TAMS 0x0000000711800000, 0x0000000711800000| Untracked 
|  96|0x0000000711a00000, 0x0000000711a00000, 0x0000000711c00000|  0%| F|  |TAMS 0x0000000711a00000, 0x0000000711a00000| Untracked 
|  97|0x0000000711c00000, 0x0000000711c00000, 0x0000000711e00000|  0%| F|  |TAMS 0x0000000711c00000, 0x0000000711c00000| Untracked 
|  98|0x0000000711e00000, 0x0000000711e00000, 0x0000000712000000|  0%| F|  |TAMS 0x0000000711e00000, 0x0000000711e00000| Untracked 
|  99|0x0000000712000000, 0x0000000712000000, 0x0000000712200000|  0%| F|  |TAMS 0x0000000712000000, 0x0000000712000000| Untracked 
| 100|0x0000000712200000, 0x0000000712200000, 0x0000000712400000|  0%| F|  |TAMS 0x0000000712200000, 0x0000000712200000| Untracked 
| 101|0x0000000712400000, 0x0000000712400000, 0x0000000712600000|  0%| F|  |TAMS 0x0000000712400000, 0x0000000712400000| Untracked 
| 102|0x0000000712600000, 0x0000000712600000, 0x0000000712800000|  0%| F|  |TAMS 0x0000000712600000, 0x0000000712600000| Untracked 
| 103|0x0000000712800000, 0x0000000712800000, 0x0000000712a00000|  0%| F|  |TAMS 0x0000000712800000, 0x0000000712800000| Untracked 
| 104|0x0000000712a00000, 0x0000000712a00000, 0x0000000712c00000|  0%| F|  |TAMS 0x0000000712a00000, 0x0000000712a00000| Untracked 
| 105|0x0000000712c00000, 0x0000000712c00000, 0x0000000712e00000|  0%| F|  |TAMS 0x0000000712c00000, 0x0000000712c00000| Untracked 
| 106|0x0000000712e00000, 0x0000000712e00000, 0x0000000713000000|  0%| F|  |TAMS 0x0000000712e00000, 0x0000000712e00000| Untracked 
| 107|0x0000000713000000, 0x0000000713000000, 0x0000000713200000|  0%| F|  |TAMS 0x0000000713000000, 0x0000000713000000| Untracked 
| 108|0x0000000713200000, 0x0000000713200000, 0x0000000713400000|  0%| F|  |TAMS 0x0000000713200000, 0x0000000713200000| Untracked 
| 109|0x0000000713400000, 0x0000000713400000, 0x0000000713600000|  0%| F|  |TAMS 0x0000000713400000, 0x0000000713400000| Untracked 
| 110|0x0000000713600000, 0x0000000713600000, 0x0000000713800000|  0%| F|  |TAMS 0x0000000713600000, 0x0000000713600000| Untracked 
| 111|0x0000000713800000, 0x0000000713800000, 0x0000000713a00000|  0%| F|  |TAMS 0x0000000713800000, 0x0000000713800000| Untracked 
| 112|0x0000000713a00000, 0x0000000713a00000, 0x0000000713c00000|  0%| F|  |TAMS 0x0000000713a00000, 0x0000000713a00000| Untracked 
| 113|0x0000000713c00000, 0x0000000713c00000, 0x0000000713e00000|  0%| F|  |TAMS 0x0000000713c00000, 0x0000000713c00000| Untracked 
| 114|0x0000000713e00000, 0x0000000713f98a60, 0x0000000714000000| 79%| S|CS|TAMS 0x0000000713e00000, 0x0000000713e00000| Complete 
| 115|0x0000000714000000, 0x0000000714000000, 0x0000000714200000|  0%| F|  |TAMS 0x0000000714000000, 0x0000000714000000| Untracked 
| 116|0x0000000714200000, 0x0000000714200000, 0x0000000714400000|  0%| F|  |TAMS 0x0000000714200000, 0x0000000714200000| Untracked 
| 117|0x0000000714400000, 0x0000000714400000, 0x0000000714600000|  0%| F|  |TAMS 0x0000000714400000, 0x0000000714400000| Untracked 
| 118|0x0000000714600000, 0x0000000714600000, 0x0000000714800000|  0%| F|  |TAMS 0x0000000714600000, 0x0000000714600000| Untracked 
| 119|0x0000000714800000, 0x0000000714800000, 0x0000000714a00000|  0%| F|  |TAMS 0x0000000714800000, 0x0000000714800000| Untracked 
| 120|0x0000000714a00000, 0x0000000714ac5da8, 0x0000000714c00000| 38%| E|  |TAMS 0x0000000714a00000, 0x0000000714a00000| Complete 
| 121|0x0000000714c00000, 0x0000000714e00000, 0x0000000714e00000|100%| E|CS|TAMS 0x0000000714c00000, 0x0000000714c00000| Complete 
| 122|0x0000000714e00000, 0x0000000715000000, 0x0000000715000000|100%| E|CS|TAMS 0x0000000714e00000, 0x0000000714e00000| Complete 
| 123|0x0000000715000000, 0x0000000715200000, 0x0000000715200000|100%| E|CS|TAMS 0x0000000715000000, 0x0000000715000000| Complete 
| 124|0x0000000715200000, 0x0000000715400000, 0x0000000715400000|100%| E|CS|TAMS 0x0000000715200000, 0x0000000715200000| Complete 
| 125|0x0000000715400000, 0x0000000715600000, 0x0000000715600000|100%| E|CS|TAMS 0x0000000715400000, 0x0000000715400000| Complete 

Card table byte_map: [0x000001776cf00000,0x000001776d6e0000] _byte_map_base: 0x00000177696d3000

Marking Bits (Prev, Next): (CMBitMap*) 0x00000177553f8050, (CMBitMap*) 0x00000177553f8090
 Prev Bits: [0x000001776dec0000, 0x0000017771d58000)
 Next Bits: [0x0000017771d60000, 0x0000017775bf8000)

Polling page: 0x00000177531f0000

Metaspace:

Usage:
  Non-class:      1.90 MB used.
      Class:    181.82 KB used.
       Both:      2.08 MB used.

Virtual space:
  Non-class space:       64.00 MB reserved,       2.00 MB (  3%) committed,  1 nodes.
      Class space:        1.00 GB reserved,     256.00 KB ( <1%) committed,  1 nodes.
             Both:        1.06 GB reserved,       2.25 MB ( <1%) committed. 

Chunk freelists:
   Non-Class:  11.22 MB
       Class:  15.65 MB
        Both:  26.87 MB

MaxMetaspaceSize: unlimited
CompressedClassSpaceSize: 1.00 GB
Initial GC threshold: 21.00 MB
Current GC threshold: 21.00 MB
CDS: on
MetaspaceReclaimPolicy: balanced
 - commit_granule_bytes: 65536.
 - commit_granule_words: 8192.
 - virtual_space_node_default_size: 8388608.
 - enlarge_chunks_in_place: 1.
 - new_chunks_are_fully_committed: 0.
 - uncommit_free_chunks: 1.
 - use_allocation_guard: 0.
 - handle_deallocations: 1.


Internal statistics:

num_allocs_failed_limit: 0.
num_arena_births: 32.
num_arena_deaths: 0.
num_vsnodes_births: 2.
num_vsnodes_deaths: 0.
num_space_committed: 36.
num_space_uncommitted: 0.
num_chunks_returned_to_freelist: 0.
num_chunks_taken_from_freelist: 70.
num_chunk_merges: 0.
num_chunk_splits: 49.
num_chunks_enlarged: 40.
num_inconsistent_stats: 0.

CodeHeap 'non-profiled nmethods': size=119168Kb used=615Kb max_used=615Kb free=118552Kb
 bounds [0x0000017764a40000, 0x0000017764cb0000, 0x000001776bea0000]
CodeHeap 'profiled nmethods': size=119104Kb used=1402Kb max_used=1402Kb free=117701Kb
 bounds [0x000001775cea0000, 0x000001775d110000, 0x00000177642f0000]
CodeHeap 'non-nmethods': size=7488Kb used=1160Kb max_used=2344Kb free=6327Kb
 bounds [0x00000177642f0000, 0x0000017764560000, 0x0000017764a40000]
 total_blobs=1322 nmethods=885 adapters=350
 compilation: enabled
              stopped_count=0, restarted_count=0
 full_count=0

Compilation events (20 events):
Event: 36.783 Thread 0x0000017778bfad20  874       4       java.lang.invoke.LambdaForm$MH/0x0000017701019000::invoke (27 bytes)
Event: 36.784 Thread 0x0000017778bfad20 nmethod 874 0x0000017764ad7190 code [0x0000017764ad7320, 0x0000017764ad7418]
Event: 36.784 Thread 0x0000017778bfad20  875       4       java.lang.invoke.DirectMethodHandle$Holder::invokeStatic (17 bytes)
Event: 36.785 Thread 0x0000017741fdd860  876       4       java.lang.StringConcatHelper::mix (11 bytes)
Event: 36.785 Thread 0x0000017778bfad20 nmethod 875 0x0000017764ad7590 code [0x0000017764ad7720, 0x0000017764ad77e8]
Event: 36.785 Thread 0x0000017778bfad20  877       4       java.lang.invoke.DirectMethodHandle$Holder::invokeStatic (14 bytes)
Event: 36.786 Thread 0x0000017778bfad20 nmethod 877 0x0000017764ad7910 code [0x0000017764ad7aa0, 0x0000017764ad7b68]
Event: 36.786 Thread 0x0000017778bfad20  878       4       java.lang.invoke.LambdaForm$MH/0x0000017701018400::invoke (32 bytes)
Event: 36.786 Thread 0x0000017778bfad20 nmethod 878 0x0000017764ad7c90 code [0x0000017764ad7e20, 0x0000017764ad7f38]
Event: 36.786 Thread 0x0000017741fdd860 nmethod 876 0x0000017764ad8090 code [0x0000017764ad8200, 0x0000017764ad8318]
Event: 37.534 Thread 0x0000017741fdd860  879       4       java.lang.StringConcatHelper::prepend (22 bytes)
Event: 37.534 Thread 0x0000017778bfad20  880       4       java.lang.invoke.DirectMethodHandle$Holder::invokeStatic (17 bytes)
Event: 37.535 Thread 0x0000017778bfad20 nmethod 880 0x0000017764ad8410 code [0x0000017764ad85a0, 0x0000017764ad8668]
Event: 37.537 Thread 0x0000017741fdd860 nmethod 879 0x0000017764ad8790 code [0x0000017764ad8920, 0x0000017764ad8d98]
Event: 66.635 Thread 0x0000017778bfad20  881       4       com.raylib.Raylib$Rectangle::<init> (13 bytes)
Event: 66.636 Thread 0x0000017778bfad20 nmethod 881 0x0000017764ad9210 code [0x0000017764ad93a0, 0x0000017764ad94a8]
Event: 67.319 Thread 0x0000017778bfecd0  882       3       com.raylib.Jaylib$Rectangle::<init> (30 bytes)
Event: 67.319 Thread 0x0000017778bfecd0 nmethod 882 0x000001775cffb810 code [0x000001775cffba00, 0x000001775cffbef8]
Event: 70.519 Thread 0x0000017778bfecd0  885       3       PineVille.Shop::ShopUi (441 bytes)
Event: 70.520 Thread 0x0000017778bfecd0 nmethod 885 0x000001775cffc090 code [0x000001775cffc4e0, 0x000001775cffe1e8]

GC Heap History (2 events):
Event: 0.559 GC heap before
{Heap before GC invocations=0 (full 0):
 garbage-first heap   total 258048K, used 22528K [0x0000000705a00000, 0x0000000800000000)
  region size 2048K, 11 young (22528K), 0 survivors (0K)
 Metaspace       used 1808K, committed 1920K, reserved 1114112K
  class space    used 140K, committed 192K, reserved 1048576K
}
Event: 0.564 GC heap after
{Heap after GC invocations=1 (full 0):
 garbage-first heap   total 258048K, used 1634K [0x0000000705a00000, 0x0000000800000000)
  region size 2048K, 1 young (2048K), 1 survivors (2048K)
 Metaspace       used 1808K, committed 1920K, reserved 1114112K
  class space    used 140K, committed 192K, reserved 1048576K
}

Dll operation events (20 events):
Event: 0.332 Loaded shared library C:\Program Files (x86)\Windows Kits\10\Redist\ucrt\DLLs\x64\api-ms-win-core-rtlsupport-l1-1-0.dll
Event: 0.341 Loaded shared library C:\Program Files (x86)\Windows Kits\10\Redist\ucrt\DLLs\x64\api-ms-win-core-processthreads-l1-1-1.dll
Event: 0.350 Loaded shared library C:\Program Files (x86)\Windows Kits\10\Redist\ucrt\DLLs\x64\api-ms-win-core-file-l1-2-0.dll
Event: 0.358 Loaded shared library C:\Program Files (x86)\Windows Kits\10\Redist\ucrt\DLLs\x64\api-ms-win-core-profile-l1-1-0.dll
Event: 0.366 Loaded shared library C:\Program Files (x86)\Windows Kits\10\Redist\ucrt\DLLs\x64\api-ms-win-core-memory-l1-1-0.dll
Event: 0.374 Loaded shared library C:\Program Files (x86)\Windows Kits\10\Redist\ucrt\DLLs\x64\api-ms-win-core-util-l1-1-0.dll
Event: 0.382 Loaded shared library C:\Program Files (x86)\Windows Kits\10\Redist\ucrt\DLLs\x64\api-ms-win-core-interlocked-l1-1-0.dll
Event: 0.391 Loaded shared library C:\Program Files (x86)\Windows Kits\10\Redist\ucrt\DLLs\x64\ucrtbase.dll
Event: 0.398 Loaded shared library C:\Users\luczu\.jdks\corretto-17.0.10\bin\vcruntime140.dll
Event: 0.408 Loaded shared library C:\Users\luczu\.jdks\corretto-17.0.10\bin\vcruntime140_1.dll
Event: 0.415 Loaded shared library C:\Users\luczu\.jdks\corretto-17.0.10\bin\msvcp140.dll
Event: 0.425 Loaded shared library C:\Windows\System32\msvcp140_1.dll
Event: 0.435 Loaded shared library C:\Windows\System32\concrt140.dll
Event: 0.445 Loaded shared library C:\Windows\System32\vcomp140.dll
Event: 0.471 Loaded shared library C:\Windows\System32\winmm.dll
Event: 0.474 Loaded shared library C:\Windows\System32\opengl32.dll
Event: 0.476 Loaded shared library C:\Windows\System32\user32.dll
Event: 0.477 Loaded shared library C:\Windows\System32\shell32.dll
Event: 0.479 Loaded shared library C:\Windows\System32\gdi32.dll
Event: 0.501 Loaded shared library C:\Users\luczu\.javacpp\cache\jaylib-4.5.0-0.jar\com\raylib\windows-x86_64\jniRaylib.dll

Deoptimization events (20 events):
Event: 0.459 Thread 0x000001775538ade0 Uncommon trap: trap_request=0xffffff45 fr.pc=0x0000017764a7b484 relative=0x0000000000001364
Event: 0.459 Thread 0x000001775538ade0 Uncommon trap: reason=unstable_if action=reinterpret pc=0x0000017764a7b484 method=java.net.URL.<init>(Ljava/net/URL;Ljava/lang/String;Ljava/net/URLStreamHandler;)V @ 273 c2
Event: 0.460 Thread 0x000001775538ade0 DEOPT PACKING pc=0x0000017764a7b484 sp=0x0000003216cfdaf0
Event: 0.460 Thread 0x000001775538ade0 DEOPT UNPACKING pc=0x000001776434a1a3 sp=0x0000003216cfda80 mode 2
Event: 0.471 Thread 0x000001775538ade0 Uncommon trap: trap_request=0xffffff45 fr.pc=0x0000017764a87620 relative=0x0000000000003f40
Event: 0.471 Thread 0x000001775538ade0 Uncommon trap: reason=unstable_if action=reinterpret pc=0x0000017764a87620 method=sun.net.www.ParseUtil.firstEncodeIndex(Ljava/lang/String;)I @ 51 c2
Event: 0.471 Thread 0x000001775538ade0 DEOPT PACKING pc=0x0000017764a87620 sp=0x0000003216cfdb70
Event: 0.471 Thread 0x000001775538ade0 DEOPT UNPACKING pc=0x000001776434a1a3 sp=0x0000003216cfd890 mode 2
Event: 0.491 Thread 0x000001775538ade0 Uncommon trap: trap_request=0xffffff45 fr.pc=0x0000017764a926a0 relative=0x0000000000003f40
Event: 0.491 Thread 0x000001775538ade0 Uncommon trap: reason=unstable_if action=reinterpret pc=0x0000017764a926a0 method=sun.net.www.ParseUtil.firstEncodeIndex(Ljava/lang/String;)I @ 51 c2
Event: 0.492 Thread 0x000001775538ade0 DEOPT PACKING pc=0x0000017764a926a0 sp=0x0000003216cfc8f0
Event: 0.492 Thread 0x000001775538ade0 DEOPT UNPACKING pc=0x000001776434a1a3 sp=0x0000003216cfc670 mode 2
Event: 0.518 Thread 0x000001775538ade0 DEOPT PACKING pc=0x000001775cf970c8 sp=0x0000003216cfc2a0
Event: 0.518 Thread 0x000001775538ade0 DEOPT UNPACKING pc=0x000001776434ace3 sp=0x0000003216cfb7b8 mode 0
Event: 0.566 Thread 0x000001775538ade0 Uncommon trap: trap_request=0xffffff45 fr.pc=0x0000017764a70c60 relative=0x00000000000000e0
Event: 0.566 Thread 0x000001775538ade0 Uncommon trap: reason=unstable_if action=reinterpret pc=0x0000017764a70c60 method=java.lang.ref.SoftReference.get()Ljava/lang/Object; @ 17 c2
Event: 0.566 Thread 0x000001775538ade0 DEOPT PACKING pc=0x0000017764a70c60 sp=0x0000003216cfc390
Event: 0.566 Thread 0x000001775538ade0 DEOPT UNPACKING pc=0x000001776434a1a3 sp=0x0000003216cfc348 mode 2
Event: 30.533 Thread 0x000001775538ade0 DEOPT PACKING pc=0x000001775cff3702 sp=0x0000003216cfedf0
Event: 30.533 Thread 0x000001775538ade0 DEOPT UNPACKING pc=0x000001776434ace3 sp=0x0000003216cfe270 mode 0

Classes unloaded (0 events):
No events

Classes redefined (0 events):
No events

Internal exceptions (7 events):
Event: 0.083 Thread 0x000001775538ade0 Exception <a 'java/lang/NoSuchMethodError'{0x0000000715244478}: 'int java.lang.invoke.DirectMethodHandle$Holder.invokeStaticInit(java.lang.Object, java.lang.Object, java.lang.Object, java.lang.Object)'> (0x0000000715244478) 
thrown [s\src\hotspot\share\interpreter\linkResolver.cpp, line 759]
Event: 0.085 Thread 0x000001775538ade0 Exception <a 'java/lang/NoSuchMethodError'{0x000000071524f188}: 'java.lang.Object java.lang.invoke.DirectMethodHandle$Holder.invokeInterface(java.lang.Object, java.lang.Object)'> (0x000000071524f188) 
thrown [s\src\hotspot\share\interpreter\linkResolver.cpp, line 759]
Event: 0.086 Thread 0x000001775538ade0 Exception <a 'java/lang/IncompatibleClassChangeError'{0x00000007152528a0}: Found class java.lang.Object, but interface was expected> (0x00000007152528a0) 
thrown [s\src\hotspot\share\interpreter\linkResolver.cpp, line 826]
Event: 0.086 Thread 0x000001775538ade0 Exception <a 'java/lang/NoSuchMethodError'{0x0000000715255a48}: 'void java.lang.invoke.DirectMethodHandle$Holder.invokeStatic(java.lang.Object, java.lang.Object)'> (0x0000000715255a48) 
thrown [s\src\hotspot\share\interpreter\linkResolver.cpp, line 759]
Event: 0.087 Thread 0x000001775538ade0 Exception <a 'java/lang/NoSuchMethodError'{0x00000007152590b8}: 'void java.lang.invoke.DirectMethodHandle$Holder.invokeStaticInit(java.lang.Object, java.lang.Object)'> (0x00000007152590b8) 
thrown [s\src\hotspot\share\interpreter\linkResolver.cpp, line 759]
Event: 0.088 Thread 0x000001775538ade0 Exception <a 'java/lang/NoSuchMethodError'{0x000000071525f760}: 'int java.lang.invoke.DirectMethodHandle$Holder.invokeStaticInit(java.lang.Object, java.lang.Object)'> (0x000000071525f760) 
thrown [s\src\hotspot\share\interpreter\linkResolver.cpp, line 759]
Event: 0.496 Thread 0x000001775538ade0 Exception <a 'java/lang/NoSuchMethodError'{0x0000000714186e30}: 'java.lang.Object java.lang.invoke.DirectMethodHandle$Holder.invokeStatic(java.lang.Object, int, java.lang.Object)'> (0x0000000714186e30) 
thrown [s\src\hotspot\share\interpreter\linkResolver.cpp, line 759]

VM Operations (18 events):
Event: 0.061 Executing VM operation: HandshakeAllThreads
Event: 0.061 Executing VM operation: HandshakeAllThreads done
Event: 0.128 Executing VM operation: HandshakeAllThreads
Event: 0.128 Executing VM operation: HandshakeAllThreads done
Event: 0.559 Executing VM operation: G1CollectForAllocation
Event: 0.564 Executing VM operation: G1CollectForAllocation done
Event: 1.579 Executing VM operation: Cleanup
Event: 1.579 Executing VM operation: Cleanup done
Event: 5.581 Executing VM operation: Cleanup
Event: 5.581 Executing VM operation: Cleanup done
Event: 8.582 Executing VM operation: Cleanup
Event: 8.582 Executing VM operation: Cleanup done
Event: 11.583 Executing VM operation: Cleanup
Event: 11.583 Executing VM operation: Cleanup done
Event: 31.594 Executing VM operation: Cleanup
Event: 31.595 Executing VM operation: Cleanup done
Event: 60.224 Executing VM operation: HandshakeAllThreads
Event: 60.224 Executing VM operation: HandshakeAllThreads done

Events (20 events):
Event: 0.493 loading class java/time/Month done
Event: 0.493 loading class java/time/DayOfWeek
Event: 0.493 loading class java/time/DayOfWeek done
Event: 0.494 loading class java/time/zone/ZoneOffsetTransitionRule$TimeDefinition
Event: 0.494 loading class java/time/zone/ZoneOffsetTransitionRule$TimeDefinition done
Event: 0.494 loading class java/time/zone/ZoneOffsetTransition
Event: 0.494 loading class java/time/zone/ZoneOffsetTransition done
Event: 0.495 loading class java/time/temporal/TemporalAdjusters
Event: 0.495 loading class java/time/temporal/TemporalAdjusters done
Event: 0.498 loading class java/time/zone/ZoneOffsetTransitionRule$1
Event: 0.499 loading class java/time/zone/ZoneOffsetTransitionRule$1 done
Event: 0.499 loading class java/util/concurrent/TimeUnit$1
Event: 0.500 loading class java/util/concurrent/TimeUnit$1 done
Event: 1.204 Thread 0x000001777e9a02c0 Thread exited: 0x000001777e9a02c0
Event: 1.204 Thread 0x000001777d3e2600 Thread exited: 0x000001777d3e2600
Event: 1.204 Thread 0x0000017778fa9d80 Thread exited: 0x0000017778fa9d80
Event: 2.597 Thread 0x0000017778d07880 Thread exited: 0x0000017778d07880
Event: 2.598 Thread 0x0000017778d2c1b0 Thread exited: 0x0000017778d2c1b0
Event: 36.784 Thread 0x0000017741fdd860 Thread added: 0x0000017741fdd860
Event: 42.537 Thread 0x0000017741fdd860 Thread exited: 0x0000017741fdd860


Dynamic libraries:
0x00007ff68c020000 - 0x00007ff68c02e000 	C:\Users\luczu\.jdks\corretto-17.0.10\bin\java.exe
0x00007ffff0ef0000 - 0x00007ffff1107000 	C:\WINDOWS\SYSTEM32\ntdll.dll
0x00007fffeefc0000 - 0x00007fffef084000 	C:\WINDOWS\System32\KERNEL32.DLL
0x00007fffee570000 - 0x00007fffee916000 	C:\WINDOWS\System32\KERNELBASE.dll
0x00007fffee980000 - 0x00007fffeea91000 	C:\WINDOWS\System32\ucrtbase.dll
0x00007fff1a050000 - 0x00007fff1a06b000 	C:\Users\luczu\.jdks\corretto-17.0.10\bin\VCRUNTIME140.dll
0x00007fff50850000 - 0x00007fff50867000 	C:\Users\luczu\.jdks\corretto-17.0.10\bin\jli.dll
0x00007fffeedf0000 - 0x00007fffeef9e000 	C:\WINDOWS\System32\USER32.dll
0x00007fffee950000 - 0x00007fffee976000 	C:\WINDOWS\System32\win32u.dll
0x00007fffcbbc0000 - 0x00007fffcbe53000 	C:\WINDOWS\WinSxS\amd64_microsoft.windows.common-controls_6595b64144ccf1df_6.0.22621.2506_none_270c5ae97388e100\COMCTL32.dll
0x00007fffef5e0000 - 0x00007fffef609000 	C:\WINDOWS\System32\GDI32.dll
0x00007fffeeb20000 - 0x00007fffeec38000 	C:\WINDOWS\System32\gdi32full.dll
0x00007fffef370000 - 0x00007fffef417000 	C:\WINDOWS\System32\msvcrt.dll
0x00007fffee360000 - 0x00007fffee3fa000 	C:\WINDOWS\System32\msvcp_win.dll
0x00007fffefe30000 - 0x00007fffefe61000 	C:\WINDOWS\System32\IMM32.DLL
0x00007fff732e0000 - 0x00007fff732ec000 	C:\Users\luczu\.jdks\corretto-17.0.10\bin\vcruntime140_1.dll
0x00007fff18d00000 - 0x00007fff18d8d000 	C:\Users\luczu\.jdks\corretto-17.0.10\bin\msvcp140.dll
0x00007fff15c80000 - 0x00007fff168e2000 	C:\Users\luczu\.jdks\corretto-17.0.10\bin\server\jvm.dll
0x00007fffef9a0000 - 0x00007fffefa53000 	C:\WINDOWS\System32\ADVAPI32.dll
0x00007fffefd80000 - 0x00007fffefe28000 	C:\WINDOWS\System32\sechost.dll
0x00007fffee920000 - 0x00007fffee948000 	C:\WINDOWS\System32\bcrypt.dll
0x00007fffef250000 - 0x00007fffef367000 	C:\WINDOWS\System32\RPCRT4.dll
0x00007fffed0c0000 - 0x00007fffed10d000 	C:\WINDOWS\SYSTEM32\POWRPROF.dll
0x00007fffe3270000 - 0x00007fffe32a4000 	C:\WINDOWS\SYSTEM32\WINMM.dll
0x00007fffe5500000 - 0x00007fffe5509000 	C:\WINDOWS\SYSTEM32\WSOCK32.dll
0x00007fffefe70000 - 0x00007fffefee1000 	C:\WINDOWS\System32\WS2_32.dll
0x00007fffe3fe0000 - 0x00007fffe3fea000 	C:\WINDOWS\SYSTEM32\VERSION.dll
0x00007fffed0a0000 - 0x00007fffed0b3000 	C:\WINDOWS\SYSTEM32\UMPDC.dll
0x00007fffed360000 - 0x00007fffed378000 	C:\WINDOWS\SYSTEM32\kernel.appcore.dll
0x00007fff6d340000 - 0x00007fff6d34a000 	C:\Users\luczu\.jdks\corretto-17.0.10\bin\jimage.dll
0x00007fffeb8b0000 - 0x00007fffebae3000 	C:\WINDOWS\SYSTEM32\DBGHELP.DLL
0x00007fffef610000 - 0x00007fffef999000 	C:\WINDOWS\System32\combase.dll
0x00007fffefb30000 - 0x00007fffefc07000 	C:\WINDOWS\System32\OLEAUT32.dll
0x00007fffd17f0000 - 0x00007fffd1822000 	C:\WINDOWS\SYSTEM32\dbgcore.DLL
0x00007fffeeaa0000 - 0x00007fffeeb1a000 	C:\WINDOWS\System32\bcryptPrimitives.dll
0x00007fff18cd0000 - 0x00007fff18cf5000 	C:\Users\luczu\.jdks\corretto-17.0.10\bin\java.dll
0x00007fff15ba0000 - 0x00007fff15c77000 	C:\Users\luczu\.jdks\corretto-17.0.10\bin\jsvml.dll
0x00007ffff0510000 - 0x00007ffff0d6b000 	C:\WINDOWS\System32\SHELL32.dll
0x00007fffec150000 - 0x00007fffeca46000 	C:\WINDOWS\SYSTEM32\windows.storage.dll
0x00007fffec010000 - 0x00007fffec14e000 	C:\WINDOWS\SYSTEM32\wintypes.dll
0x00007fffef090000 - 0x00007fffef183000 	C:\WINDOWS\System32\SHCORE.dll
0x00007fffef1f0000 - 0x00007fffef24e000 	C:\WINDOWS\System32\shlwapi.dll
0x00007fffee160000 - 0x00007fffee186000 	C:\WINDOWS\SYSTEM32\profapi.dll
0x00007fff159b0000 - 0x00007fff159c9000 	C:\Users\luczu\.jdks\corretto-17.0.10\bin\net.dll
0x00007fffe48f0000 - 0x00007fffe4a27000 	C:\WINDOWS\SYSTEM32\WINHTTP.dll
0x00007fffed7e0000 - 0x00007fffed849000 	C:\WINDOWS\system32\mswsock.dll
0x00007fff15990000 - 0x00007fff159a6000 	C:\Users\luczu\.jdks\corretto-17.0.10\bin\nio.dll
0x00007fff18cb0000 - 0x00007fff18cc8000 	C:\Users\luczu\.jdks\corretto-17.0.10\bin\zip.dll
0x000001777d130000 - 0x000001777d133000 	C:\Program Files (x86)\Windows Kits\10\Redist\ucrt\DLLs\x64\api-ms-win-crt-locale-l1-1-0.dll
0x000001777d140000 - 0x000001777d144000 	C:\Program Files (x86)\Windows Kits\10\Redist\ucrt\DLLs\x64\api-ms-win-crt-string-l1-1-0.dll
0x000001777d150000 - 0x000001777d154000 	C:\Program Files (x86)\Windows Kits\10\Redist\ucrt\DLLs\x64\api-ms-win-crt-stdio-l1-1-0.dll
0x000001777d160000 - 0x000001777d165000 	C:\Program Files (x86)\Windows Kits\10\Redist\ucrt\DLLs\x64\api-ms-win-crt-math-l1-1-0.dll
0x000001777d970000 - 0x000001777d973000 	C:\Program Files (x86)\Windows Kits\10\Redist\ucrt\DLLs\x64\api-ms-win-crt-heap-l1-1-0.dll
0x000001777d980000 - 0x000001777d984000 	C:\Program Files (x86)\Windows Kits\10\Redist\ucrt\DLLs\x64\api-ms-win-crt-runtime-l1-1-0.dll
0x000001777d990000 - 0x000001777d994000 	C:\Program Files (x86)\Windows Kits\10\Redist\ucrt\DLLs\x64\api-ms-win-crt-convert-l1-1-0.dll
0x000001777d9a0000 - 0x000001777d9a3000 	C:\Program Files (x86)\Windows Kits\10\Redist\ucrt\DLLs\x64\api-ms-win-crt-environment-l1-1-0.dll
0x000001777d9b0000 - 0x000001777d9b3000 	C:\Program Files (x86)\Windows Kits\10\Redist\ucrt\DLLs\x64\api-ms-win-crt-time-l1-1-0.dll
0x000001777d9c0000 - 0x000001777d9c3000 	C:\Program Files (x86)\Windows Kits\10\Redist\ucrt\DLLs\x64\api-ms-win-crt-filesystem-l1-1-0.dll
0x000001777d9d0000 - 0x000001777d9d3000 	C:\Program Files (x86)\Windows Kits\10\Redist\ucrt\DLLs\x64\api-ms-win-crt-utility-l1-1-0.dll
0x000001777d9e0000 - 0x000001777d9e5000 	C:\Program Files (x86)\Windows Kits\10\Redist\ucrt\DLLs\x64\api-ms-win-crt-multibyte-l1-1-0.dll
0x000001777d9f0000 - 0x000001777d9f3000 	C:\Program Files (x86)\Windows Kits\10\Redist\ucrt\DLLs\x64\api-ms-win-crt-conio-l1-1-0.dll
0x000001777da00000 - 0x000001777da0f000 	C:\Program Files (x86)\Windows Kits\10\Redist\ucrt\DLLs\x64\api-ms-win-crt-private-l1-1-0.dll
0x000001777da10000 - 0x000001777da13000 	C:\Program Files (x86)\Windows Kits\10\Redist\ucrt\DLLs\x64\api-ms-win-crt-process-l1-1-0.dll
0x000001777da20000 - 0x000001777da23000 	C:\Program Files\Microsoft\jdk-11.0.12.7-hotspot\bin\api-ms-win-core-console-l1-2-0.dll
0x000001777da30000 - 0x000001777da33000 	C:\Program Files (x86)\Windows Kits\10\Redist\ucrt\DLLs\x64\api-ms-win-core-string-l1-1-0.dll
0x000001777da40000 - 0x000001777da43000 	C:\Program Files (x86)\Windows Kits\10\Redist\ucrt\DLLs\x64\api-ms-win-core-errorhandling-l1-1-0.dll
0x000001777da50000 - 0x000001777da53000 	C:\Program Files (x86)\Windows Kits\10\Redist\ucrt\DLLs\x64\api-ms-win-core-timezone-l1-1-0.dll
0x000001777da60000 - 0x000001777da64000 	C:\Program Files (x86)\Windows Kits\10\Redist\ucrt\DLLs\x64\api-ms-win-core-file-l1-1-0.dll
0x000001777da70000 - 0x000001777da73000 	C:\Program Files (x86)\Windows Kits\10\Redist\ucrt\DLLs\x64\api-ms-win-core-namedpipe-l1-1-0.dll
0x000001777da80000 - 0x000001777da83000 	C:\Program Files (x86)\Windows Kits\10\Redist\ucrt\DLLs\x64\api-ms-win-core-handle-l1-1-0.dll
0x000001777da90000 - 0x000001777da93000 	C:\Program Files (x86)\Windows Kits\10\Redist\ucrt\DLLs\x64\api-ms-win-core-file-l2-1-0.dll
0x000001777daa0000 - 0x000001777daa3000 	C:\Program Files (x86)\Windows Kits\10\Redist\ucrt\DLLs\x64\api-ms-win-core-heap-l1-1-0.dll
0x000001777dab0000 - 0x000001777dab3000 	C:\Program Files (x86)\Windows Kits\10\Redist\ucrt\DLLs\x64\api-ms-win-core-libraryloader-l1-1-0.dll
0x000001777dac0000 - 0x000001777dac3000 	C:\Program Files (x86)\Windows Kits\10\Redist\ucrt\DLLs\x64\api-ms-win-core-synch-l1-1-0.dll
0x000001777eaa0000 - 0x000001777eaa3000 	C:\Program Files (x86)\Windows Kits\10\Redist\ucrt\DLLs\x64\api-ms-win-core-processthreads-l1-1-0.dll
0x000001777eab0000 - 0x000001777eab3000 	C:\Program Files (x86)\Windows Kits\10\Redist\ucrt\DLLs\x64\api-ms-win-core-processenvironment-l1-1-0.dll
0x000001777eac0000 - 0x000001777eac3000 	C:\Program Files (x86)\Windows Kits\10\Redist\ucrt\DLLs\x64\api-ms-win-core-datetime-l1-1-0.dll
0x000001777ead0000 - 0x000001777ead3000 	C:\Program Files (x86)\Windows Kits\10\Redist\ucrt\DLLs\x64\api-ms-win-core-localization-l1-2-0.dll
0x000001777eae0000 - 0x000001777eae3000 	C:\Program Files (x86)\Windows Kits\10\Redist\ucrt\DLLs\x64\api-ms-win-core-sysinfo-l1-1-0.dll
0x000001777eaf0000 - 0x000001777eaf3000 	C:\Program Files (x86)\Windows Kits\10\Redist\ucrt\DLLs\x64\api-ms-win-core-synch-l1-2-0.dll
0x000001777eb00000 - 0x000001777eb03000 	C:\Program Files (x86)\Windows Kits\10\Redist\ucrt\DLLs\x64\api-ms-win-core-console-l1-1-0.dll
0x000001777eb10000 - 0x000001777eb13000 	C:\Program Files (x86)\Windows Kits\10\Redist\ucrt\DLLs\x64\api-ms-win-core-debug-l1-1-0.dll
0x000001777eb20000 - 0x000001777eb23000 	C:\Program Files (x86)\Windows Kits\10\Redist\ucrt\DLLs\x64\api-ms-win-core-rtlsupport-l1-1-0.dll
0x000001777eb30000 - 0x000001777eb33000 	C:\Program Files (x86)\Windows Kits\10\Redist\ucrt\DLLs\x64\api-ms-win-core-processthreads-l1-1-1.dll
0x000001777eb40000 - 0x000001777eb43000 	C:\Program Files (x86)\Windows Kits\10\Redist\ucrt\DLLs\x64\api-ms-win-core-file-l1-2-0.dll
0x000001777eb50000 - 0x000001777eb53000 	C:\Program Files (x86)\Windows Kits\10\Redist\ucrt\DLLs\x64\api-ms-win-core-profile-l1-1-0.dll
0x000001777eb60000 - 0x000001777eb63000 	C:\Program Files (x86)\Windows Kits\10\Redist\ucrt\DLLs\x64\api-ms-win-core-memory-l1-1-0.dll
0x000001777eb70000 - 0x000001777eb73000 	C:\Program Files (x86)\Windows Kits\10\Redist\ucrt\DLLs\x64\api-ms-win-core-util-l1-1-0.dll
0x000001777eb80000 - 0x000001777eb83000 	C:\Program Files (x86)\Windows Kits\10\Redist\ucrt\DLLs\x64\api-ms-win-core-interlocked-l1-1-0.dll
0x00007fff914e0000 - 0x00007fff915d2000 	C:\Program Files (x86)\Windows Kits\10\Redist\ucrt\DLLs\x64\ucrtbase.dll
0x00007fffc54a0000 - 0x00007fffc54a9000 	C:\Windows\System32\msvcp140_1.dll
0x00007fffb2290000 - 0x00007fffb22de000 	C:\Windows\System32\concrt140.dll
0x00007fffafbb0000 - 0x00007fffafbe1000 	C:\Windows\System32\vcomp140.dll
0x00007fffc4ac0000 - 0x00007fffc4bc0000 	C:\Windows\System32\opengl32.dll
0x00007fffc4a90000 - 0x00007fffc4abd000 	C:\WINDOWS\SYSTEM32\GLU32.dll
0x00007fffeb470000 - 0x00007fffeb4a9000 	C:\WINDOWS\SYSTEM32\dxcore.dll
0x00007fff912c0000 - 0x00007fff914dd000 	C:\Users\luczu\.javacpp\cache\jaylib-4.5.0-0.jar\com\raylib\windows-x86_64\jniRaylib.dll
0x00007fff4f880000 - 0x00007fff4f8c6000 	C:\WINDOWS\SYSTEM32\dinput8.dll
0x00007fffb7970000 - 0x00007fffb7981000 	C:\WINDOWS\SYSTEM32\xinput1_4.dll
0x00007fffedef0000 - 0x00007fffedf1c000 	C:\WINDOWS\SYSTEM32\DEVOBJ.dll
0x00007fffedf20000 - 0x00007fffedf6e000 	C:\WINDOWS\SYSTEM32\cfgmgr32.dll
0x00007fffeb5e0000 - 0x00007fffeb60b000 	C:\WINDOWS\SYSTEM32\dwmapi.dll
0x00007fffccb50000 - 0x00007fffccd5a000 	C:\WINDOWS\SYSTEM32\inputhost.dll
0x00007fffe8710000 - 0x00007fffe8844000 	C:\WINDOWS\SYSTEM32\CoreMessaging.dll
0x00007fffe8b80000 - 0x00007fffe8c2b000 	C:\WINDOWS\system32\uxtheme.dll
0x00007fffefc20000 - 0x00007fffefd71000 	C:\WINDOWS\System32\MSCTF.dll
0x00007fffeda50000 - 0x00007fffeda5c000 	C:\WINDOWS\SYSTEM32\CRYPTBASE.DLL
0x00007fffeca50000 - 0x00007fffeca5e000 	C:\WINDOWS\SYSTEM32\HID.DLL
0x00007fffefef0000 - 0x00007ffff0364000 	C:\WINDOWS\System32\SETUPAPI.DLL
0x00007fffee230000 - 0x00007fffee29b000 	C:\WINDOWS\System32\WINTRUST.dll
0x00007fffee400000 - 0x00007fffee566000 	C:\WINDOWS\System32\CRYPT32.dll
0x00007fffeded0000 - 0x00007fffedee2000 	C:\WINDOWS\SYSTEM32\MSASN1.dll
0x00007fffe5a30000 - 0x00007fffe5a7a000 	C:\WINDOWS\SYSTEM32\directxdatabasehelper.dll
0x00007ffff0400000 - 0x00007ffff04b0000 	C:\WINDOWS\System32\clbcatq.dll
0x00007ffedffb0000 - 0x00007ffee2ba0000 	C:\WINDOWS\System32\DriverStore\FileRepository\nvhm.inf_amd64_28ac5867493a0477\nvoglv64.dll
0x00007fffeec40000 - 0x00007fffeede0000 	C:\WINDOWS\System32\ole32.dll
0x00007fffed110000 - 0x00007fffed124000 	C:\WINDOWS\SYSTEM32\WTSAPI32.dll
0x00007fffd5790000 - 0x00007fffd57c2000 	C:\WINDOWS\SYSTEM32\cryptnet.dll
0x00007fffd57d0000 - 0x00007fffd5928000 	C:\WINDOWS\SYSTEM32\drvstore.dll
0x00007fffedae0000 - 0x00007fffedb2b000 	C:\WINDOWS\SYSTEM32\wldp.dll
0x00007ffff0d80000 - 0x00007ffff0d9f000 	C:\WINDOWS\System32\imagehlp.dll
0x00007fffeda30000 - 0x00007fffeda4b000 	C:\WINDOWS\SYSTEM32\CRYPTSP.dll
0x00007fffed2c0000 - 0x00007fffed2f5000 	C:\WINDOWS\system32\rsaenh.dll
0x00007fffed870000 - 0x00007fffed896000 	C:\WINDOWS\SYSTEM32\gpapi.dll
0x00007fffa3110000 - 0x00007fffa52fb000 	C:\WINDOWS\System32\DriverStore\FileRepository\nvhm.inf_amd64_28ac5867493a0477\nvgpucomp64.dll
0x00007fffed380000 - 0x00007fffed3b4000 	C:\WINDOWS\SYSTEM32\ntmarta.dll
0x00007fff5d720000 - 0x00007fff5d9e3000 	C:\WINDOWS\system32\nvspcap64.dll
0x00007fffeccb0000 - 0x00007fffecd16000 	C:\WINDOWS\SYSTEM32\WINSTA.dll

dbghelp: loaded successfully - version: 4.0.5 - missing functions: none
symbol engine: initialized successfully - sym options: 0x614 - pdb path: .;C:\Users\luczu\.jdks\corretto-17.0.10\bin;C:\WINDOWS\SYSTEM32;C:\WINDOWS\WinSxS\amd64_microsoft.windows.common-controls_6595b64144ccf1df_6.0.22621.2506_none_270c5ae97388e100;C:\Users\luczu\.jdks\corretto-17.0.10\bin\server;C:\Program Files (x86)\Windows Kits\10\Redist\ucrt\DLLs\x64;C:\Program Files\Microsoft\jdk-11.0.12.7-hotspot\bin;C:\Users\luczu\.javacpp\cache\jaylib-4.5.0-0.jar\com\raylib\windows-x86_64;C:\WINDOWS\System32\DriverStore\FileRepository\nvhm.inf_amd64_28ac5867493a0477;C:\WINDOWS\System32\DriverStore\FileRepository\iigd_dch.inf_amd64_0fdf6ce291234272

VM Arguments:
jvm_args: -Dfile.encoding=windows-1252 -Duser.country=NL -Duser.language=nl -Duser.variant 
java_command: PineVille.GameScene
java_class_path (initial): C:\Users\luczu\OneDrive\Documenten\PineVille\build\classes\java\main;C:\Users\luczu\OneDrive\Documenten\PineVille\build\resources\main;C:\Users\luczu\.gradle\caches\modules-2\files-2.1\uk.co.electronstudio.jaylib\jaylib\4.5.0-0\90c0d608df9bbd32f5f34683acc58cb433e94508\jaylib-4.5.0-0.jar
Launcher Type: SUN_STANDARD

[Global flags]
     intx CICompilerCount                          = 12                                        {product} {ergonomic}
     uint ConcGCThreads                            = 3                                         {product} {ergonomic}
     uint G1ConcRefinementThreads                  = 13                                        {product} {ergonomic}
   size_t G1HeapRegionSize                         = 2097152                                   {product} {ergonomic}
    uintx GCDrainStackTargetSize                   = 64                                        {product} {ergonomic}
   size_t InitialHeapSize                          = 264241152                                 {product} {ergonomic}
   size_t MarkStackSize                            = 4194304                                   {product} {ergonomic}
   size_t MaxHeapSize                              = 4200595456                                {product} {ergonomic}
   size_t MaxNewSize                               = 2518679552                                {product} {ergonomic}
   size_t MinHeapDeltaBytes                        = 2097152                                   {product} {ergonomic}
   size_t MinHeapSize                              = 8388608                                   {product} {ergonomic}
    uintx NonNMethodCodeHeapSize                   = 7602480                                {pd product} {ergonomic}
    uintx NonProfiledCodeHeapSize                  = 122027880                              {pd product} {ergonomic}
    uintx ProfiledCodeHeapSize                     = 122027880                              {pd product} {ergonomic}
    uintx ReservedCodeCacheSize                    = 251658240                              {pd product} {ergonomic}
     bool SegmentedCodeCache                       = true                                      {product} {ergonomic}
   size_t SoftMaxHeapSize                          = 4200595456                             {manageable} {ergonomic}
     bool UseCompressedClassPointers               = true                           {product lp64_product} {ergonomic}
     bool UseCompressedOops                        = true                           {product lp64_product} {ergonomic}
     bool UseG1GC                                  = true                                      {product} {ergonomic}
     bool UseLargePagesIndividualAllocation        = false                                  {pd product} {ergonomic}

Logging:
Log output configuration:
 #0: stdout all=warning uptime,level,tags
 #1: stderr all=off uptime,level,tags

Environment Variables:
PATH=C:\Program Files (x86)\Common Files\Intel\Shared Libraries\redist\intel64\compiler;C:\Program Files\Common Files\Oracle\Java\javapath;C:\Program Files\Microsoft\jdk-11.0.12.7-hotspot\bin;C:\windows\system32;C:\windows;C:\windows\System32\Wbem;C:\windows\System32\WindowsPowerShell\v1.0\;C:\windows\System32\OpenSSH\;C:\Program Files (x86)\NVIDIA Corporation\PhysX\Common;C:\Program Files\NVIDIA Corporation\NVIDIA NvDLISR;C:\Program Files\Microsoft SQL Server\150\Tools\Binn\;C:\Program Files\Microsoft SQL Server\Client SDK\ODBC\170\Tools\Binn\;C:\Program Files\dotnet\;C:\WINDOWS\system32;C:\WINDOWS;C:\WINDOWS\System32\Wbem;C:\WINDOWS\System32\WindowsPowerShell\v1.0\;C:\WINDOWS\System32\OpenSSH\;C:\Program Files\CMake\bin;C:\Program Files\Git\cmd;C:\Users\luczu\AppData\Local\Microsoft\WindowsApps;C:\Users\luczu\.dotnet\tools;C:\Users\luczu\AppData\Local\GitHubDesktop\bin;;C:\Users\luczu\AppData\Local\Programs\Microsoft VS Code\bin
USERNAME=luczu
OS=Windows_NT
PROCESSOR_IDENTIFIER=Intel64 Family 6 Model 141 Stepping 1, GenuineIntel
TMP=C:\Users\luczu\AppData\Local\Temp
TEMP=C:\Users\luczu\AppData\Local\Temp



Periodic native trim disabled


---------------  S Y S T E M  ---------------

OS:
 Windows 11 , 64 bit Build 22621 (10.0.22621.3085)
OS uptime: 0 days 1:04 hours
Hyper-V role detected

CPU: total 16 (initial active 16) (8 cores per cpu, 2 threads per core) family 6 model 141 stepping 1 microcode 0x4e, cx8, cmov, fxsr, ht, mmx, 3dnowpref, sse, sse2, sse3, ssse3, sse4.1, sse4.2, popcnt, lzcnt, tsc, tscinvbit, avx, avx2, aes, erms, clmul, bmi1, bmi2, adx, avx512f, avx512dq, avx512cd, avx512bw, avx512vl, sha, fma, vzeroupper, avx512_vpopcntdq, avx512_vpclmulqdq, avx512_vaes, avx512_vnni, clflush, clflushopt, clwb, avx512_vbmi2, avx512_vbmi, hv
Processor Information for all 16 processors :
  Max Mhz: 2304, Current Mhz: 2304, Mhz Limit: 2304

Memory: 4k page, system-wide physical 16021M (3525M free)
TotalPageFile size 33429M (AvailPageFile size 13726M)
current process WorkingSet (physical memory assigned to process): 124M, peak: 197M
current process commit charge ("private bytes"): 504M, peak: 619M

vm_info: OpenJDK 64-Bit Server VM (17.0.10+7-LTS) for windows-amd64 JRE (17.0.10+7-LTS), built on Jan 10 2024 22:11:07 by "Administrator" with MS VC++ 16.10 / 16.11 (VS2019)

END.
