#
# A fatal error has been detected by the Java Runtime Environment:
#
#  EXCEPTION_ACCESS_VIOLATION (0xc0000005) at pc=0x00007fff604dd550, pid=12260, tid=19612
#
# JRE version: OpenJDK Runtime Environment Corretto-17.0.10.7.1 (17.0.10+7) (build 17.0.10+7-LTS)
# Java VM: OpenJDK 64-Bit Server VM Corretto-17.0.10.7.1 (17.0.10+7-LTS, mixed mode, sharing, tiered, compressed oops, compressed class ptrs, g1 gc, windows-amd64)
# Problematic frame:
# C  [jniRaylib.dll+0x13d550]
#
# No core dump will be written. Minidumps are not enabled by default on client versions of Windows
#
# If you would like to submit a bug report, please visit:
#   https://github.com/corretto/corretto-17/issues/
# The crash happened outside the Java Virtual Machine in native code.
# See problematic frame for where to report the bug.
#

---------------  S U M M A R Y ------------

Command Line: -Dfile.encoding=windows-1252 -Duser.country=NL -Duser.language=nl -Duser.variant PineVille.MenuScene

Host: 11th Gen Intel(R) Core(TM) i7-11800H @ 2.30GHz, 16 cores, 15G,  Windows 11 , 64 bit Build 22621 (10.0.22621.3085)
Time: Thu Mar  7 10:03:26 2024 West-Europa (standaardtijd) elapsed time: 46.324043 seconds (0d 0h 0m 46s)

---------------  T H R E A D  ---------------

Current thread (0x0000026b0df1f440):  JavaThread "main" [_thread_in_native, id=19612, stack(0x000000e3c5100000,0x000000e3c5200000)]

Stack: [0x000000e3c5100000,0x000000e3c5200000],  sp=0x000000e3c51fee00,  free space=1019k
Native frames: (J=compiled Java code, j=interpreted, Vv=VM code, C=native code)
C  [jniRaylib.dll+0x13d550]

Java frames: (J=compiled Java code, j=interpreted, Vv=VM code)
J 856  com.raylib.Raylib.DrawText(Ljava/lang/String;IIILcom/raylib/Raylib$Color;)V (0 bytes) @ 0x0000026b1d66c523 [0x0000026b1d66c4a0+0x0000000000000083]
j  PineVille.GameScene.main([Ljava/lang/String;)V+361
j  PineVille.MenuScene.switchToGameScene()V+10
j  PineVille.MenuScene.main([Ljava/lang/String;)V+78
v  ~StubRoutines::call_stub

siginfo: EXCEPTION_ACCESS_VIOLATION (0xc0000005), reading address 0x0000026b78192018


Registers:
RAX=0x0000026b78192018, RBX=0x00000000ff2f3f4c, RCX=0x0000000000000015, RDX=0x0000000000000057
RSP=0x000000e3c51fee00, RBP=0x0000026b77d06670, RSI=0x0000000000000000, RDI=0x000000000000003f
R8 =0x0000000000000015, R9 =0x0000000000000007, R10=0x00000000000000e0, R11=0x000000000000000e
R12=0x00000000000000e0, R13=0x0000000000000000, R14=0x0000000000000001, R15=0x000000e3c51fefa0
RIP=0x00007fff604dd550, EFLAGS=0x0000000000010287


Register to memory mapping:

RIP=0x00007fff604dd550 jniRaylib.dll
RAX=0x0000026b78192018 is an unknown value
RBX=0x00000000ff2f3f4c is an unknown value
RCX=0x0000000000000015 is an unknown value
RDX=0x0000000000000057 is an unknown value
RSP=0x000000e3c51fee00 is pointing into the stack for thread: 0x0000026b0df1f440
RBP=0x0000026b77d06670 points into unknown readable memory: 0x0030203a646f6f57 | 57 6f 6f 64 3a 20 30 00
RSI=0x0 is NULL
RDI=0x000000000000003f is an unknown value
R8 =0x0000000000000015 is an unknown value
R9 =0x0000000000000007 is an unknown value
R10=0x00000000000000e0 is an unknown value
R11=0x000000000000000e is an unknown value
R12=0x00000000000000e0 is an unknown value
R13=0x0 is NULL
R14=0x0000000000000001 is an unknown value
R15=0x000000e3c51fefa0 is pointing into the stack for thread: 0x0000026b0df1f440


Top of Stack: (sp=0x000000e3c51fee00)
0x000000e3c51fee00:   0000026b0bc20000 00007fff6174042d
0x000000e3c51fee10:   0000026b0bb80000 000000000000000a
0x000000e3c51fee20:   0000000000000008 0000000000000000
0x000000e3c51fee30:   41a0000041a00000 00007fff61730181
0x000000e3c51fee40:   00000000000000e0 000000e3c51fedf8
0x000000e3c51fee50:   000000e00000000a 0000000200000000
0x000000e3c51fee60:   0000026b32428300 0000000000000000
0x000000e3c51fee70:   0000026b791298d0 0000026b78191cd0
0x000000e3c51fee80:   000000e3c51ff058 0000000000000000
0x000000e3c51fee90:   0000026b78484260 0000026b0df1f440
0x000000e3c51feea0:   000000e3c51fefb8 00007fff617308be
0x000000e3c51feeb0:   0000000000000000 0000000000000000
0x000000e3c51feec0:   0000000000000000 0000000000000000
0x000000e3c51feed0:   0000000000000000 0000000000000000
0x000000e3c51feee0:   0000000000000000 0000000000000000
0x000000e3c51feef0:   0000000000000000 0000000000000000
0x000000e3c51fef00:   0000000000000000 0000000000000000
0x000000e3c51fef10:   0000000000000000 0000000000000000
0x000000e3c51fef20:   0000000000000000 0000000000000000
0x000000e3c51fef30:   0000026b79f22420 0000000000000000
0x000000e3c51fef40:   000000000000001e 0000026b77d06670
0x000000e3c51fef50:   0000026b0df1f440 000000e3c51ff0c0
0x000000e3c51fef60:   0000000000000014 00007fff604dcf61
0x000000e3c51fef70:   0000000000000007 0000026b0df1f6f8
0x000000e3c51fef80:   0000026b0df1f440 000000e3c51ff088
0x000000e3c51fef90:   0000026b40400000 00007fffff2f3f4c
0x000000e3c51fefa0:   000000e00000000a 0000000200000000
0x000000e3c51fefb0:   0000008000000080 0000000200000001
0x000000e3c51fefc0:   0000026b791298d0 0000026b78191cd0
0x000000e3c51fefd0:   0000026b0df1f6f8 00007fff603e57e4
0x000000e3c51fefe0:   0000000000000014 00000007155b4df0
0x000000e3c51feff0:   000000000000001e 0000000000000000 

Instructions: (pc=0x00007fff604dd550)
0x00007fff604dd450:   0f 10 8c 24 90 01 00 00 44 0f 29 9c 24 d0 00 00
0x00007fff604dd460:   00 f3 44 0f 10 1d aa 21 07 00 44 0f 29 a4 24 c0
0x00007fff604dd470:   00 00 00 f3 44 0f 10 64 24 34 49 c1 ea 20 44 0f
0x00007fff604dd480:   29 ac 24 b0 00 00 00 f3 44 0f 10 6c 24 30 0f 29
0x00007fff604dd490:   54 24 50 44 8b 64 24 54 0f 29 4c 24 70 4c 89 54
0x00007fff604dd4a0:   24 40 0f be 14 2e 0f b6 c2 8b ca 24 f8 3c f0 75
0x00007fff604dd4b0:   32 0f be 54 2e 01 83 e1 07 0f be 44 2e 02 83 e2
0x00007fff604dd4c0:   3f 83 e0 3f c1 e1 06 0b d1 41 be 04 00 00 00 c1
0x00007fff604dd4d0:   e2 06 0b d0 0f be 44 2e 03 83 e0 3f c1 e2 06 0b
0x00007fff604dd4e0:   d0 eb 56 0f b6 c2 24 f0 3c e0 75 25 0f be 54 2e
0x00007fff604dd4f0:   01 83 e1 0f 0f be 44 2e 02 83 e2 3f c1 e1 06 83
0x00007fff604dd500:   e0 3f 0b d1 41 be 03 00 00 00 c1 e2 06 0b d0 eb
0x00007fff604dd510:   28 80 e2 e0 80 fa c0 75 18 0f be 54 2e 01 83 e1
0x00007fff604dd520:   1f 83 e2 3f c1 e1 06 0b d1 41 be 02 00 00 00 eb
0x00007fff604dd530:   08 8b d1 41 be 01 00 00 00 33 c9 45 33 c0 bf 3f
0x00007fff604dd540:   00 00 00 45 85 d2 7e 1f 48 8b 44 24 78 0f 1f 00
0x00007fff604dd550:   39 10 74 10 ff c1 49 ff c0 48 83 c0 28 41 3b cc
0x00007fff604dd560:   7c ee eb 03 49 8b f8 83 fa 3f 75 06 44 8d 72 c2
0x00007fff604dd570:   eb 30 83 fa 0a 75 21 41 0f 28 c0 0f 57 f6 f3 41
0x00007fff604dd580:   0f 59 c3 f3 41 0f 58 c0 f3 0f 59 c7 f3 0f 2c c0
0x00007fff604dd590:   44 03 e8 e9 a8 00 00 00 83 fa 20 74 6d 83 fa 09
0x00007fff604dd5a0:   74 68 41 0f 10 07 48 8d 8c 24 80 00 00 00 89 5c
0x00007fff604dd5b0:   24 20 41 0f 10 4f 10 0f 29 84 24 80 00 00 00 41
0x00007fff604dd5c0:   0f 28 e5 41 0f 10 47 20 66 41 0f 6e d5 f3 0f 58
0x00007fff604dd5d0:   e6 0f 29 84 24 a0 00 00 00 41 0f 28 da 0f 5b d2
0x00007fff604dd5e0:   0f 28 c4 0f 29 8c 24 90 00 00 00 f3 41 0f 58 d4
0x00007fff604dd5f0:   0f 14 c2 66 49 0f 7e c0 e8 73 f9 ff ff 4c 8b 8c
0x00007fff604dd600:   24 70 01 00 00 4c 8b 54 24 40 49 8b 47 28 48 8d
0x00007fff604dd610:   0c bf 8b 54 c8 0c 85 d2 75 12 49 8b 47 20 48 03
0x00007fff604dd620:   ff 0f 28 c7 f3 0f 59 44 f8 08 eb 0b 66 0f 6e c2
0x00007fff604dd630:   0f 5b c0 f3 0f 59 c7 f3 41 0f 58 c1 f3 0f 58 f0
0x00007fff604dd640:   49 03 f6 49 3b f1 0f 8c 56 fe ff ff 44 0f 28 ac 


Stack slot to memory mapping:
stack at sp + 0 slots: 0x0000026b0bc20000 points into unknown readable memory: 0x0000000000000000 | 00 00 00 00 00 00 00 00
stack at sp + 1 slots: 0x00007fff6174042d jvm.dll
stack at sp + 2 slots: 0x0000026b0bb80000 points into unknown readable memory: 0x0000000000000000 | 00 00 00 00 00 00 00 00
stack at sp + 3 slots: 0x000000000000000a is an unknown value
stack at sp + 4 slots: 0x0000000000000008 is an unknown value
stack at sp + 5 slots: 0x0 is NULL
stack at sp + 6 slots: 0x41a0000041a00000 is an unknown value
stack at sp + 7 slots: 0x00007fff61730181 jvm.dll


Compiled method (n/a)   46515  856     n 0       com.raylib.Raylib::DrawText (native)
 total in heap  [0x0000026b1d66c310,0x0000026b1d66c700] = 1008
 relocation     [0x0000026b1d66c468,0x0000026b1d66c498] = 48
 main code      [0x0000026b1d66c4a0,0x0000026b1d66c6f8] = 600
 oops           [0x0000026b1d66c6f8,0x0000026b1d66c700] = 8

[Constant Pool (empty)]

[MachCode]
[Entry Point]
  # {method} {0x0000026b73428870} 'DrawText' '(Ljava/lang/String;IIILcom/raylib/Raylib$Color;)V' in 'com/raylib/Raylib'
  # parm0:    rdx:rdx   = 'java/lang/String'
  # parm1:    r8        = int
  # parm2:    r9        = int
  # parm3:    rdi       = int
  # parm4:    rsi:rsi   = 'com/raylib/Raylib$Color'
  #           [sp+0x90]  (sp of caller)
  0x0000026b1d66c4a0: 448b 5208 | 49bb 0000 | 0032 6b02 | 0000 4d03 | d349 3bc2 | 0f84 0600 

  0x0000026b1d66c4b8: ;   {runtime_call ic_miss_stub}
  0x0000026b1d66c4b8: 0000 e9c1 | 5086 ff90 
[Verified Entry Point]
  0x0000026b1d66c4c0: 8984 2400 | 90ff ff55 | 488b ec48 | 81ec 8000 | 0000 4889 | 7424 5848 | 83fe 0048 | 8d44 2458 
  0x0000026b1d66c4e0: 480f 4444 | 2458 4889 | 4424 3048 | 897c 2428 | 4c89 4c24 | 204d 8bc8 | 4889 5424 | 3848 83fa 
  0x0000026b1d66c500: 004c 8d44 | 2438 4c0f | 4444 2438 

  0x0000026b1d66c50c: ;   {oop(a 'java/lang/Class'{0x0000000713e00090} = 'com/raylib/Raylib')}
  0x0000026b1d66c50c: 49be 9000 | e013 0700 | 0000 4c89 | 7424 684c | 8d74 2468 | 498b d6c5 

  0x0000026b1d66c524: ;   {internal_word}
  0x0000026b1d66c524: f877 49ba | 23c5 661d | 6b02 0000 | 4d89 97a0 | 0200 0049 | 89a7 9802 

  0x0000026b1d66c53c: ;   {external_word}
  0x0000026b1d66c53c: 0000 49ba | 7935 ed61 | ff7f 0000 | 4180 3a00 | 0f84 5200 | 0000 5241 

  0x0000026b1d66c554: ;   {metadata({method} {0x0000026b73428870} 'DrawText' '(Ljava/lang/String;IIILcom/raylib/Raylib$Color;)V' in 'com/raylib/Raylib')}
  0x0000026b1d66c554: 5041 5148 | ba68 8842 | 736b 0200 | 0049 8bcf | 4883 ec20 | f7c4 0f00 | 0000 0f84 | 1a00 0000 
  0x0000026b1d66c574: 4883 ec08 

  0x0000026b1d66c578: ;   {runtime_call}
  0x0000026b1d66c578: 49ba 0030 | a361 ff7f | 0000 41ff | d248 83c4 | 08e9 0d00 

  0x0000026b1d66c58c: ;   {runtime_call}
  0x0000026b1d66c58c: 0000 49ba | 0030 a361 | ff7f 0000 | 41ff d248 | 83c4 2041 | 5941 585a | 498d 8fb8 | 0200 0041 
  0x0000026b1d66c5ac: c787 4803 | 0000 0400 

  0x0000026b1d66c5b4: ;   {runtime_call}
  0x0000026b1d66c5b4: 0000 49ba | 6057 3e60 | ff7f 0000 | 41ff d2c5 | f877 41c7 | 8748 0300 | 0005 0000 | 00f0 8344 
  0x0000026b1d66c5d4: 24c0 0049 | 3baf 5003 | 0000 0f87 | 1100 0000 | 4181 bf38 | 0300 0000 | 0000 000f | 8424 0000 
  0x0000026b1d66c5f4: 00c5 f877 | 498b cf4c | 8be4 4883 | ec20 4883 

  0x0000026b1d66c604: ;   {runtime_call}
  0x0000026b1d66c604: e4f0 49ba | 9044 b361 | ff7f 0000 | 41ff d249 | 8be4 4d33 | e441 c787 | 4803 0000 | 0800 0000 
  0x0000026b1d66c624: 4181 bfb8 | 0300 0002 | 0000 000f | 849b 0000 

  0x0000026b1d66c634: ;   {external_word}
  0x0000026b1d66c634: 0049 ba79 | 35ed 61ff | 7f00 0041 | 803a 000f | 8448 0000 

  0x0000026b1d66c648: ;   {metadata({method} {0x0000026b73428870} 'DrawText' '(Ljava/lang/String;IIILcom/raylib/Raylib$Color;)V' in 'com/raylib/Raylib')}
  0x0000026b1d66c648: 0048 ba68 | 8842 736b | 0200 0049 | 8bcf 4883 | ec20 f7c4 | 0f00 0000 | 0f84 1a00 | 0000 4883 
  0x0000026b1d66c668: ;   {runtime_call}
  0x0000026b1d66c668: ec08 49ba | 0030 a361 | ff7f 0000 | 41ff d248 | 83c4 08e9 | 0d00 0000 

  0x0000026b1d66c680: ;   {runtime_call}
  0x0000026b1d66c680: 49ba 0030 | a361 ff7f | 0000 41ff | d248 83c4 | 2049 c787 | 9802 0000 | 0000 0000 | 49c7 87a0 
  0x0000026b1d66c6a0: 0200 0000 | 0000 00c5 | f877 498b | 8fd8 0000 | 00c7 8100 | 0100 0000 | 0000 00c9 | 4981 7f08 
  0x0000026b1d66c6c0: 0000 0000 | 0f85 0100 

  0x0000026b1d66c6c8: ;   {runtime_call StubRoutines (1)}
  0x0000026b1d66c6c8: 0000 c3e9 | 3048 81ff | c5f8 774c | 8be4 4883 | ec20 4883 

  0x0000026b1d66c6dc: ;   {runtime_call}
  0x0000026b1d66c6dc: e4f0 49ba | 8060 a361 | ff7f 0000 | 41ff d249 | 8be4 4d33 | e4e9 3fff | ffff f4f4 
[/MachCode]


---------------  P R O C E S S  ---------------

Threads class SMR info:
_java_thread_list=0x0000026b79b51ac0, length=13, elements={
0x0000026b0df1f440, 0x0000026b3179e8e0, 0x0000026b3179f4a0, 0x0000026b317b3b20,
0x0000026b317b46e0, 0x0000026b317b52a0, 0x0000026b317c1c90, 0x0000026b317c2a30,
0x0000026b317c69e0, 0x0000026b317ca710, 0x0000026b3191d4a0, 0x0000026b3191d9b0,
0x0000026b3191c060
}

Java Threads: ( => current thread )
=>0x0000026b0df1f440 JavaThread "main" [_thread_in_native, id=19612, stack(0x000000e3c5100000,0x000000e3c5200000)]
  0x0000026b3179e8e0 JavaThread "Reference Handler" daemon [_thread_blocked, id=19472, stack(0x000000e3c5800000,0x000000e3c5900000)]
  0x0000026b3179f4a0 JavaThread "Finalizer" daemon [_thread_blocked, id=19484, stack(0x000000e3c5900000,0x000000e3c5a00000)]
  0x0000026b317b3b20 JavaThread "Signal Dispatcher" daemon [_thread_blocked, id=19544, stack(0x000000e3c5a00000,0x000000e3c5b00000)]
  0x0000026b317b46e0 JavaThread "Attach Listener" daemon [_thread_blocked, id=24800, stack(0x000000e3c5b00000,0x000000e3c5c00000)]
  0x0000026b317b52a0 JavaThread "Service Thread" daemon [_thread_blocked, id=21404, stack(0x000000e3c5c00000,0x000000e3c5d00000)]
  0x0000026b317c1c90 JavaThread "Monitor Deflation Thread" daemon [_thread_blocked, id=13140, stack(0x000000e3c5d00000,0x000000e3c5e00000)]
  0x0000026b317c2a30 JavaThread "C2 CompilerThread0" daemon [_thread_blocked, id=14332, stack(0x000000e3c5e00000,0x000000e3c5f00000)]
  0x0000026b317c69e0 JavaThread "C1 CompilerThread0" daemon [_thread_blocked, id=15668, stack(0x000000e3c5f00000,0x000000e3c6000000)]
  0x0000026b317ca710 JavaThread "Sweeper thread" daemon [_thread_blocked, id=20440, stack(0x000000e3c6000000,0x000000e3c6100000)]
  0x0000026b3191d4a0 JavaThread "Notification Thread" daemon [_thread_blocked, id=21536, stack(0x000000e3c6400000,0x000000e3c6500000)]
  0x0000026b3191d9b0 JavaThread "Common-Cleaner" daemon [_thread_blocked, id=12752, stack(0x000000e3c6600000,0x000000e3c6700000)]
  0x0000026b3191c060 JavaThread "JavaCPP Deallocator" daemon [_thread_blocked, id=24832, stack(0x000000e3c6f00000,0x000000e3c7000000)]

Other Threads:
  0x0000026b3179b310 VMThread "VM Thread" [stack: 0x000000e3c5700000,0x000000e3c5800000] [id=19540]
  0x0000026b31924340 WatcherThread [stack: 0x000000e3c6500000,0x000000e3c6600000] [id=22124]
  0x0000026b0df8dce0 GCTaskThread "GC Thread#0" [stack: 0x000000e3c5200000,0x000000e3c5300000] [id=19628]
  0x0000026b776742e0 GCTaskThread "GC Thread#1" [stack: 0x000000e3c6a00000,0x000000e3c6b00000] [id=25192]
  0x0000026b78628400 GCTaskThread "GC Thread#2" [stack: 0x000000e3c6b00000,0x000000e3c6c00000] [id=20296]
  0x0000026b79bc73c0 GCTaskThread "GC Thread#3" [stack: 0x000000e3c6c00000,0x000000e3c6d00000] [id=25188]
  0x0000026b7808d360 GCTaskThread "GC Thread#4" [stack: 0x000000e3c6d00000,0x000000e3c6e00000] [id=21244]
  0x0000026b791a3330 GCTaskThread "GC Thread#5" [stack: 0x000000e3c6e00000,0x000000e3c6f00000] [id=8244]
  0x0000026b0df9e680 ConcurrentGCThread "G1 Main Marker" [stack: 0x000000e3c5300000,0x000000e3c5400000] [id=19620]
  0x0000026b0df9f0a0 ConcurrentGCThread "G1 Conc#0" [stack: 0x000000e3c5400000,0x000000e3c5500000] [id=19548]
  0x0000026b31432620 ConcurrentGCThread "G1 Refine#0" [stack: 0x000000e3c5500000,0x000000e3c5600000] [id=13552]
  0x0000026b31434060 ConcurrentGCThread "G1 Service" [stack: 0x000000e3c5600000,0x000000e3c5700000] [id=19500]

Threads with active compile tasks:

VM state: not at safepoint (normal execution)

VM Mutex/Monitor currently owned by a thread: None

Heap address: 0x0000000705a00000, size: 4006 MB, Compressed Oops mode: Zero based, Oop shift amount: 3

CDS archive(s) mapped at: [0x0000026b32000000-0x0000026b32bb0000-0x0000026b32bb0000), size 12255232, SharedBaseAddress: 0x0000026b32000000, ArchiveRelocationMode: 1.
Compressed class space mapped at: 0x0000026b33000000-0x0000026b73000000, reserved size: 1073741824
Narrow klass base: 0x0000026b32000000, Narrow klass shift: 0, Narrow klass range: 0x100000000

GC Precious Log:
 CPUs: 16 total, 16 available
 Memory: 16021M
 Large Page Support: Disabled
 NUMA Support: Disabled
 Compressed Oops: Enabled (Zero based)
 Heap Region Size: 2M
 Heap Min Capacity: 8M
 Heap Initial Capacity: 252M
 Heap Max Capacity: 4006M
 Pre-touch: Disabled
 Parallel Workers: 13
 Concurrent Workers: 3
 Concurrent Refinement Workers: 13
 Periodic GC: Disabled

Heap:
 garbage-first heap   total 258048K, used 3605K [0x0000000705a00000, 0x0000000800000000)
  region size 2048K, 3 young (6144K), 1 survivors (2048K)
 Metaspace       used 2132K, committed 2304K, reserved 1114112K
  class space    used 181K, committed 256K, reserved 1048576K

Heap Regions: E=young(eden), S=young(survivor), O=old, HS=humongous(starts), HC=humongous(continues), CS=collection set, F=free, OA=open archive, CA=closed archive, TAMS=top-at-mark-start (previous, next)
|   0|0x0000000705a00000, 0x0000000705a00000, 0x0000000705c00000|  0%| F|  |TAMS 0x0000000705a00000, 0x0000000705a00000| Untracked 
|   1|0x0000000705c00000, 0x0000000705c00000, 0x0000000705e00000|  0%| F|  |TAMS 0x0000000705c00000, 0x0000000705c00000| Untracked 
|   2|0x0000000705e00000, 0x0000000705e00000, 0x0000000706000000|  0%| F|  |TAMS 0x0000000705e00000, 0x0000000705e00000| Untracked 
|   3|0x0000000706000000, 0x0000000706000000, 0x0000000706200000|  0%| F|  |TAMS 0x0000000706000000, 0x0000000706000000| Untracked 
|   4|0x0000000706200000, 0x0000000706200000, 0x0000000706400000|  0%| F|  |TAMS 0x0000000706200000, 0x0000000706200000| Untracked 
|   5|0x0000000706400000, 0x0000000706400000, 0x0000000706600000|  0%| F|  |TAMS 0x0000000706400000, 0x0000000706400000| Untracked 
|   6|0x0000000706600000, 0x0000000706600000, 0x0000000706800000|  0%| F|  |TAMS 0x0000000706600000, 0x0000000706600000| Untracked 
|   7|0x0000000706800000, 0x0000000706800000, 0x0000000706a00000|  0%| F|  |TAMS 0x0000000706800000, 0x0000000706800000| Untracked 
|   8|0x0000000706a00000, 0x0000000706a00000, 0x0000000706c00000|  0%| F|  |TAMS 0x0000000706a00000, 0x0000000706a00000| Untracked 
|   9|0x0000000706c00000, 0x0000000706c00000, 0x0000000706e00000|  0%| F|  |TAMS 0x0000000706c00000, 0x0000000706c00000| Untracked 
|  10|0x0000000706e00000, 0x0000000706e00000, 0x0000000707000000|  0%| F|  |TAMS 0x0000000706e00000, 0x0000000706e00000| Untracked 
|  11|0x0000000707000000, 0x0000000707000000, 0x0000000707200000|  0%| F|  |TAMS 0x0000000707000000, 0x0000000707000000| Untracked 
|  12|0x0000000707200000, 0x0000000707200000, 0x0000000707400000|  0%| F|  |TAMS 0x0000000707200000, 0x0000000707200000| Untracked 
|  13|0x0000000707400000, 0x0000000707400000, 0x0000000707600000|  0%| F|  |TAMS 0x0000000707400000, 0x0000000707400000| Untracked 
|  14|0x0000000707600000, 0x0000000707600000, 0x0000000707800000|  0%| F|  |TAMS 0x0000000707600000, 0x0000000707600000| Untracked 
|  15|0x0000000707800000, 0x0000000707800000, 0x0000000707a00000|  0%| F|  |TAMS 0x0000000707800000, 0x0000000707800000| Untracked 
|  16|0x0000000707a00000, 0x0000000707a00000, 0x0000000707c00000|  0%| F|  |TAMS 0x0000000707a00000, 0x0000000707a00000| Untracked 
|  17|0x0000000707c00000, 0x0000000707c00000, 0x0000000707e00000|  0%| F|  |TAMS 0x0000000707c00000, 0x0000000707c00000| Untracked 
|  18|0x0000000707e00000, 0x0000000707e00000, 0x0000000708000000|  0%| F|  |TAMS 0x0000000707e00000, 0x0000000707e00000| Untracked 
|  19|0x0000000708000000, 0x0000000708000000, 0x0000000708200000|  0%| F|  |TAMS 0x0000000708000000, 0x0000000708000000| Untracked 
|  20|0x0000000708200000, 0x0000000708200000, 0x0000000708400000|  0%| F|  |TAMS 0x0000000708200000, 0x0000000708200000| Untracked 
|  21|0x0000000708400000, 0x0000000708400000, 0x0000000708600000|  0%| F|  |TAMS 0x0000000708400000, 0x0000000708400000| Untracked 
|  22|0x0000000708600000, 0x0000000708600000, 0x0000000708800000|  0%| F|  |TAMS 0x0000000708600000, 0x0000000708600000| Untracked 
|  23|0x0000000708800000, 0x0000000708800000, 0x0000000708a00000|  0%| F|  |TAMS 0x0000000708800000, 0x0000000708800000| Untracked 
|  24|0x0000000708a00000, 0x0000000708a00000, 0x0000000708c00000|  0%| F|  |TAMS 0x0000000708a00000, 0x0000000708a00000| Untracked 
|  25|0x0000000708c00000, 0x0000000708c00000, 0x0000000708e00000|  0%| F|  |TAMS 0x0000000708c00000, 0x0000000708c00000| Untracked 
|  26|0x0000000708e00000, 0x0000000708e00000, 0x0000000709000000|  0%| F|  |TAMS 0x0000000708e00000, 0x0000000708e00000| Untracked 
|  27|0x0000000709000000, 0x0000000709000000, 0x0000000709200000|  0%| F|  |TAMS 0x0000000709000000, 0x0000000709000000| Untracked 
|  28|0x0000000709200000, 0x0000000709200000, 0x0000000709400000|  0%| F|  |TAMS 0x0000000709200000, 0x0000000709200000| Untracked 
|  29|0x0000000709400000, 0x0000000709400000, 0x0000000709600000|  0%| F|  |TAMS 0x0000000709400000, 0x0000000709400000| Untracked 
|  30|0x0000000709600000, 0x0000000709600000, 0x0000000709800000|  0%| F|  |TAMS 0x0000000709600000, 0x0000000709600000| Untracked 
|  31|0x0000000709800000, 0x0000000709800000, 0x0000000709a00000|  0%| F|  |TAMS 0x0000000709800000, 0x0000000709800000| Untracked 
|  32|0x0000000709a00000, 0x0000000709a00000, 0x0000000709c00000|  0%| F|  |TAMS 0x0000000709a00000, 0x0000000709a00000| Untracked 
|  33|0x0000000709c00000, 0x0000000709c00000, 0x0000000709e00000|  0%| F|  |TAMS 0x0000000709c00000, 0x0000000709c00000| Untracked 
|  34|0x0000000709e00000, 0x0000000709e00000, 0x000000070a000000|  0%| F|  |TAMS 0x0000000709e00000, 0x0000000709e00000| Untracked 
|  35|0x000000070a000000, 0x000000070a000000, 0x000000070a200000|  0%| F|  |TAMS 0x000000070a000000, 0x000000070a000000| Untracked 
|  36|0x000000070a200000, 0x000000070a200000, 0x000000070a400000|  0%| F|  |TAMS 0x000000070a200000, 0x000000070a200000| Untracked 
|  37|0x000000070a400000, 0x000000070a400000, 0x000000070a600000|  0%| F|  |TAMS 0x000000070a400000, 0x000000070a400000| Untracked 
|  38|0x000000070a600000, 0x000000070a600000, 0x000000070a800000|  0%| F|  |TAMS 0x000000070a600000, 0x000000070a600000| Untracked 
|  39|0x000000070a800000, 0x000000070a800000, 0x000000070aa00000|  0%| F|  |TAMS 0x000000070a800000, 0x000000070a800000| Untracked 
|  40|0x000000070aa00000, 0x000000070aa00000, 0x000000070ac00000|  0%| F|  |TAMS 0x000000070aa00000, 0x000000070aa00000| Untracked 
|  41|0x000000070ac00000, 0x000000070ac00000, 0x000000070ae00000|  0%| F|  |TAMS 0x000000070ac00000, 0x000000070ac00000| Untracked 
|  42|0x000000070ae00000, 0x000000070ae00000, 0x000000070b000000|  0%| F|  |TAMS 0x000000070ae00000, 0x000000070ae00000| Untracked 
|  43|0x000000070b000000, 0x000000070b000000, 0x000000070b200000|  0%| F|  |TAMS 0x000000070b000000, 0x000000070b000000| Untracked 
|  44|0x000000070b200000, 0x000000070b200000, 0x000000070b400000|  0%| F|  |TAMS 0x000000070b200000, 0x000000070b200000| Untracked 
|  45|0x000000070b400000, 0x000000070b400000, 0x000000070b600000|  0%| F|  |TAMS 0x000000070b400000, 0x000000070b400000| Untracked 
|  46|0x000000070b600000, 0x000000070b600000, 0x000000070b800000|  0%| F|  |TAMS 0x000000070b600000, 0x000000070b600000| Untracked 
|  47|0x000000070b800000, 0x000000070b800000, 0x000000070ba00000|  0%| F|  |TAMS 0x000000070b800000, 0x000000070b800000| Untracked 
|  48|0x000000070ba00000, 0x000000070ba00000, 0x000000070bc00000|  0%| F|  |TAMS 0x000000070ba00000, 0x000000070ba00000| Untracked 
|  49|0x000000070bc00000, 0x000000070bc00000, 0x000000070be00000|  0%| F|  |TAMS 0x000000070bc00000, 0x000000070bc00000| Untracked 
|  50|0x000000070be00000, 0x000000070be00000, 0x000000070c000000|  0%| F|  |TAMS 0x000000070be00000, 0x000000070be00000| Untracked 
|  51|0x000000070c000000, 0x000000070c000000, 0x000000070c200000|  0%| F|  |TAMS 0x000000070c000000, 0x000000070c000000| Untracked 
|  52|0x000000070c200000, 0x000000070c200000, 0x000000070c400000|  0%| F|  |TAMS 0x000000070c200000, 0x000000070c200000| Untracked 
|  53|0x000000070c400000, 0x000000070c400000, 0x000000070c600000|  0%| F|  |TAMS 0x000000070c400000, 0x000000070c400000| Untracked 
|  54|0x000000070c600000, 0x000000070c600000, 0x000000070c800000|  0%| F|  |TAMS 0x000000070c600000, 0x000000070c600000| Untracked 
|  55|0x000000070c800000, 0x000000070c800000, 0x000000070ca00000|  0%| F|  |TAMS 0x000000070c800000, 0x000000070c800000| Untracked 
|  56|0x000000070ca00000, 0x000000070ca00000, 0x000000070cc00000|  0%| F|  |TAMS 0x000000070ca00000, 0x000000070ca00000| Untracked 
|  57|0x000000070cc00000, 0x000000070cc00000, 0x000000070ce00000|  0%| F|  |TAMS 0x000000070cc00000, 0x000000070cc00000| Untracked 
|  58|0x000000070ce00000, 0x000000070ce00000, 0x000000070d000000|  0%| F|  |TAMS 0x000000070ce00000, 0x000000070ce00000| Untracked 
|  59|0x000000070d000000, 0x000000070d000000, 0x000000070d200000|  0%| F|  |TAMS 0x000000070d000000, 0x000000070d000000| Untracked 
|  60|0x000000070d200000, 0x000000070d200000, 0x000000070d400000|  0%| F|  |TAMS 0x000000070d200000, 0x000000070d200000| Untracked 
|  61|0x000000070d400000, 0x000000070d400000, 0x000000070d600000|  0%| F|  |TAMS 0x000000070d400000, 0x000000070d400000| Untracked 
|  62|0x000000070d600000, 0x000000070d600000, 0x000000070d800000|  0%| F|  |TAMS 0x000000070d600000, 0x000000070d600000| Untracked 
|  63|0x000000070d800000, 0x000000070d800000, 0x000000070da00000|  0%| F|  |TAMS 0x000000070d800000, 0x000000070d800000| Untracked 
|  64|0x000000070da00000, 0x000000070da00000, 0x000000070dc00000|  0%| F|  |TAMS 0x000000070da00000, 0x000000070da00000| Untracked 
|  65|0x000000070dc00000, 0x000000070dc00000, 0x000000070de00000|  0%| F|  |TAMS 0x000000070dc00000, 0x000000070dc00000| Untracked 
|  66|0x000000070de00000, 0x000000070de00000, 0x000000070e000000|  0%| F|  |TAMS 0x000000070de00000, 0x000000070de00000| Untracked 
|  67|0x000000070e000000, 0x000000070e000000, 0x000000070e200000|  0%| F|  |TAMS 0x000000070e000000, 0x000000070e000000| Untracked 
|  68|0x000000070e200000, 0x000000070e200000, 0x000000070e400000|  0%| F|  |TAMS 0x000000070e200000, 0x000000070e200000| Untracked 
|  69|0x000000070e400000, 0x000000070e400000, 0x000000070e600000|  0%| F|  |TAMS 0x000000070e400000, 0x000000070e400000| Untracked 
|  70|0x000000070e600000, 0x000000070e600000, 0x000000070e800000|  0%| F|  |TAMS 0x000000070e600000, 0x000000070e600000| Untracked 
|  71|0x000000070e800000, 0x000000070e800000, 0x000000070ea00000|  0%| F|  |TAMS 0x000000070e800000, 0x000000070e800000| Untracked 
|  72|0x000000070ea00000, 0x000000070ea00000, 0x000000070ec00000|  0%| F|  |TAMS 0x000000070ea00000, 0x000000070ea00000| Untracked 
|  73|0x000000070ec00000, 0x000000070ec00000, 0x000000070ee00000|  0%| F|  |TAMS 0x000000070ec00000, 0x000000070ec00000| Untracked 
|  74|0x000000070ee00000, 0x000000070ee00000, 0x000000070f000000|  0%| F|  |TAMS 0x000000070ee00000, 0x000000070ee00000| Untracked 
|  75|0x000000070f000000, 0x000000070f000000, 0x000000070f200000|  0%| F|  |TAMS 0x000000070f000000, 0x000000070f000000| Untracked 
|  76|0x000000070f200000, 0x000000070f200000, 0x000000070f400000|  0%| F|  |TAMS 0x000000070f200000, 0x000000070f200000| Untracked 
|  77|0x000000070f400000, 0x000000070f400000, 0x000000070f600000|  0%| F|  |TAMS 0x000000070f400000, 0x000000070f400000| Untracked 
|  78|0x000000070f600000, 0x000000070f600000, 0x000000070f800000|  0%| F|  |TAMS 0x000000070f600000, 0x000000070f600000| Untracked 
|  79|0x000000070f800000, 0x000000070f800000, 0x000000070fa00000|  0%| F|  |TAMS 0x000000070f800000, 0x000000070f800000| Untracked 
|  80|0x000000070fa00000, 0x000000070fa00000, 0x000000070fc00000|  0%| F|  |TAMS 0x000000070fa00000, 0x000000070fa00000| Untracked 
|  81|0x000000070fc00000, 0x000000070fc00000, 0x000000070fe00000|  0%| F|  |TAMS 0x000000070fc00000, 0x000000070fc00000| Untracked 
|  82|0x000000070fe00000, 0x000000070fe00000, 0x0000000710000000|  0%| F|  |TAMS 0x000000070fe00000, 0x000000070fe00000| Untracked 
|  83|0x0000000710000000, 0x0000000710000000, 0x0000000710200000|  0%| F|  |TAMS 0x0000000710000000, 0x0000000710000000| Untracked 
|  84|0x0000000710200000, 0x0000000710200000, 0x0000000710400000|  0%| F|  |TAMS 0x0000000710200000, 0x0000000710200000| Untracked 
|  85|0x0000000710400000, 0x0000000710400000, 0x0000000710600000|  0%| F|  |TAMS 0x0000000710400000, 0x0000000710400000| Untracked 
|  86|0x0000000710600000, 0x0000000710600000, 0x0000000710800000|  0%| F|  |TAMS 0x0000000710600000, 0x0000000710600000| Untracked 
|  87|0x0000000710800000, 0x0000000710800000, 0x0000000710a00000|  0%| F|  |TAMS 0x0000000710800000, 0x0000000710800000| Untracked 
|  88|0x0000000710a00000, 0x0000000710a00000, 0x0000000710c00000|  0%| F|  |TAMS 0x0000000710a00000, 0x0000000710a00000| Untracked 
|  89|0x0000000710c00000, 0x0000000710c00000, 0x0000000710e00000|  0%| F|  |TAMS 0x0000000710c00000, 0x0000000710c00000| Untracked 
|  90|0x0000000710e00000, 0x0000000710e00000, 0x0000000711000000|  0%| F|  |TAMS 0x0000000710e00000, 0x0000000710e00000| Untracked 
|  91|0x0000000711000000, 0x0000000711000000, 0x0000000711200000|  0%| F|  |TAMS 0x0000000711000000, 0x0000000711000000| Untracked 
|  92|0x0000000711200000, 0x0000000711200000, 0x0000000711400000|  0%| F|  |TAMS 0x0000000711200000, 0x0000000711200000| Untracked 
|  93|0x0000000711400000, 0x0000000711400000, 0x0000000711600000|  0%| F|  |TAMS 0x0000000711400000, 0x0000000711400000| Untracked 
|  94|0x0000000711600000, 0x0000000711600000, 0x0000000711800000|  0%| F|  |TAMS 0x0000000711600000, 0x0000000711600000| Untracked 
|  95|0x0000000711800000, 0x0000000711800000, 0x0000000711a00000|  0%| F|  |TAMS 0x0000000711800000, 0x0000000711800000| Untracked 
|  96|0x0000000711a00000, 0x0000000711a00000, 0x0000000711c00000|  0%| F|  |TAMS 0x0000000711a00000, 0x0000000711a00000| Untracked 
|  97|0x0000000711c00000, 0x0000000711c00000, 0x0000000711e00000|  0%| F|  |TAMS 0x0000000711c00000, 0x0000000711c00000| Untracked 
|  98|0x0000000711e00000, 0x0000000711e00000, 0x0000000712000000|  0%| F|  |TAMS 0x0000000711e00000, 0x0000000711e00000| Untracked 
|  99|0x0000000712000000, 0x0000000712000000, 0x0000000712200000|  0%| F|  |TAMS 0x0000000712000000, 0x0000000712000000| Untracked 
| 100|0x0000000712200000, 0x0000000712200000, 0x0000000712400000|  0%| F|  |TAMS 0x0000000712200000, 0x0000000712200000| Untracked 
| 101|0x0000000712400000, 0x0000000712400000, 0x0000000712600000|  0%| F|  |TAMS 0x0000000712400000, 0x0000000712400000| Untracked 
| 102|0x0000000712600000, 0x0000000712600000, 0x0000000712800000|  0%| F|  |TAMS 0x0000000712600000, 0x0000000712600000| Untracked 
| 103|0x0000000712800000, 0x0000000712800000, 0x0000000712a00000|  0%| F|  |TAMS 0x0000000712800000, 0x0000000712800000| Untracked 
| 104|0x0000000712a00000, 0x0000000712a00000, 0x0000000712c00000|  0%| F|  |TAMS 0x0000000712a00000, 0x0000000712a00000| Untracked 
| 105|0x0000000712c00000, 0x0000000712c00000, 0x0000000712e00000|  0%| F|  |TAMS 0x0000000712c00000, 0x0000000712c00000| Untracked 
| 106|0x0000000712e00000, 0x0000000712e00000, 0x0000000713000000|  0%| F|  |TAMS 0x0000000712e00000, 0x0000000712e00000| Untracked 
| 107|0x0000000713000000, 0x0000000713000000, 0x0000000713200000|  0%| F|  |TAMS 0x0000000713000000, 0x0000000713000000| Untracked 
| 108|0x0000000713200000, 0x0000000713200000, 0x0000000713400000|  0%| F|  |TAMS 0x0000000713200000, 0x0000000713200000| Untracked 
| 109|0x0000000713400000, 0x0000000713400000, 0x0000000713600000|  0%| F|  |TAMS 0x0000000713400000, 0x0000000713400000| Untracked 
| 110|0x0000000713600000, 0x0000000713600000, 0x0000000713800000|  0%| F|  |TAMS 0x0000000713600000, 0x0000000713600000| Untracked 
| 111|0x0000000713800000, 0x0000000713800000, 0x0000000713a00000|  0%| F|  |TAMS 0x0000000713800000, 0x0000000713800000| Untracked 
| 112|0x0000000713a00000, 0x0000000713a00000, 0x0000000713c00000|  0%| F|  |TAMS 0x0000000713a00000, 0x0000000713a00000| Untracked 
| 113|0x0000000713c00000, 0x0000000713c00000, 0x0000000713e00000|  0%| F|  |TAMS 0x0000000713c00000, 0x0000000713c00000| Untracked 
| 114|0x0000000713e00000, 0x0000000713f85510, 0x0000000714000000| 76%| S|CS|TAMS 0x0000000713e00000, 0x0000000713e00000| Complete 
| 115|0x0000000714000000, 0x0000000714000000, 0x0000000714200000|  0%| F|  |TAMS 0x0000000714000000, 0x0000000714000000| Untracked 
| 116|0x0000000714200000, 0x0000000714200000, 0x0000000714400000|  0%| F|  |TAMS 0x0000000714200000, 0x0000000714200000| Untracked 
| 117|0x0000000714400000, 0x0000000714400000, 0x0000000714600000|  0%| F|  |TAMS 0x0000000714400000, 0x0000000714400000| Untracked 
| 118|0x0000000714600000, 0x0000000714600000, 0x0000000714800000|  0%| F|  |TAMS 0x0000000714600000, 0x0000000714600000| Untracked 
| 119|0x0000000714800000, 0x0000000714800000, 0x0000000714a00000|  0%| F|  |TAMS 0x0000000714800000, 0x0000000714800000| Untracked 
| 120|0x0000000714a00000, 0x0000000714a00000, 0x0000000714c00000|  0%| F|  |TAMS 0x0000000714a00000, 0x0000000714a00000| Untracked 
| 121|0x0000000714c00000, 0x0000000714c00000, 0x0000000714e00000|  0%| F|  |TAMS 0x0000000714c00000, 0x0000000714c00000| Untracked 
| 122|0x0000000714e00000, 0x0000000714e00000, 0x0000000715000000|  0%| F|  |TAMS 0x0000000714e00000, 0x0000000714e00000| Untracked 
| 123|0x0000000715000000, 0x0000000715000000, 0x0000000715200000|  0%| F|  |TAMS 0x0000000715000000, 0x0000000715000000| Untracked 
| 124|0x0000000715200000, 0x0000000715400000, 0x0000000715400000|100%| E|  |TAMS 0x0000000715200000, 0x0000000715200000| Complete 
| 125|0x0000000715400000, 0x0000000715600000, 0x0000000715600000|100%| E|CS|TAMS 0x0000000715400000, 0x0000000715400000| Complete 

Card table byte_map: [0x0000026b25aa0000,0x0000026b26280000] _byte_map_base: 0x0000026b22273000

Marking Bits (Prev, Next): (CMBitMap*) 0x0000026b0df8e300, (CMBitMap*) 0x0000026b0df8e340
 Prev Bits: [0x0000026b26a60000, 0x0000026b2a8f8000)
 Next Bits: [0x0000026b2a900000, 0x0000026b2e798000)

Polling page: 0x0000026b0bea0000

Metaspace:

Usage:
  Non-class:      1.91 MB used.
      Class:    181.01 KB used.
       Both:      2.08 MB used.

Virtual space:
  Non-class space:       64.00 MB reserved,       2.00 MB (  3%) committed,  1 nodes.
      Class space:        1.00 GB reserved,     256.00 KB ( <1%) committed,  1 nodes.
             Both:        1.06 GB reserved,       2.25 MB ( <1%) committed. 

Chunk freelists:
   Non-Class:  11.22 MB
       Class:  15.65 MB
        Both:  26.87 MB

MaxMetaspaceSize: unlimited
CompressedClassSpaceSize: 1.00 GB
Initial GC threshold: 21.00 MB
Current GC threshold: 21.00 MB
CDS: on
MetaspaceReclaimPolicy: balanced
 - commit_granule_bytes: 65536.
 - commit_granule_words: 8192.
 - virtual_space_node_default_size: 8388608.
 - enlarge_chunks_in_place: 1.
 - new_chunks_are_fully_committed: 0.
 - uncommit_free_chunks: 1.
 - use_allocation_guard: 0.
 - handle_deallocations: 1.


Internal statistics:

num_allocs_failed_limit: 0.
num_arena_births: 32.
num_arena_deaths: 0.
num_vsnodes_births: 2.
num_vsnodes_deaths: 0.
num_space_committed: 36.
num_space_uncommitted: 0.
num_chunks_returned_to_freelist: 0.
num_chunks_taken_from_freelist: 72.
num_chunk_merges: 0.
num_chunk_splits: 52.
num_chunks_enlarged: 38.
num_inconsistent_stats: 0.

CodeHeap 'non-profiled nmethods': size=119168Kb used=649Kb max_used=649Kb free=118518Kb
 bounds [0x0000026b1d5d0000, 0x0000026b1d840000, 0x0000026b24a30000]
CodeHeap 'profiled nmethods': size=119104Kb used=1409Kb max_used=1409Kb free=117694Kb
 bounds [0x0000026b15a30000, 0x0000026b15ca0000, 0x0000026b1ce80000]
CodeHeap 'non-nmethods': size=7488Kb used=1158Kb max_used=2905Kb free=6329Kb
 bounds [0x0000026b1ce80000, 0x0000026b1d160000, 0x0000026b1d5d0000]
 total_blobs=1303 nmethods=866 adapters=350
 compilation: enabled
              stopped_count=0, restarted_count=0
 full_count=0

Compilation events (20 events):
Event: 25.218 Thread 0x0000026b317c69e0  857       3       PineVille.Player::Move (124 bytes)
Event: 25.219 Thread 0x0000026b317c69e0 nmethod 857 0x0000026b15b8dd90 code [0x0000026b15b8e000, 0x0000026b15b8e4f8]
Event: 25.219 Thread 0x0000026b317c69e0  858       3       PineVille.Player::drawPlayer (72 bytes)
Event: 25.221 Thread 0x0000026b317c69e0 nmethod 858 0x0000026b15b8e690 code [0x0000026b15b8ea20, 0x0000026b15b8fdc8]
Event: 27.052 Thread 0x0000026b317c2a30  859       4       java.lang.ThreadLocal::get (38 bytes)
Event: 27.055 Thread 0x0000026b317c2a30 nmethod 859 0x0000026b1d66c710 code [0x0000026b1d66c8a0, 0x0000026b1d66ca18]
Event: 27.952 Thread 0x0000026b317c2a30  860       4       java.lang.Object::equals (11 bytes)
Event: 27.952 Thread 0x0000026b317c2a30 nmethod 860 0x0000026b1d66cc10 code [0x0000026b1d66cd80, 0x0000026b1d66ce18]
Event: 28.785 Thread 0x0000026b317c2a30  861       4       java.util.ArrayDeque$DeqIterator::<init> (34 bytes)
Event: 28.789 Thread 0x0000026b317c2a30 nmethod 861 0x0000026b1d66cf10 code [0x0000026b1d66d080, 0x0000026b1d66d258]
Event: 28.985 Thread 0x0000026b317c2a30  862       4       org.bytedeco.javacpp.Pointer::init (52 bytes)
Event: 29.015 Thread 0x0000026b317c2a30 nmethod 862 0x0000026b1d66d390 code [0x0000026b1d66d5e0, 0x0000026b1d66ef90]
Event: 29.355 Thread 0x0000026b317c2a30  863       4       org.bytedeco.javacpp.Pointer::<init> (86 bytes)
Event: 29.357 Thread 0x0000026b317c2a30 nmethod 863 0x0000026b1d66fd90 code [0x0000026b1d66ff00, 0x0000026b1d66fff8]
Event: 29.453 Thread 0x0000026b317c2a30  864   !   4       org.bytedeco.javacpp.Pointer$DeallocatorReference::add (82 bytes)
Event: 29.458 Thread 0x0000026b317c2a30 nmethod 864 0x0000026b1d670090 code [0x0000026b1d670220, 0x0000026b1d670798]
Event: 30.885 Thread 0x0000026b317c2a30  865       4       java.util.Arrays::copyOf (19 bytes)
Event: 30.889 Thread 0x0000026b317c2a30 nmethod 865 0x0000026b1d670890 code [0x0000026b1d670a20, 0x0000026b1d670d38]
Event: 32.785 Thread 0x0000026b317c2a30  866   !   4       org.bytedeco.javacpp.Pointer::deallocator (568 bytes)
Event: 32.803 Thread 0x0000026b317c2a30 nmethod 866 0x0000026b1d670e10 code [0x0000026b1d671060, 0x0000026b1d671da0]

GC Heap History (2 events):
Event: 0.920 GC heap before
{Heap before GC invocations=0 (full 0):
 garbage-first heap   total 258048K, used 22528K [0x0000000705a00000, 0x0000000800000000)
  region size 2048K, 11 young (22528K), 0 survivors (0K)
 Metaspace       used 1660K, committed 1792K, reserved 1114112K
  class space    used 122K, committed 192K, reserved 1048576K
}
Event: 0.925 GC heap after
{Heap after GC invocations=1 (full 0):
 garbage-first heap   total 258048K, used 1557K [0x0000000705a00000, 0x0000000800000000)
  region size 2048K, 1 young (2048K), 1 survivors (2048K)
 Metaspace       used 1660K, committed 1792K, reserved 1114112K
  class space    used 122K, committed 192K, reserved 1048576K
}

Dll operation events (20 events):
Event: 0.568 Loaded shared library C:\Program Files (x86)\Windows Kits\10\Redist\ucrt\DLLs\x64\api-ms-win-core-rtlsupport-l1-1-0.dll
Event: 0.586 Loaded shared library C:\Program Files (x86)\Windows Kits\10\Redist\ucrt\DLLs\x64\api-ms-win-core-processthreads-l1-1-1.dll
Event: 0.598 Loaded shared library C:\Program Files (x86)\Windows Kits\10\Redist\ucrt\DLLs\x64\api-ms-win-core-file-l1-2-0.dll
Event: 0.609 Loaded shared library C:\Program Files (x86)\Windows Kits\10\Redist\ucrt\DLLs\x64\api-ms-win-core-profile-l1-1-0.dll
Event: 0.622 Loaded shared library C:\Program Files (x86)\Windows Kits\10\Redist\ucrt\DLLs\x64\api-ms-win-core-memory-l1-1-0.dll
Event: 0.635 Loaded shared library C:\Program Files (x86)\Windows Kits\10\Redist\ucrt\DLLs\x64\api-ms-win-core-util-l1-1-0.dll
Event: 0.646 Loaded shared library C:\Program Files (x86)\Windows Kits\10\Redist\ucrt\DLLs\x64\api-ms-win-core-interlocked-l1-1-0.dll
Event: 0.665 Loaded shared library C:\Program Files (x86)\Windows Kits\10\Redist\ucrt\DLLs\x64\ucrtbase.dll
Event: 0.678 Loaded shared library C:\Users\luczu\.jdks\corretto-17.0.10\bin\vcruntime140.dll
Event: 0.695 Loaded shared library C:\Users\luczu\.jdks\corretto-17.0.10\bin\vcruntime140_1.dll
Event: 0.712 Loaded shared library C:\Users\luczu\.jdks\corretto-17.0.10\bin\msvcp140.dll
Event: 0.730 Loaded shared library C:\Windows\System32\msvcp140_1.dll
Event: 0.742 Loaded shared library C:\Windows\System32\concrt140.dll
Event: 0.757 Loaded shared library C:\Windows\System32\vcomp140.dll
Event: 0.785 Loaded shared library C:\Windows\System32\winmm.dll
Event: 0.791 Loaded shared library C:\Windows\System32\opengl32.dll
Event: 0.794 Loaded shared library C:\Windows\System32\user32.dll
Event: 0.797 Loaded shared library C:\Windows\System32\shell32.dll
Event: 0.800 Loaded shared library C:\Windows\System32\gdi32.dll
Event: 0.899 Loaded shared library C:\Users\luczu\.javacpp\cache\jaylib-4.5.0-0.jar\com\raylib\windows-x86_64\jniRaylib.dll

Deoptimization events (20 events):
Event: 0.832 Thread 0x0000026b0df1f440 Uncommon trap: trap_request=0xffffffc6 fr.pc=0x0000026b1d5ec340 relative=0x00000000000005e0
Event: 0.832 Thread 0x0000026b0df1f440 Uncommon trap: reason=bimorphic_or_optimized_type_check action=maybe_recompile pc=0x0000026b1d5ec340 method=java.util.concurrent.ConcurrentHashMap.get(Ljava/lang/Object;)Ljava/lang/Object; @ 149 c2
Event: 0.833 Thread 0x0000026b0df1f440 DEOPT PACKING pc=0x0000026b1d5ec340 sp=0x000000e3c51fd8d0
Event: 0.833 Thread 0x0000026b0df1f440 DEOPT UNPACKING pc=0x0000026b1ceda1a3 sp=0x000000e3c51fd870 mode 2
Event: 0.833 Thread 0x0000026b0df1f440 Uncommon trap: trap_request=0xffffffc6 fr.pc=0x0000026b1d5ec340 relative=0x00000000000005e0
Event: 0.834 Thread 0x0000026b0df1f440 Uncommon trap: reason=bimorphic_or_optimized_type_check action=maybe_recompile pc=0x0000026b1d5ec340 method=java.util.concurrent.ConcurrentHashMap.get(Ljava/lang/Object;)Ljava/lang/Object; @ 149 c2
Event: 0.834 Thread 0x0000026b0df1f440 DEOPT PACKING pc=0x0000026b1d5ec340 sp=0x000000e3c51fd8d0
Event: 0.834 Thread 0x0000026b0df1f440 DEOPT UNPACKING pc=0x0000026b1ceda1a3 sp=0x000000e3c51fd870 mode 2
Event: 0.834 Thread 0x0000026b0df1f440 Uncommon trap: trap_request=0xffffffc6 fr.pc=0x0000026b1d5ec340 relative=0x00000000000005e0
Event: 0.834 Thread 0x0000026b0df1f440 Uncommon trap: reason=bimorphic_or_optimized_type_check action=maybe_recompile pc=0x0000026b1d5ec340 method=java.util.concurrent.ConcurrentHashMap.get(Ljava/lang/Object;)Ljava/lang/Object; @ 149 c2
Event: 0.834 Thread 0x0000026b0df1f440 DEOPT PACKING pc=0x0000026b1d5ec340 sp=0x000000e3c51fd8d0
Event: 0.834 Thread 0x0000026b0df1f440 DEOPT UNPACKING pc=0x0000026b1ceda1a3 sp=0x000000e3c51fd870 mode 2
Event: 0.926 Thread 0x0000026b0df1f440 Uncommon trap: trap_request=0xffffff45 fr.pc=0x0000026b1d606f60 relative=0x00000000000000e0
Event: 0.926 Thread 0x0000026b0df1f440 Uncommon trap: reason=unstable_if action=reinterpret pc=0x0000026b1d606f60 method=java.lang.ref.SoftReference.get()Ljava/lang/Object; @ 17 c2
Event: 0.926 Thread 0x0000026b0df1f440 DEOPT PACKING pc=0x0000026b1d606f60 sp=0x000000e3c51fc7b0
Event: 0.926 Thread 0x0000026b0df1f440 DEOPT UNPACKING pc=0x0000026b1ceda1a3 sp=0x000000e3c51fc768 mode 2
Event: 0.952 Thread 0x0000026b0df1f440 DEOPT PACKING pc=0x0000026b15b1da98 sp=0x000000e3c51fcee0
Event: 0.952 Thread 0x0000026b0df1f440 DEOPT UNPACKING pc=0x0000026b1cedace3 sp=0x000000e3c51fc3f8 mode 0
Event: 0.968 Thread 0x0000026b0df1f440 DEOPT PACKING pc=0x0000026b15b20fc8 sp=0x000000e3c51fc7e0
Event: 0.968 Thread 0x0000026b0df1f440 DEOPT UNPACKING pc=0x0000026b1cedace3 sp=0x000000e3c51fbcf8 mode 0

Classes unloaded (0 events):
No events

Classes redefined (0 events):
No events

Internal exceptions (7 events):
Event: 0.143 Thread 0x0000026b0df1f440 Exception <a 'java/lang/NoSuchMethodError'{0x00000007152849b8}: 'int java.lang.invoke.DirectMethodHandle$Holder.invokeStaticInit(java.lang.Object, java.lang.Object, java.lang.Object, java.lang.Object)'> (0x00000007152849b8) 
thrown [s\src\hotspot\share\interpreter\linkResolver.cpp, line 759]
Event: 0.146 Thread 0x0000026b0df1f440 Exception <a 'java/lang/NoSuchMethodError'{0x000000071528f6c8}: 'java.lang.Object java.lang.invoke.DirectMethodHandle$Holder.invokeInterface(java.lang.Object, java.lang.Object)'> (0x000000071528f6c8) 
thrown [s\src\hotspot\share\interpreter\linkResolver.cpp, line 759]
Event: 0.148 Thread 0x0000026b0df1f440 Exception <a 'java/lang/IncompatibleClassChangeError'{0x0000000715292de0}: Found class java.lang.Object, but interface was expected> (0x0000000715292de0) 
thrown [s\src\hotspot\share\interpreter\linkResolver.cpp, line 826]
Event: 0.150 Thread 0x0000026b0df1f440 Exception <a 'java/lang/NoSuchMethodError'{0x0000000715295f88}: 'void java.lang.invoke.DirectMethodHandle$Holder.invokeStatic(java.lang.Object, java.lang.Object)'> (0x0000000715295f88) 
thrown [s\src\hotspot\share\interpreter\linkResolver.cpp, line 759]
Event: 0.150 Thread 0x0000026b0df1f440 Exception <a 'java/lang/NoSuchMethodError'{0x00000007152995f8}: 'void java.lang.invoke.DirectMethodHandle$Holder.invokeStaticInit(java.lang.Object, java.lang.Object)'> (0x00000007152995f8) 
thrown [s\src\hotspot\share\interpreter\linkResolver.cpp, line 759]
Event: 0.152 Thread 0x0000026b0df1f440 Exception <a 'java/lang/NoSuchMethodError'{0x000000071529fd40}: 'int java.lang.invoke.DirectMethodHandle$Holder.invokeStaticInit(java.lang.Object, java.lang.Object)'> (0x000000071529fd40) 
thrown [s\src\hotspot\share\interpreter\linkResolver.cpp, line 759]
Event: 0.843 Thread 0x0000026b0df1f440 Exception <a 'java/lang/NoSuchMethodError'{0x00000007141d5a28}: 'java.lang.Object java.lang.invoke.DirectMethodHandle$Holder.invokeStatic(java.lang.Object, int, java.lang.Object)'> (0x00000007141d5a28) 
thrown [s\src\hotspot\share\interpreter\linkResolver.cpp, line 759]

VM Operations (18 events):
Event: 0.110 Executing VM operation: HandshakeAllThreads
Event: 0.110 Executing VM operation: HandshakeAllThreads done
Event: 0.203 Executing VM operation: HandshakeAllThreads
Event: 0.203 Executing VM operation: HandshakeAllThreads done
Event: 0.920 Executing VM operation: G1CollectForAllocation
Event: 0.925 Executing VM operation: G1CollectForAllocation done
Event: 1.930 Executing VM operation: Cleanup
Event: 1.930 Executing VM operation: Cleanup done
Event: 2.943 Executing VM operation: Cleanup
Event: 2.943 Executing VM operation: Cleanup done
Event: 16.949 Executing VM operation: Cleanup
Event: 16.949 Executing VM operation: Cleanup done
Event: 17.950 Executing VM operation: Cleanup
Event: 17.950 Executing VM operation: Cleanup done
Event: 22.951 Executing VM operation: Cleanup
Event: 22.951 Executing VM operation: Cleanup done
Event: 28.954 Executing VM operation: Cleanup
Event: 28.954 Executing VM operation: Cleanup done

Events (20 events):
Event: 0.837 loading class java/time/zone/ZoneOffsetTransitionRule$TimeDefinition done
Event: 0.838 loading class java/time/zone/ZoneOffsetTransition
Event: 0.838 loading class java/time/zone/ZoneOffsetTransition done
Event: 0.839 loading class java/time/temporal/TemporalAdjusters
Event: 0.839 loading class java/time/temporal/TemporalAdjusters done
Event: 0.846 loading class java/time/zone/ZoneOffsetTransitionRule$1
Event: 0.847 loading class java/time/zone/ZoneOffsetTransitionRule$1 done
Event: 0.847 loading class java/util/concurrent/TimeUnit$1
Event: 0.847 loading class java/util/concurrent/TimeUnit$1 done
Event: 0.942 loading class java/lang/NumberFormatException
Event: 0.943 loading class java/lang/NumberFormatException done
Event: 0.944 Thread 0x0000026b3191c060 Thread added: 0x0000026b3191c060
Event: 2.076 Thread 0x0000026b7898da80 Thread exited: 0x0000026b7898da80
Event: 2.076 Thread 0x0000026b77874a80 Thread exited: 0x0000026b77874a80
Event: 2.076 Thread 0x0000026b77003a30 Thread exited: 0x0000026b77003a30
Event: 2.850 Thread 0x0000026b3191af90 Thread exited: 0x0000026b3191af90
Event: 4.250 Thread 0x0000026b318f9370 Thread exited: 0x0000026b318f9370
Event: 5.150 Thread 0x0000026b318f4e40 Thread exited: 0x0000026b318f4e40
Event: 16.735 Thread 0x0000026b795964e0 Thread added: 0x0000026b795964e0
Event: 17.318 Thread 0x0000026b795964e0 Thread exited: 0x0000026b795964e0


Dynamic libraries:
0x00007ff762eb0000 - 0x00007ff762ebe000 	C:\Users\luczu\.jdks\corretto-17.0.10\bin\java.exe
0x00007ff844d90000 - 0x00007ff844fa7000 	C:\WINDOWS\SYSTEM32\ntdll.dll
0x00007ff844400000 - 0x00007ff8444c4000 	C:\WINDOWS\System32\KERNEL32.DLL
0x00007ff8423c0000 - 0x00007ff842766000 	C:\WINDOWS\System32\KERNELBASE.dll
0x00007ff8429c0000 - 0x00007ff842ad1000 	C:\WINDOWS\System32\ucrtbase.dll
0x00007ff80ed60000 - 0x00007ff80ed77000 	C:\Users\luczu\.jdks\corretto-17.0.10\bin\jli.dll
0x00007ff8066a0000 - 0x00007ff8066bb000 	C:\Users\luczu\.jdks\corretto-17.0.10\bin\VCRUNTIME140.dll
0x00007ff844b70000 - 0x00007ff844d1e000 	C:\WINDOWS\System32\USER32.dll
0x00007ff842960000 - 0x00007ff842986000 	C:\WINDOWS\System32\win32u.dll
0x00007ff844d20000 - 0x00007ff844d49000 	C:\WINDOWS\System32\GDI32.dll
0x00007ff81faf0000 - 0x00007ff81fd83000 	C:\WINDOWS\WinSxS\amd64_microsoft.windows.common-controls_6595b64144ccf1df_6.0.22621.2506_none_270c5ae97388e100\COMCTL32.dll
0x00007ff842200000 - 0x00007ff842318000 	C:\WINDOWS\System32\gdi32full.dll
0x00007ff842320000 - 0x00007ff8423ba000 	C:\WINDOWS\System32\msvcp_win.dll
0x00007ff8435d0000 - 0x00007ff843677000 	C:\WINDOWS\System32\msvcrt.dll
0x00007ff8446a0000 - 0x00007ff8446d1000 	C:\WINDOWS\System32\IMM32.DLL
0x00007ff80f3e0000 - 0x00007ff80f3ec000 	C:\Users\luczu\.jdks\corretto-17.0.10\bin\vcruntime140_1.dll
0x00007ffff17e0000 - 0x00007ffff186d000 	C:\Users\luczu\.jdks\corretto-17.0.10\bin\msvcp140.dll
0x00007fff61350000 - 0x00007fff61fb2000 	C:\Users\luczu\.jdks\corretto-17.0.10\bin\server\jvm.dll
0x00007ff843860000 - 0x00007ff843913000 	C:\WINDOWS\System32\ADVAPI32.dll
0x00007ff844110000 - 0x00007ff8441b8000 	C:\WINDOWS\System32\sechost.dll
0x00007ff842990000 - 0x00007ff8429b8000 	C:\WINDOWS\System32\bcrypt.dll
0x00007ff842c30000 - 0x00007ff842d47000 	C:\WINDOWS\System32\RPCRT4.dll
0x00007ff840f60000 - 0x00007ff840fad000 	C:\WINDOWS\SYSTEM32\POWRPROF.dll
0x00007ff839960000 - 0x00007ff839969000 	C:\WINDOWS\SYSTEM32\WSOCK32.dll
0x00007ff837400000 - 0x00007ff837434000 	C:\WINDOWS\SYSTEM32\WINMM.dll
0x00007ff837e80000 - 0x00007ff837e8a000 	C:\WINDOWS\SYSTEM32\VERSION.dll
0x00007ff843bc0000 - 0x00007ff843c31000 	C:\WINDOWS\System32\WS2_32.dll
0x00007ff840f40000 - 0x00007ff840f53000 	C:\WINDOWS\SYSTEM32\UMPDC.dll
0x00007ff841160000 - 0x00007ff841178000 	C:\WINDOWS\SYSTEM32\kernel.appcore.dll
0x00007ff80e4b0000 - 0x00007ff80e4ba000 	C:\Users\luczu\.jdks\corretto-17.0.10\bin\jimage.dll
0x00007ff83f570000 - 0x00007ff83f7a3000 	C:\WINDOWS\SYSTEM32\DBGHELP.DLL
0x00007ff843d70000 - 0x00007ff8440f9000 	C:\WINDOWS\System32\combase.dll
0x00007ff843a80000 - 0x00007ff843b57000 	C:\WINDOWS\System32\OLEAUT32.dll
0x00007ff8256a0000 - 0x00007ff8256d2000 	C:\WINDOWS\SYSTEM32\dbgcore.DLL
0x00007ff8428e0000 - 0x00007ff84295a000 	C:\WINDOWS\System32\bcryptPrimitives.dll
0x00007ff8064d0000 - 0x00007ff8064f5000 	C:\Users\luczu\.jdks\corretto-17.0.10\bin\java.dll
0x00007fffe8d30000 - 0x00007fffe8e07000 	C:\Users\luczu\.jdks\corretto-17.0.10\bin\jsvml.dll
0x00007ff842d50000 - 0x00007ff8435ab000 	C:\WINDOWS\System32\SHELL32.dll
0x00007ff83fff0000 - 0x00007ff8408e6000 	C:\WINDOWS\SYSTEM32\windows.storage.dll
0x00007ff83feb0000 - 0x00007ff83ffee000 	C:\WINDOWS\SYSTEM32\wintypes.dll
0x00007ff842b30000 - 0x00007ff842c23000 	C:\WINDOWS\System32\SHCORE.dll
0x00007ff843b60000 - 0x00007ff843bbe000 	C:\WINDOWS\System32\shlwapi.dll
0x00007ff842000000 - 0x00007ff842026000 	C:\WINDOWS\SYSTEM32\profapi.dll
0x00007ff806680000 - 0x00007ff806699000 	C:\Users\luczu\.jdks\corretto-17.0.10\bin\net.dll
0x00007ff8385f0000 - 0x00007ff838727000 	C:\WINDOWS\SYSTEM32\WINHTTP.dll
0x00007ff841680000 - 0x00007ff8416e9000 	C:\WINDOWS\system32\mswsock.dll
0x00007ff8065d0000 - 0x00007ff8065e6000 	C:\Users\luczu\.jdks\corretto-17.0.10\bin\nio.dll
0x00007ffffde10000 - 0x00007ffffde28000 	C:\Users\luczu\.jdks\corretto-17.0.10\bin\zip.dll
0x0000026b0bf10000 - 0x0000026b0bf13000 	C:\Program Files (x86)\Windows Kits\10\Redist\ucrt\DLLs\x64\api-ms-win-crt-locale-l1-1-0.dll
0x0000026b0dec0000 - 0x0000026b0dec4000 	C:\Program Files (x86)\Windows Kits\10\Redist\ucrt\DLLs\x64\api-ms-win-crt-string-l1-1-0.dll
0x0000026b31cc0000 - 0x0000026b31cc4000 	C:\Program Files (x86)\Windows Kits\10\Redist\ucrt\DLLs\x64\api-ms-win-crt-stdio-l1-1-0.dll
0x0000026b31cd0000 - 0x0000026b31cd5000 	C:\Program Files (x86)\Windows Kits\10\Redist\ucrt\DLLs\x64\api-ms-win-crt-math-l1-1-0.dll
0x0000026b31ce0000 - 0x0000026b31ce3000 	C:\Program Files (x86)\Windows Kits\10\Redist\ucrt\DLLs\x64\api-ms-win-crt-heap-l1-1-0.dll
0x0000026b31cf0000 - 0x0000026b31cf4000 	C:\Program Files (x86)\Windows Kits\10\Redist\ucrt\DLLs\x64\api-ms-win-crt-runtime-l1-1-0.dll
0x0000026b31d00000 - 0x0000026b31d04000 	C:\Program Files (x86)\Windows Kits\10\Redist\ucrt\DLLs\x64\api-ms-win-crt-convert-l1-1-0.dll
0x0000026b31d10000 - 0x0000026b31d13000 	C:\Program Files (x86)\Windows Kits\10\Redist\ucrt\DLLs\x64\api-ms-win-crt-environment-l1-1-0.dll
0x0000026b31d20000 - 0x0000026b31d23000 	C:\Program Files (x86)\Windows Kits\10\Redist\ucrt\DLLs\x64\api-ms-win-crt-time-l1-1-0.dll
0x0000026b31d30000 - 0x0000026b31d33000 	C:\Program Files (x86)\Windows Kits\10\Redist\ucrt\DLLs\x64\api-ms-win-crt-filesystem-l1-1-0.dll
0x0000026b31d40000 - 0x0000026b31d43000 	C:\Program Files (x86)\Windows Kits\10\Redist\ucrt\DLLs\x64\api-ms-win-crt-utility-l1-1-0.dll
0x0000026b31d50000 - 0x0000026b31d55000 	C:\Program Files (x86)\Windows Kits\10\Redist\ucrt\DLLs\x64\api-ms-win-crt-multibyte-l1-1-0.dll
0x0000026b31d60000 - 0x0000026b31d63000 	C:\Program Files (x86)\Windows Kits\10\Redist\ucrt\DLLs\x64\api-ms-win-crt-conio-l1-1-0.dll
0x0000026b31d70000 - 0x0000026b31d7f000 	C:\Program Files (x86)\Windows Kits\10\Redist\ucrt\DLLs\x64\api-ms-win-crt-private-l1-1-0.dll
0x0000026b31d80000 - 0x0000026b31d83000 	C:\Program Files (x86)\Windows Kits\10\Redist\ucrt\DLLs\x64\api-ms-win-crt-process-l1-1-0.dll
0x0000026b31d90000 - 0x0000026b31d93000 	C:\Program Files\Microsoft\jdk-11.0.12.7-hotspot\bin\api-ms-win-core-console-l1-2-0.dll
0x0000026b31da0000 - 0x0000026b31da3000 	C:\Program Files (x86)\Windows Kits\10\Redist\ucrt\DLLs\x64\api-ms-win-core-string-l1-1-0.dll
0x0000026b31db0000 - 0x0000026b31db3000 	C:\Program Files (x86)\Windows Kits\10\Redist\ucrt\DLLs\x64\api-ms-win-core-errorhandling-l1-1-0.dll
0x0000026b31dc0000 - 0x0000026b31dc3000 	C:\Program Files (x86)\Windows Kits\10\Redist\ucrt\DLLs\x64\api-ms-win-core-timezone-l1-1-0.dll
0x0000026b31dd0000 - 0x0000026b31dd4000 	C:\Program Files (x86)\Windows Kits\10\Redist\ucrt\DLLs\x64\api-ms-win-core-file-l1-1-0.dll
0x0000026b31de0000 - 0x0000026b31de3000 	C:\Program Files (x86)\Windows Kits\10\Redist\ucrt\DLLs\x64\api-ms-win-core-namedpipe-l1-1-0.dll
0x0000026b31df0000 - 0x0000026b31df3000 	C:\Program Files (x86)\Windows Kits\10\Redist\ucrt\DLLs\x64\api-ms-win-core-handle-l1-1-0.dll
0x0000026b31e00000 - 0x0000026b31e03000 	C:\Program Files (x86)\Windows Kits\10\Redist\ucrt\DLLs\x64\api-ms-win-core-file-l2-1-0.dll
0x0000026b31e10000 - 0x0000026b31e13000 	C:\Program Files (x86)\Windows Kits\10\Redist\ucrt\DLLs\x64\api-ms-win-core-heap-l1-1-0.dll
0x0000026b31e20000 - 0x0000026b31e23000 	C:\Program Files (x86)\Windows Kits\10\Redist\ucrt\DLLs\x64\api-ms-win-core-libraryloader-l1-1-0.dll
0x0000026b31e30000 - 0x0000026b31e33000 	C:\Program Files (x86)\Windows Kits\10\Redist\ucrt\DLLs\x64\api-ms-win-core-synch-l1-1-0.dll
0x0000026b31e40000 - 0x0000026b31e43000 	C:\Program Files (x86)\Windows Kits\10\Redist\ucrt\DLLs\x64\api-ms-win-core-processthreads-l1-1-0.dll
0x0000026b31e50000 - 0x0000026b31e53000 	C:\Program Files (x86)\Windows Kits\10\Redist\ucrt\DLLs\x64\api-ms-win-core-processenvironment-l1-1-0.dll
0x0000026b31e60000 - 0x0000026b31e63000 	C:\Program Files (x86)\Windows Kits\10\Redist\ucrt\DLLs\x64\api-ms-win-core-datetime-l1-1-0.dll
0x0000026b31e70000 - 0x0000026b31e73000 	C:\Program Files (x86)\Windows Kits\10\Redist\ucrt\DLLs\x64\api-ms-win-core-localization-l1-2-0.dll
0x0000026b31e80000 - 0x0000026b31e83000 	C:\Program Files (x86)\Windows Kits\10\Redist\ucrt\DLLs\x64\api-ms-win-core-sysinfo-l1-1-0.dll
0x0000026b31e90000 - 0x0000026b31e93000 	C:\Program Files (x86)\Windows Kits\10\Redist\ucrt\DLLs\x64\api-ms-win-core-synch-l1-2-0.dll
0x0000026b31ea0000 - 0x0000026b31ea3000 	C:\Program Files (x86)\Windows Kits\10\Redist\ucrt\DLLs\x64\api-ms-win-core-console-l1-1-0.dll
0x0000026b31eb0000 - 0x0000026b31eb3000 	C:\Program Files (x86)\Windows Kits\10\Redist\ucrt\DLLs\x64\api-ms-win-core-debug-l1-1-0.dll
0x0000026b31ec0000 - 0x0000026b31ec3000 	C:\Program Files (x86)\Windows Kits\10\Redist\ucrt\DLLs\x64\api-ms-win-core-rtlsupport-l1-1-0.dll
0x0000026b31ed0000 - 0x0000026b31ed3000 	C:\Program Files (x86)\Windows Kits\10\Redist\ucrt\DLLs\x64\api-ms-win-core-processthreads-l1-1-1.dll
0x0000026b31ee0000 - 0x0000026b31ee3000 	C:\Program Files (x86)\Windows Kits\10\Redist\ucrt\DLLs\x64\api-ms-win-core-file-l1-2-0.dll
0x0000026b31ef0000 - 0x0000026b31ef3000 	C:\Program Files (x86)\Windows Kits\10\Redist\ucrt\DLLs\x64\api-ms-win-core-profile-l1-1-0.dll
0x0000026b31f00000 - 0x0000026b31f03000 	C:\Program Files (x86)\Windows Kits\10\Redist\ucrt\DLLs\x64\api-ms-win-core-memory-l1-1-0.dll
0x0000026b31f10000 - 0x0000026b31f13000 	C:\Program Files (x86)\Windows Kits\10\Redist\ucrt\DLLs\x64\api-ms-win-core-util-l1-1-0.dll
0x0000026b31f20000 - 0x0000026b31f23000 	C:\Program Files (x86)\Windows Kits\10\Redist\ucrt\DLLs\x64\api-ms-win-core-interlocked-l1-1-0.dll
0x00007fffe9180000 - 0x00007fffe9272000 	C:\Program Files (x86)\Windows Kits\10\Redist\ucrt\DLLs\x64\ucrtbase.dll
0x00007ff80baa0000 - 0x00007ff80baa9000 	C:\Windows\System32\msvcp140_1.dll
0x00007ff80ba50000 - 0x00007ff80ba9e000 	C:\Windows\System32\concrt140.dll
0x00007ff80ba10000 - 0x00007ff80ba41000 	C:\Windows\System32\vcomp140.dll
0x00007ff8122c0000 - 0x00007ff8123c0000 	C:\Windows\System32\opengl32.dll
0x00007ff812140000 - 0x00007ff81216d000 	C:\WINDOWS\SYSTEM32\GLU32.dll
0x00007ff83f310000 - 0x00007ff83f349000 	C:\WINDOWS\SYSTEM32\dxcore.dll
0x00007fff603a0000 - 0x00007fff605bd000 	C:\Users\luczu\.javacpp\cache\jaylib-4.5.0-0.jar\com\raylib\windows-x86_64\jniRaylib.dll
0x00007fffba330000 - 0x00007fffba376000 	C:\WINDOWS\SYSTEM32\dinput8.dll
0x00007ff819330000 - 0x00007ff819341000 	C:\WINDOWS\SYSTEM32\xinput1_4.dll
0x00007ff841dc0000 - 0x00007ff841e0e000 	C:\WINDOWS\SYSTEM32\cfgmgr32.dll
0x00007ff841d90000 - 0x00007ff841dbc000 	C:\WINDOWS\SYSTEM32\DEVOBJ.dll
0x00007ff83f530000 - 0x00007ff83f55b000 	C:\WINDOWS\SYSTEM32\dwmapi.dll
0x00007ff8209a0000 - 0x00007ff820baa000 	C:\WINDOWS\SYSTEM32\inputhost.dll
0x00007ff83c5b0000 - 0x00007ff83c6e4000 	C:\WINDOWS\SYSTEM32\CoreMessaging.dll
0x00007ff83efe0000 - 0x00007ff83f08b000 	C:\WINDOWS\system32\uxtheme.dll
0x00007ff843920000 - 0x00007ff843a71000 	C:\WINDOWS\System32\MSCTF.dll
0x00007ff8418f0000 - 0x00007ff8418fc000 	C:\WINDOWS\SYSTEM32\CRYPTBASE.DLL
0x00007ff8408f0000 - 0x00007ff8408fe000 	C:\WINDOWS\SYSTEM32\HID.DLL
0x00007ff8446e0000 - 0x00007ff844b54000 	C:\WINDOWS\System32\SETUPAPI.DLL
0x00007ff8420d0000 - 0x00007ff84213b000 	C:\WINDOWS\System32\WINTRUST.dll
0x00007ff842770000 - 0x00007ff8428d6000 	C:\WINDOWS\System32\CRYPT32.dll
0x00007ff841d70000 - 0x00007ff841d82000 	C:\WINDOWS\SYSTEM32\MSASN1.dll
0x00007ff8398d0000 - 0x00007ff83991a000 	C:\WINDOWS\SYSTEM32\directxdatabasehelper.dll
0x00007ff843cc0000 - 0x00007ff843d70000 	C:\WINDOWS\System32\clbcatq.dll
0x00007fff29110000 - 0x00007fff2bd00000 	C:\WINDOWS\System32\DriverStore\FileRepository\nvhm.inf_amd64_28ac5867493a0477\nvoglv64.dll
0x00007ff844260000 - 0x00007ff844400000 	C:\WINDOWS\System32\ole32.dll
0x00007ff840fb0000 - 0x00007ff840fc4000 	C:\WINDOWS\SYSTEM32\WTSAPI32.dll
0x00007ff8296c0000 - 0x00007ff8296f2000 	C:\WINDOWS\SYSTEM32\cryptnet.dll
0x00007ff829700000 - 0x00007ff829858000 	C:\WINDOWS\SYSTEM32\drvstore.dll
0x00007ff841980000 - 0x00007ff8419cb000 	C:\WINDOWS\SYSTEM32\wldp.dll
0x00007ff843680000 - 0x00007ff84369f000 	C:\WINDOWS\System32\imagehlp.dll
0x00007ff8418d0000 - 0x00007ff8418eb000 	C:\WINDOWS\SYSTEM32\CRYPTSP.dll
0x00007ff841180000 - 0x00007ff8411b5000 	C:\WINDOWS\system32\rsaenh.dll
0x00007ff841710000 - 0x00007ff841736000 	C:\WINDOWS\SYSTEM32\gpapi.dll
0x00007ffffa0b0000 - 0x00007ffffc29b000 	C:\WINDOWS\System32\DriverStore\FileRepository\nvhm.inf_amd64_28ac5867493a0477\nvgpucomp64.dll
0x00007ff841220000 - 0x00007ff841254000 	C:\WINDOWS\SYSTEM32\ntmarta.dll
0x00007fff600a0000 - 0x00007fff60363000 	C:\WINDOWS\system32\nvspcap64.dll
0x00007ff840b40000 - 0x00007ff840ba6000 	C:\WINDOWS\SYSTEM32\WINSTA.dll

dbghelp: loaded successfully - version: 4.0.5 - missing functions: none
symbol engine: initialized successfully - sym options: 0x614 - pdb path: .;C:\Users\luczu\.jdks\corretto-17.0.10\bin;C:\WINDOWS\SYSTEM32;C:\WINDOWS\WinSxS\amd64_microsoft.windows.common-controls_6595b64144ccf1df_6.0.22621.2506_none_270c5ae97388e100;C:\Users\luczu\.jdks\corretto-17.0.10\bin\server;C:\Program Files (x86)\Windows Kits\10\Redist\ucrt\DLLs\x64;C:\Program Files\Microsoft\jdk-11.0.12.7-hotspot\bin;C:\Users\luczu\.javacpp\cache\jaylib-4.5.0-0.jar\com\raylib\windows-x86_64

VM Arguments:
jvm_args: -Dfile.encoding=windows-1252 -Duser.country=NL -Duser.language=nl -Duser.variant 
java_command: PineVille.MenuScene
java_class_path (initial): C:\Users\luczu\OneDrive\Documenten\PineVille\build\classes\java\main;C:\Users\luczu\OneDrive\Documenten\PineVille\build\resources\main;C:\Users\luczu\.gradle\caches\modules-2\files-2.1\uk.co.electronstudio.jaylib\jaylib\4.5.0-0\90c0d608df9bbd32f5f34683acc58cb433e94508\jaylib-4.5.0-0.jar
Launcher Type: SUN_STANDARD

[Global flags]
     intx CICompilerCount                          = 12                                        {product} {ergonomic}
     uint ConcGCThreads                            = 3                                         {product} {ergonomic}
     uint G1ConcRefinementThreads                  = 13                                        {product} {ergonomic}
   size_t G1HeapRegionSize                         = 2097152                                   {product} {ergonomic}
    uintx GCDrainStackTargetSize                   = 64                                        {product} {ergonomic}
   size_t InitialHeapSize                          = 264241152                                 {product} {ergonomic}
   size_t MarkStackSize                            = 4194304                                   {product} {ergonomic}
   size_t MaxHeapSize                              = 4200595456                                {product} {ergonomic}
   size_t MaxNewSize                               = 2518679552                                {product} {ergonomic}
   size_t MinHeapDeltaBytes                        = 2097152                                   {product} {ergonomic}
   size_t MinHeapSize                              = 8388608                                   {product} {ergonomic}
    uintx NonNMethodCodeHeapSize                   = 7602480                                {pd product} {ergonomic}
    uintx NonProfiledCodeHeapSize                  = 122027880                              {pd product} {ergonomic}
    uintx ProfiledCodeHeapSize                     = 122027880                              {pd product} {ergonomic}
    uintx ReservedCodeCacheSize                    = 251658240                              {pd product} {ergonomic}
     bool SegmentedCodeCache                       = true                                      {product} {ergonomic}
   size_t SoftMaxHeapSize                          = 4200595456                             {manageable} {ergonomic}
     bool UseCompressedClassPointers               = true                           {product lp64_product} {ergonomic}
     bool UseCompressedOops                        = true                           {product lp64_product} {ergonomic}
     bool UseG1GC                                  = true                                      {product} {ergonomic}
     bool UseLargePagesIndividualAllocation        = false                                  {pd product} {ergonomic}

Logging:
Log output configuration:
 #0: stdout all=warning uptime,level,tags
 #1: stderr all=off uptime,level,tags

Environment Variables:
PATH=C:\Program Files (x86)\Common Files\Intel\Shared Libraries\redist\intel64\compiler;C:\Program Files\Common Files\Oracle\Java\javapath;C:\Program Files\Microsoft\jdk-11.0.12.7-hotspot\bin;C:\windows\system32;C:\windows;C:\windows\System32\Wbem;C:\windows\System32\WindowsPowerShell\v1.0\;C:\windows\System32\OpenSSH\;C:\Program Files (x86)\NVIDIA Corporation\PhysX\Common;C:\Program Files\NVIDIA Corporation\NVIDIA NvDLISR;C:\Program Files\Microsoft SQL Server\150\Tools\Binn\;C:\Program Files\Microsoft SQL Server\Client SDK\ODBC\170\Tools\Binn\;C:\Program Files\dotnet\;C:\WINDOWS\system32;C:\WINDOWS;C:\WINDOWS\System32\Wbem;C:\WINDOWS\System32\WindowsPowerShell\v1.0\;C:\WINDOWS\System32\OpenSSH\;C:\Program Files\CMake\bin;C:\Program Files\Git\cmd;C:\Users\luczu\AppData\Local\Microsoft\WindowsApps;C:\Users\luczu\.dotnet\tools;C:\Users\luczu\AppData\Local\GitHubDesktop\bin;;C:\Users\luczu\AppData\Local\Programs\Microsoft VS Code\bin
USERNAME=luczu
OS=Windows_NT
PROCESSOR_IDENTIFIER=Intel64 Family 6 Model 141 Stepping 1, GenuineIntel
TMP=C:\Users\luczu\AppData\Local\Temp
TEMP=C:\Users\luczu\AppData\Local\Temp



Periodic native trim disabled


---------------  S Y S T E M  ---------------

OS:
 Windows 11 , 64 bit Build 22621 (10.0.22621.3085)
OS uptime: 0 days 1:02 hours
Hyper-V role detected

CPU: total 16 (initial active 16) (8 cores per cpu, 2 threads per core) family 6 model 141 stepping 1 microcode 0x4e, cx8, cmov, fxsr, ht, mmx, 3dnowpref, sse, sse2, sse3, ssse3, sse4.1, sse4.2, popcnt, lzcnt, tsc, tscinvbit, avx, avx2, aes, erms, clmul, bmi1, bmi2, adx, avx512f, avx512dq, avx512cd, avx512bw, avx512vl, sha, fma, vzeroupper, avx512_vpopcntdq, avx512_vpclmulqdq, avx512_vaes, avx512_vnni, clflush, clflushopt, clwb, avx512_vbmi2, avx512_vbmi, hv
Processor Information for all 16 processors :
  Max Mhz: 2304, Current Mhz: 2304, Mhz Limit: 2304

Memory: 4k page, system-wide physical 16021M (3828M free)
TotalPageFile size 33429M (AvailPageFile size 14514M)
current process WorkingSet (physical memory assigned to process): 119M, peak: 192M
current process commit charge ("private bytes"): 496M, peak: 626M

vm_info: OpenJDK 64-Bit Server VM (17.0.10+7-LTS) for windows-amd64 JRE (17.0.10+7-LTS), built on Jan 10 2024 22:11:07 by "Administrator" with MS VC++ 16.10 / 16.11 (VS2019)

END.
