#
# A fatal error has been detected by the Java Runtime Environment:
#
#  EXCEPTION_ACCESS_VIOLATION (0xc0000005) at pc=0x0000000000000000, pid=3348, tid=11708
#
# JRE version: OpenJDK Runtime Environment Corretto-17.0.10.7.1 (17.0.10+7) (build 17.0.10+7-LTS)
# Java VM: OpenJDK 64-Bit Server VM Corretto-17.0.10.7.1 (17.0.10+7-LTS, mixed mode, sharing, tiered, compressed oops, compressed class ptrs, g1 gc, windows-amd64)
# Problematic frame:
# C  [jniRaylib.dll+0xdcb37]
#
# No core dump will be written. Minidumps are not enabled by default on client versions of Windows
#
# If you would like to submit a bug report, please visit:
#   https://github.com/corretto/corretto-17/issues/
# The crash happened outside the Java Virtual Machine in native code.
# See problematic frame for where to report the bug.
#

---------------  S U M M A R Y ------------

Command Line: -Dfile.encoding=windows-1252 -Duser.country=NL -Duser.language=nl -Duser.variant PineVille.GameScene

Host: 11th Gen Intel(R) Core(TM) i7-11800H @ 2.30GHz, 16 cores, 15G,  Windows 11 , 64 bit Build 22621 (10.0.22621.2506)
Time: Tue Feb 13 11:30:23 2024 West-Europa (standaardtijd) elapsed time: 0.727302 seconds (0d 0h 0m 0s)

---------------  T H R E A D  ---------------

Current thread (0x0000029e3e4ab220):  JavaThread "main" [_thread_in_native, id=11708, stack(0x000000e5d7700000,0x000000e5d7800000)]

Stack: [0x000000e5d7700000,0x000000e5d7800000],  sp=0x000000e5d77ff470,  free space=1021k
Native frames: (J=compiled Java code, j=interpreted, Vv=VM code, C=native code)

Java frames: (J=compiled Java code, j=interpreted, Vv=VM code)
j  com.raylib.Raylib.LoadTexture(Ljava/lang/String;)Lcom/raylib/Raylib$Texture;+0
j  PineVille.GameScene.main([Ljava/lang/String;)V+10
v  ~StubRoutines::call_stub

siginfo: EXCEPTION_ACCESS_VIOLATION (0xc0000005), data execution prevention violation at address 0x0000000000000000


Registers:
RAX=0x00004e55aa89cd33, RBX=0x0000000000000002, RCX=0x0000000000000de1, RDX=0x0000000000000000
RSP=0x000000e5d77ff468, RBP=0x0000000000000002, RSI=0x0000000000000020, RDI=0x0000000000000020
R8 =0x0000000000000020, R9 =0x0000000000000002, R10=0x0000029e3c150000, R11=0x000000e5d77ff4a0
R12=0x0000000000000000, R13=0x0000029ea370e170, R14=0x0000000000000020, R15=0x0000029e3e4ab220
RIP=0x0000000000000000, EFLAGS=0x0000000000010246


Register to memory mapping:

RIP=0x0 is NULL
RAX=0x00004e55aa89cd33 is an unknown value
RBX=0x0000000000000002 is an unknown value
RCX=0x0000000000000de1 is an unknown value
RDX=0x0 is NULL
RSP=0x000000e5d77ff468 is pointing into the stack for thread: 0x0000029e3e4ab220
RBP=0x0000000000000002 is an unknown value
RSI=0x0000000000000020 is an unknown value
RDI=0x0000000000000020 is an unknown value
R8 =0x0000000000000020 is an unknown value
R9 =0x0000000000000002 is an unknown value
R10=0x0000029e3c150000 points into unknown readable memory: 0x0000000000000000 | 00 00 00 00 00 00 00 00
R11=0x000000e5d77ff4a0 is pointing into the stack for thread: 0x0000029e3e4ab220
R12=0x0 is NULL
R13=0x0000029ea370e170 points into unknown readable memory: 0x00ff00ff00ff00ff | ff 00 ff 00 ff 00 ff 00
R14=0x0000000000000020 is an unknown value
R15=0x0000029e3e4ab220 is a thread


Top of Stack: (sp=0x000000e5d77ff468)
0x000000e5d77ff468:   00007ffc6bffcb37 0000000000000000
0x000000e5d77ff478:   0000000000000000 0000000000000000
0x000000e5d77ff488:   00007ffd4103480e 0000029ea829aba0
0x000000e5d77ff498:   000000e5d77ff620 0000029e3e4ab220
0x000000e5d77ff4a8:   0000000000000000 0000029ea441d7f8
0x000000e5d77ff4b8:   0000000000000000 0000029e00000000
0x000000e5d77ff4c8:   00007ffd43b6ab11 0000002000000020
0x000000e5d77ff4d8:   0000029e3c150000 0000000200000001
0x000000e5d77ff4e8:   00004e55aa89cd33 0000000000000000
0x000000e5d77ff4f8:   0000029ea9749d00 0000029ea9749b10
0x000000e5d77ff508:   00007ffd410437eb 000000e5d77ff620
0x000000e5d77ff518:   0000000000000001 0000029ea441d7f8
0x000000e5d77ff528:   0000029ea370e170 000000e5d77ff620
0x000000e5d77ff538:   00007ffc6bfd1bf0 000000e5d77ff620
0x000000e5d77ff548:   0000029e00000000 0000000000000000
0x000000e5d77ff558:   0000000000000000 0000029e00000001
0x000000e5d77ff568:   000000e5d77ffbb0 000000e500000000
0x000000e5d77ff578:   00007ffd41041b06 0000000000000000
0x000000e5d77ff588:   0000029ea370e170 0000002000000020
0x000000e5d77ff598:   0000000200000001 0000029ea370e170
0x000000e5d77ff5a8:   0000002000000020 0000000200000001
0x000000e5d77ff5b8:   0000000000000002 0000029ea829aba0
0x000000e5d77ff5c8:   0000029e3e4ab4d8 0000029ea80d6170
0x000000e5d77ff5d8:   00007ffc6bf6333b 000000e5000001f0
0x000000e5d77ff5e8:   0000029ea441d800 000000e5d77ff6d8
0x000000e5d77ff5f8:   000000e5d77ffbb0 0000029e3e4ab220
0x000000e5d77ff608:   0000029e3e4ab220 0000029ea829aba0
0x000000e5d77ff618:   0000029e3e4ab220 0000000000000000
0x000000e5d77ff628:   0000000000000000 0000029e00000000
0x000000e5d77ff638:   0000029ea441d800 000000e5d77ff6f8
0x000000e5d77ff648:   0000029e3e4ab220 000000e5d77ffbb0
0x000000e5d77ff658:   0000029e4d41d621 0000029e3e4ab4d8 

Instructions: (pc=0x00007ffc6bffcb37)
0x00007ffc6bffca37:   44 24 50 c7 44 24 50 00 00 00 00 ba 84 8b 00 00
0x00007ffc6bffca47:   8b ce ff 15 89 41 11 00 48 63 44 24 50 85 c0 7e
0x00007ffc6bffca57:   4d 48 8b c8 c7 44 24 20 00 00 00 00 ba 01 00 00
0x00007ffc6bffca67:   00 ff 15 ba 0b 08 00 8b 54 24 50 4c 8d 44 24 20
0x00007ffc6bffca77:   4c 8b c8 8b ce 48 8b d8 ff 15 bb 40 11 00 4c 8b
0x00007ffc6bffca87:   cb 48 8d 15 a9 d9 08 00 44 8b c6 b9 04 00 00 00
0x00007ffc6bffca97:   e8 d4 ce 06 00 48 8b cb ff 15 93 0b 08 00 8b ce
0x00007ffc6bffcaa7:   ff 15 5b 3a 11 00 33 c0 48 8b 5c 24 40 48 8b 74
0x00007ffc6bffcab7:   24 48 48 83 c4 30 5f c3 48 8d 15 92 d9 08 00 b9
0x00007ffc6bffcac7:   03 00 00 00 e8 a0 ce 06 00 48 8b 5c 24 40 8b c6
0x00007ffc6bffcad7:   48 8b 74 24 48 48 83 c4 30 5f c3 cc cc cc cc cc
0x00007ffc6bffcae7:   cc cc cc cc cc cc cc cc cc 40 53 56 41 55 41 56
0x00007ffc6bffcaf7:   48 81 ec a8 00 00 00 48 8b 05 73 12 11 00 48 33
0x00007ffc6bffcb07:   c4 48 89 44 24 78 44 8b f2 89 54 24 60 4c 8b e9
0x00007ffc6bffcb17:   44 89 44 24 64 33 d2 c7 44 24 50 00 00 00 00 b9
0x00007ffc6bffcb27:   e1 0d 00 00 41 8b d9 41 8b f0 ff 15 f1 35 11 00
0x00007ffc6bffcb37:   80 3d 00 61 11 00 00 75 1e 8d 43 f5 83 f8 03 77
0x00007ffc6bffcb47:   16 48 8d 15 e9 d1 08 00 b9 04 00 00 00 e8 17 ce
0x00007ffc6bffcb57:   06 00 e9 f6 03 00 00 80 3d da 60 11 00 00 75 19
0x00007ffc6bffcb67:   83 fb 0f 75 14 48 8d 15 f5 d1 08 00 8d 4b f5 e8
0x00007ffc6bffcb77:   f5 cd 06 00 e9 d4 03 00 00 80 3d b9 60 11 00 00
0x00007ffc6bffcb87:   75 1e 8d 43 f0 83 f8 01 77 16 48 8d 15 08 d2 08
0x00007ffc6bffcb97:   00 b9 04 00 00 00 e8 ce cd 06 00 e9 ad 03 00 00
0x00007ffc6bffcba7:   80 3d 93 60 11 00 00 75 1e 8d 43 ee 83 f8 01 77
0x00007ffc6bffcbb7:   16 48 8d 15 19 d2 08 00 b9 04 00 00 00 e8 a7 cd
0x00007ffc6bffcbc7:   06 00 e9 86 03 00 00 80 3d 6d 60 11 00 00 75 1e
0x00007ffc6bffcbd7:   8d 43 ec 83 f8 01 77 16 48 8d 15 2a d2 08 00 b9
0x00007ffc6bffcbe7:   04 00 00 00 e8 80 cd 06 00 e9 5f 03 00 00 48 89
0x00007ffc6bffcbf7:   ac 24 a0 00 00 00 ba 01 00 00 00 48 89 bc 24 98
0x00007ffc6bffcc07:   00 00 00 b9 f5 0c 00 00 4c 89 a4 24 90 00 00 00
0x00007ffc6bffcc17:   4c 89 bc 24 88 00 00 00 ff 15 13 48 11 00 48 8d
0x00007ffc6bffcc27:   54 24 50 b9 01 00 00 00 ff 15 43 3c 11 00 8b 54 


Stack slot to memory mapping:
stack at sp + 0 slots: 0x0 is NULL
stack at sp + 1 slots: 0x0 is NULL
stack at sp + 2 slots: 0x0 is NULL
stack at sp + 3 slots: 0x00007ffd4103480e ucrtbase.dll
stack at sp + 4 slots: 0x0000029ea829aba0 points into unknown readable memory: 0x656372756f736572 | 72 65 73 6f 75 72 63 65
stack at sp + 5 slots: 0x000000e5d77ff620 is pointing into the stack for thread: 0x0000029e3e4ab220
stack at sp + 6 slots: 0x0000029e3e4ab220 is a thread
stack at sp + 7 slots: 0x0 is NULL


---------------  P R O C E S S  ---------------

Threads class SMR info:
_java_thread_list=0x0000029ea32d2270, length=16, elements={
0x0000029e3e4ab220, 0x0000029e5eee2650, 0x0000029e5eee2e20, 0x0000029e5eefa8b0,
0x0000029e5eefb080, 0x0000029e5eefd660, 0x0000029e5eeffc40, 0x0000029e5ef04d60,
0x0000029e5ef05420, 0x0000029e5ef05a30, 0x0000029ea311fd10, 0x0000029ea31fbb20,
0x0000029ea31fe460, 0x0000029ea3404210, 0x0000029ea3711d70, 0x0000029ea86bce10
}

Java Threads: ( => current thread )
=>0x0000029e3e4ab220 JavaThread "main" [_thread_in_native, id=11708, stack(0x000000e5d7700000,0x000000e5d7800000)]
  0x0000029e5eee2650 JavaThread "Reference Handler" daemon [_thread_blocked, id=15268, stack(0x000000e5d7e00000,0x000000e5d7f00000)]
  0x0000029e5eee2e20 JavaThread "Finalizer" daemon [_thread_blocked, id=31272, stack(0x000000e5d7f00000,0x000000e5d8000000)]
  0x0000029e5eefa8b0 JavaThread "Signal Dispatcher" daemon [_thread_blocked, id=30956, stack(0x000000e5d8000000,0x000000e5d8100000)]
  0x0000029e5eefb080 JavaThread "Attach Listener" daemon [_thread_blocked, id=8900, stack(0x000000e5d8100000,0x000000e5d8200000)]
  0x0000029e5eefd660 JavaThread "Service Thread" daemon [_thread_blocked, id=3628, stack(0x000000e5d8200000,0x000000e5d8300000)]
  0x0000029e5eeffc40 JavaThread "Monitor Deflation Thread" daemon [_thread_blocked, id=31424, stack(0x000000e5d8300000,0x000000e5d8400000)]
  0x0000029e5ef04d60 JavaThread "C2 CompilerThread0" daemon [_thread_blocked, id=29668, stack(0x000000e5d8400000,0x000000e5d8500000)]
  0x0000029e5ef05420 JavaThread "C1 CompilerThread0" daemon [_thread_blocked, id=25740, stack(0x000000e5d8500000,0x000000e5d8600000)]
  0x0000029e5ef05a30 JavaThread "Sweeper thread" daemon [_thread_blocked, id=3844, stack(0x000000e5d8600000,0x000000e5d8700000)]
  0x0000029ea311fd10 JavaThread "C1 CompilerThread1" daemon [_thread_blocked, id=3028, stack(0x000000e5d8700000,0x000000e5d8800000)]
  0x0000029ea31fbb20 JavaThread "Notification Thread" daemon [_thread_blocked, id=4700, stack(0x000000e5d8800000,0x000000e5d8900000)]
  0x0000029ea31fe460 JavaThread "Common-Cleaner" daemon [_thread_blocked, id=8788, stack(0x000000e5d8a00000,0x000000e5d8b00000)]
  0x0000029ea3404210 JavaThread "C2 CompilerThread1" daemon [_thread_blocked, id=29000, stack(0x000000e5d8b00000,0x000000e5d8c00000)]
  0x0000029ea3711d70 JavaThread "C2 CompilerThread2" daemon [_thread_blocked, id=8372, stack(0x000000e5d8c00000,0x000000e5d8d00000)]
  0x0000029ea86bce10 JavaThread "JavaCPP Deallocator" daemon [_thread_blocked, id=16016, stack(0x000000e5d8d00000,0x000000e5d8e00000)]

Other Threads:
  0x0000029e5eedd960 VMThread "VM Thread" [stack: 0x000000e5d7d00000,0x000000e5d7e00000] [id=29012]
  0x0000029ea31fc000 WatcherThread [stack: 0x000000e5d8900000,0x000000e5d8a00000] [id=13592]
  0x0000029e3e516810 GCTaskThread "GC Thread#0" [stack: 0x000000e5d7800000,0x000000e5d7900000] [id=29156]
  0x0000029e3e524320 ConcurrentGCThread "G1 Main Marker" [stack: 0x000000e5d7900000,0x000000e5d7a00000] [id=14940]
  0x0000029e5ed62010 ConcurrentGCThread "G1 Conc#0" [stack: 0x000000e5d7a00000,0x000000e5d7b00000] [id=3776]
  0x0000029e5ee17540 ConcurrentGCThread "G1 Refine#0" [stack: 0x000000e5d7b00000,0x000000e5d7c00000] [id=17872]
  0x0000029e5ee19aa0 ConcurrentGCThread "G1 Service" [stack: 0x000000e5d7c00000,0x000000e5d7d00000] [id=27480]

Threads with active compile tasks:

VM state: not at safepoint (normal execution)

VM Mutex/Monitor currently owned by a thread: None

Heap address: 0x0000000705a00000, size: 4006 MB, Compressed Oops mode: Zero based, Oop shift amount: 3

CDS archive(s) mapped at: [0x0000029e62000000-0x0000029e62bb0000-0x0000029e62bb0000), size 12255232, SharedBaseAddress: 0x0000029e62000000, ArchiveRelocationMode: 1.
Compressed class space mapped at: 0x0000029e63000000-0x0000029ea3000000, reserved size: 1073741824
Narrow klass base: 0x0000029e62000000, Narrow klass shift: 0, Narrow klass range: 0x100000000

GC Precious Log:
 CPUs: 16 total, 16 available
 Memory: 16021M
 Large Page Support: Disabled
 NUMA Support: Disabled
 Compressed Oops: Enabled (Zero based)
 Heap Region Size: 2M
 Heap Min Capacity: 8M
 Heap Initial Capacity: 252M
 Heap Max Capacity: 4006M
 Pre-touch: Disabled
 Parallel Workers: 13
 Concurrent Workers: 3
 Concurrent Refinement Workers: 13
 Periodic GC: Disabled

Heap:
 garbage-first heap   total 258048K, used 20480K [0x0000000705a00000, 0x0000000800000000)
  region size 2048K, 11 young (22528K), 0 survivors (0K)
 Metaspace       used 1995K, committed 2176K, reserved 1114112K
  class space    used 174K, committed 256K, reserved 1048576K

Heap Regions: E=young(eden), S=young(survivor), O=old, HS=humongous(starts), HC=humongous(continues), CS=collection set, F=free, OA=open archive, CA=closed archive, TAMS=top-at-mark-start (previous, next)
|   0|0x0000000705a00000, 0x0000000705a00000, 0x0000000705c00000|  0%| F|  |TAMS 0x0000000705a00000, 0x0000000705a00000| Untracked 
|   1|0x0000000705c00000, 0x0000000705c00000, 0x0000000705e00000|  0%| F|  |TAMS 0x0000000705c00000, 0x0000000705c00000| Untracked 
|   2|0x0000000705e00000, 0x0000000705e00000, 0x0000000706000000|  0%| F|  |TAMS 0x0000000705e00000, 0x0000000705e00000| Untracked 
|   3|0x0000000706000000, 0x0000000706000000, 0x0000000706200000|  0%| F|  |TAMS 0x0000000706000000, 0x0000000706000000| Untracked 
|   4|0x0000000706200000, 0x0000000706200000, 0x0000000706400000|  0%| F|  |TAMS 0x0000000706200000, 0x0000000706200000| Untracked 
|   5|0x0000000706400000, 0x0000000706400000, 0x0000000706600000|  0%| F|  |TAMS 0x0000000706400000, 0x0000000706400000| Untracked 
|   6|0x0000000706600000, 0x0000000706600000, 0x0000000706800000|  0%| F|  |TAMS 0x0000000706600000, 0x0000000706600000| Untracked 
|   7|0x0000000706800000, 0x0000000706800000, 0x0000000706a00000|  0%| F|  |TAMS 0x0000000706800000, 0x0000000706800000| Untracked 
|   8|0x0000000706a00000, 0x0000000706a00000, 0x0000000706c00000|  0%| F|  |TAMS 0x0000000706a00000, 0x0000000706a00000| Untracked 
|   9|0x0000000706c00000, 0x0000000706c00000, 0x0000000706e00000|  0%| F|  |TAMS 0x0000000706c00000, 0x0000000706c00000| Untracked 
|  10|0x0000000706e00000, 0x0000000706e00000, 0x0000000707000000|  0%| F|  |TAMS 0x0000000706e00000, 0x0000000706e00000| Untracked 
|  11|0x0000000707000000, 0x0000000707000000, 0x0000000707200000|  0%| F|  |TAMS 0x0000000707000000, 0x0000000707000000| Untracked 
|  12|0x0000000707200000, 0x0000000707200000, 0x0000000707400000|  0%| F|  |TAMS 0x0000000707200000, 0x0000000707200000| Untracked 
|  13|0x0000000707400000, 0x0000000707400000, 0x0000000707600000|  0%| F|  |TAMS 0x0000000707400000, 0x0000000707400000| Untracked 
|  14|0x0000000707600000, 0x0000000707600000, 0x0000000707800000|  0%| F|  |TAMS 0x0000000707600000, 0x0000000707600000| Untracked 
|  15|0x0000000707800000, 0x0000000707800000, 0x0000000707a00000|  0%| F|  |TAMS 0x0000000707800000, 0x0000000707800000| Untracked 
|  16|0x0000000707a00000, 0x0000000707a00000, 0x0000000707c00000|  0%| F|  |TAMS 0x0000000707a00000, 0x0000000707a00000| Untracked 
|  17|0x0000000707c00000, 0x0000000707c00000, 0x0000000707e00000|  0%| F|  |TAMS 0x0000000707c00000, 0x0000000707c00000| Untracked 
|  18|0x0000000707e00000, 0x0000000707e00000, 0x0000000708000000|  0%| F|  |TAMS 0x0000000707e00000, 0x0000000707e00000| Untracked 
|  19|0x0000000708000000, 0x0000000708000000, 0x0000000708200000|  0%| F|  |TAMS 0x0000000708000000, 0x0000000708000000| Untracked 
|  20|0x0000000708200000, 0x0000000708200000, 0x0000000708400000|  0%| F|  |TAMS 0x0000000708200000, 0x0000000708200000| Untracked 
|  21|0x0000000708400000, 0x0000000708400000, 0x0000000708600000|  0%| F|  |TAMS 0x0000000708400000, 0x0000000708400000| Untracked 
|  22|0x0000000708600000, 0x0000000708600000, 0x0000000708800000|  0%| F|  |TAMS 0x0000000708600000, 0x0000000708600000| Untracked 
|  23|0x0000000708800000, 0x0000000708800000, 0x0000000708a00000|  0%| F|  |TAMS 0x0000000708800000, 0x0000000708800000| Untracked 
|  24|0x0000000708a00000, 0x0000000708a00000, 0x0000000708c00000|  0%| F|  |TAMS 0x0000000708a00000, 0x0000000708a00000| Untracked 
|  25|0x0000000708c00000, 0x0000000708c00000, 0x0000000708e00000|  0%| F|  |TAMS 0x0000000708c00000, 0x0000000708c00000| Untracked 
|  26|0x0000000708e00000, 0x0000000708e00000, 0x0000000709000000|  0%| F|  |TAMS 0x0000000708e00000, 0x0000000708e00000| Untracked 
|  27|0x0000000709000000, 0x0000000709000000, 0x0000000709200000|  0%| F|  |TAMS 0x0000000709000000, 0x0000000709000000| Untracked 
|  28|0x0000000709200000, 0x0000000709200000, 0x0000000709400000|  0%| F|  |TAMS 0x0000000709200000, 0x0000000709200000| Untracked 
|  29|0x0000000709400000, 0x0000000709400000, 0x0000000709600000|  0%| F|  |TAMS 0x0000000709400000, 0x0000000709400000| Untracked 
|  30|0x0000000709600000, 0x0000000709600000, 0x0000000709800000|  0%| F|  |TAMS 0x0000000709600000, 0x0000000709600000| Untracked 
|  31|0x0000000709800000, 0x0000000709800000, 0x0000000709a00000|  0%| F|  |TAMS 0x0000000709800000, 0x0000000709800000| Untracked 
|  32|0x0000000709a00000, 0x0000000709a00000, 0x0000000709c00000|  0%| F|  |TAMS 0x0000000709a00000, 0x0000000709a00000| Untracked 
|  33|0x0000000709c00000, 0x0000000709c00000, 0x0000000709e00000|  0%| F|  |TAMS 0x0000000709c00000, 0x0000000709c00000| Untracked 
|  34|0x0000000709e00000, 0x0000000709e00000, 0x000000070a000000|  0%| F|  |TAMS 0x0000000709e00000, 0x0000000709e00000| Untracked 
|  35|0x000000070a000000, 0x000000070a000000, 0x000000070a200000|  0%| F|  |TAMS 0x000000070a000000, 0x000000070a000000| Untracked 
|  36|0x000000070a200000, 0x000000070a200000, 0x000000070a400000|  0%| F|  |TAMS 0x000000070a200000, 0x000000070a200000| Untracked 
|  37|0x000000070a400000, 0x000000070a400000, 0x000000070a600000|  0%| F|  |TAMS 0x000000070a400000, 0x000000070a400000| Untracked 
|  38|0x000000070a600000, 0x000000070a600000, 0x000000070a800000|  0%| F|  |TAMS 0x000000070a600000, 0x000000070a600000| Untracked 
|  39|0x000000070a800000, 0x000000070a800000, 0x000000070aa00000|  0%| F|  |TAMS 0x000000070a800000, 0x000000070a800000| Untracked 
|  40|0x000000070aa00000, 0x000000070aa00000, 0x000000070ac00000|  0%| F|  |TAMS 0x000000070aa00000, 0x000000070aa00000| Untracked 
|  41|0x000000070ac00000, 0x000000070ac00000, 0x000000070ae00000|  0%| F|  |TAMS 0x000000070ac00000, 0x000000070ac00000| Untracked 
|  42|0x000000070ae00000, 0x000000070ae00000, 0x000000070b000000|  0%| F|  |TAMS 0x000000070ae00000, 0x000000070ae00000| Untracked 
|  43|0x000000070b000000, 0x000000070b000000, 0x000000070b200000|  0%| F|  |TAMS 0x000000070b000000, 0x000000070b000000| Untracked 
|  44|0x000000070b200000, 0x000000070b200000, 0x000000070b400000|  0%| F|  |TAMS 0x000000070b200000, 0x000000070b200000| Untracked 
|  45|0x000000070b400000, 0x000000070b400000, 0x000000070b600000|  0%| F|  |TAMS 0x000000070b400000, 0x000000070b400000| Untracked 
|  46|0x000000070b600000, 0x000000070b600000, 0x000000070b800000|  0%| F|  |TAMS 0x000000070b600000, 0x000000070b600000| Untracked 
|  47|0x000000070b800000, 0x000000070b800000, 0x000000070ba00000|  0%| F|  |TAMS 0x000000070b800000, 0x000000070b800000| Untracked 
|  48|0x000000070ba00000, 0x000000070ba00000, 0x000000070bc00000|  0%| F|  |TAMS 0x000000070ba00000, 0x000000070ba00000| Untracked 
|  49|0x000000070bc00000, 0x000000070bc00000, 0x000000070be00000|  0%| F|  |TAMS 0x000000070bc00000, 0x000000070bc00000| Untracked 
|  50|0x000000070be00000, 0x000000070be00000, 0x000000070c000000|  0%| F|  |TAMS 0x000000070be00000, 0x000000070be00000| Untracked 
|  51|0x000000070c000000, 0x000000070c000000, 0x000000070c200000|  0%| F|  |TAMS 0x000000070c000000, 0x000000070c000000| Untracked 
|  52|0x000000070c200000, 0x000000070c200000, 0x000000070c400000|  0%| F|  |TAMS 0x000000070c200000, 0x000000070c200000| Untracked 
|  53|0x000000070c400000, 0x000000070c400000, 0x000000070c600000|  0%| F|  |TAMS 0x000000070c400000, 0x000000070c400000| Untracked 
|  54|0x000000070c600000, 0x000000070c600000, 0x000000070c800000|  0%| F|  |TAMS 0x000000070c600000, 0x000000070c600000| Untracked 
|  55|0x000000070c800000, 0x000000070c800000, 0x000000070ca00000|  0%| F|  |TAMS 0x000000070c800000, 0x000000070c800000| Untracked 
|  56|0x000000070ca00000, 0x000000070ca00000, 0x000000070cc00000|  0%| F|  |TAMS 0x000000070ca00000, 0x000000070ca00000| Untracked 
|  57|0x000000070cc00000, 0x000000070cc00000, 0x000000070ce00000|  0%| F|  |TAMS 0x000000070cc00000, 0x000000070cc00000| Untracked 
|  58|0x000000070ce00000, 0x000000070ce00000, 0x000000070d000000|  0%| F|  |TAMS 0x000000070ce00000, 0x000000070ce00000| Untracked 
|  59|0x000000070d000000, 0x000000070d000000, 0x000000070d200000|  0%| F|  |TAMS 0x000000070d000000, 0x000000070d000000| Untracked 
|  60|0x000000070d200000, 0x000000070d200000, 0x000000070d400000|  0%| F|  |TAMS 0x000000070d200000, 0x000000070d200000| Untracked 
|  61|0x000000070d400000, 0x000000070d400000, 0x000000070d600000|  0%| F|  |TAMS 0x000000070d400000, 0x000000070d400000| Untracked 
|  62|0x000000070d600000, 0x000000070d600000, 0x000000070d800000|  0%| F|  |TAMS 0x000000070d600000, 0x000000070d600000| Untracked 
|  63|0x000000070d800000, 0x000000070d800000, 0x000000070da00000|  0%| F|  |TAMS 0x000000070d800000, 0x000000070d800000| Untracked 
|  64|0x000000070da00000, 0x000000070da00000, 0x000000070dc00000|  0%| F|  |TAMS 0x000000070da00000, 0x000000070da00000| Untracked 
|  65|0x000000070dc00000, 0x000000070dc00000, 0x000000070de00000|  0%| F|  |TAMS 0x000000070dc00000, 0x000000070dc00000| Untracked 
|  66|0x000000070de00000, 0x000000070de00000, 0x000000070e000000|  0%| F|  |TAMS 0x000000070de00000, 0x000000070de00000| Untracked 
|  67|0x000000070e000000, 0x000000070e000000, 0x000000070e200000|  0%| F|  |TAMS 0x000000070e000000, 0x000000070e000000| Untracked 
|  68|0x000000070e200000, 0x000000070e200000, 0x000000070e400000|  0%| F|  |TAMS 0x000000070e200000, 0x000000070e200000| Untracked 
|  69|0x000000070e400000, 0x000000070e400000, 0x000000070e600000|  0%| F|  |TAMS 0x000000070e400000, 0x000000070e400000| Untracked 
|  70|0x000000070e600000, 0x000000070e600000, 0x000000070e800000|  0%| F|  |TAMS 0x000000070e600000, 0x000000070e600000| Untracked 
|  71|0x000000070e800000, 0x000000070e800000, 0x000000070ea00000|  0%| F|  |TAMS 0x000000070e800000, 0x000000070e800000| Untracked 
|  72|0x000000070ea00000, 0x000000070ea00000, 0x000000070ec00000|  0%| F|  |TAMS 0x000000070ea00000, 0x000000070ea00000| Untracked 
|  73|0x000000070ec00000, 0x000000070ec00000, 0x000000070ee00000|  0%| F|  |TAMS 0x000000070ec00000, 0x000000070ec00000| Untracked 
|  74|0x000000070ee00000, 0x000000070ee00000, 0x000000070f000000|  0%| F|  |TAMS 0x000000070ee00000, 0x000000070ee00000| Untracked 
|  75|0x000000070f000000, 0x000000070f000000, 0x000000070f200000|  0%| F|  |TAMS 0x000000070f000000, 0x000000070f000000| Untracked 
|  76|0x000000070f200000, 0x000000070f200000, 0x000000070f400000|  0%| F|  |TAMS 0x000000070f200000, 0x000000070f200000| Untracked 
|  77|0x000000070f400000, 0x000000070f400000, 0x000000070f600000|  0%| F|  |TAMS 0x000000070f400000, 0x000000070f400000| Untracked 
|  78|0x000000070f600000, 0x000000070f600000, 0x000000070f800000|  0%| F|  |TAMS 0x000000070f600000, 0x000000070f600000| Untracked 
|  79|0x000000070f800000, 0x000000070f800000, 0x000000070fa00000|  0%| F|  |TAMS 0x000000070f800000, 0x000000070f800000| Untracked 
|  80|0x000000070fa00000, 0x000000070fa00000, 0x000000070fc00000|  0%| F|  |TAMS 0x000000070fa00000, 0x000000070fa00000| Untracked 
|  81|0x000000070fc00000, 0x000000070fc00000, 0x000000070fe00000|  0%| F|  |TAMS 0x000000070fc00000, 0x000000070fc00000| Untracked 
|  82|0x000000070fe00000, 0x000000070fe00000, 0x0000000710000000|  0%| F|  |TAMS 0x000000070fe00000, 0x000000070fe00000| Untracked 
|  83|0x0000000710000000, 0x0000000710000000, 0x0000000710200000|  0%| F|  |TAMS 0x0000000710000000, 0x0000000710000000| Untracked 
|  84|0x0000000710200000, 0x0000000710200000, 0x0000000710400000|  0%| F|  |TAMS 0x0000000710200000, 0x0000000710200000| Untracked 
|  85|0x0000000710400000, 0x0000000710400000, 0x0000000710600000|  0%| F|  |TAMS 0x0000000710400000, 0x0000000710400000| Untracked 
|  86|0x0000000710600000, 0x0000000710600000, 0x0000000710800000|  0%| F|  |TAMS 0x0000000710600000, 0x0000000710600000| Untracked 
|  87|0x0000000710800000, 0x0000000710800000, 0x0000000710a00000|  0%| F|  |TAMS 0x0000000710800000, 0x0000000710800000| Untracked 
|  88|0x0000000710a00000, 0x0000000710a00000, 0x0000000710c00000|  0%| F|  |TAMS 0x0000000710a00000, 0x0000000710a00000| Untracked 
|  89|0x0000000710c00000, 0x0000000710c00000, 0x0000000710e00000|  0%| F|  |TAMS 0x0000000710c00000, 0x0000000710c00000| Untracked 
|  90|0x0000000710e00000, 0x0000000710e00000, 0x0000000711000000|  0%| F|  |TAMS 0x0000000710e00000, 0x0000000710e00000| Untracked 
|  91|0x0000000711000000, 0x0000000711000000, 0x0000000711200000|  0%| F|  |TAMS 0x0000000711000000, 0x0000000711000000| Untracked 
|  92|0x0000000711200000, 0x0000000711200000, 0x0000000711400000|  0%| F|  |TAMS 0x0000000711200000, 0x0000000711200000| Untracked 
|  93|0x0000000711400000, 0x0000000711400000, 0x0000000711600000|  0%| F|  |TAMS 0x0000000711400000, 0x0000000711400000| Untracked 
|  94|0x0000000711600000, 0x0000000711600000, 0x0000000711800000|  0%| F|  |TAMS 0x0000000711600000, 0x0000000711600000| Untracked 
|  95|0x0000000711800000, 0x0000000711800000, 0x0000000711a00000|  0%| F|  |TAMS 0x0000000711800000, 0x0000000711800000| Untracked 
|  96|0x0000000711a00000, 0x0000000711a00000, 0x0000000711c00000|  0%| F|  |TAMS 0x0000000711a00000, 0x0000000711a00000| Untracked 
|  97|0x0000000711c00000, 0x0000000711c00000, 0x0000000711e00000|  0%| F|  |TAMS 0x0000000711c00000, 0x0000000711c00000| Untracked 
|  98|0x0000000711e00000, 0x0000000711e00000, 0x0000000712000000|  0%| F|  |TAMS 0x0000000711e00000, 0x0000000711e00000| Untracked 
|  99|0x0000000712000000, 0x0000000712000000, 0x0000000712200000|  0%| F|  |TAMS 0x0000000712000000, 0x0000000712000000| Untracked 
| 100|0x0000000712200000, 0x0000000712200000, 0x0000000712400000|  0%| F|  |TAMS 0x0000000712200000, 0x0000000712200000| Untracked 
| 101|0x0000000712400000, 0x0000000712400000, 0x0000000712600000|  0%| F|  |TAMS 0x0000000712400000, 0x0000000712400000| Untracked 
| 102|0x0000000712600000, 0x0000000712600000, 0x0000000712800000|  0%| F|  |TAMS 0x0000000712600000, 0x0000000712600000| Untracked 
| 103|0x0000000712800000, 0x0000000712800000, 0x0000000712a00000|  0%| F|  |TAMS 0x0000000712800000, 0x0000000712800000| Untracked 
| 104|0x0000000712a00000, 0x0000000712a00000, 0x0000000712c00000|  0%| F|  |TAMS 0x0000000712a00000, 0x0000000712a00000| Untracked 
| 105|0x0000000712c00000, 0x0000000712c00000, 0x0000000712e00000|  0%| F|  |TAMS 0x0000000712c00000, 0x0000000712c00000| Untracked 
| 106|0x0000000712e00000, 0x0000000712e00000, 0x0000000713000000|  0%| F|  |TAMS 0x0000000712e00000, 0x0000000712e00000| Untracked 
| 107|0x0000000713000000, 0x0000000713000000, 0x0000000713200000|  0%| F|  |TAMS 0x0000000713000000, 0x0000000713000000| Untracked 
| 108|0x0000000713200000, 0x0000000713200000, 0x0000000713400000|  0%| F|  |TAMS 0x0000000713200000, 0x0000000713200000| Untracked 
| 109|0x0000000713400000, 0x0000000713400000, 0x0000000713600000|  0%| F|  |TAMS 0x0000000713400000, 0x0000000713400000| Untracked 
| 110|0x0000000713600000, 0x0000000713600000, 0x0000000713800000|  0%| F|  |TAMS 0x0000000713600000, 0x0000000713600000| Untracked 
| 111|0x0000000713800000, 0x0000000713800000, 0x0000000713a00000|  0%| F|  |TAMS 0x0000000713800000, 0x0000000713800000| Untracked 
| 112|0x0000000713a00000, 0x0000000713a00000, 0x0000000713c00000|  0%| F|  |TAMS 0x0000000713a00000, 0x0000000713a00000| Untracked 
| 113|0x0000000713c00000, 0x0000000713c00000, 0x0000000713e00000|  0%| F|  |TAMS 0x0000000713c00000, 0x0000000713c00000| Untracked 
| 114|0x0000000713e00000, 0x0000000713e00000, 0x0000000714000000|  0%| F|  |TAMS 0x0000000713e00000, 0x0000000713e00000| Untracked 
| 115|0x0000000714000000, 0x0000000714200000, 0x0000000714200000|100%| E|  |TAMS 0x0000000714000000, 0x0000000714000000| Complete 
| 116|0x0000000714200000, 0x0000000714400000, 0x0000000714400000|100%| E|CS|TAMS 0x0000000714200000, 0x0000000714200000| Complete 
| 117|0x0000000714400000, 0x0000000714600000, 0x0000000714600000|100%| E|CS|TAMS 0x0000000714400000, 0x0000000714400000| Complete 
| 118|0x0000000714600000, 0x0000000714800000, 0x0000000714800000|100%| E|CS|TAMS 0x0000000714600000, 0x0000000714600000| Complete 
| 119|0x0000000714800000, 0x0000000714a00000, 0x0000000714a00000|100%| E|CS|TAMS 0x0000000714800000, 0x0000000714800000| Complete 
| 120|0x0000000714a00000, 0x0000000714c00000, 0x0000000714c00000|100%| E|CS|TAMS 0x0000000714a00000, 0x0000000714a00000| Complete 
| 121|0x0000000714c00000, 0x0000000714e00000, 0x0000000714e00000|100%| E|CS|TAMS 0x0000000714c00000, 0x0000000714c00000| Complete 
| 122|0x0000000714e00000, 0x0000000715000000, 0x0000000715000000|100%| E|CS|TAMS 0x0000000714e00000, 0x0000000714e00000| Complete 
| 123|0x0000000715000000, 0x0000000715200000, 0x0000000715200000|100%| E|CS|TAMS 0x0000000715000000, 0x0000000715000000| Complete 
| 124|0x0000000715200000, 0x0000000715400000, 0x0000000715400000|100%| E|CS|TAMS 0x0000000715200000, 0x0000000715200000| Complete 
| 125|0x0000000715400000, 0x0000000715600000, 0x0000000715600000|100%| E|CS|TAMS 0x0000000715400000, 0x0000000715400000| Complete 

Card table byte_map: [0x0000029e56020000,0x0000029e56800000] _byte_map_base: 0x0000029e527f3000

Marking Bits (Prev, Next): (CMBitMap*) 0x0000029e3e516e30, (CMBitMap*) 0x0000029e3e516e70
 Prev Bits: [0x0000029e56fe0000, 0x0000029e5ae78000)
 Next Bits: [0x0000029e5ae80000, 0x0000029e5ed18000)

Polling page: 0x0000029e3c470000

Metaspace:

Usage:
  Non-class:      1.78 MB used.
      Class:    174.76 KB used.
       Both:      1.95 MB used.

Virtual space:
  Non-class space:       64.00 MB reserved,       1.88 MB (  3%) committed,  1 nodes.
      Class space:        1.00 GB reserved,     256.00 KB ( <1%) committed,  1 nodes.
             Both:        1.06 GB reserved,       2.12 MB ( <1%) committed. 

Chunk freelists:
   Non-Class:  11.28 MB
       Class:  15.66 MB
        Both:  26.94 MB

MaxMetaspaceSize: unlimited
CompressedClassSpaceSize: 1.00 GB
Initial GC threshold: 21.00 MB
Current GC threshold: 21.00 MB
CDS: on
MetaspaceReclaimPolicy: balanced
 - commit_granule_bytes: 65536.
 - commit_granule_words: 8192.
 - virtual_space_node_default_size: 8388608.
 - enlarge_chunks_in_place: 1.
 - new_chunks_are_fully_committed: 0.
 - uncommit_free_chunks: 1.
 - use_allocation_guard: 0.
 - handle_deallocations: 1.


Internal statistics:

num_allocs_failed_limit: 0.
num_arena_births: 20.
num_arena_deaths: 0.
num_vsnodes_births: 2.
num_vsnodes_deaths: 0.
num_space_committed: 34.
num_space_uncommitted: 0.
num_chunks_returned_to_freelist: 0.
num_chunks_taken_from_freelist: 59.
num_chunk_merges: 0.
num_chunk_splits: 37.
num_chunks_enlarged: 29.
num_inconsistent_stats: 0.

CodeHeap 'non-profiled nmethods': size=119168Kb used=507Kb max_used=507Kb free=118660Kb
 bounds [0x0000029e4db60000, 0x0000029e4ddd0000, 0x0000029e54fc0000]
CodeHeap 'profiled nmethods': size=119104Kb used=1203Kb max_used=1203Kb free=117900Kb
 bounds [0x0000029e45fc0000, 0x0000029e46230000, 0x0000029e4d410000]
CodeHeap 'non-nmethods': size=7488Kb used=1719Kb max_used=1779Kb free=5768Kb
 bounds [0x0000029e4d410000, 0x0000029e4d680000, 0x0000029e4db60000]
 total_blobs=1146 nmethods=712 adapters=346
 compilation: enabled
              stopped_count=0, restarted_count=0
 full_count=0

Compilation events (20 events):
Event: 0.707 Thread 0x0000029ea311fd10 nmethod 702 0x0000029e4dbcc990 code [0x0000029e4dbccb20, 0x0000029e4dbccbf8]
Event: 0.708 Thread 0x0000029e5ef05420 nmethod 701 0x0000029e460e3d90 code [0x0000029e460e3fa0, 0x0000029e460e4588]
Event: 0.708 Thread 0x0000029e5ef04d60  703       4       java.lang.String::startsWith (7 bytes)
Event: 0.708 Thread 0x0000029e5ef05420  704       3       java.util.ArrayDeque::inc (12 bytes)
Event: 0.708 Thread 0x0000029e5ef05420 nmethod 704 0x0000029e460e4810 code [0x0000029e460e49a0, 0x0000029e460e4ad8]
Event: 0.709 Thread 0x0000029ea311fd10  705       3       java.util.WeakHashMap::matchesKey (33 bytes)
Event: 0.709 Thread 0x0000029e5ef05420  706   !   3       java.util.zip.Inflater::inflate (418 bytes)
Event: 0.709 Thread 0x0000029ea311fd10 nmethod 705 0x0000029e460e4b90 code [0x0000029e460e4d60, 0x0000029e460e5298]
Event: 0.709 Thread 0x0000029ea311fd10  708       3       java.util.ArrayDeque::peek (5 bytes)
Event: 0.710 Thread 0x0000029ea311fd10 nmethod 708 0x0000029e460e5410 code [0x0000029e460e55c0, 0x0000029e460e57d8]
Event: 0.710 Thread 0x0000029ea311fd10  710   !   3       org.bytedeco.javacpp.Loader::putMemberOffset (97 bytes)
Event: 0.711 Thread 0x0000029e5ef05420 nmethod 706 0x0000029e460e5910 code [0x0000029e460e5be0, 0x0000029e460e6dc8]
Event: 0.711 Thread 0x0000029e5ef05420  709       3       java.util.ArrayDeque::peekFirst (12 bytes)
Event: 0.711 Thread 0x0000029e5ef05420 nmethod 709 0x0000029e460e7790 code [0x0000029e460e7920, 0x0000029e460e7ab8]
Event: 0.711 Thread 0x0000029e5ef05420  711       3       java.util.zip.ZipUtils::CENLEN (9 bytes)
Event: 0.711 Thread 0x0000029e5ef05420 nmethod 711 0x0000029e460e7c10 code [0x0000029e460e7dc0, 0x0000029e460e8098]
Event: 0.711 Thread 0x0000029e5ef05420  712       3       java.util.WeakHashMap::get (75 bytes)
Event: 0.712 Thread 0x0000029e5ef05420 nmethod 712 0x0000029e460e8210 code [0x0000029e460e8440, 0x0000029e460e8d18]
Event: 0.712 Thread 0x0000029ea311fd10 nmethod 710 0x0000029e460e9090 code [0x0000029e460e9580, 0x0000029e460ebc78]
Event: 0.713 Thread 0x0000029e5ef04d60 nmethod 703 0x0000029e4dbcd110 code [0x0000029e4dbcd2a0, 0x0000029e4dbcd4f8]

GC Heap History (0 events):
No events

Dll operation events (20 events):
Event: 0.431 Loaded shared library C:\Program Files (x86)\Windows Kits\10\Redist\ucrt\DLLs\x64\api-ms-win-core-rtlsupport-l1-1-0.dll
Event: 0.442 Loaded shared library C:\Program Files (x86)\Windows Kits\10\Redist\ucrt\DLLs\x64\api-ms-win-core-processthreads-l1-1-1.dll
Event: 0.450 Loaded shared library C:\Program Files (x86)\Windows Kits\10\Redist\ucrt\DLLs\x64\api-ms-win-core-file-l1-2-0.dll
Event: 0.460 Loaded shared library C:\Program Files (x86)\Windows Kits\10\Redist\ucrt\DLLs\x64\api-ms-win-core-profile-l1-1-0.dll
Event: 0.469 Loaded shared library C:\Program Files (x86)\Windows Kits\10\Redist\ucrt\DLLs\x64\api-ms-win-core-memory-l1-1-0.dll
Event: 0.480 Loaded shared library C:\Program Files (x86)\Windows Kits\10\Redist\ucrt\DLLs\x64\api-ms-win-core-util-l1-1-0.dll
Event: 0.491 Loaded shared library C:\Program Files (x86)\Windows Kits\10\Redist\ucrt\DLLs\x64\api-ms-win-core-interlocked-l1-1-0.dll
Event: 0.500 Loaded shared library C:\Program Files (x86)\Windows Kits\10\Redist\ucrt\DLLs\x64\ucrtbase.dll
Event: 0.516 Loaded shared library C:\Users\luczu\.jdks\corretto-17.0.10\bin\vcruntime140.dll
Event: 0.531 Loaded shared library C:\Users\luczu\.jdks\corretto-17.0.10\bin\vcruntime140_1.dll
Event: 0.544 Loaded shared library C:\Users\luczu\.jdks\corretto-17.0.10\bin\msvcp140.dll
Event: 0.559 Loaded shared library C:\Windows\System32\msvcp140_1.dll
Event: 0.573 Loaded shared library C:\Windows\System32\concrt140.dll
Event: 0.586 Loaded shared library C:\Windows\System32\vcomp140.dll
Event: 0.609 Loaded shared library C:\Windows\System32\winmm.dll
Event: 0.613 Loaded shared library C:\Windows\System32\opengl32.dll
Event: 0.615 Loaded shared library C:\Windows\System32\user32.dll
Event: 0.617 Loaded shared library C:\Windows\System32\shell32.dll
Event: 0.619 Loaded shared library C:\Windows\System32\gdi32.dll
Event: 0.681 Loaded shared library C:\Users\luczu\.javacpp\cache\jaylib-4.5.0-0.jar\com\raylib\windows-x86_64\jniRaylib.dll

Deoptimization events (20 events):
Event: 0.604 Thread 0x0000029e3e4ab220 DEOPT PACKING pc=0x0000029e4dbbd7c8 sp=0x000000e5d77fd9b0
Event: 0.604 Thread 0x0000029e3e4ab220 DEOPT UNPACKING pc=0x0000029e4d46a1a3 sp=0x000000e5d77fd910 mode 2
Event: 0.604 Thread 0x0000029e3e4ab220 Uncommon trap: trap_request=0xffffff45 fr.pc=0x0000029e4dba1ccc relative=0x00000000000013ac
Event: 0.604 Thread 0x0000029e3e4ab220 Uncommon trap: reason=unstable_if action=reinterpret pc=0x0000029e4dba1ccc method=java.net.URL.<init>(Ljava/net/URL;Ljava/lang/String;Ljava/net/URLStreamHandler;)V @ 273 c2
Event: 0.604 Thread 0x0000029e3e4ab220 DEOPT PACKING pc=0x0000029e4dba1ccc sp=0x000000e5d77fd950
Event: 0.604 Thread 0x0000029e3e4ab220 DEOPT UNPACKING pc=0x0000029e4d46a1a3 sp=0x000000e5d77fd8e0 mode 2
Event: 0.610 Thread 0x0000029e3e4ab220 Uncommon trap: trap_request=0xffffff45 fr.pc=0x0000029e4dbac318 relative=0x0000000000003d98
Event: 0.610 Thread 0x0000029e3e4ab220 Uncommon trap: reason=unstable_if action=reinterpret pc=0x0000029e4dbac318 method=sun.net.www.ParseUtil.firstEncodeIndex(Ljava/lang/String;)I @ 51 c2
Event: 0.610 Thread 0x0000029e3e4ab220 DEOPT PACKING pc=0x0000029e4dbac318 sp=0x000000e5d77fe580
Event: 0.610 Thread 0x0000029e3e4ab220 DEOPT UNPACKING pc=0x0000029e4d46a1a3 sp=0x000000e5d77fe2a0 mode 2
Event: 0.610 Thread 0x0000029e3e4ab220 Uncommon trap: trap_request=0xffffff45 fr.pc=0x0000029e4dbb5898 relative=0x0000000000003d98
Event: 0.610 Thread 0x0000029e3e4ab220 Uncommon trap: reason=unstable_if action=reinterpret pc=0x0000029e4dbb5898 method=sun.net.www.ParseUtil.firstEncodeIndex(Ljava/lang/String;)I @ 51 c2
Event: 0.610 Thread 0x0000029e3e4ab220 DEOPT PACKING pc=0x0000029e4dbb5898 sp=0x000000e5d77fe510
Event: 0.610 Thread 0x0000029e3e4ab220 DEOPT UNPACKING pc=0x0000029e4d46a1a3 sp=0x000000e5d77fe298 mode 2
Event: 0.622 Thread 0x0000029e3e4ab220 DEOPT PACKING pc=0x0000029e460ad018 sp=0x000000e5d77fe460
Event: 0.622 Thread 0x0000029e3e4ab220 DEOPT UNPACKING pc=0x0000029e4d46ace3 sp=0x000000e5d77fd978 mode 0
Event: 0.697 Thread 0x0000029e3e4ab220 DEOPT PACKING pc=0x0000029e460ad018 sp=0x000000e5d77fd2b0
Event: 0.697 Thread 0x0000029e3e4ab220 DEOPT UNPACKING pc=0x0000029e4d46ace3 sp=0x000000e5d77fc7c8 mode 0
Event: 0.699 Thread 0x0000029e3e4ab220 DEOPT PACKING pc=0x0000029e460b58c8 sp=0x000000e5d77fccf0
Event: 0.699 Thread 0x0000029e3e4ab220 DEOPT UNPACKING pc=0x0000029e4d46ace3 sp=0x000000e5d77fc208 mode 0

Classes unloaded (0 events):
No events

Classes redefined (0 events):
No events

Internal exceptions (7 events):
Event: 0.104 Thread 0x0000029e3e4ab220 Exception <a 'java/lang/NoSuchMethodError'{0x000000071526b4d8}: 'int java.lang.invoke.DirectMethodHandle$Holder.invokeStaticInit(java.lang.Object, java.lang.Object, java.lang.Object, java.lang.Object)'> (0x000000071526b4d8) 
thrown [s\src\hotspot\share\interpreter\linkResolver.cpp, line 759]
Event: 0.107 Thread 0x0000029e3e4ab220 Exception <a 'java/lang/NoSuchMethodError'{0x00000007152764f0}: 'java.lang.Object java.lang.invoke.DirectMethodHandle$Holder.invokeInterface(java.lang.Object, java.lang.Object)'> (0x00000007152764f0) 
thrown [s\src\hotspot\share\interpreter\linkResolver.cpp, line 759]
Event: 0.108 Thread 0x0000029e3e4ab220 Exception <a 'java/lang/IncompatibleClassChangeError'{0x0000000715279c08}: Found class java.lang.Object, but interface was expected> (0x0000000715279c08) 
thrown [s\src\hotspot\share\interpreter\linkResolver.cpp, line 826]
Event: 0.108 Thread 0x0000029e3e4ab220 Exception <a 'java/lang/NoSuchMethodError'{0x000000071527cdb0}: 'void java.lang.invoke.DirectMethodHandle$Holder.invokeStatic(java.lang.Object, java.lang.Object)'> (0x000000071527cdb0) 
thrown [s\src\hotspot\share\interpreter\linkResolver.cpp, line 759]
Event: 0.109 Thread 0x0000029e3e4ab220 Exception <a 'java/lang/NoSuchMethodError'{0x0000000715280420}: 'void java.lang.invoke.DirectMethodHandle$Holder.invokeStaticInit(java.lang.Object, java.lang.Object)'> (0x0000000715280420) 
thrown [s\src\hotspot\share\interpreter\linkResolver.cpp, line 759]
Event: 0.111 Thread 0x0000029e3e4ab220 Exception <a 'java/lang/NoSuchMethodError'{0x0000000715286ac8}: 'int java.lang.invoke.DirectMethodHandle$Holder.invokeStaticInit(java.lang.Object, java.lang.Object)'> (0x0000000715286ac8) 
thrown [s\src\hotspot\share\interpreter\linkResolver.cpp, line 759]
Event: 0.640 Thread 0x0000029e3e4ab220 Exception <a 'java/lang/NoSuchMethodError'{0x00000007140ecb28}: 'java.lang.Object java.lang.invoke.DirectMethodHandle$Holder.invokeStatic(java.lang.Object, int, java.lang.Object)'> (0x00000007140ecb28) 
thrown [s\src\hotspot\share\interpreter\linkResolver.cpp, line 759]

VM Operations (4 events):
Event: 0.077 Executing VM operation: HandshakeAllThreads
Event: 0.077 Executing VM operation: HandshakeAllThreads done
Event: 0.152 Executing VM operation: HandshakeAllThreads
Event: 0.152 Executing VM operation: HandshakeAllThreads done

Events (20 events):
Event: 0.637 loading class java/io/Externalizable
Event: 0.637 loading class java/io/Externalizable done
Event: 0.637 loading class java/time/zone/Ser done
Event: 0.638 loading class java/time/Month
Event: 0.638 loading class java/time/Month done
Event: 0.638 loading class java/time/DayOfWeek
Event: 0.638 loading class java/time/DayOfWeek done
Event: 0.638 loading class java/time/zone/ZoneOffsetTransitionRule$TimeDefinition
Event: 0.638 loading class java/time/zone/ZoneOffsetTransitionRule$TimeDefinition done
Event: 0.638 loading class java/time/zone/ZoneOffsetTransition
Event: 0.639 loading class java/time/zone/ZoneOffsetTransition done
Event: 0.639 loading class java/time/temporal/TemporalAdjusters
Event: 0.640 loading class java/time/temporal/TemporalAdjusters done
Event: 0.641 loading class java/time/zone/ZoneOffsetTransitionRule$1
Event: 0.641 loading class java/time/zone/ZoneOffsetTransitionRule$1 done
Event: 0.642 loading class java/util/concurrent/TimeUnit$1
Event: 0.642 loading class java/util/concurrent/TimeUnit$1 done
Event: 0.691 loading class java/lang/NumberFormatException
Event: 0.691 loading class java/lang/NumberFormatException done
Event: 0.692 Thread 0x0000029ea86bce10 Thread added: 0x0000029ea86bce10


Dynamic libraries:
0x00007ff7d4330000 - 0x00007ff7d433e000 	C:\Users\luczu\.jdks\corretto-17.0.10\bin\java.exe
0x00007ffd43b30000 - 0x00007ffd43d47000 	C:\WINDOWS\SYSTEM32\ntdll.dll
0x00007ffd42fd0000 - 0x00007ffd43094000 	C:\WINDOWS\System32\KERNEL32.DLL
0x00007ffd41240000 - 0x00007ffd415e6000 	C:\WINDOWS\System32\KERNELBASE.dll
0x00007ffd41030000 - 0x00007ffd41141000 	C:\WINDOWS\System32\ucrtbase.dll
0x00007ffc816a0000 - 0x00007ffc816bb000 	C:\Users\luczu\.jdks\corretto-17.0.10\bin\VCRUNTIME140.dll
0x00007ffcb4260000 - 0x00007ffcb4277000 	C:\Users\luczu\.jdks\corretto-17.0.10\bin\jli.dll
0x00007ffd43340000 - 0x00007ffd434ee000 	C:\WINDOWS\System32\USER32.dll
0x00007ffd41150000 - 0x00007ffd41176000 	C:\WINDOWS\System32\win32u.dll
0x00007ffd42ba0000 - 0x00007ffd42bc9000 	C:\WINDOWS\System32\GDI32.dll
0x00007ffd41760000 - 0x00007ffd41878000 	C:\WINDOWS\System32\gdi32full.dll
0x00007ffd17dc0000 - 0x00007ffd18053000 	C:\WINDOWS\WinSxS\amd64_microsoft.windows.common-controls_6595b64144ccf1df_6.0.22621.2506_none_270c5ae97388e100\COMCTL32.dll
0x00007ffd40f20000 - 0x00007ffd40fba000 	C:\WINDOWS\System32\msvcp_win.dll
0x00007ffd439c0000 - 0x00007ffd43a67000 	C:\WINDOWS\System32\msvcrt.dll
0x00007ffd429f0000 - 0x00007ffd42a21000 	C:\WINDOWS\System32\IMM32.DLL
0x00007ffcfb330000 - 0x00007ffcfb33c000 	C:\Users\luczu\.jdks\corretto-17.0.10\bin\vcruntime140_1.dll
0x00007ffc64340000 - 0x00007ffc643cd000 	C:\Users\luczu\.jdks\corretto-17.0.10\bin\msvcp140.dll
0x00007ffc636d0000 - 0x00007ffc64332000 	C:\Users\luczu\.jdks\corretto-17.0.10\bin\server\jvm.dll
0x00007ffd43520000 - 0x00007ffd435d3000 	C:\WINDOWS\System32\ADVAPI32.dll
0x00007ffd428b0000 - 0x00007ffd42958000 	C:\WINDOWS\System32\sechost.dll
0x00007ffd40ef0000 - 0x00007ffd40f18000 	C:\WINDOWS\System32\bcrypt.dll
0x00007ffd42e30000 - 0x00007ffd42f47000 	C:\WINDOWS\System32\RPCRT4.dll
0x00007ffd3fcf0000 - 0x00007ffd3fd3d000 	C:\WINDOWS\SYSTEM32\POWRPROF.dll
0x00007ffd37ac0000 - 0x00007ffd37ac9000 	C:\WINDOWS\SYSTEM32\WSOCK32.dll
0x00007ffd430a0000 - 0x00007ffd43111000 	C:\WINDOWS\System32\WS2_32.dll
0x00007ffd369e0000 - 0x00007ffd36a14000 	C:\WINDOWS\SYSTEM32\WINMM.dll
0x00007ffd36c70000 - 0x00007ffd36c7a000 	C:\WINDOWS\SYSTEM32\VERSION.dll
0x00007ffd3fcd0000 - 0x00007ffd3fce3000 	C:\WINDOWS\SYSTEM32\UMPDC.dll
0x00007ffd3ff90000 - 0x00007ffd3ffa8000 	C:\WINDOWS\SYSTEM32\kernel.appcore.dll
0x00007ffcec1c0000 - 0x00007ffcec1ca000 	C:\Users\luczu\.jdks\corretto-17.0.10\bin\jimage.dll
0x00007ffd3e780000 - 0x00007ffd3e9b3000 	C:\WINDOWS\SYSTEM32\DBGHELP.DLL
0x00007ffd435e0000 - 0x00007ffd43969000 	C:\WINDOWS\System32\combase.dll
0x00007ffd427d0000 - 0x00007ffd428a7000 	C:\WINDOWS\System32\OLEAUT32.dll
0x00007ffd21d10000 - 0x00007ffd21d42000 	C:\WINDOWS\SYSTEM32\dbgcore.DLL
0x00007ffd40e70000 - 0x00007ffd40eea000 	C:\WINDOWS\System32\bcryptPrimitives.dll
0x00007ffc6bbf0000 - 0x00007ffc6bc15000 	C:\Users\luczu\.jdks\corretto-17.0.10\bin\java.dll
0x00007ffc635f0000 - 0x00007ffc636c7000 	C:\Users\luczu\.jdks\corretto-17.0.10\bin\jsvml.dll
0x00007ffd41880000 - 0x00007ffd420da000 	C:\WINDOWS\System32\SHELL32.dll
0x00007ffd3ed80000 - 0x00007ffd3f676000 	C:\WINDOWS\SYSTEM32\windows.storage.dll
0x00007ffd3ec40000 - 0x00007ffd3ed7e000 	C:\WINDOWS\SYSTEM32\wintypes.dll
0x00007ffd420e0000 - 0x00007ffd421d3000 	C:\WINDOWS\System32\SHCORE.dll
0x00007ffd42f70000 - 0x00007ffd42fce000 	C:\WINDOWS\System32\shlwapi.dll
0x00007ffd40da0000 - 0x00007ffd40dc6000 	C:\WINDOWS\SYSTEM32\profapi.dll
0x00007ffc80cd0000 - 0x00007ffc80ce9000 	C:\Users\luczu\.jdks\corretto-17.0.10\bin\net.dll
0x00007ffd37220000 - 0x00007ffd37357000 	C:\WINDOWS\SYSTEM32\WINHTTP.dll
0x00007ffd40410000 - 0x00007ffd40479000 	C:\WINDOWS\system32\mswsock.dll
0x00007ffc6be60000 - 0x00007ffc6be76000 	C:\Users\luczu\.jdks\corretto-17.0.10\bin\nio.dll
0x00007ffc68680000 - 0x00007ffc68698000 	C:\Users\luczu\.jdks\corretto-17.0.10\bin\zip.dll
0x0000029e3e450000 - 0x0000029e3e453000 	C:\Program Files (x86)\Windows Kits\10\Redist\ucrt\DLLs\x64\api-ms-win-crt-locale-l1-1-0.dll
0x0000029e61e30000 - 0x0000029e61e34000 	C:\Program Files (x86)\Windows Kits\10\Redist\ucrt\DLLs\x64\api-ms-win-crt-string-l1-1-0.dll
0x0000029e61e40000 - 0x0000029e61e44000 	C:\Program Files (x86)\Windows Kits\10\Redist\ucrt\DLLs\x64\api-ms-win-crt-stdio-l1-1-0.dll
0x0000029e61e50000 - 0x0000029e61e55000 	C:\Program Files (x86)\Windows Kits\10\Redist\ucrt\DLLs\x64\api-ms-win-crt-math-l1-1-0.dll
0x0000029e61e60000 - 0x0000029e61e63000 	C:\Program Files (x86)\Windows Kits\10\Redist\ucrt\DLLs\x64\api-ms-win-crt-heap-l1-1-0.dll
0x0000029e61e70000 - 0x0000029e61e74000 	C:\Program Files (x86)\Windows Kits\10\Redist\ucrt\DLLs\x64\api-ms-win-crt-runtime-l1-1-0.dll
0x0000029e61e80000 - 0x0000029e61e84000 	C:\Program Files (x86)\Windows Kits\10\Redist\ucrt\DLLs\x64\api-ms-win-crt-convert-l1-1-0.dll
0x0000029e61e90000 - 0x0000029e61e93000 	C:\Program Files (x86)\Windows Kits\10\Redist\ucrt\DLLs\x64\api-ms-win-crt-environment-l1-1-0.dll
0x0000029e61ea0000 - 0x0000029e61ea3000 	C:\Program Files (x86)\Windows Kits\10\Redist\ucrt\DLLs\x64\api-ms-win-crt-time-l1-1-0.dll
0x0000029e61eb0000 - 0x0000029e61eb3000 	C:\Program Files (x86)\Windows Kits\10\Redist\ucrt\DLLs\x64\api-ms-win-crt-filesystem-l1-1-0.dll
0x0000029e61ec0000 - 0x0000029e61ec3000 	C:\Program Files (x86)\Windows Kits\10\Redist\ucrt\DLLs\x64\api-ms-win-crt-utility-l1-1-0.dll
0x0000029e61ed0000 - 0x0000029e61ed5000 	C:\Program Files (x86)\Windows Kits\10\Redist\ucrt\DLLs\x64\api-ms-win-crt-multibyte-l1-1-0.dll
0x0000029e61ee0000 - 0x0000029e61ee3000 	C:\Program Files (x86)\Windows Kits\10\Redist\ucrt\DLLs\x64\api-ms-win-crt-conio-l1-1-0.dll
0x0000029e61ef0000 - 0x0000029e61eff000 	C:\Program Files (x86)\Windows Kits\10\Redist\ucrt\DLLs\x64\api-ms-win-crt-private-l1-1-0.dll
0x0000029e61f00000 - 0x0000029e61f03000 	C:\Program Files (x86)\Windows Kits\10\Redist\ucrt\DLLs\x64\api-ms-win-crt-process-l1-1-0.dll
0x0000029e61f10000 - 0x0000029e61f13000 	C:\Program Files\Microsoft\jdk-11.0.12.7-hotspot\bin\api-ms-win-core-console-l1-2-0.dll
0x0000029e61f20000 - 0x0000029e61f23000 	C:\Program Files (x86)\Windows Kits\10\Redist\ucrt\DLLs\x64\api-ms-win-core-string-l1-1-0.dll
0x0000029e61f30000 - 0x0000029e61f33000 	C:\Program Files (x86)\Windows Kits\10\Redist\ucrt\DLLs\x64\api-ms-win-core-errorhandling-l1-1-0.dll
0x0000029e61f40000 - 0x0000029e61f43000 	C:\Program Files (x86)\Windows Kits\10\Redist\ucrt\DLLs\x64\api-ms-win-core-timezone-l1-1-0.dll
0x0000029e61f50000 - 0x0000029e61f54000 	C:\Program Files (x86)\Windows Kits\10\Redist\ucrt\DLLs\x64\api-ms-win-core-file-l1-1-0.dll
0x0000029e61f60000 - 0x0000029e61f63000 	C:\Program Files (x86)\Windows Kits\10\Redist\ucrt\DLLs\x64\api-ms-win-core-namedpipe-l1-1-0.dll
0x0000029e61f70000 - 0x0000029e61f73000 	C:\Program Files (x86)\Windows Kits\10\Redist\ucrt\DLLs\x64\api-ms-win-core-handle-l1-1-0.dll
0x0000029e61f80000 - 0x0000029e61f83000 	C:\Program Files (x86)\Windows Kits\10\Redist\ucrt\DLLs\x64\api-ms-win-core-file-l2-1-0.dll
0x0000029e61f90000 - 0x0000029e61f93000 	C:\Program Files (x86)\Windows Kits\10\Redist\ucrt\DLLs\x64\api-ms-win-core-heap-l1-1-0.dll
0x0000029e61fa0000 - 0x0000029e61fa3000 	C:\Program Files (x86)\Windows Kits\10\Redist\ucrt\DLLs\x64\api-ms-win-core-libraryloader-l1-1-0.dll
0x0000029e61fb0000 - 0x0000029e61fb3000 	C:\Program Files (x86)\Windows Kits\10\Redist\ucrt\DLLs\x64\api-ms-win-core-synch-l1-1-0.dll
0x0000029e61fc0000 - 0x0000029e61fc3000 	C:\Program Files (x86)\Windows Kits\10\Redist\ucrt\DLLs\x64\api-ms-win-core-processthreads-l1-1-0.dll
0x0000029e61fd0000 - 0x0000029e61fd3000 	C:\Program Files (x86)\Windows Kits\10\Redist\ucrt\DLLs\x64\api-ms-win-core-processenvironment-l1-1-0.dll
0x0000029e61fe0000 - 0x0000029e61fe3000 	C:\Program Files (x86)\Windows Kits\10\Redist\ucrt\DLLs\x64\api-ms-win-core-datetime-l1-1-0.dll
0x0000029e61ff0000 - 0x0000029e61ff3000 	C:\Program Files (x86)\Windows Kits\10\Redist\ucrt\DLLs\x64\api-ms-win-core-localization-l1-2-0.dll
0x0000029ea3c00000 - 0x0000029ea3c03000 	C:\Program Files (x86)\Windows Kits\10\Redist\ucrt\DLLs\x64\api-ms-win-core-sysinfo-l1-1-0.dll
0x0000029ea3c10000 - 0x0000029ea3c13000 	C:\Program Files (x86)\Windows Kits\10\Redist\ucrt\DLLs\x64\api-ms-win-core-synch-l1-2-0.dll
0x0000029ea3c20000 - 0x0000029ea3c23000 	C:\Program Files (x86)\Windows Kits\10\Redist\ucrt\DLLs\x64\api-ms-win-core-console-l1-1-0.dll
0x0000029ea3c30000 - 0x0000029ea3c33000 	C:\Program Files (x86)\Windows Kits\10\Redist\ucrt\DLLs\x64\api-ms-win-core-debug-l1-1-0.dll
0x0000029ea3c40000 - 0x0000029ea3c43000 	C:\Program Files (x86)\Windows Kits\10\Redist\ucrt\DLLs\x64\api-ms-win-core-rtlsupport-l1-1-0.dll
0x0000029ea3c50000 - 0x0000029ea3c53000 	C:\Program Files (x86)\Windows Kits\10\Redist\ucrt\DLLs\x64\api-ms-win-core-processthreads-l1-1-1.dll
0x0000029ea3c60000 - 0x0000029ea3c63000 	C:\Program Files (x86)\Windows Kits\10\Redist\ucrt\DLLs\x64\api-ms-win-core-file-l1-2-0.dll
0x0000029ea3c70000 - 0x0000029ea3c73000 	C:\Program Files (x86)\Windows Kits\10\Redist\ucrt\DLLs\x64\api-ms-win-core-profile-l1-1-0.dll
0x0000029ea3c80000 - 0x0000029ea3c83000 	C:\Program Files (x86)\Windows Kits\10\Redist\ucrt\DLLs\x64\api-ms-win-core-memory-l1-1-0.dll
0x0000029ea3c90000 - 0x0000029ea3c93000 	C:\Program Files (x86)\Windows Kits\10\Redist\ucrt\DLLs\x64\api-ms-win-core-util-l1-1-0.dll
0x0000029ea3ca0000 - 0x0000029ea3ca3000 	C:\Program Files (x86)\Windows Kits\10\Redist\ucrt\DLLs\x64\api-ms-win-core-interlocked-l1-1-0.dll
0x00007ffcecf90000 - 0x00007ffced082000 	C:\Program Files (x86)\Windows Kits\10\Redist\ucrt\DLLs\x64\ucrtbase.dll
0x00007ffd35c10000 - 0x00007ffd35c19000 	C:\Windows\System32\msvcp140_1.dll
0x00007ffd01980000 - 0x00007ffd019ce000 	C:\Windows\System32\concrt140.dll
0x00007ffd05c30000 - 0x00007ffd05c61000 	C:\Windows\System32\vcomp140.dll
0x00007ffd0a060000 - 0x00007ffd0a160000 	C:\Windows\System32\opengl32.dll
0x00007ffd0a030000 - 0x00007ffd0a05d000 	C:\WINDOWS\SYSTEM32\GLU32.dll
0x00007ffd3de90000 - 0x00007ffd3dec6000 	C:\WINDOWS\SYSTEM32\dxcore.dll
0x00007ffc6bf20000 - 0x00007ffc6c13d000 	C:\Users\luczu\.javacpp\cache\jaylib-4.5.0-0.jar\com\raylib\windows-x86_64\jniRaylib.dll

dbghelp: loaded successfully - version: 4.0.5 - missing functions: none
symbol engine: initialized successfully - sym options: 0x614 - pdb path: .;C:\Users\luczu\.jdks\corretto-17.0.10\bin;C:\WINDOWS\SYSTEM32;C:\WINDOWS\WinSxS\amd64_microsoft.windows.common-controls_6595b64144ccf1df_6.0.22621.2506_none_270c5ae97388e100;C:\Users\luczu\.jdks\corretto-17.0.10\bin\server;C:\Program Files (x86)\Windows Kits\10\Redist\ucrt\DLLs\x64;C:\Program Files\Microsoft\jdk-11.0.12.7-hotspot\bin;C:\Users\luczu\.javacpp\cache\jaylib-4.5.0-0.jar\com\raylib\windows-x86_64

VM Arguments:
jvm_args: -Dfile.encoding=windows-1252 -Duser.country=NL -Duser.language=nl -Duser.variant 
java_command: PineVille.GameScene
java_class_path (initial): C:\Users\luczu\OneDrive\Documenten\PineVille\build\classes\java\main;C:\Users\luczu\OneDrive\Documenten\PineVille\build\resources\main;C:\Users\luczu\.gradle\caches\modules-2\files-2.1\uk.co.electronstudio.jaylib\jaylib\4.5.0-0\90c0d608df9bbd32f5f34683acc58cb433e94508\jaylib-4.5.0-0.jar
Launcher Type: SUN_STANDARD

[Global flags]
     intx CICompilerCount                          = 12                                        {product} {ergonomic}
     uint ConcGCThreads                            = 3                                         {product} {ergonomic}
     uint G1ConcRefinementThreads                  = 13                                        {product} {ergonomic}
   size_t G1HeapRegionSize                         = 2097152                                   {product} {ergonomic}
    uintx GCDrainStackTargetSize                   = 64                                        {product} {ergonomic}
   size_t InitialHeapSize                          = 264241152                                 {product} {ergonomic}
   size_t MarkStackSize                            = 4194304                                   {product} {ergonomic}
   size_t MaxHeapSize                              = 4200595456                                {product} {ergonomic}
   size_t MaxNewSize                               = 2518679552                                {product} {ergonomic}
   size_t MinHeapDeltaBytes                        = 2097152                                   {product} {ergonomic}
   size_t MinHeapSize                              = 8388608                                   {product} {ergonomic}
    uintx NonNMethodCodeHeapSize                   = 7602480                                {pd product} {ergonomic}
    uintx NonProfiledCodeHeapSize                  = 122027880                              {pd product} {ergonomic}
    uintx ProfiledCodeHeapSize                     = 122027880                              {pd product} {ergonomic}
    uintx ReservedCodeCacheSize                    = 251658240                              {pd product} {ergonomic}
     bool SegmentedCodeCache                       = true                                      {product} {ergonomic}
   size_t SoftMaxHeapSize                          = 4200595456                             {manageable} {ergonomic}
     bool UseCompressedClassPointers               = true                           {product lp64_product} {ergonomic}
     bool UseCompressedOops                        = true                           {product lp64_product} {ergonomic}
     bool UseG1GC                                  = true                                      {product} {ergonomic}
     bool UseLargePagesIndividualAllocation        = false                                  {pd product} {ergonomic}

Logging:
Log output configuration:
 #0: stdout all=warning uptime,level,tags
 #1: stderr all=off uptime,level,tags

Environment Variables:
PATH=C:\Program Files (x86)\Common Files\Intel\Shared Libraries\redist\intel64\compiler;C:\Program Files\Common Files\Oracle\Java\javapath;C:\Program Files\Microsoft\jdk-11.0.12.7-hotspot\bin;C:\windows\system32;C:\windows;C:\windows\System32\Wbem;C:\windows\System32\WindowsPowerShell\v1.0\;C:\windows\System32\OpenSSH\;C:\Program Files (x86)\NVIDIA Corporation\PhysX\Common;C:\Program Files\NVIDIA Corporation\NVIDIA NvDLISR;C:\Program Files\Microsoft SQL Server\150\Tools\Binn\;C:\Program Files\Microsoft SQL Server\Client SDK\ODBC\170\Tools\Binn\;C:\Program Files\dotnet\;C:\WINDOWS\system32;C:\WINDOWS;C:\WINDOWS\System32\Wbem;C:\WINDOWS\System32\WindowsPowerShell\v1.0\;C:\WINDOWS\System32\OpenSSH\;C:\Program Files\CMake\bin;C:\Program Files\Git\cmd;C:\Users\luczu\AppData\Local\Microsoft\WindowsApps;C:\Users\luczu\.dotnet\tools;C:\Users\luczu\AppData\Local\GitHubDesktop\bin;;C:\Users\luczu\AppData\Local\Programs\Microsoft VS Code\bin
USERNAME=luczu
OS=Windows_NT
PROCESSOR_IDENTIFIER=Intel64 Family 6 Model 141 Stepping 1, GenuineIntel
TMP=C:\Users\luczu\AppData\Local\Temp
TEMP=C:\Users\luczu\AppData\Local\Temp



Periodic native trim disabled


---------------  S Y S T E M  ---------------

OS:
 Windows 11 , 64 bit Build 22621 (10.0.22621.2506)
OS uptime: 0 days 0:28 hours
Hyper-V role detected

CPU: total 16 (initial active 16) (8 cores per cpu, 2 threads per core) family 6 model 141 stepping 1 microcode 0x4e, cx8, cmov, fxsr, ht, mmx, 3dnowpref, sse, sse2, sse3, ssse3, sse4.1, sse4.2, popcnt, lzcnt, tsc, tscinvbit, avx, avx2, aes, erms, clmul, bmi1, bmi2, adx, avx512f, avx512dq, avx512cd, avx512bw, avx512vl, sha, fma, vzeroupper, avx512_vpopcntdq, avx512_vpclmulqdq, avx512_vaes, avx512_vnni, clflush, clflushopt, clwb, avx512_vbmi2, avx512_vbmi, hv
Processor Information for all 16 processors :
  Max Mhz: 2304, Current Mhz: 2304, Mhz Limit: 2304

Memory: 4k page, system-wide physical 16021M (3975M free)
TotalPageFile size 34453M (AvailPageFile size 15959M)
current process WorkingSet (physical memory assigned to process): 88M, peak: 96M
current process commit charge ("private bytes"): 378M, peak: 389M

vm_info: OpenJDK 64-Bit Server VM (17.0.10+7-LTS) for windows-amd64 JRE (17.0.10+7-LTS), built on Jan 10 2024 22:11:07 by "Administrator" with MS VC++ 16.10 / 16.11 (VS2019)

END.
