#
# A fatal error has been detected by the Java Runtime Environment:
#
#  EXCEPTION_ACCESS_VIOLATION (0xc0000005) at pc=0x00007ffa5c95f42b, pid=17260, tid=31188
#
# JRE version: OpenJDK Runtime Environment Corretto-17.0.10.7.1 (17.0.10+7) (build 17.0.10+7-LTS)
# Java VM: OpenJDK 64-Bit Server VM Corretto-17.0.10.7.1 (17.0.10+7-LTS, mixed mode, sharing, tiered, compressed oops, compressed class ptrs, g1 gc, windows-amd64)
# Problematic frame:
# C  [jniRaylib.dll+0xdf42b]
#
# No core dump will be written. Minidumps are not enabled by default on client versions of Windows
#
# If you would like to submit a bug report, please visit:
#   https://github.com/corretto/corretto-17/issues/
# The crash happened outside the Java Virtual Machine in native code.
# See problematic frame for where to report the bug.
#

---------------  S U M M A R Y ------------

Command Line: -Dfile.encoding=windows-1252 -Duser.country=NL -Duser.language=nl -Duser.variant PineVille.MenuScene

Host: 11th Gen Intel(R) Core(TM) i7-11800H @ 2.30GHz, 16 cores, 15G,  Windows 11 , 64 bit Build 22621 (10.0.22621.2506)
Time: Thu Feb 15 13:32:49 2024 West-Europa (standaardtijd) elapsed time: 23.477759 seconds (0d 0h 0m 23s)

---------------  T H R E A D  ---------------

Current thread (0x000001581a42bd80):  JavaThread "main" [_thread_in_native, id=31188, stack(0x0000005064f00000,0x0000005065000000)]

Stack: [0x0000005064f00000,0x0000005065000000],  sp=0x0000005064ffedd0,  free space=1019k
Native frames: (J=compiled Java code, j=interpreted, Vv=VM code, C=native code)
C  [jniRaylib.dll+0xdf42b]

Java frames: (J=compiled Java code, j=interpreted, Vv=VM code)
J 826  com.raylib.Raylib.DrawTexturePro(Lcom/raylib/Raylib$Texture;Lcom/raylib/Raylib$Rectangle;Lcom/raylib/Raylib$Rectangle;Lcom/raylib/Raylib$Vector2;FLcom/raylib/Raylib$Color;)V (0 bytes) @ 0x0000015829b66c62 [0x0000015829b66ba0+0x00000000000000c2]
j  PineVille.GameScene.main([Ljava/lang/String;)V+412
j  PineVille.MenuScene.switchToGameScene()V+10
j  PineVille.MenuScene.main([Ljava/lang/String;)V+78
v  ~StubRoutines::call_stub

siginfo: EXCEPTION_ACCESS_VIOLATION (0xc0000005), writing address 0x0000015808198dd0


Registers:
RAX=0x0000015808198dd0, RBX=0x0000005064ffef70, RCX=0x0000000000000000, RDX=0x0000015805aa77a0
RSP=0x0000005064ffedd0, RBP=0x0000005064fff030, RSI=0x0000000000000004, RDI=0x0000005064ffef60
R8 =0x0000000000000000, R9 =0x0000000000000000, R10=0x00007ffa596dde20, R11=0x000000000000000a
R12=0x00000158082d4350, R13=0x0000000000000000, R14=0x0000015804e2bd00, R15=0x0000015804cd5660
RIP=0x00007ffa5c95f42b, EFLAGS=0x0000000000010246


Register to memory mapping:

RIP=0x00007ffa5c95f42b jniRaylib.dll
RAX=0x0000015808198dd0 is an unknown value
RBX=0x0000005064ffef70 is pointing into the stack for thread: 0x000001581a42bd80
RCX=0x0 is NULL
RDX=0x0000015805aa77a0 points into unknown readable memory: 0x0000000000002000 | 00 20 00 00 00 00 00 00
RSP=0x0000005064ffedd0 is pointing into the stack for thread: 0x000001581a42bd80
RBP=0x0000005064fff030 is pointing into the stack for thread: 0x000001581a42bd80
RSI=0x0000000000000004 is an unknown value
RDI=0x0000005064ffef60 is pointing into the stack for thread: 0x000001581a42bd80
R8 =0x0 is NULL
R9 =0x0 is NULL
R10=0x00007ffa596dde20 jvm.dll
R11=0x000000000000000a is an unknown value
R12=0x00000158082d4350 points into unknown readable memory: 0x0000002000000004 | 04 00 00 00 20 00 00 00
R13=0x0 is NULL
R14=0x0000015804e2bd00 points into unknown readable memory: 0x00000000ffffffff | ff ff ff ff 00 00 00 00
R15=0x0000015804cd5660 points into unknown readable memory: 0x0000000000000000 | 00 00 00 00 00 00 00 00


Top of Stack: (sp=0x0000005064ffedd0)
0x0000005064ffedd0:   0000015800403a00 0000000000000000
0x0000005064ffede0:   0000672ffa836d95 00007ffb0000000e
0x0000005064ffedf0:   0000000043640000 0000000000000000
0x0000005064ffee00:   0000000000000000 0000000000000000
0x0000005064ffee10:   0000000000000000 0000000000000000
0x0000005064ffee20:   0000005064ffef70 00007ffa5c928749
0x0000005064ffee30:   0000005064fff068 000001581a42bd80
0x0000005064ffee40:   000001587f143700 0000005064ffee90
0x0000005064ffee50:   4200000043640000 42c8000043640000
0x0000005064ffee60:   000000000000000e 0000000000000000
0x0000005064ffee70:   0000000000000000 0000000000000000
0x0000005064ffee80:   0000000000000000 0000000000000000
0x0000005064ffee90:   0000000000000000 0000000000000000
0x0000005064ffeea0:   0000000000000000 0000000000000000
0x0000005064ffeeb0:   0000000000000000 0000000000000000
0x0000005064ffeec0:   0000000000000000 0000000000000000
0x0000005064ffeed0:   0000000000000000 0000000000000000
0x0000005064ffeee0:   0000000000000000 0000000000000000
0x0000005064ffeef0:   0000000000000000 0000000000000000
0x0000005064ffef00:   0000000000000000 0000000000000000
0x0000005064ffef10:   000001587fba3c30 000001587fba3990
0x0000005064ffef20:   000001581a42c038 00007ffa5c8c2213
0x0000005064ffef30:   0000005042c80000 0000005064fff030
0x0000005064ffef40:   000001581a42c038 00007ffa5c8aa8eb
0x0000005064ffef50:   0000000000000000 00000000ffffffff
0x0000005064ffef60:   42c8000042c80000 4300000043000000
0x0000005064ffef70:   0000000000000000 4200000042000000
0x0000005064ffef80:   0000002000000004 0000000100000020
0x0000005064ffef90:   0000015800000007 00000158004bfce8
0x0000005064ffefa0:   000001581a42bd80 0000000000000000
0x0000005064ffefb0:   000000071525c3f0 000000071543cc68
0x0000005064ffefc0:   0000015800426560 0000015829b66d02 

Instructions: (pc=0x00007ffa5c95f42b)
0x00007ffa5c95f32b:   fa 01 75 0b 84 54 c1 f4 75 54 8d 4a 02 eb 43 83
0x00007ffa5c95f33b:   fa 04 75 20 8b 4c c1 f4 b8 56 55 55 55 f7 e9 8b
0x00007ffa5c95f34b:   c2 c1 e8 1f 03 d0 8d 04 52 3b c8 75 31 b9 04 00
0x00007ffa5c95f35b:   00 00 eb 1e 83 fa 07 75 25 8b 44 c1 f4 25 03 00
0x00007ffa5c95f36b:   00 80 7d 07 ff c8 83 c8 fc ff c0 85 c0 75 0f 8d
0x00007ffa5c95f37b:   48 05 e8 7e a4 ff ff 4c 8b 05 27 2e 11 00 4d 63
0x00007ffa5c95f38b:   48 04 4d 8b 40 08 8b 05 41 2e 11 00 49 c1 e1 06
0x00007ffa5c95f39b:   8d 0c 40 4b 8b 44 01 08 48 63 d1 f3 0f 11 34 90
0x00007ffa5c95f3ab:   48 8b 05 fe 2d 11 00 4c 63 48 04 4c 8b 40 08 8b
0x00007ffa5c95f3bb:   05 18 2e 11 00 49 c1 e1 06 8d 0c 40 4b 8b 44 01
0x00007ffa5c95f3cb:   08 48 63 d1 f3 0f 11 7c 90 04 48 8b 05 d4 2d 11
0x00007ffa5c95f3db:   00 4c 63 48 04 4c 8b 40 08 8b 05 ee 2d 11 00 49
0x00007ffa5c95f3eb:   c1 e1 06 8d 0c 40 4b 8b 44 01 08 48 63 d1 f3 44
0x00007ffa5c95f3fb:   0f 11 44 90 08 48 8b 05 a9 2d 11 00 f3 0f 10 05
0x00007ffa5c95f40b:   cd 2d 11 00 4c 63 40 04 48 8b 50 08 8b 05 bb 2d
0x00007ffa5c95f41b:   11 00 03 c0 49 c1 e0 06 48 63 c8 49 8b 44 10 10
0x00007ffa5c95f42b:   f3 0f 11 04 88 48 8b 05 79 2d 11 00 f3 0f 10 05
0x00007ffa5c95f43b:   a1 2d 11 00 4c 63 40 04 48 8b 50 08 8b 05 8b 2d
0x00007ffa5c95f44b:   11 00 03 c0 49 c1 e0 06 48 63 c8 49 8b 44 10 10
0x00007ffa5c95f45b:   f3 0f 11 44 88 04 48 8b 05 48 2d 11 00 4c 63 40
0x00007ffa5c95f46b:   04 48 8b 48 08 8b 05 62 2d 11 00 49 c1 e0 06 8d
0x00007ffa5c95f47b:   04 85 00 00 00 00 49 8b 4c 08 18 48 63 d0 0f b6
0x00007ffa5c95f48b:   05 60 2d 11 00 88 04 0a 48 8b 05 16 2d 11 00 4c
0x00007ffa5c95f49b:   63 40 04 48 8b 48 08 8b 05 30 2d 11 00 49 c1 e0
0x00007ffa5c95f4ab:   06 8d 04 85 00 00 00 00 49 8b 4c 08 18 48 63 d0
0x00007ffa5c95f4bb:   0f b6 05 2f 2d 11 00 88 44 11 01 48 8b 05 e3 2c
0x00007ffa5c95f4cb:   11 00 4c 63 40 04 48 8b 48 08 8b 05 fd 2c 11 00
0x00007ffa5c95f4db:   49 c1 e0 06 8d 04 85 00 00 00 00 49 8b 4c 08 18
0x00007ffa5c95f4eb:   48 63 d0 0f b6 05 fd 2c 11 00 88 44 11 02 48 8b
0x00007ffa5c95f4fb:   05 b0 2c 11 00 4c 63 40 04 48 8b 48 08 8b 05 ca
0x00007ffa5c95f50b:   2c 11 00 49 c1 e0 06 49 8b 4c 08 18 8d 04 85 00
0x00007ffa5c95f51b:   00 00 00 0f 28 74 24 40 0f 28 7c 24 30 44 0f 28 


Stack slot to memory mapping:
stack at sp + 0 slots: 0x0000015800403a00 is pointing into metadata
stack at sp + 1 slots: 0x0 is NULL
stack at sp + 2 slots: 0x0000672ffa836d95 is an unknown value
stack at sp + 3 slots: 0x00007ffb0000000e is an unknown value
stack at sp + 4 slots: 0x0000000043640000 is an unknown value
stack at sp + 5 slots: 0x0 is NULL
stack at sp + 6 slots: 0x0 is NULL
stack at sp + 7 slots: 0x0 is NULL


Compiled method (n/a)   23573  826     n 0       com.raylib.Raylib::DrawTexturePro (native)
 total in heap  [0x0000015829b66a10,0x0000015829b66e40] = 1072
 relocation     [0x0000015829b66b68,0x0000015829b66b98] = 48
 main code      [0x0000015829b66ba0,0x0000015829b66e38] = 664
 oops           [0x0000015829b66e38,0x0000015829b66e40] = 8

[Constant Pool (empty)]

[MachCode]
[Entry Point]
  # {method} {0x0000015800426568} 'DrawTexturePro' '(Lcom/raylib/Raylib$Texture;Lcom/raylib/Raylib$Rectangle;Lcom/raylib/Raylib$Rectangle;Lcom/raylib/Raylib$Vector2;FLcom/raylib/Raylib$Color;)V' in 'com/raylib/Raylib'
  # parm0:    rdx:rdx   = 'com/raylib/Raylib$Texture'
  # parm1:    r8:r8     = 'com/raylib/Raylib$Rectangle'
  # parm2:    r9:r9     = 'com/raylib/Raylib$Rectangle'
  # parm3:    rdi:rdi   = 'com/raylib/Raylib$Vector2'
  # parm4:    xmm0      = float
  # parm5:    rsi:rsi   = 'com/raylib/Raylib$Color'
  #           [sp+0x90]  (sp of caller)
  0x0000015829b66ba0: 448b 5208 | 49bb 0000 | 003e 5801 | 0000 4d03 | d349 3bc2 | 0f84 0600 

  0x0000015829b66bb8: ;   {runtime_call ic_miss_stub}
  0x0000015829b66bb8: 0000 e9c1 | a987 ff90 
[Verified Entry Point]
  0x0000015829b66bc0: 8984 2400 | 90ff ff55 | 488b ec48 | 81ec 8000 | 0000 4889 | 7424 6048 | 83fe 0048 | 8d44 2460 
  0x0000015829b66be0: 480f 4444 | 2460 4889 | 4424 38c5 | fa11 4424 | 3048 897c | 2458 4883 | ff00 488d | 4424 5848 
  0x0000015829b66c00: 0f44 4424 | 5848 8944 | 2428 4c89 | 4c24 5049 | 83f9 0048 | 8d44 2450 | 480f 4444 | 2450 4889 
  0x0000015829b66c20: 4424 204c | 8944 2448 | 4983 f800 | 4c8d 4c24 | 484c 0f44 | 4c24 4848 | 8954 2440 | 4883 fa00 
  0x0000015829b66c40: 4c8d 4424 | 404c 0f44 

  0x0000015829b66c48: ;   {oop(a 'java/lang/Class'{0x0000000713e00090} = 'com/raylib/Raylib')}
  0x0000015829b66c48: 4424 4049 | be90 00e0 | 1307 0000 | 004c 8974 | 2470 4c8d | 7424 7049 | 8bd6 c5f8 

  0x0000015829b66c64: ;   {internal_word}
  0x0000015829b66c64: 7749 ba62 | 6cb6 2958 | 0100 004d | 8997 a002 | 0000 4989 | a798 0200 

  0x0000015829b66c7c: ;   {external_word}
  0x0000015829b66c7c: 0049 ba79 | 356c 59fa | 7f00 0041 | 803a 000f | 8452 0000 | 0052 4150 

  0x0000015829b66c94: ;   {metadata({method} {0x0000015800426568} 'DrawTexturePro' '(Lcom/raylib/Raylib$Texture;Lcom/raylib/Raylib$Rectangle;Lcom/raylib/Raylib$Rectangle;Lcom/raylib/Raylib$Vector2;FLcom/raylib/Raylib$Color;)V' in 'com/raylib/Raylib')}
  0x0000015829b66c94: 4151 48ba | 6065 4200 | 5801 0000 | 498b cf48 | 83ec 20f7 | c40f 0000 | 000f 841a | 0000 0048 
  0x0000015829b66cb4: ;   {runtime_call}
  0x0000015829b66cb4: 83ec 0849 | ba00 3022 | 59fa 7f00 | 0041 ffd2 | 4883 c408 | e90d 0000 

  0x0000015829b66ccc: ;   {runtime_call}
  0x0000015829b66ccc: 0049 ba00 | 3022 59fa | 7f00 0041 | ffd2 4883 | c420 4159 | 4158 5a49 | 8d8f b802 | 0000 41c7 
  0x0000015829b66cec: 8748 0300 | 0004 0000 

  0x0000015829b66cf4: ;   {runtime_call}
  0x0000015829b66cf4: 0049 ba10 | 208c 5cfa | 7f00 0041 | ffd2 c5f8 | 7741 c787 | 4803 0000 | 0500 0000 | f083 4424 
  0x0000015829b66d14: c000 493b | af50 0300 | 000f 8711 | 0000 0041 | 81bf 3803 | 0000 0000 | 0000 0f84 | 2400 0000 
  0x0000015829b66d34: c5f8 7749 | 8bcf 4c8b | e448 83ec | 2048 83e4 

  0x0000015829b66d44: ;   {runtime_call}
  0x0000015829b66d44: f049 ba90 | 4432 59fa | 7f00 0041 | ffd2 498b | e44d 33e4 | 41c7 8748 | 0300 0008 | 0000 0041 
  0x0000015829b66d64: 81bf b803 | 0000 0200 | 0000 0f84 | 9b00 0000 

  0x0000015829b66d74: ;   {external_word}
  0x0000015829b66d74: 49ba 7935 | 6c59 fa7f | 0000 4180 | 3a00 0f84 | 4800 0000 

  0x0000015829b66d88: ;   {metadata({method} {0x0000015800426568} 'DrawTexturePro' '(Lcom/raylib/Raylib$Texture;Lcom/raylib/Raylib$Rectangle;Lcom/raylib/Raylib$Rectangle;Lcom/raylib/Raylib$Vector2;FLcom/raylib/Raylib$Color;)V' in 'com/raylib/Raylib')}
  0x0000015829b66d88: 48ba 6065 | 4200 5801 | 0000 498b | cf48 83ec | 20f7 c40f | 0000 000f | 841a 0000 | 0048 83ec 
  0x0000015829b66da8: ;   {runtime_call}
  0x0000015829b66da8: 0849 ba00 | 3022 59fa | 7f00 0041 | ffd2 4883 | c408 e90d 

  0x0000015829b66dbc: ;   {runtime_call}
  0x0000015829b66dbc: 0000 0049 | ba00 3022 | 59fa 7f00 | 0041 ffd2 | 4883 c420 | 49c7 8798 | 0200 0000 | 0000 0049 
  0x0000015829b66ddc: c787 a002 | 0000 0000 | 0000 c5f8 | 7749 8b8f | d800 0000 | c781 0001 | 0000 0000 | 0000 c949 
  0x0000015829b66dfc: 817f 0800 | 0000 000f | 8501 0000 

  0x0000015829b66e08: ;   {runtime_call StubRoutines (1)}
  0x0000015829b66e08: 00c3 e9f1 | a082 ffc5 | f877 4c8b | e448 83ec | 2048 83e4 

  0x0000015829b66e1c: ;   {runtime_call}
  0x0000015829b66e1c: f049 ba80 | 6022 59fa | 7f00 0041 | ffd2 498b | e44d 33e4 | e93f ffff | fff4 f4f4 
[/MachCode]


---------------  P R O C E S S  ---------------

Threads class SMR info:
_java_thread_list=0x00000158047515d0, length=13, elements={
0x000001581a42bd80, 0x000001587f008180, 0x000001587f008d40, 0x000001587f020780,
0x000001587f021340, 0x000001587f025d20, 0x000001587f0266e0, 0x000001587f0273d0,
0x000001587f0337a0, 0x000001587f035fe0, 0x000001587f18c830, 0x000001587f1b39a0,
0x00000158046800f0
}

Java Threads: ( => current thread )
=>0x000001581a42bd80 JavaThread "main" [_thread_in_native, id=31188, stack(0x0000005064f00000,0x0000005065000000)]
  0x000001587f008180 JavaThread "Reference Handler" daemon [_thread_blocked, id=19528, stack(0x0000005065600000,0x0000005065700000)]
  0x000001587f008d40 JavaThread "Finalizer" daemon [_thread_blocked, id=16420, stack(0x0000005065700000,0x0000005065800000)]
  0x000001587f020780 JavaThread "Signal Dispatcher" daemon [_thread_blocked, id=15748, stack(0x0000005065800000,0x0000005065900000)]
  0x000001587f021340 JavaThread "Attach Listener" daemon [_thread_blocked, id=14020, stack(0x0000005065900000,0x0000005065a00000)]
  0x000001587f025d20 JavaThread "Service Thread" daemon [_thread_blocked, id=27832, stack(0x0000005065a00000,0x0000005065b00000)]
  0x000001587f0266e0 JavaThread "Monitor Deflation Thread" daemon [_thread_blocked, id=3124, stack(0x0000005065b00000,0x0000005065c00000)]
  0x000001587f0273d0 JavaThread "C2 CompilerThread0" daemon [_thread_blocked, id=19832, stack(0x0000005065c00000,0x0000005065d00000)]
  0x000001587f0337a0 JavaThread "C1 CompilerThread0" daemon [_thread_blocked, id=3860, stack(0x0000005065d00000,0x0000005065e00000)]
  0x000001587f035fe0 JavaThread "Sweeper thread" daemon [_thread_blocked, id=7236, stack(0x0000005065e00000,0x0000005065f00000)]
  0x000001587f18c830 JavaThread "Notification Thread" daemon [_thread_blocked, id=17320, stack(0x0000005066100000,0x0000005066200000)]
  0x000001587f1b39a0 JavaThread "Common-Cleaner" daemon [_thread_blocked, id=6896, stack(0x0000005066300000,0x0000005066400000)]
  0x00000158046800f0 JavaThread "JavaCPP Deallocator" daemon [_thread_blocked, id=9912, stack(0x0000005066700000,0x0000005066800000)]

Other Threads:
  0x000001583dc2e1b0 VMThread "VM Thread" [stack: 0x0000005065500000,0x0000005065600000] [id=11072]
  0x000001587f1acd20 WatcherThread [stack: 0x0000005066200000,0x0000005066300000] [id=3352]
  0x000001581a498490 GCTaskThread "GC Thread#0" [stack: 0x0000005065000000,0x0000005065100000] [id=14328]
  0x000001580518dce0 GCTaskThread "GC Thread#1" [stack: 0x0000005066800000,0x0000005066900000] [id=29304]
  0x0000015805099a30 GCTaskThread "GC Thread#2" [stack: 0x0000005066900000,0x0000005066a00000] [id=16948]
  0x0000015805cb3c90 GCTaskThread "GC Thread#3" [stack: 0x0000005066a00000,0x0000005066b00000] [id=9632]
  0x000001580408b8f0 GCTaskThread "GC Thread#4" [stack: 0x0000005066b00000,0x0000005066c00000] [id=1892]
  0x00000158040df040 GCTaskThread "GC Thread#5" [stack: 0x0000005066c00000,0x0000005066d00000] [id=29480]
  0x000001581a4a8e30 ConcurrentGCThread "G1 Main Marker" [stack: 0x0000005065100000,0x0000005065200000] [id=11956]
  0x000001581a4aa860 ConcurrentGCThread "G1 Conc#0" [stack: 0x0000005065200000,0x0000005065300000] [id=31296]
  0x000001583dae9ff0 ConcurrentGCThread "G1 Refine#0" [stack: 0x0000005065300000,0x0000005065400000] [id=16832]
  0x000001583daeaa20 ConcurrentGCThread "G1 Service" [stack: 0x0000005065400000,0x0000005065500000] [id=11744]

Threads with active compile tasks:

VM state: not at safepoint (normal execution)

VM Mutex/Monitor currently owned by a thread: None

Heap address: 0x0000000705a00000, size: 4006 MB, Compressed Oops mode: Zero based, Oop shift amount: 3

CDS archive(s) mapped at: [0x000001583e000000-0x000001583ebb0000-0x000001583ebb0000), size 12255232, SharedBaseAddress: 0x000001583e000000, ArchiveRelocationMode: 1.
Compressed class space mapped at: 0x000001583f000000-0x000001587f000000, reserved size: 1073741824
Narrow klass base: 0x000001583e000000, Narrow klass shift: 0, Narrow klass range: 0x100000000

GC Precious Log:
 CPUs: 16 total, 16 available
 Memory: 16021M
 Large Page Support: Disabled
 NUMA Support: Disabled
 Compressed Oops: Enabled (Zero based)
 Heap Region Size: 2M
 Heap Min Capacity: 8M
 Heap Initial Capacity: 252M
 Heap Max Capacity: 4006M
 Pre-touch: Disabled
 Parallel Workers: 13
 Concurrent Workers: 3
 Concurrent Refinement Workers: 13
 Periodic GC: Disabled

Heap:
 garbage-first heap   total 258048K, used 3674K [0x0000000705a00000, 0x0000000800000000)
  region size 2048K, 3 young (6144K), 1 survivors (2048K)
 Metaspace       used 2133K, committed 2304K, reserved 1114112K
  class space    used 180K, committed 256K, reserved 1048576K

Heap Regions: E=young(eden), S=young(survivor), O=old, HS=humongous(starts), HC=humongous(continues), CS=collection set, F=free, OA=open archive, CA=closed archive, TAMS=top-at-mark-start (previous, next)
|   0|0x0000000705a00000, 0x0000000705a00000, 0x0000000705c00000|  0%| F|  |TAMS 0x0000000705a00000, 0x0000000705a00000| Untracked 
|   1|0x0000000705c00000, 0x0000000705c00000, 0x0000000705e00000|  0%| F|  |TAMS 0x0000000705c00000, 0x0000000705c00000| Untracked 
|   2|0x0000000705e00000, 0x0000000705e00000, 0x0000000706000000|  0%| F|  |TAMS 0x0000000705e00000, 0x0000000705e00000| Untracked 
|   3|0x0000000706000000, 0x0000000706000000, 0x0000000706200000|  0%| F|  |TAMS 0x0000000706000000, 0x0000000706000000| Untracked 
|   4|0x0000000706200000, 0x0000000706200000, 0x0000000706400000|  0%| F|  |TAMS 0x0000000706200000, 0x0000000706200000| Untracked 
|   5|0x0000000706400000, 0x0000000706400000, 0x0000000706600000|  0%| F|  |TAMS 0x0000000706400000, 0x0000000706400000| Untracked 
|   6|0x0000000706600000, 0x0000000706600000, 0x0000000706800000|  0%| F|  |TAMS 0x0000000706600000, 0x0000000706600000| Untracked 
|   7|0x0000000706800000, 0x0000000706800000, 0x0000000706a00000|  0%| F|  |TAMS 0x0000000706800000, 0x0000000706800000| Untracked 
|   8|0x0000000706a00000, 0x0000000706a00000, 0x0000000706c00000|  0%| F|  |TAMS 0x0000000706a00000, 0x0000000706a00000| Untracked 
|   9|0x0000000706c00000, 0x0000000706c00000, 0x0000000706e00000|  0%| F|  |TAMS 0x0000000706c00000, 0x0000000706c00000| Untracked 
|  10|0x0000000706e00000, 0x0000000706e00000, 0x0000000707000000|  0%| F|  |TAMS 0x0000000706e00000, 0x0000000706e00000| Untracked 
|  11|0x0000000707000000, 0x0000000707000000, 0x0000000707200000|  0%| F|  |TAMS 0x0000000707000000, 0x0000000707000000| Untracked 
|  12|0x0000000707200000, 0x0000000707200000, 0x0000000707400000|  0%| F|  |TAMS 0x0000000707200000, 0x0000000707200000| Untracked 
|  13|0x0000000707400000, 0x0000000707400000, 0x0000000707600000|  0%| F|  |TAMS 0x0000000707400000, 0x0000000707400000| Untracked 
|  14|0x0000000707600000, 0x0000000707600000, 0x0000000707800000|  0%| F|  |TAMS 0x0000000707600000, 0x0000000707600000| Untracked 
|  15|0x0000000707800000, 0x0000000707800000, 0x0000000707a00000|  0%| F|  |TAMS 0x0000000707800000, 0x0000000707800000| Untracked 
|  16|0x0000000707a00000, 0x0000000707a00000, 0x0000000707c00000|  0%| F|  |TAMS 0x0000000707a00000, 0x0000000707a00000| Untracked 
|  17|0x0000000707c00000, 0x0000000707c00000, 0x0000000707e00000|  0%| F|  |TAMS 0x0000000707c00000, 0x0000000707c00000| Untracked 
|  18|0x0000000707e00000, 0x0000000707e00000, 0x0000000708000000|  0%| F|  |TAMS 0x0000000707e00000, 0x0000000707e00000| Untracked 
|  19|0x0000000708000000, 0x0000000708000000, 0x0000000708200000|  0%| F|  |TAMS 0x0000000708000000, 0x0000000708000000| Untracked 
|  20|0x0000000708200000, 0x0000000708200000, 0x0000000708400000|  0%| F|  |TAMS 0x0000000708200000, 0x0000000708200000| Untracked 
|  21|0x0000000708400000, 0x0000000708400000, 0x0000000708600000|  0%| F|  |TAMS 0x0000000708400000, 0x0000000708400000| Untracked 
|  22|0x0000000708600000, 0x0000000708600000, 0x0000000708800000|  0%| F|  |TAMS 0x0000000708600000, 0x0000000708600000| Untracked 
|  23|0x0000000708800000, 0x0000000708800000, 0x0000000708a00000|  0%| F|  |TAMS 0x0000000708800000, 0x0000000708800000| Untracked 
|  24|0x0000000708a00000, 0x0000000708a00000, 0x0000000708c00000|  0%| F|  |TAMS 0x0000000708a00000, 0x0000000708a00000| Untracked 
|  25|0x0000000708c00000, 0x0000000708c00000, 0x0000000708e00000|  0%| F|  |TAMS 0x0000000708c00000, 0x0000000708c00000| Untracked 
|  26|0x0000000708e00000, 0x0000000708e00000, 0x0000000709000000|  0%| F|  |TAMS 0x0000000708e00000, 0x0000000708e00000| Untracked 
|  27|0x0000000709000000, 0x0000000709000000, 0x0000000709200000|  0%| F|  |TAMS 0x0000000709000000, 0x0000000709000000| Untracked 
|  28|0x0000000709200000, 0x0000000709200000, 0x0000000709400000|  0%| F|  |TAMS 0x0000000709200000, 0x0000000709200000| Untracked 
|  29|0x0000000709400000, 0x0000000709400000, 0x0000000709600000|  0%| F|  |TAMS 0x0000000709400000, 0x0000000709400000| Untracked 
|  30|0x0000000709600000, 0x0000000709600000, 0x0000000709800000|  0%| F|  |TAMS 0x0000000709600000, 0x0000000709600000| Untracked 
|  31|0x0000000709800000, 0x0000000709800000, 0x0000000709a00000|  0%| F|  |TAMS 0x0000000709800000, 0x0000000709800000| Untracked 
|  32|0x0000000709a00000, 0x0000000709a00000, 0x0000000709c00000|  0%| F|  |TAMS 0x0000000709a00000, 0x0000000709a00000| Untracked 
|  33|0x0000000709c00000, 0x0000000709c00000, 0x0000000709e00000|  0%| F|  |TAMS 0x0000000709c00000, 0x0000000709c00000| Untracked 
|  34|0x0000000709e00000, 0x0000000709e00000, 0x000000070a000000|  0%| F|  |TAMS 0x0000000709e00000, 0x0000000709e00000| Untracked 
|  35|0x000000070a000000, 0x000000070a000000, 0x000000070a200000|  0%| F|  |TAMS 0x000000070a000000, 0x000000070a000000| Untracked 
|  36|0x000000070a200000, 0x000000070a200000, 0x000000070a400000|  0%| F|  |TAMS 0x000000070a200000, 0x000000070a200000| Untracked 
|  37|0x000000070a400000, 0x000000070a400000, 0x000000070a600000|  0%| F|  |TAMS 0x000000070a400000, 0x000000070a400000| Untracked 
|  38|0x000000070a600000, 0x000000070a600000, 0x000000070a800000|  0%| F|  |TAMS 0x000000070a600000, 0x000000070a600000| Untracked 
|  39|0x000000070a800000, 0x000000070a800000, 0x000000070aa00000|  0%| F|  |TAMS 0x000000070a800000, 0x000000070a800000| Untracked 
|  40|0x000000070aa00000, 0x000000070aa00000, 0x000000070ac00000|  0%| F|  |TAMS 0x000000070aa00000, 0x000000070aa00000| Untracked 
|  41|0x000000070ac00000, 0x000000070ac00000, 0x000000070ae00000|  0%| F|  |TAMS 0x000000070ac00000, 0x000000070ac00000| Untracked 
|  42|0x000000070ae00000, 0x000000070ae00000, 0x000000070b000000|  0%| F|  |TAMS 0x000000070ae00000, 0x000000070ae00000| Untracked 
|  43|0x000000070b000000, 0x000000070b000000, 0x000000070b200000|  0%| F|  |TAMS 0x000000070b000000, 0x000000070b000000| Untracked 
|  44|0x000000070b200000, 0x000000070b200000, 0x000000070b400000|  0%| F|  |TAMS 0x000000070b200000, 0x000000070b200000| Untracked 
|  45|0x000000070b400000, 0x000000070b400000, 0x000000070b600000|  0%| F|  |TAMS 0x000000070b400000, 0x000000070b400000| Untracked 
|  46|0x000000070b600000, 0x000000070b600000, 0x000000070b800000|  0%| F|  |TAMS 0x000000070b600000, 0x000000070b600000| Untracked 
|  47|0x000000070b800000, 0x000000070b800000, 0x000000070ba00000|  0%| F|  |TAMS 0x000000070b800000, 0x000000070b800000| Untracked 
|  48|0x000000070ba00000, 0x000000070ba00000, 0x000000070bc00000|  0%| F|  |TAMS 0x000000070ba00000, 0x000000070ba00000| Untracked 
|  49|0x000000070bc00000, 0x000000070bc00000, 0x000000070be00000|  0%| F|  |TAMS 0x000000070bc00000, 0x000000070bc00000| Untracked 
|  50|0x000000070be00000, 0x000000070be00000, 0x000000070c000000|  0%| F|  |TAMS 0x000000070be00000, 0x000000070be00000| Untracked 
|  51|0x000000070c000000, 0x000000070c000000, 0x000000070c200000|  0%| F|  |TAMS 0x000000070c000000, 0x000000070c000000| Untracked 
|  52|0x000000070c200000, 0x000000070c200000, 0x000000070c400000|  0%| F|  |TAMS 0x000000070c200000, 0x000000070c200000| Untracked 
|  53|0x000000070c400000, 0x000000070c400000, 0x000000070c600000|  0%| F|  |TAMS 0x000000070c400000, 0x000000070c400000| Untracked 
|  54|0x000000070c600000, 0x000000070c600000, 0x000000070c800000|  0%| F|  |TAMS 0x000000070c600000, 0x000000070c600000| Untracked 
|  55|0x000000070c800000, 0x000000070c800000, 0x000000070ca00000|  0%| F|  |TAMS 0x000000070c800000, 0x000000070c800000| Untracked 
|  56|0x000000070ca00000, 0x000000070ca00000, 0x000000070cc00000|  0%| F|  |TAMS 0x000000070ca00000, 0x000000070ca00000| Untracked 
|  57|0x000000070cc00000, 0x000000070cc00000, 0x000000070ce00000|  0%| F|  |TAMS 0x000000070cc00000, 0x000000070cc00000| Untracked 
|  58|0x000000070ce00000, 0x000000070ce00000, 0x000000070d000000|  0%| F|  |TAMS 0x000000070ce00000, 0x000000070ce00000| Untracked 
|  59|0x000000070d000000, 0x000000070d000000, 0x000000070d200000|  0%| F|  |TAMS 0x000000070d000000, 0x000000070d000000| Untracked 
|  60|0x000000070d200000, 0x000000070d200000, 0x000000070d400000|  0%| F|  |TAMS 0x000000070d200000, 0x000000070d200000| Untracked 
|  61|0x000000070d400000, 0x000000070d400000, 0x000000070d600000|  0%| F|  |TAMS 0x000000070d400000, 0x000000070d400000| Untracked 
|  62|0x000000070d600000, 0x000000070d600000, 0x000000070d800000|  0%| F|  |TAMS 0x000000070d600000, 0x000000070d600000| Untracked 
|  63|0x000000070d800000, 0x000000070d800000, 0x000000070da00000|  0%| F|  |TAMS 0x000000070d800000, 0x000000070d800000| Untracked 
|  64|0x000000070da00000, 0x000000070da00000, 0x000000070dc00000|  0%| F|  |TAMS 0x000000070da00000, 0x000000070da00000| Untracked 
|  65|0x000000070dc00000, 0x000000070dc00000, 0x000000070de00000|  0%| F|  |TAMS 0x000000070dc00000, 0x000000070dc00000| Untracked 
|  66|0x000000070de00000, 0x000000070de00000, 0x000000070e000000|  0%| F|  |TAMS 0x000000070de00000, 0x000000070de00000| Untracked 
|  67|0x000000070e000000, 0x000000070e000000, 0x000000070e200000|  0%| F|  |TAMS 0x000000070e000000, 0x000000070e000000| Untracked 
|  68|0x000000070e200000, 0x000000070e200000, 0x000000070e400000|  0%| F|  |TAMS 0x000000070e200000, 0x000000070e200000| Untracked 
|  69|0x000000070e400000, 0x000000070e400000, 0x000000070e600000|  0%| F|  |TAMS 0x000000070e400000, 0x000000070e400000| Untracked 
|  70|0x000000070e600000, 0x000000070e600000, 0x000000070e800000|  0%| F|  |TAMS 0x000000070e600000, 0x000000070e600000| Untracked 
|  71|0x000000070e800000, 0x000000070e800000, 0x000000070ea00000|  0%| F|  |TAMS 0x000000070e800000, 0x000000070e800000| Untracked 
|  72|0x000000070ea00000, 0x000000070ea00000, 0x000000070ec00000|  0%| F|  |TAMS 0x000000070ea00000, 0x000000070ea00000| Untracked 
|  73|0x000000070ec00000, 0x000000070ec00000, 0x000000070ee00000|  0%| F|  |TAMS 0x000000070ec00000, 0x000000070ec00000| Untracked 
|  74|0x000000070ee00000, 0x000000070ee00000, 0x000000070f000000|  0%| F|  |TAMS 0x000000070ee00000, 0x000000070ee00000| Untracked 
|  75|0x000000070f000000, 0x000000070f000000, 0x000000070f200000|  0%| F|  |TAMS 0x000000070f000000, 0x000000070f000000| Untracked 
|  76|0x000000070f200000, 0x000000070f200000, 0x000000070f400000|  0%| F|  |TAMS 0x000000070f200000, 0x000000070f200000| Untracked 
|  77|0x000000070f400000, 0x000000070f400000, 0x000000070f600000|  0%| F|  |TAMS 0x000000070f400000, 0x000000070f400000| Untracked 
|  78|0x000000070f600000, 0x000000070f600000, 0x000000070f800000|  0%| F|  |TAMS 0x000000070f600000, 0x000000070f600000| Untracked 
|  79|0x000000070f800000, 0x000000070f800000, 0x000000070fa00000|  0%| F|  |TAMS 0x000000070f800000, 0x000000070f800000| Untracked 
|  80|0x000000070fa00000, 0x000000070fa00000, 0x000000070fc00000|  0%| F|  |TAMS 0x000000070fa00000, 0x000000070fa00000| Untracked 
|  81|0x000000070fc00000, 0x000000070fc00000, 0x000000070fe00000|  0%| F|  |TAMS 0x000000070fc00000, 0x000000070fc00000| Untracked 
|  82|0x000000070fe00000, 0x000000070fe00000, 0x0000000710000000|  0%| F|  |TAMS 0x000000070fe00000, 0x000000070fe00000| Untracked 
|  83|0x0000000710000000, 0x0000000710000000, 0x0000000710200000|  0%| F|  |TAMS 0x0000000710000000, 0x0000000710000000| Untracked 
|  84|0x0000000710200000, 0x0000000710200000, 0x0000000710400000|  0%| F|  |TAMS 0x0000000710200000, 0x0000000710200000| Untracked 
|  85|0x0000000710400000, 0x0000000710400000, 0x0000000710600000|  0%| F|  |TAMS 0x0000000710400000, 0x0000000710400000| Untracked 
|  86|0x0000000710600000, 0x0000000710600000, 0x0000000710800000|  0%| F|  |TAMS 0x0000000710600000, 0x0000000710600000| Untracked 
|  87|0x0000000710800000, 0x0000000710800000, 0x0000000710a00000|  0%| F|  |TAMS 0x0000000710800000, 0x0000000710800000| Untracked 
|  88|0x0000000710a00000, 0x0000000710a00000, 0x0000000710c00000|  0%| F|  |TAMS 0x0000000710a00000, 0x0000000710a00000| Untracked 
|  89|0x0000000710c00000, 0x0000000710c00000, 0x0000000710e00000|  0%| F|  |TAMS 0x0000000710c00000, 0x0000000710c00000| Untracked 
|  90|0x0000000710e00000, 0x0000000710e00000, 0x0000000711000000|  0%| F|  |TAMS 0x0000000710e00000, 0x0000000710e00000| Untracked 
|  91|0x0000000711000000, 0x0000000711000000, 0x0000000711200000|  0%| F|  |TAMS 0x0000000711000000, 0x0000000711000000| Untracked 
|  92|0x0000000711200000, 0x0000000711200000, 0x0000000711400000|  0%| F|  |TAMS 0x0000000711200000, 0x0000000711200000| Untracked 
|  93|0x0000000711400000, 0x0000000711400000, 0x0000000711600000|  0%| F|  |TAMS 0x0000000711400000, 0x0000000711400000| Untracked 
|  94|0x0000000711600000, 0x0000000711600000, 0x0000000711800000|  0%| F|  |TAMS 0x0000000711600000, 0x0000000711600000| Untracked 
|  95|0x0000000711800000, 0x0000000711800000, 0x0000000711a00000|  0%| F|  |TAMS 0x0000000711800000, 0x0000000711800000| Untracked 
|  96|0x0000000711a00000, 0x0000000711a00000, 0x0000000711c00000|  0%| F|  |TAMS 0x0000000711a00000, 0x0000000711a00000| Untracked 
|  97|0x0000000711c00000, 0x0000000711c00000, 0x0000000711e00000|  0%| F|  |TAMS 0x0000000711c00000, 0x0000000711c00000| Untracked 
|  98|0x0000000711e00000, 0x0000000711e00000, 0x0000000712000000|  0%| F|  |TAMS 0x0000000711e00000, 0x0000000711e00000| Untracked 
|  99|0x0000000712000000, 0x0000000712000000, 0x0000000712200000|  0%| F|  |TAMS 0x0000000712000000, 0x0000000712000000| Untracked 
| 100|0x0000000712200000, 0x0000000712200000, 0x0000000712400000|  0%| F|  |TAMS 0x0000000712200000, 0x0000000712200000| Untracked 
| 101|0x0000000712400000, 0x0000000712400000, 0x0000000712600000|  0%| F|  |TAMS 0x0000000712400000, 0x0000000712400000| Untracked 
| 102|0x0000000712600000, 0x0000000712600000, 0x0000000712800000|  0%| F|  |TAMS 0x0000000712600000, 0x0000000712600000| Untracked 
| 103|0x0000000712800000, 0x0000000712800000, 0x0000000712a00000|  0%| F|  |TAMS 0x0000000712800000, 0x0000000712800000| Untracked 
| 104|0x0000000712a00000, 0x0000000712a00000, 0x0000000712c00000|  0%| F|  |TAMS 0x0000000712a00000, 0x0000000712a00000| Untracked 
| 105|0x0000000712c00000, 0x0000000712c00000, 0x0000000712e00000|  0%| F|  |TAMS 0x0000000712c00000, 0x0000000712c00000| Untracked 
| 106|0x0000000712e00000, 0x0000000712e00000, 0x0000000713000000|  0%| F|  |TAMS 0x0000000712e00000, 0x0000000712e00000| Untracked 
| 107|0x0000000713000000, 0x0000000713000000, 0x0000000713200000|  0%| F|  |TAMS 0x0000000713000000, 0x0000000713000000| Untracked 
| 108|0x0000000713200000, 0x0000000713200000, 0x0000000713400000|  0%| F|  |TAMS 0x0000000713200000, 0x0000000713200000| Untracked 
| 109|0x0000000713400000, 0x0000000713400000, 0x0000000713600000|  0%| F|  |TAMS 0x0000000713400000, 0x0000000713400000| Untracked 
| 110|0x0000000713600000, 0x0000000713600000, 0x0000000713800000|  0%| F|  |TAMS 0x0000000713600000, 0x0000000713600000| Untracked 
| 111|0x0000000713800000, 0x0000000713800000, 0x0000000713a00000|  0%| F|  |TAMS 0x0000000713800000, 0x0000000713800000| Untracked 
| 112|0x0000000713a00000, 0x0000000713a00000, 0x0000000713c00000|  0%| F|  |TAMS 0x0000000713a00000, 0x0000000713a00000| Untracked 
| 113|0x0000000713c00000, 0x0000000713c00000, 0x0000000713e00000|  0%| F|  |TAMS 0x0000000713c00000, 0x0000000713c00000| Untracked 
| 114|0x0000000713e00000, 0x0000000713f96a60, 0x0000000714000000| 79%| S|CS|TAMS 0x0000000713e00000, 0x0000000713e00000| Complete 
| 115|0x0000000714000000, 0x0000000714000000, 0x0000000714200000|  0%| F|  |TAMS 0x0000000714000000, 0x0000000714000000| Untracked 
| 116|0x0000000714200000, 0x0000000714200000, 0x0000000714400000|  0%| F|  |TAMS 0x0000000714200000, 0x0000000714200000| Untracked 
| 117|0x0000000714400000, 0x0000000714400000, 0x0000000714600000|  0%| F|  |TAMS 0x0000000714400000, 0x0000000714400000| Untracked 
| 118|0x0000000714600000, 0x0000000714600000, 0x0000000714800000|  0%| F|  |TAMS 0x0000000714600000, 0x0000000714600000| Untracked 
| 119|0x0000000714800000, 0x0000000714800000, 0x0000000714a00000|  0%| F|  |TAMS 0x0000000714800000, 0x0000000714800000| Untracked 
| 120|0x0000000714a00000, 0x0000000714a00000, 0x0000000714c00000|  0%| F|  |TAMS 0x0000000714a00000, 0x0000000714a00000| Untracked 
| 121|0x0000000714c00000, 0x0000000714c00000, 0x0000000714e00000|  0%| F|  |TAMS 0x0000000714c00000, 0x0000000714c00000| Untracked 
| 122|0x0000000714e00000, 0x0000000714e00000, 0x0000000715000000|  0%| F|  |TAMS 0x0000000714e00000, 0x0000000714e00000| Untracked 
| 123|0x0000000715000000, 0x0000000715000000, 0x0000000715200000|  0%| F|  |TAMS 0x0000000715000000, 0x0000000715000000| Untracked 
| 124|0x0000000715200000, 0x00000007152c6ee0, 0x0000000715400000| 38%| E|  |TAMS 0x0000000715200000, 0x0000000715200000| Complete 
| 125|0x0000000715400000, 0x0000000715600000, 0x0000000715600000|100%| E|CS|TAMS 0x0000000715400000, 0x0000000715400000| Complete 

Card table byte_map: [0x0000015831fb0000,0x0000015832790000] _byte_map_base: 0x000001582e783000

Marking Bits (Prev, Next): (CMBitMap*) 0x000001581a498ab0, (CMBitMap*) 0x000001581a498af0
 Prev Bits: [0x0000015832f70000, 0x0000015836e08000)
 Next Bits: [0x0000015836e10000, 0x000001583aca8000)

Polling page: 0x0000015819be0000

Metaspace:

Usage:
  Non-class:      1.91 MB used.
      Class:    180.98 KB used.
       Both:      2.08 MB used.

Virtual space:
  Non-class space:       64.00 MB reserved,       2.00 MB (  3%) committed,  1 nodes.
      Class space:        1.00 GB reserved,     256.00 KB ( <1%) committed,  1 nodes.
             Both:        1.06 GB reserved,       2.25 MB ( <1%) committed. 

Chunk freelists:
   Non-Class:  11.22 MB
       Class:  15.65 MB
        Both:  26.87 MB

MaxMetaspaceSize: unlimited
CompressedClassSpaceSize: 1.00 GB
Initial GC threshold: 21.00 MB
Current GC threshold: 21.00 MB
CDS: on
MetaspaceReclaimPolicy: balanced
 - commit_granule_bytes: 65536.
 - commit_granule_words: 8192.
 - virtual_space_node_default_size: 8388608.
 - enlarge_chunks_in_place: 1.
 - new_chunks_are_fully_committed: 0.
 - uncommit_free_chunks: 1.
 - use_allocation_guard: 0.
 - handle_deallocations: 1.


Internal statistics:

num_allocs_failed_limit: 0.
num_arena_births: 32.
num_arena_deaths: 0.
num_vsnodes_births: 2.
num_vsnodes_deaths: 0.
num_space_committed: 36.
num_space_uncommitted: 0.
num_chunks_returned_to_freelist: 0.
num_chunks_taken_from_freelist: 72.
num_chunk_merges: 0.
num_chunk_splits: 51.
num_chunks_enlarged: 38.
num_inconsistent_stats: 0.

CodeHeap 'non-profiled nmethods': size=119168Kb used=560Kb max_used=560Kb free=118607Kb
 bounds [0x0000015829ae0000, 0x0000015829d50000, 0x0000015830f40000]
CodeHeap 'profiled nmethods': size=119104Kb used=1414Kb max_used=1414Kb free=117690Kb
 bounds [0x0000015821f40000, 0x00000158221b0000, 0x0000015829390000]
CodeHeap 'non-nmethods': size=7488Kb used=1158Kb max_used=2342Kb free=6329Kb
 bounds [0x0000015829390000, 0x0000015829600000, 0x0000015829ae0000]
 total_blobs=1290 nmethods=853 adapters=350
 compilation: enabled
              stopped_count=0, restarted_count=0
 full_count=0

Compilation events (20 events):
Event: 11.262 Thread 0x000001587f0337a0  844       3       java.lang.StringConcatHelper::prepend (30 bytes)
Event: 11.262 Thread 0x000001587f0337a0 nmethod 844 0x00000158220a0b90 code [0x00000158220a0d40, 0x00000158220a0f18]
Event: 11.262 Thread 0x000001587f0337a0  845       3       java.lang.invoke.DirectMethodHandle$Holder::invokeStatic (17 bytes)
Event: 11.262 Thread 0x000001587f0337a0 nmethod 845 0x00000158220a1010 code [0x00000158220a11e0, 0x00000158220a16f8]
Event: 12.861 Thread 0x000001587f0273d0  847       4       java.util.HashMap::getNode (150 bytes)
Event: 12.872 Thread 0x000001587f0273d0 nmethod 847 0x0000015829b68a90 code [0x0000015829b68c40, 0x0000015829b692c8]
Event: 16.395 Thread 0x000001587f0273d0  848   !   4       java.util.WeakHashMap::expungeStaleEntries (139 bytes)
Event: 16.398 Thread 0x000001587f0273d0 nmethod 848 0x0000015829b69710 code [0x0000015829b698a0, 0x0000015829b69ba8]
Event: 16.428 Thread 0x000001587f0273d0  849       4       java.util.WeakHashMap::hash (28 bytes)
Event: 16.430 Thread 0x000001587f0273d0 nmethod 849 0x0000015829b69d10 code [0x0000015829b69ea0, 0x0000015829b69fb8]
Event: 16.528 Thread 0x000001587f0273d0  850       4       java.util.HashMap::get (19 bytes)
Event: 16.538 Thread 0x000001587f0273d0 nmethod 850 0x0000015829b6a090 code [0x0000015829b6a240, 0x0000015829b6a8c8]
Event: 17.363 Thread 0x000001587f0273d0  851       4       java.util.WeakHashMap::get (75 bytes)
Event: 17.370 Thread 0x000001587f0273d0 nmethod 851 0x0000015829b6ad10 code [0x0000015829b6aea0, 0x0000015829b6b3c8]
Event: 21.395 Thread 0x000001587f0273d0  852       4       java.lang.ThreadLocal::get (38 bytes)
Event: 21.398 Thread 0x000001587f0273d0 nmethod 852 0x0000015829b6b710 code [0x0000015829b6b8a0, 0x0000015829b6ba18]
Event: 22.328 Thread 0x000001587f0273d0  853       4       java.lang.Object::equals (11 bytes)
Event: 22.328 Thread 0x000001587f0273d0 nmethod 853 0x0000015829b6bc10 code [0x0000015829b6bd80, 0x0000015829b6be18]
Event: 23.128 Thread 0x000001587f0273d0  854       4       java.util.ArrayDeque$DeqIterator::<init> (34 bytes)
Event: 23.133 Thread 0x000001587f0273d0 nmethod 854 0x0000015829b6bf10 code [0x0000015829b6c080, 0x0000015829b6c258]

GC Heap History (2 events):
Event: 0.673 GC heap before
{Heap before GC invocations=0 (full 0):
 garbage-first heap   total 258048K, used 20480K [0x0000000705a00000, 0x0000000800000000)
  region size 2048K, 11 young (22528K), 0 survivors (0K)
 Metaspace       used 1929K, committed 2112K, reserved 1114112K
  class space    used 164K, committed 256K, reserved 1048576K
}
Event: 0.677 GC heap after
{Heap after GC invocations=1 (full 0):
 garbage-first heap   total 258048K, used 1626K [0x0000000705a00000, 0x0000000800000000)
  region size 2048K, 1 young (2048K), 1 survivors (2048K)
 Metaspace       used 1929K, committed 2112K, reserved 1114112K
  class space    used 164K, committed 256K, reserved 1048576K
}

Dll operation events (20 events):
Event: 0.413 Loaded shared library C:\Program Files (x86)\Windows Kits\10\Redist\ucrt\DLLs\x64\api-ms-win-core-rtlsupport-l1-1-0.dll
Event: 0.426 Loaded shared library C:\Program Files (x86)\Windows Kits\10\Redist\ucrt\DLLs\x64\api-ms-win-core-processthreads-l1-1-1.dll
Event: 0.438 Loaded shared library C:\Program Files (x86)\Windows Kits\10\Redist\ucrt\DLLs\x64\api-ms-win-core-file-l1-2-0.dll
Event: 0.450 Loaded shared library C:\Program Files (x86)\Windows Kits\10\Redist\ucrt\DLLs\x64\api-ms-win-core-profile-l1-1-0.dll
Event: 0.462 Loaded shared library C:\Program Files (x86)\Windows Kits\10\Redist\ucrt\DLLs\x64\api-ms-win-core-memory-l1-1-0.dll
Event: 0.476 Loaded shared library C:\Program Files (x86)\Windows Kits\10\Redist\ucrt\DLLs\x64\api-ms-win-core-util-l1-1-0.dll
Event: 0.490 Loaded shared library C:\Program Files (x86)\Windows Kits\10\Redist\ucrt\DLLs\x64\api-ms-win-core-interlocked-l1-1-0.dll
Event: 0.505 Loaded shared library C:\Program Files (x86)\Windows Kits\10\Redist\ucrt\DLLs\x64\ucrtbase.dll
Event: 0.518 Loaded shared library C:\Users\luczu\.jdks\corretto-17.0.10\bin\vcruntime140.dll
Event: 0.528 Loaded shared library C:\Users\luczu\.jdks\corretto-17.0.10\bin\vcruntime140_1.dll
Event: 0.538 Loaded shared library C:\Users\luczu\.jdks\corretto-17.0.10\bin\msvcp140.dll
Event: 0.548 Loaded shared library C:\Windows\System32\msvcp140_1.dll
Event: 0.560 Loaded shared library C:\Windows\System32\concrt140.dll
Event: 0.572 Loaded shared library C:\Windows\System32\vcomp140.dll
Event: 0.588 Loaded shared library C:\Windows\System32\winmm.dll
Event: 0.592 Loaded shared library C:\Windows\System32\opengl32.dll
Event: 0.594 Loaded shared library C:\Windows\System32\user32.dll
Event: 0.596 Loaded shared library C:\Windows\System32\shell32.dll
Event: 0.598 Loaded shared library C:\Windows\System32\gdi32.dll
Event: 0.625 Loaded shared library C:\Users\luczu\.javacpp\cache\jaylib-4.5.0-0.jar\com\raylib\windows-x86_64\jniRaylib.dll

Deoptimization events (20 events):
Event: 0.616 Thread 0x000001581a42bd80 DEOPT PACKING pc=0x0000015829afd1bc sp=0x0000005064ffd8c0
Event: 0.616 Thread 0x000001581a42bd80 DEOPT UNPACKING pc=0x00000158293ea1a3 sp=0x0000005064ffd860 mode 2
Event: 0.616 Thread 0x000001581a42bd80 Uncommon trap: trap_request=0xffffffc6 fr.pc=0x0000015829afd1bc relative=0x00000000000005dc
Event: 0.616 Thread 0x000001581a42bd80 Uncommon trap: reason=bimorphic_or_optimized_type_check action=maybe_recompile pc=0x0000015829afd1bc method=java.util.concurrent.ConcurrentHashMap.get(Ljava/lang/Object;)Ljava/lang/Object; @ 149 c2
Event: 0.616 Thread 0x000001581a42bd80 DEOPT PACKING pc=0x0000015829afd1bc sp=0x0000005064ffd8c0
Event: 0.617 Thread 0x000001581a42bd80 DEOPT UNPACKING pc=0x00000158293ea1a3 sp=0x0000005064ffd860 mode 2
Event: 0.617 Thread 0x000001581a42bd80 Uncommon trap: trap_request=0xffffffc6 fr.pc=0x0000015829afd1bc relative=0x00000000000005dc
Event: 0.617 Thread 0x000001581a42bd80 Uncommon trap: reason=bimorphic_or_optimized_type_check action=maybe_recompile pc=0x0000015829afd1bc method=java.util.concurrent.ConcurrentHashMap.get(Ljava/lang/Object;)Ljava/lang/Object; @ 149 c2
Event: 0.617 Thread 0x000001581a42bd80 DEOPT PACKING pc=0x0000015829afd1bc sp=0x0000005064ffd8c0
Event: 0.617 Thread 0x000001581a42bd80 DEOPT UNPACKING pc=0x00000158293ea1a3 sp=0x0000005064ffd860 mode 2
Event: 0.617 Thread 0x000001581a42bd80 Uncommon trap: trap_request=0xffffffc6 fr.pc=0x0000015829afd1bc relative=0x00000000000005dc
Event: 0.617 Thread 0x000001581a42bd80 Uncommon trap: reason=bimorphic_or_optimized_type_check action=maybe_recompile pc=0x0000015829afd1bc method=java.util.concurrent.ConcurrentHashMap.get(Ljava/lang/Object;)Ljava/lang/Object; @ 149 c2
Event: 0.617 Thread 0x000001581a42bd80 DEOPT PACKING pc=0x0000015829afd1bc sp=0x0000005064ffd8c0
Event: 0.617 Thread 0x000001581a42bd80 DEOPT UNPACKING pc=0x00000158293ea1a3 sp=0x0000005064ffd860 mode 2
Event: 0.651 Thread 0x000001581a42bd80 DEOPT PACKING pc=0x000001582202d798 sp=0x0000005064ffced0
Event: 0.651 Thread 0x000001581a42bd80 DEOPT UNPACKING pc=0x00000158293eace3 sp=0x0000005064ffc3e8 mode 0
Event: 0.677 Thread 0x000001581a42bd80 Uncommon trap: trap_request=0xffffff45 fr.pc=0x0000015829b13ae0 relative=0x00000000000000e0
Event: 0.677 Thread 0x000001581a42bd80 Uncommon trap: reason=unstable_if action=reinterpret pc=0x0000015829b13ae0 method=java.lang.ref.SoftReference.get()Ljava/lang/Object; @ 17 c2
Event: 0.677 Thread 0x000001581a42bd80 DEOPT PACKING pc=0x0000015829b13ae0 sp=0x0000005064ffc840
Event: 0.677 Thread 0x000001581a42bd80 DEOPT UNPACKING pc=0x00000158293ea1a3 sp=0x0000005064ffc7f8 mode 2

Classes unloaded (0 events):
No events

Classes redefined (0 events):
No events

Internal exceptions (7 events):
Event: 0.109 Thread 0x000001581a42bd80 Exception <a 'java/lang/NoSuchMethodError'{0x0000000715249c98}: 'int java.lang.invoke.DirectMethodHandle$Holder.invokeStaticInit(java.lang.Object, java.lang.Object, java.lang.Object, java.lang.Object)'> (0x0000000715249c98) 
thrown [s\src\hotspot\share\interpreter\linkResolver.cpp, line 759]
Event: 0.113 Thread 0x000001581a42bd80 Exception <a 'java/lang/NoSuchMethodError'{0x00000007152549a8}: 'java.lang.Object java.lang.invoke.DirectMethodHandle$Holder.invokeInterface(java.lang.Object, java.lang.Object)'> (0x00000007152549a8) 
thrown [s\src\hotspot\share\interpreter\linkResolver.cpp, line 759]
Event: 0.115 Thread 0x000001581a42bd80 Exception <a 'java/lang/IncompatibleClassChangeError'{0x00000007152580c0}: Found class java.lang.Object, but interface was expected> (0x00000007152580c0) 
thrown [s\src\hotspot\share\interpreter\linkResolver.cpp, line 826]
Event: 0.116 Thread 0x000001581a42bd80 Exception <a 'java/lang/NoSuchMethodError'{0x000000071525b268}: 'void java.lang.invoke.DirectMethodHandle$Holder.invokeStatic(java.lang.Object, java.lang.Object)'> (0x000000071525b268) 
thrown [s\src\hotspot\share\interpreter\linkResolver.cpp, line 759]
Event: 0.117 Thread 0x000001581a42bd80 Exception <a 'java/lang/NoSuchMethodError'{0x000000071525e8d8}: 'void java.lang.invoke.DirectMethodHandle$Holder.invokeStaticInit(java.lang.Object, java.lang.Object)'> (0x000000071525e8d8) 
thrown [s\src\hotspot\share\interpreter\linkResolver.cpp, line 759]
Event: 0.119 Thread 0x000001581a42bd80 Exception <a 'java/lang/NoSuchMethodError'{0x0000000715264f80}: 'int java.lang.invoke.DirectMethodHandle$Holder.invokeStaticInit(java.lang.Object, java.lang.Object)'> (0x0000000715264f80) 
thrown [s\src\hotspot\share\interpreter\linkResolver.cpp, line 759]
Event: 0.619 Thread 0x000001581a42bd80 Exception <a 'java/lang/NoSuchMethodError'{0x000000071412a1e8}: 'java.lang.Object java.lang.invoke.DirectMethodHandle$Holder.invokeStatic(java.lang.Object, int, java.lang.Object)'> (0x000000071412a1e8) 
thrown [s\src\hotspot\share\interpreter\linkResolver.cpp, line 759]

VM Operations (14 events):
Event: 0.081 Executing VM operation: HandshakeAllThreads
Event: 0.081 Executing VM operation: HandshakeAllThreads done
Event: 0.167 Executing VM operation: HandshakeAllThreads
Event: 0.167 Executing VM operation: HandshakeAllThreads done
Event: 0.673 Executing VM operation: G1CollectForAllocation
Event: 0.677 Executing VM operation: G1CollectForAllocation done
Event: 1.682 Executing VM operation: Cleanup
Event: 1.682 Executing VM operation: Cleanup done
Event: 5.684 Executing VM operation: Cleanup
Event: 5.684 Executing VM operation: Cleanup done
Event: 16.689 Executing VM operation: Cleanup
Event: 16.689 Executing VM operation: Cleanup done
Event: 22.690 Executing VM operation: Cleanup
Event: 22.690 Executing VM operation: Cleanup done

Events (20 events):
Event: 0.617 loading class java/time/DayOfWeek done
Event: 0.617 loading class java/time/zone/ZoneOffsetTransitionRule$TimeDefinition
Event: 0.617 loading class java/time/zone/ZoneOffsetTransitionRule$TimeDefinition done
Event: 0.617 loading class java/time/zone/ZoneOffsetTransition
Event: 0.618 loading class java/time/zone/ZoneOffsetTransition done
Event: 0.618 Thread 0x00000158053586c0 Thread added: 0x00000158053586c0
Event: 0.618 loading class java/time/temporal/TemporalAdjusters
Event: 0.618 loading class java/time/temporal/TemporalAdjusters done
Event: 0.621 loading class java/time/zone/ZoneOffsetTransitionRule$1
Event: 0.621 loading class java/time/zone/ZoneOffsetTransitionRule$1 done
Event: 0.621 loading class java/util/concurrent/TimeUnit$1
Event: 0.621 loading class java/util/concurrent/TimeUnit$1 done
Event: 0.642 loading class java/lang/NumberFormatException
Event: 0.642 loading class java/lang/NumberFormatException done
Event: 0.644 Thread 0x00000158046800f0 Thread added: 0x00000158046800f0
Event: 1.509 Thread 0x00000158053586c0 Thread exited: 0x00000158053586c0
Event: 1.509 Thread 0x000001587f6ba080 Thread exited: 0x000001587f6ba080
Event: 1.509 Thread 0x000001587f6bf000 Thread exited: 0x000001587f6bf000
Event: 2.190 Thread 0x000001587f1574a0 Thread exited: 0x000001587f1574a0
Event: 4.874 Thread 0x000001587f156ed0 Thread exited: 0x000001587f156ed0


Dynamic libraries:
0x00007ff60f4e0000 - 0x00007ff60f4ee000 	C:\Users\luczu\.jdks\corretto-17.0.10\bin\java.exe
0x00007ffb26bf0000 - 0x00007ffb26e07000 	C:\WINDOWS\SYSTEM32\ntdll.dll
0x00007ffb263d0000 - 0x00007ffb26494000 	C:\WINDOWS\System32\KERNEL32.DLL
0x00007ffb24300000 - 0x00007ffb246a6000 	C:\WINDOWS\System32\KERNELBASE.dll
0x00007ffb246b0000 - 0x00007ffb247c1000 	C:\WINDOWS\System32\ucrtbase.dll
0x00007ffadf1b0000 - 0x00007ffadf1cb000 	C:\Users\luczu\.jdks\corretto-17.0.10\bin\VCRUNTIME140.dll
0x00007ffae6690000 - 0x00007ffae66a7000 	C:\Users\luczu\.jdks\corretto-17.0.10\bin\jli.dll
0x00007ffb24940000 - 0x00007ffb24aee000 	C:\WINDOWS\System32\USER32.dll
0x00007ffb24910000 - 0x00007ffb24936000 	C:\WINDOWS\System32\win32u.dll
0x00007ffb25f30000 - 0x00007ffb25f59000 	C:\WINDOWS\System32\GDI32.dll
0x00007ffafb6d0000 - 0x00007ffafb963000 	C:\WINDOWS\WinSxS\amd64_microsoft.windows.common-controls_6595b64144ccf1df_6.0.22621.2506_none_270c5ae97388e100\COMCTL32.dll
0x00007ffb23ff0000 - 0x00007ffb24108000 	C:\WINDOWS\System32\gdi32full.dll
0x00007ffb25ca0000 - 0x00007ffb25d47000 	C:\WINDOWS\System32\msvcrt.dll
0x00007ffb24800000 - 0x00007ffb2489a000 	C:\WINDOWS\System32\msvcp_win.dll
0x00007ffb26830000 - 0x00007ffb26861000 	C:\WINDOWS\System32\IMM32.DLL
0x00007ffb1b5f0000 - 0x00007ffb1b5fc000 	C:\Users\luczu\.jdks\corretto-17.0.10\bin\vcruntime140_1.dll
0x00007ffabee70000 - 0x00007ffabeefd000 	C:\Users\luczu\.jdks\corretto-17.0.10\bin\msvcp140.dll
0x00007ffa58b40000 - 0x00007ffa597a2000 	C:\Users\luczu\.jdks\corretto-17.0.10\bin\server\jvm.dll
0x00007ffb25be0000 - 0x00007ffb25c93000 	C:\WINDOWS\System32\ADVAPI32.dll
0x00007ffb25050000 - 0x00007ffb250f8000 	C:\WINDOWS\System32\sechost.dll
0x00007ffb247d0000 - 0x00007ffb247f8000 	C:\WINDOWS\System32\bcrypt.dll
0x00007ffb26610000 - 0x00007ffb26727000 	C:\WINDOWS\System32\RPCRT4.dll
0x00007ffae66f0000 - 0x00007ffae66f9000 	C:\WINDOWS\SYSTEM32\WSOCK32.dll
0x00007ffb25d50000 - 0x00007ffb25dc1000 	C:\WINDOWS\System32\WS2_32.dll
0x00007ffb22db0000 - 0x00007ffb22dfd000 	C:\WINDOWS\SYSTEM32\POWRPROF.dll
0x00007ffb19ec0000 - 0x00007ffb19ef4000 	C:\WINDOWS\SYSTEM32\WINMM.dll
0x00007ffb1b5c0000 - 0x00007ffb1b5ca000 	C:\WINDOWS\SYSTEM32\VERSION.dll
0x00007ffb22d90000 - 0x00007ffb22da3000 	C:\WINDOWS\SYSTEM32\UMPDC.dll
0x00007ffb22fb0000 - 0x00007ffb22fc8000 	C:\WINDOWS\SYSTEM32\kernel.appcore.dll
0x00007ffaf55c0000 - 0x00007ffaf55ca000 	C:\Users\luczu\.jdks\corretto-17.0.10\bin\jimage.dll
0x00007ffb217d0000 - 0x00007ffb21a03000 	C:\WINDOWS\SYSTEM32\DBGHELP.DLL
0x00007ffb25f60000 - 0x00007ffb262e9000 	C:\WINDOWS\System32\combase.dll
0x00007ffb262f0000 - 0x00007ffb263c7000 	C:\WINDOWS\System32\OLEAUT32.dll
0x00007ffb0f170000 - 0x00007ffb0f1a2000 	C:\WINDOWS\SYSTEM32\dbgcore.DLL
0x00007ffb24110000 - 0x00007ffb2418a000 	C:\WINDOWS\System32\bcryptPrimitives.dll
0x00007ffad7f60000 - 0x00007ffad7f85000 	C:\Users\luczu\.jdks\corretto-17.0.10\bin\java.dll
0x00007ffabd480000 - 0x00007ffabd557000 	C:\Users\luczu\.jdks\corretto-17.0.10\bin\jsvml.dll
0x00007ffb25110000 - 0x00007ffb2596a000 	C:\WINDOWS\System32\SHELL32.dll
0x00007ffb21e40000 - 0x00007ffb22736000 	C:\WINDOWS\SYSTEM32\windows.storage.dll
0x00007ffb21d00000 - 0x00007ffb21e3e000 	C:\WINDOWS\SYSTEM32\wintypes.dll
0x00007ffb26730000 - 0x00007ffb26823000 	C:\WINDOWS\System32\SHCORE.dll
0x00007ffb26550000 - 0x00007ffb265ae000 	C:\WINDOWS\System32\shlwapi.dll
0x00007ffb23e60000 - 0x00007ffb23e86000 	C:\WINDOWS\SYSTEM32\profapi.dll
0x00007ffade170000 - 0x00007ffade189000 	C:\Users\luczu\.jdks\corretto-17.0.10\bin\net.dll
0x00007ffb1a9e0000 - 0x00007ffb1ab17000 	C:\WINDOWS\SYSTEM32\WINHTTP.dll
0x00007ffb234d0000 - 0x00007ffb23539000 	C:\WINDOWS\system32\mswsock.dll
0x00007ffabee50000 - 0x00007ffabee66000 	C:\Users\luczu\.jdks\corretto-17.0.10\bin\nio.dll
0x00007ffabee30000 - 0x00007ffabee48000 	C:\Users\luczu\.jdks\corretto-17.0.10\bin\zip.dll
0x000001581a350000 - 0x000001581a353000 	C:\Program Files (x86)\Windows Kits\10\Redist\ucrt\DLLs\x64\api-ms-win-crt-locale-l1-1-0.dll
0x000001581a360000 - 0x000001581a364000 	C:\Program Files (x86)\Windows Kits\10\Redist\ucrt\DLLs\x64\api-ms-win-crt-string-l1-1-0.dll
0x000001581a370000 - 0x000001581a374000 	C:\Program Files (x86)\Windows Kits\10\Redist\ucrt\DLLs\x64\api-ms-win-crt-stdio-l1-1-0.dll
0x000001581a380000 - 0x000001581a385000 	C:\Program Files (x86)\Windows Kits\10\Redist\ucrt\DLLs\x64\api-ms-win-crt-math-l1-1-0.dll
0x000001581a390000 - 0x000001581a393000 	C:\Program Files (x86)\Windows Kits\10\Redist\ucrt\DLLs\x64\api-ms-win-crt-heap-l1-1-0.dll
0x000001581a3a0000 - 0x000001581a3a4000 	C:\Program Files (x86)\Windows Kits\10\Redist\ucrt\DLLs\x64\api-ms-win-crt-runtime-l1-1-0.dll
0x000001581a3b0000 - 0x000001581a3b4000 	C:\Program Files (x86)\Windows Kits\10\Redist\ucrt\DLLs\x64\api-ms-win-crt-convert-l1-1-0.dll
0x000001581a3c0000 - 0x000001581a3c3000 	C:\Program Files (x86)\Windows Kits\10\Redist\ucrt\DLLs\x64\api-ms-win-crt-environment-l1-1-0.dll
0x000001581a3d0000 - 0x000001581a3d3000 	C:\Program Files (x86)\Windows Kits\10\Redist\ucrt\DLLs\x64\api-ms-win-crt-time-l1-1-0.dll
0x000001583de70000 - 0x000001583de73000 	C:\Program Files (x86)\Windows Kits\10\Redist\ucrt\DLLs\x64\api-ms-win-crt-filesystem-l1-1-0.dll
0x000001583de80000 - 0x000001583de83000 	C:\Program Files (x86)\Windows Kits\10\Redist\ucrt\DLLs\x64\api-ms-win-crt-utility-l1-1-0.dll
0x000001583de90000 - 0x000001583de95000 	C:\Program Files (x86)\Windows Kits\10\Redist\ucrt\DLLs\x64\api-ms-win-crt-multibyte-l1-1-0.dll
0x000001583dea0000 - 0x000001583dea3000 	C:\Program Files (x86)\Windows Kits\10\Redist\ucrt\DLLs\x64\api-ms-win-crt-conio-l1-1-0.dll
0x000001583deb0000 - 0x000001583debf000 	C:\Program Files (x86)\Windows Kits\10\Redist\ucrt\DLLs\x64\api-ms-win-crt-private-l1-1-0.dll
0x000001583dec0000 - 0x000001583dec3000 	C:\Program Files (x86)\Windows Kits\10\Redist\ucrt\DLLs\x64\api-ms-win-crt-process-l1-1-0.dll
0x000001583ded0000 - 0x000001583ded3000 	C:\Program Files\Microsoft\jdk-11.0.12.7-hotspot\bin\api-ms-win-core-console-l1-2-0.dll
0x000001583dee0000 - 0x000001583dee3000 	C:\Program Files (x86)\Windows Kits\10\Redist\ucrt\DLLs\x64\api-ms-win-core-string-l1-1-0.dll
0x000001583def0000 - 0x000001583def3000 	C:\Program Files (x86)\Windows Kits\10\Redist\ucrt\DLLs\x64\api-ms-win-core-errorhandling-l1-1-0.dll
0x000001583df00000 - 0x000001583df03000 	C:\Program Files (x86)\Windows Kits\10\Redist\ucrt\DLLs\x64\api-ms-win-core-timezone-l1-1-0.dll
0x000001583df10000 - 0x000001583df14000 	C:\Program Files (x86)\Windows Kits\10\Redist\ucrt\DLLs\x64\api-ms-win-core-file-l1-1-0.dll
0x000001583df20000 - 0x000001583df23000 	C:\Program Files (x86)\Windows Kits\10\Redist\ucrt\DLLs\x64\api-ms-win-core-namedpipe-l1-1-0.dll
0x000001583df30000 - 0x000001583df33000 	C:\Program Files (x86)\Windows Kits\10\Redist\ucrt\DLLs\x64\api-ms-win-core-handle-l1-1-0.dll
0x000001583df40000 - 0x000001583df43000 	C:\Program Files (x86)\Windows Kits\10\Redist\ucrt\DLLs\x64\api-ms-win-core-file-l2-1-0.dll
0x000001583df50000 - 0x000001583df53000 	C:\Program Files (x86)\Windows Kits\10\Redist\ucrt\DLLs\x64\api-ms-win-core-heap-l1-1-0.dll
0x000001583df60000 - 0x000001583df63000 	C:\Program Files (x86)\Windows Kits\10\Redist\ucrt\DLLs\x64\api-ms-win-core-libraryloader-l1-1-0.dll
0x000001583df70000 - 0x000001583df73000 	C:\Program Files (x86)\Windows Kits\10\Redist\ucrt\DLLs\x64\api-ms-win-core-synch-l1-1-0.dll
0x000001583df80000 - 0x000001583df83000 	C:\Program Files (x86)\Windows Kits\10\Redist\ucrt\DLLs\x64\api-ms-win-core-processthreads-l1-1-0.dll
0x000001583df90000 - 0x000001583df93000 	C:\Program Files (x86)\Windows Kits\10\Redist\ucrt\DLLs\x64\api-ms-win-core-processenvironment-l1-1-0.dll
0x000001583dfa0000 - 0x000001583dfa3000 	C:\Program Files (x86)\Windows Kits\10\Redist\ucrt\DLLs\x64\api-ms-win-core-datetime-l1-1-0.dll
0x000001583dfb0000 - 0x000001583dfb3000 	C:\Program Files (x86)\Windows Kits\10\Redist\ucrt\DLLs\x64\api-ms-win-core-localization-l1-2-0.dll
0x000001583dfc0000 - 0x000001583dfc3000 	C:\Program Files (x86)\Windows Kits\10\Redist\ucrt\DLLs\x64\api-ms-win-core-sysinfo-l1-1-0.dll
0x000001583dfd0000 - 0x000001583dfd3000 	C:\Program Files (x86)\Windows Kits\10\Redist\ucrt\DLLs\x64\api-ms-win-core-synch-l1-2-0.dll
0x000001583dfe0000 - 0x000001583dfe3000 	C:\Program Files (x86)\Windows Kits\10\Redist\ucrt\DLLs\x64\api-ms-win-core-console-l1-1-0.dll
0x000001583dff0000 - 0x000001583dff3000 	C:\Program Files (x86)\Windows Kits\10\Redist\ucrt\DLLs\x64\api-ms-win-core-debug-l1-1-0.dll
0x000001587fc00000 - 0x000001587fc03000 	C:\Program Files (x86)\Windows Kits\10\Redist\ucrt\DLLs\x64\api-ms-win-core-rtlsupport-l1-1-0.dll
0x000001587fc10000 - 0x000001587fc13000 	C:\Program Files (x86)\Windows Kits\10\Redist\ucrt\DLLs\x64\api-ms-win-core-processthreads-l1-1-1.dll
0x000001587fc20000 - 0x000001587fc23000 	C:\Program Files (x86)\Windows Kits\10\Redist\ucrt\DLLs\x64\api-ms-win-core-file-l1-2-0.dll
0x000001587fc30000 - 0x000001587fc33000 	C:\Program Files (x86)\Windows Kits\10\Redist\ucrt\DLLs\x64\api-ms-win-core-profile-l1-1-0.dll
0x000001587fc40000 - 0x000001587fc43000 	C:\Program Files (x86)\Windows Kits\10\Redist\ucrt\DLLs\x64\api-ms-win-core-memory-l1-1-0.dll
0x000001587fc50000 - 0x000001587fc53000 	C:\Program Files (x86)\Windows Kits\10\Redist\ucrt\DLLs\x64\api-ms-win-core-util-l1-1-0.dll
0x000001587fc60000 - 0x000001587fc63000 	C:\Program Files (x86)\Windows Kits\10\Redist\ucrt\DLLs\x64\api-ms-win-core-interlocked-l1-1-0.dll
0x00007ffa93fb0000 - 0x00007ffa940a2000 	C:\Program Files (x86)\Windows Kits\10\Redist\ucrt\DLLs\x64\ucrtbase.dll
0x00007ffb18f70000 - 0x00007ffb18f79000 	C:\Windows\System32\msvcp140_1.dll
0x00007ffafba60000 - 0x00007ffafbaae000 	C:\Windows\System32\concrt140.dll
0x00007ffae98f0000 - 0x00007ffae9921000 	C:\Windows\System32\vcomp140.dll
0x00007ffaeb340000 - 0x00007ffaeb440000 	C:\Windows\System32\opengl32.dll
0x00007ffaec440000 - 0x00007ffaec46d000 	C:\WINDOWS\SYSTEM32\GLU32.dll
0x00007ffb21030000 - 0x00007ffb21066000 	C:\WINDOWS\SYSTEM32\dxcore.dll
0x00007ffa5c880000 - 0x00007ffa5ca9d000 	C:\Users\luczu\.javacpp\cache\jaylib-4.5.0-0.jar\com\raylib\windows-x86_64\jniRaylib.dll
0x00007ffa91b80000 - 0x00007ffa91bc6000 	C:\WINDOWS\SYSTEM32\dinput8.dll
0x00007ffb0b900000 - 0x00007ffb0b911000 	C:\WINDOWS\SYSTEM32\xinput1_4.dll
0x00007ffb23c20000 - 0x00007ffb23c6e000 	C:\WINDOWS\SYSTEM32\cfgmgr32.dll
0x00007ffb23bf0000 - 0x00007ffb23c1c000 	C:\WINDOWS\SYSTEM32\DEVOBJ.dll
0x00007ffb212d0000 - 0x00007ffb212fb000 	C:\WINDOWS\SYSTEM32\dwmapi.dll
0x00007ffb009a0000 - 0x00007ffb00baa000 	C:\WINDOWS\SYSTEM32\inputhost.dll
0x00007ffb1e400000 - 0x00007ffb1e534000 	C:\WINDOWS\SYSTEM32\CoreMessaging.dll
0x00007ffb1e7d0000 - 0x00007ffb1e87b000 	C:\WINDOWS\system32\uxtheme.dll
0x00007ffb25dd0000 - 0x00007ffb25f20000 	C:\WINDOWS\System32\MSCTF.dll
0x00007ffb23720000 - 0x00007ffb2372c000 	C:\WINDOWS\SYSTEM32\CRYPTBASE.DLL
0x00007ffb22740000 - 0x00007ffb2274e000 	C:\WINDOWS\SYSTEM32\HID.DLL
0x00007ffb24b00000 - 0x00007ffb24f74000 	C:\WINDOWS\System32\SETUPAPI.DLL
0x00007ffb248a0000 - 0x00007ffb2490b000 	C:\WINDOWS\System32\WINTRUST.dll
0x00007ffb24190000 - 0x00007ffb242f6000 	C:\WINDOWS\System32\CRYPT32.dll
0x00007ffb23bd0000 - 0x00007ffb23be2000 	C:\WINDOWS\SYSTEM32\MSASN1.dll
0x00007ffb1ad40000 - 0x00007ffb1ad8a000 	C:\WINDOWS\SYSTEM32\directxdatabasehelper.dll
0x00007ffb264a0000 - 0x00007ffb26550000 	C:\WINDOWS\System32\clbcatq.dll
0x00007ffa3e8f0000 - 0x00007ffa414e0000 	C:\WINDOWS\System32\DriverStore\FileRepository\nvhm.inf_amd64_28ac5867493a0477\nvoglv64.dll
0x00007ffb25970000 - 0x00007ffb25b10000 	C:\WINDOWS\System32\ole32.dll
0x00007ffb22e00000 - 0x00007ffb22e14000 	C:\WINDOWS\SYSTEM32\WTSAPI32.dll
0x00007ffb0f620000 - 0x00007ffb0f652000 	C:\WINDOWS\SYSTEM32\cryptnet.dll
0x00007ffb0b640000 - 0x00007ffb0b798000 	C:\WINDOWS\SYSTEM32\drvstore.dll
0x00007ffb237d0000 - 0x00007ffb2381b000 	C:\WINDOWS\SYSTEM32\wldp.dll
0x00007ffb24f80000 - 0x00007ffb24f9f000 	C:\WINDOWS\System32\imagehlp.dll
0x00007ffb23730000 - 0x00007ffb2374b000 	C:\WINDOWS\SYSTEM32\CRYPTSP.dll
0x00007ffb22fd0000 - 0x00007ffb23005000 	C:\WINDOWS\system32\rsaenh.dll
0x00007ffb23560000 - 0x00007ffb23586000 	C:\WINDOWS\SYSTEM32\gpapi.dll
0x00007ffad5d40000 - 0x00007ffad7f2b000 	C:\WINDOWS\System32\DriverStore\FileRepository\nvhm.inf_amd64_28ac5867493a0477\nvgpucomp64.dll
0x00007ffb23070000 - 0x00007ffb230a4000 	C:\WINDOWS\SYSTEM32\ntmarta.dll
0x00007ffa6ed20000 - 0x00007ffa6efe3000 	C:\WINDOWS\system32\nvspcap64.dll
0x00007ffb229a0000 - 0x00007ffb22a06000 	C:\WINDOWS\SYSTEM32\WINSTA.dll

dbghelp: loaded successfully - version: 4.0.5 - missing functions: none
symbol engine: initialized successfully - sym options: 0x614 - pdb path: .;C:\Users\luczu\.jdks\corretto-17.0.10\bin;C:\WINDOWS\SYSTEM32;C:\WINDOWS\WinSxS\amd64_microsoft.windows.common-controls_6595b64144ccf1df_6.0.22621.2506_none_270c5ae97388e100;C:\Users\luczu\.jdks\corretto-17.0.10\bin\server;C:\Program Files (x86)\Windows Kits\10\Redist\ucrt\DLLs\x64;C:\Program Files\Microsoft\jdk-11.0.12.7-hotspot\bin;C:\Users\luczu\.javacpp\cache\jaylib-4.5.0-0.jar\com\raylib\windows-x86_64;C:\WINDOWS\System32\DriverStore\FileRepository\nvhm.inf_amd64_28ac5867493a0477;C:\WINDOWS\System32\DriverStore\FileRepository\iigd_dch.inf_amd64_0fdf6ce291234272

VM Arguments:
jvm_args: -Dfile.encoding=windows-1252 -Duser.country=NL -Duser.language=nl -Duser.variant 
java_command: PineVille.MenuScene
java_class_path (initial): C:\Users\luczu\OneDrive\Documenten\PineVille\build\classes\java\main;C:\Users\luczu\OneDrive\Documenten\PineVille\build\resources\main;C:\Users\luczu\.gradle\caches\modules-2\files-2.1\uk.co.electronstudio.jaylib\jaylib\4.5.0-0\90c0d608df9bbd32f5f34683acc58cb433e94508\jaylib-4.5.0-0.jar
Launcher Type: SUN_STANDARD

[Global flags]
     intx CICompilerCount                          = 12                                        {product} {ergonomic}
     uint ConcGCThreads                            = 3                                         {product} {ergonomic}
     uint G1ConcRefinementThreads                  = 13                                        {product} {ergonomic}
   size_t G1HeapRegionSize                         = 2097152                                   {product} {ergonomic}
    uintx GCDrainStackTargetSize                   = 64                                        {product} {ergonomic}
   size_t InitialHeapSize                          = 264241152                                 {product} {ergonomic}
   size_t MarkStackSize                            = 4194304                                   {product} {ergonomic}
   size_t MaxHeapSize                              = 4200595456                                {product} {ergonomic}
   size_t MaxNewSize                               = 2518679552                                {product} {ergonomic}
   size_t MinHeapDeltaBytes                        = 2097152                                   {product} {ergonomic}
   size_t MinHeapSize                              = 8388608                                   {product} {ergonomic}
    uintx NonNMethodCodeHeapSize                   = 7602480                                {pd product} {ergonomic}
    uintx NonProfiledCodeHeapSize                  = 122027880                              {pd product} {ergonomic}
    uintx ProfiledCodeHeapSize                     = 122027880                              {pd product} {ergonomic}
    uintx ReservedCodeCacheSize                    = 251658240                              {pd product} {ergonomic}
     bool SegmentedCodeCache                       = true                                      {product} {ergonomic}
   size_t SoftMaxHeapSize                          = 4200595456                             {manageable} {ergonomic}
     bool UseCompressedClassPointers               = true                           {product lp64_product} {ergonomic}
     bool UseCompressedOops                        = true                           {product lp64_product} {ergonomic}
     bool UseG1GC                                  = true                                      {product} {ergonomic}
     bool UseLargePagesIndividualAllocation        = false                                  {pd product} {ergonomic}

Logging:
Log output configuration:
 #0: stdout all=warning uptime,level,tags
 #1: stderr all=off uptime,level,tags

Environment Variables:
PATH=C:\Program Files (x86)\Common Files\Intel\Shared Libraries\redist\intel64\compiler;C:\Program Files\Common Files\Oracle\Java\javapath;C:\Program Files\Microsoft\jdk-11.0.12.7-hotspot\bin;C:\windows\system32;C:\windows;C:\windows\System32\Wbem;C:\windows\System32\WindowsPowerShell\v1.0\;C:\windows\System32\OpenSSH\;C:\Program Files (x86)\NVIDIA Corporation\PhysX\Common;C:\Program Files\NVIDIA Corporation\NVIDIA NvDLISR;C:\Program Files\Microsoft SQL Server\150\Tools\Binn\;C:\Program Files\Microsoft SQL Server\Client SDK\ODBC\170\Tools\Binn\;C:\Program Files\dotnet\;C:\WINDOWS\system32;C:\WINDOWS;C:\WINDOWS\System32\Wbem;C:\WINDOWS\System32\WindowsPowerShell\v1.0\;C:\WINDOWS\System32\OpenSSH\;C:\Program Files\CMake\bin;C:\Program Files\Git\cmd;C:\Users\luczu\AppData\Local\Microsoft\WindowsApps;C:\Users\luczu\.dotnet\tools;C:\Users\luczu\AppData\Local\GitHubDesktop\bin;;C:\Users\luczu\AppData\Local\Programs\Microsoft VS Code\bin
USERNAME=luczu
OS=Windows_NT
PROCESSOR_IDENTIFIER=Intel64 Family 6 Model 141 Stepping 1, GenuineIntel
TMP=C:\Users\luczu\AppData\Local\Temp
TEMP=C:\Users\luczu\AppData\Local\Temp



Periodic native trim disabled


---------------  S Y S T E M  ---------------

OS:
 Windows 11 , 64 bit Build 22621 (10.0.22621.2506)
OS uptime: 0 days 0:46 hours
Hyper-V role detected

CPU: total 16 (initial active 16) (8 cores per cpu, 2 threads per core) family 6 model 141 stepping 1 microcode 0x4e, cx8, cmov, fxsr, ht, mmx, 3dnowpref, sse, sse2, sse3, ssse3, sse4.1, sse4.2, popcnt, lzcnt, tsc, tscinvbit, avx, avx2, aes, erms, clmul, bmi1, bmi2, adx, avx512f, avx512dq, avx512cd, avx512bw, avx512vl, sha, fma, vzeroupper, avx512_vpopcntdq, avx512_vpclmulqdq, avx512_vaes, avx512_vnni, clflush, clflushopt, clwb, avx512_vbmi2, avx512_vbmi, hv
Processor Information for all 16 processors :
  Max Mhz: 2304, Current Mhz: 2304, Mhz Limit: 2304

Memory: 4k page, system-wide physical 16021M (4846M free)
TotalPageFile size 34453M (AvailPageFile size 16379M)
current process WorkingSet (physical memory assigned to process): 124M, peak: 207M
current process commit charge ("private bytes"): 504M, peak: 676M

vm_info: OpenJDK 64-Bit Server VM (17.0.10+7-LTS) for windows-amd64 JRE (17.0.10+7-LTS), built on Jan 10 2024 22:11:07 by "Administrator" with MS VC++ 16.10 / 16.11 (VS2019)

END.
