#
# A fatal error has been detected by the Java Runtime Environment:
#
#  EXCEPTION_ACCESS_VIOLATION (0xc0000005) at pc=0x00007fff9512d550, pid=5328, tid=17956
#
# JRE version: OpenJDK Runtime Environment Corretto-17.0.10.7.1 (17.0.10+7) (build 17.0.10+7-LTS)
# Java VM: OpenJDK 64-Bit Server VM Corretto-17.0.10.7.1 (17.0.10+7-LTS, mixed mode, sharing, tiered, compressed oops, compressed class ptrs, g1 gc, windows-amd64)
# Problematic frame:
# C  [jniRaylib.dll+0x13d550]
#
# No core dump will be written. Minidumps are not enabled by default on client versions of Windows
#
# If you would like to submit a bug report, please visit:
#   https://github.com/corretto/corretto-17/issues/
# The crash happened outside the Java Virtual Machine in native code.
# See problematic frame for where to report the bug.
#

---------------  S U M M A R Y ------------

Command Line: -Dfile.encoding=windows-1252 -Duser.country=NL -Duser.language=nl -Duser.variant PineVille.GameScene

Host: 11th Gen Intel(R) Core(TM) i7-11800H @ 2.30GHz, 16 cores, 15G,  Windows 11 , 64 bit Build 22621 (10.0.22621.3085)
Time: Tue Mar 12 09:48:35 2024 West-Europa (standaardtijd) elapsed time: 7.398556 seconds (0d 0h 0m 7s)

---------------  T H R E A D  ---------------

Current thread (0x0000028497c1a1b0):  JavaThread "main" [_thread_in_native, id=17956, stack(0x000000f5a8500000,0x000000f5a8600000)]

Stack: [0x000000f5a8500000,0x000000f5a8600000],  sp=0x000000f5a85fee20,  free space=1019k
Native frames: (J=compiled Java code, j=interpreted, Vv=VM code, C=native code)
C  [jniRaylib.dll+0x13d550]

Java frames: (J=compiled Java code, j=interpreted, Vv=VM code)
J 831  com.raylib.Raylib.DrawText(Ljava/lang/String;IIILcom/raylib/Raylib$Color;)V (0 bytes) @ 0x00000284a8b89923 [0x00000284a8b898a0+0x0000000000000083]
j  PineVille.GameScene.main([Ljava/lang/String;)V+435
v  ~StubRoutines::call_stub

siginfo: EXCEPTION_ACCESS_VIOLATION (0xc0000005), reading address 0x0000028486dc9b10


Registers:
RAX=0x0000028486dc9b10, RBX=0x00000000ff2f3f4c, RCX=0x0000000000000000, RDX=0x0000000000000057
RSP=0x000000f5a85fee20, RBP=0x000002848614f420, RSI=0x0000000000000000, RDI=0x000000000000003f
R8 =0x0000000000000000, R9 =0x0000000000000007, R10=0x00000000000000e0, R11=0x0000000000000006
R12=0x00000000000000e0, R13=0x0000000000000000, R14=0x0000000000000001, R15=0x000000f5a85fefc0
RIP=0x00007fff9512d550, EFLAGS=0x0000000000010202


Register to memory mapping:

RIP=0x00007fff9512d550 jniRaylib.dll
RAX=0x0000028486dc9b10 is an unknown value
RBX=0x00000000ff2f3f4c is an unknown value
RCX=0x0 is NULL
RDX=0x0000000000000057 is an unknown value
RSP=0x000000f5a85fee20 is pointing into the stack for thread: 0x0000028497c1a1b0
RBP=0x000002848614f420 points into unknown readable memory: 0x0030203a646f6f57 | 57 6f 6f 64 3a 20 30 00
RSI=0x0 is NULL
RDI=0x000000000000003f is an unknown value
R8 =0x0 is NULL
R9 =0x0000000000000007 is an unknown value
R10=0x00000000000000e0 is an unknown value
R11=0x0000000000000006 is an unknown value
R12=0x00000000000000e0 is an unknown value
R13=0x0 is NULL
R14=0x0000000000000001 is an unknown value
R15=0x000000f5a85fefc0 is pointing into the stack for thread: 0x0000028497c1a1b0


Top of Stack: (sp=0x000000f5a85fee20)
0x000000f5a85fee20:   0000028497910000 00007fff1607042d
0x000000f5a85fee30:   0000028497a10000 000000000000000c
0x000000f5a85fee40:   0000000000000008 0000000000000000
0x000000f5a85fee50:   41a0000041a00000 00007fff16060181
0x000000f5a85fee60:   00000000000000e0 000000f5a85fee18
0x000000f5a85fee70:   000000e00000000a 0000000200000000
0x000000f5a85fee80:   00000284be428300 0000000000000000
0x000000f5a85fee90:   0000028486dcbe20 0000028486dc9b10
0x000000f5a85feea0:   000000f5a85ff078 0000000000000000
0x000000f5a85feeb0:   0000028484fe3a40 0000028497c1a1b0
0x000000f5a85feec0:   000000f5a85fefd8 00007fff160608be
0x000000f5a85feed0:   0000000000000000 0000000000000000
0x000000f5a85feee0:   0000000000000000 0000000000000000
0x000000f5a85feef0:   0000000000000000 0000000000000000
0x000000f5a85fef00:   0000000000000000 0000000000000000
0x000000f5a85fef10:   0000000000000000 0000000000000000
0x000000f5a85fef20:   0000000000000000 0000000000000000
0x000000f5a85fef30:   0000000000000000 0000000000000000
0x000000f5a85fef40:   0000000000000000 0000000000000000
0x000000f5a85fef50:   0000028485093ea0 0000000000000000
0x000000f5a85fef60:   000000000000001e 000002848614f420
0x000000f5a85fef70:   0000028497c1a1b0 000000f5a85ff0e0
0x000000f5a85fef80:   0000000000000014 00007fff9512cf61
0x000000f5a85fef90:   0000000000000007 0000028497c1a468
0x000000f5a85fefa0:   0000028497c1a1b0 000000f5a85ff0a8
0x000000f5a85fefb0:   0000028440400000 00007fffff2f3f4c
0x000000f5a85fefc0:   000000e00000000a 0000000200000000
0x000000f5a85fefd0:   0000008000000080 0000000200000001
0x000000f5a85fefe0:   0000028486dcbe20 0000028486dc9b10
0x000000f5a85feff0:   0000028497c1a468 00007fff950357e4
0x000000f5a85ff000:   0000000000000014 00000007154a6ce0
0x000000f5a85ff010:   000000000000001e 0000000000000000 

Instructions: (pc=0x00007fff9512d550)
0x00007fff9512d450:   0f 10 8c 24 90 01 00 00 44 0f 29 9c 24 d0 00 00
0x00007fff9512d460:   00 f3 44 0f 10 1d aa 21 07 00 44 0f 29 a4 24 c0
0x00007fff9512d470:   00 00 00 f3 44 0f 10 64 24 34 49 c1 ea 20 44 0f
0x00007fff9512d480:   29 ac 24 b0 00 00 00 f3 44 0f 10 6c 24 30 0f 29
0x00007fff9512d490:   54 24 50 44 8b 64 24 54 0f 29 4c 24 70 4c 89 54
0x00007fff9512d4a0:   24 40 0f be 14 2e 0f b6 c2 8b ca 24 f8 3c f0 75
0x00007fff9512d4b0:   32 0f be 54 2e 01 83 e1 07 0f be 44 2e 02 83 e2
0x00007fff9512d4c0:   3f 83 e0 3f c1 e1 06 0b d1 41 be 04 00 00 00 c1
0x00007fff9512d4d0:   e2 06 0b d0 0f be 44 2e 03 83 e0 3f c1 e2 06 0b
0x00007fff9512d4e0:   d0 eb 56 0f b6 c2 24 f0 3c e0 75 25 0f be 54 2e
0x00007fff9512d4f0:   01 83 e1 0f 0f be 44 2e 02 83 e2 3f c1 e1 06 83
0x00007fff9512d500:   e0 3f 0b d1 41 be 03 00 00 00 c1 e2 06 0b d0 eb
0x00007fff9512d510:   28 80 e2 e0 80 fa c0 75 18 0f be 54 2e 01 83 e1
0x00007fff9512d520:   1f 83 e2 3f c1 e1 06 0b d1 41 be 02 00 00 00 eb
0x00007fff9512d530:   08 8b d1 41 be 01 00 00 00 33 c9 45 33 c0 bf 3f
0x00007fff9512d540:   00 00 00 45 85 d2 7e 1f 48 8b 44 24 78 0f 1f 00
0x00007fff9512d550:   39 10 74 10 ff c1 49 ff c0 48 83 c0 28 41 3b cc
0x00007fff9512d560:   7c ee eb 03 49 8b f8 83 fa 3f 75 06 44 8d 72 c2
0x00007fff9512d570:   eb 30 83 fa 0a 75 21 41 0f 28 c0 0f 57 f6 f3 41
0x00007fff9512d580:   0f 59 c3 f3 41 0f 58 c0 f3 0f 59 c7 f3 0f 2c c0
0x00007fff9512d590:   44 03 e8 e9 a8 00 00 00 83 fa 20 74 6d 83 fa 09
0x00007fff9512d5a0:   74 68 41 0f 10 07 48 8d 8c 24 80 00 00 00 89 5c
0x00007fff9512d5b0:   24 20 41 0f 10 4f 10 0f 29 84 24 80 00 00 00 41
0x00007fff9512d5c0:   0f 28 e5 41 0f 10 47 20 66 41 0f 6e d5 f3 0f 58
0x00007fff9512d5d0:   e6 0f 29 84 24 a0 00 00 00 41 0f 28 da 0f 5b d2
0x00007fff9512d5e0:   0f 28 c4 0f 29 8c 24 90 00 00 00 f3 41 0f 58 d4
0x00007fff9512d5f0:   0f 14 c2 66 49 0f 7e c0 e8 73 f9 ff ff 4c 8b 8c
0x00007fff9512d600:   24 70 01 00 00 4c 8b 54 24 40 49 8b 47 28 48 8d
0x00007fff9512d610:   0c bf 8b 54 c8 0c 85 d2 75 12 49 8b 47 20 48 03
0x00007fff9512d620:   ff 0f 28 c7 f3 0f 59 44 f8 08 eb 0b 66 0f 6e c2
0x00007fff9512d630:   0f 5b c0 f3 0f 59 c7 f3 41 0f 58 c1 f3 0f 58 f0
0x00007fff9512d640:   49 03 f6 49 3b f1 0f 8c 56 fe ff ff 44 0f 28 ac 


Stack slot to memory mapping:
stack at sp + 0 slots: 0x0000028497910000 points into unknown readable memory: 0x0000000000000000 | 00 00 00 00 00 00 00 00
stack at sp + 1 slots: 0x00007fff1607042d jvm.dll
stack at sp + 2 slots: 0x0000028497a10000 points into unknown readable memory: 0x0000000000000000 | 00 00 00 00 00 00 00 00
stack at sp + 3 slots: 0x000000000000000c is an unknown value
stack at sp + 4 slots: 0x0000000000000008 is an unknown value
stack at sp + 5 slots: 0x0 is NULL
stack at sp + 6 slots: 0x41a0000041a00000 is an unknown value
stack at sp + 7 slots: 0x00007fff16060181 jvm.dll


Compiled method (n/a)    7509  831     n 0       com.raylib.Raylib::DrawText (native)
 total in heap  [0x00000284a8b89710,0x00000284a8b89b00] = 1008
 relocation     [0x00000284a8b89868,0x00000284a8b89898] = 48
 main code      [0x00000284a8b898a0,0x00000284a8b89af8] = 600
 oops           [0x00000284a8b89af8,0x00000284a8b89b00] = 8

[Constant Pool (empty)]

[MachCode]
[Entry Point]
  # {method} {0x000002848044e040} 'DrawText' '(Ljava/lang/String;IIILcom/raylib/Raylib$Color;)V' in 'com/raylib/Raylib'
  # parm0:    rdx:rdx   = 'java/lang/String'
  # parm1:    r8        = int
  # parm2:    r9        = int
  # parm3:    rdi       = int
  # parm4:    rsi:rsi   = 'com/raylib/Raylib$Color'
  #           [sp+0x90]  (sp of caller)
  0x00000284a8b898a0: 448b 5208 | 49bb 0000 | 00be 8402 | 0000 4d03 | d349 3bc2 | 0f84 0600 

  0x00000284a8b898b8: ;   {runtime_call ic_miss_stub}
  0x00000284a8b898b8: 0000 e9c1 | 7c86 ff90 
[Verified Entry Point]
  0x00000284a8b898c0: 8984 2400 | 90ff ff55 | 488b ec48 | 81ec 8000 | 0000 4889 | 7424 5848 | 83fe 0048 | 8d44 2458 
  0x00000284a8b898e0: 480f 4444 | 2458 4889 | 4424 3048 | 897c 2428 | 4c89 4c24 | 204d 8bc8 | 4889 5424 | 3848 83fa 
  0x00000284a8b89900: 004c 8d44 | 2438 4c0f | 4444 2438 

  0x00000284a8b8990c: ;   {oop(a 'java/lang/Class'{0x0000000713e2dc80} = 'com/raylib/Raylib')}
  0x00000284a8b8990c: 49be 80dc | e213 0700 | 0000 4c89 | 7424 684c | 8d74 2468 | 498b d6c5 

  0x00000284a8b89924: ;   {internal_word}
  0x00000284a8b89924: f877 49ba | 2399 b8a8 | 8402 0000 | 4d89 97a0 | 0200 0049 | 89a7 9802 

  0x00000284a8b8993c: ;   {external_word}
  0x00000284a8b8993c: 0000 49ba | 7935 8016 | ff7f 0000 | 4180 3a00 | 0f84 5200 | 0000 5241 

  0x00000284a8b89954: ;   {metadata({method} {0x000002848044e040} 'DrawText' '(Ljava/lang/String;IIILcom/raylib/Raylib$Color;)V' in 'com/raylib/Raylib')}
  0x00000284a8b89954: 5041 5148 | ba38 e044 | 8084 0200 | 0049 8bcf | 4883 ec20 | f7c4 0f00 | 0000 0f84 | 1a00 0000 
  0x00000284a8b89974: 4883 ec08 

  0x00000284a8b89978: ;   {runtime_call}
  0x00000284a8b89978: 49ba 0030 | 3616 ff7f | 0000 41ff | d248 83c4 | 08e9 0d00 

  0x00000284a8b8998c: ;   {runtime_call}
  0x00000284a8b8998c: 0000 49ba | 0030 3616 | ff7f 0000 | 41ff d248 | 83c4 2041 | 5941 585a | 498d 8fb8 | 0200 0041 
  0x00000284a8b899ac: c787 4803 | 0000 0400 

  0x00000284a8b899b4: ;   {runtime_call}
  0x00000284a8b899b4: 0000 49ba | 6057 0395 | ff7f 0000 | 41ff d2c5 | f877 41c7 | 8748 0300 | 0005 0000 | 00f0 8344 
  0x00000284a8b899d4: 24c0 0049 | 3baf 5003 | 0000 0f87 | 1100 0000 | 4181 bf38 | 0300 0000 | 0000 000f | 8424 0000 
  0x00000284a8b899f4: 00c5 f877 | 498b cf4c | 8be4 4883 | ec20 4883 

  0x00000284a8b89a04: ;   {runtime_call}
  0x00000284a8b89a04: e4f0 49ba | 9044 4616 | ff7f 0000 | 41ff d249 | 8be4 4d33 | e441 c787 | 4803 0000 | 0800 0000 
  0x00000284a8b89a24: 4181 bfb8 | 0300 0002 | 0000 000f | 849b 0000 

  0x00000284a8b89a34: ;   {external_word}
  0x00000284a8b89a34: 0049 ba79 | 3580 16ff | 7f00 0041 | 803a 000f | 8448 0000 

  0x00000284a8b89a48: ;   {metadata({method} {0x000002848044e040} 'DrawText' '(Ljava/lang/String;IIILcom/raylib/Raylib$Color;)V' in 'com/raylib/Raylib')}
  0x00000284a8b89a48: 0048 ba38 | e044 8084 | 0200 0049 | 8bcf 4883 | ec20 f7c4 | 0f00 0000 | 0f84 1a00 | 0000 4883 
  0x00000284a8b89a68: ;   {runtime_call}
  0x00000284a8b89a68: ec08 49ba | 0030 3616 | ff7f 0000 | 41ff d248 | 83c4 08e9 | 0d00 0000 

  0x00000284a8b89a80: ;   {runtime_call}
  0x00000284a8b89a80: 49ba 0030 | 3616 ff7f | 0000 41ff | d248 83c4 | 2049 c787 | 9802 0000 | 0000 0000 | 49c7 87a0 
  0x00000284a8b89aa0: 0200 0000 | 0000 00c5 | f877 498b | 8fd8 0000 | 00c7 8100 | 0100 0000 | 0000 00c9 | 4981 7f08 
  0x00000284a8b89ac0: 0000 0000 | 0f85 0100 

  0x00000284a8b89ac8: ;   {runtime_call StubRoutines (1)}
  0x00000284a8b89ac8: 0000 c3e9 | 3074 81ff | c5f8 774c | 8be4 4883 | ec20 4883 

  0x00000284a8b89adc: ;   {runtime_call}
  0x00000284a8b89adc: e4f0 49ba | 8060 3616 | ff7f 0000 | 41ff d249 | 8be4 4d33 | e4e9 3fff | ffff f4f4 
[/MachCode]


---------------  P R O C E S S  ---------------

Threads class SMR info:
_java_thread_list=0x0000028486d37220, length=13, elements={
0x0000028497c1a1b0, 0x00000284bd489200, 0x00000284bd489ad0, 0x00000284bd4a16e0,
0x00000284bd4a1fb0, 0x00000284bd4a4ea0, 0x00000284bd4a5980, 0x00000284bd4a7460,
0x00000284bd4b95b0, 0x00000284bd4b9ec0, 0x00000284bd60e690, 0x00000284bd614400,
0x00000284bd655110
}

Java Threads: ( => current thread )
=>0x0000028497c1a1b0 JavaThread "main" [_thread_in_native, id=17956, stack(0x000000f5a8500000,0x000000f5a8600000)]
  0x00000284bd489200 JavaThread "Reference Handler" daemon [_thread_blocked, id=868, stack(0x000000f5a8c00000,0x000000f5a8d00000)]
  0x00000284bd489ad0 JavaThread "Finalizer" daemon [_thread_blocked, id=31508, stack(0x000000f5a8d00000,0x000000f5a8e00000)]
  0x00000284bd4a16e0 JavaThread "Signal Dispatcher" daemon [_thread_blocked, id=20684, stack(0x000000f5a8e00000,0x000000f5a8f00000)]
  0x00000284bd4a1fb0 JavaThread "Attach Listener" daemon [_thread_blocked, id=20544, stack(0x000000f5a8f00000,0x000000f5a9000000)]
  0x00000284bd4a4ea0 JavaThread "Service Thread" daemon [_thread_blocked, id=29036, stack(0x000000f5a9000000,0x000000f5a9100000)]
  0x00000284bd4a5980 JavaThread "Monitor Deflation Thread" daemon [_thread_blocked, id=16344, stack(0x000000f5a9100000,0x000000f5a9200000)]
  0x00000284bd4a7460 JavaThread "C2 CompilerThread0" daemon [_thread_blocked, id=23332, stack(0x000000f5a9200000,0x000000f5a9300000)]
  0x00000284bd4b95b0 JavaThread "C1 CompilerThread0" daemon [_thread_blocked, id=31080, stack(0x000000f5a9300000,0x000000f5a9400000)]
  0x00000284bd4b9ec0 JavaThread "Sweeper thread" daemon [_thread_blocked, id=26860, stack(0x000000f5a9400000,0x000000f5a9500000)]
  0x00000284bd60e690 JavaThread "Notification Thread" daemon [_thread_blocked, id=11108, stack(0x000000f5a9700000,0x000000f5a9800000)]
  0x00000284bd614400 JavaThread "Common-Cleaner" daemon [_thread_blocked, id=19752, stack(0x000000f5a9900000,0x000000f5a9a00000)]
  0x00000284bd655110 JavaThread "JavaCPP Deallocator" daemon [_thread_blocked, id=24848, stack(0x000000f5a9a00000,0x000000f5a9b00000)]

Other Threads:
  0x00000284bd484b80 VMThread "VM Thread" [stack: 0x000000f5a8b00000,0x000000f5a8c00000] [id=25364]
  0x00000284bd60fb80 WatcherThread [stack: 0x000000f5a9800000,0x000000f5a9900000] [id=1144]
  0x0000028497c88920 GCTaskThread "GC Thread#0" [stack: 0x000000f5a8600000,0x000000f5a8700000] [id=10172]
  0x00000284844c4cf0 GCTaskThread "GC Thread#1" [stack: 0x000000f5a9f00000,0x000000f5aa000000] [id=14316]
  0x0000028484ff1990 GCTaskThread "GC Thread#2" [stack: 0x000000f5aa000000,0x000000f5aa100000] [id=29340]
  0x0000028484ff00d0 GCTaskThread "GC Thread#3" [stack: 0x000000f5aa100000,0x000000f5aa200000] [id=28464]
  0x0000028484ff0910 GCTaskThread "GC Thread#4" [stack: 0x000000f5aa200000,0x000000f5aa300000] [id=19760]
  0x0000028484ff0390 GCTaskThread "GC Thread#5" [stack: 0x000000f5aa300000,0x000000f5aa400000] [id=27300]
  0x0000028497c991c0 ConcurrentGCThread "G1 Main Marker" [stack: 0x000000f5a8700000,0x000000f5a8800000] [id=31660]
  0x0000028497c99ae0 ConcurrentGCThread "G1 Conc#0" [stack: 0x000000f5a8800000,0x000000f5a8900000] [id=8116]
  0x00000284bd229aa0 ConcurrentGCThread "G1 Refine#0" [stack: 0x000000f5a8900000,0x000000f5a8a00000] [id=28764]
  0x00000284bd22c300 ConcurrentGCThread "G1 Service" [stack: 0x000000f5a8a00000,0x000000f5a8b00000] [id=4008]

Threads with active compile tasks:

VM state: not at safepoint (normal execution)

VM Mutex/Monitor currently owned by a thread: None

Heap address: 0x0000000705a00000, size: 4006 MB, Compressed Oops mode: Zero based, Oop shift amount: 3

CDS archive(s) mapped at: [0x00000284be000000-0x00000284bebb0000-0x00000284bebb0000), size 12255232, SharedBaseAddress: 0x00000284be000000, ArchiveRelocationMode: 1.
Compressed class space mapped at: 0x00000284bf000000-0x00000284ff000000, reserved size: 1073741824
Narrow klass base: 0x00000284be000000, Narrow klass shift: 0, Narrow klass range: 0x100000000

GC Precious Log:
 CPUs: 16 total, 16 available
 Memory: 16021M
 Large Page Support: Disabled
 NUMA Support: Disabled
 Compressed Oops: Enabled (Zero based)
 Heap Region Size: 2M
 Heap Min Capacity: 8M
 Heap Initial Capacity: 252M
 Heap Max Capacity: 4006M
 Pre-touch: Disabled
 Parallel Workers: 13
 Concurrent Workers: 3
 Concurrent Refinement Workers: 13
 Periodic GC: Disabled

Heap:
 garbage-first heap   total 258048K, used 3743K [0x0000000705a00000, 0x0000000800000000)
  region size 2048K, 3 young (6144K), 1 survivors (2048K)
 Metaspace       used 2244K, committed 2432K, reserved 1114112K
  class space    used 192K, committed 256K, reserved 1048576K

Heap Regions: E=young(eden), S=young(survivor), O=old, HS=humongous(starts), HC=humongous(continues), CS=collection set, F=free, OA=open archive, CA=closed archive, TAMS=top-at-mark-start (previous, next)
|   0|0x0000000705a00000, 0x0000000705a00000, 0x0000000705c00000|  0%| F|  |TAMS 0x0000000705a00000, 0x0000000705a00000| Untracked 
|   1|0x0000000705c00000, 0x0000000705c00000, 0x0000000705e00000|  0%| F|  |TAMS 0x0000000705c00000, 0x0000000705c00000| Untracked 
|   2|0x0000000705e00000, 0x0000000705e00000, 0x0000000706000000|  0%| F|  |TAMS 0x0000000705e00000, 0x0000000705e00000| Untracked 
|   3|0x0000000706000000, 0x0000000706000000, 0x0000000706200000|  0%| F|  |TAMS 0x0000000706000000, 0x0000000706000000| Untracked 
|   4|0x0000000706200000, 0x0000000706200000, 0x0000000706400000|  0%| F|  |TAMS 0x0000000706200000, 0x0000000706200000| Untracked 
|   5|0x0000000706400000, 0x0000000706400000, 0x0000000706600000|  0%| F|  |TAMS 0x0000000706400000, 0x0000000706400000| Untracked 
|   6|0x0000000706600000, 0x0000000706600000, 0x0000000706800000|  0%| F|  |TAMS 0x0000000706600000, 0x0000000706600000| Untracked 
|   7|0x0000000706800000, 0x0000000706800000, 0x0000000706a00000|  0%| F|  |TAMS 0x0000000706800000, 0x0000000706800000| Untracked 
|   8|0x0000000706a00000, 0x0000000706a00000, 0x0000000706c00000|  0%| F|  |TAMS 0x0000000706a00000, 0x0000000706a00000| Untracked 
|   9|0x0000000706c00000, 0x0000000706c00000, 0x0000000706e00000|  0%| F|  |TAMS 0x0000000706c00000, 0x0000000706c00000| Untracked 
|  10|0x0000000706e00000, 0x0000000706e00000, 0x0000000707000000|  0%| F|  |TAMS 0x0000000706e00000, 0x0000000706e00000| Untracked 
|  11|0x0000000707000000, 0x0000000707000000, 0x0000000707200000|  0%| F|  |TAMS 0x0000000707000000, 0x0000000707000000| Untracked 
|  12|0x0000000707200000, 0x0000000707200000, 0x0000000707400000|  0%| F|  |TAMS 0x0000000707200000, 0x0000000707200000| Untracked 
|  13|0x0000000707400000, 0x0000000707400000, 0x0000000707600000|  0%| F|  |TAMS 0x0000000707400000, 0x0000000707400000| Untracked 
|  14|0x0000000707600000, 0x0000000707600000, 0x0000000707800000|  0%| F|  |TAMS 0x0000000707600000, 0x0000000707600000| Untracked 
|  15|0x0000000707800000, 0x0000000707800000, 0x0000000707a00000|  0%| F|  |TAMS 0x0000000707800000, 0x0000000707800000| Untracked 
|  16|0x0000000707a00000, 0x0000000707a00000, 0x0000000707c00000|  0%| F|  |TAMS 0x0000000707a00000, 0x0000000707a00000| Untracked 
|  17|0x0000000707c00000, 0x0000000707c00000, 0x0000000707e00000|  0%| F|  |TAMS 0x0000000707c00000, 0x0000000707c00000| Untracked 
|  18|0x0000000707e00000, 0x0000000707e00000, 0x0000000708000000|  0%| F|  |TAMS 0x0000000707e00000, 0x0000000707e00000| Untracked 
|  19|0x0000000708000000, 0x0000000708000000, 0x0000000708200000|  0%| F|  |TAMS 0x0000000708000000, 0x0000000708000000| Untracked 
|  20|0x0000000708200000, 0x0000000708200000, 0x0000000708400000|  0%| F|  |TAMS 0x0000000708200000, 0x0000000708200000| Untracked 
|  21|0x0000000708400000, 0x0000000708400000, 0x0000000708600000|  0%| F|  |TAMS 0x0000000708400000, 0x0000000708400000| Untracked 
|  22|0x0000000708600000, 0x0000000708600000, 0x0000000708800000|  0%| F|  |TAMS 0x0000000708600000, 0x0000000708600000| Untracked 
|  23|0x0000000708800000, 0x0000000708800000, 0x0000000708a00000|  0%| F|  |TAMS 0x0000000708800000, 0x0000000708800000| Untracked 
|  24|0x0000000708a00000, 0x0000000708a00000, 0x0000000708c00000|  0%| F|  |TAMS 0x0000000708a00000, 0x0000000708a00000| Untracked 
|  25|0x0000000708c00000, 0x0000000708c00000, 0x0000000708e00000|  0%| F|  |TAMS 0x0000000708c00000, 0x0000000708c00000| Untracked 
|  26|0x0000000708e00000, 0x0000000708e00000, 0x0000000709000000|  0%| F|  |TAMS 0x0000000708e00000, 0x0000000708e00000| Untracked 
|  27|0x0000000709000000, 0x0000000709000000, 0x0000000709200000|  0%| F|  |TAMS 0x0000000709000000, 0x0000000709000000| Untracked 
|  28|0x0000000709200000, 0x0000000709200000, 0x0000000709400000|  0%| F|  |TAMS 0x0000000709200000, 0x0000000709200000| Untracked 
|  29|0x0000000709400000, 0x0000000709400000, 0x0000000709600000|  0%| F|  |TAMS 0x0000000709400000, 0x0000000709400000| Untracked 
|  30|0x0000000709600000, 0x0000000709600000, 0x0000000709800000|  0%| F|  |TAMS 0x0000000709600000, 0x0000000709600000| Untracked 
|  31|0x0000000709800000, 0x0000000709800000, 0x0000000709a00000|  0%| F|  |TAMS 0x0000000709800000, 0x0000000709800000| Untracked 
|  32|0x0000000709a00000, 0x0000000709a00000, 0x0000000709c00000|  0%| F|  |TAMS 0x0000000709a00000, 0x0000000709a00000| Untracked 
|  33|0x0000000709c00000, 0x0000000709c00000, 0x0000000709e00000|  0%| F|  |TAMS 0x0000000709c00000, 0x0000000709c00000| Untracked 
|  34|0x0000000709e00000, 0x0000000709e00000, 0x000000070a000000|  0%| F|  |TAMS 0x0000000709e00000, 0x0000000709e00000| Untracked 
|  35|0x000000070a000000, 0x000000070a000000, 0x000000070a200000|  0%| F|  |TAMS 0x000000070a000000, 0x000000070a000000| Untracked 
|  36|0x000000070a200000, 0x000000070a200000, 0x000000070a400000|  0%| F|  |TAMS 0x000000070a200000, 0x000000070a200000| Untracked 
|  37|0x000000070a400000, 0x000000070a400000, 0x000000070a600000|  0%| F|  |TAMS 0x000000070a400000, 0x000000070a400000| Untracked 
|  38|0x000000070a600000, 0x000000070a600000, 0x000000070a800000|  0%| F|  |TAMS 0x000000070a600000, 0x000000070a600000| Untracked 
|  39|0x000000070a800000, 0x000000070a800000, 0x000000070aa00000|  0%| F|  |TAMS 0x000000070a800000, 0x000000070a800000| Untracked 
|  40|0x000000070aa00000, 0x000000070aa00000, 0x000000070ac00000|  0%| F|  |TAMS 0x000000070aa00000, 0x000000070aa00000| Untracked 
|  41|0x000000070ac00000, 0x000000070ac00000, 0x000000070ae00000|  0%| F|  |TAMS 0x000000070ac00000, 0x000000070ac00000| Untracked 
|  42|0x000000070ae00000, 0x000000070ae00000, 0x000000070b000000|  0%| F|  |TAMS 0x000000070ae00000, 0x000000070ae00000| Untracked 
|  43|0x000000070b000000, 0x000000070b000000, 0x000000070b200000|  0%| F|  |TAMS 0x000000070b000000, 0x000000070b000000| Untracked 
|  44|0x000000070b200000, 0x000000070b200000, 0x000000070b400000|  0%| F|  |TAMS 0x000000070b200000, 0x000000070b200000| Untracked 
|  45|0x000000070b400000, 0x000000070b400000, 0x000000070b600000|  0%| F|  |TAMS 0x000000070b400000, 0x000000070b400000| Untracked 
|  46|0x000000070b600000, 0x000000070b600000, 0x000000070b800000|  0%| F|  |TAMS 0x000000070b600000, 0x000000070b600000| Untracked 
|  47|0x000000070b800000, 0x000000070b800000, 0x000000070ba00000|  0%| F|  |TAMS 0x000000070b800000, 0x000000070b800000| Untracked 
|  48|0x000000070ba00000, 0x000000070ba00000, 0x000000070bc00000|  0%| F|  |TAMS 0x000000070ba00000, 0x000000070ba00000| Untracked 
|  49|0x000000070bc00000, 0x000000070bc00000, 0x000000070be00000|  0%| F|  |TAMS 0x000000070bc00000, 0x000000070bc00000| Untracked 
|  50|0x000000070be00000, 0x000000070be00000, 0x000000070c000000|  0%| F|  |TAMS 0x000000070be00000, 0x000000070be00000| Untracked 
|  51|0x000000070c000000, 0x000000070c000000, 0x000000070c200000|  0%| F|  |TAMS 0x000000070c000000, 0x000000070c000000| Untracked 
|  52|0x000000070c200000, 0x000000070c200000, 0x000000070c400000|  0%| F|  |TAMS 0x000000070c200000, 0x000000070c200000| Untracked 
|  53|0x000000070c400000, 0x000000070c400000, 0x000000070c600000|  0%| F|  |TAMS 0x000000070c400000, 0x000000070c400000| Untracked 
|  54|0x000000070c600000, 0x000000070c600000, 0x000000070c800000|  0%| F|  |TAMS 0x000000070c600000, 0x000000070c600000| Untracked 
|  55|0x000000070c800000, 0x000000070c800000, 0x000000070ca00000|  0%| F|  |TAMS 0x000000070c800000, 0x000000070c800000| Untracked 
|  56|0x000000070ca00000, 0x000000070ca00000, 0x000000070cc00000|  0%| F|  |TAMS 0x000000070ca00000, 0x000000070ca00000| Untracked 
|  57|0x000000070cc00000, 0x000000070cc00000, 0x000000070ce00000|  0%| F|  |TAMS 0x000000070cc00000, 0x000000070cc00000| Untracked 
|  58|0x000000070ce00000, 0x000000070ce00000, 0x000000070d000000|  0%| F|  |TAMS 0x000000070ce00000, 0x000000070ce00000| Untracked 
|  59|0x000000070d000000, 0x000000070d000000, 0x000000070d200000|  0%| F|  |TAMS 0x000000070d000000, 0x000000070d000000| Untracked 
|  60|0x000000070d200000, 0x000000070d200000, 0x000000070d400000|  0%| F|  |TAMS 0x000000070d200000, 0x000000070d200000| Untracked 
|  61|0x000000070d400000, 0x000000070d400000, 0x000000070d600000|  0%| F|  |TAMS 0x000000070d400000, 0x000000070d400000| Untracked 
|  62|0x000000070d600000, 0x000000070d600000, 0x000000070d800000|  0%| F|  |TAMS 0x000000070d600000, 0x000000070d600000| Untracked 
|  63|0x000000070d800000, 0x000000070d800000, 0x000000070da00000|  0%| F|  |TAMS 0x000000070d800000, 0x000000070d800000| Untracked 
|  64|0x000000070da00000, 0x000000070da00000, 0x000000070dc00000|  0%| F|  |TAMS 0x000000070da00000, 0x000000070da00000| Untracked 
|  65|0x000000070dc00000, 0x000000070dc00000, 0x000000070de00000|  0%| F|  |TAMS 0x000000070dc00000, 0x000000070dc00000| Untracked 
|  66|0x000000070de00000, 0x000000070de00000, 0x000000070e000000|  0%| F|  |TAMS 0x000000070de00000, 0x000000070de00000| Untracked 
|  67|0x000000070e000000, 0x000000070e000000, 0x000000070e200000|  0%| F|  |TAMS 0x000000070e000000, 0x000000070e000000| Untracked 
|  68|0x000000070e200000, 0x000000070e200000, 0x000000070e400000|  0%| F|  |TAMS 0x000000070e200000, 0x000000070e200000| Untracked 
|  69|0x000000070e400000, 0x000000070e400000, 0x000000070e600000|  0%| F|  |TAMS 0x000000070e400000, 0x000000070e400000| Untracked 
|  70|0x000000070e600000, 0x000000070e600000, 0x000000070e800000|  0%| F|  |TAMS 0x000000070e600000, 0x000000070e600000| Untracked 
|  71|0x000000070e800000, 0x000000070e800000, 0x000000070ea00000|  0%| F|  |TAMS 0x000000070e800000, 0x000000070e800000| Untracked 
|  72|0x000000070ea00000, 0x000000070ea00000, 0x000000070ec00000|  0%| F|  |TAMS 0x000000070ea00000, 0x000000070ea00000| Untracked 
|  73|0x000000070ec00000, 0x000000070ec00000, 0x000000070ee00000|  0%| F|  |TAMS 0x000000070ec00000, 0x000000070ec00000| Untracked 
|  74|0x000000070ee00000, 0x000000070ee00000, 0x000000070f000000|  0%| F|  |TAMS 0x000000070ee00000, 0x000000070ee00000| Untracked 
|  75|0x000000070f000000, 0x000000070f000000, 0x000000070f200000|  0%| F|  |TAMS 0x000000070f000000, 0x000000070f000000| Untracked 
|  76|0x000000070f200000, 0x000000070f200000, 0x000000070f400000|  0%| F|  |TAMS 0x000000070f200000, 0x000000070f200000| Untracked 
|  77|0x000000070f400000, 0x000000070f400000, 0x000000070f600000|  0%| F|  |TAMS 0x000000070f400000, 0x000000070f400000| Untracked 
|  78|0x000000070f600000, 0x000000070f600000, 0x000000070f800000|  0%| F|  |TAMS 0x000000070f600000, 0x000000070f600000| Untracked 
|  79|0x000000070f800000, 0x000000070f800000, 0x000000070fa00000|  0%| F|  |TAMS 0x000000070f800000, 0x000000070f800000| Untracked 
|  80|0x000000070fa00000, 0x000000070fa00000, 0x000000070fc00000|  0%| F|  |TAMS 0x000000070fa00000, 0x000000070fa00000| Untracked 
|  81|0x000000070fc00000, 0x000000070fc00000, 0x000000070fe00000|  0%| F|  |TAMS 0x000000070fc00000, 0x000000070fc00000| Untracked 
|  82|0x000000070fe00000, 0x000000070fe00000, 0x0000000710000000|  0%| F|  |TAMS 0x000000070fe00000, 0x000000070fe00000| Untracked 
|  83|0x0000000710000000, 0x0000000710000000, 0x0000000710200000|  0%| F|  |TAMS 0x0000000710000000, 0x0000000710000000| Untracked 
|  84|0x0000000710200000, 0x0000000710200000, 0x0000000710400000|  0%| F|  |TAMS 0x0000000710200000, 0x0000000710200000| Untracked 
|  85|0x0000000710400000, 0x0000000710400000, 0x0000000710600000|  0%| F|  |TAMS 0x0000000710400000, 0x0000000710400000| Untracked 
|  86|0x0000000710600000, 0x0000000710600000, 0x0000000710800000|  0%| F|  |TAMS 0x0000000710600000, 0x0000000710600000| Untracked 
|  87|0x0000000710800000, 0x0000000710800000, 0x0000000710a00000|  0%| F|  |TAMS 0x0000000710800000, 0x0000000710800000| Untracked 
|  88|0x0000000710a00000, 0x0000000710a00000, 0x0000000710c00000|  0%| F|  |TAMS 0x0000000710a00000, 0x0000000710a00000| Untracked 
|  89|0x0000000710c00000, 0x0000000710c00000, 0x0000000710e00000|  0%| F|  |TAMS 0x0000000710c00000, 0x0000000710c00000| Untracked 
|  90|0x0000000710e00000, 0x0000000710e00000, 0x0000000711000000|  0%| F|  |TAMS 0x0000000710e00000, 0x0000000710e00000| Untracked 
|  91|0x0000000711000000, 0x0000000711000000, 0x0000000711200000|  0%| F|  |TAMS 0x0000000711000000, 0x0000000711000000| Untracked 
|  92|0x0000000711200000, 0x0000000711200000, 0x0000000711400000|  0%| F|  |TAMS 0x0000000711200000, 0x0000000711200000| Untracked 
|  93|0x0000000711400000, 0x0000000711400000, 0x0000000711600000|  0%| F|  |TAMS 0x0000000711400000, 0x0000000711400000| Untracked 
|  94|0x0000000711600000, 0x0000000711600000, 0x0000000711800000|  0%| F|  |TAMS 0x0000000711600000, 0x0000000711600000| Untracked 
|  95|0x0000000711800000, 0x0000000711800000, 0x0000000711a00000|  0%| F|  |TAMS 0x0000000711800000, 0x0000000711800000| Untracked 
|  96|0x0000000711a00000, 0x0000000711a00000, 0x0000000711c00000|  0%| F|  |TAMS 0x0000000711a00000, 0x0000000711a00000| Untracked 
|  97|0x0000000711c00000, 0x0000000711c00000, 0x0000000711e00000|  0%| F|  |TAMS 0x0000000711c00000, 0x0000000711c00000| Untracked 
|  98|0x0000000711e00000, 0x0000000711e00000, 0x0000000712000000|  0%| F|  |TAMS 0x0000000711e00000, 0x0000000711e00000| Untracked 
|  99|0x0000000712000000, 0x0000000712000000, 0x0000000712200000|  0%| F|  |TAMS 0x0000000712000000, 0x0000000712000000| Untracked 
| 100|0x0000000712200000, 0x0000000712200000, 0x0000000712400000|  0%| F|  |TAMS 0x0000000712200000, 0x0000000712200000| Untracked 
| 101|0x0000000712400000, 0x0000000712400000, 0x0000000712600000|  0%| F|  |TAMS 0x0000000712400000, 0x0000000712400000| Untracked 
| 102|0x0000000712600000, 0x0000000712600000, 0x0000000712800000|  0%| F|  |TAMS 0x0000000712600000, 0x0000000712600000| Untracked 
| 103|0x0000000712800000, 0x0000000712800000, 0x0000000712a00000|  0%| F|  |TAMS 0x0000000712800000, 0x0000000712800000| Untracked 
| 104|0x0000000712a00000, 0x0000000712a00000, 0x0000000712c00000|  0%| F|  |TAMS 0x0000000712a00000, 0x0000000712a00000| Untracked 
| 105|0x0000000712c00000, 0x0000000712c00000, 0x0000000712e00000|  0%| F|  |TAMS 0x0000000712c00000, 0x0000000712c00000| Untracked 
| 106|0x0000000712e00000, 0x0000000712e00000, 0x0000000713000000|  0%| F|  |TAMS 0x0000000712e00000, 0x0000000712e00000| Untracked 
| 107|0x0000000713000000, 0x0000000713000000, 0x0000000713200000|  0%| F|  |TAMS 0x0000000713000000, 0x0000000713000000| Untracked 
| 108|0x0000000713200000, 0x0000000713200000, 0x0000000713400000|  0%| F|  |TAMS 0x0000000713200000, 0x0000000713200000| Untracked 
| 109|0x0000000713400000, 0x0000000713400000, 0x0000000713600000|  0%| F|  |TAMS 0x0000000713400000, 0x0000000713400000| Untracked 
| 110|0x0000000713600000, 0x0000000713600000, 0x0000000713800000|  0%| F|  |TAMS 0x0000000713600000, 0x0000000713600000| Untracked 
| 111|0x0000000713800000, 0x0000000713800000, 0x0000000713a00000|  0%| F|  |TAMS 0x0000000713800000, 0x0000000713800000| Untracked 
| 112|0x0000000713a00000, 0x0000000713a00000, 0x0000000713c00000|  0%| F|  |TAMS 0x0000000713a00000, 0x0000000713a00000| Untracked 
| 113|0x0000000713c00000, 0x0000000713c00000, 0x0000000713e00000|  0%| F|  |TAMS 0x0000000713c00000, 0x0000000713c00000| Untracked 
| 114|0x0000000713e00000, 0x0000000713fa7fa0, 0x0000000714000000| 82%| S|CS|TAMS 0x0000000713e00000, 0x0000000713e00000| Complete 
| 115|0x0000000714000000, 0x0000000714000000, 0x0000000714200000|  0%| F|  |TAMS 0x0000000714000000, 0x0000000714000000| Untracked 
| 116|0x0000000714200000, 0x0000000714200000, 0x0000000714400000|  0%| F|  |TAMS 0x0000000714200000, 0x0000000714200000| Untracked 
| 117|0x0000000714400000, 0x0000000714400000, 0x0000000714600000|  0%| F|  |TAMS 0x0000000714400000, 0x0000000714400000| Untracked 
| 118|0x0000000714600000, 0x0000000714600000, 0x0000000714800000|  0%| F|  |TAMS 0x0000000714600000, 0x0000000714600000| Untracked 
| 119|0x0000000714800000, 0x0000000714800000, 0x0000000714a00000|  0%| F|  |TAMS 0x0000000714800000, 0x0000000714800000| Untracked 
| 120|0x0000000714a00000, 0x0000000714a00000, 0x0000000714c00000|  0%| F|  |TAMS 0x0000000714a00000, 0x0000000714a00000| Untracked 
| 121|0x0000000714c00000, 0x0000000714c00000, 0x0000000714e00000|  0%| F|  |TAMS 0x0000000714c00000, 0x0000000714c00000| Untracked 
| 122|0x0000000714e00000, 0x0000000714e00000, 0x0000000715000000|  0%| F|  |TAMS 0x0000000714e00000, 0x0000000714e00000| Untracked 
| 123|0x0000000715000000, 0x0000000715000000, 0x0000000715200000|  0%| F|  |TAMS 0x0000000715000000, 0x0000000715000000| Untracked 
| 124|0x0000000715200000, 0x0000000715362110, 0x0000000715400000| 69%| E|  |TAMS 0x0000000715200000, 0x0000000715200000| Complete 
| 125|0x0000000715400000, 0x0000000715600000, 0x0000000715600000|100%| E|CS|TAMS 0x0000000715400000, 0x0000000715400000| Complete 

Card table byte_map: [0x00000284b16e0000,0x00000284b1ec0000] _byte_map_base: 0x00000284adeb3000

Marking Bits (Prev, Next): (CMBitMap*) 0x0000028497c88e40, (CMBitMap*) 0x0000028497c88e80
 Prev Bits: [0x00000284b26a0000, 0x00000284b6538000)
 Next Bits: [0x00000284b6540000, 0x00000284ba3d8000)

Polling page: 0x0000028497cd0000

Metaspace:

Usage:
  Non-class:      2.00 MB used.
      Class:    192.41 KB used.
       Both:      2.19 MB used.

Virtual space:
  Non-class space:       64.00 MB reserved,       2.12 MB (  3%) committed,  1 nodes.
      Class space:        1.00 GB reserved,     256.00 KB ( <1%) committed,  1 nodes.
             Both:        1.06 GB reserved,       2.38 MB ( <1%) committed. 

Chunk freelists:
   Non-Class:  11.18 MB
       Class:  15.63 MB
        Both:  26.81 MB

MaxMetaspaceSize: unlimited
CompressedClassSpaceSize: 1.00 GB
Initial GC threshold: 21.00 MB
Current GC threshold: 21.00 MB
CDS: on
MetaspaceReclaimPolicy: balanced
 - commit_granule_bytes: 65536.
 - commit_granule_words: 8192.
 - virtual_space_node_default_size: 8388608.
 - enlarge_chunks_in_place: 1.
 - new_chunks_are_fully_committed: 0.
 - uncommit_free_chunks: 1.
 - use_allocation_guard: 0.
 - handle_deallocations: 1.


Internal statistics:

num_allocs_failed_limit: 0.
num_arena_births: 72.
num_arena_deaths: 0.
num_vsnodes_births: 2.
num_vsnodes_deaths: 0.
num_space_committed: 38.
num_space_uncommitted: 0.
num_chunks_returned_to_freelist: 0.
num_chunks_taken_from_freelist: 130.
num_chunk_merges: 0.
num_chunk_splits: 79.
num_chunks_enlarged: 40.
num_inconsistent_stats: 0.

CodeHeap 'non-profiled nmethods': size=119168Kb used=644Kb max_used=644Kb free=118523Kb
 bounds [0x00000284a8af0000, 0x00000284a8d60000, 0x00000284aff50000]
CodeHeap 'profiled nmethods': size=119104Kb used=1493Kb max_used=1493Kb free=117610Kb
 bounds [0x00000284a0f50000, 0x00000284a11c0000, 0x00000284a83a0000]
CodeHeap 'non-nmethods': size=7488Kb used=1165Kb max_used=2403Kb free=6322Kb
 bounds [0x00000284a83a0000, 0x00000284a8610000, 0x00000284a8af0000]
 total_blobs=1371 nmethods=925 adapters=359
 compilation: enabled
              stopped_count=0, restarted_count=0
 full_count=0

Compilation events (20 events):
Event: 4.850 Thread 0x00000284bd4b95b0  913       3       java.lang.invoke.LambdaForm$DMH/0x00000284bf019800::invokeStatic (14 bytes)
Event: 4.851 Thread 0x00000284bd4b95b0 nmethod 913 0x00000284a10c0710 code [0x00000284a10c08e0, 0x00000284a10c0d38]
Event: 4.851 Thread 0x00000284bd4b95b0  914       3       java.lang.String::valueOf (5 bytes)
Event: 4.851 Thread 0x00000284bd4b95b0 nmethod 914 0x00000284a10c0e90 code [0x00000284a10c1040, 0x00000284a10c12d8]
Event: 4.851 Thread 0x00000284bd4b95b0  915       3       java.lang.Float::toString (5 bytes)
Event: 4.851 Thread 0x00000284bd4b95b0 nmethod 915 0x00000284a10c1410 code [0x00000284a10c15c0, 0x00000284a10c17f8]
Event: 4.851 Thread 0x00000284bd4b95b0  916       3       jdk.internal.math.FloatingDecimal::toJavaFormatString (10 bytes)
Event: 4.851 Thread 0x00000284bd4b95b0 nmethod 916 0x00000284a10c1910 code [0x00000284a10c1ac0, 0x00000284a10c1c98]
Event: 4.851 Thread 0x00000284bd4b95b0  917       3       jdk.internal.math.FloatingDecimal::getBinaryToASCIIConverter (163 bytes)
Event: 4.851 Thread 0x00000284bd4b95b0 nmethod 917 0x00000284a10c1d90 code [0x00000284a10c1fa0, 0x00000284a10c26c8]
Event: 4.851 Thread 0x00000284bd4b95b0  918       3       jdk.internal.math.FloatingDecimal::getBinaryToASCIIBuffer (10 bytes)
Event: 4.851 Thread 0x00000284bd4b95b0 nmethod 918 0x00000284a10c2890 code [0x00000284a10c2a40, 0x00000284a10c2ce8]
Event: 5.000 Thread 0x00000284bd4a7460  919       4       java.lang.ref.Reference::refersToImpl (6 bytes)
Event: 5.000 Thread 0x00000284bd4a7460 nmethod 919 0x00000284a8b8f710 code [0x00000284a8b8f880, 0x00000284a8b8f918]
Event: 5.467 Thread 0x00000284bd4b95b0  920       3       PineVille.Player::Move (124 bytes)
Event: 5.467 Thread 0x00000284bd4b95b0 nmethod 920 0x00000284a10c2d90 code [0x00000284a10c3000, 0x00000284a10c3538]
Event: 5.467 Thread 0x00000284bd4b95b0  923       3       PineVille.Player::drawPlayer (72 bytes)
Event: 5.468 Thread 0x00000284bd4b95b0 nmethod 923 0x00000284a10c3710 code [0x00000284a10c3aa0, 0x00000284a10c4e48]
Event: 5.917 Thread 0x00000284bd4a7460  925       4       java.util.HashMap::getNode (150 bytes)
Event: 5.925 Thread 0x00000284bd4a7460 nmethod 925 0x00000284a8b90610 code [0x00000284a8b907c0, 0x00000284a8b90e48]

GC Heap History (2 events):
Event: 0.509 GC heap before
{Heap before GC invocations=0 (full 0):
 garbage-first heap   total 258048K, used 22528K [0x0000000705a00000, 0x0000000800000000)
  region size 2048K, 11 young (22528K), 0 survivors (0K)
 Metaspace       used 1721K, committed 1856K, reserved 1114112K
  class space    used 128K, committed 192K, reserved 1048576K
}
Event: 0.512 GC heap after
{Heap after GC invocations=1 (full 0):
 garbage-first heap   total 258048K, used 1695K [0x0000000705a00000, 0x0000000800000000)
  region size 2048K, 1 young (2048K), 1 survivors (2048K)
 Metaspace       used 1721K, committed 1856K, reserved 1114112K
  class space    used 128K, committed 192K, reserved 1048576K
}

Dll operation events (20 events):
Event: 0.334 Loaded shared library C:\Program Files (x86)\Windows Kits\10\Redist\ucrt\DLLs\x64\api-ms-win-core-rtlsupport-l1-1-0.dll
Event: 0.341 Loaded shared library C:\Program Files (x86)\Windows Kits\10\Redist\ucrt\DLLs\x64\api-ms-win-core-processthreads-l1-1-1.dll
Event: 0.348 Loaded shared library C:\Program Files (x86)\Windows Kits\10\Redist\ucrt\DLLs\x64\api-ms-win-core-file-l1-2-0.dll
Event: 0.356 Loaded shared library C:\Program Files (x86)\Windows Kits\10\Redist\ucrt\DLLs\x64\api-ms-win-core-profile-l1-1-0.dll
Event: 0.366 Loaded shared library C:\Program Files (x86)\Windows Kits\10\Redist\ucrt\DLLs\x64\api-ms-win-core-memory-l1-1-0.dll
Event: 0.374 Loaded shared library C:\Program Files (x86)\Windows Kits\10\Redist\ucrt\DLLs\x64\api-ms-win-core-util-l1-1-0.dll
Event: 0.383 Loaded shared library C:\Program Files (x86)\Windows Kits\10\Redist\ucrt\DLLs\x64\api-ms-win-core-interlocked-l1-1-0.dll
Event: 0.391 Loaded shared library C:\Program Files (x86)\Windows Kits\10\Redist\ucrt\DLLs\x64\ucrtbase.dll
Event: 0.398 Loaded shared library C:\Users\luczu\.jdks\corretto-17.0.10\bin\vcruntime140.dll
Event: 0.406 Loaded shared library C:\Users\luczu\.jdks\corretto-17.0.10\bin\vcruntime140_1.dll
Event: 0.414 Loaded shared library C:\Users\luczu\.jdks\corretto-17.0.10\bin\msvcp140.dll
Event: 0.423 Loaded shared library C:\Windows\System32\msvcp140_1.dll
Event: 0.432 Loaded shared library C:\Windows\System32\concrt140.dll
Event: 0.442 Loaded shared library C:\Windows\System32\vcomp140.dll
Event: 0.468 Loaded shared library C:\Windows\System32\winmm.dll
Event: 0.471 Loaded shared library C:\Windows\System32\opengl32.dll
Event: 0.473 Loaded shared library C:\Windows\System32\user32.dll
Event: 0.474 Loaded shared library C:\Windows\System32\shell32.dll
Event: 0.476 Loaded shared library C:\Windows\System32\gdi32.dll
Event: 0.500 Loaded shared library C:\Users\luczu\.javacpp\cache\jaylib-4.5.0-0.jar\com\raylib\windows-x86_64\jniRaylib.dll

Deoptimization events (20 events):
Event: 0.255 Thread 0x0000028497c1a1b0 DEOPT PACKING pc=0x00000284a8b1a334 sp=0x000000f5a85fd1f0
Event: 0.255 Thread 0x0000028497c1a1b0 DEOPT UNPACKING pc=0x00000284a83fa1a3 sp=0x000000f5a85fd178 mode 2
Event: 0.451 Thread 0x0000028497c1a1b0 Uncommon trap: trap_request=0xffffff45 fr.pc=0x00000284a8b113dc relative=0x00000000000001bc
Event: 0.451 Thread 0x0000028497c1a1b0 Uncommon trap: reason=unstable_if action=reinterpret pc=0x00000284a8b113dc method=java.io.WinNTFileSystem.normalize(Ljava/lang/String;)Ljava/lang/String; @ 128 c2
Event: 0.451 Thread 0x0000028497c1a1b0 DEOPT PACKING pc=0x00000284a8b113dc sp=0x000000f5a85fd3f0
Event: 0.451 Thread 0x0000028497c1a1b0 DEOPT UNPACKING pc=0x00000284a83fa1a3 sp=0x000000f5a85fd378 mode 2
Event: 0.457 Thread 0x0000028497c1a1b0 Uncommon trap: trap_request=0xffffff45 fr.pc=0x00000284a8b14da4 relative=0x0000000000000184
Event: 0.458 Thread 0x0000028497c1a1b0 Uncommon trap: reason=unstable_if action=reinterpret pc=0x00000284a8b14da4 method=sun.net.www.ParseUtil.firstEncodeIndex(Ljava/lang/String;)I @ 51 c2
Event: 0.458 Thread 0x0000028497c1a1b0 DEOPT PACKING pc=0x00000284a8b14da4 sp=0x000000f5a85fd600
Event: 0.458 Thread 0x0000028497c1a1b0 DEOPT UNPACKING pc=0x00000284a83fa1a3 sp=0x000000f5a85fd588 mode 2
Event: 0.458 Thread 0x0000028497c1a1b0 Uncommon trap: trap_request=0xffffff45 fr.pc=0x00000284a8b32644 relative=0x0000000000001324
Event: 0.458 Thread 0x0000028497c1a1b0 Uncommon trap: reason=unstable_if action=reinterpret pc=0x00000284a8b32644 method=java.net.URL.<init>(Ljava/net/URL;Ljava/lang/String;Ljava/net/URLStreamHandler;)V @ 273 c2
Event: 0.458 Thread 0x0000028497c1a1b0 DEOPT PACKING pc=0x00000284a8b32644 sp=0x000000f5a85fd540
Event: 0.458 Thread 0x0000028497c1a1b0 DEOPT UNPACKING pc=0x00000284a83fa1a3 sp=0x000000f5a85fd4d0 mode 2
Event: 0.509 Thread 0x0000028497c1a1b0 DEOPT PACKING pc=0x00000284a10431c8 sp=0x000000f5a85fbc80
Event: 0.509 Thread 0x0000028497c1a1b0 DEOPT UNPACKING pc=0x00000284a83face3 sp=0x000000f5a85fb198 mode 0
Event: 0.516 Thread 0x0000028497c1a1b0 Uncommon trap: trap_request=0xffffff45 fr.pc=0x00000284a8b21a60 relative=0x00000000000000e0
Event: 0.516 Thread 0x0000028497c1a1b0 Uncommon trap: reason=unstable_if action=reinterpret pc=0x00000284a8b21a60 method=java.lang.ref.SoftReference.get()Ljava/lang/Object; @ 17 c2
Event: 0.516 Thread 0x0000028497c1a1b0 DEOPT PACKING pc=0x00000284a8b21a60 sp=0x000000f5a85fbd60
Event: 0.516 Thread 0x0000028497c1a1b0 DEOPT UNPACKING pc=0x00000284a83fa1a3 sp=0x000000f5a85fbd18 mode 2

Classes unloaded (0 events):
No events

Classes redefined (0 events):
No events

Internal exceptions (7 events):
Event: 0.092 Thread 0x0000028497c1a1b0 Exception <a 'java/lang/NoSuchMethodError'{0x00000007152073a8}: 'int java.lang.invoke.DirectMethodHandle$Holder.invokeStaticInit(java.lang.Object, java.lang.Object, java.lang.Object, java.lang.Object)'> (0x00000007152073a8) 
thrown [s\src\hotspot\share\interpreter\linkResolver.cpp, line 759]
Event: 0.093 Thread 0x0000028497c1a1b0 Exception <a 'java/lang/NoSuchMethodError'{0x00000007152120b8}: 'java.lang.Object java.lang.invoke.DirectMethodHandle$Holder.invokeInterface(java.lang.Object, java.lang.Object)'> (0x00000007152120b8) 
thrown [s\src\hotspot\share\interpreter\linkResolver.cpp, line 759]
Event: 0.094 Thread 0x0000028497c1a1b0 Exception <a 'java/lang/IncompatibleClassChangeError'{0x00000007152157d0}: Found class java.lang.Object, but interface was expected> (0x00000007152157d0) 
thrown [s\src\hotspot\share\interpreter\linkResolver.cpp, line 826]
Event: 0.095 Thread 0x0000028497c1a1b0 Exception <a 'java/lang/NoSuchMethodError'{0x0000000715218978}: 'void java.lang.invoke.DirectMethodHandle$Holder.invokeStatic(java.lang.Object, java.lang.Object)'> (0x0000000715218978) 
thrown [s\src\hotspot\share\interpreter\linkResolver.cpp, line 759]
Event: 0.095 Thread 0x0000028497c1a1b0 Exception <a 'java/lang/NoSuchMethodError'{0x000000071521bfe8}: 'void java.lang.invoke.DirectMethodHandle$Holder.invokeStaticInit(java.lang.Object, java.lang.Object)'> (0x000000071521bfe8) 
thrown [s\src\hotspot\share\interpreter\linkResolver.cpp, line 759]
Event: 0.096 Thread 0x0000028497c1a1b0 Exception <a 'java/lang/NoSuchMethodError'{0x00000007152226f0}: 'int java.lang.invoke.DirectMethodHandle$Holder.invokeStaticInit(java.lang.Object, java.lang.Object)'> (0x00000007152226f0) 
thrown [s\src\hotspot\share\interpreter\linkResolver.cpp, line 759]
Event: 0.495 Thread 0x0000028497c1a1b0 Exception <a 'java/lang/NoSuchMethodError'{0x00000007141ba888}: 'java.lang.Object java.lang.invoke.DirectMethodHandle$Holder.invokeStatic(java.lang.Object, int, java.lang.Object)'> (0x00000007141ba888) 
thrown [s\src\hotspot\share\interpreter\linkResolver.cpp, line 759]

VM Operations (10 events):
Event: 0.068 Executing VM operation: HandshakeAllThreads
Event: 0.068 Executing VM operation: HandshakeAllThreads done
Event: 0.132 Executing VM operation: HandshakeAllThreads
Event: 0.132 Executing VM operation: HandshakeAllThreads done
Event: 0.509 Executing VM operation: G1CollectForAllocation
Event: 0.512 Executing VM operation: G1CollectForAllocation done
Event: 1.517 Executing VM operation: Cleanup
Event: 1.517 Executing VM operation: Cleanup done
Event: 5.518 Executing VM operation: Cleanup
Event: 5.518 Executing VM operation: Cleanup done

Events (20 events):
Event: 0.492 loading class java/time/DayOfWeek
Event: 0.492 loading class java/time/DayOfWeek done
Event: 0.492 loading class java/time/zone/ZoneOffsetTransitionRule$TimeDefinition
Event: 0.492 loading class java/time/zone/ZoneOffsetTransitionRule$TimeDefinition done
Event: 0.493 loading class java/time/zone/ZoneOffsetTransition
Event: 0.493 loading class java/time/zone/ZoneOffsetTransition done
Event: 0.494 loading class java/time/temporal/TemporalAdjusters
Event: 0.494 loading class java/time/temporal/TemporalAdjusters done
Event: 0.497 loading class java/time/zone/ZoneOffsetTransitionRule$1
Event: 0.497 loading class java/time/zone/ZoneOffsetTransitionRule$1 done
Event: 0.498 loading class java/util/concurrent/TimeUnit$1
Event: 0.498 loading class java/util/concurrent/TimeUnit$1 done
Event: 1.198 Thread 0x00000284840877f0 Thread exited: 0x00000284840877f0
Event: 1.198 Thread 0x0000028484087d10 Thread exited: 0x0000028484087d10
Event: 1.199 Thread 0x00000284ff3eb740 Thread exited: 0x00000284ff3eb740
Event: 1.199 Thread 0x00000284ff42f870 Thread exited: 0x00000284ff42f870
Event: 2.583 Thread 0x00000284bd5dd6f0 Thread exited: 0x00000284bd5dd6f0
Event: 3.445 loading class jdk/internal/math/FDBigInteger
Event: 3.445 loading class jdk/internal/math/FDBigInteger done
Event: 3.967 Thread 0x00000284bd5d8db0 Thread exited: 0x00000284bd5d8db0


Dynamic libraries:
0x00007ff68c020000 - 0x00007ff68c02e000 	C:\Users\luczu\.jdks\corretto-17.0.10\bin\java.exe
0x00007ffff0ef0000 - 0x00007ffff1107000 	C:\WINDOWS\SYSTEM32\ntdll.dll
0x00007fffeefc0000 - 0x00007fffef084000 	C:\WINDOWS\System32\KERNEL32.DLL
0x00007fffee570000 - 0x00007fffee916000 	C:\WINDOWS\System32\KERNELBASE.dll
0x00007fffee980000 - 0x00007fffeea91000 	C:\WINDOWS\System32\ucrtbase.dll
0x00007fff50850000 - 0x00007fff50867000 	C:\Users\luczu\.jdks\corretto-17.0.10\bin\jli.dll
0x00007fff1a050000 - 0x00007fff1a06b000 	C:\Users\luczu\.jdks\corretto-17.0.10\bin\VCRUNTIME140.dll
0x00007fffeedf0000 - 0x00007fffeef9e000 	C:\WINDOWS\System32\USER32.dll
0x00007fffee950000 - 0x00007fffee976000 	C:\WINDOWS\System32\win32u.dll
0x00007fffef5e0000 - 0x00007fffef609000 	C:\WINDOWS\System32\GDI32.dll
0x00007fffcbbc0000 - 0x00007fffcbe53000 	C:\WINDOWS\WinSxS\amd64_microsoft.windows.common-controls_6595b64144ccf1df_6.0.22621.2506_none_270c5ae97388e100\COMCTL32.dll
0x00007fffeeb20000 - 0x00007fffeec38000 	C:\WINDOWS\System32\gdi32full.dll
0x00007fffef370000 - 0x00007fffef417000 	C:\WINDOWS\System32\msvcrt.dll
0x00007fffee360000 - 0x00007fffee3fa000 	C:\WINDOWS\System32\msvcp_win.dll
0x00007fffefe30000 - 0x00007fffefe61000 	C:\WINDOWS\System32\IMM32.DLL
0x00007fff732e0000 - 0x00007fff732ec000 	C:\Users\luczu\.jdks\corretto-17.0.10\bin\vcruntime140_1.dll
0x00007fff18d00000 - 0x00007fff18d8d000 	C:\Users\luczu\.jdks\corretto-17.0.10\bin\msvcp140.dll
0x00007fff15c80000 - 0x00007fff168e2000 	C:\Users\luczu\.jdks\corretto-17.0.10\bin\server\jvm.dll
0x00007fffef9a0000 - 0x00007fffefa53000 	C:\WINDOWS\System32\ADVAPI32.dll
0x00007fffefd80000 - 0x00007fffefe28000 	C:\WINDOWS\System32\sechost.dll
0x00007fffee920000 - 0x00007fffee948000 	C:\WINDOWS\System32\bcrypt.dll
0x00007fffef250000 - 0x00007fffef367000 	C:\WINDOWS\System32\RPCRT4.dll
0x00007fffe5500000 - 0x00007fffe5509000 	C:\WINDOWS\SYSTEM32\WSOCK32.dll
0x00007fffed0c0000 - 0x00007fffed10d000 	C:\WINDOWS\SYSTEM32\POWRPROF.dll
0x00007fffefe70000 - 0x00007fffefee1000 	C:\WINDOWS\System32\WS2_32.dll
0x00007fffe3270000 - 0x00007fffe32a4000 	C:\WINDOWS\SYSTEM32\WINMM.dll
0x00007fffe3fe0000 - 0x00007fffe3fea000 	C:\WINDOWS\SYSTEM32\VERSION.dll
0x00007fffed0a0000 - 0x00007fffed0b3000 	C:\WINDOWS\SYSTEM32\UMPDC.dll
0x00007fffed360000 - 0x00007fffed378000 	C:\WINDOWS\SYSTEM32\kernel.appcore.dll
0x00007fff6d340000 - 0x00007fff6d34a000 	C:\Users\luczu\.jdks\corretto-17.0.10\bin\jimage.dll
0x00007fffeb8b0000 - 0x00007fffebae3000 	C:\WINDOWS\SYSTEM32\DBGHELP.DLL
0x00007fffef610000 - 0x00007fffef999000 	C:\WINDOWS\System32\combase.dll
0x00007fffefb30000 - 0x00007fffefc07000 	C:\WINDOWS\System32\OLEAUT32.dll
0x00007fffd17f0000 - 0x00007fffd1822000 	C:\WINDOWS\SYSTEM32\dbgcore.DLL
0x00007fffeeaa0000 - 0x00007fffeeb1a000 	C:\WINDOWS\System32\bcryptPrimitives.dll
0x00007fff18cd0000 - 0x00007fff18cf5000 	C:\Users\luczu\.jdks\corretto-17.0.10\bin\java.dll
0x00007fff15ba0000 - 0x00007fff15c77000 	C:\Users\luczu\.jdks\corretto-17.0.10\bin\jsvml.dll
0x00007ffff0510000 - 0x00007ffff0d6b000 	C:\WINDOWS\System32\SHELL32.dll
0x00007fffec150000 - 0x00007fffeca46000 	C:\WINDOWS\SYSTEM32\windows.storage.dll
0x00007fffec010000 - 0x00007fffec14e000 	C:\WINDOWS\SYSTEM32\wintypes.dll
0x00007fffef090000 - 0x00007fffef183000 	C:\WINDOWS\System32\SHCORE.dll
0x00007fffef1f0000 - 0x00007fffef24e000 	C:\WINDOWS\System32\shlwapi.dll
0x00007fffee160000 - 0x00007fffee186000 	C:\WINDOWS\SYSTEM32\profapi.dll
0x00007fff159b0000 - 0x00007fff159c9000 	C:\Users\luczu\.jdks\corretto-17.0.10\bin\net.dll
0x00007fffe48f0000 - 0x00007fffe4a27000 	C:\WINDOWS\SYSTEM32\WINHTTP.dll
0x00007fffed7e0000 - 0x00007fffed849000 	C:\WINDOWS\system32\mswsock.dll
0x00007fff15990000 - 0x00007fff159a6000 	C:\Users\luczu\.jdks\corretto-17.0.10\bin\nio.dll
0x00007fff18cb0000 - 0x00007fff18cc8000 	C:\Users\luczu\.jdks\corretto-17.0.10\bin\zip.dll
0x00000284bd9b0000 - 0x00000284bd9b3000 	C:\Program Files (x86)\Windows Kits\10\Redist\ucrt\DLLs\x64\api-ms-win-crt-locale-l1-1-0.dll
0x00000284bd9c0000 - 0x00000284bd9c4000 	C:\Program Files (x86)\Windows Kits\10\Redist\ucrt\DLLs\x64\api-ms-win-crt-string-l1-1-0.dll
0x00000284bd9d0000 - 0x00000284bd9d4000 	C:\Program Files (x86)\Windows Kits\10\Redist\ucrt\DLLs\x64\api-ms-win-crt-stdio-l1-1-0.dll
0x00000284bd9e0000 - 0x00000284bd9e5000 	C:\Program Files (x86)\Windows Kits\10\Redist\ucrt\DLLs\x64\api-ms-win-crt-math-l1-1-0.dll
0x00000284bd9f0000 - 0x00000284bd9f3000 	C:\Program Files (x86)\Windows Kits\10\Redist\ucrt\DLLs\x64\api-ms-win-crt-heap-l1-1-0.dll
0x00000284bda00000 - 0x00000284bda04000 	C:\Program Files (x86)\Windows Kits\10\Redist\ucrt\DLLs\x64\api-ms-win-crt-runtime-l1-1-0.dll
0x00000284bda10000 - 0x00000284bda14000 	C:\Program Files (x86)\Windows Kits\10\Redist\ucrt\DLLs\x64\api-ms-win-crt-convert-l1-1-0.dll
0x00000284bda20000 - 0x00000284bda23000 	C:\Program Files (x86)\Windows Kits\10\Redist\ucrt\DLLs\x64\api-ms-win-crt-environment-l1-1-0.dll
0x00000284bda30000 - 0x00000284bda33000 	C:\Program Files (x86)\Windows Kits\10\Redist\ucrt\DLLs\x64\api-ms-win-crt-time-l1-1-0.dll
0x00000284bda40000 - 0x00000284bda43000 	C:\Program Files (x86)\Windows Kits\10\Redist\ucrt\DLLs\x64\api-ms-win-crt-filesystem-l1-1-0.dll
0x00000284bda50000 - 0x00000284bda53000 	C:\Program Files (x86)\Windows Kits\10\Redist\ucrt\DLLs\x64\api-ms-win-crt-utility-l1-1-0.dll
0x00000284bda60000 - 0x00000284bda65000 	C:\Program Files (x86)\Windows Kits\10\Redist\ucrt\DLLs\x64\api-ms-win-crt-multibyte-l1-1-0.dll
0x00000284bda70000 - 0x00000284bda73000 	C:\Program Files (x86)\Windows Kits\10\Redist\ucrt\DLLs\x64\api-ms-win-crt-conio-l1-1-0.dll
0x00000284bda80000 - 0x00000284bda8f000 	C:\Program Files (x86)\Windows Kits\10\Redist\ucrt\DLLs\x64\api-ms-win-crt-private-l1-1-0.dll
0x00000284bda90000 - 0x00000284bda93000 	C:\Program Files (x86)\Windows Kits\10\Redist\ucrt\DLLs\x64\api-ms-win-crt-process-l1-1-0.dll
0x00000284bdaa0000 - 0x00000284bdaa3000 	C:\Program Files\Microsoft\jdk-11.0.12.7-hotspot\bin\api-ms-win-core-console-l1-2-0.dll
0x00000284bdab0000 - 0x00000284bdab3000 	C:\Program Files (x86)\Windows Kits\10\Redist\ucrt\DLLs\x64\api-ms-win-core-string-l1-1-0.dll
0x00000284bdac0000 - 0x00000284bdac3000 	C:\Program Files (x86)\Windows Kits\10\Redist\ucrt\DLLs\x64\api-ms-win-core-errorhandling-l1-1-0.dll
0x00000284bdad0000 - 0x00000284bdad3000 	C:\Program Files (x86)\Windows Kits\10\Redist\ucrt\DLLs\x64\api-ms-win-core-timezone-l1-1-0.dll
0x00000284bdae0000 - 0x00000284bdae4000 	C:\Program Files (x86)\Windows Kits\10\Redist\ucrt\DLLs\x64\api-ms-win-core-file-l1-1-0.dll
0x00000284bdaf0000 - 0x00000284bdaf3000 	C:\Program Files (x86)\Windows Kits\10\Redist\ucrt\DLLs\x64\api-ms-win-core-namedpipe-l1-1-0.dll
0x00000284bdb00000 - 0x00000284bdb03000 	C:\Program Files (x86)\Windows Kits\10\Redist\ucrt\DLLs\x64\api-ms-win-core-handle-l1-1-0.dll
0x00000284bdb10000 - 0x00000284bdb13000 	C:\Program Files (x86)\Windows Kits\10\Redist\ucrt\DLLs\x64\api-ms-win-core-file-l2-1-0.dll
0x00000284bdb20000 - 0x00000284bdb23000 	C:\Program Files (x86)\Windows Kits\10\Redist\ucrt\DLLs\x64\api-ms-win-core-heap-l1-1-0.dll
0x00000284bdb30000 - 0x00000284bdb33000 	C:\Program Files (x86)\Windows Kits\10\Redist\ucrt\DLLs\x64\api-ms-win-core-libraryloader-l1-1-0.dll
0x00000284bdb40000 - 0x00000284bdb43000 	C:\Program Files (x86)\Windows Kits\10\Redist\ucrt\DLLs\x64\api-ms-win-core-synch-l1-1-0.dll
0x00000284bdb50000 - 0x00000284bdb53000 	C:\Program Files (x86)\Windows Kits\10\Redist\ucrt\DLLs\x64\api-ms-win-core-processthreads-l1-1-0.dll
0x00000284bdb60000 - 0x00000284bdb63000 	C:\Program Files (x86)\Windows Kits\10\Redist\ucrt\DLLs\x64\api-ms-win-core-processenvironment-l1-1-0.dll
0x00000284bdb70000 - 0x00000284bdb73000 	C:\Program Files (x86)\Windows Kits\10\Redist\ucrt\DLLs\x64\api-ms-win-core-datetime-l1-1-0.dll
0x00000284bdb80000 - 0x00000284bdb83000 	C:\Program Files (x86)\Windows Kits\10\Redist\ucrt\DLLs\x64\api-ms-win-core-localization-l1-2-0.dll
0x00000284bdb90000 - 0x00000284bdb93000 	C:\Program Files (x86)\Windows Kits\10\Redist\ucrt\DLLs\x64\api-ms-win-core-sysinfo-l1-1-0.dll
0x00000284bdba0000 - 0x00000284bdba3000 	C:\Program Files (x86)\Windows Kits\10\Redist\ucrt\DLLs\x64\api-ms-win-core-synch-l1-2-0.dll
0x00000284bdbb0000 - 0x00000284bdbb3000 	C:\Program Files (x86)\Windows Kits\10\Redist\ucrt\DLLs\x64\api-ms-win-core-console-l1-1-0.dll
0x00000284bdbc0000 - 0x00000284bdbc3000 	C:\Program Files (x86)\Windows Kits\10\Redist\ucrt\DLLs\x64\api-ms-win-core-debug-l1-1-0.dll
0x00000284bdbd0000 - 0x00000284bdbd3000 	C:\Program Files (x86)\Windows Kits\10\Redist\ucrt\DLLs\x64\api-ms-win-core-rtlsupport-l1-1-0.dll
0x00000284bdbe0000 - 0x00000284bdbe3000 	C:\Program Files (x86)\Windows Kits\10\Redist\ucrt\DLLs\x64\api-ms-win-core-processthreads-l1-1-1.dll
0x00000284bdbf0000 - 0x00000284bdbf3000 	C:\Program Files (x86)\Windows Kits\10\Redist\ucrt\DLLs\x64\api-ms-win-core-file-l1-2-0.dll
0x00000284bdc00000 - 0x00000284bdc03000 	C:\Program Files (x86)\Windows Kits\10\Redist\ucrt\DLLs\x64\api-ms-win-core-profile-l1-1-0.dll
0x00000284bdc10000 - 0x00000284bdc13000 	C:\Program Files (x86)\Windows Kits\10\Redist\ucrt\DLLs\x64\api-ms-win-core-memory-l1-1-0.dll
0x00000284bdc20000 - 0x00000284bdc23000 	C:\Program Files (x86)\Windows Kits\10\Redist\ucrt\DLLs\x64\api-ms-win-core-util-l1-1-0.dll
0x00000284bdc30000 - 0x00000284bdc33000 	C:\Program Files (x86)\Windows Kits\10\Redist\ucrt\DLLs\x64\api-ms-win-core-interlocked-l1-1-0.dll
0x00007fffbd910000 - 0x00007fffbda02000 	C:\Program Files (x86)\Windows Kits\10\Redist\ucrt\DLLs\x64\ucrtbase.dll
0x00007fffe6f40000 - 0x00007fffe6f49000 	C:\Windows\System32\msvcp140_1.dll
0x00007fffc3c10000 - 0x00007fffc3c5e000 	C:\Windows\System32\concrt140.dll
0x00007fffb9710000 - 0x00007fffb9741000 	C:\Windows\System32\vcomp140.dll
0x00007fffc4ac0000 - 0x00007fffc4bc0000 	C:\Windows\System32\opengl32.dll
0x00007fffc4a90000 - 0x00007fffc4abd000 	C:\WINDOWS\SYSTEM32\GLU32.dll
0x00007fffeb470000 - 0x00007fffeb4a9000 	C:\WINDOWS\SYSTEM32\dxcore.dll
0x00007fff94ff0000 - 0x00007fff9520d000 	C:\Users\luczu\.javacpp\cache\jaylib-4.5.0-0.jar\com\raylib\windows-x86_64\jniRaylib.dll
0x00007fff4f880000 - 0x00007fff4f8c6000 	C:\WINDOWS\SYSTEM32\dinput8.dll
0x00007fffb7970000 - 0x00007fffb7981000 	C:\WINDOWS\SYSTEM32\xinput1_4.dll
0x00007fffedf20000 - 0x00007fffedf6e000 	C:\WINDOWS\SYSTEM32\cfgmgr32.dll
0x00007fffedef0000 - 0x00007fffedf1c000 	C:\WINDOWS\SYSTEM32\DEVOBJ.dll
0x00007fffeb5e0000 - 0x00007fffeb60b000 	C:\WINDOWS\SYSTEM32\dwmapi.dll
0x00007fffccb50000 - 0x00007fffccd5a000 	C:\WINDOWS\SYSTEM32\inputhost.dll
0x00007fffe8710000 - 0x00007fffe8844000 	C:\WINDOWS\SYSTEM32\CoreMessaging.dll
0x00007fffe8b80000 - 0x00007fffe8c2b000 	C:\WINDOWS\system32\uxtheme.dll
0x00007fffefc20000 - 0x00007fffefd71000 	C:\WINDOWS\System32\MSCTF.dll
0x00007fffeda50000 - 0x00007fffeda5c000 	C:\WINDOWS\SYSTEM32\CRYPTBASE.DLL
0x00007fffeca50000 - 0x00007fffeca5e000 	C:\WINDOWS\SYSTEM32\HID.DLL
0x00007fffefef0000 - 0x00007ffff0364000 	C:\WINDOWS\System32\SETUPAPI.DLL
0x00007fffee230000 - 0x00007fffee29b000 	C:\WINDOWS\System32\WINTRUST.dll
0x00007fffee400000 - 0x00007fffee566000 	C:\WINDOWS\System32\CRYPT32.dll
0x00007fffeded0000 - 0x00007fffedee2000 	C:\WINDOWS\SYSTEM32\MSASN1.dll
0x00007fffe5a30000 - 0x00007fffe5a7a000 	C:\WINDOWS\SYSTEM32\directxdatabasehelper.dll
0x00007ffff0400000 - 0x00007ffff04b0000 	C:\WINDOWS\System32\clbcatq.dll
0x00007ffedffb0000 - 0x00007ffee2ba0000 	C:\WINDOWS\System32\DriverStore\FileRepository\nvhm.inf_amd64_28ac5867493a0477\nvoglv64.dll
0x00007fffeec40000 - 0x00007fffeede0000 	C:\WINDOWS\System32\ole32.dll
0x00007fffed110000 - 0x00007fffed124000 	C:\WINDOWS\SYSTEM32\WTSAPI32.dll
0x00007fffd5790000 - 0x00007fffd57c2000 	C:\WINDOWS\SYSTEM32\cryptnet.dll
0x00007fffd57d0000 - 0x00007fffd5928000 	C:\WINDOWS\SYSTEM32\drvstore.dll
0x00007fffedae0000 - 0x00007fffedb2b000 	C:\WINDOWS\SYSTEM32\wldp.dll
0x00007ffff0d80000 - 0x00007ffff0d9f000 	C:\WINDOWS\System32\imagehlp.dll
0x00007fffeda30000 - 0x00007fffeda4b000 	C:\WINDOWS\SYSTEM32\CRYPTSP.dll
0x00007fffed2c0000 - 0x00007fffed2f5000 	C:\WINDOWS\system32\rsaenh.dll
0x00007fffed870000 - 0x00007fffed896000 	C:\WINDOWS\SYSTEM32\gpapi.dll
0x00007fffa3110000 - 0x00007fffa52fb000 	C:\WINDOWS\System32\DriverStore\FileRepository\nvhm.inf_amd64_28ac5867493a0477\nvgpucomp64.dll
0x00007fffed380000 - 0x00007fffed3b4000 	C:\WINDOWS\SYSTEM32\ntmarta.dll
0x00007fff5d720000 - 0x00007fff5d9e3000 	C:\WINDOWS\system32\nvspcap64.dll
0x00007fffeccb0000 - 0x00007fffecd16000 	C:\WINDOWS\SYSTEM32\WINSTA.dll

dbghelp: loaded successfully - version: 4.0.5 - missing functions: none
symbol engine: initialized successfully - sym options: 0x614 - pdb path: .;C:\Users\luczu\.jdks\corretto-17.0.10\bin;C:\WINDOWS\SYSTEM32;C:\WINDOWS\WinSxS\amd64_microsoft.windows.common-controls_6595b64144ccf1df_6.0.22621.2506_none_270c5ae97388e100;C:\Users\luczu\.jdks\corretto-17.0.10\bin\server;C:\Program Files (x86)\Windows Kits\10\Redist\ucrt\DLLs\x64;C:\Program Files\Microsoft\jdk-11.0.12.7-hotspot\bin;C:\Users\luczu\.javacpp\cache\jaylib-4.5.0-0.jar\com\raylib\windows-x86_64;C:\WINDOWS\System32\DriverStore\FileRepository\nvhm.inf_amd64_28ac5867493a0477;C:\WINDOWS\System32\DriverStore\FileRepository\iigd_dch.inf_amd64_0fdf6ce291234272

VM Arguments:
jvm_args: -Dfile.encoding=windows-1252 -Duser.country=NL -Duser.language=nl -Duser.variant 
java_command: PineVille.GameScene
java_class_path (initial): C:\Users\luczu\OneDrive\Documenten\PineVille\build\classes\java\main;C:\Users\luczu\OneDrive\Documenten\PineVille\build\resources\main;C:\Users\luczu\.gradle\caches\modules-2\files-2.1\uk.co.electronstudio.jaylib\jaylib\4.5.0-0\90c0d608df9bbd32f5f34683acc58cb433e94508\jaylib-4.5.0-0.jar
Launcher Type: SUN_STANDARD

[Global flags]
     intx CICompilerCount                          = 12                                        {product} {ergonomic}
     uint ConcGCThreads                            = 3                                         {product} {ergonomic}
     uint G1ConcRefinementThreads                  = 13                                        {product} {ergonomic}
   size_t G1HeapRegionSize                         = 2097152                                   {product} {ergonomic}
    uintx GCDrainStackTargetSize                   = 64                                        {product} {ergonomic}
   size_t InitialHeapSize                          = 264241152                                 {product} {ergonomic}
   size_t MarkStackSize                            = 4194304                                   {product} {ergonomic}
   size_t MaxHeapSize                              = 4200595456                                {product} {ergonomic}
   size_t MaxNewSize                               = 2518679552                                {product} {ergonomic}
   size_t MinHeapDeltaBytes                        = 2097152                                   {product} {ergonomic}
   size_t MinHeapSize                              = 8388608                                   {product} {ergonomic}
    uintx NonNMethodCodeHeapSize                   = 7602480                                {pd product} {ergonomic}
    uintx NonProfiledCodeHeapSize                  = 122027880                              {pd product} {ergonomic}
    uintx ProfiledCodeHeapSize                     = 122027880                              {pd product} {ergonomic}
    uintx ReservedCodeCacheSize                    = 251658240                              {pd product} {ergonomic}
     bool SegmentedCodeCache                       = true                                      {product} {ergonomic}
   size_t SoftMaxHeapSize                          = 4200595456                             {manageable} {ergonomic}
     bool UseCompressedClassPointers               = true                           {product lp64_product} {ergonomic}
     bool UseCompressedOops                        = true                           {product lp64_product} {ergonomic}
     bool UseG1GC                                  = true                                      {product} {ergonomic}
     bool UseLargePagesIndividualAllocation        = false                                  {pd product} {ergonomic}

Logging:
Log output configuration:
 #0: stdout all=warning uptime,level,tags
 #1: stderr all=off uptime,level,tags

Environment Variables:
PATH=C:\Program Files (x86)\Common Files\Intel\Shared Libraries\redist\intel64\compiler;C:\Program Files\Common Files\Oracle\Java\javapath;C:\Program Files\Microsoft\jdk-11.0.12.7-hotspot\bin;C:\windows\system32;C:\windows;C:\windows\System32\Wbem;C:\windows\System32\WindowsPowerShell\v1.0\;C:\windows\System32\OpenSSH\;C:\Program Files (x86)\NVIDIA Corporation\PhysX\Common;C:\Program Files\NVIDIA Corporation\NVIDIA NvDLISR;C:\Program Files\Microsoft SQL Server\150\Tools\Binn\;C:\Program Files\Microsoft SQL Server\Client SDK\ODBC\170\Tools\Binn\;C:\Program Files\dotnet\;C:\WINDOWS\system32;C:\WINDOWS;C:\WINDOWS\System32\Wbem;C:\WINDOWS\System32\WindowsPowerShell\v1.0\;C:\WINDOWS\System32\OpenSSH\;C:\Program Files\CMake\bin;C:\Program Files\Git\cmd;C:\Users\luczu\AppData\Local\Microsoft\WindowsApps;C:\Users\luczu\.dotnet\tools;C:\Users\luczu\AppData\Local\GitHubDesktop\bin;;C:\Users\luczu\AppData\Local\Programs\Microsoft VS Code\bin
USERNAME=luczu
OS=Windows_NT
PROCESSOR_IDENTIFIER=Intel64 Family 6 Model 141 Stepping 1, GenuineIntel
TMP=C:\Users\luczu\AppData\Local\Temp
TEMP=C:\Users\luczu\AppData\Local\Temp



Periodic native trim disabled


---------------  S Y S T E M  ---------------

OS:
 Windows 11 , 64 bit Build 22621 (10.0.22621.3085)
OS uptime: 0 days 0:45 hours
Hyper-V role detected

CPU: total 16 (initial active 16) (8 cores per cpu, 2 threads per core) family 6 model 141 stepping 1 microcode 0x4e, cx8, cmov, fxsr, ht, mmx, 3dnowpref, sse, sse2, sse3, ssse3, sse4.1, sse4.2, popcnt, lzcnt, tsc, tscinvbit, avx, avx2, aes, erms, clmul, bmi1, bmi2, adx, avx512f, avx512dq, avx512cd, avx512bw, avx512vl, sha, fma, vzeroupper, avx512_vpopcntdq, avx512_vpclmulqdq, avx512_vaes, avx512_vnni, clflush, clflushopt, clwb, avx512_vbmi2, avx512_vbmi, hv
Processor Information for all 16 processors :
  Max Mhz: 2304, Current Mhz: 2304, Mhz Limit: 2304

Memory: 4k page, system-wide physical 16021M (3259M free)
TotalPageFile size 33429M (AvailPageFile size 13562M)
current process WorkingSet (physical memory assigned to process): 122M, peak: 208M
current process commit charge ("private bytes"): 501M, peak: 626M

vm_info: OpenJDK 64-Bit Server VM (17.0.10+7-LTS) for windows-amd64 JRE (17.0.10+7-LTS), built on Jan 10 2024 22:11:07 by "Administrator" with MS VC++ 16.10 / 16.11 (VS2019)

END.
