#
# A fatal error has been detected by the Java Runtime Environment:
#
#  EXCEPTION_ACCESS_VIOLATION (0xc0000005) at pc=0x0000000000000000, pid=2004, tid=32064
#
# JRE version: OpenJDK Runtime Environment Corretto-17.0.10.7.1 (17.0.10+7) (build 17.0.10+7-LTS)
# Java VM: OpenJDK 64-Bit Server VM Corretto-17.0.10.7.1 (17.0.10+7-LTS, mixed mode, sharing, tiered, compressed oops, compressed class ptrs, g1 gc, windows-amd64)
# Problematic frame:
# C  [jniRaylib.dll+0xdcb37]
#
# No core dump will be written. Minidumps are not enabled by default on client versions of Windows
#
# If you would like to submit a bug report, please visit:
#   https://github.com/corretto/corretto-17/issues/
# The crash happened outside the Java Virtual Machine in native code.
# See problematic frame for where to report the bug.
#

---------------  S U M M A R Y ------------

Command Line: -Dfile.encoding=windows-1252 -Duser.country=NL -Duser.language=nl -Duser.variant PineVille.GameScene

Host: 11th Gen Intel(R) Core(TM) i7-11800H @ 2.30GHz, 16 cores, 15G,  Windows 11 , 64 bit Build 22621 (10.0.22621.2506)
Time: Wed Feb 14 11:13:07 2024 West-Europa (standaardtijd) elapsed time: 0.526831 seconds (0d 0h 0m 0s)

---------------  T H R E A D  ---------------

Current thread (0x0000021cd832ab00):  JavaThread "main" [_thread_in_native, id=32064, stack(0x0000005c71f00000,0x0000005c72000000)]

Stack: [0x0000005c71f00000,0x0000005c72000000],  sp=0x0000005c71ffefb0,  free space=1019k
Native frames: (J=compiled Java code, j=interpreted, Vv=VM code, C=native code)

Java frames: (J=compiled Java code, j=interpreted, Vv=VM code)
j  com.raylib.Raylib.LoadTexture(Ljava/lang/String;)Lcom/raylib/Raylib$Texture;+0
j  PineVille.GameScene.main([Ljava/lang/String;)V+10
v  ~StubRoutines::call_stub

siginfo: EXCEPTION_ACCESS_VIOLATION (0xc0000005), data execution prevention violation at address 0x0000000000000000


Registers:
RAX=0x0000eff821f01291, RBX=0x0000000000000007, RCX=0x0000000000000de1, RDX=0x0000000000000000
RSP=0x0000005c71ffefa8, RBP=0x0000000000000007, RSI=0x0000000000000020, RDI=0x0000000000000020
R8 =0x0000000000000020, R9 =0x0000000000000007, R10=0x0000021cd80a1800, R11=0x0000005c71ffefe0
R12=0x0000000000000000, R13=0x0000021cfd8d9d90, R14=0x0000000000000020, R15=0x0000021cd832ab00
RIP=0x0000000000000000, EFLAGS=0x0000000000010246


Register to memory mapping:

RIP=0x0 is NULL
RAX=0x0000eff821f01291 is an unknown value
RBX=0x0000000000000007 is an unknown value
RCX=0x0000000000000de1 is an unknown value
RDX=0x0 is NULL
RSP=0x0000005c71ffefa8 is pointing into the stack for thread: 0x0000021cd832ab00
RBP=0x0000000000000007 is an unknown value
RSI=0x0000000000000020 is an unknown value
RDI=0x0000000000000020 is an unknown value
R8 =0x0000000000000020 is an unknown value
R9 =0x0000000000000007 is an unknown value
R10=0x0000021cd80a1800 points into unknown readable memory: 0x0000021cd80a0cc0 | c0 0c 0a d8 1c 02 00 00
R11=0x0000005c71ffefe0 is pointing into the stack for thread: 0x0000021cd832ab00
R12=0x0 is NULL
R13=0x0000021cfd8d9d90 points into unknown readable memory: 0x0000000000000000 | 00 00 00 00 00 00 00 00
R14=0x0000000000000020 is an unknown value
R15=0x0000021cd832ab00 is a thread


Top of Stack: (sp=0x0000005c71ffefa8)
0x0000005c71ffefa8:   00007ffa3513cb37 0000000000000000
0x0000005c71ffefb8:   0000000000000000 0000000000000000
0x0000005c71ffefc8:   00007ffb4f39480e 0000021cfea910e0
0x0000005c71ffefd8:   0000005c71fff160 0000021cd832ab00
0x0000005c71ffefe8:   0000000000000000 0000021cc141d7f8
0x0000005c71ffeff8:   0000000000000000 0000021c00000000
0x0000005c71fff008:   00007ffb51d8ab11 0000002000000020
0x0000005c71fff018:   0000021cd7fa0000 0000000700000001
0x0000005c71fff028:   0000eff821f01291 0000000000000000
0x0000005c71fff038:   0000021cc661022e 0000021cc660ffb0
0x0000005c71fff048:   00007ffb4f3a37eb 0000005c71fff160
0x0000005c71fff058:   0000000000000001 0000021cc141d7f8
0x0000005c71fff068:   0000021cfd8d9d90 0000005c71fff160
0x0000005c71fff078:   00007ffa35111bf0 0000005c71fff160
0x0000005c71fff088:   0000021c00000000 0000000000000000
0x0000005c71fff098:   0000000000000000 0000021c00000001
0x0000005c71fff0a8:   0000005c71fff6f0 0000005c00000000
0x0000005c71fff0b8:   00007ffb4f3a1b06 0000000000000000
0x0000005c71fff0c8:   0000021cfd8d9d90 0000002000000020
0x0000005c71fff0d8:   0000000700000001 0000021cfd8d9d90
0x0000005c71fff0e8:   0000002000000020 0000000700000001
0x0000005c71fff0f8:   0000000000000002 0000021cfea910e0
0x0000005c71fff108:   0000021cd832adb8 0000021cfed70bc0
0x0000005c71fff118:   00007ffa350a333b 0000005c0000027e
0x0000005c71fff128:   0000021cc141d800 0000005c71fff210
0x0000005c71fff138:   0000005c71fff6f0 0000021cd832ab00
0x0000005c71fff148:   0000021cd832ab00 0000021cfea910e0
0x0000005c71fff158:   0000021cd832ab00 0000000000000000
0x0000005c71fff168:   0000000000000000 0000021c00000000
0x0000005c71fff178:   0000021cc141d800 0000005c71fff230
0x0000005c71fff188:   0000021cd832ab00 0000005c71fff6f0
0x0000005c71fff198:   0000021ce8a6d621 0000021cd832adb8 

Instructions: (pc=0x00007ffa3513cb37)
0x00007ffa3513ca37:   44 24 50 c7 44 24 50 00 00 00 00 ba 84 8b 00 00
0x00007ffa3513ca47:   8b ce ff 15 89 41 11 00 48 63 44 24 50 85 c0 7e
0x00007ffa3513ca57:   4d 48 8b c8 c7 44 24 20 00 00 00 00 ba 01 00 00
0x00007ffa3513ca67:   00 ff 15 ba 0b 08 00 8b 54 24 50 4c 8d 44 24 20
0x00007ffa3513ca77:   4c 8b c8 8b ce 48 8b d8 ff 15 bb 40 11 00 4c 8b
0x00007ffa3513ca87:   cb 48 8d 15 a9 d9 08 00 44 8b c6 b9 04 00 00 00
0x00007ffa3513ca97:   e8 d4 ce 06 00 48 8b cb ff 15 93 0b 08 00 8b ce
0x00007ffa3513caa7:   ff 15 5b 3a 11 00 33 c0 48 8b 5c 24 40 48 8b 74
0x00007ffa3513cab7:   24 48 48 83 c4 30 5f c3 48 8d 15 92 d9 08 00 b9
0x00007ffa3513cac7:   03 00 00 00 e8 a0 ce 06 00 48 8b 5c 24 40 8b c6
0x00007ffa3513cad7:   48 8b 74 24 48 48 83 c4 30 5f c3 cc cc cc cc cc
0x00007ffa3513cae7:   cc cc cc cc cc cc cc cc cc 40 53 56 41 55 41 56
0x00007ffa3513caf7:   48 81 ec a8 00 00 00 48 8b 05 73 12 11 00 48 33
0x00007ffa3513cb07:   c4 48 89 44 24 78 44 8b f2 89 54 24 60 4c 8b e9
0x00007ffa3513cb17:   44 89 44 24 64 33 d2 c7 44 24 50 00 00 00 00 b9
0x00007ffa3513cb27:   e1 0d 00 00 41 8b d9 41 8b f0 ff 15 f1 35 11 00
0x00007ffa3513cb37:   80 3d 00 61 11 00 00 75 1e 8d 43 f5 83 f8 03 77
0x00007ffa3513cb47:   16 48 8d 15 e9 d1 08 00 b9 04 00 00 00 e8 17 ce
0x00007ffa3513cb57:   06 00 e9 f6 03 00 00 80 3d da 60 11 00 00 75 19
0x00007ffa3513cb67:   83 fb 0f 75 14 48 8d 15 f5 d1 08 00 8d 4b f5 e8
0x00007ffa3513cb77:   f5 cd 06 00 e9 d4 03 00 00 80 3d b9 60 11 00 00
0x00007ffa3513cb87:   75 1e 8d 43 f0 83 f8 01 77 16 48 8d 15 08 d2 08
0x00007ffa3513cb97:   00 b9 04 00 00 00 e8 ce cd 06 00 e9 ad 03 00 00
0x00007ffa3513cba7:   80 3d 93 60 11 00 00 75 1e 8d 43 ee 83 f8 01 77
0x00007ffa3513cbb7:   16 48 8d 15 19 d2 08 00 b9 04 00 00 00 e8 a7 cd
0x00007ffa3513cbc7:   06 00 e9 86 03 00 00 80 3d 6d 60 11 00 00 75 1e
0x00007ffa3513cbd7:   8d 43 ec 83 f8 01 77 16 48 8d 15 2a d2 08 00 b9
0x00007ffa3513cbe7:   04 00 00 00 e8 80 cd 06 00 e9 5f 03 00 00 48 89
0x00007ffa3513cbf7:   ac 24 a0 00 00 00 ba 01 00 00 00 48 89 bc 24 98
0x00007ffa3513cc07:   00 00 00 b9 f5 0c 00 00 4c 89 a4 24 90 00 00 00
0x00007ffa3513cc17:   4c 89 bc 24 88 00 00 00 ff 15 13 48 11 00 48 8d
0x00007ffa3513cc27:   54 24 50 b9 01 00 00 00 ff 15 43 3c 11 00 8b 54 


Stack slot to memory mapping:
stack at sp + 0 slots: 0x0 is NULL
stack at sp + 1 slots: 0x0 is NULL
stack at sp + 2 slots: 0x0 is NULL
stack at sp + 3 slots: 0x00007ffb4f39480e ucrtbase.dll
stack at sp + 4 slots: 0x0000021cfea910e0 points into unknown readable memory: 0x656372756f736572 | 72 65 73 6f 75 72 63 65
stack at sp + 5 slots: 0x0000005c71fff160 is pointing into the stack for thread: 0x0000021cd832ab00
stack at sp + 6 slots: 0x0000021cd832ab00 is a thread
stack at sp + 7 slots: 0x0 is NULL


---------------  P R O C E S S  ---------------

Threads class SMR info:
_java_thread_list=0x0000021cfdddd430, length=21, elements={
0x0000021cd832ab00, 0x0000021cfdb55410, 0x0000021cfdb55ee0, 0x0000021cfdb6eb00,
0x0000021cfdb6f6c0, 0x0000021cfdb740a0, 0x0000021cfdb74a60, 0x0000021cfdb75750,
0x0000021cfdb76200, 0x0000021cfdb76c00, 0x0000021cfdc1fc60, 0x0000021cfdc37a50,
0x0000021cfdc38020, 0x0000021cfdd59e60, 0x0000021cfdd61400, 0x0000021cfe416880,
0x0000021cfe59adf0, 0x0000021cff40e010, 0x0000021cfebaa1b0, 0x0000021cff1b3610,
0x0000021cc5fce490
}

Java Threads: ( => current thread )
=>0x0000021cd832ab00 JavaThread "main" [_thread_in_native, id=32064, stack(0x0000005c71f00000,0x0000005c72000000)]
  0x0000021cfdb55410 JavaThread "Reference Handler" daemon [_thread_blocked, id=20648, stack(0x0000005c72600000,0x0000005c72700000)]
  0x0000021cfdb55ee0 JavaThread "Finalizer" daemon [_thread_blocked, id=29500, stack(0x0000005c72700000,0x0000005c72800000)]
  0x0000021cfdb6eb00 JavaThread "Signal Dispatcher" daemon [_thread_blocked, id=33720, stack(0x0000005c72800000,0x0000005c72900000)]
  0x0000021cfdb6f6c0 JavaThread "Attach Listener" daemon [_thread_blocked, id=25268, stack(0x0000005c72900000,0x0000005c72a00000)]
  0x0000021cfdb740a0 JavaThread "Service Thread" daemon [_thread_blocked, id=23004, stack(0x0000005c72a00000,0x0000005c72b00000)]
  0x0000021cfdb74a60 JavaThread "Monitor Deflation Thread" daemon [_thread_blocked, id=21452, stack(0x0000005c72b00000,0x0000005c72c00000)]
  0x0000021cfdb75750 JavaThread "C2 CompilerThread0" daemon [_thread_blocked, id=32992, stack(0x0000005c72c00000,0x0000005c72d00000)]
  0x0000021cfdb76200 JavaThread "C1 CompilerThread0" daemon [_thread_blocked, id=15336, stack(0x0000005c72d00000,0x0000005c72e00000)]
  0x0000021cfdb76c00 JavaThread "Sweeper thread" daemon [_thread_blocked, id=20948, stack(0x0000005c72e00000,0x0000005c72f00000)]
  0x0000021cfdc1fc60 JavaThread "C1 CompilerThread1" daemon [_thread_blocked, id=21488, stack(0x0000005c72f00000,0x0000005c73000000)]
  0x0000021cfdc37a50 JavaThread "C1 CompilerThread2" daemon [_thread_blocked, id=15004, stack(0x0000005c73000000,0x0000005c73100000)]
  0x0000021cfdc38020 JavaThread "C1 CompilerThread3" daemon [_thread_blocked, id=18176, stack(0x0000005c73100000,0x0000005c73200000)]
  0x0000021cfdd59e60 JavaThread "Notification Thread" daemon [_thread_blocked, id=2252, stack(0x0000005c73200000,0x0000005c73300000)]
  0x0000021cfdd61400 JavaThread "Common-Cleaner" daemon [_thread_blocked, id=32964, stack(0x0000005c73400000,0x0000005c73500000)]
  0x0000021cfe416880 JavaThread "C2 CompilerThread1" daemon [_thread_blocked, id=13500, stack(0x0000005c73500000,0x0000005c73600000)]
  0x0000021cfe59adf0 JavaThread "C2 CompilerThread2" daemon [_thread_in_native, id=16392, stack(0x0000005c73600000,0x0000005c73700000)]
  0x0000021cff40e010 JavaThread "C2 CompilerThread3" daemon [_thread_in_native, id=9508, stack(0x0000005c73700000,0x0000005c73800000)]
  0x0000021cfebaa1b0 JavaThread "C2 CompilerThread4" daemon [_thread_blocked, id=30800, stack(0x0000005c73800000,0x0000005c73900000)]
  0x0000021cff1b3610 JavaThread "JavaCPP Deallocator" daemon [_thread_blocked, id=31760, stack(0x0000005c73e00000,0x0000005c73f00000)]
  0x0000021cc5fce490 JavaThread "C2 CompilerThread5" daemon [_thread_blocked, id=9568, stack(0x0000005c73f00000,0x0000005c74000000)]

Other Threads:
  0x0000021cfda3d7a0 VMThread "VM Thread" [stack: 0x0000005c72500000,0x0000005c72600000] [id=29008]
  0x0000021cfdd5a750 WatcherThread [stack: 0x0000005c73300000,0x0000005c73400000] [id=11472]
  0x0000021cd83961c0 GCTaskThread "GC Thread#0" [stack: 0x0000005c72000000,0x0000005c72100000] [id=28396]
  0x0000021cc594f980 GCTaskThread "GC Thread#1" [stack: 0x0000005c73900000,0x0000005c73a00000] [id=12300]
  0x0000021cc559a5e0 GCTaskThread "GC Thread#2" [stack: 0x0000005c73a00000,0x0000005c73b00000] [id=18032]
  0x0000021cc559a8a0 GCTaskThread "GC Thread#3" [stack: 0x0000005c73b00000,0x0000005c73c00000] [id=1820]
  0x0000021cc65d25d0 GCTaskThread "GC Thread#4" [stack: 0x0000005c73c00000,0x0000005c73d00000] [id=24000]
  0x0000021cfef773c0 GCTaskThread "GC Thread#5" [stack: 0x0000005c73d00000,0x0000005c73e00000] [id=27452]
  0x0000021cd83a6b60 ConcurrentGCThread "G1 Main Marker" [stack: 0x0000005c72100000,0x0000005c72200000] [id=26632]
  0x0000021cd83a95a0 ConcurrentGCThread "G1 Conc#0" [stack: 0x0000005c72200000,0x0000005c72300000] [id=24360]
  0x0000021cd83de3d0 ConcurrentGCThread "G1 Refine#0" [stack: 0x0000005c72300000,0x0000005c72400000] [id=19524]
  0x0000021cfd8f9d50 ConcurrentGCThread "G1 Service" [stack: 0x0000005c72400000,0x0000005c72500000] [id=21260]

Threads with active compile tasks:
C2 CompilerThread2      587  534       4       java.lang.CompoundEnumeration::hasMoreElements (5 bytes)
C2 CompilerThread3      587  542       4       java.lang.CompoundEnumeration::next (58 bytes)

VM state: not at safepoint (normal execution)

VM Mutex/Monitor currently owned by a thread: None

Heap address: 0x0000000705a00000, size: 4006 MB, Compressed Oops mode: Zero based, Oop shift amount: 3

CDS archive(s) mapped at: [0x0000021c80000000-0x0000021c80bb0000-0x0000021c80bb0000), size 12255232, SharedBaseAddress: 0x0000021c80000000, ArchiveRelocationMode: 1.
Compressed class space mapped at: 0x0000021c81000000-0x0000021cc1000000, reserved size: 1073741824
Narrow klass base: 0x0000021c80000000, Narrow klass shift: 0, Narrow klass range: 0x100000000

GC Precious Log:
 CPUs: 16 total, 16 available
 Memory: 16021M
 Large Page Support: Disabled
 NUMA Support: Disabled
 Compressed Oops: Enabled (Zero based)
 Heap Region Size: 2M
 Heap Min Capacity: 8M
 Heap Initial Capacity: 252M
 Heap Max Capacity: 4006M
 Pre-touch: Disabled
 Parallel Workers: 13
 Concurrent Workers: 3
 Concurrent Refinement Workers: 13
 Periodic GC: Disabled

Heap:
 garbage-first heap   total 258048K, used 1594K [0x0000000705a00000, 0x0000000800000000)
  region size 2048K, 2 young (4096K), 1 survivors (2048K)
 Metaspace       used 1988K, committed 2176K, reserved 1114112K
  class space    used 174K, committed 256K, reserved 1048576K

Heap Regions: E=young(eden), S=young(survivor), O=old, HS=humongous(starts), HC=humongous(continues), CS=collection set, F=free, OA=open archive, CA=closed archive, TAMS=top-at-mark-start (previous, next)
|   0|0x0000000705a00000, 0x0000000705a00000, 0x0000000705c00000|  0%| F|  |TAMS 0x0000000705a00000, 0x0000000705a00000| Untracked 
|   1|0x0000000705c00000, 0x0000000705c00000, 0x0000000705e00000|  0%| F|  |TAMS 0x0000000705c00000, 0x0000000705c00000| Untracked 
|   2|0x0000000705e00000, 0x0000000705e00000, 0x0000000706000000|  0%| F|  |TAMS 0x0000000705e00000, 0x0000000705e00000| Untracked 
|   3|0x0000000706000000, 0x0000000706000000, 0x0000000706200000|  0%| F|  |TAMS 0x0000000706000000, 0x0000000706000000| Untracked 
|   4|0x0000000706200000, 0x0000000706200000, 0x0000000706400000|  0%| F|  |TAMS 0x0000000706200000, 0x0000000706200000| Untracked 
|   5|0x0000000706400000, 0x0000000706400000, 0x0000000706600000|  0%| F|  |TAMS 0x0000000706400000, 0x0000000706400000| Untracked 
|   6|0x0000000706600000, 0x0000000706600000, 0x0000000706800000|  0%| F|  |TAMS 0x0000000706600000, 0x0000000706600000| Untracked 
|   7|0x0000000706800000, 0x0000000706800000, 0x0000000706a00000|  0%| F|  |TAMS 0x0000000706800000, 0x0000000706800000| Untracked 
|   8|0x0000000706a00000, 0x0000000706a00000, 0x0000000706c00000|  0%| F|  |TAMS 0x0000000706a00000, 0x0000000706a00000| Untracked 
|   9|0x0000000706c00000, 0x0000000706c00000, 0x0000000706e00000|  0%| F|  |TAMS 0x0000000706c00000, 0x0000000706c00000| Untracked 
|  10|0x0000000706e00000, 0x0000000706e00000, 0x0000000707000000|  0%| F|  |TAMS 0x0000000706e00000, 0x0000000706e00000| Untracked 
|  11|0x0000000707000000, 0x0000000707000000, 0x0000000707200000|  0%| F|  |TAMS 0x0000000707000000, 0x0000000707000000| Untracked 
|  12|0x0000000707200000, 0x0000000707200000, 0x0000000707400000|  0%| F|  |TAMS 0x0000000707200000, 0x0000000707200000| Untracked 
|  13|0x0000000707400000, 0x0000000707400000, 0x0000000707600000|  0%| F|  |TAMS 0x0000000707400000, 0x0000000707400000| Untracked 
|  14|0x0000000707600000, 0x0000000707600000, 0x0000000707800000|  0%| F|  |TAMS 0x0000000707600000, 0x0000000707600000| Untracked 
|  15|0x0000000707800000, 0x0000000707800000, 0x0000000707a00000|  0%| F|  |TAMS 0x0000000707800000, 0x0000000707800000| Untracked 
|  16|0x0000000707a00000, 0x0000000707a00000, 0x0000000707c00000|  0%| F|  |TAMS 0x0000000707a00000, 0x0000000707a00000| Untracked 
|  17|0x0000000707c00000, 0x0000000707c00000, 0x0000000707e00000|  0%| F|  |TAMS 0x0000000707c00000, 0x0000000707c00000| Untracked 
|  18|0x0000000707e00000, 0x0000000707e00000, 0x0000000708000000|  0%| F|  |TAMS 0x0000000707e00000, 0x0000000707e00000| Untracked 
|  19|0x0000000708000000, 0x0000000708000000, 0x0000000708200000|  0%| F|  |TAMS 0x0000000708000000, 0x0000000708000000| Untracked 
|  20|0x0000000708200000, 0x0000000708200000, 0x0000000708400000|  0%| F|  |TAMS 0x0000000708200000, 0x0000000708200000| Untracked 
|  21|0x0000000708400000, 0x0000000708400000, 0x0000000708600000|  0%| F|  |TAMS 0x0000000708400000, 0x0000000708400000| Untracked 
|  22|0x0000000708600000, 0x0000000708600000, 0x0000000708800000|  0%| F|  |TAMS 0x0000000708600000, 0x0000000708600000| Untracked 
|  23|0x0000000708800000, 0x0000000708800000, 0x0000000708a00000|  0%| F|  |TAMS 0x0000000708800000, 0x0000000708800000| Untracked 
|  24|0x0000000708a00000, 0x0000000708a00000, 0x0000000708c00000|  0%| F|  |TAMS 0x0000000708a00000, 0x0000000708a00000| Untracked 
|  25|0x0000000708c00000, 0x0000000708c00000, 0x0000000708e00000|  0%| F|  |TAMS 0x0000000708c00000, 0x0000000708c00000| Untracked 
|  26|0x0000000708e00000, 0x0000000708e00000, 0x0000000709000000|  0%| F|  |TAMS 0x0000000708e00000, 0x0000000708e00000| Untracked 
|  27|0x0000000709000000, 0x0000000709000000, 0x0000000709200000|  0%| F|  |TAMS 0x0000000709000000, 0x0000000709000000| Untracked 
|  28|0x0000000709200000, 0x0000000709200000, 0x0000000709400000|  0%| F|  |TAMS 0x0000000709200000, 0x0000000709200000| Untracked 
|  29|0x0000000709400000, 0x0000000709400000, 0x0000000709600000|  0%| F|  |TAMS 0x0000000709400000, 0x0000000709400000| Untracked 
|  30|0x0000000709600000, 0x0000000709600000, 0x0000000709800000|  0%| F|  |TAMS 0x0000000709600000, 0x0000000709600000| Untracked 
|  31|0x0000000709800000, 0x0000000709800000, 0x0000000709a00000|  0%| F|  |TAMS 0x0000000709800000, 0x0000000709800000| Untracked 
|  32|0x0000000709a00000, 0x0000000709a00000, 0x0000000709c00000|  0%| F|  |TAMS 0x0000000709a00000, 0x0000000709a00000| Untracked 
|  33|0x0000000709c00000, 0x0000000709c00000, 0x0000000709e00000|  0%| F|  |TAMS 0x0000000709c00000, 0x0000000709c00000| Untracked 
|  34|0x0000000709e00000, 0x0000000709e00000, 0x000000070a000000|  0%| F|  |TAMS 0x0000000709e00000, 0x0000000709e00000| Untracked 
|  35|0x000000070a000000, 0x000000070a000000, 0x000000070a200000|  0%| F|  |TAMS 0x000000070a000000, 0x000000070a000000| Untracked 
|  36|0x000000070a200000, 0x000000070a200000, 0x000000070a400000|  0%| F|  |TAMS 0x000000070a200000, 0x000000070a200000| Untracked 
|  37|0x000000070a400000, 0x000000070a400000, 0x000000070a600000|  0%| F|  |TAMS 0x000000070a400000, 0x000000070a400000| Untracked 
|  38|0x000000070a600000, 0x000000070a600000, 0x000000070a800000|  0%| F|  |TAMS 0x000000070a600000, 0x000000070a600000| Untracked 
|  39|0x000000070a800000, 0x000000070a800000, 0x000000070aa00000|  0%| F|  |TAMS 0x000000070a800000, 0x000000070a800000| Untracked 
|  40|0x000000070aa00000, 0x000000070aa00000, 0x000000070ac00000|  0%| F|  |TAMS 0x000000070aa00000, 0x000000070aa00000| Untracked 
|  41|0x000000070ac00000, 0x000000070ac00000, 0x000000070ae00000|  0%| F|  |TAMS 0x000000070ac00000, 0x000000070ac00000| Untracked 
|  42|0x000000070ae00000, 0x000000070ae00000, 0x000000070b000000|  0%| F|  |TAMS 0x000000070ae00000, 0x000000070ae00000| Untracked 
|  43|0x000000070b000000, 0x000000070b000000, 0x000000070b200000|  0%| F|  |TAMS 0x000000070b000000, 0x000000070b000000| Untracked 
|  44|0x000000070b200000, 0x000000070b200000, 0x000000070b400000|  0%| F|  |TAMS 0x000000070b200000, 0x000000070b200000| Untracked 
|  45|0x000000070b400000, 0x000000070b400000, 0x000000070b600000|  0%| F|  |TAMS 0x000000070b400000, 0x000000070b400000| Untracked 
|  46|0x000000070b600000, 0x000000070b600000, 0x000000070b800000|  0%| F|  |TAMS 0x000000070b600000, 0x000000070b600000| Untracked 
|  47|0x000000070b800000, 0x000000070b800000, 0x000000070ba00000|  0%| F|  |TAMS 0x000000070b800000, 0x000000070b800000| Untracked 
|  48|0x000000070ba00000, 0x000000070ba00000, 0x000000070bc00000|  0%| F|  |TAMS 0x000000070ba00000, 0x000000070ba00000| Untracked 
|  49|0x000000070bc00000, 0x000000070bc00000, 0x000000070be00000|  0%| F|  |TAMS 0x000000070bc00000, 0x000000070bc00000| Untracked 
|  50|0x000000070be00000, 0x000000070be00000, 0x000000070c000000|  0%| F|  |TAMS 0x000000070be00000, 0x000000070be00000| Untracked 
|  51|0x000000070c000000, 0x000000070c000000, 0x000000070c200000|  0%| F|  |TAMS 0x000000070c000000, 0x000000070c000000| Untracked 
|  52|0x000000070c200000, 0x000000070c200000, 0x000000070c400000|  0%| F|  |TAMS 0x000000070c200000, 0x000000070c200000| Untracked 
|  53|0x000000070c400000, 0x000000070c400000, 0x000000070c600000|  0%| F|  |TAMS 0x000000070c400000, 0x000000070c400000| Untracked 
|  54|0x000000070c600000, 0x000000070c600000, 0x000000070c800000|  0%| F|  |TAMS 0x000000070c600000, 0x000000070c600000| Untracked 
|  55|0x000000070c800000, 0x000000070c800000, 0x000000070ca00000|  0%| F|  |TAMS 0x000000070c800000, 0x000000070c800000| Untracked 
|  56|0x000000070ca00000, 0x000000070ca00000, 0x000000070cc00000|  0%| F|  |TAMS 0x000000070ca00000, 0x000000070ca00000| Untracked 
|  57|0x000000070cc00000, 0x000000070cc00000, 0x000000070ce00000|  0%| F|  |TAMS 0x000000070cc00000, 0x000000070cc00000| Untracked 
|  58|0x000000070ce00000, 0x000000070ce00000, 0x000000070d000000|  0%| F|  |TAMS 0x000000070ce00000, 0x000000070ce00000| Untracked 
|  59|0x000000070d000000, 0x000000070d000000, 0x000000070d200000|  0%| F|  |TAMS 0x000000070d000000, 0x000000070d000000| Untracked 
|  60|0x000000070d200000, 0x000000070d200000, 0x000000070d400000|  0%| F|  |TAMS 0x000000070d200000, 0x000000070d200000| Untracked 
|  61|0x000000070d400000, 0x000000070d400000, 0x000000070d600000|  0%| F|  |TAMS 0x000000070d400000, 0x000000070d400000| Untracked 
|  62|0x000000070d600000, 0x000000070d600000, 0x000000070d800000|  0%| F|  |TAMS 0x000000070d600000, 0x000000070d600000| Untracked 
|  63|0x000000070d800000, 0x000000070d800000, 0x000000070da00000|  0%| F|  |TAMS 0x000000070d800000, 0x000000070d800000| Untracked 
|  64|0x000000070da00000, 0x000000070da00000, 0x000000070dc00000|  0%| F|  |TAMS 0x000000070da00000, 0x000000070da00000| Untracked 
|  65|0x000000070dc00000, 0x000000070dc00000, 0x000000070de00000|  0%| F|  |TAMS 0x000000070dc00000, 0x000000070dc00000| Untracked 
|  66|0x000000070de00000, 0x000000070de00000, 0x000000070e000000|  0%| F|  |TAMS 0x000000070de00000, 0x000000070de00000| Untracked 
|  67|0x000000070e000000, 0x000000070e000000, 0x000000070e200000|  0%| F|  |TAMS 0x000000070e000000, 0x000000070e000000| Untracked 
|  68|0x000000070e200000, 0x000000070e200000, 0x000000070e400000|  0%| F|  |TAMS 0x000000070e200000, 0x000000070e200000| Untracked 
|  69|0x000000070e400000, 0x000000070e400000, 0x000000070e600000|  0%| F|  |TAMS 0x000000070e400000, 0x000000070e400000| Untracked 
|  70|0x000000070e600000, 0x000000070e600000, 0x000000070e800000|  0%| F|  |TAMS 0x000000070e600000, 0x000000070e600000| Untracked 
|  71|0x000000070e800000, 0x000000070e800000, 0x000000070ea00000|  0%| F|  |TAMS 0x000000070e800000, 0x000000070e800000| Untracked 
|  72|0x000000070ea00000, 0x000000070ea00000, 0x000000070ec00000|  0%| F|  |TAMS 0x000000070ea00000, 0x000000070ea00000| Untracked 
|  73|0x000000070ec00000, 0x000000070ec00000, 0x000000070ee00000|  0%| F|  |TAMS 0x000000070ec00000, 0x000000070ec00000| Untracked 
|  74|0x000000070ee00000, 0x000000070ee00000, 0x000000070f000000|  0%| F|  |TAMS 0x000000070ee00000, 0x000000070ee00000| Untracked 
|  75|0x000000070f000000, 0x000000070f000000, 0x000000070f200000|  0%| F|  |TAMS 0x000000070f000000, 0x000000070f000000| Untracked 
|  76|0x000000070f200000, 0x000000070f200000, 0x000000070f400000|  0%| F|  |TAMS 0x000000070f200000, 0x000000070f200000| Untracked 
|  77|0x000000070f400000, 0x000000070f400000, 0x000000070f600000|  0%| F|  |TAMS 0x000000070f400000, 0x000000070f400000| Untracked 
|  78|0x000000070f600000, 0x000000070f600000, 0x000000070f800000|  0%| F|  |TAMS 0x000000070f600000, 0x000000070f600000| Untracked 
|  79|0x000000070f800000, 0x000000070f800000, 0x000000070fa00000|  0%| F|  |TAMS 0x000000070f800000, 0x000000070f800000| Untracked 
|  80|0x000000070fa00000, 0x000000070fa00000, 0x000000070fc00000|  0%| F|  |TAMS 0x000000070fa00000, 0x000000070fa00000| Untracked 
|  81|0x000000070fc00000, 0x000000070fc00000, 0x000000070fe00000|  0%| F|  |TAMS 0x000000070fc00000, 0x000000070fc00000| Untracked 
|  82|0x000000070fe00000, 0x000000070fe00000, 0x0000000710000000|  0%| F|  |TAMS 0x000000070fe00000, 0x000000070fe00000| Untracked 
|  83|0x0000000710000000, 0x0000000710000000, 0x0000000710200000|  0%| F|  |TAMS 0x0000000710000000, 0x0000000710000000| Untracked 
|  84|0x0000000710200000, 0x0000000710200000, 0x0000000710400000|  0%| F|  |TAMS 0x0000000710200000, 0x0000000710200000| Untracked 
|  85|0x0000000710400000, 0x0000000710400000, 0x0000000710600000|  0%| F|  |TAMS 0x0000000710400000, 0x0000000710400000| Untracked 
|  86|0x0000000710600000, 0x0000000710600000, 0x0000000710800000|  0%| F|  |TAMS 0x0000000710600000, 0x0000000710600000| Untracked 
|  87|0x0000000710800000, 0x0000000710800000, 0x0000000710a00000|  0%| F|  |TAMS 0x0000000710800000, 0x0000000710800000| Untracked 
|  88|0x0000000710a00000, 0x0000000710a00000, 0x0000000710c00000|  0%| F|  |TAMS 0x0000000710a00000, 0x0000000710a00000| Untracked 
|  89|0x0000000710c00000, 0x0000000710c00000, 0x0000000710e00000|  0%| F|  |TAMS 0x0000000710c00000, 0x0000000710c00000| Untracked 
|  90|0x0000000710e00000, 0x0000000710e00000, 0x0000000711000000|  0%| F|  |TAMS 0x0000000710e00000, 0x0000000710e00000| Untracked 
|  91|0x0000000711000000, 0x0000000711000000, 0x0000000711200000|  0%| F|  |TAMS 0x0000000711000000, 0x0000000711000000| Untracked 
|  92|0x0000000711200000, 0x0000000711200000, 0x0000000711400000|  0%| F|  |TAMS 0x0000000711200000, 0x0000000711200000| Untracked 
|  93|0x0000000711400000, 0x0000000711400000, 0x0000000711600000|  0%| F|  |TAMS 0x0000000711400000, 0x0000000711400000| Untracked 
|  94|0x0000000711600000, 0x0000000711600000, 0x0000000711800000|  0%| F|  |TAMS 0x0000000711600000, 0x0000000711600000| Untracked 
|  95|0x0000000711800000, 0x0000000711800000, 0x0000000711a00000|  0%| F|  |TAMS 0x0000000711800000, 0x0000000711800000| Untracked 
|  96|0x0000000711a00000, 0x0000000711a00000, 0x0000000711c00000|  0%| F|  |TAMS 0x0000000711a00000, 0x0000000711a00000| Untracked 
|  97|0x0000000711c00000, 0x0000000711c00000, 0x0000000711e00000|  0%| F|  |TAMS 0x0000000711c00000, 0x0000000711c00000| Untracked 
|  98|0x0000000711e00000, 0x0000000711e00000, 0x0000000712000000|  0%| F|  |TAMS 0x0000000711e00000, 0x0000000711e00000| Untracked 
|  99|0x0000000712000000, 0x0000000712000000, 0x0000000712200000|  0%| F|  |TAMS 0x0000000712000000, 0x0000000712000000| Untracked 
| 100|0x0000000712200000, 0x0000000712200000, 0x0000000712400000|  0%| F|  |TAMS 0x0000000712200000, 0x0000000712200000| Untracked 
| 101|0x0000000712400000, 0x0000000712400000, 0x0000000712600000|  0%| F|  |TAMS 0x0000000712400000, 0x0000000712400000| Untracked 
| 102|0x0000000712600000, 0x0000000712600000, 0x0000000712800000|  0%| F|  |TAMS 0x0000000712600000, 0x0000000712600000| Untracked 
| 103|0x0000000712800000, 0x0000000712800000, 0x0000000712a00000|  0%| F|  |TAMS 0x0000000712800000, 0x0000000712800000| Untracked 
| 104|0x0000000712a00000, 0x0000000712a00000, 0x0000000712c00000|  0%| F|  |TAMS 0x0000000712a00000, 0x0000000712a00000| Untracked 
| 105|0x0000000712c00000, 0x0000000712c00000, 0x0000000712e00000|  0%| F|  |TAMS 0x0000000712c00000, 0x0000000712c00000| Untracked 
| 106|0x0000000712e00000, 0x0000000712e00000, 0x0000000713000000|  0%| F|  |TAMS 0x0000000712e00000, 0x0000000712e00000| Untracked 
| 107|0x0000000713000000, 0x0000000713000000, 0x0000000713200000|  0%| F|  |TAMS 0x0000000713000000, 0x0000000713000000| Untracked 
| 108|0x0000000713200000, 0x0000000713200000, 0x0000000713400000|  0%| F|  |TAMS 0x0000000713200000, 0x0000000713200000| Untracked 
| 109|0x0000000713400000, 0x0000000713400000, 0x0000000713600000|  0%| F|  |TAMS 0x0000000713400000, 0x0000000713400000| Untracked 
| 110|0x0000000713600000, 0x0000000713600000, 0x0000000713800000|  0%| F|  |TAMS 0x0000000713600000, 0x0000000713600000| Untracked 
| 111|0x0000000713800000, 0x0000000713800000, 0x0000000713a00000|  0%| F|  |TAMS 0x0000000713800000, 0x0000000713800000| Untracked 
| 112|0x0000000713a00000, 0x0000000713a00000, 0x0000000713c00000|  0%| F|  |TAMS 0x0000000713a00000, 0x0000000713a00000| Untracked 
| 113|0x0000000713c00000, 0x0000000713c00000, 0x0000000713e00000|  0%| F|  |TAMS 0x0000000713c00000, 0x0000000713c00000| Untracked 
| 114|0x0000000713e00000, 0x0000000713f8ea30, 0x0000000714000000| 77%| S|CS|TAMS 0x0000000713e00000, 0x0000000713e00000| Complete 
| 115|0x0000000714000000, 0x0000000714000000, 0x0000000714200000|  0%| F|  |TAMS 0x0000000714000000, 0x0000000714000000| Untracked 
| 116|0x0000000714200000, 0x0000000714200000, 0x0000000714400000|  0%| F|  |TAMS 0x0000000714200000, 0x0000000714200000| Untracked 
| 117|0x0000000714400000, 0x0000000714400000, 0x0000000714600000|  0%| F|  |TAMS 0x0000000714400000, 0x0000000714400000| Untracked 
| 118|0x0000000714600000, 0x0000000714600000, 0x0000000714800000|  0%| F|  |TAMS 0x0000000714600000, 0x0000000714600000| Untracked 
| 119|0x0000000714800000, 0x0000000714800000, 0x0000000714a00000|  0%| F|  |TAMS 0x0000000714800000, 0x0000000714800000| Untracked 
| 120|0x0000000714a00000, 0x0000000714a00000, 0x0000000714c00000|  0%| F|  |TAMS 0x0000000714a00000, 0x0000000714a00000| Untracked 
| 121|0x0000000714c00000, 0x0000000714c00000, 0x0000000714e00000|  0%| F|  |TAMS 0x0000000714c00000, 0x0000000714c00000| Untracked 
| 122|0x0000000714e00000, 0x0000000714e00000, 0x0000000715000000|  0%| F|  |TAMS 0x0000000714e00000, 0x0000000714e00000| Untracked 
| 123|0x0000000715000000, 0x0000000715000000, 0x0000000715200000|  0%| F|  |TAMS 0x0000000715000000, 0x0000000715000000| Untracked 
| 124|0x0000000715200000, 0x0000000715200000, 0x0000000715400000|  0%| F|  |TAMS 0x0000000715200000, 0x0000000715200000| Untracked 
| 125|0x0000000715400000, 0x0000000715600000, 0x0000000715600000|100%| E|  |TAMS 0x0000000715400000, 0x0000000715400000| Complete 

Card table byte_map: [0x0000021cf1db0000,0x0000021cf2590000] _byte_map_base: 0x0000021cee583000

Marking Bits (Prev, Next): (CMBitMap*) 0x0000021cd83967e0, (CMBitMap*) 0x0000021cd8396820
 Prev Bits: [0x0000021cf2d70000, 0x0000021cf6c08000)
 Next Bits: [0x0000021cf6c10000, 0x0000021cfaaa8000)

Polling page: 0x0000021cd83e0000

Metaspace:

Usage:
  Non-class:      1.77 MB used.
      Class:    174.76 KB used.
       Both:      1.94 MB used.

Virtual space:
  Non-class space:       64.00 MB reserved,       1.88 MB (  3%) committed,  1 nodes.
      Class space:        1.00 GB reserved,     256.00 KB ( <1%) committed,  1 nodes.
             Both:        1.06 GB reserved,       2.12 MB ( <1%) committed. 

Chunk freelists:
   Non-Class:  11.28 MB
       Class:  15.66 MB
        Both:  26.94 MB

MaxMetaspaceSize: unlimited
CompressedClassSpaceSize: 1.00 GB
Initial GC threshold: 21.00 MB
Current GC threshold: 21.00 MB
CDS: on
MetaspaceReclaimPolicy: balanced
 - commit_granule_bytes: 65536.
 - commit_granule_words: 8192.
 - virtual_space_node_default_size: 8388608.
 - enlarge_chunks_in_place: 1.
 - new_chunks_are_fully_committed: 0.
 - uncommit_free_chunks: 1.
 - use_allocation_guard: 0.
 - handle_deallocations: 1.


Internal statistics:

num_allocs_failed_limit: 0.
num_arena_births: 20.
num_arena_deaths: 0.
num_vsnodes_births: 2.
num_vsnodes_deaths: 0.
num_space_committed: 34.
num_space_uncommitted: 0.
num_chunks_returned_to_freelist: 0.
num_chunks_taken_from_freelist: 59.
num_chunk_merges: 0.
num_chunk_splits: 37.
num_chunks_enlarged: 29.
num_inconsistent_stats: 0.

CodeHeap 'non-profiled nmethods': size=119168Kb used=434Kb max_used=434Kb free=118733Kb
 bounds [0x0000021ce91b0000, 0x0000021ce9420000, 0x0000021cf0610000]
CodeHeap 'profiled nmethods': size=119104Kb used=1171Kb max_used=1171Kb free=117932Kb
 bounds [0x0000021ce1610000, 0x0000021ce1880000, 0x0000021ce8a60000]
CodeHeap 'non-nmethods': size=7488Kb used=2845Kb max_used=2897Kb free=4642Kb
 bounds [0x0000021ce8a60000, 0x0000021ce8d40000, 0x0000021ce91b0000]
 total_blobs=1132 nmethods=696 adapters=346
 compilation: enabled
              stopped_count=0, restarted_count=0
 full_count=0

Compilation events (20 events):
Event: 0.507 Thread 0x0000021cfdc1fc60  690       3       java.util.WeakHashMap::matchesKey (33 bytes)
Event: 0.507 Thread 0x0000021cfdc1fc60 nmethod 690 0x0000021ce172cc10 code [0x0000021ce172cde0, 0x0000021ce172d318]
Event: 0.508 Thread 0x0000021cfdb76200  691   !   3       java.util.zip.Inflater::inflate (418 bytes)
Event: 0.508 Thread 0x0000021cfdc37a50  694       3       java.util.ArrayDeque::peekFirst (12 bytes)
Event: 0.508 Thread 0x0000021cfdc1fc60  693       3       java.util.ArrayDeque::peek (5 bytes)
Event: 0.508 Thread 0x0000021cfdc38020  695   !   3       org.bytedeco.javacpp.Loader::putMemberOffset (97 bytes)
Event: 0.509 Thread 0x0000021cfdc37a50 nmethod 694 0x0000021ce172d490 code [0x0000021ce172d620, 0x0000021ce172d7b8]
Event: 0.509 Thread 0x0000021cfdc1fc60 nmethod 693 0x0000021ce172d910 code [0x0000021ce172dac0, 0x0000021ce172dcd8]
Event: 0.509 Thread 0x0000021cc5fce490 nmethod 669 0x0000021ce91fd510 code [0x0000021ce91fd6a0, 0x0000021ce91fd8b8]
Event: 0.509 Thread 0x0000021cc5fce490  667       4       java.lang.System::getSecurityManager (12 bytes)
Event: 0.510 Thread 0x0000021cfdc37a50  697       3       java.util.zip.ZipUtils::CENLEN (9 bytes)
Event: 0.511 Thread 0x0000021cfdb76200 nmethod 691 0x0000021ce172de10 code [0x0000021ce172e0e0, 0x0000021ce172f2c8]
Event: 0.511 Thread 0x0000021cfdc37a50 nmethod 697 0x0000021ce172fc90 code [0x0000021ce172fe40, 0x0000021ce1730118]
Event: 0.512 Thread 0x0000021cc5fce490 nmethod 667 0x0000021ce91fda10 code [0x0000021ce91fdb80, 0x0000021ce91fdbf8]
Event: 0.512 Thread 0x0000021cc5fce490  686       4       java.lang.Math::min (11 bytes)
Event: 0.512 Thread 0x0000021cfdb76200  698       3       java.util.WeakHashMap::get (75 bytes)
Event: 0.514 Thread 0x0000021cfdb76200 nmethod 698 0x0000021ce1733f10 code [0x0000021ce1734140, 0x0000021ce1734a18]
Event: 0.514 Thread 0x0000021cc5fce490 nmethod 686 0x0000021ce91fdd10 code [0x0000021ce91fde80, 0x0000021ce91fded8]
Event: 0.514 Thread 0x0000021cfdc38020 nmethod 695 0x0000021ce1730290 code [0x0000021ce1730780, 0x0000021ce1732e78]
Event: 0.514 Thread 0x0000021cc5fce490  547       4       java.lang.String::indexOf (18 bytes)

GC Heap History (2 events):
Event: 0.462 GC heap before
{Heap before GC invocations=0 (full 0):
 garbage-first heap   total 258048K, used 22528K [0x0000000705a00000, 0x0000000800000000)
  region size 2048K, 11 young (22528K), 0 survivors (0K)
 Metaspace       used 1662K, committed 1792K, reserved 1114112K
  class space    used 120K, committed 192K, reserved 1048576K
}
Event: 0.467 GC heap after
{Heap after GC invocations=1 (full 0):
 garbage-first heap   total 258048K, used 1594K [0x0000000705a00000, 0x0000000800000000)
  region size 2048K, 1 young (2048K), 1 survivors (2048K)
 Metaspace       used 1662K, committed 1792K, reserved 1114112K
  class space    used 120K, committed 192K, reserved 1048576K
}

Dll operation events (20 events):
Event: 0.290 Loaded shared library C:\Program Files (x86)\Windows Kits\10\Redist\ucrt\DLLs\x64\api-ms-win-core-rtlsupport-l1-1-0.dll
Event: 0.297 Loaded shared library C:\Program Files (x86)\Windows Kits\10\Redist\ucrt\DLLs\x64\api-ms-win-core-processthreads-l1-1-1.dll
Event: 0.306 Loaded shared library C:\Program Files (x86)\Windows Kits\10\Redist\ucrt\DLLs\x64\api-ms-win-core-file-l1-2-0.dll
Event: 0.313 Loaded shared library C:\Program Files (x86)\Windows Kits\10\Redist\ucrt\DLLs\x64\api-ms-win-core-profile-l1-1-0.dll
Event: 0.321 Loaded shared library C:\Program Files (x86)\Windows Kits\10\Redist\ucrt\DLLs\x64\api-ms-win-core-memory-l1-1-0.dll
Event: 0.329 Loaded shared library C:\Program Files (x86)\Windows Kits\10\Redist\ucrt\DLLs\x64\api-ms-win-core-util-l1-1-0.dll
Event: 0.338 Loaded shared library C:\Program Files (x86)\Windows Kits\10\Redist\ucrt\DLLs\x64\api-ms-win-core-interlocked-l1-1-0.dll
Event: 0.346 Loaded shared library C:\Program Files (x86)\Windows Kits\10\Redist\ucrt\DLLs\x64\ucrtbase.dll
Event: 0.356 Loaded shared library C:\Users\luczu\.jdks\corretto-17.0.10\bin\vcruntime140.dll
Event: 0.364 Loaded shared library C:\Users\luczu\.jdks\corretto-17.0.10\bin\vcruntime140_1.dll
Event: 0.372 Loaded shared library C:\Users\luczu\.jdks\corretto-17.0.10\bin\msvcp140.dll
Event: 0.380 Loaded shared library C:\Windows\System32\msvcp140_1.dll
Event: 0.390 Loaded shared library C:\Windows\System32\concrt140.dll
Event: 0.401 Loaded shared library C:\Windows\System32\vcomp140.dll
Event: 0.422 Loaded shared library C:\Windows\System32\winmm.dll
Event: 0.425 Loaded shared library C:\Windows\System32\opengl32.dll
Event: 0.426 Loaded shared library C:\Windows\System32\user32.dll
Event: 0.427 Loaded shared library C:\Windows\System32\shell32.dll
Event: 0.429 Loaded shared library C:\Windows\System32\gdi32.dll
Event: 0.449 Loaded shared library C:\Users\luczu\.javacpp\cache\jaylib-4.5.0-0.jar\com\raylib\windows-x86_64\jniRaylib.dll

Deoptimization events (20 events):
Event: 0.364 Thread 0x0000021cd832ab00 DEOPT PACKING pc=0x0000021ce91c7b64 sp=0x0000005c71ffd8d0
Event: 0.364 Thread 0x0000021cd832ab00 DEOPT UNPACKING pc=0x0000021ce8aba1a3 sp=0x0000005c71ffd848 mode 2
Event: 0.412 Thread 0x0000021cd832ab00 Uncommon trap: trap_request=0xffffff45 fr.pc=0x0000021ce91d095c relative=0x00000000000001bc
Event: 0.412 Thread 0x0000021cd832ab00 Uncommon trap: reason=unstable_if action=reinterpret pc=0x0000021ce91d095c method=java.io.WinNTFileSystem.normalize(Ljava/lang/String;)Ljava/lang/String; @ 128 c2
Event: 0.412 Thread 0x0000021cd832ab00 DEOPT PACKING pc=0x0000021ce91d095c sp=0x0000005c71ffd4e0
Event: 0.412 Thread 0x0000021cd832ab00 DEOPT UNPACKING pc=0x0000021ce8aba1a3 sp=0x0000005c71ffd468 mode 2
Event: 0.415 Thread 0x0000021cd832ab00 Uncommon trap: trap_request=0xffffff45 fr.pc=0x0000021ce91d4aa4 relative=0x0000000000000184
Event: 0.415 Thread 0x0000021cd832ab00 Uncommon trap: reason=unstable_if action=reinterpret pc=0x0000021ce91d4aa4 method=sun.net.www.ParseUtil.firstEncodeIndex(Ljava/lang/String;)I @ 51 c2
Event: 0.415 Thread 0x0000021cd832ab00 DEOPT PACKING pc=0x0000021ce91d4aa4 sp=0x0000005c71ffd540
Event: 0.415 Thread 0x0000021cd832ab00 DEOPT UNPACKING pc=0x0000021ce8aba1a3 sp=0x0000005c71ffd4c8 mode 2
Event: 0.415 Thread 0x0000021cd832ab00 Uncommon trap: trap_request=0xffffff45 fr.pc=0x0000021ce91f2d4c relative=0x00000000000013ac
Event: 0.415 Thread 0x0000021cd832ab00 Uncommon trap: reason=unstable_if action=reinterpret pc=0x0000021ce91f2d4c method=java.net.URL.<init>(Ljava/net/URL;Ljava/lang/String;Ljava/net/URLStreamHandler;)V @ 273 c2
Event: 0.416 Thread 0x0000021cd832ab00 DEOPT PACKING pc=0x0000021ce91f2d4c sp=0x0000005c71ffd480
Event: 0.416 Thread 0x0000021cd832ab00 DEOPT UNPACKING pc=0x0000021ce8aba1a3 sp=0x0000005c71ffd410 mode 2
Event: 0.468 Thread 0x0000021cd832ab00 Uncommon trap: trap_request=0xffffff45 fr.pc=0x0000021ce91e2a60 relative=0x00000000000000e0
Event: 0.468 Thread 0x0000021cd832ab00 Uncommon trap: reason=unstable_if action=reinterpret pc=0x0000021ce91e2a60 method=java.lang.ref.SoftReference.get()Ljava/lang/Object; @ 17 c2
Event: 0.468 Thread 0x0000021cd832ab00 DEOPT PACKING pc=0x0000021ce91e2a60 sp=0x0000005c71ffc810
Event: 0.468 Thread 0x0000021cd832ab00 DEOPT UNPACKING pc=0x0000021ce8aba1a3 sp=0x0000005c71ffc7c8 mode 2
Event: 0.484 Thread 0x0000021cd832ab00 DEOPT PACKING pc=0x0000021ce16ff6c8 sp=0x0000005c71ffc820
Event: 0.484 Thread 0x0000021cd832ab00 DEOPT UNPACKING pc=0x0000021ce8abace3 sp=0x0000005c71ffbd38 mode 0

Classes unloaded (0 events):
No events

Classes redefined (0 events):
No events

Internal exceptions (7 events):
Event: 0.070 Thread 0x0000021cd832ab00 Exception <a 'java/lang/NoSuchMethodError'{0x000000071526b4d8}: 'int java.lang.invoke.DirectMethodHandle$Holder.invokeStaticInit(java.lang.Object, java.lang.Object, java.lang.Object, java.lang.Object)'> (0x000000071526b4d8) 
thrown [s\src\hotspot\share\interpreter\linkResolver.cpp, line 759]
Event: 0.072 Thread 0x0000021cd832ab00 Exception <a 'java/lang/NoSuchMethodError'{0x0000000715276548}: 'java.lang.Object java.lang.invoke.DirectMethodHandle$Holder.invokeInterface(java.lang.Object, java.lang.Object)'> (0x0000000715276548) 
thrown [s\src\hotspot\share\interpreter\linkResolver.cpp, line 759]
Event: 0.072 Thread 0x0000021cd832ab00 Exception <a 'java/lang/IncompatibleClassChangeError'{0x0000000715279c60}: Found class java.lang.Object, but interface was expected> (0x0000000715279c60) 
thrown [s\src\hotspot\share\interpreter\linkResolver.cpp, line 826]
Event: 0.073 Thread 0x0000021cd832ab00 Exception <a 'java/lang/NoSuchMethodError'{0x000000071527ce08}: 'void java.lang.invoke.DirectMethodHandle$Holder.invokeStatic(java.lang.Object, java.lang.Object)'> (0x000000071527ce08) 
thrown [s\src\hotspot\share\interpreter\linkResolver.cpp, line 759]
Event: 0.073 Thread 0x0000021cd832ab00 Exception <a 'java/lang/NoSuchMethodError'{0x0000000715280478}: 'void java.lang.invoke.DirectMethodHandle$Holder.invokeStaticInit(java.lang.Object, java.lang.Object)'> (0x0000000715280478) 
thrown [s\src\hotspot\share\interpreter\linkResolver.cpp, line 759]
Event: 0.074 Thread 0x0000021cd832ab00 Exception <a 'java/lang/NoSuchMethodError'{0x00000007152883e0}: 'int java.lang.invoke.DirectMethodHandle$Holder.invokeStaticInit(java.lang.Object, java.lang.Object)'> (0x00000007152883e0) 
thrown [s\src\hotspot\share\interpreter\linkResolver.cpp, line 759]
Event: 0.445 Thread 0x0000021cd832ab00 Exception <a 'java/lang/NoSuchMethodError'{0x00000007141cd660}: 'java.lang.Object java.lang.invoke.DirectMethodHandle$Holder.invokeStatic(java.lang.Object, int, java.lang.Object)'> (0x00000007141cd660) 
thrown [s\src\hotspot\share\interpreter\linkResolver.cpp, line 759]

VM Operations (6 events):
Event: 0.053 Executing VM operation: HandshakeAllThreads
Event: 0.053 Executing VM operation: HandshakeAllThreads done
Event: 0.103 Executing VM operation: HandshakeAllThreads
Event: 0.103 Executing VM operation: HandshakeAllThreads done
Event: 0.462 Executing VM operation: G1CollectForAllocation
Event: 0.467 Executing VM operation: G1CollectForAllocation done

Events (20 events):
Event: 0.441 loading class java/io/Externalizable done
Event: 0.441 loading class java/time/zone/Ser done
Event: 0.442 loading class java/time/Month
Event: 0.442 loading class java/time/Month done
Event: 0.442 loading class java/time/DayOfWeek
Event: 0.442 loading class java/time/DayOfWeek done
Event: 0.442 loading class java/time/zone/ZoneOffsetTransitionRule$TimeDefinition
Event: 0.442 loading class java/time/zone/ZoneOffsetTransitionRule$TimeDefinition done
Event: 0.443 loading class java/time/zone/ZoneOffsetTransition
Event: 0.443 loading class java/time/zone/ZoneOffsetTransition done
Event: 0.444 loading class java/time/temporal/TemporalAdjusters
Event: 0.444 loading class java/time/temporal/TemporalAdjusters done
Event: 0.447 loading class java/time/zone/ZoneOffsetTransitionRule$1
Event: 0.447 loading class java/time/zone/ZoneOffsetTransitionRule$1 done
Event: 0.447 loading class java/util/concurrent/TimeUnit$1
Event: 0.447 loading class java/util/concurrent/TimeUnit$1 done
Event: 0.476 loading class java/lang/NumberFormatException
Event: 0.477 loading class java/lang/NumberFormatException done
Event: 0.478 Thread 0x0000021cff1b3610 Thread added: 0x0000021cff1b3610
Event: 0.487 Thread 0x0000021cc5fce490 Thread added: 0x0000021cc5fce490


Dynamic libraries:
0x00007ff653530000 - 0x00007ff65353e000 	C:\Users\luczu\.jdks\corretto-17.0.10\bin\java.exe
0x00007ffb51d50000 - 0x00007ffb51f67000 	C:\WINDOWS\SYSTEM32\ntdll.dll
0x00007ffb51860000 - 0x00007ffb51924000 	C:\WINDOWS\System32\KERNEL32.DLL
0x00007ffb4f550000 - 0x00007ffb4f8f6000 	C:\WINDOWS\System32\KERNELBASE.dll
0x00007ffb4f390000 - 0x00007ffb4f4a1000 	C:\WINDOWS\System32\ucrtbase.dll
0x00007ffae90a0000 - 0x00007ffae90b7000 	C:\Users\luczu\.jdks\corretto-17.0.10\bin\jli.dll
0x00007ffb519e0000 - 0x00007ffb51b8e000 	C:\WINDOWS\System32\USER32.dll
0x00007ffae90c0000 - 0x00007ffae90db000 	C:\Users\luczu\.jdks\corretto-17.0.10\bin\VCRUNTIME140.dll
0x00007ffb4f2a0000 - 0x00007ffb4f2c6000 	C:\WINDOWS\System32\win32u.dll
0x00007ffb51990000 - 0x00007ffb519b9000 	C:\WINDOWS\System32\GDI32.dll
0x00007ffb25b40000 - 0x00007ffb25dd3000 	C:\WINDOWS\WinSxS\amd64_microsoft.windows.common-controls_6595b64144ccf1df_6.0.22621.2506_none_270c5ae97388e100\COMCTL32.dll
0x00007ffb4f090000 - 0x00007ffb4f1a8000 	C:\WINDOWS\System32\gdi32full.dll
0x00007ffb50f30000 - 0x00007ffb50fd7000 	C:\WINDOWS\System32\msvcrt.dll
0x00007ffb4f4b0000 - 0x00007ffb4f54a000 	C:\WINDOWS\System32\msvcp_win.dll
0x00007ffb51820000 - 0x00007ffb51851000 	C:\WINDOWS\System32\IMM32.DLL
0x00007ffae9130000 - 0x00007ffae913c000 	C:\Users\luczu\.jdks\corretto-17.0.10\bin\vcruntime140_1.dll
0x00007ffae9170000 - 0x00007ffae91fd000 	C:\Users\luczu\.jdks\corretto-17.0.10\bin\msvcp140.dll
0x00007ffa72f60000 - 0x00007ffa73bc2000 	C:\Users\luczu\.jdks\corretto-17.0.10\bin\server\jvm.dll
0x00007ffb4fc50000 - 0x00007ffb4fd03000 	C:\WINDOWS\System32\ADVAPI32.dll
0x00007ffb51210000 - 0x00007ffb512b8000 	C:\WINDOWS\System32\sechost.dll
0x00007ffb4fa70000 - 0x00007ffb4fa98000 	C:\WINDOWS\System32\bcrypt.dll
0x00007ffb50fe0000 - 0x00007ffb510f7000 	C:\WINDOWS\System32\RPCRT4.dll
0x00007ffb4df10000 - 0x00007ffb4df5d000 	C:\WINDOWS\SYSTEM32\POWRPROF.dll
0x00007ffb04a40000 - 0x00007ffb04a49000 	C:\WINDOWS\SYSTEM32\WSOCK32.dll
0x00007ffb44c00000 - 0x00007ffb44c34000 	C:\WINDOWS\SYSTEM32\WINMM.dll
0x00007ffb51190000 - 0x00007ffb51201000 	C:\WINDOWS\System32\WS2_32.dll
0x00007ffb44e30000 - 0x00007ffb44e3a000 	C:\WINDOWS\SYSTEM32\VERSION.dll
0x00007ffb4def0000 - 0x00007ffb4df03000 	C:\WINDOWS\SYSTEM32\UMPDC.dll
0x00007ffb4e110000 - 0x00007ffb4e128000 	C:\WINDOWS\SYSTEM32\kernel.appcore.dll
0x00007ffaf34c0000 - 0x00007ffaf34ca000 	C:\Users\luczu\.jdks\corretto-17.0.10\bin\jimage.dll
0x00007ffb4c840000 - 0x00007ffb4ca73000 	C:\WINDOWS\SYSTEM32\DBGHELP.DLL
0x00007ffb4fdc0000 - 0x00007ffb50149000 	C:\WINDOWS\System32\combase.dll
0x00007ffb514d0000 - 0x00007ffb515a7000 	C:\WINDOWS\System32\OLEAUT32.dll
0x00007ffb30770000 - 0x00007ffb307a2000 	C:\WINDOWS\SYSTEM32\dbgcore.DLL
0x00007ffb4f1b0000 - 0x00007ffb4f22a000 	C:\WINDOWS\System32\bcryptPrimitives.dll
0x00007ffa79bf0000 - 0x00007ffa79c15000 	C:\Users\luczu\.jdks\corretto-17.0.10\bin\java.dll
0x00007ffa72dd0000 - 0x00007ffa72ea7000 	C:\Users\luczu\.jdks\corretto-17.0.10\bin\jsvml.dll
0x00007ffb506d0000 - 0x00007ffb50f2a000 	C:\WINDOWS\System32\SHELL32.dll
0x00007ffb4cfa0000 - 0x00007ffb4d896000 	C:\WINDOWS\SYSTEM32\windows.storage.dll
0x00007ffb4ce60000 - 0x00007ffb4cf9e000 	C:\WINDOWS\SYSTEM32\wintypes.dll
0x00007ffb505d0000 - 0x00007ffb506c3000 	C:\WINDOWS\System32\SHCORE.dll
0x00007ffb4fd10000 - 0x00007ffb4fd6e000 	C:\WINDOWS\System32\shlwapi.dll
0x00007ffb4efc0000 - 0x00007ffb4efe6000 	C:\WINDOWS\SYSTEM32\profapi.dll
0x00007ffaf34a0000 - 0x00007ffaf34b9000 	C:\Users\luczu\.jdks\corretto-17.0.10\bin\net.dll
0x00007ffb45740000 - 0x00007ffb45877000 	C:\WINDOWS\SYSTEM32\WINHTTP.dll
0x00007ffb4e630000 - 0x00007ffb4e699000 	C:\WINDOWS\system32\mswsock.dll
0x00007ffa79bd0000 - 0x00007ffa79be6000 	C:\Users\luczu\.jdks\corretto-17.0.10\bin\nio.dll
0x00007ffa79bb0000 - 0x00007ffa79bc8000 	C:\Users\luczu\.jdks\corretto-17.0.10\bin\zip.dll
0x0000021cfe890000 - 0x0000021cfe893000 	C:\Program Files (x86)\Windows Kits\10\Redist\ucrt\DLLs\x64\api-ms-win-crt-locale-l1-1-0.dll
0x0000021cfe8a0000 - 0x0000021cfe8a4000 	C:\Program Files (x86)\Windows Kits\10\Redist\ucrt\DLLs\x64\api-ms-win-crt-string-l1-1-0.dll
0x0000021cfe8b0000 - 0x0000021cfe8b4000 	C:\Program Files (x86)\Windows Kits\10\Redist\ucrt\DLLs\x64\api-ms-win-crt-stdio-l1-1-0.dll
0x0000021cfe8c0000 - 0x0000021cfe8c5000 	C:\Program Files (x86)\Windows Kits\10\Redist\ucrt\DLLs\x64\api-ms-win-crt-math-l1-1-0.dll
0x0000021cfe8d0000 - 0x0000021cfe8d3000 	C:\Program Files (x86)\Windows Kits\10\Redist\ucrt\DLLs\x64\api-ms-win-crt-heap-l1-1-0.dll
0x0000021cfe8e0000 - 0x0000021cfe8e4000 	C:\Program Files (x86)\Windows Kits\10\Redist\ucrt\DLLs\x64\api-ms-win-crt-runtime-l1-1-0.dll
0x0000021cfe8f0000 - 0x0000021cfe8f4000 	C:\Program Files (x86)\Windows Kits\10\Redist\ucrt\DLLs\x64\api-ms-win-crt-convert-l1-1-0.dll
0x0000021cfe900000 - 0x0000021cfe903000 	C:\Program Files (x86)\Windows Kits\10\Redist\ucrt\DLLs\x64\api-ms-win-crt-environment-l1-1-0.dll
0x0000021cfe910000 - 0x0000021cfe913000 	C:\Program Files (x86)\Windows Kits\10\Redist\ucrt\DLLs\x64\api-ms-win-crt-time-l1-1-0.dll
0x0000021cfe920000 - 0x0000021cfe923000 	C:\Program Files (x86)\Windows Kits\10\Redist\ucrt\DLLs\x64\api-ms-win-crt-filesystem-l1-1-0.dll
0x0000021cfe930000 - 0x0000021cfe933000 	C:\Program Files (x86)\Windows Kits\10\Redist\ucrt\DLLs\x64\api-ms-win-crt-utility-l1-1-0.dll
0x0000021cfe940000 - 0x0000021cfe945000 	C:\Program Files (x86)\Windows Kits\10\Redist\ucrt\DLLs\x64\api-ms-win-crt-multibyte-l1-1-0.dll
0x0000021cfe950000 - 0x0000021cfe953000 	C:\Program Files (x86)\Windows Kits\10\Redist\ucrt\DLLs\x64\api-ms-win-crt-conio-l1-1-0.dll
0x0000021cfe960000 - 0x0000021cfe96f000 	C:\Program Files (x86)\Windows Kits\10\Redist\ucrt\DLLs\x64\api-ms-win-crt-private-l1-1-0.dll
0x0000021cfe970000 - 0x0000021cfe973000 	C:\Program Files (x86)\Windows Kits\10\Redist\ucrt\DLLs\x64\api-ms-win-crt-process-l1-1-0.dll
0x0000021cfe980000 - 0x0000021cfe983000 	C:\Program Files\Microsoft\jdk-11.0.12.7-hotspot\bin\api-ms-win-core-console-l1-2-0.dll
0x0000021cfe990000 - 0x0000021cfe993000 	C:\Program Files (x86)\Windows Kits\10\Redist\ucrt\DLLs\x64\api-ms-win-core-string-l1-1-0.dll
0x0000021cfe9a0000 - 0x0000021cfe9a3000 	C:\Program Files (x86)\Windows Kits\10\Redist\ucrt\DLLs\x64\api-ms-win-core-errorhandling-l1-1-0.dll
0x0000021cfe9b0000 - 0x0000021cfe9b3000 	C:\Program Files (x86)\Windows Kits\10\Redist\ucrt\DLLs\x64\api-ms-win-core-timezone-l1-1-0.dll
0x0000021cfe9c0000 - 0x0000021cfe9c4000 	C:\Program Files (x86)\Windows Kits\10\Redist\ucrt\DLLs\x64\api-ms-win-core-file-l1-1-0.dll
0x0000021cfe9d0000 - 0x0000021cfe9d3000 	C:\Program Files (x86)\Windows Kits\10\Redist\ucrt\DLLs\x64\api-ms-win-core-namedpipe-l1-1-0.dll
0x0000021cfe9e0000 - 0x0000021cfe9e3000 	C:\Program Files (x86)\Windows Kits\10\Redist\ucrt\DLLs\x64\api-ms-win-core-handle-l1-1-0.dll
0x0000021cfe9f0000 - 0x0000021cfe9f3000 	C:\Program Files (x86)\Windows Kits\10\Redist\ucrt\DLLs\x64\api-ms-win-core-file-l2-1-0.dll
0x0000021cfea00000 - 0x0000021cfea03000 	C:\Program Files (x86)\Windows Kits\10\Redist\ucrt\DLLs\x64\api-ms-win-core-heap-l1-1-0.dll
0x0000021cfea10000 - 0x0000021cfea13000 	C:\Program Files (x86)\Windows Kits\10\Redist\ucrt\DLLs\x64\api-ms-win-core-libraryloader-l1-1-0.dll
0x0000021cfea20000 - 0x0000021cfea23000 	C:\Program Files (x86)\Windows Kits\10\Redist\ucrt\DLLs\x64\api-ms-win-core-synch-l1-1-0.dll
0x0000021cffa00000 - 0x0000021cffa03000 	C:\Program Files (x86)\Windows Kits\10\Redist\ucrt\DLLs\x64\api-ms-win-core-processthreads-l1-1-0.dll
0x0000021cffa10000 - 0x0000021cffa13000 	C:\Program Files (x86)\Windows Kits\10\Redist\ucrt\DLLs\x64\api-ms-win-core-processenvironment-l1-1-0.dll
0x0000021cffa20000 - 0x0000021cffa23000 	C:\Program Files (x86)\Windows Kits\10\Redist\ucrt\DLLs\x64\api-ms-win-core-datetime-l1-1-0.dll
0x0000021cffa30000 - 0x0000021cffa33000 	C:\Program Files (x86)\Windows Kits\10\Redist\ucrt\DLLs\x64\api-ms-win-core-localization-l1-2-0.dll
0x0000021cffa40000 - 0x0000021cffa43000 	C:\Program Files (x86)\Windows Kits\10\Redist\ucrt\DLLs\x64\api-ms-win-core-sysinfo-l1-1-0.dll
0x0000021cffa50000 - 0x0000021cffa53000 	C:\Program Files (x86)\Windows Kits\10\Redist\ucrt\DLLs\x64\api-ms-win-core-synch-l1-2-0.dll
0x0000021cffa60000 - 0x0000021cffa63000 	C:\Program Files (x86)\Windows Kits\10\Redist\ucrt\DLLs\x64\api-ms-win-core-console-l1-1-0.dll
0x0000021cffa70000 - 0x0000021cffa73000 	C:\Program Files (x86)\Windows Kits\10\Redist\ucrt\DLLs\x64\api-ms-win-core-debug-l1-1-0.dll
0x0000021cffa80000 - 0x0000021cffa83000 	C:\Program Files (x86)\Windows Kits\10\Redist\ucrt\DLLs\x64\api-ms-win-core-rtlsupport-l1-1-0.dll
0x0000021cffa90000 - 0x0000021cffa93000 	C:\Program Files (x86)\Windows Kits\10\Redist\ucrt\DLLs\x64\api-ms-win-core-processthreads-l1-1-1.dll
0x0000021cffaa0000 - 0x0000021cffaa3000 	C:\Program Files (x86)\Windows Kits\10\Redist\ucrt\DLLs\x64\api-ms-win-core-file-l1-2-0.dll
0x0000021cffab0000 - 0x0000021cffab3000 	C:\Program Files (x86)\Windows Kits\10\Redist\ucrt\DLLs\x64\api-ms-win-core-profile-l1-1-0.dll
0x0000021cffac0000 - 0x0000021cffac3000 	C:\Program Files (x86)\Windows Kits\10\Redist\ucrt\DLLs\x64\api-ms-win-core-memory-l1-1-0.dll
0x0000021cffad0000 - 0x0000021cffad3000 	C:\Program Files (x86)\Windows Kits\10\Redist\ucrt\DLLs\x64\api-ms-win-core-util-l1-1-0.dll
0x0000021cffae0000 - 0x0000021cffae3000 	C:\Program Files (x86)\Windows Kits\10\Redist\ucrt\DLLs\x64\api-ms-win-core-interlocked-l1-1-0.dll
0x00007ffa4ea80000 - 0x00007ffa4eb72000 	C:\Program Files (x86)\Windows Kits\10\Redist\ucrt\DLLs\x64\ucrtbase.dll
0x00007ffb46460000 - 0x00007ffb46469000 	C:\Windows\System32\msvcp140_1.dll
0x00007ffb269e0000 - 0x00007ffb26a2e000 	C:\Windows\System32\concrt140.dll
0x00007ffb19260000 - 0x00007ffb19291000 	C:\Windows\System32\vcomp140.dll
0x00007ffb1a5e0000 - 0x00007ffb1a6e0000 	C:\Windows\System32\opengl32.dll
0x00007ffb1aad0000 - 0x00007ffb1aafd000 	C:\WINDOWS\SYSTEM32\GLU32.dll
0x00007ffb4c1e0000 - 0x00007ffb4c216000 	C:\WINDOWS\SYSTEM32\dxcore.dll
0x00007ffa35060000 - 0x00007ffa3527d000 	C:\Users\luczu\.javacpp\cache\jaylib-4.5.0-0.jar\com\raylib\windows-x86_64\jniRaylib.dll

dbghelp: loaded successfully - version: 4.0.5 - missing functions: none
symbol engine: initialized successfully - sym options: 0x614 - pdb path: .;C:\Users\luczu\.jdks\corretto-17.0.10\bin;C:\WINDOWS\SYSTEM32;C:\WINDOWS\WinSxS\amd64_microsoft.windows.common-controls_6595b64144ccf1df_6.0.22621.2506_none_270c5ae97388e100;C:\Users\luczu\.jdks\corretto-17.0.10\bin\server;C:\Program Files (x86)\Windows Kits\10\Redist\ucrt\DLLs\x64;C:\Program Files\Microsoft\jdk-11.0.12.7-hotspot\bin;C:\Users\luczu\.javacpp\cache\jaylib-4.5.0-0.jar\com\raylib\windows-x86_64

VM Arguments:
jvm_args: -Dfile.encoding=windows-1252 -Duser.country=NL -Duser.language=nl -Duser.variant 
java_command: PineVille.GameScene
java_class_path (initial): C:\Users\luczu\OneDrive\Documenten\PineVille\build\classes\java\main;C:\Users\luczu\OneDrive\Documenten\PineVille\build\resources\main;C:\Users\luczu\.gradle\caches\modules-2\files-2.1\uk.co.electronstudio.jaylib\jaylib\4.5.0-0\90c0d608df9bbd32f5f34683acc58cb433e94508\jaylib-4.5.0-0.jar
Launcher Type: SUN_STANDARD

[Global flags]
     intx CICompilerCount                          = 12                                        {product} {ergonomic}
     uint ConcGCThreads                            = 3                                         {product} {ergonomic}
     uint G1ConcRefinementThreads                  = 13                                        {product} {ergonomic}
   size_t G1HeapRegionSize                         = 2097152                                   {product} {ergonomic}
    uintx GCDrainStackTargetSize                   = 64                                        {product} {ergonomic}
   size_t InitialHeapSize                          = 264241152                                 {product} {ergonomic}
   size_t MarkStackSize                            = 4194304                                   {product} {ergonomic}
   size_t MaxHeapSize                              = 4200595456                                {product} {ergonomic}
   size_t MaxNewSize                               = 2518679552                                {product} {ergonomic}
   size_t MinHeapDeltaBytes                        = 2097152                                   {product} {ergonomic}
   size_t MinHeapSize                              = 8388608                                   {product} {ergonomic}
    uintx NonNMethodCodeHeapSize                   = 7602480                                {pd product} {ergonomic}
    uintx NonProfiledCodeHeapSize                  = 122027880                              {pd product} {ergonomic}
    uintx ProfiledCodeHeapSize                     = 122027880                              {pd product} {ergonomic}
    uintx ReservedCodeCacheSize                    = 251658240                              {pd product} {ergonomic}
     bool SegmentedCodeCache                       = true                                      {product} {ergonomic}
   size_t SoftMaxHeapSize                          = 4200595456                             {manageable} {ergonomic}
     bool UseCompressedClassPointers               = true                           {product lp64_product} {ergonomic}
     bool UseCompressedOops                        = true                           {product lp64_product} {ergonomic}
     bool UseG1GC                                  = true                                      {product} {ergonomic}
     bool UseLargePagesIndividualAllocation        = false                                  {pd product} {ergonomic}

Logging:
Log output configuration:
 #0: stdout all=warning uptime,level,tags
 #1: stderr all=off uptime,level,tags

Environment Variables:
PATH=C:\Program Files (x86)\Common Files\Intel\Shared Libraries\redist\intel64\compiler;C:\Program Files\Common Files\Oracle\Java\javapath;C:\Program Files\Microsoft\jdk-11.0.12.7-hotspot\bin;C:\windows\system32;C:\windows;C:\windows\System32\Wbem;C:\windows\System32\WindowsPowerShell\v1.0\;C:\windows\System32\OpenSSH\;C:\Program Files (x86)\NVIDIA Corporation\PhysX\Common;C:\Program Files\NVIDIA Corporation\NVIDIA NvDLISR;C:\Program Files\Microsoft SQL Server\150\Tools\Binn\;C:\Program Files\Microsoft SQL Server\Client SDK\ODBC\170\Tools\Binn\;C:\Program Files\dotnet\;C:\WINDOWS\system32;C:\WINDOWS;C:\WINDOWS\System32\Wbem;C:\WINDOWS\System32\WindowsPowerShell\v1.0\;C:\WINDOWS\System32\OpenSSH\;C:\Program Files\CMake\bin;C:\Program Files\Git\cmd;C:\Users\luczu\AppData\Local\Microsoft\WindowsApps;C:\Users\luczu\.dotnet\tools;C:\Users\luczu\AppData\Local\GitHubDesktop\bin;;C:\Users\luczu\AppData\Local\Programs\Microsoft VS Code\bin
USERNAME=luczu
OS=Windows_NT
PROCESSOR_IDENTIFIER=Intel64 Family 6 Model 141 Stepping 1, GenuineIntel
TMP=C:\Users\luczu\AppData\Local\Temp
TEMP=C:\Users\luczu\AppData\Local\Temp



Periodic native trim disabled


---------------  S Y S T E M  ---------------

OS:
 Windows 11 , 64 bit Build 22621 (10.0.22621.2506)
OS uptime: 0 days 2:12 hours
Hyper-V role detected

CPU: total 16 (initial active 16) (8 cores per cpu, 2 threads per core) family 6 model 141 stepping 1 microcode 0x4e, cx8, cmov, fxsr, ht, mmx, 3dnowpref, sse, sse2, sse3, ssse3, sse4.1, sse4.2, popcnt, lzcnt, tsc, tscinvbit, avx, avx2, aes, erms, clmul, bmi1, bmi2, adx, avx512f, avx512dq, avx512cd, avx512bw, avx512vl, sha, fma, vzeroupper, avx512_vpopcntdq, avx512_vpclmulqdq, avx512_vaes, avx512_vnni, clflush, clflushopt, clwb, avx512_vbmi2, avx512_vbmi, hv
Processor Information for all 16 processors :
  Max Mhz: 2304, Current Mhz: 2304, Mhz Limit: 2304

Memory: 4k page, system-wide physical 16021M (4058M free)
TotalPageFile size 34453M (AvailPageFile size 12106M)
current process WorkingSet (physical memory assigned to process): 117M, peak: 123M
current process commit charge ("private bytes"): 409M, peak: 416M

vm_info: OpenJDK 64-Bit Server VM (17.0.10+7-LTS) for windows-amd64 JRE (17.0.10+7-LTS), built on Jan 10 2024 22:11:07 by "Administrator" with MS VC++ 16.10 / 16.11 (VS2019)

END.
