#
# A fatal error has been detected by the Java Runtime Environment:
#
#  EXCEPTION_ACCESS_VIOLATION (0xc0000005) at pc=0x0000000000000000, pid=7852, tid=18696
#
# JRE version: OpenJDK Runtime Environment Corretto-17.0.10.7.1 (17.0.10+7) (build 17.0.10+7-LTS)
# Java VM: OpenJDK 64-Bit Server VM Corretto-17.0.10.7.1 (17.0.10+7-LTS, mixed mode, sharing, tiered, compressed oops, compressed class ptrs, g1 gc, windows-amd64)
# Problematic frame:
# C  [jniRaylib.dll+0xdcb37]
#
# No core dump will be written. Minidumps are not enabled by default on client versions of Windows
#
# If you would like to submit a bug report, please visit:
#   https://github.com/corretto/corretto-17/issues/
# The crash happened outside the Java Virtual Machine in native code.
# See problematic frame for where to report the bug.
#

---------------  S U M M A R Y ------------

Command Line: -Dfile.encoding=windows-1252 -Duser.country=NL -Duser.language=nl -Duser.variant PineVille.GameScene

Host: 11th Gen Intel(R) Core(TM) i7-11800H @ 2.30GHz, 16 cores, 15G,  Windows 11 , 64 bit Build 22621 (10.0.22621.2506)
Time: Tue Feb 13 11:58:42 2024 West-Europa (standaardtijd) elapsed time: 0.699038 seconds (0d 0h 0m 0s)

---------------  T H R E A D  ---------------

Current thread (0x000001b9741abb80):  JavaThread "main" [_thread_in_native, id=18696, stack(0x0000004cbca00000,0x0000004cbcb00000)]

Stack: [0x0000004cbca00000,0x0000004cbcb00000],  sp=0x0000004cbcaff2b0,  free space=1020k
Native frames: (J=compiled Java code, j=interpreted, Vv=VM code, C=native code)

Java frames: (J=compiled Java code, j=interpreted, Vv=VM code)
j  com.raylib.Raylib.LoadTexture(Ljava/lang/String;)Lcom/raylib/Raylib$Texture;+0
j  PineVille.GameScene.main([Ljava/lang/String;)V+10
v  ~StubRoutines::call_stub

siginfo: EXCEPTION_ACCESS_VIOLATION (0xc0000005), data execution prevention violation at address 0x0000000000000000


Registers:
RAX=0x0000a0274b93263c, RBX=0x0000000000000002, RCX=0x0000000000000de1, RDX=0x0000000000000000
RSP=0x0000004cbcaff2a8, RBP=0x0000000000000002, RSI=0x0000000000000020, RDI=0x0000000000000020
R8 =0x0000000000000020, R9 =0x0000000000000002, R10=0x000001b971db0000, R11=0x0000004cbcaff2e0
R12=0x0000000000000000, R13=0x000001b95d4d13b0, R14=0x0000000000000020, R15=0x000001b9741abb80
RIP=0x0000000000000000, EFLAGS=0x0000000000010246


Register to memory mapping:

RIP=0x0 is NULL
RAX=0x0000a0274b93263c is an unknown value
RBX=0x0000000000000002 is an unknown value
RCX=0x0000000000000de1 is an unknown value
RDX=0x0 is NULL
RSP=0x0000004cbcaff2a8 is pointing into the stack for thread: 0x000001b9741abb80
RBP=0x0000000000000002 is an unknown value
RSI=0x0000000000000020 is an unknown value
RDI=0x0000000000000020 is an unknown value
R8 =0x0000000000000020 is an unknown value
R9 =0x0000000000000002 is an unknown value
R10=0x000001b971db0000 points into unknown readable memory: 0x0000000000000000 | 00 00 00 00 00 00 00 00
R11=0x0000004cbcaff2e0 is pointing into the stack for thread: 0x000001b9741abb80
R12=0x0 is NULL
R13=0x000001b95d4d13b0 points into unknown readable memory: 0x00ff00ff00ff00ff | ff 00 ff 00 ff 00 ff 00
R14=0x0000000000000020 is an unknown value
R15=0x000001b9741abb80 is a thread


Top of Stack: (sp=0x0000004cbcaff2a8)
0x0000004cbcaff2a8:   00007ffc6c00cb37 0000000000000000
0x0000004cbcaff2b8:   0000000000000000 0000000000000000
0x0000004cbcaff2c8:   00007ffd4103480e 000001b95d4ed5b0
0x0000004cbcaff2d8:   0000004cbcaff460 000001b9741abb80
0x0000004cbcaff2e8:   0000000000000000 000001b95941d7f8
0x0000004cbcaff2f8:   0000000000000000 000001b900000000
0x0000004cbcaff308:   00007ffd43b6ab11 0000002000000020
0x0000004cbcaff318:   000001b971db0000 0000000200000001
0x0000004cbcaff328:   0000a0274b93263c 0000000000000000
0x0000004cbcaff338:   000001b95da9d750 000001b95da9d560
0x0000004cbcaff348:   00007ffd410437eb 0000004cbcaff460
0x0000004cbcaff358:   0000000000000001 000001b95941d7f8
0x0000004cbcaff368:   000001b95d4d13b0 0000004cbcaff460
0x0000004cbcaff378:   00007ffc6bfe1bf0 0000004cbcaff460
0x0000004cbcaff388:   000001b900000000 0000000000000000
0x0000004cbcaff398:   0000000000000000 000001b900000001
0x0000004cbcaff3a8:   0000004cbcaff9f0 0000004c00000000
0x0000004cbcaff3b8:   00007ffd41041b06 0000000000000000
0x0000004cbcaff3c8:   000001b95d4d13b0 0000002000000020
0x0000004cbcaff3d8:   0000000200000001 000001b95d4d13b0
0x0000004cbcaff3e8:   0000002000000020 0000000200000001
0x0000004cbcaff3f8:   0000000000000002 000001b95d4ed5b0
0x0000004cbcaff408:   000001b9741abe38 000001b917d04a10
0x0000004cbcaff418:   00007ffc6bf7333b 0000004c000001f0
0x0000004cbcaff428:   000001b95941d800 0000004cbcaff518
0x0000004cbcaff438:   0000004cbcaff9f0 000001b9741abb80
0x0000004cbcaff448:   000001b9741abb80 000001b95d4ed5b0
0x0000004cbcaff458:   000001b9741abb80 0000000000000000
0x0000004cbcaff468:   0000000000000000 000001b900000000
0x0000004cbcaff478:   000001b95941d800 0000004cbcaff538
0x0000004cbcaff488:   000001b9741abb80 0000004cbcaff9f0
0x0000004cbcaff498:   000001b90745d621 000001b9741abe38 

Instructions: (pc=0x00007ffc6c00cb37)
0x00007ffc6c00ca37:   44 24 50 c7 44 24 50 00 00 00 00 ba 84 8b 00 00
0x00007ffc6c00ca47:   8b ce ff 15 89 41 11 00 48 63 44 24 50 85 c0 7e
0x00007ffc6c00ca57:   4d 48 8b c8 c7 44 24 20 00 00 00 00 ba 01 00 00
0x00007ffc6c00ca67:   00 ff 15 ba 0b 08 00 8b 54 24 50 4c 8d 44 24 20
0x00007ffc6c00ca77:   4c 8b c8 8b ce 48 8b d8 ff 15 bb 40 11 00 4c 8b
0x00007ffc6c00ca87:   cb 48 8d 15 a9 d9 08 00 44 8b c6 b9 04 00 00 00
0x00007ffc6c00ca97:   e8 d4 ce 06 00 48 8b cb ff 15 93 0b 08 00 8b ce
0x00007ffc6c00caa7:   ff 15 5b 3a 11 00 33 c0 48 8b 5c 24 40 48 8b 74
0x00007ffc6c00cab7:   24 48 48 83 c4 30 5f c3 48 8d 15 92 d9 08 00 b9
0x00007ffc6c00cac7:   03 00 00 00 e8 a0 ce 06 00 48 8b 5c 24 40 8b c6
0x00007ffc6c00cad7:   48 8b 74 24 48 48 83 c4 30 5f c3 cc cc cc cc cc
0x00007ffc6c00cae7:   cc cc cc cc cc cc cc cc cc 40 53 56 41 55 41 56
0x00007ffc6c00caf7:   48 81 ec a8 00 00 00 48 8b 05 73 12 11 00 48 33
0x00007ffc6c00cb07:   c4 48 89 44 24 78 44 8b f2 89 54 24 60 4c 8b e9
0x00007ffc6c00cb17:   44 89 44 24 64 33 d2 c7 44 24 50 00 00 00 00 b9
0x00007ffc6c00cb27:   e1 0d 00 00 41 8b d9 41 8b f0 ff 15 f1 35 11 00
0x00007ffc6c00cb37:   80 3d 00 61 11 00 00 75 1e 8d 43 f5 83 f8 03 77
0x00007ffc6c00cb47:   16 48 8d 15 e9 d1 08 00 b9 04 00 00 00 e8 17 ce
0x00007ffc6c00cb57:   06 00 e9 f6 03 00 00 80 3d da 60 11 00 00 75 19
0x00007ffc6c00cb67:   83 fb 0f 75 14 48 8d 15 f5 d1 08 00 8d 4b f5 e8
0x00007ffc6c00cb77:   f5 cd 06 00 e9 d4 03 00 00 80 3d b9 60 11 00 00
0x00007ffc6c00cb87:   75 1e 8d 43 f0 83 f8 01 77 16 48 8d 15 08 d2 08
0x00007ffc6c00cb97:   00 b9 04 00 00 00 e8 ce cd 06 00 e9 ad 03 00 00
0x00007ffc6c00cba7:   80 3d 93 60 11 00 00 75 1e 8d 43 ee 83 f8 01 77
0x00007ffc6c00cbb7:   16 48 8d 15 19 d2 08 00 b9 04 00 00 00 e8 a7 cd
0x00007ffc6c00cbc7:   06 00 e9 86 03 00 00 80 3d 6d 60 11 00 00 75 1e
0x00007ffc6c00cbd7:   8d 43 ec 83 f8 01 77 16 48 8d 15 2a d2 08 00 b9
0x00007ffc6c00cbe7:   04 00 00 00 e8 80 cd 06 00 e9 5f 03 00 00 48 89
0x00007ffc6c00cbf7:   ac 24 a0 00 00 00 ba 01 00 00 00 48 89 bc 24 98
0x00007ffc6c00cc07:   00 00 00 b9 f5 0c 00 00 4c 89 a4 24 90 00 00 00
0x00007ffc6c00cc17:   4c 89 bc 24 88 00 00 00 ff 15 13 48 11 00 48 8d
0x00007ffc6c00cc27:   54 24 50 b9 01 00 00 00 ff 15 43 3c 11 00 8b 54 


Stack slot to memory mapping:
stack at sp + 0 slots: 0x0 is NULL
stack at sp + 1 slots: 0x0 is NULL
stack at sp + 2 slots: 0x0 is NULL
stack at sp + 3 slots: 0x00007ffd4103480e ucrtbase.dll
stack at sp + 4 slots: 0x000001b95d4ed5b0 points into unknown readable memory: 0x656372756f736572 | 72 65 73 6f 75 72 63 65
stack at sp + 5 slots: 0x0000004cbcaff460 is pointing into the stack for thread: 0x000001b9741abb80
stack at sp + 6 slots: 0x000001b9741abb80 is a thread
stack at sp + 7 slots: 0x0 is NULL


---------------  P R O C E S S  ---------------

Threads class SMR info:
_java_thread_list=0x000001b95ddc5060, length=18, elements={
0x000001b9741abb80, 0x000001b917af70d0, 0x000001b917af7c90, 0x000001b917b0f6f0,
0x000001b917b102c0, 0x000001b917b14ca0, 0x000001b917b15660, 0x000001b917b19900,
0x000001b917b1a3b0, 0x000001b917b23dd0, 0x000001b917c47f20, 0x000001b917c574e0,
0x000001b917c5cea0, 0x000001b95d378e10, 0x000001b917ed3340, 0x000001b95d5ffe60,
0x000001b95f0cc010, 0x000001b95ddc50d0
}

Java Threads: ( => current thread )
=>0x000001b9741abb80 JavaThread "main" [_thread_in_native, id=18696, stack(0x0000004cbca00000,0x0000004cbcb00000)]
  0x000001b917af70d0 JavaThread "Reference Handler" daemon [_thread_blocked, id=31880, stack(0x0000004cbd100000,0x0000004cbd200000)]
  0x000001b917af7c90 JavaThread "Finalizer" daemon [_thread_blocked, id=8752, stack(0x0000004cbd200000,0x0000004cbd300000)]
  0x000001b917b0f6f0 JavaThread "Signal Dispatcher" daemon [_thread_blocked, id=23668, stack(0x0000004cbd300000,0x0000004cbd400000)]
  0x000001b917b102c0 JavaThread "Attach Listener" daemon [_thread_blocked, id=23676, stack(0x0000004cbd400000,0x0000004cbd500000)]
  0x000001b917b14ca0 JavaThread "Service Thread" daemon [_thread_blocked, id=12140, stack(0x0000004cbd500000,0x0000004cbd600000)]
  0x000001b917b15660 JavaThread "Monitor Deflation Thread" daemon [_thread_blocked, id=28224, stack(0x0000004cbd600000,0x0000004cbd700000)]
  0x000001b917b19900 JavaThread "C2 CompilerThread0" daemon [_thread_blocked, id=29848, stack(0x0000004cbd700000,0x0000004cbd800000)]
  0x000001b917b1a3b0 JavaThread "C1 CompilerThread0" daemon [_thread_blocked, id=15544, stack(0x0000004cbd800000,0x0000004cbd900000)]
  0x000001b917b23dd0 JavaThread "Sweeper thread" daemon [_thread_blocked, id=12408, stack(0x0000004cbd900000,0x0000004cbda00000)]
  0x000001b917c47f20 JavaThread "C1 CompilerThread1" daemon [_thread_blocked, id=32324, stack(0x0000004cbda00000,0x0000004cbdb00000)]
  0x000001b917c574e0 JavaThread "Notification Thread" daemon [_thread_blocked, id=27708, stack(0x0000004cbdb00000,0x0000004cbdc00000)]
  0x000001b917c5cea0 JavaThread "Common-Cleaner" daemon [_thread_blocked, id=29096, stack(0x0000004cbdd00000,0x0000004cbde00000)]
  0x000001b95d378e10 JavaThread "C2 CompilerThread1" daemon [_thread_blocked, id=32404, stack(0x0000004cbde00000,0x0000004cbdf00000)]
  0x000001b917ed3340 JavaThread "C2 CompilerThread2" daemon [_thread_blocked, id=28320, stack(0x0000004cbdf00000,0x0000004cbe000000)]
  0x000001b95d5ffe60 JavaThread "C2 CompilerThread3" daemon [_thread_in_native, id=30804, stack(0x0000004cbe000000,0x0000004cbe100000)]
  0x000001b95f0cc010 JavaThread "C1 CompilerThread2" daemon [_thread_blocked, id=30796, stack(0x0000004cbe100000,0x0000004cbe200000)]
  0x000001b95ddc50d0 JavaThread "JavaCPP Deallocator" daemon [_thread_blocked, id=10420, stack(0x0000004cbe200000,0x0000004cbe300000)]

Other Threads:
  0x000001b9179de490 VMThread "VM Thread" [stack: 0x0000004cbd000000,0x0000004cbd100000] [id=23172]
  0x000001b917c581e0 WatcherThread [stack: 0x0000004cbdc00000,0x0000004cbdd00000] [id=11712]
  0x000001b9742170d0 GCTaskThread "GC Thread#0" [stack: 0x0000004cbcb00000,0x0000004cbcc00000] [id=19192]
  0x000001b95de9cd10 GCTaskThread "GC Thread#1" [stack: 0x0000004cbe300000,0x0000004cbe400000] [id=30832]
  0x000001b95fa58cb0 GCTaskThread "GC Thread#2" [stack: 0x0000004cbe400000,0x0000004cbe500000] [id=7836]
  0x000001b95fd7f8d0 GCTaskThread "GC Thread#3" [stack: 0x0000004cbe500000,0x0000004cbe600000] [id=28804]
  0x000001b95d822db0 GCTaskThread "GC Thread#4" [stack: 0x0000004cbe600000,0x0000004cbe700000] [id=13860]
  0x000001b95ee01270 GCTaskThread "GC Thread#5" [stack: 0x0000004cbe700000,0x0000004cbe800000] [id=28860]
  0x000001b974227a70 ConcurrentGCThread "G1 Main Marker" [stack: 0x0000004cbcc00000,0x0000004cbcd00000] [id=30764]
  0x000001b9742294a0 ConcurrentGCThread "G1 Conc#0" [stack: 0x0000004cbcd00000,0x0000004cbce00000] [id=23612]
  0x000001b917896f10 ConcurrentGCThread "G1 Refine#0" [stack: 0x0000004cbce00000,0x0000004cbcf00000] [id=23636]
  0x000001b917897940 ConcurrentGCThread "G1 Service" [stack: 0x0000004cbcf00000,0x0000004cbd000000] [id=30824]

Threads with active compile tasks:
C2 CompilerThread3      756  546       4       java.lang.CompoundEnumeration::next (58 bytes)

VM state: not at safepoint (normal execution)

VM Mutex/Monitor currently owned by a thread: None

Heap address: 0x0000000705a00000, size: 4006 MB, Compressed Oops mode: Zero based, Oop shift amount: 3

CDS archive(s) mapped at: [0x000001b918000000-0x000001b918bb0000-0x000001b918bb0000), size 12255232, SharedBaseAddress: 0x000001b918000000, ArchiveRelocationMode: 1.
Compressed class space mapped at: 0x000001b919000000-0x000001b959000000, reserved size: 1073741824
Narrow klass base: 0x000001b918000000, Narrow klass shift: 0, Narrow klass range: 0x100000000

GC Precious Log:
 CPUs: 16 total, 16 available
 Memory: 16021M
 Large Page Support: Disabled
 NUMA Support: Disabled
 Compressed Oops: Enabled (Zero based)
 Heap Region Size: 2M
 Heap Min Capacity: 8M
 Heap Initial Capacity: 252M
 Heap Max Capacity: 4006M
 Pre-touch: Disabled
 Parallel Workers: 13
 Concurrent Workers: 3
 Concurrent Refinement Workers: 13
 Periodic GC: Disabled

Heap:
 garbage-first heap   total 258048K, used 1679K [0x0000000705a00000, 0x0000000800000000)
  region size 2048K, 2 young (4096K), 1 survivors (2048K)
 Metaspace       used 1990K, committed 2176K, reserved 1114112K
  class space    used 174K, committed 256K, reserved 1048576K

Heap Regions: E=young(eden), S=young(survivor), O=old, HS=humongous(starts), HC=humongous(continues), CS=collection set, F=free, OA=open archive, CA=closed archive, TAMS=top-at-mark-start (previous, next)
|   0|0x0000000705a00000, 0x0000000705a00000, 0x0000000705c00000|  0%| F|  |TAMS 0x0000000705a00000, 0x0000000705a00000| Untracked 
|   1|0x0000000705c00000, 0x0000000705c00000, 0x0000000705e00000|  0%| F|  |TAMS 0x0000000705c00000, 0x0000000705c00000| Untracked 
|   2|0x0000000705e00000, 0x0000000705e00000, 0x0000000706000000|  0%| F|  |TAMS 0x0000000705e00000, 0x0000000705e00000| Untracked 
|   3|0x0000000706000000, 0x0000000706000000, 0x0000000706200000|  0%| F|  |TAMS 0x0000000706000000, 0x0000000706000000| Untracked 
|   4|0x0000000706200000, 0x0000000706200000, 0x0000000706400000|  0%| F|  |TAMS 0x0000000706200000, 0x0000000706200000| Untracked 
|   5|0x0000000706400000, 0x0000000706400000, 0x0000000706600000|  0%| F|  |TAMS 0x0000000706400000, 0x0000000706400000| Untracked 
|   6|0x0000000706600000, 0x0000000706600000, 0x0000000706800000|  0%| F|  |TAMS 0x0000000706600000, 0x0000000706600000| Untracked 
|   7|0x0000000706800000, 0x0000000706800000, 0x0000000706a00000|  0%| F|  |TAMS 0x0000000706800000, 0x0000000706800000| Untracked 
|   8|0x0000000706a00000, 0x0000000706a00000, 0x0000000706c00000|  0%| F|  |TAMS 0x0000000706a00000, 0x0000000706a00000| Untracked 
|   9|0x0000000706c00000, 0x0000000706c00000, 0x0000000706e00000|  0%| F|  |TAMS 0x0000000706c00000, 0x0000000706c00000| Untracked 
|  10|0x0000000706e00000, 0x0000000706e00000, 0x0000000707000000|  0%| F|  |TAMS 0x0000000706e00000, 0x0000000706e00000| Untracked 
|  11|0x0000000707000000, 0x0000000707000000, 0x0000000707200000|  0%| F|  |TAMS 0x0000000707000000, 0x0000000707000000| Untracked 
|  12|0x0000000707200000, 0x0000000707200000, 0x0000000707400000|  0%| F|  |TAMS 0x0000000707200000, 0x0000000707200000| Untracked 
|  13|0x0000000707400000, 0x0000000707400000, 0x0000000707600000|  0%| F|  |TAMS 0x0000000707400000, 0x0000000707400000| Untracked 
|  14|0x0000000707600000, 0x0000000707600000, 0x0000000707800000|  0%| F|  |TAMS 0x0000000707600000, 0x0000000707600000| Untracked 
|  15|0x0000000707800000, 0x0000000707800000, 0x0000000707a00000|  0%| F|  |TAMS 0x0000000707800000, 0x0000000707800000| Untracked 
|  16|0x0000000707a00000, 0x0000000707a00000, 0x0000000707c00000|  0%| F|  |TAMS 0x0000000707a00000, 0x0000000707a00000| Untracked 
|  17|0x0000000707c00000, 0x0000000707c00000, 0x0000000707e00000|  0%| F|  |TAMS 0x0000000707c00000, 0x0000000707c00000| Untracked 
|  18|0x0000000707e00000, 0x0000000707e00000, 0x0000000708000000|  0%| F|  |TAMS 0x0000000707e00000, 0x0000000707e00000| Untracked 
|  19|0x0000000708000000, 0x0000000708000000, 0x0000000708200000|  0%| F|  |TAMS 0x0000000708000000, 0x0000000708000000| Untracked 
|  20|0x0000000708200000, 0x0000000708200000, 0x0000000708400000|  0%| F|  |TAMS 0x0000000708200000, 0x0000000708200000| Untracked 
|  21|0x0000000708400000, 0x0000000708400000, 0x0000000708600000|  0%| F|  |TAMS 0x0000000708400000, 0x0000000708400000| Untracked 
|  22|0x0000000708600000, 0x0000000708600000, 0x0000000708800000|  0%| F|  |TAMS 0x0000000708600000, 0x0000000708600000| Untracked 
|  23|0x0000000708800000, 0x0000000708800000, 0x0000000708a00000|  0%| F|  |TAMS 0x0000000708800000, 0x0000000708800000| Untracked 
|  24|0x0000000708a00000, 0x0000000708a00000, 0x0000000708c00000|  0%| F|  |TAMS 0x0000000708a00000, 0x0000000708a00000| Untracked 
|  25|0x0000000708c00000, 0x0000000708c00000, 0x0000000708e00000|  0%| F|  |TAMS 0x0000000708c00000, 0x0000000708c00000| Untracked 
|  26|0x0000000708e00000, 0x0000000708e00000, 0x0000000709000000|  0%| F|  |TAMS 0x0000000708e00000, 0x0000000708e00000| Untracked 
|  27|0x0000000709000000, 0x0000000709000000, 0x0000000709200000|  0%| F|  |TAMS 0x0000000709000000, 0x0000000709000000| Untracked 
|  28|0x0000000709200000, 0x0000000709200000, 0x0000000709400000|  0%| F|  |TAMS 0x0000000709200000, 0x0000000709200000| Untracked 
|  29|0x0000000709400000, 0x0000000709400000, 0x0000000709600000|  0%| F|  |TAMS 0x0000000709400000, 0x0000000709400000| Untracked 
|  30|0x0000000709600000, 0x0000000709600000, 0x0000000709800000|  0%| F|  |TAMS 0x0000000709600000, 0x0000000709600000| Untracked 
|  31|0x0000000709800000, 0x0000000709800000, 0x0000000709a00000|  0%| F|  |TAMS 0x0000000709800000, 0x0000000709800000| Untracked 
|  32|0x0000000709a00000, 0x0000000709a00000, 0x0000000709c00000|  0%| F|  |TAMS 0x0000000709a00000, 0x0000000709a00000| Untracked 
|  33|0x0000000709c00000, 0x0000000709c00000, 0x0000000709e00000|  0%| F|  |TAMS 0x0000000709c00000, 0x0000000709c00000| Untracked 
|  34|0x0000000709e00000, 0x0000000709e00000, 0x000000070a000000|  0%| F|  |TAMS 0x0000000709e00000, 0x0000000709e00000| Untracked 
|  35|0x000000070a000000, 0x000000070a000000, 0x000000070a200000|  0%| F|  |TAMS 0x000000070a000000, 0x000000070a000000| Untracked 
|  36|0x000000070a200000, 0x000000070a200000, 0x000000070a400000|  0%| F|  |TAMS 0x000000070a200000, 0x000000070a200000| Untracked 
|  37|0x000000070a400000, 0x000000070a400000, 0x000000070a600000|  0%| F|  |TAMS 0x000000070a400000, 0x000000070a400000| Untracked 
|  38|0x000000070a600000, 0x000000070a600000, 0x000000070a800000|  0%| F|  |TAMS 0x000000070a600000, 0x000000070a600000| Untracked 
|  39|0x000000070a800000, 0x000000070a800000, 0x000000070aa00000|  0%| F|  |TAMS 0x000000070a800000, 0x000000070a800000| Untracked 
|  40|0x000000070aa00000, 0x000000070aa00000, 0x000000070ac00000|  0%| F|  |TAMS 0x000000070aa00000, 0x000000070aa00000| Untracked 
|  41|0x000000070ac00000, 0x000000070ac00000, 0x000000070ae00000|  0%| F|  |TAMS 0x000000070ac00000, 0x000000070ac00000| Untracked 
|  42|0x000000070ae00000, 0x000000070ae00000, 0x000000070b000000|  0%| F|  |TAMS 0x000000070ae00000, 0x000000070ae00000| Untracked 
|  43|0x000000070b000000, 0x000000070b000000, 0x000000070b200000|  0%| F|  |TAMS 0x000000070b000000, 0x000000070b000000| Untracked 
|  44|0x000000070b200000, 0x000000070b200000, 0x000000070b400000|  0%| F|  |TAMS 0x000000070b200000, 0x000000070b200000| Untracked 
|  45|0x000000070b400000, 0x000000070b400000, 0x000000070b600000|  0%| F|  |TAMS 0x000000070b400000, 0x000000070b400000| Untracked 
|  46|0x000000070b600000, 0x000000070b600000, 0x000000070b800000|  0%| F|  |TAMS 0x000000070b600000, 0x000000070b600000| Untracked 
|  47|0x000000070b800000, 0x000000070b800000, 0x000000070ba00000|  0%| F|  |TAMS 0x000000070b800000, 0x000000070b800000| Untracked 
|  48|0x000000070ba00000, 0x000000070ba00000, 0x000000070bc00000|  0%| F|  |TAMS 0x000000070ba00000, 0x000000070ba00000| Untracked 
|  49|0x000000070bc00000, 0x000000070bc00000, 0x000000070be00000|  0%| F|  |TAMS 0x000000070bc00000, 0x000000070bc00000| Untracked 
|  50|0x000000070be00000, 0x000000070be00000, 0x000000070c000000|  0%| F|  |TAMS 0x000000070be00000, 0x000000070be00000| Untracked 
|  51|0x000000070c000000, 0x000000070c000000, 0x000000070c200000|  0%| F|  |TAMS 0x000000070c000000, 0x000000070c000000| Untracked 
|  52|0x000000070c200000, 0x000000070c200000, 0x000000070c400000|  0%| F|  |TAMS 0x000000070c200000, 0x000000070c200000| Untracked 
|  53|0x000000070c400000, 0x000000070c400000, 0x000000070c600000|  0%| F|  |TAMS 0x000000070c400000, 0x000000070c400000| Untracked 
|  54|0x000000070c600000, 0x000000070c600000, 0x000000070c800000|  0%| F|  |TAMS 0x000000070c600000, 0x000000070c600000| Untracked 
|  55|0x000000070c800000, 0x000000070c800000, 0x000000070ca00000|  0%| F|  |TAMS 0x000000070c800000, 0x000000070c800000| Untracked 
|  56|0x000000070ca00000, 0x000000070ca00000, 0x000000070cc00000|  0%| F|  |TAMS 0x000000070ca00000, 0x000000070ca00000| Untracked 
|  57|0x000000070cc00000, 0x000000070cc00000, 0x000000070ce00000|  0%| F|  |TAMS 0x000000070cc00000, 0x000000070cc00000| Untracked 
|  58|0x000000070ce00000, 0x000000070ce00000, 0x000000070d000000|  0%| F|  |TAMS 0x000000070ce00000, 0x000000070ce00000| Untracked 
|  59|0x000000070d000000, 0x000000070d000000, 0x000000070d200000|  0%| F|  |TAMS 0x000000070d000000, 0x000000070d000000| Untracked 
|  60|0x000000070d200000, 0x000000070d200000, 0x000000070d400000|  0%| F|  |TAMS 0x000000070d200000, 0x000000070d200000| Untracked 
|  61|0x000000070d400000, 0x000000070d400000, 0x000000070d600000|  0%| F|  |TAMS 0x000000070d400000, 0x000000070d400000| Untracked 
|  62|0x000000070d600000, 0x000000070d600000, 0x000000070d800000|  0%| F|  |TAMS 0x000000070d600000, 0x000000070d600000| Untracked 
|  63|0x000000070d800000, 0x000000070d800000, 0x000000070da00000|  0%| F|  |TAMS 0x000000070d800000, 0x000000070d800000| Untracked 
|  64|0x000000070da00000, 0x000000070da00000, 0x000000070dc00000|  0%| F|  |TAMS 0x000000070da00000, 0x000000070da00000| Untracked 
|  65|0x000000070dc00000, 0x000000070dc00000, 0x000000070de00000|  0%| F|  |TAMS 0x000000070dc00000, 0x000000070dc00000| Untracked 
|  66|0x000000070de00000, 0x000000070de00000, 0x000000070e000000|  0%| F|  |TAMS 0x000000070de00000, 0x000000070de00000| Untracked 
|  67|0x000000070e000000, 0x000000070e000000, 0x000000070e200000|  0%| F|  |TAMS 0x000000070e000000, 0x000000070e000000| Untracked 
|  68|0x000000070e200000, 0x000000070e200000, 0x000000070e400000|  0%| F|  |TAMS 0x000000070e200000, 0x000000070e200000| Untracked 
|  69|0x000000070e400000, 0x000000070e400000, 0x000000070e600000|  0%| F|  |TAMS 0x000000070e400000, 0x000000070e400000| Untracked 
|  70|0x000000070e600000, 0x000000070e600000, 0x000000070e800000|  0%| F|  |TAMS 0x000000070e600000, 0x000000070e600000| Untracked 
|  71|0x000000070e800000, 0x000000070e800000, 0x000000070ea00000|  0%| F|  |TAMS 0x000000070e800000, 0x000000070e800000| Untracked 
|  72|0x000000070ea00000, 0x000000070ea00000, 0x000000070ec00000|  0%| F|  |TAMS 0x000000070ea00000, 0x000000070ea00000| Untracked 
|  73|0x000000070ec00000, 0x000000070ec00000, 0x000000070ee00000|  0%| F|  |TAMS 0x000000070ec00000, 0x000000070ec00000| Untracked 
|  74|0x000000070ee00000, 0x000000070ee00000, 0x000000070f000000|  0%| F|  |TAMS 0x000000070ee00000, 0x000000070ee00000| Untracked 
|  75|0x000000070f000000, 0x000000070f000000, 0x000000070f200000|  0%| F|  |TAMS 0x000000070f000000, 0x000000070f000000| Untracked 
|  76|0x000000070f200000, 0x000000070f200000, 0x000000070f400000|  0%| F|  |TAMS 0x000000070f200000, 0x000000070f200000| Untracked 
|  77|0x000000070f400000, 0x000000070f400000, 0x000000070f600000|  0%| F|  |TAMS 0x000000070f400000, 0x000000070f400000| Untracked 
|  78|0x000000070f600000, 0x000000070f600000, 0x000000070f800000|  0%| F|  |TAMS 0x000000070f600000, 0x000000070f600000| Untracked 
|  79|0x000000070f800000, 0x000000070f800000, 0x000000070fa00000|  0%| F|  |TAMS 0x000000070f800000, 0x000000070f800000| Untracked 
|  80|0x000000070fa00000, 0x000000070fa00000, 0x000000070fc00000|  0%| F|  |TAMS 0x000000070fa00000, 0x000000070fa00000| Untracked 
|  81|0x000000070fc00000, 0x000000070fc00000, 0x000000070fe00000|  0%| F|  |TAMS 0x000000070fc00000, 0x000000070fc00000| Untracked 
|  82|0x000000070fe00000, 0x000000070fe00000, 0x0000000710000000|  0%| F|  |TAMS 0x000000070fe00000, 0x000000070fe00000| Untracked 
|  83|0x0000000710000000, 0x0000000710000000, 0x0000000710200000|  0%| F|  |TAMS 0x0000000710000000, 0x0000000710000000| Untracked 
|  84|0x0000000710200000, 0x0000000710200000, 0x0000000710400000|  0%| F|  |TAMS 0x0000000710200000, 0x0000000710200000| Untracked 
|  85|0x0000000710400000, 0x0000000710400000, 0x0000000710600000|  0%| F|  |TAMS 0x0000000710400000, 0x0000000710400000| Untracked 
|  86|0x0000000710600000, 0x0000000710600000, 0x0000000710800000|  0%| F|  |TAMS 0x0000000710600000, 0x0000000710600000| Untracked 
|  87|0x0000000710800000, 0x0000000710800000, 0x0000000710a00000|  0%| F|  |TAMS 0x0000000710800000, 0x0000000710800000| Untracked 
|  88|0x0000000710a00000, 0x0000000710a00000, 0x0000000710c00000|  0%| F|  |TAMS 0x0000000710a00000, 0x0000000710a00000| Untracked 
|  89|0x0000000710c00000, 0x0000000710c00000, 0x0000000710e00000|  0%| F|  |TAMS 0x0000000710c00000, 0x0000000710c00000| Untracked 
|  90|0x0000000710e00000, 0x0000000710e00000, 0x0000000711000000|  0%| F|  |TAMS 0x0000000710e00000, 0x0000000710e00000| Untracked 
|  91|0x0000000711000000, 0x0000000711000000, 0x0000000711200000|  0%| F|  |TAMS 0x0000000711000000, 0x0000000711000000| Untracked 
|  92|0x0000000711200000, 0x0000000711200000, 0x0000000711400000|  0%| F|  |TAMS 0x0000000711200000, 0x0000000711200000| Untracked 
|  93|0x0000000711400000, 0x0000000711400000, 0x0000000711600000|  0%| F|  |TAMS 0x0000000711400000, 0x0000000711400000| Untracked 
|  94|0x0000000711600000, 0x0000000711600000, 0x0000000711800000|  0%| F|  |TAMS 0x0000000711600000, 0x0000000711600000| Untracked 
|  95|0x0000000711800000, 0x0000000711800000, 0x0000000711a00000|  0%| F|  |TAMS 0x0000000711800000, 0x0000000711800000| Untracked 
|  96|0x0000000711a00000, 0x0000000711a00000, 0x0000000711c00000|  0%| F|  |TAMS 0x0000000711a00000, 0x0000000711a00000| Untracked 
|  97|0x0000000711c00000, 0x0000000711c00000, 0x0000000711e00000|  0%| F|  |TAMS 0x0000000711c00000, 0x0000000711c00000| Untracked 
|  98|0x0000000711e00000, 0x0000000711e00000, 0x0000000712000000|  0%| F|  |TAMS 0x0000000711e00000, 0x0000000711e00000| Untracked 
|  99|0x0000000712000000, 0x0000000712000000, 0x0000000712200000|  0%| F|  |TAMS 0x0000000712000000, 0x0000000712000000| Untracked 
| 100|0x0000000712200000, 0x0000000712200000, 0x0000000712400000|  0%| F|  |TAMS 0x0000000712200000, 0x0000000712200000| Untracked 
| 101|0x0000000712400000, 0x0000000712400000, 0x0000000712600000|  0%| F|  |TAMS 0x0000000712400000, 0x0000000712400000| Untracked 
| 102|0x0000000712600000, 0x0000000712600000, 0x0000000712800000|  0%| F|  |TAMS 0x0000000712600000, 0x0000000712600000| Untracked 
| 103|0x0000000712800000, 0x0000000712800000, 0x0000000712a00000|  0%| F|  |TAMS 0x0000000712800000, 0x0000000712800000| Untracked 
| 104|0x0000000712a00000, 0x0000000712a00000, 0x0000000712c00000|  0%| F|  |TAMS 0x0000000712a00000, 0x0000000712a00000| Untracked 
| 105|0x0000000712c00000, 0x0000000712c00000, 0x0000000712e00000|  0%| F|  |TAMS 0x0000000712c00000, 0x0000000712c00000| Untracked 
| 106|0x0000000712e00000, 0x0000000712e00000, 0x0000000713000000|  0%| F|  |TAMS 0x0000000712e00000, 0x0000000712e00000| Untracked 
| 107|0x0000000713000000, 0x0000000713000000, 0x0000000713200000|  0%| F|  |TAMS 0x0000000713000000, 0x0000000713000000| Untracked 
| 108|0x0000000713200000, 0x0000000713200000, 0x0000000713400000|  0%| F|  |TAMS 0x0000000713200000, 0x0000000713200000| Untracked 
| 109|0x0000000713400000, 0x0000000713400000, 0x0000000713600000|  0%| F|  |TAMS 0x0000000713400000, 0x0000000713400000| Untracked 
| 110|0x0000000713600000, 0x0000000713600000, 0x0000000713800000|  0%| F|  |TAMS 0x0000000713600000, 0x0000000713600000| Untracked 
| 111|0x0000000713800000, 0x0000000713800000, 0x0000000713a00000|  0%| F|  |TAMS 0x0000000713800000, 0x0000000713800000| Untracked 
| 112|0x0000000713a00000, 0x0000000713a00000, 0x0000000713c00000|  0%| F|  |TAMS 0x0000000713a00000, 0x0000000713a00000| Untracked 
| 113|0x0000000713c00000, 0x0000000713c00000, 0x0000000713e00000|  0%| F|  |TAMS 0x0000000713c00000, 0x0000000713c00000| Untracked 
| 114|0x0000000713e00000, 0x0000000713fa3f90, 0x0000000714000000| 82%| S|CS|TAMS 0x0000000713e00000, 0x0000000713e00000| Complete 
| 115|0x0000000714000000, 0x0000000714000000, 0x0000000714200000|  0%| F|  |TAMS 0x0000000714000000, 0x0000000714000000| Untracked 
| 116|0x0000000714200000, 0x0000000714200000, 0x0000000714400000|  0%| F|  |TAMS 0x0000000714200000, 0x0000000714200000| Untracked 
| 117|0x0000000714400000, 0x0000000714400000, 0x0000000714600000|  0%| F|  |TAMS 0x0000000714400000, 0x0000000714400000| Untracked 
| 118|0x0000000714600000, 0x0000000714600000, 0x0000000714800000|  0%| F|  |TAMS 0x0000000714600000, 0x0000000714600000| Untracked 
| 119|0x0000000714800000, 0x0000000714800000, 0x0000000714a00000|  0%| F|  |TAMS 0x0000000714800000, 0x0000000714800000| Untracked 
| 120|0x0000000714a00000, 0x0000000714a00000, 0x0000000714c00000|  0%| F|  |TAMS 0x0000000714a00000, 0x0000000714a00000| Untracked 
| 121|0x0000000714c00000, 0x0000000714c00000, 0x0000000714e00000|  0%| F|  |TAMS 0x0000000714c00000, 0x0000000714c00000| Untracked 
| 122|0x0000000714e00000, 0x0000000714e00000, 0x0000000715000000|  0%| F|  |TAMS 0x0000000714e00000, 0x0000000714e00000| Untracked 
| 123|0x0000000715000000, 0x0000000715000000, 0x0000000715200000|  0%| F|  |TAMS 0x0000000715000000, 0x0000000715000000| Untracked 
| 124|0x0000000715200000, 0x0000000715200000, 0x0000000715400000|  0%| F|  |TAMS 0x0000000715200000, 0x0000000715200000| Untracked 
| 125|0x0000000715400000, 0x000000071552c4a8, 0x0000000715600000| 58%| E|  |TAMS 0x0000000715400000, 0x0000000715400000| Complete 

Card table byte_map: [0x000001b97cd20000,0x000001b97d500000] _byte_map_base: 0x000001b9794f3000

Marking Bits (Prev, Next): (CMBitMap*) 0x000001b9742176f0, (CMBitMap*) 0x000001b974217730
 Prev Bits: [0x000001b90f000000, 0x000001b912e98000)
 Next Bits: [0x000001b912ea0000, 0x000001b916d38000)

Polling page: 0x000001b9720e0000

Metaspace:

Usage:
  Non-class:      1.77 MB used.
      Class:    174.76 KB used.
       Both:      1.94 MB used.

Virtual space:
  Non-class space:       64.00 MB reserved,       1.88 MB (  3%) committed,  1 nodes.
      Class space:        1.00 GB reserved,     256.00 KB ( <1%) committed,  1 nodes.
             Both:        1.06 GB reserved,       2.12 MB ( <1%) committed. 

Chunk freelists:
   Non-Class:  11.28 MB
       Class:  15.66 MB
        Both:  26.94 MB

MaxMetaspaceSize: unlimited
CompressedClassSpaceSize: 1.00 GB
Initial GC threshold: 21.00 MB
Current GC threshold: 21.00 MB
CDS: on
MetaspaceReclaimPolicy: balanced
 - commit_granule_bytes: 65536.
 - commit_granule_words: 8192.
 - virtual_space_node_default_size: 8388608.
 - enlarge_chunks_in_place: 1.
 - new_chunks_are_fully_committed: 0.
 - uncommit_free_chunks: 1.
 - use_allocation_guard: 0.
 - handle_deallocations: 1.


Internal statistics:

num_allocs_failed_limit: 0.
num_arena_births: 20.
num_arena_deaths: 0.
num_vsnodes_births: 2.
num_vsnodes_deaths: 0.
num_space_committed: 34.
num_space_uncommitted: 0.
num_chunks_returned_to_freelist: 0.
num_chunks_taken_from_freelist: 59.
num_chunk_merges: 0.
num_chunk_splits: 37.
num_chunks_enlarged: 29.
num_inconsistent_stats: 0.

CodeHeap 'non-profiled nmethods': size=119168Kb used=407Kb max_used=407Kb free=118760Kb
 bounds [0x000001b907ba0000, 0x000001b907e10000, 0x000001b90f000000]
CodeHeap 'profiled nmethods': size=119104Kb used=1164Kb max_used=1164Kb free=117939Kb
 bounds [0x000001b900000000, 0x000001b900270000, 0x000001b907450000]
CodeHeap 'non-nmethods': size=7488Kb used=2282Kb max_used=2312Kb free=5205Kb
 bounds [0x000001b907450000, 0x000001b9076c0000, 0x000001b907ba0000]
 total_blobs=1129 nmethods=694 adapters=346
 compilation: enabled
              stopped_count=0, restarted_count=0
 full_count=0

Compilation events (20 events):
Event: 0.677 Thread 0x000001b917c47f20  686       1       java.lang.NamedPackage::module (5 bytes)
Event: 0.677 Thread 0x000001b95f0cc010 nmethod 685 0x000001b90011a610 code [0x000001b90011a7e0, 0x000001b90011ab38]
Event: 0.677 Thread 0x000001b917c47f20 nmethod 686 0x000001b907c04c10 code [0x000001b907c04da0, 0x000001b907c04e78]
Event: 0.679 Thread 0x000001b917c47f20  687       3       java.util.ArrayDeque::inc (12 bytes)
Event: 0.679 Thread 0x000001b917c47f20 nmethod 687 0x000001b90011ac10 code [0x000001b90011ada0, 0x000001b90011aed8]
Event: 0.679 Thread 0x000001b917c47f20  688       3       java.util.WeakHashMap::matchesKey (33 bytes)
Event: 0.679 Thread 0x000001b917c47f20 nmethod 688 0x000001b90011af90 code [0x000001b90011b160, 0x000001b90011b698]
Event: 0.680 Thread 0x000001b917c47f20  689   !   3       java.util.zip.Inflater::inflate (418 bytes)
Event: 0.680 Thread 0x000001b95f0cc010  691       3       java.util.ArrayDeque::peek (5 bytes)
Event: 0.680 Thread 0x000001b917b1a3b0  692       3       java.util.ArrayDeque::peekFirst (12 bytes)
Event: 0.680 Thread 0x000001b917b1a3b0 nmethod 692 0x000001b90011b810 code [0x000001b90011b9a0, 0x000001b90011bb38]
Event: 0.680 Thread 0x000001b95f0cc010 nmethod 691 0x000001b90011bc90 code [0x000001b90011be40, 0x000001b90011c058]
Event: 0.680 Thread 0x000001b917b1a3b0  693   !   3       org.bytedeco.javacpp.Loader::putMemberOffset (97 bytes)
Event: 0.681 Thread 0x000001b917ed3340 nmethod 678 0x000001b907c05390 code [0x000001b907c05540, 0x000001b907c05b38]
Event: 0.681 Thread 0x000001b95f0cc010  694       3       java.util.zip.ZipUtils::CENLEN (9 bytes)
Event: 0.681 Thread 0x000001b917c47f20 nmethod 689 0x000001b90011c190 code [0x000001b90011c460, 0x000001b90011d648]
Event: 0.682 Thread 0x000001b95f0cc010 nmethod 694 0x000001b90011e010 code [0x000001b90011e1c0, 0x000001b90011e498]
Event: 0.683 Thread 0x000001b95f0cc010  695       3       java.util.WeakHashMap::get (75 bytes)
Event: 0.683 Thread 0x000001b917b1a3b0 nmethod 693 0x000001b90011e610 code [0x000001b90011eb00, 0x000001b9001211f8]
Event: 0.683 Thread 0x000001b95f0cc010 nmethod 695 0x000001b900122290 code [0x000001b9001224c0, 0x000001b900122d98]

GC Heap History (2 events):
Event: 0.669 GC heap before
{Heap before GC invocations=0 (full 0):
 garbage-first heap   total 258048K, used 22528K [0x0000000705a00000, 0x0000000800000000)
  region size 2048K, 11 young (22528K), 0 survivors (0K)
 Metaspace       used 1826K, committed 1984K, reserved 1114112K
  class space    used 145K, committed 192K, reserved 1048576K
}
Event: 0.671 GC heap after
{Heap after GC invocations=1 (full 0):
 garbage-first heap   total 258048K, used 1679K [0x0000000705a00000, 0x0000000800000000)
  region size 2048K, 1 young (2048K), 1 survivors (2048K)
 Metaspace       used 1826K, committed 1984K, reserved 1114112K
  class space    used 145K, committed 192K, reserved 1048576K
}

Dll operation events (20 events):
Event: 0.430 Loaded shared library C:\Program Files (x86)\Windows Kits\10\Redist\ucrt\DLLs\x64\api-ms-win-core-rtlsupport-l1-1-0.dll
Event: 0.447 Loaded shared library C:\Program Files (x86)\Windows Kits\10\Redist\ucrt\DLLs\x64\api-ms-win-core-processthreads-l1-1-1.dll
Event: 0.460 Loaded shared library C:\Program Files (x86)\Windows Kits\10\Redist\ucrt\DLLs\x64\api-ms-win-core-file-l1-2-0.dll
Event: 0.470 Loaded shared library C:\Program Files (x86)\Windows Kits\10\Redist\ucrt\DLLs\x64\api-ms-win-core-profile-l1-1-0.dll
Event: 0.479 Loaded shared library C:\Program Files (x86)\Windows Kits\10\Redist\ucrt\DLLs\x64\api-ms-win-core-memory-l1-1-0.dll
Event: 0.489 Loaded shared library C:\Program Files (x86)\Windows Kits\10\Redist\ucrt\DLLs\x64\api-ms-win-core-util-l1-1-0.dll
Event: 0.498 Loaded shared library C:\Program Files (x86)\Windows Kits\10\Redist\ucrt\DLLs\x64\api-ms-win-core-interlocked-l1-1-0.dll
Event: 0.510 Loaded shared library C:\Program Files (x86)\Windows Kits\10\Redist\ucrt\DLLs\x64\ucrtbase.dll
Event: 0.524 Loaded shared library C:\Users\luczu\.jdks\corretto-17.0.10\bin\vcruntime140.dll
Event: 0.535 Loaded shared library C:\Users\luczu\.jdks\corretto-17.0.10\bin\vcruntime140_1.dll
Event: 0.546 Loaded shared library C:\Users\luczu\.jdks\corretto-17.0.10\bin\msvcp140.dll
Event: 0.556 Loaded shared library C:\Windows\System32\msvcp140_1.dll
Event: 0.566 Loaded shared library C:\Windows\System32\concrt140.dll
Event: 0.577 Loaded shared library C:\Windows\System32\vcomp140.dll
Event: 0.598 Loaded shared library C:\Windows\System32\winmm.dll
Event: 0.602 Loaded shared library C:\Windows\System32\opengl32.dll
Event: 0.603 Loaded shared library C:\Windows\System32\user32.dll
Event: 0.606 Loaded shared library C:\Windows\System32\shell32.dll
Event: 0.607 Loaded shared library C:\Windows\System32\gdi32.dll
Event: 0.635 Loaded shared library C:\Users\luczu\.javacpp\cache\jaylib-4.5.0-0.jar\com\raylib\windows-x86_64\jniRaylib.dll

Deoptimization events (20 events):
Event: 0.591 Thread 0x000001b9741abb80 DEOPT PACKING pc=0x000001b907bc4824 sp=0x0000004cbcafd850
Event: 0.591 Thread 0x000001b9741abb80 DEOPT UNPACKING pc=0x000001b9074aa1a3 sp=0x0000004cbcafd7d8 mode 2
Event: 0.592 Thread 0x000001b9741abb80 Uncommon trap: trap_request=0xffffff45 fr.pc=0x000001b907bd9d90 relative=0x0000000000001370
Event: 0.592 Thread 0x000001b9741abb80 Uncommon trap: reason=unstable_if action=reinterpret pc=0x000001b907bd9d90 method=java.net.URL.<init>(Ljava/net/URL;Ljava/lang/String;Ljava/net/URLStreamHandler;)V @ 273 c2
Event: 0.592 Thread 0x000001b9741abb80 DEOPT PACKING pc=0x000001b907bd9d90 sp=0x0000004cbcafd790
Event: 0.592 Thread 0x000001b9741abb80 DEOPT UNPACKING pc=0x000001b9074aa1a3 sp=0x0000004cbcafd720 mode 2
Event: 0.598 Thread 0x000001b9741abb80 Uncommon trap: trap_request=0xffffff45 fr.pc=0x000001b907be1668 relative=0x0000000000003d88
Event: 0.598 Thread 0x000001b9741abb80 Uncommon trap: reason=unstable_if action=reinterpret pc=0x000001b907be1668 method=sun.net.www.ParseUtil.firstEncodeIndex(Ljava/lang/String;)I @ 51 c2
Event: 0.598 Thread 0x000001b9741abb80 DEOPT PACKING pc=0x000001b907be1668 sp=0x0000004cbcafe380
Event: 0.598 Thread 0x000001b9741abb80 DEOPT UNPACKING pc=0x000001b9074aa1a3 sp=0x0000004cbcafe0a0 mode 2
Event: 0.627 Thread 0x000001b9741abb80 Uncommon trap: trap_request=0xffffff45 fr.pc=0x000001b907beb7e8 relative=0x0000000000003d88
Event: 0.627 Thread 0x000001b9741abb80 Uncommon trap: reason=unstable_if action=reinterpret pc=0x000001b907beb7e8 method=sun.net.www.ParseUtil.firstEncodeIndex(Ljava/lang/String;)I @ 51 c2
Event: 0.627 Thread 0x000001b9741abb80 DEOPT PACKING pc=0x000001b907beb7e8 sp=0x0000004cbcafd0c0
Event: 0.627 Thread 0x000001b9741abb80 DEOPT UNPACKING pc=0x000001b9074aa1a3 sp=0x0000004cbcafce40 mode 2
Event: 0.668 Thread 0x000001b9741abb80 DEOPT PACKING pc=0x000001b9000f01c8 sp=0x0000004cbcafcb30
Event: 0.668 Thread 0x000001b9741abb80 DEOPT UNPACKING pc=0x000001b9074aace3 sp=0x0000004cbcafc048 mode 0
Event: 0.672 Thread 0x000001b9741abb80 Uncommon trap: trap_request=0xffffff45 fr.pc=0x000001b907bd19e0 relative=0x00000000000000e0
Event: 0.672 Thread 0x000001b9741abb80 Uncommon trap: reason=unstable_if action=reinterpret pc=0x000001b907bd19e0 method=java.lang.ref.SoftReference.get()Ljava/lang/Object; @ 17 c2
Event: 0.672 Thread 0x000001b9741abb80 DEOPT PACKING pc=0x000001b907bd19e0 sp=0x0000004cbcafcba0
Event: 0.672 Thread 0x000001b9741abb80 DEOPT UNPACKING pc=0x000001b9074aa1a3 sp=0x0000004cbcafcb58 mode 2

Classes unloaded (0 events):
No events

Classes redefined (0 events):
No events

Internal exceptions (7 events):
Event: 0.120 Thread 0x000001b9741abb80 Exception <a 'java/lang/NoSuchMethodError'{0x000000071526b878}: 'int java.lang.invoke.DirectMethodHandle$Holder.invokeStaticInit(java.lang.Object, java.lang.Object, java.lang.Object, java.lang.Object)'> (0x000000071526b878) 
thrown [s\src\hotspot\share\interpreter\linkResolver.cpp, line 759]
Event: 0.123 Thread 0x000001b9741abb80 Exception <a 'java/lang/NoSuchMethodError'{0x0000000715276588}: 'java.lang.Object java.lang.invoke.DirectMethodHandle$Holder.invokeInterface(java.lang.Object, java.lang.Object)'> (0x0000000715276588) 
thrown [s\src\hotspot\share\interpreter\linkResolver.cpp, line 759]
Event: 0.123 Thread 0x000001b9741abb80 Exception <a 'java/lang/IncompatibleClassChangeError'{0x0000000715279ca0}: Found class java.lang.Object, but interface was expected> (0x0000000715279ca0) 
thrown [s\src\hotspot\share\interpreter\linkResolver.cpp, line 826]
Event: 0.124 Thread 0x000001b9741abb80 Exception <a 'java/lang/NoSuchMethodError'{0x000000071527ce48}: 'void java.lang.invoke.DirectMethodHandle$Holder.invokeStatic(java.lang.Object, java.lang.Object)'> (0x000000071527ce48) 
thrown [s\src\hotspot\share\interpreter\linkResolver.cpp, line 759]
Event: 0.125 Thread 0x000001b9741abb80 Exception <a 'java/lang/NoSuchMethodError'{0x00000007152804b8}: 'void java.lang.invoke.DirectMethodHandle$Holder.invokeStaticInit(java.lang.Object, java.lang.Object)'> (0x00000007152804b8) 
thrown [s\src\hotspot\share\interpreter\linkResolver.cpp, line 759]
Event: 0.127 Thread 0x000001b9741abb80 Exception <a 'java/lang/NoSuchMethodError'{0x0000000715286ba0}: 'int java.lang.invoke.DirectMethodHandle$Holder.invokeStaticInit(java.lang.Object, java.lang.Object)'> (0x0000000715286ba0) 
thrown [s\src\hotspot\share\interpreter\linkResolver.cpp, line 759]
Event: 0.630 Thread 0x000001b9741abb80 Exception <a 'java/lang/NoSuchMethodError'{0x000000071415ca98}: 'java.lang.Object java.lang.invoke.DirectMethodHandle$Holder.invokeStatic(java.lang.Object, int, java.lang.Object)'> (0x000000071415ca98) 
thrown [s\src\hotspot\share\interpreter\linkResolver.cpp, line 759]

VM Operations (6 events):
Event: 0.096 Executing VM operation: HandshakeAllThreads
Event: 0.096 Executing VM operation: HandshakeAllThreads done
Event: 0.181 Executing VM operation: HandshakeAllThreads
Event: 0.181 Executing VM operation: HandshakeAllThreads done
Event: 0.668 Executing VM operation: G1CollectForAllocation
Event: 0.671 Executing VM operation: G1CollectForAllocation done

Events (20 events):
Event: 0.627 loading class java/io/Externalizable
Event: 0.627 loading class java/io/Externalizable done
Event: 0.627 loading class java/time/zone/Ser done
Event: 0.627 loading class java/time/Month
Event: 0.628 loading class java/time/Month done
Event: 0.628 loading class java/time/DayOfWeek
Event: 0.628 loading class java/time/DayOfWeek done
Event: 0.628 loading class java/time/zone/ZoneOffsetTransitionRule$TimeDefinition
Event: 0.628 loading class java/time/zone/ZoneOffsetTransitionRule$TimeDefinition done
Event: 0.628 loading class java/time/zone/ZoneOffsetTransition
Event: 0.628 loading class java/time/zone/ZoneOffsetTransition done
Event: 0.629 loading class java/time/temporal/TemporalAdjusters
Event: 0.629 loading class java/time/temporal/TemporalAdjusters done
Event: 0.632 loading class java/time/zone/ZoneOffsetTransitionRule$1
Event: 0.632 loading class java/time/zone/ZoneOffsetTransitionRule$1 done
Event: 0.633 loading class java/util/concurrent/TimeUnit$1
Event: 0.633 loading class java/util/concurrent/TimeUnit$1 done
Event: 0.652 loading class java/lang/NumberFormatException
Event: 0.653 loading class java/lang/NumberFormatException done
Event: 0.654 Thread 0x000001b95ddc50d0 Thread added: 0x000001b95ddc50d0


Dynamic libraries:
0x00007ff7d4330000 - 0x00007ff7d433e000 	C:\Users\luczu\.jdks\corretto-17.0.10\bin\java.exe
0x00007ffd43b30000 - 0x00007ffd43d47000 	C:\WINDOWS\SYSTEM32\ntdll.dll
0x00007ffd42fd0000 - 0x00007ffd43094000 	C:\WINDOWS\System32\KERNEL32.DLL
0x00007ffd41240000 - 0x00007ffd415e6000 	C:\WINDOWS\System32\KERNELBASE.dll
0x00007ffd41030000 - 0x00007ffd41141000 	C:\WINDOWS\System32\ucrtbase.dll
0x00007ffd0d130000 - 0x00007ffd0d14b000 	C:\Users\luczu\.jdks\corretto-17.0.10\bin\VCRUNTIME140.dll
0x00007ffd00330000 - 0x00007ffd00347000 	C:\Users\luczu\.jdks\corretto-17.0.10\bin\jli.dll
0x00007ffd43340000 - 0x00007ffd434ee000 	C:\WINDOWS\System32\USER32.dll
0x00007ffd41150000 - 0x00007ffd41176000 	C:\WINDOWS\System32\win32u.dll
0x00007ffd17dc0000 - 0x00007ffd18053000 	C:\WINDOWS\WinSxS\amd64_microsoft.windows.common-controls_6595b64144ccf1df_6.0.22621.2506_none_270c5ae97388e100\COMCTL32.dll
0x00007ffd42ba0000 - 0x00007ffd42bc9000 	C:\WINDOWS\System32\GDI32.dll
0x00007ffd439c0000 - 0x00007ffd43a67000 	C:\WINDOWS\System32\msvcrt.dll
0x00007ffd41760000 - 0x00007ffd41878000 	C:\WINDOWS\System32\gdi32full.dll
0x00007ffd40f20000 - 0x00007ffd40fba000 	C:\WINDOWS\System32\msvcp_win.dll
0x00007ffd429f0000 - 0x00007ffd42a21000 	C:\WINDOWS\System32\IMM32.DLL
0x00007ffd38680000 - 0x00007ffd3868c000 	C:\Users\luczu\.jdks\corretto-17.0.10\bin\vcruntime140_1.dll
0x00007ffcfef90000 - 0x00007ffcff01d000 	C:\Users\luczu\.jdks\corretto-17.0.10\bin\msvcp140.dll
0x00007ffc5af40000 - 0x00007ffc5bba2000 	C:\Users\luczu\.jdks\corretto-17.0.10\bin\server\jvm.dll
0x00007ffd43520000 - 0x00007ffd435d3000 	C:\WINDOWS\System32\ADVAPI32.dll
0x00007ffd428b0000 - 0x00007ffd42958000 	C:\WINDOWS\System32\sechost.dll
0x00007ffd40ef0000 - 0x00007ffd40f18000 	C:\WINDOWS\System32\bcrypt.dll
0x00007ffd42e30000 - 0x00007ffd42f47000 	C:\WINDOWS\System32\RPCRT4.dll
0x00007ffd37ac0000 - 0x00007ffd37ac9000 	C:\WINDOWS\SYSTEM32\WSOCK32.dll
0x00007ffd3fcf0000 - 0x00007ffd3fd3d000 	C:\WINDOWS\SYSTEM32\POWRPROF.dll
0x00007ffd430a0000 - 0x00007ffd43111000 	C:\WINDOWS\System32\WS2_32.dll
0x00007ffd369e0000 - 0x00007ffd36a14000 	C:\WINDOWS\SYSTEM32\WINMM.dll
0x00007ffd36c70000 - 0x00007ffd36c7a000 	C:\WINDOWS\SYSTEM32\VERSION.dll
0x00007ffd3fcd0000 - 0x00007ffd3fce3000 	C:\WINDOWS\SYSTEM32\UMPDC.dll
0x00007ffd3ff90000 - 0x00007ffd3ffa8000 	C:\WINDOWS\SYSTEM32\kernel.appcore.dll
0x00007ffd383a0000 - 0x00007ffd383aa000 	C:\Users\luczu\.jdks\corretto-17.0.10\bin\jimage.dll
0x00007ffd3e780000 - 0x00007ffd3e9b3000 	C:\WINDOWS\SYSTEM32\DBGHELP.DLL
0x00007ffd435e0000 - 0x00007ffd43969000 	C:\WINDOWS\System32\combase.dll
0x00007ffd427d0000 - 0x00007ffd428a7000 	C:\WINDOWS\System32\OLEAUT32.dll
0x00007ffd21d10000 - 0x00007ffd21d42000 	C:\WINDOWS\SYSTEM32\dbgcore.DLL
0x00007ffd40e70000 - 0x00007ffd40eea000 	C:\WINDOWS\System32\bcryptPrimitives.dll
0x00007ffcfe150000 - 0x00007ffcfe175000 	C:\Users\luczu\.jdks\corretto-17.0.10\bin\java.dll
0x00007ffcfb380000 - 0x00007ffcfb457000 	C:\Users\luczu\.jdks\corretto-17.0.10\bin\jsvml.dll
0x00007ffd41880000 - 0x00007ffd420da000 	C:\WINDOWS\System32\SHELL32.dll
0x00007ffd3ed80000 - 0x00007ffd3f676000 	C:\WINDOWS\SYSTEM32\windows.storage.dll
0x00007ffd3ec40000 - 0x00007ffd3ed7e000 	C:\WINDOWS\SYSTEM32\wintypes.dll
0x00007ffd420e0000 - 0x00007ffd421d3000 	C:\WINDOWS\System32\SHCORE.dll
0x00007ffd42f70000 - 0x00007ffd42fce000 	C:\WINDOWS\System32\shlwapi.dll
0x00007ffd40da0000 - 0x00007ffd40dc6000 	C:\WINDOWS\SYSTEM32\profapi.dll
0x00007ffcfe130000 - 0x00007ffcfe149000 	C:\Users\luczu\.jdks\corretto-17.0.10\bin\net.dll
0x00007ffd37220000 - 0x00007ffd37357000 	C:\WINDOWS\SYSTEM32\WINHTTP.dll
0x00007ffd40410000 - 0x00007ffd40479000 	C:\WINDOWS\system32\mswsock.dll
0x00007ffcfe110000 - 0x00007ffcfe126000 	C:\Users\luczu\.jdks\corretto-17.0.10\bin\nio.dll
0x00007ffcfe0f0000 - 0x00007ffcfe108000 	C:\Users\luczu\.jdks\corretto-17.0.10\bin\zip.dll
0x000001b917f00000 - 0x000001b917f03000 	C:\Program Files (x86)\Windows Kits\10\Redist\ucrt\DLLs\x64\api-ms-win-crt-locale-l1-1-0.dll
0x000001b917f10000 - 0x000001b917f14000 	C:\Program Files (x86)\Windows Kits\10\Redist\ucrt\DLLs\x64\api-ms-win-crt-string-l1-1-0.dll
0x000001b917f20000 - 0x000001b917f24000 	C:\Program Files (x86)\Windows Kits\10\Redist\ucrt\DLLs\x64\api-ms-win-crt-stdio-l1-1-0.dll
0x000001b917f30000 - 0x000001b917f35000 	C:\Program Files (x86)\Windows Kits\10\Redist\ucrt\DLLs\x64\api-ms-win-crt-math-l1-1-0.dll
0x000001b917f40000 - 0x000001b917f43000 	C:\Program Files (x86)\Windows Kits\10\Redist\ucrt\DLLs\x64\api-ms-win-crt-heap-l1-1-0.dll
0x000001b917f50000 - 0x000001b917f54000 	C:\Program Files (x86)\Windows Kits\10\Redist\ucrt\DLLs\x64\api-ms-win-crt-runtime-l1-1-0.dll
0x000001b917f60000 - 0x000001b917f64000 	C:\Program Files (x86)\Windows Kits\10\Redist\ucrt\DLLs\x64\api-ms-win-crt-convert-l1-1-0.dll
0x000001b917f70000 - 0x000001b917f73000 	C:\Program Files (x86)\Windows Kits\10\Redist\ucrt\DLLs\x64\api-ms-win-crt-environment-l1-1-0.dll
0x000001b917f80000 - 0x000001b917f83000 	C:\Program Files (x86)\Windows Kits\10\Redist\ucrt\DLLs\x64\api-ms-win-crt-time-l1-1-0.dll
0x000001b917f90000 - 0x000001b917f93000 	C:\Program Files (x86)\Windows Kits\10\Redist\ucrt\DLLs\x64\api-ms-win-crt-filesystem-l1-1-0.dll
0x000001b917fa0000 - 0x000001b917fa3000 	C:\Program Files (x86)\Windows Kits\10\Redist\ucrt\DLLs\x64\api-ms-win-crt-utility-l1-1-0.dll
0x000001b917fb0000 - 0x000001b917fb5000 	C:\Program Files (x86)\Windows Kits\10\Redist\ucrt\DLLs\x64\api-ms-win-crt-multibyte-l1-1-0.dll
0x000001b917fc0000 - 0x000001b917fc3000 	C:\Program Files (x86)\Windows Kits\10\Redist\ucrt\DLLs\x64\api-ms-win-crt-conio-l1-1-0.dll
0x000001b917fd0000 - 0x000001b917fdf000 	C:\Program Files (x86)\Windows Kits\10\Redist\ucrt\DLLs\x64\api-ms-win-crt-private-l1-1-0.dll
0x000001b917fe0000 - 0x000001b917fe3000 	C:\Program Files (x86)\Windows Kits\10\Redist\ucrt\DLLs\x64\api-ms-win-crt-process-l1-1-0.dll
0x000001b917ff0000 - 0x000001b917ff3000 	C:\Program Files\Microsoft\jdk-11.0.12.7-hotspot\bin\api-ms-win-core-console-l1-2-0.dll
0x000001b95d930000 - 0x000001b95d933000 	C:\Program Files (x86)\Windows Kits\10\Redist\ucrt\DLLs\x64\api-ms-win-core-string-l1-1-0.dll
0x000001b95d940000 - 0x000001b95d943000 	C:\Program Files (x86)\Windows Kits\10\Redist\ucrt\DLLs\x64\api-ms-win-core-errorhandling-l1-1-0.dll
0x000001b95d950000 - 0x000001b95d953000 	C:\Program Files (x86)\Windows Kits\10\Redist\ucrt\DLLs\x64\api-ms-win-core-timezone-l1-1-0.dll
0x000001b95d960000 - 0x000001b95d964000 	C:\Program Files (x86)\Windows Kits\10\Redist\ucrt\DLLs\x64\api-ms-win-core-file-l1-1-0.dll
0x000001b95d970000 - 0x000001b95d973000 	C:\Program Files (x86)\Windows Kits\10\Redist\ucrt\DLLs\x64\api-ms-win-core-namedpipe-l1-1-0.dll
0x000001b95d980000 - 0x000001b95d983000 	C:\Program Files (x86)\Windows Kits\10\Redist\ucrt\DLLs\x64\api-ms-win-core-handle-l1-1-0.dll
0x000001b95d990000 - 0x000001b95d993000 	C:\Program Files (x86)\Windows Kits\10\Redist\ucrt\DLLs\x64\api-ms-win-core-file-l2-1-0.dll
0x000001b95d9a0000 - 0x000001b95d9a3000 	C:\Program Files (x86)\Windows Kits\10\Redist\ucrt\DLLs\x64\api-ms-win-core-heap-l1-1-0.dll
0x000001b95d9b0000 - 0x000001b95d9b3000 	C:\Program Files (x86)\Windows Kits\10\Redist\ucrt\DLLs\x64\api-ms-win-core-libraryloader-l1-1-0.dll
0x000001b95d9c0000 - 0x000001b95d9c3000 	C:\Program Files (x86)\Windows Kits\10\Redist\ucrt\DLLs\x64\api-ms-win-core-synch-l1-1-0.dll
0x000001b95d9d0000 - 0x000001b95d9d3000 	C:\Program Files (x86)\Windows Kits\10\Redist\ucrt\DLLs\x64\api-ms-win-core-processthreads-l1-1-0.dll
0x000001b95d9e0000 - 0x000001b95d9e3000 	C:\Program Files (x86)\Windows Kits\10\Redist\ucrt\DLLs\x64\api-ms-win-core-processenvironment-l1-1-0.dll
0x000001b95d9f0000 - 0x000001b95d9f3000 	C:\Program Files (x86)\Windows Kits\10\Redist\ucrt\DLLs\x64\api-ms-win-core-datetime-l1-1-0.dll
0x000001b95da00000 - 0x000001b95da03000 	C:\Program Files (x86)\Windows Kits\10\Redist\ucrt\DLLs\x64\api-ms-win-core-localization-l1-2-0.dll
0x000001b95da10000 - 0x000001b95da13000 	C:\Program Files (x86)\Windows Kits\10\Redist\ucrt\DLLs\x64\api-ms-win-core-sysinfo-l1-1-0.dll
0x000001b95da20000 - 0x000001b95da23000 	C:\Program Files (x86)\Windows Kits\10\Redist\ucrt\DLLs\x64\api-ms-win-core-synch-l1-2-0.dll
0x000001b95da30000 - 0x000001b95da33000 	C:\Program Files (x86)\Windows Kits\10\Redist\ucrt\DLLs\x64\api-ms-win-core-console-l1-1-0.dll
0x000001b95ea10000 - 0x000001b95ea13000 	C:\Program Files (x86)\Windows Kits\10\Redist\ucrt\DLLs\x64\api-ms-win-core-debug-l1-1-0.dll
0x000001b95ea20000 - 0x000001b95ea23000 	C:\Program Files (x86)\Windows Kits\10\Redist\ucrt\DLLs\x64\api-ms-win-core-rtlsupport-l1-1-0.dll
0x000001b95ea30000 - 0x000001b95ea33000 	C:\Program Files (x86)\Windows Kits\10\Redist\ucrt\DLLs\x64\api-ms-win-core-processthreads-l1-1-1.dll
0x000001b95ea40000 - 0x000001b95ea43000 	C:\Program Files (x86)\Windows Kits\10\Redist\ucrt\DLLs\x64\api-ms-win-core-file-l1-2-0.dll
0x000001b95ea50000 - 0x000001b95ea53000 	C:\Program Files (x86)\Windows Kits\10\Redist\ucrt\DLLs\x64\api-ms-win-core-profile-l1-1-0.dll
0x000001b95ea60000 - 0x000001b95ea63000 	C:\Program Files (x86)\Windows Kits\10\Redist\ucrt\DLLs\x64\api-ms-win-core-memory-l1-1-0.dll
0x000001b95ea70000 - 0x000001b95ea73000 	C:\Program Files (x86)\Windows Kits\10\Redist\ucrt\DLLs\x64\api-ms-win-core-util-l1-1-0.dll
0x000001b95ea80000 - 0x000001b95ea83000 	C:\Program Files (x86)\Windows Kits\10\Redist\ucrt\DLLs\x64\api-ms-win-core-interlocked-l1-1-0.dll
0x00007ffd1fcd0000 - 0x00007ffd1fdc2000 	C:\Program Files (x86)\Windows Kits\10\Redist\ucrt\DLLs\x64\ucrtbase.dll
0x00007ffd1fcc0000 - 0x00007ffd1fcc9000 	C:\Windows\System32\msvcp140_1.dll
0x00007ffd1fc70000 - 0x00007ffd1fcbe000 	C:\Windows\System32\concrt140.dll
0x00007ffd1fc30000 - 0x00007ffd1fc61000 	C:\Windows\System32\vcomp140.dll
0x00007ffd0a060000 - 0x00007ffd0a160000 	C:\Windows\System32\opengl32.dll
0x00007ffd0a030000 - 0x00007ffd0a05d000 	C:\WINDOWS\SYSTEM32\GLU32.dll
0x00007ffd3de90000 - 0x00007ffd3dec6000 	C:\WINDOWS\SYSTEM32\dxcore.dll
0x00007ffc6bf30000 - 0x00007ffc6c14d000 	C:\Users\luczu\.javacpp\cache\jaylib-4.5.0-0.jar\com\raylib\windows-x86_64\jniRaylib.dll

dbghelp: loaded successfully - version: 4.0.5 - missing functions: none
symbol engine: initialized successfully - sym options: 0x614 - pdb path: .;C:\Users\luczu\.jdks\corretto-17.0.10\bin;C:\WINDOWS\SYSTEM32;C:\WINDOWS\WinSxS\amd64_microsoft.windows.common-controls_6595b64144ccf1df_6.0.22621.2506_none_270c5ae97388e100;C:\Users\luczu\.jdks\corretto-17.0.10\bin\server;C:\Program Files (x86)\Windows Kits\10\Redist\ucrt\DLLs\x64;C:\Program Files\Microsoft\jdk-11.0.12.7-hotspot\bin;C:\Users\luczu\.javacpp\cache\jaylib-4.5.0-0.jar\com\raylib\windows-x86_64

VM Arguments:
jvm_args: -Dfile.encoding=windows-1252 -Duser.country=NL -Duser.language=nl -Duser.variant 
java_command: PineVille.GameScene
java_class_path (initial): C:\Users\luczu\OneDrive\Documenten\PineVille\build\classes\java\main;C:\Users\luczu\OneDrive\Documenten\PineVille\build\resources\main;C:\Users\luczu\.gradle\caches\modules-2\files-2.1\uk.co.electronstudio.jaylib\jaylib\4.5.0-0\90c0d608df9bbd32f5f34683acc58cb433e94508\jaylib-4.5.0-0.jar
Launcher Type: SUN_STANDARD

[Global flags]
     intx CICompilerCount                          = 12                                        {product} {ergonomic}
     uint ConcGCThreads                            = 3                                         {product} {ergonomic}
     uint G1ConcRefinementThreads                  = 13                                        {product} {ergonomic}
   size_t G1HeapRegionSize                         = 2097152                                   {product} {ergonomic}
    uintx GCDrainStackTargetSize                   = 64                                        {product} {ergonomic}
   size_t InitialHeapSize                          = 264241152                                 {product} {ergonomic}
   size_t MarkStackSize                            = 4194304                                   {product} {ergonomic}
   size_t MaxHeapSize                              = 4200595456                                {product} {ergonomic}
   size_t MaxNewSize                               = 2518679552                                {product} {ergonomic}
   size_t MinHeapDeltaBytes                        = 2097152                                   {product} {ergonomic}
   size_t MinHeapSize                              = 8388608                                   {product} {ergonomic}
    uintx NonNMethodCodeHeapSize                   = 7602480                                {pd product} {ergonomic}
    uintx NonProfiledCodeHeapSize                  = 122027880                              {pd product} {ergonomic}
    uintx ProfiledCodeHeapSize                     = 122027880                              {pd product} {ergonomic}
    uintx ReservedCodeCacheSize                    = 251658240                              {pd product} {ergonomic}
     bool SegmentedCodeCache                       = true                                      {product} {ergonomic}
   size_t SoftMaxHeapSize                          = 4200595456                             {manageable} {ergonomic}
     bool UseCompressedClassPointers               = true                           {product lp64_product} {ergonomic}
     bool UseCompressedOops                        = true                           {product lp64_product} {ergonomic}
     bool UseG1GC                                  = true                                      {product} {ergonomic}
     bool UseLargePagesIndividualAllocation        = false                                  {pd product} {ergonomic}

Logging:
Log output configuration:
 #0: stdout all=warning uptime,level,tags
 #1: stderr all=off uptime,level,tags

Environment Variables:
PATH=C:\Program Files (x86)\Common Files\Intel\Shared Libraries\redist\intel64\compiler;C:\Program Files\Common Files\Oracle\Java\javapath;C:\Program Files\Microsoft\jdk-11.0.12.7-hotspot\bin;C:\windows\system32;C:\windows;C:\windows\System32\Wbem;C:\windows\System32\WindowsPowerShell\v1.0\;C:\windows\System32\OpenSSH\;C:\Program Files (x86)\NVIDIA Corporation\PhysX\Common;C:\Program Files\NVIDIA Corporation\NVIDIA NvDLISR;C:\Program Files\Microsoft SQL Server\150\Tools\Binn\;C:\Program Files\Microsoft SQL Server\Client SDK\ODBC\170\Tools\Binn\;C:\Program Files\dotnet\;C:\WINDOWS\system32;C:\WINDOWS;C:\WINDOWS\System32\Wbem;C:\WINDOWS\System32\WindowsPowerShell\v1.0\;C:\WINDOWS\System32\OpenSSH\;C:\Program Files\CMake\bin;C:\Program Files\Git\cmd;C:\Users\luczu\AppData\Local\Microsoft\WindowsApps;C:\Users\luczu\.dotnet\tools;C:\Users\luczu\AppData\Local\GitHubDesktop\bin;;C:\Users\luczu\AppData\Local\Programs\Microsoft VS Code\bin
USERNAME=luczu
OS=Windows_NT
PROCESSOR_IDENTIFIER=Intel64 Family 6 Model 141 Stepping 1, GenuineIntel
TMP=C:\Users\luczu\AppData\Local\Temp
TEMP=C:\Users\luczu\AppData\Local\Temp



Periodic native trim disabled


---------------  S Y S T E M  ---------------

OS:
 Windows 11 , 64 bit Build 22621 (10.0.22621.2506)
OS uptime: 0 days 0:56 hours
Hyper-V role detected

CPU: total 16 (initial active 16) (8 cores per cpu, 2 threads per core) family 6 model 141 stepping 1 microcode 0x4e, cx8, cmov, fxsr, ht, mmx, 3dnowpref, sse, sse2, sse3, ssse3, sse4.1, sse4.2, popcnt, lzcnt, tsc, tscinvbit, avx, avx2, aes, erms, clmul, bmi1, bmi2, adx, avx512f, avx512dq, avx512cd, avx512bw, avx512vl, sha, fma, vzeroupper, avx512_vpopcntdq, avx512_vpclmulqdq, avx512_vaes, avx512_vnni, clflush, clflushopt, clwb, avx512_vbmi2, avx512_vbmi, hv
Processor Information for all 16 processors :
  Max Mhz: 2304, Current Mhz: 2304, Mhz Limit: 2304

Memory: 4k page, system-wide physical 16021M (3831M free)
TotalPageFile size 34453M (AvailPageFile size 15968M)
current process WorkingSet (physical memory assigned to process): 107M, peak: 107M
current process commit charge ("private bytes"): 398M, peak: 398M

vm_info: OpenJDK 64-Bit Server VM (17.0.10+7-LTS) for windows-amd64 JRE (17.0.10+7-LTS), built on Jan 10 2024 22:11:07 by "Administrator" with MS VC++ 16.10 / 16.11 (VS2019)

END.
