#
# A fatal error has been detected by the Java Runtime Environment:
#
#  EXCEPTION_ACCESS_VIOLATION (0xc0000005) at pc=0x00007ffa704cf42b, pid=29188, tid=32440
#
# JRE version: OpenJDK Runtime Environment Corretto-17.0.10.7.1 (17.0.10+7) (build 17.0.10+7-LTS)
# Java VM: OpenJDK 64-Bit Server VM Corretto-17.0.10.7.1 (17.0.10+7-LTS, mixed mode, sharing, tiered, compressed oops, compressed class ptrs, g1 gc, windows-amd64)
# Problematic frame:
# C  [jniRaylib.dll+0xdf42b]
#
# No core dump will be written. Minidumps are not enabled by default on client versions of Windows
#
# If you would like to submit a bug report, please visit:
#   https://github.com/corretto/corretto-17/issues/
# The crash happened outside the Java Virtual Machine in native code.
# See problematic frame for where to report the bug.
#

---------------  S U M M A R Y ------------

Command Line: -Dfile.encoding=windows-1252 -Duser.country=NL -Duser.language=nl -Duser.variant PineVille.MenuScene

Host: 11th Gen Intel(R) Core(TM) i7-11800H @ 2.30GHz, 16 cores, 15G,  Windows 11 , 64 bit Build 22621 (10.0.22621.2506)
Time: Wed Feb 14 11:54:33 2024 West-Europa (standaardtijd) elapsed time: 6.842552 seconds (0d 0h 0m 6s)

---------------  T H R E A D  ---------------

Current thread (0x000001f66f6be750):  JavaThread "main" [_thread_in_native, id=32440, stack(0x0000009e72d00000,0x0000009e72e00000)]

Stack: [0x0000009e72d00000,0x0000009e72e00000],  sp=0x0000009e72dfee30,  free space=1019k
Native frames: (J=compiled Java code, j=interpreted, Vv=VM code, C=native code)
C  [jniRaylib.dll+0xdf42b]

Java frames: (J=compiled Java code, j=interpreted, Vv=VM code)
J 821  com.raylib.Raylib.DrawText(Ljava/lang/String;IIILcom/raylib/Raylib$Color;)V (0 bytes) @ 0x000001f607c36323 [0x000001f607c362a0+0x0000000000000083]
j  PineVille.MenuScene.main([Ljava/lang/String;)V+79
v  ~StubRoutines::call_stub

siginfo: EXCEPTION_ACCESS_VIOLATION (0xc0000005), writing address 0x000001f66bf56060


Registers:
RAX=0x000001f66bf56060, RBX=0x0000009e72dfefd0, RCX=0x0000000000000000, RDX=0x000001f65a652e60
RSP=0x0000009e72dfee30, RBP=0x000001f65a8d86e0, RSI=0x0000000000000002, RDI=0x0000009e72dfefc0
R8 =0x0000000000000000, R9 =0x0000000000000000, R10=0x000000000000003f, R11=0x0000000000000006
R12=0x00000000000000e0, R13=0x0000000000000000, R14=0x0000000000000001, R15=0x0000009e72dff220
RIP=0x00007ffa704cf42b, EFLAGS=0x0000000000010246


Register to memory mapping:

RIP=0x00007ffa704cf42b jniRaylib.dll
RAX=0x000001f66bf56060 is an unknown value
RBX=0x0000009e72dfefd0 is pointing into the stack for thread: 0x000001f66f6be750
RCX=0x0 is NULL
RDX=0x000001f65a652e60 points into unknown readable memory: 0x0000000000002000 | 00 20 00 00 00 00 00 00
RSP=0x0000009e72dfee30 is pointing into the stack for thread: 0x000001f66f6be750
RBP=0x000001f65a8d86e0 points into unknown readable memory: 0x6c69562d656e6950 | 50 69 6e 65 2d 56 69 6c
RSI=0x0000000000000002 is an unknown value
RDI=0x0000009e72dfefc0 is pointing into the stack for thread: 0x000001f66f6be750
R8 =0x0 is NULL
R9 =0x0 is NULL
R10=0x000000000000003f is an unknown value
R11=0x0000000000000006 is an unknown value
R12=0x00000000000000e0 is an unknown value
R13=0x0 is NULL
R14=0x0000000000000001 is an unknown value
R15=0x0000009e72dff220 is pointing into the stack for thread: 0x000001f66f6be750


Top of Stack: (sp=0x0000009e72dfee30)
0x0000009e72dfee30:   0000009e72dff170 0000009e72dfef30
0x0000009e72dfee40:   0000000000000001 000001f66f6be750
0x0000009e72dfee50:   0000000043960000 0000000000000000
0x0000009e72dfee60:   0000000042f20000 0000000000000000
0x0000009e72dfee70:   0000000000000000 0000000000000000
0x0000009e72dfee80:   0000009e72dfefd0 00007ffa70498749
0x0000009e72dfee90:   0000009e72dff2a0 000001f607c36323
0x0000009e72dfeea0:   0000000000000000 0000009e72dff170
0x0000009e72dfeeb0:   430000004441c000 4348000043960000
0x0000009e72dfeec0:   0000000000000021 0000000000000000
0x0000009e72dfeed0:   0000000000000000 0000000000000000
0x0000009e72dfeee0:   0000000000000000 0000000000000000
0x0000009e72dfeef0:   0000000044354000 0000000000000000
0x0000009e72dfef00:   0000000043480000 0000000000000000
0x0000009e72dfef10:   000000003f000000 0000000000000000
0x0000009e72dfef20:   0000000042c80000 0000000000000000
0x0000009e72dfef30:   0000000041200000 0000000000000000
0x0000009e72dfef40:   0000000044354000 0000000000000000
0x0000009e72dfef50:   0000000043480000 0000000000000000
0x0000009e72dfef60:   0000000041200000 0000000000000000
0x0000009e72dfef70:   000000000000003f 0000000000000000
0x0000009e72dfef80:   00000000ff00cbff 00007ffa7052d0fe
0x0000009e72dfef90:   00007ffa44354000 000001f65a8d86e0
0x0000009e72dfefa0:   000001f66f351101 00007ffa7336d73e
0x0000009e72dfefb0:   0000009e00000000 00007ffaff00cbff
0x0000009e72dfefc0:   4348000044354000 42c8000042480000
0x0000009e72dfefd0:   41b8000042f20000 4120000040a00000
0x0000009e72dfefe0:   0000008000000002 0000000100000080
0x0000009e72dfeff0:   000001f600000002 00007ffa73351185
0x0000009e72dff000:   000000e00000000a 0000000200000000
0x0000009e72dff010:   0000009e72dff0e1 0000009e72dff038
0x0000009e72dff020:   000001f66c100fb0 000001f66c0feca0 

Instructions: (pc=0x00007ffa704cf42b)
0x00007ffa704cf32b:   fa 01 75 0b 84 54 c1 f4 75 54 8d 4a 02 eb 43 83
0x00007ffa704cf33b:   fa 04 75 20 8b 4c c1 f4 b8 56 55 55 55 f7 e9 8b
0x00007ffa704cf34b:   c2 c1 e8 1f 03 d0 8d 04 52 3b c8 75 31 b9 04 00
0x00007ffa704cf35b:   00 00 eb 1e 83 fa 07 75 25 8b 44 c1 f4 25 03 00
0x00007ffa704cf36b:   00 80 7d 07 ff c8 83 c8 fc ff c0 85 c0 75 0f 8d
0x00007ffa704cf37b:   48 05 e8 7e a4 ff ff 4c 8b 05 27 2e 11 00 4d 63
0x00007ffa704cf38b:   48 04 4d 8b 40 08 8b 05 41 2e 11 00 49 c1 e1 06
0x00007ffa704cf39b:   8d 0c 40 4b 8b 44 01 08 48 63 d1 f3 0f 11 34 90
0x00007ffa704cf3ab:   48 8b 05 fe 2d 11 00 4c 63 48 04 4c 8b 40 08 8b
0x00007ffa704cf3bb:   05 18 2e 11 00 49 c1 e1 06 8d 0c 40 4b 8b 44 01
0x00007ffa704cf3cb:   08 48 63 d1 f3 0f 11 7c 90 04 48 8b 05 d4 2d 11
0x00007ffa704cf3db:   00 4c 63 48 04 4c 8b 40 08 8b 05 ee 2d 11 00 49
0x00007ffa704cf3eb:   c1 e1 06 8d 0c 40 4b 8b 44 01 08 48 63 d1 f3 44
0x00007ffa704cf3fb:   0f 11 44 90 08 48 8b 05 a9 2d 11 00 f3 0f 10 05
0x00007ffa704cf40b:   cd 2d 11 00 4c 63 40 04 48 8b 50 08 8b 05 bb 2d
0x00007ffa704cf41b:   11 00 03 c0 49 c1 e0 06 48 63 c8 49 8b 44 10 10
0x00007ffa704cf42b:   f3 0f 11 04 88 48 8b 05 79 2d 11 00 f3 0f 10 05
0x00007ffa704cf43b:   a1 2d 11 00 4c 63 40 04 48 8b 50 08 8b 05 8b 2d
0x00007ffa704cf44b:   11 00 03 c0 49 c1 e0 06 48 63 c8 49 8b 44 10 10
0x00007ffa704cf45b:   f3 0f 11 44 88 04 48 8b 05 48 2d 11 00 4c 63 40
0x00007ffa704cf46b:   04 48 8b 48 08 8b 05 62 2d 11 00 49 c1 e0 06 8d
0x00007ffa704cf47b:   04 85 00 00 00 00 49 8b 4c 08 18 48 63 d0 0f b6
0x00007ffa704cf48b:   05 60 2d 11 00 88 04 0a 48 8b 05 16 2d 11 00 4c
0x00007ffa704cf49b:   63 40 04 48 8b 48 08 8b 05 30 2d 11 00 49 c1 e0
0x00007ffa704cf4ab:   06 8d 04 85 00 00 00 00 49 8b 4c 08 18 48 63 d0
0x00007ffa704cf4bb:   0f b6 05 2f 2d 11 00 88 44 11 01 48 8b 05 e3 2c
0x00007ffa704cf4cb:   11 00 4c 63 40 04 48 8b 48 08 8b 05 fd 2c 11 00
0x00007ffa704cf4db:   49 c1 e0 06 8d 04 85 00 00 00 00 49 8b 4c 08 18
0x00007ffa704cf4eb:   48 63 d0 0f b6 05 fd 2c 11 00 88 44 11 02 48 8b
0x00007ffa704cf4fb:   05 b0 2c 11 00 4c 63 40 04 48 8b 48 08 8b 05 ca
0x00007ffa704cf50b:   2c 11 00 49 c1 e0 06 49 8b 4c 08 18 8d 04 85 00
0x00007ffa704cf51b:   00 00 00 0f 28 74 24 40 0f 28 7c 24 30 44 0f 28 


Stack slot to memory mapping:
stack at sp + 0 slots: 0x0000009e72dff170 is pointing into the stack for thread: 0x000001f66f6be750
stack at sp + 1 slots: 0x0000009e72dfef30 is pointing into the stack for thread: 0x000001f66f6be750
stack at sp + 2 slots: 0x0000000000000001 is an unknown value
stack at sp + 3 slots: 0x000001f66f6be750 is a thread
stack at sp + 4 slots: 0x0000000043960000 is an unknown value
stack at sp + 5 slots: 0x0 is NULL
stack at sp + 6 slots: 0x0000000042f20000 is an unknown value
stack at sp + 7 slots: 0x0 is NULL


Compiled method (n/a)    6924  821     n 0       com.raylib.Raylib::DrawText (native)
 total in heap  [0x000001f607c36110,0x000001f607c36500] = 1008
 relocation     [0x000001f607c36268,0x000001f607c36298] = 48
 main code      [0x000001f607c362a0,0x000001f607c364f8] = 600
 oops           [0x000001f607c364f8,0x000001f607c36500] = 8

[Constant Pool (empty)]

[MachCode]
[Entry Point]
  # {method} {0x000001f656428870} 'DrawText' '(Ljava/lang/String;IIILcom/raylib/Raylib$Color;)V' in 'com/raylib/Raylib'
  # parm0:    rdx:rdx   = 'java/lang/String'
  # parm1:    r8        = int
  # parm2:    r9        = int
  # parm3:    rdi       = int
  # parm4:    rsi:rsi   = 'com/raylib/Raylib$Color'
  #           [sp+0x90]  (sp of caller)
  0x000001f607c362a0: 448b 5208 | 49bb 0000 | 0015 f601 | 0000 4d03 | d349 3bc2 | 0f84 0600 

  0x000001f607c362b8: ;   {runtime_call ic_miss_stub}
  0x000001f607c362b8: 0000 e9c1 | b286 ff90 
[Verified Entry Point]
  0x000001f607c362c0: 8984 2400 | 90ff ff55 | 488b ec48 | 81ec 8000 | 0000 4889 | 7424 5848 | 83fe 0048 | 8d44 2458 
  0x000001f607c362e0: 480f 4444 | 2458 4889 | 4424 3048 | 897c 2428 | 4c89 4c24 | 204d 8bc8 | 4889 5424 | 3848 83fa 
  0x000001f607c36300: 004c 8d44 | 2438 4c0f | 4444 2438 

  0x000001f607c3630c: ;   {oop(a 'java/lang/Class'{0x0000000713e00090} = 'com/raylib/Raylib')}
  0x000001f607c3630c: 49be 9000 | e013 0700 | 0000 4c89 | 7424 684c | 8d74 2468 | 498b d6c5 

  0x000001f607c36324: ;   {internal_word}
  0x000001f607c36324: f877 49ba | 2363 c307 | f601 0000 | 4d89 97a0 | 0200 0049 | 89a7 9802 

  0x000001f607c3633c: ;   {external_word}
  0x000001f607c3633c: 0000 49ba | 7935 ae73 | fa7f 0000 | 4180 3a00 | 0f84 5200 | 0000 5241 

  0x000001f607c36354: ;   {metadata({method} {0x000001f656428870} 'DrawText' '(Ljava/lang/String;IIILcom/raylib/Raylib$Color;)V' in 'com/raylib/Raylib')}
  0x000001f607c36354: 5041 5148 | ba68 8842 | 56f6 0100 | 0049 8bcf | 4883 ec20 | f7c4 0f00 | 0000 0f84 | 1a00 0000 
  0x000001f607c36374: 4883 ec08 

  0x000001f607c36378: ;   {runtime_call}
  0x000001f607c36378: 49ba 0030 | 6473 fa7f | 0000 41ff | d248 83c4 | 08e9 0d00 

  0x000001f607c3638c: ;   {runtime_call}
  0x000001f607c3638c: 0000 49ba | 0030 6473 | fa7f 0000 | 41ff d248 | 83c4 2041 | 5941 585a | 498d 8fb8 | 0200 0041 
  0x000001f607c363ac: c787 4803 | 0000 0400 

  0x000001f607c363b4: ;   {runtime_call}
  0x000001f607c363b4: 0000 49ba | 6057 4370 | fa7f 0000 | 41ff d2c5 | f877 41c7 | 8748 0300 | 0005 0000 | 00f0 8344 
  0x000001f607c363d4: 24c0 0049 | 3baf 5003 | 0000 0f87 | 1100 0000 | 4181 bf38 | 0300 0000 | 0000 000f | 8424 0000 
  0x000001f607c363f4: 00c5 f877 | 498b cf4c | 8be4 4883 | ec20 4883 

  0x000001f607c36404: ;   {runtime_call}
  0x000001f607c36404: e4f0 49ba | 9044 7473 | fa7f 0000 | 41ff d249 | 8be4 4d33 | e441 c787 | 4803 0000 | 0800 0000 
  0x000001f607c36424: 4181 bfb8 | 0300 0002 | 0000 000f | 849b 0000 

  0x000001f607c36434: ;   {external_word}
  0x000001f607c36434: 0049 ba79 | 35ae 73fa | 7f00 0041 | 803a 000f | 8448 0000 

  0x000001f607c36448: ;   {metadata({method} {0x000001f656428870} 'DrawText' '(Ljava/lang/String;IIILcom/raylib/Raylib$Color;)V' in 'com/raylib/Raylib')}
  0x000001f607c36448: 0048 ba68 | 8842 56f6 | 0100 0049 | 8bcf 4883 | ec20 f7c4 | 0f00 0000 | 0f84 1a00 | 0000 4883 
  0x000001f607c36468: ;   {runtime_call}
  0x000001f607c36468: ec08 49ba | 0030 6473 | fa7f 0000 | 41ff d248 | 83c4 08e9 | 0d00 0000 

  0x000001f607c36480: ;   {runtime_call}
  0x000001f607c36480: 49ba 0030 | 6473 fa7f | 0000 41ff | d248 83c4 | 2049 c787 | 9802 0000 | 0000 0000 | 49c7 87a0 
  0x000001f607c364a0: 0200 0000 | 0000 00c5 | f877 498b | 8fd8 0000 | 00c7 8100 | 0100 0000 | 0000 00c9 | 4981 7f08 
  0x000001f607c364c0: 0000 0000 | 0f85 0100 

  0x000001f607c364c8: ;   {runtime_call StubRoutines (1)}
  0x000001f607c364c8: 0000 c3e9 | 30aa 81ff | c5f8 774c | 8be4 4883 | ec20 4883 

  0x000001f607c364dc: ;   {runtime_call}
  0x000001f607c364dc: e4f0 49ba | 8060 6473 | fa7f 0000 | 41ff d249 | 8be4 4d33 | e4e9 3fff | ffff f4f4 
[/MachCode]


---------------  P R O C E S S  ---------------

Threads class SMR info:
_java_thread_list=0x000001f65d8db720, length=14, elements={
0x000001f66f6be750, 0x000001f65a006f40, 0x000001f65a007b00, 0x000001f65a01a2e0,
0x000001f65a01aea0, 0x000001f65a01da70, 0x000001f65a022450, 0x000001f65a0231f0,
0x000001f65a024bc0, 0x000001f65a02d4e0, 0x000001f65a0ce6c0, 0x000001f65a19a430,
0x000001f65a19e7b0, 0x000001f65d92b9e0
}

Java Threads: ( => current thread )
=>0x000001f66f6be750 JavaThread "main" [_thread_in_native, id=32440, stack(0x0000009e72d00000,0x0000009e72e00000)]
  0x000001f65a006f40 JavaThread "Reference Handler" daemon [_thread_blocked, id=12888, stack(0x0000009e73400000,0x0000009e73500000)]
  0x000001f65a007b00 JavaThread "Finalizer" daemon [_thread_blocked, id=32980, stack(0x0000009e73500000,0x0000009e73600000)]
  0x000001f65a01a2e0 JavaThread "Signal Dispatcher" daemon [_thread_blocked, id=16432, stack(0x0000009e73600000,0x0000009e73700000)]
  0x000001f65a01aea0 JavaThread "Attach Listener" daemon [_thread_blocked, id=2692, stack(0x0000009e73700000,0x0000009e73800000)]
  0x000001f65a01da70 JavaThread "Service Thread" daemon [_thread_blocked, id=33584, stack(0x0000009e73800000,0x0000009e73900000)]
  0x000001f65a022450 JavaThread "Monitor Deflation Thread" daemon [_thread_blocked, id=13904, stack(0x0000009e73900000,0x0000009e73a00000)]
  0x000001f65a0231f0 JavaThread "C2 CompilerThread0" daemon [_thread_blocked, id=15512, stack(0x0000009e73a00000,0x0000009e73b00000)]
  0x000001f65a024bc0 JavaThread "C1 CompilerThread0" daemon [_thread_blocked, id=21852, stack(0x0000009e73b00000,0x0000009e73c00000)]
  0x000001f65a02d4e0 JavaThread "Sweeper thread" daemon [_thread_blocked, id=3408, stack(0x0000009e73c00000,0x0000009e73d00000)]
  0x000001f65a0ce6c0 JavaThread "C1 CompilerThread1" daemon [_thread_blocked, id=19584, stack(0x0000009e73d00000,0x0000009e73e00000)]
  0x000001f65a19a430 JavaThread "Notification Thread" daemon [_thread_blocked, id=8320, stack(0x0000009e73e00000,0x0000009e73f00000)]
  0x000001f65a19e7b0 JavaThread "Common-Cleaner" daemon [_thread_blocked, id=15772, stack(0x0000009e74000000,0x0000009e74100000)]
  0x000001f65d92b9e0 JavaThread "JavaCPP Deallocator" daemon [_thread_blocked, id=33220, stack(0x0000009e74700000,0x0000009e74800000)]

Other Threads:
  0x000001f65a0040a0 VMThread "VM Thread" [stack: 0x0000009e73300000,0x0000009e73400000] [id=33196]
  0x000001f65a19b130 WatcherThread [stack: 0x0000009e73f00000,0x0000009e74000000] [id=12124]
  0x000001f66f72c2c0 GCTaskThread "GC Thread#0" [stack: 0x0000009e72e00000,0x0000009e72f00000] [id=10816]
  0x000001f65d72cbb0 GCTaskThread "GC Thread#1" [stack: 0x0000009e74800000,0x0000009e74900000] [id=3928]
  0x000001f65da5c010 GCTaskThread "GC Thread#2" [stack: 0x0000009e74900000,0x0000009e74a00000] [id=4288]
  0x000001f65dceccf0 GCTaskThread "GC Thread#3" [stack: 0x0000009e74a00000,0x0000009e74b00000] [id=11708]
  0x000001f65d697010 GCTaskThread "GC Thread#4" [stack: 0x0000009e74b00000,0x0000009e74c00000] [id=24996]
  0x000001f65ccfddc0 GCTaskThread "GC Thread#5" [stack: 0x0000009e74c00000,0x0000009e74d00000] [id=33280]
  0x000001f66f73cc60 ConcurrentGCThread "G1 Main Marker" [stack: 0x0000009e72f00000,0x0000009e73000000] [id=17164]
  0x000001f66f73e690 ConcurrentGCThread "G1 Conc#0" [stack: 0x0000009e73000000,0x0000009e73100000] [id=6396]
  0x000001f67fd0ed40 ConcurrentGCThread "G1 Refine#0" [stack: 0x0000009e73100000,0x0000009e73200000] [id=16100]
  0x000001f67fd0f770 ConcurrentGCThread "G1 Service" [stack: 0x0000009e73200000,0x0000009e73300000] [id=15988]

Threads with active compile tasks:

VM state: not at safepoint (normal execution)

VM Mutex/Monitor currently owned by a thread: None

Heap address: 0x0000000705a00000, size: 4006 MB, Compressed Oops mode: Zero based, Oop shift amount: 3

CDS archive(s) mapped at: [0x000001f615000000-0x000001f615bb0000-0x000001f615bb0000), size 12255232, SharedBaseAddress: 0x000001f615000000, ArchiveRelocationMode: 1.
Compressed class space mapped at: 0x000001f616000000-0x000001f656000000, reserved size: 1073741824
Narrow klass base: 0x000001f615000000, Narrow klass shift: 0, Narrow klass range: 0x100000000

GC Precious Log:
 CPUs: 16 total, 16 available
 Memory: 16021M
 Large Page Support: Disabled
 NUMA Support: Disabled
 Compressed Oops: Enabled (Zero based)
 Heap Region Size: 2M
 Heap Min Capacity: 8M
 Heap Initial Capacity: 252M
 Heap Max Capacity: 4006M
 Pre-touch: Disabled
 Parallel Workers: 13
 Concurrent Workers: 3
 Concurrent Refinement Workers: 13
 Periodic GC: Disabled

Heap:
 garbage-first heap   total 258048K, used 3711K [0x0000000705a00000, 0x0000000800000000)
  region size 2048K, 3 young (6144K), 1 survivors (2048K)
 Metaspace       used 2126K, committed 2304K, reserved 1114112K
  class space    used 180K, committed 256K, reserved 1048576K

Heap Regions: E=young(eden), S=young(survivor), O=old, HS=humongous(starts), HC=humongous(continues), CS=collection set, F=free, OA=open archive, CA=closed archive, TAMS=top-at-mark-start (previous, next)
|   0|0x0000000705a00000, 0x0000000705a00000, 0x0000000705c00000|  0%| F|  |TAMS 0x0000000705a00000, 0x0000000705a00000| Untracked 
|   1|0x0000000705c00000, 0x0000000705c00000, 0x0000000705e00000|  0%| F|  |TAMS 0x0000000705c00000, 0x0000000705c00000| Untracked 
|   2|0x0000000705e00000, 0x0000000705e00000, 0x0000000706000000|  0%| F|  |TAMS 0x0000000705e00000, 0x0000000705e00000| Untracked 
|   3|0x0000000706000000, 0x0000000706000000, 0x0000000706200000|  0%| F|  |TAMS 0x0000000706000000, 0x0000000706000000| Untracked 
|   4|0x0000000706200000, 0x0000000706200000, 0x0000000706400000|  0%| F|  |TAMS 0x0000000706200000, 0x0000000706200000| Untracked 
|   5|0x0000000706400000, 0x0000000706400000, 0x0000000706600000|  0%| F|  |TAMS 0x0000000706400000, 0x0000000706400000| Untracked 
|   6|0x0000000706600000, 0x0000000706600000, 0x0000000706800000|  0%| F|  |TAMS 0x0000000706600000, 0x0000000706600000| Untracked 
|   7|0x0000000706800000, 0x0000000706800000, 0x0000000706a00000|  0%| F|  |TAMS 0x0000000706800000, 0x0000000706800000| Untracked 
|   8|0x0000000706a00000, 0x0000000706a00000, 0x0000000706c00000|  0%| F|  |TAMS 0x0000000706a00000, 0x0000000706a00000| Untracked 
|   9|0x0000000706c00000, 0x0000000706c00000, 0x0000000706e00000|  0%| F|  |TAMS 0x0000000706c00000, 0x0000000706c00000| Untracked 
|  10|0x0000000706e00000, 0x0000000706e00000, 0x0000000707000000|  0%| F|  |TAMS 0x0000000706e00000, 0x0000000706e00000| Untracked 
|  11|0x0000000707000000, 0x0000000707000000, 0x0000000707200000|  0%| F|  |TAMS 0x0000000707000000, 0x0000000707000000| Untracked 
|  12|0x0000000707200000, 0x0000000707200000, 0x0000000707400000|  0%| F|  |TAMS 0x0000000707200000, 0x0000000707200000| Untracked 
|  13|0x0000000707400000, 0x0000000707400000, 0x0000000707600000|  0%| F|  |TAMS 0x0000000707400000, 0x0000000707400000| Untracked 
|  14|0x0000000707600000, 0x0000000707600000, 0x0000000707800000|  0%| F|  |TAMS 0x0000000707600000, 0x0000000707600000| Untracked 
|  15|0x0000000707800000, 0x0000000707800000, 0x0000000707a00000|  0%| F|  |TAMS 0x0000000707800000, 0x0000000707800000| Untracked 
|  16|0x0000000707a00000, 0x0000000707a00000, 0x0000000707c00000|  0%| F|  |TAMS 0x0000000707a00000, 0x0000000707a00000| Untracked 
|  17|0x0000000707c00000, 0x0000000707c00000, 0x0000000707e00000|  0%| F|  |TAMS 0x0000000707c00000, 0x0000000707c00000| Untracked 
|  18|0x0000000707e00000, 0x0000000707e00000, 0x0000000708000000|  0%| F|  |TAMS 0x0000000707e00000, 0x0000000707e00000| Untracked 
|  19|0x0000000708000000, 0x0000000708000000, 0x0000000708200000|  0%| F|  |TAMS 0x0000000708000000, 0x0000000708000000| Untracked 
|  20|0x0000000708200000, 0x0000000708200000, 0x0000000708400000|  0%| F|  |TAMS 0x0000000708200000, 0x0000000708200000| Untracked 
|  21|0x0000000708400000, 0x0000000708400000, 0x0000000708600000|  0%| F|  |TAMS 0x0000000708400000, 0x0000000708400000| Untracked 
|  22|0x0000000708600000, 0x0000000708600000, 0x0000000708800000|  0%| F|  |TAMS 0x0000000708600000, 0x0000000708600000| Untracked 
|  23|0x0000000708800000, 0x0000000708800000, 0x0000000708a00000|  0%| F|  |TAMS 0x0000000708800000, 0x0000000708800000| Untracked 
|  24|0x0000000708a00000, 0x0000000708a00000, 0x0000000708c00000|  0%| F|  |TAMS 0x0000000708a00000, 0x0000000708a00000| Untracked 
|  25|0x0000000708c00000, 0x0000000708c00000, 0x0000000708e00000|  0%| F|  |TAMS 0x0000000708c00000, 0x0000000708c00000| Untracked 
|  26|0x0000000708e00000, 0x0000000708e00000, 0x0000000709000000|  0%| F|  |TAMS 0x0000000708e00000, 0x0000000708e00000| Untracked 
|  27|0x0000000709000000, 0x0000000709000000, 0x0000000709200000|  0%| F|  |TAMS 0x0000000709000000, 0x0000000709000000| Untracked 
|  28|0x0000000709200000, 0x0000000709200000, 0x0000000709400000|  0%| F|  |TAMS 0x0000000709200000, 0x0000000709200000| Untracked 
|  29|0x0000000709400000, 0x0000000709400000, 0x0000000709600000|  0%| F|  |TAMS 0x0000000709400000, 0x0000000709400000| Untracked 
|  30|0x0000000709600000, 0x0000000709600000, 0x0000000709800000|  0%| F|  |TAMS 0x0000000709600000, 0x0000000709600000| Untracked 
|  31|0x0000000709800000, 0x0000000709800000, 0x0000000709a00000|  0%| F|  |TAMS 0x0000000709800000, 0x0000000709800000| Untracked 
|  32|0x0000000709a00000, 0x0000000709a00000, 0x0000000709c00000|  0%| F|  |TAMS 0x0000000709a00000, 0x0000000709a00000| Untracked 
|  33|0x0000000709c00000, 0x0000000709c00000, 0x0000000709e00000|  0%| F|  |TAMS 0x0000000709c00000, 0x0000000709c00000| Untracked 
|  34|0x0000000709e00000, 0x0000000709e00000, 0x000000070a000000|  0%| F|  |TAMS 0x0000000709e00000, 0x0000000709e00000| Untracked 
|  35|0x000000070a000000, 0x000000070a000000, 0x000000070a200000|  0%| F|  |TAMS 0x000000070a000000, 0x000000070a000000| Untracked 
|  36|0x000000070a200000, 0x000000070a200000, 0x000000070a400000|  0%| F|  |TAMS 0x000000070a200000, 0x000000070a200000| Untracked 
|  37|0x000000070a400000, 0x000000070a400000, 0x000000070a600000|  0%| F|  |TAMS 0x000000070a400000, 0x000000070a400000| Untracked 
|  38|0x000000070a600000, 0x000000070a600000, 0x000000070a800000|  0%| F|  |TAMS 0x000000070a600000, 0x000000070a600000| Untracked 
|  39|0x000000070a800000, 0x000000070a800000, 0x000000070aa00000|  0%| F|  |TAMS 0x000000070a800000, 0x000000070a800000| Untracked 
|  40|0x000000070aa00000, 0x000000070aa00000, 0x000000070ac00000|  0%| F|  |TAMS 0x000000070aa00000, 0x000000070aa00000| Untracked 
|  41|0x000000070ac00000, 0x000000070ac00000, 0x000000070ae00000|  0%| F|  |TAMS 0x000000070ac00000, 0x000000070ac00000| Untracked 
|  42|0x000000070ae00000, 0x000000070ae00000, 0x000000070b000000|  0%| F|  |TAMS 0x000000070ae00000, 0x000000070ae00000| Untracked 
|  43|0x000000070b000000, 0x000000070b000000, 0x000000070b200000|  0%| F|  |TAMS 0x000000070b000000, 0x000000070b000000| Untracked 
|  44|0x000000070b200000, 0x000000070b200000, 0x000000070b400000|  0%| F|  |TAMS 0x000000070b200000, 0x000000070b200000| Untracked 
|  45|0x000000070b400000, 0x000000070b400000, 0x000000070b600000|  0%| F|  |TAMS 0x000000070b400000, 0x000000070b400000| Untracked 
|  46|0x000000070b600000, 0x000000070b600000, 0x000000070b800000|  0%| F|  |TAMS 0x000000070b600000, 0x000000070b600000| Untracked 
|  47|0x000000070b800000, 0x000000070b800000, 0x000000070ba00000|  0%| F|  |TAMS 0x000000070b800000, 0x000000070b800000| Untracked 
|  48|0x000000070ba00000, 0x000000070ba00000, 0x000000070bc00000|  0%| F|  |TAMS 0x000000070ba00000, 0x000000070ba00000| Untracked 
|  49|0x000000070bc00000, 0x000000070bc00000, 0x000000070be00000|  0%| F|  |TAMS 0x000000070bc00000, 0x000000070bc00000| Untracked 
|  50|0x000000070be00000, 0x000000070be00000, 0x000000070c000000|  0%| F|  |TAMS 0x000000070be00000, 0x000000070be00000| Untracked 
|  51|0x000000070c000000, 0x000000070c000000, 0x000000070c200000|  0%| F|  |TAMS 0x000000070c000000, 0x000000070c000000| Untracked 
|  52|0x000000070c200000, 0x000000070c200000, 0x000000070c400000|  0%| F|  |TAMS 0x000000070c200000, 0x000000070c200000| Untracked 
|  53|0x000000070c400000, 0x000000070c400000, 0x000000070c600000|  0%| F|  |TAMS 0x000000070c400000, 0x000000070c400000| Untracked 
|  54|0x000000070c600000, 0x000000070c600000, 0x000000070c800000|  0%| F|  |TAMS 0x000000070c600000, 0x000000070c600000| Untracked 
|  55|0x000000070c800000, 0x000000070c800000, 0x000000070ca00000|  0%| F|  |TAMS 0x000000070c800000, 0x000000070c800000| Untracked 
|  56|0x000000070ca00000, 0x000000070ca00000, 0x000000070cc00000|  0%| F|  |TAMS 0x000000070ca00000, 0x000000070ca00000| Untracked 
|  57|0x000000070cc00000, 0x000000070cc00000, 0x000000070ce00000|  0%| F|  |TAMS 0x000000070cc00000, 0x000000070cc00000| Untracked 
|  58|0x000000070ce00000, 0x000000070ce00000, 0x000000070d000000|  0%| F|  |TAMS 0x000000070ce00000, 0x000000070ce00000| Untracked 
|  59|0x000000070d000000, 0x000000070d000000, 0x000000070d200000|  0%| F|  |TAMS 0x000000070d000000, 0x000000070d000000| Untracked 
|  60|0x000000070d200000, 0x000000070d200000, 0x000000070d400000|  0%| F|  |TAMS 0x000000070d200000, 0x000000070d200000| Untracked 
|  61|0x000000070d400000, 0x000000070d400000, 0x000000070d600000|  0%| F|  |TAMS 0x000000070d400000, 0x000000070d400000| Untracked 
|  62|0x000000070d600000, 0x000000070d600000, 0x000000070d800000|  0%| F|  |TAMS 0x000000070d600000, 0x000000070d600000| Untracked 
|  63|0x000000070d800000, 0x000000070d800000, 0x000000070da00000|  0%| F|  |TAMS 0x000000070d800000, 0x000000070d800000| Untracked 
|  64|0x000000070da00000, 0x000000070da00000, 0x000000070dc00000|  0%| F|  |TAMS 0x000000070da00000, 0x000000070da00000| Untracked 
|  65|0x000000070dc00000, 0x000000070dc00000, 0x000000070de00000|  0%| F|  |TAMS 0x000000070dc00000, 0x000000070dc00000| Untracked 
|  66|0x000000070de00000, 0x000000070de00000, 0x000000070e000000|  0%| F|  |TAMS 0x000000070de00000, 0x000000070de00000| Untracked 
|  67|0x000000070e000000, 0x000000070e000000, 0x000000070e200000|  0%| F|  |TAMS 0x000000070e000000, 0x000000070e000000| Untracked 
|  68|0x000000070e200000, 0x000000070e200000, 0x000000070e400000|  0%| F|  |TAMS 0x000000070e200000, 0x000000070e200000| Untracked 
|  69|0x000000070e400000, 0x000000070e400000, 0x000000070e600000|  0%| F|  |TAMS 0x000000070e400000, 0x000000070e400000| Untracked 
|  70|0x000000070e600000, 0x000000070e600000, 0x000000070e800000|  0%| F|  |TAMS 0x000000070e600000, 0x000000070e600000| Untracked 
|  71|0x000000070e800000, 0x000000070e800000, 0x000000070ea00000|  0%| F|  |TAMS 0x000000070e800000, 0x000000070e800000| Untracked 
|  72|0x000000070ea00000, 0x000000070ea00000, 0x000000070ec00000|  0%| F|  |TAMS 0x000000070ea00000, 0x000000070ea00000| Untracked 
|  73|0x000000070ec00000, 0x000000070ec00000, 0x000000070ee00000|  0%| F|  |TAMS 0x000000070ec00000, 0x000000070ec00000| Untracked 
|  74|0x000000070ee00000, 0x000000070ee00000, 0x000000070f000000|  0%| F|  |TAMS 0x000000070ee00000, 0x000000070ee00000| Untracked 
|  75|0x000000070f000000, 0x000000070f000000, 0x000000070f200000|  0%| F|  |TAMS 0x000000070f000000, 0x000000070f000000| Untracked 
|  76|0x000000070f200000, 0x000000070f200000, 0x000000070f400000|  0%| F|  |TAMS 0x000000070f200000, 0x000000070f200000| Untracked 
|  77|0x000000070f400000, 0x000000070f400000, 0x000000070f600000|  0%| F|  |TAMS 0x000000070f400000, 0x000000070f400000| Untracked 
|  78|0x000000070f600000, 0x000000070f600000, 0x000000070f800000|  0%| F|  |TAMS 0x000000070f600000, 0x000000070f600000| Untracked 
|  79|0x000000070f800000, 0x000000070f800000, 0x000000070fa00000|  0%| F|  |TAMS 0x000000070f800000, 0x000000070f800000| Untracked 
|  80|0x000000070fa00000, 0x000000070fa00000, 0x000000070fc00000|  0%| F|  |TAMS 0x000000070fa00000, 0x000000070fa00000| Untracked 
|  81|0x000000070fc00000, 0x000000070fc00000, 0x000000070fe00000|  0%| F|  |TAMS 0x000000070fc00000, 0x000000070fc00000| Untracked 
|  82|0x000000070fe00000, 0x000000070fe00000, 0x0000000710000000|  0%| F|  |TAMS 0x000000070fe00000, 0x000000070fe00000| Untracked 
|  83|0x0000000710000000, 0x0000000710000000, 0x0000000710200000|  0%| F|  |TAMS 0x0000000710000000, 0x0000000710000000| Untracked 
|  84|0x0000000710200000, 0x0000000710200000, 0x0000000710400000|  0%| F|  |TAMS 0x0000000710200000, 0x0000000710200000| Untracked 
|  85|0x0000000710400000, 0x0000000710400000, 0x0000000710600000|  0%| F|  |TAMS 0x0000000710400000, 0x0000000710400000| Untracked 
|  86|0x0000000710600000, 0x0000000710600000, 0x0000000710800000|  0%| F|  |TAMS 0x0000000710600000, 0x0000000710600000| Untracked 
|  87|0x0000000710800000, 0x0000000710800000, 0x0000000710a00000|  0%| F|  |TAMS 0x0000000710800000, 0x0000000710800000| Untracked 
|  88|0x0000000710a00000, 0x0000000710a00000, 0x0000000710c00000|  0%| F|  |TAMS 0x0000000710a00000, 0x0000000710a00000| Untracked 
|  89|0x0000000710c00000, 0x0000000710c00000, 0x0000000710e00000|  0%| F|  |TAMS 0x0000000710c00000, 0x0000000710c00000| Untracked 
|  90|0x0000000710e00000, 0x0000000710e00000, 0x0000000711000000|  0%| F|  |TAMS 0x0000000710e00000, 0x0000000710e00000| Untracked 
|  91|0x0000000711000000, 0x0000000711000000, 0x0000000711200000|  0%| F|  |TAMS 0x0000000711000000, 0x0000000711000000| Untracked 
|  92|0x0000000711200000, 0x0000000711200000, 0x0000000711400000|  0%| F|  |TAMS 0x0000000711200000, 0x0000000711200000| Untracked 
|  93|0x0000000711400000, 0x0000000711400000, 0x0000000711600000|  0%| F|  |TAMS 0x0000000711400000, 0x0000000711400000| Untracked 
|  94|0x0000000711600000, 0x0000000711600000, 0x0000000711800000|  0%| F|  |TAMS 0x0000000711600000, 0x0000000711600000| Untracked 
|  95|0x0000000711800000, 0x0000000711800000, 0x0000000711a00000|  0%| F|  |TAMS 0x0000000711800000, 0x0000000711800000| Untracked 
|  96|0x0000000711a00000, 0x0000000711a00000, 0x0000000711c00000|  0%| F|  |TAMS 0x0000000711a00000, 0x0000000711a00000| Untracked 
|  97|0x0000000711c00000, 0x0000000711c00000, 0x0000000711e00000|  0%| F|  |TAMS 0x0000000711c00000, 0x0000000711c00000| Untracked 
|  98|0x0000000711e00000, 0x0000000711e00000, 0x0000000712000000|  0%| F|  |TAMS 0x0000000711e00000, 0x0000000711e00000| Untracked 
|  99|0x0000000712000000, 0x0000000712000000, 0x0000000712200000|  0%| F|  |TAMS 0x0000000712000000, 0x0000000712000000| Untracked 
| 100|0x0000000712200000, 0x0000000712200000, 0x0000000712400000|  0%| F|  |TAMS 0x0000000712200000, 0x0000000712200000| Untracked 
| 101|0x0000000712400000, 0x0000000712400000, 0x0000000712600000|  0%| F|  |TAMS 0x0000000712400000, 0x0000000712400000| Untracked 
| 102|0x0000000712600000, 0x0000000712600000, 0x0000000712800000|  0%| F|  |TAMS 0x0000000712600000, 0x0000000712600000| Untracked 
| 103|0x0000000712800000, 0x0000000712800000, 0x0000000712a00000|  0%| F|  |TAMS 0x0000000712800000, 0x0000000712800000| Untracked 
| 104|0x0000000712a00000, 0x0000000712a00000, 0x0000000712c00000|  0%| F|  |TAMS 0x0000000712a00000, 0x0000000712a00000| Untracked 
| 105|0x0000000712c00000, 0x0000000712c00000, 0x0000000712e00000|  0%| F|  |TAMS 0x0000000712c00000, 0x0000000712c00000| Untracked 
| 106|0x0000000712e00000, 0x0000000712e00000, 0x0000000713000000|  0%| F|  |TAMS 0x0000000712e00000, 0x0000000712e00000| Untracked 
| 107|0x0000000713000000, 0x0000000713000000, 0x0000000713200000|  0%| F|  |TAMS 0x0000000713000000, 0x0000000713000000| Untracked 
| 108|0x0000000713200000, 0x0000000713200000, 0x0000000713400000|  0%| F|  |TAMS 0x0000000713200000, 0x0000000713200000| Untracked 
| 109|0x0000000713400000, 0x0000000713400000, 0x0000000713600000|  0%| F|  |TAMS 0x0000000713400000, 0x0000000713400000| Untracked 
| 110|0x0000000713600000, 0x0000000713600000, 0x0000000713800000|  0%| F|  |TAMS 0x0000000713600000, 0x0000000713600000| Untracked 
| 111|0x0000000713800000, 0x0000000713800000, 0x0000000713a00000|  0%| F|  |TAMS 0x0000000713800000, 0x0000000713800000| Untracked 
| 112|0x0000000713a00000, 0x0000000713a00000, 0x0000000713c00000|  0%| F|  |TAMS 0x0000000713a00000, 0x0000000713a00000| Untracked 
| 113|0x0000000713c00000, 0x0000000713c00000, 0x0000000713e00000|  0%| F|  |TAMS 0x0000000713c00000, 0x0000000713c00000| Untracked 
| 114|0x0000000713e00000, 0x0000000713f9ff80, 0x0000000714000000| 81%| S|CS|TAMS 0x0000000713e00000, 0x0000000713e00000| Complete 
| 115|0x0000000714000000, 0x0000000714000000, 0x0000000714200000|  0%| F|  |TAMS 0x0000000714000000, 0x0000000714000000| Untracked 
| 116|0x0000000714200000, 0x0000000714200000, 0x0000000714400000|  0%| F|  |TAMS 0x0000000714200000, 0x0000000714200000| Untracked 
| 117|0x0000000714400000, 0x0000000714400000, 0x0000000714600000|  0%| F|  |TAMS 0x0000000714400000, 0x0000000714400000| Untracked 
| 118|0x0000000714600000, 0x0000000714600000, 0x0000000714800000|  0%| F|  |TAMS 0x0000000714600000, 0x0000000714600000| Untracked 
| 119|0x0000000714800000, 0x0000000714800000, 0x0000000714a00000|  0%| F|  |TAMS 0x0000000714800000, 0x0000000714800000| Untracked 
| 120|0x0000000714a00000, 0x0000000714a00000, 0x0000000714c00000|  0%| F|  |TAMS 0x0000000714a00000, 0x0000000714a00000| Untracked 
| 121|0x0000000714c00000, 0x0000000714c00000, 0x0000000714e00000|  0%| F|  |TAMS 0x0000000714c00000, 0x0000000714c00000| Untracked 
| 122|0x0000000714e00000, 0x0000000714e00000, 0x0000000715000000|  0%| F|  |TAMS 0x0000000714e00000, 0x0000000714e00000| Untracked 
| 123|0x0000000715000000, 0x0000000715000000, 0x0000000715200000|  0%| F|  |TAMS 0x0000000715000000, 0x0000000715000000| Untracked 
| 124|0x0000000715200000, 0x00000007152c4c20, 0x0000000715400000| 38%| E|  |TAMS 0x0000000715200000, 0x0000000715200000| Complete 
| 125|0x0000000715400000, 0x0000000715600000, 0x0000000715600000|100%| E|CS|TAMS 0x0000000715400000, 0x0000000715400000| Complete 

Card table byte_map: [0x000001f67a170000,0x000001f67a950000] _byte_map_base: 0x000001f676943000

Marking Bits (Prev, Next): (CMBitMap*) 0x000001f66f72c8e0, (CMBitMap*) 0x000001f66f72c920
 Prev Bits: [0x000001f67b130000, 0x000001f67efc8000)
 Next Bits: [0x000001f60f000000, 0x000001f612e98000)

Polling page: 0x000001f66f770000

Metaspace:

Usage:
  Non-class:      1.90 MB used.
      Class:    180.95 KB used.
       Both:      2.08 MB used.

Virtual space:
  Non-class space:       64.00 MB reserved,       2.00 MB (  3%) committed,  1 nodes.
      Class space:        1.00 GB reserved,     256.00 KB ( <1%) committed,  1 nodes.
             Both:        1.06 GB reserved,       2.25 MB ( <1%) committed. 

Chunk freelists:
   Non-Class:  11.24 MB
       Class:  15.65 MB
        Both:  26.89 MB

MaxMetaspaceSize: unlimited
CompressedClassSpaceSize: 1.00 GB
Initial GC threshold: 21.00 MB
Current GC threshold: 21.00 MB
CDS: on
MetaspaceReclaimPolicy: balanced
 - commit_granule_bytes: 65536.
 - commit_granule_words: 8192.
 - virtual_space_node_default_size: 8388608.
 - enlarge_chunks_in_place: 1.
 - new_chunks_are_fully_committed: 0.
 - uncommit_free_chunks: 1.
 - use_allocation_guard: 0.
 - handle_deallocations: 1.


Internal statistics:

num_allocs_failed_limit: 0.
num_arena_births: 32.
num_arena_deaths: 0.
num_vsnodes_births: 2.
num_vsnodes_deaths: 0.
num_space_committed: 36.
num_space_uncommitted: 0.
num_chunks_returned_to_freelist: 0.
num_chunks_taken_from_freelist: 71.
num_chunk_merges: 0.
num_chunk_splits: 51.
num_chunks_enlarged: 38.
num_inconsistent_stats: 0.

CodeHeap 'non-profiled nmethods': size=119168Kb used=609Kb max_used=609Kb free=118558Kb
 bounds [0x000001f607ba0000, 0x000001f607e10000, 0x000001f60f000000]
CodeHeap 'profiled nmethods': size=119104Kb used=1392Kb max_used=1392Kb free=117711Kb
 bounds [0x000001f600000000, 0x000001f600270000, 0x000001f607450000]
CodeHeap 'non-nmethods': size=7488Kb used=1722Kb max_used=2906Kb free=5765Kb
 bounds [0x000001f607450000, 0x000001f607740000, 0x000001f607ba0000]
 total_blobs=1282 nmethods=844 adapters=350
 compilation: enabled
              stopped_count=0, restarted_count=0
 full_count=0

Compilation events (20 events):
Event: 5.621 Thread 0x000001f65a0ce6c0  836       3       java.lang.invoke.LambdaForm$MH/0x000001f616019000::invoke (27 bytes)
Event: 5.621 Thread 0x000001f65cd39aa0 nmethod 829 0x000001f600157210 code [0x000001f6001573e0, 0x000001f600157758]
Event: 5.621 Thread 0x000001f65cd39aa0  837       3       java.lang.invoke.DirectMethodHandle$Holder::invokeStatic (17 bytes)
Event: 5.621 Thread 0x000001f65a0ce6c0 nmethod 836 0x000001f600157890 code [0x000001f600157a40, 0x000001f600157df8]
Event: 5.621 Thread 0x000001f65a0ce6c0  838       3       java.lang.StringConcatHelper::mix (11 bytes)
Event: 5.621 Thread 0x000001f65cd39aa0 nmethod 837 0x000001f600157f10 code [0x000001f6001580e0, 0x000001f6001584d8]
Event: 5.621 Thread 0x000001f65cd39aa0  839       3       java.lang.invoke.DirectMethodHandle$Holder::invokeStatic (14 bytes)
Event: 5.621 Thread 0x000001f65cd39aa0 nmethod 839 0x000001f600158610 code [0x000001f6001587e0, 0x000001f600158c38]
Event: 5.621 Thread 0x000001f65cd39aa0  840       3       java.lang.invoke.LambdaForm$MH/0x000001f616018400::invoke (32 bytes)
Event: 5.621 Thread 0x000001f65a0ce6c0 nmethod 838 0x000001f600158d90 code [0x000001f600158f40, 0x000001f6001591b8]
Event: 5.621 Thread 0x000001f65a0ce6c0  841       3       java.lang.invoke.DirectMethodHandle$Holder::invokeStatic (21 bytes)
Event: 5.621 Thread 0x000001f65cd39aa0 nmethod 840 0x000001f600159310 code [0x000001f6001594e0, 0x000001f6001599b8]
Event: 5.621 Thread 0x000001f65a024bc0 nmethod 835 0x000001f600159b10 code [0x000001f600159d20, 0x000001f60015a668]
Event: 5.621 Thread 0x000001f65a0ce6c0 nmethod 841 0x000001f60015a910 code [0x000001f60015aae0, 0x000001f60015aff8]
Event: 6.687 Thread 0x000001f65a024bc0  842       3       java.lang.StringConcatHelper::prepend (22 bytes)
Event: 6.687 Thread 0x000001f65a0ce6c0  843       3       java.lang.StringConcatHelper::prepend (30 bytes)
Event: 6.688 Thread 0x000001f65a0ce6c0 nmethod 843 0x000001f60015b110 code [0x000001f60015b2c0, 0x000001f60015b498]
Event: 6.688 Thread 0x000001f65a0ce6c0  844       3       java.lang.invoke.DirectMethodHandle$Holder::invokeStatic (17 bytes)
Event: 6.688 Thread 0x000001f65a024bc0 nmethod 842 0x000001f60015b590 code [0x000001f60015b760, 0x000001f60015b9e8]
Event: 6.688 Thread 0x000001f65a0ce6c0 nmethod 844 0x000001f60015bb10 code [0x000001f60015bce0, 0x000001f60015c1f8]

GC Heap History (2 events):
Event: 0.480 GC heap before
{Heap before GC invocations=0 (full 0):
 garbage-first heap   total 258048K, used 22528K [0x0000000705a00000, 0x0000000800000000)
  region size 2048K, 11 young (22528K), 0 survivors (0K)
 Metaspace       used 1740K, committed 1856K, reserved 1114112K
  class space    used 130K, committed 192K, reserved 1048576K
}
Event: 0.484 GC heap after
{Heap after GC invocations=1 (full 0):
 garbage-first heap   total 258048K, used 1663K [0x0000000705a00000, 0x0000000800000000)
  region size 2048K, 1 young (2048K), 1 survivors (2048K)
 Metaspace       used 1740K, committed 1856K, reserved 1114112K
  class space    used 130K, committed 192K, reserved 1048576K
}

Dll operation events (20 events):
Event: 0.298 Loaded shared library C:\Program Files (x86)\Windows Kits\10\Redist\ucrt\DLLs\x64\api-ms-win-core-rtlsupport-l1-1-0.dll
Event: 0.305 Loaded shared library C:\Program Files (x86)\Windows Kits\10\Redist\ucrt\DLLs\x64\api-ms-win-core-processthreads-l1-1-1.dll
Event: 0.313 Loaded shared library C:\Program Files (x86)\Windows Kits\10\Redist\ucrt\DLLs\x64\api-ms-win-core-file-l1-2-0.dll
Event: 0.322 Loaded shared library C:\Program Files (x86)\Windows Kits\10\Redist\ucrt\DLLs\x64\api-ms-win-core-profile-l1-1-0.dll
Event: 0.330 Loaded shared library C:\Program Files (x86)\Windows Kits\10\Redist\ucrt\DLLs\x64\api-ms-win-core-memory-l1-1-0.dll
Event: 0.338 Loaded shared library C:\Program Files (x86)\Windows Kits\10\Redist\ucrt\DLLs\x64\api-ms-win-core-util-l1-1-0.dll
Event: 0.346 Loaded shared library C:\Program Files (x86)\Windows Kits\10\Redist\ucrt\DLLs\x64\api-ms-win-core-interlocked-l1-1-0.dll
Event: 0.355 Loaded shared library C:\Program Files (x86)\Windows Kits\10\Redist\ucrt\DLLs\x64\ucrtbase.dll
Event: 0.363 Loaded shared library C:\Users\luczu\.jdks\corretto-17.0.10\bin\vcruntime140.dll
Event: 0.370 Loaded shared library C:\Users\luczu\.jdks\corretto-17.0.10\bin\vcruntime140_1.dll
Event: 0.377 Loaded shared library C:\Users\luczu\.jdks\corretto-17.0.10\bin\msvcp140.dll
Event: 0.386 Loaded shared library C:\Windows\System32\msvcp140_1.dll
Event: 0.395 Loaded shared library C:\Windows\System32\concrt140.dll
Event: 0.404 Loaded shared library C:\Windows\System32\vcomp140.dll
Event: 0.418 Loaded shared library C:\Windows\System32\winmm.dll
Event: 0.422 Loaded shared library C:\Windows\System32\opengl32.dll
Event: 0.423 Loaded shared library C:\Windows\System32\user32.dll
Event: 0.425 Loaded shared library C:\Windows\System32\shell32.dll
Event: 0.426 Loaded shared library C:\Windows\System32\gdi32.dll
Event: 0.447 Loaded shared library C:\Users\luczu\.javacpp\cache\jaylib-4.5.0-0.jar\com\raylib\windows-x86_64\jniRaylib.dll

Deoptimization events (20 events):
Event: 0.414 Thread 0x000001f66f6be750 Uncommon trap: trap_request=0xffffff45 fr.pc=0x000001f607bc1b5c relative=0x00000000000001bc
Event: 0.414 Thread 0x000001f66f6be750 Uncommon trap: reason=unstable_if action=reinterpret pc=0x000001f607bc1b5c method=java.io.WinNTFileSystem.normalize(Ljava/lang/String;)Ljava/lang/String; @ 128 c2
Event: 0.414 Thread 0x000001f66f6be750 DEOPT PACKING pc=0x000001f607bc1b5c sp=0x0000009e72dfd620
Event: 0.414 Thread 0x000001f66f6be750 DEOPT UNPACKING pc=0x000001f6074aa1a3 sp=0x0000009e72dfd5a8 mode 2
Event: 0.418 Thread 0x000001f66f6be750 Uncommon trap: trap_request=0xffffff45 fr.pc=0x000001f607bc2ea4 relative=0x0000000000000184
Event: 0.418 Thread 0x000001f66f6be750 Uncommon trap: reason=unstable_if action=reinterpret pc=0x000001f607bc2ea4 method=sun.net.www.ParseUtil.firstEncodeIndex(Ljava/lang/String;)I @ 51 c2
Event: 0.418 Thread 0x000001f66f6be750 DEOPT PACKING pc=0x000001f607bc2ea4 sp=0x0000009e72dfde80
Event: 0.418 Thread 0x000001f66f6be750 DEOPT UNPACKING pc=0x000001f6074aa1a3 sp=0x0000009e72dfde08 mode 2
Event: 0.418 Thread 0x000001f66f6be750 Uncommon trap: trap_request=0xffffff45 fr.pc=0x000001f607be772c relative=0x0000000000003d4c
Event: 0.418 Thread 0x000001f66f6be750 Uncommon trap: reason=unstable_if action=reinterpret pc=0x000001f607be772c method=sun.net.www.ParseUtil.firstEncodeIndex(Ljava/lang/String;)I @ 51 c2
Event: 0.418 Thread 0x000001f66f6be750 DEOPT PACKING pc=0x000001f607be772c sp=0x0000009e72dfe1b0
Event: 0.418 Thread 0x000001f66f6be750 DEOPT UNPACKING pc=0x000001f6074aa1a3 sp=0x0000009e72dfded0 mode 2
Event: 0.429 Thread 0x000001f66f6be750 Uncommon trap: trap_request=0xffffff45 fr.pc=0x000001f607bddb44 relative=0x0000000000001324
Event: 0.429 Thread 0x000001f66f6be750 Uncommon trap: reason=unstable_if action=reinterpret pc=0x000001f607bddb44 method=java.net.URL.<init>(Ljava/net/URL;Ljava/lang/String;Ljava/net/URLStreamHandler;)V @ 273 c2
Event: 0.429 Thread 0x000001f66f6be750 DEOPT PACKING pc=0x000001f607bddb44 sp=0x0000009e72dfddc0
Event: 0.429 Thread 0x000001f66f6be750 DEOPT UNPACKING pc=0x000001f6074aa1a3 sp=0x0000009e72dfdd50 mode 2
Event: 0.487 Thread 0x000001f66f6be750 Uncommon trap: trap_request=0xffffff45 fr.pc=0x000001f607bd3b60 relative=0x00000000000000e0
Event: 0.487 Thread 0x000001f66f6be750 Uncommon trap: reason=unstable_if action=reinterpret pc=0x000001f607bd3b60 method=java.lang.ref.SoftReference.get()Ljava/lang/Object; @ 17 c2
Event: 0.487 Thread 0x000001f66f6be750 DEOPT PACKING pc=0x000001f607bd3b60 sp=0x0000009e72dfc9d0
Event: 0.487 Thread 0x000001f66f6be750 DEOPT UNPACKING pc=0x000001f6074aa1a3 sp=0x0000009e72dfc988 mode 2

Classes unloaded (0 events):
No events

Classes redefined (0 events):
No events

Internal exceptions (7 events):
Event: 0.074 Thread 0x000001f66f6be750 Exception <a 'java/lang/NoSuchMethodError'{0x00000007152812a0}: 'int java.lang.invoke.DirectMethodHandle$Holder.invokeStaticInit(java.lang.Object, java.lang.Object, java.lang.Object, java.lang.Object)'> (0x00000007152812a0) 
thrown [s\src\hotspot\share\interpreter\linkResolver.cpp, line 759]
Event: 0.076 Thread 0x000001f66f6be750 Exception <a 'java/lang/NoSuchMethodError'{0x000000071528bfb0}: 'java.lang.Object java.lang.invoke.DirectMethodHandle$Holder.invokeInterface(java.lang.Object, java.lang.Object)'> (0x000000071528bfb0) 
thrown [s\src\hotspot\share\interpreter\linkResolver.cpp, line 759]
Event: 0.077 Thread 0x000001f66f6be750 Exception <a 'java/lang/IncompatibleClassChangeError'{0x000000071528f6c8}: Found class java.lang.Object, but interface was expected> (0x000000071528f6c8) 
thrown [s\src\hotspot\share\interpreter\linkResolver.cpp, line 826]
Event: 0.077 Thread 0x000001f66f6be750 Exception <a 'java/lang/NoSuchMethodError'{0x0000000715292870}: 'void java.lang.invoke.DirectMethodHandle$Holder.invokeStatic(java.lang.Object, java.lang.Object)'> (0x0000000715292870) 
thrown [s\src\hotspot\share\interpreter\linkResolver.cpp, line 759]
Event: 0.078 Thread 0x000001f66f6be750 Exception <a 'java/lang/NoSuchMethodError'{0x0000000715295ee0}: 'void java.lang.invoke.DirectMethodHandle$Holder.invokeStaticInit(java.lang.Object, java.lang.Object)'> (0x0000000715295ee0) 
thrown [s\src\hotspot\share\interpreter\linkResolver.cpp, line 759]
Event: 0.079 Thread 0x000001f66f6be750 Exception <a 'java/lang/NoSuchMethodError'{0x000000071529c5c8}: 'int java.lang.invoke.DirectMethodHandle$Holder.invokeStaticInit(java.lang.Object, java.lang.Object)'> (0x000000071529c5c8) 
thrown [s\src\hotspot\share\interpreter\linkResolver.cpp, line 759]
Event: 0.444 Thread 0x000001f66f6be750 Exception <a 'java/lang/NoSuchMethodError'{0x0000000714161e48}: 'java.lang.Object java.lang.invoke.DirectMethodHandle$Holder.invokeStatic(java.lang.Object, int, java.lang.Object)'> (0x0000000714161e48) 
thrown [s\src\hotspot\share\interpreter\linkResolver.cpp, line 759]

VM Operations (10 events):
Event: 0.055 Executing VM operation: HandshakeAllThreads
Event: 0.055 Executing VM operation: HandshakeAllThreads done
Event: 0.106 Executing VM operation: HandshakeAllThreads
Event: 0.106 Executing VM operation: HandshakeAllThreads done
Event: 0.480 Executing VM operation: G1CollectForAllocation
Event: 0.484 Executing VM operation: G1CollectForAllocation done
Event: 2.484 Executing VM operation: Cleanup
Event: 2.484 Executing VM operation: Cleanup done
Event: 4.484 Executing VM operation: Cleanup
Event: 4.484 Executing VM operation: Cleanup done

Events (20 events):
Event: 0.442 loading class java/time/DayOfWeek done
Event: 0.442 loading class java/time/zone/ZoneOffsetTransitionRule$TimeDefinition
Event: 0.442 loading class java/time/zone/ZoneOffsetTransitionRule$TimeDefinition done
Event: 0.442 loading class java/time/zone/ZoneOffsetTransition
Event: 0.442 loading class java/time/zone/ZoneOffsetTransition done
Event: 0.443 loading class java/time/temporal/TemporalAdjusters
Event: 0.443 loading class java/time/temporal/TemporalAdjusters done
Event: 0.445 loading class java/time/zone/ZoneOffsetTransitionRule$1
Event: 0.445 loading class java/time/zone/ZoneOffsetTransitionRule$1 done
Event: 0.445 loading class java/util/concurrent/TimeUnit$1
Event: 0.445 loading class java/util/concurrent/TimeUnit$1 done
Event: 0.475 loading class java/lang/NumberFormatException
Event: 0.475 loading class java/lang/NumberFormatException done
Event: 0.476 Thread 0x000001f65d92b9e0 Thread added: 0x000001f65d92b9e0
Event: 1.037 Thread 0x000001f65b116250 Thread exited: 0x000001f65b116250
Event: 1.037 Thread 0x000001f65bc4fba0 Thread exited: 0x000001f65bc4fba0
Event: 1.037 Thread 0x000001f65a8f8500 Thread exited: 0x000001f65a8f8500
Event: 1.038 Thread 0x000001f65aa229c0 Thread exited: 0x000001f65aa229c0
Event: 1.038 Thread 0x000001f65a652d70 Thread exited: 0x000001f65a652d70
Event: 6.687 Thread 0x000001f65cd39aa0 Thread exited: 0x000001f65cd39aa0


Dynamic libraries:
0x00007ff653530000 - 0x00007ff65353e000 	C:\Users\luczu\.jdks\corretto-17.0.10\bin\java.exe
0x00007ffb51d50000 - 0x00007ffb51f67000 	C:\WINDOWS\SYSTEM32\ntdll.dll
0x00007ffb51860000 - 0x00007ffb51924000 	C:\WINDOWS\System32\KERNEL32.DLL
0x00007ffb4f550000 - 0x00007ffb4f8f6000 	C:\WINDOWS\System32\KERNELBASE.dll
0x00007ffb4f390000 - 0x00007ffb4f4a1000 	C:\WINDOWS\System32\ucrtbase.dll
0x00007ffae90c0000 - 0x00007ffae90db000 	C:\Users\luczu\.jdks\corretto-17.0.10\bin\VCRUNTIME140.dll
0x00007ffae90a0000 - 0x00007ffae90b7000 	C:\Users\luczu\.jdks\corretto-17.0.10\bin\jli.dll
0x00007ffb519e0000 - 0x00007ffb51b8e000 	C:\WINDOWS\System32\USER32.dll
0x00007ffb4f2a0000 - 0x00007ffb4f2c6000 	C:\WINDOWS\System32\win32u.dll
0x00007ffb51990000 - 0x00007ffb519b9000 	C:\WINDOWS\System32\GDI32.dll
0x00007ffb25b40000 - 0x00007ffb25dd3000 	C:\WINDOWS\WinSxS\amd64_microsoft.windows.common-controls_6595b64144ccf1df_6.0.22621.2506_none_270c5ae97388e100\COMCTL32.dll
0x00007ffb4f090000 - 0x00007ffb4f1a8000 	C:\WINDOWS\System32\gdi32full.dll
0x00007ffb50f30000 - 0x00007ffb50fd7000 	C:\WINDOWS\System32\msvcrt.dll
0x00007ffb4f4b0000 - 0x00007ffb4f54a000 	C:\WINDOWS\System32\msvcp_win.dll
0x00007ffb51820000 - 0x00007ffb51851000 	C:\WINDOWS\System32\IMM32.DLL
0x00007ffae9130000 - 0x00007ffae913c000 	C:\Users\luczu\.jdks\corretto-17.0.10\bin\vcruntime140_1.dll
0x00007ffae9170000 - 0x00007ffae91fd000 	C:\Users\luczu\.jdks\corretto-17.0.10\bin\msvcp140.dll
0x00007ffa72f60000 - 0x00007ffa73bc2000 	C:\Users\luczu\.jdks\corretto-17.0.10\bin\server\jvm.dll
0x00007ffb4fc50000 - 0x00007ffb4fd03000 	C:\WINDOWS\System32\ADVAPI32.dll
0x00007ffb51210000 - 0x00007ffb512b8000 	C:\WINDOWS\System32\sechost.dll
0x00007ffb4fa70000 - 0x00007ffb4fa98000 	C:\WINDOWS\System32\bcrypt.dll
0x00007ffb50fe0000 - 0x00007ffb510f7000 	C:\WINDOWS\System32\RPCRT4.dll
0x00007ffb4df10000 - 0x00007ffb4df5d000 	C:\WINDOWS\SYSTEM32\POWRPROF.dll
0x00007ffb44e30000 - 0x00007ffb44e3a000 	C:\WINDOWS\SYSTEM32\VERSION.dll
0x00007ffb04a40000 - 0x00007ffb04a49000 	C:\WINDOWS\SYSTEM32\WSOCK32.dll
0x00007ffb44c00000 - 0x00007ffb44c34000 	C:\WINDOWS\SYSTEM32\WINMM.dll
0x00007ffb51190000 - 0x00007ffb51201000 	C:\WINDOWS\System32\WS2_32.dll
0x00007ffb4def0000 - 0x00007ffb4df03000 	C:\WINDOWS\SYSTEM32\UMPDC.dll
0x00007ffb4e110000 - 0x00007ffb4e128000 	C:\WINDOWS\SYSTEM32\kernel.appcore.dll
0x00007ffaf34c0000 - 0x00007ffaf34ca000 	C:\Users\luczu\.jdks\corretto-17.0.10\bin\jimage.dll
0x00007ffb4c840000 - 0x00007ffb4ca73000 	C:\WINDOWS\SYSTEM32\DBGHELP.DLL
0x00007ffb4fdc0000 - 0x00007ffb50149000 	C:\WINDOWS\System32\combase.dll
0x00007ffb514d0000 - 0x00007ffb515a7000 	C:\WINDOWS\System32\OLEAUT32.dll
0x00007ffb30770000 - 0x00007ffb307a2000 	C:\WINDOWS\SYSTEM32\dbgcore.DLL
0x00007ffb4f1b0000 - 0x00007ffb4f22a000 	C:\WINDOWS\System32\bcryptPrimitives.dll
0x00007ffa79bf0000 - 0x00007ffa79c15000 	C:\Users\luczu\.jdks\corretto-17.0.10\bin\java.dll
0x00007ffa72dd0000 - 0x00007ffa72ea7000 	C:\Users\luczu\.jdks\corretto-17.0.10\bin\jsvml.dll
0x00007ffb506d0000 - 0x00007ffb50f2a000 	C:\WINDOWS\System32\SHELL32.dll
0x00007ffb4cfa0000 - 0x00007ffb4d896000 	C:\WINDOWS\SYSTEM32\windows.storage.dll
0x00007ffb4ce60000 - 0x00007ffb4cf9e000 	C:\WINDOWS\SYSTEM32\wintypes.dll
0x00007ffb505d0000 - 0x00007ffb506c3000 	C:\WINDOWS\System32\SHCORE.dll
0x00007ffb4fd10000 - 0x00007ffb4fd6e000 	C:\WINDOWS\System32\shlwapi.dll
0x00007ffb4efc0000 - 0x00007ffb4efe6000 	C:\WINDOWS\SYSTEM32\profapi.dll
0x00007ffaf34a0000 - 0x00007ffaf34b9000 	C:\Users\luczu\.jdks\corretto-17.0.10\bin\net.dll
0x00007ffb45740000 - 0x00007ffb45877000 	C:\WINDOWS\SYSTEM32\WINHTTP.dll
0x00007ffb4e630000 - 0x00007ffb4e699000 	C:\WINDOWS\system32\mswsock.dll
0x00007ffa79bd0000 - 0x00007ffa79be6000 	C:\Users\luczu\.jdks\corretto-17.0.10\bin\nio.dll
0x00007ffa79bb0000 - 0x00007ffa79bc8000 	C:\Users\luczu\.jdks\corretto-17.0.10\bin\zip.dll
0x000001f614fc0000 - 0x000001f614fc3000 	C:\Program Files (x86)\Windows Kits\10\Redist\ucrt\DLLs\x64\api-ms-win-crt-locale-l1-1-0.dll
0x000001f614fd0000 - 0x000001f614fd4000 	C:\Program Files (x86)\Windows Kits\10\Redist\ucrt\DLLs\x64\api-ms-win-crt-string-l1-1-0.dll
0x000001f614fe0000 - 0x000001f614fe4000 	C:\Program Files (x86)\Windows Kits\10\Redist\ucrt\DLLs\x64\api-ms-win-crt-stdio-l1-1-0.dll
0x000001f614ff0000 - 0x000001f614ff5000 	C:\Program Files (x86)\Windows Kits\10\Redist\ucrt\DLLs\x64\api-ms-win-crt-math-l1-1-0.dll
0x000001f65ad30000 - 0x000001f65ad33000 	C:\Program Files (x86)\Windows Kits\10\Redist\ucrt\DLLs\x64\api-ms-win-crt-heap-l1-1-0.dll
0x000001f65ad40000 - 0x000001f65ad44000 	C:\Program Files (x86)\Windows Kits\10\Redist\ucrt\DLLs\x64\api-ms-win-crt-runtime-l1-1-0.dll
0x000001f65ad50000 - 0x000001f65ad54000 	C:\Program Files (x86)\Windows Kits\10\Redist\ucrt\DLLs\x64\api-ms-win-crt-convert-l1-1-0.dll
0x000001f65ad60000 - 0x000001f65ad63000 	C:\Program Files (x86)\Windows Kits\10\Redist\ucrt\DLLs\x64\api-ms-win-crt-environment-l1-1-0.dll
0x000001f65ad70000 - 0x000001f65ad73000 	C:\Program Files (x86)\Windows Kits\10\Redist\ucrt\DLLs\x64\api-ms-win-crt-time-l1-1-0.dll
0x000001f65ad80000 - 0x000001f65ad83000 	C:\Program Files (x86)\Windows Kits\10\Redist\ucrt\DLLs\x64\api-ms-win-crt-filesystem-l1-1-0.dll
0x000001f65ad90000 - 0x000001f65ad93000 	C:\Program Files (x86)\Windows Kits\10\Redist\ucrt\DLLs\x64\api-ms-win-crt-utility-l1-1-0.dll
0x000001f65ada0000 - 0x000001f65ada5000 	C:\Program Files (x86)\Windows Kits\10\Redist\ucrt\DLLs\x64\api-ms-win-crt-multibyte-l1-1-0.dll
0x000001f65adb0000 - 0x000001f65adb3000 	C:\Program Files (x86)\Windows Kits\10\Redist\ucrt\DLLs\x64\api-ms-win-crt-conio-l1-1-0.dll
0x000001f65adc0000 - 0x000001f65adcf000 	C:\Program Files (x86)\Windows Kits\10\Redist\ucrt\DLLs\x64\api-ms-win-crt-private-l1-1-0.dll
0x000001f65add0000 - 0x000001f65add3000 	C:\Program Files (x86)\Windows Kits\10\Redist\ucrt\DLLs\x64\api-ms-win-crt-process-l1-1-0.dll
0x000001f65ade0000 - 0x000001f65ade3000 	C:\Program Files\Microsoft\jdk-11.0.12.7-hotspot\bin\api-ms-win-core-console-l1-2-0.dll
0x000001f65adf0000 - 0x000001f65adf3000 	C:\Program Files (x86)\Windows Kits\10\Redist\ucrt\DLLs\x64\api-ms-win-core-string-l1-1-0.dll
0x000001f65ae00000 - 0x000001f65ae03000 	C:\Program Files (x86)\Windows Kits\10\Redist\ucrt\DLLs\x64\api-ms-win-core-errorhandling-l1-1-0.dll
0x000001f65ae10000 - 0x000001f65ae13000 	C:\Program Files (x86)\Windows Kits\10\Redist\ucrt\DLLs\x64\api-ms-win-core-timezone-l1-1-0.dll
0x000001f65ae20000 - 0x000001f65ae24000 	C:\Program Files (x86)\Windows Kits\10\Redist\ucrt\DLLs\x64\api-ms-win-core-file-l1-1-0.dll
0x000001f65ae30000 - 0x000001f65ae33000 	C:\Program Files (x86)\Windows Kits\10\Redist\ucrt\DLLs\x64\api-ms-win-core-namedpipe-l1-1-0.dll
0x000001f65ae40000 - 0x000001f65ae43000 	C:\Program Files (x86)\Windows Kits\10\Redist\ucrt\DLLs\x64\api-ms-win-core-handle-l1-1-0.dll
0x000001f65ae50000 - 0x000001f65ae53000 	C:\Program Files (x86)\Windows Kits\10\Redist\ucrt\DLLs\x64\api-ms-win-core-file-l2-1-0.dll
0x000001f65ae60000 - 0x000001f65ae63000 	C:\Program Files (x86)\Windows Kits\10\Redist\ucrt\DLLs\x64\api-ms-win-core-heap-l1-1-0.dll
0x000001f65ae70000 - 0x000001f65ae73000 	C:\Program Files (x86)\Windows Kits\10\Redist\ucrt\DLLs\x64\api-ms-win-core-libraryloader-l1-1-0.dll
0x000001f65ae80000 - 0x000001f65ae83000 	C:\Program Files (x86)\Windows Kits\10\Redist\ucrt\DLLs\x64\api-ms-win-core-synch-l1-1-0.dll
0x000001f65ae90000 - 0x000001f65ae93000 	C:\Program Files (x86)\Windows Kits\10\Redist\ucrt\DLLs\x64\api-ms-win-core-processthreads-l1-1-0.dll
0x000001f65aea0000 - 0x000001f65aea3000 	C:\Program Files (x86)\Windows Kits\10\Redist\ucrt\DLLs\x64\api-ms-win-core-processenvironment-l1-1-0.dll
0x000001f65aeb0000 - 0x000001f65aeb3000 	C:\Program Files (x86)\Windows Kits\10\Redist\ucrt\DLLs\x64\api-ms-win-core-datetime-l1-1-0.dll
0x000001f65aec0000 - 0x000001f65aec3000 	C:\Program Files (x86)\Windows Kits\10\Redist\ucrt\DLLs\x64\api-ms-win-core-localization-l1-2-0.dll
0x000001f65aed0000 - 0x000001f65aed3000 	C:\Program Files (x86)\Windows Kits\10\Redist\ucrt\DLLs\x64\api-ms-win-core-sysinfo-l1-1-0.dll
0x000001f65aee0000 - 0x000001f65aee3000 	C:\Program Files (x86)\Windows Kits\10\Redist\ucrt\DLLs\x64\api-ms-win-core-synch-l1-2-0.dll
0x000001f65aef0000 - 0x000001f65aef3000 	C:\Program Files (x86)\Windows Kits\10\Redist\ucrt\DLLs\x64\api-ms-win-core-console-l1-1-0.dll
0x000001f65af00000 - 0x000001f65af03000 	C:\Program Files (x86)\Windows Kits\10\Redist\ucrt\DLLs\x64\api-ms-win-core-debug-l1-1-0.dll
0x000001f65bee0000 - 0x000001f65bee3000 	C:\Program Files (x86)\Windows Kits\10\Redist\ucrt\DLLs\x64\api-ms-win-core-rtlsupport-l1-1-0.dll
0x000001f65bef0000 - 0x000001f65bef3000 	C:\Program Files (x86)\Windows Kits\10\Redist\ucrt\DLLs\x64\api-ms-win-core-processthreads-l1-1-1.dll
0x000001f65bf00000 - 0x000001f65bf03000 	C:\Program Files (x86)\Windows Kits\10\Redist\ucrt\DLLs\x64\api-ms-win-core-file-l1-2-0.dll
0x000001f65bf10000 - 0x000001f65bf13000 	C:\Program Files (x86)\Windows Kits\10\Redist\ucrt\DLLs\x64\api-ms-win-core-profile-l1-1-0.dll
0x000001f65bf20000 - 0x000001f65bf23000 	C:\Program Files (x86)\Windows Kits\10\Redist\ucrt\DLLs\x64\api-ms-win-core-memory-l1-1-0.dll
0x000001f65bf30000 - 0x000001f65bf33000 	C:\Program Files (x86)\Windows Kits\10\Redist\ucrt\DLLs\x64\api-ms-win-core-util-l1-1-0.dll
0x000001f65bf40000 - 0x000001f65bf43000 	C:\Program Files (x86)\Windows Kits\10\Redist\ucrt\DLLs\x64\api-ms-win-core-interlocked-l1-1-0.dll
0x00007ffac0b10000 - 0x00007ffac0c02000 	C:\Program Files (x86)\Windows Kits\10\Redist\ucrt\DLLs\x64\ucrtbase.dll
0x00007ffb469c0000 - 0x00007ffb469c9000 	C:\Windows\System32\msvcp140_1.dll
0x00007ffb0e060000 - 0x00007ffb0e0ae000 	C:\Windows\System32\concrt140.dll
0x00007ffb0e670000 - 0x00007ffb0e6a1000 	C:\Windows\System32\vcomp140.dll
0x00007ffb1a5e0000 - 0x00007ffb1a6e0000 	C:\Windows\System32\opengl32.dll
0x00007ffb1aad0000 - 0x00007ffb1aafd000 	C:\WINDOWS\SYSTEM32\GLU32.dll
0x00007ffb4c1e0000 - 0x00007ffb4c216000 	C:\WINDOWS\SYSTEM32\dxcore.dll
0x00007ffa703f0000 - 0x00007ffa7060d000 	C:\Users\luczu\.javacpp\cache\jaylib-4.5.0-0.jar\com\raylib\windows-x86_64\jniRaylib.dll
0x00007ffab4c10000 - 0x00007ffab4c56000 	C:\WINDOWS\SYSTEM32\dinput8.dll
0x00007ffb0f700000 - 0x00007ffb0f711000 	C:\WINDOWS\SYSTEM32\xinput1_4.dll
0x00007ffb4ed80000 - 0x00007ffb4edce000 	C:\WINDOWS\SYSTEM32\cfgmgr32.dll
0x00007ffb4ed50000 - 0x00007ffb4ed7c000 	C:\WINDOWS\SYSTEM32\DEVOBJ.dll
0x00007ffb4c430000 - 0x00007ffb4c45b000 	C:\WINDOWS\SYSTEM32\dwmapi.dll
0x00007ffb2c460000 - 0x00007ffb2c66a000 	C:\WINDOWS\SYSTEM32\inputhost.dll
0x00007ffb49560000 - 0x00007ffb49694000 	C:\WINDOWS\SYSTEM32\CoreMessaging.dll
0x00007ffb49940000 - 0x00007ffb499eb000 	C:\WINDOWS\system32\uxtheme.dll
0x00007ffb4e8a0000 - 0x00007ffb4e8ac000 	C:\WINDOWS\SYSTEM32\CRYPTBASE.DLL
0x00007ffb512d0000 - 0x00007ffb51420000 	C:\WINDOWS\System32\MSCTF.dll
0x00007ffb4d8a0000 - 0x00007ffb4d8ae000 	C:\WINDOWS\SYSTEM32\HID.DLL
0x00007ffb50150000 - 0x00007ffb505c4000 	C:\WINDOWS\System32\SETUPAPI.DLL
0x00007ffb4f230000 - 0x00007ffb4f29b000 	C:\WINDOWS\System32\WINTRUST.dll
0x00007ffb4f900000 - 0x00007ffb4fa66000 	C:\WINDOWS\System32\CRYPT32.dll
0x00007ffb4ed30000 - 0x00007ffb4ed42000 	C:\WINDOWS\SYSTEM32\MSASN1.dll
0x00007ffb458c0000 - 0x00007ffb4590a000 	C:\WINDOWS\SYSTEM32\directxdatabasehelper.dll
0x00007ffb515b0000 - 0x00007ffb51660000 	C:\WINDOWS\System32\clbcatq.dll
0x00007ffa27b40000 - 0x00007ffa2a730000 	C:\WINDOWS\System32\DriverStore\FileRepository\nvhm.inf_amd64_28ac5867493a0477\nvoglv64.dll
0x00007ffb4faa0000 - 0x00007ffb4fc40000 	C:\WINDOWS\System32\ole32.dll
0x00007ffb4df60000 - 0x00007ffb4df74000 	C:\WINDOWS\SYSTEM32\WTSAPI32.dll
0x00007ffb3cce0000 - 0x00007ffb3cd12000 	C:\WINDOWS\SYSTEM32\cryptnet.dll
0x00007ffb3a6d0000 - 0x00007ffb3a828000 	C:\WINDOWS\SYSTEM32\drvstore.dll
0x00007ffb4e930000 - 0x00007ffb4e97b000 	C:\WINDOWS\SYSTEM32\wldp.dll
0x00007ffb519c0000 - 0x00007ffb519df000 	C:\WINDOWS\System32\imagehlp.dll
0x00007ffb4e880000 - 0x00007ffb4e89b000 	C:\WINDOWS\SYSTEM32\CRYPTSP.dll
0x00007ffb4e130000 - 0x00007ffb4e165000 	C:\WINDOWS\system32\rsaenh.dll
0x00007ffb4e6c0000 - 0x00007ffb4e6e6000 	C:\WINDOWS\SYSTEM32\gpapi.dll
0x00007ffb02100000 - 0x00007ffb042eb000 	C:\WINDOWS\System32\DriverStore\FileRepository\nvhm.inf_amd64_28ac5867493a0477\nvgpucomp64.dll
0x00007ffb4e1d0000 - 0x00007ffb4e204000 	C:\WINDOWS\SYSTEM32\ntmarta.dll
0x00007ffab7e60000 - 0x00007ffab8123000 	C:\WINDOWS\system32\nvspcap64.dll
0x00007ffb4db00000 - 0x00007ffb4db66000 	C:\WINDOWS\SYSTEM32\WINSTA.dll

dbghelp: loaded successfully - version: 4.0.5 - missing functions: none
symbol engine: initialized successfully - sym options: 0x614 - pdb path: .;C:\Users\luczu\.jdks\corretto-17.0.10\bin;C:\WINDOWS\SYSTEM32;C:\WINDOWS\WinSxS\amd64_microsoft.windows.common-controls_6595b64144ccf1df_6.0.22621.2506_none_270c5ae97388e100;C:\Users\luczu\.jdks\corretto-17.0.10\bin\server;C:\Program Files (x86)\Windows Kits\10\Redist\ucrt\DLLs\x64;C:\Program Files\Microsoft\jdk-11.0.12.7-hotspot\bin;C:\Users\luczu\.javacpp\cache\jaylib-4.5.0-0.jar\com\raylib\windows-x86_64;C:\WINDOWS\System32\DriverStore\FileRepository\nvhm.inf_amd64_28ac5867493a0477;C:\WINDOWS\System32\DriverStore\FileRepository\iigd_dch.inf_amd64_0fdf6ce291234272

VM Arguments:
jvm_args: -Dfile.encoding=windows-1252 -Duser.country=NL -Duser.language=nl -Duser.variant 
java_command: PineVille.MenuScene
java_class_path (initial): C:\Users\luczu\OneDrive\Documenten\PineVille\build\classes\java\main;C:\Users\luczu\OneDrive\Documenten\PineVille\build\resources\main;C:\Users\luczu\.gradle\caches\modules-2\files-2.1\uk.co.electronstudio.jaylib\jaylib\4.5.0-0\90c0d608df9bbd32f5f34683acc58cb433e94508\jaylib-4.5.0-0.jar
Launcher Type: SUN_STANDARD

[Global flags]
     intx CICompilerCount                          = 12                                        {product} {ergonomic}
     uint ConcGCThreads                            = 3                                         {product} {ergonomic}
     uint G1ConcRefinementThreads                  = 13                                        {product} {ergonomic}
   size_t G1HeapRegionSize                         = 2097152                                   {product} {ergonomic}
    uintx GCDrainStackTargetSize                   = 64                                        {product} {ergonomic}
   size_t InitialHeapSize                          = 264241152                                 {product} {ergonomic}
   size_t MarkStackSize                            = 4194304                                   {product} {ergonomic}
   size_t MaxHeapSize                              = 4200595456                                {product} {ergonomic}
   size_t MaxNewSize                               = 2518679552                                {product} {ergonomic}
   size_t MinHeapDeltaBytes                        = 2097152                                   {product} {ergonomic}
   size_t MinHeapSize                              = 8388608                                   {product} {ergonomic}
    uintx NonNMethodCodeHeapSize                   = 7602480                                {pd product} {ergonomic}
    uintx NonProfiledCodeHeapSize                  = 122027880                              {pd product} {ergonomic}
    uintx ProfiledCodeHeapSize                     = 122027880                              {pd product} {ergonomic}
    uintx ReservedCodeCacheSize                    = 251658240                              {pd product} {ergonomic}
     bool SegmentedCodeCache                       = true                                      {product} {ergonomic}
   size_t SoftMaxHeapSize                          = 4200595456                             {manageable} {ergonomic}
     bool UseCompressedClassPointers               = true                           {product lp64_product} {ergonomic}
     bool UseCompressedOops                        = true                           {product lp64_product} {ergonomic}
     bool UseG1GC                                  = true                                      {product} {ergonomic}
     bool UseLargePagesIndividualAllocation        = false                                  {pd product} {ergonomic}

Logging:
Log output configuration:
 #0: stdout all=warning uptime,level,tags
 #1: stderr all=off uptime,level,tags

Environment Variables:
PATH=C:\Program Files (x86)\Common Files\Intel\Shared Libraries\redist\intel64\compiler;C:\Program Files\Common Files\Oracle\Java\javapath;C:\Program Files\Microsoft\jdk-11.0.12.7-hotspot\bin;C:\windows\system32;C:\windows;C:\windows\System32\Wbem;C:\windows\System32\WindowsPowerShell\v1.0\;C:\windows\System32\OpenSSH\;C:\Program Files (x86)\NVIDIA Corporation\PhysX\Common;C:\Program Files\NVIDIA Corporation\NVIDIA NvDLISR;C:\Program Files\Microsoft SQL Server\150\Tools\Binn\;C:\Program Files\Microsoft SQL Server\Client SDK\ODBC\170\Tools\Binn\;C:\Program Files\dotnet\;C:\WINDOWS\system32;C:\WINDOWS;C:\WINDOWS\System32\Wbem;C:\WINDOWS\System32\WindowsPowerShell\v1.0\;C:\WINDOWS\System32\OpenSSH\;C:\Program Files\CMake\bin;C:\Program Files\Git\cmd;C:\Users\luczu\AppData\Local\Microsoft\WindowsApps;C:\Users\luczu\.dotnet\tools;C:\Users\luczu\AppData\Local\GitHubDesktop\bin;;C:\Users\luczu\AppData\Local\Programs\Microsoft VS Code\bin
USERNAME=luczu
OS=Windows_NT
PROCESSOR_IDENTIFIER=Intel64 Family 6 Model 141 Stepping 1, GenuineIntel
TMP=C:\Users\luczu\AppData\Local\Temp
TEMP=C:\Users\luczu\AppData\Local\Temp



Periodic native trim disabled


---------------  S Y S T E M  ---------------

OS:
 Windows 11 , 64 bit Build 22621 (10.0.22621.2506)
OS uptime: 0 days 2:53 hours
Hyper-V role detected

CPU: total 16 (initial active 16) (8 cores per cpu, 2 threads per core) family 6 model 141 stepping 1 microcode 0x4e, cx8, cmov, fxsr, ht, mmx, 3dnowpref, sse, sse2, sse3, ssse3, sse4.1, sse4.2, popcnt, lzcnt, tsc, tscinvbit, avx, avx2, aes, erms, clmul, bmi1, bmi2, adx, avx512f, avx512dq, avx512cd, avx512bw, avx512vl, sha, fma, vzeroupper, avx512_vpopcntdq, avx512_vpclmulqdq, avx512_vaes, avx512_vnni, clflush, clflushopt, clwb, avx512_vbmi2, avx512_vbmi, hv
Processor Information for all 16 processors :
  Max Mhz: 2304, Current Mhz: 2304, Mhz Limit: 2304

Memory: 4k page, system-wide physical 16021M (3370M free)
TotalPageFile size 34453M (AvailPageFile size 10765M)
current process WorkingSet (physical memory assigned to process): 125M, peak: 242M
current process commit charge ("private bytes"): 580M, peak: 720M

vm_info: OpenJDK 64-Bit Server VM (17.0.10+7-LTS) for windows-amd64 JRE (17.0.10+7-LTS), built on Jan 10 2024 22:11:07 by "Administrator" with MS VC++ 16.10 / 16.11 (VS2019)

END.
