#
# A fatal error has been detected by the Java Runtime Environment:
#
#  EXCEPTION_ACCESS_VIOLATION (0xc0000005) at pc=0x00007ffefea7f42b, pid=21328, tid=30828
#
# JRE version: OpenJDK Runtime Environment Corretto-17.0.10.7.1 (17.0.10+7) (build 17.0.10+7-LTS)
# Java VM: OpenJDK 64-Bit Server VM Corretto-17.0.10.7.1 (17.0.10+7-LTS, mixed mode, sharing, tiered, compressed oops, compressed class ptrs, g1 gc, windows-amd64)
# Problematic frame:
# C  [jniRaylib.dll+0xdf42b]
#
# No core dump will be written. Minidumps are not enabled by default on client versions of Windows
#
# If you would like to submit a bug report, please visit:
#   https://github.com/corretto/corretto-17/issues/
# The crash happened outside the Java Virtual Machine in native code.
# See problematic frame for where to report the bug.
#

---------------  S U M M A R Y ------------

Command Line: -Dfile.encoding=windows-1252 -Duser.country=NL -Duser.language=nl -Duser.variant PineVille.GameScene

Host: 11th Gen Intel(R) Core(TM) i7-11800H @ 2.30GHz, 16 cores, 15G,  Windows 11 , 64 bit Build 22621 (10.0.22621.3235)
Time: Mon Apr 15 13:55:22 2024 West-Europa (zomertijd) elapsed time: 42.666808 seconds (0d 0h 0m 42s)

---------------  T H R E A D  ---------------

Current thread (0x000002e9f46ae9b0):  JavaThread "main" [_thread_in_native, id=30828, stack(0x000000febb900000,0x000000febba00000)]

Stack: [0x000000febb900000,0x000000febba00000],  sp=0x000000febb9fef10,  free space=1019k
Native frames: (J=compiled Java code, j=interpreted, Vv=VM code, C=native code)
C  [jniRaylib.dll+0xdf42b]

Java frames: (J=compiled Java code, j=interpreted, Vv=VM code)
J 906  com.raylib.Raylib.DrawTexturePro(Lcom/raylib/Raylib$Texture;Lcom/raylib/Raylib$Rectangle;Lcom/raylib/Raylib$Rectangle;Lcom/raylib/Raylib$Vector2;FLcom/raylib/Raylib$Color;)V (0 bytes) @ 0x000002e987c24ee2 [0x000002e987c24e20+0x00000000000000c2]
j  PineVille.GameScene.main([Ljava/lang/String;)V+625
v  ~StubRoutines::call_stub

siginfo: EXCEPTION_ACCESS_VIOLATION (0xc0000005), writing address 0x000002e9e0c1fd20


Registers:
RAX=0x000002e9e0c1fd20, RBX=0x000000febb9ff0b0, RCX=0x0000000000000000, RDX=0x000002e9e0b73860
RSP=0x000000febb9fef10, RBP=0x000000febb9ff170, RSI=0x0000000000000005, RDI=0x000000febb9ff0a0
R8 =0x0000000000000000, R9 =0x0000000000000000, R10=0x00007ffe7eb8de20, R11=0x000000000000000a
R12=0x000002e9e06b51a0, R13=0x0000000000000000, R14=0x000002e9e0a58aa0, R15=0x000002e9df106810
RIP=0x00007ffefea7f42b, EFLAGS=0x0000000000010246


Register to memory mapping:

RIP=0x00007ffefea7f42b jniRaylib.dll
RAX=0x000002e9e0c1fd20 is an unknown value
RBX=0x000000febb9ff0b0 is pointing into the stack for thread: 0x000002e9f46ae9b0
RCX=0x0 is NULL
RDX=0x000002e9e0b73860 points into unknown readable memory: 0x0000000000002000 | 00 20 00 00 00 00 00 00
RSP=0x000000febb9fef10 is pointing into the stack for thread: 0x000002e9f46ae9b0
RBP=0x000000febb9ff170 is pointing into the stack for thread: 0x000002e9f46ae9b0
RSI=0x0000000000000005 is an unknown value
RDI=0x000000febb9ff0a0 is pointing into the stack for thread: 0x000002e9f46ae9b0
R8 =0x0 is NULL
R9 =0x0 is NULL
R10=0x00007ffe7eb8de20 jvm.dll
R11=0x000000000000000a is an unknown value
R12=0x000002e9e06b51a0 points into unknown readable memory: 0x0000004000000005 | 05 00 00 00 40 00 00 00
R13=0x0 is NULL
R14=0x000002e9e0a58aa0 points into unknown readable memory: 0x000002e9ffffffff | ff ff ff ff e9 02 00 00
R15=0x000002e9df106810 points into unknown readable memory: 0x0000000000000000 | 00 00 00 00 00 00 00 00


Top of Stack: (sp=0x000000febb9fef10)
0x000000febb9fef10:   000002e9db404600 0000000000000000
0x000000febb9fef20:   0000e23933228bf5 00007fff0000000e
0x000000febb9fef30:   0000000043d40000 0000000000000000
0x000000febb9fef40:   0000000000000000 0000000000000000
0x000000febb9fef50:   0000000000000000 0000000000000000
0x000000febb9fef60:   000000febb9ff0b0 00007ffefea48749
0x000000febb9fef70:   000000febb9ff1a0 000002e9f46ae9b0
0x000000febb9fef80:   000002e9da16a380 000000febb9fefd0
0x000000febb9fef90:   4200000044c18000 4348000043d40000
0x000000febb9fefa0:   000002e90000000e 0000000000000000
0x000000febb9fefb0:   0000000000000000 0000000000000000
0x000000febb9fefc0:   0000000000000000 0000000000000000
0x000000febb9fefd0:   0000000000000000 0000000000000000
0x000000febb9fefe0:   0000000000000000 0000000000000000
0x000000febb9feff0:   0000000000000000 0000000000000000
0x000000febb9ff000:   0000000000000000 0000000000000000
0x000000febb9ff010:   0000000000000000 0000000000000000
0x000000febb9ff020:   0000000000000000 0000000000000000
0x000000febb9ff030:   0000000000000000 0000000000000000
0x000000febb9ff040:   0000000000000000 0000000000000000
0x000000febb9ff050:   000002e9e0da1cb0 000002e9e0da2050
0x000000febb9ff060:   000002e9f46aec68 00007ffefe9e2213
0x000000febb9ff070:   000000fe44898000 000000febb9ff170
0x000000febb9ff080:   000002e9f46aec68 00007ffefe9ca8eb
0x000000febb9ff090:   000000fe00000000 00000000ffffffff
0x000000febb9ff0a0:   4348000044898000 4360000043e00000
0x000000febb9ff0b0:   0000000000000000 4200000042800000
0x000000febb9ff0c0:   0000004000000005 0000000100000020
0x000000febb9ff0d0:   000002e900000007 0000000000000000
0x000000febb9ff0e0:   000002e9f46ae9b0 0000000000000000
0x000000febb9ff0f0:   00000007148083a0 0000000713e131f0
0x000000febb9ff100:   000002e9db426560 000002e987c24f82 

Instructions: (pc=0x00007ffefea7f42b)
0x00007ffefea7f32b:   fa 01 75 0b 84 54 c1 f4 75 54 8d 4a 02 eb 43 83
0x00007ffefea7f33b:   fa 04 75 20 8b 4c c1 f4 b8 56 55 55 55 f7 e9 8b
0x00007ffefea7f34b:   c2 c1 e8 1f 03 d0 8d 04 52 3b c8 75 31 b9 04 00
0x00007ffefea7f35b:   00 00 eb 1e 83 fa 07 75 25 8b 44 c1 f4 25 03 00
0x00007ffefea7f36b:   00 80 7d 07 ff c8 83 c8 fc ff c0 85 c0 75 0f 8d
0x00007ffefea7f37b:   48 05 e8 7e a4 ff ff 4c 8b 05 27 2e 11 00 4d 63
0x00007ffefea7f38b:   48 04 4d 8b 40 08 8b 05 41 2e 11 00 49 c1 e1 06
0x00007ffefea7f39b:   8d 0c 40 4b 8b 44 01 08 48 63 d1 f3 0f 11 34 90
0x00007ffefea7f3ab:   48 8b 05 fe 2d 11 00 4c 63 48 04 4c 8b 40 08 8b
0x00007ffefea7f3bb:   05 18 2e 11 00 49 c1 e1 06 8d 0c 40 4b 8b 44 01
0x00007ffefea7f3cb:   08 48 63 d1 f3 0f 11 7c 90 04 48 8b 05 d4 2d 11
0x00007ffefea7f3db:   00 4c 63 48 04 4c 8b 40 08 8b 05 ee 2d 11 00 49
0x00007ffefea7f3eb:   c1 e1 06 8d 0c 40 4b 8b 44 01 08 48 63 d1 f3 44
0x00007ffefea7f3fb:   0f 11 44 90 08 48 8b 05 a9 2d 11 00 f3 0f 10 05
0x00007ffefea7f40b:   cd 2d 11 00 4c 63 40 04 48 8b 50 08 8b 05 bb 2d
0x00007ffefea7f41b:   11 00 03 c0 49 c1 e0 06 48 63 c8 49 8b 44 10 10
0x00007ffefea7f42b:   f3 0f 11 04 88 48 8b 05 79 2d 11 00 f3 0f 10 05
0x00007ffefea7f43b:   a1 2d 11 00 4c 63 40 04 48 8b 50 08 8b 05 8b 2d
0x00007ffefea7f44b:   11 00 03 c0 49 c1 e0 06 48 63 c8 49 8b 44 10 10
0x00007ffefea7f45b:   f3 0f 11 44 88 04 48 8b 05 48 2d 11 00 4c 63 40
0x00007ffefea7f46b:   04 48 8b 48 08 8b 05 62 2d 11 00 49 c1 e0 06 8d
0x00007ffefea7f47b:   04 85 00 00 00 00 49 8b 4c 08 18 48 63 d0 0f b6
0x00007ffefea7f48b:   05 60 2d 11 00 88 04 0a 48 8b 05 16 2d 11 00 4c
0x00007ffefea7f49b:   63 40 04 48 8b 48 08 8b 05 30 2d 11 00 49 c1 e0
0x00007ffefea7f4ab:   06 8d 04 85 00 00 00 00 49 8b 4c 08 18 48 63 d0
0x00007ffefea7f4bb:   0f b6 05 2f 2d 11 00 88 44 11 01 48 8b 05 e3 2c
0x00007ffefea7f4cb:   11 00 4c 63 40 04 48 8b 48 08 8b 05 fd 2c 11 00
0x00007ffefea7f4db:   49 c1 e0 06 8d 04 85 00 00 00 00 49 8b 4c 08 18
0x00007ffefea7f4eb:   48 63 d0 0f b6 05 fd 2c 11 00 88 44 11 02 48 8b
0x00007ffefea7f4fb:   05 b0 2c 11 00 4c 63 40 04 48 8b 48 08 8b 05 ca
0x00007ffefea7f50b:   2c 11 00 49 c1 e0 06 49 8b 4c 08 18 8d 04 85 00
0x00007ffefea7f51b:   00 00 00 0f 28 74 24 40 0f 28 7c 24 30 44 0f 28 


Stack slot to memory mapping:
stack at sp + 0 slots: 0x000002e9db404600 is pointing into metadata
stack at sp + 1 slots: 0x0 is NULL
stack at sp + 2 slots: 0x0000e23933228bf5 is an unknown value
stack at sp + 3 slots: 0x00007fff0000000e is an unknown value
stack at sp + 4 slots: 0x0000000043d40000 is an unknown value
stack at sp + 5 slots: 0x0 is NULL
stack at sp + 6 slots: 0x0 is NULL
stack at sp + 7 slots: 0x0 is NULL


Compiled method (n/a)   42783  906     n 0       com.raylib.Raylib::DrawTexturePro (native)
 total in heap  [0x000002e987c24c90,0x000002e987c250c0] = 1072
 relocation     [0x000002e987c24de8,0x000002e987c24e18] = 48
 main code      [0x000002e987c24e20,0x000002e987c250b8] = 664
 oops           [0x000002e987c250b8,0x000002e987c250c0] = 8

[Constant Pool (empty)]

[MachCode]
[Entry Point]
  # {method} {0x000002e9db426568} 'DrawTexturePro' '(Lcom/raylib/Raylib$Texture;Lcom/raylib/Raylib$Rectangle;Lcom/raylib/Raylib$Rectangle;Lcom/raylib/Raylib$Vector2;FLcom/raylib/Raylib$Color;)V' in 'com/raylib/Raylib'
  # parm0:    rdx:rdx   = 'com/raylib/Raylib$Texture'
  # parm1:    r8:r8     = 'com/raylib/Raylib$Rectangle'
  # parm2:    r9:r9     = 'com/raylib/Raylib$Rectangle'
  # parm3:    rdi:rdi   = 'com/raylib/Raylib$Vector2'
  # parm4:    xmm0      = float
  # parm5:    rsi:rsi   = 'com/raylib/Raylib$Color'
  #           [sp+0x90]  (sp of caller)
  0x000002e987c24e20: 448b 5208 | 49bb 0000 | 0099 e902 | 0000 4d03 | d349 3bc2 | 0f84 0600 

  0x000002e987c24e38: ;   {runtime_call ic_miss_stub}
  0x000002e987c24e38: 0000 e941 | c787 ff90 
[Verified Entry Point]
  0x000002e987c24e40: 8984 2400 | 90ff ff55 | 488b ec48 | 81ec 8000 | 0000 4889 | 7424 6048 | 83fe 0048 | 8d44 2460 
  0x000002e987c24e60: 480f 4444 | 2460 4889 | 4424 38c5 | fa11 4424 | 3048 897c | 2458 4883 | ff00 488d | 4424 5848 
  0x000002e987c24e80: 0f44 4424 | 5848 8944 | 2428 4c89 | 4c24 5049 | 83f9 0048 | 8d44 2450 | 480f 4444 | 2450 4889 
  0x000002e987c24ea0: 4424 204c | 8944 2448 | 4983 f800 | 4c8d 4c24 | 484c 0f44 | 4c24 4848 | 8954 2440 | 4883 fa00 
  0x000002e987c24ec0: 4c8d 4424 | 404c 0f44 

  0x000002e987c24ec8: ;   {oop(a 'java/lang/Class'{0x0000000713e6b508} = 'com/raylib/Raylib')}
  0x000002e987c24ec8: 4424 4049 | be08 b5e6 | 1307 0000 | 004c 8974 | 2470 4c8d | 7424 7049 | 8bd6 c5f8 

  0x000002e987c24ee4: ;   {internal_word}
  0x000002e987c24ee4: 7749 bae2 | 4ec2 87e9 | 0200 004d | 8997 a002 | 0000 4989 | a798 0200 

  0x000002e987c24efc: ;   {external_word}
  0x000002e987c24efc: 0049 ba79 | 35b7 7efe | 7f00 0041 | 803a 000f | 8452 0000 | 0052 4150 

  0x000002e987c24f14: ;   {metadata({method} {0x000002e9db426568} 'DrawTexturePro' '(Lcom/raylib/Raylib$Texture;Lcom/raylib/Raylib$Rectangle;Lcom/raylib/Raylib$Rectangle;Lcom/raylib/Raylib$Vector2;FLcom/raylib/Raylib$Color;)V' in 'com/raylib/Raylib')}
  0x000002e987c24f14: 4151 48ba | 6065 42db | e902 0000 | 498b cf48 | 83ec 20f7 | c40f 0000 | 000f 841a | 0000 0048 
  0x000002e987c24f34: ;   {runtime_call}
  0x000002e987c24f34: 83ec 0849 | ba00 306d | 7efe 7f00 | 0041 ffd2 | 4883 c408 | e90d 0000 

  0x000002e987c24f4c: ;   {runtime_call}
  0x000002e987c24f4c: 0049 ba00 | 306d 7efe | 7f00 0041 | ffd2 4883 | c420 4159 | 4158 5a49 | 8d8f b802 | 0000 41c7 
  0x000002e987c24f6c: 8748 0300 | 0004 0000 

  0x000002e987c24f74: ;   {runtime_call}
  0x000002e987c24f74: 0049 ba10 | 209e fefe | 7f00 0041 | ffd2 c5f8 | 7741 c787 | 4803 0000 | 0500 0000 | f083 4424 
  0x000002e987c24f94: c000 493b | af50 0300 | 000f 8711 | 0000 0041 | 81bf 3803 | 0000 0000 | 0000 0f84 | 2400 0000 
  0x000002e987c24fb4: c5f8 7749 | 8bcf 4c8b | e448 83ec | 2048 83e4 

  0x000002e987c24fc4: ;   {runtime_call}
  0x000002e987c24fc4: f049 ba90 | 447d 7efe | 7f00 0041 | ffd2 498b | e44d 33e4 | 41c7 8748 | 0300 0008 | 0000 0041 
  0x000002e987c24fe4: 81bf b803 | 0000 0200 | 0000 0f84 | 9b00 0000 

  0x000002e987c24ff4: ;   {external_word}
  0x000002e987c24ff4: 49ba 7935 | b77e fe7f | 0000 4180 | 3a00 0f84 | 4800 0000 

  0x000002e987c25008: ;   {metadata({method} {0x000002e9db426568} 'DrawTexturePro' '(Lcom/raylib/Raylib$Texture;Lcom/raylib/Raylib$Rectangle;Lcom/raylib/Raylib$Rectangle;Lcom/raylib/Raylib$Vector2;FLcom/raylib/Raylib$Color;)V' in 'com/raylib/Raylib')}
  0x000002e987c25008: 48ba 6065 | 42db e902 | 0000 498b | cf48 83ec | 20f7 c40f | 0000 000f | 841a 0000 | 0048 83ec 
  0x000002e987c25028: ;   {runtime_call}
  0x000002e987c25028: 0849 ba00 | 306d 7efe | 7f00 0041 | ffd2 4883 | c408 e90d 

  0x000002e987c2503c: ;   {runtime_call}
  0x000002e987c2503c: 0000 0049 | ba00 306d | 7efe 7f00 | 0041 ffd2 | 4883 c420 | 49c7 8798 | 0200 0000 | 0000 0049 
  0x000002e987c2505c: c787 a002 | 0000 0000 | 0000 c5f8 | 7749 8b8f | d800 0000 | c781 0001 | 0000 0000 | 0000 c949 
  0x000002e987c2507c: 817f 0800 | 0000 000f | 8501 0000 

  0x000002e987c25088: ;   {runtime_call StubRoutines (1)}
  0x000002e987c25088: 00c3 e971 | be82 ffc5 | f877 4c8b | e448 83ec | 2048 83e4 

  0x000002e987c2509c: ;   {runtime_call}
  0x000002e987c2509c: f049 ba80 | 606d 7efe | 7f00 0041 | ffd2 498b | e44d 33e4 | e93f ffff | fff4 f4f4 
[/MachCode]


---------------  P R O C E S S  ---------------

Threads class SMR info:
_java_thread_list=0x000002e9e0b832f0, length=13, elements={
0x000002e9f46ae9b0, 0x000002e9da00a050, 0x000002e9da00ac10, 0x000002e9da01ebf0,
0x000002e9da01f7b0, 0x000002e9da022280, 0x000002e9da030160, 0x000002e9da050f10,
0x000002e9da0519c0, 0x000002e9da065ba0, 0x000002e9da1890c0, 0x000002e9da189e00,
0x000002e9e04b9ad0
}

Java Threads: ( => current thread )
=>0x000002e9f46ae9b0 JavaThread "main" [_thread_in_native, id=30828, stack(0x000000febb900000,0x000000febba00000)]
  0x000002e9da00a050 JavaThread "Reference Handler" daemon [_thread_blocked, id=30256, stack(0x000000febc000000,0x000000febc100000)]
  0x000002e9da00ac10 JavaThread "Finalizer" daemon [_thread_blocked, id=25396, stack(0x000000febc100000,0x000000febc200000)]
  0x000002e9da01ebf0 JavaThread "Signal Dispatcher" daemon [_thread_blocked, id=7960, stack(0x000000febc200000,0x000000febc300000)]
  0x000002e9da01f7b0 JavaThread "Attach Listener" daemon [_thread_blocked, id=2384, stack(0x000000febc300000,0x000000febc400000)]
  0x000002e9da022280 JavaThread "Service Thread" daemon [_thread_blocked, id=31216, stack(0x000000febc400000,0x000000febc500000)]
  0x000002e9da030160 JavaThread "Monitor Deflation Thread" daemon [_thread_blocked, id=12788, stack(0x000000febc500000,0x000000febc600000)]
  0x000002e9da050f10 JavaThread "C2 CompilerThread0" daemon [_thread_blocked, id=28976, stack(0x000000febc600000,0x000000febc700000)]
  0x000002e9da0519c0 JavaThread "C1 CompilerThread0" daemon [_thread_blocked, id=25612, stack(0x000000febc700000,0x000000febc800000)]
  0x000002e9da065ba0 JavaThread "Sweeper thread" daemon [_thread_blocked, id=3520, stack(0x000000febc800000,0x000000febc900000)]
  0x000002e9da1890c0 JavaThread "Notification Thread" daemon [_thread_blocked, id=9544, stack(0x000000febca00000,0x000000febcb00000)]
  0x000002e9da189e00 JavaThread "Common-Cleaner" daemon [_thread_blocked, id=3220, stack(0x000000febcc00000,0x000000febcd00000)]
  0x000002e9e04b9ad0 JavaThread "JavaCPP Deallocator" daemon [_thread_blocked, id=16140, stack(0x000000febd000000,0x000000febd100000)]

Other Threads:
  0x000002e9da0055a0 VMThread "VM Thread" [stack: 0x000000febbf00000,0x000000febc000000] [id=19412]
  0x000002e9da1899b0 WatcherThread [stack: 0x000000febcb00000,0x000000febcc00000] [id=22016]
  0x000002e9f47192e0 GCTaskThread "GC Thread#0" [stack: 0x000000febba00000,0x000000febbb00000] [id=22280]
  0x000002e9e0a5d8b0 GCTaskThread "GC Thread#1" [stack: 0x000000febc900000,0x000000febca00000] [id=29356]
  0x000002e9e05e6e60 GCTaskThread "GC Thread#2" [stack: 0x000000febcd00000,0x000000febce00000] [id=12988]
  0x000002e9dfc481a0 GCTaskThread "GC Thread#3" [stack: 0x000000febce00000,0x000000febcf00000] [id=30224]
  0x000002e9dfc48460 GCTaskThread "GC Thread#4" [stack: 0x000000febcf00000,0x000000febd000000] [id=9548]
  0x000002e9e0cdf720 GCTaskThread "GC Thread#5" [stack: 0x000000febdd20000,0x000000febde20000] [id=20632]
  0x000002e9f4729c90 ConcurrentGCThread "G1 Main Marker" [stack: 0x000000febbb00000,0x000000febbc00000] [id=15792]
  0x000002e9f472a6b0 ConcurrentGCThread "G1 Conc#0" [stack: 0x000000febbc00000,0x000000febbd00000] [id=2448]
  0x000002e9fee6dca0 ConcurrentGCThread "G1 Refine#0" [stack: 0x000000febbd00000,0x000000febbe00000] [id=20052]
  0x000002e9fee6e6d0 ConcurrentGCThread "G1 Service" [stack: 0x000000febbe00000,0x000000febbf00000] [id=15700]

Threads with active compile tasks:

VM state: not at safepoint (normal execution)

VM Mutex/Monitor currently owned by a thread: None

Heap address: 0x0000000705a00000, size: 4006 MB, Compressed Oops mode: Zero based, Oop shift amount: 3

CDS archive(s) mapped at: [0x000002e999000000-0x000002e999bb0000-0x000002e999bb0000), size 12255232, SharedBaseAddress: 0x000002e999000000, ArchiveRelocationMode: 1.
Compressed class space mapped at: 0x000002e99a000000-0x000002e9da000000, reserved size: 1073741824
Narrow klass base: 0x000002e999000000, Narrow klass shift: 0, Narrow klass range: 0x100000000

GC Precious Log:
 CPUs: 16 total, 16 available
 Memory: 16021M
 Large Page Support: Disabled
 NUMA Support: Disabled
 Compressed Oops: Enabled (Zero based)
 Heap Region Size: 2M
 Heap Min Capacity: 8M
 Heap Initial Capacity: 252M
 Heap Max Capacity: 4006M
 Pre-touch: Disabled
 Parallel Workers: 13
 Concurrent Workers: 3
 Concurrent Refinement Workers: 13
 Periodic GC: Disabled

Heap:
 garbage-first heap   total 258048K, used 13983K [0x0000000705a00000, 0x0000000800000000)
  region size 2048K, 8 young (16384K), 1 survivors (2048K)
 Metaspace       used 2327K, committed 2560K, reserved 1114112K
  class space    used 199K, committed 320K, reserved 1048576K

Heap Regions: E=young(eden), S=young(survivor), O=old, HS=humongous(starts), HC=humongous(continues), CS=collection set, F=free, OA=open archive, CA=closed archive, TAMS=top-at-mark-start (previous, next)
|   0|0x0000000705a00000, 0x0000000705a00000, 0x0000000705c00000|  0%| F|  |TAMS 0x0000000705a00000, 0x0000000705a00000| Untracked 
|   1|0x0000000705c00000, 0x0000000705c00000, 0x0000000705e00000|  0%| F|  |TAMS 0x0000000705c00000, 0x0000000705c00000| Untracked 
|   2|0x0000000705e00000, 0x0000000705e00000, 0x0000000706000000|  0%| F|  |TAMS 0x0000000705e00000, 0x0000000705e00000| Untracked 
|   3|0x0000000706000000, 0x0000000706000000, 0x0000000706200000|  0%| F|  |TAMS 0x0000000706000000, 0x0000000706000000| Untracked 
|   4|0x0000000706200000, 0x0000000706200000, 0x0000000706400000|  0%| F|  |TAMS 0x0000000706200000, 0x0000000706200000| Untracked 
|   5|0x0000000706400000, 0x0000000706400000, 0x0000000706600000|  0%| F|  |TAMS 0x0000000706400000, 0x0000000706400000| Untracked 
|   6|0x0000000706600000, 0x0000000706600000, 0x0000000706800000|  0%| F|  |TAMS 0x0000000706600000, 0x0000000706600000| Untracked 
|   7|0x0000000706800000, 0x0000000706800000, 0x0000000706a00000|  0%| F|  |TAMS 0x0000000706800000, 0x0000000706800000| Untracked 
|   8|0x0000000706a00000, 0x0000000706a00000, 0x0000000706c00000|  0%| F|  |TAMS 0x0000000706a00000, 0x0000000706a00000| Untracked 
|   9|0x0000000706c00000, 0x0000000706c00000, 0x0000000706e00000|  0%| F|  |TAMS 0x0000000706c00000, 0x0000000706c00000| Untracked 
|  10|0x0000000706e00000, 0x0000000706e00000, 0x0000000707000000|  0%| F|  |TAMS 0x0000000706e00000, 0x0000000706e00000| Untracked 
|  11|0x0000000707000000, 0x0000000707000000, 0x0000000707200000|  0%| F|  |TAMS 0x0000000707000000, 0x0000000707000000| Untracked 
|  12|0x0000000707200000, 0x0000000707200000, 0x0000000707400000|  0%| F|  |TAMS 0x0000000707200000, 0x0000000707200000| Untracked 
|  13|0x0000000707400000, 0x0000000707400000, 0x0000000707600000|  0%| F|  |TAMS 0x0000000707400000, 0x0000000707400000| Untracked 
|  14|0x0000000707600000, 0x0000000707600000, 0x0000000707800000|  0%| F|  |TAMS 0x0000000707600000, 0x0000000707600000| Untracked 
|  15|0x0000000707800000, 0x0000000707800000, 0x0000000707a00000|  0%| F|  |TAMS 0x0000000707800000, 0x0000000707800000| Untracked 
|  16|0x0000000707a00000, 0x0000000707a00000, 0x0000000707c00000|  0%| F|  |TAMS 0x0000000707a00000, 0x0000000707a00000| Untracked 
|  17|0x0000000707c00000, 0x0000000707c00000, 0x0000000707e00000|  0%| F|  |TAMS 0x0000000707c00000, 0x0000000707c00000| Untracked 
|  18|0x0000000707e00000, 0x0000000707e00000, 0x0000000708000000|  0%| F|  |TAMS 0x0000000707e00000, 0x0000000707e00000| Untracked 
|  19|0x0000000708000000, 0x0000000708000000, 0x0000000708200000|  0%| F|  |TAMS 0x0000000708000000, 0x0000000708000000| Untracked 
|  20|0x0000000708200000, 0x0000000708200000, 0x0000000708400000|  0%| F|  |TAMS 0x0000000708200000, 0x0000000708200000| Untracked 
|  21|0x0000000708400000, 0x0000000708400000, 0x0000000708600000|  0%| F|  |TAMS 0x0000000708400000, 0x0000000708400000| Untracked 
|  22|0x0000000708600000, 0x0000000708600000, 0x0000000708800000|  0%| F|  |TAMS 0x0000000708600000, 0x0000000708600000| Untracked 
|  23|0x0000000708800000, 0x0000000708800000, 0x0000000708a00000|  0%| F|  |TAMS 0x0000000708800000, 0x0000000708800000| Untracked 
|  24|0x0000000708a00000, 0x0000000708a00000, 0x0000000708c00000|  0%| F|  |TAMS 0x0000000708a00000, 0x0000000708a00000| Untracked 
|  25|0x0000000708c00000, 0x0000000708c00000, 0x0000000708e00000|  0%| F|  |TAMS 0x0000000708c00000, 0x0000000708c00000| Untracked 
|  26|0x0000000708e00000, 0x0000000708e00000, 0x0000000709000000|  0%| F|  |TAMS 0x0000000708e00000, 0x0000000708e00000| Untracked 
|  27|0x0000000709000000, 0x0000000709000000, 0x0000000709200000|  0%| F|  |TAMS 0x0000000709000000, 0x0000000709000000| Untracked 
|  28|0x0000000709200000, 0x0000000709200000, 0x0000000709400000|  0%| F|  |TAMS 0x0000000709200000, 0x0000000709200000| Untracked 
|  29|0x0000000709400000, 0x0000000709400000, 0x0000000709600000|  0%| F|  |TAMS 0x0000000709400000, 0x0000000709400000| Untracked 
|  30|0x0000000709600000, 0x0000000709600000, 0x0000000709800000|  0%| F|  |TAMS 0x0000000709600000, 0x0000000709600000| Untracked 
|  31|0x0000000709800000, 0x0000000709800000, 0x0000000709a00000|  0%| F|  |TAMS 0x0000000709800000, 0x0000000709800000| Untracked 
|  32|0x0000000709a00000, 0x0000000709a00000, 0x0000000709c00000|  0%| F|  |TAMS 0x0000000709a00000, 0x0000000709a00000| Untracked 
|  33|0x0000000709c00000, 0x0000000709c00000, 0x0000000709e00000|  0%| F|  |TAMS 0x0000000709c00000, 0x0000000709c00000| Untracked 
|  34|0x0000000709e00000, 0x0000000709e00000, 0x000000070a000000|  0%| F|  |TAMS 0x0000000709e00000, 0x0000000709e00000| Untracked 
|  35|0x000000070a000000, 0x000000070a000000, 0x000000070a200000|  0%| F|  |TAMS 0x000000070a000000, 0x000000070a000000| Untracked 
|  36|0x000000070a200000, 0x000000070a200000, 0x000000070a400000|  0%| F|  |TAMS 0x000000070a200000, 0x000000070a200000| Untracked 
|  37|0x000000070a400000, 0x000000070a400000, 0x000000070a600000|  0%| F|  |TAMS 0x000000070a400000, 0x000000070a400000| Untracked 
|  38|0x000000070a600000, 0x000000070a600000, 0x000000070a800000|  0%| F|  |TAMS 0x000000070a600000, 0x000000070a600000| Untracked 
|  39|0x000000070a800000, 0x000000070a800000, 0x000000070aa00000|  0%| F|  |TAMS 0x000000070a800000, 0x000000070a800000| Untracked 
|  40|0x000000070aa00000, 0x000000070aa00000, 0x000000070ac00000|  0%| F|  |TAMS 0x000000070aa00000, 0x000000070aa00000| Untracked 
|  41|0x000000070ac00000, 0x000000070ac00000, 0x000000070ae00000|  0%| F|  |TAMS 0x000000070ac00000, 0x000000070ac00000| Untracked 
|  42|0x000000070ae00000, 0x000000070ae00000, 0x000000070b000000|  0%| F|  |TAMS 0x000000070ae00000, 0x000000070ae00000| Untracked 
|  43|0x000000070b000000, 0x000000070b000000, 0x000000070b200000|  0%| F|  |TAMS 0x000000070b000000, 0x000000070b000000| Untracked 
|  44|0x000000070b200000, 0x000000070b200000, 0x000000070b400000|  0%| F|  |TAMS 0x000000070b200000, 0x000000070b200000| Untracked 
|  45|0x000000070b400000, 0x000000070b400000, 0x000000070b600000|  0%| F|  |TAMS 0x000000070b400000, 0x000000070b400000| Untracked 
|  46|0x000000070b600000, 0x000000070b600000, 0x000000070b800000|  0%| F|  |TAMS 0x000000070b600000, 0x000000070b600000| Untracked 
|  47|0x000000070b800000, 0x000000070b800000, 0x000000070ba00000|  0%| F|  |TAMS 0x000000070b800000, 0x000000070b800000| Untracked 
|  48|0x000000070ba00000, 0x000000070ba00000, 0x000000070bc00000|  0%| F|  |TAMS 0x000000070ba00000, 0x000000070ba00000| Untracked 
|  49|0x000000070bc00000, 0x000000070bc00000, 0x000000070be00000|  0%| F|  |TAMS 0x000000070bc00000, 0x000000070bc00000| Untracked 
|  50|0x000000070be00000, 0x000000070be00000, 0x000000070c000000|  0%| F|  |TAMS 0x000000070be00000, 0x000000070be00000| Untracked 
|  51|0x000000070c000000, 0x000000070c000000, 0x000000070c200000|  0%| F|  |TAMS 0x000000070c000000, 0x000000070c000000| Untracked 
|  52|0x000000070c200000, 0x000000070c200000, 0x000000070c400000|  0%| F|  |TAMS 0x000000070c200000, 0x000000070c200000| Untracked 
|  53|0x000000070c400000, 0x000000070c400000, 0x000000070c600000|  0%| F|  |TAMS 0x000000070c400000, 0x000000070c400000| Untracked 
|  54|0x000000070c600000, 0x000000070c600000, 0x000000070c800000|  0%| F|  |TAMS 0x000000070c600000, 0x000000070c600000| Untracked 
|  55|0x000000070c800000, 0x000000070c800000, 0x000000070ca00000|  0%| F|  |TAMS 0x000000070c800000, 0x000000070c800000| Untracked 
|  56|0x000000070ca00000, 0x000000070ca00000, 0x000000070cc00000|  0%| F|  |TAMS 0x000000070ca00000, 0x000000070ca00000| Untracked 
|  57|0x000000070cc00000, 0x000000070cc00000, 0x000000070ce00000|  0%| F|  |TAMS 0x000000070cc00000, 0x000000070cc00000| Untracked 
|  58|0x000000070ce00000, 0x000000070ce00000, 0x000000070d000000|  0%| F|  |TAMS 0x000000070ce00000, 0x000000070ce00000| Untracked 
|  59|0x000000070d000000, 0x000000070d000000, 0x000000070d200000|  0%| F|  |TAMS 0x000000070d000000, 0x000000070d000000| Untracked 
|  60|0x000000070d200000, 0x000000070d200000, 0x000000070d400000|  0%| F|  |TAMS 0x000000070d200000, 0x000000070d200000| Untracked 
|  61|0x000000070d400000, 0x000000070d400000, 0x000000070d600000|  0%| F|  |TAMS 0x000000070d400000, 0x000000070d400000| Untracked 
|  62|0x000000070d600000, 0x000000070d600000, 0x000000070d800000|  0%| F|  |TAMS 0x000000070d600000, 0x000000070d600000| Untracked 
|  63|0x000000070d800000, 0x000000070d800000, 0x000000070da00000|  0%| F|  |TAMS 0x000000070d800000, 0x000000070d800000| Untracked 
|  64|0x000000070da00000, 0x000000070da00000, 0x000000070dc00000|  0%| F|  |TAMS 0x000000070da00000, 0x000000070da00000| Untracked 
|  65|0x000000070dc00000, 0x000000070dc00000, 0x000000070de00000|  0%| F|  |TAMS 0x000000070dc00000, 0x000000070dc00000| Untracked 
|  66|0x000000070de00000, 0x000000070de00000, 0x000000070e000000|  0%| F|  |TAMS 0x000000070de00000, 0x000000070de00000| Untracked 
|  67|0x000000070e000000, 0x000000070e000000, 0x000000070e200000|  0%| F|  |TAMS 0x000000070e000000, 0x000000070e000000| Untracked 
|  68|0x000000070e200000, 0x000000070e200000, 0x000000070e400000|  0%| F|  |TAMS 0x000000070e200000, 0x000000070e200000| Untracked 
|  69|0x000000070e400000, 0x000000070e400000, 0x000000070e600000|  0%| F|  |TAMS 0x000000070e400000, 0x000000070e400000| Untracked 
|  70|0x000000070e600000, 0x000000070e600000, 0x000000070e800000|  0%| F|  |TAMS 0x000000070e600000, 0x000000070e600000| Untracked 
|  71|0x000000070e800000, 0x000000070e800000, 0x000000070ea00000|  0%| F|  |TAMS 0x000000070e800000, 0x000000070e800000| Untracked 
|  72|0x000000070ea00000, 0x000000070ea00000, 0x000000070ec00000|  0%| F|  |TAMS 0x000000070ea00000, 0x000000070ea00000| Untracked 
|  73|0x000000070ec00000, 0x000000070ec00000, 0x000000070ee00000|  0%| F|  |TAMS 0x000000070ec00000, 0x000000070ec00000| Untracked 
|  74|0x000000070ee00000, 0x000000070ee00000, 0x000000070f000000|  0%| F|  |TAMS 0x000000070ee00000, 0x000000070ee00000| Untracked 
|  75|0x000000070f000000, 0x000000070f000000, 0x000000070f200000|  0%| F|  |TAMS 0x000000070f000000, 0x000000070f000000| Untracked 
|  76|0x000000070f200000, 0x000000070f200000, 0x000000070f400000|  0%| F|  |TAMS 0x000000070f200000, 0x000000070f200000| Untracked 
|  77|0x000000070f400000, 0x000000070f400000, 0x000000070f600000|  0%| F|  |TAMS 0x000000070f400000, 0x000000070f400000| Untracked 
|  78|0x000000070f600000, 0x000000070f600000, 0x000000070f800000|  0%| F|  |TAMS 0x000000070f600000, 0x000000070f600000| Untracked 
|  79|0x000000070f800000, 0x000000070f800000, 0x000000070fa00000|  0%| F|  |TAMS 0x000000070f800000, 0x000000070f800000| Untracked 
|  80|0x000000070fa00000, 0x000000070fa00000, 0x000000070fc00000|  0%| F|  |TAMS 0x000000070fa00000, 0x000000070fa00000| Untracked 
|  81|0x000000070fc00000, 0x000000070fc00000, 0x000000070fe00000|  0%| F|  |TAMS 0x000000070fc00000, 0x000000070fc00000| Untracked 
|  82|0x000000070fe00000, 0x000000070fe00000, 0x0000000710000000|  0%| F|  |TAMS 0x000000070fe00000, 0x000000070fe00000| Untracked 
|  83|0x0000000710000000, 0x0000000710000000, 0x0000000710200000|  0%| F|  |TAMS 0x0000000710000000, 0x0000000710000000| Untracked 
|  84|0x0000000710200000, 0x0000000710200000, 0x0000000710400000|  0%| F|  |TAMS 0x0000000710200000, 0x0000000710200000| Untracked 
|  85|0x0000000710400000, 0x0000000710400000, 0x0000000710600000|  0%| F|  |TAMS 0x0000000710400000, 0x0000000710400000| Untracked 
|  86|0x0000000710600000, 0x0000000710600000, 0x0000000710800000|  0%| F|  |TAMS 0x0000000710600000, 0x0000000710600000| Untracked 
|  87|0x0000000710800000, 0x0000000710800000, 0x0000000710a00000|  0%| F|  |TAMS 0x0000000710800000, 0x0000000710800000| Untracked 
|  88|0x0000000710a00000, 0x0000000710a00000, 0x0000000710c00000|  0%| F|  |TAMS 0x0000000710a00000, 0x0000000710a00000| Untracked 
|  89|0x0000000710c00000, 0x0000000710c00000, 0x0000000710e00000|  0%| F|  |TAMS 0x0000000710c00000, 0x0000000710c00000| Untracked 
|  90|0x0000000710e00000, 0x0000000710e00000, 0x0000000711000000|  0%| F|  |TAMS 0x0000000710e00000, 0x0000000710e00000| Untracked 
|  91|0x0000000711000000, 0x0000000711000000, 0x0000000711200000|  0%| F|  |TAMS 0x0000000711000000, 0x0000000711000000| Untracked 
|  92|0x0000000711200000, 0x0000000711200000, 0x0000000711400000|  0%| F|  |TAMS 0x0000000711200000, 0x0000000711200000| Untracked 
|  93|0x0000000711400000, 0x0000000711400000, 0x0000000711600000|  0%| F|  |TAMS 0x0000000711400000, 0x0000000711400000| Untracked 
|  94|0x0000000711600000, 0x0000000711600000, 0x0000000711800000|  0%| F|  |TAMS 0x0000000711600000, 0x0000000711600000| Untracked 
|  95|0x0000000711800000, 0x0000000711800000, 0x0000000711a00000|  0%| F|  |TAMS 0x0000000711800000, 0x0000000711800000| Untracked 
|  96|0x0000000711a00000, 0x0000000711a00000, 0x0000000711c00000|  0%| F|  |TAMS 0x0000000711a00000, 0x0000000711a00000| Untracked 
|  97|0x0000000711c00000, 0x0000000711c00000, 0x0000000711e00000|  0%| F|  |TAMS 0x0000000711c00000, 0x0000000711c00000| Untracked 
|  98|0x0000000711e00000, 0x0000000711e00000, 0x0000000712000000|  0%| F|  |TAMS 0x0000000711e00000, 0x0000000711e00000| Untracked 
|  99|0x0000000712000000, 0x0000000712000000, 0x0000000712200000|  0%| F|  |TAMS 0x0000000712000000, 0x0000000712000000| Untracked 
| 100|0x0000000712200000, 0x0000000712200000, 0x0000000712400000|  0%| F|  |TAMS 0x0000000712200000, 0x0000000712200000| Untracked 
| 101|0x0000000712400000, 0x0000000712400000, 0x0000000712600000|  0%| F|  |TAMS 0x0000000712400000, 0x0000000712400000| Untracked 
| 102|0x0000000712600000, 0x0000000712600000, 0x0000000712800000|  0%| F|  |TAMS 0x0000000712600000, 0x0000000712600000| Untracked 
| 103|0x0000000712800000, 0x0000000712800000, 0x0000000712a00000|  0%| F|  |TAMS 0x0000000712800000, 0x0000000712800000| Untracked 
| 104|0x0000000712a00000, 0x0000000712a00000, 0x0000000712c00000|  0%| F|  |TAMS 0x0000000712a00000, 0x0000000712a00000| Untracked 
| 105|0x0000000712c00000, 0x0000000712c00000, 0x0000000712e00000|  0%| F|  |TAMS 0x0000000712c00000, 0x0000000712c00000| Untracked 
| 106|0x0000000712e00000, 0x0000000712e00000, 0x0000000713000000|  0%| F|  |TAMS 0x0000000712e00000, 0x0000000712e00000| Untracked 
| 107|0x0000000713000000, 0x0000000713000000, 0x0000000713200000|  0%| F|  |TAMS 0x0000000713000000, 0x0000000713000000| Untracked 
| 108|0x0000000713200000, 0x0000000713200000, 0x0000000713400000|  0%| F|  |TAMS 0x0000000713200000, 0x0000000713200000| Untracked 
| 109|0x0000000713400000, 0x0000000713400000, 0x0000000713600000|  0%| F|  |TAMS 0x0000000713400000, 0x0000000713400000| Untracked 
| 110|0x0000000713600000, 0x0000000713600000, 0x0000000713800000|  0%| F|  |TAMS 0x0000000713600000, 0x0000000713600000| Untracked 
| 111|0x0000000713800000, 0x0000000713800000, 0x0000000713a00000|  0%| F|  |TAMS 0x0000000713800000, 0x0000000713800000| Untracked 
| 112|0x0000000713a00000, 0x0000000713a00000, 0x0000000713c00000|  0%| F|  |TAMS 0x0000000713a00000, 0x0000000713a00000| Untracked 
| 113|0x0000000713c00000, 0x0000000713c00000, 0x0000000713e00000|  0%| F|  |TAMS 0x0000000713c00000, 0x0000000713c00000| Untracked 
| 114|0x0000000713e00000, 0x0000000713fa7fb0, 0x0000000714000000| 82%| S|CS|TAMS 0x0000000713e00000, 0x0000000713e00000| Complete 
| 115|0x0000000714000000, 0x0000000714000000, 0x0000000714200000|  0%| F|  |TAMS 0x0000000714000000, 0x0000000714000000| Untracked 
| 116|0x0000000714200000, 0x0000000714200000, 0x0000000714400000|  0%| F|  |TAMS 0x0000000714200000, 0x0000000714200000| Untracked 
| 117|0x0000000714400000, 0x0000000714400000, 0x0000000714600000|  0%| F|  |TAMS 0x0000000714400000, 0x0000000714400000| Untracked 
| 118|0x0000000714600000, 0x0000000714600000, 0x0000000714800000|  0%| F|  |TAMS 0x0000000714600000, 0x0000000714600000| Untracked 
| 119|0x0000000714800000, 0x00000007148c7f00, 0x0000000714a00000| 39%| E|  |TAMS 0x0000000714800000, 0x0000000714800000| Complete 
| 120|0x0000000714a00000, 0x0000000714c00000, 0x0000000714c00000|100%| E|CS|TAMS 0x0000000714a00000, 0x0000000714a00000| Complete 
| 121|0x0000000714c00000, 0x0000000714e00000, 0x0000000714e00000|100%| E|CS|TAMS 0x0000000714c00000, 0x0000000714c00000| Complete 
| 122|0x0000000714e00000, 0x0000000715000000, 0x0000000715000000|100%| E|CS|TAMS 0x0000000714e00000, 0x0000000714e00000| Complete 
| 123|0x0000000715000000, 0x0000000715200000, 0x0000000715200000|100%| E|CS|TAMS 0x0000000715000000, 0x0000000715000000| Complete 
| 124|0x0000000715200000, 0x0000000715400000, 0x0000000715400000|100%| E|CS|TAMS 0x0000000715200000, 0x0000000715200000| Complete 
| 125|0x0000000715400000, 0x0000000715600000, 0x0000000715600000|100%| E|CS|TAMS 0x0000000715400000, 0x0000000715400000| Complete 

Card table byte_map: [0x000002e9fd220000,0x000002e9fda00000] _byte_map_base: 0x000002e9f99f3000

Marking Bits (Prev, Next): (CMBitMap*) 0x000002e9f4719900, (CMBitMap*) 0x000002e9f4719940
 Prev Bits: [0x000002e98f000000, 0x000002e992e98000)
 Next Bits: [0x000002e992ea0000, 0x000002e996d38000)

Polling page: 0x000002e9f2430000

Metaspace:

Usage:
  Non-class:      2.08 MB used.
      Class:    199.66 KB used.
       Both:      2.27 MB used.

Virtual space:
  Non-class space:       64.00 MB reserved,       2.19 MB (  3%) committed,  1 nodes.
      Class space:        1.00 GB reserved,     320.00 KB ( <1%) committed,  1 nodes.
             Both:        1.06 GB reserved,       2.50 MB ( <1%) committed. 

Chunk freelists:
   Non-Class:  11.15 MB
       Class:  15.62 MB
        Both:  26.77 MB

MaxMetaspaceSize: unlimited
CompressedClassSpaceSize: 1.00 GB
Initial GC threshold: 21.00 MB
Current GC threshold: 21.00 MB
CDS: on
MetaspaceReclaimPolicy: balanced
 - commit_granule_bytes: 65536.
 - commit_granule_words: 8192.
 - virtual_space_node_default_size: 8388608.
 - enlarge_chunks_in_place: 1.
 - new_chunks_are_fully_committed: 0.
 - uncommit_free_chunks: 1.
 - use_allocation_guard: 0.
 - handle_deallocations: 1.


Internal statistics:

num_allocs_failed_limit: 0.
num_arena_births: 94.
num_arena_deaths: 0.
num_vsnodes_births: 2.
num_vsnodes_deaths: 0.
num_space_committed: 40.
num_space_uncommitted: 0.
num_chunks_returned_to_freelist: 0.
num_chunks_taken_from_freelist: 155.
num_chunk_merges: 0.
num_chunk_splits: 101.
num_chunks_enlarged: 54.
num_inconsistent_stats: 0.

CodeHeap 'non-profiled nmethods': size=119168Kb used=611Kb max_used=611Kb free=118556Kb
 bounds [0x000002e987ba0000, 0x000002e987e10000, 0x000002e98f000000]
CodeHeap 'profiled nmethods': size=119104Kb used=1700Kb max_used=1700Kb free=117403Kb
 bounds [0x000002e980000000, 0x000002e980270000, 0x000002e987450000]
CodeHeap 'non-nmethods': size=7488Kb used=1168Kb max_used=1772Kb free=6319Kb
 bounds [0x000002e987450000, 0x000002e9876c0000, 0x000002e987ba0000]
 total_blobs=1477 nmethods=1028 adapters=362
 compilation: enabled
              stopped_count=0, restarted_count=0
 full_count=0

Compilation events (20 events):
Event: 18.746 Thread 0x000002e9da0519c0 1018       3       java.lang.invoke.LambdaForm$MH/0x000002e99a020c00::invoke (94 bytes)
Event: 18.746 Thread 0x000002e9da0519c0 nmethod 1018 0x000002e9801a6d90 code [0x000002e9801a6fc0, 0x000002e9801a7b98]
Event: 20.554 Thread 0x000002e9da050f10 1020       4       java.lang.String::getBytes (44 bytes)
Event: 20.555 Thread 0x000002e9da050f10 nmethod 1020 0x000002e987c36690 code [0x000002e987c36800, 0x000002e987c36958]
Event: 22.225 Thread 0x000002e9da050f10 1021   !   4       java.nio.charset.Charset::defaultCharset (53 bytes)
Event: 22.226 Thread 0x000002e9da050f10 nmethod 1021 0x000002e987c36a90 code [0x000002e987c36c00, 0x000002e987c36c98]
Event: 22.226 Thread 0x000002e9da050f10 1022       4       java.lang.String::getBytes (15 bytes)
Event: 22.235 Thread 0x000002e9da050f10 nmethod 1022 0x000002e987c36d90 code [0x000002e987c36f40, 0x000002e987c37438]
Event: 24.039 Thread 0x000002e9da050f10 1023       4       java.lang.StringConcatHelper::prepend (37 bytes)
Event: 24.041 Thread 0x000002e9da050f10 nmethod 1023 0x000002e987c37990 code [0x000002e987c37b20, 0x000002e987c37cb8]
Event: 29.556 Thread 0x000002e9da050f10 1024       4       java.lang.StringConcatHelper::newArray (40 bytes)
Event: 29.557 Thread 0x000002e9da050f10 nmethod 1024 0x000002e987c37e90 code [0x000002e987c38020, 0x000002e987c38138]
Event: 33.454 Thread 0x000002e9da0519c0 1025       3       java.nio.Buffer::<init> (105 bytes)
Event: 33.455 Thread 0x000002e9da0519c0 nmethod 1025 0x000002e9801a7e90 code [0x000002e9801a8140, 0x000002e9801a8cb8]
Event: 36.112 Thread 0x000002e9da050f10 1026       4       java.lang.StringConcatHelper::newString (67 bytes)
Event: 36.114 Thread 0x000002e9da050f10 nmethod 1026 0x000002e987c38210 code [0x000002e987c383a0, 0x000002e987c38498]
Event: 36.612 Thread 0x000002e9da050f10 1027       4       com.raylib.Jaylib$Vector2::<init> (17 bytes)
Event: 36.614 Thread 0x000002e9da050f10 nmethod 1027 0x000002e987c38590 code [0x000002e987c38720, 0x000002e987c38888]
Event: 37.879 Thread 0x000002e9da050f10 1028       4       java.lang.invoke.DirectMethodHandle$Holder::invokeStatic (17 bytes)
Event: 37.880 Thread 0x000002e9da050f10 nmethod 1028 0x000002e987c38a10 code [0x000002e987c38ba0, 0x000002e987c38c68]

GC Heap History (2 events):
Event: 2.452 GC heap before
{Heap before GC invocations=0 (full 0):
 garbage-first heap   total 258048K, used 22528K [0x0000000705a00000, 0x0000000800000000)
  region size 2048K, 11 young (22528K), 0 survivors (0K)
 Metaspace       used 2029K, committed 2176K, reserved 1114112K
  class space    used 176K, committed 256K, reserved 1048576K
}
Event: 2.456 GC heap after
{Heap after GC invocations=1 (full 0):
 garbage-first heap   total 258048K, used 1695K [0x0000000705a00000, 0x0000000800000000)
  region size 2048K, 1 young (2048K), 1 survivors (2048K)
 Metaspace       used 2029K, committed 2176K, reserved 1114112K
  class space    used 176K, committed 256K, reserved 1048576K
}

Dll operation events (20 events):
Event: 0.842 Loaded shared library C:\Program Files (x86)\Windows Kits\10\Redist\ucrt\DLLs\x64\api-ms-win-core-rtlsupport-l1-1-0.dll
Event: 0.862 Loaded shared library C:\Program Files (x86)\Windows Kits\10\Redist\ucrt\DLLs\x64\api-ms-win-core-processthreads-l1-1-1.dll
Event: 0.881 Loaded shared library C:\Program Files (x86)\Windows Kits\10\Redist\ucrt\DLLs\x64\api-ms-win-core-file-l1-2-0.dll
Event: 0.899 Loaded shared library C:\Program Files (x86)\Windows Kits\10\Redist\ucrt\DLLs\x64\api-ms-win-core-profile-l1-1-0.dll
Event: 0.923 Loaded shared library C:\Program Files (x86)\Windows Kits\10\Redist\ucrt\DLLs\x64\api-ms-win-core-memory-l1-1-0.dll
Event: 0.937 Loaded shared library C:\Program Files (x86)\Windows Kits\10\Redist\ucrt\DLLs\x64\api-ms-win-core-util-l1-1-0.dll
Event: 0.963 Loaded shared library C:\Program Files (x86)\Windows Kits\10\Redist\ucrt\DLLs\x64\api-ms-win-core-interlocked-l1-1-0.dll
Event: 0.995 Loaded shared library C:\Program Files (x86)\Windows Kits\10\Redist\ucrt\DLLs\x64\ucrtbase.dll
Event: 1.016 Loaded shared library C:\Users\luczu\.jdks\corretto-17.0.10\bin\vcruntime140.dll
Event: 1.040 Loaded shared library C:\Users\luczu\.jdks\corretto-17.0.10\bin\vcruntime140_1.dll
Event: 1.056 Loaded shared library C:\Users\luczu\.jdks\corretto-17.0.10\bin\msvcp140.dll
Event: 1.069 Loaded shared library C:\Windows\System32\msvcp140_1.dll
Event: 1.083 Loaded shared library C:\Windows\System32\concrt140.dll
Event: 1.094 Loaded shared library C:\Windows\System32\vcomp140.dll
Event: 1.112 Loaded shared library C:\Windows\System32\winmm.dll
Event: 1.118 Loaded shared library C:\Windows\System32\opengl32.dll
Event: 1.120 Loaded shared library C:\Windows\System32\user32.dll
Event: 1.123 Loaded shared library C:\Windows\System32\shell32.dll
Event: 1.126 Loaded shared library C:\Windows\System32\gdi32.dll
Event: 1.157 Loaded shared library C:\Users\luczu\.javacpp\cache\jaylib-4.5.0-0.jar\com\raylib\windows-x86_64\jniRaylib.dll

Deoptimization events (20 events):
Event: 1.194 Thread 0x000002e9f46ae9b0 DEOPT PACKING pc=0x000002e9800eca18 sp=0x000000febb9fced0
Event: 1.194 Thread 0x000002e9f46ae9b0 DEOPT UNPACKING pc=0x000002e9874aace3 sp=0x000000febb9fc3e8 mode 0
Event: 1.215 Thread 0x000002e9f46ae9b0 DEOPT PACKING pc=0x000002e9800effc8 sp=0x000000febb9fc760
Event: 1.215 Thread 0x000002e9f46ae9b0 DEOPT UNPACKING pc=0x000002e9874aace3 sp=0x000000febb9fbc78 mode 0
Event: 1.221 Thread 0x000002e9f46ae9b0 Uncommon trap: trap_request=0xffffff45 fr.pc=0x000002e987c0c520 relative=0x00000000000026c0
Event: 1.221 Thread 0x000002e9f46ae9b0 Uncommon trap: reason=unstable_if action=reinterpret pc=0x000002e987c0c520 method=sun.net.www.ParseUtil.firstEncodeIndex(Ljava/lang/String;)I @ 51 c2
Event: 1.222 Thread 0x000002e9f46ae9b0 DEOPT PACKING pc=0x000002e987c0c520 sp=0x000000febb9fc930
Event: 1.222 Thread 0x000002e9f46ae9b0 DEOPT UNPACKING pc=0x000002e9874aa1a3 sp=0x000000febb9fc830 mode 2
Event: 2.459 Thread 0x000002e9f46ae9b0 Uncommon trap: trap_request=0xffffff45 fr.pc=0x000002e987bd0ae0 relative=0x00000000000000e0
Event: 2.459 Thread 0x000002e9f46ae9b0 Uncommon trap: reason=unstable_if action=reinterpret pc=0x000002e987bd0ae0 method=java.lang.ref.SoftReference.get()Ljava/lang/Object; @ 17 c2
Event: 2.459 Thread 0x000002e9f46ae9b0 DEOPT PACKING pc=0x000002e987bd0ae0 sp=0x000000febb9fe3b0
Event: 2.459 Thread 0x000002e9f46ae9b0 DEOPT UNPACKING pc=0x000002e9874aa1a3 sp=0x000000febb9fe368 mode 2
Event: 8.279 Thread 0x000002e9f46ae9b0 Uncommon trap: trap_request=0xffffff45 fr.pc=0x000002e987c29658 relative=0x0000000000000058
Event: 8.279 Thread 0x000002e9f46ae9b0 Uncommon trap: reason=unstable_if action=reinterpret pc=0x000002e987c29658 method=java.lang.Object.equals(Ljava/lang/Object;)Z @ 2 c2
Event: 8.279 Thread 0x000002e9f46ae9b0 DEOPT PACKING pc=0x000002e987c29658 sp=0x000000febb9fdde0
Event: 8.279 Thread 0x000002e9f46ae9b0 DEOPT UNPACKING pc=0x000002e9874aa1a3 sp=0x000000febb9fdd78 mode 2
Event: 16.307 Thread 0x000002e9f46ae9b0 DEOPT PACKING pc=0x000002e980177182 sp=0x000000febb9fe8b0
Event: 16.307 Thread 0x000002e9f46ae9b0 DEOPT UNPACKING pc=0x000002e9874aace3 sp=0x000000febb9fdd30 mode 0
Event: 17.574 Thread 0x000002e9f46ae9b0 DEOPT PACKING pc=0x000002e9800f2d56 sp=0x000000febb9fe870
Event: 17.574 Thread 0x000002e9f46ae9b0 DEOPT UNPACKING pc=0x000002e9874aace3 sp=0x000000febb9fdcf8 mode 0

Classes unloaded (0 events):
No events

Classes redefined (0 events):
No events

Internal exceptions (7 events):
Event: 0.272 Thread 0x000002e9f46ae9b0 Exception <a 'java/lang/NoSuchMethodError'{0x0000000715281d10}: 'int java.lang.invoke.DirectMethodHandle$Holder.invokeStaticInit(java.lang.Object, java.lang.Object, java.lang.Object, java.lang.Object)'> (0x0000000715281d10) 
thrown [s\src\hotspot\share\interpreter\linkResolver.cpp, line 759]
Event: 0.276 Thread 0x000002e9f46ae9b0 Exception <a 'java/lang/NoSuchMethodError'{0x000000071528ca20}: 'java.lang.Object java.lang.invoke.DirectMethodHandle$Holder.invokeInterface(java.lang.Object, java.lang.Object)'> (0x000000071528ca20) 
thrown [s\src\hotspot\share\interpreter\linkResolver.cpp, line 759]
Event: 0.277 Thread 0x000002e9f46ae9b0 Exception <a 'java/lang/IncompatibleClassChangeError'{0x0000000715290138}: Found class java.lang.Object, but interface was expected> (0x0000000715290138) 
thrown [s\src\hotspot\share\interpreter\linkResolver.cpp, line 826]
Event: 0.278 Thread 0x000002e9f46ae9b0 Exception <a 'java/lang/NoSuchMethodError'{0x00000007152932e0}: 'void java.lang.invoke.DirectMethodHandle$Holder.invokeStatic(java.lang.Object, java.lang.Object)'> (0x00000007152932e0) 
thrown [s\src\hotspot\share\interpreter\linkResolver.cpp, line 759]
Event: 0.278 Thread 0x000002e9f46ae9b0 Exception <a 'java/lang/NoSuchMethodError'{0x0000000715296950}: 'void java.lang.invoke.DirectMethodHandle$Holder.invokeStaticInit(java.lang.Object, java.lang.Object)'> (0x0000000715296950) 
thrown [s\src\hotspot\share\interpreter\linkResolver.cpp, line 759]
Event: 0.282 Thread 0x000002e9f46ae9b0 Exception <a 'java/lang/NoSuchMethodError'{0x000000071529d038}: 'int java.lang.invoke.DirectMethodHandle$Holder.invokeStaticInit(java.lang.Object, java.lang.Object)'> (0x000000071529d038) 
thrown [s\src\hotspot\share\interpreter\linkResolver.cpp, line 759]
Event: 1.152 Thread 0x000002e9f46ae9b0 Exception <a 'java/lang/NoSuchMethodError'{0x00000007140ed670}: 'java.lang.Object java.lang.invoke.DirectMethodHandle$Holder.invokeStatic(java.lang.Object, int, java.lang.Object)'> (0x00000007140ed670) 
thrown [s\src\hotspot\share\interpreter\linkResolver.cpp, line 759]

VM Operations (14 events):
Event: 0.235 Executing VM operation: HandshakeAllThreads
Event: 0.235 Executing VM operation: HandshakeAllThreads done
Event: 0.359 Executing VM operation: HandshakeAllThreads
Event: 0.359 Executing VM operation: HandshakeAllThreads done
Event: 1.369 Executing VM operation: Cleanup
Event: 1.370 Executing VM operation: Cleanup done
Event: 2.452 Executing VM operation: G1CollectForAllocation
Event: 2.456 Executing VM operation: G1CollectForAllocation done
Event: 5.456 Executing VM operation: Cleanup
Event: 5.456 Executing VM operation: Cleanup done
Event: 6.456 Executing VM operation: Cleanup
Event: 6.456 Executing VM operation: Cleanup done
Event: 34.565 Executing VM operation: Cleanup
Event: 34.565 Executing VM operation: Cleanup done

Events (20 events):
Event: 1.149 loading class java/time/zone/ZoneOffsetTransitionRule$TimeDefinition done
Event: 1.149 loading class java/time/zone/ZoneOffsetTransition
Event: 1.149 loading class java/time/zone/ZoneOffsetTransition done
Event: 1.151 loading class java/time/temporal/TemporalAdjusters
Event: 1.151 loading class java/time/temporal/TemporalAdjusters done
Event: 1.154 loading class java/time/zone/ZoneOffsetTransitionRule$1
Event: 1.155 loading class java/time/zone/ZoneOffsetTransitionRule$1 done
Event: 1.155 loading class java/util/concurrent/TimeUnit$1
Event: 1.155 loading class java/util/concurrent/TimeUnit$1 done
Event: 1.186 loading class java/lang/NumberFormatException
Event: 1.186 loading class java/lang/NumberFormatException done
Event: 1.188 Thread 0x000002e9e04b9ad0 Thread added: 0x000002e9e04b9ad0
Event: 2.441 Thread 0x000002e9dfc482e0 Thread exited: 0x000002e9dfc482e0
Event: 2.441 Thread 0x000002e9da188ba0 Thread exited: 0x000002e9da188ba0
Event: 2.441 Thread 0x000002e9da4e5450 Thread exited: 0x000002e9da4e5450
Event: 2.442 Thread 0x000002e9da4e4f30 Thread exited: 0x000002e9da4e4f30
Event: 2.484 Thread 0x000002e9e092d5c0 Thread added: 0x000002e9e092d5c0
Event: 2.493 loading class jdk/internal/math/FDBigInteger
Event: 2.493 loading class jdk/internal/math/FDBigInteger done
Event: 4.841 Thread 0x000002e9e092d5c0 Thread exited: 0x000002e9e092d5c0


Dynamic libraries:
0x00007ff669960000 - 0x00007ff66996e000 	C:\Users\luczu\.jdks\corretto-17.0.10\bin\java.exe
0x00007fff57630000 - 0x00007fff57846000 	C:\WINDOWS\SYSTEM32\ntdll.dll
0x00007fff57250000 - 0x00007fff57314000 	C:\WINDOWS\System32\KERNEL32.DLL
0x00007fff54c00000 - 0x00007fff54fa6000 	C:\WINDOWS\System32\KERNELBASE.dll
0x00007fff54ae0000 - 0x00007fff54bf1000 	C:\WINDOWS\System32\ucrtbase.dll
0x00007ffef5ad0000 - 0x00007ffef5aeb000 	C:\Users\luczu\.jdks\corretto-17.0.10\bin\VCRUNTIME140.dll
0x00007ffef5ab0000 - 0x00007ffef5ac7000 	C:\Users\luczu\.jdks\corretto-17.0.10\bin\jli.dll
0x00007fff56ef0000 - 0x00007fff5709d000 	C:\WINDOWS\System32\USER32.dll
0x00007fff54ab0000 - 0x00007fff54ad6000 	C:\WINDOWS\System32\win32u.dll
0x00007fff36880000 - 0x00007fff36b13000 	C:\WINDOWS\WinSxS\amd64_microsoft.windows.common-controls_6595b64144ccf1df_6.0.22621.3235_none_270f74e173860f98\COMCTL32.dll
0x00007fff56650000 - 0x00007fff56679000 	C:\WINDOWS\System32\GDI32.dll
0x00007fff571a0000 - 0x00007fff57247000 	C:\WINDOWS\System32\msvcrt.dll
0x00007fff551c0000 - 0x00007fff552d8000 	C:\WINDOWS\System32\gdi32full.dll
0x00007fff54fb0000 - 0x00007fff5504a000 	C:\WINDOWS\System32\msvcp_win.dll
0x00007fff55ca0000 - 0x00007fff55cd1000 	C:\WINDOWS\System32\IMM32.DLL
0x00007ffef5990000 - 0x00007ffef599c000 	C:\Users\luczu\.jdks\corretto-17.0.10\bin\vcruntime140_1.dll
0x00007ffe7ec60000 - 0x00007ffe7eced000 	C:\Users\luczu\.jdks\corretto-17.0.10\bin\msvcp140.dll
0x00007ffe7dff0000 - 0x00007ffe7ec52000 	C:\Users\luczu\.jdks\corretto-17.0.10\bin\server\jvm.dll
0x00007fff56330000 - 0x00007fff563e2000 	C:\WINDOWS\System32\ADVAPI32.dll
0x00007fff56260000 - 0x00007fff56308000 	C:\WINDOWS\System32\sechost.dll
0x00007fff55350000 - 0x00007fff55378000 	C:\WINDOWS\System32\bcrypt.dll
0x00007fff56530000 - 0x00007fff56645000 	C:\WINDOWS\System32\RPCRT4.dll
0x00007ffe62ac0000 - 0x00007ffe62ac9000 	C:\WINDOWS\SYSTEM32\WSOCK32.dll
0x00007fff4a910000 - 0x00007fff4a944000 	C:\WINDOWS\SYSTEM32\WINMM.dll
0x00007fff53800000 - 0x00007fff5384d000 	C:\WINDOWS\SYSTEM32\POWRPROF.dll
0x00007fff56b60000 - 0x00007fff56bd1000 	C:\WINDOWS\System32\WS2_32.dll
0x00007fff4c050000 - 0x00007fff4c05a000 	C:\WINDOWS\SYSTEM32\VERSION.dll
0x00007fff537e0000 - 0x00007fff537f3000 	C:\WINDOWS\SYSTEM32\UMPDC.dll
0x00007fff53a40000 - 0x00007fff53a58000 	C:\WINDOWS\SYSTEM32\kernel.appcore.dll
0x00007ffef5980000 - 0x00007ffef598a000 	C:\Users\luczu\.jdks\corretto-17.0.10\bin\jimage.dll
0x00007fff51e10000 - 0x00007fff52043000 	C:\WINDOWS\SYSTEM32\DBGHELP.DLL
0x00007fff55d40000 - 0x00007fff560c8000 	C:\WINDOWS\System32\combase.dll
0x00007fff56450000 - 0x00007fff56527000 	C:\WINDOWS\System32\OLEAUT32.dll
0x00007fff46800000 - 0x00007fff46832000 	C:\WINDOWS\SYSTEM32\dbgcore.DLL
0x00007fff54a30000 - 0x00007fff54aaa000 	C:\WINDOWS\System32\bcryptPrimitives.dll
0x00007ffe80590000 - 0x00007ffe805b5000 	C:\Users\luczu\.jdks\corretto-17.0.10\bin\java.dll
0x00007ffe7df10000 - 0x00007ffe7dfe7000 	C:\Users\luczu\.jdks\corretto-17.0.10\bin\jsvml.dll
0x00007fff55390000 - 0x00007fff55bed000 	C:\WINDOWS\System32\SHELL32.dll
0x00007fff52890000 - 0x00007fff53188000 	C:\WINDOWS\SYSTEM32\windows.storage.dll
0x00007fff52750000 - 0x00007fff5288e000 	C:\WINDOWS\SYSTEM32\wintypes.dll
0x00007fff560e0000 - 0x00007fff561d3000 	C:\WINDOWS\System32\SHCORE.dll
0x00007fff56b00000 - 0x00007fff56b5e000 	C:\WINDOWS\System32\shlwapi.dll
0x00007fff548a0000 - 0x00007fff548c6000 	C:\WINDOWS\SYSTEM32\profapi.dll
0x00007ffe816e0000 - 0x00007ffe816f9000 	C:\Users\luczu\.jdks\corretto-17.0.10\bin\net.dll
0x00007fff4b3d0000 - 0x00007fff4b507000 	C:\WINDOWS\SYSTEM32\WINHTTP.dll
0x00007fff53f20000 - 0x00007fff53f89000 	C:\WINDOWS\system32\mswsock.dll
0x00007ffe805f0000 - 0x00007ffe80606000 	C:\Users\luczu\.jdks\corretto-17.0.10\bin\nio.dll
0x00007ffe805d0000 - 0x00007ffe805e8000 	C:\Users\luczu\.jdks\corretto-17.0.10\bin\zip.dll
0x000002e998eb0000 - 0x000002e998eb3000 	C:\Program Files (x86)\Windows Kits\10\Redist\ucrt\DLLs\x64\api-ms-win-crt-locale-l1-1-0.dll
0x000002e998ec0000 - 0x000002e998ec4000 	C:\Program Files (x86)\Windows Kits\10\Redist\ucrt\DLLs\x64\api-ms-win-crt-string-l1-1-0.dll
0x000002e998ed0000 - 0x000002e998ed4000 	C:\Program Files (x86)\Windows Kits\10\Redist\ucrt\DLLs\x64\api-ms-win-crt-stdio-l1-1-0.dll
0x000002e998ee0000 - 0x000002e998ee5000 	C:\Program Files (x86)\Windows Kits\10\Redist\ucrt\DLLs\x64\api-ms-win-crt-math-l1-1-0.dll
0x000002e998ef0000 - 0x000002e998ef3000 	C:\Program Files (x86)\Windows Kits\10\Redist\ucrt\DLLs\x64\api-ms-win-crt-heap-l1-1-0.dll
0x000002e998f00000 - 0x000002e998f04000 	C:\Program Files (x86)\Windows Kits\10\Redist\ucrt\DLLs\x64\api-ms-win-crt-runtime-l1-1-0.dll
0x000002e998f10000 - 0x000002e998f14000 	C:\Program Files (x86)\Windows Kits\10\Redist\ucrt\DLLs\x64\api-ms-win-crt-convert-l1-1-0.dll
0x000002e998f20000 - 0x000002e998f23000 	C:\Program Files (x86)\Windows Kits\10\Redist\ucrt\DLLs\x64\api-ms-win-crt-environment-l1-1-0.dll
0x000002e998f30000 - 0x000002e998f33000 	C:\Program Files (x86)\Windows Kits\10\Redist\ucrt\DLLs\x64\api-ms-win-crt-time-l1-1-0.dll
0x000002e998f40000 - 0x000002e998f43000 	C:\Program Files (x86)\Windows Kits\10\Redist\ucrt\DLLs\x64\api-ms-win-crt-filesystem-l1-1-0.dll
0x000002e998f50000 - 0x000002e998f53000 	C:\Program Files (x86)\Windows Kits\10\Redist\ucrt\DLLs\x64\api-ms-win-crt-utility-l1-1-0.dll
0x000002e998f60000 - 0x000002e998f65000 	C:\Program Files (x86)\Windows Kits\10\Redist\ucrt\DLLs\x64\api-ms-win-crt-multibyte-l1-1-0.dll
0x000002e998f70000 - 0x000002e998f73000 	C:\Program Files (x86)\Windows Kits\10\Redist\ucrt\DLLs\x64\api-ms-win-crt-conio-l1-1-0.dll
0x000002e998f80000 - 0x000002e998f8f000 	C:\Program Files (x86)\Windows Kits\10\Redist\ucrt\DLLs\x64\api-ms-win-crt-private-l1-1-0.dll
0x000002e998f90000 - 0x000002e998f93000 	C:\Program Files (x86)\Windows Kits\10\Redist\ucrt\DLLs\x64\api-ms-win-crt-process-l1-1-0.dll
0x000002e998fa0000 - 0x000002e998fa3000 	C:\Program Files\Microsoft\jdk-11.0.12.7-hotspot\bin\api-ms-win-core-console-l1-2-0.dll
0x000002e998fb0000 - 0x000002e998fb3000 	C:\Program Files (x86)\Windows Kits\10\Redist\ucrt\DLLs\x64\api-ms-win-core-string-l1-1-0.dll
0x000002e998fc0000 - 0x000002e998fc3000 	C:\Program Files (x86)\Windows Kits\10\Redist\ucrt\DLLs\x64\api-ms-win-core-errorhandling-l1-1-0.dll
0x000002e998fd0000 - 0x000002e998fd3000 	C:\Program Files (x86)\Windows Kits\10\Redist\ucrt\DLLs\x64\api-ms-win-core-timezone-l1-1-0.dll
0x000002e998fe0000 - 0x000002e998fe4000 	C:\Program Files (x86)\Windows Kits\10\Redist\ucrt\DLLs\x64\api-ms-win-core-file-l1-1-0.dll
0x000002e998ff0000 - 0x000002e998ff3000 	C:\Program Files (x86)\Windows Kits\10\Redist\ucrt\DLLs\x64\api-ms-win-core-namedpipe-l1-1-0.dll
0x000002e9dac00000 - 0x000002e9dac03000 	C:\Program Files (x86)\Windows Kits\10\Redist\ucrt\DLLs\x64\api-ms-win-core-handle-l1-1-0.dll
0x000002e9dac10000 - 0x000002e9dac13000 	C:\Program Files (x86)\Windows Kits\10\Redist\ucrt\DLLs\x64\api-ms-win-core-file-l2-1-0.dll
0x000002e9dac20000 - 0x000002e9dac23000 	C:\Program Files (x86)\Windows Kits\10\Redist\ucrt\DLLs\x64\api-ms-win-core-heap-l1-1-0.dll
0x000002e9dac30000 - 0x000002e9dac33000 	C:\Program Files (x86)\Windows Kits\10\Redist\ucrt\DLLs\x64\api-ms-win-core-libraryloader-l1-1-0.dll
0x000002e9dac40000 - 0x000002e9dac43000 	C:\Program Files (x86)\Windows Kits\10\Redist\ucrt\DLLs\x64\api-ms-win-core-synch-l1-1-0.dll
0x000002e9dac50000 - 0x000002e9dac53000 	C:\Program Files (x86)\Windows Kits\10\Redist\ucrt\DLLs\x64\api-ms-win-core-processthreads-l1-1-0.dll
0x000002e9dac60000 - 0x000002e9dac63000 	C:\Program Files (x86)\Windows Kits\10\Redist\ucrt\DLLs\x64\api-ms-win-core-processenvironment-l1-1-0.dll
0x000002e9dac70000 - 0x000002e9dac73000 	C:\Program Files (x86)\Windows Kits\10\Redist\ucrt\DLLs\x64\api-ms-win-core-datetime-l1-1-0.dll
0x000002e9dac80000 - 0x000002e9dac83000 	C:\Program Files (x86)\Windows Kits\10\Redist\ucrt\DLLs\x64\api-ms-win-core-localization-l1-2-0.dll
0x000002e9dac90000 - 0x000002e9dac93000 	C:\Program Files (x86)\Windows Kits\10\Redist\ucrt\DLLs\x64\api-ms-win-core-sysinfo-l1-1-0.dll
0x000002e9daca0000 - 0x000002e9daca3000 	C:\Program Files (x86)\Windows Kits\10\Redist\ucrt\DLLs\x64\api-ms-win-core-synch-l1-2-0.dll
0x000002e9dacb0000 - 0x000002e9dacb3000 	C:\Program Files (x86)\Windows Kits\10\Redist\ucrt\DLLs\x64\api-ms-win-core-console-l1-1-0.dll
0x000002e9dacc0000 - 0x000002e9dacc3000 	C:\Program Files (x86)\Windows Kits\10\Redist\ucrt\DLLs\x64\api-ms-win-core-debug-l1-1-0.dll
0x000002e9dacd0000 - 0x000002e9dacd3000 	C:\Program Files (x86)\Windows Kits\10\Redist\ucrt\DLLs\x64\api-ms-win-core-rtlsupport-l1-1-0.dll
0x000002e9dace0000 - 0x000002e9dace3000 	C:\Program Files (x86)\Windows Kits\10\Redist\ucrt\DLLs\x64\api-ms-win-core-processthreads-l1-1-1.dll
0x000002e9dacf0000 - 0x000002e9dacf3000 	C:\Program Files (x86)\Windows Kits\10\Redist\ucrt\DLLs\x64\api-ms-win-core-file-l1-2-0.dll
0x000002e9dad00000 - 0x000002e9dad03000 	C:\Program Files (x86)\Windows Kits\10\Redist\ucrt\DLLs\x64\api-ms-win-core-profile-l1-1-0.dll
0x000002e9dad10000 - 0x000002e9dad13000 	C:\Program Files (x86)\Windows Kits\10\Redist\ucrt\DLLs\x64\api-ms-win-core-memory-l1-1-0.dll
0x000002e9dad20000 - 0x000002e9dad23000 	C:\Program Files (x86)\Windows Kits\10\Redist\ucrt\DLLs\x64\api-ms-win-core-util-l1-1-0.dll
0x000002e9dad30000 - 0x000002e9dad33000 	C:\Program Files (x86)\Windows Kits\10\Redist\ucrt\DLLs\x64\api-ms-win-core-interlocked-l1-1-0.dll
0x00007fff25680000 - 0x00007fff25772000 	C:\Program Files (x86)\Windows Kits\10\Redist\ucrt\DLLs\x64\ucrtbase.dll
0x00007fff4c010000 - 0x00007fff4c019000 	C:\Windows\System32\msvcp140_1.dll
0x00007fff117a0000 - 0x00007fff117ed000 	C:\Windows\System32\concrt140.dll
0x00007fff20f50000 - 0x00007fff20f81000 	C:\Windows\System32\vcomp140.dll
0x00007fff2b720000 - 0x00007fff2b820000 	C:\Windows\System32\opengl32.dll
0x00007fff2b6b0000 - 0x00007fff2b6dd000 	C:\WINDOWS\SYSTEM32\GLU32.dll
0x00007fff51bb0000 - 0x00007fff51be9000 	C:\WINDOWS\SYSTEM32\dxcore.dll
0x00007ffefe9a0000 - 0x00007ffefebbd000 	C:\Users\luczu\.javacpp\cache\jaylib-4.5.0-0.jar\com\raylib\windows-x86_64\jniRaylib.dll
0x00007ffe93720000 - 0x00007ffe93766000 	C:\WINDOWS\SYSTEM32\dinput8.dll
0x00007fff2a860000 - 0x00007fff2a871000 	C:\WINDOWS\SYSTEM32\xinput1_4.dll
0x00007fff54660000 - 0x00007fff546ae000 	C:\WINDOWS\SYSTEM32\cfgmgr32.dll
0x00007fff54630000 - 0x00007fff5465c000 	C:\WINDOWS\SYSTEM32\DEVOBJ.dll
0x00007fff51dd0000 - 0x00007fff51dfb000 	C:\WINDOWS\SYSTEM32\dwmapi.dll
0x00007fff320a0000 - 0x00007fff322aa000 	C:\WINDOWS\SYSTEM32\inputhost.dll
0x00007fff4ee40000 - 0x00007fff4ef74000 	C:\WINDOWS\SYSTEM32\CoreMessaging.dll
0x00007fff4f230000 - 0x00007fff4f2db000 	C:\WINDOWS\system32\uxtheme.dll
0x00007fff54190000 - 0x00007fff5419c000 	C:\WINDOWS\SYSTEM32\CRYPTBASE.DLL
0x00007fff56bf0000 - 0x00007fff56d44000 	C:\WINDOWS\System32\MSCTF.dll
0x00007fff53190000 - 0x00007fff5319e000 	C:\WINDOWS\SYSTEM32\HID.DLL
0x00007fff56680000 - 0x00007fff56af4000 	C:\WINDOWS\System32\SETUPAPI.DLL
0x00007fff552e0000 - 0x00007fff5534b000 	C:\WINDOWS\System32\WINTRUST.dll
0x00007fff55050000 - 0x00007fff551b6000 	C:\WINDOWS\System32\CRYPT32.dll
0x00007fff54610000 - 0x00007fff54622000 	C:\WINDOWS\SYSTEM32\MSASN1.dll
0x00007fff4b7a0000 - 0x00007fff4b7ea000 	C:\WINDOWS\SYSTEM32\directxdatabasehelper.dll
0x00007fff55bf0000 - 0x00007fff55ca0000 	C:\WINDOWS\System32\clbcatq.dll
0x00007ffe23200000 - 0x00007ffe25df0000 	C:\WINDOWS\System32\DriverStore\FileRepository\nvhm.inf_amd64_28ac5867493a0477\nvoglv64.dll
0x00007fff56d50000 - 0x00007fff56eef000 	C:\WINDOWS\System32\ole32.dll
0x00007fff53850000 - 0x00007fff53864000 	C:\WINDOWS\SYSTEM32\WTSAPI32.dll
0x00007fff47170000 - 0x00007fff471a2000 	C:\WINDOWS\SYSTEM32\cryptnet.dll
0x00007fff47330000 - 0x00007fff47488000 	C:\WINDOWS\SYSTEM32\drvstore.dll
0x00007fff54220000 - 0x00007fff5426b000 	C:\WINDOWS\SYSTEM32\wldp.dll
0x00007fff57540000 - 0x00007fff5755f000 	C:\WINDOWS\System32\imagehlp.dll
0x00007fff54170000 - 0x00007fff5418b000 	C:\WINDOWS\SYSTEM32\CRYPTSP.dll
0x00007fff53a00000 - 0x00007fff53a35000 	C:\WINDOWS\system32\rsaenh.dll
0x00007fff53fb0000 - 0x00007fff53fd6000 	C:\WINDOWS\SYSTEM32\gpapi.dll
0x00007fff089d0000 - 0x00007fff0abbb000 	C:\WINDOWS\System32\DriverStore\FileRepository\nvhm.inf_amd64_28ac5867493a0477\nvgpucomp64.dll
0x00007fff53ac0000 - 0x00007fff53af4000 	C:\WINDOWS\SYSTEM32\ntmarta.dll
0x00007ffeadc80000 - 0x00007ffeadf43000 	C:\WINDOWS\system32\nvspcap64.dll
0x00007fff533f0000 - 0x00007fff53456000 	C:\WINDOWS\SYSTEM32\WINSTA.dll

dbghelp: loaded successfully - version: 4.0.5 - missing functions: none
symbol engine: initialized successfully - sym options: 0x614 - pdb path: .;C:\Users\luczu\.jdks\corretto-17.0.10\bin;C:\WINDOWS\SYSTEM32;C:\WINDOWS\WinSxS\amd64_microsoft.windows.common-controls_6595b64144ccf1df_6.0.22621.3235_none_270f74e173860f98;C:\Users\luczu\.jdks\corretto-17.0.10\bin\server;C:\Program Files (x86)\Windows Kits\10\Redist\ucrt\DLLs\x64;C:\Program Files\Microsoft\jdk-11.0.12.7-hotspot\bin;C:\Users\luczu\.javacpp\cache\jaylib-4.5.0-0.jar\com\raylib\windows-x86_64;C:\WINDOWS\System32\DriverStore\FileRepository\nvhm.inf_amd64_28ac5867493a0477;C:\WINDOWS\System32\DriverStore\FileRepository\iigd_dch.inf_amd64_0fdf6ce291234272

VM Arguments:
jvm_args: -Dfile.encoding=windows-1252 -Duser.country=NL -Duser.language=nl -Duser.variant 
java_command: PineVille.GameScene
java_class_path (initial): C:\Users\luczu\OneDrive\Documenten\PineVille\build\classes\java\main;C:\Users\luczu\OneDrive\Documenten\PineVille\build\resources\main;C:\Users\luczu\.gradle\caches\modules-2\files-2.1\uk.co.electronstudio.jaylib\jaylib\4.5.0-0\90c0d608df9bbd32f5f34683acc58cb433e94508\jaylib-4.5.0-0.jar
Launcher Type: SUN_STANDARD

[Global flags]
     intx CICompilerCount                          = 12                                        {product} {ergonomic}
     uint ConcGCThreads                            = 3                                         {product} {ergonomic}
     uint G1ConcRefinementThreads                  = 13                                        {product} {ergonomic}
   size_t G1HeapRegionSize                         = 2097152                                   {product} {ergonomic}
    uintx GCDrainStackTargetSize                   = 64                                        {product} {ergonomic}
   size_t InitialHeapSize                          = 264241152                                 {product} {ergonomic}
   size_t MarkStackSize                            = 4194304                                   {product} {ergonomic}
   size_t MaxHeapSize                              = 4200595456                                {product} {ergonomic}
   size_t MaxNewSize                               = 2518679552                                {product} {ergonomic}
   size_t MinHeapDeltaBytes                        = 2097152                                   {product} {ergonomic}
   size_t MinHeapSize                              = 8388608                                   {product} {ergonomic}
    uintx NonNMethodCodeHeapSize                   = 7602480                                {pd product} {ergonomic}
    uintx NonProfiledCodeHeapSize                  = 122027880                              {pd product} {ergonomic}
    uintx ProfiledCodeHeapSize                     = 122027880                              {pd product} {ergonomic}
    uintx ReservedCodeCacheSize                    = 251658240                              {pd product} {ergonomic}
     bool SegmentedCodeCache                       = true                                      {product} {ergonomic}
   size_t SoftMaxHeapSize                          = 4200595456                             {manageable} {ergonomic}
     bool UseCompressedClassPointers               = true                           {product lp64_product} {ergonomic}
     bool UseCompressedOops                        = true                           {product lp64_product} {ergonomic}
     bool UseG1GC                                  = true                                      {product} {ergonomic}
     bool UseLargePagesIndividualAllocation        = false                                  {pd product} {ergonomic}

Logging:
Log output configuration:
 #0: stdout all=warning uptime,level,tags
 #1: stderr all=off uptime,level,tags

Environment Variables:
PATH=C:\Program Files (x86)\Common Files\Intel\Shared Libraries\redist\intel64\compiler;C:\Program Files\Common Files\Oracle\Java\javapath;C:\Program Files\Microsoft\jdk-11.0.12.7-hotspot\bin;C:\windows\system32;C:\windows;C:\windows\System32\Wbem;C:\windows\System32\WindowsPowerShell\v1.0\;C:\windows\System32\OpenSSH\;C:\Program Files (x86)\NVIDIA Corporation\PhysX\Common;C:\Program Files\NVIDIA Corporation\NVIDIA NvDLISR;C:\Program Files\Microsoft SQL Server\150\Tools\Binn\;C:\Program Files\Microsoft SQL Server\Client SDK\ODBC\170\Tools\Binn\;C:\Program Files\dotnet\;C:\WINDOWS\system32;C:\WINDOWS;C:\WINDOWS\System32\Wbem;C:\WINDOWS\System32\WindowsPowerShell\v1.0\;C:\WINDOWS\System32\OpenSSH\;C:\Program Files\CMake\bin;C:\Program Files\Git\cmd;C:\Users\luczu\AppData\Local\Microsoft\WindowsApps;C:\Users\luczu\.dotnet\tools;C:\Users\luczu\AppData\Local\GitHubDesktop\bin;;C:\Users\luczu\AppData\Local\Programs\Microsoft VS Code\bin
USERNAME=luczu
OS=Windows_NT
PROCESSOR_IDENTIFIER=Intel64 Family 6 Model 141 Stepping 1, GenuineIntel
TMP=C:\Users\luczu\AppData\Local\Temp
TEMP=C:\Users\luczu\AppData\Local\Temp



Periodic native trim disabled


---------------  S Y S T E M  ---------------

OS:
 Windows 11 , 64 bit Build 22621 (10.0.22621.3235)
OS uptime: 0 days 0:55 hours
Hyper-V role detected

CPU: total 16 (initial active 16) (8 cores per cpu, 2 threads per core) family 6 model 141 stepping 1 microcode 0x4e, cx8, cmov, fxsr, ht, mmx, 3dnowpref, sse, sse2, sse3, ssse3, sse4.1, sse4.2, popcnt, lzcnt, tsc, tscinvbit, avx, avx2, aes, erms, clmul, bmi1, bmi2, adx, avx512f, avx512dq, avx512cd, avx512bw, avx512vl, sha, fma, vzeroupper, avx512_vpopcntdq, avx512_vpclmulqdq, avx512_vaes, avx512_vnni, clflush, clflushopt, clwb, avx512_vbmi2, avx512_vbmi, hv
Processor Information for all 16 processors :
  Max Mhz: 2304, Current Mhz: 2304, Mhz Limit: 2304

Memory: 4k page, system-wide physical 16021M (3867M free)
TotalPageFile size 32043M (AvailPageFile size 12421M)
current process WorkingSet (physical memory assigned to process): 128M, peak: 189M
current process commit charge ("private bytes"): 512M, peak: 613M

vm_info: OpenJDK 64-Bit Server VM (17.0.10+7-LTS) for windows-amd64 JRE (17.0.10+7-LTS), built on Jan 10 2024 22:11:07 by "Administrator" with MS VC++ 16.10 / 16.11 (VS2019)

END.
