#
# A fatal error has been detected by the Java Runtime Environment:
#
#  EXCEPTION_ACCESS_VIOLATION (0xc0000005) at pc=0x00007ffa704cf42b, pid=32524, tid=9572
#
# JRE version: OpenJDK Runtime Environment Corretto-17.0.10.7.1 (17.0.10+7) (build 17.0.10+7-LTS)
# Java VM: OpenJDK 64-Bit Server VM Corretto-17.0.10.7.1 (17.0.10+7-LTS, mixed mode, sharing, tiered, compressed oops, compressed class ptrs, g1 gc, windows-amd64)
# Problematic frame:
# C  [jniRaylib.dll+0xdf42b]
#
# No core dump will be written. Minidumps are not enabled by default on client versions of Windows
#
# If you would like to submit a bug report, please visit:
#   https://github.com/corretto/corretto-17/issues/
# The crash happened outside the Java Virtual Machine in native code.
# See problematic frame for where to report the bug.
#

---------------  S U M M A R Y ------------

Command Line: -Dfile.encoding=windows-1252 -Duser.country=NL -Duser.language=nl -Duser.variant PineVille.MenuScene

Host: 11th Gen Intel(R) Core(TM) i7-11800H @ 2.30GHz, 16 cores, 15G,  Windows 11 , 64 bit Build 22621 (10.0.22621.2506)
Time: Wed Feb 14 12:04:48 2024 West-Europa (standaardtijd) elapsed time: 5.042955 seconds (0d 0h 0m 5s)

---------------  T H R E A D  ---------------

Current thread (0x000001d89707afb0):  JavaThread "main" [_thread_in_native, id=9572, stack(0x000000d1b2c00000,0x000000d1b2d00000)]

Stack: [0x000000d1b2c00000,0x000000d1b2d00000],  sp=0x000000d1b2cfef30,  free space=1019k
Native frames: (J=compiled Java code, j=interpreted, Vv=VM code, C=native code)
C  [jniRaylib.dll+0xdf42b]

Java frames: (J=compiled Java code, j=interpreted, Vv=VM code)
j  com.raylib.Raylib.GuiButton(Lcom/raylib/Raylib$Rectangle;Ljava/lang/String;)Z+0
j  PineVille.MenuScene.main([Ljava/lang/String;)V+92
v  ~StubRoutines::call_stub

siginfo: EXCEPTION_ACCESS_VIOLATION (0xc0000005), writing address 0x000001d88207efc0


Registers:
RAX=0x000001d88207efc0, RBX=0x00000000ffc9c9c9, RCX=0x0000000000000000, RDX=0x000001d880ba6eb0
RSP=0x000000d1b2cfef30, RBP=0x000000d1b2cff200, RSI=0x000000d1b2cff110, RDI=0x000000d1b2cff090
R8 =0x0000000000000000, R9 =0x0000000000000000, R10=0x00007ffae90c0000, R11=0xb700404f80505a11
R12=0x0000000000000000, R13=0x00007ffa705f9180, R14=0x0000000000000002, R15=0x000001d8820c30b0
RIP=0x00007ffa704cf42b, EFLAGS=0x0000000000010246


Register to memory mapping:

RIP=0x00007ffa704cf42b jniRaylib.dll
RAX=0x000001d88207efc0 is an unknown value
RBX=0x00000000ffc9c9c9 is an unknown value
RCX=0x0 is NULL
RDX=0x000001d880ba6eb0 points into unknown readable memory: 0x0000000000002000 | 00 20 00 00 00 00 00 00
RSP=0x000000d1b2cfef30 is pointing into the stack for thread: 0x000001d89707afb0
RBP=0x000000d1b2cff200 is pointing into the stack for thread: 0x000001d89707afb0
RSI=0x000000d1b2cff110 is pointing into the stack for thread: 0x000001d89707afb0
RDI=0x000000d1b2cff090 is pointing into the stack for thread: 0x000001d89707afb0
R8 =0x0 is NULL
R9 =0x0 is NULL
R10=0x00007ffae90c0000 VCRUNTIME140.dll
R11=0xb700404f80505a11 is an unknown value
R12=0x0 is NULL
R13=0x00007ffa705f9180 jniRaylib.dll
R14=0x0000000000000002 is an unknown value
R15=0x000001d8820c30b0 points into unknown readable memory: 0x0000000074697551 | 51 75 69 74 00 00 00 00


Top of Stack: (sp=0x000000d1b2cfef30)
0x000000d1b2cfef30:   000001d894e40d20 00000000000003d8
0x000000d1b2cfef40:   000000d1b2cff0a0 0000000000000005
0x000000d1b2cfef50:   0000000000000000 0000000000000000
0x000000d1b2cfef60:   0000000044520000 0000000000000000
0x000000d1b2cfef70:   0000000044778000 0000000000000000
0x000000d1b2cfef80:   00000000ffc9c9c9 00007ffa704d5c63
0x000000d1b2cfef90:   000001d894e40000 000001d800000002
0x000000d1b2cfefa0:   0000000000000005 000001d800000000
0x000000d1b2cfefb0:   0000000000000000 00007ffa73340181
0x000000d1b2cfefc0:   0000000000000000 0000000000000000
0x000000d1b2cfefd0:   0000000000000000 0000000000000000
0x000000d1b2cfefe0:   0000000000000000 0000000000000000
0x000000d1b2cfeff0:   0000000000000000 0000000000000000
0x000000d1b2cff000:   0000000000000000 0000000000000000
0x000000d1b2cff010:   0000000000000000 0000000000000000
0x000000d1b2cff020:   0000000000000000 0000000000000000
0x000000d1b2cff030:   000001d89707b268 000001d89707afb0
0x000000d1b2cff040:   0000000000000000 0000000000000000
0x000000d1b2cff050:   0000000000000000 0000000000000000
0x000000d1b2cff060:   00000000ffc9c9c9 00007ffa704d53da
0x000000d1b2cff070:   00000000ff838383 0000000000000010
0x000000d1b2cff080:   0000000000000000 000001d8ffc9c9c9
0x000000d1b2cff090:   4452000044318000 4316000043fa0000
0x000000d1b2cff0a0:   0000000000000004 00007ffa704021c6
0x000000d1b2cff0b0:   000001d89707afb0 00007ffa7334f012
0x000000d1b2cff0c0:   0000000000000005 00007ffa73744047
0x000000d1b2cff0d0:   000000d1ffc9c9c9 000001d89707afb0
0x000000d1b2cff0e0:   000000d1b2cff180 00007ffa703f90de
0x000000d1b2cff0f0:   000001d8ff838383 00000000ff838383
0x000000d1b2cff100:   0000000000000000 000000d1b2cff240
0x000000d1b2cff110:   4452000044318000 4316000043fa0000
0x000000d1b2cff120:   000001d89707b268 0000000000000004 

Instructions: (pc=0x00007ffa704cf42b)
0x00007ffa704cf32b:   fa 01 75 0b 84 54 c1 f4 75 54 8d 4a 02 eb 43 83
0x00007ffa704cf33b:   fa 04 75 20 8b 4c c1 f4 b8 56 55 55 55 f7 e9 8b
0x00007ffa704cf34b:   c2 c1 e8 1f 03 d0 8d 04 52 3b c8 75 31 b9 04 00
0x00007ffa704cf35b:   00 00 eb 1e 83 fa 07 75 25 8b 44 c1 f4 25 03 00
0x00007ffa704cf36b:   00 80 7d 07 ff c8 83 c8 fc ff c0 85 c0 75 0f 8d
0x00007ffa704cf37b:   48 05 e8 7e a4 ff ff 4c 8b 05 27 2e 11 00 4d 63
0x00007ffa704cf38b:   48 04 4d 8b 40 08 8b 05 41 2e 11 00 49 c1 e1 06
0x00007ffa704cf39b:   8d 0c 40 4b 8b 44 01 08 48 63 d1 f3 0f 11 34 90
0x00007ffa704cf3ab:   48 8b 05 fe 2d 11 00 4c 63 48 04 4c 8b 40 08 8b
0x00007ffa704cf3bb:   05 18 2e 11 00 49 c1 e1 06 8d 0c 40 4b 8b 44 01
0x00007ffa704cf3cb:   08 48 63 d1 f3 0f 11 7c 90 04 48 8b 05 d4 2d 11
0x00007ffa704cf3db:   00 4c 63 48 04 4c 8b 40 08 8b 05 ee 2d 11 00 49
0x00007ffa704cf3eb:   c1 e1 06 8d 0c 40 4b 8b 44 01 08 48 63 d1 f3 44
0x00007ffa704cf3fb:   0f 11 44 90 08 48 8b 05 a9 2d 11 00 f3 0f 10 05
0x00007ffa704cf40b:   cd 2d 11 00 4c 63 40 04 48 8b 50 08 8b 05 bb 2d
0x00007ffa704cf41b:   11 00 03 c0 49 c1 e0 06 48 63 c8 49 8b 44 10 10
0x00007ffa704cf42b:   f3 0f 11 04 88 48 8b 05 79 2d 11 00 f3 0f 10 05
0x00007ffa704cf43b:   a1 2d 11 00 4c 63 40 04 48 8b 50 08 8b 05 8b 2d
0x00007ffa704cf44b:   11 00 03 c0 49 c1 e0 06 48 63 c8 49 8b 44 10 10
0x00007ffa704cf45b:   f3 0f 11 44 88 04 48 8b 05 48 2d 11 00 4c 63 40
0x00007ffa704cf46b:   04 48 8b 48 08 8b 05 62 2d 11 00 49 c1 e0 06 8d
0x00007ffa704cf47b:   04 85 00 00 00 00 49 8b 4c 08 18 48 63 d0 0f b6
0x00007ffa704cf48b:   05 60 2d 11 00 88 04 0a 48 8b 05 16 2d 11 00 4c
0x00007ffa704cf49b:   63 40 04 48 8b 48 08 8b 05 30 2d 11 00 49 c1 e0
0x00007ffa704cf4ab:   06 8d 04 85 00 00 00 00 49 8b 4c 08 18 48 63 d0
0x00007ffa704cf4bb:   0f b6 05 2f 2d 11 00 88 44 11 01 48 8b 05 e3 2c
0x00007ffa704cf4cb:   11 00 4c 63 40 04 48 8b 48 08 8b 05 fd 2c 11 00
0x00007ffa704cf4db:   49 c1 e0 06 8d 04 85 00 00 00 00 49 8b 4c 08 18
0x00007ffa704cf4eb:   48 63 d0 0f b6 05 fd 2c 11 00 88 44 11 02 48 8b
0x00007ffa704cf4fb:   05 b0 2c 11 00 4c 63 40 04 48 8b 48 08 8b 05 ca
0x00007ffa704cf50b:   2c 11 00 49 c1 e0 06 49 8b 4c 08 18 8d 04 85 00
0x00007ffa704cf51b:   00 00 00 0f 28 74 24 40 0f 28 7c 24 30 44 0f 28 


Stack slot to memory mapping:
stack at sp + 0 slots: 0x000001d894e40d20 points into unknown readable memory: 0x0000000000160005 | 05 00 16 00 00 00 00 00
stack at sp + 1 slots: 0x00000000000003d8 is an unknown value
stack at sp + 2 slots: 0x000000d1b2cff0a0 is pointing into the stack for thread: 0x000001d89707afb0
stack at sp + 3 slots: 0x0000000000000005 is an unknown value
stack at sp + 4 slots: 0x0 is NULL
stack at sp + 5 slots: 0x0 is NULL
stack at sp + 6 slots: 0x0000000044520000 is an unknown value
stack at sp + 7 slots: 0x0 is NULL


---------------  P R O C E S S  ---------------

Threads class SMR info:
_java_thread_list=0x000001d8824e13a0, length=14, elements={
0x000001d89707afb0, 0x000001d8ba8e5690, 0x000001d8ba8e6250, 0x000001d8ba8fde60,
0x000001d8ba8fea20, 0x000001d8ba9014f0, 0x000001d8ba903ec0, 0x000001d8ba904bb0,
0x000001d8ba908b60, 0x000001d8ba9482a0, 0x000001d8baa5e090, 0x000001d8baa8de20,
0x000001d8baa91bb0, 0x000001d8807bcc20
}

Java Threads: ( => current thread )
=>0x000001d89707afb0 JavaThread "main" [_thread_in_native, id=9572, stack(0x000000d1b2c00000,0x000000d1b2d00000)]
  0x000001d8ba8e5690 JavaThread "Reference Handler" daemon [_thread_blocked, id=32560, stack(0x000000d1b3300000,0x000000d1b3400000)]
  0x000001d8ba8e6250 JavaThread "Finalizer" daemon [_thread_blocked, id=19896, stack(0x000000d1b3400000,0x000000d1b3500000)]
  0x000001d8ba8fde60 JavaThread "Signal Dispatcher" daemon [_thread_blocked, id=26792, stack(0x000000d1b3500000,0x000000d1b3600000)]
  0x000001d8ba8fea20 JavaThread "Attach Listener" daemon [_thread_blocked, id=26344, stack(0x000000d1b3600000,0x000000d1b3700000)]
  0x000001d8ba9014f0 JavaThread "Service Thread" daemon [_thread_blocked, id=3588, stack(0x000000d1b3700000,0x000000d1b3800000)]
  0x000001d8ba903ec0 JavaThread "Monitor Deflation Thread" daemon [_thread_blocked, id=11376, stack(0x000000d1b3800000,0x000000d1b3900000)]
  0x000001d8ba904bb0 JavaThread "C2 CompilerThread0" daemon [_thread_blocked, id=32772, stack(0x000000d1b3900000,0x000000d1b3a00000)]
  0x000001d8ba908b60 JavaThread "C1 CompilerThread0" daemon [_thread_blocked, id=7880, stack(0x000000d1b3a00000,0x000000d1b3b00000)]
  0x000001d8ba9482a0 JavaThread "Sweeper thread" daemon [_thread_blocked, id=19280, stack(0x000000d1b3b00000,0x000000d1b3c00000)]
  0x000001d8baa5e090 JavaThread "C1 CompilerThread1" daemon [_thread_blocked, id=33408, stack(0x000000d1b3c00000,0x000000d1b3d00000)]
  0x000001d8baa8de20 JavaThread "Notification Thread" daemon [_thread_blocked, id=21596, stack(0x000000d1b3e00000,0x000000d1b3f00000)]
  0x000001d8baa91bb0 JavaThread "Common-Cleaner" daemon [_thread_blocked, id=14264, stack(0x000000d1b4000000,0x000000d1b4100000)]
  0x000001d8807bcc20 JavaThread "JavaCPP Deallocator" daemon [_thread_blocked, id=6408, stack(0x000000d1b4300000,0x000000d1b4400000)]

Other Threads:
  0x000001d8ba7cdab0 VMThread "VM Thread" [stack: 0x000000d1b3200000,0x000000d1b3300000] [id=19824]
  0x000001d8baa8e300 WatcherThread [stack: 0x000000d1b3f00000,0x000000d1b4000000] [id=20924]
  0x000001d8970e6420 GCTaskThread "GC Thread#0" [stack: 0x000000d1b2d00000,0x000000d1b2e00000] [id=29748]
  0x000001d8808dcfc0 GCTaskThread "GC Thread#1" [stack: 0x000000d1b4400000,0x000000d1b4500000] [id=30964]
  0x000001d8808ddbe0 GCTaskThread "GC Thread#2" [stack: 0x000000d1b4500000,0x000000d1b4600000] [id=26540]
  0x000001d8809a8580 GCTaskThread "GC Thread#3" [stack: 0x000000d1b4600000,0x000000d1b4700000] [id=9616]
  0x000001d88142f080 GCTaskThread "GC Thread#4" [stack: 0x000000d1b4700000,0x000000d1b4800000] [id=31156]
  0x000001d880c77190 GCTaskThread "GC Thread#5" [stack: 0x000000d1b4800000,0x000000d1b4900000] [id=33492]
  0x000001d8970f7dd0 ConcurrentGCThread "G1 Main Marker" [stack: 0x000000d1b2e00000,0x000000d1b2f00000] [id=32720]
  0x000001d8970f9fa0 ConcurrentGCThread "G1 Conc#0" [stack: 0x000000d1b2f00000,0x000000d1b3000000] [id=5564]
  0x000001d89712e950 ConcurrentGCThread "G1 Refine#0" [stack: 0x000000d1b3000000,0x000000d1b3100000] [id=7904]
  0x000001d8ba685d30 ConcurrentGCThread "G1 Service" [stack: 0x000000d1b3100000,0x000000d1b3200000] [id=9364]

Threads with active compile tasks:

VM state: not at safepoint (normal execution)

VM Mutex/Monitor currently owned by a thread: None

Heap address: 0x0000000705a00000, size: 4006 MB, Compressed Oops mode: Zero based, Oop shift amount: 3

CDS archive(s) mapped at: [0x000001d8bb000000-0x000001d8bbbb0000-0x000001d8bbbb0000), size 12255232, SharedBaseAddress: 0x000001d8bb000000, ArchiveRelocationMode: 1.
Compressed class space mapped at: 0x000001d8bc000000-0x000001d8fc000000, reserved size: 1073741824
Narrow klass base: 0x000001d8bb000000, Narrow klass shift: 0, Narrow klass range: 0x100000000

GC Precious Log:
 CPUs: 16 total, 16 available
 Memory: 16021M
 Large Page Support: Disabled
 NUMA Support: Disabled
 Compressed Oops: Enabled (Zero based)
 Heap Region Size: 2M
 Heap Min Capacity: 8M
 Heap Initial Capacity: 252M
 Heap Max Capacity: 4006M
 Pre-touch: Disabled
 Parallel Workers: 13
 Concurrent Workers: 3
 Concurrent Refinement Workers: 13
 Periodic GC: Disabled

Heap:
 garbage-first heap   total 258048K, used 1663K [0x0000000705a00000, 0x0000000800000000)
  region size 2048K, 2 young (4096K), 1 survivors (2048K)
 Metaspace       used 2121K, committed 2304K, reserved 1114112K
  class space    used 180K, committed 256K, reserved 1048576K

Heap Regions: E=young(eden), S=young(survivor), O=old, HS=humongous(starts), HC=humongous(continues), CS=collection set, F=free, OA=open archive, CA=closed archive, TAMS=top-at-mark-start (previous, next)
|   0|0x0000000705a00000, 0x0000000705a00000, 0x0000000705c00000|  0%| F|  |TAMS 0x0000000705a00000, 0x0000000705a00000| Untracked 
|   1|0x0000000705c00000, 0x0000000705c00000, 0x0000000705e00000|  0%| F|  |TAMS 0x0000000705c00000, 0x0000000705c00000| Untracked 
|   2|0x0000000705e00000, 0x0000000705e00000, 0x0000000706000000|  0%| F|  |TAMS 0x0000000705e00000, 0x0000000705e00000| Untracked 
|   3|0x0000000706000000, 0x0000000706000000, 0x0000000706200000|  0%| F|  |TAMS 0x0000000706000000, 0x0000000706000000| Untracked 
|   4|0x0000000706200000, 0x0000000706200000, 0x0000000706400000|  0%| F|  |TAMS 0x0000000706200000, 0x0000000706200000| Untracked 
|   5|0x0000000706400000, 0x0000000706400000, 0x0000000706600000|  0%| F|  |TAMS 0x0000000706400000, 0x0000000706400000| Untracked 
|   6|0x0000000706600000, 0x0000000706600000, 0x0000000706800000|  0%| F|  |TAMS 0x0000000706600000, 0x0000000706600000| Untracked 
|   7|0x0000000706800000, 0x0000000706800000, 0x0000000706a00000|  0%| F|  |TAMS 0x0000000706800000, 0x0000000706800000| Untracked 
|   8|0x0000000706a00000, 0x0000000706a00000, 0x0000000706c00000|  0%| F|  |TAMS 0x0000000706a00000, 0x0000000706a00000| Untracked 
|   9|0x0000000706c00000, 0x0000000706c00000, 0x0000000706e00000|  0%| F|  |TAMS 0x0000000706c00000, 0x0000000706c00000| Untracked 
|  10|0x0000000706e00000, 0x0000000706e00000, 0x0000000707000000|  0%| F|  |TAMS 0x0000000706e00000, 0x0000000706e00000| Untracked 
|  11|0x0000000707000000, 0x0000000707000000, 0x0000000707200000|  0%| F|  |TAMS 0x0000000707000000, 0x0000000707000000| Untracked 
|  12|0x0000000707200000, 0x0000000707200000, 0x0000000707400000|  0%| F|  |TAMS 0x0000000707200000, 0x0000000707200000| Untracked 
|  13|0x0000000707400000, 0x0000000707400000, 0x0000000707600000|  0%| F|  |TAMS 0x0000000707400000, 0x0000000707400000| Untracked 
|  14|0x0000000707600000, 0x0000000707600000, 0x0000000707800000|  0%| F|  |TAMS 0x0000000707600000, 0x0000000707600000| Untracked 
|  15|0x0000000707800000, 0x0000000707800000, 0x0000000707a00000|  0%| F|  |TAMS 0x0000000707800000, 0x0000000707800000| Untracked 
|  16|0x0000000707a00000, 0x0000000707a00000, 0x0000000707c00000|  0%| F|  |TAMS 0x0000000707a00000, 0x0000000707a00000| Untracked 
|  17|0x0000000707c00000, 0x0000000707c00000, 0x0000000707e00000|  0%| F|  |TAMS 0x0000000707c00000, 0x0000000707c00000| Untracked 
|  18|0x0000000707e00000, 0x0000000707e00000, 0x0000000708000000|  0%| F|  |TAMS 0x0000000707e00000, 0x0000000707e00000| Untracked 
|  19|0x0000000708000000, 0x0000000708000000, 0x0000000708200000|  0%| F|  |TAMS 0x0000000708000000, 0x0000000708000000| Untracked 
|  20|0x0000000708200000, 0x0000000708200000, 0x0000000708400000|  0%| F|  |TAMS 0x0000000708200000, 0x0000000708200000| Untracked 
|  21|0x0000000708400000, 0x0000000708400000, 0x0000000708600000|  0%| F|  |TAMS 0x0000000708400000, 0x0000000708400000| Untracked 
|  22|0x0000000708600000, 0x0000000708600000, 0x0000000708800000|  0%| F|  |TAMS 0x0000000708600000, 0x0000000708600000| Untracked 
|  23|0x0000000708800000, 0x0000000708800000, 0x0000000708a00000|  0%| F|  |TAMS 0x0000000708800000, 0x0000000708800000| Untracked 
|  24|0x0000000708a00000, 0x0000000708a00000, 0x0000000708c00000|  0%| F|  |TAMS 0x0000000708a00000, 0x0000000708a00000| Untracked 
|  25|0x0000000708c00000, 0x0000000708c00000, 0x0000000708e00000|  0%| F|  |TAMS 0x0000000708c00000, 0x0000000708c00000| Untracked 
|  26|0x0000000708e00000, 0x0000000708e00000, 0x0000000709000000|  0%| F|  |TAMS 0x0000000708e00000, 0x0000000708e00000| Untracked 
|  27|0x0000000709000000, 0x0000000709000000, 0x0000000709200000|  0%| F|  |TAMS 0x0000000709000000, 0x0000000709000000| Untracked 
|  28|0x0000000709200000, 0x0000000709200000, 0x0000000709400000|  0%| F|  |TAMS 0x0000000709200000, 0x0000000709200000| Untracked 
|  29|0x0000000709400000, 0x0000000709400000, 0x0000000709600000|  0%| F|  |TAMS 0x0000000709400000, 0x0000000709400000| Untracked 
|  30|0x0000000709600000, 0x0000000709600000, 0x0000000709800000|  0%| F|  |TAMS 0x0000000709600000, 0x0000000709600000| Untracked 
|  31|0x0000000709800000, 0x0000000709800000, 0x0000000709a00000|  0%| F|  |TAMS 0x0000000709800000, 0x0000000709800000| Untracked 
|  32|0x0000000709a00000, 0x0000000709a00000, 0x0000000709c00000|  0%| F|  |TAMS 0x0000000709a00000, 0x0000000709a00000| Untracked 
|  33|0x0000000709c00000, 0x0000000709c00000, 0x0000000709e00000|  0%| F|  |TAMS 0x0000000709c00000, 0x0000000709c00000| Untracked 
|  34|0x0000000709e00000, 0x0000000709e00000, 0x000000070a000000|  0%| F|  |TAMS 0x0000000709e00000, 0x0000000709e00000| Untracked 
|  35|0x000000070a000000, 0x000000070a000000, 0x000000070a200000|  0%| F|  |TAMS 0x000000070a000000, 0x000000070a000000| Untracked 
|  36|0x000000070a200000, 0x000000070a200000, 0x000000070a400000|  0%| F|  |TAMS 0x000000070a200000, 0x000000070a200000| Untracked 
|  37|0x000000070a400000, 0x000000070a400000, 0x000000070a600000|  0%| F|  |TAMS 0x000000070a400000, 0x000000070a400000| Untracked 
|  38|0x000000070a600000, 0x000000070a600000, 0x000000070a800000|  0%| F|  |TAMS 0x000000070a600000, 0x000000070a600000| Untracked 
|  39|0x000000070a800000, 0x000000070a800000, 0x000000070aa00000|  0%| F|  |TAMS 0x000000070a800000, 0x000000070a800000| Untracked 
|  40|0x000000070aa00000, 0x000000070aa00000, 0x000000070ac00000|  0%| F|  |TAMS 0x000000070aa00000, 0x000000070aa00000| Untracked 
|  41|0x000000070ac00000, 0x000000070ac00000, 0x000000070ae00000|  0%| F|  |TAMS 0x000000070ac00000, 0x000000070ac00000| Untracked 
|  42|0x000000070ae00000, 0x000000070ae00000, 0x000000070b000000|  0%| F|  |TAMS 0x000000070ae00000, 0x000000070ae00000| Untracked 
|  43|0x000000070b000000, 0x000000070b000000, 0x000000070b200000|  0%| F|  |TAMS 0x000000070b000000, 0x000000070b000000| Untracked 
|  44|0x000000070b200000, 0x000000070b200000, 0x000000070b400000|  0%| F|  |TAMS 0x000000070b200000, 0x000000070b200000| Untracked 
|  45|0x000000070b400000, 0x000000070b400000, 0x000000070b600000|  0%| F|  |TAMS 0x000000070b400000, 0x000000070b400000| Untracked 
|  46|0x000000070b600000, 0x000000070b600000, 0x000000070b800000|  0%| F|  |TAMS 0x000000070b600000, 0x000000070b600000| Untracked 
|  47|0x000000070b800000, 0x000000070b800000, 0x000000070ba00000|  0%| F|  |TAMS 0x000000070b800000, 0x000000070b800000| Untracked 
|  48|0x000000070ba00000, 0x000000070ba00000, 0x000000070bc00000|  0%| F|  |TAMS 0x000000070ba00000, 0x000000070ba00000| Untracked 
|  49|0x000000070bc00000, 0x000000070bc00000, 0x000000070be00000|  0%| F|  |TAMS 0x000000070bc00000, 0x000000070bc00000| Untracked 
|  50|0x000000070be00000, 0x000000070be00000, 0x000000070c000000|  0%| F|  |TAMS 0x000000070be00000, 0x000000070be00000| Untracked 
|  51|0x000000070c000000, 0x000000070c000000, 0x000000070c200000|  0%| F|  |TAMS 0x000000070c000000, 0x000000070c000000| Untracked 
|  52|0x000000070c200000, 0x000000070c200000, 0x000000070c400000|  0%| F|  |TAMS 0x000000070c200000, 0x000000070c200000| Untracked 
|  53|0x000000070c400000, 0x000000070c400000, 0x000000070c600000|  0%| F|  |TAMS 0x000000070c400000, 0x000000070c400000| Untracked 
|  54|0x000000070c600000, 0x000000070c600000, 0x000000070c800000|  0%| F|  |TAMS 0x000000070c600000, 0x000000070c600000| Untracked 
|  55|0x000000070c800000, 0x000000070c800000, 0x000000070ca00000|  0%| F|  |TAMS 0x000000070c800000, 0x000000070c800000| Untracked 
|  56|0x000000070ca00000, 0x000000070ca00000, 0x000000070cc00000|  0%| F|  |TAMS 0x000000070ca00000, 0x000000070ca00000| Untracked 
|  57|0x000000070cc00000, 0x000000070cc00000, 0x000000070ce00000|  0%| F|  |TAMS 0x000000070cc00000, 0x000000070cc00000| Untracked 
|  58|0x000000070ce00000, 0x000000070ce00000, 0x000000070d000000|  0%| F|  |TAMS 0x000000070ce00000, 0x000000070ce00000| Untracked 
|  59|0x000000070d000000, 0x000000070d000000, 0x000000070d200000|  0%| F|  |TAMS 0x000000070d000000, 0x000000070d000000| Untracked 
|  60|0x000000070d200000, 0x000000070d200000, 0x000000070d400000|  0%| F|  |TAMS 0x000000070d200000, 0x000000070d200000| Untracked 
|  61|0x000000070d400000, 0x000000070d400000, 0x000000070d600000|  0%| F|  |TAMS 0x000000070d400000, 0x000000070d400000| Untracked 
|  62|0x000000070d600000, 0x000000070d600000, 0x000000070d800000|  0%| F|  |TAMS 0x000000070d600000, 0x000000070d600000| Untracked 
|  63|0x000000070d800000, 0x000000070d800000, 0x000000070da00000|  0%| F|  |TAMS 0x000000070d800000, 0x000000070d800000| Untracked 
|  64|0x000000070da00000, 0x000000070da00000, 0x000000070dc00000|  0%| F|  |TAMS 0x000000070da00000, 0x000000070da00000| Untracked 
|  65|0x000000070dc00000, 0x000000070dc00000, 0x000000070de00000|  0%| F|  |TAMS 0x000000070dc00000, 0x000000070dc00000| Untracked 
|  66|0x000000070de00000, 0x000000070de00000, 0x000000070e000000|  0%| F|  |TAMS 0x000000070de00000, 0x000000070de00000| Untracked 
|  67|0x000000070e000000, 0x000000070e000000, 0x000000070e200000|  0%| F|  |TAMS 0x000000070e000000, 0x000000070e000000| Untracked 
|  68|0x000000070e200000, 0x000000070e200000, 0x000000070e400000|  0%| F|  |TAMS 0x000000070e200000, 0x000000070e200000| Untracked 
|  69|0x000000070e400000, 0x000000070e400000, 0x000000070e600000|  0%| F|  |TAMS 0x000000070e400000, 0x000000070e400000| Untracked 
|  70|0x000000070e600000, 0x000000070e600000, 0x000000070e800000|  0%| F|  |TAMS 0x000000070e600000, 0x000000070e600000| Untracked 
|  71|0x000000070e800000, 0x000000070e800000, 0x000000070ea00000|  0%| F|  |TAMS 0x000000070e800000, 0x000000070e800000| Untracked 
|  72|0x000000070ea00000, 0x000000070ea00000, 0x000000070ec00000|  0%| F|  |TAMS 0x000000070ea00000, 0x000000070ea00000| Untracked 
|  73|0x000000070ec00000, 0x000000070ec00000, 0x000000070ee00000|  0%| F|  |TAMS 0x000000070ec00000, 0x000000070ec00000| Untracked 
|  74|0x000000070ee00000, 0x000000070ee00000, 0x000000070f000000|  0%| F|  |TAMS 0x000000070ee00000, 0x000000070ee00000| Untracked 
|  75|0x000000070f000000, 0x000000070f000000, 0x000000070f200000|  0%| F|  |TAMS 0x000000070f000000, 0x000000070f000000| Untracked 
|  76|0x000000070f200000, 0x000000070f200000, 0x000000070f400000|  0%| F|  |TAMS 0x000000070f200000, 0x000000070f200000| Untracked 
|  77|0x000000070f400000, 0x000000070f400000, 0x000000070f600000|  0%| F|  |TAMS 0x000000070f400000, 0x000000070f400000| Untracked 
|  78|0x000000070f600000, 0x000000070f600000, 0x000000070f800000|  0%| F|  |TAMS 0x000000070f600000, 0x000000070f600000| Untracked 
|  79|0x000000070f800000, 0x000000070f800000, 0x000000070fa00000|  0%| F|  |TAMS 0x000000070f800000, 0x000000070f800000| Untracked 
|  80|0x000000070fa00000, 0x000000070fa00000, 0x000000070fc00000|  0%| F|  |TAMS 0x000000070fa00000, 0x000000070fa00000| Untracked 
|  81|0x000000070fc00000, 0x000000070fc00000, 0x000000070fe00000|  0%| F|  |TAMS 0x000000070fc00000, 0x000000070fc00000| Untracked 
|  82|0x000000070fe00000, 0x000000070fe00000, 0x0000000710000000|  0%| F|  |TAMS 0x000000070fe00000, 0x000000070fe00000| Untracked 
|  83|0x0000000710000000, 0x0000000710000000, 0x0000000710200000|  0%| F|  |TAMS 0x0000000710000000, 0x0000000710000000| Untracked 
|  84|0x0000000710200000, 0x0000000710200000, 0x0000000710400000|  0%| F|  |TAMS 0x0000000710200000, 0x0000000710200000| Untracked 
|  85|0x0000000710400000, 0x0000000710400000, 0x0000000710600000|  0%| F|  |TAMS 0x0000000710400000, 0x0000000710400000| Untracked 
|  86|0x0000000710600000, 0x0000000710600000, 0x0000000710800000|  0%| F|  |TAMS 0x0000000710600000, 0x0000000710600000| Untracked 
|  87|0x0000000710800000, 0x0000000710800000, 0x0000000710a00000|  0%| F|  |TAMS 0x0000000710800000, 0x0000000710800000| Untracked 
|  88|0x0000000710a00000, 0x0000000710a00000, 0x0000000710c00000|  0%| F|  |TAMS 0x0000000710a00000, 0x0000000710a00000| Untracked 
|  89|0x0000000710c00000, 0x0000000710c00000, 0x0000000710e00000|  0%| F|  |TAMS 0x0000000710c00000, 0x0000000710c00000| Untracked 
|  90|0x0000000710e00000, 0x0000000710e00000, 0x0000000711000000|  0%| F|  |TAMS 0x0000000710e00000, 0x0000000710e00000| Untracked 
|  91|0x0000000711000000, 0x0000000711000000, 0x0000000711200000|  0%| F|  |TAMS 0x0000000711000000, 0x0000000711000000| Untracked 
|  92|0x0000000711200000, 0x0000000711200000, 0x0000000711400000|  0%| F|  |TAMS 0x0000000711200000, 0x0000000711200000| Untracked 
|  93|0x0000000711400000, 0x0000000711400000, 0x0000000711600000|  0%| F|  |TAMS 0x0000000711400000, 0x0000000711400000| Untracked 
|  94|0x0000000711600000, 0x0000000711600000, 0x0000000711800000|  0%| F|  |TAMS 0x0000000711600000, 0x0000000711600000| Untracked 
|  95|0x0000000711800000, 0x0000000711800000, 0x0000000711a00000|  0%| F|  |TAMS 0x0000000711800000, 0x0000000711800000| Untracked 
|  96|0x0000000711a00000, 0x0000000711a00000, 0x0000000711c00000|  0%| F|  |TAMS 0x0000000711a00000, 0x0000000711a00000| Untracked 
|  97|0x0000000711c00000, 0x0000000711c00000, 0x0000000711e00000|  0%| F|  |TAMS 0x0000000711c00000, 0x0000000711c00000| Untracked 
|  98|0x0000000711e00000, 0x0000000711e00000, 0x0000000712000000|  0%| F|  |TAMS 0x0000000711e00000, 0x0000000711e00000| Untracked 
|  99|0x0000000712000000, 0x0000000712000000, 0x0000000712200000|  0%| F|  |TAMS 0x0000000712000000, 0x0000000712000000| Untracked 
| 100|0x0000000712200000, 0x0000000712200000, 0x0000000712400000|  0%| F|  |TAMS 0x0000000712200000, 0x0000000712200000| Untracked 
| 101|0x0000000712400000, 0x0000000712400000, 0x0000000712600000|  0%| F|  |TAMS 0x0000000712400000, 0x0000000712400000| Untracked 
| 102|0x0000000712600000, 0x0000000712600000, 0x0000000712800000|  0%| F|  |TAMS 0x0000000712600000, 0x0000000712600000| Untracked 
| 103|0x0000000712800000, 0x0000000712800000, 0x0000000712a00000|  0%| F|  |TAMS 0x0000000712800000, 0x0000000712800000| Untracked 
| 104|0x0000000712a00000, 0x0000000712a00000, 0x0000000712c00000|  0%| F|  |TAMS 0x0000000712a00000, 0x0000000712a00000| Untracked 
| 105|0x0000000712c00000, 0x0000000712c00000, 0x0000000712e00000|  0%| F|  |TAMS 0x0000000712c00000, 0x0000000712c00000| Untracked 
| 106|0x0000000712e00000, 0x0000000712e00000, 0x0000000713000000|  0%| F|  |TAMS 0x0000000712e00000, 0x0000000712e00000| Untracked 
| 107|0x0000000713000000, 0x0000000713000000, 0x0000000713200000|  0%| F|  |TAMS 0x0000000713000000, 0x0000000713000000| Untracked 
| 108|0x0000000713200000, 0x0000000713200000, 0x0000000713400000|  0%| F|  |TAMS 0x0000000713200000, 0x0000000713200000| Untracked 
| 109|0x0000000713400000, 0x0000000713400000, 0x0000000713600000|  0%| F|  |TAMS 0x0000000713400000, 0x0000000713400000| Untracked 
| 110|0x0000000713600000, 0x0000000713600000, 0x0000000713800000|  0%| F|  |TAMS 0x0000000713600000, 0x0000000713600000| Untracked 
| 111|0x0000000713800000, 0x0000000713800000, 0x0000000713a00000|  0%| F|  |TAMS 0x0000000713800000, 0x0000000713800000| Untracked 
| 112|0x0000000713a00000, 0x0000000713a00000, 0x0000000713c00000|  0%| F|  |TAMS 0x0000000713a00000, 0x0000000713a00000| Untracked 
| 113|0x0000000713c00000, 0x0000000713c00000, 0x0000000713e00000|  0%| F|  |TAMS 0x0000000713c00000, 0x0000000713c00000| Untracked 
| 114|0x0000000713e00000, 0x0000000713f9ff80, 0x0000000714000000| 81%| S|CS|TAMS 0x0000000713e00000, 0x0000000713e00000| Complete 
| 115|0x0000000714000000, 0x0000000714000000, 0x0000000714200000|  0%| F|  |TAMS 0x0000000714000000, 0x0000000714000000| Untracked 
| 116|0x0000000714200000, 0x0000000714200000, 0x0000000714400000|  0%| F|  |TAMS 0x0000000714200000, 0x0000000714200000| Untracked 
| 117|0x0000000714400000, 0x0000000714400000, 0x0000000714600000|  0%| F|  |TAMS 0x0000000714400000, 0x0000000714400000| Untracked 
| 118|0x0000000714600000, 0x0000000714600000, 0x0000000714800000|  0%| F|  |TAMS 0x0000000714600000, 0x0000000714600000| Untracked 
| 119|0x0000000714800000, 0x0000000714800000, 0x0000000714a00000|  0%| F|  |TAMS 0x0000000714800000, 0x0000000714800000| Untracked 
| 120|0x0000000714a00000, 0x0000000714a00000, 0x0000000714c00000|  0%| F|  |TAMS 0x0000000714a00000, 0x0000000714a00000| Untracked 
| 121|0x0000000714c00000, 0x0000000714c00000, 0x0000000714e00000|  0%| F|  |TAMS 0x0000000714c00000, 0x0000000714c00000| Untracked 
| 122|0x0000000714e00000, 0x0000000714e00000, 0x0000000715000000|  0%| F|  |TAMS 0x0000000714e00000, 0x0000000714e00000| Untracked 
| 123|0x0000000715000000, 0x0000000715000000, 0x0000000715200000|  0%| F|  |TAMS 0x0000000715000000, 0x0000000715000000| Untracked 
| 124|0x0000000715200000, 0x0000000715200000, 0x0000000715400000|  0%| F|  |TAMS 0x0000000715200000, 0x0000000715200000| Untracked 
| 125|0x0000000715400000, 0x0000000715600000, 0x0000000715600000|100%| E|  |TAMS 0x0000000715400000, 0x0000000715400000| Complete 

Card table byte_map: [0x000001d8aebf0000,0x000001d8af3d0000] _byte_map_base: 0x000001d8ab3c3000

Marking Bits (Prev, Next): (CMBitMap*) 0x000001d8970e6a40, (CMBitMap*) 0x000001d8970e6a80
 Prev Bits: [0x000001d8afbb0000, 0x000001d8b3a48000)
 Next Bits: [0x000001d8b3a50000, 0x000001d8b78e8000)

Polling page: 0x000001d895040000

Metaspace:

Usage:
  Non-class:      1.89 MB used.
      Class:    180.95 KB used.
       Both:      2.07 MB used.

Virtual space:
  Non-class space:       64.00 MB reserved,       2.00 MB (  3%) committed,  1 nodes.
      Class space:        1.00 GB reserved,     256.00 KB ( <1%) committed,  1 nodes.
             Both:        1.06 GB reserved,       2.25 MB ( <1%) committed. 

Chunk freelists:
   Non-Class:  11.24 MB
       Class:  15.65 MB
        Both:  26.89 MB

MaxMetaspaceSize: unlimited
CompressedClassSpaceSize: 1.00 GB
Initial GC threshold: 21.00 MB
Current GC threshold: 21.00 MB
CDS: on
MetaspaceReclaimPolicy: balanced
 - commit_granule_bytes: 65536.
 - commit_granule_words: 8192.
 - virtual_space_node_default_size: 8388608.
 - enlarge_chunks_in_place: 1.
 - new_chunks_are_fully_committed: 0.
 - uncommit_free_chunks: 1.
 - use_allocation_guard: 0.
 - handle_deallocations: 1.


Internal statistics:

num_allocs_failed_limit: 0.
num_arena_births: 32.
num_arena_deaths: 0.
num_vsnodes_births: 2.
num_vsnodes_deaths: 0.
num_space_committed: 36.
num_space_uncommitted: 0.
num_chunks_returned_to_freelist: 0.
num_chunks_taken_from_freelist: 71.
num_chunk_merges: 0.
num_chunk_splits: 51.
num_chunks_enlarged: 37.
num_inconsistent_stats: 0.

CodeHeap 'non-profiled nmethods': size=119168Kb used=539Kb max_used=539Kb free=118628Kb
 bounds [0x000001d8a6730000, 0x000001d8a69a0000, 0x000001d8adb90000]
CodeHeap 'profiled nmethods': size=119104Kb used=1376Kb max_used=1376Kb free=117727Kb
 bounds [0x000001d89eb90000, 0x000001d89ee00000, 0x000001d8a5fe0000]
CodeHeap 'non-nmethods': size=7488Kb used=1722Kb max_used=2342Kb free=5765Kb
 bounds [0x000001d8a5fe0000, 0x000001d8a6250000, 0x000001d8a6730000]
 total_blobs=1258 nmethods=820 adapters=350
 compilation: enabled
              stopped_count=0, restarted_count=0
 full_count=0

Compilation events (20 events):
Event: 3.238 Thread 0x000001d8baa5e090 nmethod 806 0x000001d89ece2190 code [0x000001d89ece2340, 0x000001d89ece2558]
Event: 3.238 Thread 0x000001d8baa5e090  808   !   3       java.lang.String::encodeWithEncoder (307 bytes)
Event: 3.238 Thread 0x000001d8ba908b60 nmethod 807 0x000001d89ece2610 code [0x000001d89ece2800, 0x000001d89ece2b58]
Event: 3.238 Thread 0x000001d8ba908b60  809       3       java.lang.String::scale (7 bytes)
Event: 3.238 Thread 0x000001d8ba908b60 nmethod 809 0x000001d89ece2c90 code [0x000001d89ece2e20, 0x000001d89ece2f38]
Event: 3.239 Thread 0x000001d8baa5e090 nmethod 808 0x000001d89ece3010 code [0x000001d89ece33e0, 0x000001d89ece4f78]
Event: 3.387 Thread 0x000001d8baa5e090  810       3       org.bytedeco.javacpp.Pointer::<init> (86 bytes)
Event: 3.388 Thread 0x000001d8baa5e090 nmethod 810 0x000001d89ece5910 code [0x000001d89ece5ac0, 0x000001d89ece5e28]
Event: 3.438 Thread 0x000001d8ba908b60  812       3       com.raylib.Jaylib::<init> (5 bytes)
Event: 3.438 Thread 0x000001d8baa5e090  813       3       com.raylib.Raylib::<init> (5 bytes)
Event: 3.439 Thread 0x000001d8ba908b60 nmethod 812 0x000001d89ece5f90 code [0x000001d89ece6140, 0x000001d89ece6378]
Event: 3.439 Thread 0x000001d8baa5e090 nmethod 813 0x000001d89ece6490 code [0x000001d89ece6640, 0x000001d89ece67f8]
Event: 3.439 Thread 0x000001d8ba908b60  814       3       com.raylib.RaylibConfig::<init> (5 bytes)
Event: 3.439 Thread 0x000001d8baa5e090  817       3       com.raylib.Jaylib::Rectangle (25 bytes)
Event: 3.439 Thread 0x000001d8ba908b60 nmethod 814 0x000001d89ece6910 code [0x000001d89ece6aa0, 0x000001d89ece6bf8]
Event: 3.439 Thread 0x000001d8baa5e090 nmethod 817 0x000001d89ece6c90 code [0x000001d89ece6e80, 0x000001d89ece73f8]
Event: 3.487 Thread 0x000001d8baa5e090  818       3       java.lang.Integer::stringSize (47 bytes)
Event: 3.487 Thread 0x000001d8ba908b60  819       3       java.lang.Integer::getChars (131 bytes)
Event: 3.488 Thread 0x000001d8baa5e090 nmethod 818 0x000001d89ece7610 code [0x000001d89ece77c0, 0x000001d89ece7a18]
Event: 3.488 Thread 0x000001d8ba908b60 nmethod 819 0x000001d89ece7b10 code [0x000001d89ece7ce0, 0x000001d89ece8118]

GC Heap History (2 events):
Event: 0.517 GC heap before
{Heap before GC invocations=0 (full 0):
 garbage-first heap   total 258048K, used 22528K [0x0000000705a00000, 0x0000000800000000)
  region size 2048K, 11 young (22528K), 0 survivors (0K)
 Metaspace       used 1825K, committed 1984K, reserved 1114112K
  class space    used 144K, committed 192K, reserved 1048576K
}
Event: 0.519 GC heap after
{Heap after GC invocations=1 (full 0):
 garbage-first heap   total 258048K, used 1663K [0x0000000705a00000, 0x0000000800000000)
  region size 2048K, 1 young (2048K), 1 survivors (2048K)
 Metaspace       used 1825K, committed 1984K, reserved 1114112K
  class space    used 144K, committed 192K, reserved 1048576K
}

Dll operation events (20 events):
Event: 0.347 Loaded shared library C:\Program Files (x86)\Windows Kits\10\Redist\ucrt\DLLs\x64\api-ms-win-core-rtlsupport-l1-1-0.dll
Event: 0.354 Loaded shared library C:\Program Files (x86)\Windows Kits\10\Redist\ucrt\DLLs\x64\api-ms-win-core-processthreads-l1-1-1.dll
Event: 0.363 Loaded shared library C:\Program Files (x86)\Windows Kits\10\Redist\ucrt\DLLs\x64\api-ms-win-core-file-l1-2-0.dll
Event: 0.371 Loaded shared library C:\Program Files (x86)\Windows Kits\10\Redist\ucrt\DLLs\x64\api-ms-win-core-profile-l1-1-0.dll
Event: 0.379 Loaded shared library C:\Program Files (x86)\Windows Kits\10\Redist\ucrt\DLLs\x64\api-ms-win-core-memory-l1-1-0.dll
Event: 0.387 Loaded shared library C:\Program Files (x86)\Windows Kits\10\Redist\ucrt\DLLs\x64\api-ms-win-core-util-l1-1-0.dll
Event: 0.395 Loaded shared library C:\Program Files (x86)\Windows Kits\10\Redist\ucrt\DLLs\x64\api-ms-win-core-interlocked-l1-1-0.dll
Event: 0.403 Loaded shared library C:\Program Files (x86)\Windows Kits\10\Redist\ucrt\DLLs\x64\ucrtbase.dll
Event: 0.410 Loaded shared library C:\Users\luczu\.jdks\corretto-17.0.10\bin\vcruntime140.dll
Event: 0.418 Loaded shared library C:\Users\luczu\.jdks\corretto-17.0.10\bin\vcruntime140_1.dll
Event: 0.426 Loaded shared library C:\Users\luczu\.jdks\corretto-17.0.10\bin\msvcp140.dll
Event: 0.434 Loaded shared library C:\Windows\System32\msvcp140_1.dll
Event: 0.442 Loaded shared library C:\Windows\System32\concrt140.dll
Event: 0.451 Loaded shared library C:\Windows\System32\vcomp140.dll
Event: 0.465 Loaded shared library C:\Windows\System32\winmm.dll
Event: 0.467 Loaded shared library C:\Windows\System32\opengl32.dll
Event: 0.469 Loaded shared library C:\Windows\System32\user32.dll
Event: 0.470 Loaded shared library C:\Windows\System32\shell32.dll
Event: 0.471 Loaded shared library C:\Windows\System32\gdi32.dll
Event: 0.489 Loaded shared library C:\Users\luczu\.javacpp\cache\jaylib-4.5.0-0.jar\com\raylib\windows-x86_64\jniRaylib.dll

Deoptimization events (20 events):
Event: 0.465 Thread 0x000001d89707afb0 DEOPT PACKING pc=0x000001d8a677b924 sp=0x000000d1b2cfe070
Event: 0.465 Thread 0x000001d89707afb0 DEOPT UNPACKING pc=0x000001d8a603a1a3 sp=0x000000d1b2cfdd90 mode 2
Event: 0.473 Thread 0x000001d89707afb0 DEOPT PACKING pc=0x000001d89ec7ce18 sp=0x000000d1b2cfdf90
Event: 0.473 Thread 0x000001d89707afb0 DEOPT UNPACKING pc=0x000001d8a603ace3 sp=0x000000d1b2cfd4a8 mode 0
Event: 0.473 Thread 0x000001d89707afb0 Uncommon trap: trap_request=0xffffff45 fr.pc=0x000001d8a6772284 relative=0x0000000000001364
Event: 0.473 Thread 0x000001d89707afb0 Uncommon trap: reason=unstable_if action=reinterpret pc=0x000001d8a6772284 method=java.net.URL.<init>(Ljava/net/URL;Ljava/lang/String;Ljava/net/URLStreamHandler;)V @ 273 c2
Event: 0.474 Thread 0x000001d89707afb0 DEOPT PACKING pc=0x000001d8a6772284 sp=0x000000d1b2cfdc80
Event: 0.474 Thread 0x000001d89707afb0 DEOPT UNPACKING pc=0x000001d8a603a1a3 sp=0x000000d1b2cfdc10 mode 2
Event: 0.482 Thread 0x000001d89707afb0 Uncommon trap: trap_request=0xffffff45 fr.pc=0x000001d8a67850a4 relative=0x0000000000003d44
Event: 0.482 Thread 0x000001d89707afb0 Uncommon trap: reason=unstable_if action=reinterpret pc=0x000001d8a67850a4 method=sun.net.www.ParseUtil.firstEncodeIndex(Ljava/lang/String;)I @ 51 c2
Event: 0.483 Thread 0x000001d89707afb0 DEOPT PACKING pc=0x000001d8a67850a4 sp=0x000000d1b2cfce30
Event: 0.483 Thread 0x000001d89707afb0 DEOPT UNPACKING pc=0x000001d8a603a1a3 sp=0x000000d1b2cfcbb0 mode 2
Event: 0.510 Thread 0x000001d89707afb0 DEOPT PACKING pc=0x000001d89ec7ce18 sp=0x000000d1b2cfcde0
Event: 0.510 Thread 0x000001d89707afb0 DEOPT UNPACKING pc=0x000001d8a603ace3 sp=0x000000d1b2cfc2f8 mode 0
Event: 0.520 Thread 0x000001d89707afb0 Uncommon trap: trap_request=0xffffff45 fr.pc=0x000001d8a67664e0 relative=0x00000000000000e0
Event: 0.520 Thread 0x000001d89707afb0 Uncommon trap: reason=unstable_if action=reinterpret pc=0x000001d8a67664e0 method=java.lang.ref.SoftReference.get()Ljava/lang/Object; @ 17 c2
Event: 0.520 Thread 0x000001d89707afb0 DEOPT PACKING pc=0x000001d8a67664e0 sp=0x000000d1b2cfc890
Event: 0.520 Thread 0x000001d89707afb0 DEOPT UNPACKING pc=0x000001d8a603a1a3 sp=0x000000d1b2cfc848 mode 2
Event: 0.520 Thread 0x000001d89707afb0 DEOPT PACKING pc=0x000001d89ec81848 sp=0x000000d1b2cfc7b0
Event: 0.520 Thread 0x000001d89707afb0 DEOPT UNPACKING pc=0x000001d8a603ace3 sp=0x000000d1b2cfbcc8 mode 0

Classes unloaded (0 events):
No events

Classes redefined (0 events):
No events

Internal exceptions (7 events):
Event: 0.097 Thread 0x000001d89707afb0 Exception <a 'java/lang/NoSuchMethodError'{0x0000000715281220}: 'int java.lang.invoke.DirectMethodHandle$Holder.invokeStaticInit(java.lang.Object, java.lang.Object, java.lang.Object, java.lang.Object)'> (0x0000000715281220) 
thrown [s\src\hotspot\share\interpreter\linkResolver.cpp, line 759]
Event: 0.099 Thread 0x000001d89707afb0 Exception <a 'java/lang/NoSuchMethodError'{0x000000071528bf30}: 'java.lang.Object java.lang.invoke.DirectMethodHandle$Holder.invokeInterface(java.lang.Object, java.lang.Object)'> (0x000000071528bf30) 
thrown [s\src\hotspot\share\interpreter\linkResolver.cpp, line 759]
Event: 0.099 Thread 0x000001d89707afb0 Exception <a 'java/lang/IncompatibleClassChangeError'{0x000000071528f648}: Found class java.lang.Object, but interface was expected> (0x000000071528f648) 
thrown [s\src\hotspot\share\interpreter\linkResolver.cpp, line 826]
Event: 0.100 Thread 0x000001d89707afb0 Exception <a 'java/lang/NoSuchMethodError'{0x00000007152927f0}: 'void java.lang.invoke.DirectMethodHandle$Holder.invokeStatic(java.lang.Object, java.lang.Object)'> (0x00000007152927f0) 
thrown [s\src\hotspot\share\interpreter\linkResolver.cpp, line 759]
Event: 0.100 Thread 0x000001d89707afb0 Exception <a 'java/lang/NoSuchMethodError'{0x0000000715295e60}: 'void java.lang.invoke.DirectMethodHandle$Holder.invokeStaticInit(java.lang.Object, java.lang.Object)'> (0x0000000715295e60) 
thrown [s\src\hotspot\share\interpreter\linkResolver.cpp, line 759]
Event: 0.101 Thread 0x000001d89707afb0 Exception <a 'java/lang/NoSuchMethodError'{0x000000071529c528}: 'int java.lang.invoke.DirectMethodHandle$Holder.invokeStaticInit(java.lang.Object, java.lang.Object)'> (0x000000071529c528) 
thrown [s\src\hotspot\share\interpreter\linkResolver.cpp, line 759]
Event: 0.485 Thread 0x000001d89707afb0 Exception <a 'java/lang/NoSuchMethodError'{0x0000000714161698}: 'java.lang.Object java.lang.invoke.DirectMethodHandle$Holder.invokeStatic(java.lang.Object, int, java.lang.Object)'> (0x0000000714161698) 
thrown [s\src\hotspot\share\interpreter\linkResolver.cpp, line 759]

VM Operations (10 events):
Event: 0.075 Executing VM operation: HandshakeAllThreads
Event: 0.075 Executing VM operation: HandshakeAllThreads done
Event: 0.135 Executing VM operation: HandshakeAllThreads
Event: 0.135 Executing VM operation: HandshakeAllThreads done
Event: 0.517 Executing VM operation: G1CollectForAllocation
Event: 0.519 Executing VM operation: G1CollectForAllocation done
Event: 1.520 Executing VM operation: Cleanup
Event: 1.520 Executing VM operation: Cleanup done
Event: 2.520 Executing VM operation: Cleanup
Event: 2.520 Executing VM operation: Cleanup done

Events (20 events):
Event: 0.483 loading class java/time/Month
Event: 0.483 loading class java/time/Month done
Event: 0.483 loading class java/time/DayOfWeek
Event: 0.483 loading class java/time/DayOfWeek done
Event: 0.483 loading class java/time/zone/ZoneOffsetTransitionRule$TimeDefinition
Event: 0.483 loading class java/time/zone/ZoneOffsetTransitionRule$TimeDefinition done
Event: 0.484 loading class java/time/zone/ZoneOffsetTransition
Event: 0.484 loading class java/time/zone/ZoneOffsetTransition done
Event: 0.484 loading class java/time/temporal/TemporalAdjusters
Event: 0.485 loading class java/time/temporal/TemporalAdjusters done
Event: 0.487 loading class java/time/zone/ZoneOffsetTransitionRule$1
Event: 0.487 loading class java/time/zone/ZoneOffsetTransitionRule$1 done
Event: 0.487 loading class java/util/concurrent/TimeUnit$1
Event: 0.487 loading class java/util/concurrent/TimeUnit$1 done
Event: 0.504 loading class java/lang/NumberFormatException
Event: 0.505 loading class java/lang/NumberFormatException done
Event: 0.505 Thread 0x000001d8807bcc20 Thread added: 0x000001d8807bcc20
Event: 1.069 Thread 0x000001d88017ec10 Thread exited: 0x000001d88017ec10
Event: 1.069 Thread 0x000001d88003f010 Thread exited: 0x000001d88003f010
Event: 1.732 Thread 0x000001d8baa5e660 Thread exited: 0x000001d8baa5e660


Dynamic libraries:
0x00007ff653530000 - 0x00007ff65353e000 	C:\Users\luczu\.jdks\corretto-17.0.10\bin\java.exe
0x00007ffb51d50000 - 0x00007ffb51f67000 	C:\WINDOWS\SYSTEM32\ntdll.dll
0x00007ffb51860000 - 0x00007ffb51924000 	C:\WINDOWS\System32\KERNEL32.DLL
0x00007ffb4f550000 - 0x00007ffb4f8f6000 	C:\WINDOWS\System32\KERNELBASE.dll
0x00007ffb4f390000 - 0x00007ffb4f4a1000 	C:\WINDOWS\System32\ucrtbase.dll
0x00007ffae90a0000 - 0x00007ffae90b7000 	C:\Users\luczu\.jdks\corretto-17.0.10\bin\jli.dll
0x00007ffae90c0000 - 0x00007ffae90db000 	C:\Users\luczu\.jdks\corretto-17.0.10\bin\VCRUNTIME140.dll
0x00007ffb519e0000 - 0x00007ffb51b8e000 	C:\WINDOWS\System32\USER32.dll
0x00007ffb4f2a0000 - 0x00007ffb4f2c6000 	C:\WINDOWS\System32\win32u.dll
0x00007ffb51990000 - 0x00007ffb519b9000 	C:\WINDOWS\System32\GDI32.dll
0x00007ffb25b40000 - 0x00007ffb25dd3000 	C:\WINDOWS\WinSxS\amd64_microsoft.windows.common-controls_6595b64144ccf1df_6.0.22621.2506_none_270c5ae97388e100\COMCTL32.dll
0x00007ffb4f090000 - 0x00007ffb4f1a8000 	C:\WINDOWS\System32\gdi32full.dll
0x00007ffb50f30000 - 0x00007ffb50fd7000 	C:\WINDOWS\System32\msvcrt.dll
0x00007ffb4f4b0000 - 0x00007ffb4f54a000 	C:\WINDOWS\System32\msvcp_win.dll
0x00007ffb51820000 - 0x00007ffb51851000 	C:\WINDOWS\System32\IMM32.DLL
0x00007ffae9130000 - 0x00007ffae913c000 	C:\Users\luczu\.jdks\corretto-17.0.10\bin\vcruntime140_1.dll
0x00007ffae9170000 - 0x00007ffae91fd000 	C:\Users\luczu\.jdks\corretto-17.0.10\bin\msvcp140.dll
0x00007ffa72f60000 - 0x00007ffa73bc2000 	C:\Users\luczu\.jdks\corretto-17.0.10\bin\server\jvm.dll
0x00007ffb4fc50000 - 0x00007ffb4fd03000 	C:\WINDOWS\System32\ADVAPI32.dll
0x00007ffb51210000 - 0x00007ffb512b8000 	C:\WINDOWS\System32\sechost.dll
0x00007ffb4fa70000 - 0x00007ffb4fa98000 	C:\WINDOWS\System32\bcrypt.dll
0x00007ffb50fe0000 - 0x00007ffb510f7000 	C:\WINDOWS\System32\RPCRT4.dll
0x00007ffb04a40000 - 0x00007ffb04a49000 	C:\WINDOWS\SYSTEM32\WSOCK32.dll
0x00007ffb44c00000 - 0x00007ffb44c34000 	C:\WINDOWS\SYSTEM32\WINMM.dll
0x00007ffb4df10000 - 0x00007ffb4df5d000 	C:\WINDOWS\SYSTEM32\POWRPROF.dll
0x00007ffb51190000 - 0x00007ffb51201000 	C:\WINDOWS\System32\WS2_32.dll
0x00007ffb44e30000 - 0x00007ffb44e3a000 	C:\WINDOWS\SYSTEM32\VERSION.dll
0x00007ffb4def0000 - 0x00007ffb4df03000 	C:\WINDOWS\SYSTEM32\UMPDC.dll
0x00007ffb4e110000 - 0x00007ffb4e128000 	C:\WINDOWS\SYSTEM32\kernel.appcore.dll
0x00007ffaf34c0000 - 0x00007ffaf34ca000 	C:\Users\luczu\.jdks\corretto-17.0.10\bin\jimage.dll
0x00007ffb4c840000 - 0x00007ffb4ca73000 	C:\WINDOWS\SYSTEM32\DBGHELP.DLL
0x00007ffb4fdc0000 - 0x00007ffb50149000 	C:\WINDOWS\System32\combase.dll
0x00007ffb514d0000 - 0x00007ffb515a7000 	C:\WINDOWS\System32\OLEAUT32.dll
0x00007ffb30770000 - 0x00007ffb307a2000 	C:\WINDOWS\SYSTEM32\dbgcore.DLL
0x00007ffb4f1b0000 - 0x00007ffb4f22a000 	C:\WINDOWS\System32\bcryptPrimitives.dll
0x00007ffa79bf0000 - 0x00007ffa79c15000 	C:\Users\luczu\.jdks\corretto-17.0.10\bin\java.dll
0x00007ffa72dd0000 - 0x00007ffa72ea7000 	C:\Users\luczu\.jdks\corretto-17.0.10\bin\jsvml.dll
0x00007ffb506d0000 - 0x00007ffb50f2a000 	C:\WINDOWS\System32\SHELL32.dll
0x00007ffb4cfa0000 - 0x00007ffb4d896000 	C:\WINDOWS\SYSTEM32\windows.storage.dll
0x00007ffb4ce60000 - 0x00007ffb4cf9e000 	C:\WINDOWS\SYSTEM32\wintypes.dll
0x00007ffb505d0000 - 0x00007ffb506c3000 	C:\WINDOWS\System32\SHCORE.dll
0x00007ffb4fd10000 - 0x00007ffb4fd6e000 	C:\WINDOWS\System32\shlwapi.dll
0x00007ffb4efc0000 - 0x00007ffb4efe6000 	C:\WINDOWS\SYSTEM32\profapi.dll
0x00007ffaf34a0000 - 0x00007ffaf34b9000 	C:\Users\luczu\.jdks\corretto-17.0.10\bin\net.dll
0x00007ffb45740000 - 0x00007ffb45877000 	C:\WINDOWS\SYSTEM32\WINHTTP.dll
0x00007ffb4e630000 - 0x00007ffb4e699000 	C:\WINDOWS\system32\mswsock.dll
0x00007ffa79bd0000 - 0x00007ffa79be6000 	C:\Users\luczu\.jdks\corretto-17.0.10\bin\nio.dll
0x00007ffa79bb0000 - 0x00007ffa79bc8000 	C:\Users\luczu\.jdks\corretto-17.0.10\bin\zip.dll
0x000001d897020000 - 0x000001d897023000 	C:\Program Files (x86)\Windows Kits\10\Redist\ucrt\DLLs\x64\api-ms-win-crt-locale-l1-1-0.dll
0x000001d8bae10000 - 0x000001d8bae14000 	C:\Program Files (x86)\Windows Kits\10\Redist\ucrt\DLLs\x64\api-ms-win-crt-string-l1-1-0.dll
0x000001d8bae20000 - 0x000001d8bae24000 	C:\Program Files (x86)\Windows Kits\10\Redist\ucrt\DLLs\x64\api-ms-win-crt-stdio-l1-1-0.dll
0x000001d8bae30000 - 0x000001d8bae35000 	C:\Program Files (x86)\Windows Kits\10\Redist\ucrt\DLLs\x64\api-ms-win-crt-math-l1-1-0.dll
0x000001d8bae40000 - 0x000001d8bae43000 	C:\Program Files (x86)\Windows Kits\10\Redist\ucrt\DLLs\x64\api-ms-win-crt-heap-l1-1-0.dll
0x000001d8bae50000 - 0x000001d8bae54000 	C:\Program Files (x86)\Windows Kits\10\Redist\ucrt\DLLs\x64\api-ms-win-crt-runtime-l1-1-0.dll
0x000001d8bae60000 - 0x000001d8bae64000 	C:\Program Files (x86)\Windows Kits\10\Redist\ucrt\DLLs\x64\api-ms-win-crt-convert-l1-1-0.dll
0x000001d8bae70000 - 0x000001d8bae73000 	C:\Program Files (x86)\Windows Kits\10\Redist\ucrt\DLLs\x64\api-ms-win-crt-environment-l1-1-0.dll
0x000001d8bae80000 - 0x000001d8bae83000 	C:\Program Files (x86)\Windows Kits\10\Redist\ucrt\DLLs\x64\api-ms-win-crt-time-l1-1-0.dll
0x000001d8bae90000 - 0x000001d8bae93000 	C:\Program Files (x86)\Windows Kits\10\Redist\ucrt\DLLs\x64\api-ms-win-crt-filesystem-l1-1-0.dll
0x000001d8baea0000 - 0x000001d8baea3000 	C:\Program Files (x86)\Windows Kits\10\Redist\ucrt\DLLs\x64\api-ms-win-crt-utility-l1-1-0.dll
0x000001d8baeb0000 - 0x000001d8baeb5000 	C:\Program Files (x86)\Windows Kits\10\Redist\ucrt\DLLs\x64\api-ms-win-crt-multibyte-l1-1-0.dll
0x000001d8baec0000 - 0x000001d8baec3000 	C:\Program Files (x86)\Windows Kits\10\Redist\ucrt\DLLs\x64\api-ms-win-crt-conio-l1-1-0.dll
0x000001d8baed0000 - 0x000001d8baedf000 	C:\Program Files (x86)\Windows Kits\10\Redist\ucrt\DLLs\x64\api-ms-win-crt-private-l1-1-0.dll
0x000001d8baee0000 - 0x000001d8baee3000 	C:\Program Files (x86)\Windows Kits\10\Redist\ucrt\DLLs\x64\api-ms-win-crt-process-l1-1-0.dll
0x000001d8baef0000 - 0x000001d8baef3000 	C:\Program Files\Microsoft\jdk-11.0.12.7-hotspot\bin\api-ms-win-core-console-l1-2-0.dll
0x000001d8baf00000 - 0x000001d8baf03000 	C:\Program Files (x86)\Windows Kits\10\Redist\ucrt\DLLs\x64\api-ms-win-core-string-l1-1-0.dll
0x000001d8baf10000 - 0x000001d8baf13000 	C:\Program Files (x86)\Windows Kits\10\Redist\ucrt\DLLs\x64\api-ms-win-core-errorhandling-l1-1-0.dll
0x000001d8baf20000 - 0x000001d8baf23000 	C:\Program Files (x86)\Windows Kits\10\Redist\ucrt\DLLs\x64\api-ms-win-core-timezone-l1-1-0.dll
0x000001d8baf30000 - 0x000001d8baf34000 	C:\Program Files (x86)\Windows Kits\10\Redist\ucrt\DLLs\x64\api-ms-win-core-file-l1-1-0.dll
0x000001d8baf40000 - 0x000001d8baf43000 	C:\Program Files (x86)\Windows Kits\10\Redist\ucrt\DLLs\x64\api-ms-win-core-namedpipe-l1-1-0.dll
0x000001d8baf50000 - 0x000001d8baf53000 	C:\Program Files (x86)\Windows Kits\10\Redist\ucrt\DLLs\x64\api-ms-win-core-handle-l1-1-0.dll
0x000001d8baf60000 - 0x000001d8baf63000 	C:\Program Files (x86)\Windows Kits\10\Redist\ucrt\DLLs\x64\api-ms-win-core-file-l2-1-0.dll
0x000001d8baf70000 - 0x000001d8baf73000 	C:\Program Files (x86)\Windows Kits\10\Redist\ucrt\DLLs\x64\api-ms-win-core-heap-l1-1-0.dll
0x000001d8baf80000 - 0x000001d8baf83000 	C:\Program Files (x86)\Windows Kits\10\Redist\ucrt\DLLs\x64\api-ms-win-core-libraryloader-l1-1-0.dll
0x000001d8baf90000 - 0x000001d8baf93000 	C:\Program Files (x86)\Windows Kits\10\Redist\ucrt\DLLs\x64\api-ms-win-core-synch-l1-1-0.dll
0x000001d8bafa0000 - 0x000001d8bafa3000 	C:\Program Files (x86)\Windows Kits\10\Redist\ucrt\DLLs\x64\api-ms-win-core-processthreads-l1-1-0.dll
0x000001d8bafb0000 - 0x000001d8bafb3000 	C:\Program Files (x86)\Windows Kits\10\Redist\ucrt\DLLs\x64\api-ms-win-core-processenvironment-l1-1-0.dll
0x000001d8bafc0000 - 0x000001d8bafc3000 	C:\Program Files (x86)\Windows Kits\10\Redist\ucrt\DLLs\x64\api-ms-win-core-datetime-l1-1-0.dll
0x000001d8bafd0000 - 0x000001d8bafd3000 	C:\Program Files (x86)\Windows Kits\10\Redist\ucrt\DLLs\x64\api-ms-win-core-localization-l1-2-0.dll
0x000001d8bafe0000 - 0x000001d8bafe3000 	C:\Program Files (x86)\Windows Kits\10\Redist\ucrt\DLLs\x64\api-ms-win-core-sysinfo-l1-1-0.dll
0x000001d8baff0000 - 0x000001d8baff3000 	C:\Program Files (x86)\Windows Kits\10\Redist\ucrt\DLLs\x64\api-ms-win-core-synch-l1-2-0.dll
0x000001d8817d0000 - 0x000001d8817d3000 	C:\Program Files (x86)\Windows Kits\10\Redist\ucrt\DLLs\x64\api-ms-win-core-console-l1-1-0.dll
0x000001d8817e0000 - 0x000001d8817e3000 	C:\Program Files (x86)\Windows Kits\10\Redist\ucrt\DLLs\x64\api-ms-win-core-debug-l1-1-0.dll
0x000001d8817f0000 - 0x000001d8817f3000 	C:\Program Files (x86)\Windows Kits\10\Redist\ucrt\DLLs\x64\api-ms-win-core-rtlsupport-l1-1-0.dll
0x000001d881800000 - 0x000001d881803000 	C:\Program Files (x86)\Windows Kits\10\Redist\ucrt\DLLs\x64\api-ms-win-core-processthreads-l1-1-1.dll
0x000001d881810000 - 0x000001d881813000 	C:\Program Files (x86)\Windows Kits\10\Redist\ucrt\DLLs\x64\api-ms-win-core-file-l1-2-0.dll
0x000001d881820000 - 0x000001d881823000 	C:\Program Files (x86)\Windows Kits\10\Redist\ucrt\DLLs\x64\api-ms-win-core-profile-l1-1-0.dll
0x000001d881830000 - 0x000001d881833000 	C:\Program Files (x86)\Windows Kits\10\Redist\ucrt\DLLs\x64\api-ms-win-core-memory-l1-1-0.dll
0x000001d881840000 - 0x000001d881843000 	C:\Program Files (x86)\Windows Kits\10\Redist\ucrt\DLLs\x64\api-ms-win-core-util-l1-1-0.dll
0x000001d881850000 - 0x000001d881853000 	C:\Program Files (x86)\Windows Kits\10\Redist\ucrt\DLLs\x64\api-ms-win-core-interlocked-l1-1-0.dll
0x00007ffac0b10000 - 0x00007ffac0c02000 	C:\Program Files (x86)\Windows Kits\10\Redist\ucrt\DLLs\x64\ucrtbase.dll
0x00007ffb469b0000 - 0x00007ffb469b9000 	C:\Windows\System32\msvcp140_1.dll
0x00007ffb12c70000 - 0x00007ffb12cbe000 	C:\Windows\System32\concrt140.dll
0x00007ffb29ff0000 - 0x00007ffb2a021000 	C:\Windows\System32\vcomp140.dll
0x00007ffb1a5e0000 - 0x00007ffb1a6e0000 	C:\Windows\System32\opengl32.dll
0x00007ffb1aad0000 - 0x00007ffb1aafd000 	C:\WINDOWS\SYSTEM32\GLU32.dll
0x00007ffb4c1e0000 - 0x00007ffb4c216000 	C:\WINDOWS\SYSTEM32\dxcore.dll
0x00007ffa703f0000 - 0x00007ffa7060d000 	C:\Users\luczu\.javacpp\cache\jaylib-4.5.0-0.jar\com\raylib\windows-x86_64\jniRaylib.dll
0x00007ffab4c10000 - 0x00007ffab4c56000 	C:\WINDOWS\SYSTEM32\dinput8.dll
0x00007ffb0f700000 - 0x00007ffb0f711000 	C:\WINDOWS\SYSTEM32\xinput1_4.dll
0x00007ffb4ed50000 - 0x00007ffb4ed7c000 	C:\WINDOWS\SYSTEM32\DEVOBJ.dll
0x00007ffb4ed80000 - 0x00007ffb4edce000 	C:\WINDOWS\SYSTEM32\cfgmgr32.dll
0x00007ffb4c430000 - 0x00007ffb4c45b000 	C:\WINDOWS\SYSTEM32\dwmapi.dll
0x00007ffb2c460000 - 0x00007ffb2c66a000 	C:\WINDOWS\SYSTEM32\inputhost.dll
0x00007ffb49560000 - 0x00007ffb49694000 	C:\WINDOWS\SYSTEM32\CoreMessaging.dll
0x00007ffb49940000 - 0x00007ffb499eb000 	C:\WINDOWS\system32\uxtheme.dll
0x00007ffb512d0000 - 0x00007ffb51420000 	C:\WINDOWS\System32\MSCTF.dll
0x00007ffb4e8a0000 - 0x00007ffb4e8ac000 	C:\WINDOWS\SYSTEM32\CRYPTBASE.DLL
0x00007ffb4d8a0000 - 0x00007ffb4d8ae000 	C:\WINDOWS\SYSTEM32\HID.DLL
0x00007ffb50150000 - 0x00007ffb505c4000 	C:\WINDOWS\System32\SETUPAPI.DLL
0x00007ffb4f230000 - 0x00007ffb4f29b000 	C:\WINDOWS\System32\WINTRUST.dll
0x00007ffb4f900000 - 0x00007ffb4fa66000 	C:\WINDOWS\System32\CRYPT32.dll
0x00007ffb4ed30000 - 0x00007ffb4ed42000 	C:\WINDOWS\SYSTEM32\MSASN1.dll
0x00007ffb458c0000 - 0x00007ffb4590a000 	C:\WINDOWS\SYSTEM32\directxdatabasehelper.dll
0x00007ffb515b0000 - 0x00007ffb51660000 	C:\WINDOWS\System32\clbcatq.dll
0x00007ffa27b40000 - 0x00007ffa2a730000 	C:\WINDOWS\System32\DriverStore\FileRepository\nvhm.inf_amd64_28ac5867493a0477\nvoglv64.dll
0x00007ffb4faa0000 - 0x00007ffb4fc40000 	C:\WINDOWS\System32\ole32.dll
0x00007ffb4df60000 - 0x00007ffb4df74000 	C:\WINDOWS\SYSTEM32\WTSAPI32.dll
0x00007ffb3cce0000 - 0x00007ffb3cd12000 	C:\WINDOWS\SYSTEM32\cryptnet.dll
0x00007ffb3a6d0000 - 0x00007ffb3a828000 	C:\WINDOWS\SYSTEM32\drvstore.dll
0x00007ffb4e930000 - 0x00007ffb4e97b000 	C:\WINDOWS\SYSTEM32\wldp.dll
0x00007ffb519c0000 - 0x00007ffb519df000 	C:\WINDOWS\System32\imagehlp.dll
0x00007ffb4e880000 - 0x00007ffb4e89b000 	C:\WINDOWS\SYSTEM32\CRYPTSP.dll
0x00007ffb4e130000 - 0x00007ffb4e165000 	C:\WINDOWS\system32\rsaenh.dll
0x00007ffb4e6c0000 - 0x00007ffb4e6e6000 	C:\WINDOWS\SYSTEM32\gpapi.dll
0x00007ffb02100000 - 0x00007ffb042eb000 	C:\WINDOWS\System32\DriverStore\FileRepository\nvhm.inf_amd64_28ac5867493a0477\nvgpucomp64.dll
0x00007ffb4e1d0000 - 0x00007ffb4e204000 	C:\WINDOWS\SYSTEM32\ntmarta.dll
0x00007ffab7e60000 - 0x00007ffab8123000 	C:\WINDOWS\system32\nvspcap64.dll
0x00007ffb4db00000 - 0x00007ffb4db66000 	C:\WINDOWS\SYSTEM32\WINSTA.dll

dbghelp: loaded successfully - version: 4.0.5 - missing functions: none
symbol engine: initialized successfully - sym options: 0x614 - pdb path: .;C:\Users\luczu\.jdks\corretto-17.0.10\bin;C:\WINDOWS\SYSTEM32;C:\WINDOWS\WinSxS\amd64_microsoft.windows.common-controls_6595b64144ccf1df_6.0.22621.2506_none_270c5ae97388e100;C:\Users\luczu\.jdks\corretto-17.0.10\bin\server;C:\Program Files (x86)\Windows Kits\10\Redist\ucrt\DLLs\x64;C:\Program Files\Microsoft\jdk-11.0.12.7-hotspot\bin;C:\Users\luczu\.javacpp\cache\jaylib-4.5.0-0.jar\com\raylib\windows-x86_64;C:\WINDOWS\System32\DriverStore\FileRepository\nvhm.inf_amd64_28ac5867493a0477;C:\WINDOWS\System32\DriverStore\FileRepository\iigd_dch.inf_amd64_0fdf6ce291234272

VM Arguments:
jvm_args: -Dfile.encoding=windows-1252 -Duser.country=NL -Duser.language=nl -Duser.variant 
java_command: PineVille.MenuScene
java_class_path (initial): C:\Users\luczu\OneDrive\Documenten\PineVille\build\classes\java\main;C:\Users\luczu\OneDrive\Documenten\PineVille\build\resources\main;C:\Users\luczu\.gradle\caches\modules-2\files-2.1\uk.co.electronstudio.jaylib\jaylib\4.5.0-0\90c0d608df9bbd32f5f34683acc58cb433e94508\jaylib-4.5.0-0.jar
Launcher Type: SUN_STANDARD

[Global flags]
     intx CICompilerCount                          = 12                                        {product} {ergonomic}
     uint ConcGCThreads                            = 3                                         {product} {ergonomic}
     uint G1ConcRefinementThreads                  = 13                                        {product} {ergonomic}
   size_t G1HeapRegionSize                         = 2097152                                   {product} {ergonomic}
    uintx GCDrainStackTargetSize                   = 64                                        {product} {ergonomic}
   size_t InitialHeapSize                          = 264241152                                 {product} {ergonomic}
   size_t MarkStackSize                            = 4194304                                   {product} {ergonomic}
   size_t MaxHeapSize                              = 4200595456                                {product} {ergonomic}
   size_t MaxNewSize                               = 2518679552                                {product} {ergonomic}
   size_t MinHeapDeltaBytes                        = 2097152                                   {product} {ergonomic}
   size_t MinHeapSize                              = 8388608                                   {product} {ergonomic}
    uintx NonNMethodCodeHeapSize                   = 7602480                                {pd product} {ergonomic}
    uintx NonProfiledCodeHeapSize                  = 122027880                              {pd product} {ergonomic}
    uintx ProfiledCodeHeapSize                     = 122027880                              {pd product} {ergonomic}
    uintx ReservedCodeCacheSize                    = 251658240                              {pd product} {ergonomic}
     bool SegmentedCodeCache                       = true                                      {product} {ergonomic}
   size_t SoftMaxHeapSize                          = 4200595456                             {manageable} {ergonomic}
     bool UseCompressedClassPointers               = true                           {product lp64_product} {ergonomic}
     bool UseCompressedOops                        = true                           {product lp64_product} {ergonomic}
     bool UseG1GC                                  = true                                      {product} {ergonomic}
     bool UseLargePagesIndividualAllocation        = false                                  {pd product} {ergonomic}

Logging:
Log output configuration:
 #0: stdout all=warning uptime,level,tags
 #1: stderr all=off uptime,level,tags

Environment Variables:
PATH=C:\Program Files (x86)\Common Files\Intel\Shared Libraries\redist\intel64\compiler;C:\Program Files\Common Files\Oracle\Java\javapath;C:\Program Files\Microsoft\jdk-11.0.12.7-hotspot\bin;C:\windows\system32;C:\windows;C:\windows\System32\Wbem;C:\windows\System32\WindowsPowerShell\v1.0\;C:\windows\System32\OpenSSH\;C:\Program Files (x86)\NVIDIA Corporation\PhysX\Common;C:\Program Files\NVIDIA Corporation\NVIDIA NvDLISR;C:\Program Files\Microsoft SQL Server\150\Tools\Binn\;C:\Program Files\Microsoft SQL Server\Client SDK\ODBC\170\Tools\Binn\;C:\Program Files\dotnet\;C:\WINDOWS\system32;C:\WINDOWS;C:\WINDOWS\System32\Wbem;C:\WINDOWS\System32\WindowsPowerShell\v1.0\;C:\WINDOWS\System32\OpenSSH\;C:\Program Files\CMake\bin;C:\Program Files\Git\cmd;C:\Users\luczu\AppData\Local\Microsoft\WindowsApps;C:\Users\luczu\.dotnet\tools;C:\Users\luczu\AppData\Local\GitHubDesktop\bin;;C:\Users\luczu\AppData\Local\Programs\Microsoft VS Code\bin
USERNAME=luczu
OS=Windows_NT
PROCESSOR_IDENTIFIER=Intel64 Family 6 Model 141 Stepping 1, GenuineIntel
TMP=C:\Users\luczu\AppData\Local\Temp
TEMP=C:\Users\luczu\AppData\Local\Temp



Periodic native trim disabled


---------------  S Y S T E M  ---------------

OS:
 Windows 11 , 64 bit Build 22621 (10.0.22621.2506)
OS uptime: 0 days 3:03 hours
Hyper-V role detected

CPU: total 16 (initial active 16) (8 cores per cpu, 2 threads per core) family 6 model 141 stepping 1 microcode 0x4e, cx8, cmov, fxsr, ht, mmx, 3dnowpref, sse, sse2, sse3, ssse3, sse4.1, sse4.2, popcnt, lzcnt, tsc, tscinvbit, avx, avx2, aes, erms, clmul, bmi1, bmi2, adx, avx512f, avx512dq, avx512cd, avx512bw, avx512vl, sha, fma, vzeroupper, avx512_vpopcntdq, avx512_vpclmulqdq, avx512_vaes, avx512_vnni, clflush, clflushopt, clwb, avx512_vbmi2, avx512_vbmi, hv
Processor Information for all 16 processors :
  Max Mhz: 2304, Current Mhz: 2304, Mhz Limit: 2304

Memory: 4k page, system-wide physical 16021M (2894M free)
TotalPageFile size 34453M (AvailPageFile size 9624M)
current process WorkingSet (physical memory assigned to process): 146M, peak: 197M
current process commit charge ("private bytes"): 605M, peak: 692M

vm_info: OpenJDK 64-Bit Server VM (17.0.10+7-LTS) for windows-amd64 JRE (17.0.10+7-LTS), built on Jan 10 2024 22:11:07 by "Administrator" with MS VC++ 16.10 / 16.11 (VS2019)

END.
