#
# A fatal error has been detected by the Java Runtime Environment:
#
#  EXCEPTION_ACCESS_VIOLATION (0xc0000005) at pc=0x00007ffefea7f42b, pid=13576, tid=27412
#
# JRE version: OpenJDK Runtime Environment Corretto-17.0.10.7.1 (17.0.10+7) (build 17.0.10+7-LTS)
# Java VM: OpenJDK 64-Bit Server VM Corretto-17.0.10.7.1 (17.0.10+7-LTS, mixed mode, sharing, tiered, compressed oops, compressed class ptrs, g1 gc, windows-amd64)
# Problematic frame:
# C  [jniRaylib.dll+0xdf42b]
#
# No core dump will be written. Minidumps are not enabled by default on client versions of Windows
#
# If you would like to submit a bug report, please visit:
#   https://github.com/corretto/corretto-17/issues/
# The crash happened outside the Java Virtual Machine in native code.
# See problematic frame for where to report the bug.
#

---------------  S U M M A R Y ------------

Command Line: -Dfile.encoding=windows-1252 -Duser.country=NL -Duser.language=nl -Duser.variant PineVille.GameScene

Host: 11th Gen Intel(R) Core(TM) i7-11800H @ 2.30GHz, 16 cores, 15G,  Windows 11 , 64 bit Build 22621 (10.0.22621.3235)
Time: Mon Apr 15 13:44:56 2024 West-Europa (zomertijd) elapsed time: 26.458095 seconds (0d 0h 0m 26s)

---------------  T H R E A D  ---------------

Current thread (0x000001b3360ca070):  JavaThread "main" [_thread_in_native, id=27412, stack(0x0000001e21e00000,0x0000001e21f00000)]

Stack: [0x0000001e21e00000,0x0000001e21f00000],  sp=0x0000001e21efef00,  free space=1019k
Native frames: (J=compiled Java code, j=interpreted, Vv=VM code, C=native code)
C  [jniRaylib.dll+0xdf42b]

Java frames: (J=compiled Java code, j=interpreted, Vv=VM code)
J 903  com.raylib.Raylib.DrawTexturePro(Lcom/raylib/Raylib$Texture;Lcom/raylib/Raylib$Rectangle;Lcom/raylib/Raylib$Rectangle;Lcom/raylib/Raylib$Vector2;FLcom/raylib/Raylib$Color;)V (0 bytes) @ 0x000001b34702c862 [0x000001b34702c7a0+0x00000000000000c2]
j  PineVille.GameScene.main([Ljava/lang/String;)V+530
v  ~StubRoutines::call_stub

siginfo: EXCEPTION_ACCESS_VIOLATION (0xc0000005), writing address 0x000001b3a3716c60


Registers:
RAX=0x000001b3a3716c60, RBX=0x0000001e21eff0a0, RCX=0x0000000000000000, RDX=0x000001b3a36882e0
RSP=0x0000001e21efef00, RBP=0x0000001e21eff160, RSI=0x0000000000000005, RDI=0x0000001e21eff090
R8 =0x0000000000000000, R9 =0x0000000000000000, R10=0x00007ffe7eb8de20, R11=0x000000000000000c
R12=0x000001b3a36b5d00, R13=0x0000000000000000, R14=0x000001b3a36b4290, R15=0x000001b35ba213d0
RIP=0x00007ffefea7f42b, EFLAGS=0x0000000000010246


Register to memory mapping:

RIP=0x00007ffefea7f42b jniRaylib.dll
RAX=0x000001b3a3716c60 is an unknown value
RBX=0x0000001e21eff0a0 is pointing into the stack for thread: 0x000001b3360ca070
RCX=0x0 is NULL
RDX=0x000001b3a36882e0 points into unknown readable memory: 0x0000000000002000 | 00 20 00 00 00 00 00 00
RSP=0x0000001e21efef00 is pointing into the stack for thread: 0x000001b3360ca070
RBP=0x0000001e21eff160 is pointing into the stack for thread: 0x000001b3360ca070
RSI=0x0000000000000005 is an unknown value
RDI=0x0000001e21eff090 is pointing into the stack for thread: 0x000001b3360ca070
R8 =0x0 is NULL
R9 =0x0 is NULL
R10=0x00007ffe7eb8de20 jvm.dll
R11=0x000000000000000c is an unknown value
R12=0x000001b3a36b5d00 points into unknown readable memory: 0x0000004000000005 | 05 00 00 00 40 00 00 00
R13=0x0 is NULL
R14=0x000001b3a36b4290 points into unknown readable memory: 0x656e6e49ffffffff | ff ff ff ff 49 6e 6e 65
R15=0x000001b35ba213d0 points into unknown readable memory: 0x0000000000000000 | 00 00 00 00 00 00 00 00


Top of Stack: (sp=0x0000001e21efef00)
0x0000001e21efef00:   00008e103d52300f 00007fff0000000e
0x0000001e21efef10:   0000001e21eff2d0 0000000000000000
0x0000001e21efef20:   0000000043d40000 0000000000000000
0x0000001e21efef30:   0000000000000000 0000000000000000
0x0000001e21efef40:   0000000000000000 0000000000000000
0x0000001e21efef50:   0000001e21eff0a0 00007ffefea48749
0x0000001e21efef60:   000001b35bb05090 0000001e21efefb0
0x0000001e21efef70:   000001b3360ca070 000001b3360ca070
0x0000001e21efef80:   4200000044c18000 4348000043d40000
0x0000001e21efef90:   000001b3360ca070 0000000000000000
0x0000001e21efefa0:   0000000000000000 0000000000000000
0x0000001e21efefb0:   0000000000000000 0000000000000000
0x0000001e21efefc0:   0000000000000000 0000000000000000
0x0000001e21efefd0:   0000000000000000 0000000000000000
0x0000001e21efefe0:   0000000000000000 0000000000000000
0x0000001e21efeff0:   0000000000000000 0000000000000000
0x0000001e21eff000:   0000000000000000 0000000000000000
0x0000001e21eff010:   0000000000000000 0000000000000000
0x0000001e21eff020:   0000000000000000 0000000000000000
0x0000001e21eff030:   0000000000000000 0000000000000000
0x0000001e21eff040:   000001b3a26e8070 000001b3a26e7f10
0x0000001e21eff050:   000001b3360ca328 00007ffefe9e2213
0x0000001e21eff060:   000001b344898000 0000001e21eff160
0x0000001e21eff070:   000024a9310a692b 00007ffefe9b3c20
0x0000001e21eff080:   0000001e00000000 00000000ffffffff
0x0000001e21eff090:   4348000044898000 4360000043e00000
0x0000001e21eff0a0:   0000000000000000 4200000042800000
0x0000001e21eff0b0:   0000004000000005 0000000100000020
0x0000001e21eff0c0:   0000000000000007 0000000000000000
0x0000001e21eff0d0:   000001b3360ca070 0000000000000000
0x0000001e21eff0e0:   0000000714c35698 00000007154691a0
0x0000001e21eff0f0:   000001b39d426548 000001b34702c902 

Instructions: (pc=0x00007ffefea7f42b)
0x00007ffefea7f32b:   fa 01 75 0b 84 54 c1 f4 75 54 8d 4a 02 eb 43 83
0x00007ffefea7f33b:   fa 04 75 20 8b 4c c1 f4 b8 56 55 55 55 f7 e9 8b
0x00007ffefea7f34b:   c2 c1 e8 1f 03 d0 8d 04 52 3b c8 75 31 b9 04 00
0x00007ffefea7f35b:   00 00 eb 1e 83 fa 07 75 25 8b 44 c1 f4 25 03 00
0x00007ffefea7f36b:   00 80 7d 07 ff c8 83 c8 fc ff c0 85 c0 75 0f 8d
0x00007ffefea7f37b:   48 05 e8 7e a4 ff ff 4c 8b 05 27 2e 11 00 4d 63
0x00007ffefea7f38b:   48 04 4d 8b 40 08 8b 05 41 2e 11 00 49 c1 e1 06
0x00007ffefea7f39b:   8d 0c 40 4b 8b 44 01 08 48 63 d1 f3 0f 11 34 90
0x00007ffefea7f3ab:   48 8b 05 fe 2d 11 00 4c 63 48 04 4c 8b 40 08 8b
0x00007ffefea7f3bb:   05 18 2e 11 00 49 c1 e1 06 8d 0c 40 4b 8b 44 01
0x00007ffefea7f3cb:   08 48 63 d1 f3 0f 11 7c 90 04 48 8b 05 d4 2d 11
0x00007ffefea7f3db:   00 4c 63 48 04 4c 8b 40 08 8b 05 ee 2d 11 00 49
0x00007ffefea7f3eb:   c1 e1 06 8d 0c 40 4b 8b 44 01 08 48 63 d1 f3 44
0x00007ffefea7f3fb:   0f 11 44 90 08 48 8b 05 a9 2d 11 00 f3 0f 10 05
0x00007ffefea7f40b:   cd 2d 11 00 4c 63 40 04 48 8b 50 08 8b 05 bb 2d
0x00007ffefea7f41b:   11 00 03 c0 49 c1 e0 06 48 63 c8 49 8b 44 10 10
0x00007ffefea7f42b:   f3 0f 11 04 88 48 8b 05 79 2d 11 00 f3 0f 10 05
0x00007ffefea7f43b:   a1 2d 11 00 4c 63 40 04 48 8b 50 08 8b 05 8b 2d
0x00007ffefea7f44b:   11 00 03 c0 49 c1 e0 06 48 63 c8 49 8b 44 10 10
0x00007ffefea7f45b:   f3 0f 11 44 88 04 48 8b 05 48 2d 11 00 4c 63 40
0x00007ffefea7f46b:   04 48 8b 48 08 8b 05 62 2d 11 00 49 c1 e0 06 8d
0x00007ffefea7f47b:   04 85 00 00 00 00 49 8b 4c 08 18 48 63 d0 0f b6
0x00007ffefea7f48b:   05 60 2d 11 00 88 04 0a 48 8b 05 16 2d 11 00 4c
0x00007ffefea7f49b:   63 40 04 48 8b 48 08 8b 05 30 2d 11 00 49 c1 e0
0x00007ffefea7f4ab:   06 8d 04 85 00 00 00 00 49 8b 4c 08 18 48 63 d0
0x00007ffefea7f4bb:   0f b6 05 2f 2d 11 00 88 44 11 01 48 8b 05 e3 2c
0x00007ffefea7f4cb:   11 00 4c 63 40 04 48 8b 48 08 8b 05 fd 2c 11 00
0x00007ffefea7f4db:   49 c1 e0 06 8d 04 85 00 00 00 00 49 8b 4c 08 18
0x00007ffefea7f4eb:   48 63 d0 0f b6 05 fd 2c 11 00 88 44 11 02 48 8b
0x00007ffefea7f4fb:   05 b0 2c 11 00 4c 63 40 04 48 8b 48 08 8b 05 ca
0x00007ffefea7f50b:   2c 11 00 49 c1 e0 06 49 8b 4c 08 18 8d 04 85 00
0x00007ffefea7f51b:   00 00 00 0f 28 74 24 40 0f 28 7c 24 30 44 0f 28 


Stack slot to memory mapping:
stack at sp + 0 slots: 0x00008e103d52300f is an unknown value
stack at sp + 1 slots: 0x00007fff0000000e is an unknown value
stack at sp + 2 slots: 0x0000001e21eff2d0 is pointing into the stack for thread: 0x000001b3360ca070
stack at sp + 3 slots: 0x0 is NULL
stack at sp + 4 slots: 0x0000000043d40000 is an unknown value
stack at sp + 5 slots: 0x0 is NULL
stack at sp + 6 slots: 0x0 is NULL
stack at sp + 7 slots: 0x0 is NULL


Compiled method (n/a)   26561  903     n 0       com.raylib.Raylib::DrawTexturePro (native)
 total in heap  [0x000001b34702c610,0x000001b34702ca40] = 1072
 relocation     [0x000001b34702c768,0x000001b34702c798] = 48
 main code      [0x000001b34702c7a0,0x000001b34702ca38] = 664
 oops           [0x000001b34702ca38,0x000001b34702ca40] = 8

[Constant Pool (empty)]

[MachCode]
[Entry Point]
  # {method} {0x000001b39d426550} 'DrawTexturePro' '(Lcom/raylib/Raylib$Texture;Lcom/raylib/Raylib$Rectangle;Lcom/raylib/Raylib$Rectangle;Lcom/raylib/Raylib$Vector2;FLcom/raylib/Raylib$Color;)V' in 'com/raylib/Raylib'
  # parm0:    rdx:rdx   = 'com/raylib/Raylib$Texture'
  # parm1:    r8:r8     = 'com/raylib/Raylib$Rectangle'
  # parm2:    r9:r9     = 'com/raylib/Raylib$Rectangle'
  # parm3:    rdi:rdi   = 'com/raylib/Raylib$Vector2'
  # parm4:    xmm0      = float
  # parm5:    rsi:rsi   = 'com/raylib/Raylib$Color'
  #           [sp+0x90]  (sp of caller)
  0x000001b34702c7a0: 448b 5208 | 49bb 0000 | 005c b301 | 0000 4d03 | d349 3bc2 | 0f84 0600 

  0x000001b34702c7b8: ;   {runtime_call ic_miss_stub}
  0x000001b34702c7b8: 0000 e9c1 | 4d87 ff90 
[Verified Entry Point]
  0x000001b34702c7c0: 8984 2400 | 90ff ff55 | 488b ec48 | 81ec 8000 | 0000 4889 | 7424 6048 | 83fe 0048 | 8d44 2460 
  0x000001b34702c7e0: 480f 4444 | 2460 4889 | 4424 38c5 | fa11 4424 | 3048 897c | 2458 4883 | ff00 488d | 4424 5848 
  0x000001b34702c800: 0f44 4424 | 5848 8944 | 2428 4c89 | 4c24 5049 | 83f9 0048 | 8d44 2450 | 480f 4444 | 2450 4889 
  0x000001b34702c820: 4424 204c | 8944 2448 | 4983 f800 | 4c8d 4c24 | 484c 0f44 | 4c24 4848 | 8954 2440 | 4883 fa00 
  0x000001b34702c840: 4c8d 4424 | 404c 0f44 

  0x000001b34702c848: ;   {oop(a 'java/lang/Class'{0x0000000713e00090} = 'com/raylib/Raylib')}
  0x000001b34702c848: 4424 4049 | be90 00e0 | 1307 0000 | 004c 8974 | 2470 4c8d | 7424 7049 | 8bd6 c5f8 

  0x000001b34702c864: ;   {internal_word}
  0x000001b34702c864: 7749 ba62 | c802 47b3 | 0100 004d | 8997 a002 | 0000 4989 | a798 0200 

  0x000001b34702c87c: ;   {external_word}
  0x000001b34702c87c: 0049 ba79 | 35b7 7efe | 7f00 0041 | 803a 000f | 8452 0000 | 0052 4150 

  0x000001b34702c894: ;   {metadata({method} {0x000001b39d426550} 'DrawTexturePro' '(Lcom/raylib/Raylib$Texture;Lcom/raylib/Raylib$Rectangle;Lcom/raylib/Raylib$Rectangle;Lcom/raylib/Raylib$Vector2;FLcom/raylib/Raylib$Color;)V' in 'com/raylib/Raylib')}
  0x000001b34702c894: 4151 48ba | 4865 429d | b301 0000 | 498b cf48 | 83ec 20f7 | c40f 0000 | 000f 841a | 0000 0048 
  0x000001b34702c8b4: ;   {runtime_call}
  0x000001b34702c8b4: 83ec 0849 | ba00 306d | 7efe 7f00 | 0041 ffd2 | 4883 c408 | e90d 0000 

  0x000001b34702c8cc: ;   {runtime_call}
  0x000001b34702c8cc: 0049 ba00 | 306d 7efe | 7f00 0041 | ffd2 4883 | c420 4159 | 4158 5a49 | 8d8f b802 | 0000 41c7 
  0x000001b34702c8ec: 8748 0300 | 0004 0000 

  0x000001b34702c8f4: ;   {runtime_call}
  0x000001b34702c8f4: 0049 ba10 | 209e fefe | 7f00 0041 | ffd2 c5f8 | 7741 c787 | 4803 0000 | 0500 0000 | f083 4424 
  0x000001b34702c914: c000 493b | af50 0300 | 000f 8711 | 0000 0041 | 81bf 3803 | 0000 0000 | 0000 0f84 | 2400 0000 
  0x000001b34702c934: c5f8 7749 | 8bcf 4c8b | e448 83ec | 2048 83e4 

  0x000001b34702c944: ;   {runtime_call}
  0x000001b34702c944: f049 ba90 | 447d 7efe | 7f00 0041 | ffd2 498b | e44d 33e4 | 41c7 8748 | 0300 0008 | 0000 0041 
  0x000001b34702c964: 81bf b803 | 0000 0200 | 0000 0f84 | 9b00 0000 

  0x000001b34702c974: ;   {external_word}
  0x000001b34702c974: 49ba 7935 | b77e fe7f | 0000 4180 | 3a00 0f84 | 4800 0000 

  0x000001b34702c988: ;   {metadata({method} {0x000001b39d426550} 'DrawTexturePro' '(Lcom/raylib/Raylib$Texture;Lcom/raylib/Raylib$Rectangle;Lcom/raylib/Raylib$Rectangle;Lcom/raylib/Raylib$Vector2;FLcom/raylib/Raylib$Color;)V' in 'com/raylib/Raylib')}
  0x000001b34702c988: 48ba 4865 | 429d b301 | 0000 498b | cf48 83ec | 20f7 c40f | 0000 000f | 841a 0000 | 0048 83ec 
  0x000001b34702c9a8: ;   {runtime_call}
  0x000001b34702c9a8: 0849 ba00 | 306d 7efe | 7f00 0041 | ffd2 4883 | c408 e90d 

  0x000001b34702c9bc: ;   {runtime_call}
  0x000001b34702c9bc: 0000 0049 | ba00 306d | 7efe 7f00 | 0041 ffd2 | 4883 c420 | 49c7 8798 | 0200 0000 | 0000 0049 
  0x000001b34702c9dc: c787 a002 | 0000 0000 | 0000 c5f8 | 7749 8b8f | d800 0000 | c781 0001 | 0000 0000 | 0000 c949 
  0x000001b34702c9fc: 817f 0800 | 0000 000f | 8501 0000 

  0x000001b34702ca08: ;   {runtime_call StubRoutines (1)}
  0x000001b34702ca08: 00c3 e9f1 | 4482 ffc5 | f877 4c8b | e448 83ec | 2048 83e4 

  0x000001b34702ca1c: ;   {runtime_call}
  0x000001b34702ca1c: f049 ba80 | 606d 7efe | 7f00 0041 | ffd2 498b | e44d 33e4 | e93f ffff | fff4 f4f4 
[/MachCode]


---------------  P R O C E S S  ---------------

Threads class SMR info:
_java_thread_list=0x000001b3ae2d4560, length=13, elements={
0x000001b3360ca070, 0x000001b35b040270, 0x000001b35b041440, 0x000001b35b057280,
0x000001b35b057e40, 0x000001b35b05ad10, 0x000001b35b05daf0, 0x000001b35b07e8a0,
0x000001b35b08a860, 0x000001b35b08b260, 0x000001b35bb220a0, 0x000001b35bb25860,
0x000001b3a25e7eb0
}

Java Threads: ( => current thread )
=>0x000001b3360ca070 JavaThread "main" [_thread_in_native, id=27412, stack(0x0000001e21e00000,0x0000001e21f00000)]
  0x000001b35b040270 JavaThread "Reference Handler" daemon [_thread_blocked, id=31052, stack(0x0000001e22500000,0x0000001e22600000)]
  0x000001b35b041440 JavaThread "Finalizer" daemon [_thread_blocked, id=28032, stack(0x0000001e22600000,0x0000001e22700000)]
  0x000001b35b057280 JavaThread "Signal Dispatcher" daemon [_thread_blocked, id=25612, stack(0x0000001e22700000,0x0000001e22800000)]
  0x000001b35b057e40 JavaThread "Attach Listener" daemon [_thread_blocked, id=31400, stack(0x0000001e22800000,0x0000001e22900000)]
  0x000001b35b05ad10 JavaThread "Service Thread" daemon [_thread_blocked, id=22952, stack(0x0000001e22900000,0x0000001e22a00000)]
  0x000001b35b05daf0 JavaThread "Monitor Deflation Thread" daemon [_thread_blocked, id=21532, stack(0x0000001e22a00000,0x0000001e22b00000)]
  0x000001b35b07e8a0 JavaThread "C2 CompilerThread0" daemon [_thread_blocked, id=30364, stack(0x0000001e22b00000,0x0000001e22c00000)]
  0x000001b35b08a860 JavaThread "C1 CompilerThread0" daemon [_thread_blocked, id=21004, stack(0x0000001e22c00000,0x0000001e22d00000)]
  0x000001b35b08b260 JavaThread "Sweeper thread" daemon [_thread_blocked, id=7548, stack(0x0000001e22d00000,0x0000001e22e00000)]
  0x000001b35bb220a0 JavaThread "Notification Thread" daemon [_thread_blocked, id=24344, stack(0x0000001e22f00000,0x0000001e23000000)]
  0x000001b35bb25860 JavaThread "Common-Cleaner" daemon [_thread_blocked, id=27324, stack(0x0000001e23100000,0x0000001e23200000)]
  0x000001b3a25e7eb0 JavaThread "JavaCPP Deallocator" daemon [_thread_blocked, id=10560, stack(0x0000001e23500000,0x0000001e23600000)]

Other Threads:
  0x000001b35b0397b0 VMThread "VM Thread" [stack: 0x0000001e22400000,0x0000001e22500000] [id=27776]
  0x000001b35bb22d90 WatcherThread [stack: 0x0000001e23000000,0x0000001e23100000] [id=12448]
  0x000001b336136da0 GCTaskThread "GC Thread#0" [stack: 0x0000001e21f00000,0x0000001e22000000] [id=29328]
  0x000001b3a2138040 GCTaskThread "GC Thread#1" [stack: 0x0000001e23600000,0x0000001e23700000] [id=32668]
  0x000001b3a20fdf50 GCTaskThread "GC Thread#2" [stack: 0x0000001e23700000,0x0000001e23800000] [id=3452]
  0x000001b3a20fe210 GCTaskThread "GC Thread#3" [stack: 0x0000001e23800000,0x0000001e23900000] [id=3140]
  0x000001b3a14a2c10 GCTaskThread "GC Thread#4" [stack: 0x0000001e23900000,0x0000001e23a00000] [id=21720]
  0x000001b3a145f020 GCTaskThread "GC Thread#5" [stack: 0x0000001e23a00000,0x0000001e23b00000] [id=13388]
  0x000001b336147740 ConcurrentGCThread "G1 Main Marker" [stack: 0x0000001e22000000,0x0000001e22100000] [id=6600]
  0x000001b336148160 ConcurrentGCThread "G1 Conc#0" [stack: 0x0000001e22100000,0x0000001e22200000] [id=15704]
  0x000001b33617d4e0 ConcurrentGCThread "G1 Refine#0" [stack: 0x0000001e22200000,0x0000001e22300000] [id=19800]
  0x000001b35af783f0 ConcurrentGCThread "G1 Service" [stack: 0x0000001e22300000,0x0000001e22400000] [id=18008]

Threads with active compile tasks:

VM state: not at safepoint (normal execution)

VM Mutex/Monitor currently owned by a thread: None

Heap address: 0x0000000705a00000, size: 4006 MB, Compressed Oops mode: Zero based, Oop shift amount: 3

CDS archive(s) mapped at: [0x000001b35c000000-0x000001b35cbb0000-0x000001b35cbb0000), size 12255232, SharedBaseAddress: 0x000001b35c000000, ArchiveRelocationMode: 1.
Compressed class space mapped at: 0x000001b35d000000-0x000001b39d000000, reserved size: 1073741824
Narrow klass base: 0x000001b35c000000, Narrow klass shift: 0, Narrow klass range: 0x100000000

GC Precious Log:
 CPUs: 16 total, 16 available
 Memory: 16021M
 Large Page Support: Disabled
 NUMA Support: Disabled
 Compressed Oops: Enabled (Zero based)
 Heap Region Size: 2M
 Heap Min Capacity: 8M
 Heap Initial Capacity: 252M
 Heap Max Capacity: 4006M
 Pre-touch: Disabled
 Parallel Workers: 13
 Concurrent Workers: 3
 Concurrent Refinement Workers: 13
 Periodic GC: Disabled

Heap:
 garbage-first heap   total 258048K, used 9786K [0x0000000705a00000, 0x0000000800000000)
  region size 2048K, 6 young (12288K), 1 survivors (2048K)
 Metaspace       used 2263K, committed 2368K, reserved 1114112K
  class space    used 192K, committed 256K, reserved 1048576K

Heap Regions: E=young(eden), S=young(survivor), O=old, HS=humongous(starts), HC=humongous(continues), CS=collection set, F=free, OA=open archive, CA=closed archive, TAMS=top-at-mark-start (previous, next)
|   0|0x0000000705a00000, 0x0000000705a00000, 0x0000000705c00000|  0%| F|  |TAMS 0x0000000705a00000, 0x0000000705a00000| Untracked 
|   1|0x0000000705c00000, 0x0000000705c00000, 0x0000000705e00000|  0%| F|  |TAMS 0x0000000705c00000, 0x0000000705c00000| Untracked 
|   2|0x0000000705e00000, 0x0000000705e00000, 0x0000000706000000|  0%| F|  |TAMS 0x0000000705e00000, 0x0000000705e00000| Untracked 
|   3|0x0000000706000000, 0x0000000706000000, 0x0000000706200000|  0%| F|  |TAMS 0x0000000706000000, 0x0000000706000000| Untracked 
|   4|0x0000000706200000, 0x0000000706200000, 0x0000000706400000|  0%| F|  |TAMS 0x0000000706200000, 0x0000000706200000| Untracked 
|   5|0x0000000706400000, 0x0000000706400000, 0x0000000706600000|  0%| F|  |TAMS 0x0000000706400000, 0x0000000706400000| Untracked 
|   6|0x0000000706600000, 0x0000000706600000, 0x0000000706800000|  0%| F|  |TAMS 0x0000000706600000, 0x0000000706600000| Untracked 
|   7|0x0000000706800000, 0x0000000706800000, 0x0000000706a00000|  0%| F|  |TAMS 0x0000000706800000, 0x0000000706800000| Untracked 
|   8|0x0000000706a00000, 0x0000000706a00000, 0x0000000706c00000|  0%| F|  |TAMS 0x0000000706a00000, 0x0000000706a00000| Untracked 
|   9|0x0000000706c00000, 0x0000000706c00000, 0x0000000706e00000|  0%| F|  |TAMS 0x0000000706c00000, 0x0000000706c00000| Untracked 
|  10|0x0000000706e00000, 0x0000000706e00000, 0x0000000707000000|  0%| F|  |TAMS 0x0000000706e00000, 0x0000000706e00000| Untracked 
|  11|0x0000000707000000, 0x0000000707000000, 0x0000000707200000|  0%| F|  |TAMS 0x0000000707000000, 0x0000000707000000| Untracked 
|  12|0x0000000707200000, 0x0000000707200000, 0x0000000707400000|  0%| F|  |TAMS 0x0000000707200000, 0x0000000707200000| Untracked 
|  13|0x0000000707400000, 0x0000000707400000, 0x0000000707600000|  0%| F|  |TAMS 0x0000000707400000, 0x0000000707400000| Untracked 
|  14|0x0000000707600000, 0x0000000707600000, 0x0000000707800000|  0%| F|  |TAMS 0x0000000707600000, 0x0000000707600000| Untracked 
|  15|0x0000000707800000, 0x0000000707800000, 0x0000000707a00000|  0%| F|  |TAMS 0x0000000707800000, 0x0000000707800000| Untracked 
|  16|0x0000000707a00000, 0x0000000707a00000, 0x0000000707c00000|  0%| F|  |TAMS 0x0000000707a00000, 0x0000000707a00000| Untracked 
|  17|0x0000000707c00000, 0x0000000707c00000, 0x0000000707e00000|  0%| F|  |TAMS 0x0000000707c00000, 0x0000000707c00000| Untracked 
|  18|0x0000000707e00000, 0x0000000707e00000, 0x0000000708000000|  0%| F|  |TAMS 0x0000000707e00000, 0x0000000707e00000| Untracked 
|  19|0x0000000708000000, 0x0000000708000000, 0x0000000708200000|  0%| F|  |TAMS 0x0000000708000000, 0x0000000708000000| Untracked 
|  20|0x0000000708200000, 0x0000000708200000, 0x0000000708400000|  0%| F|  |TAMS 0x0000000708200000, 0x0000000708200000| Untracked 
|  21|0x0000000708400000, 0x0000000708400000, 0x0000000708600000|  0%| F|  |TAMS 0x0000000708400000, 0x0000000708400000| Untracked 
|  22|0x0000000708600000, 0x0000000708600000, 0x0000000708800000|  0%| F|  |TAMS 0x0000000708600000, 0x0000000708600000| Untracked 
|  23|0x0000000708800000, 0x0000000708800000, 0x0000000708a00000|  0%| F|  |TAMS 0x0000000708800000, 0x0000000708800000| Untracked 
|  24|0x0000000708a00000, 0x0000000708a00000, 0x0000000708c00000|  0%| F|  |TAMS 0x0000000708a00000, 0x0000000708a00000| Untracked 
|  25|0x0000000708c00000, 0x0000000708c00000, 0x0000000708e00000|  0%| F|  |TAMS 0x0000000708c00000, 0x0000000708c00000| Untracked 
|  26|0x0000000708e00000, 0x0000000708e00000, 0x0000000709000000|  0%| F|  |TAMS 0x0000000708e00000, 0x0000000708e00000| Untracked 
|  27|0x0000000709000000, 0x0000000709000000, 0x0000000709200000|  0%| F|  |TAMS 0x0000000709000000, 0x0000000709000000| Untracked 
|  28|0x0000000709200000, 0x0000000709200000, 0x0000000709400000|  0%| F|  |TAMS 0x0000000709200000, 0x0000000709200000| Untracked 
|  29|0x0000000709400000, 0x0000000709400000, 0x0000000709600000|  0%| F|  |TAMS 0x0000000709400000, 0x0000000709400000| Untracked 
|  30|0x0000000709600000, 0x0000000709600000, 0x0000000709800000|  0%| F|  |TAMS 0x0000000709600000, 0x0000000709600000| Untracked 
|  31|0x0000000709800000, 0x0000000709800000, 0x0000000709a00000|  0%| F|  |TAMS 0x0000000709800000, 0x0000000709800000| Untracked 
|  32|0x0000000709a00000, 0x0000000709a00000, 0x0000000709c00000|  0%| F|  |TAMS 0x0000000709a00000, 0x0000000709a00000| Untracked 
|  33|0x0000000709c00000, 0x0000000709c00000, 0x0000000709e00000|  0%| F|  |TAMS 0x0000000709c00000, 0x0000000709c00000| Untracked 
|  34|0x0000000709e00000, 0x0000000709e00000, 0x000000070a000000|  0%| F|  |TAMS 0x0000000709e00000, 0x0000000709e00000| Untracked 
|  35|0x000000070a000000, 0x000000070a000000, 0x000000070a200000|  0%| F|  |TAMS 0x000000070a000000, 0x000000070a000000| Untracked 
|  36|0x000000070a200000, 0x000000070a200000, 0x000000070a400000|  0%| F|  |TAMS 0x000000070a200000, 0x000000070a200000| Untracked 
|  37|0x000000070a400000, 0x000000070a400000, 0x000000070a600000|  0%| F|  |TAMS 0x000000070a400000, 0x000000070a400000| Untracked 
|  38|0x000000070a600000, 0x000000070a600000, 0x000000070a800000|  0%| F|  |TAMS 0x000000070a600000, 0x000000070a600000| Untracked 
|  39|0x000000070a800000, 0x000000070a800000, 0x000000070aa00000|  0%| F|  |TAMS 0x000000070a800000, 0x000000070a800000| Untracked 
|  40|0x000000070aa00000, 0x000000070aa00000, 0x000000070ac00000|  0%| F|  |TAMS 0x000000070aa00000, 0x000000070aa00000| Untracked 
|  41|0x000000070ac00000, 0x000000070ac00000, 0x000000070ae00000|  0%| F|  |TAMS 0x000000070ac00000, 0x000000070ac00000| Untracked 
|  42|0x000000070ae00000, 0x000000070ae00000, 0x000000070b000000|  0%| F|  |TAMS 0x000000070ae00000, 0x000000070ae00000| Untracked 
|  43|0x000000070b000000, 0x000000070b000000, 0x000000070b200000|  0%| F|  |TAMS 0x000000070b000000, 0x000000070b000000| Untracked 
|  44|0x000000070b200000, 0x000000070b200000, 0x000000070b400000|  0%| F|  |TAMS 0x000000070b200000, 0x000000070b200000| Untracked 
|  45|0x000000070b400000, 0x000000070b400000, 0x000000070b600000|  0%| F|  |TAMS 0x000000070b400000, 0x000000070b400000| Untracked 
|  46|0x000000070b600000, 0x000000070b600000, 0x000000070b800000|  0%| F|  |TAMS 0x000000070b600000, 0x000000070b600000| Untracked 
|  47|0x000000070b800000, 0x000000070b800000, 0x000000070ba00000|  0%| F|  |TAMS 0x000000070b800000, 0x000000070b800000| Untracked 
|  48|0x000000070ba00000, 0x000000070ba00000, 0x000000070bc00000|  0%| F|  |TAMS 0x000000070ba00000, 0x000000070ba00000| Untracked 
|  49|0x000000070bc00000, 0x000000070bc00000, 0x000000070be00000|  0%| F|  |TAMS 0x000000070bc00000, 0x000000070bc00000| Untracked 
|  50|0x000000070be00000, 0x000000070be00000, 0x000000070c000000|  0%| F|  |TAMS 0x000000070be00000, 0x000000070be00000| Untracked 
|  51|0x000000070c000000, 0x000000070c000000, 0x000000070c200000|  0%| F|  |TAMS 0x000000070c000000, 0x000000070c000000| Untracked 
|  52|0x000000070c200000, 0x000000070c200000, 0x000000070c400000|  0%| F|  |TAMS 0x000000070c200000, 0x000000070c200000| Untracked 
|  53|0x000000070c400000, 0x000000070c400000, 0x000000070c600000|  0%| F|  |TAMS 0x000000070c400000, 0x000000070c400000| Untracked 
|  54|0x000000070c600000, 0x000000070c600000, 0x000000070c800000|  0%| F|  |TAMS 0x000000070c600000, 0x000000070c600000| Untracked 
|  55|0x000000070c800000, 0x000000070c800000, 0x000000070ca00000|  0%| F|  |TAMS 0x000000070c800000, 0x000000070c800000| Untracked 
|  56|0x000000070ca00000, 0x000000070ca00000, 0x000000070cc00000|  0%| F|  |TAMS 0x000000070ca00000, 0x000000070ca00000| Untracked 
|  57|0x000000070cc00000, 0x000000070cc00000, 0x000000070ce00000|  0%| F|  |TAMS 0x000000070cc00000, 0x000000070cc00000| Untracked 
|  58|0x000000070ce00000, 0x000000070ce00000, 0x000000070d000000|  0%| F|  |TAMS 0x000000070ce00000, 0x000000070ce00000| Untracked 
|  59|0x000000070d000000, 0x000000070d000000, 0x000000070d200000|  0%| F|  |TAMS 0x000000070d000000, 0x000000070d000000| Untracked 
|  60|0x000000070d200000, 0x000000070d200000, 0x000000070d400000|  0%| F|  |TAMS 0x000000070d200000, 0x000000070d200000| Untracked 
|  61|0x000000070d400000, 0x000000070d400000, 0x000000070d600000|  0%| F|  |TAMS 0x000000070d400000, 0x000000070d400000| Untracked 
|  62|0x000000070d600000, 0x000000070d600000, 0x000000070d800000|  0%| F|  |TAMS 0x000000070d600000, 0x000000070d600000| Untracked 
|  63|0x000000070d800000, 0x000000070d800000, 0x000000070da00000|  0%| F|  |TAMS 0x000000070d800000, 0x000000070d800000| Untracked 
|  64|0x000000070da00000, 0x000000070da00000, 0x000000070dc00000|  0%| F|  |TAMS 0x000000070da00000, 0x000000070da00000| Untracked 
|  65|0x000000070dc00000, 0x000000070dc00000, 0x000000070de00000|  0%| F|  |TAMS 0x000000070dc00000, 0x000000070dc00000| Untracked 
|  66|0x000000070de00000, 0x000000070de00000, 0x000000070e000000|  0%| F|  |TAMS 0x000000070de00000, 0x000000070de00000| Untracked 
|  67|0x000000070e000000, 0x000000070e000000, 0x000000070e200000|  0%| F|  |TAMS 0x000000070e000000, 0x000000070e000000| Untracked 
|  68|0x000000070e200000, 0x000000070e200000, 0x000000070e400000|  0%| F|  |TAMS 0x000000070e200000, 0x000000070e200000| Untracked 
|  69|0x000000070e400000, 0x000000070e400000, 0x000000070e600000|  0%| F|  |TAMS 0x000000070e400000, 0x000000070e400000| Untracked 
|  70|0x000000070e600000, 0x000000070e600000, 0x000000070e800000|  0%| F|  |TAMS 0x000000070e600000, 0x000000070e600000| Untracked 
|  71|0x000000070e800000, 0x000000070e800000, 0x000000070ea00000|  0%| F|  |TAMS 0x000000070e800000, 0x000000070e800000| Untracked 
|  72|0x000000070ea00000, 0x000000070ea00000, 0x000000070ec00000|  0%| F|  |TAMS 0x000000070ea00000, 0x000000070ea00000| Untracked 
|  73|0x000000070ec00000, 0x000000070ec00000, 0x000000070ee00000|  0%| F|  |TAMS 0x000000070ec00000, 0x000000070ec00000| Untracked 
|  74|0x000000070ee00000, 0x000000070ee00000, 0x000000070f000000|  0%| F|  |TAMS 0x000000070ee00000, 0x000000070ee00000| Untracked 
|  75|0x000000070f000000, 0x000000070f000000, 0x000000070f200000|  0%| F|  |TAMS 0x000000070f000000, 0x000000070f000000| Untracked 
|  76|0x000000070f200000, 0x000000070f200000, 0x000000070f400000|  0%| F|  |TAMS 0x000000070f200000, 0x000000070f200000| Untracked 
|  77|0x000000070f400000, 0x000000070f400000, 0x000000070f600000|  0%| F|  |TAMS 0x000000070f400000, 0x000000070f400000| Untracked 
|  78|0x000000070f600000, 0x000000070f600000, 0x000000070f800000|  0%| F|  |TAMS 0x000000070f600000, 0x000000070f600000| Untracked 
|  79|0x000000070f800000, 0x000000070f800000, 0x000000070fa00000|  0%| F|  |TAMS 0x000000070f800000, 0x000000070f800000| Untracked 
|  80|0x000000070fa00000, 0x000000070fa00000, 0x000000070fc00000|  0%| F|  |TAMS 0x000000070fa00000, 0x000000070fa00000| Untracked 
|  81|0x000000070fc00000, 0x000000070fc00000, 0x000000070fe00000|  0%| F|  |TAMS 0x000000070fc00000, 0x000000070fc00000| Untracked 
|  82|0x000000070fe00000, 0x000000070fe00000, 0x0000000710000000|  0%| F|  |TAMS 0x000000070fe00000, 0x000000070fe00000| Untracked 
|  83|0x0000000710000000, 0x0000000710000000, 0x0000000710200000|  0%| F|  |TAMS 0x0000000710000000, 0x0000000710000000| Untracked 
|  84|0x0000000710200000, 0x0000000710200000, 0x0000000710400000|  0%| F|  |TAMS 0x0000000710200000, 0x0000000710200000| Untracked 
|  85|0x0000000710400000, 0x0000000710400000, 0x0000000710600000|  0%| F|  |TAMS 0x0000000710400000, 0x0000000710400000| Untracked 
|  86|0x0000000710600000, 0x0000000710600000, 0x0000000710800000|  0%| F|  |TAMS 0x0000000710600000, 0x0000000710600000| Untracked 
|  87|0x0000000710800000, 0x0000000710800000, 0x0000000710a00000|  0%| F|  |TAMS 0x0000000710800000, 0x0000000710800000| Untracked 
|  88|0x0000000710a00000, 0x0000000710a00000, 0x0000000710c00000|  0%| F|  |TAMS 0x0000000710a00000, 0x0000000710a00000| Untracked 
|  89|0x0000000710c00000, 0x0000000710c00000, 0x0000000710e00000|  0%| F|  |TAMS 0x0000000710c00000, 0x0000000710c00000| Untracked 
|  90|0x0000000710e00000, 0x0000000710e00000, 0x0000000711000000|  0%| F|  |TAMS 0x0000000710e00000, 0x0000000710e00000| Untracked 
|  91|0x0000000711000000, 0x0000000711000000, 0x0000000711200000|  0%| F|  |TAMS 0x0000000711000000, 0x0000000711000000| Untracked 
|  92|0x0000000711200000, 0x0000000711200000, 0x0000000711400000|  0%| F|  |TAMS 0x0000000711200000, 0x0000000711200000| Untracked 
|  93|0x0000000711400000, 0x0000000711400000, 0x0000000711600000|  0%| F|  |TAMS 0x0000000711400000, 0x0000000711400000| Untracked 
|  94|0x0000000711600000, 0x0000000711600000, 0x0000000711800000|  0%| F|  |TAMS 0x0000000711600000, 0x0000000711600000| Untracked 
|  95|0x0000000711800000, 0x0000000711800000, 0x0000000711a00000|  0%| F|  |TAMS 0x0000000711800000, 0x0000000711800000| Untracked 
|  96|0x0000000711a00000, 0x0000000711a00000, 0x0000000711c00000|  0%| F|  |TAMS 0x0000000711a00000, 0x0000000711a00000| Untracked 
|  97|0x0000000711c00000, 0x0000000711c00000, 0x0000000711e00000|  0%| F|  |TAMS 0x0000000711c00000, 0x0000000711c00000| Untracked 
|  98|0x0000000711e00000, 0x0000000711e00000, 0x0000000712000000|  0%| F|  |TAMS 0x0000000711e00000, 0x0000000711e00000| Untracked 
|  99|0x0000000712000000, 0x0000000712000000, 0x0000000712200000|  0%| F|  |TAMS 0x0000000712000000, 0x0000000712000000| Untracked 
| 100|0x0000000712200000, 0x0000000712200000, 0x0000000712400000|  0%| F|  |TAMS 0x0000000712200000, 0x0000000712200000| Untracked 
| 101|0x0000000712400000, 0x0000000712400000, 0x0000000712600000|  0%| F|  |TAMS 0x0000000712400000, 0x0000000712400000| Untracked 
| 102|0x0000000712600000, 0x0000000712600000, 0x0000000712800000|  0%| F|  |TAMS 0x0000000712600000, 0x0000000712600000| Untracked 
| 103|0x0000000712800000, 0x0000000712800000, 0x0000000712a00000|  0%| F|  |TAMS 0x0000000712800000, 0x0000000712800000| Untracked 
| 104|0x0000000712a00000, 0x0000000712a00000, 0x0000000712c00000|  0%| F|  |TAMS 0x0000000712a00000, 0x0000000712a00000| Untracked 
| 105|0x0000000712c00000, 0x0000000712c00000, 0x0000000712e00000|  0%| F|  |TAMS 0x0000000712c00000, 0x0000000712c00000| Untracked 
| 106|0x0000000712e00000, 0x0000000712e00000, 0x0000000713000000|  0%| F|  |TAMS 0x0000000712e00000, 0x0000000712e00000| Untracked 
| 107|0x0000000713000000, 0x0000000713000000, 0x0000000713200000|  0%| F|  |TAMS 0x0000000713000000, 0x0000000713000000| Untracked 
| 108|0x0000000713200000, 0x0000000713200000, 0x0000000713400000|  0%| F|  |TAMS 0x0000000713200000, 0x0000000713200000| Untracked 
| 109|0x0000000713400000, 0x0000000713400000, 0x0000000713600000|  0%| F|  |TAMS 0x0000000713400000, 0x0000000713400000| Untracked 
| 110|0x0000000713600000, 0x0000000713600000, 0x0000000713800000|  0%| F|  |TAMS 0x0000000713600000, 0x0000000713600000| Untracked 
| 111|0x0000000713800000, 0x0000000713800000, 0x0000000713a00000|  0%| F|  |TAMS 0x0000000713800000, 0x0000000713800000| Untracked 
| 112|0x0000000713a00000, 0x0000000713a00000, 0x0000000713c00000|  0%| F|  |TAMS 0x0000000713a00000, 0x0000000713a00000| Untracked 
| 113|0x0000000713c00000, 0x0000000713c00000, 0x0000000713e00000|  0%| F|  |TAMS 0x0000000713c00000, 0x0000000713c00000| Untracked 
| 114|0x0000000713e00000, 0x0000000713f8ea30, 0x0000000714000000| 77%| S|CS|TAMS 0x0000000713e00000, 0x0000000713e00000| Complete 
| 115|0x0000000714000000, 0x0000000714000000, 0x0000000714200000|  0%| F|  |TAMS 0x0000000714000000, 0x0000000714000000| Untracked 
| 116|0x0000000714200000, 0x0000000714200000, 0x0000000714400000|  0%| F|  |TAMS 0x0000000714200000, 0x0000000714200000| Untracked 
| 117|0x0000000714400000, 0x0000000714400000, 0x0000000714600000|  0%| F|  |TAMS 0x0000000714400000, 0x0000000714400000| Untracked 
| 118|0x0000000714600000, 0x0000000714600000, 0x0000000714800000|  0%| F|  |TAMS 0x0000000714600000, 0x0000000714600000| Untracked 
| 119|0x0000000714800000, 0x0000000714800000, 0x0000000714a00000|  0%| F|  |TAMS 0x0000000714800000, 0x0000000714800000| Untracked 
| 120|0x0000000714a00000, 0x0000000714a00000, 0x0000000714c00000|  0%| F|  |TAMS 0x0000000714a00000, 0x0000000714a00000| Untracked 
| 121|0x0000000714c00000, 0x0000000714cc5e18, 0x0000000714e00000| 38%| E|  |TAMS 0x0000000714c00000, 0x0000000714c00000| Complete 
| 122|0x0000000714e00000, 0x0000000715000000, 0x0000000715000000|100%| E|CS|TAMS 0x0000000714e00000, 0x0000000714e00000| Complete 
| 123|0x0000000715000000, 0x0000000715200000, 0x0000000715200000|100%| E|CS|TAMS 0x0000000715000000, 0x0000000715000000| Complete 
| 124|0x0000000715200000, 0x0000000715400000, 0x0000000715400000|100%| E|CS|TAMS 0x0000000715200000, 0x0000000715200000| Complete 
| 125|0x0000000715400000, 0x0000000715600000, 0x0000000715600000|100%| E|CS|TAMS 0x0000000715400000, 0x0000000715400000| Complete 

Card table byte_map: [0x000001b34fb90000,0x000001b350370000] _byte_map_base: 0x000001b34c363000

Marking Bits (Prev, Next): (CMBitMap*) 0x000001b3361373c0, (CMBitMap*) 0x000001b336137400
 Prev Bits: [0x000001b350b50000, 0x000001b3549e8000)
 Next Bits: [0x000001b3549f0000, 0x000001b358888000)

Polling page: 0x000001b336180000

Metaspace:

Usage:
  Non-class:      2.02 MB used.
      Class:    192.16 KB used.
       Both:      2.21 MB used.

Virtual space:
  Non-class space:       64.00 MB reserved,       2.06 MB (  3%) committed,  1 nodes.
      Class space:        1.00 GB reserved,     256.00 KB ( <1%) committed,  1 nodes.
             Both:        1.06 GB reserved,       2.31 MB ( <1%) committed. 

Chunk freelists:
   Non-Class:  11.19 MB
       Class:  15.63 MB
        Both:  26.82 MB

MaxMetaspaceSize: unlimited
CompressedClassSpaceSize: 1.00 GB
Initial GC threshold: 21.00 MB
Current GC threshold: 21.00 MB
CDS: on
MetaspaceReclaimPolicy: balanced
 - commit_granule_bytes: 65536.
 - commit_granule_words: 8192.
 - virtual_space_node_default_size: 8388608.
 - enlarge_chunks_in_place: 1.
 - new_chunks_are_fully_committed: 0.
 - uncommit_free_chunks: 1.
 - use_allocation_guard: 0.
 - handle_deallocations: 1.


Internal statistics:

num_allocs_failed_limit: 0.
num_arena_births: 64.
num_arena_deaths: 0.
num_vsnodes_births: 2.
num_vsnodes_deaths: 0.
num_space_committed: 37.
num_space_uncommitted: 0.
num_chunks_returned_to_freelist: 0.
num_chunks_taken_from_freelist: 108.
num_chunk_merges: 0.
num_chunk_splits: 77.
num_chunks_enlarged: 54.
num_inconsistent_stats: 0.

CodeHeap 'non-profiled nmethods': size=119168Kb used=625Kb max_used=625Kb free=118542Kb
 bounds [0x000001b346fa0000, 0x000001b347210000, 0x000001b34e400000]
CodeHeap 'profiled nmethods': size=119104Kb used=1550Kb max_used=1550Kb free=117553Kb
 bounds [0x000001b33f400000, 0x000001b33f670000, 0x000001b346850000]
CodeHeap 'non-nmethods': size=7488Kb used=1167Kb max_used=2343Kb free=6320Kb
 bounds [0x000001b346850000, 0x000001b346ac0000, 0x000001b346fa0000]
 total_blobs=1409 nmethods=962 adapters=360
 compilation: enabled
              stopped_count=0, restarted_count=0
 full_count=0

Compilation events (20 events):
Event: 5.677 Thread 0x000001b35b08a860  948       1       java.lang.Boolean::booleanValue (5 bytes)
Event: 5.677 Thread 0x000001b35b08a860 nmethod 948 0x000001b347038090 code [0x000001b347038220, 0x000001b3470382f8]
Event: 6.343 Thread 0x000001b35b08a860  949       3       java.nio.Buffer::<init> (105 bytes)
Event: 6.344 Thread 0x000001b35b08a860 nmethod 949 0x000001b33f57fb90 code [0x000001b33f57fe40, 0x000001b33f5809b8]
Event: 8.577 Thread 0x000001b35b07e8a0  950       4       com.raylib.Jaylib::Rectangle (25 bytes)
Event: 8.579 Thread 0x000001b35b07e8a0 nmethod 950 0x000001b347038390 code [0x000001b347038560, 0x000001b347038740]
Event: 10.177 Thread 0x000001b35b08a860  953       3       PineVille.Player::Move (124 bytes)
Event: 10.177 Thread 0x000001b35b08a860 nmethod 953 0x000001b33f580e10 code [0x000001b33f581080, 0x000001b33f581578]
Event: 10.177 Thread 0x000001b35b08a860  954       3       PineVille.Debug::Commands (55 bytes)
Event: 10.177 Thread 0x000001b35b08a860 nmethod 954 0x000001b33f581710 code [0x000001b33f5818e0, 0x000001b33f581b78]
Event: 10.177 Thread 0x000001b35b08a860  957       3       PineVille.Player::drawPlayer (72 bytes)
Event: 10.178 Thread 0x000001b35b08a860 nmethod 957 0x000001b33f581c90 code [0x000001b33f582020, 0x000001b33f5833c8]
Event: 10.443 Thread 0x000001b35b07e8a0  959       4       com.raylib.Jaylib::<init> (5 bytes)
Event: 10.444 Thread 0x000001b35b07e8a0 nmethod 959 0x000001b347039d90 code [0x000001b347039f00, 0x000001b347039f78]
Event: 13.610 Thread 0x000001b35b07e8a0  960       4       PineVille.Tree::draw (183 bytes)
Event: 13.618 Thread 0x000001b35b07e8a0 nmethod 960 0x000001b34703a090 code [0x000001b34703a420, 0x000001b34703aed0]
Event: 13.643 Thread 0x000001b35b07e8a0  961       4       PineVille.GameScene::calculateDistance (27 bytes)
Event: 13.643 Thread 0x000001b35b07e8a0 nmethod 961 0x000001b34703bc10 code [0x000001b34703bd80, 0x000001b34703bdf8]
Event: 17.812 Thread 0x000001b35b07e8a0  962       4       java.util.Arrays::copyOf (19 bytes)
Event: 17.816 Thread 0x000001b35b07e8a0 nmethod 962 0x000001b34703bf10 code [0x000001b34703c0a0, 0x000001b34703c3b8]

GC Heap History (2 events):
Event: 0.742 GC heap before
{Heap before GC invocations=0 (full 0):
 garbage-first heap   total 258048K, used 22528K [0x0000000705a00000, 0x0000000800000000)
  region size 2048K, 11 young (22528K), 0 survivors (0K)
 Metaspace       used 1843K, committed 1984K, reserved 1114112K
  class space    used 146K, committed 192K, reserved 1048576K
}
Event: 0.745 GC heap after
{Heap after GC invocations=1 (full 0):
 garbage-first heap   total 258048K, used 1594K [0x0000000705a00000, 0x0000000800000000)
  region size 2048K, 1 young (2048K), 1 survivors (2048K)
 Metaspace       used 1843K, committed 1984K, reserved 1114112K
  class space    used 146K, committed 192K, reserved 1048576K
}

Dll operation events (20 events):
Event: 0.465 Loaded shared library C:\Program Files (x86)\Windows Kits\10\Redist\ucrt\DLLs\x64\api-ms-win-core-rtlsupport-l1-1-0.dll
Event: 0.480 Loaded shared library C:\Program Files (x86)\Windows Kits\10\Redist\ucrt\DLLs\x64\api-ms-win-core-processthreads-l1-1-1.dll
Event: 0.490 Loaded shared library C:\Program Files (x86)\Windows Kits\10\Redist\ucrt\DLLs\x64\api-ms-win-core-file-l1-2-0.dll
Event: 0.505 Loaded shared library C:\Program Files (x86)\Windows Kits\10\Redist\ucrt\DLLs\x64\api-ms-win-core-profile-l1-1-0.dll
Event: 0.522 Loaded shared library C:\Program Files (x86)\Windows Kits\10\Redist\ucrt\DLLs\x64\api-ms-win-core-memory-l1-1-0.dll
Event: 0.534 Loaded shared library C:\Program Files (x86)\Windows Kits\10\Redist\ucrt\DLLs\x64\api-ms-win-core-util-l1-1-0.dll
Event: 0.552 Loaded shared library C:\Program Files (x86)\Windows Kits\10\Redist\ucrt\DLLs\x64\api-ms-win-core-interlocked-l1-1-0.dll
Event: 0.563 Loaded shared library C:\Program Files (x86)\Windows Kits\10\Redist\ucrt\DLLs\x64\ucrtbase.dll
Event: 0.578 Loaded shared library C:\Users\luczu\.jdks\corretto-17.0.10\bin\vcruntime140.dll
Event: 0.593 Loaded shared library C:\Users\luczu\.jdks\corretto-17.0.10\bin\vcruntime140_1.dll
Event: 0.610 Loaded shared library C:\Users\luczu\.jdks\corretto-17.0.10\bin\msvcp140.dll
Event: 0.625 Loaded shared library C:\Windows\System32\msvcp140_1.dll
Event: 0.639 Loaded shared library C:\Windows\System32\concrt140.dll
Event: 0.654 Loaded shared library C:\Windows\System32\vcomp140.dll
Event: 0.672 Loaded shared library C:\Windows\System32\winmm.dll
Event: 0.677 Loaded shared library C:\Windows\System32\opengl32.dll
Event: 0.679 Loaded shared library C:\Windows\System32\user32.dll
Event: 0.680 Loaded shared library C:\Windows\System32\shell32.dll
Event: 0.683 Loaded shared library C:\Windows\System32\gdi32.dll
Event: 0.710 Loaded shared library C:\Users\luczu\.javacpp\cache\jaylib-4.5.0-0.jar\com\raylib\windows-x86_64\jniRaylib.dll

Deoptimization events (20 events):
Event: 0.672 Thread 0x000001b3360ca070 DEOPT PACKING pc=0x000001b346fee0b0 sp=0x0000001e21efdfb0
Event: 0.672 Thread 0x000001b3360ca070 DEOPT UNPACKING pc=0x000001b3468aa1a3 sp=0x0000001e21efdd30 mode 2
Event: 0.686 Thread 0x000001b3360ca070 Uncommon trap: trap_request=0xffffff45 fr.pc=0x000001b346fddbc4 relative=0x0000000000001324
Event: 0.686 Thread 0x000001b3360ca070 Uncommon trap: reason=unstable_if action=reinterpret pc=0x000001b346fddbc4 method=java.net.URL.<init>(Ljava/net/URL;Ljava/lang/String;Ljava/net/URLStreamHandler;)V @ 273 c2
Event: 0.686 Thread 0x000001b3360ca070 DEOPT PACKING pc=0x000001b346fddbc4 sp=0x0000001e21efdc00
Event: 0.686 Thread 0x000001b3360ca070 DEOPT UNPACKING pc=0x000001b3468aa1a3 sp=0x0000001e21efdb90 mode 2
Event: 0.687 Thread 0x000001b3360ca070 DEOPT PACKING pc=0x000001b33f4eaf18 sp=0x0000001e21efdba0
Event: 0.687 Thread 0x000001b3360ca070 DEOPT UNPACKING pc=0x000001b3468aace3 sp=0x0000001e21efd0a8 mode 0
Event: 0.702 Thread 0x000001b3360ca070 Uncommon trap: trap_request=0xffffff45 fr.pc=0x000001b346ff8530 relative=0x0000000000003f50
Event: 0.702 Thread 0x000001b3360ca070 Uncommon trap: reason=unstable_if action=reinterpret pc=0x000001b346ff8530 method=sun.net.www.ParseUtil.firstEncodeIndex(Ljava/lang/String;)I @ 51 c2
Event: 0.702 Thread 0x000001b3360ca070 DEOPT PACKING pc=0x000001b346ff8530 sp=0x0000001e21efcdb0
Event: 0.702 Thread 0x000001b3360ca070 DEOPT UNPACKING pc=0x000001b3468aa1a3 sp=0x0000001e21efcad0 mode 2
Event: 0.731 Thread 0x000001b3360ca070 DEOPT PACKING pc=0x000001b33f4eaf18 sp=0x0000001e21efcd60
Event: 0.731 Thread 0x000001b3360ca070 DEOPT UNPACKING pc=0x000001b3468aace3 sp=0x0000001e21efc278 mode 0
Event: 0.741 Thread 0x000001b3360ca070 DEOPT PACKING pc=0x000001b33f4ef5c8 sp=0x0000001e21efc730
Event: 0.741 Thread 0x000001b3360ca070 DEOPT UNPACKING pc=0x000001b3468aace3 sp=0x0000001e21efbc48 mode 0
Event: 0.746 Thread 0x000001b3360ca070 Uncommon trap: trap_request=0xffffff45 fr.pc=0x000001b346fd1b60 relative=0x00000000000000e0
Event: 0.746 Thread 0x000001b3360ca070 Uncommon trap: reason=unstable_if action=reinterpret pc=0x000001b346fd1b60 method=java.lang.ref.SoftReference.get()Ljava/lang/Object; @ 17 c2
Event: 0.746 Thread 0x000001b3360ca070 DEOPT PACKING pc=0x000001b346fd1b60 sp=0x0000001e21efc810
Event: 0.746 Thread 0x000001b3360ca070 DEOPT UNPACKING pc=0x000001b3468aa1a3 sp=0x0000001e21efc7c8 mode 2

Classes unloaded (0 events):
No events

Classes redefined (0 events):
No events

Internal exceptions (7 events):
Event: 0.111 Thread 0x000001b3360ca070 Exception <a 'java/lang/NoSuchMethodError'{0x0000000715281ce0}: 'int java.lang.invoke.DirectMethodHandle$Holder.invokeStaticInit(java.lang.Object, java.lang.Object, java.lang.Object, java.lang.Object)'> (0x0000000715281ce0) 
thrown [s\src\hotspot\share\interpreter\linkResolver.cpp, line 759]
Event: 0.114 Thread 0x000001b3360ca070 Exception <a 'java/lang/NoSuchMethodError'{0x000000071528c9f0}: 'java.lang.Object java.lang.invoke.DirectMethodHandle$Holder.invokeInterface(java.lang.Object, java.lang.Object)'> (0x000000071528c9f0) 
thrown [s\src\hotspot\share\interpreter\linkResolver.cpp, line 759]
Event: 0.115 Thread 0x000001b3360ca070 Exception <a 'java/lang/IncompatibleClassChangeError'{0x0000000715290108}: Found class java.lang.Object, but interface was expected> (0x0000000715290108) 
thrown [s\src\hotspot\share\interpreter\linkResolver.cpp, line 826]
Event: 0.116 Thread 0x000001b3360ca070 Exception <a 'java/lang/NoSuchMethodError'{0x00000007152932b0}: 'void java.lang.invoke.DirectMethodHandle$Holder.invokeStatic(java.lang.Object, java.lang.Object)'> (0x00000007152932b0) 
thrown [s\src\hotspot\share\interpreter\linkResolver.cpp, line 759]
Event: 0.116 Thread 0x000001b3360ca070 Exception <a 'java/lang/NoSuchMethodError'{0x0000000715296920}: 'void java.lang.invoke.DirectMethodHandle$Holder.invokeStaticInit(java.lang.Object, java.lang.Object)'> (0x0000000715296920) 
thrown [s\src\hotspot\share\interpreter\linkResolver.cpp, line 759]
Event: 0.118 Thread 0x000001b3360ca070 Exception <a 'java/lang/NoSuchMethodError'{0x000000071529cfe8}: 'int java.lang.invoke.DirectMethodHandle$Holder.invokeStaticInit(java.lang.Object, java.lang.Object)'> (0x000000071529cfe8) 
thrown [s\src\hotspot\share\interpreter\linkResolver.cpp, line 759]
Event: 0.706 Thread 0x000001b3360ca070 Exception <a 'java/lang/NoSuchMethodError'{0x00000007140e9820}: 'java.lang.Object java.lang.invoke.DirectMethodHandle$Holder.invokeStatic(java.lang.Object, int, java.lang.Object)'> (0x00000007140e9820) 
thrown [s\src\hotspot\share\interpreter\linkResolver.cpp, line 759]

VM Operations (16 events):
Event: 0.081 Executing VM operation: HandshakeAllThreads
Event: 0.081 Executing VM operation: HandshakeAllThreads done
Event: 0.171 Executing VM operation: HandshakeAllThreads
Event: 0.171 Executing VM operation: HandshakeAllThreads done
Event: 0.742 Executing VM operation: G1CollectForAllocation
Event: 0.745 Executing VM operation: G1CollectForAllocation done
Event: 1.760 Executing VM operation: Cleanup
Event: 1.760 Executing VM operation: Cleanup done
Event: 3.761 Executing VM operation: Cleanup
Event: 3.761 Executing VM operation: Cleanup done
Event: 4.761 Executing VM operation: Cleanup
Event: 4.761 Executing VM operation: Cleanup done
Event: 5.762 Executing VM operation: Cleanup
Event: 5.762 Executing VM operation: Cleanup done
Event: 6.763 Executing VM operation: Cleanup
Event: 6.763 Executing VM operation: Cleanup done

Events (20 events):
Event: 0.703 loading class java/time/DayOfWeek done
Event: 0.703 loading class java/time/zone/ZoneOffsetTransitionRule$TimeDefinition
Event: 0.704 loading class java/time/zone/ZoneOffsetTransitionRule$TimeDefinition done
Event: 0.704 loading class java/time/zone/ZoneOffsetTransition
Event: 0.704 loading class java/time/zone/ZoneOffsetTransition done
Event: 0.705 loading class java/time/temporal/TemporalAdjusters
Event: 0.705 loading class java/time/temporal/TemporalAdjusters done
Event: 0.708 loading class java/time/zone/ZoneOffsetTransitionRule$1
Event: 0.708 loading class java/time/zone/ZoneOffsetTransitionRule$1 done
Event: 0.708 loading class java/util/concurrent/TimeUnit$1
Event: 0.708 loading class java/util/concurrent/TimeUnit$1 done
Event: 0.721 loading class java/lang/NumberFormatException
Event: 0.721 loading class java/lang/NumberFormatException done
Event: 0.723 Thread 0x000001b3a25e7eb0 Thread added: 0x000001b3a25e7eb0
Event: 1.626 Thread 0x000001b35bcd3a90 Thread exited: 0x000001b35bcd3a90
Event: 1.626 Thread 0x000001b3a13caf50 Thread exited: 0x000001b3a13caf50
Event: 1.674 loading class jdk/internal/math/FDBigInteger
Event: 1.675 loading class jdk/internal/math/FDBigInteger done
Event: 3.811 Thread 0x000001b3a2640380 Thread exited: 0x000001b3a2640380
Event: 3.844 Thread 0x000001b35ba57c10 Thread exited: 0x000001b35ba57c10


Dynamic libraries:
0x00007ff669960000 - 0x00007ff66996e000 	C:\Users\luczu\.jdks\corretto-17.0.10\bin\java.exe
0x00007fff57630000 - 0x00007fff57846000 	C:\WINDOWS\SYSTEM32\ntdll.dll
0x00007fff57250000 - 0x00007fff57314000 	C:\WINDOWS\System32\KERNEL32.DLL
0x00007fff54c00000 - 0x00007fff54fa6000 	C:\WINDOWS\System32\KERNELBASE.dll
0x00007fff54ae0000 - 0x00007fff54bf1000 	C:\WINDOWS\System32\ucrtbase.dll
0x00007ffef5ad0000 - 0x00007ffef5aeb000 	C:\Users\luczu\.jdks\corretto-17.0.10\bin\VCRUNTIME140.dll
0x00007ffef5ab0000 - 0x00007ffef5ac7000 	C:\Users\luczu\.jdks\corretto-17.0.10\bin\jli.dll
0x00007fff56ef0000 - 0x00007fff5709d000 	C:\WINDOWS\System32\USER32.dll
0x00007fff36880000 - 0x00007fff36b13000 	C:\WINDOWS\WinSxS\amd64_microsoft.windows.common-controls_6595b64144ccf1df_6.0.22621.3235_none_270f74e173860f98\COMCTL32.dll
0x00007fff54ab0000 - 0x00007fff54ad6000 	C:\WINDOWS\System32\win32u.dll
0x00007fff571a0000 - 0x00007fff57247000 	C:\WINDOWS\System32\msvcrt.dll
0x00007fff56650000 - 0x00007fff56679000 	C:\WINDOWS\System32\GDI32.dll
0x00007fff551c0000 - 0x00007fff552d8000 	C:\WINDOWS\System32\gdi32full.dll
0x00007fff54fb0000 - 0x00007fff5504a000 	C:\WINDOWS\System32\msvcp_win.dll
0x00007fff55ca0000 - 0x00007fff55cd1000 	C:\WINDOWS\System32\IMM32.DLL
0x00007ffef5990000 - 0x00007ffef599c000 	C:\Users\luczu\.jdks\corretto-17.0.10\bin\vcruntime140_1.dll
0x00007ffe7ec60000 - 0x00007ffe7eced000 	C:\Users\luczu\.jdks\corretto-17.0.10\bin\msvcp140.dll
0x00007ffe7dff0000 - 0x00007ffe7ec52000 	C:\Users\luczu\.jdks\corretto-17.0.10\bin\server\jvm.dll
0x00007fff56330000 - 0x00007fff563e2000 	C:\WINDOWS\System32\ADVAPI32.dll
0x00007fff56260000 - 0x00007fff56308000 	C:\WINDOWS\System32\sechost.dll
0x00007fff55350000 - 0x00007fff55378000 	C:\WINDOWS\System32\bcrypt.dll
0x00007fff56530000 - 0x00007fff56645000 	C:\WINDOWS\System32\RPCRT4.dll
0x00007ffe62ac0000 - 0x00007ffe62ac9000 	C:\WINDOWS\SYSTEM32\WSOCK32.dll
0x00007fff4a910000 - 0x00007fff4a944000 	C:\WINDOWS\SYSTEM32\WINMM.dll
0x00007fff4c050000 - 0x00007fff4c05a000 	C:\WINDOWS\SYSTEM32\VERSION.dll
0x00007fff56b60000 - 0x00007fff56bd1000 	C:\WINDOWS\System32\WS2_32.dll
0x00007fff53800000 - 0x00007fff5384d000 	C:\WINDOWS\SYSTEM32\POWRPROF.dll
0x00007fff537e0000 - 0x00007fff537f3000 	C:\WINDOWS\SYSTEM32\UMPDC.dll
0x00007fff53a40000 - 0x00007fff53a58000 	C:\WINDOWS\SYSTEM32\kernel.appcore.dll
0x00007ffef5980000 - 0x00007ffef598a000 	C:\Users\luczu\.jdks\corretto-17.0.10\bin\jimage.dll
0x00007fff51e10000 - 0x00007fff52043000 	C:\WINDOWS\SYSTEM32\DBGHELP.DLL
0x00007fff55d40000 - 0x00007fff560c8000 	C:\WINDOWS\System32\combase.dll
0x00007fff56450000 - 0x00007fff56527000 	C:\WINDOWS\System32\OLEAUT32.dll
0x00007fff46800000 - 0x00007fff46832000 	C:\WINDOWS\SYSTEM32\dbgcore.DLL
0x00007fff54a30000 - 0x00007fff54aaa000 	C:\WINDOWS\System32\bcryptPrimitives.dll
0x00007ffe80590000 - 0x00007ffe805b5000 	C:\Users\luczu\.jdks\corretto-17.0.10\bin\java.dll
0x00007ffe7df10000 - 0x00007ffe7dfe7000 	C:\Users\luczu\.jdks\corretto-17.0.10\bin\jsvml.dll
0x00007fff55390000 - 0x00007fff55bed000 	C:\WINDOWS\System32\SHELL32.dll
0x00007fff52890000 - 0x00007fff53188000 	C:\WINDOWS\SYSTEM32\windows.storage.dll
0x00007fff52750000 - 0x00007fff5288e000 	C:\WINDOWS\SYSTEM32\wintypes.dll
0x00007fff560e0000 - 0x00007fff561d3000 	C:\WINDOWS\System32\SHCORE.dll
0x00007fff56b00000 - 0x00007fff56b5e000 	C:\WINDOWS\System32\shlwapi.dll
0x00007fff548a0000 - 0x00007fff548c6000 	C:\WINDOWS\SYSTEM32\profapi.dll
0x00007ffe816e0000 - 0x00007ffe816f9000 	C:\Users\luczu\.jdks\corretto-17.0.10\bin\net.dll
0x00007fff4b3d0000 - 0x00007fff4b507000 	C:\WINDOWS\SYSTEM32\WINHTTP.dll
0x00007fff53f20000 - 0x00007fff53f89000 	C:\WINDOWS\system32\mswsock.dll
0x00007ffe805f0000 - 0x00007ffe80606000 	C:\Users\luczu\.jdks\corretto-17.0.10\bin\nio.dll
0x00007ffe805d0000 - 0x00007ffe805e8000 	C:\Users\luczu\.jdks\corretto-17.0.10\bin\zip.dll
0x000001b35be60000 - 0x000001b35be63000 	C:\Program Files (x86)\Windows Kits\10\Redist\ucrt\DLLs\x64\api-ms-win-crt-locale-l1-1-0.dll
0x000001b35be70000 - 0x000001b35be74000 	C:\Program Files (x86)\Windows Kits\10\Redist\ucrt\DLLs\x64\api-ms-win-crt-string-l1-1-0.dll
0x000001b35be80000 - 0x000001b35be84000 	C:\Program Files (x86)\Windows Kits\10\Redist\ucrt\DLLs\x64\api-ms-win-crt-stdio-l1-1-0.dll
0x000001b35be90000 - 0x000001b35be95000 	C:\Program Files (x86)\Windows Kits\10\Redist\ucrt\DLLs\x64\api-ms-win-crt-math-l1-1-0.dll
0x000001b35bea0000 - 0x000001b35bea3000 	C:\Program Files (x86)\Windows Kits\10\Redist\ucrt\DLLs\x64\api-ms-win-crt-heap-l1-1-0.dll
0x000001b35beb0000 - 0x000001b35beb4000 	C:\Program Files (x86)\Windows Kits\10\Redist\ucrt\DLLs\x64\api-ms-win-crt-runtime-l1-1-0.dll
0x000001b35bec0000 - 0x000001b35bec4000 	C:\Program Files (x86)\Windows Kits\10\Redist\ucrt\DLLs\x64\api-ms-win-crt-convert-l1-1-0.dll
0x000001b35bed0000 - 0x000001b35bed3000 	C:\Program Files (x86)\Windows Kits\10\Redist\ucrt\DLLs\x64\api-ms-win-crt-environment-l1-1-0.dll
0x000001b35bee0000 - 0x000001b35bee3000 	C:\Program Files (x86)\Windows Kits\10\Redist\ucrt\DLLs\x64\api-ms-win-crt-time-l1-1-0.dll
0x000001b35bef0000 - 0x000001b35bef3000 	C:\Program Files (x86)\Windows Kits\10\Redist\ucrt\DLLs\x64\api-ms-win-crt-filesystem-l1-1-0.dll
0x000001b35bf00000 - 0x000001b35bf03000 	C:\Program Files (x86)\Windows Kits\10\Redist\ucrt\DLLs\x64\api-ms-win-crt-utility-l1-1-0.dll
0x000001b35bf10000 - 0x000001b35bf15000 	C:\Program Files (x86)\Windows Kits\10\Redist\ucrt\DLLs\x64\api-ms-win-crt-multibyte-l1-1-0.dll
0x000001b35bf20000 - 0x000001b35bf23000 	C:\Program Files (x86)\Windows Kits\10\Redist\ucrt\DLLs\x64\api-ms-win-crt-conio-l1-1-0.dll
0x000001b35bf30000 - 0x000001b35bf3f000 	C:\Program Files (x86)\Windows Kits\10\Redist\ucrt\DLLs\x64\api-ms-win-crt-private-l1-1-0.dll
0x000001b35bf40000 - 0x000001b35bf43000 	C:\Program Files (x86)\Windows Kits\10\Redist\ucrt\DLLs\x64\api-ms-win-crt-process-l1-1-0.dll
0x000001b35bf50000 - 0x000001b35bf53000 	C:\Program Files\Microsoft\jdk-11.0.12.7-hotspot\bin\api-ms-win-core-console-l1-2-0.dll
0x000001b35bf60000 - 0x000001b35bf63000 	C:\Program Files (x86)\Windows Kits\10\Redist\ucrt\DLLs\x64\api-ms-win-core-string-l1-1-0.dll
0x000001b35bf70000 - 0x000001b35bf73000 	C:\Program Files (x86)\Windows Kits\10\Redist\ucrt\DLLs\x64\api-ms-win-core-errorhandling-l1-1-0.dll
0x000001b35bf80000 - 0x000001b35bf83000 	C:\Program Files (x86)\Windows Kits\10\Redist\ucrt\DLLs\x64\api-ms-win-core-timezone-l1-1-0.dll
0x000001b35bf90000 - 0x000001b35bf94000 	C:\Program Files (x86)\Windows Kits\10\Redist\ucrt\DLLs\x64\api-ms-win-core-file-l1-1-0.dll
0x000001b35bfa0000 - 0x000001b35bfa3000 	C:\Program Files (x86)\Windows Kits\10\Redist\ucrt\DLLs\x64\api-ms-win-core-namedpipe-l1-1-0.dll
0x000001b35bfb0000 - 0x000001b35bfb3000 	C:\Program Files (x86)\Windows Kits\10\Redist\ucrt\DLLs\x64\api-ms-win-core-handle-l1-1-0.dll
0x000001b35bfc0000 - 0x000001b35bfc3000 	C:\Program Files (x86)\Windows Kits\10\Redist\ucrt\DLLs\x64\api-ms-win-core-file-l2-1-0.dll
0x000001b35bfd0000 - 0x000001b35bfd3000 	C:\Program Files (x86)\Windows Kits\10\Redist\ucrt\DLLs\x64\api-ms-win-core-heap-l1-1-0.dll
0x000001b35bfe0000 - 0x000001b35bfe3000 	C:\Program Files (x86)\Windows Kits\10\Redist\ucrt\DLLs\x64\api-ms-win-core-libraryloader-l1-1-0.dll
0x000001b35bff0000 - 0x000001b35bff3000 	C:\Program Files (x86)\Windows Kits\10\Redist\ucrt\DLLs\x64\api-ms-win-core-synch-l1-1-0.dll
0x000001b3a1800000 - 0x000001b3a1803000 	C:\Program Files (x86)\Windows Kits\10\Redist\ucrt\DLLs\x64\api-ms-win-core-processthreads-l1-1-0.dll
0x000001b3a1810000 - 0x000001b3a1813000 	C:\Program Files (x86)\Windows Kits\10\Redist\ucrt\DLLs\x64\api-ms-win-core-processenvironment-l1-1-0.dll
0x000001b3a1820000 - 0x000001b3a1823000 	C:\Program Files (x86)\Windows Kits\10\Redist\ucrt\DLLs\x64\api-ms-win-core-datetime-l1-1-0.dll
0x000001b3a1830000 - 0x000001b3a1833000 	C:\Program Files (x86)\Windows Kits\10\Redist\ucrt\DLLs\x64\api-ms-win-core-localization-l1-2-0.dll
0x000001b3a1840000 - 0x000001b3a1843000 	C:\Program Files (x86)\Windows Kits\10\Redist\ucrt\DLLs\x64\api-ms-win-core-sysinfo-l1-1-0.dll
0x000001b3a1850000 - 0x000001b3a1853000 	C:\Program Files (x86)\Windows Kits\10\Redist\ucrt\DLLs\x64\api-ms-win-core-synch-l1-2-0.dll
0x000001b3a1860000 - 0x000001b3a1863000 	C:\Program Files (x86)\Windows Kits\10\Redist\ucrt\DLLs\x64\api-ms-win-core-console-l1-1-0.dll
0x000001b3a2840000 - 0x000001b3a2843000 	C:\Program Files (x86)\Windows Kits\10\Redist\ucrt\DLLs\x64\api-ms-win-core-debug-l1-1-0.dll
0x000001b3a2850000 - 0x000001b3a2853000 	C:\Program Files (x86)\Windows Kits\10\Redist\ucrt\DLLs\x64\api-ms-win-core-rtlsupport-l1-1-0.dll
0x000001b3a2860000 - 0x000001b3a2863000 	C:\Program Files (x86)\Windows Kits\10\Redist\ucrt\DLLs\x64\api-ms-win-core-processthreads-l1-1-1.dll
0x000001b3a2870000 - 0x000001b3a2873000 	C:\Program Files (x86)\Windows Kits\10\Redist\ucrt\DLLs\x64\api-ms-win-core-file-l1-2-0.dll
0x000001b3a2880000 - 0x000001b3a2883000 	C:\Program Files (x86)\Windows Kits\10\Redist\ucrt\DLLs\x64\api-ms-win-core-profile-l1-1-0.dll
0x000001b3a2890000 - 0x000001b3a2893000 	C:\Program Files (x86)\Windows Kits\10\Redist\ucrt\DLLs\x64\api-ms-win-core-memory-l1-1-0.dll
0x000001b3a28a0000 - 0x000001b3a28a3000 	C:\Program Files (x86)\Windows Kits\10\Redist\ucrt\DLLs\x64\api-ms-win-core-util-l1-1-0.dll
0x000001b3a28b0000 - 0x000001b3a28b3000 	C:\Program Files (x86)\Windows Kits\10\Redist\ucrt\DLLs\x64\api-ms-win-core-interlocked-l1-1-0.dll
0x00007fff25680000 - 0x00007fff25772000 	C:\Program Files (x86)\Windows Kits\10\Redist\ucrt\DLLs\x64\ucrtbase.dll
0x00007fff4c010000 - 0x00007fff4c019000 	C:\Windows\System32\msvcp140_1.dll
0x00007fff27fa0000 - 0x00007fff27fed000 	C:\Windows\System32\concrt140.dll
0x00007fff20f50000 - 0x00007fff20f81000 	C:\Windows\System32\vcomp140.dll
0x00007fff2b720000 - 0x00007fff2b820000 	C:\Windows\System32\opengl32.dll
0x00007fff2b6b0000 - 0x00007fff2b6dd000 	C:\WINDOWS\SYSTEM32\GLU32.dll
0x00007fff51bb0000 - 0x00007fff51be9000 	C:\WINDOWS\SYSTEM32\dxcore.dll
0x00007ffefe9a0000 - 0x00007ffefebbd000 	C:\Users\luczu\.javacpp\cache\jaylib-4.5.0-0.jar\com\raylib\windows-x86_64\jniRaylib.dll
0x00007ffe93720000 - 0x00007ffe93766000 	C:\WINDOWS\SYSTEM32\dinput8.dll
0x00007fff2a860000 - 0x00007fff2a871000 	C:\WINDOWS\SYSTEM32\xinput1_4.dll
0x00007fff54660000 - 0x00007fff546ae000 	C:\WINDOWS\SYSTEM32\cfgmgr32.dll
0x00007fff54630000 - 0x00007fff5465c000 	C:\WINDOWS\SYSTEM32\DEVOBJ.dll
0x00007fff51dd0000 - 0x00007fff51dfb000 	C:\WINDOWS\SYSTEM32\dwmapi.dll
0x00007fff320a0000 - 0x00007fff322aa000 	C:\WINDOWS\SYSTEM32\inputhost.dll
0x00007fff4ee40000 - 0x00007fff4ef74000 	C:\WINDOWS\SYSTEM32\CoreMessaging.dll
0x00007fff4f230000 - 0x00007fff4f2db000 	C:\WINDOWS\system32\uxtheme.dll
0x00007fff56bf0000 - 0x00007fff56d44000 	C:\WINDOWS\System32\MSCTF.dll
0x00007fff54190000 - 0x00007fff5419c000 	C:\WINDOWS\SYSTEM32\CRYPTBASE.DLL
0x00007fff53190000 - 0x00007fff5319e000 	C:\WINDOWS\SYSTEM32\HID.DLL
0x00007fff56680000 - 0x00007fff56af4000 	C:\WINDOWS\System32\SETUPAPI.DLL
0x00007fff552e0000 - 0x00007fff5534b000 	C:\WINDOWS\System32\WINTRUST.dll
0x00007fff55050000 - 0x00007fff551b6000 	C:\WINDOWS\System32\CRYPT32.dll
0x00007fff54610000 - 0x00007fff54622000 	C:\WINDOWS\SYSTEM32\MSASN1.dll
0x00007fff4b7a0000 - 0x00007fff4b7ea000 	C:\WINDOWS\SYSTEM32\directxdatabasehelper.dll
0x00007fff55bf0000 - 0x00007fff55ca0000 	C:\WINDOWS\System32\clbcatq.dll
0x00007ffe23200000 - 0x00007ffe25df0000 	C:\WINDOWS\System32\DriverStore\FileRepository\nvhm.inf_amd64_28ac5867493a0477\nvoglv64.dll
0x00007fff56d50000 - 0x00007fff56eef000 	C:\WINDOWS\System32\ole32.dll
0x00007fff53850000 - 0x00007fff53864000 	C:\WINDOWS\SYSTEM32\WTSAPI32.dll
0x00007fff47170000 - 0x00007fff471a2000 	C:\WINDOWS\SYSTEM32\cryptnet.dll
0x00007fff47330000 - 0x00007fff47488000 	C:\WINDOWS\SYSTEM32\drvstore.dll
0x00007fff54220000 - 0x00007fff5426b000 	C:\WINDOWS\SYSTEM32\wldp.dll
0x00007fff57540000 - 0x00007fff5755f000 	C:\WINDOWS\System32\imagehlp.dll
0x00007fff54170000 - 0x00007fff5418b000 	C:\WINDOWS\SYSTEM32\CRYPTSP.dll
0x00007fff53a00000 - 0x00007fff53a35000 	C:\WINDOWS\system32\rsaenh.dll
0x00007fff53fb0000 - 0x00007fff53fd6000 	C:\WINDOWS\SYSTEM32\gpapi.dll
0x00007fff089d0000 - 0x00007fff0abbb000 	C:\WINDOWS\System32\DriverStore\FileRepository\nvhm.inf_amd64_28ac5867493a0477\nvgpucomp64.dll
0x00007fff53ac0000 - 0x00007fff53af4000 	C:\WINDOWS\SYSTEM32\ntmarta.dll
0x00007ffeadc80000 - 0x00007ffeadf43000 	C:\WINDOWS\system32\nvspcap64.dll
0x00007fff533f0000 - 0x00007fff53456000 	C:\WINDOWS\SYSTEM32\WINSTA.dll

dbghelp: loaded successfully - version: 4.0.5 - missing functions: none
symbol engine: initialized successfully - sym options: 0x614 - pdb path: .;C:\Users\luczu\.jdks\corretto-17.0.10\bin;C:\WINDOWS\SYSTEM32;C:\WINDOWS\WinSxS\amd64_microsoft.windows.common-controls_6595b64144ccf1df_6.0.22621.3235_none_270f74e173860f98;C:\Users\luczu\.jdks\corretto-17.0.10\bin\server;C:\Program Files (x86)\Windows Kits\10\Redist\ucrt\DLLs\x64;C:\Program Files\Microsoft\jdk-11.0.12.7-hotspot\bin;C:\Users\luczu\.javacpp\cache\jaylib-4.5.0-0.jar\com\raylib\windows-x86_64;C:\WINDOWS\System32\DriverStore\FileRepository\nvhm.inf_amd64_28ac5867493a0477;C:\WINDOWS\System32\DriverStore\FileRepository\iigd_dch.inf_amd64_0fdf6ce291234272

VM Arguments:
jvm_args: -Dfile.encoding=windows-1252 -Duser.country=NL -Duser.language=nl -Duser.variant 
java_command: PineVille.GameScene
java_class_path (initial): C:\Users\luczu\OneDrive\Documenten\PineVille\build\classes\java\main;C:\Users\luczu\OneDrive\Documenten\PineVille\build\resources\main;C:\Users\luczu\.gradle\caches\modules-2\files-2.1\uk.co.electronstudio.jaylib\jaylib\4.5.0-0\90c0d608df9bbd32f5f34683acc58cb433e94508\jaylib-4.5.0-0.jar
Launcher Type: SUN_STANDARD

[Global flags]
     intx CICompilerCount                          = 12                                        {product} {ergonomic}
     uint ConcGCThreads                            = 3                                         {product} {ergonomic}
     uint G1ConcRefinementThreads                  = 13                                        {product} {ergonomic}
   size_t G1HeapRegionSize                         = 2097152                                   {product} {ergonomic}
    uintx GCDrainStackTargetSize                   = 64                                        {product} {ergonomic}
   size_t InitialHeapSize                          = 264241152                                 {product} {ergonomic}
   size_t MarkStackSize                            = 4194304                                   {product} {ergonomic}
   size_t MaxHeapSize                              = 4200595456                                {product} {ergonomic}
   size_t MaxNewSize                               = 2518679552                                {product} {ergonomic}
   size_t MinHeapDeltaBytes                        = 2097152                                   {product} {ergonomic}
   size_t MinHeapSize                              = 8388608                                   {product} {ergonomic}
    uintx NonNMethodCodeHeapSize                   = 7602480                                {pd product} {ergonomic}
    uintx NonProfiledCodeHeapSize                  = 122027880                              {pd product} {ergonomic}
    uintx ProfiledCodeHeapSize                     = 122027880                              {pd product} {ergonomic}
    uintx ReservedCodeCacheSize                    = 251658240                              {pd product} {ergonomic}
     bool SegmentedCodeCache                       = true                                      {product} {ergonomic}
   size_t SoftMaxHeapSize                          = 4200595456                             {manageable} {ergonomic}
     bool UseCompressedClassPointers               = true                           {product lp64_product} {ergonomic}
     bool UseCompressedOops                        = true                           {product lp64_product} {ergonomic}
     bool UseG1GC                                  = true                                      {product} {ergonomic}
     bool UseLargePagesIndividualAllocation        = false                                  {pd product} {ergonomic}

Logging:
Log output configuration:
 #0: stdout all=warning uptime,level,tags
 #1: stderr all=off uptime,level,tags

Environment Variables:
PATH=C:\Program Files (x86)\Common Files\Intel\Shared Libraries\redist\intel64\compiler;C:\Program Files\Common Files\Oracle\Java\javapath;C:\Program Files\Microsoft\jdk-11.0.12.7-hotspot\bin;C:\windows\system32;C:\windows;C:\windows\System32\Wbem;C:\windows\System32\WindowsPowerShell\v1.0\;C:\windows\System32\OpenSSH\;C:\Program Files (x86)\NVIDIA Corporation\PhysX\Common;C:\Program Files\NVIDIA Corporation\NVIDIA NvDLISR;C:\Program Files\Microsoft SQL Server\150\Tools\Binn\;C:\Program Files\Microsoft SQL Server\Client SDK\ODBC\170\Tools\Binn\;C:\Program Files\dotnet\;C:\WINDOWS\system32;C:\WINDOWS;C:\WINDOWS\System32\Wbem;C:\WINDOWS\System32\WindowsPowerShell\v1.0\;C:\WINDOWS\System32\OpenSSH\;C:\Program Files\CMake\bin;C:\Program Files\Git\cmd;C:\Users\luczu\AppData\Local\Microsoft\WindowsApps;C:\Users\luczu\.dotnet\tools;C:\Users\luczu\AppData\Local\GitHubDesktop\bin;;C:\Users\luczu\AppData\Local\Programs\Microsoft VS Code\bin
USERNAME=luczu
OS=Windows_NT
PROCESSOR_IDENTIFIER=Intel64 Family 6 Model 141 Stepping 1, GenuineIntel
TMP=C:\Users\luczu\AppData\Local\Temp
TEMP=C:\Users\luczu\AppData\Local\Temp



Periodic native trim disabled


---------------  S Y S T E M  ---------------

OS:
 Windows 11 , 64 bit Build 22621 (10.0.22621.3235)
OS uptime: 0 days 0:45 hours
Hyper-V role detected

CPU: total 16 (initial active 16) (8 cores per cpu, 2 threads per core) family 6 model 141 stepping 1 microcode 0x4e, cx8, cmov, fxsr, ht, mmx, 3dnowpref, sse, sse2, sse3, ssse3, sse4.1, sse4.2, popcnt, lzcnt, tsc, tscinvbit, avx, avx2, aes, erms, clmul, bmi1, bmi2, adx, avx512f, avx512dq, avx512cd, avx512bw, avx512vl, sha, fma, vzeroupper, avx512_vpopcntdq, avx512_vpclmulqdq, avx512_vaes, avx512_vnni, clflush, clflushopt, clwb, avx512_vbmi2, avx512_vbmi, hv
Processor Information for all 16 processors :
  Max Mhz: 2304, Current Mhz: 2304, Mhz Limit: 2304

Memory: 4k page, system-wide physical 16021M (3720M free)
TotalPageFile size 32043M (AvailPageFile size 12468M)
current process WorkingSet (physical memory assigned to process): 116M, peak: 185M
current process commit charge ("private bytes"): 496M, peak: 607M

vm_info: OpenJDK 64-Bit Server VM (17.0.10+7-LTS) for windows-amd64 JRE (17.0.10+7-LTS), built on Jan 10 2024 22:11:07 by "Administrator" with MS VC++ 16.10 / 16.11 (VS2019)

END.
