#
# A fatal error has been detected by the Java Runtime Environment:
#
#  EXCEPTION_ACCESS_VIOLATION (0xc0000005) at pc=0x00007ffa5d6df42b, pid=27716, tid=22264
#
# JRE version: OpenJDK Runtime Environment Corretto-17.0.10.7.1 (17.0.10+7) (build 17.0.10+7-LTS)
# Java VM: OpenJDK 64-Bit Server VM Corretto-17.0.10.7.1 (17.0.10+7-LTS, mixed mode, sharing, tiered, compressed oops, compressed class ptrs, g1 gc, windows-amd64)
# Problematic frame:
# C  [jniRaylib.dll+0xdf42b]
#
# No core dump will be written. Minidumps are not enabled by default on client versions of Windows
#
# If you would like to submit a bug report, please visit:
#   https://github.com/corretto/corretto-17/issues/
# The crash happened outside the Java Virtual Machine in native code.
# See problematic frame for where to report the bug.
#

---------------  S U M M A R Y ------------

Command Line: -Dfile.encoding=windows-1252 -Duser.country=NL -Duser.language=nl -Duser.variant PineVille.GameScene

Host: 11th Gen Intel(R) Core(TM) i7-11800H @ 2.30GHz, 16 cores, 15G,  Windows 11 , 64 bit Build 22621 (10.0.22621.2506)
Time: Thu Feb 15 13:14:36 2024 West-Europa (standaardtijd) elapsed time: 13.707890 seconds (0d 0h 0m 13s)

---------------  T H R E A D  ---------------

Current thread (0x000001f4bacdd560):  JavaThread "main" [_thread_in_native, id=22264, stack(0x0000006718000000,0x0000006718100000)]

Stack: [0x0000006718000000,0x0000006718100000],  sp=0x00000067180ff230,  free space=1020k
Native frames: (J=compiled Java code, j=interpreted, Vv=VM code, C=native code)
C  [jniRaylib.dll+0xdf42b]

Java frames: (J=compiled Java code, j=interpreted, Vv=VM code)
J 818  com.raylib.Raylib.DrawTexturePro(Lcom/raylib/Raylib$Texture;Lcom/raylib/Raylib$Rectangle;Lcom/raylib/Raylib$Rectangle;Lcom/raylib/Raylib$Vector2;FLcom/raylib/Raylib$Color;)V (0 bytes) @ 0x000001f4cbbd35e2 [0x000001f4cbbd3520+0x00000000000000c2]
j  PineVille.GameScene.main([Ljava/lang/String;)V+412
v  ~StubRoutines::call_stub

siginfo: EXCEPTION_ACCESS_VIOLATION (0xc0000005), writing address 0x000001f528291f80


Registers:
RAX=0x000001f528291f80, RBX=0x00000067180ff3d0, RCX=0x0000000000000000, RDX=0x000001f52822bf70
RSP=0x00000067180ff230, RBP=0x00000067180ff490, RSI=0x0000000000000004, RDI=0x00000067180ff3c0
R8 =0x0000000000000000, R9 =0x0000000000000000, R10=0x00007ffa596dde20, R11=0x0000000000000004
R12=0x000001f527cb13e0, R13=0x0000000000000000, R14=0x000001f5275dbbe0, R15=0x000001f526021a40
RIP=0x00007ffa5d6df42b, EFLAGS=0x0000000000010246


Register to memory mapping:

RIP=0x00007ffa5d6df42b jniRaylib.dll
RAX=0x000001f528291f80 is an unknown value
RBX=0x00000067180ff3d0 is pointing into the stack for thread: 0x000001f4bacdd560
RCX=0x0 is NULL
RDX=0x000001f52822bf70 points into unknown readable memory: 0x0000000000002000 | 00 20 00 00 00 00 00 00
RSP=0x00000067180ff230 is pointing into the stack for thread: 0x000001f4bacdd560
RBP=0x00000067180ff490 is pointing into the stack for thread: 0x000001f4bacdd560
RSI=0x0000000000000004 is an unknown value
RDI=0x00000067180ff3c0 is pointing into the stack for thread: 0x000001f4bacdd560
R8 =0x0 is NULL
R9 =0x0 is NULL
R10=0x00007ffa596dde20 jvm.dll
R11=0x0000000000000004 is an unknown value
R12=0x000001f527cb13e0 points into unknown readable memory: 0x0000002000000004 | 04 00 00 00 20 00 00 00
R13=0x0 is NULL
R14=0x000001f5275dbbe0 points into unknown readable memory: 0x001d0001ffffffff | ff ff ff ff 01 00 1d 00
R15=0x000001f526021a40 points into unknown readable memory: 0x0000000000000000 | 00 00 00 00 00 00 00 00


Top of Stack: (sp=0x00000067180ff230)
0x00000067180ff230:   000001f522403900 0000000000000000
0x00000067180ff240:   0000b2e82106e717 00007ffb0000000e
0x00000067180ff250:   0000000043640000 0000000000000000
0x00000067180ff260:   0000000000000000 0000000000000000
0x00000067180ff270:   0000000000000000 0000000000000000
0x00000067180ff280:   00000067180ff3d0 00007ffa5d6a8749
0x00000067180ff290:   00000067180ff4c8 000001f4bacdd560
0x00000067180ff2a0:   000001f4e06743c0 00000067180ff2f0
0x00000067180ff2b0:   4200000043640000 42c8000043640000
0x00000067180ff2c0:   000000000000000e 0000000000000000
0x00000067180ff2d0:   0000000000000000 0000000000000000
0x00000067180ff2e0:   0000000000000000 0000000000000000
0x00000067180ff2f0:   0000000000000000 0000000000000000
0x00000067180ff300:   0000000000000000 0000000000000000
0x00000067180ff310:   0000000000000000 0000000000000000
0x00000067180ff320:   0000000000000000 0000000000000000
0x00000067180ff330:   0000000000000000 0000000000000000
0x00000067180ff340:   0000000000000000 0000000000000000
0x00000067180ff350:   0000000000000000 0000000000000000
0x00000067180ff360:   0000000000000000 0000000000000000
0x00000067180ff370:   000001f52606b7e0 000001f52606c460
0x00000067180ff380:   000001f4bacdd818 00007ffa5d642213
0x00000067180ff390:   0000006742c80000 00000067180ff490
0x00000067180ff3a0:   000001f4bacdd818 00007ffa5d62a8eb
0x00000067180ff3b0:   0000000000000000 00000000ffffffff
0x00000067180ff3c0:   42c8000042c80000 4300000043000000
0x00000067180ff3d0:   0000000000000000 4200000042000000
0x00000067180ff3e0:   0000002000000004 0000000100000020
0x00000067180ff3f0:   000001f500000007 000001f5224c2b60
0x00000067180ff400:   000001f4bacdd560 0000000000000000
0x00000067180ff410:   000000071521ad28 0000000713e245a8
0x00000067180ff420:   000001f522449b80 000001f4cbbd3682 

Instructions: (pc=0x00007ffa5d6df42b)
0x00007ffa5d6df32b:   fa 01 75 0b 84 54 c1 f4 75 54 8d 4a 02 eb 43 83
0x00007ffa5d6df33b:   fa 04 75 20 8b 4c c1 f4 b8 56 55 55 55 f7 e9 8b
0x00007ffa5d6df34b:   c2 c1 e8 1f 03 d0 8d 04 52 3b c8 75 31 b9 04 00
0x00007ffa5d6df35b:   00 00 eb 1e 83 fa 07 75 25 8b 44 c1 f4 25 03 00
0x00007ffa5d6df36b:   00 80 7d 07 ff c8 83 c8 fc ff c0 85 c0 75 0f 8d
0x00007ffa5d6df37b:   48 05 e8 7e a4 ff ff 4c 8b 05 27 2e 11 00 4d 63
0x00007ffa5d6df38b:   48 04 4d 8b 40 08 8b 05 41 2e 11 00 49 c1 e1 06
0x00007ffa5d6df39b:   8d 0c 40 4b 8b 44 01 08 48 63 d1 f3 0f 11 34 90
0x00007ffa5d6df3ab:   48 8b 05 fe 2d 11 00 4c 63 48 04 4c 8b 40 08 8b
0x00007ffa5d6df3bb:   05 18 2e 11 00 49 c1 e1 06 8d 0c 40 4b 8b 44 01
0x00007ffa5d6df3cb:   08 48 63 d1 f3 0f 11 7c 90 04 48 8b 05 d4 2d 11
0x00007ffa5d6df3db:   00 4c 63 48 04 4c 8b 40 08 8b 05 ee 2d 11 00 49
0x00007ffa5d6df3eb:   c1 e1 06 8d 0c 40 4b 8b 44 01 08 48 63 d1 f3 44
0x00007ffa5d6df3fb:   0f 11 44 90 08 48 8b 05 a9 2d 11 00 f3 0f 10 05
0x00007ffa5d6df40b:   cd 2d 11 00 4c 63 40 04 48 8b 50 08 8b 05 bb 2d
0x00007ffa5d6df41b:   11 00 03 c0 49 c1 e0 06 48 63 c8 49 8b 44 10 10
0x00007ffa5d6df42b:   f3 0f 11 04 88 48 8b 05 79 2d 11 00 f3 0f 10 05
0x00007ffa5d6df43b:   a1 2d 11 00 4c 63 40 04 48 8b 50 08 8b 05 8b 2d
0x00007ffa5d6df44b:   11 00 03 c0 49 c1 e0 06 48 63 c8 49 8b 44 10 10
0x00007ffa5d6df45b:   f3 0f 11 44 88 04 48 8b 05 48 2d 11 00 4c 63 40
0x00007ffa5d6df46b:   04 48 8b 48 08 8b 05 62 2d 11 00 49 c1 e0 06 8d
0x00007ffa5d6df47b:   04 85 00 00 00 00 49 8b 4c 08 18 48 63 d0 0f b6
0x00007ffa5d6df48b:   05 60 2d 11 00 88 04 0a 48 8b 05 16 2d 11 00 4c
0x00007ffa5d6df49b:   63 40 04 48 8b 48 08 8b 05 30 2d 11 00 49 c1 e0
0x00007ffa5d6df4ab:   06 8d 04 85 00 00 00 00 49 8b 4c 08 18 48 63 d0
0x00007ffa5d6df4bb:   0f b6 05 2f 2d 11 00 88 44 11 01 48 8b 05 e3 2c
0x00007ffa5d6df4cb:   11 00 4c 63 40 04 48 8b 48 08 8b 05 fd 2c 11 00
0x00007ffa5d6df4db:   49 c1 e0 06 8d 04 85 00 00 00 00 49 8b 4c 08 18
0x00007ffa5d6df4eb:   48 63 d0 0f b6 05 fd 2c 11 00 88 44 11 02 48 8b
0x00007ffa5d6df4fb:   05 b0 2c 11 00 4c 63 40 04 48 8b 48 08 8b 05 ca
0x00007ffa5d6df50b:   2c 11 00 49 c1 e0 06 49 8b 4c 08 18 8d 04 85 00
0x00007ffa5d6df51b:   00 00 00 0f 28 74 24 40 0f 28 7c 24 30 44 0f 28 


Stack slot to memory mapping:
stack at sp + 0 slots: 0x000001f522403900 is pointing into metadata
stack at sp + 1 slots: 0x0 is NULL
stack at sp + 2 slots: 0x0000b2e82106e717 is an unknown value
stack at sp + 3 slots: 0x00007ffb0000000e is an unknown value
stack at sp + 4 slots: 0x0000000043640000 is an unknown value
stack at sp + 5 slots: 0x0 is NULL
stack at sp + 6 slots: 0x0 is NULL
stack at sp + 7 slots: 0x0 is NULL


Compiled method (n/a)   13820  818     n 0       com.raylib.Raylib::DrawTexturePro (native)
 total in heap  [0x000001f4cbbd3390,0x000001f4cbbd37c0] = 1072
 relocation     [0x000001f4cbbd34e8,0x000001f4cbbd3518] = 48
 main code      [0x000001f4cbbd3520,0x000001f4cbbd37b8] = 664
 oops           [0x000001f4cbbd37b8,0x000001f4cbbd37c0] = 8

[Constant Pool (empty)]

[MachCode]
[Entry Point]
  # {method} {0x000001f522449b88} 'DrawTexturePro' '(Lcom/raylib/Raylib$Texture;Lcom/raylib/Raylib$Rectangle;Lcom/raylib/Raylib$Rectangle;Lcom/raylib/Raylib$Vector2;FLcom/raylib/Raylib$Color;)V' in 'com/raylib/Raylib'
  # parm0:    rdx:rdx   = 'com/raylib/Raylib$Texture'
  # parm1:    r8:r8     = 'com/raylib/Raylib$Rectangle'
  # parm2:    r9:r9     = 'com/raylib/Raylib$Rectangle'
  # parm3:    rdi:rdi   = 'com/raylib/Raylib$Vector2'
  # parm4:    xmm0      = float
  # parm5:    rsi:rsi   = 'com/raylib/Raylib$Color'
  #           [sp+0x90]  (sp of caller)
  0x000001f4cbbd3520: 448b 5208 | 49bb 0000 | 00e1 f401 | 0000 4d03 | d349 3bc2 | 0f84 0600 

  0x000001f4cbbd3538: ;   {runtime_call ic_miss_stub}
  0x000001f4cbbd3538: 0000 e941 | e088 ff90 
[Verified Entry Point]
  0x000001f4cbbd3540: 8984 2400 | 90ff ff55 | 488b ec48 | 81ec 8000 | 0000 4889 | 7424 6048 | 83fe 0048 | 8d44 2460 
  0x000001f4cbbd3560: 480f 4444 | 2460 4889 | 4424 38c5 | fa11 4424 | 3048 897c | 2458 4883 | ff00 488d | 4424 5848 
  0x000001f4cbbd3580: 0f44 4424 | 5848 8944 | 2428 4c89 | 4c24 5049 | 83f9 0048 | 8d44 2450 | 480f 4444 | 2450 4889 
  0x000001f4cbbd35a0: 4424 204c | 8944 2448 | 4983 f800 | 4c8d 4c24 | 484c 0f44 | 4c24 4848 | 8954 2440 | 4883 fa00 
  0x000001f4cbbd35c0: 4c8d 4424 | 404c 0f44 

  0x000001f4cbbd35c8: ;   {oop(a 'java/lang/Class'{0x0000000713e002d8} = 'com/raylib/Raylib')}
  0x000001f4cbbd35c8: 4424 4049 | bed8 02e0 | 1307 0000 | 004c 8974 | 2470 4c8d | 7424 7049 | 8bd6 c5f8 

  0x000001f4cbbd35e4: ;   {internal_word}
  0x000001f4cbbd35e4: 7749 bae2 | 35bd cbf4 | 0100 004d | 8997 a002 | 0000 4989 | a798 0200 

  0x000001f4cbbd35fc: ;   {external_word}
  0x000001f4cbbd35fc: 0049 ba79 | 356c 59fa | 7f00 0041 | 803a 000f | 8452 0000 | 0052 4150 

  0x000001f4cbbd3614: ;   {metadata({method} {0x000001f522449b88} 'DrawTexturePro' '(Lcom/raylib/Raylib$Texture;Lcom/raylib/Raylib$Rectangle;Lcom/raylib/Raylib$Rectangle;Lcom/raylib/Raylib$Vector2;FLcom/raylib/Raylib$Color;)V' in 'com/raylib/Raylib')}
  0x000001f4cbbd3614: 4151 48ba | 809b 4422 | f501 0000 | 498b cf48 | 83ec 20f7 | c40f 0000 | 000f 841a | 0000 0048 
  0x000001f4cbbd3634: ;   {runtime_call}
  0x000001f4cbbd3634: 83ec 0849 | ba00 3022 | 59fa 7f00 | 0041 ffd2 | 4883 c408 | e90d 0000 

  0x000001f4cbbd364c: ;   {runtime_call}
  0x000001f4cbbd364c: 0049 ba00 | 3022 59fa | 7f00 0041 | ffd2 4883 | c420 4159 | 4158 5a49 | 8d8f b802 | 0000 41c7 
  0x000001f4cbbd366c: 8748 0300 | 0004 0000 

  0x000001f4cbbd3674: ;   {runtime_call}
  0x000001f4cbbd3674: 0049 ba10 | 2064 5dfa | 7f00 0041 | ffd2 c5f8 | 7741 c787 | 4803 0000 | 0500 0000 | f083 4424 
  0x000001f4cbbd3694: c000 493b | af50 0300 | 000f 8711 | 0000 0041 | 81bf 3803 | 0000 0000 | 0000 0f84 | 2400 0000 
  0x000001f4cbbd36b4: c5f8 7749 | 8bcf 4c8b | e448 83ec | 2048 83e4 

  0x000001f4cbbd36c4: ;   {runtime_call}
  0x000001f4cbbd36c4: f049 ba90 | 4432 59fa | 7f00 0041 | ffd2 498b | e44d 33e4 | 41c7 8748 | 0300 0008 | 0000 0041 
  0x000001f4cbbd36e4: 81bf b803 | 0000 0200 | 0000 0f84 | 9b00 0000 

  0x000001f4cbbd36f4: ;   {external_word}
  0x000001f4cbbd36f4: 49ba 7935 | 6c59 fa7f | 0000 4180 | 3a00 0f84 | 4800 0000 

  0x000001f4cbbd3708: ;   {metadata({method} {0x000001f522449b88} 'DrawTexturePro' '(Lcom/raylib/Raylib$Texture;Lcom/raylib/Raylib$Rectangle;Lcom/raylib/Raylib$Rectangle;Lcom/raylib/Raylib$Vector2;FLcom/raylib/Raylib$Color;)V' in 'com/raylib/Raylib')}
  0x000001f4cbbd3708: 48ba 809b | 4422 f501 | 0000 498b | cf48 83ec | 20f7 c40f | 0000 000f | 841a 0000 | 0048 83ec 
  0x000001f4cbbd3728: ;   {runtime_call}
  0x000001f4cbbd3728: 0849 ba00 | 3022 59fa | 7f00 0041 | ffd2 4883 | c408 e90d 

  0x000001f4cbbd373c: ;   {runtime_call}
  0x000001f4cbbd373c: 0000 0049 | ba00 3022 | 59fa 7f00 | 0041 ffd2 | 4883 c420 | 49c7 8798 | 0200 0000 | 0000 0049 
  0x000001f4cbbd375c: c787 a002 | 0000 0000 | 0000 c5f8 | 7749 8b8f | d800 0000 | c781 0001 | 0000 0000 | 0000 c949 
  0x000001f4cbbd377c: 817f 0800 | 0000 000f | 8501 0000 

  0x000001f4cbbd3788: ;   {runtime_call StubRoutines (1)}
  0x000001f4cbbd3788: 00c3 e971 | d783 ffc5 | f877 4c8b | e448 83ec | 2048 83e4 

  0x000001f4cbbd379c: ;   {runtime_call}
  0x000001f4cbbd379c: f049 ba80 | 6022 59fa | 7f00 0041 | ffd2 498b | e44d 33e4 | e93f ffff | fff4 f4f4 
[/MachCode]


---------------  P R O C E S S  ---------------

Threads class SMR info:
_java_thread_list=0x000001f52810af00, length=13, elements={
0x000001f4bacdd560, 0x000001f4dfc33550, 0x000001f4dfc34110, 0x000001f4dfc49d00,
0x000001f4dfc4a7d0, 0x000001f4dfc4d3a0, 0x000001f4dfc4fd70, 0x000001f4dfc5c430,
0x000001f4dfc67530, 0x000001f4dfc70e40, 0x000001f4e069a870, 0x000001f4e069aff0,
0x000001f4e06fb4c0
}

Java Threads: ( => current thread )
=>0x000001f4bacdd560 JavaThread "main" [_thread_in_native, id=22264, stack(0x0000006718000000,0x0000006718100000)]
  0x000001f4dfc33550 JavaThread "Reference Handler" daemon [_thread_blocked, id=17460, stack(0x0000006718700000,0x0000006718800000)]
  0x000001f4dfc34110 JavaThread "Finalizer" daemon [_thread_blocked, id=9748, stack(0x0000006718800000,0x0000006718900000)]
  0x000001f4dfc49d00 JavaThread "Signal Dispatcher" daemon [_thread_blocked, id=29364, stack(0x0000006718900000,0x0000006718a00000)]
  0x000001f4dfc4a7d0 JavaThread "Attach Listener" daemon [_thread_blocked, id=13344, stack(0x0000006718a00000,0x0000006718b00000)]
  0x000001f4dfc4d3a0 JavaThread "Service Thread" daemon [_thread_blocked, id=27248, stack(0x0000006718b00000,0x0000006718c00000)]
  0x000001f4dfc4fd70 JavaThread "Monitor Deflation Thread" daemon [_thread_blocked, id=31360, stack(0x0000006718c00000,0x0000006718d00000)]
  0x000001f4dfc5c430 JavaThread "C2 CompilerThread0" daemon [_thread_blocked, id=2812, stack(0x0000006718d00000,0x0000006718e00000)]
  0x000001f4dfc67530 JavaThread "C1 CompilerThread0" daemon [_thread_blocked, id=3112, stack(0x0000006718e00000,0x0000006718f00000)]
  0x000001f4dfc70e40 JavaThread "Sweeper thread" daemon [_thread_blocked, id=27848, stack(0x0000006718f00000,0x0000006719000000)]
  0x000001f4e069a870 JavaThread "Notification Thread" daemon [_thread_blocked, id=2360, stack(0x0000006719100000,0x0000006719200000)]
  0x000001f4e069aff0 JavaThread "Common-Cleaner" daemon [_thread_blocked, id=30552, stack(0x0000006719300000,0x0000006719400000)]
  0x000001f4e06fb4c0 JavaThread "JavaCPP Deallocator" daemon [_thread_blocked, id=22124, stack(0x0000006719400000,0x0000006719500000)]

Other Threads:
  0x000001f4dfc2eaa0 VMThread "VM Thread" [stack: 0x0000006718600000,0x0000006718700000] [id=3084]
  0x000001f4e069ad50 WatcherThread [stack: 0x0000006719200000,0x0000006719300000] [id=1140]
  0x000001f4bad48910 GCTaskThread "GC Thread#0" [stack: 0x0000006718100000,0x0000006718200000] [id=5392]
  0x000001f52812f910 GCTaskThread "GC Thread#1" [stack: 0x0000006719500000,0x0000006719600000] [id=16944]
  0x000001f527c56440 GCTaskThread "GC Thread#2" [stack: 0x0000006719600000,0x0000006719700000] [id=13896]
  0x000001f5280b63f0 GCTaskThread "GC Thread#3" [stack: 0x000000671a430000,0x000000671a530000] [id=30944]
  0x000001f52841e780 GCTaskThread "GC Thread#4" [stack: 0x000000671a530000,0x000000671a630000] [id=14644]
  0x000001f52841ea40 GCTaskThread "GC Thread#5" [stack: 0x000000671a630000,0x000000671a730000] [id=26596]
  0x000001f4bad592b0 ConcurrentGCThread "G1 Main Marker" [stack: 0x0000006718200000,0x0000006718300000] [id=3468]
  0x000001f4bad5ace0 ConcurrentGCThread "G1 Conc#0" [stack: 0x0000006718300000,0x0000006718400000] [id=24352]
  0x000001f4bad8e3b0 ConcurrentGCThread "G1 Refine#0" [stack: 0x0000006718400000,0x0000006718500000] [id=26708]
  0x000001f4dfb6b510 ConcurrentGCThread "G1 Service" [stack: 0x0000006718500000,0x0000006718600000] [id=28600]

Threads with active compile tasks:

VM state: not at safepoint (normal execution)

VM Mutex/Monitor currently owned by a thread: None

Heap address: 0x0000000705a00000, size: 4006 MB, Compressed Oops mode: Zero based, Oop shift amount: 3

CDS archive(s) mapped at: [0x000001f4e1000000-0x000001f4e1bb0000-0x000001f4e1bb0000), size 12255232, SharedBaseAddress: 0x000001f4e1000000, ArchiveRelocationMode: 1.
Compressed class space mapped at: 0x000001f4e2000000-0x000001f522000000, reserved size: 1073741824
Narrow klass base: 0x000001f4e1000000, Narrow klass shift: 0, Narrow klass range: 0x100000000

GC Precious Log:
 CPUs: 16 total, 16 available
 Memory: 16021M
 Large Page Support: Disabled
 NUMA Support: Disabled
 Compressed Oops: Enabled (Zero based)
 Heap Region Size: 2M
 Heap Min Capacity: 8M
 Heap Initial Capacity: 252M
 Heap Max Capacity: 4006M
 Pre-touch: Disabled
 Parallel Workers: 13
 Concurrent Workers: 3
 Concurrent Refinement Workers: 13
 Periodic GC: Disabled

Heap:
 garbage-first heap   total 258048K, used 3650K [0x0000000705a00000, 0x0000000800000000)
  region size 2048K, 3 young (6144K), 1 survivors (2048K)
 Metaspace       used 2119K, committed 2304K, reserved 1114112K
  class space    used 179K, committed 256K, reserved 1048576K

Heap Regions: E=young(eden), S=young(survivor), O=old, HS=humongous(starts), HC=humongous(continues), CS=collection set, F=free, OA=open archive, CA=closed archive, TAMS=top-at-mark-start (previous, next)
|   0|0x0000000705a00000, 0x0000000705a00000, 0x0000000705c00000|  0%| F|  |TAMS 0x0000000705a00000, 0x0000000705a00000| Untracked 
|   1|0x0000000705c00000, 0x0000000705c00000, 0x0000000705e00000|  0%| F|  |TAMS 0x0000000705c00000, 0x0000000705c00000| Untracked 
|   2|0x0000000705e00000, 0x0000000705e00000, 0x0000000706000000|  0%| F|  |TAMS 0x0000000705e00000, 0x0000000705e00000| Untracked 
|   3|0x0000000706000000, 0x0000000706000000, 0x0000000706200000|  0%| F|  |TAMS 0x0000000706000000, 0x0000000706000000| Untracked 
|   4|0x0000000706200000, 0x0000000706200000, 0x0000000706400000|  0%| F|  |TAMS 0x0000000706200000, 0x0000000706200000| Untracked 
|   5|0x0000000706400000, 0x0000000706400000, 0x0000000706600000|  0%| F|  |TAMS 0x0000000706400000, 0x0000000706400000| Untracked 
|   6|0x0000000706600000, 0x0000000706600000, 0x0000000706800000|  0%| F|  |TAMS 0x0000000706600000, 0x0000000706600000| Untracked 
|   7|0x0000000706800000, 0x0000000706800000, 0x0000000706a00000|  0%| F|  |TAMS 0x0000000706800000, 0x0000000706800000| Untracked 
|   8|0x0000000706a00000, 0x0000000706a00000, 0x0000000706c00000|  0%| F|  |TAMS 0x0000000706a00000, 0x0000000706a00000| Untracked 
|   9|0x0000000706c00000, 0x0000000706c00000, 0x0000000706e00000|  0%| F|  |TAMS 0x0000000706c00000, 0x0000000706c00000| Untracked 
|  10|0x0000000706e00000, 0x0000000706e00000, 0x0000000707000000|  0%| F|  |TAMS 0x0000000706e00000, 0x0000000706e00000| Untracked 
|  11|0x0000000707000000, 0x0000000707000000, 0x0000000707200000|  0%| F|  |TAMS 0x0000000707000000, 0x0000000707000000| Untracked 
|  12|0x0000000707200000, 0x0000000707200000, 0x0000000707400000|  0%| F|  |TAMS 0x0000000707200000, 0x0000000707200000| Untracked 
|  13|0x0000000707400000, 0x0000000707400000, 0x0000000707600000|  0%| F|  |TAMS 0x0000000707400000, 0x0000000707400000| Untracked 
|  14|0x0000000707600000, 0x0000000707600000, 0x0000000707800000|  0%| F|  |TAMS 0x0000000707600000, 0x0000000707600000| Untracked 
|  15|0x0000000707800000, 0x0000000707800000, 0x0000000707a00000|  0%| F|  |TAMS 0x0000000707800000, 0x0000000707800000| Untracked 
|  16|0x0000000707a00000, 0x0000000707a00000, 0x0000000707c00000|  0%| F|  |TAMS 0x0000000707a00000, 0x0000000707a00000| Untracked 
|  17|0x0000000707c00000, 0x0000000707c00000, 0x0000000707e00000|  0%| F|  |TAMS 0x0000000707c00000, 0x0000000707c00000| Untracked 
|  18|0x0000000707e00000, 0x0000000707e00000, 0x0000000708000000|  0%| F|  |TAMS 0x0000000707e00000, 0x0000000707e00000| Untracked 
|  19|0x0000000708000000, 0x0000000708000000, 0x0000000708200000|  0%| F|  |TAMS 0x0000000708000000, 0x0000000708000000| Untracked 
|  20|0x0000000708200000, 0x0000000708200000, 0x0000000708400000|  0%| F|  |TAMS 0x0000000708200000, 0x0000000708200000| Untracked 
|  21|0x0000000708400000, 0x0000000708400000, 0x0000000708600000|  0%| F|  |TAMS 0x0000000708400000, 0x0000000708400000| Untracked 
|  22|0x0000000708600000, 0x0000000708600000, 0x0000000708800000|  0%| F|  |TAMS 0x0000000708600000, 0x0000000708600000| Untracked 
|  23|0x0000000708800000, 0x0000000708800000, 0x0000000708a00000|  0%| F|  |TAMS 0x0000000708800000, 0x0000000708800000| Untracked 
|  24|0x0000000708a00000, 0x0000000708a00000, 0x0000000708c00000|  0%| F|  |TAMS 0x0000000708a00000, 0x0000000708a00000| Untracked 
|  25|0x0000000708c00000, 0x0000000708c00000, 0x0000000708e00000|  0%| F|  |TAMS 0x0000000708c00000, 0x0000000708c00000| Untracked 
|  26|0x0000000708e00000, 0x0000000708e00000, 0x0000000709000000|  0%| F|  |TAMS 0x0000000708e00000, 0x0000000708e00000| Untracked 
|  27|0x0000000709000000, 0x0000000709000000, 0x0000000709200000|  0%| F|  |TAMS 0x0000000709000000, 0x0000000709000000| Untracked 
|  28|0x0000000709200000, 0x0000000709200000, 0x0000000709400000|  0%| F|  |TAMS 0x0000000709200000, 0x0000000709200000| Untracked 
|  29|0x0000000709400000, 0x0000000709400000, 0x0000000709600000|  0%| F|  |TAMS 0x0000000709400000, 0x0000000709400000| Untracked 
|  30|0x0000000709600000, 0x0000000709600000, 0x0000000709800000|  0%| F|  |TAMS 0x0000000709600000, 0x0000000709600000| Untracked 
|  31|0x0000000709800000, 0x0000000709800000, 0x0000000709a00000|  0%| F|  |TAMS 0x0000000709800000, 0x0000000709800000| Untracked 
|  32|0x0000000709a00000, 0x0000000709a00000, 0x0000000709c00000|  0%| F|  |TAMS 0x0000000709a00000, 0x0000000709a00000| Untracked 
|  33|0x0000000709c00000, 0x0000000709c00000, 0x0000000709e00000|  0%| F|  |TAMS 0x0000000709c00000, 0x0000000709c00000| Untracked 
|  34|0x0000000709e00000, 0x0000000709e00000, 0x000000070a000000|  0%| F|  |TAMS 0x0000000709e00000, 0x0000000709e00000| Untracked 
|  35|0x000000070a000000, 0x000000070a000000, 0x000000070a200000|  0%| F|  |TAMS 0x000000070a000000, 0x000000070a000000| Untracked 
|  36|0x000000070a200000, 0x000000070a200000, 0x000000070a400000|  0%| F|  |TAMS 0x000000070a200000, 0x000000070a200000| Untracked 
|  37|0x000000070a400000, 0x000000070a400000, 0x000000070a600000|  0%| F|  |TAMS 0x000000070a400000, 0x000000070a400000| Untracked 
|  38|0x000000070a600000, 0x000000070a600000, 0x000000070a800000|  0%| F|  |TAMS 0x000000070a600000, 0x000000070a600000| Untracked 
|  39|0x000000070a800000, 0x000000070a800000, 0x000000070aa00000|  0%| F|  |TAMS 0x000000070a800000, 0x000000070a800000| Untracked 
|  40|0x000000070aa00000, 0x000000070aa00000, 0x000000070ac00000|  0%| F|  |TAMS 0x000000070aa00000, 0x000000070aa00000| Untracked 
|  41|0x000000070ac00000, 0x000000070ac00000, 0x000000070ae00000|  0%| F|  |TAMS 0x000000070ac00000, 0x000000070ac00000| Untracked 
|  42|0x000000070ae00000, 0x000000070ae00000, 0x000000070b000000|  0%| F|  |TAMS 0x000000070ae00000, 0x000000070ae00000| Untracked 
|  43|0x000000070b000000, 0x000000070b000000, 0x000000070b200000|  0%| F|  |TAMS 0x000000070b000000, 0x000000070b000000| Untracked 
|  44|0x000000070b200000, 0x000000070b200000, 0x000000070b400000|  0%| F|  |TAMS 0x000000070b200000, 0x000000070b200000| Untracked 
|  45|0x000000070b400000, 0x000000070b400000, 0x000000070b600000|  0%| F|  |TAMS 0x000000070b400000, 0x000000070b400000| Untracked 
|  46|0x000000070b600000, 0x000000070b600000, 0x000000070b800000|  0%| F|  |TAMS 0x000000070b600000, 0x000000070b600000| Untracked 
|  47|0x000000070b800000, 0x000000070b800000, 0x000000070ba00000|  0%| F|  |TAMS 0x000000070b800000, 0x000000070b800000| Untracked 
|  48|0x000000070ba00000, 0x000000070ba00000, 0x000000070bc00000|  0%| F|  |TAMS 0x000000070ba00000, 0x000000070ba00000| Untracked 
|  49|0x000000070bc00000, 0x000000070bc00000, 0x000000070be00000|  0%| F|  |TAMS 0x000000070bc00000, 0x000000070bc00000| Untracked 
|  50|0x000000070be00000, 0x000000070be00000, 0x000000070c000000|  0%| F|  |TAMS 0x000000070be00000, 0x000000070be00000| Untracked 
|  51|0x000000070c000000, 0x000000070c000000, 0x000000070c200000|  0%| F|  |TAMS 0x000000070c000000, 0x000000070c000000| Untracked 
|  52|0x000000070c200000, 0x000000070c200000, 0x000000070c400000|  0%| F|  |TAMS 0x000000070c200000, 0x000000070c200000| Untracked 
|  53|0x000000070c400000, 0x000000070c400000, 0x000000070c600000|  0%| F|  |TAMS 0x000000070c400000, 0x000000070c400000| Untracked 
|  54|0x000000070c600000, 0x000000070c600000, 0x000000070c800000|  0%| F|  |TAMS 0x000000070c600000, 0x000000070c600000| Untracked 
|  55|0x000000070c800000, 0x000000070c800000, 0x000000070ca00000|  0%| F|  |TAMS 0x000000070c800000, 0x000000070c800000| Untracked 
|  56|0x000000070ca00000, 0x000000070ca00000, 0x000000070cc00000|  0%| F|  |TAMS 0x000000070ca00000, 0x000000070ca00000| Untracked 
|  57|0x000000070cc00000, 0x000000070cc00000, 0x000000070ce00000|  0%| F|  |TAMS 0x000000070cc00000, 0x000000070cc00000| Untracked 
|  58|0x000000070ce00000, 0x000000070ce00000, 0x000000070d000000|  0%| F|  |TAMS 0x000000070ce00000, 0x000000070ce00000| Untracked 
|  59|0x000000070d000000, 0x000000070d000000, 0x000000070d200000|  0%| F|  |TAMS 0x000000070d000000, 0x000000070d000000| Untracked 
|  60|0x000000070d200000, 0x000000070d200000, 0x000000070d400000|  0%| F|  |TAMS 0x000000070d200000, 0x000000070d200000| Untracked 
|  61|0x000000070d400000, 0x000000070d400000, 0x000000070d600000|  0%| F|  |TAMS 0x000000070d400000, 0x000000070d400000| Untracked 
|  62|0x000000070d600000, 0x000000070d600000, 0x000000070d800000|  0%| F|  |TAMS 0x000000070d600000, 0x000000070d600000| Untracked 
|  63|0x000000070d800000, 0x000000070d800000, 0x000000070da00000|  0%| F|  |TAMS 0x000000070d800000, 0x000000070d800000| Untracked 
|  64|0x000000070da00000, 0x000000070da00000, 0x000000070dc00000|  0%| F|  |TAMS 0x000000070da00000, 0x000000070da00000| Untracked 
|  65|0x000000070dc00000, 0x000000070dc00000, 0x000000070de00000|  0%| F|  |TAMS 0x000000070dc00000, 0x000000070dc00000| Untracked 
|  66|0x000000070de00000, 0x000000070de00000, 0x000000070e000000|  0%| F|  |TAMS 0x000000070de00000, 0x000000070de00000| Untracked 
|  67|0x000000070e000000, 0x000000070e000000, 0x000000070e200000|  0%| F|  |TAMS 0x000000070e000000, 0x000000070e000000| Untracked 
|  68|0x000000070e200000, 0x000000070e200000, 0x000000070e400000|  0%| F|  |TAMS 0x000000070e200000, 0x000000070e200000| Untracked 
|  69|0x000000070e400000, 0x000000070e400000, 0x000000070e600000|  0%| F|  |TAMS 0x000000070e400000, 0x000000070e400000| Untracked 
|  70|0x000000070e600000, 0x000000070e600000, 0x000000070e800000|  0%| F|  |TAMS 0x000000070e600000, 0x000000070e600000| Untracked 
|  71|0x000000070e800000, 0x000000070e800000, 0x000000070ea00000|  0%| F|  |TAMS 0x000000070e800000, 0x000000070e800000| Untracked 
|  72|0x000000070ea00000, 0x000000070ea00000, 0x000000070ec00000|  0%| F|  |TAMS 0x000000070ea00000, 0x000000070ea00000| Untracked 
|  73|0x000000070ec00000, 0x000000070ec00000, 0x000000070ee00000|  0%| F|  |TAMS 0x000000070ec00000, 0x000000070ec00000| Untracked 
|  74|0x000000070ee00000, 0x000000070ee00000, 0x000000070f000000|  0%| F|  |TAMS 0x000000070ee00000, 0x000000070ee00000| Untracked 
|  75|0x000000070f000000, 0x000000070f000000, 0x000000070f200000|  0%| F|  |TAMS 0x000000070f000000, 0x000000070f000000| Untracked 
|  76|0x000000070f200000, 0x000000070f200000, 0x000000070f400000|  0%| F|  |TAMS 0x000000070f200000, 0x000000070f200000| Untracked 
|  77|0x000000070f400000, 0x000000070f400000, 0x000000070f600000|  0%| F|  |TAMS 0x000000070f400000, 0x000000070f400000| Untracked 
|  78|0x000000070f600000, 0x000000070f600000, 0x000000070f800000|  0%| F|  |TAMS 0x000000070f600000, 0x000000070f600000| Untracked 
|  79|0x000000070f800000, 0x000000070f800000, 0x000000070fa00000|  0%| F|  |TAMS 0x000000070f800000, 0x000000070f800000| Untracked 
|  80|0x000000070fa00000, 0x000000070fa00000, 0x000000070fc00000|  0%| F|  |TAMS 0x000000070fa00000, 0x000000070fa00000| Untracked 
|  81|0x000000070fc00000, 0x000000070fc00000, 0x000000070fe00000|  0%| F|  |TAMS 0x000000070fc00000, 0x000000070fc00000| Untracked 
|  82|0x000000070fe00000, 0x000000070fe00000, 0x0000000710000000|  0%| F|  |TAMS 0x000000070fe00000, 0x000000070fe00000| Untracked 
|  83|0x0000000710000000, 0x0000000710000000, 0x0000000710200000|  0%| F|  |TAMS 0x0000000710000000, 0x0000000710000000| Untracked 
|  84|0x0000000710200000, 0x0000000710200000, 0x0000000710400000|  0%| F|  |TAMS 0x0000000710200000, 0x0000000710200000| Untracked 
|  85|0x0000000710400000, 0x0000000710400000, 0x0000000710600000|  0%| F|  |TAMS 0x0000000710400000, 0x0000000710400000| Untracked 
|  86|0x0000000710600000, 0x0000000710600000, 0x0000000710800000|  0%| F|  |TAMS 0x0000000710600000, 0x0000000710600000| Untracked 
|  87|0x0000000710800000, 0x0000000710800000, 0x0000000710a00000|  0%| F|  |TAMS 0x0000000710800000, 0x0000000710800000| Untracked 
|  88|0x0000000710a00000, 0x0000000710a00000, 0x0000000710c00000|  0%| F|  |TAMS 0x0000000710a00000, 0x0000000710a00000| Untracked 
|  89|0x0000000710c00000, 0x0000000710c00000, 0x0000000710e00000|  0%| F|  |TAMS 0x0000000710c00000, 0x0000000710c00000| Untracked 
|  90|0x0000000710e00000, 0x0000000710e00000, 0x0000000711000000|  0%| F|  |TAMS 0x0000000710e00000, 0x0000000710e00000| Untracked 
|  91|0x0000000711000000, 0x0000000711000000, 0x0000000711200000|  0%| F|  |TAMS 0x0000000711000000, 0x0000000711000000| Untracked 
|  92|0x0000000711200000, 0x0000000711200000, 0x0000000711400000|  0%| F|  |TAMS 0x0000000711200000, 0x0000000711200000| Untracked 
|  93|0x0000000711400000, 0x0000000711400000, 0x0000000711600000|  0%| F|  |TAMS 0x0000000711400000, 0x0000000711400000| Untracked 
|  94|0x0000000711600000, 0x0000000711600000, 0x0000000711800000|  0%| F|  |TAMS 0x0000000711600000, 0x0000000711600000| Untracked 
|  95|0x0000000711800000, 0x0000000711800000, 0x0000000711a00000|  0%| F|  |TAMS 0x0000000711800000, 0x0000000711800000| Untracked 
|  96|0x0000000711a00000, 0x0000000711a00000, 0x0000000711c00000|  0%| F|  |TAMS 0x0000000711a00000, 0x0000000711a00000| Untracked 
|  97|0x0000000711c00000, 0x0000000711c00000, 0x0000000711e00000|  0%| F|  |TAMS 0x0000000711c00000, 0x0000000711c00000| Untracked 
|  98|0x0000000711e00000, 0x0000000711e00000, 0x0000000712000000|  0%| F|  |TAMS 0x0000000711e00000, 0x0000000711e00000| Untracked 
|  99|0x0000000712000000, 0x0000000712000000, 0x0000000712200000|  0%| F|  |TAMS 0x0000000712000000, 0x0000000712000000| Untracked 
| 100|0x0000000712200000, 0x0000000712200000, 0x0000000712400000|  0%| F|  |TAMS 0x0000000712200000, 0x0000000712200000| Untracked 
| 101|0x0000000712400000, 0x0000000712400000, 0x0000000712600000|  0%| F|  |TAMS 0x0000000712400000, 0x0000000712400000| Untracked 
| 102|0x0000000712600000, 0x0000000712600000, 0x0000000712800000|  0%| F|  |TAMS 0x0000000712600000, 0x0000000712600000| Untracked 
| 103|0x0000000712800000, 0x0000000712800000, 0x0000000712a00000|  0%| F|  |TAMS 0x0000000712800000, 0x0000000712800000| Untracked 
| 104|0x0000000712a00000, 0x0000000712a00000, 0x0000000712c00000|  0%| F|  |TAMS 0x0000000712a00000, 0x0000000712a00000| Untracked 
| 105|0x0000000712c00000, 0x0000000712c00000, 0x0000000712e00000|  0%| F|  |TAMS 0x0000000712c00000, 0x0000000712c00000| Untracked 
| 106|0x0000000712e00000, 0x0000000712e00000, 0x0000000713000000|  0%| F|  |TAMS 0x0000000712e00000, 0x0000000712e00000| Untracked 
| 107|0x0000000713000000, 0x0000000713000000, 0x0000000713200000|  0%| F|  |TAMS 0x0000000713000000, 0x0000000713000000| Untracked 
| 108|0x0000000713200000, 0x0000000713200000, 0x0000000713400000|  0%| F|  |TAMS 0x0000000713200000, 0x0000000713200000| Untracked 
| 109|0x0000000713400000, 0x0000000713400000, 0x0000000713600000|  0%| F|  |TAMS 0x0000000713400000, 0x0000000713400000| Untracked 
| 110|0x0000000713600000, 0x0000000713600000, 0x0000000713800000|  0%| F|  |TAMS 0x0000000713600000, 0x0000000713600000| Untracked 
| 111|0x0000000713800000, 0x0000000713800000, 0x0000000713a00000|  0%| F|  |TAMS 0x0000000713800000, 0x0000000713800000| Untracked 
| 112|0x0000000713a00000, 0x0000000713a00000, 0x0000000713c00000|  0%| F|  |TAMS 0x0000000713a00000, 0x0000000713a00000| Untracked 
| 113|0x0000000713c00000, 0x0000000713c00000, 0x0000000713e00000|  0%| F|  |TAMS 0x0000000713c00000, 0x0000000713c00000| Untracked 
| 114|0x0000000713e00000, 0x0000000713f90a40, 0x0000000714000000| 78%| S|CS|TAMS 0x0000000713e00000, 0x0000000713e00000| Complete 
| 115|0x0000000714000000, 0x0000000714000000, 0x0000000714200000|  0%| F|  |TAMS 0x0000000714000000, 0x0000000714000000| Untracked 
| 116|0x0000000714200000, 0x0000000714200000, 0x0000000714400000|  0%| F|  |TAMS 0x0000000714200000, 0x0000000714200000| Untracked 
| 117|0x0000000714400000, 0x0000000714400000, 0x0000000714600000|  0%| F|  |TAMS 0x0000000714400000, 0x0000000714400000| Untracked 
| 118|0x0000000714600000, 0x0000000714600000, 0x0000000714800000|  0%| F|  |TAMS 0x0000000714600000, 0x0000000714600000| Untracked 
| 119|0x0000000714800000, 0x0000000714800000, 0x0000000714a00000|  0%| F|  |TAMS 0x0000000714800000, 0x0000000714800000| Untracked 
| 120|0x0000000714a00000, 0x0000000714a00000, 0x0000000714c00000|  0%| F|  |TAMS 0x0000000714a00000, 0x0000000714a00000| Untracked 
| 121|0x0000000714c00000, 0x0000000714c00000, 0x0000000714e00000|  0%| F|  |TAMS 0x0000000714c00000, 0x0000000714c00000| Untracked 
| 122|0x0000000714e00000, 0x0000000714e00000, 0x0000000715000000|  0%| F|  |TAMS 0x0000000714e00000, 0x0000000714e00000| Untracked 
| 123|0x0000000715000000, 0x0000000715000000, 0x0000000715200000|  0%| F|  |TAMS 0x0000000715000000, 0x0000000715000000| Untracked 
| 124|0x0000000715200000, 0x00000007152bde58, 0x0000000715400000| 37%| E|  |TAMS 0x0000000715200000, 0x0000000715200000| Complete 
| 125|0x0000000715400000, 0x0000000715600000, 0x0000000715600000|100%| E|CS|TAMS 0x0000000715400000, 0x0000000715400000| Complete 

Card table byte_map: [0x000001f4d4780000,0x000001f4d4f60000] _byte_map_base: 0x000001f4d0f53000

Marking Bits (Prev, Next): (CMBitMap*) 0x000001f4bad48f30, (CMBitMap*) 0x000001f4bad48f70
 Prev Bits: [0x000001f4d5740000, 0x000001f4d95d8000)
 Next Bits: [0x000001f4d95e0000, 0x000001f4dd478000)

Polling page: 0x000001f4c3fa0000

Metaspace:

Usage:
  Non-class:      1.89 MB used.
      Class:    179.44 KB used.
       Both:      2.07 MB used.

Virtual space:
  Non-class space:       64.00 MB reserved,       2.00 MB (  3%) committed,  1 nodes.
      Class space:        1.00 GB reserved,     256.00 KB ( <1%) committed,  1 nodes.
             Both:        1.06 GB reserved,       2.25 MB ( <1%) committed. 

Chunk freelists:
   Non-Class:  11.24 MB
       Class:  15.65 MB
        Both:  26.89 MB

MaxMetaspaceSize: unlimited
CompressedClassSpaceSize: 1.00 GB
Initial GC threshold: 21.00 MB
Current GC threshold: 21.00 MB
CDS: on
MetaspaceReclaimPolicy: balanced
 - commit_granule_bytes: 65536.
 - commit_granule_words: 8192.
 - virtual_space_node_default_size: 8388608.
 - enlarge_chunks_in_place: 1.
 - new_chunks_are_fully_committed: 0.
 - uncommit_free_chunks: 1.
 - use_allocation_guard: 0.
 - handle_deallocations: 1.


Internal statistics:

num_allocs_failed_limit: 0.
num_arena_births: 32.
num_arena_deaths: 0.
num_vsnodes_births: 2.
num_vsnodes_deaths: 0.
num_space_committed: 36.
num_space_uncommitted: 0.
num_chunks_returned_to_freelist: 0.
num_chunks_taken_from_freelist: 70.
num_chunk_merges: 0.
num_chunk_splits: 52.
num_chunks_enlarged: 39.
num_inconsistent_stats: 0.

CodeHeap 'non-profiled nmethods': size=119168Kb used=470Kb max_used=470Kb free=118697Kb
 bounds [0x000001f4cbb60000, 0x000001f4cbdd0000, 0x000001f4d2fc0000]
CodeHeap 'profiled nmethods': size=119104Kb used=1404Kb max_used=1404Kb free=117699Kb
 bounds [0x000001f4c3fc0000, 0x000001f4c4230000, 0x000001f4cb410000]
CodeHeap 'non-nmethods': size=7488Kb used=1160Kb max_used=2310Kb free=6328Kb
 bounds [0x000001f4cb410000, 0x000001f4cb680000, 0x000001f4cbb60000]
 total_blobs=1283 nmethods=846 adapters=350
 compilation: enabled
              stopped_count=0, restarted_count=0
 full_count=0

Compilation events (20 events):
Event: 6.259 Thread 0x000001f4dfc67530  834       3       java.lang.invoke.LambdaForm$MH/0x000001f4e2019000::invoke (27 bytes)
Event: 6.259 Thread 0x000001f4e06667d0  833       3       java.lang.invoke.LambdaForm$MH/0x000001f4e2019400::invoke (75 bytes)
Event: 6.260 Thread 0x000001f4dfc67530 nmethod 834 0x000001f4c411ac10 code [0x000001f4c411adc0, 0x000001f4c411b178]
Event: 6.260 Thread 0x000001f4dfc67530  835       3       java.lang.invoke.DirectMethodHandle$Holder::invokeStatic (17 bytes)
Event: 6.260 Thread 0x000001f4dfc67530 nmethod 835 0x000001f4c411b290 code [0x000001f4c411b460, 0x000001f4c411b858]
Event: 6.260 Thread 0x000001f4dfc67530  836       3       java.lang.StringConcatHelper::mix (11 bytes)
Event: 6.260 Thread 0x000001f4e06667d0 nmethod 833 0x000001f4c411b990 code [0x000001f4c411bba0, 0x000001f4c411c4e8]
Event: 6.260 Thread 0x000001f4e06667d0  837       3       java.lang.invoke.DirectMethodHandle$Holder::invokeStatic (14 bytes)
Event: 6.261 Thread 0x000001f4dfc67530 nmethod 836 0x000001f4c411c790 code [0x000001f4c411c940, 0x000001f4c411cbb8]
Event: 6.261 Thread 0x000001f4dfc67530  838       3       java.lang.invoke.LambdaForm$MH/0x000001f4e2018400::invoke (32 bytes)
Event: 6.261 Thread 0x000001f4e06667d0 nmethod 837 0x000001f4c411cd10 code [0x000001f4c411cee0, 0x000001f4c411d338]
Event: 6.261 Thread 0x000001f4e06667d0  839       3       java.lang.invoke.DirectMethodHandle$Holder::invokeStatic (21 bytes)
Event: 6.261 Thread 0x000001f4dfc67530 nmethod 838 0x000001f4c411d490 code [0x000001f4c411d660, 0x000001f4c411db38]
Event: 6.261 Thread 0x000001f4dfc67530  840       3       java.lang.StringConcatHelper::prepend (22 bytes)
Event: 6.261 Thread 0x000001f4e06667d0 nmethod 839 0x000001f4c411dc90 code [0x000001f4c411de60, 0x000001f4c411e378]
Event: 6.262 Thread 0x000001f4dfc67530 nmethod 840 0x000001f4c411e490 code [0x000001f4c411e660, 0x000001f4c411e8e8]
Event: 8.399 Thread 0x000001f4dfc67530  841       3       java.lang.invoke.DirectMethodHandle$Holder::invokeStatic (17 bytes)
Event: 8.400 Thread 0x000001f4dfc67530 nmethod 841 0x000001f4c411ea10 code [0x000001f4c411ebe0, 0x000001f4c411f0f8]
Event: 11.093 Thread 0x000001f4dfc5c430  846       4       java.util.HashMap::getNode (150 bytes)
Event: 11.107 Thread 0x000001f4dfc5c430 nmethod 846 0x000001f4cbbd4c10 code [0x000001f4cbbd4dc0, 0x000001f4cbbd5468]

GC Heap History (2 events):
Event: 1.861 GC heap before
{Heap before GC invocations=0 (full 0):
 garbage-first heap   total 258048K, used 22528K [0x0000000705a00000, 0x0000000800000000)
  region size 2048K, 11 young (22528K), 0 survivors (0K)
 Metaspace       used 2023K, committed 2176K, reserved 1114112K
  class space    used 176K, committed 256K, reserved 1048576K
}
Event: 1.865 GC heap after
{Heap after GC invocations=1 (full 0):
 garbage-first heap   total 258048K, used 1602K [0x0000000705a00000, 0x0000000800000000)
  region size 2048K, 1 young (2048K), 1 survivors (2048K)
 Metaspace       used 2023K, committed 2176K, reserved 1114112K
  class space    used 176K, committed 256K, reserved 1048576K
}

Dll operation events (20 events):
Event: 0.603 Loaded shared library C:\Program Files (x86)\Windows Kits\10\Redist\ucrt\DLLs\x64\api-ms-win-core-rtlsupport-l1-1-0.dll
Event: 0.632 Loaded shared library C:\Program Files (x86)\Windows Kits\10\Redist\ucrt\DLLs\x64\api-ms-win-core-processthreads-l1-1-1.dll
Event: 0.648 Loaded shared library C:\Program Files (x86)\Windows Kits\10\Redist\ucrt\DLLs\x64\api-ms-win-core-file-l1-2-0.dll
Event: 0.662 Loaded shared library C:\Program Files (x86)\Windows Kits\10\Redist\ucrt\DLLs\x64\api-ms-win-core-profile-l1-1-0.dll
Event: 0.679 Loaded shared library C:\Program Files (x86)\Windows Kits\10\Redist\ucrt\DLLs\x64\api-ms-win-core-memory-l1-1-0.dll
Event: 0.699 Loaded shared library C:\Program Files (x86)\Windows Kits\10\Redist\ucrt\DLLs\x64\api-ms-win-core-util-l1-1-0.dll
Event: 0.712 Loaded shared library C:\Program Files (x86)\Windows Kits\10\Redist\ucrt\DLLs\x64\api-ms-win-core-interlocked-l1-1-0.dll
Event: 0.729 Loaded shared library C:\Program Files (x86)\Windows Kits\10\Redist\ucrt\DLLs\x64\ucrtbase.dll
Event: 0.749 Loaded shared library C:\Users\luczu\.jdks\corretto-17.0.10\bin\vcruntime140.dll
Event: 0.759 Loaded shared library C:\Users\luczu\.jdks\corretto-17.0.10\bin\vcruntime140_1.dll
Event: 0.771 Loaded shared library C:\Users\luczu\.jdks\corretto-17.0.10\bin\msvcp140.dll
Event: 0.796 Loaded shared library C:\Windows\System32\msvcp140_1.dll
Event: 0.818 Loaded shared library C:\Windows\System32\concrt140.dll
Event: 0.836 Loaded shared library C:\Windows\System32\vcomp140.dll
Event: 0.866 Loaded shared library C:\Windows\System32\winmm.dll
Event: 0.870 Loaded shared library C:\Windows\System32\opengl32.dll
Event: 0.871 Loaded shared library C:\Windows\System32\user32.dll
Event: 0.873 Loaded shared library C:\Windows\System32\shell32.dll
Event: 0.874 Loaded shared library C:\Windows\System32\gdi32.dll
Event: 0.904 Loaded shared library C:\Users\luczu\.javacpp\cache\jaylib-4.5.0-0.jar\com\raylib\windows-x86_64\jniRaylib.dll

Deoptimization events (20 events):
Event: 0.856 Thread 0x000001f4bacdd560 DEOPT PACKING pc=0x000001f4cbb98984 sp=0x00000067180fd930
Event: 0.857 Thread 0x000001f4bacdd560 DEOPT UNPACKING pc=0x000001f4cb46a1a3 sp=0x00000067180fd8c0 mode 2
Event: 0.867 Thread 0x000001f4bacdd560 Uncommon trap: trap_request=0xffffff45 fr.pc=0x000001f4cbba2aa4 relative=0x0000000000003d44
Event: 0.867 Thread 0x000001f4bacdd560 Uncommon trap: reason=unstable_if action=reinterpret pc=0x000001f4cbba2aa4 method=sun.net.www.ParseUtil.firstEncodeIndex(Ljava/lang/String;)I @ 51 c2
Event: 0.867 Thread 0x000001f4bacdd560 DEOPT PACKING pc=0x000001f4cbba2aa4 sp=0x00000067180fd9f0
Event: 0.867 Thread 0x000001f4bacdd560 DEOPT UNPACKING pc=0x000001f4cb46a1a3 sp=0x00000067180fd710 mode 2
Event: 0.867 Thread 0x000001f4bacdd560 Uncommon trap: trap_request=0xffffff45 fr.pc=0x000001f4cbbb7ba4 relative=0x0000000000003d44
Event: 0.867 Thread 0x000001f4bacdd560 Uncommon trap: reason=unstable_if action=reinterpret pc=0x000001f4cbbb7ba4 method=sun.net.www.ParseUtil.firstEncodeIndex(Ljava/lang/String;)I @ 51 c2
Event: 0.867 Thread 0x000001f4bacdd560 DEOPT PACKING pc=0x000001f4cbbb7ba4 sp=0x00000067180fd980
Event: 0.867 Thread 0x000001f4bacdd560 DEOPT UNPACKING pc=0x000001f4cb46a1a3 sp=0x00000067180fd708 mode 2
Event: 0.867 Thread 0x000001f4bacdd560 Uncommon trap: trap_request=0xffffff45 fr.pc=0x000001f4cbb84c28 relative=0x0000000000000208
Event: 0.867 Thread 0x000001f4bacdd560 Uncommon trap: reason=unstable_if action=reinterpret pc=0x000001f4cbb84c28 method=sun.net.www.ParseUtil.firstEncodeIndex(Ljava/lang/String;)I @ 51 c2
Event: 0.867 Thread 0x000001f4bacdd560 DEOPT PACKING pc=0x000001f4cbb84c28 sp=0x00000067180fd7a0
Event: 0.867 Thread 0x000001f4bacdd560 DEOPT UNPACKING pc=0x000001f4cb46a1a3 sp=0x00000067180fd748 mode 2
Event: 0.875 Thread 0x000001f4bacdd560 DEOPT PACKING pc=0x000001f4c40a9918 sp=0x00000067180fd6f0
Event: 0.876 Thread 0x000001f4bacdd560 DEOPT UNPACKING pc=0x000001f4cb46ace3 sp=0x00000067180fcbf8 mode 0
Event: 1.925 Thread 0x000001f4bacdd560 Uncommon trap: trap_request=0xffffff45 fr.pc=0x000001f4cbb92be0 relative=0x00000000000000e0
Event: 1.925 Thread 0x000001f4bacdd560 Uncommon trap: reason=unstable_if action=reinterpret pc=0x000001f4cbb92be0 method=java.lang.ref.SoftReference.get()Ljava/lang/Object; @ 17 c2
Event: 1.925 Thread 0x000001f4bacdd560 DEOPT PACKING pc=0x000001f4cbb92be0 sp=0x00000067180fe7a0
Event: 1.925 Thread 0x000001f4bacdd560 DEOPT UNPACKING pc=0x000001f4cb46a1a3 sp=0x00000067180fe758 mode 2

Classes unloaded (0 events):
No events

Classes redefined (0 events):
No events

Internal exceptions (7 events):
Event: 0.202 Thread 0x000001f4bacdd560 Exception <a 'java/lang/NoSuchMethodError'{0x0000000715244498}: 'int java.lang.invoke.DirectMethodHandle$Holder.invokeStaticInit(java.lang.Object, java.lang.Object, java.lang.Object, java.lang.Object)'> (0x0000000715244498) 
thrown [s\src\hotspot\share\interpreter\linkResolver.cpp, line 759]
Event: 0.204 Thread 0x000001f4bacdd560 Exception <a 'java/lang/NoSuchMethodError'{0x000000071524f1a8}: 'java.lang.Object java.lang.invoke.DirectMethodHandle$Holder.invokeInterface(java.lang.Object, java.lang.Object)'> (0x000000071524f1a8) 
thrown [s\src\hotspot\share\interpreter\linkResolver.cpp, line 759]
Event: 0.204 Thread 0x000001f4bacdd560 Exception <a 'java/lang/IncompatibleClassChangeError'{0x00000007152528c0}: Found class java.lang.Object, but interface was expected> (0x00000007152528c0) 
thrown [s\src\hotspot\share\interpreter\linkResolver.cpp, line 826]
Event: 0.205 Thread 0x000001f4bacdd560 Exception <a 'java/lang/NoSuchMethodError'{0x0000000715255a68}: 'void java.lang.invoke.DirectMethodHandle$Holder.invokeStatic(java.lang.Object, java.lang.Object)'> (0x0000000715255a68) 
thrown [s\src\hotspot\share\interpreter\linkResolver.cpp, line 759]
Event: 0.206 Thread 0x000001f4bacdd560 Exception <a 'java/lang/NoSuchMethodError'{0x00000007152590d8}: 'void java.lang.invoke.DirectMethodHandle$Holder.invokeStaticInit(java.lang.Object, java.lang.Object)'> (0x00000007152590d8) 
thrown [s\src\hotspot\share\interpreter\linkResolver.cpp, line 759]
Event: 0.207 Thread 0x000001f4bacdd560 Exception <a 'java/lang/NoSuchMethodError'{0x000000071525f7a0}: 'int java.lang.invoke.DirectMethodHandle$Holder.invokeStaticInit(java.lang.Object, java.lang.Object)'> (0x000000071525f7a0) 
thrown [s\src\hotspot\share\interpreter\linkResolver.cpp, line 759]
Event: 0.900 Thread 0x000001f4bacdd560 Exception <a 'java/lang/NoSuchMethodError'{0x0000000714111fb8}: 'java.lang.Object java.lang.invoke.DirectMethodHandle$Holder.invokeStatic(java.lang.Object, int, java.lang.Object)'> (0x0000000714111fb8) 
thrown [s\src\hotspot\share\interpreter\linkResolver.cpp, line 759]

VM Operations (8 events):
Event: 0.161 Executing VM operation: HandshakeAllThreads
Event: 0.162 Executing VM operation: HandshakeAllThreads done
Event: 0.258 Executing VM operation: HandshakeAllThreads
Event: 0.258 Executing VM operation: HandshakeAllThreads done
Event: 1.263 Executing VM operation: Cleanup
Event: 1.263 Executing VM operation: Cleanup done
Event: 1.860 Executing VM operation: G1CollectForAllocation
Event: 1.866 Executing VM operation: G1CollectForAllocation done

Events (20 events):
Event: 0.892 loading class java/io/Externalizable done
Event: 0.892 loading class java/time/zone/Ser done
Event: 0.893 loading class java/time/Month
Event: 0.893 loading class java/time/Month done
Event: 0.894 loading class java/time/DayOfWeek
Event: 0.894 loading class java/time/DayOfWeek done
Event: 0.895 loading class java/time/zone/ZoneOffsetTransitionRule$TimeDefinition
Event: 0.895 loading class java/time/zone/ZoneOffsetTransitionRule$TimeDefinition done
Event: 0.897 loading class java/time/zone/ZoneOffsetTransition
Event: 0.898 loading class java/time/zone/ZoneOffsetTransition done
Event: 0.899 loading class java/time/temporal/TemporalAdjusters
Event: 0.899 loading class java/time/temporal/TemporalAdjusters done
Event: 0.902 loading class java/time/zone/ZoneOffsetTransitionRule$1
Event: 0.902 loading class java/time/zone/ZoneOffsetTransitionRule$1 done
Event: 0.902 loading class java/util/concurrent/TimeUnit$1
Event: 0.902 loading class java/util/concurrent/TimeUnit$1 done
Event: 1.859 Thread 0x000001f526069c10 Thread exited: 0x000001f526069c10
Event: 1.859 Thread 0x000001f52606ac00 Thread exited: 0x000001f52606ac00
Event: 4.060 Thread 0x000001f52606b150 Thread exited: 0x000001f52606b150
Event: 8.399 Thread 0x000001f4e06667d0 Thread exited: 0x000001f4e06667d0


Dynamic libraries:
0x00007ff60f4e0000 - 0x00007ff60f4ee000 	C:\Users\luczu\.jdks\corretto-17.0.10\bin\java.exe
0x00007ffb26bf0000 - 0x00007ffb26e07000 	C:\WINDOWS\SYSTEM32\ntdll.dll
0x00007ffb263d0000 - 0x00007ffb26494000 	C:\WINDOWS\System32\KERNEL32.DLL
0x00007ffb24300000 - 0x00007ffb246a6000 	C:\WINDOWS\System32\KERNELBASE.dll
0x00007ffb246b0000 - 0x00007ffb247c1000 	C:\WINDOWS\System32\ucrtbase.dll
0x00007ffadf1b0000 - 0x00007ffadf1cb000 	C:\Users\luczu\.jdks\corretto-17.0.10\bin\VCRUNTIME140.dll
0x00007ffae6690000 - 0x00007ffae66a7000 	C:\Users\luczu\.jdks\corretto-17.0.10\bin\jli.dll
0x00007ffb24940000 - 0x00007ffb24aee000 	C:\WINDOWS\System32\USER32.dll
0x00007ffb24910000 - 0x00007ffb24936000 	C:\WINDOWS\System32\win32u.dll
0x00007ffafb6d0000 - 0x00007ffafb963000 	C:\WINDOWS\WinSxS\amd64_microsoft.windows.common-controls_6595b64144ccf1df_6.0.22621.2506_none_270c5ae97388e100\COMCTL32.dll
0x00007ffb25f30000 - 0x00007ffb25f59000 	C:\WINDOWS\System32\GDI32.dll
0x00007ffb25ca0000 - 0x00007ffb25d47000 	C:\WINDOWS\System32\msvcrt.dll
0x00007ffb23ff0000 - 0x00007ffb24108000 	C:\WINDOWS\System32\gdi32full.dll
0x00007ffb24800000 - 0x00007ffb2489a000 	C:\WINDOWS\System32\msvcp_win.dll
0x00007ffb26830000 - 0x00007ffb26861000 	C:\WINDOWS\System32\IMM32.DLL
0x00007ffb1b5f0000 - 0x00007ffb1b5fc000 	C:\Users\luczu\.jdks\corretto-17.0.10\bin\vcruntime140_1.dll
0x00007ffabee70000 - 0x00007ffabeefd000 	C:\Users\luczu\.jdks\corretto-17.0.10\bin\msvcp140.dll
0x00007ffa58b40000 - 0x00007ffa597a2000 	C:\Users\luczu\.jdks\corretto-17.0.10\bin\server\jvm.dll
0x00007ffb25be0000 - 0x00007ffb25c93000 	C:\WINDOWS\System32\ADVAPI32.dll
0x00007ffb25050000 - 0x00007ffb250f8000 	C:\WINDOWS\System32\sechost.dll
0x00007ffb247d0000 - 0x00007ffb247f8000 	C:\WINDOWS\System32\bcrypt.dll
0x00007ffb26610000 - 0x00007ffb26727000 	C:\WINDOWS\System32\RPCRT4.dll
0x00007ffb1b5c0000 - 0x00007ffb1b5ca000 	C:\WINDOWS\SYSTEM32\VERSION.dll
0x00007ffb22db0000 - 0x00007ffb22dfd000 	C:\WINDOWS\SYSTEM32\POWRPROF.dll
0x00007ffae66f0000 - 0x00007ffae66f9000 	C:\WINDOWS\SYSTEM32\WSOCK32.dll
0x00007ffb19ec0000 - 0x00007ffb19ef4000 	C:\WINDOWS\SYSTEM32\WINMM.dll
0x00007ffb25d50000 - 0x00007ffb25dc1000 	C:\WINDOWS\System32\WS2_32.dll
0x00007ffb22d90000 - 0x00007ffb22da3000 	C:\WINDOWS\SYSTEM32\UMPDC.dll
0x00007ffb22fb0000 - 0x00007ffb22fc8000 	C:\WINDOWS\SYSTEM32\kernel.appcore.dll
0x00007ffaf55c0000 - 0x00007ffaf55ca000 	C:\Users\luczu\.jdks\corretto-17.0.10\bin\jimage.dll
0x00007ffb217d0000 - 0x00007ffb21a03000 	C:\WINDOWS\SYSTEM32\DBGHELP.DLL
0x00007ffb25f60000 - 0x00007ffb262e9000 	C:\WINDOWS\System32\combase.dll
0x00007ffb262f0000 - 0x00007ffb263c7000 	C:\WINDOWS\System32\OLEAUT32.dll
0x00007ffb0f170000 - 0x00007ffb0f1a2000 	C:\WINDOWS\SYSTEM32\dbgcore.DLL
0x00007ffb24110000 - 0x00007ffb2418a000 	C:\WINDOWS\System32\bcryptPrimitives.dll
0x00007ffad7f60000 - 0x00007ffad7f85000 	C:\Users\luczu\.jdks\corretto-17.0.10\bin\java.dll
0x00007ffabd480000 - 0x00007ffabd557000 	C:\Users\luczu\.jdks\corretto-17.0.10\bin\jsvml.dll
0x00007ffb25110000 - 0x00007ffb2596a000 	C:\WINDOWS\System32\SHELL32.dll
0x00007ffb21e40000 - 0x00007ffb22736000 	C:\WINDOWS\SYSTEM32\windows.storage.dll
0x00007ffb21d00000 - 0x00007ffb21e3e000 	C:\WINDOWS\SYSTEM32\wintypes.dll
0x00007ffb26730000 - 0x00007ffb26823000 	C:\WINDOWS\System32\SHCORE.dll
0x00007ffb26550000 - 0x00007ffb265ae000 	C:\WINDOWS\System32\shlwapi.dll
0x00007ffb23e60000 - 0x00007ffb23e86000 	C:\WINDOWS\SYSTEM32\profapi.dll
0x00007ffade170000 - 0x00007ffade189000 	C:\Users\luczu\.jdks\corretto-17.0.10\bin\net.dll
0x00007ffb1a9e0000 - 0x00007ffb1ab17000 	C:\WINDOWS\SYSTEM32\WINHTTP.dll
0x00007ffb234d0000 - 0x00007ffb23539000 	C:\WINDOWS\system32\mswsock.dll
0x00007ffabee50000 - 0x00007ffabee66000 	C:\Users\luczu\.jdks\corretto-17.0.10\bin\nio.dll
0x00007ffabee30000 - 0x00007ffabee48000 	C:\Users\luczu\.jdks\corretto-17.0.10\bin\zip.dll
0x000001f4e0a50000 - 0x000001f4e0a53000 	C:\Program Files (x86)\Windows Kits\10\Redist\ucrt\DLLs\x64\api-ms-win-crt-locale-l1-1-0.dll
0x000001f4e0a60000 - 0x000001f4e0a64000 	C:\Program Files (x86)\Windows Kits\10\Redist\ucrt\DLLs\x64\api-ms-win-crt-string-l1-1-0.dll
0x000001f4e0a70000 - 0x000001f4e0a74000 	C:\Program Files (x86)\Windows Kits\10\Redist\ucrt\DLLs\x64\api-ms-win-crt-stdio-l1-1-0.dll
0x000001f4e0a80000 - 0x000001f4e0a85000 	C:\Program Files (x86)\Windows Kits\10\Redist\ucrt\DLLs\x64\api-ms-win-crt-math-l1-1-0.dll
0x000001f4e0a90000 - 0x000001f4e0a93000 	C:\Program Files (x86)\Windows Kits\10\Redist\ucrt\DLLs\x64\api-ms-win-crt-heap-l1-1-0.dll
0x000001f4e0aa0000 - 0x000001f4e0aa4000 	C:\Program Files (x86)\Windows Kits\10\Redist\ucrt\DLLs\x64\api-ms-win-crt-runtime-l1-1-0.dll
0x000001f4e0ab0000 - 0x000001f4e0ab4000 	C:\Program Files (x86)\Windows Kits\10\Redist\ucrt\DLLs\x64\api-ms-win-crt-convert-l1-1-0.dll
0x000001f4e0ac0000 - 0x000001f4e0ac3000 	C:\Program Files (x86)\Windows Kits\10\Redist\ucrt\DLLs\x64\api-ms-win-crt-environment-l1-1-0.dll
0x000001f4e0ad0000 - 0x000001f4e0ad3000 	C:\Program Files (x86)\Windows Kits\10\Redist\ucrt\DLLs\x64\api-ms-win-crt-time-l1-1-0.dll
0x000001f4e0ae0000 - 0x000001f4e0ae3000 	C:\Program Files (x86)\Windows Kits\10\Redist\ucrt\DLLs\x64\api-ms-win-crt-filesystem-l1-1-0.dll
0x000001f4e0af0000 - 0x000001f4e0af3000 	C:\Program Files (x86)\Windows Kits\10\Redist\ucrt\DLLs\x64\api-ms-win-crt-utility-l1-1-0.dll
0x000001f4e0b00000 - 0x000001f4e0b05000 	C:\Program Files (x86)\Windows Kits\10\Redist\ucrt\DLLs\x64\api-ms-win-crt-multibyte-l1-1-0.dll
0x000001f4e0b10000 - 0x000001f4e0b13000 	C:\Program Files (x86)\Windows Kits\10\Redist\ucrt\DLLs\x64\api-ms-win-crt-conio-l1-1-0.dll
0x000001f4e0b20000 - 0x000001f4e0b2f000 	C:\Program Files (x86)\Windows Kits\10\Redist\ucrt\DLLs\x64\api-ms-win-crt-private-l1-1-0.dll
0x000001f4e0b30000 - 0x000001f4e0b33000 	C:\Program Files (x86)\Windows Kits\10\Redist\ucrt\DLLs\x64\api-ms-win-crt-process-l1-1-0.dll
0x000001f4e0b40000 - 0x000001f4e0b43000 	C:\Program Files\Microsoft\jdk-11.0.12.7-hotspot\bin\api-ms-win-core-console-l1-2-0.dll
0x000001f4e0b50000 - 0x000001f4e0b53000 	C:\Program Files (x86)\Windows Kits\10\Redist\ucrt\DLLs\x64\api-ms-win-core-string-l1-1-0.dll
0x000001f4e0b60000 - 0x000001f4e0b63000 	C:\Program Files (x86)\Windows Kits\10\Redist\ucrt\DLLs\x64\api-ms-win-core-errorhandling-l1-1-0.dll
0x000001f4e0b70000 - 0x000001f4e0b73000 	C:\Program Files (x86)\Windows Kits\10\Redist\ucrt\DLLs\x64\api-ms-win-core-timezone-l1-1-0.dll
0x000001f4e0b80000 - 0x000001f4e0b84000 	C:\Program Files (x86)\Windows Kits\10\Redist\ucrt\DLLs\x64\api-ms-win-core-file-l1-1-0.dll
0x000001f4e0b90000 - 0x000001f4e0b93000 	C:\Program Files (x86)\Windows Kits\10\Redist\ucrt\DLLs\x64\api-ms-win-core-namedpipe-l1-1-0.dll
0x000001f4e0ba0000 - 0x000001f4e0ba3000 	C:\Program Files (x86)\Windows Kits\10\Redist\ucrt\DLLs\x64\api-ms-win-core-handle-l1-1-0.dll
0x000001f4e0bb0000 - 0x000001f4e0bb3000 	C:\Program Files (x86)\Windows Kits\10\Redist\ucrt\DLLs\x64\api-ms-win-core-file-l2-1-0.dll
0x000001f4e0bc0000 - 0x000001f4e0bc3000 	C:\Program Files (x86)\Windows Kits\10\Redist\ucrt\DLLs\x64\api-ms-win-core-heap-l1-1-0.dll
0x000001f4e0bd0000 - 0x000001f4e0bd3000 	C:\Program Files (x86)\Windows Kits\10\Redist\ucrt\DLLs\x64\api-ms-win-core-libraryloader-l1-1-0.dll
0x000001f4e0be0000 - 0x000001f4e0be3000 	C:\Program Files (x86)\Windows Kits\10\Redist\ucrt\DLLs\x64\api-ms-win-core-synch-l1-1-0.dll
0x000001f4e0bf0000 - 0x000001f4e0bf3000 	C:\Program Files (x86)\Windows Kits\10\Redist\ucrt\DLLs\x64\api-ms-win-core-processthreads-l1-1-0.dll
0x000001f4e0c00000 - 0x000001f4e0c03000 	C:\Program Files (x86)\Windows Kits\10\Redist\ucrt\DLLs\x64\api-ms-win-core-processenvironment-l1-1-0.dll
0x000001f4e0c10000 - 0x000001f4e0c13000 	C:\Program Files (x86)\Windows Kits\10\Redist\ucrt\DLLs\x64\api-ms-win-core-datetime-l1-1-0.dll
0x000001f4e0c20000 - 0x000001f4e0c23000 	C:\Program Files (x86)\Windows Kits\10\Redist\ucrt\DLLs\x64\api-ms-win-core-localization-l1-2-0.dll
0x000001f4e0c30000 - 0x000001f4e0c33000 	C:\Program Files (x86)\Windows Kits\10\Redist\ucrt\DLLs\x64\api-ms-win-core-sysinfo-l1-1-0.dll
0x000001f4e0c40000 - 0x000001f4e0c43000 	C:\Program Files (x86)\Windows Kits\10\Redist\ucrt\DLLs\x64\api-ms-win-core-synch-l1-2-0.dll
0x000001f4e0c50000 - 0x000001f4e0c53000 	C:\Program Files (x86)\Windows Kits\10\Redist\ucrt\DLLs\x64\api-ms-win-core-console-l1-1-0.dll
0x000001f4e0c60000 - 0x000001f4e0c63000 	C:\Program Files (x86)\Windows Kits\10\Redist\ucrt\DLLs\x64\api-ms-win-core-debug-l1-1-0.dll
0x000001f4e0c70000 - 0x000001f4e0c73000 	C:\Program Files (x86)\Windows Kits\10\Redist\ucrt\DLLs\x64\api-ms-win-core-rtlsupport-l1-1-0.dll
0x000001f4e0c80000 - 0x000001f4e0c83000 	C:\Program Files (x86)\Windows Kits\10\Redist\ucrt\DLLs\x64\api-ms-win-core-processthreads-l1-1-1.dll
0x000001f4e0c90000 - 0x000001f4e0c93000 	C:\Program Files (x86)\Windows Kits\10\Redist\ucrt\DLLs\x64\api-ms-win-core-file-l1-2-0.dll
0x000001f4e0ca0000 - 0x000001f4e0ca3000 	C:\Program Files (x86)\Windows Kits\10\Redist\ucrt\DLLs\x64\api-ms-win-core-profile-l1-1-0.dll
0x000001f4e0cb0000 - 0x000001f4e0cb3000 	C:\Program Files (x86)\Windows Kits\10\Redist\ucrt\DLLs\x64\api-ms-win-core-memory-l1-1-0.dll
0x000001f4e0cc0000 - 0x000001f4e0cc3000 	C:\Program Files (x86)\Windows Kits\10\Redist\ucrt\DLLs\x64\api-ms-win-core-util-l1-1-0.dll
0x000001f4e0cd0000 - 0x000001f4e0cd3000 	C:\Program Files (x86)\Windows Kits\10\Redist\ucrt\DLLs\x64\api-ms-win-core-interlocked-l1-1-0.dll
0x00007ffabcff0000 - 0x00007ffabd0e2000 	C:\Program Files (x86)\Windows Kits\10\Redist\ucrt\DLLs\x64\ucrtbase.dll
0x00007ffaee370000 - 0x00007ffaee379000 	C:\Windows\System32\msvcp140_1.dll
0x00007ffae2100000 - 0x00007ffae214e000 	C:\Windows\System32\concrt140.dll
0x00007ffadf3a0000 - 0x00007ffadf3d1000 	C:\Windows\System32\vcomp140.dll
0x00007ffaeb340000 - 0x00007ffaeb440000 	C:\Windows\System32\opengl32.dll
0x00007ffaec440000 - 0x00007ffaec46d000 	C:\WINDOWS\SYSTEM32\GLU32.dll
0x00007ffb21030000 - 0x00007ffb21066000 	C:\WINDOWS\SYSTEM32\dxcore.dll
0x00007ffa5d600000 - 0x00007ffa5d81d000 	C:\Users\luczu\.javacpp\cache\jaylib-4.5.0-0.jar\com\raylib\windows-x86_64\jniRaylib.dll
0x00007ffa91b80000 - 0x00007ffa91bc6000 	C:\WINDOWS\SYSTEM32\dinput8.dll
0x00007ffb0b900000 - 0x00007ffb0b911000 	C:\WINDOWS\SYSTEM32\xinput1_4.dll
0x00007ffb23c20000 - 0x00007ffb23c6e000 	C:\WINDOWS\SYSTEM32\cfgmgr32.dll
0x00007ffb23bf0000 - 0x00007ffb23c1c000 	C:\WINDOWS\SYSTEM32\DEVOBJ.dll
0x00007ffb212d0000 - 0x00007ffb212fb000 	C:\WINDOWS\SYSTEM32\dwmapi.dll
0x00007ffb009a0000 - 0x00007ffb00baa000 	C:\WINDOWS\SYSTEM32\inputhost.dll
0x00007ffb1e400000 - 0x00007ffb1e534000 	C:\WINDOWS\SYSTEM32\CoreMessaging.dll
0x00007ffb1e7d0000 - 0x00007ffb1e87b000 	C:\WINDOWS\system32\uxtheme.dll
0x00007ffb23720000 - 0x00007ffb2372c000 	C:\WINDOWS\SYSTEM32\CRYPTBASE.DLL
0x00007ffb25dd0000 - 0x00007ffb25f20000 	C:\WINDOWS\System32\MSCTF.dll
0x00007ffb22740000 - 0x00007ffb2274e000 	C:\WINDOWS\SYSTEM32\HID.DLL
0x00007ffb24b00000 - 0x00007ffb24f74000 	C:\WINDOWS\System32\SETUPAPI.DLL
0x00007ffb248a0000 - 0x00007ffb2490b000 	C:\WINDOWS\System32\WINTRUST.dll
0x00007ffb24190000 - 0x00007ffb242f6000 	C:\WINDOWS\System32\CRYPT32.dll
0x00007ffb23bd0000 - 0x00007ffb23be2000 	C:\WINDOWS\SYSTEM32\MSASN1.dll
0x00007ffb1ad40000 - 0x00007ffb1ad8a000 	C:\WINDOWS\SYSTEM32\directxdatabasehelper.dll
0x00007ffb264a0000 - 0x00007ffb26550000 	C:\WINDOWS\System32\clbcatq.dll
0x00007ffa3f210000 - 0x00007ffa41e00000 	C:\WINDOWS\System32\DriverStore\FileRepository\nvhm.inf_amd64_28ac5867493a0477\nvoglv64.dll
0x00007ffb25970000 - 0x00007ffb25b10000 	C:\WINDOWS\System32\ole32.dll
0x00007ffb22e00000 - 0x00007ffb22e14000 	C:\WINDOWS\SYSTEM32\WTSAPI32.dll
0x00007ffb0f620000 - 0x00007ffb0f652000 	C:\WINDOWS\SYSTEM32\cryptnet.dll
0x00007ffb0b640000 - 0x00007ffb0b798000 	C:\WINDOWS\SYSTEM32\drvstore.dll
0x00007ffb237d0000 - 0x00007ffb2381b000 	C:\WINDOWS\SYSTEM32\wldp.dll
0x00007ffb24f80000 - 0x00007ffb24f9f000 	C:\WINDOWS\System32\imagehlp.dll
0x00007ffb23730000 - 0x00007ffb2374b000 	C:\WINDOWS\SYSTEM32\CRYPTSP.dll
0x00007ffb22fd0000 - 0x00007ffb23005000 	C:\WINDOWS\system32\rsaenh.dll
0x00007ffb23560000 - 0x00007ffb23586000 	C:\WINDOWS\SYSTEM32\gpapi.dll
0x00007ffad5d40000 - 0x00007ffad7f2b000 	C:\WINDOWS\System32\DriverStore\FileRepository\nvhm.inf_amd64_28ac5867493a0477\nvgpucomp64.dll
0x00007ffb23070000 - 0x00007ffb230a4000 	C:\WINDOWS\SYSTEM32\ntmarta.dll
0x00007ffa6ed20000 - 0x00007ffa6efe3000 	C:\WINDOWS\system32\nvspcap64.dll
0x00007ffb229a0000 - 0x00007ffb22a06000 	C:\WINDOWS\SYSTEM32\WINSTA.dll

dbghelp: loaded successfully - version: 4.0.5 - missing functions: none
symbol engine: initialized successfully - sym options: 0x614 - pdb path: .;C:\Users\luczu\.jdks\corretto-17.0.10\bin;C:\WINDOWS\SYSTEM32;C:\WINDOWS\WinSxS\amd64_microsoft.windows.common-controls_6595b64144ccf1df_6.0.22621.2506_none_270c5ae97388e100;C:\Users\luczu\.jdks\corretto-17.0.10\bin\server;C:\Program Files (x86)\Windows Kits\10\Redist\ucrt\DLLs\x64;C:\Program Files\Microsoft\jdk-11.0.12.7-hotspot\bin;C:\Users\luczu\.javacpp\cache\jaylib-4.5.0-0.jar\com\raylib\windows-x86_64;C:\WINDOWS\System32\DriverStore\FileRepository\nvhm.inf_amd64_28ac5867493a0477;C:\WINDOWS\System32\DriverStore\FileRepository\iigd_dch.inf_amd64_0fdf6ce291234272

VM Arguments:
jvm_args: -Dfile.encoding=windows-1252 -Duser.country=NL -Duser.language=nl -Duser.variant 
java_command: PineVille.GameScene
java_class_path (initial): C:\Users\luczu\OneDrive\Documenten\PineVille\build\classes\java\main;C:\Users\luczu\OneDrive\Documenten\PineVille\build\resources\main;C:\Users\luczu\.gradle\caches\modules-2\files-2.1\uk.co.electronstudio.jaylib\jaylib\4.5.0-0\90c0d608df9bbd32f5f34683acc58cb433e94508\jaylib-4.5.0-0.jar
Launcher Type: SUN_STANDARD

[Global flags]
     intx CICompilerCount                          = 12                                        {product} {ergonomic}
     uint ConcGCThreads                            = 3                                         {product} {ergonomic}
     uint G1ConcRefinementThreads                  = 13                                        {product} {ergonomic}
   size_t G1HeapRegionSize                         = 2097152                                   {product} {ergonomic}
    uintx GCDrainStackTargetSize                   = 64                                        {product} {ergonomic}
   size_t InitialHeapSize                          = 264241152                                 {product} {ergonomic}
   size_t MarkStackSize                            = 4194304                                   {product} {ergonomic}
   size_t MaxHeapSize                              = 4200595456                                {product} {ergonomic}
   size_t MaxNewSize                               = 2518679552                                {product} {ergonomic}
   size_t MinHeapDeltaBytes                        = 2097152                                   {product} {ergonomic}
   size_t MinHeapSize                              = 8388608                                   {product} {ergonomic}
    uintx NonNMethodCodeHeapSize                   = 7602480                                {pd product} {ergonomic}
    uintx NonProfiledCodeHeapSize                  = 122027880                              {pd product} {ergonomic}
    uintx ProfiledCodeHeapSize                     = 122027880                              {pd product} {ergonomic}
    uintx ReservedCodeCacheSize                    = 251658240                              {pd product} {ergonomic}
     bool SegmentedCodeCache                       = true                                      {product} {ergonomic}
   size_t SoftMaxHeapSize                          = 4200595456                             {manageable} {ergonomic}
     bool UseCompressedClassPointers               = true                           {product lp64_product} {ergonomic}
     bool UseCompressedOops                        = true                           {product lp64_product} {ergonomic}
     bool UseG1GC                                  = true                                      {product} {ergonomic}
     bool UseLargePagesIndividualAllocation        = false                                  {pd product} {ergonomic}

Logging:
Log output configuration:
 #0: stdout all=warning uptime,level,tags
 #1: stderr all=off uptime,level,tags

Environment Variables:
PATH=C:\Program Files (x86)\Common Files\Intel\Shared Libraries\redist\intel64\compiler;C:\Program Files\Common Files\Oracle\Java\javapath;C:\Program Files\Microsoft\jdk-11.0.12.7-hotspot\bin;C:\windows\system32;C:\windows;C:\windows\System32\Wbem;C:\windows\System32\WindowsPowerShell\v1.0\;C:\windows\System32\OpenSSH\;C:\Program Files (x86)\NVIDIA Corporation\PhysX\Common;C:\Program Files\NVIDIA Corporation\NVIDIA NvDLISR;C:\Program Files\Microsoft SQL Server\150\Tools\Binn\;C:\Program Files\Microsoft SQL Server\Client SDK\ODBC\170\Tools\Binn\;C:\Program Files\dotnet\;C:\WINDOWS\system32;C:\WINDOWS;C:\WINDOWS\System32\Wbem;C:\WINDOWS\System32\WindowsPowerShell\v1.0\;C:\WINDOWS\System32\OpenSSH\;C:\Program Files\CMake\bin;C:\Program Files\Git\cmd;C:\Users\luczu\AppData\Local\Microsoft\WindowsApps;C:\Users\luczu\.dotnet\tools;C:\Users\luczu\AppData\Local\GitHubDesktop\bin;;C:\Users\luczu\AppData\Local\Programs\Microsoft VS Code\bin
USERNAME=luczu
OS=Windows_NT
PROCESSOR_IDENTIFIER=Intel64 Family 6 Model 141 Stepping 1, GenuineIntel
TMP=C:\Users\luczu\AppData\Local\Temp
TEMP=C:\Users\luczu\AppData\Local\Temp



Periodic native trim disabled


---------------  S Y S T E M  ---------------

OS:
 Windows 11 , 64 bit Build 22621 (10.0.22621.2506)
OS uptime: 0 days 0:27 hours
Hyper-V role detected

CPU: total 16 (initial active 16) (8 cores per cpu, 2 threads per core) family 6 model 141 stepping 1 microcode 0x4e, cx8, cmov, fxsr, ht, mmx, 3dnowpref, sse, sse2, sse3, ssse3, sse4.1, sse4.2, popcnt, lzcnt, tsc, tscinvbit, avx, avx2, aes, erms, clmul, bmi1, bmi2, adx, avx512f, avx512dq, avx512cd, avx512bw, avx512vl, sha, fma, vzeroupper, avx512_vpopcntdq, avx512_vpclmulqdq, avx512_vaes, avx512_vnni, clflush, clflushopt, clwb, avx512_vbmi2, avx512_vbmi, hv
Processor Information for all 16 processors :
  Max Mhz: 2304, Current Mhz: 2304, Mhz Limit: 2304

Memory: 4k page, system-wide physical 16021M (3356M free)
TotalPageFile size 34453M (AvailPageFile size 16805M)
current process WorkingSet (physical memory assigned to process): 122M, peak: 190M
current process commit charge ("private bytes"): 502M, peak: 611M

vm_info: OpenJDK 64-Bit Server VM (17.0.10+7-LTS) for windows-amd64 JRE (17.0.10+7-LTS), built on Jan 10 2024 22:11:07 by "Administrator" with MS VC++ 16.10 / 16.11 (VS2019)

END.
