#
# A fatal error has been detected by the Java Runtime Environment:
#
#  EXCEPTION_ACCESS_VIOLATION (0xc0000005) at pc=0x00007ffbb973f42b, pid=1668, tid=3280
#
# JRE version: OpenJDK Runtime Environment Corretto-17.0.10.7.1 (17.0.10+7) (build 17.0.10+7-LTS)
# Java VM: OpenJDK 64-Bit Server VM Corretto-17.0.10.7.1 (17.0.10+7-LTS, mixed mode, sharing, tiered, compressed oops, compressed class ptrs, g1 gc, windows-amd64)
# Problematic frame:
# C  [jniRaylib.dll+0xdf42b]
#
# No core dump will be written. Minidumps are not enabled by default on client versions of Windows
#
# If you would like to submit a bug report, please visit:
#   https://github.com/corretto/corretto-17/issues/
# The crash happened outside the Java Virtual Machine in native code.
# See problematic frame for where to report the bug.
#

---------------  S U M M A R Y ------------

Command Line: -Dfile.encoding=windows-1252 -Duser.country=NL -Duser.language=nl -Duser.variant PineVille.GameScene

Host: 11th Gen Intel(R) Core(TM) i7-11800H @ 2.30GHz, 16 cores, 15G,  Windows 11 , 64 bit Build 22621 (10.0.22621.2506)
Time: Thu Feb 15 09:55:15 2024 West-Europa (standaardtijd) elapsed time: 4.451171 seconds (0d 0h 0m 4s)

---------------  T H R E A D  ---------------

Current thread (0x00000258e48bdda0):  JavaThread "main" [_thread_in_native, id=3280, stack(0x000000ca11100000,0x000000ca11200000)]

Stack: [0x000000ca11100000,0x000000ca11200000],  sp=0x000000ca111ff4c0,  free space=1021k
Native frames: (J=compiled Java code, j=interpreted, Vv=VM code, C=native code)
C  [jniRaylib.dll+0xdf42b]

Java frames: (J=compiled Java code, j=interpreted, Vv=VM code)
j  com.raylib.Raylib.DrawTexturePro(Lcom/raylib/Raylib$Texture;Lcom/raylib/Raylib$Rectangle;Lcom/raylib/Raylib$Rectangle;Lcom/raylib/Raylib$Vector2;FLcom/raylib/Raylib$Color;)V+0
j  PineVille.GameScene.main([Ljava/lang/String;)V+405
v  ~StubRoutines::call_stub

siginfo: EXCEPTION_ACCESS_VIOLATION (0xc0000005), writing address 0x00000258d0717f70


Registers:
RAX=0x00000258d0717f70, RBX=0x000000ca111ff660, RCX=0x0000000000000000, RDX=0x00000258cfe73040
RSP=0x000000ca111ff4c0, RBP=0x000000ca111ff778, RSI=0x0000000000000004, RDI=0x000000ca111ff650
R8 =0x0000000000000000, R9 =0x0000000000000000, R10=0x00007ffb016dde20, R11=0x0000000000000004
R12=0x00000258884db6f0, R13=0x0000000000000000, R14=0x00000258cf37a960, R15=0x00000258ceb115c0
RIP=0x00007ffbb973f42b, EFLAGS=0x0000000000010246


Register to memory mapping:

RIP=0x00007ffbb973f42b jniRaylib.dll
RAX=0x00000258d0717f70 is an unknown value
RBX=0x000000ca111ff660 is pointing into the stack for thread: 0x00000258e48bdda0
RCX=0x0 is NULL
RDX=0x00000258cfe73040 points into unknown readable memory: 0x0000000000002000 | 00 20 00 00 00 00 00 00
RSP=0x000000ca111ff4c0 is pointing into the stack for thread: 0x00000258e48bdda0
RBP=0x000000ca111ff778 is pointing into the stack for thread: 0x00000258e48bdda0
RSI=0x0000000000000004 is an unknown value
RDI=0x000000ca111ff650 is pointing into the stack for thread: 0x00000258e48bdda0
R8 =0x0 is NULL
R9 =0x0 is NULL
R10=0x00007ffb016dde20 jvm.dll
R11=0x0000000000000004 is an unknown value
R12=0x00000258884db6f0 points into unknown readable memory: 0x0000002000000004 | 04 00 00 00 20 00 00 00
R13=0x0 is NULL
R14=0x00000258cf37a960 points into unknown readable memory: 0x09000300ffffffff | ff ff ff ff 00 03 00 09
R15=0x00000258ceb115c0 points into unknown readable memory: 0x0000000000000000 | 00 00 00 00 00 00 00 00


Top of Stack: (sp=0x000000ca111ff4c0)
0x000000ca111ff4c0:   00000258ca4011c0 00000258e48bdda0
0x000000ca111ff4d0:   000002588830b050 000000ca111ff520
0x000000ca111ff4e0:   0000000043640000 0000000000000000
0x000000ca111ff4f0:   0000000000000000 0000000000000000
0x000000ca111ff500:   0000000000000000 0000000000000000
0x000000ca111ff510:   000000ca111ff660 00007ffbb9708749
0x000000ca111ff520:   00007ffb014aabf8 0000025889458b98
0x000000ca111ff530:   000000ca0000000e 000000000017777c
0x000000ca111ff540:   4200000043640000 42c8000043640000
0x000000ca111ff550:   00000258e48be058 0000000000000000
0x000000ca111ff560:   0000000000000000 0000000000000000
0x000000ca111ff570:   0000000000000000 0000000000000000
0x000000ca111ff580:   0000000000000000 0000000000000000
0x000000ca111ff590:   0000000000000000 0000000000000000
0x000000ca111ff5a0:   0000000000000000 0000000000000000
0x000000ca111ff5b0:   0000000000000000 0000000000000000
0x000000ca111ff5c0:   0000000000000000 0000000000000000
0x000000ca111ff5d0:   0000000000000000 0000000000000000
0x000000ca111ff5e0:   0000000000000000 0000000000000000
0x000000ca111ff5f0:   0000000000000000 0000000000000000
0x000000ca111ff600:   00000258d0804a60 00000258d0804ac0
0x000000ca111ff610:   00000258e48be058 00007ffbb96a2213
0x000000ca111ff620:   0000025842c80000 000000ca111ff778
0x000000ca111ff630:   000000ca111ff6b0 00000000000000e3
0x000000ca111ff640:   0000025800000000 000000caffffffff
0x000000ca111ff650:   42c8000042c80000 4300000043000000
0x000000ca111ff660:   0000000000000000 4200000042000000
0x000000ca111ff670:   0000002000000004 0000000100000020
0x000000ca111ff680:   0000000000000007 000000ca111ff6b0
0x000000ca111ff690:   00000258e48bdda0 0000000000000000
0x000000ca111ff6a0:   00000258f3829657 00000000000000e4
0x000000ca111ff6b0:   00000258ca449b80 00000258f382d621 

Instructions: (pc=0x00007ffbb973f42b)
0x00007ffbb973f32b:   fa 01 75 0b 84 54 c1 f4 75 54 8d 4a 02 eb 43 83
0x00007ffbb973f33b:   fa 04 75 20 8b 4c c1 f4 b8 56 55 55 55 f7 e9 8b
0x00007ffbb973f34b:   c2 c1 e8 1f 03 d0 8d 04 52 3b c8 75 31 b9 04 00
0x00007ffbb973f35b:   00 00 eb 1e 83 fa 07 75 25 8b 44 c1 f4 25 03 00
0x00007ffbb973f36b:   00 80 7d 07 ff c8 83 c8 fc ff c0 85 c0 75 0f 8d
0x00007ffbb973f37b:   48 05 e8 7e a4 ff ff 4c 8b 05 27 2e 11 00 4d 63
0x00007ffbb973f38b:   48 04 4d 8b 40 08 8b 05 41 2e 11 00 49 c1 e1 06
0x00007ffbb973f39b:   8d 0c 40 4b 8b 44 01 08 48 63 d1 f3 0f 11 34 90
0x00007ffbb973f3ab:   48 8b 05 fe 2d 11 00 4c 63 48 04 4c 8b 40 08 8b
0x00007ffbb973f3bb:   05 18 2e 11 00 49 c1 e1 06 8d 0c 40 4b 8b 44 01
0x00007ffbb973f3cb:   08 48 63 d1 f3 0f 11 7c 90 04 48 8b 05 d4 2d 11
0x00007ffbb973f3db:   00 4c 63 48 04 4c 8b 40 08 8b 05 ee 2d 11 00 49
0x00007ffbb973f3eb:   c1 e1 06 8d 0c 40 4b 8b 44 01 08 48 63 d1 f3 44
0x00007ffbb973f3fb:   0f 11 44 90 08 48 8b 05 a9 2d 11 00 f3 0f 10 05
0x00007ffbb973f40b:   cd 2d 11 00 4c 63 40 04 48 8b 50 08 8b 05 bb 2d
0x00007ffbb973f41b:   11 00 03 c0 49 c1 e0 06 48 63 c8 49 8b 44 10 10
0x00007ffbb973f42b:   f3 0f 11 04 88 48 8b 05 79 2d 11 00 f3 0f 10 05
0x00007ffbb973f43b:   a1 2d 11 00 4c 63 40 04 48 8b 50 08 8b 05 8b 2d
0x00007ffbb973f44b:   11 00 03 c0 49 c1 e0 06 48 63 c8 49 8b 44 10 10
0x00007ffbb973f45b:   f3 0f 11 44 88 04 48 8b 05 48 2d 11 00 4c 63 40
0x00007ffbb973f46b:   04 48 8b 48 08 8b 05 62 2d 11 00 49 c1 e0 06 8d
0x00007ffbb973f47b:   04 85 00 00 00 00 49 8b 4c 08 18 48 63 d0 0f b6
0x00007ffbb973f48b:   05 60 2d 11 00 88 04 0a 48 8b 05 16 2d 11 00 4c
0x00007ffbb973f49b:   63 40 04 48 8b 48 08 8b 05 30 2d 11 00 49 c1 e0
0x00007ffbb973f4ab:   06 8d 04 85 00 00 00 00 49 8b 4c 08 18 48 63 d0
0x00007ffbb973f4bb:   0f b6 05 2f 2d 11 00 88 44 11 01 48 8b 05 e3 2c
0x00007ffbb973f4cb:   11 00 4c 63 40 04 48 8b 48 08 8b 05 fd 2c 11 00
0x00007ffbb973f4db:   49 c1 e0 06 8d 04 85 00 00 00 00 49 8b 4c 08 18
0x00007ffbb973f4eb:   48 63 d0 0f b6 05 fd 2c 11 00 88 44 11 02 48 8b
0x00007ffbb973f4fb:   05 b0 2c 11 00 4c 63 40 04 48 8b 48 08 8b 05 ca
0x00007ffbb973f50b:   2c 11 00 49 c1 e0 06 49 8b 4c 08 18 8d 04 85 00
0x00007ffbb973f51b:   00 00 00 0f 28 74 24 40 0f 28 7c 24 30 44 0f 28 


Stack slot to memory mapping:
stack at sp + 0 slots: {method} {0x00000258ca4011c8} 'allocate' '()V' in 'com/raylib/Raylib$Vector2'
stack at sp + 1 slots: 0x00000258e48bdda0 is a thread
stack at sp + 2 slots: 0x000002588830b050 points into unknown readable memory: 0x00000258ca403a90 | 90 3a 40 ca 58 02 00 00
stack at sp + 3 slots: 0x000000ca111ff520 is pointing into the stack for thread: 0x00000258e48bdda0
stack at sp + 4 slots: 0x0000000043640000 is an unknown value
stack at sp + 5 slots: 0x0 is NULL
stack at sp + 6 slots: 0x0 is NULL
stack at sp + 7 slots: 0x0 is NULL


---------------  P R O C E S S  ---------------

Threads class SMR info:
_java_thread_list=0x00000258ce06c1b0, length=15, elements={
0x00000258e48bdda0, 0x0000025888011fd0, 0x0000025888012b90, 0x000002588802b610,
0x000002588802c1d0, 0x0000025888030bb0, 0x0000025888031570, 0x0000025888032310,
0x000002588803e2d0, 0x00000258880494b0, 0x00000258881e0e10, 0x0000025888342580,
0x0000025888356fa0, 0x000002588835ea10, 0x0000025888385f10
}

Java Threads: ( => current thread )
=>0x00000258e48bdda0 JavaThread "main" [_thread_in_native, id=3280, stack(0x000000ca11100000,0x000000ca11200000)]
  0x0000025888011fd0 JavaThread "Reference Handler" daemon [_thread_blocked, id=4964, stack(0x000000ca11800000,0x000000ca11900000)]
  0x0000025888012b90 JavaThread "Finalizer" daemon [_thread_blocked, id=18528, stack(0x000000ca11900000,0x000000ca11a00000)]
  0x000002588802b610 JavaThread "Signal Dispatcher" daemon [_thread_blocked, id=30744, stack(0x000000ca11a00000,0x000000ca11b00000)]
  0x000002588802c1d0 JavaThread "Attach Listener" daemon [_thread_blocked, id=11048, stack(0x000000ca11b00000,0x000000ca11c00000)]
  0x0000025888030bb0 JavaThread "Service Thread" daemon [_thread_blocked, id=8712, stack(0x000000ca11c00000,0x000000ca11d00000)]
  0x0000025888031570 JavaThread "Monitor Deflation Thread" daemon [_thread_blocked, id=16340, stack(0x000000ca11d00000,0x000000ca11e00000)]
  0x0000025888032310 JavaThread "C2 CompilerThread0" daemon [_thread_blocked, id=10644, stack(0x000000ca11e00000,0x000000ca11f00000)]
  0x000002588803e2d0 JavaThread "C1 CompilerThread0" daemon [_thread_blocked, id=16000, stack(0x000000ca11f00000,0x000000ca12000000)]
  0x00000258880494b0 JavaThread "Sweeper thread" daemon [_thread_blocked, id=29808, stack(0x000000ca12000000,0x000000ca12100000)]
  0x00000258881e0e10 JavaThread "C1 CompilerThread1" daemon [_thread_blocked, id=4192, stack(0x000000ca12100000,0x000000ca12200000)]
  0x0000025888342580 JavaThread "C1 CompilerThread2" daemon [_thread_blocked, id=13176, stack(0x000000ca12200000,0x000000ca12300000)]
  0x0000025888356fa0 JavaThread "Notification Thread" daemon [_thread_blocked, id=6064, stack(0x000000ca12300000,0x000000ca12400000)]
  0x000002588835ea10 JavaThread "Common-Cleaner" daemon [_thread_blocked, id=10128, stack(0x000000ca12500000,0x000000ca12600000)]
  0x0000025888385f10 JavaThread "JavaCPP Deallocator" daemon [_thread_blocked, id=29464, stack(0x000000ca12600000,0x000000ca12700000)]

Other Threads:
  0x000002588800de00 VMThread "VM Thread" [stack: 0x000000ca11700000,0x000000ca11800000] [id=24596]
  0x00000258883580b0 WatcherThread [stack: 0x000000ca12400000,0x000000ca12500000] [id=26876]
  0x00000258e492ac40 GCTaskThread "GC Thread#0" [stack: 0x000000ca11200000,0x000000ca11300000] [id=21900]
  0x00000258ce7d9620 GCTaskThread "GC Thread#1" [stack: 0x000000ca12a00000,0x000000ca12b00000] [id=464]
  0x0000025888b4a1a0 GCTaskThread "GC Thread#2" [stack: 0x000000ca12b00000,0x000000ca12c00000] [id=6268]
  0x00000258cea0dbe0 GCTaskThread "GC Thread#3" [stack: 0x000000ca12c00000,0x000000ca12d00000] [id=15744]
  0x00000258ceec6e30 GCTaskThread "GC Thread#4" [stack: 0x000000ca12d00000,0x000000ca12e00000] [id=8784]
  0x00000258ceec7670 GCTaskThread "GC Thread#5" [stack: 0x000000ca12e00000,0x000000ca12f00000] [id=15504]
  0x00000258e493b5e0 ConcurrentGCThread "G1 Main Marker" [stack: 0x000000ca11300000,0x000000ca11400000] [id=7392]
  0x00000258e493d410 ConcurrentGCThread "G1 Conc#0" [stack: 0x000000ca11400000,0x000000ca11500000] [id=9540]
  0x0000025887f4aad0 ConcurrentGCThread "G1 Refine#0" [stack: 0x000000ca11500000,0x000000ca11600000] [id=20544]
  0x0000025887f4b500 ConcurrentGCThread "G1 Service" [stack: 0x000000ca11600000,0x000000ca11700000] [id=20128]

Threads with active compile tasks:

VM state: not at safepoint (normal execution)

VM Mutex/Monitor currently owned by a thread: None

Heap address: 0x0000000705a00000, size: 4006 MB, Compressed Oops mode: Zero based, Oop shift amount: 3

CDS archive(s) mapped at: [0x0000025889000000-0x0000025889bb0000-0x0000025889bb0000), size 12255232, SharedBaseAddress: 0x0000025889000000, ArchiveRelocationMode: 1.
Compressed class space mapped at: 0x000002588a000000-0x00000258ca000000, reserved size: 1073741824
Narrow klass base: 0x0000025889000000, Narrow klass shift: 0, Narrow klass range: 0x100000000

GC Precious Log:
 CPUs: 16 total, 16 available
 Memory: 16021M
 Large Page Support: Disabled
 NUMA Support: Disabled
 Compressed Oops: Enabled (Zero based)
 Heap Region Size: 2M
 Heap Min Capacity: 8M
 Heap Initial Capacity: 252M
 Heap Max Capacity: 4006M
 Pre-touch: Disabled
 Parallel Workers: 13
 Concurrent Workers: 3
 Concurrent Refinement Workers: 13
 Periodic GC: Disabled

Heap:
 garbage-first heap   total 258048K, used 1663K [0x0000000705a00000, 0x0000000800000000)
  region size 2048K, 2 young (4096K), 1 survivors (2048K)
 Metaspace       used 2093K, committed 2240K, reserved 1114112K
  class space    used 179K, committed 256K, reserved 1048576K

Heap Regions: E=young(eden), S=young(survivor), O=old, HS=humongous(starts), HC=humongous(continues), CS=collection set, F=free, OA=open archive, CA=closed archive, TAMS=top-at-mark-start (previous, next)
|   0|0x0000000705a00000, 0x0000000705a00000, 0x0000000705c00000|  0%| F|  |TAMS 0x0000000705a00000, 0x0000000705a00000| Untracked 
|   1|0x0000000705c00000, 0x0000000705c00000, 0x0000000705e00000|  0%| F|  |TAMS 0x0000000705c00000, 0x0000000705c00000| Untracked 
|   2|0x0000000705e00000, 0x0000000705e00000, 0x0000000706000000|  0%| F|  |TAMS 0x0000000705e00000, 0x0000000705e00000| Untracked 
|   3|0x0000000706000000, 0x0000000706000000, 0x0000000706200000|  0%| F|  |TAMS 0x0000000706000000, 0x0000000706000000| Untracked 
|   4|0x0000000706200000, 0x0000000706200000, 0x0000000706400000|  0%| F|  |TAMS 0x0000000706200000, 0x0000000706200000| Untracked 
|   5|0x0000000706400000, 0x0000000706400000, 0x0000000706600000|  0%| F|  |TAMS 0x0000000706400000, 0x0000000706400000| Untracked 
|   6|0x0000000706600000, 0x0000000706600000, 0x0000000706800000|  0%| F|  |TAMS 0x0000000706600000, 0x0000000706600000| Untracked 
|   7|0x0000000706800000, 0x0000000706800000, 0x0000000706a00000|  0%| F|  |TAMS 0x0000000706800000, 0x0000000706800000| Untracked 
|   8|0x0000000706a00000, 0x0000000706a00000, 0x0000000706c00000|  0%| F|  |TAMS 0x0000000706a00000, 0x0000000706a00000| Untracked 
|   9|0x0000000706c00000, 0x0000000706c00000, 0x0000000706e00000|  0%| F|  |TAMS 0x0000000706c00000, 0x0000000706c00000| Untracked 
|  10|0x0000000706e00000, 0x0000000706e00000, 0x0000000707000000|  0%| F|  |TAMS 0x0000000706e00000, 0x0000000706e00000| Untracked 
|  11|0x0000000707000000, 0x0000000707000000, 0x0000000707200000|  0%| F|  |TAMS 0x0000000707000000, 0x0000000707000000| Untracked 
|  12|0x0000000707200000, 0x0000000707200000, 0x0000000707400000|  0%| F|  |TAMS 0x0000000707200000, 0x0000000707200000| Untracked 
|  13|0x0000000707400000, 0x0000000707400000, 0x0000000707600000|  0%| F|  |TAMS 0x0000000707400000, 0x0000000707400000| Untracked 
|  14|0x0000000707600000, 0x0000000707600000, 0x0000000707800000|  0%| F|  |TAMS 0x0000000707600000, 0x0000000707600000| Untracked 
|  15|0x0000000707800000, 0x0000000707800000, 0x0000000707a00000|  0%| F|  |TAMS 0x0000000707800000, 0x0000000707800000| Untracked 
|  16|0x0000000707a00000, 0x0000000707a00000, 0x0000000707c00000|  0%| F|  |TAMS 0x0000000707a00000, 0x0000000707a00000| Untracked 
|  17|0x0000000707c00000, 0x0000000707c00000, 0x0000000707e00000|  0%| F|  |TAMS 0x0000000707c00000, 0x0000000707c00000| Untracked 
|  18|0x0000000707e00000, 0x0000000707e00000, 0x0000000708000000|  0%| F|  |TAMS 0x0000000707e00000, 0x0000000707e00000| Untracked 
|  19|0x0000000708000000, 0x0000000708000000, 0x0000000708200000|  0%| F|  |TAMS 0x0000000708000000, 0x0000000708000000| Untracked 
|  20|0x0000000708200000, 0x0000000708200000, 0x0000000708400000|  0%| F|  |TAMS 0x0000000708200000, 0x0000000708200000| Untracked 
|  21|0x0000000708400000, 0x0000000708400000, 0x0000000708600000|  0%| F|  |TAMS 0x0000000708400000, 0x0000000708400000| Untracked 
|  22|0x0000000708600000, 0x0000000708600000, 0x0000000708800000|  0%| F|  |TAMS 0x0000000708600000, 0x0000000708600000| Untracked 
|  23|0x0000000708800000, 0x0000000708800000, 0x0000000708a00000|  0%| F|  |TAMS 0x0000000708800000, 0x0000000708800000| Untracked 
|  24|0x0000000708a00000, 0x0000000708a00000, 0x0000000708c00000|  0%| F|  |TAMS 0x0000000708a00000, 0x0000000708a00000| Untracked 
|  25|0x0000000708c00000, 0x0000000708c00000, 0x0000000708e00000|  0%| F|  |TAMS 0x0000000708c00000, 0x0000000708c00000| Untracked 
|  26|0x0000000708e00000, 0x0000000708e00000, 0x0000000709000000|  0%| F|  |TAMS 0x0000000708e00000, 0x0000000708e00000| Untracked 
|  27|0x0000000709000000, 0x0000000709000000, 0x0000000709200000|  0%| F|  |TAMS 0x0000000709000000, 0x0000000709000000| Untracked 
|  28|0x0000000709200000, 0x0000000709200000, 0x0000000709400000|  0%| F|  |TAMS 0x0000000709200000, 0x0000000709200000| Untracked 
|  29|0x0000000709400000, 0x0000000709400000, 0x0000000709600000|  0%| F|  |TAMS 0x0000000709400000, 0x0000000709400000| Untracked 
|  30|0x0000000709600000, 0x0000000709600000, 0x0000000709800000|  0%| F|  |TAMS 0x0000000709600000, 0x0000000709600000| Untracked 
|  31|0x0000000709800000, 0x0000000709800000, 0x0000000709a00000|  0%| F|  |TAMS 0x0000000709800000, 0x0000000709800000| Untracked 
|  32|0x0000000709a00000, 0x0000000709a00000, 0x0000000709c00000|  0%| F|  |TAMS 0x0000000709a00000, 0x0000000709a00000| Untracked 
|  33|0x0000000709c00000, 0x0000000709c00000, 0x0000000709e00000|  0%| F|  |TAMS 0x0000000709c00000, 0x0000000709c00000| Untracked 
|  34|0x0000000709e00000, 0x0000000709e00000, 0x000000070a000000|  0%| F|  |TAMS 0x0000000709e00000, 0x0000000709e00000| Untracked 
|  35|0x000000070a000000, 0x000000070a000000, 0x000000070a200000|  0%| F|  |TAMS 0x000000070a000000, 0x000000070a000000| Untracked 
|  36|0x000000070a200000, 0x000000070a200000, 0x000000070a400000|  0%| F|  |TAMS 0x000000070a200000, 0x000000070a200000| Untracked 
|  37|0x000000070a400000, 0x000000070a400000, 0x000000070a600000|  0%| F|  |TAMS 0x000000070a400000, 0x000000070a400000| Untracked 
|  38|0x000000070a600000, 0x000000070a600000, 0x000000070a800000|  0%| F|  |TAMS 0x000000070a600000, 0x000000070a600000| Untracked 
|  39|0x000000070a800000, 0x000000070a800000, 0x000000070aa00000|  0%| F|  |TAMS 0x000000070a800000, 0x000000070a800000| Untracked 
|  40|0x000000070aa00000, 0x000000070aa00000, 0x000000070ac00000|  0%| F|  |TAMS 0x000000070aa00000, 0x000000070aa00000| Untracked 
|  41|0x000000070ac00000, 0x000000070ac00000, 0x000000070ae00000|  0%| F|  |TAMS 0x000000070ac00000, 0x000000070ac00000| Untracked 
|  42|0x000000070ae00000, 0x000000070ae00000, 0x000000070b000000|  0%| F|  |TAMS 0x000000070ae00000, 0x000000070ae00000| Untracked 
|  43|0x000000070b000000, 0x000000070b000000, 0x000000070b200000|  0%| F|  |TAMS 0x000000070b000000, 0x000000070b000000| Untracked 
|  44|0x000000070b200000, 0x000000070b200000, 0x000000070b400000|  0%| F|  |TAMS 0x000000070b200000, 0x000000070b200000| Untracked 
|  45|0x000000070b400000, 0x000000070b400000, 0x000000070b600000|  0%| F|  |TAMS 0x000000070b400000, 0x000000070b400000| Untracked 
|  46|0x000000070b600000, 0x000000070b600000, 0x000000070b800000|  0%| F|  |TAMS 0x000000070b600000, 0x000000070b600000| Untracked 
|  47|0x000000070b800000, 0x000000070b800000, 0x000000070ba00000|  0%| F|  |TAMS 0x000000070b800000, 0x000000070b800000| Untracked 
|  48|0x000000070ba00000, 0x000000070ba00000, 0x000000070bc00000|  0%| F|  |TAMS 0x000000070ba00000, 0x000000070ba00000| Untracked 
|  49|0x000000070bc00000, 0x000000070bc00000, 0x000000070be00000|  0%| F|  |TAMS 0x000000070bc00000, 0x000000070bc00000| Untracked 
|  50|0x000000070be00000, 0x000000070be00000, 0x000000070c000000|  0%| F|  |TAMS 0x000000070be00000, 0x000000070be00000| Untracked 
|  51|0x000000070c000000, 0x000000070c000000, 0x000000070c200000|  0%| F|  |TAMS 0x000000070c000000, 0x000000070c000000| Untracked 
|  52|0x000000070c200000, 0x000000070c200000, 0x000000070c400000|  0%| F|  |TAMS 0x000000070c200000, 0x000000070c200000| Untracked 
|  53|0x000000070c400000, 0x000000070c400000, 0x000000070c600000|  0%| F|  |TAMS 0x000000070c400000, 0x000000070c400000| Untracked 
|  54|0x000000070c600000, 0x000000070c600000, 0x000000070c800000|  0%| F|  |TAMS 0x000000070c600000, 0x000000070c600000| Untracked 
|  55|0x000000070c800000, 0x000000070c800000, 0x000000070ca00000|  0%| F|  |TAMS 0x000000070c800000, 0x000000070c800000| Untracked 
|  56|0x000000070ca00000, 0x000000070ca00000, 0x000000070cc00000|  0%| F|  |TAMS 0x000000070ca00000, 0x000000070ca00000| Untracked 
|  57|0x000000070cc00000, 0x000000070cc00000, 0x000000070ce00000|  0%| F|  |TAMS 0x000000070cc00000, 0x000000070cc00000| Untracked 
|  58|0x000000070ce00000, 0x000000070ce00000, 0x000000070d000000|  0%| F|  |TAMS 0x000000070ce00000, 0x000000070ce00000| Untracked 
|  59|0x000000070d000000, 0x000000070d000000, 0x000000070d200000|  0%| F|  |TAMS 0x000000070d000000, 0x000000070d000000| Untracked 
|  60|0x000000070d200000, 0x000000070d200000, 0x000000070d400000|  0%| F|  |TAMS 0x000000070d200000, 0x000000070d200000| Untracked 
|  61|0x000000070d400000, 0x000000070d400000, 0x000000070d600000|  0%| F|  |TAMS 0x000000070d400000, 0x000000070d400000| Untracked 
|  62|0x000000070d600000, 0x000000070d600000, 0x000000070d800000|  0%| F|  |TAMS 0x000000070d600000, 0x000000070d600000| Untracked 
|  63|0x000000070d800000, 0x000000070d800000, 0x000000070da00000|  0%| F|  |TAMS 0x000000070d800000, 0x000000070d800000| Untracked 
|  64|0x000000070da00000, 0x000000070da00000, 0x000000070dc00000|  0%| F|  |TAMS 0x000000070da00000, 0x000000070da00000| Untracked 
|  65|0x000000070dc00000, 0x000000070dc00000, 0x000000070de00000|  0%| F|  |TAMS 0x000000070dc00000, 0x000000070dc00000| Untracked 
|  66|0x000000070de00000, 0x000000070de00000, 0x000000070e000000|  0%| F|  |TAMS 0x000000070de00000, 0x000000070de00000| Untracked 
|  67|0x000000070e000000, 0x000000070e000000, 0x000000070e200000|  0%| F|  |TAMS 0x000000070e000000, 0x000000070e000000| Untracked 
|  68|0x000000070e200000, 0x000000070e200000, 0x000000070e400000|  0%| F|  |TAMS 0x000000070e200000, 0x000000070e200000| Untracked 
|  69|0x000000070e400000, 0x000000070e400000, 0x000000070e600000|  0%| F|  |TAMS 0x000000070e400000, 0x000000070e400000| Untracked 
|  70|0x000000070e600000, 0x000000070e600000, 0x000000070e800000|  0%| F|  |TAMS 0x000000070e600000, 0x000000070e600000| Untracked 
|  71|0x000000070e800000, 0x000000070e800000, 0x000000070ea00000|  0%| F|  |TAMS 0x000000070e800000, 0x000000070e800000| Untracked 
|  72|0x000000070ea00000, 0x000000070ea00000, 0x000000070ec00000|  0%| F|  |TAMS 0x000000070ea00000, 0x000000070ea00000| Untracked 
|  73|0x000000070ec00000, 0x000000070ec00000, 0x000000070ee00000|  0%| F|  |TAMS 0x000000070ec00000, 0x000000070ec00000| Untracked 
|  74|0x000000070ee00000, 0x000000070ee00000, 0x000000070f000000|  0%| F|  |TAMS 0x000000070ee00000, 0x000000070ee00000| Untracked 
|  75|0x000000070f000000, 0x000000070f000000, 0x000000070f200000|  0%| F|  |TAMS 0x000000070f000000, 0x000000070f000000| Untracked 
|  76|0x000000070f200000, 0x000000070f200000, 0x000000070f400000|  0%| F|  |TAMS 0x000000070f200000, 0x000000070f200000| Untracked 
|  77|0x000000070f400000, 0x000000070f400000, 0x000000070f600000|  0%| F|  |TAMS 0x000000070f400000, 0x000000070f400000| Untracked 
|  78|0x000000070f600000, 0x000000070f600000, 0x000000070f800000|  0%| F|  |TAMS 0x000000070f600000, 0x000000070f600000| Untracked 
|  79|0x000000070f800000, 0x000000070f800000, 0x000000070fa00000|  0%| F|  |TAMS 0x000000070f800000, 0x000000070f800000| Untracked 
|  80|0x000000070fa00000, 0x000000070fa00000, 0x000000070fc00000|  0%| F|  |TAMS 0x000000070fa00000, 0x000000070fa00000| Untracked 
|  81|0x000000070fc00000, 0x000000070fc00000, 0x000000070fe00000|  0%| F|  |TAMS 0x000000070fc00000, 0x000000070fc00000| Untracked 
|  82|0x000000070fe00000, 0x000000070fe00000, 0x0000000710000000|  0%| F|  |TAMS 0x000000070fe00000, 0x000000070fe00000| Untracked 
|  83|0x0000000710000000, 0x0000000710000000, 0x0000000710200000|  0%| F|  |TAMS 0x0000000710000000, 0x0000000710000000| Untracked 
|  84|0x0000000710200000, 0x0000000710200000, 0x0000000710400000|  0%| F|  |TAMS 0x0000000710200000, 0x0000000710200000| Untracked 
|  85|0x0000000710400000, 0x0000000710400000, 0x0000000710600000|  0%| F|  |TAMS 0x0000000710400000, 0x0000000710400000| Untracked 
|  86|0x0000000710600000, 0x0000000710600000, 0x0000000710800000|  0%| F|  |TAMS 0x0000000710600000, 0x0000000710600000| Untracked 
|  87|0x0000000710800000, 0x0000000710800000, 0x0000000710a00000|  0%| F|  |TAMS 0x0000000710800000, 0x0000000710800000| Untracked 
|  88|0x0000000710a00000, 0x0000000710a00000, 0x0000000710c00000|  0%| F|  |TAMS 0x0000000710a00000, 0x0000000710a00000| Untracked 
|  89|0x0000000710c00000, 0x0000000710c00000, 0x0000000710e00000|  0%| F|  |TAMS 0x0000000710c00000, 0x0000000710c00000| Untracked 
|  90|0x0000000710e00000, 0x0000000710e00000, 0x0000000711000000|  0%| F|  |TAMS 0x0000000710e00000, 0x0000000710e00000| Untracked 
|  91|0x0000000711000000, 0x0000000711000000, 0x0000000711200000|  0%| F|  |TAMS 0x0000000711000000, 0x0000000711000000| Untracked 
|  92|0x0000000711200000, 0x0000000711200000, 0x0000000711400000|  0%| F|  |TAMS 0x0000000711200000, 0x0000000711200000| Untracked 
|  93|0x0000000711400000, 0x0000000711400000, 0x0000000711600000|  0%| F|  |TAMS 0x0000000711400000, 0x0000000711400000| Untracked 
|  94|0x0000000711600000, 0x0000000711600000, 0x0000000711800000|  0%| F|  |TAMS 0x0000000711600000, 0x0000000711600000| Untracked 
|  95|0x0000000711800000, 0x0000000711800000, 0x0000000711a00000|  0%| F|  |TAMS 0x0000000711800000, 0x0000000711800000| Untracked 
|  96|0x0000000711a00000, 0x0000000711a00000, 0x0000000711c00000|  0%| F|  |TAMS 0x0000000711a00000, 0x0000000711a00000| Untracked 
|  97|0x0000000711c00000, 0x0000000711c00000, 0x0000000711e00000|  0%| F|  |TAMS 0x0000000711c00000, 0x0000000711c00000| Untracked 
|  98|0x0000000711e00000, 0x0000000711e00000, 0x0000000712000000|  0%| F|  |TAMS 0x0000000711e00000, 0x0000000711e00000| Untracked 
|  99|0x0000000712000000, 0x0000000712000000, 0x0000000712200000|  0%| F|  |TAMS 0x0000000712000000, 0x0000000712000000| Untracked 
| 100|0x0000000712200000, 0x0000000712200000, 0x0000000712400000|  0%| F|  |TAMS 0x0000000712200000, 0x0000000712200000| Untracked 
| 101|0x0000000712400000, 0x0000000712400000, 0x0000000712600000|  0%| F|  |TAMS 0x0000000712400000, 0x0000000712400000| Untracked 
| 102|0x0000000712600000, 0x0000000712600000, 0x0000000712800000|  0%| F|  |TAMS 0x0000000712600000, 0x0000000712600000| Untracked 
| 103|0x0000000712800000, 0x0000000712800000, 0x0000000712a00000|  0%| F|  |TAMS 0x0000000712800000, 0x0000000712800000| Untracked 
| 104|0x0000000712a00000, 0x0000000712a00000, 0x0000000712c00000|  0%| F|  |TAMS 0x0000000712a00000, 0x0000000712a00000| Untracked 
| 105|0x0000000712c00000, 0x0000000712c00000, 0x0000000712e00000|  0%| F|  |TAMS 0x0000000712c00000, 0x0000000712c00000| Untracked 
| 106|0x0000000712e00000, 0x0000000712e00000, 0x0000000713000000|  0%| F|  |TAMS 0x0000000712e00000, 0x0000000712e00000| Untracked 
| 107|0x0000000713000000, 0x0000000713000000, 0x0000000713200000|  0%| F|  |TAMS 0x0000000713000000, 0x0000000713000000| Untracked 
| 108|0x0000000713200000, 0x0000000713200000, 0x0000000713400000|  0%| F|  |TAMS 0x0000000713200000, 0x0000000713200000| Untracked 
| 109|0x0000000713400000, 0x0000000713400000, 0x0000000713600000|  0%| F|  |TAMS 0x0000000713400000, 0x0000000713400000| Untracked 
| 110|0x0000000713600000, 0x0000000713600000, 0x0000000713800000|  0%| F|  |TAMS 0x0000000713600000, 0x0000000713600000| Untracked 
| 111|0x0000000713800000, 0x0000000713800000, 0x0000000713a00000|  0%| F|  |TAMS 0x0000000713800000, 0x0000000713800000| Untracked 
| 112|0x0000000713a00000, 0x0000000713a00000, 0x0000000713c00000|  0%| F|  |TAMS 0x0000000713a00000, 0x0000000713a00000| Untracked 
| 113|0x0000000713c00000, 0x0000000713c00000, 0x0000000713e00000|  0%| F|  |TAMS 0x0000000713c00000, 0x0000000713c00000| Untracked 
| 114|0x0000000713e00000, 0x0000000713f9ff80, 0x0000000714000000| 81%| S|CS|TAMS 0x0000000713e00000, 0x0000000713e00000| Complete 
| 115|0x0000000714000000, 0x0000000714000000, 0x0000000714200000|  0%| F|  |TAMS 0x0000000714000000, 0x0000000714000000| Untracked 
| 116|0x0000000714200000, 0x0000000714200000, 0x0000000714400000|  0%| F|  |TAMS 0x0000000714200000, 0x0000000714200000| Untracked 
| 117|0x0000000714400000, 0x0000000714400000, 0x0000000714600000|  0%| F|  |TAMS 0x0000000714400000, 0x0000000714400000| Untracked 
| 118|0x0000000714600000, 0x0000000714600000, 0x0000000714800000|  0%| F|  |TAMS 0x0000000714600000, 0x0000000714600000| Untracked 
| 119|0x0000000714800000, 0x0000000714800000, 0x0000000714a00000|  0%| F|  |TAMS 0x0000000714800000, 0x0000000714800000| Untracked 
| 120|0x0000000714a00000, 0x0000000714a00000, 0x0000000714c00000|  0%| F|  |TAMS 0x0000000714a00000, 0x0000000714a00000| Untracked 
| 121|0x0000000714c00000, 0x0000000714c00000, 0x0000000714e00000|  0%| F|  |TAMS 0x0000000714c00000, 0x0000000714c00000| Untracked 
| 122|0x0000000714e00000, 0x0000000714e00000, 0x0000000715000000|  0%| F|  |TAMS 0x0000000714e00000, 0x0000000714e00000| Untracked 
| 123|0x0000000715000000, 0x0000000715000000, 0x0000000715200000|  0%| F|  |TAMS 0x0000000715000000, 0x0000000715000000| Untracked 
| 124|0x0000000715200000, 0x0000000715200000, 0x0000000715400000|  0%| F|  |TAMS 0x0000000715200000, 0x0000000715200000| Untracked 
| 125|0x0000000715400000, 0x0000000715592a38, 0x0000000715600000| 78%| E|  |TAMS 0x0000000715400000, 0x0000000715400000| Complete 

Card table byte_map: [0x00000258fc450000,0x00000258fcc30000] _byte_map_base: 0x00000258f8c23000

Marking Bits (Prev, Next): (CMBitMap*) 0x00000258e492b260, (CMBitMap*) 0x00000258e492b2a0
 Prev Bits: [0x0000025880000000, 0x0000025883e98000)
 Next Bits: [0x0000025883ea0000, 0x0000025887d38000)

Polling page: 0x00000258e2860000

Metaspace:

Usage:
  Non-class:      1.87 MB used.
      Class:    179.44 KB used.
       Both:      2.04 MB used.

Virtual space:
  Non-class space:       64.00 MB reserved,       1.94 MB (  3%) committed,  1 nodes.
      Class space:        1.00 GB reserved,     256.00 KB ( <1%) committed,  1 nodes.
             Both:        1.06 GB reserved,       2.19 MB ( <1%) committed. 

Chunk freelists:
   Non-Class:  11.24 MB
       Class:  15.65 MB
        Both:  26.89 MB

MaxMetaspaceSize: unlimited
CompressedClassSpaceSize: 1.00 GB
Initial GC threshold: 21.00 MB
Current GC threshold: 21.00 MB
CDS: on
MetaspaceReclaimPolicy: balanced
 - commit_granule_bytes: 65536.
 - commit_granule_words: 8192.
 - virtual_space_node_default_size: 8388608.
 - enlarge_chunks_in_place: 1.
 - new_chunks_are_fully_committed: 0.
 - uncommit_free_chunks: 1.
 - use_allocation_guard: 0.
 - handle_deallocations: 1.


Internal statistics:

num_allocs_failed_limit: 0.
num_arena_births: 32.
num_arena_deaths: 0.
num_vsnodes_births: 2.
num_vsnodes_deaths: 0.
num_space_committed: 35.
num_space_uncommitted: 0.
num_chunks_returned_to_freelist: 0.
num_chunks_taken_from_freelist: 69.
num_chunk_merges: 0.
num_chunk_splits: 51.
num_chunks_enlarged: 39.
num_inconsistent_stats: 0.

CodeHeap 'non-profiled nmethods': size=119168Kb used=592Kb max_used=592Kb free=118575Kb
 bounds [0x00000258f3f70000, 0x00000258f41e0000, 0x00000258fb3d0000]
CodeHeap 'profiled nmethods': size=119104Kb used=1357Kb max_used=1357Kb free=117746Kb
 bounds [0x00000258ec3d0000, 0x00000258ec640000, 0x00000258f3820000]
CodeHeap 'non-nmethods': size=7488Kb used=2287Kb max_used=2345Kb free=5200Kb
 bounds [0x00000258f3820000, 0x00000258f3a90000, 0x00000258f3f70000]
 total_blobs=1253 nmethods=814 adapters=350
 compilation: enabled
              stopped_count=0, restarted_count=0
 full_count=0

Compilation events (20 events):
Event: 3.319 Thread 0x000002588803e2d0  795       1       java.nio.charset.CharsetEncoder::maxBytesPerChar (5 bytes)
Event: 3.319 Thread 0x0000025888342580  796       1       sun.nio.cs.SingleByte$Encoder::isASCIICompatible (5 bytes)
Event: 3.319 Thread 0x000002588803e2d0 nmethod 795 0x00000258f4001290 code [0x00000258f4001420, 0x00000258f40014f8]
Event: 3.319 Thread 0x0000025888342580 nmethod 796 0x00000258f4001590 code [0x00000258f4001720, 0x00000258f40017f8]
Event: 3.517 Thread 0x000002588803e2d0  799   !   3       org.bytedeco.javacpp.Pointer$DeallocatorReference::add (82 bytes)
Event: 3.518 Thread 0x000002588803e2d0 nmethod 799 0x00000258ec520710 code [0x00000258ec5208e0, 0x00000258ec520ed8]
Event: 3.817 Thread 0x000002588803e2d0  801       3       com.raylib.Jaylib::<init> (5 bytes)
Event: 3.817 Thread 0x0000025888342580  802       3       com.raylib.Raylib::<init> (5 bytes)
Event: 3.817 Thread 0x00000258881e0e10  803       3       com.raylib.RaylibConfig::<init> (5 bytes)
Event: 3.818 Thread 0x0000025888342580 nmethod 802 0x00000258ec521010 code [0x00000258ec5211c0, 0x00000258ec521378]
Event: 3.818 Thread 0x00000258881e0e10 nmethod 803 0x00000258ec521490 code [0x00000258ec521620, 0x00000258ec521778]
Event: 3.818 Thread 0x000002588803e2d0 nmethod 801 0x00000258ec521810 code [0x00000258ec5219c0, 0x00000258ec521bf8]
Event: 3.818 Thread 0x00000258881e0e10  807       3       com.raylib.Raylib$Rectangle::<init> (13 bytes)
Event: 3.818 Thread 0x0000025888342580  806       3       com.raylib.Jaylib::Rectangle (25 bytes)
Event: 3.818 Thread 0x00000258881e0e10 nmethod 807 0x00000258ec521d10 code [0x00000258ec521ec0, 0x00000258ec522058]
Event: 3.818 Thread 0x0000025888342580 nmethod 806 0x00000258ec522110 code [0x00000258ec522320, 0x00000258ec5226b8]
Event: 3.917 Thread 0x0000025888342580  814       3       java.lang.Integer::getChars (131 bytes)
Event: 3.917 Thread 0x000002588803e2d0  813       3       java.lang.Integer::stringSize (47 bytes)
Event: 3.918 Thread 0x000002588803e2d0 nmethod 813 0x00000258ec522910 code [0x00000258ec522ac0, 0x00000258ec522d18]
Event: 3.918 Thread 0x0000025888342580 nmethod 814 0x00000258ec522e10 code [0x00000258ec522fe0, 0x00000258ec523418]

GC Heap History (2 events):
Event: 0.760 GC heap before
{Heap before GC invocations=0 (full 0):
 garbage-first heap   total 258048K, used 22528K [0x0000000705a00000, 0x0000000800000000)
  region size 2048K, 11 young (22528K), 0 survivors (0K)
 Metaspace       used 1817K, committed 1984K, reserved 1114112K
  class space    used 140K, committed 192K, reserved 1048576K
}
Event: 0.763 GC heap after
{Heap after GC invocations=1 (full 0):
 garbage-first heap   total 258048K, used 1663K [0x0000000705a00000, 0x0000000800000000)
  region size 2048K, 1 young (2048K), 1 survivors (2048K)
 Metaspace       used 1817K, committed 1984K, reserved 1114112K
  class space    used 140K, committed 192K, reserved 1048576K
}

Dll operation events (20 events):
Event: 0.481 Loaded shared library C:\Program Files (x86)\Windows Kits\10\Redist\ucrt\DLLs\x64\api-ms-win-core-rtlsupport-l1-1-0.dll
Event: 0.494 Loaded shared library C:\Program Files (x86)\Windows Kits\10\Redist\ucrt\DLLs\x64\api-ms-win-core-processthreads-l1-1-1.dll
Event: 0.506 Loaded shared library C:\Program Files (x86)\Windows Kits\10\Redist\ucrt\DLLs\x64\api-ms-win-core-file-l1-2-0.dll
Event: 0.518 Loaded shared library C:\Program Files (x86)\Windows Kits\10\Redist\ucrt\DLLs\x64\api-ms-win-core-profile-l1-1-0.dll
Event: 0.531 Loaded shared library C:\Program Files (x86)\Windows Kits\10\Redist\ucrt\DLLs\x64\api-ms-win-core-memory-l1-1-0.dll
Event: 0.543 Loaded shared library C:\Program Files (x86)\Windows Kits\10\Redist\ucrt\DLLs\x64\api-ms-win-core-util-l1-1-0.dll
Event: 0.555 Loaded shared library C:\Program Files (x86)\Windows Kits\10\Redist\ucrt\DLLs\x64\api-ms-win-core-interlocked-l1-1-0.dll
Event: 0.565 Loaded shared library C:\Program Files (x86)\Windows Kits\10\Redist\ucrt\DLLs\x64\ucrtbase.dll
Event: 0.576 Loaded shared library C:\Users\luczu\.jdks\corretto-17.0.10\bin\vcruntime140.dll
Event: 0.587 Loaded shared library C:\Users\luczu\.jdks\corretto-17.0.10\bin\vcruntime140_1.dll
Event: 0.597 Loaded shared library C:\Users\luczu\.jdks\corretto-17.0.10\bin\msvcp140.dll
Event: 0.610 Loaded shared library C:\Windows\System32\msvcp140_1.dll
Event: 0.623 Loaded shared library C:\Windows\System32\concrt140.dll
Event: 0.636 Loaded shared library C:\Windows\System32\vcomp140.dll
Event: 0.680 Loaded shared library C:\Windows\System32\winmm.dll
Event: 0.684 Loaded shared library C:\Windows\System32\opengl32.dll
Event: 0.686 Loaded shared library C:\Windows\System32\user32.dll
Event: 0.688 Loaded shared library C:\Windows\System32\shell32.dll
Event: 0.691 Loaded shared library C:\Windows\System32\gdi32.dll
Event: 0.720 Loaded shared library C:\Users\luczu\.javacpp\cache\jaylib-4.5.0-0.jar\com\raylib\windows-x86_64\jniRaylib.dll

Deoptimization events (20 events):
Event: 0.662 Thread 0x00000258e48bdda0 DEOPT PACKING pc=0x00000258ec4bc618 sp=0x000000ca111fe920
Event: 0.662 Thread 0x00000258e48bdda0 DEOPT UNPACKING pc=0x00000258f387ace3 sp=0x000000ca111fde38 mode 0
Event: 0.667 Thread 0x00000258e48bdda0 Uncommon trap: trap_request=0xffffff45 fr.pc=0x00000258f3f93664 relative=0x00000000000001c4
Event: 0.667 Thread 0x00000258e48bdda0 Uncommon trap: reason=unstable_if action=reinterpret pc=0x00000258f3f93664 method=sun.net.www.ParseUtil.firstEncodeIndex(Ljava/lang/String;)I @ 51 c2
Event: 0.667 Thread 0x00000258e48bdda0 DEOPT PACKING pc=0x00000258f3f93664 sp=0x000000ca111fdca0
Event: 0.667 Thread 0x00000258e48bdda0 DEOPT UNPACKING pc=0x00000258f387a1a3 sp=0x000000ca111fdc28 mode 2
Event: 0.668 Thread 0x00000258e48bdda0 Uncommon trap: trap_request=0xffffff45 fr.pc=0x00000258f3fad3c4 relative=0x0000000000001324
Event: 0.668 Thread 0x00000258e48bdda0 Uncommon trap: reason=unstable_if action=reinterpret pc=0x00000258f3fad3c4 method=java.net.URL.<init>(Ljava/net/URL;Ljava/lang/String;Ljava/net/URLStreamHandler;)V @ 273 c2
Event: 0.668 Thread 0x00000258e48bdda0 DEOPT PACKING pc=0x00000258f3fad3c4 sp=0x000000ca111fdbe0
Event: 0.668 Thread 0x00000258e48bdda0 DEOPT UNPACKING pc=0x00000258f387a1a3 sp=0x000000ca111fdb70 mode 2
Event: 0.693 Thread 0x00000258e48bdda0 DEOPT PACKING pc=0x00000258ec4bc618 sp=0x000000ca111fdb80
Event: 0.693 Thread 0x00000258e48bdda0 DEOPT UNPACKING pc=0x00000258f387ace3 sp=0x000000ca111fd098 mode 0
Event: 0.710 Thread 0x00000258e48bdda0 Uncommon trap: trap_request=0xffffff45 fr.pc=0x00000258f3fc02ac relative=0x0000000000003f4c
Event: 0.710 Thread 0x00000258e48bdda0 Uncommon trap: reason=unstable_if action=reinterpret pc=0x00000258f3fc02ac method=sun.net.www.ParseUtil.firstEncodeIndex(Ljava/lang/String;)I @ 51 c2
Event: 0.710 Thread 0x00000258e48bdda0 DEOPT PACKING pc=0x00000258f3fc02ac sp=0x000000ca111fc9e0
Event: 0.710 Thread 0x00000258e48bdda0 DEOPT UNPACKING pc=0x00000258f387a1a3 sp=0x000000ca111fc700 mode 2
Event: 0.764 Thread 0x00000258e48bdda0 Uncommon trap: trap_request=0xffffff45 fr.pc=0x00000258f3f9d560 relative=0x00000000000000e0
Event: 0.764 Thread 0x00000258e48bdda0 Uncommon trap: reason=unstable_if action=reinterpret pc=0x00000258f3f9d560 method=java.lang.ref.SoftReference.get()Ljava/lang/Object; @ 17 c2
Event: 0.764 Thread 0x00000258e48bdda0 DEOPT PACKING pc=0x00000258f3f9d560 sp=0x000000ca111fc480
Event: 0.764 Thread 0x00000258e48bdda0 DEOPT UNPACKING pc=0x00000258f387a1a3 sp=0x000000ca111fc438 mode 2

Classes unloaded (0 events):
No events

Classes redefined (0 events):
No events

Internal exceptions (7 events):
Event: 0.111 Thread 0x00000258e48bdda0 Exception <a 'java/lang/NoSuchMethodError'{0x0000000715244498}: 'int java.lang.invoke.DirectMethodHandle$Holder.invokeStaticInit(java.lang.Object, java.lang.Object, java.lang.Object, java.lang.Object)'> (0x0000000715244498) 
thrown [s\src\hotspot\share\interpreter\linkResolver.cpp, line 759]
Event: 0.115 Thread 0x00000258e48bdda0 Exception <a 'java/lang/NoSuchMethodError'{0x000000071524f1a8}: 'java.lang.Object java.lang.invoke.DirectMethodHandle$Holder.invokeInterface(java.lang.Object, java.lang.Object)'> (0x000000071524f1a8) 
thrown [s\src\hotspot\share\interpreter\linkResolver.cpp, line 759]
Event: 0.116 Thread 0x00000258e48bdda0 Exception <a 'java/lang/IncompatibleClassChangeError'{0x00000007152528c0}: Found class java.lang.Object, but interface was expected> (0x00000007152528c0) 
thrown [s\src\hotspot\share\interpreter\linkResolver.cpp, line 826]
Event: 0.117 Thread 0x00000258e48bdda0 Exception <a 'java/lang/NoSuchMethodError'{0x0000000715255a68}: 'void java.lang.invoke.DirectMethodHandle$Holder.invokeStatic(java.lang.Object, java.lang.Object)'> (0x0000000715255a68) 
thrown [s\src\hotspot\share\interpreter\linkResolver.cpp, line 759]
Event: 0.118 Thread 0x00000258e48bdda0 Exception <a 'java/lang/NoSuchMethodError'{0x00000007152590d8}: 'void java.lang.invoke.DirectMethodHandle$Holder.invokeStaticInit(java.lang.Object, java.lang.Object)'> (0x00000007152590d8) 
thrown [s\src\hotspot\share\interpreter\linkResolver.cpp, line 759]
Event: 0.119 Thread 0x00000258e48bdda0 Exception <a 'java/lang/NoSuchMethodError'{0x000000071525f780}: 'int java.lang.invoke.DirectMethodHandle$Holder.invokeStaticInit(java.lang.Object, java.lang.Object)'> (0x000000071525f780) 
thrown [s\src\hotspot\share\interpreter\linkResolver.cpp, line 759]
Event: 0.715 Thread 0x00000258e48bdda0 Exception <a 'java/lang/NoSuchMethodError'{0x0000000714186d88}: 'java.lang.Object java.lang.invoke.DirectMethodHandle$Holder.invokeStatic(java.lang.Object, int, java.lang.Object)'> (0x0000000714186d88) 
thrown [s\src\hotspot\share\interpreter\linkResolver.cpp, line 759]

VM Operations (8 events):
Event: 0.090 Executing VM operation: HandshakeAllThreads
Event: 0.090 Executing VM operation: HandshakeAllThreads done
Event: 0.181 Executing VM operation: HandshakeAllThreads
Event: 0.181 Executing VM operation: HandshakeAllThreads done
Event: 0.759 Executing VM operation: G1CollectForAllocation
Event: 0.763 Executing VM operation: G1CollectForAllocation done
Event: 1.776 Executing VM operation: Cleanup
Event: 1.776 Executing VM operation: Cleanup done

Events (20 events):
Event: 0.711 loading class java/io/Externalizable
Event: 0.711 loading class java/io/Externalizable done
Event: 0.711 loading class java/time/zone/Ser done
Event: 0.711 loading class java/time/Month
Event: 0.712 loading class java/time/Month done
Event: 0.712 loading class java/time/DayOfWeek
Event: 0.712 loading class java/time/DayOfWeek done
Event: 0.712 loading class java/time/zone/ZoneOffsetTransitionRule$TimeDefinition
Event: 0.712 loading class java/time/zone/ZoneOffsetTransitionRule$TimeDefinition done
Event: 0.713 loading class java/time/zone/ZoneOffsetTransition
Event: 0.713 loading class java/time/zone/ZoneOffsetTransition done
Event: 0.714 loading class java/time/temporal/TemporalAdjusters
Event: 0.714 loading class java/time/temporal/TemporalAdjusters done
Event: 0.717 loading class java/time/zone/ZoneOffsetTransitionRule$1
Event: 0.717 loading class java/time/zone/ZoneOffsetTransitionRule$1 done
Event: 0.717 loading class java/util/concurrent/TimeUnit$1
Event: 0.717 loading class java/util/concurrent/TimeUnit$1 done
Event: 1.644 Thread 0x00000258ce7d9100 Thread exited: 0x00000258ce7d9100
Event: 1.644 Thread 0x000002588871b8d0 Thread exited: 0x000002588871b8d0
Event: 1.644 Thread 0x000002588877d660 Thread exited: 0x000002588877d660


Dynamic libraries:
0x00007ff6c4970000 - 0x00007ff6c497e000 	C:\Users\luczu\.jdks\corretto-17.0.10\bin\java.exe
0x00007ffc25950000 - 0x00007ffc25b67000 	C:\WINDOWS\SYSTEM32\ntdll.dll
0x00007ffc24980000 - 0x00007ffc24a44000 	C:\WINDOWS\System32\KERNEL32.DLL
0x00007ffc22f10000 - 0x00007ffc232b6000 	C:\WINDOWS\System32\KERNELBASE.dll
0x00007ffc22c90000 - 0x00007ffc22da1000 	C:\WINDOWS\System32\ucrtbase.dll
0x00007ffbcf990000 - 0x00007ffbcf9ab000 	C:\Users\luczu\.jdks\corretto-17.0.10\bin\VCRUNTIME140.dll
0x00007ffbbc150000 - 0x00007ffbbc167000 	C:\Users\luczu\.jdks\corretto-17.0.10\bin\jli.dll
0x00007ffc236a0000 - 0x00007ffc2384e000 	C:\WINDOWS\System32\USER32.dll
0x00007ffc22ee0000 - 0x00007ffc22f06000 	C:\WINDOWS\System32\win32u.dll
0x00007ffbff730000 - 0x00007ffbff9c3000 	C:\WINDOWS\WinSxS\amd64_microsoft.windows.common-controls_6595b64144ccf1df_6.0.22621.2506_none_270c5ae97388e100\COMCTL32.dll
0x00007ffc24050000 - 0x00007ffc24079000 	C:\WINDOWS\System32\GDI32.dll
0x00007ffc24a60000 - 0x00007ffc24b07000 	C:\WINDOWS\System32\msvcrt.dll
0x00007ffc23360000 - 0x00007ffc23478000 	C:\WINDOWS\System32\gdi32full.dll
0x00007ffc232c0000 - 0x00007ffc2335a000 	C:\WINDOWS\System32\msvcp_win.dll
0x00007ffc24760000 - 0x00007ffc24791000 	C:\WINDOWS\System32\IMM32.DLL
0x00007ffbd8d50000 - 0x00007ffbd8d5c000 	C:\Users\luczu\.jdks\corretto-17.0.10\bin\vcruntime140_1.dll
0x00007ffbbc2b0000 - 0x00007ffbbc33d000 	C:\Users\luczu\.jdks\corretto-17.0.10\bin\msvcp140.dll
0x00007ffb00b40000 - 0x00007ffb017a2000 	C:\Users\luczu\.jdks\corretto-17.0.10\bin\server\jvm.dll
0x00007ffc24d20000 - 0x00007ffc24dd3000 	C:\WINDOWS\System32\ADVAPI32.dll
0x00007ffc24690000 - 0x00007ffc24738000 	C:\WINDOWS\System32\sechost.dll
0x00007ffc23670000 - 0x00007ffc23698000 	C:\WINDOWS\System32\bcrypt.dll
0x00007ffc24b90000 - 0x00007ffc24ca7000 	C:\WINDOWS\System32\RPCRT4.dll
0x00007ffc18c30000 - 0x00007ffc18c64000 	C:\WINDOWS\SYSTEM32\WINMM.dll
0x00007ffc21b10000 - 0x00007ffc21b5d000 	C:\WINDOWS\SYSTEM32\POWRPROF.dll
0x00007ffc1a340000 - 0x00007ffc1a349000 	C:\WINDOWS\SYSTEM32\WSOCK32.dll
0x00007ffc18e60000 - 0x00007ffc18e6a000 	C:\WINDOWS\SYSTEM32\VERSION.dll
0x00007ffc24b10000 - 0x00007ffc24b81000 	C:\WINDOWS\System32\WS2_32.dll
0x00007ffc21af0000 - 0x00007ffc21b03000 	C:\WINDOWS\SYSTEM32\UMPDC.dll
0x00007ffc21d10000 - 0x00007ffc21d28000 	C:\WINDOWS\SYSTEM32\kernel.appcore.dll
0x00007ffbd8d40000 - 0x00007ffbd8d4a000 	C:\Users\luczu\.jdks\corretto-17.0.10\bin\jimage.dll
0x00007ffc20570000 - 0x00007ffc207a3000 	C:\WINDOWS\SYSTEM32\DBGHELP.DLL
0x00007ffc24300000 - 0x00007ffc24689000 	C:\WINDOWS\System32\combase.dll
0x00007ffc23d40000 - 0x00007ffc23e17000 	C:\WINDOWS\System32\OLEAUT32.dll
0x00007ffc09f90000 - 0x00007ffc09fc2000 	C:\WINDOWS\SYSTEM32\dbgcore.DLL
0x00007ffc23480000 - 0x00007ffc234fa000 	C:\WINDOWS\System32\bcryptPrimitives.dll
0x00007ffbcf9d0000 - 0x00007ffbcf9f5000 	C:\Users\luczu\.jdks\corretto-17.0.10\bin\java.dll
0x00007ffbbc1d0000 - 0x00007ffbbc2a7000 	C:\Users\luczu\.jdks\corretto-17.0.10\bin\jsvml.dll
0x00007ffc24de0000 - 0x00007ffc2563a000 	C:\WINDOWS\System32\SHELL32.dll
0x00007ffc20ba0000 - 0x00007ffc21496000 	C:\WINDOWS\SYSTEM32\windows.storage.dll
0x00007ffc20a60000 - 0x00007ffc20b9e000 	C:\WINDOWS\SYSTEM32\wintypes.dll
0x00007ffc24880000 - 0x00007ffc24973000 	C:\WINDOWS\System32\SHCORE.dll
0x00007ffc24cc0000 - 0x00007ffc24d1e000 	C:\WINDOWS\System32\shlwapi.dll
0x00007ffc22bc0000 - 0x00007ffc22be6000 	C:\WINDOWS\SYSTEM32\profapi.dll
0x00007ffbcf9b0000 - 0x00007ffbcf9c9000 	C:\Users\luczu\.jdks\corretto-17.0.10\bin\net.dll
0x00007ffc19770000 - 0x00007ffc198a7000 	C:\WINDOWS\SYSTEM32\WINHTTP.dll
0x00007ffc22230000 - 0x00007ffc22299000 	C:\WINDOWS\system32\mswsock.dll
0x00007ffbbc1b0000 - 0x00007ffbbc1c6000 	C:\Users\luczu\.jdks\corretto-17.0.10\bin\nio.dll
0x00007ffbbc190000 - 0x00007ffbbc1a8000 	C:\Users\luczu\.jdks\corretto-17.0.10\bin\zip.dll
0x00000258886a0000 - 0x00000258886a3000 	C:\Program Files (x86)\Windows Kits\10\Redist\ucrt\DLLs\x64\api-ms-win-crt-locale-l1-1-0.dll
0x00000258886b0000 - 0x00000258886b4000 	C:\Program Files (x86)\Windows Kits\10\Redist\ucrt\DLLs\x64\api-ms-win-crt-string-l1-1-0.dll
0x00000258886c0000 - 0x00000258886c4000 	C:\Program Files (x86)\Windows Kits\10\Redist\ucrt\DLLs\x64\api-ms-win-crt-stdio-l1-1-0.dll
0x00000258886d0000 - 0x00000258886d5000 	C:\Program Files (x86)\Windows Kits\10\Redist\ucrt\DLLs\x64\api-ms-win-crt-math-l1-1-0.dll
0x00000258886e0000 - 0x00000258886e3000 	C:\Program Files (x86)\Windows Kits\10\Redist\ucrt\DLLs\x64\api-ms-win-crt-heap-l1-1-0.dll
0x00000258886f0000 - 0x00000258886f4000 	C:\Program Files (x86)\Windows Kits\10\Redist\ucrt\DLLs\x64\api-ms-win-crt-runtime-l1-1-0.dll
0x0000025888f00000 - 0x0000025888f04000 	C:\Program Files (x86)\Windows Kits\10\Redist\ucrt\DLLs\x64\api-ms-win-crt-convert-l1-1-0.dll
0x0000025888f10000 - 0x0000025888f13000 	C:\Program Files (x86)\Windows Kits\10\Redist\ucrt\DLLs\x64\api-ms-win-crt-environment-l1-1-0.dll
0x0000025888f20000 - 0x0000025888f23000 	C:\Program Files (x86)\Windows Kits\10\Redist\ucrt\DLLs\x64\api-ms-win-crt-time-l1-1-0.dll
0x0000025888f30000 - 0x0000025888f33000 	C:\Program Files (x86)\Windows Kits\10\Redist\ucrt\DLLs\x64\api-ms-win-crt-filesystem-l1-1-0.dll
0x0000025888f40000 - 0x0000025888f43000 	C:\Program Files (x86)\Windows Kits\10\Redist\ucrt\DLLs\x64\api-ms-win-crt-utility-l1-1-0.dll
0x0000025888f50000 - 0x0000025888f55000 	C:\Program Files (x86)\Windows Kits\10\Redist\ucrt\DLLs\x64\api-ms-win-crt-multibyte-l1-1-0.dll
0x0000025888f60000 - 0x0000025888f63000 	C:\Program Files (x86)\Windows Kits\10\Redist\ucrt\DLLs\x64\api-ms-win-crt-conio-l1-1-0.dll
0x0000025888f70000 - 0x0000025888f7f000 	C:\Program Files (x86)\Windows Kits\10\Redist\ucrt\DLLs\x64\api-ms-win-crt-private-l1-1-0.dll
0x0000025888f80000 - 0x0000025888f83000 	C:\Program Files (x86)\Windows Kits\10\Redist\ucrt\DLLs\x64\api-ms-win-crt-process-l1-1-0.dll
0x0000025888f90000 - 0x0000025888f93000 	C:\Program Files\Microsoft\jdk-11.0.12.7-hotspot\bin\api-ms-win-core-console-l1-2-0.dll
0x0000025888fa0000 - 0x0000025888fa3000 	C:\Program Files (x86)\Windows Kits\10\Redist\ucrt\DLLs\x64\api-ms-win-core-string-l1-1-0.dll
0x0000025888fb0000 - 0x0000025888fb3000 	C:\Program Files (x86)\Windows Kits\10\Redist\ucrt\DLLs\x64\api-ms-win-core-errorhandling-l1-1-0.dll
0x0000025888fc0000 - 0x0000025888fc3000 	C:\Program Files (x86)\Windows Kits\10\Redist\ucrt\DLLs\x64\api-ms-win-core-timezone-l1-1-0.dll
0x0000025888fd0000 - 0x0000025888fd4000 	C:\Program Files (x86)\Windows Kits\10\Redist\ucrt\DLLs\x64\api-ms-win-core-file-l1-1-0.dll
0x0000025888fe0000 - 0x0000025888fe3000 	C:\Program Files (x86)\Windows Kits\10\Redist\ucrt\DLLs\x64\api-ms-win-core-namedpipe-l1-1-0.dll
0x0000025888ff0000 - 0x0000025888ff3000 	C:\Program Files (x86)\Windows Kits\10\Redist\ucrt\DLLs\x64\api-ms-win-core-handle-l1-1-0.dll
0x00000258ce000000 - 0x00000258ce003000 	C:\Program Files (x86)\Windows Kits\10\Redist\ucrt\DLLs\x64\api-ms-win-core-file-l2-1-0.dll
0x00000258ce010000 - 0x00000258ce013000 	C:\Program Files (x86)\Windows Kits\10\Redist\ucrt\DLLs\x64\api-ms-win-core-heap-l1-1-0.dll
0x00000258ce020000 - 0x00000258ce023000 	C:\Program Files (x86)\Windows Kits\10\Redist\ucrt\DLLs\x64\api-ms-win-core-libraryloader-l1-1-0.dll
0x00000258ce030000 - 0x00000258ce033000 	C:\Program Files (x86)\Windows Kits\10\Redist\ucrt\DLLs\x64\api-ms-win-core-synch-l1-1-0.dll
0x00000258ce040000 - 0x00000258ce043000 	C:\Program Files (x86)\Windows Kits\10\Redist\ucrt\DLLs\x64\api-ms-win-core-processthreads-l1-1-0.dll
0x00000258ce050000 - 0x00000258ce053000 	C:\Program Files (x86)\Windows Kits\10\Redist\ucrt\DLLs\x64\api-ms-win-core-processenvironment-l1-1-0.dll
0x00000258cf030000 - 0x00000258cf033000 	C:\Program Files (x86)\Windows Kits\10\Redist\ucrt\DLLs\x64\api-ms-win-core-datetime-l1-1-0.dll
0x00000258cf040000 - 0x00000258cf043000 	C:\Program Files (x86)\Windows Kits\10\Redist\ucrt\DLLs\x64\api-ms-win-core-localization-l1-2-0.dll
0x00000258cf050000 - 0x00000258cf053000 	C:\Program Files (x86)\Windows Kits\10\Redist\ucrt\DLLs\x64\api-ms-win-core-sysinfo-l1-1-0.dll
0x00000258cf060000 - 0x00000258cf063000 	C:\Program Files (x86)\Windows Kits\10\Redist\ucrt\DLLs\x64\api-ms-win-core-synch-l1-2-0.dll
0x00000258cf070000 - 0x00000258cf073000 	C:\Program Files (x86)\Windows Kits\10\Redist\ucrt\DLLs\x64\api-ms-win-core-console-l1-1-0.dll
0x00000258cf080000 - 0x00000258cf083000 	C:\Program Files (x86)\Windows Kits\10\Redist\ucrt\DLLs\x64\api-ms-win-core-debug-l1-1-0.dll
0x00000258cf090000 - 0x00000258cf093000 	C:\Program Files (x86)\Windows Kits\10\Redist\ucrt\DLLs\x64\api-ms-win-core-rtlsupport-l1-1-0.dll
0x00000258cf0a0000 - 0x00000258cf0a3000 	C:\Program Files (x86)\Windows Kits\10\Redist\ucrt\DLLs\x64\api-ms-win-core-processthreads-l1-1-1.dll
0x00000258cf0b0000 - 0x00000258cf0b3000 	C:\Program Files (x86)\Windows Kits\10\Redist\ucrt\DLLs\x64\api-ms-win-core-file-l1-2-0.dll
0x00000258cf0c0000 - 0x00000258cf0c3000 	C:\Program Files (x86)\Windows Kits\10\Redist\ucrt\DLLs\x64\api-ms-win-core-profile-l1-1-0.dll
0x00000258d00a0000 - 0x00000258d00a3000 	C:\Program Files (x86)\Windows Kits\10\Redist\ucrt\DLLs\x64\api-ms-win-core-memory-l1-1-0.dll
0x00000258d00b0000 - 0x00000258d00b3000 	C:\Program Files (x86)\Windows Kits\10\Redist\ucrt\DLLs\x64\api-ms-win-core-util-l1-1-0.dll
0x00000258d00c0000 - 0x00000258d00c3000 	C:\Program Files (x86)\Windows Kits\10\Redist\ucrt\DLLs\x64\api-ms-win-core-interlocked-l1-1-0.dll
0x00007ffbb9880000 - 0x00007ffbb9972000 	C:\Program Files (x86)\Windows Kits\10\Redist\ucrt\DLLs\x64\ucrtbase.dll
0x00007ffc17e30000 - 0x00007ffc17e39000 	C:\Windows\System32\msvcp140_1.dll
0x00007ffbe4740000 - 0x00007ffbe478e000 	C:\Windows\System32\concrt140.dll
0x00007ffbe4700000 - 0x00007ffbe4731000 	C:\Windows\System32\vcomp140.dll
0x00007ffbefd60000 - 0x00007ffbefe60000 	C:\Windows\System32\opengl32.dll
0x00007ffbf2470000 - 0x00007ffbf249d000 	C:\WINDOWS\SYSTEM32\GLU32.dll
0x00007ffc1fd90000 - 0x00007ffc1fdc6000 	C:\WINDOWS\SYSTEM32\dxcore.dll
0x00007ffbb9660000 - 0x00007ffbb987d000 	C:\Users\luczu\.javacpp\cache\jaylib-4.5.0-0.jar\com\raylib\windows-x86_64\jniRaylib.dll
0x00007ffb82cc0000 - 0x00007ffb82d06000 	C:\WINDOWS\SYSTEM32\dinput8.dll
0x00007ffbde6a0000 - 0x00007ffbde6b1000 	C:\WINDOWS\SYSTEM32\xinput1_4.dll
0x00007ffc22950000 - 0x00007ffc2297c000 	C:\WINDOWS\SYSTEM32\DEVOBJ.dll
0x00007ffc22980000 - 0x00007ffc229ce000 	C:\WINDOWS\SYSTEM32\cfgmgr32.dll
0x00007ffc20030000 - 0x00007ffc2005b000 	C:\WINDOWS\SYSTEM32\dwmapi.dll
0x00007ffc000e0000 - 0x00007ffc002ea000 	C:\WINDOWS\SYSTEM32\inputhost.dll
0x00007ffc1d160000 - 0x00007ffc1d294000 	C:\WINDOWS\SYSTEM32\CoreMessaging.dll
0x00007ffc1d540000 - 0x00007ffc1d5eb000 	C:\WINDOWS\system32\uxtheme.dll
0x00007ffc257c0000 - 0x00007ffc25910000 	C:\WINDOWS\System32\MSCTF.dll
0x00007ffc224a0000 - 0x00007ffc224ac000 	C:\WINDOWS\SYSTEM32\CRYPTBASE.DLL
0x00007ffc214a0000 - 0x00007ffc214ae000 	C:\WINDOWS\SYSTEM32\HID.DLL
0x00007ffc238c0000 - 0x00007ffc23d34000 	C:\WINDOWS\System32\SETUPAPI.DLL
0x00007ffc22e70000 - 0x00007ffc22edb000 	C:\WINDOWS\System32\WINTRUST.dll
0x00007ffc23500000 - 0x00007ffc23666000 	C:\WINDOWS\System32\CRYPT32.dll
0x00007ffc22930000 - 0x00007ffc22942000 	C:\WINDOWS\SYSTEM32\MSASN1.dll
0x00007ffc19a80000 - 0x00007ffc19aca000 	C:\WINDOWS\SYSTEM32\directxdatabasehelper.dll
0x00007ffc24250000 - 0x00007ffc24300000 	C:\WINDOWS\System32\clbcatq.dll
0x00007ffaf3d70000 - 0x00007ffaf6960000 	C:\WINDOWS\System32\DriverStore\FileRepository\nvhm.inf_amd64_28ac5867493a0477\nvoglv64.dll
0x00007ffc23eb0000 - 0x00007ffc24050000 	C:\WINDOWS\System32\ole32.dll
0x00007ffc21b60000 - 0x00007ffc21b74000 	C:\WINDOWS\SYSTEM32\WTSAPI32.dll
0x00007ffc0a2f0000 - 0x00007ffc0a322000 	C:\WINDOWS\SYSTEM32\cryptnet.dll
0x00007ffc0a330000 - 0x00007ffc0a488000 	C:\WINDOWS\SYSTEM32\drvstore.dll
0x00007ffc22530000 - 0x00007ffc2257b000 	C:\WINDOWS\SYSTEM32\wldp.dll
0x00007ffc24740000 - 0x00007ffc2475f000 	C:\WINDOWS\System32\imagehlp.dll
0x00007ffc22480000 - 0x00007ffc2249b000 	C:\WINDOWS\SYSTEM32\CRYPTSP.dll
0x00007ffc21d30000 - 0x00007ffc21d65000 	C:\WINDOWS\system32\rsaenh.dll
0x00007ffc222c0000 - 0x00007ffc222e6000 	C:\WINDOWS\SYSTEM32\gpapi.dll
0x00007ffbd54b0000 - 0x00007ffbd769b000 	C:\WINDOWS\System32\DriverStore\FileRepository\nvhm.inf_amd64_28ac5867493a0477\nvgpucomp64.dll
0x00007ffc21dd0000 - 0x00007ffc21e04000 	C:\WINDOWS\SYSTEM32\ntmarta.dll
0x00007ffb61a60000 - 0x00007ffb61d23000 	C:\WINDOWS\system32\nvspcap64.dll
0x00007ffc21700000 - 0x00007ffc21766000 	C:\WINDOWS\SYSTEM32\WINSTA.dll

dbghelp: loaded successfully - version: 4.0.5 - missing functions: none
symbol engine: initialized successfully - sym options: 0x614 - pdb path: .;C:\Users\luczu\.jdks\corretto-17.0.10\bin;C:\WINDOWS\SYSTEM32;C:\WINDOWS\WinSxS\amd64_microsoft.windows.common-controls_6595b64144ccf1df_6.0.22621.2506_none_270c5ae97388e100;C:\Users\luczu\.jdks\corretto-17.0.10\bin\server;C:\Program Files (x86)\Windows Kits\10\Redist\ucrt\DLLs\x64;C:\Program Files\Microsoft\jdk-11.0.12.7-hotspot\bin;C:\Users\luczu\.javacpp\cache\jaylib-4.5.0-0.jar\com\raylib\windows-x86_64;C:\WINDOWS\System32\DriverStore\FileRepository\nvhm.inf_amd64_28ac5867493a0477;C:\WINDOWS\System32\DriverStore\FileRepository\iigd_dch.inf_amd64_0fdf6ce291234272

VM Arguments:
jvm_args: -Dfile.encoding=windows-1252 -Duser.country=NL -Duser.language=nl -Duser.variant 
java_command: PineVille.GameScene
java_class_path (initial): C:\Users\luczu\OneDrive\Documenten\PineVille\build\classes\java\main;C:\Users\luczu\OneDrive\Documenten\PineVille\build\resources\main;C:\Users\luczu\.gradle\caches\modules-2\files-2.1\uk.co.electronstudio.jaylib\jaylib\4.5.0-0\90c0d608df9bbd32f5f34683acc58cb433e94508\jaylib-4.5.0-0.jar
Launcher Type: SUN_STANDARD

[Global flags]
     intx CICompilerCount                          = 12                                        {product} {ergonomic}
     uint ConcGCThreads                            = 3                                         {product} {ergonomic}
     uint G1ConcRefinementThreads                  = 13                                        {product} {ergonomic}
   size_t G1HeapRegionSize                         = 2097152                                   {product} {ergonomic}
    uintx GCDrainStackTargetSize                   = 64                                        {product} {ergonomic}
   size_t InitialHeapSize                          = 264241152                                 {product} {ergonomic}
   size_t MarkStackSize                            = 4194304                                   {product} {ergonomic}
   size_t MaxHeapSize                              = 4200595456                                {product} {ergonomic}
   size_t MaxNewSize                               = 2518679552                                {product} {ergonomic}
   size_t MinHeapDeltaBytes                        = 2097152                                   {product} {ergonomic}
   size_t MinHeapSize                              = 8388608                                   {product} {ergonomic}
    uintx NonNMethodCodeHeapSize                   = 7602480                                {pd product} {ergonomic}
    uintx NonProfiledCodeHeapSize                  = 122027880                              {pd product} {ergonomic}
    uintx ProfiledCodeHeapSize                     = 122027880                              {pd product} {ergonomic}
    uintx ReservedCodeCacheSize                    = 251658240                              {pd product} {ergonomic}
     bool SegmentedCodeCache                       = true                                      {product} {ergonomic}
   size_t SoftMaxHeapSize                          = 4200595456                             {manageable} {ergonomic}
     bool UseCompressedClassPointers               = true                           {product lp64_product} {ergonomic}
     bool UseCompressedOops                        = true                           {product lp64_product} {ergonomic}
     bool UseG1GC                                  = true                                      {product} {ergonomic}
     bool UseLargePagesIndividualAllocation        = false                                  {pd product} {ergonomic}

Logging:
Log output configuration:
 #0: stdout all=warning uptime,level,tags
 #1: stderr all=off uptime,level,tags

Environment Variables:
PATH=C:\Program Files (x86)\Common Files\Intel\Shared Libraries\redist\intel64\compiler;C:\Program Files\Common Files\Oracle\Java\javapath;C:\Program Files\Microsoft\jdk-11.0.12.7-hotspot\bin;C:\windows\system32;C:\windows;C:\windows\System32\Wbem;C:\windows\System32\WindowsPowerShell\v1.0\;C:\windows\System32\OpenSSH\;C:\Program Files (x86)\NVIDIA Corporation\PhysX\Common;C:\Program Files\NVIDIA Corporation\NVIDIA NvDLISR;C:\Program Files\Microsoft SQL Server\150\Tools\Binn\;C:\Program Files\Microsoft SQL Server\Client SDK\ODBC\170\Tools\Binn\;C:\Program Files\dotnet\;C:\WINDOWS\system32;C:\WINDOWS;C:\WINDOWS\System32\Wbem;C:\WINDOWS\System32\WindowsPowerShell\v1.0\;C:\WINDOWS\System32\OpenSSH\;C:\Program Files\CMake\bin;C:\Program Files\Git\cmd;C:\Users\luczu\AppData\Local\Microsoft\WindowsApps;C:\Users\luczu\.dotnet\tools;C:\Users\luczu\AppData\Local\GitHubDesktop\bin;;C:\Users\luczu\AppData\Local\Programs\Microsoft VS Code\bin
USERNAME=luczu
OS=Windows_NT
PROCESSOR_IDENTIFIER=Intel64 Family 6 Model 141 Stepping 1, GenuineIntel
TMP=C:\Users\luczu\AppData\Local\Temp
TEMP=C:\Users\luczu\AppData\Local\Temp



Periodic native trim disabled


---------------  S Y S T E M  ---------------

OS:
 Windows 11 , 64 bit Build 22621 (10.0.22621.2506)
OS uptime: 0 days 1:01 hours
Hyper-V role detected

CPU: total 16 (initial active 16) (8 cores per cpu, 2 threads per core) family 6 model 141 stepping 1 microcode 0x4e, cx8, cmov, fxsr, ht, mmx, 3dnowpref, sse, sse2, sse3, ssse3, sse4.1, sse4.2, popcnt, lzcnt, tsc, tscinvbit, avx, avx2, aes, erms, clmul, bmi1, bmi2, adx, avx512f, avx512dq, avx512cd, avx512bw, avx512vl, sha, fma, vzeroupper, avx512_vpopcntdq, avx512_vpclmulqdq, avx512_vaes, avx512_vnni, clflush, clflushopt, clwb, avx512_vbmi2, avx512_vbmi, hv
Processor Information for all 16 processors :
  Max Mhz: 2304, Current Mhz: 2304, Mhz Limit: 2304

Memory: 4k page, system-wide physical 16021M (2310M free)
TotalPageFile size 34453M (AvailPageFile size 13430M)
current process WorkingSet (physical memory assigned to process): 161M, peak: 207M
current process commit charge ("private bytes"): 593M, peak: 628M

vm_info: OpenJDK 64-Bit Server VM (17.0.10+7-LTS) for windows-amd64 JRE (17.0.10+7-LTS), built on Jan 10 2024 22:11:07 by "Administrator" with MS VC++ 16.10 / 16.11 (VS2019)

END.
