#
# A fatal error has been detected by the Java Runtime Environment:
#
#  EXCEPTION_ACCESS_VIOLATION (0xc0000005) at pc=0x00007fff950cf42b, pid=29348, tid=6092
#
# JRE version: OpenJDK Runtime Environment Corretto-17.0.10.7.1 (17.0.10+7) (build 17.0.10+7-LTS)
# Java VM: OpenJDK 64-Bit Server VM Corretto-17.0.10.7.1 (17.0.10+7-LTS, mixed mode, sharing, tiered, compressed oops, compressed class ptrs, g1 gc, windows-amd64)
# Problematic frame:
# C  [jniRaylib.dll+0xdf42b]
#
# No core dump will be written. Minidumps are not enabled by default on client versions of Windows
#
# If you would like to submit a bug report, please visit:
#   https://github.com/corretto/corretto-17/issues/
# The crash happened outside the Java Virtual Machine in native code.
# See problematic frame for where to report the bug.
#

---------------  S U M M A R Y ------------

Command Line: -Dfile.encoding=windows-1252 -Duser.country=NL -Duser.language=nl -Duser.variant PineVille.GameScene

Host: 11th Gen Intel(R) Core(TM) i7-11800H @ 2.30GHz, 16 cores, 15G,  Windows 11 , 64 bit Build 22621 (10.0.22621.3085)
Time: Tue Mar 12 09:42:50 2024 West-Europa (standaardtijd) elapsed time: 31.382334 seconds (0d 0h 0m 31s)

---------------  T H R E A D  ---------------

Current thread (0x000001e8ebfba1b0):  JavaThread "main" [_thread_in_native, id=6092, stack(0x000000db4c500000,0x000000db4c600000)]

Stack: [0x000000db4c500000,0x000000db4c600000],  sp=0x000000db4c5feff0,  free space=1019k
Native frames: (J=compiled Java code, j=interpreted, Vv=VM code, C=native code)
C  [jniRaylib.dll+0xdf42b]

Java frames: (J=compiled Java code, j=interpreted, Vv=VM code)
J 827  com.raylib.Raylib.DrawTexturePro(Lcom/raylib/Raylib$Texture;Lcom/raylib/Raylib$Rectangle;Lcom/raylib/Raylib$Rectangle;Lcom/raylib/Raylib$Vector2;FLcom/raylib/Raylib$Color;)V (0 bytes) @ 0x000001e887c3d562 [0x000001e887c3d4a0+0x00000000000000c2]
j  PineVille.GameScene.main([Ljava/lang/String;)V+294
v  ~StubRoutines::call_stub

siginfo: EXCEPTION_ACCESS_VIOLATION (0xc0000005), writing address 0x000001e8d8435310


Registers:
RAX=0x000001e8d8435310, RBX=0x000000db4c5ff190, RCX=0x0000000000000000, RDX=0x000001e8d655f7a0
RSP=0x000000db4c5feff0, RBP=0x000000db4c5ff250, RSI=0x0000000000000004, RDI=0x000000db4c5ff180
R8 =0x0000000000000000, R9 =0x0000000000000000, R10=0x00007fff1681de20, R11=0x000000000000000e
R12=0x000001e8d7394760, R13=0x0000000000000000, R14=0x000001e8d8374140, R15=0x000001e8d5f25820
RIP=0x00007fff950cf42b, EFLAGS=0x0000000000010246


Register to memory mapping:

RIP=0x00007fff950cf42b jniRaylib.dll
RAX=0x000001e8d8435310 is an unknown value
RBX=0x000000db4c5ff190 is pointing into the stack for thread: 0x000001e8ebfba1b0
RCX=0x0 is NULL
RDX=0x000001e8d655f7a0 points into unknown readable memory: 0x0000000000002000 | 00 20 00 00 00 00 00 00
RSP=0x000000db4c5feff0 is pointing into the stack for thread: 0x000001e8ebfba1b0
RBP=0x000000db4c5ff250 is pointing into the stack for thread: 0x000001e8ebfba1b0
RSI=0x0000000000000004 is an unknown value
RDI=0x000000db4c5ff180 is pointing into the stack for thread: 0x000001e8ebfba1b0
R8 =0x0 is NULL
R9 =0x0 is NULL
R10=0x00007fff1681de20 jvm.dll
R11=0x000000000000000e is an unknown value
R12=0x000001e8d7394760 points into unknown readable memory: 0x0000002000000004 | 04 00 00 00 20 00 00 00
R13=0x0 is NULL
R14=0x000001e8d8374140 points into unknown readable memory: 0x02000000ffffffff | ff ff ff ff 00 00 00 02
R15=0x000001e8d5f25820 points into unknown readable memory: 0x0000000000000000 | 00 00 00 00 00 00 00 00


Top of Stack: (sp=0x000000db4c5feff0)
0x000000db4c5feff0:   00004aa853a109e9 00007fff0000000e
0x000000db4c5ff000:   000000db4c5ff360 0000000000000000
0x000000db4c5ff010:   0000000043640000 0000000000000000
0x000000db4c5ff020:   0000000000000000 0000000000000000
0x000000db4c5ff030:   0000000000000000 0000000000000000
0x000000db4c5ff040:   000000db4c5ff190 00007fff95098749
0x000000db4c5ff050:   000001e88f9f3d70 000000db4c5ff0a0
0x000000db4c5ff060:   000001e8ebfba1b0 000001e8ebfba1b0
0x000000db4c5ff070:   4200000043640000 42c8000043640000
0x000000db4c5ff080:   000001e8ebfba1b0 0000000000000000
0x000000db4c5ff090:   0000000000000000 0000000000000000
0x000000db4c5ff0a0:   0000000000000000 0000000000000000
0x000000db4c5ff0b0:   0000000000000000 0000000000000000
0x000000db4c5ff0c0:   0000000000000000 0000000000000000
0x000000db4c5ff0d0:   0000000000000000 0000000000000000
0x000000db4c5ff0e0:   0000000000000000 0000000000000000
0x000000db4c5ff0f0:   0000000000000000 0000000000000000
0x000000db4c5ff100:   0000000000000000 0000000000000000
0x000000db4c5ff110:   0000000000000000 0000000000000000
0x000000db4c5ff120:   0000000000640000 0000000000000000
0x000000db4c5ff130:   000001e8d62aa070 000001e8d62a9d70
0x000000db4c5ff140:   000001e8ebfba468 00007fff95032213
0x000000db4c5ff150:   000001e842c80000 000000db4c5ff250
0x000000db4c5ff160:   00002996ef198057 00007fff95003c20
0x000000db4c5ff170:   000000db00000000 00000000ffffffff
0x000000db4c5ff180:   42c8000042c80000 4300000043000000
0x000000db4c5ff190:   0000000000000000 4200000042000000
0x000000db4c5ff1a0:   0000002000000004 0000000100000020
0x000000db4c5ff1b0:   0000000700000007 000001e8d14c4d88
0x000000db4c5ff1c0:   000001e8ebfba1b0 0000000000000000
0x000000db4c5ff1d0:   0000000714f1dc48 0000000715473d90
0x000000db4c5ff1e0:   000001e8d144bd40 000001e887c3d602 

Instructions: (pc=0x00007fff950cf42b)
0x00007fff950cf32b:   fa 01 75 0b 84 54 c1 f4 75 54 8d 4a 02 eb 43 83
0x00007fff950cf33b:   fa 04 75 20 8b 4c c1 f4 b8 56 55 55 55 f7 e9 8b
0x00007fff950cf34b:   c2 c1 e8 1f 03 d0 8d 04 52 3b c8 75 31 b9 04 00
0x00007fff950cf35b:   00 00 eb 1e 83 fa 07 75 25 8b 44 c1 f4 25 03 00
0x00007fff950cf36b:   00 80 7d 07 ff c8 83 c8 fc ff c0 85 c0 75 0f 8d
0x00007fff950cf37b:   48 05 e8 7e a4 ff ff 4c 8b 05 27 2e 11 00 4d 63
0x00007fff950cf38b:   48 04 4d 8b 40 08 8b 05 41 2e 11 00 49 c1 e1 06
0x00007fff950cf39b:   8d 0c 40 4b 8b 44 01 08 48 63 d1 f3 0f 11 34 90
0x00007fff950cf3ab:   48 8b 05 fe 2d 11 00 4c 63 48 04 4c 8b 40 08 8b
0x00007fff950cf3bb:   05 18 2e 11 00 49 c1 e1 06 8d 0c 40 4b 8b 44 01
0x00007fff950cf3cb:   08 48 63 d1 f3 0f 11 7c 90 04 48 8b 05 d4 2d 11
0x00007fff950cf3db:   00 4c 63 48 04 4c 8b 40 08 8b 05 ee 2d 11 00 49
0x00007fff950cf3eb:   c1 e1 06 8d 0c 40 4b 8b 44 01 08 48 63 d1 f3 44
0x00007fff950cf3fb:   0f 11 44 90 08 48 8b 05 a9 2d 11 00 f3 0f 10 05
0x00007fff950cf40b:   cd 2d 11 00 4c 63 40 04 48 8b 50 08 8b 05 bb 2d
0x00007fff950cf41b:   11 00 03 c0 49 c1 e0 06 48 63 c8 49 8b 44 10 10
0x00007fff950cf42b:   f3 0f 11 04 88 48 8b 05 79 2d 11 00 f3 0f 10 05
0x00007fff950cf43b:   a1 2d 11 00 4c 63 40 04 48 8b 50 08 8b 05 8b 2d
0x00007fff950cf44b:   11 00 03 c0 49 c1 e0 06 48 63 c8 49 8b 44 10 10
0x00007fff950cf45b:   f3 0f 11 44 88 04 48 8b 05 48 2d 11 00 4c 63 40
0x00007fff950cf46b:   04 48 8b 48 08 8b 05 62 2d 11 00 49 c1 e0 06 8d
0x00007fff950cf47b:   04 85 00 00 00 00 49 8b 4c 08 18 48 63 d0 0f b6
0x00007fff950cf48b:   05 60 2d 11 00 88 04 0a 48 8b 05 16 2d 11 00 4c
0x00007fff950cf49b:   63 40 04 48 8b 48 08 8b 05 30 2d 11 00 49 c1 e0
0x00007fff950cf4ab:   06 8d 04 85 00 00 00 00 49 8b 4c 08 18 48 63 d0
0x00007fff950cf4bb:   0f b6 05 2f 2d 11 00 88 44 11 01 48 8b 05 e3 2c
0x00007fff950cf4cb:   11 00 4c 63 40 04 48 8b 48 08 8b 05 fd 2c 11 00
0x00007fff950cf4db:   49 c1 e0 06 8d 04 85 00 00 00 00 49 8b 4c 08 18
0x00007fff950cf4eb:   48 63 d0 0f b6 05 fd 2c 11 00 88 44 11 02 48 8b
0x00007fff950cf4fb:   05 b0 2c 11 00 4c 63 40 04 48 8b 48 08 8b 05 ca
0x00007fff950cf50b:   2c 11 00 49 c1 e0 06 49 8b 4c 08 18 8d 04 85 00
0x00007fff950cf51b:   00 00 00 0f 28 74 24 40 0f 28 7c 24 30 44 0f 28 


Stack slot to memory mapping:
stack at sp + 0 slots: 0x00004aa853a109e9 is an unknown value
stack at sp + 1 slots: 0x00007fff0000000e is an unknown value
stack at sp + 2 slots: 0x000000db4c5ff360 is pointing into the stack for thread: 0x000001e8ebfba1b0
stack at sp + 3 slots: 0x0 is NULL
stack at sp + 4 slots: 0x0000000043640000 is an unknown value
stack at sp + 5 slots: 0x0 is NULL
stack at sp + 6 slots: 0x0 is NULL
stack at sp + 7 slots: 0x0 is NULL


Compiled method (n/a)   31461  827     n 0       com.raylib.Raylib::DrawTexturePro (native)
 total in heap  [0x000001e887c3d310,0x000001e887c3d740] = 1072
 relocation     [0x000001e887c3d468,0x000001e887c3d498] = 48
 main code      [0x000001e887c3d4a0,0x000001e887c3d738] = 664
 oops           [0x000001e887c3d738,0x000001e887c3d740] = 8

[Constant Pool (empty)]

[MachCode]
[Entry Point]
  # {method} {0x000001e8d144bd48} 'DrawTexturePro' '(Lcom/raylib/Raylib$Texture;Lcom/raylib/Raylib$Rectangle;Lcom/raylib/Raylib$Rectangle;Lcom/raylib/Raylib$Vector2;FLcom/raylib/Raylib$Color;)V' in 'com/raylib/Raylib'
  # parm0:    rdx:rdx   = 'com/raylib/Raylib$Texture'
  # parm1:    r8:r8     = 'com/raylib/Raylib$Rectangle'
  # parm2:    r9:r9     = 'com/raylib/Raylib$Rectangle'
  # parm3:    rdi:rdi   = 'com/raylib/Raylib$Vector2'
  # parm4:    xmm0      = float
  # parm5:    rsi:rsi   = 'com/raylib/Raylib$Color'
  #           [sp+0x90]  (sp of caller)
  0x000001e887c3d4a0: 448b 5208 | 49bb 0000 | 0090 e801 | 0000 4d03 | d349 3bc2 | 0f84 0600 

  0x000001e887c3d4b8: ;   {runtime_call ic_miss_stub}
  0x000001e887c3d4b8: 0000 e9c1 | 4086 ff90 
[Verified Entry Point]
  0x000001e887c3d4c0: 8984 2400 | 90ff ff55 | 488b ec48 | 81ec 8000 | 0000 4889 | 7424 6048 | 83fe 0048 | 8d44 2460 
  0x000001e887c3d4e0: 480f 4444 | 2460 4889 | 4424 38c5 | fa11 4424 | 3048 897c | 2458 4883 | ff00 488d | 4424 5848 
  0x000001e887c3d500: 0f44 4424 | 5848 8944 | 2428 4c89 | 4c24 5049 | 83f9 0048 | 8d44 2450 | 480f 4444 | 2450 4889 
  0x000001e887c3d520: 4424 204c | 8944 2448 | 4983 f800 | 4c8d 4c24 | 484c 0f44 | 4c24 4848 | 8954 2440 | 4883 fa00 
  0x000001e887c3d540: 4c8d 4424 | 404c 0f44 

  0x000001e887c3d548: ;   {oop(a 'java/lang/Class'{0x0000000713e1c4d8} = 'com/raylib/Raylib')}
  0x000001e887c3d548: 4424 4049 | bed8 c4e1 | 1307 0000 | 004c 8974 | 2470 4c8d | 7424 7049 | 8bd6 c5f8 

  0x000001e887c3d564: ;   {internal_word}
  0x000001e887c3d564: 7749 ba62 | d5c3 87e8 | 0100 004d | 8997 a002 | 0000 4989 | a798 0200 

  0x000001e887c3d57c: ;   {external_word}
  0x000001e887c3d57c: 0049 ba79 | 3580 16ff | 7f00 0041 | 803a 000f | 8452 0000 | 0052 4150 

  0x000001e887c3d594: ;   {metadata({method} {0x000001e8d144bd48} 'DrawTexturePro' '(Lcom/raylib/Raylib$Texture;Lcom/raylib/Raylib$Rectangle;Lcom/raylib/Raylib$Rectangle;Lcom/raylib/Raylib$Vector2;FLcom/raylib/Raylib$Color;)V' in 'com/raylib/Raylib')}
  0x000001e887c3d594: 4151 48ba | 40bd 44d1 | e801 0000 | 498b cf48 | 83ec 20f7 | c40f 0000 | 000f 841a | 0000 0048 
  0x000001e887c3d5b4: ;   {runtime_call}
  0x000001e887c3d5b4: 83ec 0849 | ba00 3036 | 16ff 7f00 | 0041 ffd2 | 4883 c408 | e90d 0000 

  0x000001e887c3d5cc: ;   {runtime_call}
  0x000001e887c3d5cc: 0049 ba00 | 3036 16ff | 7f00 0041 | ffd2 4883 | c420 4159 | 4158 5a49 | 8d8f b802 | 0000 41c7 
  0x000001e887c3d5ec: 8748 0300 | 0004 0000 

  0x000001e887c3d5f4: ;   {runtime_call}
  0x000001e887c3d5f4: 0049 ba10 | 2003 95ff | 7f00 0041 | ffd2 c5f8 | 7741 c787 | 4803 0000 | 0500 0000 | f083 4424 
  0x000001e887c3d614: c000 493b | af50 0300 | 000f 8711 | 0000 0041 | 81bf 3803 | 0000 0000 | 0000 0f84 | 2400 0000 
  0x000001e887c3d634: c5f8 7749 | 8bcf 4c8b | e448 83ec | 2048 83e4 

  0x000001e887c3d644: ;   {runtime_call}
  0x000001e887c3d644: f049 ba90 | 4446 16ff | 7f00 0041 | ffd2 498b | e44d 33e4 | 41c7 8748 | 0300 0008 | 0000 0041 
  0x000001e887c3d664: 81bf b803 | 0000 0200 | 0000 0f84 | 9b00 0000 

  0x000001e887c3d674: ;   {external_word}
  0x000001e887c3d674: 49ba 7935 | 8016 ff7f | 0000 4180 | 3a00 0f84 | 4800 0000 

  0x000001e887c3d688: ;   {metadata({method} {0x000001e8d144bd48} 'DrawTexturePro' '(Lcom/raylib/Raylib$Texture;Lcom/raylib/Raylib$Rectangle;Lcom/raylib/Raylib$Rectangle;Lcom/raylib/Raylib$Vector2;FLcom/raylib/Raylib$Color;)V' in 'com/raylib/Raylib')}
  0x000001e887c3d688: 48ba 40bd | 44d1 e801 | 0000 498b | cf48 83ec | 20f7 c40f | 0000 000f | 841a 0000 | 0048 83ec 
  0x000001e887c3d6a8: ;   {runtime_call}
  0x000001e887c3d6a8: 0849 ba00 | 3036 16ff | 7f00 0041 | ffd2 4883 | c408 e90d 

  0x000001e887c3d6bc: ;   {runtime_call}
  0x000001e887c3d6bc: 0000 0049 | ba00 3036 | 16ff 7f00 | 0041 ffd2 | 4883 c420 | 49c7 8798 | 0200 0000 | 0000 0049 
  0x000001e887c3d6dc: c787 a002 | 0000 0000 | 0000 c5f8 | 7749 8b8f | d800 0000 | c781 0001 | 0000 0000 | 0000 c949 
  0x000001e887c3d6fc: 817f 0800 | 0000 000f | 8501 0000 

  0x000001e887c3d708: ;   {runtime_call StubRoutines (1)}
  0x000001e887c3d708: 00c3 e9f1 | 3781 ffc5 | f877 4c8b | e448 83ec | 2048 83e4 

  0x000001e887c3d71c: ;   {runtime_call}
  0x000001e887c3d71c: f049 ba80 | 6036 16ff | 7f00 0041 | ffd2 498b | e44d 33e4 | e93f ffff | fff4 f4f4 
[/MachCode]


---------------  P R O C E S S  ---------------

Threads class SMR info:
_java_thread_list=0x000001e8d6546920, length=13, elements={
0x000001e8ebfba1b0, 0x000001e88f878a20, 0x000001e88f8792f0, 0x000001e88f890ff0,
0x000001e88f8919b0, 0x000001e88f894790, 0x000001e88f895150, 0x000001e88f896e10,
0x000001e88f8977d0, 0x000001e88f8a00f0, 0x000001e88fa4a630, 0x000001e88fa4bf90,
0x000001e88fa68ae0
}

Java Threads: ( => current thread )
=>0x000001e8ebfba1b0 JavaThread "main" [_thread_in_native, id=6092, stack(0x000000db4c500000,0x000000db4c600000)]
  0x000001e88f878a20 JavaThread "Reference Handler" daemon [_thread_blocked, id=10028, stack(0x000000db4cc00000,0x000000db4cd00000)]
  0x000001e88f8792f0 JavaThread "Finalizer" daemon [_thread_blocked, id=2124, stack(0x000000db4cd00000,0x000000db4ce00000)]
  0x000001e88f890ff0 JavaThread "Signal Dispatcher" daemon [_thread_blocked, id=9512, stack(0x000000db4ce00000,0x000000db4cf00000)]
  0x000001e88f8919b0 JavaThread "Attach Listener" daemon [_thread_blocked, id=4772, stack(0x000000db4cf00000,0x000000db4d000000)]
  0x000001e88f894790 JavaThread "Service Thread" daemon [_thread_blocked, id=5232, stack(0x000000db4d000000,0x000000db4d100000)]
  0x000001e88f895150 JavaThread "Monitor Deflation Thread" daemon [_thread_blocked, id=6328, stack(0x000000db4d100000,0x000000db4d200000)]
  0x000001e88f896e10 JavaThread "C2 CompilerThread0" daemon [_thread_blocked, id=24164, stack(0x000000db4d200000,0x000000db4d300000)]
  0x000001e88f8977d0 JavaThread "C1 CompilerThread0" daemon [_thread_blocked, id=5608, stack(0x000000db4d300000,0x000000db4d400000)]
  0x000001e88f8a00f0 JavaThread "Sweeper thread" daemon [_thread_blocked, id=28480, stack(0x000000db4d400000,0x000000db4d500000)]
  0x000001e88fa4a630 JavaThread "Notification Thread" daemon [_thread_blocked, id=22156, stack(0x000000db4d700000,0x000000db4d800000)]
  0x000001e88fa4bf90 JavaThread "Common-Cleaner" daemon [_thread_blocked, id=11352, stack(0x000000db4d900000,0x000000db4da00000)]
  0x000001e88fa68ae0 JavaThread "JavaCPP Deallocator" daemon [_thread_blocked, id=31704, stack(0x000000db4da00000,0x000000db4db00000)]

Other Threads:
  0x000001e88f75e8c0 VMThread "VM Thread" [stack: 0x000000db4cb00000,0x000000db4cc00000] [id=1264]
  0x000001e88fa4af20 WatcherThread [stack: 0x000000db4d800000,0x000000db4d900000] [id=10736]
  0x000001e8ec028920 GCTaskThread "GC Thread#0" [stack: 0x000000db4c600000,0x000000db4c700000] [id=27460]
  0x000001e8d574f8c0 GCTaskThread "GC Thread#1" [stack: 0x000000db4e100000,0x000000db4e200000] [id=9928]
  0x000001e8d574fb80 GCTaskThread "GC Thread#2" [stack: 0x000000db4e200000,0x000000db4e300000] [id=6320]
  0x000001e8d574f080 GCTaskThread "GC Thread#3" [stack: 0x000000db4e300000,0x000000db4e400000] [id=15672]
  0x000001e8d5750100 GCTaskThread "GC Thread#4" [stack: 0x000000db4e400000,0x000000db4e500000] [id=29280]
  0x000001e8d5750680 GCTaskThread "GC Thread#5" [stack: 0x000000db4e500000,0x000000db4e600000] [id=26764]
  0x000001e8ec0391c0 ConcurrentGCThread "G1 Main Marker" [stack: 0x000000db4c700000,0x000000db4c800000] [id=7292]
  0x000001e8ec03a280 ConcurrentGCThread "G1 Conc#0" [stack: 0x000000db4c800000,0x000000db4c900000] [id=8752]
  0x000001e88f61be50 ConcurrentGCThread "G1 Refine#0" [stack: 0x000000db4c900000,0x000000db4ca00000] [id=15492]
  0x000001e88f61d790 ConcurrentGCThread "G1 Service" [stack: 0x000000db4ca00000,0x000000db4cb00000] [id=25252]

Threads with active compile tasks:

VM state: not at safepoint (normal execution)

VM Mutex/Monitor currently owned by a thread: None

Heap address: 0x0000000705a00000, size: 4006 MB, Compressed Oops mode: Zero based, Oop shift amount: 3

CDS archive(s) mapped at: [0x000001e890000000-0x000001e890bb0000-0x000001e890bb0000), size 12255232, SharedBaseAddress: 0x000001e890000000, ArchiveRelocationMode: 1.
Compressed class space mapped at: 0x000001e891000000-0x000001e8d1000000, reserved size: 1073741824
Narrow klass base: 0x000001e890000000, Narrow klass shift: 0, Narrow klass range: 0x100000000

GC Precious Log:
 CPUs: 16 total, 16 available
 Memory: 16021M
 Large Page Support: Disabled
 NUMA Support: Disabled
 Compressed Oops: Enabled (Zero based)
 Heap Region Size: 2M
 Heap Min Capacity: 8M
 Heap Initial Capacity: 252M
 Heap Max Capacity: 4006M
 Pre-touch: Disabled
 Parallel Workers: 13
 Concurrent Workers: 3
 Concurrent Refinement Workers: 13
 Periodic GC: Disabled

Heap:
 garbage-first heap   total 258048K, used 7746K [0x0000000705a00000, 0x0000000800000000)
  region size 2048K, 5 young (10240K), 1 survivors (2048K)
 Metaspace       used 2270K, committed 2432K, reserved 1114112K
  class space    used 192K, committed 256K, reserved 1048576K

Heap Regions: E=young(eden), S=young(survivor), O=old, HS=humongous(starts), HC=humongous(continues), CS=collection set, F=free, OA=open archive, CA=closed archive, TAMS=top-at-mark-start (previous, next)
|   0|0x0000000705a00000, 0x0000000705a00000, 0x0000000705c00000|  0%| F|  |TAMS 0x0000000705a00000, 0x0000000705a00000| Untracked 
|   1|0x0000000705c00000, 0x0000000705c00000, 0x0000000705e00000|  0%| F|  |TAMS 0x0000000705c00000, 0x0000000705c00000| Untracked 
|   2|0x0000000705e00000, 0x0000000705e00000, 0x0000000706000000|  0%| F|  |TAMS 0x0000000705e00000, 0x0000000705e00000| Untracked 
|   3|0x0000000706000000, 0x0000000706000000, 0x0000000706200000|  0%| F|  |TAMS 0x0000000706000000, 0x0000000706000000| Untracked 
|   4|0x0000000706200000, 0x0000000706200000, 0x0000000706400000|  0%| F|  |TAMS 0x0000000706200000, 0x0000000706200000| Untracked 
|   5|0x0000000706400000, 0x0000000706400000, 0x0000000706600000|  0%| F|  |TAMS 0x0000000706400000, 0x0000000706400000| Untracked 
|   6|0x0000000706600000, 0x0000000706600000, 0x0000000706800000|  0%| F|  |TAMS 0x0000000706600000, 0x0000000706600000| Untracked 
|   7|0x0000000706800000, 0x0000000706800000, 0x0000000706a00000|  0%| F|  |TAMS 0x0000000706800000, 0x0000000706800000| Untracked 
|   8|0x0000000706a00000, 0x0000000706a00000, 0x0000000706c00000|  0%| F|  |TAMS 0x0000000706a00000, 0x0000000706a00000| Untracked 
|   9|0x0000000706c00000, 0x0000000706c00000, 0x0000000706e00000|  0%| F|  |TAMS 0x0000000706c00000, 0x0000000706c00000| Untracked 
|  10|0x0000000706e00000, 0x0000000706e00000, 0x0000000707000000|  0%| F|  |TAMS 0x0000000706e00000, 0x0000000706e00000| Untracked 
|  11|0x0000000707000000, 0x0000000707000000, 0x0000000707200000|  0%| F|  |TAMS 0x0000000707000000, 0x0000000707000000| Untracked 
|  12|0x0000000707200000, 0x0000000707200000, 0x0000000707400000|  0%| F|  |TAMS 0x0000000707200000, 0x0000000707200000| Untracked 
|  13|0x0000000707400000, 0x0000000707400000, 0x0000000707600000|  0%| F|  |TAMS 0x0000000707400000, 0x0000000707400000| Untracked 
|  14|0x0000000707600000, 0x0000000707600000, 0x0000000707800000|  0%| F|  |TAMS 0x0000000707600000, 0x0000000707600000| Untracked 
|  15|0x0000000707800000, 0x0000000707800000, 0x0000000707a00000|  0%| F|  |TAMS 0x0000000707800000, 0x0000000707800000| Untracked 
|  16|0x0000000707a00000, 0x0000000707a00000, 0x0000000707c00000|  0%| F|  |TAMS 0x0000000707a00000, 0x0000000707a00000| Untracked 
|  17|0x0000000707c00000, 0x0000000707c00000, 0x0000000707e00000|  0%| F|  |TAMS 0x0000000707c00000, 0x0000000707c00000| Untracked 
|  18|0x0000000707e00000, 0x0000000707e00000, 0x0000000708000000|  0%| F|  |TAMS 0x0000000707e00000, 0x0000000707e00000| Untracked 
|  19|0x0000000708000000, 0x0000000708000000, 0x0000000708200000|  0%| F|  |TAMS 0x0000000708000000, 0x0000000708000000| Untracked 
|  20|0x0000000708200000, 0x0000000708200000, 0x0000000708400000|  0%| F|  |TAMS 0x0000000708200000, 0x0000000708200000| Untracked 
|  21|0x0000000708400000, 0x0000000708400000, 0x0000000708600000|  0%| F|  |TAMS 0x0000000708400000, 0x0000000708400000| Untracked 
|  22|0x0000000708600000, 0x0000000708600000, 0x0000000708800000|  0%| F|  |TAMS 0x0000000708600000, 0x0000000708600000| Untracked 
|  23|0x0000000708800000, 0x0000000708800000, 0x0000000708a00000|  0%| F|  |TAMS 0x0000000708800000, 0x0000000708800000| Untracked 
|  24|0x0000000708a00000, 0x0000000708a00000, 0x0000000708c00000|  0%| F|  |TAMS 0x0000000708a00000, 0x0000000708a00000| Untracked 
|  25|0x0000000708c00000, 0x0000000708c00000, 0x0000000708e00000|  0%| F|  |TAMS 0x0000000708c00000, 0x0000000708c00000| Untracked 
|  26|0x0000000708e00000, 0x0000000708e00000, 0x0000000709000000|  0%| F|  |TAMS 0x0000000708e00000, 0x0000000708e00000| Untracked 
|  27|0x0000000709000000, 0x0000000709000000, 0x0000000709200000|  0%| F|  |TAMS 0x0000000709000000, 0x0000000709000000| Untracked 
|  28|0x0000000709200000, 0x0000000709200000, 0x0000000709400000|  0%| F|  |TAMS 0x0000000709200000, 0x0000000709200000| Untracked 
|  29|0x0000000709400000, 0x0000000709400000, 0x0000000709600000|  0%| F|  |TAMS 0x0000000709400000, 0x0000000709400000| Untracked 
|  30|0x0000000709600000, 0x0000000709600000, 0x0000000709800000|  0%| F|  |TAMS 0x0000000709600000, 0x0000000709600000| Untracked 
|  31|0x0000000709800000, 0x0000000709800000, 0x0000000709a00000|  0%| F|  |TAMS 0x0000000709800000, 0x0000000709800000| Untracked 
|  32|0x0000000709a00000, 0x0000000709a00000, 0x0000000709c00000|  0%| F|  |TAMS 0x0000000709a00000, 0x0000000709a00000| Untracked 
|  33|0x0000000709c00000, 0x0000000709c00000, 0x0000000709e00000|  0%| F|  |TAMS 0x0000000709c00000, 0x0000000709c00000| Untracked 
|  34|0x0000000709e00000, 0x0000000709e00000, 0x000000070a000000|  0%| F|  |TAMS 0x0000000709e00000, 0x0000000709e00000| Untracked 
|  35|0x000000070a000000, 0x000000070a000000, 0x000000070a200000|  0%| F|  |TAMS 0x000000070a000000, 0x000000070a000000| Untracked 
|  36|0x000000070a200000, 0x000000070a200000, 0x000000070a400000|  0%| F|  |TAMS 0x000000070a200000, 0x000000070a200000| Untracked 
|  37|0x000000070a400000, 0x000000070a400000, 0x000000070a600000|  0%| F|  |TAMS 0x000000070a400000, 0x000000070a400000| Untracked 
|  38|0x000000070a600000, 0x000000070a600000, 0x000000070a800000|  0%| F|  |TAMS 0x000000070a600000, 0x000000070a600000| Untracked 
|  39|0x000000070a800000, 0x000000070a800000, 0x000000070aa00000|  0%| F|  |TAMS 0x000000070a800000, 0x000000070a800000| Untracked 
|  40|0x000000070aa00000, 0x000000070aa00000, 0x000000070ac00000|  0%| F|  |TAMS 0x000000070aa00000, 0x000000070aa00000| Untracked 
|  41|0x000000070ac00000, 0x000000070ac00000, 0x000000070ae00000|  0%| F|  |TAMS 0x000000070ac00000, 0x000000070ac00000| Untracked 
|  42|0x000000070ae00000, 0x000000070ae00000, 0x000000070b000000|  0%| F|  |TAMS 0x000000070ae00000, 0x000000070ae00000| Untracked 
|  43|0x000000070b000000, 0x000000070b000000, 0x000000070b200000|  0%| F|  |TAMS 0x000000070b000000, 0x000000070b000000| Untracked 
|  44|0x000000070b200000, 0x000000070b200000, 0x000000070b400000|  0%| F|  |TAMS 0x000000070b200000, 0x000000070b200000| Untracked 
|  45|0x000000070b400000, 0x000000070b400000, 0x000000070b600000|  0%| F|  |TAMS 0x000000070b400000, 0x000000070b400000| Untracked 
|  46|0x000000070b600000, 0x000000070b600000, 0x000000070b800000|  0%| F|  |TAMS 0x000000070b600000, 0x000000070b600000| Untracked 
|  47|0x000000070b800000, 0x000000070b800000, 0x000000070ba00000|  0%| F|  |TAMS 0x000000070b800000, 0x000000070b800000| Untracked 
|  48|0x000000070ba00000, 0x000000070ba00000, 0x000000070bc00000|  0%| F|  |TAMS 0x000000070ba00000, 0x000000070ba00000| Untracked 
|  49|0x000000070bc00000, 0x000000070bc00000, 0x000000070be00000|  0%| F|  |TAMS 0x000000070bc00000, 0x000000070bc00000| Untracked 
|  50|0x000000070be00000, 0x000000070be00000, 0x000000070c000000|  0%| F|  |TAMS 0x000000070be00000, 0x000000070be00000| Untracked 
|  51|0x000000070c000000, 0x000000070c000000, 0x000000070c200000|  0%| F|  |TAMS 0x000000070c000000, 0x000000070c000000| Untracked 
|  52|0x000000070c200000, 0x000000070c200000, 0x000000070c400000|  0%| F|  |TAMS 0x000000070c200000, 0x000000070c200000| Untracked 
|  53|0x000000070c400000, 0x000000070c400000, 0x000000070c600000|  0%| F|  |TAMS 0x000000070c400000, 0x000000070c400000| Untracked 
|  54|0x000000070c600000, 0x000000070c600000, 0x000000070c800000|  0%| F|  |TAMS 0x000000070c600000, 0x000000070c600000| Untracked 
|  55|0x000000070c800000, 0x000000070c800000, 0x000000070ca00000|  0%| F|  |TAMS 0x000000070c800000, 0x000000070c800000| Untracked 
|  56|0x000000070ca00000, 0x000000070ca00000, 0x000000070cc00000|  0%| F|  |TAMS 0x000000070ca00000, 0x000000070ca00000| Untracked 
|  57|0x000000070cc00000, 0x000000070cc00000, 0x000000070ce00000|  0%| F|  |TAMS 0x000000070cc00000, 0x000000070cc00000| Untracked 
|  58|0x000000070ce00000, 0x000000070ce00000, 0x000000070d000000|  0%| F|  |TAMS 0x000000070ce00000, 0x000000070ce00000| Untracked 
|  59|0x000000070d000000, 0x000000070d000000, 0x000000070d200000|  0%| F|  |TAMS 0x000000070d000000, 0x000000070d000000| Untracked 
|  60|0x000000070d200000, 0x000000070d200000, 0x000000070d400000|  0%| F|  |TAMS 0x000000070d200000, 0x000000070d200000| Untracked 
|  61|0x000000070d400000, 0x000000070d400000, 0x000000070d600000|  0%| F|  |TAMS 0x000000070d400000, 0x000000070d400000| Untracked 
|  62|0x000000070d600000, 0x000000070d600000, 0x000000070d800000|  0%| F|  |TAMS 0x000000070d600000, 0x000000070d600000| Untracked 
|  63|0x000000070d800000, 0x000000070d800000, 0x000000070da00000|  0%| F|  |TAMS 0x000000070d800000, 0x000000070d800000| Untracked 
|  64|0x000000070da00000, 0x000000070da00000, 0x000000070dc00000|  0%| F|  |TAMS 0x000000070da00000, 0x000000070da00000| Untracked 
|  65|0x000000070dc00000, 0x000000070dc00000, 0x000000070de00000|  0%| F|  |TAMS 0x000000070dc00000, 0x000000070dc00000| Untracked 
|  66|0x000000070de00000, 0x000000070de00000, 0x000000070e000000|  0%| F|  |TAMS 0x000000070de00000, 0x000000070de00000| Untracked 
|  67|0x000000070e000000, 0x000000070e000000, 0x000000070e200000|  0%| F|  |TAMS 0x000000070e000000, 0x000000070e000000| Untracked 
|  68|0x000000070e200000, 0x000000070e200000, 0x000000070e400000|  0%| F|  |TAMS 0x000000070e200000, 0x000000070e200000| Untracked 
|  69|0x000000070e400000, 0x000000070e400000, 0x000000070e600000|  0%| F|  |TAMS 0x000000070e400000, 0x000000070e400000| Untracked 
|  70|0x000000070e600000, 0x000000070e600000, 0x000000070e800000|  0%| F|  |TAMS 0x000000070e600000, 0x000000070e600000| Untracked 
|  71|0x000000070e800000, 0x000000070e800000, 0x000000070ea00000|  0%| F|  |TAMS 0x000000070e800000, 0x000000070e800000| Untracked 
|  72|0x000000070ea00000, 0x000000070ea00000, 0x000000070ec00000|  0%| F|  |TAMS 0x000000070ea00000, 0x000000070ea00000| Untracked 
|  73|0x000000070ec00000, 0x000000070ec00000, 0x000000070ee00000|  0%| F|  |TAMS 0x000000070ec00000, 0x000000070ec00000| Untracked 
|  74|0x000000070ee00000, 0x000000070ee00000, 0x000000070f000000|  0%| F|  |TAMS 0x000000070ee00000, 0x000000070ee00000| Untracked 
|  75|0x000000070f000000, 0x000000070f000000, 0x000000070f200000|  0%| F|  |TAMS 0x000000070f000000, 0x000000070f000000| Untracked 
|  76|0x000000070f200000, 0x000000070f200000, 0x000000070f400000|  0%| F|  |TAMS 0x000000070f200000, 0x000000070f200000| Untracked 
|  77|0x000000070f400000, 0x000000070f400000, 0x000000070f600000|  0%| F|  |TAMS 0x000000070f400000, 0x000000070f400000| Untracked 
|  78|0x000000070f600000, 0x000000070f600000, 0x000000070f800000|  0%| F|  |TAMS 0x000000070f600000, 0x000000070f600000| Untracked 
|  79|0x000000070f800000, 0x000000070f800000, 0x000000070fa00000|  0%| F|  |TAMS 0x000000070f800000, 0x000000070f800000| Untracked 
|  80|0x000000070fa00000, 0x000000070fa00000, 0x000000070fc00000|  0%| F|  |TAMS 0x000000070fa00000, 0x000000070fa00000| Untracked 
|  81|0x000000070fc00000, 0x000000070fc00000, 0x000000070fe00000|  0%| F|  |TAMS 0x000000070fc00000, 0x000000070fc00000| Untracked 
|  82|0x000000070fe00000, 0x000000070fe00000, 0x0000000710000000|  0%| F|  |TAMS 0x000000070fe00000, 0x000000070fe00000| Untracked 
|  83|0x0000000710000000, 0x0000000710000000, 0x0000000710200000|  0%| F|  |TAMS 0x0000000710000000, 0x0000000710000000| Untracked 
|  84|0x0000000710200000, 0x0000000710200000, 0x0000000710400000|  0%| F|  |TAMS 0x0000000710200000, 0x0000000710200000| Untracked 
|  85|0x0000000710400000, 0x0000000710400000, 0x0000000710600000|  0%| F|  |TAMS 0x0000000710400000, 0x0000000710400000| Untracked 
|  86|0x0000000710600000, 0x0000000710600000, 0x0000000710800000|  0%| F|  |TAMS 0x0000000710600000, 0x0000000710600000| Untracked 
|  87|0x0000000710800000, 0x0000000710800000, 0x0000000710a00000|  0%| F|  |TAMS 0x0000000710800000, 0x0000000710800000| Untracked 
|  88|0x0000000710a00000, 0x0000000710a00000, 0x0000000710c00000|  0%| F|  |TAMS 0x0000000710a00000, 0x0000000710a00000| Untracked 
|  89|0x0000000710c00000, 0x0000000710c00000, 0x0000000710e00000|  0%| F|  |TAMS 0x0000000710c00000, 0x0000000710c00000| Untracked 
|  90|0x0000000710e00000, 0x0000000710e00000, 0x0000000711000000|  0%| F|  |TAMS 0x0000000710e00000, 0x0000000710e00000| Untracked 
|  91|0x0000000711000000, 0x0000000711000000, 0x0000000711200000|  0%| F|  |TAMS 0x0000000711000000, 0x0000000711000000| Untracked 
|  92|0x0000000711200000, 0x0000000711200000, 0x0000000711400000|  0%| F|  |TAMS 0x0000000711200000, 0x0000000711200000| Untracked 
|  93|0x0000000711400000, 0x0000000711400000, 0x0000000711600000|  0%| F|  |TAMS 0x0000000711400000, 0x0000000711400000| Untracked 
|  94|0x0000000711600000, 0x0000000711600000, 0x0000000711800000|  0%| F|  |TAMS 0x0000000711600000, 0x0000000711600000| Untracked 
|  95|0x0000000711800000, 0x0000000711800000, 0x0000000711a00000|  0%| F|  |TAMS 0x0000000711800000, 0x0000000711800000| Untracked 
|  96|0x0000000711a00000, 0x0000000711a00000, 0x0000000711c00000|  0%| F|  |TAMS 0x0000000711a00000, 0x0000000711a00000| Untracked 
|  97|0x0000000711c00000, 0x0000000711c00000, 0x0000000711e00000|  0%| F|  |TAMS 0x0000000711c00000, 0x0000000711c00000| Untracked 
|  98|0x0000000711e00000, 0x0000000711e00000, 0x0000000712000000|  0%| F|  |TAMS 0x0000000711e00000, 0x0000000711e00000| Untracked 
|  99|0x0000000712000000, 0x0000000712000000, 0x0000000712200000|  0%| F|  |TAMS 0x0000000712000000, 0x0000000712000000| Untracked 
| 100|0x0000000712200000, 0x0000000712200000, 0x0000000712400000|  0%| F|  |TAMS 0x0000000712200000, 0x0000000712200000| Untracked 
| 101|0x0000000712400000, 0x0000000712400000, 0x0000000712600000|  0%| F|  |TAMS 0x0000000712400000, 0x0000000712400000| Untracked 
| 102|0x0000000712600000, 0x0000000712600000, 0x0000000712800000|  0%| F|  |TAMS 0x0000000712600000, 0x0000000712600000| Untracked 
| 103|0x0000000712800000, 0x0000000712800000, 0x0000000712a00000|  0%| F|  |TAMS 0x0000000712800000, 0x0000000712800000| Untracked 
| 104|0x0000000712a00000, 0x0000000712a00000, 0x0000000712c00000|  0%| F|  |TAMS 0x0000000712a00000, 0x0000000712a00000| Untracked 
| 105|0x0000000712c00000, 0x0000000712c00000, 0x0000000712e00000|  0%| F|  |TAMS 0x0000000712c00000, 0x0000000712c00000| Untracked 
| 106|0x0000000712e00000, 0x0000000712e00000, 0x0000000713000000|  0%| F|  |TAMS 0x0000000712e00000, 0x0000000712e00000| Untracked 
| 107|0x0000000713000000, 0x0000000713000000, 0x0000000713200000|  0%| F|  |TAMS 0x0000000713000000, 0x0000000713000000| Untracked 
| 108|0x0000000713200000, 0x0000000713200000, 0x0000000713400000|  0%| F|  |TAMS 0x0000000713200000, 0x0000000713200000| Untracked 
| 109|0x0000000713400000, 0x0000000713400000, 0x0000000713600000|  0%| F|  |TAMS 0x0000000713400000, 0x0000000713400000| Untracked 
| 110|0x0000000713600000, 0x0000000713600000, 0x0000000713800000|  0%| F|  |TAMS 0x0000000713600000, 0x0000000713600000| Untracked 
| 111|0x0000000713800000, 0x0000000713800000, 0x0000000713a00000|  0%| F|  |TAMS 0x0000000713800000, 0x0000000713800000| Untracked 
| 112|0x0000000713a00000, 0x0000000713a00000, 0x0000000713c00000|  0%| F|  |TAMS 0x0000000713a00000, 0x0000000713a00000| Untracked 
| 113|0x0000000713c00000, 0x0000000713c00000, 0x0000000713e00000|  0%| F|  |TAMS 0x0000000713c00000, 0x0000000713c00000| Untracked 
| 114|0x0000000713e00000, 0x0000000713f90a40, 0x0000000714000000| 78%| S|CS|TAMS 0x0000000713e00000, 0x0000000713e00000| Complete 
| 115|0x0000000714000000, 0x0000000714000000, 0x0000000714200000|  0%| F|  |TAMS 0x0000000714000000, 0x0000000714000000| Untracked 
| 116|0x0000000714200000, 0x0000000714200000, 0x0000000714400000|  0%| F|  |TAMS 0x0000000714200000, 0x0000000714200000| Untracked 
| 117|0x0000000714400000, 0x0000000714400000, 0x0000000714600000|  0%| F|  |TAMS 0x0000000714400000, 0x0000000714400000| Untracked 
| 118|0x0000000714600000, 0x0000000714600000, 0x0000000714800000|  0%| F|  |TAMS 0x0000000714600000, 0x0000000714600000| Untracked 
| 119|0x0000000714800000, 0x0000000714800000, 0x0000000714a00000|  0%| F|  |TAMS 0x0000000714800000, 0x0000000714800000| Untracked 
| 120|0x0000000714a00000, 0x0000000714a00000, 0x0000000714c00000|  0%| F|  |TAMS 0x0000000714a00000, 0x0000000714a00000| Untracked 
| 121|0x0000000714c00000, 0x0000000714c00000, 0x0000000714e00000|  0%| F|  |TAMS 0x0000000714c00000, 0x0000000714c00000| Untracked 
| 122|0x0000000714e00000, 0x0000000714f77778, 0x0000000715000000| 73%| E|  |TAMS 0x0000000714e00000, 0x0000000714e00000| Complete 
| 123|0x0000000715000000, 0x0000000715200000, 0x0000000715200000|100%| E|CS|TAMS 0x0000000715000000, 0x0000000715000000| Complete 
| 124|0x0000000715200000, 0x0000000715400000, 0x0000000715400000|100%| E|CS|TAMS 0x0000000715200000, 0x0000000715200000| Complete 
| 125|0x0000000715400000, 0x0000000715600000, 0x0000000715600000|100%| E|CS|TAMS 0x0000000715400000, 0x0000000715400000| Complete 

Card table byte_map: [0x000001e8f4b30000,0x000001e8f5310000] _byte_map_base: 0x000001e8f1303000

Marking Bits (Prev, Next): (CMBitMap*) 0x000001e8ec028e40, (CMBitMap*) 0x000001e8ec028e80
 Prev Bits: [0x000001e8f5af0000, 0x000001e8f9988000)
 Next Bits: [0x000001e8f9990000, 0x000001e8fd828000)

Polling page: 0x000001e8e9ed0000

Metaspace:

Usage:
  Non-class:      2.03 MB used.
      Class:    192.41 KB used.
       Both:      2.22 MB used.

Virtual space:
  Non-class space:       64.00 MB reserved,       2.12 MB (  3%) committed,  1 nodes.
      Class space:        1.00 GB reserved,     256.00 KB ( <1%) committed,  1 nodes.
             Both:        1.06 GB reserved,       2.38 MB ( <1%) committed. 

Chunk freelists:
   Non-Class:  11.18 MB
       Class:  15.63 MB
        Both:  26.81 MB

MaxMetaspaceSize: unlimited
CompressedClassSpaceSize: 1.00 GB
Initial GC threshold: 21.00 MB
Current GC threshold: 21.00 MB
CDS: on
MetaspaceReclaimPolicy: balanced
 - commit_granule_bytes: 65536.
 - commit_granule_words: 8192.
 - virtual_space_node_default_size: 8388608.
 - enlarge_chunks_in_place: 1.
 - new_chunks_are_fully_committed: 0.
 - uncommit_free_chunks: 1.
 - use_allocation_guard: 0.
 - handle_deallocations: 1.


Internal statistics:

num_allocs_failed_limit: 0.
num_arena_births: 72.
num_arena_deaths: 0.
num_vsnodes_births: 2.
num_vsnodes_deaths: 0.
num_space_committed: 38.
num_space_uncommitted: 0.
num_chunks_returned_to_freelist: 0.
num_chunks_taken_from_freelist: 132.
num_chunk_merges: 0.
num_chunk_splits: 80.
num_chunks_enlarged: 40.
num_inconsistent_stats: 0.

CodeHeap 'non-profiled nmethods': size=119168Kb used=737Kb max_used=737Kb free=118430Kb
 bounds [0x000001e887ba0000, 0x000001e887e10000, 0x000001e88f000000]
CodeHeap 'profiled nmethods': size=119104Kb used=1622Kb max_used=1622Kb free=117481Kb
 bounds [0x000001e880000000, 0x000001e880270000, 0x000001e887450000]
CodeHeap 'non-nmethods': size=7488Kb used=1167Kb max_used=2916Kb free=6320Kb
 bounds [0x000001e887450000, 0x000001e887730000, 0x000001e887ba0000]
 total_blobs=1439 nmethods=993 adapters=359
 compilation: enabled
              stopped_count=0, restarted_count=0
 full_count=0

Compilation events (20 events):
Event: 20.113 Thread 0x000001e8d54d4890  986       4       java.nio.charset.CharsetEncoder::replaceWith (89 bytes)
Event: 20.123 Thread 0x000001e8d54d4890 nmethod 986 0x000001e887c50990 code [0x000001e887c50b20, 0x000001e887c50e78]
Event: 20.124 Thread 0x000001e8d54d4890  982       4       java.lang.String::getBytes (15 bytes)
Event: 20.127 Thread 0x000001e88f896e10 nmethod 981 0x000001e887c51090 code [0x000001e887c51260, 0x000001e887c51ad8]
Event: 20.127 Thread 0x000001e88f896e10  983       4       java.lang.String::encode (48 bytes)
Event: 20.128 Thread 0x000001e8d7c4dfa0 nmethod 985 0x000001e887c51d10 code [0x000001e887c51ee0, 0x000001e887c52798]
Event: 20.128 Thread 0x000001e8d7c4dfa0  984   !   4       java.lang.String::encodeWithEncoder (307 bytes)
Event: 20.133 Thread 0x000001e8d54d4890 nmethod 982 0x000001e887c52a10 code [0x000001e887c52bc0, 0x000001e887c530b8]
Event: 20.134 Thread 0x000001e8d7c4dfa0 nmethod 984 0x000001e887c53610 code [0x000001e887c537a0, 0x000001e887c53bd8]
Event: 20.136 Thread 0x000001e88f896e10 nmethod 983 0x000001e887c54090 code [0x000001e887c54240, 0x000001e887c54698]
Event: 21.823 Thread 0x000001e8d54d4890  987       4       jdk.internal.math.FloatingDecimal$BinaryToASCIIBuffer::dtoa (1509 bytes)
Event: 21.843 Thread 0x000001e8d54d4890 nmethod 987 0x000001e887c54b90 code [0x000001e887c54da0, 0x000001e887c56108]
Event: 22.508 Thread 0x000001e88f896e10  988       4       java.lang.StringConcatHelper::newArray (40 bytes)
Event: 22.509 Thread 0x000001e88f896e10 nmethod 988 0x000001e887c56e10 code [0x000001e887c56fa0, 0x000001e887c570b8]
Event: 24.856 Thread 0x000001e88f896e10  989       4       java.lang.String::<init> (14 bytes)
Event: 24.858 Thread 0x000001e88f896e10 nmethod 989 0x000001e887c57190 code [0x000001e887c57320, 0x000001e887c57798]
Event: 26.756 Thread 0x000001e88f8977d0  990       3       com.raylib.Jaylib$Rectangle::<init> (30 bytes)
Event: 26.756 Thread 0x000001e88f8977d0 nmethod 990 0x000001e880195290 code [0x000001e880195480, 0x000001e880195978]
Event: 30.389 Thread 0x000001e88f896e10  992       4       java.lang.Integer::stringSize (47 bytes)
Event: 30.390 Thread 0x000001e88f896e10 nmethod 992 0x000001e887c57e90 code [0x000001e887c58000, 0x000001e887c58098]

GC Heap History (2 events):
Event: 0.687 GC heap before
{Heap before GC invocations=0 (full 0):
 garbage-first heap   total 258048K, used 22528K [0x0000000705a00000, 0x0000000800000000)
  region size 2048K, 11 young (22528K), 0 survivors (0K)
 Metaspace       used 1812K, committed 1920K, reserved 1114112K
  class space    used 140K, committed 192K, reserved 1048576K
}
Event: 0.692 GC heap after
{Heap after GC invocations=1 (full 0):
 garbage-first heap   total 258048K, used 1602K [0x0000000705a00000, 0x0000000800000000)
  region size 2048K, 1 young (2048K), 1 survivors (2048K)
 Metaspace       used 1812K, committed 1920K, reserved 1114112K
  class space    used 140K, committed 192K, reserved 1048576K
}

Dll operation events (20 events):
Event: 0.347 Loaded shared library C:\Program Files (x86)\Windows Kits\10\Redist\ucrt\DLLs\x64\api-ms-win-core-rtlsupport-l1-1-0.dll
Event: 0.362 Loaded shared library C:\Program Files (x86)\Windows Kits\10\Redist\ucrt\DLLs\x64\api-ms-win-core-processthreads-l1-1-1.dll
Event: 0.378 Loaded shared library C:\Program Files (x86)\Windows Kits\10\Redist\ucrt\DLLs\x64\api-ms-win-core-file-l1-2-0.dll
Event: 0.397 Loaded shared library C:\Program Files (x86)\Windows Kits\10\Redist\ucrt\DLLs\x64\api-ms-win-core-profile-l1-1-0.dll
Event: 0.415 Loaded shared library C:\Program Files (x86)\Windows Kits\10\Redist\ucrt\DLLs\x64\api-ms-win-core-memory-l1-1-0.dll
Event: 0.431 Loaded shared library C:\Program Files (x86)\Windows Kits\10\Redist\ucrt\DLLs\x64\api-ms-win-core-util-l1-1-0.dll
Event: 0.446 Loaded shared library C:\Program Files (x86)\Windows Kits\10\Redist\ucrt\DLLs\x64\api-ms-win-core-interlocked-l1-1-0.dll
Event: 0.457 Loaded shared library C:\Program Files (x86)\Windows Kits\10\Redist\ucrt\DLLs\x64\ucrtbase.dll
Event: 0.468 Loaded shared library C:\Users\luczu\.jdks\corretto-17.0.10\bin\vcruntime140.dll
Event: 0.481 Loaded shared library C:\Users\luczu\.jdks\corretto-17.0.10\bin\vcruntime140_1.dll
Event: 0.498 Loaded shared library C:\Users\luczu\.jdks\corretto-17.0.10\bin\msvcp140.dll
Event: 0.513 Loaded shared library C:\Windows\System32\msvcp140_1.dll
Event: 0.526 Loaded shared library C:\Windows\System32\concrt140.dll
Event: 0.541 Loaded shared library C:\Windows\System32\vcomp140.dll
Event: 0.581 Loaded shared library C:\Windows\System32\winmm.dll
Event: 0.585 Loaded shared library C:\Windows\System32\opengl32.dll
Event: 0.586 Loaded shared library C:\Windows\System32\user32.dll
Event: 0.588 Loaded shared library C:\Windows\System32\shell32.dll
Event: 0.591 Loaded shared library C:\Windows\System32\gdi32.dll
Event: 0.618 Loaded shared library C:\Users\luczu\.javacpp\cache\jaylib-4.5.0-0.jar\com\raylib\windows-x86_64\jniRaylib.dll

Deoptimization events (20 events):
Event: 0.555 Thread 0x000001e8ebfba1b0 Uncommon trap: trap_request=0xffffff45 fr.pc=0x000001e887bc2850 relative=0x0000000000000210
Event: 0.555 Thread 0x000001e8ebfba1b0 Uncommon trap: reason=unstable_if action=reinterpret pc=0x000001e887bc2850 method=java.io.WinNTFileSystem.normalize(Ljava/lang/String;)Ljava/lang/String; @ 128 c2
Event: 0.555 Thread 0x000001e8ebfba1b0 DEOPT PACKING pc=0x000001e887bc2850 sp=0x000000db4c5fd580
Event: 0.555 Thread 0x000001e8ebfba1b0 DEOPT UNPACKING pc=0x000001e8874aa1a3 sp=0x000000db4c5fd528 mode 2
Event: 0.565 Thread 0x000001e8ebfba1b0 Uncommon trap: trap_request=0xffffff45 fr.pc=0x000001e887bc3864 relative=0x00000000000001c4
Event: 0.565 Thread 0x000001e8ebfba1b0 Uncommon trap: reason=unstable_if action=reinterpret pc=0x000001e887bc3864 method=sun.net.www.ParseUtil.firstEncodeIndex(Ljava/lang/String;)I @ 51 c2
Event: 0.565 Thread 0x000001e8ebfba1b0 DEOPT PACKING pc=0x000001e887bc3864 sp=0x000000db4c5fd7b0
Event: 0.565 Thread 0x000001e8ebfba1b0 DEOPT UNPACKING pc=0x000001e8874aa1a3 sp=0x000000db4c5fd738 mode 2
Event: 0.565 Thread 0x000001e8ebfba1b0 Uncommon trap: trap_request=0xffffff45 fr.pc=0x000001e887bdfd44 relative=0x0000000000001324
Event: 0.566 Thread 0x000001e8ebfba1b0 Uncommon trap: reason=unstable_if action=reinterpret pc=0x000001e887bdfd44 method=java.net.URL.<init>(Ljava/net/URL;Ljava/lang/String;Ljava/net/URLStreamHandler;)V @ 273 c2
Event: 0.566 Thread 0x000001e8ebfba1b0 DEOPT PACKING pc=0x000001e887bdfd44 sp=0x000000db4c5fd6f0
Event: 0.566 Thread 0x000001e8ebfba1b0 DEOPT UNPACKING pc=0x000001e8874aa1a3 sp=0x000000db4c5fd680 mode 2
Event: 0.693 Thread 0x000001e8ebfba1b0 Uncommon trap: trap_request=0xffffff45 fr.pc=0x000001e887bd4d60 relative=0x00000000000000e0
Event: 0.693 Thread 0x000001e8ebfba1b0 Uncommon trap: reason=unstable_if action=reinterpret pc=0x000001e887bd4d60 method=java.lang.ref.SoftReference.get()Ljava/lang/Object; @ 17 c2
Event: 0.693 Thread 0x000001e8ebfba1b0 DEOPT PACKING pc=0x000001e887bd4d60 sp=0x000000db4c5fbf90
Event: 0.693 Thread 0x000001e8ebfba1b0 DEOPT UNPACKING pc=0x000001e8874aa1a3 sp=0x000000db4c5fbf48 mode 2
Event: 11.772 Thread 0x000001e8ebfba1b0 DEOPT PACKING pc=0x000001e88017636a sp=0x000000db4c5fe850
Event: 11.773 Thread 0x000001e8ebfba1b0 DEOPT UNPACKING pc=0x000001e8874aace3 sp=0x000000db4c5fdcd0 mode 0
Event: 13.323 Thread 0x000001e8ebfba1b0 DEOPT PACKING pc=0x000001e8800f1056 sp=0x000000db4c5fe9a0
Event: 13.323 Thread 0x000001e8ebfba1b0 DEOPT UNPACKING pc=0x000001e8874aace3 sp=0x000000db4c5fde28 mode 0

Classes unloaded (0 events):
No events

Classes redefined (0 events):
No events

Internal exceptions (7 events):
Event: 0.083 Thread 0x000001e8ebfba1b0 Exception <a 'java/lang/NoSuchMethodError'{0x0000000715244498}: 'int java.lang.invoke.DirectMethodHandle$Holder.invokeStaticInit(java.lang.Object, java.lang.Object, java.lang.Object, java.lang.Object)'> (0x0000000715244498) 
thrown [s\src\hotspot\share\interpreter\linkResolver.cpp, line 759]
Event: 0.085 Thread 0x000001e8ebfba1b0 Exception <a 'java/lang/NoSuchMethodError'{0x000000071524f1a8}: 'java.lang.Object java.lang.invoke.DirectMethodHandle$Holder.invokeInterface(java.lang.Object, java.lang.Object)'> (0x000000071524f1a8) 
thrown [s\src\hotspot\share\interpreter\linkResolver.cpp, line 759]
Event: 0.086 Thread 0x000001e8ebfba1b0 Exception <a 'java/lang/IncompatibleClassChangeError'{0x00000007152528c0}: Found class java.lang.Object, but interface was expected> (0x00000007152528c0) 
thrown [s\src\hotspot\share\interpreter\linkResolver.cpp, line 826]
Event: 0.087 Thread 0x000001e8ebfba1b0 Exception <a 'java/lang/NoSuchMethodError'{0x0000000715255a68}: 'void java.lang.invoke.DirectMethodHandle$Holder.invokeStatic(java.lang.Object, java.lang.Object)'> (0x0000000715255a68) 
thrown [s\src\hotspot\share\interpreter\linkResolver.cpp, line 759]
Event: 0.087 Thread 0x000001e8ebfba1b0 Exception <a 'java/lang/NoSuchMethodError'{0x00000007152590d8}: 'void java.lang.invoke.DirectMethodHandle$Holder.invokeStaticInit(java.lang.Object, java.lang.Object)'> (0x00000007152590d8) 
thrown [s\src\hotspot\share\interpreter\linkResolver.cpp, line 759]
Event: 0.088 Thread 0x000001e8ebfba1b0 Exception <a 'java/lang/NoSuchMethodError'{0x0000000715260800}: 'int java.lang.invoke.DirectMethodHandle$Holder.invokeStaticInit(java.lang.Object, java.lang.Object)'> (0x0000000715260800) 
thrown [s\src\hotspot\share\interpreter\linkResolver.cpp, line 759]
Event: 0.610 Thread 0x000001e8ebfba1b0 Exception <a 'java/lang/NoSuchMethodError'{0x0000000714186be0}: 'java.lang.Object java.lang.invoke.DirectMethodHandle$Holder.invokeStatic(java.lang.Object, int, java.lang.Object)'> (0x0000000714186be0) 
thrown [s\src\hotspot\share\interpreter\linkResolver.cpp, line 759]

VM Operations (18 events):
Event: 0.064 Executing VM operation: HandshakeAllThreads
Event: 0.065 Executing VM operation: HandshakeAllThreads done
Event: 0.125 Executing VM operation: HandshakeAllThreads
Event: 0.125 Executing VM operation: HandshakeAllThreads done
Event: 0.687 Executing VM operation: G1CollectForAllocation
Event: 0.692 Executing VM operation: G1CollectForAllocation done
Event: 1.702 Executing VM operation: Cleanup
Event: 1.702 Executing VM operation: Cleanup done
Event: 5.704 Executing VM operation: Cleanup
Event: 5.704 Executing VM operation: Cleanup done
Event: 6.705 Executing VM operation: Cleanup
Event: 6.705 Executing VM operation: Cleanup done
Event: 8.707 Executing VM operation: Cleanup
Event: 8.707 Executing VM operation: Cleanup done
Event: 11.708 Executing VM operation: Cleanup
Event: 11.708 Executing VM operation: Cleanup done
Event: 20.712 Executing VM operation: Cleanup
Event: 20.712 Executing VM operation: Cleanup done

Events (20 events):
Event: 0.609 loading class java/time/temporal/TemporalAdjusters
Event: 0.609 loading class java/time/temporal/TemporalAdjusters done
Event: 0.614 loading class java/time/zone/ZoneOffsetTransitionRule$1
Event: 0.614 loading class java/time/zone/ZoneOffsetTransitionRule$1 done
Event: 0.615 loading class java/util/concurrent/TimeUnit$1
Event: 0.615 loading class java/util/concurrent/TimeUnit$1 done
Event: 1.360 Thread 0x000001e8d5409ae0 Thread exited: 0x000001e8d5409ae0
Event: 1.360 Thread 0x000001e8d5987fc0 Thread exited: 0x000001e8d5987fc0
Event: 1.360 Thread 0x000001e8d55ea0b0 Thread exited: 0x000001e8d55ea0b0
Event: 1.360 Thread 0x000001e8d52dfe40 Thread exited: 0x000001e8d52dfe40
Event: 1.360 Thread 0x000001e88fc273e0 Thread exited: 0x000001e88fc273e0
Event: 2.756 Thread 0x000001e8d54d4890 Thread exited: 0x000001e8d54d4890
Event: 3.308 Thread 0x000001e88f750b20 Thread exited: 0x000001e88f750b20
Event: 3.316 loading class jdk/internal/math/FDBigInteger
Event: 3.316 loading class jdk/internal/math/FDBigInteger done
Event: 7.556 Thread 0x000001e88f95e7b0 Thread exited: 0x000001e88f95e7b0
Event: 20.112 Thread 0x000001e8d54d4890 Thread added: 0x000001e8d54d4890
Event: 20.112 Thread 0x000001e8d7c4dfa0 Thread added: 0x000001e8d7c4dfa0
Event: 21.823 Thread 0x000001e8d7c4dfa0 Thread exited: 0x000001e8d7c4dfa0
Event: 22.508 Thread 0x000001e8d54d4890 Thread exited: 0x000001e8d54d4890


Dynamic libraries:
0x00007ff68c020000 - 0x00007ff68c02e000 	C:\Users\luczu\.jdks\corretto-17.0.10\bin\java.exe
0x00007ffff0ef0000 - 0x00007ffff1107000 	C:\WINDOWS\SYSTEM32\ntdll.dll
0x00007fffeefc0000 - 0x00007fffef084000 	C:\WINDOWS\System32\KERNEL32.DLL
0x00007fffee570000 - 0x00007fffee916000 	C:\WINDOWS\System32\KERNELBASE.dll
0x00007fffee980000 - 0x00007fffeea91000 	C:\WINDOWS\System32\ucrtbase.dll
0x00007fff50850000 - 0x00007fff50867000 	C:\Users\luczu\.jdks\corretto-17.0.10\bin\jli.dll
0x00007fff1a050000 - 0x00007fff1a06b000 	C:\Users\luczu\.jdks\corretto-17.0.10\bin\VCRUNTIME140.dll
0x00007fffeedf0000 - 0x00007fffeef9e000 	C:\WINDOWS\System32\USER32.dll
0x00007fffee950000 - 0x00007fffee976000 	C:\WINDOWS\System32\win32u.dll
0x00007fffcbbc0000 - 0x00007fffcbe53000 	C:\WINDOWS\WinSxS\amd64_microsoft.windows.common-controls_6595b64144ccf1df_6.0.22621.2506_none_270c5ae97388e100\COMCTL32.dll
0x00007fffef5e0000 - 0x00007fffef609000 	C:\WINDOWS\System32\GDI32.dll
0x00007fffef370000 - 0x00007fffef417000 	C:\WINDOWS\System32\msvcrt.dll
0x00007fffeeb20000 - 0x00007fffeec38000 	C:\WINDOWS\System32\gdi32full.dll
0x00007fffee360000 - 0x00007fffee3fa000 	C:\WINDOWS\System32\msvcp_win.dll
0x00007fffefe30000 - 0x00007fffefe61000 	C:\WINDOWS\System32\IMM32.DLL
0x00007fff732e0000 - 0x00007fff732ec000 	C:\Users\luczu\.jdks\corretto-17.0.10\bin\vcruntime140_1.dll
0x00007fff18d00000 - 0x00007fff18d8d000 	C:\Users\luczu\.jdks\corretto-17.0.10\bin\msvcp140.dll
0x00007fff15c80000 - 0x00007fff168e2000 	C:\Users\luczu\.jdks\corretto-17.0.10\bin\server\jvm.dll
0x00007fffef9a0000 - 0x00007fffefa53000 	C:\WINDOWS\System32\ADVAPI32.dll
0x00007fffefd80000 - 0x00007fffefe28000 	C:\WINDOWS\System32\sechost.dll
0x00007fffee920000 - 0x00007fffee948000 	C:\WINDOWS\System32\bcrypt.dll
0x00007fffef250000 - 0x00007fffef367000 	C:\WINDOWS\System32\RPCRT4.dll
0x00007fffed0c0000 - 0x00007fffed10d000 	C:\WINDOWS\SYSTEM32\POWRPROF.dll
0x00007fffe5500000 - 0x00007fffe5509000 	C:\WINDOWS\SYSTEM32\WSOCK32.dll
0x00007fffe3270000 - 0x00007fffe32a4000 	C:\WINDOWS\SYSTEM32\WINMM.dll
0x00007fffefe70000 - 0x00007fffefee1000 	C:\WINDOWS\System32\WS2_32.dll
0x00007fffe3fe0000 - 0x00007fffe3fea000 	C:\WINDOWS\SYSTEM32\VERSION.dll
0x00007fffed0a0000 - 0x00007fffed0b3000 	C:\WINDOWS\SYSTEM32\UMPDC.dll
0x00007fffed360000 - 0x00007fffed378000 	C:\WINDOWS\SYSTEM32\kernel.appcore.dll
0x00007fff6d340000 - 0x00007fff6d34a000 	C:\Users\luczu\.jdks\corretto-17.0.10\bin\jimage.dll
0x00007fffeb8b0000 - 0x00007fffebae3000 	C:\WINDOWS\SYSTEM32\DBGHELP.DLL
0x00007fffef610000 - 0x00007fffef999000 	C:\WINDOWS\System32\combase.dll
0x00007fffefb30000 - 0x00007fffefc07000 	C:\WINDOWS\System32\OLEAUT32.dll
0x00007fffd17f0000 - 0x00007fffd1822000 	C:\WINDOWS\SYSTEM32\dbgcore.DLL
0x00007fffeeaa0000 - 0x00007fffeeb1a000 	C:\WINDOWS\System32\bcryptPrimitives.dll
0x00007fff18cd0000 - 0x00007fff18cf5000 	C:\Users\luczu\.jdks\corretto-17.0.10\bin\java.dll
0x00007fff15ba0000 - 0x00007fff15c77000 	C:\Users\luczu\.jdks\corretto-17.0.10\bin\jsvml.dll
0x00007ffff0510000 - 0x00007ffff0d6b000 	C:\WINDOWS\System32\SHELL32.dll
0x00007fffec150000 - 0x00007fffeca46000 	C:\WINDOWS\SYSTEM32\windows.storage.dll
0x00007fffec010000 - 0x00007fffec14e000 	C:\WINDOWS\SYSTEM32\wintypes.dll
0x00007fffef090000 - 0x00007fffef183000 	C:\WINDOWS\System32\SHCORE.dll
0x00007fffef1f0000 - 0x00007fffef24e000 	C:\WINDOWS\System32\shlwapi.dll
0x00007fffee160000 - 0x00007fffee186000 	C:\WINDOWS\SYSTEM32\profapi.dll
0x00007fff159b0000 - 0x00007fff159c9000 	C:\Users\luczu\.jdks\corretto-17.0.10\bin\net.dll
0x00007fffe48f0000 - 0x00007fffe4a27000 	C:\WINDOWS\SYSTEM32\WINHTTP.dll
0x00007fffed7e0000 - 0x00007fffed849000 	C:\WINDOWS\system32\mswsock.dll
0x00007fff15990000 - 0x00007fff159a6000 	C:\Users\luczu\.jdks\corretto-17.0.10\bin\nio.dll
0x00007fff18cb0000 - 0x00007fff18cc8000 	C:\Users\luczu\.jdks\corretto-17.0.10\bin\zip.dll
0x000001e88fde0000 - 0x000001e88fde3000 	C:\Program Files (x86)\Windows Kits\10\Redist\ucrt\DLLs\x64\api-ms-win-crt-locale-l1-1-0.dll
0x000001e88fdf0000 - 0x000001e88fdf4000 	C:\Program Files (x86)\Windows Kits\10\Redist\ucrt\DLLs\x64\api-ms-win-crt-string-l1-1-0.dll
0x000001e88fe00000 - 0x000001e88fe04000 	C:\Program Files (x86)\Windows Kits\10\Redist\ucrt\DLLs\x64\api-ms-win-crt-stdio-l1-1-0.dll
0x000001e88fe10000 - 0x000001e88fe15000 	C:\Program Files (x86)\Windows Kits\10\Redist\ucrt\DLLs\x64\api-ms-win-crt-math-l1-1-0.dll
0x000001e88fe20000 - 0x000001e88fe23000 	C:\Program Files (x86)\Windows Kits\10\Redist\ucrt\DLLs\x64\api-ms-win-crt-heap-l1-1-0.dll
0x000001e88fe30000 - 0x000001e88fe34000 	C:\Program Files (x86)\Windows Kits\10\Redist\ucrt\DLLs\x64\api-ms-win-crt-runtime-l1-1-0.dll
0x000001e88fe40000 - 0x000001e88fe44000 	C:\Program Files (x86)\Windows Kits\10\Redist\ucrt\DLLs\x64\api-ms-win-crt-convert-l1-1-0.dll
0x000001e88fe50000 - 0x000001e88fe53000 	C:\Program Files (x86)\Windows Kits\10\Redist\ucrt\DLLs\x64\api-ms-win-crt-environment-l1-1-0.dll
0x000001e88fe60000 - 0x000001e88fe63000 	C:\Program Files (x86)\Windows Kits\10\Redist\ucrt\DLLs\x64\api-ms-win-crt-time-l1-1-0.dll
0x000001e88fe70000 - 0x000001e88fe73000 	C:\Program Files (x86)\Windows Kits\10\Redist\ucrt\DLLs\x64\api-ms-win-crt-filesystem-l1-1-0.dll
0x000001e88fe80000 - 0x000001e88fe83000 	C:\Program Files (x86)\Windows Kits\10\Redist\ucrt\DLLs\x64\api-ms-win-crt-utility-l1-1-0.dll
0x000001e88fe90000 - 0x000001e88fe95000 	C:\Program Files (x86)\Windows Kits\10\Redist\ucrt\DLLs\x64\api-ms-win-crt-multibyte-l1-1-0.dll
0x000001e88fea0000 - 0x000001e88fea3000 	C:\Program Files (x86)\Windows Kits\10\Redist\ucrt\DLLs\x64\api-ms-win-crt-conio-l1-1-0.dll
0x000001e88feb0000 - 0x000001e88febf000 	C:\Program Files (x86)\Windows Kits\10\Redist\ucrt\DLLs\x64\api-ms-win-crt-private-l1-1-0.dll
0x000001e88fec0000 - 0x000001e88fec3000 	C:\Program Files (x86)\Windows Kits\10\Redist\ucrt\DLLs\x64\api-ms-win-crt-process-l1-1-0.dll
0x000001e88fed0000 - 0x000001e88fed3000 	C:\Program Files\Microsoft\jdk-11.0.12.7-hotspot\bin\api-ms-win-core-console-l1-2-0.dll
0x000001e88fee0000 - 0x000001e88fee3000 	C:\Program Files (x86)\Windows Kits\10\Redist\ucrt\DLLs\x64\api-ms-win-core-string-l1-1-0.dll
0x000001e88fef0000 - 0x000001e88fef3000 	C:\Program Files (x86)\Windows Kits\10\Redist\ucrt\DLLs\x64\api-ms-win-core-errorhandling-l1-1-0.dll
0x000001e88ff00000 - 0x000001e88ff03000 	C:\Program Files (x86)\Windows Kits\10\Redist\ucrt\DLLs\x64\api-ms-win-core-timezone-l1-1-0.dll
0x000001e88ff10000 - 0x000001e88ff14000 	C:\Program Files (x86)\Windows Kits\10\Redist\ucrt\DLLs\x64\api-ms-win-core-file-l1-1-0.dll
0x000001e88ff20000 - 0x000001e88ff23000 	C:\Program Files (x86)\Windows Kits\10\Redist\ucrt\DLLs\x64\api-ms-win-core-namedpipe-l1-1-0.dll
0x000001e88ff30000 - 0x000001e88ff33000 	C:\Program Files (x86)\Windows Kits\10\Redist\ucrt\DLLs\x64\api-ms-win-core-handle-l1-1-0.dll
0x000001e88ff40000 - 0x000001e88ff43000 	C:\Program Files (x86)\Windows Kits\10\Redist\ucrt\DLLs\x64\api-ms-win-core-file-l2-1-0.dll
0x000001e88ff50000 - 0x000001e88ff53000 	C:\Program Files (x86)\Windows Kits\10\Redist\ucrt\DLLs\x64\api-ms-win-core-heap-l1-1-0.dll
0x000001e88ff60000 - 0x000001e88ff63000 	C:\Program Files (x86)\Windows Kits\10\Redist\ucrt\DLLs\x64\api-ms-win-core-libraryloader-l1-1-0.dll
0x000001e88ff70000 - 0x000001e88ff73000 	C:\Program Files (x86)\Windows Kits\10\Redist\ucrt\DLLs\x64\api-ms-win-core-synch-l1-1-0.dll
0x000001e88ff80000 - 0x000001e88ff83000 	C:\Program Files (x86)\Windows Kits\10\Redist\ucrt\DLLs\x64\api-ms-win-core-processthreads-l1-1-0.dll
0x000001e88ff90000 - 0x000001e88ff93000 	C:\Program Files (x86)\Windows Kits\10\Redist\ucrt\DLLs\x64\api-ms-win-core-processenvironment-l1-1-0.dll
0x000001e88ffa0000 - 0x000001e88ffa3000 	C:\Program Files (x86)\Windows Kits\10\Redist\ucrt\DLLs\x64\api-ms-win-core-datetime-l1-1-0.dll
0x000001e88ffb0000 - 0x000001e88ffb3000 	C:\Program Files (x86)\Windows Kits\10\Redist\ucrt\DLLs\x64\api-ms-win-core-localization-l1-2-0.dll
0x000001e88ffc0000 - 0x000001e88ffc3000 	C:\Program Files (x86)\Windows Kits\10\Redist\ucrt\DLLs\x64\api-ms-win-core-sysinfo-l1-1-0.dll
0x000001e88ffd0000 - 0x000001e88ffd3000 	C:\Program Files (x86)\Windows Kits\10\Redist\ucrt\DLLs\x64\api-ms-win-core-synch-l1-2-0.dll
0x000001e88ffe0000 - 0x000001e88ffe3000 	C:\Program Files (x86)\Windows Kits\10\Redist\ucrt\DLLs\x64\api-ms-win-core-console-l1-1-0.dll
0x000001e88fff0000 - 0x000001e88fff3000 	C:\Program Files (x86)\Windows Kits\10\Redist\ucrt\DLLs\x64\api-ms-win-core-debug-l1-1-0.dll
0x000001e8d67d0000 - 0x000001e8d67d3000 	C:\Program Files (x86)\Windows Kits\10\Redist\ucrt\DLLs\x64\api-ms-win-core-rtlsupport-l1-1-0.dll
0x000001e8d67e0000 - 0x000001e8d67e3000 	C:\Program Files (x86)\Windows Kits\10\Redist\ucrt\DLLs\x64\api-ms-win-core-processthreads-l1-1-1.dll
0x000001e8d67f0000 - 0x000001e8d67f3000 	C:\Program Files (x86)\Windows Kits\10\Redist\ucrt\DLLs\x64\api-ms-win-core-file-l1-2-0.dll
0x000001e8d6800000 - 0x000001e8d6803000 	C:\Program Files (x86)\Windows Kits\10\Redist\ucrt\DLLs\x64\api-ms-win-core-profile-l1-1-0.dll
0x000001e8d6810000 - 0x000001e8d6813000 	C:\Program Files (x86)\Windows Kits\10\Redist\ucrt\DLLs\x64\api-ms-win-core-memory-l1-1-0.dll
0x000001e8d78f0000 - 0x000001e8d78f3000 	C:\Program Files (x86)\Windows Kits\10\Redist\ucrt\DLLs\x64\api-ms-win-core-util-l1-1-0.dll
0x000001e8d7900000 - 0x000001e8d7903000 	C:\Program Files (x86)\Windows Kits\10\Redist\ucrt\DLLs\x64\api-ms-win-core-interlocked-l1-1-0.dll
0x00007fffb2290000 - 0x00007fffb2382000 	C:\Program Files (x86)\Windows Kits\10\Redist\ucrt\DLLs\x64\ucrtbase.dll
0x00007fffe6f40000 - 0x00007fffe6f49000 	C:\Windows\System32\msvcp140_1.dll
0x00007fffc3c10000 - 0x00007fffc3c5e000 	C:\Windows\System32\concrt140.dll
0x00007fffe6b10000 - 0x00007fffe6b41000 	C:\Windows\System32\vcomp140.dll
0x00007fffc4ac0000 - 0x00007fffc4bc0000 	C:\Windows\System32\opengl32.dll
0x00007fffc4a90000 - 0x00007fffc4abd000 	C:\WINDOWS\SYSTEM32\GLU32.dll
0x00007fffeb470000 - 0x00007fffeb4a9000 	C:\WINDOWS\SYSTEM32\dxcore.dll
0x00007fff94ff0000 - 0x00007fff9520d000 	C:\Users\luczu\.javacpp\cache\jaylib-4.5.0-0.jar\com\raylib\windows-x86_64\jniRaylib.dll
0x00007fff4f880000 - 0x00007fff4f8c6000 	C:\WINDOWS\SYSTEM32\dinput8.dll
0x00007fffb7970000 - 0x00007fffb7981000 	C:\WINDOWS\SYSTEM32\xinput1_4.dll
0x00007fffedf20000 - 0x00007fffedf6e000 	C:\WINDOWS\SYSTEM32\cfgmgr32.dll
0x00007fffedef0000 - 0x00007fffedf1c000 	C:\WINDOWS\SYSTEM32\DEVOBJ.dll
0x00007fffeb5e0000 - 0x00007fffeb60b000 	C:\WINDOWS\SYSTEM32\dwmapi.dll
0x00007fffccb50000 - 0x00007fffccd5a000 	C:\WINDOWS\SYSTEM32\inputhost.dll
0x00007fffe8710000 - 0x00007fffe8844000 	C:\WINDOWS\SYSTEM32\CoreMessaging.dll
0x00007fffe8b80000 - 0x00007fffe8c2b000 	C:\WINDOWS\system32\uxtheme.dll
0x00007fffefc20000 - 0x00007fffefd71000 	C:\WINDOWS\System32\MSCTF.dll
0x00007fffeda50000 - 0x00007fffeda5c000 	C:\WINDOWS\SYSTEM32\CRYPTBASE.DLL
0x00007fffeca50000 - 0x00007fffeca5e000 	C:\WINDOWS\SYSTEM32\HID.DLL
0x00007fffefef0000 - 0x00007ffff0364000 	C:\WINDOWS\System32\SETUPAPI.DLL
0x00007fffee230000 - 0x00007fffee29b000 	C:\WINDOWS\System32\WINTRUST.dll
0x00007fffee400000 - 0x00007fffee566000 	C:\WINDOWS\System32\CRYPT32.dll
0x00007fffeded0000 - 0x00007fffedee2000 	C:\WINDOWS\SYSTEM32\MSASN1.dll
0x00007fffe5a30000 - 0x00007fffe5a7a000 	C:\WINDOWS\SYSTEM32\directxdatabasehelper.dll
0x00007ffff0400000 - 0x00007ffff04b0000 	C:\WINDOWS\System32\clbcatq.dll
0x00007ffedffb0000 - 0x00007ffee2ba0000 	C:\WINDOWS\System32\DriverStore\FileRepository\nvhm.inf_amd64_28ac5867493a0477\nvoglv64.dll
0x00007fffeec40000 - 0x00007fffeede0000 	C:\WINDOWS\System32\ole32.dll
0x00007fffed110000 - 0x00007fffed124000 	C:\WINDOWS\SYSTEM32\WTSAPI32.dll
0x00007fffd5790000 - 0x00007fffd57c2000 	C:\WINDOWS\SYSTEM32\cryptnet.dll
0x00007fffd57d0000 - 0x00007fffd5928000 	C:\WINDOWS\SYSTEM32\drvstore.dll
0x00007fffedae0000 - 0x00007fffedb2b000 	C:\WINDOWS\SYSTEM32\wldp.dll
0x00007ffff0d80000 - 0x00007ffff0d9f000 	C:\WINDOWS\System32\imagehlp.dll
0x00007fffeda30000 - 0x00007fffeda4b000 	C:\WINDOWS\SYSTEM32\CRYPTSP.dll
0x00007fffed2c0000 - 0x00007fffed2f5000 	C:\WINDOWS\system32\rsaenh.dll
0x00007fffed870000 - 0x00007fffed896000 	C:\WINDOWS\SYSTEM32\gpapi.dll
0x00007fffa3110000 - 0x00007fffa52fb000 	C:\WINDOWS\System32\DriverStore\FileRepository\nvhm.inf_amd64_28ac5867493a0477\nvgpucomp64.dll
0x00007fffed380000 - 0x00007fffed3b4000 	C:\WINDOWS\SYSTEM32\ntmarta.dll
0x00007fff5d720000 - 0x00007fff5d9e3000 	C:\WINDOWS\system32\nvspcap64.dll
0x00007fffeccb0000 - 0x00007fffecd16000 	C:\WINDOWS\SYSTEM32\WINSTA.dll

dbghelp: loaded successfully - version: 4.0.5 - missing functions: none
symbol engine: initialized successfully - sym options: 0x614 - pdb path: .;C:\Users\luczu\.jdks\corretto-17.0.10\bin;C:\WINDOWS\SYSTEM32;C:\WINDOWS\WinSxS\amd64_microsoft.windows.common-controls_6595b64144ccf1df_6.0.22621.2506_none_270c5ae97388e100;C:\Users\luczu\.jdks\corretto-17.0.10\bin\server;C:\Program Files (x86)\Windows Kits\10\Redist\ucrt\DLLs\x64;C:\Program Files\Microsoft\jdk-11.0.12.7-hotspot\bin;C:\Users\luczu\.javacpp\cache\jaylib-4.5.0-0.jar\com\raylib\windows-x86_64;C:\WINDOWS\System32\DriverStore\FileRepository\nvhm.inf_amd64_28ac5867493a0477;C:\WINDOWS\System32\DriverStore\FileRepository\iigd_dch.inf_amd64_0fdf6ce291234272

VM Arguments:
jvm_args: -Dfile.encoding=windows-1252 -Duser.country=NL -Duser.language=nl -Duser.variant 
java_command: PineVille.GameScene
java_class_path (initial): C:\Users\luczu\OneDrive\Documenten\PineVille\build\classes\java\main;C:\Users\luczu\OneDrive\Documenten\PineVille\build\resources\main;C:\Users\luczu\.gradle\caches\modules-2\files-2.1\uk.co.electronstudio.jaylib\jaylib\4.5.0-0\90c0d608df9bbd32f5f34683acc58cb433e94508\jaylib-4.5.0-0.jar
Launcher Type: SUN_STANDARD

[Global flags]
     intx CICompilerCount                          = 12                                        {product} {ergonomic}
     uint ConcGCThreads                            = 3                                         {product} {ergonomic}
     uint G1ConcRefinementThreads                  = 13                                        {product} {ergonomic}
   size_t G1HeapRegionSize                         = 2097152                                   {product} {ergonomic}
    uintx GCDrainStackTargetSize                   = 64                                        {product} {ergonomic}
   size_t InitialHeapSize                          = 264241152                                 {product} {ergonomic}
   size_t MarkStackSize                            = 4194304                                   {product} {ergonomic}
   size_t MaxHeapSize                              = 4200595456                                {product} {ergonomic}
   size_t MaxNewSize                               = 2518679552                                {product} {ergonomic}
   size_t MinHeapDeltaBytes                        = 2097152                                   {product} {ergonomic}
   size_t MinHeapSize                              = 8388608                                   {product} {ergonomic}
    uintx NonNMethodCodeHeapSize                   = 7602480                                {pd product} {ergonomic}
    uintx NonProfiledCodeHeapSize                  = 122027880                              {pd product} {ergonomic}
    uintx ProfiledCodeHeapSize                     = 122027880                              {pd product} {ergonomic}
    uintx ReservedCodeCacheSize                    = 251658240                              {pd product} {ergonomic}
     bool SegmentedCodeCache                       = true                                      {product} {ergonomic}
   size_t SoftMaxHeapSize                          = 4200595456                             {manageable} {ergonomic}
     bool UseCompressedClassPointers               = true                           {product lp64_product} {ergonomic}
     bool UseCompressedOops                        = true                           {product lp64_product} {ergonomic}
     bool UseG1GC                                  = true                                      {product} {ergonomic}
     bool UseLargePagesIndividualAllocation        = false                                  {pd product} {ergonomic}

Logging:
Log output configuration:
 #0: stdout all=warning uptime,level,tags
 #1: stderr all=off uptime,level,tags

Environment Variables:
PATH=C:\Program Files (x86)\Common Files\Intel\Shared Libraries\redist\intel64\compiler;C:\Program Files\Common Files\Oracle\Java\javapath;C:\Program Files\Microsoft\jdk-11.0.12.7-hotspot\bin;C:\windows\system32;C:\windows;C:\windows\System32\Wbem;C:\windows\System32\WindowsPowerShell\v1.0\;C:\windows\System32\OpenSSH\;C:\Program Files (x86)\NVIDIA Corporation\PhysX\Common;C:\Program Files\NVIDIA Corporation\NVIDIA NvDLISR;C:\Program Files\Microsoft SQL Server\150\Tools\Binn\;C:\Program Files\Microsoft SQL Server\Client SDK\ODBC\170\Tools\Binn\;C:\Program Files\dotnet\;C:\WINDOWS\system32;C:\WINDOWS;C:\WINDOWS\System32\Wbem;C:\WINDOWS\System32\WindowsPowerShell\v1.0\;C:\WINDOWS\System32\OpenSSH\;C:\Program Files\CMake\bin;C:\Program Files\Git\cmd;C:\Users\luczu\AppData\Local\Microsoft\WindowsApps;C:\Users\luczu\.dotnet\tools;C:\Users\luczu\AppData\Local\GitHubDesktop\bin;;C:\Users\luczu\AppData\Local\Programs\Microsoft VS Code\bin
USERNAME=luczu
OS=Windows_NT
PROCESSOR_IDENTIFIER=Intel64 Family 6 Model 141 Stepping 1, GenuineIntel
TMP=C:\Users\luczu\AppData\Local\Temp
TEMP=C:\Users\luczu\AppData\Local\Temp



Periodic native trim disabled


---------------  S Y S T E M  ---------------

OS:
 Windows 11 , 64 bit Build 22621 (10.0.22621.3085)
OS uptime: 0 days 0:39 hours
Hyper-V role detected

CPU: total 16 (initial active 16) (8 cores per cpu, 2 threads per core) family 6 model 141 stepping 1 microcode 0x4e, cx8, cmov, fxsr, ht, mmx, 3dnowpref, sse, sse2, sse3, ssse3, sse4.1, sse4.2, popcnt, lzcnt, tsc, tscinvbit, avx, avx2, aes, erms, clmul, bmi1, bmi2, adx, avx512f, avx512dq, avx512cd, avx512bw, avx512vl, sha, fma, vzeroupper, avx512_vpopcntdq, avx512_vpclmulqdq, avx512_vaes, avx512_vnni, clflush, clflushopt, clwb, avx512_vbmi2, avx512_vbmi, hv
Processor Information for all 16 processors :
  Max Mhz: 2304, Current Mhz: 2304, Mhz Limit: 2304

Memory: 4k page, system-wide physical 16021M (3277M free)
TotalPageFile size 33429M (AvailPageFile size 13686M)
current process WorkingSet (physical memory assigned to process): 125M, peak: 209M
current process commit charge ("private bytes"): 510M, peak: 633M

vm_info: OpenJDK 64-Bit Server VM (17.0.10+7-LTS) for windows-amd64 JRE (17.0.10+7-LTS), built on Jan 10 2024 22:11:07 by "Administrator" with MS VC++ 16.10 / 16.11 (VS2019)

END.
