#
# A fatal error has been detected by the Java Runtime Environment:
#
#  EXCEPTION_ACCESS_VIOLATION (0xc0000005) at pc=0x00007fffd736f490, pid=27992, tid=3024
#
# JRE version: OpenJDK Runtime Environment Corretto-17.0.10.7.1 (17.0.10+7) (build 17.0.10+7-LTS)
# Java VM: OpenJDK 64-Bit Server VM Corretto-17.0.10.7.1 (17.0.10+7-LTS, mixed mode, sharing, tiered, compressed oops, compressed class ptrs, g1 gc, windows-amd64)
# Problematic frame:
# C  [jniRaylib.dll+0xdf490]
#
# No core dump will be written. Minidumps are not enabled by default on client versions of Windows
#
# If you would like to submit a bug report, please visit:
#   https://github.com/corretto/corretto-17/issues/
# The crash happened outside the Java Virtual Machine in native code.
# See problematic frame for where to report the bug.
#

---------------  S U M M A R Y ------------

Command Line: -Dfile.encoding=windows-1252 -Duser.country=NL -Duser.language=nl -Duser.variant PineVille.GameScene

Host: 11th Gen Intel(R) Core(TM) i7-11800H @ 2.30GHz, 16 cores, 15G,  Windows 11 , 64 bit Build 22621 (10.0.22621.3235)
Time: Tue Apr 16 11:25:29 2024 West-Europa (zomertijd) elapsed time: 12.883361 seconds (0d 0h 0m 12s)

---------------  T H R E A D  ---------------

Current thread (0x00000281700fa1b0):  JavaThread "main" [_thread_in_native, id=3024, stack(0x000000b3f0f00000,0x000000b3f1000000)]

Stack: [0x000000b3f0f00000,0x000000b3f1000000],  sp=0x000000b3f0fff090,  free space=1020k
Native frames: (J=compiled Java code, j=interpreted, Vv=VM code, C=native code)
C  [jniRaylib.dll+0xdf490]

Java frames: (J=compiled Java code, j=interpreted, Vv=VM code)
J 904  com.raylib.Raylib.DrawTexturePro(Lcom/raylib/Raylib$Texture;Lcom/raylib/Raylib$Rectangle;Lcom/raylib/Raylib$Rectangle;Lcom/raylib/Raylib$Vector2;FLcom/raylib/Raylib$Color;)V (0 bytes) @ 0x0000028107c3e062 [0x0000028107c3dfa0+0x00000000000000c2]
j  PineVille.GameScene.main([Ljava/lang/String;)V+624
v  ~StubRoutines::call_stub

siginfo: EXCEPTION_ACCESS_VIOLATION (0xc0000005), writing address 0x000002815c6e04e0


Registers:
RAX=0x00000000000000ff, RBX=0x000000b3f0fff230, RCX=0x000002815c6e04e0, RDX=0x0000000000000000
RSP=0x000000b3f0fff090, RBP=0x000000b3f0fff2f0, RSI=0x0000000000000005, RDI=0x000000b3f0fff220
R8 =0x0000000000000000, R9 =0x0000000000000000, R10=0x00007fff1ea8de20, R11=0x000000000000000a
R12=0x000002815c0e2cf0, R13=0x0000000000000000, R14=0x0000028113e2ddd0, R15=0x000002815934c9e0
RIP=0x00007fffd736f490, EFLAGS=0x0000000000010246


Register to memory mapping:

RIP=0x00007fffd736f490 jniRaylib.dll
RAX=0x00000000000000ff is an unknown value
RBX=0x000000b3f0fff230 is pointing into the stack for thread: 0x00000281700fa1b0
RCX=0x000002815c6e04e0 is an unknown value
RDX=0x0 is NULL
RSP=0x000000b3f0fff090 is pointing into the stack for thread: 0x00000281700fa1b0
RBP=0x000000b3f0fff2f0 is pointing into the stack for thread: 0x00000281700fa1b0
RSI=0x0000000000000005 is an unknown value
RDI=0x000000b3f0fff220 is pointing into the stack for thread: 0x00000281700fa1b0
R8 =0x0 is NULL
R9 =0x0 is NULL
R10=0x00007fff1ea8de20 jvm.dll
R11=0x000000000000000a is an unknown value
R12=0x000002815c0e2cf0 points into unknown readable memory: 0x0000004000000005 | 05 00 00 00 40 00 00 00
R13=0x0 is NULL
R14=0x0000028113e2ddd0 points into unknown readable memory: 0x752f6176ffffffff | ff ff ff ff 76 61 2f 75
R15=0x000002815934c9e0 points into unknown readable memory: 0x0000000000000000 | 00 00 00 00 00 00 00 00


Top of Stack: (sp=0x000000b3f0fff090)
0x000000b3f0fff090:   0000a79824d2bd41 00007ff80000000e
0x000000b3f0fff0a0:   000000b3f0fff470 0000000000000000
0x000000b3f0fff0b0:   0000000043d40000 0000000000000000
0x000000b3f0fff0c0:   0000000000000000 0000000000000000
0x000000b3f0fff0d0:   0000000000000000 0000000000000000
0x000000b3f0fff0e0:   000000b3f0fff230 00007fffd7338749
0x000000b3f0fff0f0:   0000028113b92240 000000b3f0fff140
0x000000b3f0fff100:   00000281700fa1b0 00000281700fa1b0
0x000000b3f0fff110:   4200000044c18000 4348000043d40000
0x000000b3f0fff120:   00000281700fa1b0 0000000000000000
0x000000b3f0fff130:   0000000000000000 0000000000000000
0x000000b3f0fff140:   0000000000000000 0000000000000000
0x000000b3f0fff150:   0000000000000000 0000000000000000
0x000000b3f0fff160:   0000000000000000 0000000000000000
0x000000b3f0fff170:   0000000000000000 0000000000000000
0x000000b3f0fff180:   0000000000000000 0000000000000000
0x000000b3f0fff190:   0000000000000000 0000000000000000
0x000000b3f0fff1a0:   0000000000000000 0000000000000000
0x000000b3f0fff1b0:   0000000000000000 0000000000000000
0x000000b3f0fff1c0:   0000000000000000 0000000000000000
0x000000b3f0fff1d0:   000002815c1c23d0 000002815c1c2510
0x000000b3f0fff1e0:   00000281700fa468 00007fffd72d2213
0x000000b3f0fff1f0:   0000028144898000 000000b3f0fff2f0
0x000000b3f0fff200:   0000d832dc124aed 00007fffd72a3c20
0x000000b3f0fff210:   000000b300000000 00000000ffffffff
0x000000b3f0fff220:   4348000044898000 4360000043e00000
0x000000b3f0fff230:   0000000000000000 4200000042800000
0x000000b3f0fff240:   0000004000000005 0000000100000020
0x000000b3f0fff250:   0000000000000007 0000000000000000
0x000000b3f0fff260:   00000281700fa1b0 0000000000000000
0x000000b3f0fff270:   0000000714e0c7c8 000000071550d898
0x000000b3f0fff280:   0000028155426560 0000028107c3e102 

Instructions: (pc=0x00007fffd736f490)
0x00007fffd736f390:   08 8b 05 41 2e 11 00 49 c1 e1 06 8d 0c 40 4b 8b
0x00007fffd736f3a0:   44 01 08 48 63 d1 f3 0f 11 34 90 48 8b 05 fe 2d
0x00007fffd736f3b0:   11 00 4c 63 48 04 4c 8b 40 08 8b 05 18 2e 11 00
0x00007fffd736f3c0:   49 c1 e1 06 8d 0c 40 4b 8b 44 01 08 48 63 d1 f3
0x00007fffd736f3d0:   0f 11 7c 90 04 48 8b 05 d4 2d 11 00 4c 63 48 04
0x00007fffd736f3e0:   4c 8b 40 08 8b 05 ee 2d 11 00 49 c1 e1 06 8d 0c
0x00007fffd736f3f0:   40 4b 8b 44 01 08 48 63 d1 f3 44 0f 11 44 90 08
0x00007fffd736f400:   48 8b 05 a9 2d 11 00 f3 0f 10 05 cd 2d 11 00 4c
0x00007fffd736f410:   63 40 04 48 8b 50 08 8b 05 bb 2d 11 00 03 c0 49
0x00007fffd736f420:   c1 e0 06 48 63 c8 49 8b 44 10 10 f3 0f 11 04 88
0x00007fffd736f430:   48 8b 05 79 2d 11 00 f3 0f 10 05 a1 2d 11 00 4c
0x00007fffd736f440:   63 40 04 48 8b 50 08 8b 05 8b 2d 11 00 03 c0 49
0x00007fffd736f450:   c1 e0 06 48 63 c8 49 8b 44 10 10 f3 0f 11 44 88
0x00007fffd736f460:   04 48 8b 05 48 2d 11 00 4c 63 40 04 48 8b 48 08
0x00007fffd736f470:   8b 05 62 2d 11 00 49 c1 e0 06 8d 04 85 00 00 00
0x00007fffd736f480:   00 49 8b 4c 08 18 48 63 d0 0f b6 05 60 2d 11 00
0x00007fffd736f490:   88 04 0a 48 8b 05 16 2d 11 00 4c 63 40 04 48 8b
0x00007fffd736f4a0:   48 08 8b 05 30 2d 11 00 49 c1 e0 06 8d 04 85 00
0x00007fffd736f4b0:   00 00 00 49 8b 4c 08 18 48 63 d0 0f b6 05 2f 2d
0x00007fffd736f4c0:   11 00 88 44 11 01 48 8b 05 e3 2c 11 00 4c 63 40
0x00007fffd736f4d0:   04 48 8b 48 08 8b 05 fd 2c 11 00 49 c1 e0 06 8d
0x00007fffd736f4e0:   04 85 00 00 00 00 49 8b 4c 08 18 48 63 d0 0f b6
0x00007fffd736f4f0:   05 fd 2c 11 00 88 44 11 02 48 8b 05 b0 2c 11 00
0x00007fffd736f500:   4c 63 40 04 48 8b 48 08 8b 05 ca 2c 11 00 49 c1
0x00007fffd736f510:   e0 06 49 8b 4c 08 18 8d 04 85 00 00 00 00 0f 28
0x00007fffd736f520:   74 24 40 0f 28 7c 24 30 44 0f 28 44 24 20 48 63
0x00007fffd736f530:   d0 0f b6 05 bb 2c 11 00 88 44 11 03 48 8b 05 6d
0x00007fffd736f540:   2c 11 00 ff 05 8f 2c 11 00 48 63 48 18 48 8b 40
0x00007fffd736f550:   10 48 03 c9 ff 44 c8 f4 48 83 c4 58 c3 cc cc cc
0x00007fffd736f560:   48 ff 25 21 2c 11 00 cc cc cc cc cc cc cc cc cc
0x00007fffd736f570:   40 55 48 83 ec 50 0f 10 05 3b 2c 11 00 33 d2 b9
0x00007fffd736f580:   92 88 00 00 0f 29 44 24 20 0f 29 44 24 30 0f 10 


Stack slot to memory mapping:
stack at sp + 0 slots: 0x0000a79824d2bd41 is an unknown value
stack at sp + 1 slots: 0x00007ff80000000e is an unknown value
stack at sp + 2 slots: 0x000000b3f0fff470 is pointing into the stack for thread: 0x00000281700fa1b0
stack at sp + 3 slots: 0x0 is NULL
stack at sp + 4 slots: 0x0000000043d40000 is an unknown value
stack at sp + 5 slots: 0x0 is NULL
stack at sp + 6 slots: 0x0 is NULL
stack at sp + 7 slots: 0x0 is NULL


Compiled method (n/a)   12987  904     n 0       com.raylib.Raylib::DrawTexturePro (native)
 total in heap  [0x0000028107c3de10,0x0000028107c3e240] = 1072
 relocation     [0x0000028107c3df68,0x0000028107c3df98] = 48
 main code      [0x0000028107c3dfa0,0x0000028107c3e238] = 664
 oops           [0x0000028107c3e238,0x0000028107c3e240] = 8

[Constant Pool (empty)]

[MachCode]
[Entry Point]
  # {method} {0x0000028155426568} 'DrawTexturePro' '(Lcom/raylib/Raylib$Texture;Lcom/raylib/Raylib$Rectangle;Lcom/raylib/Raylib$Rectangle;Lcom/raylib/Raylib$Vector2;FLcom/raylib/Raylib$Color;)V' in 'com/raylib/Raylib'
  # parm0:    rdx:rdx   = 'com/raylib/Raylib$Texture'
  # parm1:    r8:r8     = 'com/raylib/Raylib$Rectangle'
  # parm2:    r9:r9     = 'com/raylib/Raylib$Rectangle'
  # parm3:    rdi:rdi   = 'com/raylib/Raylib$Vector2'
  # parm4:    xmm0      = float
  # parm5:    rsi:rsi   = 'com/raylib/Raylib$Color'
  #           [sp+0x90]  (sp of caller)
  0x0000028107c3dfa0: 448b 5208 | 49bb 0000 | 0014 8102 | 0000 4d03 | d349 3bc2 | 0f84 0600 

  0x0000028107c3dfb8: ;   {runtime_call ic_miss_stub}
  0x0000028107c3dfb8: 0000 e9c1 | 3586 ff90 
[Verified Entry Point]
  0x0000028107c3dfc0: 8984 2400 | 90ff ff55 | 488b ec48 | 81ec 8000 | 0000 4889 | 7424 6048 | 83fe 0048 | 8d44 2460 
  0x0000028107c3dfe0: 480f 4444 | 2460 4889 | 4424 38c5 | fa11 4424 | 3048 897c | 2458 4883 | ff00 488d | 4424 5848 
  0x0000028107c3e000: 0f44 4424 | 5848 8944 | 2428 4c89 | 4c24 5049 | 83f9 0048 | 8d44 2450 | 480f 4444 | 2450 4889 
  0x0000028107c3e020: 4424 204c | 8944 2448 | 4983 f800 | 4c8d 4c24 | 484c 0f44 | 4c24 4848 | 8954 2440 | 4883 fa00 
  0x0000028107c3e040: 4c8d 4424 | 404c 0f44 

  0x0000028107c3e048: ;   {oop(a 'java/lang/Class'{0x0000000713e00090} = 'com/raylib/Raylib')}
  0x0000028107c3e048: 4424 4049 | be90 00e0 | 1307 0000 | 004c 8974 | 2470 4c8d | 7424 7049 | 8bd6 c5f8 

  0x0000028107c3e064: ;   {internal_word}
  0x0000028107c3e064: 7749 ba62 | e0c3 0781 | 0200 004d | 8997 a002 | 0000 4989 | a798 0200 

  0x0000028107c3e07c: ;   {external_word}
  0x0000028107c3e07c: 0049 ba79 | 35a7 1eff | 7f00 0041 | 803a 000f | 8452 0000 | 0052 4150 

  0x0000028107c3e094: ;   {metadata({method} {0x0000028155426568} 'DrawTexturePro' '(Lcom/raylib/Raylib$Texture;Lcom/raylib/Raylib$Rectangle;Lcom/raylib/Raylib$Rectangle;Lcom/raylib/Raylib$Vector2;FLcom/raylib/Raylib$Color;)V' in 'com/raylib/Raylib')}
  0x0000028107c3e094: 4151 48ba | 6065 4255 | 8102 0000 | 498b cf48 | 83ec 20f7 | c40f 0000 | 000f 841a | 0000 0048 
  0x0000028107c3e0b4: ;   {runtime_call}
  0x0000028107c3e0b4: 83ec 0849 | ba00 305d | 1eff 7f00 | 0041 ffd2 | 4883 c408 | e90d 0000 

  0x0000028107c3e0cc: ;   {runtime_call}
  0x0000028107c3e0cc: 0049 ba00 | 305d 1eff | 7f00 0041 | ffd2 4883 | c420 4159 | 4158 5a49 | 8d8f b802 | 0000 41c7 
  0x0000028107c3e0ec: 8748 0300 | 0004 0000 

  0x0000028107c3e0f4: ;   {runtime_call}
  0x0000028107c3e0f4: 0049 ba10 | 202d d7ff | 7f00 0041 | ffd2 c5f8 | 7741 c787 | 4803 0000 | 0500 0000 | f083 4424 
  0x0000028107c3e114: c000 493b | af50 0300 | 000f 8711 | 0000 0041 | 81bf 3803 | 0000 0000 | 0000 0f84 | 2400 0000 
  0x0000028107c3e134: c5f8 7749 | 8bcf 4c8b | e448 83ec | 2048 83e4 

  0x0000028107c3e144: ;   {runtime_call}
  0x0000028107c3e144: f049 ba90 | 446d 1eff | 7f00 0041 | ffd2 498b | e44d 33e4 | 41c7 8748 | 0300 0008 | 0000 0041 
  0x0000028107c3e164: 81bf b803 | 0000 0200 | 0000 0f84 | 9b00 0000 

  0x0000028107c3e174: ;   {external_word}
  0x0000028107c3e174: 49ba 7935 | a71e ff7f | 0000 4180 | 3a00 0f84 | 4800 0000 

  0x0000028107c3e188: ;   {metadata({method} {0x0000028155426568} 'DrawTexturePro' '(Lcom/raylib/Raylib$Texture;Lcom/raylib/Raylib$Rectangle;Lcom/raylib/Raylib$Rectangle;Lcom/raylib/Raylib$Vector2;FLcom/raylib/Raylib$Color;)V' in 'com/raylib/Raylib')}
  0x0000028107c3e188: 48ba 6065 | 4255 8102 | 0000 498b | cf48 83ec | 20f7 c40f | 0000 000f | 841a 0000 | 0048 83ec 
  0x0000028107c3e1a8: ;   {runtime_call}
  0x0000028107c3e1a8: 0849 ba00 | 305d 1eff | 7f00 0041 | ffd2 4883 | c408 e90d 

  0x0000028107c3e1bc: ;   {runtime_call}
  0x0000028107c3e1bc: 0000 0049 | ba00 305d | 1eff 7f00 | 0041 ffd2 | 4883 c420 | 49c7 8798 | 0200 0000 | 0000 0049 
  0x0000028107c3e1dc: c787 a002 | 0000 0000 | 0000 c5f8 | 7749 8b8f | d800 0000 | c781 0001 | 0000 0000 | 0000 c949 
  0x0000028107c3e1fc: 817f 0800 | 0000 000f | 8501 0000 

  0x0000028107c3e208: ;   {runtime_call StubRoutines (1)}
  0x0000028107c3e208: 00c3 e9f1 | 2c81 ffc5 | f877 4c8b | e448 83ec | 2048 83e4 

  0x0000028107c3e21c: ;   {runtime_call}
  0x0000028107c3e21c: f049 ba80 | 605d 1eff | 7f00 0041 | ffd2 498b | e44d 33e4 | e93f ffff | fff4 f4f4 
[/MachCode]


---------------  P R O C E S S  ---------------

Threads class SMR info:
_java_thread_list=0x000002815a93e320, length=13, elements={
0x00000281700fa1b0, 0x0000028113a3a440, 0x0000028113a3ae00, 0x0000028113a53a40,
0x0000028113a54400, 0x0000028113a56dd0, 0x0000028113a57790, 0x0000028113a5a460,
0x0000028113a66330, 0x0000028113a86c50, 0x0000028113bcb5b0, 0x0000028113bce500,
0x000002815bef77e0
}

Java Threads: ( => current thread )
=>0x00000281700fa1b0 JavaThread "main" [_thread_in_native, id=3024, stack(0x000000b3f0f00000,0x000000b3f1000000)]
  0x0000028113a3a440 JavaThread "Reference Handler" daemon [_thread_blocked, id=24216, stack(0x000000b3f1600000,0x000000b3f1700000)]
  0x0000028113a3ae00 JavaThread "Finalizer" daemon [_thread_blocked, id=23220, stack(0x000000b3f1700000,0x000000b3f1800000)]
  0x0000028113a53a40 JavaThread "Signal Dispatcher" daemon [_thread_blocked, id=12580, stack(0x000000b3f1800000,0x000000b3f1900000)]
  0x0000028113a54400 JavaThread "Attach Listener" daemon [_thread_blocked, id=14108, stack(0x000000b3f1900000,0x000000b3f1a00000)]
  0x0000028113a56dd0 JavaThread "Service Thread" daemon [_thread_blocked, id=2316, stack(0x000000b3f1a00000,0x000000b3f1b00000)]
  0x0000028113a57790 JavaThread "Monitor Deflation Thread" daemon [_thread_blocked, id=18956, stack(0x000000b3f1b00000,0x000000b3f1c00000)]
  0x0000028113a5a460 JavaThread "C2 CompilerThread0" daemon [_thread_blocked, id=8856, stack(0x000000b3f1c00000,0x000000b3f1d00000)]
  0x0000028113a66330 JavaThread "C1 CompilerThread0" daemon [_thread_blocked, id=14276, stack(0x000000b3f1d00000,0x000000b3f1e00000)]
  0x0000028113a86c50 JavaThread "Sweeper thread" daemon [_thread_blocked, id=15520, stack(0x000000b3f1e00000,0x000000b3f1f00000)]
  0x0000028113bcb5b0 JavaThread "Notification Thread" daemon [_thread_blocked, id=18724, stack(0x000000b3f2100000,0x000000b3f2200000)]
  0x0000028113bce500 JavaThread "Common-Cleaner" daemon [_thread_blocked, id=28432, stack(0x000000b3f2300000,0x000000b3f2400000)]
  0x000002815bef77e0 JavaThread "JavaCPP Deallocator" daemon [_thread_blocked, id=23208, stack(0x000000b3f2800000,0x000000b3f2900000)]

Other Threads:
  0x0000028113a35a90 VMThread "VM Thread" [stack: 0x000000b3f1500000,0x000000b3f1600000] [id=25596]
  0x0000028113bcba90 WatcherThread [stack: 0x000000b3f2200000,0x000000b3f2300000] [id=10656]
  0x0000028170168920 GCTaskThread "GC Thread#0" [stack: 0x000000b3f1000000,0x000000b3f1100000] [id=16912]
  0x000002815bfff140 GCTaskThread "GC Thread#1" [stack: 0x000000b3f2900000,0x000000b3f2a00000] [id=24632]
  0x0000028159e39600 GCTaskThread "GC Thread#2" [stack: 0x000000b3f2a00000,0x000000b3f2b00000] [id=10704]
  0x00000281599c5c10 GCTaskThread "GC Thread#3" [stack: 0x000000b3f2b00000,0x000000b3f2c00000] [id=16904]
  0x000002815a744260 GCTaskThread "GC Thread#4" [stack: 0x000000b3f2c00000,0x000000b3f2d00000] [id=23804]
  0x0000028113e06c10 GCTaskThread "GC Thread#5" [stack: 0x000000b3f2d00000,0x000000b3f2e00000] [id=29748]
  0x0000028170179960 ConcurrentGCThread "G1 Main Marker" [stack: 0x000000b3f1100000,0x000000b3f1200000] [id=5884]
  0x000002817017a280 ConcurrentGCThread "G1 Conc#0" [stack: 0x000000b3f1200000,0x000000b3f1300000] [id=32020]
  0x00000281136cdae0 ConcurrentGCThread "G1 Refine#0" [stack: 0x000000b3f1300000,0x000000b3f1400000] [id=7372]
  0x00000281136cf420 ConcurrentGCThread "G1 Service" [stack: 0x000000b3f1400000,0x000000b3f1500000] [id=30464]

Threads with active compile tasks:

VM state: not at safepoint (normal execution)

VM Mutex/Monitor currently owned by a thread: None

Heap address: 0x0000000705a00000, size: 4006 MB, Compressed Oops mode: Zero based, Oop shift amount: 3

CDS archive(s) mapped at: [0x0000028114000000-0x0000028114bb0000-0x0000028114bb0000), size 12255232, SharedBaseAddress: 0x0000028114000000, ArchiveRelocationMode: 1.
Compressed class space mapped at: 0x0000028115000000-0x0000028155000000, reserved size: 1073741824
Narrow klass base: 0x0000028114000000, Narrow klass shift: 0, Narrow klass range: 0x100000000

GC Precious Log:
 CPUs: 16 total, 16 available
 Memory: 16021M
 Large Page Support: Disabled
 NUMA Support: Disabled
 Compressed Oops: Enabled (Zero based)
 Heap Region Size: 2M
 Heap Min Capacity: 8M
 Heap Initial Capacity: 252M
 Heap Max Capacity: 4006M
 Pre-touch: Disabled
 Parallel Workers: 13
 Concurrent Workers: 3
 Concurrent Refinement Workers: 13
 Periodic GC: Disabled

Heap:
 garbage-first heap   total 258048K, used 7717K [0x0000000705a00000, 0x0000000800000000)
  region size 2048K, 5 young (10240K), 1 survivors (2048K)
 Metaspace       used 2264K, committed 2432K, reserved 1114112K
  class space    used 192K, committed 256K, reserved 1048576K

Heap Regions: E=young(eden), S=young(survivor), O=old, HS=humongous(starts), HC=humongous(continues), CS=collection set, F=free, OA=open archive, CA=closed archive, TAMS=top-at-mark-start (previous, next)
|   0|0x0000000705a00000, 0x0000000705a00000, 0x0000000705c00000|  0%| F|  |TAMS 0x0000000705a00000, 0x0000000705a00000| Untracked 
|   1|0x0000000705c00000, 0x0000000705c00000, 0x0000000705e00000|  0%| F|  |TAMS 0x0000000705c00000, 0x0000000705c00000| Untracked 
|   2|0x0000000705e00000, 0x0000000705e00000, 0x0000000706000000|  0%| F|  |TAMS 0x0000000705e00000, 0x0000000705e00000| Untracked 
|   3|0x0000000706000000, 0x0000000706000000, 0x0000000706200000|  0%| F|  |TAMS 0x0000000706000000, 0x0000000706000000| Untracked 
|   4|0x0000000706200000, 0x0000000706200000, 0x0000000706400000|  0%| F|  |TAMS 0x0000000706200000, 0x0000000706200000| Untracked 
|   5|0x0000000706400000, 0x0000000706400000, 0x0000000706600000|  0%| F|  |TAMS 0x0000000706400000, 0x0000000706400000| Untracked 
|   6|0x0000000706600000, 0x0000000706600000, 0x0000000706800000|  0%| F|  |TAMS 0x0000000706600000, 0x0000000706600000| Untracked 
|   7|0x0000000706800000, 0x0000000706800000, 0x0000000706a00000|  0%| F|  |TAMS 0x0000000706800000, 0x0000000706800000| Untracked 
|   8|0x0000000706a00000, 0x0000000706a00000, 0x0000000706c00000|  0%| F|  |TAMS 0x0000000706a00000, 0x0000000706a00000| Untracked 
|   9|0x0000000706c00000, 0x0000000706c00000, 0x0000000706e00000|  0%| F|  |TAMS 0x0000000706c00000, 0x0000000706c00000| Untracked 
|  10|0x0000000706e00000, 0x0000000706e00000, 0x0000000707000000|  0%| F|  |TAMS 0x0000000706e00000, 0x0000000706e00000| Untracked 
|  11|0x0000000707000000, 0x0000000707000000, 0x0000000707200000|  0%| F|  |TAMS 0x0000000707000000, 0x0000000707000000| Untracked 
|  12|0x0000000707200000, 0x0000000707200000, 0x0000000707400000|  0%| F|  |TAMS 0x0000000707200000, 0x0000000707200000| Untracked 
|  13|0x0000000707400000, 0x0000000707400000, 0x0000000707600000|  0%| F|  |TAMS 0x0000000707400000, 0x0000000707400000| Untracked 
|  14|0x0000000707600000, 0x0000000707600000, 0x0000000707800000|  0%| F|  |TAMS 0x0000000707600000, 0x0000000707600000| Untracked 
|  15|0x0000000707800000, 0x0000000707800000, 0x0000000707a00000|  0%| F|  |TAMS 0x0000000707800000, 0x0000000707800000| Untracked 
|  16|0x0000000707a00000, 0x0000000707a00000, 0x0000000707c00000|  0%| F|  |TAMS 0x0000000707a00000, 0x0000000707a00000| Untracked 
|  17|0x0000000707c00000, 0x0000000707c00000, 0x0000000707e00000|  0%| F|  |TAMS 0x0000000707c00000, 0x0000000707c00000| Untracked 
|  18|0x0000000707e00000, 0x0000000707e00000, 0x0000000708000000|  0%| F|  |TAMS 0x0000000707e00000, 0x0000000707e00000| Untracked 
|  19|0x0000000708000000, 0x0000000708000000, 0x0000000708200000|  0%| F|  |TAMS 0x0000000708000000, 0x0000000708000000| Untracked 
|  20|0x0000000708200000, 0x0000000708200000, 0x0000000708400000|  0%| F|  |TAMS 0x0000000708200000, 0x0000000708200000| Untracked 
|  21|0x0000000708400000, 0x0000000708400000, 0x0000000708600000|  0%| F|  |TAMS 0x0000000708400000, 0x0000000708400000| Untracked 
|  22|0x0000000708600000, 0x0000000708600000, 0x0000000708800000|  0%| F|  |TAMS 0x0000000708600000, 0x0000000708600000| Untracked 
|  23|0x0000000708800000, 0x0000000708800000, 0x0000000708a00000|  0%| F|  |TAMS 0x0000000708800000, 0x0000000708800000| Untracked 
|  24|0x0000000708a00000, 0x0000000708a00000, 0x0000000708c00000|  0%| F|  |TAMS 0x0000000708a00000, 0x0000000708a00000| Untracked 
|  25|0x0000000708c00000, 0x0000000708c00000, 0x0000000708e00000|  0%| F|  |TAMS 0x0000000708c00000, 0x0000000708c00000| Untracked 
|  26|0x0000000708e00000, 0x0000000708e00000, 0x0000000709000000|  0%| F|  |TAMS 0x0000000708e00000, 0x0000000708e00000| Untracked 
|  27|0x0000000709000000, 0x0000000709000000, 0x0000000709200000|  0%| F|  |TAMS 0x0000000709000000, 0x0000000709000000| Untracked 
|  28|0x0000000709200000, 0x0000000709200000, 0x0000000709400000|  0%| F|  |TAMS 0x0000000709200000, 0x0000000709200000| Untracked 
|  29|0x0000000709400000, 0x0000000709400000, 0x0000000709600000|  0%| F|  |TAMS 0x0000000709400000, 0x0000000709400000| Untracked 
|  30|0x0000000709600000, 0x0000000709600000, 0x0000000709800000|  0%| F|  |TAMS 0x0000000709600000, 0x0000000709600000| Untracked 
|  31|0x0000000709800000, 0x0000000709800000, 0x0000000709a00000|  0%| F|  |TAMS 0x0000000709800000, 0x0000000709800000| Untracked 
|  32|0x0000000709a00000, 0x0000000709a00000, 0x0000000709c00000|  0%| F|  |TAMS 0x0000000709a00000, 0x0000000709a00000| Untracked 
|  33|0x0000000709c00000, 0x0000000709c00000, 0x0000000709e00000|  0%| F|  |TAMS 0x0000000709c00000, 0x0000000709c00000| Untracked 
|  34|0x0000000709e00000, 0x0000000709e00000, 0x000000070a000000|  0%| F|  |TAMS 0x0000000709e00000, 0x0000000709e00000| Untracked 
|  35|0x000000070a000000, 0x000000070a000000, 0x000000070a200000|  0%| F|  |TAMS 0x000000070a000000, 0x000000070a000000| Untracked 
|  36|0x000000070a200000, 0x000000070a200000, 0x000000070a400000|  0%| F|  |TAMS 0x000000070a200000, 0x000000070a200000| Untracked 
|  37|0x000000070a400000, 0x000000070a400000, 0x000000070a600000|  0%| F|  |TAMS 0x000000070a400000, 0x000000070a400000| Untracked 
|  38|0x000000070a600000, 0x000000070a600000, 0x000000070a800000|  0%| F|  |TAMS 0x000000070a600000, 0x000000070a600000| Untracked 
|  39|0x000000070a800000, 0x000000070a800000, 0x000000070aa00000|  0%| F|  |TAMS 0x000000070a800000, 0x000000070a800000| Untracked 
|  40|0x000000070aa00000, 0x000000070aa00000, 0x000000070ac00000|  0%| F|  |TAMS 0x000000070aa00000, 0x000000070aa00000| Untracked 
|  41|0x000000070ac00000, 0x000000070ac00000, 0x000000070ae00000|  0%| F|  |TAMS 0x000000070ac00000, 0x000000070ac00000| Untracked 
|  42|0x000000070ae00000, 0x000000070ae00000, 0x000000070b000000|  0%| F|  |TAMS 0x000000070ae00000, 0x000000070ae00000| Untracked 
|  43|0x000000070b000000, 0x000000070b000000, 0x000000070b200000|  0%| F|  |TAMS 0x000000070b000000, 0x000000070b000000| Untracked 
|  44|0x000000070b200000, 0x000000070b200000, 0x000000070b400000|  0%| F|  |TAMS 0x000000070b200000, 0x000000070b200000| Untracked 
|  45|0x000000070b400000, 0x000000070b400000, 0x000000070b600000|  0%| F|  |TAMS 0x000000070b400000, 0x000000070b400000| Untracked 
|  46|0x000000070b600000, 0x000000070b600000, 0x000000070b800000|  0%| F|  |TAMS 0x000000070b600000, 0x000000070b600000| Untracked 
|  47|0x000000070b800000, 0x000000070b800000, 0x000000070ba00000|  0%| F|  |TAMS 0x000000070b800000, 0x000000070b800000| Untracked 
|  48|0x000000070ba00000, 0x000000070ba00000, 0x000000070bc00000|  0%| F|  |TAMS 0x000000070ba00000, 0x000000070ba00000| Untracked 
|  49|0x000000070bc00000, 0x000000070bc00000, 0x000000070be00000|  0%| F|  |TAMS 0x000000070bc00000, 0x000000070bc00000| Untracked 
|  50|0x000000070be00000, 0x000000070be00000, 0x000000070c000000|  0%| F|  |TAMS 0x000000070be00000, 0x000000070be00000| Untracked 
|  51|0x000000070c000000, 0x000000070c000000, 0x000000070c200000|  0%| F|  |TAMS 0x000000070c000000, 0x000000070c000000| Untracked 
|  52|0x000000070c200000, 0x000000070c200000, 0x000000070c400000|  0%| F|  |TAMS 0x000000070c200000, 0x000000070c200000| Untracked 
|  53|0x000000070c400000, 0x000000070c400000, 0x000000070c600000|  0%| F|  |TAMS 0x000000070c400000, 0x000000070c400000| Untracked 
|  54|0x000000070c600000, 0x000000070c600000, 0x000000070c800000|  0%| F|  |TAMS 0x000000070c600000, 0x000000070c600000| Untracked 
|  55|0x000000070c800000, 0x000000070c800000, 0x000000070ca00000|  0%| F|  |TAMS 0x000000070c800000, 0x000000070c800000| Untracked 
|  56|0x000000070ca00000, 0x000000070ca00000, 0x000000070cc00000|  0%| F|  |TAMS 0x000000070ca00000, 0x000000070ca00000| Untracked 
|  57|0x000000070cc00000, 0x000000070cc00000, 0x000000070ce00000|  0%| F|  |TAMS 0x000000070cc00000, 0x000000070cc00000| Untracked 
|  58|0x000000070ce00000, 0x000000070ce00000, 0x000000070d000000|  0%| F|  |TAMS 0x000000070ce00000, 0x000000070ce00000| Untracked 
|  59|0x000000070d000000, 0x000000070d000000, 0x000000070d200000|  0%| F|  |TAMS 0x000000070d000000, 0x000000070d000000| Untracked 
|  60|0x000000070d200000, 0x000000070d200000, 0x000000070d400000|  0%| F|  |TAMS 0x000000070d200000, 0x000000070d200000| Untracked 
|  61|0x000000070d400000, 0x000000070d400000, 0x000000070d600000|  0%| F|  |TAMS 0x000000070d400000, 0x000000070d400000| Untracked 
|  62|0x000000070d600000, 0x000000070d600000, 0x000000070d800000|  0%| F|  |TAMS 0x000000070d600000, 0x000000070d600000| Untracked 
|  63|0x000000070d800000, 0x000000070d800000, 0x000000070da00000|  0%| F|  |TAMS 0x000000070d800000, 0x000000070d800000| Untracked 
|  64|0x000000070da00000, 0x000000070da00000, 0x000000070dc00000|  0%| F|  |TAMS 0x000000070da00000, 0x000000070da00000| Untracked 
|  65|0x000000070dc00000, 0x000000070dc00000, 0x000000070de00000|  0%| F|  |TAMS 0x000000070dc00000, 0x000000070dc00000| Untracked 
|  66|0x000000070de00000, 0x000000070de00000, 0x000000070e000000|  0%| F|  |TAMS 0x000000070de00000, 0x000000070de00000| Untracked 
|  67|0x000000070e000000, 0x000000070e000000, 0x000000070e200000|  0%| F|  |TAMS 0x000000070e000000, 0x000000070e000000| Untracked 
|  68|0x000000070e200000, 0x000000070e200000, 0x000000070e400000|  0%| F|  |TAMS 0x000000070e200000, 0x000000070e200000| Untracked 
|  69|0x000000070e400000, 0x000000070e400000, 0x000000070e600000|  0%| F|  |TAMS 0x000000070e400000, 0x000000070e400000| Untracked 
|  70|0x000000070e600000, 0x000000070e600000, 0x000000070e800000|  0%| F|  |TAMS 0x000000070e600000, 0x000000070e600000| Untracked 
|  71|0x000000070e800000, 0x000000070e800000, 0x000000070ea00000|  0%| F|  |TAMS 0x000000070e800000, 0x000000070e800000| Untracked 
|  72|0x000000070ea00000, 0x000000070ea00000, 0x000000070ec00000|  0%| F|  |TAMS 0x000000070ea00000, 0x000000070ea00000| Untracked 
|  73|0x000000070ec00000, 0x000000070ec00000, 0x000000070ee00000|  0%| F|  |TAMS 0x000000070ec00000, 0x000000070ec00000| Untracked 
|  74|0x000000070ee00000, 0x000000070ee00000, 0x000000070f000000|  0%| F|  |TAMS 0x000000070ee00000, 0x000000070ee00000| Untracked 
|  75|0x000000070f000000, 0x000000070f000000, 0x000000070f200000|  0%| F|  |TAMS 0x000000070f000000, 0x000000070f000000| Untracked 
|  76|0x000000070f200000, 0x000000070f200000, 0x000000070f400000|  0%| F|  |TAMS 0x000000070f200000, 0x000000070f200000| Untracked 
|  77|0x000000070f400000, 0x000000070f400000, 0x000000070f600000|  0%| F|  |TAMS 0x000000070f400000, 0x000000070f400000| Untracked 
|  78|0x000000070f600000, 0x000000070f600000, 0x000000070f800000|  0%| F|  |TAMS 0x000000070f600000, 0x000000070f600000| Untracked 
|  79|0x000000070f800000, 0x000000070f800000, 0x000000070fa00000|  0%| F|  |TAMS 0x000000070f800000, 0x000000070f800000| Untracked 
|  80|0x000000070fa00000, 0x000000070fa00000, 0x000000070fc00000|  0%| F|  |TAMS 0x000000070fa00000, 0x000000070fa00000| Untracked 
|  81|0x000000070fc00000, 0x000000070fc00000, 0x000000070fe00000|  0%| F|  |TAMS 0x000000070fc00000, 0x000000070fc00000| Untracked 
|  82|0x000000070fe00000, 0x000000070fe00000, 0x0000000710000000|  0%| F|  |TAMS 0x000000070fe00000, 0x000000070fe00000| Untracked 
|  83|0x0000000710000000, 0x0000000710000000, 0x0000000710200000|  0%| F|  |TAMS 0x0000000710000000, 0x0000000710000000| Untracked 
|  84|0x0000000710200000, 0x0000000710200000, 0x0000000710400000|  0%| F|  |TAMS 0x0000000710200000, 0x0000000710200000| Untracked 
|  85|0x0000000710400000, 0x0000000710400000, 0x0000000710600000|  0%| F|  |TAMS 0x0000000710400000, 0x0000000710400000| Untracked 
|  86|0x0000000710600000, 0x0000000710600000, 0x0000000710800000|  0%| F|  |TAMS 0x0000000710600000, 0x0000000710600000| Untracked 
|  87|0x0000000710800000, 0x0000000710800000, 0x0000000710a00000|  0%| F|  |TAMS 0x0000000710800000, 0x0000000710800000| Untracked 
|  88|0x0000000710a00000, 0x0000000710a00000, 0x0000000710c00000|  0%| F|  |TAMS 0x0000000710a00000, 0x0000000710a00000| Untracked 
|  89|0x0000000710c00000, 0x0000000710c00000, 0x0000000710e00000|  0%| F|  |TAMS 0x0000000710c00000, 0x0000000710c00000| Untracked 
|  90|0x0000000710e00000, 0x0000000710e00000, 0x0000000711000000|  0%| F|  |TAMS 0x0000000710e00000, 0x0000000710e00000| Untracked 
|  91|0x0000000711000000, 0x0000000711000000, 0x0000000711200000|  0%| F|  |TAMS 0x0000000711000000, 0x0000000711000000| Untracked 
|  92|0x0000000711200000, 0x0000000711200000, 0x0000000711400000|  0%| F|  |TAMS 0x0000000711200000, 0x0000000711200000| Untracked 
|  93|0x0000000711400000, 0x0000000711400000, 0x0000000711600000|  0%| F|  |TAMS 0x0000000711400000, 0x0000000711400000| Untracked 
|  94|0x0000000711600000, 0x0000000711600000, 0x0000000711800000|  0%| F|  |TAMS 0x0000000711600000, 0x0000000711600000| Untracked 
|  95|0x0000000711800000, 0x0000000711800000, 0x0000000711a00000|  0%| F|  |TAMS 0x0000000711800000, 0x0000000711800000| Untracked 
|  96|0x0000000711a00000, 0x0000000711a00000, 0x0000000711c00000|  0%| F|  |TAMS 0x0000000711a00000, 0x0000000711a00000| Untracked 
|  97|0x0000000711c00000, 0x0000000711c00000, 0x0000000711e00000|  0%| F|  |TAMS 0x0000000711c00000, 0x0000000711c00000| Untracked 
|  98|0x0000000711e00000, 0x0000000711e00000, 0x0000000712000000|  0%| F|  |TAMS 0x0000000711e00000, 0x0000000711e00000| Untracked 
|  99|0x0000000712000000, 0x0000000712000000, 0x0000000712200000|  0%| F|  |TAMS 0x0000000712000000, 0x0000000712000000| Untracked 
| 100|0x0000000712200000, 0x0000000712200000, 0x0000000712400000|  0%| F|  |TAMS 0x0000000712200000, 0x0000000712200000| Untracked 
| 101|0x0000000712400000, 0x0000000712400000, 0x0000000712600000|  0%| F|  |TAMS 0x0000000712400000, 0x0000000712400000| Untracked 
| 102|0x0000000712600000, 0x0000000712600000, 0x0000000712800000|  0%| F|  |TAMS 0x0000000712600000, 0x0000000712600000| Untracked 
| 103|0x0000000712800000, 0x0000000712800000, 0x0000000712a00000|  0%| F|  |TAMS 0x0000000712800000, 0x0000000712800000| Untracked 
| 104|0x0000000712a00000, 0x0000000712a00000, 0x0000000712c00000|  0%| F|  |TAMS 0x0000000712a00000, 0x0000000712a00000| Untracked 
| 105|0x0000000712c00000, 0x0000000712c00000, 0x0000000712e00000|  0%| F|  |TAMS 0x0000000712c00000, 0x0000000712c00000| Untracked 
| 106|0x0000000712e00000, 0x0000000712e00000, 0x0000000713000000|  0%| F|  |TAMS 0x0000000712e00000, 0x0000000712e00000| Untracked 
| 107|0x0000000713000000, 0x0000000713000000, 0x0000000713200000|  0%| F|  |TAMS 0x0000000713000000, 0x0000000713000000| Untracked 
| 108|0x0000000713200000, 0x0000000713200000, 0x0000000713400000|  0%| F|  |TAMS 0x0000000713200000, 0x0000000713200000| Untracked 
| 109|0x0000000713400000, 0x0000000713400000, 0x0000000713600000|  0%| F|  |TAMS 0x0000000713400000, 0x0000000713400000| Untracked 
| 110|0x0000000713600000, 0x0000000713600000, 0x0000000713800000|  0%| F|  |TAMS 0x0000000713600000, 0x0000000713600000| Untracked 
| 111|0x0000000713800000, 0x0000000713800000, 0x0000000713a00000|  0%| F|  |TAMS 0x0000000713800000, 0x0000000713800000| Untracked 
| 112|0x0000000713a00000, 0x0000000713a00000, 0x0000000713c00000|  0%| F|  |TAMS 0x0000000713a00000, 0x0000000713a00000| Untracked 
| 113|0x0000000713c00000, 0x0000000713c00000, 0x0000000713e00000|  0%| F|  |TAMS 0x0000000713c00000, 0x0000000713c00000| Untracked 
| 114|0x0000000713e00000, 0x0000000713f89520, 0x0000000714000000| 76%| S|CS|TAMS 0x0000000713e00000, 0x0000000713e00000| Complete 
| 115|0x0000000714000000, 0x0000000714000000, 0x0000000714200000|  0%| F|  |TAMS 0x0000000714000000, 0x0000000714000000| Untracked 
| 116|0x0000000714200000, 0x0000000714200000, 0x0000000714400000|  0%| F|  |TAMS 0x0000000714200000, 0x0000000714200000| Untracked 
| 117|0x0000000714400000, 0x0000000714400000, 0x0000000714600000|  0%| F|  |TAMS 0x0000000714400000, 0x0000000714400000| Untracked 
| 118|0x0000000714600000, 0x0000000714600000, 0x0000000714800000|  0%| F|  |TAMS 0x0000000714600000, 0x0000000714600000| Untracked 
| 119|0x0000000714800000, 0x0000000714800000, 0x0000000714a00000|  0%| F|  |TAMS 0x0000000714800000, 0x0000000714800000| Untracked 
| 120|0x0000000714a00000, 0x0000000714a00000, 0x0000000714c00000|  0%| F|  |TAMS 0x0000000714a00000, 0x0000000714a00000| Untracked 
| 121|0x0000000714c00000, 0x0000000714c00000, 0x0000000714e00000|  0%| F|  |TAMS 0x0000000714c00000, 0x0000000714c00000| Untracked 
| 122|0x0000000714e00000, 0x0000000714ec4ee8, 0x0000000715000000| 38%| E|  |TAMS 0x0000000714e00000, 0x0000000714e00000| Complete 
| 123|0x0000000715000000, 0x0000000715200000, 0x0000000715200000|100%| E|CS|TAMS 0x0000000715000000, 0x0000000715000000| Complete 
| 124|0x0000000715200000, 0x0000000715400000, 0x0000000715400000|100%| E|CS|TAMS 0x0000000715200000, 0x0000000715200000| Complete 
| 125|0x0000000715400000, 0x0000000715600000, 0x0000000715600000|100%| E|CS|TAMS 0x0000000715400000, 0x0000000715400000| Complete 

Card table byte_map: [0x0000028178c70000,0x0000028179450000] _byte_map_base: 0x0000028175443000

Marking Bits (Prev, Next): (CMBitMap*) 0x0000028170168e40, (CMBitMap*) 0x0000028170168e80
 Prev Bits: [0x0000028179c30000, 0x000002817dac8000)
 Next Bits: [0x000002810f000000, 0x0000028112e98000)

Polling page: 0x000002816df00000

Metaspace:

Usage:
  Non-class:      2.02 MB used.
      Class:    192.16 KB used.
       Both:      2.21 MB used.

Virtual space:
  Non-class space:       64.00 MB reserved,       2.12 MB (  3%) committed,  1 nodes.
      Class space:        1.00 GB reserved,     256.00 KB ( <1%) committed,  1 nodes.
             Both:        1.06 GB reserved,       2.38 MB ( <1%) committed. 

Chunk freelists:
   Non-Class:  11.17 MB
       Class:  15.63 MB
        Both:  26.81 MB

MaxMetaspaceSize: unlimited
CompressedClassSpaceSize: 1.00 GB
Initial GC threshold: 21.00 MB
Current GC threshold: 21.00 MB
CDS: on
MetaspaceReclaimPolicy: balanced
 - commit_granule_bytes: 65536.
 - commit_granule_words: 8192.
 - virtual_space_node_default_size: 8388608.
 - enlarge_chunks_in_place: 1.
 - new_chunks_are_fully_committed: 0.
 - uncommit_free_chunks: 1.
 - use_allocation_guard: 0.
 - handle_deallocations: 1.


Internal statistics:

num_allocs_failed_limit: 0.
num_arena_births: 64.
num_arena_deaths: 0.
num_vsnodes_births: 2.
num_vsnodes_deaths: 0.
num_space_committed: 38.
num_space_uncommitted: 0.
num_chunks_returned_to_freelist: 0.
num_chunks_taken_from_freelist: 109.
num_chunk_merges: 0.
num_chunk_splits: 78.
num_chunks_enlarged: 54.
num_inconsistent_stats: 0.

CodeHeap 'non-profiled nmethods': size=119168Kb used=684Kb max_used=684Kb free=118483Kb
 bounds [0x0000028107ba0000, 0x0000028107e10000, 0x000002810f000000]
CodeHeap 'profiled nmethods': size=119104Kb used=1552Kb max_used=1552Kb free=117551Kb
 bounds [0x0000028100000000, 0x0000028100270000, 0x0000028107450000]
CodeHeap 'non-nmethods': size=7488Kb used=1167Kb max_used=2343Kb free=6320Kb
 bounds [0x0000028107450000, 0x00000281076c0000, 0x0000028107ba0000]
 total_blobs=1411 nmethods=964 adapters=360
 compilation: enabled
              stopped_count=0, restarted_count=0
 full_count=0

Compilation events (20 events):
Event: 6.191 Thread 0x0000028113a66330  949       1       java.lang.Boolean::booleanValue (5 bytes)
Event: 6.191 Thread 0x0000028113a66330 nmethod 949 0x0000028107c47710 code [0x0000028107c478a0, 0x0000028107c47978]
Event: 7.424 Thread 0x0000028113a66330  950       3       com.raylib.Jaylib$Rectangle::<init> (30 bytes)
Event: 7.425 Thread 0x0000028113a66330 nmethod 950 0x0000028100180890 code [0x0000028100180a80, 0x0000028100180f78]
Event: 8.824 Thread 0x0000028113a5a460  952       4       PineVille.GameScene::calculateDistance (27 bytes)
Event: 8.824 Thread 0x0000028113a5a460 nmethod 952 0x0000028107c47e90 code [0x0000028107c48000, 0x0000028107c48078]
Event: 8.824 Thread 0x0000028113a5a460  953       4       java.util.Arrays::copyOf (19 bytes)
Event: 8.826 Thread 0x0000028113a5a460 nmethod 953 0x0000028107c48190 code [0x0000028107c48320, 0x0000028107c48638]
Event: 9.058 Thread 0x0000028113a5a460  954       4       com.raylib.Jaylib::Rectangle (25 bytes)
Event: 9.060 Thread 0x0000028113a5a460 nmethod 954 0x0000028107c48710 code [0x0000028107c488e0, 0x0000028107c48ac0]
Event: 9.360 Thread 0x0000028113a5a460  955       4       PineVille.Tree::draw (183 bytes)
Event: 9.365 Thread 0x0000028113a5a460 nmethod 955 0x0000028107c48d10 code [0x0000028107c48fa0, 0x0000028107c49548]
Event: 10.690 Thread 0x0000028113a66330  958       3       PineVille.Player::Move (124 bytes)
Event: 10.691 Thread 0x0000028113a66330 nmethod 958 0x0000028100181110 code [0x0000028100181380, 0x0000028100181878]
Event: 10.691 Thread 0x0000028113a66330  959       3       PineVille.Debug::Commands (55 bytes)
Event: 10.691 Thread 0x0000028113a66330 nmethod 959 0x0000028100181a10 code [0x0000028100181be0, 0x0000028100181e78]
Event: 10.691 Thread 0x0000028113a66330  960       3       PineVille.Player::tierUpdate (90 bytes)
Event: 10.691 Thread 0x0000028113a66330 nmethod 960 0x0000028100181f90 code [0x0000028100182160, 0x0000028100182478]
Event: 10.691 Thread 0x0000028113a66330  963       3       PineVille.Player::drawPlayer (72 bytes)
Event: 10.692 Thread 0x0000028113a66330 nmethod 963 0x0000028100182510 code [0x00000281001828a0, 0x0000028100183c48]

GC Heap History (2 events):
Event: 1.097 GC heap before
{Heap before GC invocations=0 (full 0):
 garbage-first heap   total 258048K, used 20480K [0x0000000705a00000, 0x0000000800000000)
  region size 2048K, 11 young (22528K), 0 survivors (0K)
 Metaspace       used 1745K, committed 1856K, reserved 1114112K
  class space    used 129K, committed 192K, reserved 1048576K
}
Event: 1.105 GC heap after
{Heap after GC invocations=1 (full 0):
 garbage-first heap   total 258048K, used 1573K [0x0000000705a00000, 0x0000000800000000)
  region size 2048K, 1 young (2048K), 1 survivors (2048K)
 Metaspace       used 1745K, committed 1856K, reserved 1114112K
  class space    used 129K, committed 192K, reserved 1048576K
}

Dll operation events (20 events):
Event: 0.770 Loaded shared library C:\Program Files (x86)\Windows Kits\10\Redist\ucrt\DLLs\x64\api-ms-win-core-rtlsupport-l1-1-0.dll
Event: 0.787 Loaded shared library C:\Program Files (x86)\Windows Kits\10\Redist\ucrt\DLLs\x64\api-ms-win-core-processthreads-l1-1-1.dll
Event: 0.799 Loaded shared library C:\Program Files (x86)\Windows Kits\10\Redist\ucrt\DLLs\x64\api-ms-win-core-file-l1-2-0.dll
Event: 0.810 Loaded shared library C:\Program Files (x86)\Windows Kits\10\Redist\ucrt\DLLs\x64\api-ms-win-core-profile-l1-1-0.dll
Event: 0.821 Loaded shared library C:\Program Files (x86)\Windows Kits\10\Redist\ucrt\DLLs\x64\api-ms-win-core-memory-l1-1-0.dll
Event: 0.837 Loaded shared library C:\Program Files (x86)\Windows Kits\10\Redist\ucrt\DLLs\x64\api-ms-win-core-util-l1-1-0.dll
Event: 0.852 Loaded shared library C:\Program Files (x86)\Windows Kits\10\Redist\ucrt\DLLs\x64\api-ms-win-core-interlocked-l1-1-0.dll
Event: 0.868 Loaded shared library C:\Program Files (x86)\Windows Kits\10\Redist\ucrt\DLLs\x64\ucrtbase.dll
Event: 0.882 Loaded shared library C:\Users\luczu\.jdks\corretto-17.0.10\bin\vcruntime140.dll
Event: 0.898 Loaded shared library C:\Users\luczu\.jdks\corretto-17.0.10\bin\vcruntime140_1.dll
Event: 0.910 Loaded shared library C:\Users\luczu\.jdks\corretto-17.0.10\bin\msvcp140.dll
Event: 0.924 Loaded shared library C:\Windows\System32\msvcp140_1.dll
Event: 0.937 Loaded shared library C:\Windows\System32\concrt140.dll
Event: 0.949 Loaded shared library C:\Windows\System32\vcomp140.dll
Event: 0.969 Loaded shared library C:\Windows\System32\winmm.dll
Event: 0.974 Loaded shared library C:\Windows\System32\opengl32.dll
Event: 0.976 Loaded shared library C:\Windows\System32\user32.dll
Event: 0.977 Loaded shared library C:\Windows\System32\shell32.dll
Event: 0.979 Loaded shared library C:\Windows\System32\gdi32.dll
Event: 1.026 Loaded shared library C:\Users\luczu\.javacpp\cache\jaylib-4.5.0-0.jar\com\raylib\windows-x86_64\jniRaylib.dll

Deoptimization events (20 events):
Event: 1.006 Thread 0x00000281700fa1b0 DEOPT PACKING pc=0x0000028107bbe374 sp=0x000000b3f0ffda40
Event: 1.006 Thread 0x00000281700fa1b0 DEOPT UNPACKING pc=0x00000281074aa1a3 sp=0x000000b3f0ffd9e0 mode 2
Event: 1.007 Thread 0x00000281700fa1b0 Uncommon trap: trap_request=0xffffffc6 fr.pc=0x0000028107bbe374 relative=0x0000000000000614
Event: 1.007 Thread 0x00000281700fa1b0 Uncommon trap: reason=bimorphic_or_optimized_type_check action=maybe_recompile pc=0x0000028107bbe374 method=java.util.concurrent.ConcurrentHashMap.get(Ljava/lang/Object;)Ljava/lang/Object; @ 149 c2
Event: 1.007 Thread 0x00000281700fa1b0 DEOPT PACKING pc=0x0000028107bbe374 sp=0x000000b3f0ffda40
Event: 1.007 Thread 0x00000281700fa1b0 DEOPT UNPACKING pc=0x00000281074aa1a3 sp=0x000000b3f0ffd9e0 mode 2
Event: 1.007 Thread 0x00000281700fa1b0 Uncommon trap: trap_request=0xffffffc6 fr.pc=0x0000028107bbe374 relative=0x0000000000000614
Event: 1.008 Thread 0x00000281700fa1b0 Uncommon trap: reason=bimorphic_or_optimized_type_check action=maybe_recompile pc=0x0000028107bbe374 method=java.util.concurrent.ConcurrentHashMap.get(Ljava/lang/Object;)Ljava/lang/Object; @ 149 c2
Event: 1.008 Thread 0x00000281700fa1b0 DEOPT PACKING pc=0x0000028107bbe374 sp=0x000000b3f0ffda40
Event: 1.008 Thread 0x00000281700fa1b0 DEOPT UNPACKING pc=0x00000281074aa1a3 sp=0x000000b3f0ffd9e0 mode 2
Event: 1.008 Thread 0x00000281700fa1b0 Uncommon trap: trap_request=0xffffffc6 fr.pc=0x0000028107bbe374 relative=0x0000000000000614
Event: 1.009 Thread 0x00000281700fa1b0 Uncommon trap: reason=bimorphic_or_optimized_type_check action=maybe_recompile pc=0x0000028107bbe374 method=java.util.concurrent.ConcurrentHashMap.get(Ljava/lang/Object;)Ljava/lang/Object; @ 149 c2
Event: 1.009 Thread 0x00000281700fa1b0 DEOPT PACKING pc=0x0000028107bbe374 sp=0x000000b3f0ffda40
Event: 1.009 Thread 0x00000281700fa1b0 DEOPT UNPACKING pc=0x00000281074aa1a3 sp=0x000000b3f0ffd9e0 mode 2
Event: 1.051 Thread 0x00000281700fa1b0 DEOPT PACKING pc=0x00000281000f0448 sp=0x000000b3f0ffc840
Event: 1.051 Thread 0x00000281700fa1b0 DEOPT UNPACKING pc=0x00000281074aace3 sp=0x000000b3f0ffbd58 mode 0
Event: 1.110 Thread 0x00000281700fa1b0 Uncommon trap: trap_request=0xffffff45 fr.pc=0x0000028107bd59e0 relative=0x00000000000000e0
Event: 1.110 Thread 0x00000281700fa1b0 Uncommon trap: reason=unstable_if action=reinterpret pc=0x0000028107bd59e0 method=java.lang.ref.SoftReference.get()Ljava/lang/Object; @ 17 c2
Event: 1.110 Thread 0x00000281700fa1b0 DEOPT PACKING pc=0x0000028107bd59e0 sp=0x000000b3f0ffc9a0
Event: 1.110 Thread 0x00000281700fa1b0 DEOPT UNPACKING pc=0x00000281074aa1a3 sp=0x000000b3f0ffc958 mode 2

Classes unloaded (0 events):
No events

Classes redefined (0 events):
No events

Internal exceptions (7 events):
Event: 0.276 Thread 0x00000281700fa1b0 Exception <a 'java/lang/NoSuchMethodError'{0x0000000715244c18}: 'int java.lang.invoke.DirectMethodHandle$Holder.invokeStaticInit(java.lang.Object, java.lang.Object, java.lang.Object, java.lang.Object)'> (0x0000000715244c18) 
thrown [s\src\hotspot\share\interpreter\linkResolver.cpp, line 759]
Event: 0.281 Thread 0x00000281700fa1b0 Exception <a 'java/lang/NoSuchMethodError'{0x000000071524f928}: 'java.lang.Object java.lang.invoke.DirectMethodHandle$Holder.invokeInterface(java.lang.Object, java.lang.Object)'> (0x000000071524f928) 
thrown [s\src\hotspot\share\interpreter\linkResolver.cpp, line 759]
Event: 0.282 Thread 0x00000281700fa1b0 Exception <a 'java/lang/IncompatibleClassChangeError'{0x0000000715253040}: Found class java.lang.Object, but interface was expected> (0x0000000715253040) 
thrown [s\src\hotspot\share\interpreter\linkResolver.cpp, line 826]
Event: 0.283 Thread 0x00000281700fa1b0 Exception <a 'java/lang/NoSuchMethodError'{0x00000007152561e8}: 'void java.lang.invoke.DirectMethodHandle$Holder.invokeStatic(java.lang.Object, java.lang.Object)'> (0x00000007152561e8) 
thrown [s\src\hotspot\share\interpreter\linkResolver.cpp, line 759]
Event: 0.283 Thread 0x00000281700fa1b0 Exception <a 'java/lang/NoSuchMethodError'{0x0000000715259858}: 'void java.lang.invoke.DirectMethodHandle$Holder.invokeStaticInit(java.lang.Object, java.lang.Object)'> (0x0000000715259858) 
thrown [s\src\hotspot\share\interpreter\linkResolver.cpp, line 759]
Event: 0.286 Thread 0x00000281700fa1b0 Exception <a 'java/lang/NoSuchMethodError'{0x0000000715260100}: 'int java.lang.invoke.DirectMethodHandle$Holder.invokeStaticInit(java.lang.Object, java.lang.Object)'> (0x0000000715260100) 
thrown [s\src\hotspot\share\interpreter\linkResolver.cpp, line 759]
Event: 1.014 Thread 0x00000281700fa1b0 Exception <a 'java/lang/NoSuchMethodError'{0x0000000714195cf8}: 'java.lang.Object java.lang.invoke.DirectMethodHandle$Holder.invokeStatic(java.lang.Object, int, java.lang.Object)'> (0x0000000714195cf8) 
thrown [s\src\hotspot\share\interpreter\linkResolver.cpp, line 759]

VM Operations (14 events):
Event: 0.223 Executing VM operation: HandshakeAllThreads
Event: 0.223 Executing VM operation: HandshakeAllThreads done
Event: 0.380 Executing VM operation: HandshakeAllThreads
Event: 0.380 Executing VM operation: HandshakeAllThreads done
Event: 1.096 Executing VM operation: G1CollectForAllocation
Event: 1.105 Executing VM operation: G1CollectForAllocation done
Event: 2.118 Executing VM operation: Cleanup
Event: 2.118 Executing VM operation: Cleanup done
Event: 3.118 Executing VM operation: Cleanup
Event: 3.118 Executing VM operation: Cleanup done
Event: 4.119 Executing VM operation: Cleanup
Event: 4.119 Executing VM operation: Cleanup done
Event: 5.119 Executing VM operation: Cleanup
Event: 5.119 Executing VM operation: Cleanup done

Events (20 events):
Event: 1.011 loading class java/time/zone/ZoneOffsetTransitionRule$TimeDefinition done
Event: 1.011 loading class java/time/zone/ZoneOffsetTransition
Event: 1.012 loading class java/time/zone/ZoneOffsetTransition done
Event: 1.013 loading class java/time/temporal/TemporalAdjusters
Event: 1.013 loading class java/time/temporal/TemporalAdjusters done
Event: 1.018 loading class java/time/zone/ZoneOffsetTransitionRule$1
Event: 1.018 loading class java/time/zone/ZoneOffsetTransitionRule$1 done
Event: 1.019 loading class java/util/concurrent/TimeUnit$1
Event: 1.019 loading class java/util/concurrent/TimeUnit$1 done
Event: 1.087 loading class java/lang/NumberFormatException
Event: 1.087 loading class java/lang/NumberFormatException done
Event: 1.090 Thread 0x000002815bef77e0 Thread added: 0x000002815bef77e0
Event: 2.122 Thread 0x0000028159227ee0 Thread exited: 0x0000028159227ee0
Event: 2.122 Thread 0x00000281597fe920 Thread exited: 0x00000281597fe920
Event: 2.123 Thread 0x000002815922a9a0 Thread exited: 0x000002815922a9a0
Event: 2.127 Thread 0x0000028113e2dd20 Thread exited: 0x0000028113e2dd20
Event: 2.173 loading class jdk/internal/math/FDBigInteger
Event: 2.174 loading class jdk/internal/math/FDBigInteger done
Event: 3.560 Thread 0x0000028113bbfe20 Thread exited: 0x0000028113bbfe20
Event: 3.561 Thread 0x0000028113b9fc30 Thread exited: 0x0000028113b9fc30


Dynamic libraries:
0x00007ff7c49c0000 - 0x00007ff7c49ce000 	C:\Users\luczu\.jdks\corretto-17.0.10\bin\java.exe
0x00007ff8331f0000 - 0x00007ff833406000 	C:\WINDOWS\SYSTEM32\ntdll.dll
0x00007ff832280000 - 0x00007ff832344000 	C:\WINDOWS\System32\KERNEL32.DLL
0x00007ff830900000 - 0x00007ff830ca6000 	C:\WINDOWS\System32\KERNELBASE.dll
0x00007ff8305b0000 - 0x00007ff8306c1000 	C:\WINDOWS\System32\ucrtbase.dll
0x00007ff800840000 - 0x00007ff800857000 	C:\Users\luczu\.jdks\corretto-17.0.10\bin\jli.dll
0x00007ff800820000 - 0x00007ff80083b000 	C:\Users\luczu\.jdks\corretto-17.0.10\bin\VCRUNTIME140.dll
0x00007ff831160000 - 0x00007ff83130d000 	C:\WINDOWS\System32\USER32.dll
0x00007ff830cb0000 - 0x00007ff830cd6000 	C:\WINDOWS\System32\win32u.dll
0x00007ff8310d0000 - 0x00007ff8310f9000 	C:\WINDOWS\System32\GDI32.dll
0x00007ff80dc30000 - 0x00007ff80dec3000 	C:\WINDOWS\WinSxS\amd64_microsoft.windows.common-controls_6595b64144ccf1df_6.0.22621.3235_none_270f74e173860f98\COMCTL32.dll
0x00007ff830740000 - 0x00007ff830858000 	C:\WINDOWS\System32\gdi32full.dll
0x00007ff8324f0000 - 0x00007ff832597000 	C:\WINDOWS\System32\msvcrt.dll
0x00007ff830860000 - 0x00007ff8308fa000 	C:\WINDOWS\System32\msvcp_win.dll
0x00007ff832a70000 - 0x00007ff832aa1000 	C:\WINDOWS\System32\IMM32.DLL
0x00007ff800bd0000 - 0x00007ff800bdc000 	C:\Users\luczu\.jdks\corretto-17.0.10\bin\vcruntime140_1.dll
0x00007ff8003e0000 - 0x00007ff80046d000 	C:\Users\luczu\.jdks\corretto-17.0.10\bin\msvcp140.dll
0x00007fff1def0000 - 0x00007fff1eb52000 	C:\Users\luczu\.jdks\corretto-17.0.10\bin\server\jvm.dll
0x00007ff832140000 - 0x00007ff8321f2000 	C:\WINDOWS\System32\ADVAPI32.dll
0x00007ff832430000 - 0x00007ff8324d8000 	C:\WINDOWS\System32\sechost.dll
0x00007ff830da0000 - 0x00007ff830dc8000 	C:\WINDOWS\System32\bcrypt.dll
0x00007ff831ba0000 - 0x00007ff831cb5000 	C:\WINDOWS\System32\RPCRT4.dll
0x00007ff82f3c0000 - 0x00007ff82f40d000 	C:\WINDOWS\SYSTEM32\POWRPROF.dll
0x00007fff504f0000 - 0x00007fff504f9000 	C:\WINDOWS\SYSTEM32\WSOCK32.dll
0x00007ff8264e0000 - 0x00007ff826514000 	C:\WINDOWS\SYSTEM32\WINMM.dll
0x00007ff832200000 - 0x00007ff832271000 	C:\WINDOWS\System32\WS2_32.dll
0x00007ff826730000 - 0x00007ff82673a000 	C:\WINDOWS\SYSTEM32\VERSION.dll
0x00007ff82f3a0000 - 0x00007ff82f3b3000 	C:\WINDOWS\SYSTEM32\UMPDC.dll
0x00007ff82f660000 - 0x00007ff82f678000 	C:\WINDOWS\SYSTEM32\kernel.appcore.dll
0x00007ff800a20000 - 0x00007ff800a2a000 	C:\Users\luczu\.jdks\corretto-17.0.10\bin\jimage.dll
0x00007ff82dcd0000 - 0x00007ff82df03000 	C:\WINDOWS\SYSTEM32\DBGHELP.DLL
0x00007ff832be0000 - 0x00007ff832f68000 	C:\WINDOWS\System32\combase.dll
0x00007ff832350000 - 0x00007ff832427000 	C:\WINDOWS\System32\OLEAUT32.dll
0x00007ff820210000 - 0x00007ff820242000 	C:\WINDOWS\SYSTEM32\dbgcore.DLL
0x00007ff830530000 - 0x00007ff8305aa000 	C:\WINDOWS\System32\bcryptPrimitives.dll
0x00007ff8003b0000 - 0x00007ff8003d5000 	C:\Users\luczu\.jdks\corretto-17.0.10\bin\java.dll
0x00007ffff0d60000 - 0x00007ffff0e37000 	C:\Users\luczu\.jdks\corretto-17.0.10\bin\jsvml.dll
0x00007ff831310000 - 0x00007ff831b6d000 	C:\WINDOWS\System32\SHELL32.dll
0x00007ff82e450000 - 0x00007ff82ed48000 	C:\WINDOWS\SYSTEM32\windows.storage.dll
0x00007ff82e310000 - 0x00007ff82e44e000 	C:\WINDOWS\SYSTEM32\wintypes.dll
0x00007ff832970000 - 0x00007ff832a63000 	C:\WINDOWS\System32\SHCORE.dll
0x00007ff8325a0000 - 0x00007ff8325fe000 	C:\WINDOWS\System32\shlwapi.dll
0x00007ff830460000 - 0x00007ff830486000 	C:\WINDOWS\SYSTEM32\profapi.dll
0x00007ff800390000 - 0x00007ff8003a9000 	C:\Users\luczu\.jdks\corretto-17.0.10\bin\net.dll
0x00007ff826fd0000 - 0x00007ff827107000 	C:\WINDOWS\SYSTEM32\WINHTTP.dll
0x00007ff82fae0000 - 0x00007ff82fb49000 	C:\WINDOWS\system32\mswsock.dll
0x00007ff800370000 - 0x00007ff800386000 	C:\Users\luczu\.jdks\corretto-17.0.10\bin\nio.dll
0x00007ff800350000 - 0x00007ff800368000 	C:\Users\luczu\.jdks\corretto-17.0.10\bin\zip.dll
0x0000028113fa0000 - 0x0000028113fa3000 	C:\Program Files (x86)\Windows Kits\10\Redist\ucrt\DLLs\x64\api-ms-win-crt-locale-l1-1-0.dll
0x0000028113fb0000 - 0x0000028113fb4000 	C:\Program Files (x86)\Windows Kits\10\Redist\ucrt\DLLs\x64\api-ms-win-crt-string-l1-1-0.dll
0x0000028113fc0000 - 0x0000028113fc4000 	C:\Program Files (x86)\Windows Kits\10\Redist\ucrt\DLLs\x64\api-ms-win-crt-stdio-l1-1-0.dll
0x0000028113fd0000 - 0x0000028113fd5000 	C:\Program Files (x86)\Windows Kits\10\Redist\ucrt\DLLs\x64\api-ms-win-crt-math-l1-1-0.dll
0x0000028113fe0000 - 0x0000028113fe3000 	C:\Program Files (x86)\Windows Kits\10\Redist\ucrt\DLLs\x64\api-ms-win-crt-heap-l1-1-0.dll
0x0000028113ff0000 - 0x0000028113ff4000 	C:\Program Files (x86)\Windows Kits\10\Redist\ucrt\DLLs\x64\api-ms-win-crt-runtime-l1-1-0.dll
0x0000028159800000 - 0x0000028159804000 	C:\Program Files (x86)\Windows Kits\10\Redist\ucrt\DLLs\x64\api-ms-win-crt-convert-l1-1-0.dll
0x0000028159810000 - 0x0000028159813000 	C:\Program Files (x86)\Windows Kits\10\Redist\ucrt\DLLs\x64\api-ms-win-crt-environment-l1-1-0.dll
0x0000028159820000 - 0x0000028159823000 	C:\Program Files (x86)\Windows Kits\10\Redist\ucrt\DLLs\x64\api-ms-win-crt-time-l1-1-0.dll
0x0000028159830000 - 0x0000028159833000 	C:\Program Files (x86)\Windows Kits\10\Redist\ucrt\DLLs\x64\api-ms-win-crt-filesystem-l1-1-0.dll
0x0000028159840000 - 0x0000028159843000 	C:\Program Files (x86)\Windows Kits\10\Redist\ucrt\DLLs\x64\api-ms-win-crt-utility-l1-1-0.dll
0x0000028159850000 - 0x0000028159855000 	C:\Program Files (x86)\Windows Kits\10\Redist\ucrt\DLLs\x64\api-ms-win-crt-multibyte-l1-1-0.dll
0x0000028159860000 - 0x0000028159863000 	C:\Program Files (x86)\Windows Kits\10\Redist\ucrt\DLLs\x64\api-ms-win-crt-conio-l1-1-0.dll
0x0000028159870000 - 0x000002815987f000 	C:\Program Files (x86)\Windows Kits\10\Redist\ucrt\DLLs\x64\api-ms-win-crt-private-l1-1-0.dll
0x0000028159880000 - 0x0000028159883000 	C:\Program Files (x86)\Windows Kits\10\Redist\ucrt\DLLs\x64\api-ms-win-crt-process-l1-1-0.dll
0x0000028159890000 - 0x0000028159893000 	C:\Program Files\Microsoft\jdk-11.0.12.7-hotspot\bin\api-ms-win-core-console-l1-2-0.dll
0x00000281598a0000 - 0x00000281598a3000 	C:\Program Files (x86)\Windows Kits\10\Redist\ucrt\DLLs\x64\api-ms-win-core-string-l1-1-0.dll
0x00000281598b0000 - 0x00000281598b3000 	C:\Program Files (x86)\Windows Kits\10\Redist\ucrt\DLLs\x64\api-ms-win-core-errorhandling-l1-1-0.dll
0x00000281598c0000 - 0x00000281598c3000 	C:\Program Files (x86)\Windows Kits\10\Redist\ucrt\DLLs\x64\api-ms-win-core-timezone-l1-1-0.dll
0x00000281598d0000 - 0x00000281598d4000 	C:\Program Files (x86)\Windows Kits\10\Redist\ucrt\DLLs\x64\api-ms-win-core-file-l1-1-0.dll
0x00000281598e0000 - 0x00000281598e3000 	C:\Program Files (x86)\Windows Kits\10\Redist\ucrt\DLLs\x64\api-ms-win-core-namedpipe-l1-1-0.dll
0x00000281598f0000 - 0x00000281598f3000 	C:\Program Files (x86)\Windows Kits\10\Redist\ucrt\DLLs\x64\api-ms-win-core-handle-l1-1-0.dll
0x0000028159900000 - 0x0000028159903000 	C:\Program Files (x86)\Windows Kits\10\Redist\ucrt\DLLs\x64\api-ms-win-core-file-l2-1-0.dll
0x0000028159910000 - 0x0000028159913000 	C:\Program Files (x86)\Windows Kits\10\Redist\ucrt\DLLs\x64\api-ms-win-core-heap-l1-1-0.dll
0x0000028159920000 - 0x0000028159923000 	C:\Program Files (x86)\Windows Kits\10\Redist\ucrt\DLLs\x64\api-ms-win-core-libraryloader-l1-1-0.dll
0x0000028159930000 - 0x0000028159933000 	C:\Program Files (x86)\Windows Kits\10\Redist\ucrt\DLLs\x64\api-ms-win-core-synch-l1-1-0.dll
0x0000028159940000 - 0x0000028159943000 	C:\Program Files (x86)\Windows Kits\10\Redist\ucrt\DLLs\x64\api-ms-win-core-processthreads-l1-1-0.dll
0x0000028159950000 - 0x0000028159953000 	C:\Program Files (x86)\Windows Kits\10\Redist\ucrt\DLLs\x64\api-ms-win-core-processenvironment-l1-1-0.dll
0x0000028159960000 - 0x0000028159963000 	C:\Program Files (x86)\Windows Kits\10\Redist\ucrt\DLLs\x64\api-ms-win-core-datetime-l1-1-0.dll
0x000002815a940000 - 0x000002815a943000 	C:\Program Files (x86)\Windows Kits\10\Redist\ucrt\DLLs\x64\api-ms-win-core-localization-l1-2-0.dll
0x000002815a950000 - 0x000002815a953000 	C:\Program Files (x86)\Windows Kits\10\Redist\ucrt\DLLs\x64\api-ms-win-core-sysinfo-l1-1-0.dll
0x000002815a960000 - 0x000002815a963000 	C:\Program Files (x86)\Windows Kits\10\Redist\ucrt\DLLs\x64\api-ms-win-core-synch-l1-2-0.dll
0x000002815a970000 - 0x000002815a973000 	C:\Program Files (x86)\Windows Kits\10\Redist\ucrt\DLLs\x64\api-ms-win-core-console-l1-1-0.dll
0x000002815a980000 - 0x000002815a983000 	C:\Program Files (x86)\Windows Kits\10\Redist\ucrt\DLLs\x64\api-ms-win-core-debug-l1-1-0.dll
0x000002815a990000 - 0x000002815a993000 	C:\Program Files (x86)\Windows Kits\10\Redist\ucrt\DLLs\x64\api-ms-win-core-rtlsupport-l1-1-0.dll
0x000002815a9a0000 - 0x000002815a9a3000 	C:\Program Files (x86)\Windows Kits\10\Redist\ucrt\DLLs\x64\api-ms-win-core-processthreads-l1-1-1.dll
0x000002815a9b0000 - 0x000002815a9b3000 	C:\Program Files (x86)\Windows Kits\10\Redist\ucrt\DLLs\x64\api-ms-win-core-file-l1-2-0.dll
0x000002815a9c0000 - 0x000002815a9c3000 	C:\Program Files (x86)\Windows Kits\10\Redist\ucrt\DLLs\x64\api-ms-win-core-profile-l1-1-0.dll
0x000002815a9d0000 - 0x000002815a9d3000 	C:\Program Files (x86)\Windows Kits\10\Redist\ucrt\DLLs\x64\api-ms-win-core-memory-l1-1-0.dll
0x000002815a9e0000 - 0x000002815a9e3000 	C:\Program Files (x86)\Windows Kits\10\Redist\ucrt\DLLs\x64\api-ms-win-core-util-l1-1-0.dll
0x000002815a9f0000 - 0x000002815a9f3000 	C:\Program Files (x86)\Windows Kits\10\Redist\ucrt\DLLs\x64\api-ms-win-core-interlocked-l1-1-0.dll
0x00007ff80f4c0000 - 0x00007ff80f5b2000 	C:\Program Files (x86)\Windows Kits\10\Redist\ucrt\DLLs\x64\ucrtbase.dll
0x00007ff827ba0000 - 0x00007ff827ba9000 	C:\Windows\System32\msvcp140_1.dll
0x00007ff80f470000 - 0x00007ff80f4bd000 	C:\Windows\System32\concrt140.dll
0x00007ff805330000 - 0x00007ff805361000 	C:\Windows\System32\vcomp140.dll
0x00007ff806050000 - 0x00007ff806150000 	C:\Windows\System32\opengl32.dll
0x00007ff8068c0000 - 0x00007ff8068ed000 	C:\WINDOWS\SYSTEM32\GLU32.dll
0x00007ff82d790000 - 0x00007ff82d7c9000 	C:\WINDOWS\SYSTEM32\dxcore.dll
0x00007fffd7290000 - 0x00007fffd74ad000 	C:\Users\luczu\.javacpp\cache\jaylib-4.5.0-0.jar\com\raylib\windows-x86_64\jniRaylib.dll
0x00007fff6ed50000 - 0x00007fff6ed96000 	C:\WINDOWS\SYSTEM32\dinput8.dll
0x00007fffce710000 - 0x00007fffce721000 	C:\WINDOWS\SYSTEM32\xinput1_4.dll
0x00007ff830220000 - 0x00007ff83026e000 	C:\WINDOWS\SYSTEM32\cfgmgr32.dll
0x00007ff8301f0000 - 0x00007ff83021c000 	C:\WINDOWS\SYSTEM32\DEVOBJ.dll
0x00007ff82d8e0000 - 0x00007ff82d90b000 	C:\WINDOWS\SYSTEM32\dwmapi.dll
0x00007ff80e5a0000 - 0x00007ff80e7aa000 	C:\WINDOWS\SYSTEM32\inputhost.dll
0x00007ff82aa00000 - 0x00007ff82ab34000 	C:\WINDOWS\SYSTEM32\CoreMessaging.dll
0x00007ff82ae80000 - 0x00007ff82af2b000 	C:\WINDOWS\system32\uxtheme.dll
0x00007ff832600000 - 0x00007ff832754000 	C:\WINDOWS\System32\MSCTF.dll
0x00007ff82fd50000 - 0x00007ff82fd5c000 	C:\WINDOWS\SYSTEM32\CRYPTBASE.DLL
0x00007ff82ed50000 - 0x00007ff82ed5e000 	C:\WINDOWS\SYSTEM32\HID.DLL
0x00007ff831cc0000 - 0x00007ff832134000 	C:\WINDOWS\System32\SETUPAPI.DLL
0x00007ff8306d0000 - 0x00007ff83073b000 	C:\WINDOWS\System32\WINTRUST.dll
0x00007ff830dd0000 - 0x00007ff830f36000 	C:\WINDOWS\System32\CRYPT32.dll
0x00007ff8301d0000 - 0x00007ff8301e2000 	C:\WINDOWS\SYSTEM32\MSASN1.dll
0x00007ff828090000 - 0x00007ff8280da000 	C:\WINDOWS\SYSTEM32\directxdatabasehelper.dll
0x00007ff830fd0000 - 0x00007ff831080000 	C:\WINDOWS\System32\clbcatq.dll
0x00007fff1aef0000 - 0x00007fff1dae0000 	C:\WINDOWS\System32\DriverStore\FileRepository\nvhm.inf_amd64_28ac5867493a0477\nvoglv64.dll
0x00007ff832760000 - 0x00007ff8328ff000 	C:\WINDOWS\System32\ole32.dll
0x00007ff82f410000 - 0x00007ff82f424000 	C:\WINDOWS\SYSTEM32\WTSAPI32.dll
0x00007ff822a70000 - 0x00007ff822aa2000 	C:\WINDOWS\SYSTEM32\cryptnet.dll
0x00007ff822f20000 - 0x00007ff823078000 	C:\WINDOWS\SYSTEM32\drvstore.dll
0x00007ff82fde0000 - 0x00007ff82fe2b000 	C:\WINDOWS\SYSTEM32\wldp.dll
0x00007ff831b80000 - 0x00007ff831b9f000 	C:\WINDOWS\System32\imagehlp.dll
0x00007ff82fd30000 - 0x00007ff82fd4b000 	C:\WINDOWS\SYSTEM32\CRYPTSP.dll
0x00007ff82f5c0000 - 0x00007ff82f5f5000 	C:\WINDOWS\system32\rsaenh.dll
0x00007ff82fb70000 - 0x00007ff82fb96000 	C:\WINDOWS\SYSTEM32\gpapi.dll
0x00007fffe5b80000 - 0x00007fffe7d6b000 	C:\WINDOWS\System32\DriverStore\FileRepository\nvhm.inf_amd64_28ac5867493a0477\nvgpucomp64.dll
0x00007ff82f680000 - 0x00007ff82f6b4000 	C:\WINDOWS\SYSTEM32\ntmarta.dll
0x00007fff6e800000 - 0x00007fff6eac3000 	C:\WINDOWS\system32\nvspcap64.dll
0x00007ff82efc0000 - 0x00007ff82f026000 	C:\WINDOWS\SYSTEM32\WINSTA.dll

dbghelp: loaded successfully - version: 4.0.5 - missing functions: none
symbol engine: initialized successfully - sym options: 0x614 - pdb path: .;C:\Users\luczu\.jdks\corretto-17.0.10\bin;C:\WINDOWS\SYSTEM32;C:\WINDOWS\WinSxS\amd64_microsoft.windows.common-controls_6595b64144ccf1df_6.0.22621.3235_none_270f74e173860f98;C:\Users\luczu\.jdks\corretto-17.0.10\bin\server;C:\Program Files (x86)\Windows Kits\10\Redist\ucrt\DLLs\x64;C:\Program Files\Microsoft\jdk-11.0.12.7-hotspot\bin;C:\Users\luczu\.javacpp\cache\jaylib-4.5.0-0.jar\com\raylib\windows-x86_64;C:\WINDOWS\System32\DriverStore\FileRepository\nvhm.inf_amd64_28ac5867493a0477;C:\WINDOWS\System32\DriverStore\FileRepository\iigd_dch.inf_amd64_0fdf6ce291234272

VM Arguments:
jvm_args: -Dfile.encoding=windows-1252 -Duser.country=NL -Duser.language=nl -Duser.variant 
java_command: PineVille.GameScene
java_class_path (initial): C:\Users\luczu\OneDrive\Documenten\PineVille\build\classes\java\main;C:\Users\luczu\OneDrive\Documenten\PineVille\build\resources\main;C:\Users\luczu\.gradle\caches\modules-2\files-2.1\uk.co.electronstudio.jaylib\jaylib\4.5.0-0\90c0d608df9bbd32f5f34683acc58cb433e94508\jaylib-4.5.0-0.jar
Launcher Type: SUN_STANDARD

[Global flags]
     intx CICompilerCount                          = 12                                        {product} {ergonomic}
     uint ConcGCThreads                            = 3                                         {product} {ergonomic}
     uint G1ConcRefinementThreads                  = 13                                        {product} {ergonomic}
   size_t G1HeapRegionSize                         = 2097152                                   {product} {ergonomic}
    uintx GCDrainStackTargetSize                   = 64                                        {product} {ergonomic}
   size_t InitialHeapSize                          = 264241152                                 {product} {ergonomic}
   size_t MarkStackSize                            = 4194304                                   {product} {ergonomic}
   size_t MaxHeapSize                              = 4200595456                                {product} {ergonomic}
   size_t MaxNewSize                               = 2518679552                                {product} {ergonomic}
   size_t MinHeapDeltaBytes                        = 2097152                                   {product} {ergonomic}
   size_t MinHeapSize                              = 8388608                                   {product} {ergonomic}
    uintx NonNMethodCodeHeapSize                   = 7602480                                {pd product} {ergonomic}
    uintx NonProfiledCodeHeapSize                  = 122027880                              {pd product} {ergonomic}
    uintx ProfiledCodeHeapSize                     = 122027880                              {pd product} {ergonomic}
    uintx ReservedCodeCacheSize                    = 251658240                              {pd product} {ergonomic}
     bool SegmentedCodeCache                       = true                                      {product} {ergonomic}
   size_t SoftMaxHeapSize                          = 4200595456                             {manageable} {ergonomic}
     bool UseCompressedClassPointers               = true                           {product lp64_product} {ergonomic}
     bool UseCompressedOops                        = true                           {product lp64_product} {ergonomic}
     bool UseG1GC                                  = true                                      {product} {ergonomic}
     bool UseLargePagesIndividualAllocation        = false                                  {pd product} {ergonomic}

Logging:
Log output configuration:
 #0: stdout all=warning uptime,level,tags
 #1: stderr all=off uptime,level,tags

Environment Variables:
PATH=C:\Program Files (x86)\Common Files\Intel\Shared Libraries\redist\intel64\compiler;C:\Program Files\Common Files\Oracle\Java\javapath;C:\Program Files\Microsoft\jdk-11.0.12.7-hotspot\bin;C:\windows\system32;C:\windows;C:\windows\System32\Wbem;C:\windows\System32\WindowsPowerShell\v1.0\;C:\windows\System32\OpenSSH\;C:\Program Files (x86)\NVIDIA Corporation\PhysX\Common;C:\Program Files\NVIDIA Corporation\NVIDIA NvDLISR;C:\Program Files\Microsoft SQL Server\150\Tools\Binn\;C:\Program Files\Microsoft SQL Server\Client SDK\ODBC\170\Tools\Binn\;C:\Program Files\dotnet\;C:\WINDOWS\system32;C:\WINDOWS;C:\WINDOWS\System32\Wbem;C:\WINDOWS\System32\WindowsPowerShell\v1.0\;C:\WINDOWS\System32\OpenSSH\;C:\Program Files\CMake\bin;C:\Program Files\Git\cmd;C:\Users\luczu\AppData\Local\Microsoft\WindowsApps;C:\Users\luczu\.dotnet\tools;C:\Users\luczu\AppData\Local\GitHubDesktop\bin;;C:\Users\luczu\AppData\Local\Programs\Microsoft VS Code\bin
USERNAME=luczu
OS=Windows_NT
PROCESSOR_IDENTIFIER=Intel64 Family 6 Model 141 Stepping 1, GenuineIntel
TMP=C:\Users\luczu\AppData\Local\Temp
TEMP=C:\Users\luczu\AppData\Local\Temp



Periodic native trim disabled


---------------  S Y S T E M  ---------------

OS:
 Windows 11 , 64 bit Build 22621 (10.0.22621.3235)
OS uptime: 0 days 0:42 hours
Hyper-V role detected

CPU: total 16 (initial active 16) (8 cores per cpu, 2 threads per core) family 6 model 141 stepping 1 microcode 0x4e, cx8, cmov, fxsr, ht, mmx, 3dnowpref, sse, sse2, sse3, ssse3, sse4.1, sse4.2, popcnt, lzcnt, tsc, tscinvbit, avx, avx2, aes, erms, clmul, bmi1, bmi2, adx, avx512f, avx512dq, avx512cd, avx512bw, avx512vl, sha, fma, vzeroupper, avx512_vpopcntdq, avx512_vpclmulqdq, avx512_vaes, avx512_vnni, clflush, clflushopt, clwb, avx512_vbmi2, avx512_vbmi, hv
Processor Information for all 16 processors :
  Max Mhz: 2304, Current Mhz: 2304, Mhz Limit: 2304

Memory: 4k page, system-wide physical 16021M (2182M free)
TotalPageFile size 32043M (AvailPageFile size 11502M)
current process WorkingSet (physical memory assigned to process): 125M, peak: 209M
current process commit charge ("private bytes"): 509M, peak: 616M

vm_info: OpenJDK 64-Bit Server VM (17.0.10+7-LTS) for windows-amd64 JRE (17.0.10+7-LTS), built on Jan 10 2024 22:11:07 by "Administrator" with MS VC++ 16.10 / 16.11 (VS2019)

END.
