#
# A fatal error has been detected by the Java Runtime Environment:
#
#  EXCEPTION_ACCESS_VIOLATION (0xc0000005) at pc=0x00007ffcd280f3a6, pid=5944, tid=31388
#
# JRE version: OpenJDK Runtime Environment Corretto-17.0.10.7.1 (17.0.10+7) (build 17.0.10+7-LTS)
# Java VM: OpenJDK 64-Bit Server VM Corretto-17.0.10.7.1 (17.0.10+7-LTS, mixed mode, sharing, tiered, compressed oops, compressed class ptrs, g1 gc, windows-amd64)
# Problematic frame:
# C  [jniRaylib.dll+0xdf3a6]
#
# No core dump will be written. Minidumps are not enabled by default on client versions of Windows
#
# If you would like to submit a bug report, please visit:
#   https://github.com/corretto/corretto-17/issues/
# The crash happened outside the Java Virtual Machine in native code.
# See problematic frame for where to report the bug.
#

---------------  S U M M A R Y ------------

Command Line: -Dfile.encoding=windows-1252 -Duser.country=NL -Duser.language=nl -Duser.variant PineVille.GameScene

Host: 11th Gen Intel(R) Core(TM) i7-11800H @ 2.30GHz, 16 cores, 15G,  Windows 11 , 64 bit Build 22621 (10.0.22621.3085)
Time: Mon Mar 11 11:42:54 2024 West-Europa (standaardtijd) elapsed time: 11.182267 seconds (0d 0h 0m 11s)

---------------  T H R E A D  ---------------

Current thread (0x000002861ad69410):  JavaThread "main" [_thread_in_native, id=31388, stack(0x000000eaa0800000,0x000000eaa0900000)]

Stack: [0x000000eaa0800000,0x000000eaa0900000],  sp=0x000000eaa08ff0a0,  free space=1020k
Native frames: (J=compiled Java code, j=interpreted, Vv=VM code, C=native code)
C  [jniRaylib.dll+0xdf3a6]

Java frames: (J=compiled Java code, j=interpreted, Vv=VM code)
J 812  com.raylib.Raylib.DrawTexturePro(Lcom/raylib/Raylib$Texture;Lcom/raylib/Raylib$Rectangle;Lcom/raylib/Raylib$Rectangle;Lcom/raylib/Raylib$Vector2;FLcom/raylib/Raylib$Color;)V (0 bytes) @ 0x000002862a4b4d62 [0x000002862a4b4ca0+0x00000000000000c2]
j  PineVille.GameScene.main([Ljava/lang/String;)V+284
v  ~StubRoutines::call_stub

siginfo: EXCEPTION_ACCESS_VIOLATION (0xc0000005), writing address 0x0000028689515000


Registers:
RAX=0x0000028689515000, RBX=0x000000eaa08ff240, RCX=0x0000000000000000, RDX=0x0000000000000000
RSP=0x000000eaa08ff0a0, RBP=0x000000eaa08ff300, RSI=0x0000000000000004, RDI=0x000000eaa08ff230
R8 =0x00000286861fd320, R9 =0x0000000000000000, R10=0x00007ffcd165de20, R11=0x000000000000000c
R12=0x000002868736d2d0, R13=0x0000000000000000, R14=0x0000028684cb0e20, R15=0x00000286861cfe30
RIP=0x00007ffcd280f3a6, EFLAGS=0x0000000000010246


Register to memory mapping:

RIP=0x00007ffcd280f3a6 jniRaylib.dll
RAX=0x0000028689515000 is an unknown value
RBX=0x000000eaa08ff240 is pointing into the stack for thread: 0x000002861ad69410
RCX=0x0 is NULL
RDX=0x0 is NULL
RSP=0x000000eaa08ff0a0 is pointing into the stack for thread: 0x000002861ad69410
RBP=0x000000eaa08ff300 is pointing into the stack for thread: 0x000002861ad69410
RSI=0x0000000000000004 is an unknown value
RDI=0x000000eaa08ff230 is pointing into the stack for thread: 0x000002861ad69410
R8 =0x00000286861fd320 points into unknown readable memory: 0x0000000000002000 | 00 20 00 00 00 00 00 00
R9 =0x0 is NULL
R10=0x00007ffcd165de20 jvm.dll
R11=0x000000000000000c is an unknown value
R12=0x000002868736d2d0 points into unknown readable memory: 0x0000002000000004 | 04 00 00 00 20 00 00 00
R13=0x0 is NULL
R14=0x0000028684cb0e20 points into unknown readable memory: 0x00656d61ffffffff | ff ff ff ff 61 6d 65 00
R15=0x00000286861cfe30 points into unknown readable memory: 0x0000000000000000 | 00 00 00 00 00 00 00 00


Top of Stack: (sp=0x000000eaa08ff0a0)
0x000000eaa08ff0a0:   0000028680403a00 0000000000000000
0x000000eaa08ff0b0:   00008e554b3dcbb2 00007ffd0000000e
0x000000eaa08ff0c0:   0000000043640000 0000000000000000
0x000000eaa08ff0d0:   0000000000000000 0000000000000000
0x000000eaa08ff0e0:   0000000000000000 0000000000000000
0x000000eaa08ff0f0:   000000eaa08ff240 00007ffcd27d8749
0x000000eaa08ff100:   000000eaa08ff338 000002861ad69410
0x000000eaa08ff110:   000002863e70cc40 000000eaa08ff160
0x000000eaa08ff120:   4200000043640000 42c8000043640000
0x000000eaa08ff130:   000000000000000e 0000000000000000
0x000000eaa08ff140:   0000000000000000 0000000000000000
0x000000eaa08ff150:   0000000000000000 0000000000000000
0x000000eaa08ff160:   0000000000000000 0000000000000000
0x000000eaa08ff170:   0000000000000000 0000000000000000
0x000000eaa08ff180:   0000000000000000 0000000000000000
0x000000eaa08ff190:   0000000000000000 0000000000000000
0x000000eaa08ff1a0:   0000000000000000 0000000000000000
0x000000eaa08ff1b0:   0000000000000000 0000000000000000
0x000000eaa08ff1c0:   0000000000000000 0000000000000000
0x000000eaa08ff1d0:   0000000000000000 0000000000000000
0x000000eaa08ff1e0:   00000286861c9ad0 00000286861c9730
0x000000eaa08ff1f0:   000002861ad696c8 00007ffcd2772213
0x000000eaa08ff200:   000000ea42c80000 000000eaa08ff300
0x000000eaa08ff210:   000002861ad696c8 00007ffcd275a8eb
0x000000eaa08ff220:   0000000000000000 00000000ffffffff
0x000000eaa08ff230:   42c8000042c80000 4300000043000000
0x000000eaa08ff240:   0000000000000000 4200000042000000
0x000000eaa08ff250:   0000002000000004 0000000100000020
0x000000eaa08ff260:   0000028600000007 00000286804c31b0
0x000000eaa08ff270:   000002861ad69410 0000000000000000
0x000000eaa08ff280:   00000007152eea88 0000000715473a58
0x000000eaa08ff290:   000002868044bd40 000002862a4b4e02 

Instructions: (pc=0x00007ffcd280f3a6)
0x00007ffcd280f2a6:   f3 0f 59 c4 f3 0f 58 f3 f3 0f 58 d0 f3 0f 58 f1
0x00007ffcd280f2b6:   f3 0f 10 0d da 2f 11 00 f3 41 0f 59 c8 f3 0f 58
0x00007ffcd280f2c6:   35 c1 2f 11 00 f3 0f 58 f9 f3 0f 10 0d d1 2f 11
0x00007ffcd280f2d6:   00 f3 41 0f 59 c8 44 0f 28 c2 f3 0f 58 3d b4 2f
0x00007ffcd280f2e6:   11 00 f3 44 0f 58 c1 f3 44 0f 58 05 b6 2f 11 00
0x00007ffcd280f2f6:   4c 8b 05 b3 2e 11 00 49 63 48 04 49 8b 40 08 48
0x00007ffcd280f306:   c1 e1 06 8b 0c 01 8d 0c 8d fc ff ff ff 39 0d bf
0x00007ffcd280f316:   2e 11 00 7e 6e 49 63 40 18 49 8b 48 10 48 03 c0
0x00007ffcd280f326:   8b 54 c1 f0 83 fa 01 75 0b 84 54 c1 f4 75 54 8d
0x00007ffcd280f336:   4a 02 eb 43 83 fa 04 75 20 8b 4c c1 f4 b8 56 55
0x00007ffcd280f346:   55 55 f7 e9 8b c2 c1 e8 1f 03 d0 8d 04 52 3b c8
0x00007ffcd280f356:   75 31 b9 04 00 00 00 eb 1e 83 fa 07 75 25 8b 44
0x00007ffcd280f366:   c1 f4 25 03 00 00 80 7d 07 ff c8 83 c8 fc ff c0
0x00007ffcd280f376:   85 c0 75 0f 8d 48 05 e8 7e a4 ff ff 4c 8b 05 27
0x00007ffcd280f386:   2e 11 00 4d 63 48 04 4d 8b 40 08 8b 05 41 2e 11
0x00007ffcd280f396:   00 49 c1 e1 06 8d 0c 40 4b 8b 44 01 08 48 63 d1
0x00007ffcd280f3a6:   f3 0f 11 34 90 48 8b 05 fe 2d 11 00 4c 63 48 04
0x00007ffcd280f3b6:   4c 8b 40 08 8b 05 18 2e 11 00 49 c1 e1 06 8d 0c
0x00007ffcd280f3c6:   40 4b 8b 44 01 08 48 63 d1 f3 0f 11 7c 90 04 48
0x00007ffcd280f3d6:   8b 05 d4 2d 11 00 4c 63 48 04 4c 8b 40 08 8b 05
0x00007ffcd280f3e6:   ee 2d 11 00 49 c1 e1 06 8d 0c 40 4b 8b 44 01 08
0x00007ffcd280f3f6:   48 63 d1 f3 44 0f 11 44 90 08 48 8b 05 a9 2d 11
0x00007ffcd280f406:   00 f3 0f 10 05 cd 2d 11 00 4c 63 40 04 48 8b 50
0x00007ffcd280f416:   08 8b 05 bb 2d 11 00 03 c0 49 c1 e0 06 48 63 c8
0x00007ffcd280f426:   49 8b 44 10 10 f3 0f 11 04 88 48 8b 05 79 2d 11
0x00007ffcd280f436:   00 f3 0f 10 05 a1 2d 11 00 4c 63 40 04 48 8b 50
0x00007ffcd280f446:   08 8b 05 8b 2d 11 00 03 c0 49 c1 e0 06 48 63 c8
0x00007ffcd280f456:   49 8b 44 10 10 f3 0f 11 44 88 04 48 8b 05 48 2d
0x00007ffcd280f466:   11 00 4c 63 40 04 48 8b 48 08 8b 05 62 2d 11 00
0x00007ffcd280f476:   49 c1 e0 06 8d 04 85 00 00 00 00 49 8b 4c 08 18
0x00007ffcd280f486:   48 63 d0 0f b6 05 60 2d 11 00 88 04 0a 48 8b 05
0x00007ffcd280f496:   16 2d 11 00 4c 63 40 04 48 8b 48 08 8b 05 30 2d 


Stack slot to memory mapping:
stack at sp + 0 slots: 0x0000028680403a00 is pointing into metadata
stack at sp + 1 slots: 0x0 is NULL
stack at sp + 2 slots: 0x00008e554b3dcbb2 is an unknown value
stack at sp + 3 slots: 0x00007ffd0000000e is an unknown value
stack at sp + 4 slots: 0x0000000043640000 is an unknown value
stack at sp + 5 slots: 0x0 is NULL
stack at sp + 6 slots: 0x0 is NULL
stack at sp + 7 slots: 0x0 is NULL


Compiled method (n/a)   11249  812     n 0       com.raylib.Raylib::DrawTexturePro (native)
 total in heap  [0x000002862a4b4b10,0x000002862a4b4f40] = 1072
 relocation     [0x000002862a4b4c68,0x000002862a4b4c98] = 48
 main code      [0x000002862a4b4ca0,0x000002862a4b4f38] = 664
 oops           [0x000002862a4b4f38,0x000002862a4b4f40] = 8

[Constant Pool (empty)]

[MachCode]
[Entry Point]
  # {method} {0x000002868044bd48} 'DrawTexturePro' '(Lcom/raylib/Raylib$Texture;Lcom/raylib/Raylib$Rectangle;Lcom/raylib/Raylib$Rectangle;Lcom/raylib/Raylib$Vector2;FLcom/raylib/Raylib$Color;)V' in 'com/raylib/Raylib'
  # parm0:    rdx:rdx   = 'com/raylib/Raylib$Texture'
  # parm1:    r8:r8     = 'com/raylib/Raylib$Rectangle'
  # parm2:    r9:r9     = 'com/raylib/Raylib$Rectangle'
  # parm3:    rdi:rdi   = 'com/raylib/Raylib$Vector2'
  # parm4:    xmm0      = float
  # parm5:    rsi:rsi   = 'com/raylib/Raylib$Color'
  #           [sp+0x90]  (sp of caller)
  0x000002862a4b4ca0: 448b 5208 | 49bb 0000 | 003f 8602 | 0000 4d03 | d349 3bc2 | 0f84 0600 

  0x000002862a4b4cb8: ;   {runtime_call ic_miss_stub}
  0x000002862a4b4cb8: 0000 e9c1 | c886 ff90 
[Verified Entry Point]
  0x000002862a4b4cc0: 8984 2400 | 90ff ff55 | 488b ec48 | 81ec 8000 | 0000 4889 | 7424 6048 | 83fe 0048 | 8d44 2460 
  0x000002862a4b4ce0: 480f 4444 | 2460 4889 | 4424 38c5 | fa11 4424 | 3048 897c | 2458 4883 | ff00 488d | 4424 5848 
  0x000002862a4b4d00: 0f44 4424 | 5848 8944 | 2428 4c89 | 4c24 5049 | 83f9 0048 | 8d44 2450 | 480f 4444 | 2450 4889 
  0x000002862a4b4d20: 4424 204c | 8944 2448 | 4983 f800 | 4c8d 4c24 | 484c 0f44 | 4c24 4848 | 8954 2440 | 4883 fa00 
  0x000002862a4b4d40: 4c8d 4424 | 404c 0f44 

  0x000002862a4b4d48: ;   {oop(a 'java/lang/Class'{0x0000000713e00c30} = 'com/raylib/Raylib')}
  0x000002862a4b4d48: 4424 4049 | be30 0ce0 | 1307 0000 | 004c 8974 | 2470 4c8d | 7424 7049 | 8bd6 c5f8 

  0x000002862a4b4d64: ;   {internal_word}
  0x000002862a4b4d64: 7749 ba62 | 4d4b 2a86 | 0200 004d | 8997 a002 | 0000 4989 | a798 0200 

  0x000002862a4b4d7c: ;   {external_word}
  0x000002862a4b4d7c: 0049 ba79 | 3564 d1fc | 7f00 0041 | 803a 000f | 8452 0000 | 0052 4150 

  0x000002862a4b4d94: ;   {metadata({method} {0x000002868044bd48} 'DrawTexturePro' '(Lcom/raylib/Raylib$Texture;Lcom/raylib/Raylib$Rectangle;Lcom/raylib/Raylib$Rectangle;Lcom/raylib/Raylib$Vector2;FLcom/raylib/Raylib$Color;)V' in 'com/raylib/Raylib')}
  0x000002862a4b4d94: 4151 48ba | 40bd 4480 | 8602 0000 | 498b cf48 | 83ec 20f7 | c40f 0000 | 000f 841a | 0000 0048 
  0x000002862a4b4db4: ;   {runtime_call}
  0x000002862a4b4db4: 83ec 0849 | ba00 301a | d1fc 7f00 | 0041 ffd2 | 4883 c408 | e90d 0000 

  0x000002862a4b4dcc: ;   {runtime_call}
  0x000002862a4b4dcc: 0049 ba00 | 301a d1fc | 7f00 0041 | ffd2 4883 | c420 4159 | 4158 5a49 | 8d8f b802 | 0000 41c7 
  0x000002862a4b4dec: 8748 0300 | 0004 0000 

  0x000002862a4b4df4: ;   {runtime_call}
  0x000002862a4b4df4: 0049 ba10 | 2077 d2fc | 7f00 0041 | ffd2 c5f8 | 7741 c787 | 4803 0000 | 0500 0000 | f083 4424 
  0x000002862a4b4e14: c000 493b | af50 0300 | 000f 8711 | 0000 0041 | 81bf 3803 | 0000 0000 | 0000 0f84 | 2400 0000 
  0x000002862a4b4e34: c5f8 7749 | 8bcf 4c8b | e448 83ec | 2048 83e4 

  0x000002862a4b4e44: ;   {runtime_call}
  0x000002862a4b4e44: f049 ba90 | 442a d1fc | 7f00 0041 | ffd2 498b | e44d 33e4 | 41c7 8748 | 0300 0008 | 0000 0041 
  0x000002862a4b4e64: 81bf b803 | 0000 0200 | 0000 0f84 | 9b00 0000 

  0x000002862a4b4e74: ;   {external_word}
  0x000002862a4b4e74: 49ba 7935 | 64d1 fc7f | 0000 4180 | 3a00 0f84 | 4800 0000 

  0x000002862a4b4e88: ;   {metadata({method} {0x000002868044bd48} 'DrawTexturePro' '(Lcom/raylib/Raylib$Texture;Lcom/raylib/Raylib$Rectangle;Lcom/raylib/Raylib$Rectangle;Lcom/raylib/Raylib$Vector2;FLcom/raylib/Raylib$Color;)V' in 'com/raylib/Raylib')}
  0x000002862a4b4e88: 48ba 40bd | 4480 8602 | 0000 498b | cf48 83ec | 20f7 c40f | 0000 000f | 841a 0000 | 0048 83ec 
  0x000002862a4b4ea8: ;   {runtime_call}
  0x000002862a4b4ea8: 0849 ba00 | 301a d1fc | 7f00 0041 | ffd2 4883 | c408 e90d 

  0x000002862a4b4ebc: ;   {runtime_call}
  0x000002862a4b4ebc: 0000 0049 | ba00 301a | d1fc 7f00 | 0041 ffd2 | 4883 c420 | 49c7 8798 | 0200 0000 | 0000 0049 
  0x000002862a4b4edc: c787 a002 | 0000 0000 | 0000 c5f8 | 7749 8b8f | d800 0000 | c781 0001 | 0000 0000 | 0000 c949 
  0x000002862a4b4efc: 817f 0800 | 0000 000f | 8501 0000 

  0x000002862a4b4f08: ;   {runtime_call StubRoutines (1)}
  0x000002862a4b4f08: 00c3 e9f1 | bf81 ffc5 | f877 4c8b | e448 83ec | 2048 83e4 

  0x000002862a4b4f1c: ;   {runtime_call}
  0x000002862a4b4f1c: f049 ba80 | 601a d1fc | 7f00 0041 | ffd2 498b | e44d 33e4 | e93f ffff | fff4 f4f4 
[/MachCode]


---------------  P R O C E S S  ---------------

Threads class SMR info:
_java_thread_list=0x000002868958bd50, length=13, elements={
0x000002861ad69410, 0x000002863e5c20a0, 0x000002863e5c2b70, 0x000002863e5db880,
0x000002863e5dc440, 0x000002863e5e0f20, 0x000002863e5e18e0, 0x000002863e5e2e20,
0x000002863e5e38d0, 0x000002863e5e42d0, 0x000002863e72c490, 0x000002863e7ad0c0,
0x000002863e8203b0
}

Java Threads: ( => current thread )
=>0x000002861ad69410 JavaThread "main" [_thread_in_native, id=31388, stack(0x000000eaa0800000,0x000000eaa0900000)]
  0x000002863e5c20a0 JavaThread "Reference Handler" daemon [_thread_blocked, id=30752, stack(0x000000eaa0f00000,0x000000eaa1000000)]
  0x000002863e5c2b70 JavaThread "Finalizer" daemon [_thread_blocked, id=6236, stack(0x000000eaa1000000,0x000000eaa1100000)]
  0x000002863e5db880 JavaThread "Signal Dispatcher" daemon [_thread_blocked, id=28556, stack(0x000000eaa1100000,0x000000eaa1200000)]
  0x000002863e5dc440 JavaThread "Attach Listener" daemon [_thread_blocked, id=17920, stack(0x000000eaa1200000,0x000000eaa1300000)]
  0x000002863e5e0f20 JavaThread "Service Thread" daemon [_thread_blocked, id=30264, stack(0x000000eaa1300000,0x000000eaa1400000)]
  0x000002863e5e18e0 JavaThread "Monitor Deflation Thread" daemon [_thread_blocked, id=31144, stack(0x000000eaa1400000,0x000000eaa1500000)]
  0x000002863e5e2e20 JavaThread "C2 CompilerThread0" daemon [_thread_blocked, id=19856, stack(0x000000eaa1500000,0x000000eaa1600000)]
  0x000002863e5e38d0 JavaThread "C1 CompilerThread0" daemon [_thread_blocked, id=26016, stack(0x000000eaa1600000,0x000000eaa1700000)]
  0x000002863e5e42d0 JavaThread "Sweeper thread" daemon [_thread_blocked, id=3076, stack(0x000000eaa1700000,0x000000eaa1800000)]
  0x000002863e72c490 JavaThread "Notification Thread" daemon [_thread_blocked, id=14452, stack(0x000000eaa1b00000,0x000000eaa1c00000)]
  0x000002863e7ad0c0 JavaThread "Common-Cleaner" daemon [_thread_blocked, id=7176, stack(0x000000eaa1d00000,0x000000eaa1e00000)]
  0x000002863e8203b0 JavaThread "JavaCPP Deallocator" daemon [_thread_blocked, id=12008, stack(0x000000eaa1e00000,0x000000eaa1f00000)]

Other Threads:
  0x000002863e5bb840 VMThread "VM Thread" [stack: 0x000000eaa0e00000,0x000000eaa0f00000] [id=23476]
  0x000002863e72cd70 WatcherThread [stack: 0x000000eaa1c00000,0x000000eaa1d00000] [id=27964]
  0x000002861add5c20 GCTaskThread "GC Thread#0" [stack: 0x000000eaa0900000,0x000000eaa0a00000] [id=31480]
  0x00000286844c9300 GCTaskThread "GC Thread#1" [stack: 0x000000eaa2600000,0x000000eaa2700000] [id=12084]
  0x0000028684f19060 GCTaskThread "GC Thread#2" [stack: 0x000000eaa2700000,0x000000eaa2800000] [id=12652]
  0x00000286860d9900 GCTaskThread "GC Thread#3" [stack: 0x000000eaa2800000,0x000000eaa2900000] [id=17180]
  0x000002868482a070 GCTaskThread "GC Thread#4" [stack: 0x000000eaa2900000,0x000000eaa2a00000] [id=732]
  0x000002868488d510 GCTaskThread "GC Thread#5" [stack: 0x000000eaa2a00000,0x000000eaa2b00000] [id=24196]
  0x000002861ade65c0 ConcurrentGCThread "G1 Main Marker" [stack: 0x000000eaa0a00000,0x000000eaa0b00000] [id=22500]
  0x000002861ade6fe0 ConcurrentGCThread "G1 Conc#0" [stack: 0x000000eaa0b00000,0x000000eaa0c00000] [id=2068]
  0x000002863e4746b0 ConcurrentGCThread "G1 Refine#0" [stack: 0x000000eaa0c00000,0x000000eaa0d00000] [id=27240]
  0x000002863e4750e0 ConcurrentGCThread "G1 Service" [stack: 0x000000eaa0d00000,0x000000eaa0e00000] [id=26680]

Threads with active compile tasks:

VM state: not at safepoint (normal execution)

VM Mutex/Monitor currently owned by a thread: None

Heap address: 0x0000000705a00000, size: 4006 MB, Compressed Oops mode: Zero based, Oop shift amount: 3

CDS archive(s) mapped at: [0x000002863f000000-0x000002863fbb0000-0x000002863fbb0000), size 12255232, SharedBaseAddress: 0x000002863f000000, ArchiveRelocationMode: 1.
Compressed class space mapped at: 0x0000028640000000-0x0000028680000000, reserved size: 1073741824
Narrow klass base: 0x000002863f000000, Narrow klass shift: 0, Narrow klass range: 0x100000000

GC Precious Log:
 CPUs: 16 total, 16 available
 Memory: 16021M
 Large Page Support: Disabled
 NUMA Support: Disabled
 Compressed Oops: Enabled (Zero based)
 Heap Region Size: 2M
 Heap Min Capacity: 8M
 Heap Initial Capacity: 252M
 Heap Max Capacity: 4006M
 Pre-touch: Disabled
 Parallel Workers: 13
 Concurrent Workers: 3
 Concurrent Refinement Workers: 13
 Periodic GC: Disabled

Heap:
 garbage-first heap   total 258048K, used 3621K [0x0000000705a00000, 0x0000000800000000)
  region size 2048K, 3 young (6144K), 1 survivors (2048K)
 Metaspace       used 2120K, committed 2304K, reserved 1114112K
  class space    used 180K, committed 256K, reserved 1048576K

Heap Regions: E=young(eden), S=young(survivor), O=old, HS=humongous(starts), HC=humongous(continues), CS=collection set, F=free, OA=open archive, CA=closed archive, TAMS=top-at-mark-start (previous, next)
|   0|0x0000000705a00000, 0x0000000705a00000, 0x0000000705c00000|  0%| F|  |TAMS 0x0000000705a00000, 0x0000000705a00000| Untracked 
|   1|0x0000000705c00000, 0x0000000705c00000, 0x0000000705e00000|  0%| F|  |TAMS 0x0000000705c00000, 0x0000000705c00000| Untracked 
|   2|0x0000000705e00000, 0x0000000705e00000, 0x0000000706000000|  0%| F|  |TAMS 0x0000000705e00000, 0x0000000705e00000| Untracked 
|   3|0x0000000706000000, 0x0000000706000000, 0x0000000706200000|  0%| F|  |TAMS 0x0000000706000000, 0x0000000706000000| Untracked 
|   4|0x0000000706200000, 0x0000000706200000, 0x0000000706400000|  0%| F|  |TAMS 0x0000000706200000, 0x0000000706200000| Untracked 
|   5|0x0000000706400000, 0x0000000706400000, 0x0000000706600000|  0%| F|  |TAMS 0x0000000706400000, 0x0000000706400000| Untracked 
|   6|0x0000000706600000, 0x0000000706600000, 0x0000000706800000|  0%| F|  |TAMS 0x0000000706600000, 0x0000000706600000| Untracked 
|   7|0x0000000706800000, 0x0000000706800000, 0x0000000706a00000|  0%| F|  |TAMS 0x0000000706800000, 0x0000000706800000| Untracked 
|   8|0x0000000706a00000, 0x0000000706a00000, 0x0000000706c00000|  0%| F|  |TAMS 0x0000000706a00000, 0x0000000706a00000| Untracked 
|   9|0x0000000706c00000, 0x0000000706c00000, 0x0000000706e00000|  0%| F|  |TAMS 0x0000000706c00000, 0x0000000706c00000| Untracked 
|  10|0x0000000706e00000, 0x0000000706e00000, 0x0000000707000000|  0%| F|  |TAMS 0x0000000706e00000, 0x0000000706e00000| Untracked 
|  11|0x0000000707000000, 0x0000000707000000, 0x0000000707200000|  0%| F|  |TAMS 0x0000000707000000, 0x0000000707000000| Untracked 
|  12|0x0000000707200000, 0x0000000707200000, 0x0000000707400000|  0%| F|  |TAMS 0x0000000707200000, 0x0000000707200000| Untracked 
|  13|0x0000000707400000, 0x0000000707400000, 0x0000000707600000|  0%| F|  |TAMS 0x0000000707400000, 0x0000000707400000| Untracked 
|  14|0x0000000707600000, 0x0000000707600000, 0x0000000707800000|  0%| F|  |TAMS 0x0000000707600000, 0x0000000707600000| Untracked 
|  15|0x0000000707800000, 0x0000000707800000, 0x0000000707a00000|  0%| F|  |TAMS 0x0000000707800000, 0x0000000707800000| Untracked 
|  16|0x0000000707a00000, 0x0000000707a00000, 0x0000000707c00000|  0%| F|  |TAMS 0x0000000707a00000, 0x0000000707a00000| Untracked 
|  17|0x0000000707c00000, 0x0000000707c00000, 0x0000000707e00000|  0%| F|  |TAMS 0x0000000707c00000, 0x0000000707c00000| Untracked 
|  18|0x0000000707e00000, 0x0000000707e00000, 0x0000000708000000|  0%| F|  |TAMS 0x0000000707e00000, 0x0000000707e00000| Untracked 
|  19|0x0000000708000000, 0x0000000708000000, 0x0000000708200000|  0%| F|  |TAMS 0x0000000708000000, 0x0000000708000000| Untracked 
|  20|0x0000000708200000, 0x0000000708200000, 0x0000000708400000|  0%| F|  |TAMS 0x0000000708200000, 0x0000000708200000| Untracked 
|  21|0x0000000708400000, 0x0000000708400000, 0x0000000708600000|  0%| F|  |TAMS 0x0000000708400000, 0x0000000708400000| Untracked 
|  22|0x0000000708600000, 0x0000000708600000, 0x0000000708800000|  0%| F|  |TAMS 0x0000000708600000, 0x0000000708600000| Untracked 
|  23|0x0000000708800000, 0x0000000708800000, 0x0000000708a00000|  0%| F|  |TAMS 0x0000000708800000, 0x0000000708800000| Untracked 
|  24|0x0000000708a00000, 0x0000000708a00000, 0x0000000708c00000|  0%| F|  |TAMS 0x0000000708a00000, 0x0000000708a00000| Untracked 
|  25|0x0000000708c00000, 0x0000000708c00000, 0x0000000708e00000|  0%| F|  |TAMS 0x0000000708c00000, 0x0000000708c00000| Untracked 
|  26|0x0000000708e00000, 0x0000000708e00000, 0x0000000709000000|  0%| F|  |TAMS 0x0000000708e00000, 0x0000000708e00000| Untracked 
|  27|0x0000000709000000, 0x0000000709000000, 0x0000000709200000|  0%| F|  |TAMS 0x0000000709000000, 0x0000000709000000| Untracked 
|  28|0x0000000709200000, 0x0000000709200000, 0x0000000709400000|  0%| F|  |TAMS 0x0000000709200000, 0x0000000709200000| Untracked 
|  29|0x0000000709400000, 0x0000000709400000, 0x0000000709600000|  0%| F|  |TAMS 0x0000000709400000, 0x0000000709400000| Untracked 
|  30|0x0000000709600000, 0x0000000709600000, 0x0000000709800000|  0%| F|  |TAMS 0x0000000709600000, 0x0000000709600000| Untracked 
|  31|0x0000000709800000, 0x0000000709800000, 0x0000000709a00000|  0%| F|  |TAMS 0x0000000709800000, 0x0000000709800000| Untracked 
|  32|0x0000000709a00000, 0x0000000709a00000, 0x0000000709c00000|  0%| F|  |TAMS 0x0000000709a00000, 0x0000000709a00000| Untracked 
|  33|0x0000000709c00000, 0x0000000709c00000, 0x0000000709e00000|  0%| F|  |TAMS 0x0000000709c00000, 0x0000000709c00000| Untracked 
|  34|0x0000000709e00000, 0x0000000709e00000, 0x000000070a000000|  0%| F|  |TAMS 0x0000000709e00000, 0x0000000709e00000| Untracked 
|  35|0x000000070a000000, 0x000000070a000000, 0x000000070a200000|  0%| F|  |TAMS 0x000000070a000000, 0x000000070a000000| Untracked 
|  36|0x000000070a200000, 0x000000070a200000, 0x000000070a400000|  0%| F|  |TAMS 0x000000070a200000, 0x000000070a200000| Untracked 
|  37|0x000000070a400000, 0x000000070a400000, 0x000000070a600000|  0%| F|  |TAMS 0x000000070a400000, 0x000000070a400000| Untracked 
|  38|0x000000070a600000, 0x000000070a600000, 0x000000070a800000|  0%| F|  |TAMS 0x000000070a600000, 0x000000070a600000| Untracked 
|  39|0x000000070a800000, 0x000000070a800000, 0x000000070aa00000|  0%| F|  |TAMS 0x000000070a800000, 0x000000070a800000| Untracked 
|  40|0x000000070aa00000, 0x000000070aa00000, 0x000000070ac00000|  0%| F|  |TAMS 0x000000070aa00000, 0x000000070aa00000| Untracked 
|  41|0x000000070ac00000, 0x000000070ac00000, 0x000000070ae00000|  0%| F|  |TAMS 0x000000070ac00000, 0x000000070ac00000| Untracked 
|  42|0x000000070ae00000, 0x000000070ae00000, 0x000000070b000000|  0%| F|  |TAMS 0x000000070ae00000, 0x000000070ae00000| Untracked 
|  43|0x000000070b000000, 0x000000070b000000, 0x000000070b200000|  0%| F|  |TAMS 0x000000070b000000, 0x000000070b000000| Untracked 
|  44|0x000000070b200000, 0x000000070b200000, 0x000000070b400000|  0%| F|  |TAMS 0x000000070b200000, 0x000000070b200000| Untracked 
|  45|0x000000070b400000, 0x000000070b400000, 0x000000070b600000|  0%| F|  |TAMS 0x000000070b400000, 0x000000070b400000| Untracked 
|  46|0x000000070b600000, 0x000000070b600000, 0x000000070b800000|  0%| F|  |TAMS 0x000000070b600000, 0x000000070b600000| Untracked 
|  47|0x000000070b800000, 0x000000070b800000, 0x000000070ba00000|  0%| F|  |TAMS 0x000000070b800000, 0x000000070b800000| Untracked 
|  48|0x000000070ba00000, 0x000000070ba00000, 0x000000070bc00000|  0%| F|  |TAMS 0x000000070ba00000, 0x000000070ba00000| Untracked 
|  49|0x000000070bc00000, 0x000000070bc00000, 0x000000070be00000|  0%| F|  |TAMS 0x000000070bc00000, 0x000000070bc00000| Untracked 
|  50|0x000000070be00000, 0x000000070be00000, 0x000000070c000000|  0%| F|  |TAMS 0x000000070be00000, 0x000000070be00000| Untracked 
|  51|0x000000070c000000, 0x000000070c000000, 0x000000070c200000|  0%| F|  |TAMS 0x000000070c000000, 0x000000070c000000| Untracked 
|  52|0x000000070c200000, 0x000000070c200000, 0x000000070c400000|  0%| F|  |TAMS 0x000000070c200000, 0x000000070c200000| Untracked 
|  53|0x000000070c400000, 0x000000070c400000, 0x000000070c600000|  0%| F|  |TAMS 0x000000070c400000, 0x000000070c400000| Untracked 
|  54|0x000000070c600000, 0x000000070c600000, 0x000000070c800000|  0%| F|  |TAMS 0x000000070c600000, 0x000000070c600000| Untracked 
|  55|0x000000070c800000, 0x000000070c800000, 0x000000070ca00000|  0%| F|  |TAMS 0x000000070c800000, 0x000000070c800000| Untracked 
|  56|0x000000070ca00000, 0x000000070ca00000, 0x000000070cc00000|  0%| F|  |TAMS 0x000000070ca00000, 0x000000070ca00000| Untracked 
|  57|0x000000070cc00000, 0x000000070cc00000, 0x000000070ce00000|  0%| F|  |TAMS 0x000000070cc00000, 0x000000070cc00000| Untracked 
|  58|0x000000070ce00000, 0x000000070ce00000, 0x000000070d000000|  0%| F|  |TAMS 0x000000070ce00000, 0x000000070ce00000| Untracked 
|  59|0x000000070d000000, 0x000000070d000000, 0x000000070d200000|  0%| F|  |TAMS 0x000000070d000000, 0x000000070d000000| Untracked 
|  60|0x000000070d200000, 0x000000070d200000, 0x000000070d400000|  0%| F|  |TAMS 0x000000070d200000, 0x000000070d200000| Untracked 
|  61|0x000000070d400000, 0x000000070d400000, 0x000000070d600000|  0%| F|  |TAMS 0x000000070d400000, 0x000000070d400000| Untracked 
|  62|0x000000070d600000, 0x000000070d600000, 0x000000070d800000|  0%| F|  |TAMS 0x000000070d600000, 0x000000070d600000| Untracked 
|  63|0x000000070d800000, 0x000000070d800000, 0x000000070da00000|  0%| F|  |TAMS 0x000000070d800000, 0x000000070d800000| Untracked 
|  64|0x000000070da00000, 0x000000070da00000, 0x000000070dc00000|  0%| F|  |TAMS 0x000000070da00000, 0x000000070da00000| Untracked 
|  65|0x000000070dc00000, 0x000000070dc00000, 0x000000070de00000|  0%| F|  |TAMS 0x000000070dc00000, 0x000000070dc00000| Untracked 
|  66|0x000000070de00000, 0x000000070de00000, 0x000000070e000000|  0%| F|  |TAMS 0x000000070de00000, 0x000000070de00000| Untracked 
|  67|0x000000070e000000, 0x000000070e000000, 0x000000070e200000|  0%| F|  |TAMS 0x000000070e000000, 0x000000070e000000| Untracked 
|  68|0x000000070e200000, 0x000000070e200000, 0x000000070e400000|  0%| F|  |TAMS 0x000000070e200000, 0x000000070e200000| Untracked 
|  69|0x000000070e400000, 0x000000070e400000, 0x000000070e600000|  0%| F|  |TAMS 0x000000070e400000, 0x000000070e400000| Untracked 
|  70|0x000000070e600000, 0x000000070e600000, 0x000000070e800000|  0%| F|  |TAMS 0x000000070e600000, 0x000000070e600000| Untracked 
|  71|0x000000070e800000, 0x000000070e800000, 0x000000070ea00000|  0%| F|  |TAMS 0x000000070e800000, 0x000000070e800000| Untracked 
|  72|0x000000070ea00000, 0x000000070ea00000, 0x000000070ec00000|  0%| F|  |TAMS 0x000000070ea00000, 0x000000070ea00000| Untracked 
|  73|0x000000070ec00000, 0x000000070ec00000, 0x000000070ee00000|  0%| F|  |TAMS 0x000000070ec00000, 0x000000070ec00000| Untracked 
|  74|0x000000070ee00000, 0x000000070ee00000, 0x000000070f000000|  0%| F|  |TAMS 0x000000070ee00000, 0x000000070ee00000| Untracked 
|  75|0x000000070f000000, 0x000000070f000000, 0x000000070f200000|  0%| F|  |TAMS 0x000000070f000000, 0x000000070f000000| Untracked 
|  76|0x000000070f200000, 0x000000070f200000, 0x000000070f400000|  0%| F|  |TAMS 0x000000070f200000, 0x000000070f200000| Untracked 
|  77|0x000000070f400000, 0x000000070f400000, 0x000000070f600000|  0%| F|  |TAMS 0x000000070f400000, 0x000000070f400000| Untracked 
|  78|0x000000070f600000, 0x000000070f600000, 0x000000070f800000|  0%| F|  |TAMS 0x000000070f600000, 0x000000070f600000| Untracked 
|  79|0x000000070f800000, 0x000000070f800000, 0x000000070fa00000|  0%| F|  |TAMS 0x000000070f800000, 0x000000070f800000| Untracked 
|  80|0x000000070fa00000, 0x000000070fa00000, 0x000000070fc00000|  0%| F|  |TAMS 0x000000070fa00000, 0x000000070fa00000| Untracked 
|  81|0x000000070fc00000, 0x000000070fc00000, 0x000000070fe00000|  0%| F|  |TAMS 0x000000070fc00000, 0x000000070fc00000| Untracked 
|  82|0x000000070fe00000, 0x000000070fe00000, 0x0000000710000000|  0%| F|  |TAMS 0x000000070fe00000, 0x000000070fe00000| Untracked 
|  83|0x0000000710000000, 0x0000000710000000, 0x0000000710200000|  0%| F|  |TAMS 0x0000000710000000, 0x0000000710000000| Untracked 
|  84|0x0000000710200000, 0x0000000710200000, 0x0000000710400000|  0%| F|  |TAMS 0x0000000710200000, 0x0000000710200000| Untracked 
|  85|0x0000000710400000, 0x0000000710400000, 0x0000000710600000|  0%| F|  |TAMS 0x0000000710400000, 0x0000000710400000| Untracked 
|  86|0x0000000710600000, 0x0000000710600000, 0x0000000710800000|  0%| F|  |TAMS 0x0000000710600000, 0x0000000710600000| Untracked 
|  87|0x0000000710800000, 0x0000000710800000, 0x0000000710a00000|  0%| F|  |TAMS 0x0000000710800000, 0x0000000710800000| Untracked 
|  88|0x0000000710a00000, 0x0000000710a00000, 0x0000000710c00000|  0%| F|  |TAMS 0x0000000710a00000, 0x0000000710a00000| Untracked 
|  89|0x0000000710c00000, 0x0000000710c00000, 0x0000000710e00000|  0%| F|  |TAMS 0x0000000710c00000, 0x0000000710c00000| Untracked 
|  90|0x0000000710e00000, 0x0000000710e00000, 0x0000000711000000|  0%| F|  |TAMS 0x0000000710e00000, 0x0000000710e00000| Untracked 
|  91|0x0000000711000000, 0x0000000711000000, 0x0000000711200000|  0%| F|  |TAMS 0x0000000711000000, 0x0000000711000000| Untracked 
|  92|0x0000000711200000, 0x0000000711200000, 0x0000000711400000|  0%| F|  |TAMS 0x0000000711200000, 0x0000000711200000| Untracked 
|  93|0x0000000711400000, 0x0000000711400000, 0x0000000711600000|  0%| F|  |TAMS 0x0000000711400000, 0x0000000711400000| Untracked 
|  94|0x0000000711600000, 0x0000000711600000, 0x0000000711800000|  0%| F|  |TAMS 0x0000000711600000, 0x0000000711600000| Untracked 
|  95|0x0000000711800000, 0x0000000711800000, 0x0000000711a00000|  0%| F|  |TAMS 0x0000000711800000, 0x0000000711800000| Untracked 
|  96|0x0000000711a00000, 0x0000000711a00000, 0x0000000711c00000|  0%| F|  |TAMS 0x0000000711a00000, 0x0000000711a00000| Untracked 
|  97|0x0000000711c00000, 0x0000000711c00000, 0x0000000711e00000|  0%| F|  |TAMS 0x0000000711c00000, 0x0000000711c00000| Untracked 
|  98|0x0000000711e00000, 0x0000000711e00000, 0x0000000712000000|  0%| F|  |TAMS 0x0000000711e00000, 0x0000000711e00000| Untracked 
|  99|0x0000000712000000, 0x0000000712000000, 0x0000000712200000|  0%| F|  |TAMS 0x0000000712000000, 0x0000000712000000| Untracked 
| 100|0x0000000712200000, 0x0000000712200000, 0x0000000712400000|  0%| F|  |TAMS 0x0000000712200000, 0x0000000712200000| Untracked 
| 101|0x0000000712400000, 0x0000000712400000, 0x0000000712600000|  0%| F|  |TAMS 0x0000000712400000, 0x0000000712400000| Untracked 
| 102|0x0000000712600000, 0x0000000712600000, 0x0000000712800000|  0%| F|  |TAMS 0x0000000712600000, 0x0000000712600000| Untracked 
| 103|0x0000000712800000, 0x0000000712800000, 0x0000000712a00000|  0%| F|  |TAMS 0x0000000712800000, 0x0000000712800000| Untracked 
| 104|0x0000000712a00000, 0x0000000712a00000, 0x0000000712c00000|  0%| F|  |TAMS 0x0000000712a00000, 0x0000000712a00000| Untracked 
| 105|0x0000000712c00000, 0x0000000712c00000, 0x0000000712e00000|  0%| F|  |TAMS 0x0000000712c00000, 0x0000000712c00000| Untracked 
| 106|0x0000000712e00000, 0x0000000712e00000, 0x0000000713000000|  0%| F|  |TAMS 0x0000000712e00000, 0x0000000712e00000| Untracked 
| 107|0x0000000713000000, 0x0000000713000000, 0x0000000713200000|  0%| F|  |TAMS 0x0000000713000000, 0x0000000713000000| Untracked 
| 108|0x0000000713200000, 0x0000000713200000, 0x0000000713400000|  0%| F|  |TAMS 0x0000000713200000, 0x0000000713200000| Untracked 
| 109|0x0000000713400000, 0x0000000713400000, 0x0000000713600000|  0%| F|  |TAMS 0x0000000713400000, 0x0000000713400000| Untracked 
| 110|0x0000000713600000, 0x0000000713600000, 0x0000000713800000|  0%| F|  |TAMS 0x0000000713600000, 0x0000000713600000| Untracked 
| 111|0x0000000713800000, 0x0000000713800000, 0x0000000713a00000|  0%| F|  |TAMS 0x0000000713800000, 0x0000000713800000| Untracked 
| 112|0x0000000713a00000, 0x0000000713a00000, 0x0000000713c00000|  0%| F|  |TAMS 0x0000000713a00000, 0x0000000713a00000| Untracked 
| 113|0x0000000713c00000, 0x0000000713c00000, 0x0000000713e00000|  0%| F|  |TAMS 0x0000000713c00000, 0x0000000713c00000| Untracked 
| 114|0x0000000713e00000, 0x0000000713f89520, 0x0000000714000000| 76%| S|CS|TAMS 0x0000000713e00000, 0x0000000713e00000| Complete 
| 115|0x0000000714000000, 0x0000000714000000, 0x0000000714200000|  0%| F|  |TAMS 0x0000000714000000, 0x0000000714000000| Untracked 
| 116|0x0000000714200000, 0x0000000714200000, 0x0000000714400000|  0%| F|  |TAMS 0x0000000714200000, 0x0000000714200000| Untracked 
| 117|0x0000000714400000, 0x0000000714400000, 0x0000000714600000|  0%| F|  |TAMS 0x0000000714400000, 0x0000000714400000| Untracked 
| 118|0x0000000714600000, 0x0000000714600000, 0x0000000714800000|  0%| F|  |TAMS 0x0000000714600000, 0x0000000714600000| Untracked 
| 119|0x0000000714800000, 0x0000000714800000, 0x0000000714a00000|  0%| F|  |TAMS 0x0000000714800000, 0x0000000714800000| Untracked 
| 120|0x0000000714a00000, 0x0000000714a00000, 0x0000000714c00000|  0%| F|  |TAMS 0x0000000714a00000, 0x0000000714a00000| Untracked 
| 121|0x0000000714c00000, 0x0000000714c00000, 0x0000000714e00000|  0%| F|  |TAMS 0x0000000714c00000, 0x0000000714c00000| Untracked 
| 122|0x0000000714e00000, 0x0000000714e00000, 0x0000000715000000|  0%| F|  |TAMS 0x0000000714e00000, 0x0000000714e00000| Untracked 
| 123|0x0000000715000000, 0x0000000715000000, 0x0000000715200000|  0%| F|  |TAMS 0x0000000715000000, 0x0000000715000000| Untracked 
| 124|0x0000000715200000, 0x000000071538b300, 0x0000000715400000| 77%| E|  |TAMS 0x0000000715200000, 0x0000000715200000| Complete 
| 125|0x0000000715400000, 0x0000000715600000, 0x0000000715600000|100%| E|CS|TAMS 0x0000000715400000, 0x0000000715400000| Complete 

Card table byte_map: [0x00000286328e0000,0x00000286330c0000] _byte_map_base: 0x000002862f0b3000

Marking Bits (Prev, Next): (CMBitMap*) 0x000002861add6240, (CMBitMap*) 0x000002861add6280
 Prev Bits: [0x00000286338a0000, 0x0000028637738000)
 Next Bits: [0x0000028637740000, 0x000002863b5d8000)

Polling page: 0x0000028618cb0000

Metaspace:

Usage:
  Non-class:      1.89 MB used.
      Class:    180.82 KB used.
       Both:      2.07 MB used.

Virtual space:
  Non-class space:       64.00 MB reserved,       2.00 MB (  3%) committed,  1 nodes.
      Class space:        1.00 GB reserved,     256.00 KB ( <1%) committed,  1 nodes.
             Both:        1.06 GB reserved,       2.25 MB ( <1%) committed. 

Chunk freelists:
   Non-Class:  11.23 MB
       Class:  15.65 MB
        Both:  26.88 MB

MaxMetaspaceSize: unlimited
CompressedClassSpaceSize: 1.00 GB
Initial GC threshold: 21.00 MB
Current GC threshold: 21.00 MB
CDS: on
MetaspaceReclaimPolicy: balanced
 - commit_granule_bytes: 65536.
 - commit_granule_words: 8192.
 - virtual_space_node_default_size: 8388608.
 - enlarge_chunks_in_place: 1.
 - new_chunks_are_fully_committed: 0.
 - uncommit_free_chunks: 1.
 - use_allocation_guard: 0.
 - handle_deallocations: 1.


Internal statistics:

num_allocs_failed_limit: 0.
num_arena_births: 32.
num_arena_deaths: 0.
num_vsnodes_births: 2.
num_vsnodes_deaths: 0.
num_space_committed: 36.
num_space_uncommitted: 0.
num_chunks_returned_to_freelist: 0.
num_chunks_taken_from_freelist: 71.
num_chunk_merges: 0.
num_chunk_splits: 50.
num_chunks_enlarged: 39.
num_inconsistent_stats: 0.

CodeHeap 'non-profiled nmethods': size=119168Kb used=614Kb max_used=614Kb free=118553Kb
 bounds [0x000002862a420000, 0x000002862a690000, 0x0000028631880000]
CodeHeap 'profiled nmethods': size=119104Kb used=1380Kb max_used=1380Kb free=117723Kb
 bounds [0x0000028622880000, 0x0000028622af0000, 0x0000028629cd0000]
CodeHeap 'non-nmethods': size=7488Kb used=1159Kb max_used=2913Kb free=6328Kb
 bounds [0x0000028629cd0000, 0x0000028629fb0000, 0x000002862a420000]
 total_blobs=1274 nmethods=837 adapters=350
 compilation: enabled
              stopped_count=0, restarted_count=0
 full_count=0

Compilation events (20 events):
Event: 4.944 Thread 0x000002863e5e38d0 nmethod 825 0x00000286229d5890 code [0x00000286229d5a40, 0x00000286229d5c18]
Event: 4.944 Thread 0x000002863e5e38d0  826       3       java.lang.invoke.DirectMethodHandle$Holder::invokeStatic (17 bytes)
Event: 4.944 Thread 0x000002863e687330 nmethod 824 0x00000286229d5d10 code [0x00000286229d5ee0, 0x00000286229d6168]
Event: 4.945 Thread 0x000002863e5e38d0 nmethod 826 0x00000286229d6290 code [0x00000286229d6460, 0x00000286229d6978]
Event: 6.878 Thread 0x000002863e5e2e20  828       4       java.lang.ref.Reference::refersToImpl (6 bytes)
Event: 6.878 Thread 0x000002863e5e2e20 nmethod 828 0x000002862a4b5d10 code [0x000002862a4b5e80, 0x000002862a4b5f18]
Event: 7.078 Thread 0x000002863e5e38d0  829       3       PineVille.Player::Move (124 bytes)
Event: 7.079 Thread 0x000002863e5e38d0 nmethod 829 0x00000286229d6a90 code [0x00000286229d6d00, 0x00000286229d7238]
Event: 7.079 Thread 0x000002863e5e38d0  832       3       PineVille.Player::drawPlayer (72 bytes)
Event: 7.079 Thread 0x000002863e5e38d0 nmethod 832 0x00000286229d7410 code [0x00000286229d77a0, 0x00000286229d8b48]
Event: 7.545 Thread 0x000002863e5e2e20  834       4       java.util.HashMap::getNode (150 bytes)
Event: 7.551 Thread 0x000002863e5e2e20 nmethod 834 0x000002862a4b6c10 code [0x000002862a4b6dc0, 0x000002862a4b7448]
Event: 9.295 Thread 0x000002863e5e2e20  835       4       java.util.HashMap::get (19 bytes)
Event: 9.303 Thread 0x000002863e5e2e20 nmethod 835 0x000002862a4b7890 code [0x000002862a4b7a40, 0x000002862a4b80c8]
Event: 9.363 Thread 0x000002863e5e2e20  836   !   4       java.util.WeakHashMap::expungeStaleEntries (139 bytes)
Event: 9.366 Thread 0x000002863e5e2e20 nmethod 836 0x000002862a4b8590 code [0x000002862a4b8720, 0x000002862a4b8a28]
Event: 9.395 Thread 0x000002863e5e2e20  837       4       java.util.WeakHashMap::hash (28 bytes)
Event: 9.396 Thread 0x000002863e5e2e20 nmethod 837 0x000002862a4b8b90 code [0x000002862a4b8d20, 0x000002862a4b8e48]
Event: 9.862 Thread 0x000002863e5e2e20  838       4       java.util.WeakHashMap::get (75 bytes)
Event: 9.865 Thread 0x000002863e5e2e20 nmethod 838 0x000002862a4b8f90 code [0x000002862a4b9140, 0x000002862a4b9658]

GC Heap History (2 events):
Event: 1.651 GC heap before
{Heap before GC invocations=0 (full 0):
 garbage-first heap   total 258048K, used 22528K [0x0000000705a00000, 0x0000000800000000)
  region size 2048K, 11 young (22528K), 0 survivors (0K)
 Metaspace       used 1807K, committed 1920K, reserved 1114112K
  class space    used 140K, committed 192K, reserved 1048576K
}
Event: 1.654 GC heap after
{Heap after GC invocations=1 (full 0):
 garbage-first heap   total 258048K, used 1573K [0x0000000705a00000, 0x0000000800000000)
  region size 2048K, 1 young (2048K), 1 survivors (2048K)
 Metaspace       used 1807K, committed 1920K, reserved 1114112K
  class space    used 140K, committed 192K, reserved 1048576K
}

Dll operation events (20 events):
Event: 0.691 Loaded shared library C:\Program Files (x86)\Windows Kits\10\Redist\ucrt\DLLs\x64\api-ms-win-core-rtlsupport-l1-1-0.dll
Event: 0.714 Loaded shared library C:\Program Files (x86)\Windows Kits\10\Redist\ucrt\DLLs\x64\api-ms-win-core-processthreads-l1-1-1.dll
Event: 0.734 Loaded shared library C:\Program Files (x86)\Windows Kits\10\Redist\ucrt\DLLs\x64\api-ms-win-core-file-l1-2-0.dll
Event: 0.755 Loaded shared library C:\Program Files (x86)\Windows Kits\10\Redist\ucrt\DLLs\x64\api-ms-win-core-profile-l1-1-0.dll
Event: 0.771 Loaded shared library C:\Program Files (x86)\Windows Kits\10\Redist\ucrt\DLLs\x64\api-ms-win-core-memory-l1-1-0.dll
Event: 0.797 Loaded shared library C:\Program Files (x86)\Windows Kits\10\Redist\ucrt\DLLs\x64\api-ms-win-core-util-l1-1-0.dll
Event: 0.819 Loaded shared library C:\Program Files (x86)\Windows Kits\10\Redist\ucrt\DLLs\x64\api-ms-win-core-interlocked-l1-1-0.dll
Event: 0.832 Loaded shared library C:\Program Files (x86)\Windows Kits\10\Redist\ucrt\DLLs\x64\ucrtbase.dll
Event: 0.853 Loaded shared library C:\Users\luczu\.jdks\corretto-17.0.10\bin\vcruntime140.dll
Event: 0.886 Loaded shared library C:\Users\luczu\.jdks\corretto-17.0.10\bin\vcruntime140_1.dll
Event: 0.910 Loaded shared library C:\Users\luczu\.jdks\corretto-17.0.10\bin\msvcp140.dll
Event: 0.932 Loaded shared library C:\Windows\System32\msvcp140_1.dll
Event: 0.963 Loaded shared library C:\Windows\System32\concrt140.dll
Event: 0.979 Loaded shared library C:\Windows\System32\vcomp140.dll
Event: 1.084 Loaded shared library C:\Windows\System32\winmm.dll
Event: 1.090 Loaded shared library C:\Windows\System32\opengl32.dll
Event: 1.093 Loaded shared library C:\Windows\System32\user32.dll
Event: 1.096 Loaded shared library C:\Windows\System32\shell32.dll
Event: 1.098 Loaded shared library C:\Windows\System32\gdi32.dll
Event: 1.224 Loaded shared library C:\Users\luczu\.javacpp\cache\jaylib-4.5.0-0.jar\com\raylib\windows-x86_64\jniRaylib.dll

Deoptimization events (20 events):
Event: 0.853 Thread 0x000002861ad69410 Uncommon trap: trap_request=0xffffff45 fr.pc=0x000002862a4380e4 relative=0x00000000000002c4
Event: 0.854 Thread 0x000002861ad69410 Uncommon trap: reason=unstable_if action=reinterpret pc=0x000002862a4380e4 method=java.lang.String.startsWith(Ljava/lang/String;I)Z @ 14 c2
Event: 0.855 Thread 0x000002861ad69410 DEOPT PACKING pc=0x000002862a4380e4 sp=0x000000eaa08fda70
Event: 0.855 Thread 0x000002861ad69410 DEOPT UNPACKING pc=0x0000028629d2a1a3 sp=0x000000eaa08fd9d0 mode 2
Event: 0.998 Thread 0x000002861ad69410 Uncommon trap: trap_request=0xffffff45 fr.pc=0x000002862a43d90c relative=0x00000000000001cc
Event: 1.004 Thread 0x000002861ad69410 Uncommon trap: reason=unstable_if action=reinterpret pc=0x000002862a43d90c method=java.io.WinNTFileSystem.normalize(Ljava/lang/String;)Ljava/lang/String; @ 128 c2
Event: 1.006 Thread 0x000002861ad69410 DEOPT PACKING pc=0x000002862a43d90c sp=0x000000eaa08fd650
Event: 1.007 Thread 0x000002861ad69410 DEOPT UNPACKING pc=0x0000028629d2a1a3 sp=0x000000eaa08fd5d8 mode 2
Event: 1.021 Thread 0x000002861ad69410 Uncommon trap: trap_request=0xffffff45 fr.pc=0x000002862a43e4d4 relative=0x00000000000001b4
Event: 1.022 Thread 0x000002861ad69410 Uncommon trap: reason=unstable_if action=reinterpret pc=0x000002862a43e4d4 method=sun.net.www.ParseUtil.firstEncodeIndex(Ljava/lang/String;)I @ 51 c2
Event: 1.023 Thread 0x000002861ad69410 DEOPT PACKING pc=0x000002862a43e4d4 sp=0x000000eaa08fd860
Event: 1.023 Thread 0x000002861ad69410 DEOPT UNPACKING pc=0x0000028629d2a1a3 sp=0x000000eaa08fd7e8 mode 2
Event: 1.601 Thread 0x000002861ad69410 Uncommon trap: trap_request=0xffffff45 fr.pc=0x000002862a45ae10 relative=0x0000000000001370
Event: 1.601 Thread 0x000002861ad69410 Uncommon trap: reason=unstable_if action=reinterpret pc=0x000002862a45ae10 method=java.net.URL.<init>(Ljava/net/URL;Ljava/lang/String;Ljava/net/URLStreamHandler;)V @ 273 c2
Event: 1.602 Thread 0x000002861ad69410 DEOPT PACKING pc=0x000002862a45ae10 sp=0x000000eaa08fbfa0
Event: 1.602 Thread 0x000002861ad69410 DEOPT UNPACKING pc=0x0000028629d2a1a3 sp=0x000000eaa08fbf30 mode 2
Event: 1.657 Thread 0x000002861ad69410 Uncommon trap: trap_request=0xffffff45 fr.pc=0x000002862a448360 relative=0x00000000000000e0
Event: 1.658 Thread 0x000002861ad69410 Uncommon trap: reason=unstable_if action=reinterpret pc=0x000002862a448360 method=java.lang.ref.SoftReference.get()Ljava/lang/Object; @ 17 c2
Event: 1.658 Thread 0x000002861ad69410 DEOPT PACKING pc=0x000002862a448360 sp=0x000000eaa08fc040
Event: 1.658 Thread 0x000002861ad69410 DEOPT UNPACKING pc=0x0000028629d2a1a3 sp=0x000000eaa08fbff8 mode 2

Classes unloaded (0 events):
No events

Classes redefined (0 events):
No events

Internal exceptions (7 events):
Event: 0.125 Thread 0x000002861ad69410 Exception <a 'java/lang/NoSuchMethodError'{0x0000000715244d40}: 'int java.lang.invoke.DirectMethodHandle$Holder.invokeStaticInit(java.lang.Object, java.lang.Object, java.lang.Object, java.lang.Object)'> (0x0000000715244d40) 
thrown [s\src\hotspot\share\interpreter\linkResolver.cpp, line 759]
Event: 0.128 Thread 0x000002861ad69410 Exception <a 'java/lang/NoSuchMethodError'{0x000000071524fa50}: 'java.lang.Object java.lang.invoke.DirectMethodHandle$Holder.invokeInterface(java.lang.Object, java.lang.Object)'> (0x000000071524fa50) 
thrown [s\src\hotspot\share\interpreter\linkResolver.cpp, line 759]
Event: 0.129 Thread 0x000002861ad69410 Exception <a 'java/lang/IncompatibleClassChangeError'{0x0000000715253168}: Found class java.lang.Object, but interface was expected> (0x0000000715253168) 
thrown [s\src\hotspot\share\interpreter\linkResolver.cpp, line 826]
Event: 0.130 Thread 0x000002861ad69410 Exception <a 'java/lang/NoSuchMethodError'{0x0000000715256310}: 'void java.lang.invoke.DirectMethodHandle$Holder.invokeStatic(java.lang.Object, java.lang.Object)'> (0x0000000715256310) 
thrown [s\src\hotspot\share\interpreter\linkResolver.cpp, line 759]
Event: 0.131 Thread 0x000002861ad69410 Exception <a 'java/lang/NoSuchMethodError'{0x0000000715259980}: 'void java.lang.invoke.DirectMethodHandle$Holder.invokeStaticInit(java.lang.Object, java.lang.Object)'> (0x0000000715259980) 
thrown [s\src\hotspot\share\interpreter\linkResolver.cpp, line 759]
Event: 0.132 Thread 0x000002861ad69410 Exception <a 'java/lang/NoSuchMethodError'{0x0000000715260048}: 'int java.lang.invoke.DirectMethodHandle$Holder.invokeStaticInit(java.lang.Object, java.lang.Object)'> (0x0000000715260048) 
thrown [s\src\hotspot\share\interpreter\linkResolver.cpp, line 759]
Event: 1.193 Thread 0x000002861ad69410 Exception <a 'java/lang/NoSuchMethodError'{0x0000000714188070}: 'java.lang.Object java.lang.invoke.DirectMethodHandle$Holder.invokeStatic(java.lang.Object, int, java.lang.Object)'> (0x0000000714188070) 
thrown [s\src\hotspot\share\interpreter\linkResolver.cpp, line 759]

VM Operations (16 events):
Event: 0.092 Executing VM operation: HandshakeAllThreads
Event: 0.092 Executing VM operation: HandshakeAllThreads done
Event: 0.188 Executing VM operation: HandshakeAllThreads
Event: 0.188 Executing VM operation: HandshakeAllThreads done
Event: 1.195 Executing VM operation: Cleanup
Event: 1.196 Executing VM operation: Cleanup done
Event: 1.632 Executing VM operation: G1CollectForAllocation
Event: 1.654 Executing VM operation: G1CollectForAllocation done
Event: 2.664 Executing VM operation: Cleanup
Event: 2.664 Executing VM operation: Cleanup done
Event: 4.664 Executing VM operation: Cleanup
Event: 4.664 Executing VM operation: Cleanup done
Event: 7.665 Executing VM operation: Cleanup
Event: 7.666 Executing VM operation: Cleanup done
Event: 9.666 Executing VM operation: Cleanup
Event: 9.666 Executing VM operation: Cleanup done

Events (20 events):
Event: 1.174 loading class java/time/zone/ZoneOffsetTransitionRule$TimeDefinition
Event: 1.175 loading class java/time/zone/ZoneOffsetTransitionRule$TimeDefinition done
Event: 1.180 loading class java/time/zone/ZoneOffsetTransition
Event: 1.181 loading class java/time/zone/ZoneOffsetTransition done
Event: 1.187 loading class java/time/temporal/TemporalAdjusters
Event: 1.188 loading class java/time/temporal/TemporalAdjusters done
Event: 1.208 loading class java/time/zone/ZoneOffsetTransitionRule$1
Event: 1.210 loading class java/time/zone/ZoneOffsetTransitionRule$1 done
Event: 1.215 loading class java/util/concurrent/TimeUnit$1
Event: 1.216 loading class java/util/concurrent/TimeUnit$1 done
Event: 2.654 Thread 0x000002868420bac0 Thread exited: 0x000002868420bac0
Event: 2.654 Thread 0x0000028684482ab0 Thread exited: 0x0000028684482ab0
Event: 2.654 Thread 0x000002868420c010 Thread exited: 0x000002868420c010
Event: 2.654 Thread 0x000002863e921b90 Thread exited: 0x000002863e921b90
Event: 2.654 Thread 0x0000028684165ac0 Thread exited: 0x0000028684165ac0
Event: 2.655 Thread 0x000002863e9065f0 Thread exited: 0x000002863e9065f0
Event: 2.655 Thread 0x000002863e90ead0 Thread exited: 0x000002863e90ead0
Event: 4.194 Thread 0x000002863e5a9620 Thread exited: 0x000002863e5a9620
Event: 4.761 Thread 0x000002863e6aa910 Thread exited: 0x000002863e6aa910
Event: 6.878 Thread 0x000002863e687330 Thread exited: 0x000002863e687330


Dynamic libraries:
0x00007ff7d2e30000 - 0x00007ff7d2e3e000 	C:\Users\luczu\.jdks\corretto-17.0.10\bin\java.exe
0x00007ffdac330000 - 0x00007ffdac547000 	C:\WINDOWS\SYSTEM32\ntdll.dll
0x00007ffdab410000 - 0x00007ffdab4d4000 	C:\WINDOWS\System32\KERNEL32.DLL
0x00007ffda97e0000 - 0x00007ffda9b86000 	C:\WINDOWS\System32\KERNELBASE.dll
0x00007ffda9bc0000 - 0x00007ffda9cd1000 	C:\WINDOWS\System32\ucrtbase.dll
0x00007ffd7fae0000 - 0x00007ffd7faf7000 	C:\Users\luczu\.jdks\corretto-17.0.10\bin\jli.dll
0x00007ffd6e700000 - 0x00007ffd6e71b000 	C:\Users\luczu\.jdks\corretto-17.0.10\bin\VCRUNTIME140.dll
0x00007ffdaa130000 - 0x00007ffdaa2de000 	C:\WINDOWS\System32\USER32.dll
0x00007ffda9670000 - 0x00007ffda9696000 	C:\WINDOWS\System32\win32u.dll
0x00007ffdabf40000 - 0x00007ffdabf69000 	C:\WINDOWS\System32\GDI32.dll
0x00007ffd86f70000 - 0x00007ffd87203000 	C:\WINDOWS\WinSxS\amd64_microsoft.windows.common-controls_6595b64144ccf1df_6.0.22621.2506_none_270c5ae97388e100\COMCTL32.dll
0x00007ffda9ce0000 - 0x00007ffda9df8000 	C:\WINDOWS\System32\gdi32full.dll
0x00007ffda9e00000 - 0x00007ffda9e9a000 	C:\WINDOWS\System32\msvcp_win.dll
0x00007ffdaab10000 - 0x00007ffdaabb7000 	C:\WINDOWS\System32\msvcrt.dll
0x00007ffdab200000 - 0x00007ffdab231000 	C:\WINDOWS\System32\IMM32.DLL
0x00007ffd803c0000 - 0x00007ffd803cc000 	C:\Users\luczu\.jdks\corretto-17.0.10\bin\vcruntime140_1.dll
0x00007ffd6e560000 - 0x00007ffd6e5ed000 	C:\Users\luczu\.jdks\corretto-17.0.10\bin\msvcp140.dll
0x00007ffcd0ac0000 - 0x00007ffcd1722000 	C:\Users\luczu\.jdks\corretto-17.0.10\bin\server\jvm.dll
0x00007ffdaa430000 - 0x00007ffdaa4e3000 	C:\WINDOWS\System32\ADVAPI32.dll
0x00007ffdabe30000 - 0x00007ffdabed8000 	C:\WINDOWS\System32\sechost.dll
0x00007ffda9b90000 - 0x00007ffda9bb8000 	C:\WINDOWS\System32\bcrypt.dll
0x00007ffdaa9f0000 - 0x00007ffdaab07000 	C:\WINDOWS\System32\RPCRT4.dll
0x00007ffda8520000 - 0x00007ffda856d000 	C:\WINDOWS\SYSTEM32\POWRPROF.dll
0x00007ffd9e910000 - 0x00007ffd9e944000 	C:\WINDOWS\SYSTEM32\WINMM.dll
0x00007ffd87cb0000 - 0x00007ffd87cb9000 	C:\WINDOWS\SYSTEM32\WSOCK32.dll
0x00007ffd9f400000 - 0x00007ffd9f40a000 	C:\WINDOWS\SYSTEM32\VERSION.dll
0x00007ffdab4e0000 - 0x00007ffdab551000 	C:\WINDOWS\System32\WS2_32.dll
0x00007ffda84e0000 - 0x00007ffda84f3000 	C:\WINDOWS\SYSTEM32\UMPDC.dll
0x00007ffda87a0000 - 0x00007ffda87b8000 	C:\WINDOWS\SYSTEM32\kernel.appcore.dll
0x00007ffd80200000 - 0x00007ffd8020a000 	C:\Users\luczu\.jdks\corretto-17.0.10\bin\jimage.dll
0x00007ffda6b20000 - 0x00007ffda6d53000 	C:\WINDOWS\SYSTEM32\DBGHELP.DLL
0x00007ffdaabc0000 - 0x00007ffdaaf49000 	C:\WINDOWS\System32\combase.dll
0x00007ffdaa2e0000 - 0x00007ffdaa3b7000 	C:\WINDOWS\System32\OLEAUT32.dll
0x00007ffd8dd70000 - 0x00007ffd8dda2000 	C:\WINDOWS\SYSTEM32\dbgcore.DLL
0x00007ffda96a0000 - 0x00007ffda971a000 	C:\WINDOWS\System32\bcryptPrimitives.dll
0x00007ffd6e6d0000 - 0x00007ffd6e6f5000 	C:\Users\luczu\.jdks\corretto-17.0.10\bin\java.dll
0x00007ffd248a0000 - 0x00007ffd24977000 	C:\Users\luczu\.jdks\corretto-17.0.10\bin\jsvml.dll
0x00007ffdab5c0000 - 0x00007ffdabe1b000 	C:\WINDOWS\System32\SHELL32.dll
0x00007ffda7590000 - 0x00007ffda7e86000 	C:\WINDOWS\SYSTEM32\windows.storage.dll
0x00007ffda7450000 - 0x00007ffda758e000 	C:\WINDOWS\SYSTEM32\wintypes.dll
0x00007ffdac1f0000 - 0x00007ffdac2e3000 	C:\WINDOWS\System32\SHCORE.dll
0x00007ffdabee0000 - 0x00007ffdabf3e000 	C:\WINDOWS\System32\shlwapi.dll
0x00007ffda95a0000 - 0x00007ffda95c6000 	C:\WINDOWS\SYSTEM32\profapi.dll
0x00007ffd6e6b0000 - 0x00007ffd6e6c9000 	C:\Users\luczu\.jdks\corretto-17.0.10\bin\net.dll
0x00007ffd9fd20000 - 0x00007ffd9fe57000 	C:\WINDOWS\SYSTEM32\WINHTTP.dll
0x00007ffda8c20000 - 0x00007ffda8c89000 	C:\WINDOWS\system32\mswsock.dll
0x00007ffd6e540000 - 0x00007ffd6e556000 	C:\Users\luczu\.jdks\corretto-17.0.10\bin\nio.dll
0x00007ffd6e520000 - 0x00007ffd6e538000 	C:\Users\luczu\.jdks\corretto-17.0.10\bin\zip.dll
0x0000028618d20000 - 0x0000028618d23000 	C:\Program Files (x86)\Windows Kits\10\Redist\ucrt\DLLs\x64\api-ms-win-crt-locale-l1-1-0.dll
0x0000028618d30000 - 0x0000028618d34000 	C:\Program Files (x86)\Windows Kits\10\Redist\ucrt\DLLs\x64\api-ms-win-crt-string-l1-1-0.dll
0x0000028618d40000 - 0x0000028618d44000 	C:\Program Files (x86)\Windows Kits\10\Redist\ucrt\DLLs\x64\api-ms-win-crt-stdio-l1-1-0.dll
0x0000028618d50000 - 0x0000028618d55000 	C:\Program Files (x86)\Windows Kits\10\Redist\ucrt\DLLs\x64\api-ms-win-crt-math-l1-1-0.dll
0x0000028618d60000 - 0x0000028618d63000 	C:\Program Files (x86)\Windows Kits\10\Redist\ucrt\DLLs\x64\api-ms-win-crt-heap-l1-1-0.dll
0x000002861ad10000 - 0x000002861ad14000 	C:\Program Files (x86)\Windows Kits\10\Redist\ucrt\DLLs\x64\api-ms-win-crt-runtime-l1-1-0.dll
0x000002863eaf0000 - 0x000002863eaf4000 	C:\Program Files (x86)\Windows Kits\10\Redist\ucrt\DLLs\x64\api-ms-win-crt-convert-l1-1-0.dll
0x000002863eb00000 - 0x000002863eb03000 	C:\Program Files (x86)\Windows Kits\10\Redist\ucrt\DLLs\x64\api-ms-win-crt-environment-l1-1-0.dll
0x000002863eb10000 - 0x000002863eb13000 	C:\Program Files (x86)\Windows Kits\10\Redist\ucrt\DLLs\x64\api-ms-win-crt-time-l1-1-0.dll
0x000002863eb20000 - 0x000002863eb23000 	C:\Program Files (x86)\Windows Kits\10\Redist\ucrt\DLLs\x64\api-ms-win-crt-filesystem-l1-1-0.dll
0x000002863eb30000 - 0x000002863eb33000 	C:\Program Files (x86)\Windows Kits\10\Redist\ucrt\DLLs\x64\api-ms-win-crt-utility-l1-1-0.dll
0x000002863eb40000 - 0x000002863eb45000 	C:\Program Files (x86)\Windows Kits\10\Redist\ucrt\DLLs\x64\api-ms-win-crt-multibyte-l1-1-0.dll
0x000002863eb50000 - 0x000002863eb53000 	C:\Program Files (x86)\Windows Kits\10\Redist\ucrt\DLLs\x64\api-ms-win-crt-conio-l1-1-0.dll
0x000002863eb60000 - 0x000002863eb6f000 	C:\Program Files (x86)\Windows Kits\10\Redist\ucrt\DLLs\x64\api-ms-win-crt-private-l1-1-0.dll
0x000002863eb70000 - 0x000002863eb73000 	C:\Program Files (x86)\Windows Kits\10\Redist\ucrt\DLLs\x64\api-ms-win-crt-process-l1-1-0.dll
0x000002863ec80000 - 0x000002863ec83000 	C:\Program Files\Microsoft\jdk-11.0.12.7-hotspot\bin\api-ms-win-core-console-l1-2-0.dll
0x000002863ec90000 - 0x000002863ec93000 	C:\Program Files (x86)\Windows Kits\10\Redist\ucrt\DLLs\x64\api-ms-win-core-string-l1-1-0.dll
0x000002863eca0000 - 0x000002863eca3000 	C:\Program Files (x86)\Windows Kits\10\Redist\ucrt\DLLs\x64\api-ms-win-core-errorhandling-l1-1-0.dll
0x000002863ecb0000 - 0x000002863ecb3000 	C:\Program Files (x86)\Windows Kits\10\Redist\ucrt\DLLs\x64\api-ms-win-core-timezone-l1-1-0.dll
0x000002863ecc0000 - 0x000002863ecc4000 	C:\Program Files (x86)\Windows Kits\10\Redist\ucrt\DLLs\x64\api-ms-win-core-file-l1-1-0.dll
0x000002863ecd0000 - 0x000002863ecd3000 	C:\Program Files (x86)\Windows Kits\10\Redist\ucrt\DLLs\x64\api-ms-win-core-namedpipe-l1-1-0.dll
0x000002863ece0000 - 0x000002863ece3000 	C:\Program Files (x86)\Windows Kits\10\Redist\ucrt\DLLs\x64\api-ms-win-core-handle-l1-1-0.dll
0x000002863ecf0000 - 0x000002863ecf3000 	C:\Program Files (x86)\Windows Kits\10\Redist\ucrt\DLLs\x64\api-ms-win-core-file-l2-1-0.dll
0x000002863ed00000 - 0x000002863ed03000 	C:\Program Files (x86)\Windows Kits\10\Redist\ucrt\DLLs\x64\api-ms-win-core-heap-l1-1-0.dll
0x000002863ed10000 - 0x000002863ed13000 	C:\Program Files (x86)\Windows Kits\10\Redist\ucrt\DLLs\x64\api-ms-win-core-libraryloader-l1-1-0.dll
0x000002863ed20000 - 0x000002863ed23000 	C:\Program Files (x86)\Windows Kits\10\Redist\ucrt\DLLs\x64\api-ms-win-core-synch-l1-1-0.dll
0x000002863ed30000 - 0x000002863ed33000 	C:\Program Files (x86)\Windows Kits\10\Redist\ucrt\DLLs\x64\api-ms-win-core-processthreads-l1-1-0.dll
0x000002863ed40000 - 0x000002863ed43000 	C:\Program Files (x86)\Windows Kits\10\Redist\ucrt\DLLs\x64\api-ms-win-core-processenvironment-l1-1-0.dll
0x000002863ed50000 - 0x000002863ed53000 	C:\Program Files (x86)\Windows Kits\10\Redist\ucrt\DLLs\x64\api-ms-win-core-datetime-l1-1-0.dll
0x000002863ed60000 - 0x000002863ed63000 	C:\Program Files (x86)\Windows Kits\10\Redist\ucrt\DLLs\x64\api-ms-win-core-localization-l1-2-0.dll
0x000002863ed70000 - 0x000002863ed73000 	C:\Program Files (x86)\Windows Kits\10\Redist\ucrt\DLLs\x64\api-ms-win-core-sysinfo-l1-1-0.dll
0x000002863ed80000 - 0x000002863ed83000 	C:\Program Files (x86)\Windows Kits\10\Redist\ucrt\DLLs\x64\api-ms-win-core-synch-l1-2-0.dll
0x000002863ed90000 - 0x000002863ed93000 	C:\Program Files (x86)\Windows Kits\10\Redist\ucrt\DLLs\x64\api-ms-win-core-console-l1-1-0.dll
0x000002863eda0000 - 0x000002863eda3000 	C:\Program Files (x86)\Windows Kits\10\Redist\ucrt\DLLs\x64\api-ms-win-core-debug-l1-1-0.dll
0x000002863edb0000 - 0x000002863edb3000 	C:\Program Files (x86)\Windows Kits\10\Redist\ucrt\DLLs\x64\api-ms-win-core-rtlsupport-l1-1-0.dll
0x000002863edc0000 - 0x000002863edc3000 	C:\Program Files (x86)\Windows Kits\10\Redist\ucrt\DLLs\x64\api-ms-win-core-processthreads-l1-1-1.dll
0x000002863edd0000 - 0x000002863edd3000 	C:\Program Files (x86)\Windows Kits\10\Redist\ucrt\DLLs\x64\api-ms-win-core-file-l1-2-0.dll
0x000002863ede0000 - 0x000002863ede3000 	C:\Program Files (x86)\Windows Kits\10\Redist\ucrt\DLLs\x64\api-ms-win-core-profile-l1-1-0.dll
0x000002863edf0000 - 0x000002863edf3000 	C:\Program Files (x86)\Windows Kits\10\Redist\ucrt\DLLs\x64\api-ms-win-core-memory-l1-1-0.dll
0x000002863ee00000 - 0x000002863ee03000 	C:\Program Files (x86)\Windows Kits\10\Redist\ucrt\DLLs\x64\api-ms-win-core-util-l1-1-0.dll
0x000002863ee10000 - 0x000002863ee13000 	C:\Program Files (x86)\Windows Kits\10\Redist\ucrt\DLLs\x64\api-ms-win-core-interlocked-l1-1-0.dll
0x00007ffcd2950000 - 0x00007ffcd2a42000 	C:\Program Files (x86)\Windows Kits\10\Redist\ucrt\DLLs\x64\ucrtbase.dll
0x00007ffd80b80000 - 0x00007ffd80b89000 	C:\Windows\System32\msvcp140_1.dll
0x00007ffd582d0000 - 0x00007ffd5831e000 	C:\Windows\System32\concrt140.dll
0x00007ffd55560000 - 0x00007ffd55591000 	C:\Windows\System32\vcomp140.dll
0x00007ffd79e20000 - 0x00007ffd79f20000 	C:\Windows\System32\opengl32.dll
0x00007ffd79cd0000 - 0x00007ffd79cfd000 	C:\WINDOWS\SYSTEM32\GLU32.dll
0x00007ffda68a0000 - 0x00007ffda68d9000 	C:\WINDOWS\SYSTEM32\dxcore.dll
0x00007ffcd2730000 - 0x00007ffcd294d000 	C:\Users\luczu\.javacpp\cache\jaylib-4.5.0-0.jar\com\raylib\windows-x86_64\jniRaylib.dll
0x00007ffcf41b0000 - 0x00007ffcf41f6000 	C:\WINDOWS\SYSTEM32\dinput8.dll
0x00007ffd691e0000 - 0x00007ffd691f1000 	C:\WINDOWS\SYSTEM32\xinput1_4.dll
0x00007ffda9360000 - 0x00007ffda93ae000 	C:\WINDOWS\SYSTEM32\cfgmgr32.dll
0x00007ffda9330000 - 0x00007ffda935c000 	C:\WINDOWS\SYSTEM32\DEVOBJ.dll
0x00007ffda6a20000 - 0x00007ffda6a4b000 	C:\WINDOWS\SYSTEM32\dwmapi.dll
0x00007ffda3f30000 - 0x00007ffda3fdb000 	C:\WINDOWS\system32\uxtheme.dll
0x00007ffd87cc0000 - 0x00007ffd87eca000 	C:\WINDOWS\SYSTEM32\inputhost.dll
0x00007ffda3b50000 - 0x00007ffda3c84000 	C:\WINDOWS\SYSTEM32\CoreMessaging.dll
0x00007ffdabfd0000 - 0x00007ffdac121000 	C:\WINDOWS\System32\MSCTF.dll
0x00007ffda8e90000 - 0x00007ffda8e9c000 	C:\WINDOWS\SYSTEM32\CRYPTBASE.DLL
0x00007ffda7e90000 - 0x00007ffda7e9e000 	C:\WINDOWS\SYSTEM32\HID.DLL
0x00007ffdaa4f0000 - 0x00007ffdaa964000 	C:\WINDOWS\System32\SETUPAPI.DLL
0x00007ffdaa010000 - 0x00007ffdaa07b000 	C:\WINDOWS\System32\WINTRUST.dll
0x00007ffda9ea0000 - 0x00007ffdaa006000 	C:\WINDOWS\System32\CRYPT32.dll
0x00007ffda9310000 - 0x00007ffda9322000 	C:\WINDOWS\SYSTEM32\MSASN1.dll
0x00007ffda0870000 - 0x00007ffda08ba000 	C:\WINDOWS\SYSTEM32\directxdatabasehelper.dll
0x00007ffdaa080000 - 0x00007ffdaa130000 	C:\WINDOWS\System32\clbcatq.dll
0x00007ffc8fbb0000 - 0x00007ffc927a0000 	C:\WINDOWS\System32\DriverStore\FileRepository\nvhm.inf_amd64_28ac5867493a0477\nvoglv64.dll
0x00007ffdaaf50000 - 0x00007ffdab0f0000 	C:\WINDOWS\System32\ole32.dll
0x00007ffda8500000 - 0x00007ffda8514000 	C:\WINDOWS\SYSTEM32\WTSAPI32.dll
0x00007ffd9ec10000 - 0x00007ffd9ec42000 	C:\WINDOWS\SYSTEM32\cryptnet.dll
0x00007ffd90ed0000 - 0x00007ffd91028000 	C:\WINDOWS\SYSTEM32\drvstore.dll
0x00007ffda8f20000 - 0x00007ffda8f6b000 	C:\WINDOWS\SYSTEM32\wldp.dll
0x00007ffdac140000 - 0x00007ffdac15f000 	C:\WINDOWS\System32\imagehlp.dll
0x00007ffda8e70000 - 0x00007ffda8e8b000 	C:\WINDOWS\SYSTEM32\CRYPTSP.dll
0x00007ffda8700000 - 0x00007ffda8735000 	C:\WINDOWS\system32\rsaenh.dll
0x00007ffda8cb0000 - 0x00007ffda8cd6000 	C:\WINDOWS\SYSTEM32\gpapi.dll
0x00007ffd61250000 - 0x00007ffd6343b000 	C:\WINDOWS\System32\DriverStore\FileRepository\nvhm.inf_amd64_28ac5867493a0477\nvgpucomp64.dll
0x00007ffda87c0000 - 0x00007ffda87f4000 	C:\WINDOWS\SYSTEM32\ntmarta.dll
0x00007ffd27080000 - 0x00007ffd27343000 	C:\WINDOWS\system32\nvspcap64.dll
0x00007ffda80f0000 - 0x00007ffda8156000 	C:\WINDOWS\SYSTEM32\WINSTA.dll

dbghelp: loaded successfully - version: 4.0.5 - missing functions: none
symbol engine: initialized successfully - sym options: 0x614 - pdb path: .;C:\Users\luczu\.jdks\corretto-17.0.10\bin;C:\WINDOWS\SYSTEM32;C:\WINDOWS\WinSxS\amd64_microsoft.windows.common-controls_6595b64144ccf1df_6.0.22621.2506_none_270c5ae97388e100;C:\Users\luczu\.jdks\corretto-17.0.10\bin\server;C:\Program Files (x86)\Windows Kits\10\Redist\ucrt\DLLs\x64;C:\Program Files\Microsoft\jdk-11.0.12.7-hotspot\bin;C:\Users\luczu\.javacpp\cache\jaylib-4.5.0-0.jar\com\raylib\windows-x86_64;C:\WINDOWS\System32\DriverStore\FileRepository\nvhm.inf_amd64_28ac5867493a0477;C:\WINDOWS\System32\DriverStore\FileRepository\iigd_dch.inf_amd64_0fdf6ce291234272

VM Arguments:
jvm_args: -Dfile.encoding=windows-1252 -Duser.country=NL -Duser.language=nl -Duser.variant 
java_command: PineVille.GameScene
java_class_path (initial): C:\Users\luczu\OneDrive\Documenten\PineVille\build\classes\java\main;C:\Users\luczu\OneDrive\Documenten\PineVille\build\resources\main;C:\Users\luczu\.gradle\caches\modules-2\files-2.1\uk.co.electronstudio.jaylib\jaylib\4.5.0-0\90c0d608df9bbd32f5f34683acc58cb433e94508\jaylib-4.5.0-0.jar
Launcher Type: SUN_STANDARD

[Global flags]
     intx CICompilerCount                          = 12                                        {product} {ergonomic}
     uint ConcGCThreads                            = 3                                         {product} {ergonomic}
     uint G1ConcRefinementThreads                  = 13                                        {product} {ergonomic}
   size_t G1HeapRegionSize                         = 2097152                                   {product} {ergonomic}
    uintx GCDrainStackTargetSize                   = 64                                        {product} {ergonomic}
   size_t InitialHeapSize                          = 264241152                                 {product} {ergonomic}
   size_t MarkStackSize                            = 4194304                                   {product} {ergonomic}
   size_t MaxHeapSize                              = 4200595456                                {product} {ergonomic}
   size_t MaxNewSize                               = 2518679552                                {product} {ergonomic}
   size_t MinHeapDeltaBytes                        = 2097152                                   {product} {ergonomic}
   size_t MinHeapSize                              = 8388608                                   {product} {ergonomic}
    uintx NonNMethodCodeHeapSize                   = 7602480                                {pd product} {ergonomic}
    uintx NonProfiledCodeHeapSize                  = 122027880                              {pd product} {ergonomic}
    uintx ProfiledCodeHeapSize                     = 122027880                              {pd product} {ergonomic}
    uintx ReservedCodeCacheSize                    = 251658240                              {pd product} {ergonomic}
     bool SegmentedCodeCache                       = true                                      {product} {ergonomic}
   size_t SoftMaxHeapSize                          = 4200595456                             {manageable} {ergonomic}
     bool UseCompressedClassPointers               = true                           {product lp64_product} {ergonomic}
     bool UseCompressedOops                        = true                           {product lp64_product} {ergonomic}
     bool UseG1GC                                  = true                                      {product} {ergonomic}
     bool UseLargePagesIndividualAllocation        = false                                  {pd product} {ergonomic}

Logging:
Log output configuration:
 #0: stdout all=warning uptime,level,tags
 #1: stderr all=off uptime,level,tags

Environment Variables:
PATH=C:\Program Files (x86)\Common Files\Intel\Shared Libraries\redist\intel64\compiler;C:\Program Files\Common Files\Oracle\Java\javapath;C:\Program Files\Microsoft\jdk-11.0.12.7-hotspot\bin;C:\windows\system32;C:\windows;C:\windows\System32\Wbem;C:\windows\System32\WindowsPowerShell\v1.0\;C:\windows\System32\OpenSSH\;C:\Program Files (x86)\NVIDIA Corporation\PhysX\Common;C:\Program Files\NVIDIA Corporation\NVIDIA NvDLISR;C:\Program Files\Microsoft SQL Server\150\Tools\Binn\;C:\Program Files\Microsoft SQL Server\Client SDK\ODBC\170\Tools\Binn\;C:\Program Files\dotnet\;C:\WINDOWS\system32;C:\WINDOWS;C:\WINDOWS\System32\Wbem;C:\WINDOWS\System32\WindowsPowerShell\v1.0\;C:\WINDOWS\System32\OpenSSH\;C:\Program Files\CMake\bin;C:\Program Files\Git\cmd;C:\Users\luczu\AppData\Local\Microsoft\WindowsApps;C:\Users\luczu\.dotnet\tools;C:\Users\luczu\AppData\Local\GitHubDesktop\bin;;C:\Users\luczu\AppData\Local\Programs\Microsoft VS Code\bin
USERNAME=luczu
OS=Windows_NT
PROCESSOR_IDENTIFIER=Intel64 Family 6 Model 141 Stepping 1, GenuineIntel
TMP=C:\Users\luczu\AppData\Local\Temp
TEMP=C:\Users\luczu\AppData\Local\Temp



Periodic native trim disabled


---------------  S Y S T E M  ---------------

OS:
 Windows 11 , 64 bit Build 22621 (10.0.22621.3085)
OS uptime: 0 days 1:06 hours
Hyper-V role detected

CPU: total 16 (initial active 16) (8 cores per cpu, 2 threads per core) family 6 model 141 stepping 1 microcode 0x4e, cx8, cmov, fxsr, ht, mmx, 3dnowpref, sse, sse2, sse3, ssse3, sse4.1, sse4.2, popcnt, lzcnt, tsc, tscinvbit, avx, avx2, aes, erms, clmul, bmi1, bmi2, adx, avx512f, avx512dq, avx512cd, avx512bw, avx512vl, sha, fma, vzeroupper, avx512_vpopcntdq, avx512_vpclmulqdq, avx512_vaes, avx512_vnni, clflush, clflushopt, clwb, avx512_vbmi2, avx512_vbmi, hv
Processor Information for all 16 processors :
  Max Mhz: 2304, Current Mhz: 2304, Mhz Limit: 2304

Memory: 4k page, system-wide physical 16021M (2966M free)
TotalPageFile size 33429M (AvailPageFile size 13496M)
current process WorkingSet (physical memory assigned to process): 121M, peak: 207M
current process commit charge ("private bytes"): 501M, peak: 632M

vm_info: OpenJDK 64-Bit Server VM (17.0.10+7-LTS) for windows-amd64 JRE (17.0.10+7-LTS), built on Jan 10 2024 22:11:07 by "Administrator" with MS VC++ 16.10 / 16.11 (VS2019)

END.
