#
# A fatal error has been detected by the Java Runtime Environment:
#
#  EXCEPTION_ACCESS_VIOLATION (0xc0000005) at pc=0x0000000000000000, pid=32476, tid=30984
#
# JRE version: OpenJDK Runtime Environment Corretto-17.0.10.7.1 (17.0.10+7) (build 17.0.10+7-LTS)
# Java VM: OpenJDK 64-Bit Server VM Corretto-17.0.10.7.1 (17.0.10+7-LTS, mixed mode, sharing, tiered, compressed oops, compressed class ptrs, g1 gc, windows-amd64)
# Problematic frame:
# C  [jniRaylib.dll+0xdcb37]
#
# No core dump will be written. Minidumps are not enabled by default on client versions of Windows
#
# If you would like to submit a bug report, please visit:
#   https://github.com/corretto/corretto-17/issues/
# The crash happened outside the Java Virtual Machine in native code.
# See problematic frame for where to report the bug.
#

---------------  S U M M A R Y ------------

Command Line: -Dfile.encoding=windows-1252 -Duser.country=NL -Duser.language=nl -Duser.variant PineVille.GameScene

Host: 11th Gen Intel(R) Core(TM) i7-11800H @ 2.30GHz, 16 cores, 15G,  Windows 11 , 64 bit Build 22621 (10.0.22621.2506)
Time: Tue Feb 13 12:01:56 2024 West-Europa (standaardtijd) elapsed time: 0.813471 seconds (0d 0h 0m 0s)

---------------  T H R E A D  ---------------

Current thread (0x0000025cd999ab00):  JavaThread "main" [_thread_in_native, id=30984, stack(0x000000b747700000,0x000000b747800000)]

Stack: [0x000000b747700000,0x000000b747800000],  sp=0x000000b7477ff4b0,  free space=1021k
Native frames: (J=compiled Java code, j=interpreted, Vv=VM code, C=native code)

Java frames: (J=compiled Java code, j=interpreted, Vv=VM code)
j  com.raylib.Raylib.LoadTexture(Ljava/lang/String;)Lcom/raylib/Raylib$Texture;+0
j  PineVille.GameScene.main([Ljava/lang/String;)V+10
v  ~StubRoutines::call_stub

siginfo: EXCEPTION_ACCESS_VIOLATION (0xc0000005), data execution prevention violation at address 0x0000000000000000


Registers:
RAX=0x0000f71de9285cf4, RBX=0x0000000000000002, RCX=0x0000000000000de1, RDX=0x0000000000000000
RSP=0x000000b7477ff4a8, RBP=0x0000000000000002, RSI=0x0000000000000020, RDI=0x0000000000000020
R8 =0x0000000000000020, R9 =0x0000000000000002, R10=0x0000025cd7680000, R11=0x000000b7477ff4e0
R12=0x0000000000000000, R13=0x0000025cc50bc910, R14=0x0000000000000020, R15=0x0000025cd999ab00
RIP=0x0000000000000000, EFLAGS=0x0000000000010246


Register to memory mapping:

RIP=0x0 is NULL
RAX=0x0000f71de9285cf4 is an unknown value
RBX=0x0000000000000002 is an unknown value
RCX=0x0000000000000de1 is an unknown value
RDX=0x0 is NULL
RSP=0x000000b7477ff4a8 is pointing into the stack for thread: 0x0000025cd999ab00
RBP=0x0000000000000002 is an unknown value
RSI=0x0000000000000020 is an unknown value
RDI=0x0000000000000020 is an unknown value
R8 =0x0000000000000020 is an unknown value
R9 =0x0000000000000002 is an unknown value
R10=0x0000025cd7680000 points into unknown readable memory: 0x0000000000000000 | 00 00 00 00 00 00 00 00
R11=0x000000b7477ff4e0 is pointing into the stack for thread: 0x0000025cd999ab00
R12=0x0 is NULL
R13=0x0000025cc50bc910 points into unknown readable memory: 0x00ff00ff00ff00ff | ff 00 ff 00 ff 00 ff 00
R14=0x0000000000000020 is an unknown value
R15=0x0000025cd999ab00 is a thread


Top of Stack: (sp=0x000000b7477ff4a8)
0x000000b7477ff4a8:   00007ffc63fbcb37 0000000000000000
0x000000b7477ff4b8:   0000000000000000 0000000000000000
0x000000b7477ff4c8:   00007ffd4103480e 0000025cc588cea0
0x000000b7477ff4d8:   000000b7477ff660 0000025cd999ab00
0x000000b7477ff4e8:   0000000000000000 0000025cc141d7f8
0x000000b7477ff4f8:   0000000000000000 0000025c00000000
0x000000b7477ff508:   00007ffd43b6ab11 0000002000000020
0x000000b7477ff518:   0000025cd7680000 0000000200000001
0x000000b7477ff528:   0000f71de9285cf4 0000000000000000
0x000000b7477ff538:   0000025cfe052660 0000025cfe052470
0x000000b7477ff548:   00007ffd410437eb 000000b7477ff660
0x000000b7477ff558:   0000000000000001 0000025cc141d7f8
0x000000b7477ff568:   0000025cc50bc910 000000b7477ff660
0x000000b7477ff578:   00007ffc63f91bf0 000000b7477ff660
0x000000b7477ff588:   0000025c00000000 0000000000000000
0x000000b7477ff598:   0000000000000000 0000025c00000001
0x000000b7477ff5a8:   000000b7477ffbf0 000000b700000000
0x000000b7477ff5b8:   00007ffd41041b06 0000000000000000
0x000000b7477ff5c8:   0000025cc50bc910 0000002000000020
0x000000b7477ff5d8:   0000000200000001 0000025cc50bc910
0x000000b7477ff5e8:   0000002000000020 0000000200000001
0x000000b7477ff5f8:   0000000000000002 0000025cc588cea0
0x000000b7477ff608:   0000025cd999adb8 0000025cfd43a210
0x000000b7477ff618:   00007ffc63f2333b 000000b7000001f0
0x000000b7477ff628:   0000025cc141d800 000000b7477ff718
0x000000b7477ff638:   000000b7477ffbf0 0000025cd999ab00
0x000000b7477ff648:   0000025cd999ab00 0000025cc588cea0
0x000000b7477ff658:   0000025cd999ab00 0000000000000000
0x000000b7477ff668:   0000000000000000 0000025c00000000
0x000000b7477ff678:   0000025cc141d800 000000b7477ff738
0x000000b7477ff688:   0000025cd999ab00 000000b7477ffbf0
0x000000b7477ff698:   0000025ce890d621 0000025cd999adb8 

Instructions: (pc=0x00007ffc63fbcb37)
0x00007ffc63fbca37:   44 24 50 c7 44 24 50 00 00 00 00 ba 84 8b 00 00
0x00007ffc63fbca47:   8b ce ff 15 89 41 11 00 48 63 44 24 50 85 c0 7e
0x00007ffc63fbca57:   4d 48 8b c8 c7 44 24 20 00 00 00 00 ba 01 00 00
0x00007ffc63fbca67:   00 ff 15 ba 0b 08 00 8b 54 24 50 4c 8d 44 24 20
0x00007ffc63fbca77:   4c 8b c8 8b ce 48 8b d8 ff 15 bb 40 11 00 4c 8b
0x00007ffc63fbca87:   cb 48 8d 15 a9 d9 08 00 44 8b c6 b9 04 00 00 00
0x00007ffc63fbca97:   e8 d4 ce 06 00 48 8b cb ff 15 93 0b 08 00 8b ce
0x00007ffc63fbcaa7:   ff 15 5b 3a 11 00 33 c0 48 8b 5c 24 40 48 8b 74
0x00007ffc63fbcab7:   24 48 48 83 c4 30 5f c3 48 8d 15 92 d9 08 00 b9
0x00007ffc63fbcac7:   03 00 00 00 e8 a0 ce 06 00 48 8b 5c 24 40 8b c6
0x00007ffc63fbcad7:   48 8b 74 24 48 48 83 c4 30 5f c3 cc cc cc cc cc
0x00007ffc63fbcae7:   cc cc cc cc cc cc cc cc cc 40 53 56 41 55 41 56
0x00007ffc63fbcaf7:   48 81 ec a8 00 00 00 48 8b 05 73 12 11 00 48 33
0x00007ffc63fbcb07:   c4 48 89 44 24 78 44 8b f2 89 54 24 60 4c 8b e9
0x00007ffc63fbcb17:   44 89 44 24 64 33 d2 c7 44 24 50 00 00 00 00 b9
0x00007ffc63fbcb27:   e1 0d 00 00 41 8b d9 41 8b f0 ff 15 f1 35 11 00
0x00007ffc63fbcb37:   80 3d 00 61 11 00 00 75 1e 8d 43 f5 83 f8 03 77
0x00007ffc63fbcb47:   16 48 8d 15 e9 d1 08 00 b9 04 00 00 00 e8 17 ce
0x00007ffc63fbcb57:   06 00 e9 f6 03 00 00 80 3d da 60 11 00 00 75 19
0x00007ffc63fbcb67:   83 fb 0f 75 14 48 8d 15 f5 d1 08 00 8d 4b f5 e8
0x00007ffc63fbcb77:   f5 cd 06 00 e9 d4 03 00 00 80 3d b9 60 11 00 00
0x00007ffc63fbcb87:   75 1e 8d 43 f0 83 f8 01 77 16 48 8d 15 08 d2 08
0x00007ffc63fbcb97:   00 b9 04 00 00 00 e8 ce cd 06 00 e9 ad 03 00 00
0x00007ffc63fbcba7:   80 3d 93 60 11 00 00 75 1e 8d 43 ee 83 f8 01 77
0x00007ffc63fbcbb7:   16 48 8d 15 19 d2 08 00 b9 04 00 00 00 e8 a7 cd
0x00007ffc63fbcbc7:   06 00 e9 86 03 00 00 80 3d 6d 60 11 00 00 75 1e
0x00007ffc63fbcbd7:   8d 43 ec 83 f8 01 77 16 48 8d 15 2a d2 08 00 b9
0x00007ffc63fbcbe7:   04 00 00 00 e8 80 cd 06 00 e9 5f 03 00 00 48 89
0x00007ffc63fbcbf7:   ac 24 a0 00 00 00 ba 01 00 00 00 48 89 bc 24 98
0x00007ffc63fbcc07:   00 00 00 b9 f5 0c 00 00 4c 89 a4 24 90 00 00 00
0x00007ffc63fbcc17:   4c 89 bc 24 88 00 00 00 ff 15 13 48 11 00 48 8d
0x00007ffc63fbcc27:   54 24 50 b9 01 00 00 00 ff 15 43 3c 11 00 8b 54 


Stack slot to memory mapping:
stack at sp + 0 slots: 0x0 is NULL
stack at sp + 1 slots: 0x0 is NULL
stack at sp + 2 slots: 0x0 is NULL
stack at sp + 3 slots: 0x00007ffd4103480e ucrtbase.dll
stack at sp + 4 slots: 0x0000025cc588cea0 points into unknown readable memory: 0x656372756f736572 | 72 65 73 6f 75 72 63 65
stack at sp + 5 slots: 0x000000b7477ff660 is pointing into the stack for thread: 0x0000025cd999ab00
stack at sp + 6 slots: 0x0000025cd999ab00 is a thread
stack at sp + 7 slots: 0x0 is NULL


---------------  P R O C E S S  ---------------

Threads class SMR info:
_java_thread_list=0x0000025cc58c8a20, length=18, elements={
0x0000025cd999ab00, 0x0000025cfcb293c0, 0x0000025cfcb29f80, 0x0000025cfcb43be0,
0x0000025cfcb447a0, 0x0000025cfcb49180, 0x0000025cfcb49b40, 0x0000025cfcb4a830,
0x0000025cfcb567f0, 0x0000025cfcb59200, 0x0000025cfd35ba30, 0x0000025cfd35ff60,
0x0000025cfd3923d0, 0x0000025cfd395b60, 0x0000025cfd838d20, 0x0000025cfd932cc0,
0x0000025cfe348d50, 0x0000025cfdd53b90
}

Java Threads: ( => current thread )
=>0x0000025cd999ab00 JavaThread "main" [_thread_in_native, id=30984, stack(0x000000b747700000,0x000000b747800000)]
  0x0000025cfcb293c0 JavaThread "Reference Handler" daemon [_thread_blocked, id=8608, stack(0x000000b747e00000,0x000000b747f00000)]
  0x0000025cfcb29f80 JavaThread "Finalizer" daemon [_thread_blocked, id=17960, stack(0x000000b747f00000,0x000000b748000000)]
  0x0000025cfcb43be0 JavaThread "Signal Dispatcher" daemon [_thread_blocked, id=26252, stack(0x000000b748000000,0x000000b748100000)]
  0x0000025cfcb447a0 JavaThread "Attach Listener" daemon [_thread_blocked, id=31636, stack(0x000000b748100000,0x000000b748200000)]
  0x0000025cfcb49180 JavaThread "Service Thread" daemon [_thread_blocked, id=31952, stack(0x000000b748200000,0x000000b748300000)]
  0x0000025cfcb49b40 JavaThread "Monitor Deflation Thread" daemon [_thread_blocked, id=17168, stack(0x000000b748300000,0x000000b748400000)]
  0x0000025cfcb4a830 JavaThread "C2 CompilerThread0" daemon [_thread_in_native, id=32508, stack(0x000000b748400000,0x000000b748500000)]
  0x0000025cfcb567f0 JavaThread "C1 CompilerThread0" daemon [_thread_blocked, id=30960, stack(0x000000b748500000,0x000000b748600000)]
  0x0000025cfcb59200 JavaThread "Sweeper thread" daemon [_thread_blocked, id=31056, stack(0x000000b748600000,0x000000b748700000)]
  0x0000025cfd35ba30 JavaThread "C1 CompilerThread1" daemon [_thread_blocked, id=31060, stack(0x000000b748700000,0x000000b748800000)]
  0x0000025cfd35ff60 JavaThread "C1 CompilerThread2" daemon [_thread_blocked, id=3004, stack(0x000000b748800000,0x000000b748900000)]
  0x0000025cfd3923d0 JavaThread "Notification Thread" daemon [_thread_blocked, id=8572, stack(0x000000b748900000,0x000000b748a00000)]
  0x0000025cfd395b60 JavaThread "Common-Cleaner" daemon [_thread_blocked, id=20468, stack(0x000000b748b00000,0x000000b748c00000)]
  0x0000025cfd838d20 JavaThread "C2 CompilerThread1" daemon [_thread_blocked, id=11848, stack(0x000000b748c00000,0x000000b748d00000)]
  0x0000025cfd932cc0 JavaThread "C2 CompilerThread2" daemon [_thread_blocked, id=16340, stack(0x000000b748d00000,0x000000b748e00000)]
  0x0000025cfe348d50 JavaThread "C2 CompilerThread3" daemon [_thread_blocked, id=22888, stack(0x000000b748e00000,0x000000b748f00000)]
  0x0000025cfdd53b90 JavaThread "JavaCPP Deallocator" daemon [_thread_blocked, id=13516, stack(0x000000b748f00000,0x000000b749000000)]

Other Threads:
  0x0000025cfcb24910 VMThread "VM Thread" [stack: 0x000000b747d00000,0x000000b747e00000] [id=15584]
  0x0000025cfd392ac0 WatcherThread [stack: 0x000000b748a00000,0x000000b748b00000] [id=19728]
  0x0000025cd9a060b0 GCTaskThread "GC Thread#0" [stack: 0x000000b747800000,0x000000b747900000] [id=29588]
  0x0000025cfe681fa0 GCTaskThread "GC Thread#1" [stack: 0x000000b749000000,0x000000b749100000] [id=9272]
  0x0000025cfe1e93c0 GCTaskThread "GC Thread#2" [stack: 0x000000b749100000,0x000000b749200000] [id=18720]
  0x0000025cfeb34260 GCTaskThread "GC Thread#3" [stack: 0x000000b749200000,0x000000b749300000] [id=17156]
  0x0000025cc5690770 GCTaskThread "GC Thread#4" [stack: 0x000000b749300000,0x000000b749400000] [id=14344]
  0x0000025cc5690a30 GCTaskThread "GC Thread#5" [stack: 0x000000b749400000,0x000000b749500000] [id=7052]
  0x0000025cd9a17a60 ConcurrentGCThread "G1 Main Marker" [stack: 0x000000b747900000,0x000000b747a00000] [id=30740]
  0x0000025cd9a19490 ConcurrentGCThread "G1 Conc#0" [stack: 0x000000b747a00000,0x000000b747b00000] [id=8900]
  0x0000025cfca60430 ConcurrentGCThread "G1 Refine#0" [stack: 0x000000b747b00000,0x000000b747c00000] [id=32292]
  0x0000025cfca60c70 ConcurrentGCThread "G1 Service" [stack: 0x000000b747c00000,0x000000b747d00000] [id=25260]

Threads with active compile tasks:
C2 CompilerThread0      877  549       4       java.lang.CompoundEnumeration::next (58 bytes)

VM state: not at safepoint (normal execution)

VM Mutex/Monitor currently owned by a thread: None

Heap address: 0x0000000705a00000, size: 4006 MB, Compressed Oops mode: Zero based, Oop shift amount: 3

CDS archive(s) mapped at: [0x0000025c80000000-0x0000025c80bb0000-0x0000025c80bb0000), size 12255232, SharedBaseAddress: 0x0000025c80000000, ArchiveRelocationMode: 1.
Compressed class space mapped at: 0x0000025c81000000-0x0000025cc1000000, reserved size: 1073741824
Narrow klass base: 0x0000025c80000000, Narrow klass shift: 0, Narrow klass range: 0x100000000

GC Precious Log:
 CPUs: 16 total, 16 available
 Memory: 16021M
 Large Page Support: Disabled
 NUMA Support: Disabled
 Compressed Oops: Enabled (Zero based)
 Heap Region Size: 2M
 Heap Min Capacity: 8M
 Heap Initial Capacity: 252M
 Heap Max Capacity: 4006M
 Pre-touch: Disabled
 Parallel Workers: 13
 Concurrent Workers: 3
 Concurrent Refinement Workers: 13
 Periodic GC: Disabled

Heap:
 garbage-first heap   total 258048K, used 1602K [0x0000000705a00000, 0x0000000800000000)
  region size 2048K, 2 young (4096K), 1 survivors (2048K)
 Metaspace       used 1991K, committed 2176K, reserved 1114112K
  class space    used 174K, committed 256K, reserved 1048576K

Heap Regions: E=young(eden), S=young(survivor), O=old, HS=humongous(starts), HC=humongous(continues), CS=collection set, F=free, OA=open archive, CA=closed archive, TAMS=top-at-mark-start (previous, next)
|   0|0x0000000705a00000, 0x0000000705a00000, 0x0000000705c00000|  0%| F|  |TAMS 0x0000000705a00000, 0x0000000705a00000| Untracked 
|   1|0x0000000705c00000, 0x0000000705c00000, 0x0000000705e00000|  0%| F|  |TAMS 0x0000000705c00000, 0x0000000705c00000| Untracked 
|   2|0x0000000705e00000, 0x0000000705e00000, 0x0000000706000000|  0%| F|  |TAMS 0x0000000705e00000, 0x0000000705e00000| Untracked 
|   3|0x0000000706000000, 0x0000000706000000, 0x0000000706200000|  0%| F|  |TAMS 0x0000000706000000, 0x0000000706000000| Untracked 
|   4|0x0000000706200000, 0x0000000706200000, 0x0000000706400000|  0%| F|  |TAMS 0x0000000706200000, 0x0000000706200000| Untracked 
|   5|0x0000000706400000, 0x0000000706400000, 0x0000000706600000|  0%| F|  |TAMS 0x0000000706400000, 0x0000000706400000| Untracked 
|   6|0x0000000706600000, 0x0000000706600000, 0x0000000706800000|  0%| F|  |TAMS 0x0000000706600000, 0x0000000706600000| Untracked 
|   7|0x0000000706800000, 0x0000000706800000, 0x0000000706a00000|  0%| F|  |TAMS 0x0000000706800000, 0x0000000706800000| Untracked 
|   8|0x0000000706a00000, 0x0000000706a00000, 0x0000000706c00000|  0%| F|  |TAMS 0x0000000706a00000, 0x0000000706a00000| Untracked 
|   9|0x0000000706c00000, 0x0000000706c00000, 0x0000000706e00000|  0%| F|  |TAMS 0x0000000706c00000, 0x0000000706c00000| Untracked 
|  10|0x0000000706e00000, 0x0000000706e00000, 0x0000000707000000|  0%| F|  |TAMS 0x0000000706e00000, 0x0000000706e00000| Untracked 
|  11|0x0000000707000000, 0x0000000707000000, 0x0000000707200000|  0%| F|  |TAMS 0x0000000707000000, 0x0000000707000000| Untracked 
|  12|0x0000000707200000, 0x0000000707200000, 0x0000000707400000|  0%| F|  |TAMS 0x0000000707200000, 0x0000000707200000| Untracked 
|  13|0x0000000707400000, 0x0000000707400000, 0x0000000707600000|  0%| F|  |TAMS 0x0000000707400000, 0x0000000707400000| Untracked 
|  14|0x0000000707600000, 0x0000000707600000, 0x0000000707800000|  0%| F|  |TAMS 0x0000000707600000, 0x0000000707600000| Untracked 
|  15|0x0000000707800000, 0x0000000707800000, 0x0000000707a00000|  0%| F|  |TAMS 0x0000000707800000, 0x0000000707800000| Untracked 
|  16|0x0000000707a00000, 0x0000000707a00000, 0x0000000707c00000|  0%| F|  |TAMS 0x0000000707a00000, 0x0000000707a00000| Untracked 
|  17|0x0000000707c00000, 0x0000000707c00000, 0x0000000707e00000|  0%| F|  |TAMS 0x0000000707c00000, 0x0000000707c00000| Untracked 
|  18|0x0000000707e00000, 0x0000000707e00000, 0x0000000708000000|  0%| F|  |TAMS 0x0000000707e00000, 0x0000000707e00000| Untracked 
|  19|0x0000000708000000, 0x0000000708000000, 0x0000000708200000|  0%| F|  |TAMS 0x0000000708000000, 0x0000000708000000| Untracked 
|  20|0x0000000708200000, 0x0000000708200000, 0x0000000708400000|  0%| F|  |TAMS 0x0000000708200000, 0x0000000708200000| Untracked 
|  21|0x0000000708400000, 0x0000000708400000, 0x0000000708600000|  0%| F|  |TAMS 0x0000000708400000, 0x0000000708400000| Untracked 
|  22|0x0000000708600000, 0x0000000708600000, 0x0000000708800000|  0%| F|  |TAMS 0x0000000708600000, 0x0000000708600000| Untracked 
|  23|0x0000000708800000, 0x0000000708800000, 0x0000000708a00000|  0%| F|  |TAMS 0x0000000708800000, 0x0000000708800000| Untracked 
|  24|0x0000000708a00000, 0x0000000708a00000, 0x0000000708c00000|  0%| F|  |TAMS 0x0000000708a00000, 0x0000000708a00000| Untracked 
|  25|0x0000000708c00000, 0x0000000708c00000, 0x0000000708e00000|  0%| F|  |TAMS 0x0000000708c00000, 0x0000000708c00000| Untracked 
|  26|0x0000000708e00000, 0x0000000708e00000, 0x0000000709000000|  0%| F|  |TAMS 0x0000000708e00000, 0x0000000708e00000| Untracked 
|  27|0x0000000709000000, 0x0000000709000000, 0x0000000709200000|  0%| F|  |TAMS 0x0000000709000000, 0x0000000709000000| Untracked 
|  28|0x0000000709200000, 0x0000000709200000, 0x0000000709400000|  0%| F|  |TAMS 0x0000000709200000, 0x0000000709200000| Untracked 
|  29|0x0000000709400000, 0x0000000709400000, 0x0000000709600000|  0%| F|  |TAMS 0x0000000709400000, 0x0000000709400000| Untracked 
|  30|0x0000000709600000, 0x0000000709600000, 0x0000000709800000|  0%| F|  |TAMS 0x0000000709600000, 0x0000000709600000| Untracked 
|  31|0x0000000709800000, 0x0000000709800000, 0x0000000709a00000|  0%| F|  |TAMS 0x0000000709800000, 0x0000000709800000| Untracked 
|  32|0x0000000709a00000, 0x0000000709a00000, 0x0000000709c00000|  0%| F|  |TAMS 0x0000000709a00000, 0x0000000709a00000| Untracked 
|  33|0x0000000709c00000, 0x0000000709c00000, 0x0000000709e00000|  0%| F|  |TAMS 0x0000000709c00000, 0x0000000709c00000| Untracked 
|  34|0x0000000709e00000, 0x0000000709e00000, 0x000000070a000000|  0%| F|  |TAMS 0x0000000709e00000, 0x0000000709e00000| Untracked 
|  35|0x000000070a000000, 0x000000070a000000, 0x000000070a200000|  0%| F|  |TAMS 0x000000070a000000, 0x000000070a000000| Untracked 
|  36|0x000000070a200000, 0x000000070a200000, 0x000000070a400000|  0%| F|  |TAMS 0x000000070a200000, 0x000000070a200000| Untracked 
|  37|0x000000070a400000, 0x000000070a400000, 0x000000070a600000|  0%| F|  |TAMS 0x000000070a400000, 0x000000070a400000| Untracked 
|  38|0x000000070a600000, 0x000000070a600000, 0x000000070a800000|  0%| F|  |TAMS 0x000000070a600000, 0x000000070a600000| Untracked 
|  39|0x000000070a800000, 0x000000070a800000, 0x000000070aa00000|  0%| F|  |TAMS 0x000000070a800000, 0x000000070a800000| Untracked 
|  40|0x000000070aa00000, 0x000000070aa00000, 0x000000070ac00000|  0%| F|  |TAMS 0x000000070aa00000, 0x000000070aa00000| Untracked 
|  41|0x000000070ac00000, 0x000000070ac00000, 0x000000070ae00000|  0%| F|  |TAMS 0x000000070ac00000, 0x000000070ac00000| Untracked 
|  42|0x000000070ae00000, 0x000000070ae00000, 0x000000070b000000|  0%| F|  |TAMS 0x000000070ae00000, 0x000000070ae00000| Untracked 
|  43|0x000000070b000000, 0x000000070b000000, 0x000000070b200000|  0%| F|  |TAMS 0x000000070b000000, 0x000000070b000000| Untracked 
|  44|0x000000070b200000, 0x000000070b200000, 0x000000070b400000|  0%| F|  |TAMS 0x000000070b200000, 0x000000070b200000| Untracked 
|  45|0x000000070b400000, 0x000000070b400000, 0x000000070b600000|  0%| F|  |TAMS 0x000000070b400000, 0x000000070b400000| Untracked 
|  46|0x000000070b600000, 0x000000070b600000, 0x000000070b800000|  0%| F|  |TAMS 0x000000070b600000, 0x000000070b600000| Untracked 
|  47|0x000000070b800000, 0x000000070b800000, 0x000000070ba00000|  0%| F|  |TAMS 0x000000070b800000, 0x000000070b800000| Untracked 
|  48|0x000000070ba00000, 0x000000070ba00000, 0x000000070bc00000|  0%| F|  |TAMS 0x000000070ba00000, 0x000000070ba00000| Untracked 
|  49|0x000000070bc00000, 0x000000070bc00000, 0x000000070be00000|  0%| F|  |TAMS 0x000000070bc00000, 0x000000070bc00000| Untracked 
|  50|0x000000070be00000, 0x000000070be00000, 0x000000070c000000|  0%| F|  |TAMS 0x000000070be00000, 0x000000070be00000| Untracked 
|  51|0x000000070c000000, 0x000000070c000000, 0x000000070c200000|  0%| F|  |TAMS 0x000000070c000000, 0x000000070c000000| Untracked 
|  52|0x000000070c200000, 0x000000070c200000, 0x000000070c400000|  0%| F|  |TAMS 0x000000070c200000, 0x000000070c200000| Untracked 
|  53|0x000000070c400000, 0x000000070c400000, 0x000000070c600000|  0%| F|  |TAMS 0x000000070c400000, 0x000000070c400000| Untracked 
|  54|0x000000070c600000, 0x000000070c600000, 0x000000070c800000|  0%| F|  |TAMS 0x000000070c600000, 0x000000070c600000| Untracked 
|  55|0x000000070c800000, 0x000000070c800000, 0x000000070ca00000|  0%| F|  |TAMS 0x000000070c800000, 0x000000070c800000| Untracked 
|  56|0x000000070ca00000, 0x000000070ca00000, 0x000000070cc00000|  0%| F|  |TAMS 0x000000070ca00000, 0x000000070ca00000| Untracked 
|  57|0x000000070cc00000, 0x000000070cc00000, 0x000000070ce00000|  0%| F|  |TAMS 0x000000070cc00000, 0x000000070cc00000| Untracked 
|  58|0x000000070ce00000, 0x000000070ce00000, 0x000000070d000000|  0%| F|  |TAMS 0x000000070ce00000, 0x000000070ce00000| Untracked 
|  59|0x000000070d000000, 0x000000070d000000, 0x000000070d200000|  0%| F|  |TAMS 0x000000070d000000, 0x000000070d000000| Untracked 
|  60|0x000000070d200000, 0x000000070d200000, 0x000000070d400000|  0%| F|  |TAMS 0x000000070d200000, 0x000000070d200000| Untracked 
|  61|0x000000070d400000, 0x000000070d400000, 0x000000070d600000|  0%| F|  |TAMS 0x000000070d400000, 0x000000070d400000| Untracked 
|  62|0x000000070d600000, 0x000000070d600000, 0x000000070d800000|  0%| F|  |TAMS 0x000000070d600000, 0x000000070d600000| Untracked 
|  63|0x000000070d800000, 0x000000070d800000, 0x000000070da00000|  0%| F|  |TAMS 0x000000070d800000, 0x000000070d800000| Untracked 
|  64|0x000000070da00000, 0x000000070da00000, 0x000000070dc00000|  0%| F|  |TAMS 0x000000070da00000, 0x000000070da00000| Untracked 
|  65|0x000000070dc00000, 0x000000070dc00000, 0x000000070de00000|  0%| F|  |TAMS 0x000000070dc00000, 0x000000070dc00000| Untracked 
|  66|0x000000070de00000, 0x000000070de00000, 0x000000070e000000|  0%| F|  |TAMS 0x000000070de00000, 0x000000070de00000| Untracked 
|  67|0x000000070e000000, 0x000000070e000000, 0x000000070e200000|  0%| F|  |TAMS 0x000000070e000000, 0x000000070e000000| Untracked 
|  68|0x000000070e200000, 0x000000070e200000, 0x000000070e400000|  0%| F|  |TAMS 0x000000070e200000, 0x000000070e200000| Untracked 
|  69|0x000000070e400000, 0x000000070e400000, 0x000000070e600000|  0%| F|  |TAMS 0x000000070e400000, 0x000000070e400000| Untracked 
|  70|0x000000070e600000, 0x000000070e600000, 0x000000070e800000|  0%| F|  |TAMS 0x000000070e600000, 0x000000070e600000| Untracked 
|  71|0x000000070e800000, 0x000000070e800000, 0x000000070ea00000|  0%| F|  |TAMS 0x000000070e800000, 0x000000070e800000| Untracked 
|  72|0x000000070ea00000, 0x000000070ea00000, 0x000000070ec00000|  0%| F|  |TAMS 0x000000070ea00000, 0x000000070ea00000| Untracked 
|  73|0x000000070ec00000, 0x000000070ec00000, 0x000000070ee00000|  0%| F|  |TAMS 0x000000070ec00000, 0x000000070ec00000| Untracked 
|  74|0x000000070ee00000, 0x000000070ee00000, 0x000000070f000000|  0%| F|  |TAMS 0x000000070ee00000, 0x000000070ee00000| Untracked 
|  75|0x000000070f000000, 0x000000070f000000, 0x000000070f200000|  0%| F|  |TAMS 0x000000070f000000, 0x000000070f000000| Untracked 
|  76|0x000000070f200000, 0x000000070f200000, 0x000000070f400000|  0%| F|  |TAMS 0x000000070f200000, 0x000000070f200000| Untracked 
|  77|0x000000070f400000, 0x000000070f400000, 0x000000070f600000|  0%| F|  |TAMS 0x000000070f400000, 0x000000070f400000| Untracked 
|  78|0x000000070f600000, 0x000000070f600000, 0x000000070f800000|  0%| F|  |TAMS 0x000000070f600000, 0x000000070f600000| Untracked 
|  79|0x000000070f800000, 0x000000070f800000, 0x000000070fa00000|  0%| F|  |TAMS 0x000000070f800000, 0x000000070f800000| Untracked 
|  80|0x000000070fa00000, 0x000000070fa00000, 0x000000070fc00000|  0%| F|  |TAMS 0x000000070fa00000, 0x000000070fa00000| Untracked 
|  81|0x000000070fc00000, 0x000000070fc00000, 0x000000070fe00000|  0%| F|  |TAMS 0x000000070fc00000, 0x000000070fc00000| Untracked 
|  82|0x000000070fe00000, 0x000000070fe00000, 0x0000000710000000|  0%| F|  |TAMS 0x000000070fe00000, 0x000000070fe00000| Untracked 
|  83|0x0000000710000000, 0x0000000710000000, 0x0000000710200000|  0%| F|  |TAMS 0x0000000710000000, 0x0000000710000000| Untracked 
|  84|0x0000000710200000, 0x0000000710200000, 0x0000000710400000|  0%| F|  |TAMS 0x0000000710200000, 0x0000000710200000| Untracked 
|  85|0x0000000710400000, 0x0000000710400000, 0x0000000710600000|  0%| F|  |TAMS 0x0000000710400000, 0x0000000710400000| Untracked 
|  86|0x0000000710600000, 0x0000000710600000, 0x0000000710800000|  0%| F|  |TAMS 0x0000000710600000, 0x0000000710600000| Untracked 
|  87|0x0000000710800000, 0x0000000710800000, 0x0000000710a00000|  0%| F|  |TAMS 0x0000000710800000, 0x0000000710800000| Untracked 
|  88|0x0000000710a00000, 0x0000000710a00000, 0x0000000710c00000|  0%| F|  |TAMS 0x0000000710a00000, 0x0000000710a00000| Untracked 
|  89|0x0000000710c00000, 0x0000000710c00000, 0x0000000710e00000|  0%| F|  |TAMS 0x0000000710c00000, 0x0000000710c00000| Untracked 
|  90|0x0000000710e00000, 0x0000000710e00000, 0x0000000711000000|  0%| F|  |TAMS 0x0000000710e00000, 0x0000000710e00000| Untracked 
|  91|0x0000000711000000, 0x0000000711000000, 0x0000000711200000|  0%| F|  |TAMS 0x0000000711000000, 0x0000000711000000| Untracked 
|  92|0x0000000711200000, 0x0000000711200000, 0x0000000711400000|  0%| F|  |TAMS 0x0000000711200000, 0x0000000711200000| Untracked 
|  93|0x0000000711400000, 0x0000000711400000, 0x0000000711600000|  0%| F|  |TAMS 0x0000000711400000, 0x0000000711400000| Untracked 
|  94|0x0000000711600000, 0x0000000711600000, 0x0000000711800000|  0%| F|  |TAMS 0x0000000711600000, 0x0000000711600000| Untracked 
|  95|0x0000000711800000, 0x0000000711800000, 0x0000000711a00000|  0%| F|  |TAMS 0x0000000711800000, 0x0000000711800000| Untracked 
|  96|0x0000000711a00000, 0x0000000711a00000, 0x0000000711c00000|  0%| F|  |TAMS 0x0000000711a00000, 0x0000000711a00000| Untracked 
|  97|0x0000000711c00000, 0x0000000711c00000, 0x0000000711e00000|  0%| F|  |TAMS 0x0000000711c00000, 0x0000000711c00000| Untracked 
|  98|0x0000000711e00000, 0x0000000711e00000, 0x0000000712000000|  0%| F|  |TAMS 0x0000000711e00000, 0x0000000711e00000| Untracked 
|  99|0x0000000712000000, 0x0000000712000000, 0x0000000712200000|  0%| F|  |TAMS 0x0000000712000000, 0x0000000712000000| Untracked 
| 100|0x0000000712200000, 0x0000000712200000, 0x0000000712400000|  0%| F|  |TAMS 0x0000000712200000, 0x0000000712200000| Untracked 
| 101|0x0000000712400000, 0x0000000712400000, 0x0000000712600000|  0%| F|  |TAMS 0x0000000712400000, 0x0000000712400000| Untracked 
| 102|0x0000000712600000, 0x0000000712600000, 0x0000000712800000|  0%| F|  |TAMS 0x0000000712600000, 0x0000000712600000| Untracked 
| 103|0x0000000712800000, 0x0000000712800000, 0x0000000712a00000|  0%| F|  |TAMS 0x0000000712800000, 0x0000000712800000| Untracked 
| 104|0x0000000712a00000, 0x0000000712a00000, 0x0000000712c00000|  0%| F|  |TAMS 0x0000000712a00000, 0x0000000712a00000| Untracked 
| 105|0x0000000712c00000, 0x0000000712c00000, 0x0000000712e00000|  0%| F|  |TAMS 0x0000000712c00000, 0x0000000712c00000| Untracked 
| 106|0x0000000712e00000, 0x0000000712e00000, 0x0000000713000000|  0%| F|  |TAMS 0x0000000712e00000, 0x0000000712e00000| Untracked 
| 107|0x0000000713000000, 0x0000000713000000, 0x0000000713200000|  0%| F|  |TAMS 0x0000000713000000, 0x0000000713000000| Untracked 
| 108|0x0000000713200000, 0x0000000713200000, 0x0000000713400000|  0%| F|  |TAMS 0x0000000713200000, 0x0000000713200000| Untracked 
| 109|0x0000000713400000, 0x0000000713400000, 0x0000000713600000|  0%| F|  |TAMS 0x0000000713400000, 0x0000000713400000| Untracked 
| 110|0x0000000713600000, 0x0000000713600000, 0x0000000713800000|  0%| F|  |TAMS 0x0000000713600000, 0x0000000713600000| Untracked 
| 111|0x0000000713800000, 0x0000000713800000, 0x0000000713a00000|  0%| F|  |TAMS 0x0000000713800000, 0x0000000713800000| Untracked 
| 112|0x0000000713a00000, 0x0000000713a00000, 0x0000000713c00000|  0%| F|  |TAMS 0x0000000713a00000, 0x0000000713a00000| Untracked 
| 113|0x0000000713c00000, 0x0000000713c00000, 0x0000000713e00000|  0%| F|  |TAMS 0x0000000713c00000, 0x0000000713c00000| Untracked 
| 114|0x0000000713e00000, 0x0000000713f90a40, 0x0000000714000000| 78%| S|CS|TAMS 0x0000000713e00000, 0x0000000713e00000| Complete 
| 115|0x0000000714000000, 0x0000000714000000, 0x0000000714200000|  0%| F|  |TAMS 0x0000000714000000, 0x0000000714000000| Untracked 
| 116|0x0000000714200000, 0x0000000714200000, 0x0000000714400000|  0%| F|  |TAMS 0x0000000714200000, 0x0000000714200000| Untracked 
| 117|0x0000000714400000, 0x0000000714400000, 0x0000000714600000|  0%| F|  |TAMS 0x0000000714400000, 0x0000000714400000| Untracked 
| 118|0x0000000714600000, 0x0000000714600000, 0x0000000714800000|  0%| F|  |TAMS 0x0000000714600000, 0x0000000714600000| Untracked 
| 119|0x0000000714800000, 0x0000000714800000, 0x0000000714a00000|  0%| F|  |TAMS 0x0000000714800000, 0x0000000714800000| Untracked 
| 120|0x0000000714a00000, 0x0000000714a00000, 0x0000000714c00000|  0%| F|  |TAMS 0x0000000714a00000, 0x0000000714a00000| Untracked 
| 121|0x0000000714c00000, 0x0000000714c00000, 0x0000000714e00000|  0%| F|  |TAMS 0x0000000714c00000, 0x0000000714c00000| Untracked 
| 122|0x0000000714e00000, 0x0000000714e00000, 0x0000000715000000|  0%| F|  |TAMS 0x0000000714e00000, 0x0000000714e00000| Untracked 
| 123|0x0000000715000000, 0x0000000715000000, 0x0000000715200000|  0%| F|  |TAMS 0x0000000715000000, 0x0000000715000000| Untracked 
| 124|0x0000000715200000, 0x0000000715200000, 0x0000000715400000|  0%| F|  |TAMS 0x0000000715200000, 0x0000000715200000| Untracked 
| 125|0x0000000715400000, 0x00000007155931f0, 0x0000000715600000| 78%| E|  |TAMS 0x0000000715400000, 0x0000000715400000| Complete 

Card table byte_map: [0x0000025cf1510000,0x0000025cf1cf0000] _byte_map_base: 0x0000025cedce3000

Marking Bits (Prev, Next): (CMBitMap*) 0x0000025cd9a066d0, (CMBitMap*) 0x0000025cd9a06710
 Prev Bits: [0x0000025cf24d0000, 0x0000025cf6368000)
 Next Bits: [0x0000025cf6370000, 0x0000025cfa208000)

Polling page: 0x0000025cd7920000

Metaspace:

Usage:
  Non-class:      1.77 MB used.
      Class:    174.76 KB used.
       Both:      1.94 MB used.

Virtual space:
  Non-class space:       64.00 MB reserved,       1.88 MB (  3%) committed,  1 nodes.
      Class space:        1.00 GB reserved,     256.00 KB ( <1%) committed,  1 nodes.
             Both:        1.06 GB reserved,       2.12 MB ( <1%) committed. 

Chunk freelists:
   Non-Class:  11.28 MB
       Class:  15.66 MB
        Both:  26.94 MB

MaxMetaspaceSize: unlimited
CompressedClassSpaceSize: 1.00 GB
Initial GC threshold: 21.00 MB
Current GC threshold: 21.00 MB
CDS: on
MetaspaceReclaimPolicy: balanced
 - commit_granule_bytes: 65536.
 - commit_granule_words: 8192.
 - virtual_space_node_default_size: 8388608.
 - enlarge_chunks_in_place: 1.
 - new_chunks_are_fully_committed: 0.
 - uncommit_free_chunks: 1.
 - use_allocation_guard: 0.
 - handle_deallocations: 1.


Internal statistics:

num_allocs_failed_limit: 0.
num_arena_births: 20.
num_arena_deaths: 0.
num_vsnodes_births: 2.
num_vsnodes_deaths: 0.
num_space_committed: 34.
num_space_uncommitted: 0.
num_chunks_returned_to_freelist: 0.
num_chunks_taken_from_freelist: 59.
num_chunk_merges: 0.
num_chunk_splits: 37.
num_chunks_enlarged: 29.
num_inconsistent_stats: 0.

CodeHeap 'non-profiled nmethods': size=119168Kb used=440Kb max_used=440Kb free=118727Kb
 bounds [0x0000025ce9050000, 0x0000025ce92c0000, 0x0000025cf04b0000]
CodeHeap 'profiled nmethods': size=119104Kb used=1182Kb max_used=1182Kb free=117922Kb
 bounds [0x0000025ce14b0000, 0x0000025ce1720000, 0x0000025ce8900000]
CodeHeap 'non-nmethods': size=7488Kb used=2282Kb max_used=2352Kb free=5205Kb
 bounds [0x0000025ce8900000, 0x0000025ce8b70000, 0x0000025ce9050000]
 total_blobs=1137 nmethods=702 adapters=346
 compilation: enabled
              stopped_count=0, restarted_count=0
 full_count=0

Compilation events (20 events):
Event: 0.796 Thread 0x0000025cfcb567f0  693       3       java.lang.Class::forName (47 bytes)
Event: 0.796 Thread 0x0000025cfd35ba30  694       1       java.lang.NamedPackage::module (5 bytes)
Event: 0.796 Thread 0x0000025cfcb567f0 nmethod 693 0x0000025ce15ce890 code [0x0000025ce15ceaa0, 0x0000025ce15cf088]
Event: 0.796 Thread 0x0000025cfd35ba30 nmethod 694 0x0000025ce90bda90 code [0x0000025ce90bdc20, 0x0000025ce90bdcf8]
Event: 0.797 Thread 0x0000025cfd35ba30  695       3       java.util.ArrayDeque::inc (12 bytes)
Event: 0.797 Thread 0x0000025cfd35ba30 nmethod 695 0x0000025ce15cf310 code [0x0000025ce15cf4a0, 0x0000025ce15cf5d8]
Event: 0.798 Thread 0x0000025cfd35ff60  696       3       java.util.WeakHashMap::matchesKey (33 bytes)
Event: 0.798 Thread 0x0000025cfd35ff60 nmethod 696 0x0000025ce15cf690 code [0x0000025ce15cf860, 0x0000025ce15cfd98]
Event: 0.798 Thread 0x0000025cfd35ff60  697   !   3       java.util.zip.Inflater::inflate (418 bytes)
Event: 0.798 Thread 0x0000025cfd35ba30  699       3       java.util.ArrayDeque::peek (5 bytes)
Event: 0.798 Thread 0x0000025cfcb567f0  700       3       java.util.ArrayDeque::peekFirst (12 bytes)
Event: 0.798 Thread 0x0000025cfd35ba30 nmethod 699 0x0000025ce15cff10 code [0x0000025ce15d00c0, 0x0000025ce15d02d8]
Event: 0.798 Thread 0x0000025cfd35ba30  701   !   3       org.bytedeco.javacpp.Loader::putMemberOffset (97 bytes)
Event: 0.798 Thread 0x0000025cfcb567f0 nmethod 700 0x0000025ce15d0410 code [0x0000025ce15d05a0, 0x0000025ce15d0738]
Event: 0.799 Thread 0x0000025cfd35ff60 nmethod 697 0x0000025ce15d0890 code [0x0000025ce15d0b60, 0x0000025ce15d1d48]
Event: 0.799 Thread 0x0000025cfd35ff60  702       3       java.util.zip.ZipUtils::CENLEN (9 bytes)
Event: 0.799 Thread 0x0000025cfd35ff60 nmethod 702 0x0000025ce15d2710 code [0x0000025ce15d28c0, 0x0000025ce15d2b98]
Event: 0.800 Thread 0x0000025cfd35ba30 nmethod 701 0x0000025ce15d2d10 code [0x0000025ce15d3200, 0x0000025ce15d58f8]
Event: 0.800 Thread 0x0000025cfd35ba30  703       3       java.util.WeakHashMap::get (75 bytes)
Event: 0.800 Thread 0x0000025cfd35ba30 nmethod 703 0x0000025ce15d6990 code [0x0000025ce15d6bc0, 0x0000025ce15d7498]

GC Heap History (2 events):
Event: 0.787 GC heap before
{Heap before GC invocations=0 (full 0):
 garbage-first heap   total 258048K, used 22528K [0x0000000705a00000, 0x0000000800000000)
  region size 2048K, 11 young (22528K), 0 survivors (0K)
 Metaspace       used 1827K, committed 1984K, reserved 1114112K
  class space    used 145K, committed 192K, reserved 1048576K
}
Event: 0.791 GC heap after
{Heap after GC invocations=1 (full 0):
 garbage-first heap   total 258048K, used 1602K [0x0000000705a00000, 0x0000000800000000)
  region size 2048K, 1 young (2048K), 1 survivors (2048K)
 Metaspace       used 1827K, committed 1984K, reserved 1114112K
  class space    used 145K, committed 192K, reserved 1048576K
}

Dll operation events (20 events):
Event: 0.538 Loaded shared library C:\Program Files (x86)\Windows Kits\10\Redist\ucrt\DLLs\x64\api-ms-win-core-rtlsupport-l1-1-0.dll
Event: 0.547 Loaded shared library C:\Program Files (x86)\Windows Kits\10\Redist\ucrt\DLLs\x64\api-ms-win-core-processthreads-l1-1-1.dll
Event: 0.558 Loaded shared library C:\Program Files (x86)\Windows Kits\10\Redist\ucrt\DLLs\x64\api-ms-win-core-file-l1-2-0.dll
Event: 0.569 Loaded shared library C:\Program Files (x86)\Windows Kits\10\Redist\ucrt\DLLs\x64\api-ms-win-core-profile-l1-1-0.dll
Event: 0.582 Loaded shared library C:\Program Files (x86)\Windows Kits\10\Redist\ucrt\DLLs\x64\api-ms-win-core-memory-l1-1-0.dll
Event: 0.596 Loaded shared library C:\Program Files (x86)\Windows Kits\10\Redist\ucrt\DLLs\x64\api-ms-win-core-util-l1-1-0.dll
Event: 0.610 Loaded shared library C:\Program Files (x86)\Windows Kits\10\Redist\ucrt\DLLs\x64\api-ms-win-core-interlocked-l1-1-0.dll
Event: 0.622 Loaded shared library C:\Program Files (x86)\Windows Kits\10\Redist\ucrt\DLLs\x64\ucrtbase.dll
Event: 0.634 Loaded shared library C:\Users\luczu\.jdks\corretto-17.0.10\bin\vcruntime140.dll
Event: 0.645 Loaded shared library C:\Users\luczu\.jdks\corretto-17.0.10\bin\vcruntime140_1.dll
Event: 0.664 Loaded shared library C:\Users\luczu\.jdks\corretto-17.0.10\bin\msvcp140.dll
Event: 0.679 Loaded shared library C:\Windows\System32\msvcp140_1.dll
Event: 0.689 Loaded shared library C:\Windows\System32\concrt140.dll
Event: 0.701 Loaded shared library C:\Windows\System32\vcomp140.dll
Event: 0.726 Loaded shared library C:\Windows\System32\winmm.dll
Event: 0.730 Loaded shared library C:\Windows\System32\opengl32.dll
Event: 0.732 Loaded shared library C:\Windows\System32\user32.dll
Event: 0.733 Loaded shared library C:\Windows\System32\shell32.dll
Event: 0.735 Loaded shared library C:\Windows\System32\gdi32.dll
Event: 0.758 Loaded shared library C:\Users\luczu\.javacpp\cache\jaylib-4.5.0-0.jar\com\raylib\windows-x86_64\jniRaylib.dll

Deoptimization events (20 events):
Event: 0.717 Thread 0x0000025cd999ab00 DEOPT PACKING pc=0x0000025ce9090110 sp=0x000000b7477fd990
Event: 0.717 Thread 0x0000025cd999ab00 DEOPT UNPACKING pc=0x0000025ce895a1a3 sp=0x000000b7477fd920 mode 2
Event: 0.726 Thread 0x0000025cd999ab00 Uncommon trap: trap_request=0xffffff45 fr.pc=0x0000025ce909c070 relative=0x0000000000003f90
Event: 0.726 Thread 0x0000025cd999ab00 Uncommon trap: reason=unstable_if action=reinterpret pc=0x0000025ce909c070 method=sun.net.www.ParseUtil.firstEncodeIndex(Ljava/lang/String;)I @ 51 c2
Event: 0.726 Thread 0x0000025cd999ab00 DEOPT PACKING pc=0x0000025ce909c070 sp=0x000000b7477fe5c0
Event: 0.726 Thread 0x0000025cd999ab00 DEOPT UNPACKING pc=0x0000025ce895a1a3 sp=0x000000b7477fe2e0 mode 2
Event: 0.727 Thread 0x0000025cd999ab00 Uncommon trap: trap_request=0xffffff45 fr.pc=0x0000025ce90add18 relative=0x0000000000003d98
Event: 0.727 Thread 0x0000025cd999ab00 Uncommon trap: reason=unstable_if action=reinterpret pc=0x0000025ce90add18 method=sun.net.www.ParseUtil.firstEncodeIndex(Ljava/lang/String;)I @ 51 c2
Event: 0.727 Thread 0x0000025cd999ab00 DEOPT PACKING pc=0x0000025ce90add18 sp=0x000000b7477fe550
Event: 0.727 Thread 0x0000025cd999ab00 DEOPT UNPACKING pc=0x0000025ce895a1a3 sp=0x000000b7477fe2d8 mode 2
Event: 0.737 Thread 0x0000025cd999ab00 DEOPT PACKING pc=0x0000025ce159e298 sp=0x000000b7477fe4a0
Event: 0.737 Thread 0x0000025cd999ab00 DEOPT UNPACKING pc=0x0000025ce895ace3 sp=0x000000b7477fd9b8 mode 0
Event: 0.777 Thread 0x0000025cd999ab00 DEOPT PACKING pc=0x0000025ce159e298 sp=0x000000b7477fd2f0
Event: 0.777 Thread 0x0000025cd999ab00 DEOPT UNPACKING pc=0x0000025ce895ace3 sp=0x000000b7477fc808 mode 0
Event: 0.779 Thread 0x0000025cd999ab00 DEOPT PACKING pc=0x0000025ce15a7d48 sp=0x000000b7477fcd30
Event: 0.779 Thread 0x0000025cd999ab00 DEOPT UNPACKING pc=0x0000025ce895ace3 sp=0x000000b7477fc248 mode 0
Event: 0.791 Thread 0x0000025cd999ab00 Uncommon trap: trap_request=0xffffff45 fr.pc=0x0000025ce90857e0 relative=0x00000000000000e0
Event: 0.791 Thread 0x0000025cd999ab00 Uncommon trap: reason=unstable_if action=reinterpret pc=0x0000025ce90857e0 method=java.lang.ref.SoftReference.get()Ljava/lang/Object; @ 17 c2
Event: 0.791 Thread 0x0000025cd999ab00 DEOPT PACKING pc=0x0000025ce90857e0 sp=0x000000b7477fcda0
Event: 0.791 Thread 0x0000025cd999ab00 DEOPT UNPACKING pc=0x0000025ce895a1a3 sp=0x000000b7477fcd58 mode 2

Classes unloaded (0 events):
No events

Classes redefined (0 events):
No events

Internal exceptions (7 events):
Event: 0.139 Thread 0x0000025cd999ab00 Exception <a 'java/lang/NoSuchMethodError'{0x000000071526b878}: 'int java.lang.invoke.DirectMethodHandle$Holder.invokeStaticInit(java.lang.Object, java.lang.Object, java.lang.Object, java.lang.Object)'> (0x000000071526b878) 
thrown [s\src\hotspot\share\interpreter\linkResolver.cpp, line 759]
Event: 0.143 Thread 0x0000025cd999ab00 Exception <a 'java/lang/NoSuchMethodError'{0x0000000715276588}: 'java.lang.Object java.lang.invoke.DirectMethodHandle$Holder.invokeInterface(java.lang.Object, java.lang.Object)'> (0x0000000715276588) 
thrown [s\src\hotspot\share\interpreter\linkResolver.cpp, line 759]
Event: 0.143 Thread 0x0000025cd999ab00 Exception <a 'java/lang/IncompatibleClassChangeError'{0x0000000715279ca0}: Found class java.lang.Object, but interface was expected> (0x0000000715279ca0) 
thrown [s\src\hotspot\share\interpreter\linkResolver.cpp, line 826]
Event: 0.145 Thread 0x0000025cd999ab00 Exception <a 'java/lang/NoSuchMethodError'{0x000000071527ce48}: 'void java.lang.invoke.DirectMethodHandle$Holder.invokeStatic(java.lang.Object, java.lang.Object)'> (0x000000071527ce48) 
thrown [s\src\hotspot\share\interpreter\linkResolver.cpp, line 759]
Event: 0.145 Thread 0x0000025cd999ab00 Exception <a 'java/lang/NoSuchMethodError'{0x00000007152804b8}: 'void java.lang.invoke.DirectMethodHandle$Holder.invokeStaticInit(java.lang.Object, java.lang.Object)'> (0x00000007152804b8) 
thrown [s\src\hotspot\share\interpreter\linkResolver.cpp, line 759]
Event: 0.147 Thread 0x0000025cd999ab00 Exception <a 'java/lang/NoSuchMethodError'{0x0000000715286ba0}: 'int java.lang.invoke.DirectMethodHandle$Holder.invokeStaticInit(java.lang.Object, java.lang.Object)'> (0x0000000715286ba0) 
thrown [s\src\hotspot\share\interpreter\linkResolver.cpp, line 759]
Event: 0.753 Thread 0x0000025cd999ab00 Exception <a 'java/lang/NoSuchMethodError'{0x000000071415b7e0}: 'java.lang.Object java.lang.invoke.DirectMethodHandle$Holder.invokeStatic(java.lang.Object, int, java.lang.Object)'> (0x000000071415b7e0) 
thrown [s\src\hotspot\share\interpreter\linkResolver.cpp, line 759]

VM Operations (6 events):
Event: 0.106 Executing VM operation: HandshakeAllThreads
Event: 0.106 Executing VM operation: HandshakeAllThreads done
Event: 0.206 Executing VM operation: HandshakeAllThreads
Event: 0.206 Executing VM operation: HandshakeAllThreads done
Event: 0.787 Executing VM operation: G1CollectForAllocation
Event: 0.791 Executing VM operation: G1CollectForAllocation done

Events (20 events):
Event: 0.750 loading class java/io/Externalizable
Event: 0.750 loading class java/io/Externalizable done
Event: 0.750 loading class java/time/zone/Ser done
Event: 0.750 loading class java/time/Month
Event: 0.751 loading class java/time/Month done
Event: 0.751 loading class java/time/DayOfWeek
Event: 0.751 loading class java/time/DayOfWeek done
Event: 0.751 loading class java/time/zone/ZoneOffsetTransitionRule$TimeDefinition
Event: 0.751 loading class java/time/zone/ZoneOffsetTransitionRule$TimeDefinition done
Event: 0.752 loading class java/time/zone/ZoneOffsetTransition
Event: 0.752 loading class java/time/zone/ZoneOffsetTransition done
Event: 0.752 loading class java/time/temporal/TemporalAdjusters
Event: 0.753 loading class java/time/temporal/TemporalAdjusters done
Event: 0.755 loading class java/time/zone/ZoneOffsetTransitionRule$1
Event: 0.755 loading class java/time/zone/ZoneOffsetTransitionRule$1 done
Event: 0.756 loading class java/util/concurrent/TimeUnit$1
Event: 0.756 loading class java/util/concurrent/TimeUnit$1 done
Event: 0.770 loading class java/lang/NumberFormatException
Event: 0.770 loading class java/lang/NumberFormatException done
Event: 0.771 Thread 0x0000025cfdd53b90 Thread added: 0x0000025cfdd53b90


Dynamic libraries:
0x00007ff7d4330000 - 0x00007ff7d433e000 	C:\Users\luczu\.jdks\corretto-17.0.10\bin\java.exe
0x00007ffd43b30000 - 0x00007ffd43d47000 	C:\WINDOWS\SYSTEM32\ntdll.dll
0x00007ffd42fd0000 - 0x00007ffd43094000 	C:\WINDOWS\System32\KERNEL32.DLL
0x00007ffd41240000 - 0x00007ffd415e6000 	C:\WINDOWS\System32\KERNELBASE.dll
0x00007ffd41030000 - 0x00007ffd41141000 	C:\WINDOWS\System32\ucrtbase.dll
0x00007ffd0d130000 - 0x00007ffd0d14b000 	C:\Users\luczu\.jdks\corretto-17.0.10\bin\VCRUNTIME140.dll
0x00007ffd00330000 - 0x00007ffd00347000 	C:\Users\luczu\.jdks\corretto-17.0.10\bin\jli.dll
0x00007ffd43340000 - 0x00007ffd434ee000 	C:\WINDOWS\System32\USER32.dll
0x00007ffd41150000 - 0x00007ffd41176000 	C:\WINDOWS\System32\win32u.dll
0x00007ffd17dc0000 - 0x00007ffd18053000 	C:\WINDOWS\WinSxS\amd64_microsoft.windows.common-controls_6595b64144ccf1df_6.0.22621.2506_none_270c5ae97388e100\COMCTL32.dll
0x00007ffd42ba0000 - 0x00007ffd42bc9000 	C:\WINDOWS\System32\GDI32.dll
0x00007ffd439c0000 - 0x00007ffd43a67000 	C:\WINDOWS\System32\msvcrt.dll
0x00007ffd41760000 - 0x00007ffd41878000 	C:\WINDOWS\System32\gdi32full.dll
0x00007ffd40f20000 - 0x00007ffd40fba000 	C:\WINDOWS\System32\msvcp_win.dll
0x00007ffd429f0000 - 0x00007ffd42a21000 	C:\WINDOWS\System32\IMM32.DLL
0x00007ffd38680000 - 0x00007ffd3868c000 	C:\Users\luczu\.jdks\corretto-17.0.10\bin\vcruntime140_1.dll
0x00007ffcfef90000 - 0x00007ffcff01d000 	C:\Users\luczu\.jdks\corretto-17.0.10\bin\msvcp140.dll
0x00007ffc5af40000 - 0x00007ffc5bba2000 	C:\Users\luczu\.jdks\corretto-17.0.10\bin\server\jvm.dll
0x00007ffd43520000 - 0x00007ffd435d3000 	C:\WINDOWS\System32\ADVAPI32.dll
0x00007ffd428b0000 - 0x00007ffd42958000 	C:\WINDOWS\System32\sechost.dll
0x00007ffd40ef0000 - 0x00007ffd40f18000 	C:\WINDOWS\System32\bcrypt.dll
0x00007ffd42e30000 - 0x00007ffd42f47000 	C:\WINDOWS\System32\RPCRT4.dll
0x00007ffd37ac0000 - 0x00007ffd37ac9000 	C:\WINDOWS\SYSTEM32\WSOCK32.dll
0x00007ffd3fcf0000 - 0x00007ffd3fd3d000 	C:\WINDOWS\SYSTEM32\POWRPROF.dll
0x00007ffd369e0000 - 0x00007ffd36a14000 	C:\WINDOWS\SYSTEM32\WINMM.dll
0x00007ffd430a0000 - 0x00007ffd43111000 	C:\WINDOWS\System32\WS2_32.dll
0x00007ffd36c70000 - 0x00007ffd36c7a000 	C:\WINDOWS\SYSTEM32\VERSION.dll
0x00007ffd3fcd0000 - 0x00007ffd3fce3000 	C:\WINDOWS\SYSTEM32\UMPDC.dll
0x00007ffd3ff90000 - 0x00007ffd3ffa8000 	C:\WINDOWS\SYSTEM32\kernel.appcore.dll
0x00007ffd383a0000 - 0x00007ffd383aa000 	C:\Users\luczu\.jdks\corretto-17.0.10\bin\jimage.dll
0x00007ffd3e780000 - 0x00007ffd3e9b3000 	C:\WINDOWS\SYSTEM32\DBGHELP.DLL
0x00007ffd435e0000 - 0x00007ffd43969000 	C:\WINDOWS\System32\combase.dll
0x00007ffd427d0000 - 0x00007ffd428a7000 	C:\WINDOWS\System32\OLEAUT32.dll
0x00007ffd21d10000 - 0x00007ffd21d42000 	C:\WINDOWS\SYSTEM32\dbgcore.DLL
0x00007ffd40e70000 - 0x00007ffd40eea000 	C:\WINDOWS\System32\bcryptPrimitives.dll
0x00007ffcfe150000 - 0x00007ffcfe175000 	C:\Users\luczu\.jdks\corretto-17.0.10\bin\java.dll
0x00007ffcfb380000 - 0x00007ffcfb457000 	C:\Users\luczu\.jdks\corretto-17.0.10\bin\jsvml.dll
0x00007ffd41880000 - 0x00007ffd420da000 	C:\WINDOWS\System32\SHELL32.dll
0x00007ffd3ed80000 - 0x00007ffd3f676000 	C:\WINDOWS\SYSTEM32\windows.storage.dll
0x00007ffd3ec40000 - 0x00007ffd3ed7e000 	C:\WINDOWS\SYSTEM32\wintypes.dll
0x00007ffd420e0000 - 0x00007ffd421d3000 	C:\WINDOWS\System32\SHCORE.dll
0x00007ffd42f70000 - 0x00007ffd42fce000 	C:\WINDOWS\System32\shlwapi.dll
0x00007ffd40da0000 - 0x00007ffd40dc6000 	C:\WINDOWS\SYSTEM32\profapi.dll
0x00007ffcfe130000 - 0x00007ffcfe149000 	C:\Users\luczu\.jdks\corretto-17.0.10\bin\net.dll
0x00007ffd37220000 - 0x00007ffd37357000 	C:\WINDOWS\SYSTEM32\WINHTTP.dll
0x00007ffd40410000 - 0x00007ffd40479000 	C:\WINDOWS\system32\mswsock.dll
0x00007ffcfe110000 - 0x00007ffcfe126000 	C:\Users\luczu\.jdks\corretto-17.0.10\bin\nio.dll
0x00007ffcfe0f0000 - 0x00007ffcfe108000 	C:\Users\luczu\.jdks\corretto-17.0.10\bin\zip.dll
0x0000025cd7960000 - 0x0000025cd7963000 	C:\Program Files (x86)\Windows Kits\10\Redist\ucrt\DLLs\x64\api-ms-win-crt-locale-l1-1-0.dll
0x0000025cd7970000 - 0x0000025cd7974000 	C:\Program Files (x86)\Windows Kits\10\Redist\ucrt\DLLs\x64\api-ms-win-crt-string-l1-1-0.dll
0x0000025cd7980000 - 0x0000025cd7984000 	C:\Program Files (x86)\Windows Kits\10\Redist\ucrt\DLLs\x64\api-ms-win-crt-stdio-l1-1-0.dll
0x0000025cd7990000 - 0x0000025cd7995000 	C:\Program Files (x86)\Windows Kits\10\Redist\ucrt\DLLs\x64\api-ms-win-crt-math-l1-1-0.dll
0x0000025cd9940000 - 0x0000025cd9943000 	C:\Program Files (x86)\Windows Kits\10\Redist\ucrt\DLLs\x64\api-ms-win-crt-heap-l1-1-0.dll
0x0000025cfdf10000 - 0x0000025cfdf14000 	C:\Program Files (x86)\Windows Kits\10\Redist\ucrt\DLLs\x64\api-ms-win-crt-runtime-l1-1-0.dll
0x0000025cfdf20000 - 0x0000025cfdf24000 	C:\Program Files (x86)\Windows Kits\10\Redist\ucrt\DLLs\x64\api-ms-win-crt-convert-l1-1-0.dll
0x0000025cfdf30000 - 0x0000025cfdf33000 	C:\Program Files (x86)\Windows Kits\10\Redist\ucrt\DLLs\x64\api-ms-win-crt-environment-l1-1-0.dll
0x0000025cfdf40000 - 0x0000025cfdf43000 	C:\Program Files (x86)\Windows Kits\10\Redist\ucrt\DLLs\x64\api-ms-win-crt-time-l1-1-0.dll
0x0000025cfdf50000 - 0x0000025cfdf53000 	C:\Program Files (x86)\Windows Kits\10\Redist\ucrt\DLLs\x64\api-ms-win-crt-filesystem-l1-1-0.dll
0x0000025cfdf60000 - 0x0000025cfdf63000 	C:\Program Files (x86)\Windows Kits\10\Redist\ucrt\DLLs\x64\api-ms-win-crt-utility-l1-1-0.dll
0x0000025cfdf70000 - 0x0000025cfdf75000 	C:\Program Files (x86)\Windows Kits\10\Redist\ucrt\DLLs\x64\api-ms-win-crt-multibyte-l1-1-0.dll
0x0000025cfdf80000 - 0x0000025cfdf83000 	C:\Program Files (x86)\Windows Kits\10\Redist\ucrt\DLLs\x64\api-ms-win-crt-conio-l1-1-0.dll
0x0000025cfdf90000 - 0x0000025cfdf9f000 	C:\Program Files (x86)\Windows Kits\10\Redist\ucrt\DLLs\x64\api-ms-win-crt-private-l1-1-0.dll
0x0000025cfdfa0000 - 0x0000025cfdfa3000 	C:\Program Files (x86)\Windows Kits\10\Redist\ucrt\DLLs\x64\api-ms-win-crt-process-l1-1-0.dll
0x0000025cfdfb0000 - 0x0000025cfdfb3000 	C:\Program Files\Microsoft\jdk-11.0.12.7-hotspot\bin\api-ms-win-core-console-l1-2-0.dll
0x0000025cfdfc0000 - 0x0000025cfdfc3000 	C:\Program Files (x86)\Windows Kits\10\Redist\ucrt\DLLs\x64\api-ms-win-core-string-l1-1-0.dll
0x0000025cfdfd0000 - 0x0000025cfdfd3000 	C:\Program Files (x86)\Windows Kits\10\Redist\ucrt\DLLs\x64\api-ms-win-core-errorhandling-l1-1-0.dll
0x0000025cfdfe0000 - 0x0000025cfdfe3000 	C:\Program Files (x86)\Windows Kits\10\Redist\ucrt\DLLs\x64\api-ms-win-core-timezone-l1-1-0.dll
0x0000025cfdff0000 - 0x0000025cfdff4000 	C:\Program Files (x86)\Windows Kits\10\Redist\ucrt\DLLs\x64\api-ms-win-core-file-l1-1-0.dll
0x0000025cfe000000 - 0x0000025cfe003000 	C:\Program Files (x86)\Windows Kits\10\Redist\ucrt\DLLs\x64\api-ms-win-core-namedpipe-l1-1-0.dll
0x0000025cfe010000 - 0x0000025cfe013000 	C:\Program Files (x86)\Windows Kits\10\Redist\ucrt\DLLs\x64\api-ms-win-core-handle-l1-1-0.dll
0x0000025cfe020000 - 0x0000025cfe023000 	C:\Program Files (x86)\Windows Kits\10\Redist\ucrt\DLLs\x64\api-ms-win-core-file-l2-1-0.dll
0x0000025cff000000 - 0x0000025cff003000 	C:\Program Files (x86)\Windows Kits\10\Redist\ucrt\DLLs\x64\api-ms-win-core-heap-l1-1-0.dll
0x0000025cff010000 - 0x0000025cff013000 	C:\Program Files (x86)\Windows Kits\10\Redist\ucrt\DLLs\x64\api-ms-win-core-libraryloader-l1-1-0.dll
0x0000025cff020000 - 0x0000025cff023000 	C:\Program Files (x86)\Windows Kits\10\Redist\ucrt\DLLs\x64\api-ms-win-core-synch-l1-1-0.dll
0x0000025cff030000 - 0x0000025cff033000 	C:\Program Files (x86)\Windows Kits\10\Redist\ucrt\DLLs\x64\api-ms-win-core-processthreads-l1-1-0.dll
0x0000025cff040000 - 0x0000025cff043000 	C:\Program Files (x86)\Windows Kits\10\Redist\ucrt\DLLs\x64\api-ms-win-core-processenvironment-l1-1-0.dll
0x0000025cff050000 - 0x0000025cff053000 	C:\Program Files (x86)\Windows Kits\10\Redist\ucrt\DLLs\x64\api-ms-win-core-datetime-l1-1-0.dll
0x0000025cff060000 - 0x0000025cff063000 	C:\Program Files (x86)\Windows Kits\10\Redist\ucrt\DLLs\x64\api-ms-win-core-localization-l1-2-0.dll
0x0000025cff070000 - 0x0000025cff073000 	C:\Program Files (x86)\Windows Kits\10\Redist\ucrt\DLLs\x64\api-ms-win-core-sysinfo-l1-1-0.dll
0x0000025cff080000 - 0x0000025cff083000 	C:\Program Files (x86)\Windows Kits\10\Redist\ucrt\DLLs\x64\api-ms-win-core-synch-l1-2-0.dll
0x0000025cff090000 - 0x0000025cff093000 	C:\Program Files (x86)\Windows Kits\10\Redist\ucrt\DLLs\x64\api-ms-win-core-console-l1-1-0.dll
0x0000025cff0a0000 - 0x0000025cff0a3000 	C:\Program Files (x86)\Windows Kits\10\Redist\ucrt\DLLs\x64\api-ms-win-core-debug-l1-1-0.dll
0x0000025cff0b0000 - 0x0000025cff0b3000 	C:\Program Files (x86)\Windows Kits\10\Redist\ucrt\DLLs\x64\api-ms-win-core-rtlsupport-l1-1-0.dll
0x0000025cff0c0000 - 0x0000025cff0c3000 	C:\Program Files (x86)\Windows Kits\10\Redist\ucrt\DLLs\x64\api-ms-win-core-processthreads-l1-1-1.dll
0x0000025cff0d0000 - 0x0000025cff0d3000 	C:\Program Files (x86)\Windows Kits\10\Redist\ucrt\DLLs\x64\api-ms-win-core-file-l1-2-0.dll
0x0000025cff0e0000 - 0x0000025cff0e3000 	C:\Program Files (x86)\Windows Kits\10\Redist\ucrt\DLLs\x64\api-ms-win-core-profile-l1-1-0.dll
0x0000025cff0f0000 - 0x0000025cff0f3000 	C:\Program Files (x86)\Windows Kits\10\Redist\ucrt\DLLs\x64\api-ms-win-core-memory-l1-1-0.dll
0x0000025cff100000 - 0x0000025cff103000 	C:\Program Files (x86)\Windows Kits\10\Redist\ucrt\DLLs\x64\api-ms-win-core-util-l1-1-0.dll
0x0000025cff110000 - 0x0000025cff113000 	C:\Program Files (x86)\Windows Kits\10\Redist\ucrt\DLLs\x64\api-ms-win-core-interlocked-l1-1-0.dll
0x00007ffd18ab0000 - 0x00007ffd18ba2000 	C:\Program Files (x86)\Windows Kits\10\Redist\ucrt\DLLs\x64\ucrtbase.dll
0x00007ffd396e0000 - 0x00007ffd396e9000 	C:\Windows\System32\msvcp140_1.dll
0x00007ffcfdce0000 - 0x00007ffcfdd2e000 	C:\Windows\System32\concrt140.dll
0x00007ffcffff0000 - 0x00007ffd00021000 	C:\Windows\System32\vcomp140.dll
0x00007ffd0a060000 - 0x00007ffd0a160000 	C:\Windows\System32\opengl32.dll
0x00007ffd0a030000 - 0x00007ffd0a05d000 	C:\WINDOWS\SYSTEM32\GLU32.dll
0x00007ffd3de90000 - 0x00007ffd3dec6000 	C:\WINDOWS\SYSTEM32\dxcore.dll
0x00007ffc63ee0000 - 0x00007ffc640fd000 	C:\Users\luczu\.javacpp\cache\jaylib-4.5.0-0.jar\com\raylib\windows-x86_64\jniRaylib.dll

dbghelp: loaded successfully - version: 4.0.5 - missing functions: none
symbol engine: initialized successfully - sym options: 0x614 - pdb path: .;C:\Users\luczu\.jdks\corretto-17.0.10\bin;C:\WINDOWS\SYSTEM32;C:\WINDOWS\WinSxS\amd64_microsoft.windows.common-controls_6595b64144ccf1df_6.0.22621.2506_none_270c5ae97388e100;C:\Users\luczu\.jdks\corretto-17.0.10\bin\server;C:\Program Files (x86)\Windows Kits\10\Redist\ucrt\DLLs\x64;C:\Program Files\Microsoft\jdk-11.0.12.7-hotspot\bin;C:\Users\luczu\.javacpp\cache\jaylib-4.5.0-0.jar\com\raylib\windows-x86_64

VM Arguments:
jvm_args: -Dfile.encoding=windows-1252 -Duser.country=NL -Duser.language=nl -Duser.variant 
java_command: PineVille.GameScene
java_class_path (initial): C:\Users\luczu\OneDrive\Documenten\PineVille\build\classes\java\main;C:\Users\luczu\OneDrive\Documenten\PineVille\build\resources\main;C:\Users\luczu\.gradle\caches\modules-2\files-2.1\uk.co.electronstudio.jaylib\jaylib\4.5.0-0\90c0d608df9bbd32f5f34683acc58cb433e94508\jaylib-4.5.0-0.jar
Launcher Type: SUN_STANDARD

[Global flags]
     intx CICompilerCount                          = 12                                        {product} {ergonomic}
     uint ConcGCThreads                            = 3                                         {product} {ergonomic}
     uint G1ConcRefinementThreads                  = 13                                        {product} {ergonomic}
   size_t G1HeapRegionSize                         = 2097152                                   {product} {ergonomic}
    uintx GCDrainStackTargetSize                   = 64                                        {product} {ergonomic}
   size_t InitialHeapSize                          = 264241152                                 {product} {ergonomic}
   size_t MarkStackSize                            = 4194304                                   {product} {ergonomic}
   size_t MaxHeapSize                              = 4200595456                                {product} {ergonomic}
   size_t MaxNewSize                               = 2518679552                                {product} {ergonomic}
   size_t MinHeapDeltaBytes                        = 2097152                                   {product} {ergonomic}
   size_t MinHeapSize                              = 8388608                                   {product} {ergonomic}
    uintx NonNMethodCodeHeapSize                   = 7602480                                {pd product} {ergonomic}
    uintx NonProfiledCodeHeapSize                  = 122027880                              {pd product} {ergonomic}
    uintx ProfiledCodeHeapSize                     = 122027880                              {pd product} {ergonomic}
    uintx ReservedCodeCacheSize                    = 251658240                              {pd product} {ergonomic}
     bool SegmentedCodeCache                       = true                                      {product} {ergonomic}
   size_t SoftMaxHeapSize                          = 4200595456                             {manageable} {ergonomic}
     bool UseCompressedClassPointers               = true                           {product lp64_product} {ergonomic}
     bool UseCompressedOops                        = true                           {product lp64_product} {ergonomic}
     bool UseG1GC                                  = true                                      {product} {ergonomic}
     bool UseLargePagesIndividualAllocation        = false                                  {pd product} {ergonomic}

Logging:
Log output configuration:
 #0: stdout all=warning uptime,level,tags
 #1: stderr all=off uptime,level,tags

Environment Variables:
PATH=C:\Program Files (x86)\Common Files\Intel\Shared Libraries\redist\intel64\compiler;C:\Program Files\Common Files\Oracle\Java\javapath;C:\Program Files\Microsoft\jdk-11.0.12.7-hotspot\bin;C:\windows\system32;C:\windows;C:\windows\System32\Wbem;C:\windows\System32\WindowsPowerShell\v1.0\;C:\windows\System32\OpenSSH\;C:\Program Files (x86)\NVIDIA Corporation\PhysX\Common;C:\Program Files\NVIDIA Corporation\NVIDIA NvDLISR;C:\Program Files\Microsoft SQL Server\150\Tools\Binn\;C:\Program Files\Microsoft SQL Server\Client SDK\ODBC\170\Tools\Binn\;C:\Program Files\dotnet\;C:\WINDOWS\system32;C:\WINDOWS;C:\WINDOWS\System32\Wbem;C:\WINDOWS\System32\WindowsPowerShell\v1.0\;C:\WINDOWS\System32\OpenSSH\;C:\Program Files\CMake\bin;C:\Program Files\Git\cmd;C:\Users\luczu\AppData\Local\Microsoft\WindowsApps;C:\Users\luczu\.dotnet\tools;C:\Users\luczu\AppData\Local\GitHubDesktop\bin;;C:\Users\luczu\AppData\Local\Programs\Microsoft VS Code\bin
USERNAME=luczu
OS=Windows_NT
PROCESSOR_IDENTIFIER=Intel64 Family 6 Model 141 Stepping 1, GenuineIntel
TMP=C:\Users\luczu\AppData\Local\Temp
TEMP=C:\Users\luczu\AppData\Local\Temp



Periodic native trim disabled


---------------  S Y S T E M  ---------------

OS:
 Windows 11 , 64 bit Build 22621 (10.0.22621.2506)
OS uptime: 0 days 0:59 hours
Hyper-V role detected

CPU: total 16 (initial active 16) (8 cores per cpu, 2 threads per core) family 6 model 141 stepping 1 microcode 0x4e, cx8, cmov, fxsr, ht, mmx, 3dnowpref, sse, sse2, sse3, ssse3, sse4.1, sse4.2, popcnt, lzcnt, tsc, tscinvbit, avx, avx2, aes, erms, clmul, bmi1, bmi2, adx, avx512f, avx512dq, avx512cd, avx512bw, avx512vl, sha, fma, vzeroupper, avx512_vpopcntdq, avx512_vpclmulqdq, avx512_vaes, avx512_vnni, clflush, clflushopt, clwb, avx512_vbmi2, avx512_vbmi, hv
Processor Information for all 16 processors :
  Max Mhz: 2304, Current Mhz: 2304, Mhz Limit: 2304

Memory: 4k page, system-wide physical 16021M (3520M free)
TotalPageFile size 34453M (AvailPageFile size 15720M)
current process WorkingSet (physical memory assigned to process): 105M, peak: 105M
current process commit charge ("private bytes"): 396M, peak: 397M

vm_info: OpenJDK 64-Bit Server VM (17.0.10+7-LTS) for windows-amd64 JRE (17.0.10+7-LTS), built on Jan 10 2024 22:11:07 by "Administrator" with MS VC++ 16.10 / 16.11 (VS2019)

END.
