#
# A fatal error has been detected by the Java Runtime Environment:
#
#  EXCEPTION_ACCESS_VIOLATION (0xc0000005) at pc=0x00007ffcd286d02b, pid=14808, tid=1108
#
# JRE version: OpenJDK Runtime Environment Corretto-17.0.10.7.1 (17.0.10+7) (build 17.0.10+7-LTS)
# Java VM: OpenJDK 64-Bit Server VM Corretto-17.0.10.7.1 (17.0.10+7-LTS, mixed mode, sharing, tiered, compressed oops, compressed class ptrs, g1 gc, windows-amd64)
# Problematic frame:
# C  [jniRaylib.dll+0x13d02b]
#
# No core dump will be written. Minidumps are not enabled by default on client versions of Windows
#
# If you would like to submit a bug report, please visit:
#   https://github.com/corretto/corretto-17/issues/
# The crash happened outside the Java Virtual Machine in native code.
# See problematic frame for where to report the bug.
#

---------------  S U M M A R Y ------------

Command Line: -Dfile.encoding=windows-1252 -Duser.country=NL -Duser.language=nl -Duser.variant PineVille.GameScene

Host: 11th Gen Intel(R) Core(TM) i7-11800H @ 2.30GHz, 16 cores, 15G,  Windows 11 , 64 bit Build 22621 (10.0.22621.3085)
Time: Mon Mar 11 11:43:26 2024 West-Europa (standaardtijd) elapsed time: 15.491979 seconds (0d 0h 0m 15s)

---------------  T H R E A D  ---------------

Current thread (0x0000022355449780):  JavaThread "main" [_thread_in_native, id=1108, stack(0x000000b446200000,0x000000b446300000)]

Stack: [0x000000b446200000,0x000000b446300000],  sp=0x000000b4462ff3b0,  free space=1020k
Native frames: (J=compiled Java code, j=interpreted, Vv=VM code, C=native code)
C  [jniRaylib.dll+0x13d02b]

Java frames: (J=compiled Java code, j=interpreted, Vv=VM code)
J 812  com.raylib.Raylib.DrawText(Ljava/lang/String;IIILcom/raylib/Raylib$Color;)V (0 bytes) @ 0x0000022364b94a23 [0x0000022364b949a0+0x0000000000000083]
j  PineVille.GameScene.main([Ljava/lang/String;)V+425
v  ~StubRoutines::call_stub

siginfo: EXCEPTION_ACCESS_VIOLATION (0xc0000005), reading address 0x0000022341eb86b0


Registers:
RAX=0x0000022341eb8340, RBX=0x00000000ff2f3f4c, RCX=0x000000b4462ff400, RDX=0x000000000000006e
RSP=0x000000b4462ff3b0, RBP=0x0000022378f23870, RSI=0x0000000000000000, RDI=0x0000000000000037
R8 =0x000000b4462ff3e0, R9 =0x000000b4462ff520, R10=0x0000000000000037, R11=0x000000000000000e
R12=0x00000000000000e0, R13=0x0000000000000000, R14=0x0000000000000001, R15=0x000000b4462ff640
RIP=0x00007ffcd286d02b, EFLAGS=0x0000000000010202


Register to memory mapping:

RIP=0x00007ffcd286d02b jniRaylib.dll
RAX=0x0000022341eb8340 is an unknown value
RBX=0x00000000ff2f3f4c is an unknown value
RCX=0x000000b4462ff400 is pointing into the stack for thread: 0x0000022355449780
RDX=0x000000000000006e is an unknown value
RSP=0x000000b4462ff3b0 is pointing into the stack for thread: 0x0000022355449780
RBP=0x0000022378f23870 points into unknown readable memory: 0x0030203a646f6f57 | 57 6f 6f 64 3a 20 30 00
RSI=0x0 is NULL
RDI=0x0000000000000037 is an unknown value
R8 =0x000000b4462ff3e0 is pointing into the stack for thread: 0x0000022355449780
R9 =0x000000b4462ff520 is pointing into the stack for thread: 0x0000022355449780
R10=0x0000000000000037 is an unknown value
R11=0x000000000000000e is an unknown value
R12=0x00000000000000e0 is an unknown value
R13=0x0 is NULL
R14=0x0000000000000001 is an unknown value
R15=0x000000b4462ff640 is pointing into the stack for thread: 0x0000022355449780


Top of Stack: (sp=0x000000b4462ff3b0)
0x000000b4462ff3b0:   00007ffcd0e49eb0 0000000000000000
0x000000b4462ff3c0:   0000000044800001 00007ffcd0ecd73e
0x000000b4462ff3d0:   000000b4462ff590 00007ffcd0e49e9e
0x000000b4462ff3e0:   000000003f800000 00007ffdac36d1aa
0x000000b4462ff3f0:   0000000000040008 0000000000000010
0x000000b4462ff400:   000002234144a8c0 0000022353117240
0x000000b4462ff410:   0000022355449780 00007ffcd0eb1185
0x000000b4462ff420:   000000e00000000a 0000000200000000
0x000000b4462ff430:   000000b4462ff501 0000000000000003
0x000000b4462ff440:   0000022341eb8340 0000022341eb6030
0x000000b4462ff450:   0000000040400000 0000000000000000
0x000000b4462ff460:   0000000041200000 0000000000000000
0x000000b4462ff470:   0000000040400000 0000000000000000
0x000000b4462ff480:   0000000000000000 0000000000000000
0x000000b4462ff490:   0000000000000000 00007ffcd286d5fd
0x000000b4462ff4a0:   41a0000041a00000 00007ffcd0eb042d
0x000000b4462ff4b0:   00000223531e0000 0000000000000004
0x000000b4462ff4c0:   00000000ff2f3f4c 0000000000000000
0x000000b4462ff4d0:   41a0000041a00000 00007ffcd0ea0181
0x000000b4462ff4e0:   00000000000000e0 000000b4462ff498
0x000000b4462ff4f0:   000000e00000000a 0000000200000000
0x000000b4462ff500:   0000022300428300 0000000000000000
0x000000b4462ff510:   0000022341eb8340 0000022341eb6030
0x000000b4462ff520:   000000e00000000a 0000000200000000
0x000000b4462ff530:   0000008000000080 0000000200000001
0x000000b4462ff540:   0000022341eb8340 0000022341eb6030
0x000000b4462ff550:   0000000000000000 0000000000000000
0x000000b4462ff560:   0000000000000000 0000000000000000
0x000000b4462ff570:   0000000000000000 0000000000000000
0x000000b4462ff580:   0000000000000000 0000000000000000
0x000000b4462ff590:   0000000000000000 0000000000000000
0x000000b4462ff5a0:   0000000000000000 0000000000000000 

Instructions: (pc=0x00007ffcd286d02b)
0x00007ffcd286cf2b:   1f 03 d0 8b 84 24 90 00 00 00 89 44 24 28 0f 5b
0x00007ffcd286cf3b:   db 66 0f 6e c2 48 8b d1 0f 5b c0 48 8d 4c 24 30
0x00007ffcd286cf4b:   f3 0f 11 44 24 20 0f 28 c2 0f 14 c4 66 49 0f 7e
0x00007ffcd286cf5b:   c0 e8 ff 03 00 00 48 83 c4 68 c3 cc cc cc cc cc
0x00007ffcd286cf6b:   cc cc cc cc cc 48 8b c4 48 81 ec e8 00 00 00 0f
0x00007ffcd286cf7b:   10 11 4c 89 84 24 f0 00 00 00 45 33 c0 0f 10 49
0x00007ffcd286cf8b:   20 4c 8b c9 41 ba 3f 00 00 00 0f 29 70 e8 0f 29
0x00007ffcd286cf9b:   78 d8 44 0f 29 40 c8 44 0f 29 48 b8 44 0f 28 cb
0x00007ffcd286cfab:   0f 29 50 88 0f 29 48 a8 66 48 0f 7e d0 48 c1 e8
0x00007ffcd286cfbb:   20 85 c0 7e 25 48 8b 84 24 98 00 00 00 8b 4c 24
0x00007ffcd286cfcb:   74 0f 1f 40 00 39 10 74 0e 41 ff c0 48 83 c0 28
0x00007ffcd286cfdb:   44 3b c1 7c f0 eb 03 45 8b d0 49 8b 41 28 4c 8d
0x00007ffcd286cfeb:   44 24 30 66 41 0f 6e 01 66 41 0f 6e 59 08 0f 5b
0x00007ffcd286cffb:   c0 49 63 d2 0f 5b db 48 8d 0c 92 48 03 d2 66 44
0x00007ffcd286d00b:   0f 6e 44 c8 04 66 0f 6e 7c c8 08 0f 28 f3 49 8b
0x00007ffcd286d01b:   41 20 f3 0f 58 f3 f3 44 0f 5e c8 48 8d 4c 24 50
0x00007ffcd286d02b:   f3 0f 10 0c d0 0f 28 c3 f3 41 0f 59 c1 f3 0f 5c
0x00007ffcd286d03b:   cb 0f 28 ee f3 0f 58 6c d0 08 f3 0f 58 74 d0 0c
0x00007ffcd286d04b:   45 0f 5b c0 0f 5b ff f3 45 0f 59 c1 0f 28 e5 f3
0x00007ffcd286d05b:   41 0f 59 f9 0f 28 d6 f3 44 0f 58 84 24 f0 00 00
0x00007ffcd286d06b:   00 f3 41 0f 59 e1 f3 0f 58 bc 24 f4 00 00 00 f3
0x00007ffcd286d07b:   41 0f 59 d1 f3 44 0f 5c c0 f3 0f 11 64 24 38 f3
0x00007ffcd286d08b:   0f 11 4c 24 40 f3 0f 5c f8 f3 0f 11 54 24 3c f3
0x00007ffcd286d09b:   0f 10 44 d0 04 48 8d 54 24 40 41 8b 41 1c f3 0f
0x00007ffcd286d0ab:   5c c3 0f 57 db 89 44 24 60 8b 84 24 10 01 00 00
0x00007ffcd286d0bb:   89 44 24 28 f3 44 0f 11 44 24 30 f3 0f 11 44 24
0x00007ffcd286d0cb:   44 41 0f 10 41 0c f3 0f 11 7c 24 34 0f 29 44 24
0x00007ffcd286d0db:   50 0f 57 c0 0f 14 c3 66 49 0f 7e c1 f3 0f 11 6c
0x00007ffcd286d0eb:   24 48 f3 0f 11 74 24 4c f3 0f 11 5c 24 20 e8 52
0x00007ffcd286d0fb:   b3 f6 ff 4c 8d 9c 24 e8 00 00 00 41 0f 28 73 e8
0x00007ffcd286d10b:   41 0f 28 7b d8 45 0f 28 43 c8 45 0f 28 4b b8 49
0x00007ffcd286d11b:   8b e3 c3 cc cc 48 8b c4 56 41 56 41 57 48 81 ec 


Stack slot to memory mapping:
stack at sp + 0 slots: 0x00007ffcd0e49eb0 jvm.dll
stack at sp + 1 slots: 0x0 is NULL
stack at sp + 2 slots: 0x0000000044800001 is an unknown value
stack at sp + 3 slots: 0x00007ffcd0ecd73e jvm.dll
stack at sp + 4 slots: 0x000000b4462ff590 is pointing into the stack for thread: 0x0000022355449780
stack at sp + 5 slots: 0x00007ffcd0e49e9e jvm.dll
stack at sp + 6 slots: 0x000000003f800000 is an unknown value
stack at sp + 7 slots: 0x00007ffdac36d1aa ntdll.dll


Compiled method (n/a)   15580  812     n 0       com.raylib.Raylib::DrawText (native)
 total in heap  [0x0000022364b94810,0x0000022364b94c00] = 1008
 relocation     [0x0000022364b94968,0x0000022364b94998] = 48
 main code      [0x0000022364b949a0,0x0000022364b94bf8] = 600
 oops           [0x0000022364b94bf8,0x0000022364b94c00] = 8

[Constant Pool (empty)]

[MachCode]
[Entry Point]
  # {method} {0x000002237a44e040} 'DrawText' '(Ljava/lang/String;IIILcom/raylib/Raylib$Color;)V' in 'com/raylib/Raylib'
  # parm0:    rdx:rdx   = 'java/lang/String'
  # parm1:    r8        = int
  # parm2:    r9        = int
  # parm3:    rdi       = int
  # parm4:    rsi:rsi   = 'com/raylib/Raylib$Color'
  #           [sp+0x90]  (sp of caller)
  0x0000022364b949a0: 448b 5208 | 49bb 0000 | 0000 2302 | 0000 4d03 | d349 3bc2 | 0f84 0600 

  0x0000022364b949b8: ;   {runtime_call ic_miss_stub}
  0x0000022364b949b8: 0000 e9c1 | cb86 ff90 
[Verified Entry Point]
  0x0000022364b949c0: 8984 2400 | 90ff ff55 | 488b ec48 | 81ec 8000 | 0000 4889 | 7424 5848 | 83fe 0048 | 8d44 2458 
  0x0000022364b949e0: 480f 4444 | 2458 4889 | 4424 3048 | 897c 2428 | 4c89 4c24 | 204d 8bc8 | 4889 5424 | 3848 83fa 
  0x0000022364b94a00: 004c 8d44 | 2438 4c0f | 4444 2438 

  0x0000022364b94a0c: ;   {oop(a 'java/lang/Class'{0x0000000713e009d8} = 'com/raylib/Raylib')}
  0x0000022364b94a0c: 49be d809 | e013 0700 | 0000 4c89 | 7424 684c | 8d74 2468 | 498b d6c5 

  0x0000022364b94a24: ;   {internal_word}
  0x0000022364b94a24: f877 49ba | 234a b964 | 2302 0000 | 4d89 97a0 | 0200 0049 | 89a7 9802 

  0x0000022364b94a3c: ;   {external_word}
  0x0000022364b94a3c: 0000 49ba | 7935 64d1 | fc7f 0000 | 4180 3a00 | 0f84 5200 | 0000 5241 

  0x0000022364b94a54: ;   {metadata({method} {0x000002237a44e040} 'DrawText' '(Ljava/lang/String;IIILcom/raylib/Raylib$Color;)V' in 'com/raylib/Raylib')}
  0x0000022364b94a54: 5041 5148 | ba38 e044 | 7a23 0200 | 0049 8bcf | 4883 ec20 | f7c4 0f00 | 0000 0f84 | 1a00 0000 
  0x0000022364b94a74: 4883 ec08 

  0x0000022364b94a78: ;   {runtime_call}
  0x0000022364b94a78: 49ba 0030 | 1ad1 fc7f | 0000 41ff | d248 83c4 | 08e9 0d00 

  0x0000022364b94a8c: ;   {runtime_call}
  0x0000022364b94a8c: 0000 49ba | 0030 1ad1 | fc7f 0000 | 41ff d248 | 83c4 2041 | 5941 585a | 498d 8fb8 | 0200 0041 
  0x0000022364b94aac: c787 4803 | 0000 0400 

  0x0000022364b94ab4: ;   {runtime_call}
  0x0000022364b94ab4: 0000 49ba | 6057 77d2 | fc7f 0000 | 41ff d2c5 | f877 41c7 | 8748 0300 | 0005 0000 | 00f0 8344 
  0x0000022364b94ad4: 24c0 0049 | 3baf 5003 | 0000 0f87 | 1100 0000 | 4181 bf38 | 0300 0000 | 0000 000f | 8424 0000 
  0x0000022364b94af4: 00c5 f877 | 498b cf4c | 8be4 4883 | ec20 4883 

  0x0000022364b94b04: ;   {runtime_call}
  0x0000022364b94b04: e4f0 49ba | 9044 2ad1 | fc7f 0000 | 41ff d249 | 8be4 4d33 | e441 c787 | 4803 0000 | 0800 0000 
  0x0000022364b94b24: 4181 bfb8 | 0300 0002 | 0000 000f | 849b 0000 

  0x0000022364b94b34: ;   {external_word}
  0x0000022364b94b34: 0049 ba79 | 3564 d1fc | 7f00 0041 | 803a 000f | 8448 0000 

  0x0000022364b94b48: ;   {metadata({method} {0x000002237a44e040} 'DrawText' '(Ljava/lang/String;IIILcom/raylib/Raylib$Color;)V' in 'com/raylib/Raylib')}
  0x0000022364b94b48: 0048 ba38 | e044 7a23 | 0200 0049 | 8bcf 4883 | ec20 f7c4 | 0f00 0000 | 0f84 1a00 | 0000 4883 
  0x0000022364b94b68: ;   {runtime_call}
  0x0000022364b94b68: ec08 49ba | 0030 1ad1 | fc7f 0000 | 41ff d248 | 83c4 08e9 | 0d00 0000 

  0x0000022364b94b80: ;   {runtime_call}
  0x0000022364b94b80: 49ba 0030 | 1ad1 fc7f | 0000 41ff | d248 83c4 | 2049 c787 | 9802 0000 | 0000 0000 | 49c7 87a0 
  0x0000022364b94ba0: 0200 0000 | 0000 00c5 | f877 498b | 8fd8 0000 | 00c7 8100 | 0100 0000 | 0000 00c9 | 4981 7f08 
  0x0000022364b94bc0: 0000 0000 | 0f85 0100 

  0x0000022364b94bc8: ;   {runtime_call StubRoutines (1)}
  0x0000022364b94bc8: 0000 c3e9 | 30c3 81ff | c5f8 774c | 8be4 4883 | ec20 4883 

  0x0000022364b94bdc: ;   {runtime_call}
  0x0000022364b94bdc: e4f0 49ba | 8060 1ad1 | fc7f 0000 | 41ff d249 | 8be4 4d33 | e4e9 3fff | ffff f4f4 
[/MachCode]


---------------  P R O C E S S  ---------------

Threads class SMR info:
_java_thread_list=0x0000022341eaf680, length=13, elements={
0x0000022355449780, 0x0000022375e80340, 0x0000022375e80f00, 0x0000022375e99110,
0x0000022375e99cd0, 0x0000022375e9c7a0, 0x0000022375ea2670, 0x0000022375ea3410,
0x0000022375eabed0, 0x0000022375eb70c0, 0x0000022378e2ac90, 0x0000022378e4f5f0,
0x0000022378e86bf0
}

Java Threads: ( => current thread )
=>0x0000022355449780 JavaThread "main" [_thread_in_native, id=1108, stack(0x000000b446200000,0x000000b446300000)]
  0x0000022375e80340 JavaThread "Reference Handler" daemon [_thread_blocked, id=27108, stack(0x000000b446900000,0x000000b446a00000)]
  0x0000022375e80f00 JavaThread "Finalizer" daemon [_thread_blocked, id=31292, stack(0x000000b446a00000,0x000000b446b00000)]
  0x0000022375e99110 JavaThread "Signal Dispatcher" daemon [_thread_blocked, id=18292, stack(0x000000b446b00000,0x000000b446c00000)]
  0x0000022375e99cd0 JavaThread "Attach Listener" daemon [_thread_blocked, id=31716, stack(0x000000b446c00000,0x000000b446d00000)]
  0x0000022375e9c7a0 JavaThread "Service Thread" daemon [_thread_blocked, id=25760, stack(0x000000b446d00000,0x000000b446e00000)]
  0x0000022375ea2670 JavaThread "Monitor Deflation Thread" daemon [_thread_blocked, id=30584, stack(0x000000b446e00000,0x000000b446f00000)]
  0x0000022375ea3410 JavaThread "C2 CompilerThread0" daemon [_thread_blocked, id=22656, stack(0x000000b446f00000,0x000000b447000000)]
  0x0000022375eabed0 JavaThread "C1 CompilerThread0" daemon [_thread_blocked, id=4408, stack(0x000000b447000000,0x000000b447100000)]
  0x0000022375eb70c0 JavaThread "Sweeper thread" daemon [_thread_blocked, id=19364, stack(0x000000b447100000,0x000000b447200000)]
  0x0000022378e2ac90 JavaThread "Notification Thread" daemon [_thread_blocked, id=4484, stack(0x000000b447200000,0x000000b447300000)]
  0x0000022378e4f5f0 JavaThread "Common-Cleaner" daemon [_thread_blocked, id=19860, stack(0x000000b447400000,0x000000b447500000)]
  0x0000022378e86bf0 JavaThread "JavaCPP Deallocator" daemon [_thread_blocked, id=10792, stack(0x000000b447500000,0x000000b447600000)]

Other Threads:
  0x0000022375e7b490 VMThread "VM Thread" [stack: 0x000000b446800000,0x000000b446900000] [id=9748]
  0x0000022378e4b180 WatcherThread [stack: 0x000000b447300000,0x000000b447400000] [id=27244]
  0x00000223554b64a0 GCTaskThread "GC Thread#0" [stack: 0x000000b446300000,0x000000b446400000] [id=13272]
  0x000002237e92a0c0 GCTaskThread "GC Thread#1" [stack: 0x000000b448000000,0x000000b448100000] [id=6812]
  0x000002237e9db4b0 GCTaskThread "GC Thread#2" [stack: 0x000000b448100000,0x000000b448200000] [id=27636]
  0x000002237f25dd50 GCTaskThread "GC Thread#3" [stack: 0x000000b448200000,0x000000b448300000] [id=26716]
  0x000002237f25da90 GCTaskThread "GC Thread#4" [stack: 0x000000b448300000,0x000000b448400000] [id=14948]
  0x000002237f25e010 GCTaskThread "GC Thread#5" [stack: 0x000000b448400000,0x000000b448500000] [id=3108]
  0x00000223554c2fa0 ConcurrentGCThread "G1 Main Marker" [stack: 0x000000b446400000,0x000000b446500000] [id=31164]
  0x0000022375d027b0 ConcurrentGCThread "G1 Conc#0" [stack: 0x000000b446500000,0x000000b446600000] [id=27096]
  0x0000022375db3840 ConcurrentGCThread "G1 Refine#0" [stack: 0x000000b446600000,0x000000b446700000] [id=8464]
  0x0000022375db5280 ConcurrentGCThread "G1 Service" [stack: 0x000000b446700000,0x000000b446800000] [id=3296]

Threads with active compile tasks:

VM state: not at safepoint (normal execution)

VM Mutex/Monitor currently owned by a thread: None

Heap address: 0x0000000705a00000, size: 4006 MB, Compressed Oops mode: Zero based, Oop shift amount: 3

CDS archive(s) mapped at: [0x0000022300000000-0x0000022300bb0000-0x0000022300bb0000), size 12255232, SharedBaseAddress: 0x0000022300000000, ArchiveRelocationMode: 1.
Compressed class space mapped at: 0x0000022301000000-0x0000022341000000, reserved size: 1073741824
Narrow klass base: 0x0000022300000000, Narrow klass shift: 0, Narrow klass range: 0x100000000

GC Precious Log:
 CPUs: 16 total, 16 available
 Memory: 16021M
 Large Page Support: Disabled
 NUMA Support: Disabled
 Compressed Oops: Enabled (Zero based)
 Heap Region Size: 2M
 Heap Min Capacity: 8M
 Heap Initial Capacity: 252M
 Heap Max Capacity: 4006M
 Pre-touch: Disabled
 Parallel Workers: 13
 Concurrent Workers: 3
 Concurrent Refinement Workers: 13
 Periodic GC: Disabled

Heap:
 garbage-first heap   total 258048K, used 3633K [0x0000000705a00000, 0x0000000800000000)
  region size 2048K, 3 young (6144K), 1 survivors (2048K)
 Metaspace       used 2112K, committed 2304K, reserved 1114112K
  class space    used 180K, committed 256K, reserved 1048576K

Heap Regions: E=young(eden), S=young(survivor), O=old, HS=humongous(starts), HC=humongous(continues), CS=collection set, F=free, OA=open archive, CA=closed archive, TAMS=top-at-mark-start (previous, next)
|   0|0x0000000705a00000, 0x0000000705a00000, 0x0000000705c00000|  0%| F|  |TAMS 0x0000000705a00000, 0x0000000705a00000| Untracked 
|   1|0x0000000705c00000, 0x0000000705c00000, 0x0000000705e00000|  0%| F|  |TAMS 0x0000000705c00000, 0x0000000705c00000| Untracked 
|   2|0x0000000705e00000, 0x0000000705e00000, 0x0000000706000000|  0%| F|  |TAMS 0x0000000705e00000, 0x0000000705e00000| Untracked 
|   3|0x0000000706000000, 0x0000000706000000, 0x0000000706200000|  0%| F|  |TAMS 0x0000000706000000, 0x0000000706000000| Untracked 
|   4|0x0000000706200000, 0x0000000706200000, 0x0000000706400000|  0%| F|  |TAMS 0x0000000706200000, 0x0000000706200000| Untracked 
|   5|0x0000000706400000, 0x0000000706400000, 0x0000000706600000|  0%| F|  |TAMS 0x0000000706400000, 0x0000000706400000| Untracked 
|   6|0x0000000706600000, 0x0000000706600000, 0x0000000706800000|  0%| F|  |TAMS 0x0000000706600000, 0x0000000706600000| Untracked 
|   7|0x0000000706800000, 0x0000000706800000, 0x0000000706a00000|  0%| F|  |TAMS 0x0000000706800000, 0x0000000706800000| Untracked 
|   8|0x0000000706a00000, 0x0000000706a00000, 0x0000000706c00000|  0%| F|  |TAMS 0x0000000706a00000, 0x0000000706a00000| Untracked 
|   9|0x0000000706c00000, 0x0000000706c00000, 0x0000000706e00000|  0%| F|  |TAMS 0x0000000706c00000, 0x0000000706c00000| Untracked 
|  10|0x0000000706e00000, 0x0000000706e00000, 0x0000000707000000|  0%| F|  |TAMS 0x0000000706e00000, 0x0000000706e00000| Untracked 
|  11|0x0000000707000000, 0x0000000707000000, 0x0000000707200000|  0%| F|  |TAMS 0x0000000707000000, 0x0000000707000000| Untracked 
|  12|0x0000000707200000, 0x0000000707200000, 0x0000000707400000|  0%| F|  |TAMS 0x0000000707200000, 0x0000000707200000| Untracked 
|  13|0x0000000707400000, 0x0000000707400000, 0x0000000707600000|  0%| F|  |TAMS 0x0000000707400000, 0x0000000707400000| Untracked 
|  14|0x0000000707600000, 0x0000000707600000, 0x0000000707800000|  0%| F|  |TAMS 0x0000000707600000, 0x0000000707600000| Untracked 
|  15|0x0000000707800000, 0x0000000707800000, 0x0000000707a00000|  0%| F|  |TAMS 0x0000000707800000, 0x0000000707800000| Untracked 
|  16|0x0000000707a00000, 0x0000000707a00000, 0x0000000707c00000|  0%| F|  |TAMS 0x0000000707a00000, 0x0000000707a00000| Untracked 
|  17|0x0000000707c00000, 0x0000000707c00000, 0x0000000707e00000|  0%| F|  |TAMS 0x0000000707c00000, 0x0000000707c00000| Untracked 
|  18|0x0000000707e00000, 0x0000000707e00000, 0x0000000708000000|  0%| F|  |TAMS 0x0000000707e00000, 0x0000000707e00000| Untracked 
|  19|0x0000000708000000, 0x0000000708000000, 0x0000000708200000|  0%| F|  |TAMS 0x0000000708000000, 0x0000000708000000| Untracked 
|  20|0x0000000708200000, 0x0000000708200000, 0x0000000708400000|  0%| F|  |TAMS 0x0000000708200000, 0x0000000708200000| Untracked 
|  21|0x0000000708400000, 0x0000000708400000, 0x0000000708600000|  0%| F|  |TAMS 0x0000000708400000, 0x0000000708400000| Untracked 
|  22|0x0000000708600000, 0x0000000708600000, 0x0000000708800000|  0%| F|  |TAMS 0x0000000708600000, 0x0000000708600000| Untracked 
|  23|0x0000000708800000, 0x0000000708800000, 0x0000000708a00000|  0%| F|  |TAMS 0x0000000708800000, 0x0000000708800000| Untracked 
|  24|0x0000000708a00000, 0x0000000708a00000, 0x0000000708c00000|  0%| F|  |TAMS 0x0000000708a00000, 0x0000000708a00000| Untracked 
|  25|0x0000000708c00000, 0x0000000708c00000, 0x0000000708e00000|  0%| F|  |TAMS 0x0000000708c00000, 0x0000000708c00000| Untracked 
|  26|0x0000000708e00000, 0x0000000708e00000, 0x0000000709000000|  0%| F|  |TAMS 0x0000000708e00000, 0x0000000708e00000| Untracked 
|  27|0x0000000709000000, 0x0000000709000000, 0x0000000709200000|  0%| F|  |TAMS 0x0000000709000000, 0x0000000709000000| Untracked 
|  28|0x0000000709200000, 0x0000000709200000, 0x0000000709400000|  0%| F|  |TAMS 0x0000000709200000, 0x0000000709200000| Untracked 
|  29|0x0000000709400000, 0x0000000709400000, 0x0000000709600000|  0%| F|  |TAMS 0x0000000709400000, 0x0000000709400000| Untracked 
|  30|0x0000000709600000, 0x0000000709600000, 0x0000000709800000|  0%| F|  |TAMS 0x0000000709600000, 0x0000000709600000| Untracked 
|  31|0x0000000709800000, 0x0000000709800000, 0x0000000709a00000|  0%| F|  |TAMS 0x0000000709800000, 0x0000000709800000| Untracked 
|  32|0x0000000709a00000, 0x0000000709a00000, 0x0000000709c00000|  0%| F|  |TAMS 0x0000000709a00000, 0x0000000709a00000| Untracked 
|  33|0x0000000709c00000, 0x0000000709c00000, 0x0000000709e00000|  0%| F|  |TAMS 0x0000000709c00000, 0x0000000709c00000| Untracked 
|  34|0x0000000709e00000, 0x0000000709e00000, 0x000000070a000000|  0%| F|  |TAMS 0x0000000709e00000, 0x0000000709e00000| Untracked 
|  35|0x000000070a000000, 0x000000070a000000, 0x000000070a200000|  0%| F|  |TAMS 0x000000070a000000, 0x000000070a000000| Untracked 
|  36|0x000000070a200000, 0x000000070a200000, 0x000000070a400000|  0%| F|  |TAMS 0x000000070a200000, 0x000000070a200000| Untracked 
|  37|0x000000070a400000, 0x000000070a400000, 0x000000070a600000|  0%| F|  |TAMS 0x000000070a400000, 0x000000070a400000| Untracked 
|  38|0x000000070a600000, 0x000000070a600000, 0x000000070a800000|  0%| F|  |TAMS 0x000000070a600000, 0x000000070a600000| Untracked 
|  39|0x000000070a800000, 0x000000070a800000, 0x000000070aa00000|  0%| F|  |TAMS 0x000000070a800000, 0x000000070a800000| Untracked 
|  40|0x000000070aa00000, 0x000000070aa00000, 0x000000070ac00000|  0%| F|  |TAMS 0x000000070aa00000, 0x000000070aa00000| Untracked 
|  41|0x000000070ac00000, 0x000000070ac00000, 0x000000070ae00000|  0%| F|  |TAMS 0x000000070ac00000, 0x000000070ac00000| Untracked 
|  42|0x000000070ae00000, 0x000000070ae00000, 0x000000070b000000|  0%| F|  |TAMS 0x000000070ae00000, 0x000000070ae00000| Untracked 
|  43|0x000000070b000000, 0x000000070b000000, 0x000000070b200000|  0%| F|  |TAMS 0x000000070b000000, 0x000000070b000000| Untracked 
|  44|0x000000070b200000, 0x000000070b200000, 0x000000070b400000|  0%| F|  |TAMS 0x000000070b200000, 0x000000070b200000| Untracked 
|  45|0x000000070b400000, 0x000000070b400000, 0x000000070b600000|  0%| F|  |TAMS 0x000000070b400000, 0x000000070b400000| Untracked 
|  46|0x000000070b600000, 0x000000070b600000, 0x000000070b800000|  0%| F|  |TAMS 0x000000070b600000, 0x000000070b600000| Untracked 
|  47|0x000000070b800000, 0x000000070b800000, 0x000000070ba00000|  0%| F|  |TAMS 0x000000070b800000, 0x000000070b800000| Untracked 
|  48|0x000000070ba00000, 0x000000070ba00000, 0x000000070bc00000|  0%| F|  |TAMS 0x000000070ba00000, 0x000000070ba00000| Untracked 
|  49|0x000000070bc00000, 0x000000070bc00000, 0x000000070be00000|  0%| F|  |TAMS 0x000000070bc00000, 0x000000070bc00000| Untracked 
|  50|0x000000070be00000, 0x000000070be00000, 0x000000070c000000|  0%| F|  |TAMS 0x000000070be00000, 0x000000070be00000| Untracked 
|  51|0x000000070c000000, 0x000000070c000000, 0x000000070c200000|  0%| F|  |TAMS 0x000000070c000000, 0x000000070c000000| Untracked 
|  52|0x000000070c200000, 0x000000070c200000, 0x000000070c400000|  0%| F|  |TAMS 0x000000070c200000, 0x000000070c200000| Untracked 
|  53|0x000000070c400000, 0x000000070c400000, 0x000000070c600000|  0%| F|  |TAMS 0x000000070c400000, 0x000000070c400000| Untracked 
|  54|0x000000070c600000, 0x000000070c600000, 0x000000070c800000|  0%| F|  |TAMS 0x000000070c600000, 0x000000070c600000| Untracked 
|  55|0x000000070c800000, 0x000000070c800000, 0x000000070ca00000|  0%| F|  |TAMS 0x000000070c800000, 0x000000070c800000| Untracked 
|  56|0x000000070ca00000, 0x000000070ca00000, 0x000000070cc00000|  0%| F|  |TAMS 0x000000070ca00000, 0x000000070ca00000| Untracked 
|  57|0x000000070cc00000, 0x000000070cc00000, 0x000000070ce00000|  0%| F|  |TAMS 0x000000070cc00000, 0x000000070cc00000| Untracked 
|  58|0x000000070ce00000, 0x000000070ce00000, 0x000000070d000000|  0%| F|  |TAMS 0x000000070ce00000, 0x000000070ce00000| Untracked 
|  59|0x000000070d000000, 0x000000070d000000, 0x000000070d200000|  0%| F|  |TAMS 0x000000070d000000, 0x000000070d000000| Untracked 
|  60|0x000000070d200000, 0x000000070d200000, 0x000000070d400000|  0%| F|  |TAMS 0x000000070d200000, 0x000000070d200000| Untracked 
|  61|0x000000070d400000, 0x000000070d400000, 0x000000070d600000|  0%| F|  |TAMS 0x000000070d400000, 0x000000070d400000| Untracked 
|  62|0x000000070d600000, 0x000000070d600000, 0x000000070d800000|  0%| F|  |TAMS 0x000000070d600000, 0x000000070d600000| Untracked 
|  63|0x000000070d800000, 0x000000070d800000, 0x000000070da00000|  0%| F|  |TAMS 0x000000070d800000, 0x000000070d800000| Untracked 
|  64|0x000000070da00000, 0x000000070da00000, 0x000000070dc00000|  0%| F|  |TAMS 0x000000070da00000, 0x000000070da00000| Untracked 
|  65|0x000000070dc00000, 0x000000070dc00000, 0x000000070de00000|  0%| F|  |TAMS 0x000000070dc00000, 0x000000070dc00000| Untracked 
|  66|0x000000070de00000, 0x000000070de00000, 0x000000070e000000|  0%| F|  |TAMS 0x000000070de00000, 0x000000070de00000| Untracked 
|  67|0x000000070e000000, 0x000000070e000000, 0x000000070e200000|  0%| F|  |TAMS 0x000000070e000000, 0x000000070e000000| Untracked 
|  68|0x000000070e200000, 0x000000070e200000, 0x000000070e400000|  0%| F|  |TAMS 0x000000070e200000, 0x000000070e200000| Untracked 
|  69|0x000000070e400000, 0x000000070e400000, 0x000000070e600000|  0%| F|  |TAMS 0x000000070e400000, 0x000000070e400000| Untracked 
|  70|0x000000070e600000, 0x000000070e600000, 0x000000070e800000|  0%| F|  |TAMS 0x000000070e600000, 0x000000070e600000| Untracked 
|  71|0x000000070e800000, 0x000000070e800000, 0x000000070ea00000|  0%| F|  |TAMS 0x000000070e800000, 0x000000070e800000| Untracked 
|  72|0x000000070ea00000, 0x000000070ea00000, 0x000000070ec00000|  0%| F|  |TAMS 0x000000070ea00000, 0x000000070ea00000| Untracked 
|  73|0x000000070ec00000, 0x000000070ec00000, 0x000000070ee00000|  0%| F|  |TAMS 0x000000070ec00000, 0x000000070ec00000| Untracked 
|  74|0x000000070ee00000, 0x000000070ee00000, 0x000000070f000000|  0%| F|  |TAMS 0x000000070ee00000, 0x000000070ee00000| Untracked 
|  75|0x000000070f000000, 0x000000070f000000, 0x000000070f200000|  0%| F|  |TAMS 0x000000070f000000, 0x000000070f000000| Untracked 
|  76|0x000000070f200000, 0x000000070f200000, 0x000000070f400000|  0%| F|  |TAMS 0x000000070f200000, 0x000000070f200000| Untracked 
|  77|0x000000070f400000, 0x000000070f400000, 0x000000070f600000|  0%| F|  |TAMS 0x000000070f400000, 0x000000070f400000| Untracked 
|  78|0x000000070f600000, 0x000000070f600000, 0x000000070f800000|  0%| F|  |TAMS 0x000000070f600000, 0x000000070f600000| Untracked 
|  79|0x000000070f800000, 0x000000070f800000, 0x000000070fa00000|  0%| F|  |TAMS 0x000000070f800000, 0x000000070f800000| Untracked 
|  80|0x000000070fa00000, 0x000000070fa00000, 0x000000070fc00000|  0%| F|  |TAMS 0x000000070fa00000, 0x000000070fa00000| Untracked 
|  81|0x000000070fc00000, 0x000000070fc00000, 0x000000070fe00000|  0%| F|  |TAMS 0x000000070fc00000, 0x000000070fc00000| Untracked 
|  82|0x000000070fe00000, 0x000000070fe00000, 0x0000000710000000|  0%| F|  |TAMS 0x000000070fe00000, 0x000000070fe00000| Untracked 
|  83|0x0000000710000000, 0x0000000710000000, 0x0000000710200000|  0%| F|  |TAMS 0x0000000710000000, 0x0000000710000000| Untracked 
|  84|0x0000000710200000, 0x0000000710200000, 0x0000000710400000|  0%| F|  |TAMS 0x0000000710200000, 0x0000000710200000| Untracked 
|  85|0x0000000710400000, 0x0000000710400000, 0x0000000710600000|  0%| F|  |TAMS 0x0000000710400000, 0x0000000710400000| Untracked 
|  86|0x0000000710600000, 0x0000000710600000, 0x0000000710800000|  0%| F|  |TAMS 0x0000000710600000, 0x0000000710600000| Untracked 
|  87|0x0000000710800000, 0x0000000710800000, 0x0000000710a00000|  0%| F|  |TAMS 0x0000000710800000, 0x0000000710800000| Untracked 
|  88|0x0000000710a00000, 0x0000000710a00000, 0x0000000710c00000|  0%| F|  |TAMS 0x0000000710a00000, 0x0000000710a00000| Untracked 
|  89|0x0000000710c00000, 0x0000000710c00000, 0x0000000710e00000|  0%| F|  |TAMS 0x0000000710c00000, 0x0000000710c00000| Untracked 
|  90|0x0000000710e00000, 0x0000000710e00000, 0x0000000711000000|  0%| F|  |TAMS 0x0000000710e00000, 0x0000000710e00000| Untracked 
|  91|0x0000000711000000, 0x0000000711000000, 0x0000000711200000|  0%| F|  |TAMS 0x0000000711000000, 0x0000000711000000| Untracked 
|  92|0x0000000711200000, 0x0000000711200000, 0x0000000711400000|  0%| F|  |TAMS 0x0000000711200000, 0x0000000711200000| Untracked 
|  93|0x0000000711400000, 0x0000000711400000, 0x0000000711600000|  0%| F|  |TAMS 0x0000000711400000, 0x0000000711400000| Untracked 
|  94|0x0000000711600000, 0x0000000711600000, 0x0000000711800000|  0%| F|  |TAMS 0x0000000711600000, 0x0000000711600000| Untracked 
|  95|0x0000000711800000, 0x0000000711800000, 0x0000000711a00000|  0%| F|  |TAMS 0x0000000711800000, 0x0000000711800000| Untracked 
|  96|0x0000000711a00000, 0x0000000711a00000, 0x0000000711c00000|  0%| F|  |TAMS 0x0000000711a00000, 0x0000000711a00000| Untracked 
|  97|0x0000000711c00000, 0x0000000711c00000, 0x0000000711e00000|  0%| F|  |TAMS 0x0000000711c00000, 0x0000000711c00000| Untracked 
|  98|0x0000000711e00000, 0x0000000711e00000, 0x0000000712000000|  0%| F|  |TAMS 0x0000000711e00000, 0x0000000711e00000| Untracked 
|  99|0x0000000712000000, 0x0000000712000000, 0x0000000712200000|  0%| F|  |TAMS 0x0000000712000000, 0x0000000712000000| Untracked 
| 100|0x0000000712200000, 0x0000000712200000, 0x0000000712400000|  0%| F|  |TAMS 0x0000000712200000, 0x0000000712200000| Untracked 
| 101|0x0000000712400000, 0x0000000712400000, 0x0000000712600000|  0%| F|  |TAMS 0x0000000712400000, 0x0000000712400000| Untracked 
| 102|0x0000000712600000, 0x0000000712600000, 0x0000000712800000|  0%| F|  |TAMS 0x0000000712600000, 0x0000000712600000| Untracked 
| 103|0x0000000712800000, 0x0000000712800000, 0x0000000712a00000|  0%| F|  |TAMS 0x0000000712800000, 0x0000000712800000| Untracked 
| 104|0x0000000712a00000, 0x0000000712a00000, 0x0000000712c00000|  0%| F|  |TAMS 0x0000000712a00000, 0x0000000712a00000| Untracked 
| 105|0x0000000712c00000, 0x0000000712c00000, 0x0000000712e00000|  0%| F|  |TAMS 0x0000000712c00000, 0x0000000712c00000| Untracked 
| 106|0x0000000712e00000, 0x0000000712e00000, 0x0000000713000000|  0%| F|  |TAMS 0x0000000712e00000, 0x0000000712e00000| Untracked 
| 107|0x0000000713000000, 0x0000000713000000, 0x0000000713200000|  0%| F|  |TAMS 0x0000000713000000, 0x0000000713000000| Untracked 
| 108|0x0000000713200000, 0x0000000713200000, 0x0000000713400000|  0%| F|  |TAMS 0x0000000713200000, 0x0000000713200000| Untracked 
| 109|0x0000000713400000, 0x0000000713400000, 0x0000000713600000|  0%| F|  |TAMS 0x0000000713400000, 0x0000000713400000| Untracked 
| 110|0x0000000713600000, 0x0000000713600000, 0x0000000713800000|  0%| F|  |TAMS 0x0000000713600000, 0x0000000713600000| Untracked 
| 111|0x0000000713800000, 0x0000000713800000, 0x0000000713a00000|  0%| F|  |TAMS 0x0000000713800000, 0x0000000713800000| Untracked 
| 112|0x0000000713a00000, 0x0000000713a00000, 0x0000000713c00000|  0%| F|  |TAMS 0x0000000713a00000, 0x0000000713a00000| Untracked 
| 113|0x0000000713c00000, 0x0000000713c00000, 0x0000000713e00000|  0%| F|  |TAMS 0x0000000713c00000, 0x0000000713c00000| Untracked 
| 114|0x0000000713e00000, 0x0000000713f8c778, 0x0000000714000000| 77%| S|CS|TAMS 0x0000000713e00000, 0x0000000713e00000| Complete 
| 115|0x0000000714000000, 0x0000000714000000, 0x0000000714200000|  0%| F|  |TAMS 0x0000000714000000, 0x0000000714000000| Untracked 
| 116|0x0000000714200000, 0x0000000714200000, 0x0000000714400000|  0%| F|  |TAMS 0x0000000714200000, 0x0000000714200000| Untracked 
| 117|0x0000000714400000, 0x0000000714400000, 0x0000000714600000|  0%| F|  |TAMS 0x0000000714400000, 0x0000000714400000| Untracked 
| 118|0x0000000714600000, 0x0000000714600000, 0x0000000714800000|  0%| F|  |TAMS 0x0000000714600000, 0x0000000714600000| Untracked 
| 119|0x0000000714800000, 0x0000000714800000, 0x0000000714a00000|  0%| F|  |TAMS 0x0000000714800000, 0x0000000714800000| Untracked 
| 120|0x0000000714a00000, 0x0000000714a00000, 0x0000000714c00000|  0%| F|  |TAMS 0x0000000714a00000, 0x0000000714a00000| Untracked 
| 121|0x0000000714c00000, 0x0000000714c00000, 0x0000000714e00000|  0%| F|  |TAMS 0x0000000714c00000, 0x0000000714c00000| Untracked 
| 122|0x0000000714e00000, 0x0000000714e00000, 0x0000000715000000|  0%| F|  |TAMS 0x0000000714e00000, 0x0000000714e00000| Untracked 
| 123|0x0000000715000000, 0x0000000715000000, 0x0000000715200000|  0%| F|  |TAMS 0x0000000715000000, 0x0000000715000000| Untracked 
| 124|0x0000000715200000, 0x000000071533ac18, 0x0000000715400000| 61%| E|  |TAMS 0x0000000715200000, 0x0000000715200000| Complete 
| 125|0x0000000715400000, 0x0000000715600000, 0x0000000715600000|100%| E|CS|TAMS 0x0000000715400000, 0x0000000715400000| Complete 

Card table byte_map: [0x000002236cfc0000,0x000002236d7a0000] _byte_map_base: 0x0000022369793000

Marking Bits (Prev, Next): (CMBitMap*) 0x00000223554b6ac0, (CMBitMap*) 0x00000223554b6b00
 Prev Bits: [0x000002236df80000, 0x0000022371e18000)
 Next Bits: [0x0000022371e20000, 0x0000022375cb8000)

Polling page: 0x00000223533b0000

Metaspace:

Usage:
  Non-class:      1.89 MB used.
      Class:    180.82 KB used.
       Both:      2.06 MB used.

Virtual space:
  Non-class space:       64.00 MB reserved,       2.00 MB (  3%) committed,  1 nodes.
      Class space:        1.00 GB reserved,     256.00 KB ( <1%) committed,  1 nodes.
             Both:        1.06 GB reserved,       2.25 MB ( <1%) committed. 

Chunk freelists:
   Non-Class:  11.23 MB
       Class:  15.65 MB
        Both:  26.88 MB

MaxMetaspaceSize: unlimited
CompressedClassSpaceSize: 1.00 GB
Initial GC threshold: 21.00 MB
Current GC threshold: 21.00 MB
CDS: on
MetaspaceReclaimPolicy: balanced
 - commit_granule_bytes: 65536.
 - commit_granule_words: 8192.
 - virtual_space_node_default_size: 8388608.
 - enlarge_chunks_in_place: 1.
 - new_chunks_are_fully_committed: 0.
 - uncommit_free_chunks: 1.
 - use_allocation_guard: 0.
 - handle_deallocations: 1.


Internal statistics:

num_allocs_failed_limit: 0.
num_arena_births: 32.
num_arena_deaths: 0.
num_vsnodes_births: 2.
num_vsnodes_deaths: 0.
num_space_committed: 36.
num_space_uncommitted: 0.
num_chunks_returned_to_freelist: 0.
num_chunks_taken_from_freelist: 71.
num_chunk_merges: 0.
num_chunk_splits: 50.
num_chunks_enlarged: 39.
num_inconsistent_stats: 0.

CodeHeap 'non-profiled nmethods': size=119168Kb used=633Kb max_used=633Kb free=118534Kb
 bounds [0x0000022364b00000, 0x0000022364d70000, 0x000002236bf60000]
CodeHeap 'profiled nmethods': size=119104Kb used=1357Kb max_used=1357Kb free=117746Kb
 bounds [0x000002235cf60000, 0x000002235d1d0000, 0x00000223643b0000]
CodeHeap 'non-nmethods': size=7488Kb used=1159Kb max_used=2921Kb free=6328Kb
 bounds [0x00000223643b0000, 0x0000022364690000, 0x0000022364b00000]
 total_blobs=1264 nmethods=827 adapters=350
 compilation: enabled
              stopped_count=0, restarted_count=0
 full_count=0

Compilation events (20 events):
Event: 9.542 Thread 0x0000022375ea3410  822   !   4       java.util.WeakHashMap::expungeStaleEntries (139 bytes)
Event: 9.544 Thread 0x0000022375ea3410 nmethod 822 0x0000022364b97990 code [0x0000022364b97b20, 0x0000022364b97e28]
Event: 9.574 Thread 0x0000022375ea3410  823       4       java.util.WeakHashMap::hash (28 bytes)
Event: 9.575 Thread 0x0000022375ea3410 nmethod 823 0x0000022364b97f90 code [0x0000022364b98120, 0x0000022364b98248]
Event: 10.040 Thread 0x0000022375ea3410  824       4       java.util.WeakHashMap::get (75 bytes)
Event: 10.045 Thread 0x0000022375ea3410 nmethod 824 0x0000022364b98390 code [0x0000022364b98540, 0x0000022364b98a58]
Event: 11.924 Thread 0x0000022375ea3410  825       4       java.lang.ThreadLocal::get (38 bytes)
Event: 11.926 Thread 0x0000022375ea3410 nmethod 825 0x0000022364b98e10 code [0x0000022364b98fa0, 0x0000022364b99118]
Event: 12.391 Thread 0x0000022375ea3410  826       4       java.lang.Object::equals (11 bytes)
Event: 12.391 Thread 0x0000022375ea3410 nmethod 826 0x0000022364b99310 code [0x0000022364b99480, 0x0000022364b99518]
Event: 12.792 Thread 0x0000022375ea3410  827       4       java.util.ArrayDeque$DeqIterator::<init> (34 bytes)
Event: 12.793 Thread 0x0000022375ea3410 nmethod 827 0x0000022364b99610 code [0x0000022364b99780, 0x0000022364b99958]
Event: 12.892 Thread 0x0000022375ea3410  828       4       org.bytedeco.javacpp.Pointer::init (52 bytes)
Event: 12.910 Thread 0x0000022375ea3410 nmethod 828 0x0000022364b99a90 code [0x0000022364b99ce0, 0x0000022364b9b6f0]
Event: 12.910 Thread 0x0000022375ea3410  829       4       org.bytedeco.javacpp.Pointer::<init> (86 bytes)
Event: 12.910 Thread 0x0000022375ea3410 nmethod 829 0x0000022364b9c510 code [0x0000022364b9c680, 0x0000022364b9c778]
Event: 13.144 Thread 0x0000022375ea3410  830   !   4       org.bytedeco.javacpp.Pointer$DeallocatorReference::add (82 bytes)
Event: 13.147 Thread 0x0000022375ea3410 nmethod 830 0x0000022364b9c810 code [0x0000022364b9c9a0, 0x0000022364b9cf18]
Event: 14.792 Thread 0x0000022375ea3410  831   !   4       org.bytedeco.javacpp.Pointer::deallocator (568 bytes)
Event: 14.807 Thread 0x0000022375ea3410 nmethod 831 0x0000022364b9d010 code [0x0000022364b9d260, 0x0000022364b9dfa0]

GC Heap History (2 events):
Event: 1.608 GC heap before
{Heap before GC invocations=0 (full 0):
 garbage-first heap   total 258048K, used 22528K [0x0000000705a00000, 0x0000000800000000)
  region size 2048K, 11 young (22528K), 0 survivors (0K)
 Metaspace       used 1705K, committed 1856K, reserved 1114112K
  class space    used 128K, committed 192K, reserved 1048576K
}
Event: 1.630 GC heap after
{Heap after GC invocations=1 (full 0):
 garbage-first heap   total 258048K, used 1585K [0x0000000705a00000, 0x0000000800000000)
  region size 2048K, 1 young (2048K), 1 survivors (2048K)
 Metaspace       used 1705K, committed 1856K, reserved 1114112K
  class space    used 128K, committed 192K, reserved 1048576K
}

Dll operation events (20 events):
Event: 0.912 Loaded shared library C:\Program Files (x86)\Windows Kits\10\Redist\ucrt\DLLs\x64\api-ms-win-core-rtlsupport-l1-1-0.dll
Event: 0.936 Loaded shared library C:\Program Files (x86)\Windows Kits\10\Redist\ucrt\DLLs\x64\api-ms-win-core-processthreads-l1-1-1.dll
Event: 0.956 Loaded shared library C:\Program Files (x86)\Windows Kits\10\Redist\ucrt\DLLs\x64\api-ms-win-core-file-l1-2-0.dll
Event: 0.967 Loaded shared library C:\Program Files (x86)\Windows Kits\10\Redist\ucrt\DLLs\x64\api-ms-win-core-profile-l1-1-0.dll
Event: 0.984 Loaded shared library C:\Program Files (x86)\Windows Kits\10\Redist\ucrt\DLLs\x64\api-ms-win-core-memory-l1-1-0.dll
Event: 1.015 Loaded shared library C:\Program Files (x86)\Windows Kits\10\Redist\ucrt\DLLs\x64\api-ms-win-core-util-l1-1-0.dll
Event: 1.031 Loaded shared library C:\Program Files (x86)\Windows Kits\10\Redist\ucrt\DLLs\x64\api-ms-win-core-interlocked-l1-1-0.dll
Event: 1.057 Loaded shared library C:\Program Files (x86)\Windows Kits\10\Redist\ucrt\DLLs\x64\ucrtbase.dll
Event: 1.078 Loaded shared library C:\Users\luczu\.jdks\corretto-17.0.10\bin\vcruntime140.dll
Event: 1.104 Loaded shared library C:\Users\luczu\.jdks\corretto-17.0.10\bin\vcruntime140_1.dll
Event: 1.128 Loaded shared library C:\Users\luczu\.jdks\corretto-17.0.10\bin\msvcp140.dll
Event: 1.146 Loaded shared library C:\Windows\System32\msvcp140_1.dll
Event: 1.172 Loaded shared library C:\Windows\System32\concrt140.dll
Event: 1.194 Loaded shared library C:\Windows\System32\vcomp140.dll
Event: 1.342 Loaded shared library C:\Windows\System32\winmm.dll
Event: 1.351 Loaded shared library C:\Windows\System32\opengl32.dll
Event: 1.354 Loaded shared library C:\Windows\System32\user32.dll
Event: 1.356 Loaded shared library C:\Windows\System32\shell32.dll
Event: 1.359 Loaded shared library C:\Windows\System32\gdi32.dll
Event: 1.452 Loaded shared library C:\Users\luczu\.javacpp\cache\jaylib-4.5.0-0.jar\com\raylib\windows-x86_64\jniRaylib.dll

Deoptimization events (20 events):
Event: 0.813 Thread 0x0000022355449780 DEOPT PACKING pc=0x000002235cfd4efe sp=0x000000b4462fd470
Event: 0.813 Thread 0x0000022355449780 DEOPT UNPACKING pc=0x000002236440ace3 sp=0x000000b4462fc8e0 mode 0
Event: 0.817 Thread 0x0000022355449780 DEOPT PACKING pc=0x000002235cfd4efe sp=0x000000b4462fda50
Event: 0.817 Thread 0x0000022355449780 DEOPT UNPACKING pc=0x000002236440ace3 sp=0x000000b4462fcec0 mode 0
Event: 1.229 Thread 0x0000022355449780 Uncommon trap: trap_request=0xffffff45 fr.pc=0x0000022364b1bb5c relative=0x00000000000001bc
Event: 1.230 Thread 0x0000022355449780 Uncommon trap: reason=unstable_if action=reinterpret pc=0x0000022364b1bb5c method=java.io.WinNTFileSystem.normalize(Ljava/lang/String;)Ljava/lang/String; @ 128 c2
Event: 1.232 Thread 0x0000022355449780 DEOPT PACKING pc=0x0000022364b1bb5c sp=0x000000b4462fda60
Event: 1.232 Thread 0x0000022355449780 DEOPT UNPACKING pc=0x000002236440a1a3 sp=0x000000b4462fd9e8 mode 2
Event: 1.241 Thread 0x0000022355449780 Uncommon trap: trap_request=0xffffff45 fr.pc=0x0000022364b1c924 relative=0x0000000000000204
Event: 1.242 Thread 0x0000022355449780 Uncommon trap: reason=unstable_if action=reinterpret pc=0x0000022364b1c924 method=sun.net.www.ParseUtil.firstEncodeIndex(Ljava/lang/String;)I @ 51 c2
Event: 1.246 Thread 0x0000022355449780 DEOPT PACKING pc=0x0000022364b1c924 sp=0x000000b4462fdc70
Event: 1.246 Thread 0x0000022355449780 DEOPT UNPACKING pc=0x000002236440a1a3 sp=0x000000b4462fdbf8 mode 2
Event: 1.651 Thread 0x0000022355449780 Uncommon trap: trap_request=0xffffff45 fr.pc=0x0000022364b26d60 relative=0x00000000000000e0
Event: 1.651 Thread 0x0000022355449780 Uncommon trap: reason=unstable_if action=reinterpret pc=0x0000022364b26d60 method=java.lang.ref.SoftReference.get()Ljava/lang/Object; @ 17 c2
Event: 1.651 Thread 0x0000022355449780 DEOPT PACKING pc=0x0000022364b26d60 sp=0x000000b4462fc3d0
Event: 1.651 Thread 0x0000022355449780 DEOPT UNPACKING pc=0x000002236440a1a3 sp=0x000000b4462fc388 mode 2
Event: 1.669 Thread 0x0000022355449780 Uncommon trap: trap_request=0xffffff45 fr.pc=0x0000022364b3a8fc relative=0x00000000000012dc
Event: 1.670 Thread 0x0000022355449780 Uncommon trap: reason=unstable_if action=reinterpret pc=0x0000022364b3a8fc method=java.net.URL.<init>(Ljava/net/URL;Ljava/lang/String;Ljava/net/URLStreamHandler;)V @ 273 c2
Event: 1.671 Thread 0x0000022355449780 DEOPT PACKING pc=0x0000022364b3a8fc sp=0x000000b4462fc3a0
Event: 1.671 Thread 0x0000022355449780 DEOPT UNPACKING pc=0x000002236440a1a3 sp=0x000000b4462fc340 mode 2

Classes unloaded (0 events):
No events

Classes redefined (0 events):
No events

Internal exceptions (7 events):
Event: 0.194 Thread 0x0000022355449780 Exception <a 'java/lang/NoSuchMethodError'{0x0000000715207318}: 'int java.lang.invoke.DirectMethodHandle$Holder.invokeStaticInit(java.lang.Object, java.lang.Object, java.lang.Object, java.lang.Object)'> (0x0000000715207318) 
thrown [s\src\hotspot\share\interpreter\linkResolver.cpp, line 759]
Event: 0.198 Thread 0x0000022355449780 Exception <a 'java/lang/NoSuchMethodError'{0x0000000715212028}: 'java.lang.Object java.lang.invoke.DirectMethodHandle$Holder.invokeInterface(java.lang.Object, java.lang.Object)'> (0x0000000715212028) 
thrown [s\src\hotspot\share\interpreter\linkResolver.cpp, line 759]
Event: 0.199 Thread 0x0000022355449780 Exception <a 'java/lang/IncompatibleClassChangeError'{0x0000000715215740}: Found class java.lang.Object, but interface was expected> (0x0000000715215740) 
thrown [s\src\hotspot\share\interpreter\linkResolver.cpp, line 826]
Event: 0.200 Thread 0x0000022355449780 Exception <a 'java/lang/NoSuchMethodError'{0x00000007152188e8}: 'void java.lang.invoke.DirectMethodHandle$Holder.invokeStatic(java.lang.Object, java.lang.Object)'> (0x00000007152188e8) 
thrown [s\src\hotspot\share\interpreter\linkResolver.cpp, line 759]
Event: 0.201 Thread 0x0000022355449780 Exception <a 'java/lang/NoSuchMethodError'{0x000000071521bf58}: 'void java.lang.invoke.DirectMethodHandle$Holder.invokeStaticInit(java.lang.Object, java.lang.Object)'> (0x000000071521bf58) 
thrown [s\src\hotspot\share\interpreter\linkResolver.cpp, line 759]
Event: 0.203 Thread 0x0000022355449780 Exception <a 'java/lang/NoSuchMethodError'{0x0000000715222880}: 'int java.lang.invoke.DirectMethodHandle$Holder.invokeStaticInit(java.lang.Object, java.lang.Object)'> (0x0000000715222880) 
thrown [s\src\hotspot\share\interpreter\linkResolver.cpp, line 759]
Event: 1.422 Thread 0x0000022355449780 Exception <a 'java/lang/NoSuchMethodError'{0x00000007141ba010}: 'java.lang.Object java.lang.invoke.DirectMethodHandle$Holder.invokeStatic(java.lang.Object, int, java.lang.Object)'> (0x00000007141ba010) 
thrown [s\src\hotspot\share\interpreter\linkResolver.cpp, line 759]

VM Operations (18 events):
Event: 0.155 Executing VM operation: HandshakeAllThreads
Event: 0.155 Executing VM operation: HandshakeAllThreads done
Event: 0.321 Executing VM operation: HandshakeAllThreads
Event: 0.321 Executing VM operation: HandshakeAllThreads done
Event: 1.323 Executing VM operation: Cleanup
Event: 1.340 Executing VM operation: Cleanup done
Event: 1.608 Executing VM operation: G1CollectForAllocation
Event: 1.630 Executing VM operation: G1CollectForAllocation done
Event: 2.639 Executing VM operation: Cleanup
Event: 2.639 Executing VM operation: Cleanup done
Event: 3.648 Executing VM operation: Cleanup
Event: 3.648 Executing VM operation: Cleanup done
Event: 7.651 Executing VM operation: Cleanup
Event: 7.651 Executing VM operation: Cleanup done
Event: 9.652 Executing VM operation: Cleanup
Event: 9.652 Executing VM operation: Cleanup done
Event: 12.653 Executing VM operation: Cleanup
Event: 12.653 Executing VM operation: Cleanup done

Events (20 events):
Event: 1.411 loading class java/time/zone/ZoneOffsetTransitionRule$TimeDefinition
Event: 1.412 loading class java/time/zone/ZoneOffsetTransitionRule$TimeDefinition done
Event: 1.416 loading class java/time/zone/ZoneOffsetTransition
Event: 1.417 loading class java/time/zone/ZoneOffsetTransition done
Event: 1.419 loading class java/time/temporal/TemporalAdjusters
Event: 1.421 loading class java/time/temporal/TemporalAdjusters done
Event: 1.435 loading class java/time/zone/ZoneOffsetTransitionRule$1
Event: 1.437 loading class java/time/zone/ZoneOffsetTransitionRule$1 done
Event: 1.442 loading class java/util/concurrent/TimeUnit$1
Event: 1.443 loading class java/util/concurrent/TimeUnit$1 done
Event: 2.915 Thread 0x00000223793ea7b0 Thread exited: 0x00000223793ea7b0
Event: 2.915 Thread 0x00000223793eb7a0 Thread exited: 0x00000223793eb7a0
Event: 2.915 Thread 0x00000223793ecce0 Thread exited: 0x00000223793ecce0
Event: 2.915 Thread 0x000002237922b2d0 Thread exited: 0x000002237922b2d0
Event: 2.915 Thread 0x00000223793ebcf0 Thread exited: 0x00000223793ebcf0
Event: 2.915 Thread 0x00000223790689e0 Thread exited: 0x00000223790689e0
Event: 2.916 Thread 0x000002237906d9e0 Thread exited: 0x000002237906d9e0
Event: 4.371 Thread 0x000002237906d4c0 Thread exited: 0x000002237906d4c0
Event: 5.107 Thread 0x0000022378f233a0 Thread exited: 0x0000022378f233a0
Event: 7.054 Thread 0x0000022378ece790 Thread exited: 0x0000022378ece790


Dynamic libraries:
0x00007ff7d2e30000 - 0x00007ff7d2e3e000 	C:\Users\luczu\.jdks\corretto-17.0.10\bin\java.exe
0x00007ffdac330000 - 0x00007ffdac547000 	C:\WINDOWS\SYSTEM32\ntdll.dll
0x00007ffdab410000 - 0x00007ffdab4d4000 	C:\WINDOWS\System32\KERNEL32.DLL
0x00007ffda97e0000 - 0x00007ffda9b86000 	C:\WINDOWS\System32\KERNELBASE.dll
0x00007ffda9bc0000 - 0x00007ffda9cd1000 	C:\WINDOWS\System32\ucrtbase.dll
0x00007ffd6e700000 - 0x00007ffd6e71b000 	C:\Users\luczu\.jdks\corretto-17.0.10\bin\VCRUNTIME140.dll
0x00007ffd7fae0000 - 0x00007ffd7faf7000 	C:\Users\luczu\.jdks\corretto-17.0.10\bin\jli.dll
0x00007ffdaa130000 - 0x00007ffdaa2de000 	C:\WINDOWS\System32\USER32.dll
0x00007ffda9670000 - 0x00007ffda9696000 	C:\WINDOWS\System32\win32u.dll
0x00007ffd86f70000 - 0x00007ffd87203000 	C:\WINDOWS\WinSxS\amd64_microsoft.windows.common-controls_6595b64144ccf1df_6.0.22621.2506_none_270c5ae97388e100\COMCTL32.dll
0x00007ffdabf40000 - 0x00007ffdabf69000 	C:\WINDOWS\System32\GDI32.dll
0x00007ffdaab10000 - 0x00007ffdaabb7000 	C:\WINDOWS\System32\msvcrt.dll
0x00007ffda9ce0000 - 0x00007ffda9df8000 	C:\WINDOWS\System32\gdi32full.dll
0x00007ffda9e00000 - 0x00007ffda9e9a000 	C:\WINDOWS\System32\msvcp_win.dll
0x00007ffdab200000 - 0x00007ffdab231000 	C:\WINDOWS\System32\IMM32.DLL
0x00007ffd803c0000 - 0x00007ffd803cc000 	C:\Users\luczu\.jdks\corretto-17.0.10\bin\vcruntime140_1.dll
0x00007ffd6e560000 - 0x00007ffd6e5ed000 	C:\Users\luczu\.jdks\corretto-17.0.10\bin\msvcp140.dll
0x00007ffcd0ac0000 - 0x00007ffcd1722000 	C:\Users\luczu\.jdks\corretto-17.0.10\bin\server\jvm.dll
0x00007ffdaa430000 - 0x00007ffdaa4e3000 	C:\WINDOWS\System32\ADVAPI32.dll
0x00007ffdabe30000 - 0x00007ffdabed8000 	C:\WINDOWS\System32\sechost.dll
0x00007ffda9b90000 - 0x00007ffda9bb8000 	C:\WINDOWS\System32\bcrypt.dll
0x00007ffdaa9f0000 - 0x00007ffdaab07000 	C:\WINDOWS\System32\RPCRT4.dll
0x00007ffd87cb0000 - 0x00007ffd87cb9000 	C:\WINDOWS\SYSTEM32\WSOCK32.dll
0x00007ffd9e910000 - 0x00007ffd9e944000 	C:\WINDOWS\SYSTEM32\WINMM.dll
0x00007ffda8520000 - 0x00007ffda856d000 	C:\WINDOWS\SYSTEM32\POWRPROF.dll
0x00007ffd9f400000 - 0x00007ffd9f40a000 	C:\WINDOWS\SYSTEM32\VERSION.dll
0x00007ffdab4e0000 - 0x00007ffdab551000 	C:\WINDOWS\System32\WS2_32.dll
0x00007ffda84e0000 - 0x00007ffda84f3000 	C:\WINDOWS\SYSTEM32\UMPDC.dll
0x00007ffda87a0000 - 0x00007ffda87b8000 	C:\WINDOWS\SYSTEM32\kernel.appcore.dll
0x00007ffd80200000 - 0x00007ffd8020a000 	C:\Users\luczu\.jdks\corretto-17.0.10\bin\jimage.dll
0x00007ffda6b20000 - 0x00007ffda6d53000 	C:\WINDOWS\SYSTEM32\DBGHELP.DLL
0x00007ffdaabc0000 - 0x00007ffdaaf49000 	C:\WINDOWS\System32\combase.dll
0x00007ffdaa2e0000 - 0x00007ffdaa3b7000 	C:\WINDOWS\System32\OLEAUT32.dll
0x00007ffd8dd70000 - 0x00007ffd8dda2000 	C:\WINDOWS\SYSTEM32\dbgcore.DLL
0x00007ffda96a0000 - 0x00007ffda971a000 	C:\WINDOWS\System32\bcryptPrimitives.dll
0x00007ffd6e6d0000 - 0x00007ffd6e6f5000 	C:\Users\luczu\.jdks\corretto-17.0.10\bin\java.dll
0x00007ffd248a0000 - 0x00007ffd24977000 	C:\Users\luczu\.jdks\corretto-17.0.10\bin\jsvml.dll
0x00007ffdab5c0000 - 0x00007ffdabe1b000 	C:\WINDOWS\System32\SHELL32.dll
0x00007ffda7590000 - 0x00007ffda7e86000 	C:\WINDOWS\SYSTEM32\windows.storage.dll
0x00007ffda7450000 - 0x00007ffda758e000 	C:\WINDOWS\SYSTEM32\wintypes.dll
0x00007ffdac1f0000 - 0x00007ffdac2e3000 	C:\WINDOWS\System32\SHCORE.dll
0x00007ffdabee0000 - 0x00007ffdabf3e000 	C:\WINDOWS\System32\shlwapi.dll
0x00007ffda95a0000 - 0x00007ffda95c6000 	C:\WINDOWS\SYSTEM32\profapi.dll
0x00007ffd6e6b0000 - 0x00007ffd6e6c9000 	C:\Users\luczu\.jdks\corretto-17.0.10\bin\net.dll
0x00007ffd9fd20000 - 0x00007ffd9fe57000 	C:\WINDOWS\SYSTEM32\WINHTTP.dll
0x00007ffda8c20000 - 0x00007ffda8c89000 	C:\WINDOWS\system32\mswsock.dll
0x00007ffd6e540000 - 0x00007ffd6e556000 	C:\Users\luczu\.jdks\corretto-17.0.10\bin\nio.dll
0x00007ffd6e520000 - 0x00007ffd6e538000 	C:\Users\luczu\.jdks\corretto-17.0.10\bin\zip.dll
0x0000022353420000 - 0x0000022353423000 	C:\Program Files (x86)\Windows Kits\10\Redist\ucrt\DLLs\x64\api-ms-win-crt-locale-l1-1-0.dll
0x0000022353430000 - 0x0000022353434000 	C:\Program Files (x86)\Windows Kits\10\Redist\ucrt\DLLs\x64\api-ms-win-crt-string-l1-1-0.dll
0x0000022353440000 - 0x0000022353444000 	C:\Program Files (x86)\Windows Kits\10\Redist\ucrt\DLLs\x64\api-ms-win-crt-stdio-l1-1-0.dll
0x00000223553f0000 - 0x00000223553f5000 	C:\Program Files (x86)\Windows Kits\10\Redist\ucrt\DLLs\x64\api-ms-win-crt-math-l1-1-0.dll
0x00000223791c0000 - 0x00000223791c3000 	C:\Program Files (x86)\Windows Kits\10\Redist\ucrt\DLLs\x64\api-ms-win-crt-heap-l1-1-0.dll
0x00000223791d0000 - 0x00000223791d4000 	C:\Program Files (x86)\Windows Kits\10\Redist\ucrt\DLLs\x64\api-ms-win-crt-runtime-l1-1-0.dll
0x00000223791e0000 - 0x00000223791e4000 	C:\Program Files (x86)\Windows Kits\10\Redist\ucrt\DLLs\x64\api-ms-win-crt-convert-l1-1-0.dll
0x00000223799f0000 - 0x00000223799f3000 	C:\Program Files (x86)\Windows Kits\10\Redist\ucrt\DLLs\x64\api-ms-win-crt-environment-l1-1-0.dll
0x0000022379a00000 - 0x0000022379a03000 	C:\Program Files (x86)\Windows Kits\10\Redist\ucrt\DLLs\x64\api-ms-win-crt-time-l1-1-0.dll
0x0000022379a10000 - 0x0000022379a13000 	C:\Program Files (x86)\Windows Kits\10\Redist\ucrt\DLLs\x64\api-ms-win-crt-filesystem-l1-1-0.dll
0x0000022379a20000 - 0x0000022379a23000 	C:\Program Files (x86)\Windows Kits\10\Redist\ucrt\DLLs\x64\api-ms-win-crt-utility-l1-1-0.dll
0x0000022379a30000 - 0x0000022379a35000 	C:\Program Files (x86)\Windows Kits\10\Redist\ucrt\DLLs\x64\api-ms-win-crt-multibyte-l1-1-0.dll
0x0000022379a40000 - 0x0000022379a43000 	C:\Program Files (x86)\Windows Kits\10\Redist\ucrt\DLLs\x64\api-ms-win-crt-conio-l1-1-0.dll
0x0000022379a50000 - 0x0000022379a5f000 	C:\Program Files (x86)\Windows Kits\10\Redist\ucrt\DLLs\x64\api-ms-win-crt-private-l1-1-0.dll
0x0000022379a60000 - 0x0000022379a63000 	C:\Program Files (x86)\Windows Kits\10\Redist\ucrt\DLLs\x64\api-ms-win-crt-process-l1-1-0.dll
0x0000022379b70000 - 0x0000022379b73000 	C:\Program Files\Microsoft\jdk-11.0.12.7-hotspot\bin\api-ms-win-core-console-l1-2-0.dll
0x0000022379b80000 - 0x0000022379b83000 	C:\Program Files (x86)\Windows Kits\10\Redist\ucrt\DLLs\x64\api-ms-win-core-string-l1-1-0.dll
0x0000022379b90000 - 0x0000022379b93000 	C:\Program Files (x86)\Windows Kits\10\Redist\ucrt\DLLs\x64\api-ms-win-core-errorhandling-l1-1-0.dll
0x0000022379ba0000 - 0x0000022379ba3000 	C:\Program Files (x86)\Windows Kits\10\Redist\ucrt\DLLs\x64\api-ms-win-core-timezone-l1-1-0.dll
0x0000022379bb0000 - 0x0000022379bb4000 	C:\Program Files (x86)\Windows Kits\10\Redist\ucrt\DLLs\x64\api-ms-win-core-file-l1-1-0.dll
0x0000022379bc0000 - 0x0000022379bc3000 	C:\Program Files (x86)\Windows Kits\10\Redist\ucrt\DLLs\x64\api-ms-win-core-namedpipe-l1-1-0.dll
0x0000022379bd0000 - 0x0000022379bd3000 	C:\Program Files (x86)\Windows Kits\10\Redist\ucrt\DLLs\x64\api-ms-win-core-handle-l1-1-0.dll
0x0000022379be0000 - 0x0000022379be3000 	C:\Program Files (x86)\Windows Kits\10\Redist\ucrt\DLLs\x64\api-ms-win-core-file-l2-1-0.dll
0x0000022379bf0000 - 0x0000022379bf3000 	C:\Program Files (x86)\Windows Kits\10\Redist\ucrt\DLLs\x64\api-ms-win-core-heap-l1-1-0.dll
0x0000022379c00000 - 0x0000022379c03000 	C:\Program Files (x86)\Windows Kits\10\Redist\ucrt\DLLs\x64\api-ms-win-core-libraryloader-l1-1-0.dll
0x0000022379c10000 - 0x0000022379c13000 	C:\Program Files (x86)\Windows Kits\10\Redist\ucrt\DLLs\x64\api-ms-win-core-synch-l1-1-0.dll
0x0000022379c20000 - 0x0000022379c23000 	C:\Program Files (x86)\Windows Kits\10\Redist\ucrt\DLLs\x64\api-ms-win-core-processthreads-l1-1-0.dll
0x0000022379c30000 - 0x0000022379c33000 	C:\Program Files (x86)\Windows Kits\10\Redist\ucrt\DLLs\x64\api-ms-win-core-processenvironment-l1-1-0.dll
0x0000022379c40000 - 0x0000022379c43000 	C:\Program Files (x86)\Windows Kits\10\Redist\ucrt\DLLs\x64\api-ms-win-core-datetime-l1-1-0.dll
0x0000022379c50000 - 0x0000022379c53000 	C:\Program Files (x86)\Windows Kits\10\Redist\ucrt\DLLs\x64\api-ms-win-core-localization-l1-2-0.dll
0x0000022379c60000 - 0x0000022379c63000 	C:\Program Files (x86)\Windows Kits\10\Redist\ucrt\DLLs\x64\api-ms-win-core-sysinfo-l1-1-0.dll
0x0000022379c70000 - 0x0000022379c73000 	C:\Program Files (x86)\Windows Kits\10\Redist\ucrt\DLLs\x64\api-ms-win-core-synch-l1-2-0.dll
0x0000022379c80000 - 0x0000022379c83000 	C:\Program Files (x86)\Windows Kits\10\Redist\ucrt\DLLs\x64\api-ms-win-core-console-l1-1-0.dll
0x0000022379c90000 - 0x0000022379c93000 	C:\Program Files (x86)\Windows Kits\10\Redist\ucrt\DLLs\x64\api-ms-win-core-debug-l1-1-0.dll
0x0000022379ca0000 - 0x0000022379ca3000 	C:\Program Files (x86)\Windows Kits\10\Redist\ucrt\DLLs\x64\api-ms-win-core-rtlsupport-l1-1-0.dll
0x0000022379cb0000 - 0x0000022379cb3000 	C:\Program Files (x86)\Windows Kits\10\Redist\ucrt\DLLs\x64\api-ms-win-core-processthreads-l1-1-1.dll
0x0000022379cc0000 - 0x0000022379cc3000 	C:\Program Files (x86)\Windows Kits\10\Redist\ucrt\DLLs\x64\api-ms-win-core-file-l1-2-0.dll
0x0000022379cd0000 - 0x0000022379cd3000 	C:\Program Files (x86)\Windows Kits\10\Redist\ucrt\DLLs\x64\api-ms-win-core-profile-l1-1-0.dll
0x0000022379ce0000 - 0x0000022379ce3000 	C:\Program Files (x86)\Windows Kits\10\Redist\ucrt\DLLs\x64\api-ms-win-core-memory-l1-1-0.dll
0x0000022379cf0000 - 0x0000022379cf3000 	C:\Program Files (x86)\Windows Kits\10\Redist\ucrt\DLLs\x64\api-ms-win-core-util-l1-1-0.dll
0x0000022379d00000 - 0x0000022379d03000 	C:\Program Files (x86)\Windows Kits\10\Redist\ucrt\DLLs\x64\api-ms-win-core-interlocked-l1-1-0.dll
0x00007ffcd2950000 - 0x00007ffcd2a42000 	C:\Program Files (x86)\Windows Kits\10\Redist\ucrt\DLLs\x64\ucrtbase.dll
0x00007ffd80b80000 - 0x00007ffd80b89000 	C:\Windows\System32\msvcp140_1.dll
0x00007ffd582d0000 - 0x00007ffd5831e000 	C:\Windows\System32\concrt140.dll
0x00007ffd55560000 - 0x00007ffd55591000 	C:\Windows\System32\vcomp140.dll
0x00007ffd79e20000 - 0x00007ffd79f20000 	C:\Windows\System32\opengl32.dll
0x00007ffd79cd0000 - 0x00007ffd79cfd000 	C:\WINDOWS\SYSTEM32\GLU32.dll
0x00007ffda68a0000 - 0x00007ffda68d9000 	C:\WINDOWS\SYSTEM32\dxcore.dll
0x00007ffcd2730000 - 0x00007ffcd294d000 	C:\Users\luczu\.javacpp\cache\jaylib-4.5.0-0.jar\com\raylib\windows-x86_64\jniRaylib.dll
0x00007ffcf41b0000 - 0x00007ffcf41f6000 	C:\WINDOWS\SYSTEM32\dinput8.dll
0x00007ffd691e0000 - 0x00007ffd691f1000 	C:\WINDOWS\SYSTEM32\xinput1_4.dll
0x00007ffda9330000 - 0x00007ffda935c000 	C:\WINDOWS\SYSTEM32\DEVOBJ.dll
0x00007ffda9360000 - 0x00007ffda93ae000 	C:\WINDOWS\SYSTEM32\cfgmgr32.dll
0x00007ffda6a20000 - 0x00007ffda6a4b000 	C:\WINDOWS\SYSTEM32\dwmapi.dll
0x00007ffd87cc0000 - 0x00007ffd87eca000 	C:\WINDOWS\SYSTEM32\inputhost.dll
0x00007ffda3b50000 - 0x00007ffda3c84000 	C:\WINDOWS\SYSTEM32\CoreMessaging.dll
0x00007ffda3f30000 - 0x00007ffda3fdb000 	C:\WINDOWS\system32\uxtheme.dll
0x00007ffdabfd0000 - 0x00007ffdac121000 	C:\WINDOWS\System32\MSCTF.dll
0x00007ffda8e90000 - 0x00007ffda8e9c000 	C:\WINDOWS\SYSTEM32\CRYPTBASE.DLL
0x00007ffda7e90000 - 0x00007ffda7e9e000 	C:\WINDOWS\SYSTEM32\HID.DLL
0x00007ffdaa4f0000 - 0x00007ffdaa964000 	C:\WINDOWS\System32\SETUPAPI.DLL
0x00007ffdaa010000 - 0x00007ffdaa07b000 	C:\WINDOWS\System32\WINTRUST.dll
0x00007ffda9ea0000 - 0x00007ffdaa006000 	C:\WINDOWS\System32\CRYPT32.dll
0x00007ffda9310000 - 0x00007ffda9322000 	C:\WINDOWS\SYSTEM32\MSASN1.dll
0x00007ffda0870000 - 0x00007ffda08ba000 	C:\WINDOWS\SYSTEM32\directxdatabasehelper.dll
0x00007ffdaa080000 - 0x00007ffdaa130000 	C:\WINDOWS\System32\clbcatq.dll
0x00007ffc8fbb0000 - 0x00007ffc927a0000 	C:\WINDOWS\System32\DriverStore\FileRepository\nvhm.inf_amd64_28ac5867493a0477\nvoglv64.dll
0x00007ffdaaf50000 - 0x00007ffdab0f0000 	C:\WINDOWS\System32\ole32.dll
0x00007ffda8500000 - 0x00007ffda8514000 	C:\WINDOWS\SYSTEM32\WTSAPI32.dll
0x00007ffd9ec10000 - 0x00007ffd9ec42000 	C:\WINDOWS\SYSTEM32\cryptnet.dll
0x00007ffd90ed0000 - 0x00007ffd91028000 	C:\WINDOWS\SYSTEM32\drvstore.dll
0x00007ffda8f20000 - 0x00007ffda8f6b000 	C:\WINDOWS\SYSTEM32\wldp.dll
0x00007ffdac140000 - 0x00007ffdac15f000 	C:\WINDOWS\System32\imagehlp.dll
0x00007ffda8e70000 - 0x00007ffda8e8b000 	C:\WINDOWS\SYSTEM32\CRYPTSP.dll
0x00007ffda8700000 - 0x00007ffda8735000 	C:\WINDOWS\system32\rsaenh.dll
0x00007ffda8cb0000 - 0x00007ffda8cd6000 	C:\WINDOWS\SYSTEM32\gpapi.dll
0x00007ffd61250000 - 0x00007ffd6343b000 	C:\WINDOWS\System32\DriverStore\FileRepository\nvhm.inf_amd64_28ac5867493a0477\nvgpucomp64.dll
0x00007ffda87c0000 - 0x00007ffda87f4000 	C:\WINDOWS\SYSTEM32\ntmarta.dll
0x00007ffd27080000 - 0x00007ffd27343000 	C:\WINDOWS\system32\nvspcap64.dll
0x00007ffda80f0000 - 0x00007ffda8156000 	C:\WINDOWS\SYSTEM32\WINSTA.dll

dbghelp: loaded successfully - version: 4.0.5 - missing functions: none
symbol engine: initialized successfully - sym options: 0x614 - pdb path: .;C:\Users\luczu\.jdks\corretto-17.0.10\bin;C:\WINDOWS\SYSTEM32;C:\WINDOWS\WinSxS\amd64_microsoft.windows.common-controls_6595b64144ccf1df_6.0.22621.2506_none_270c5ae97388e100;C:\Users\luczu\.jdks\corretto-17.0.10\bin\server;C:\Program Files (x86)\Windows Kits\10\Redist\ucrt\DLLs\x64;C:\Program Files\Microsoft\jdk-11.0.12.7-hotspot\bin;C:\Users\luczu\.javacpp\cache\jaylib-4.5.0-0.jar\com\raylib\windows-x86_64;C:\WINDOWS\System32\DriverStore\FileRepository\nvhm.inf_amd64_28ac5867493a0477;C:\WINDOWS\System32\DriverStore\FileRepository\iigd_dch.inf_amd64_0fdf6ce291234272

VM Arguments:
jvm_args: -Dfile.encoding=windows-1252 -Duser.country=NL -Duser.language=nl -Duser.variant 
java_command: PineVille.GameScene
java_class_path (initial): C:\Users\luczu\OneDrive\Documenten\PineVille\build\classes\java\main;C:\Users\luczu\OneDrive\Documenten\PineVille\build\resources\main;C:\Users\luczu\.gradle\caches\modules-2\files-2.1\uk.co.electronstudio.jaylib\jaylib\4.5.0-0\90c0d608df9bbd32f5f34683acc58cb433e94508\jaylib-4.5.0-0.jar
Launcher Type: SUN_STANDARD

[Global flags]
     intx CICompilerCount                          = 12                                        {product} {ergonomic}
     uint ConcGCThreads                            = 3                                         {product} {ergonomic}
     uint G1ConcRefinementThreads                  = 13                                        {product} {ergonomic}
   size_t G1HeapRegionSize                         = 2097152                                   {product} {ergonomic}
    uintx GCDrainStackTargetSize                   = 64                                        {product} {ergonomic}
   size_t InitialHeapSize                          = 264241152                                 {product} {ergonomic}
   size_t MarkStackSize                            = 4194304                                   {product} {ergonomic}
   size_t MaxHeapSize                              = 4200595456                                {product} {ergonomic}
   size_t MaxNewSize                               = 2518679552                                {product} {ergonomic}
   size_t MinHeapDeltaBytes                        = 2097152                                   {product} {ergonomic}
   size_t MinHeapSize                              = 8388608                                   {product} {ergonomic}
    uintx NonNMethodCodeHeapSize                   = 7602480                                {pd product} {ergonomic}
    uintx NonProfiledCodeHeapSize                  = 122027880                              {pd product} {ergonomic}
    uintx ProfiledCodeHeapSize                     = 122027880                              {pd product} {ergonomic}
    uintx ReservedCodeCacheSize                    = 251658240                              {pd product} {ergonomic}
     bool SegmentedCodeCache                       = true                                      {product} {ergonomic}
   size_t SoftMaxHeapSize                          = 4200595456                             {manageable} {ergonomic}
     bool UseCompressedClassPointers               = true                           {product lp64_product} {ergonomic}
     bool UseCompressedOops                        = true                           {product lp64_product} {ergonomic}
     bool UseG1GC                                  = true                                      {product} {ergonomic}
     bool UseLargePagesIndividualAllocation        = false                                  {pd product} {ergonomic}

Logging:
Log output configuration:
 #0: stdout all=warning uptime,level,tags
 #1: stderr all=off uptime,level,tags

Environment Variables:
PATH=C:\Program Files (x86)\Common Files\Intel\Shared Libraries\redist\intel64\compiler;C:\Program Files\Common Files\Oracle\Java\javapath;C:\Program Files\Microsoft\jdk-11.0.12.7-hotspot\bin;C:\windows\system32;C:\windows;C:\windows\System32\Wbem;C:\windows\System32\WindowsPowerShell\v1.0\;C:\windows\System32\OpenSSH\;C:\Program Files (x86)\NVIDIA Corporation\PhysX\Common;C:\Program Files\NVIDIA Corporation\NVIDIA NvDLISR;C:\Program Files\Microsoft SQL Server\150\Tools\Binn\;C:\Program Files\Microsoft SQL Server\Client SDK\ODBC\170\Tools\Binn\;C:\Program Files\dotnet\;C:\WINDOWS\system32;C:\WINDOWS;C:\WINDOWS\System32\Wbem;C:\WINDOWS\System32\WindowsPowerShell\v1.0\;C:\WINDOWS\System32\OpenSSH\;C:\Program Files\CMake\bin;C:\Program Files\Git\cmd;C:\Users\luczu\AppData\Local\Microsoft\WindowsApps;C:\Users\luczu\.dotnet\tools;C:\Users\luczu\AppData\Local\GitHubDesktop\bin;;C:\Users\luczu\AppData\Local\Programs\Microsoft VS Code\bin
USERNAME=luczu
OS=Windows_NT
PROCESSOR_IDENTIFIER=Intel64 Family 6 Model 141 Stepping 1, GenuineIntel
TMP=C:\Users\luczu\AppData\Local\Temp
TEMP=C:\Users\luczu\AppData\Local\Temp



Periodic native trim disabled


---------------  S Y S T E M  ---------------

OS:
 Windows 11 , 64 bit Build 22621 (10.0.22621.3085)
OS uptime: 0 days 1:06 hours
Hyper-V role detected

CPU: total 16 (initial active 16) (8 cores per cpu, 2 threads per core) family 6 model 141 stepping 1 microcode 0x4e, cx8, cmov, fxsr, ht, mmx, 3dnowpref, sse, sse2, sse3, ssse3, sse4.1, sse4.2, popcnt, lzcnt, tsc, tscinvbit, avx, avx2, aes, erms, clmul, bmi1, bmi2, adx, avx512f, avx512dq, avx512cd, avx512bw, avx512vl, sha, fma, vzeroupper, avx512_vpopcntdq, avx512_vpclmulqdq, avx512_vaes, avx512_vnni, clflush, clflushopt, clwb, avx512_vbmi2, avx512_vbmi, hv
Processor Information for all 16 processors :
  Max Mhz: 2304, Current Mhz: 2304, Mhz Limit: 2304

Memory: 4k page, system-wide physical 16021M (2916M free)
TotalPageFile size 33429M (AvailPageFile size 13468M)
current process WorkingSet (physical memory assigned to process): 124M, peak: 212M
current process commit charge ("private bytes"): 504M, peak: 634M

vm_info: OpenJDK 64-Bit Server VM (17.0.10+7-LTS) for windows-amd64 JRE (17.0.10+7-LTS), built on Jan 10 2024 22:11:07 by "Administrator" with MS VC++ 16.10 / 16.11 (VS2019)

END.
