#
# A fatal error has been detected by the Java Runtime Environment:
#
#  EXCEPTION_ACCESS_VIOLATION (0xc0000005) at pc=0x00007ffcc63dd02b, pid=5360, tid=9164
#
# JRE version: OpenJDK Runtime Environment Corretto-17.0.10.7.1 (17.0.10+7) (build 17.0.10+7-LTS)
# Java VM: OpenJDK 64-Bit Server VM Corretto-17.0.10.7.1 (17.0.10+7-LTS, mixed mode, sharing, tiered, compressed oops, compressed class ptrs, g1 gc, windows-amd64)
# Problematic frame:
# C  [jniRaylib.dll+0x13d02b]
#
# No core dump will be written. Minidumps are not enabled by default on client versions of Windows
#
# If you would like to submit a bug report, please visit:
#   https://github.com/corretto/corretto-17/issues/
# The crash happened outside the Java Virtual Machine in native code.
# See problematic frame for where to report the bug.
#

---------------  S U M M A R Y ------------

Command Line: -Dfile.encoding=windows-1252 -Duser.country=NL -Duser.language=nl -Duser.variant PineVille.MenuScene

Host: 11th Gen Intel(R) Core(TM) i7-11800H @ 2.30GHz, 16 cores, 15G,  Windows 11 , 64 bit Build 22621 (10.0.22621.3085)
Time: Mon Mar  4 10:18:25 2024 West-Europa (standaardtijd) elapsed time: 91.174344 seconds (0d 0h 1m 31s)

---------------  T H R E A D  ---------------

Current thread (0x0000024103d2a100):  JavaThread "main" [_thread_in_native, id=9164, stack(0x000000c812400000,0x000000c812500000)]

Stack: [0x000000c812400000,0x000000c812500000],  sp=0x000000c8124fefb0,  free space=1019k
Native frames: (J=compiled Java code, j=interpreted, Vv=VM code, C=native code)
C  [jniRaylib.dll+0x13d02b]

Java frames: (J=compiled Java code, j=interpreted, Vv=VM code)
J 833  com.raylib.Raylib.DrawText(Ljava/lang/String;IIILcom/raylib/Raylib$Color;)V (0 bytes) @ 0x000002411346cba3 [0x000002411346cb20+0x0000000000000083]
j  PineVille.GameScene.main([Ljava/lang/String;)V+361
j  PineVille.MenuScene.switchToGameScene()V+10
j  PineVille.MenuScene.main([Ljava/lang/String;)V+78
v  ~StubRoutines::call_stub

siginfo: EXCEPTION_ACCESS_VIOLATION (0xc0000005), reading address 0x000002416d1b4210


Registers:
RAX=0x000002416d1b3ea0, RBX=0x00000000ff2f3f4c, RCX=0x000000c8124ff000, RDX=0x000000000000006e
RSP=0x000000c8124fefb0, RBP=0x00000241277b1ca0, RSI=0x0000000000000000, RDI=0x0000000000000037
R8 =0x000000c8124fefe0, R9 =0x000000c8124ff120, R10=0x0000000000000037, R11=0x000000000000000a
R12=0x00000000000000e0, R13=0x0000000000000000, R14=0x0000000000000001, R15=0x000000c8124ff240
RIP=0x00007ffcc63dd02b, EFLAGS=0x0000000000010202


Register to memory mapping:

RIP=0x00007ffcc63dd02b jniRaylib.dll
RAX=0x000002416d1b3ea0 is an unknown value
RBX=0x00000000ff2f3f4c is an unknown value
RCX=0x000000c8124ff000 is pointing into the stack for thread: 0x0000024103d2a100
RDX=0x000000000000006e is an unknown value
RSP=0x000000c8124fefb0 is pointing into the stack for thread: 0x0000024103d2a100
RBP=0x00000241277b1ca0 points into unknown readable memory: 0x0030203a646f6f57 | 57 6f 6f 64 3a 20 30 00
RSI=0x0 is NULL
RDI=0x0000000000000037 is an unknown value
R8 =0x000000c8124fefe0 is pointing into the stack for thread: 0x0000024103d2a100
R9 =0x000000c8124ff120 is pointing into the stack for thread: 0x0000024103d2a100
R10=0x0000000000000037 is an unknown value
R11=0x000000000000000a is an unknown value
R12=0x00000000000000e0 is an unknown value
R13=0x0 is NULL
R14=0x0000000000000001 is an unknown value
R15=0x000000c8124ff240 is pointing into the stack for thread: 0x0000024103d2a100


Top of Stack: (sp=0x000000c8124fefb0)
0x000000c8124fefb0:   00007ffca5989eb0 0000024169403a90
0x000000c8124fefc0:   0000024103d2a101 00007ffca5a0d73e
0x000000c8124fefd0:   000000c8124ff190 00007ffca5989e9e
0x000000c8124fefe0:   000000c8124ff180 00007ffde4e8d1aa
0x000000c8124feff0:   0000000002890153 0000000000000010
0x000000c8124ff000:   000002416e272f70 0000024101b19270
0x000000c8124ff010:   0000024103d2a100 00007ffca59f1185
0x000000c8124ff020:   000000e00000000a 0000000200000000
0x000000c8124ff030:   000000c8124ff101 00007ffcc63487d2
0x000000c8124ff040:   000002416d1b3ea0 000002416d1a5670
0x000000c8124ff050:   0000000040400000 0000000000000000
0x000000c8124ff060:   0000000041200000 0000000000000000
0x000000c8124ff070:   0000000040400000 0000000000000000
0x000000c8124ff080:   0000000000000000 0000000000000000
0x000000c8124ff090:   0000000000000000 00007ffcc63dd5fd
0x000000c8124ff0a0:   41a0000041a00000 00007ffca59f042d
0x000000c8124ff0b0:   0000024101a00000 0000000000000000
0x000000c8124ff0c0:   00000000ff2f3f4c 0000000000000000
0x000000c8124ff0d0:   41a0000041a00000 00007ffca59e0181
0x000000c8124ff0e0:   00000000000000e0 000000c8124ff098
0x000000c8124ff0f0:   000000e00000000a 0000000200000000
0x000000c8124ff100:   0000024128428300 0000000000000000
0x000000c8124ff110:   000002416d1b3ea0 000002416d1a5670
0x000000c8124ff120:   000000e00000000a 0000000200000000
0x000000c8124ff130:   0000008000000080 0000000200000001
0x000000c8124ff140:   000002416d1b3ea0 000002416d1a5670
0x000000c8124ff150:   0000000000000000 0000000000000000
0x000000c8124ff160:   0000000000000000 0000000000000000
0x000000c8124ff170:   0000000000000000 0000000000000000
0x000000c8124ff180:   0000000000000000 0000000000000000
0x000000c8124ff190:   0000000000000000 0000000000000000
0x000000c8124ff1a0:   0000000000000000 0000000000000000 

Instructions: (pc=0x00007ffcc63dd02b)
0x00007ffcc63dcf2b:   1f 03 d0 8b 84 24 90 00 00 00 89 44 24 28 0f 5b
0x00007ffcc63dcf3b:   db 66 0f 6e c2 48 8b d1 0f 5b c0 48 8d 4c 24 30
0x00007ffcc63dcf4b:   f3 0f 11 44 24 20 0f 28 c2 0f 14 c4 66 49 0f 7e
0x00007ffcc63dcf5b:   c0 e8 ff 03 00 00 48 83 c4 68 c3 cc cc cc cc cc
0x00007ffcc63dcf6b:   cc cc cc cc cc 48 8b c4 48 81 ec e8 00 00 00 0f
0x00007ffcc63dcf7b:   10 11 4c 89 84 24 f0 00 00 00 45 33 c0 0f 10 49
0x00007ffcc63dcf8b:   20 4c 8b c9 41 ba 3f 00 00 00 0f 29 70 e8 0f 29
0x00007ffcc63dcf9b:   78 d8 44 0f 29 40 c8 44 0f 29 48 b8 44 0f 28 cb
0x00007ffcc63dcfab:   0f 29 50 88 0f 29 48 a8 66 48 0f 7e d0 48 c1 e8
0x00007ffcc63dcfbb:   20 85 c0 7e 25 48 8b 84 24 98 00 00 00 8b 4c 24
0x00007ffcc63dcfcb:   74 0f 1f 40 00 39 10 74 0e 41 ff c0 48 83 c0 28
0x00007ffcc63dcfdb:   44 3b c1 7c f0 eb 03 45 8b d0 49 8b 41 28 4c 8d
0x00007ffcc63dcfeb:   44 24 30 66 41 0f 6e 01 66 41 0f 6e 59 08 0f 5b
0x00007ffcc63dcffb:   c0 49 63 d2 0f 5b db 48 8d 0c 92 48 03 d2 66 44
0x00007ffcc63dd00b:   0f 6e 44 c8 04 66 0f 6e 7c c8 08 0f 28 f3 49 8b
0x00007ffcc63dd01b:   41 20 f3 0f 58 f3 f3 44 0f 5e c8 48 8d 4c 24 50
0x00007ffcc63dd02b:   f3 0f 10 0c d0 0f 28 c3 f3 41 0f 59 c1 f3 0f 5c
0x00007ffcc63dd03b:   cb 0f 28 ee f3 0f 58 6c d0 08 f3 0f 58 74 d0 0c
0x00007ffcc63dd04b:   45 0f 5b c0 0f 5b ff f3 45 0f 59 c1 0f 28 e5 f3
0x00007ffcc63dd05b:   41 0f 59 f9 0f 28 d6 f3 44 0f 58 84 24 f0 00 00
0x00007ffcc63dd06b:   00 f3 41 0f 59 e1 f3 0f 58 bc 24 f4 00 00 00 f3
0x00007ffcc63dd07b:   41 0f 59 d1 f3 44 0f 5c c0 f3 0f 11 64 24 38 f3
0x00007ffcc63dd08b:   0f 11 4c 24 40 f3 0f 5c f8 f3 0f 11 54 24 3c f3
0x00007ffcc63dd09b:   0f 10 44 d0 04 48 8d 54 24 40 41 8b 41 1c f3 0f
0x00007ffcc63dd0ab:   5c c3 0f 57 db 89 44 24 60 8b 84 24 10 01 00 00
0x00007ffcc63dd0bb:   89 44 24 28 f3 44 0f 11 44 24 30 f3 0f 11 44 24
0x00007ffcc63dd0cb:   44 41 0f 10 41 0c f3 0f 11 7c 24 34 0f 29 44 24
0x00007ffcc63dd0db:   50 0f 57 c0 0f 14 c3 66 49 0f 7e c1 f3 0f 11 6c
0x00007ffcc63dd0eb:   24 48 f3 0f 11 74 24 4c f3 0f 11 5c 24 20 e8 52
0x00007ffcc63dd0fb:   b3 f6 ff 4c 8d 9c 24 e8 00 00 00 41 0f 28 73 e8
0x00007ffcc63dd10b:   41 0f 28 7b d8 45 0f 28 43 c8 45 0f 28 4b b8 49
0x00007ffcc63dd11b:   8b e3 c3 cc cc 48 8b c4 56 41 56 41 57 48 81 ec 


Stack slot to memory mapping:
stack at sp + 0 slots: 0x00007ffca5989eb0 jvm.dll
stack at sp + 1 slots: {method} {0x0000024169403a98} 'init' '(JJJJ)V' in 'org/bytedeco/javacpp/Pointer'
stack at sp + 2 slots: 0x0000024103d2a101 points into unknown readable memory: 6f fc a5 fc 7f 00 00
stack at sp + 3 slots: 0x00007ffca5a0d73e jvm.dll
stack at sp + 4 slots: 0x000000c8124ff190 is pointing into the stack for thread: 0x0000024103d2a100
stack at sp + 5 slots: 0x00007ffca5989e9e jvm.dll
stack at sp + 6 slots: 0x000000c8124ff180 is pointing into the stack for thread: 0x0000024103d2a100
stack at sp + 7 slots: 0x00007ffde4e8d1aa ntdll.dll


Compiled method (n/a)   91344  833     n 0       com.raylib.Raylib::DrawText (native)
 total in heap  [0x000002411346c990,0x000002411346cd80] = 1008
 relocation     [0x000002411346cae8,0x000002411346cb18] = 48
 main code      [0x000002411346cb20,0x000002411346cd78] = 600
 oops           [0x000002411346cd78,0x000002411346cd80] = 8

[Constant Pool (empty)]

[MachCode]
[Entry Point]
  # {method} {0x0000024169428870} 'DrawText' '(Ljava/lang/String;IIILcom/raylib/Raylib$Color;)V' in 'com/raylib/Raylib'
  # parm0:    rdx:rdx   = 'java/lang/String'
  # parm1:    r8        = int
  # parm2:    r9        = int
  # parm3:    rdi       = int
  # parm4:    rsi:rsi   = 'com/raylib/Raylib$Color'
  #           [sp+0x90]  (sp of caller)
  0x000002411346cb20: 448b 5208 | 49bb 0000 | 0028 4102 | 0000 4d03 | d349 3bc2 | 0f84 0600 

  0x000002411346cb38: ;   {runtime_call ic_miss_stub}
  0x000002411346cb38: 0000 e941 | 4a87 ff90 
[Verified Entry Point]
  0x000002411346cb40: 8984 2400 | 90ff ff55 | 488b ec48 | 81ec 8000 | 0000 4889 | 7424 5848 | 83fe 0048 | 8d44 2458 
  0x000002411346cb60: 480f 4444 | 2458 4889 | 4424 3048 | 897c 2428 | 4c89 4c24 | 204d 8bc8 | 4889 5424 | 3848 83fa 
  0x000002411346cb80: 004c 8d44 | 2438 4c0f | 4444 2438 

  0x000002411346cb8c: ;   {oop(a 'java/lang/Class'{0x0000000713e00090} = 'com/raylib/Raylib')}
  0x000002411346cb8c: 49be 9000 | e013 0700 | 0000 4c89 | 7424 684c | 8d74 2468 | 498b d6c5 

  0x000002411346cba4: ;   {internal_word}
  0x000002411346cba4: f877 49ba | a3cb 4613 | 4102 0000 | 4d89 97a0 | 0200 0049 | 89a7 9802 

  0x000002411346cbbc: ;   {external_word}
  0x000002411346cbbc: 0000 49ba | 7935 18a6 | fc7f 0000 | 4180 3a00 | 0f84 5200 | 0000 5241 

  0x000002411346cbd4: ;   {metadata({method} {0x0000024169428870} 'DrawText' '(Ljava/lang/String;IIILcom/raylib/Raylib$Color;)V' in 'com/raylib/Raylib')}
  0x000002411346cbd4: 5041 5148 | ba68 8842 | 6941 0200 | 0049 8bcf | 4883 ec20 | f7c4 0f00 | 0000 0f84 | 1a00 0000 
  0x000002411346cbf4: 4883 ec08 

  0x000002411346cbf8: ;   {runtime_call}
  0x000002411346cbf8: 49ba 0030 | cea5 fc7f | 0000 41ff | d248 83c4 | 08e9 0d00 

  0x000002411346cc0c: ;   {runtime_call}
  0x000002411346cc0c: 0000 49ba | 0030 cea5 | fc7f 0000 | 41ff d248 | 83c4 2041 | 5941 585a | 498d 8fb8 | 0200 0041 
  0x000002411346cc2c: c787 4803 | 0000 0400 

  0x000002411346cc34: ;   {runtime_call}
  0x000002411346cc34: 0000 49ba | 6057 2ec6 | fc7f 0000 | 41ff d2c5 | f877 41c7 | 8748 0300 | 0005 0000 | 00f0 8344 
  0x000002411346cc54: 24c0 0049 | 3baf 5003 | 0000 0f87 | 1100 0000 | 4181 bf38 | 0300 0000 | 0000 000f | 8424 0000 
  0x000002411346cc74: 00c5 f877 | 498b cf4c | 8be4 4883 | ec20 4883 

  0x000002411346cc84: ;   {runtime_call}
  0x000002411346cc84: e4f0 49ba | 9044 dea5 | fc7f 0000 | 41ff d249 | 8be4 4d33 | e441 c787 | 4803 0000 | 0800 0000 
  0x000002411346cca4: 4181 bfb8 | 0300 0002 | 0000 000f | 849b 0000 

  0x000002411346ccb4: ;   {external_word}
  0x000002411346ccb4: 0049 ba79 | 3518 a6fc | 7f00 0041 | 803a 000f | 8448 0000 

  0x000002411346ccc8: ;   {metadata({method} {0x0000024169428870} 'DrawText' '(Ljava/lang/String;IIILcom/raylib/Raylib$Color;)V' in 'com/raylib/Raylib')}
  0x000002411346ccc8: 0048 ba68 | 8842 6941 | 0200 0049 | 8bcf 4883 | ec20 f7c4 | 0f00 0000 | 0f84 1a00 | 0000 4883 
  0x000002411346cce8: ;   {runtime_call}
  0x000002411346cce8: ec08 49ba | 0030 cea5 | fc7f 0000 | 41ff d248 | 83c4 08e9 | 0d00 0000 

  0x000002411346cd00: ;   {runtime_call}
  0x000002411346cd00: 49ba 0030 | cea5 fc7f | 0000 41ff | d248 83c4 | 2049 c787 | 9802 0000 | 0000 0000 | 49c7 87a0 
  0x000002411346cd20: 0200 0000 | 0000 00c5 | f877 498b | 8fd8 0000 | 00c7 8100 | 0100 0000 | 0000 00c9 | 4981 7f08 
  0x000002411346cd40: 0000 0000 | 0f85 0100 

  0x000002411346cd48: ;   {runtime_call StubRoutines (1)}
  0x000002411346cd48: 0000 c3e9 | b041 82ff | c5f8 774c | 8be4 4883 | ec20 4883 

  0x000002411346cd5c: ;   {runtime_call}
  0x000002411346cd5c: e4f0 49ba | 8060 cea5 | fc7f 0000 | 41ff d249 | 8be4 4d33 | e4e9 3fff | ffff f4f4 
[/MachCode]


---------------  P R O C E S S  ---------------

Threads class SMR info:
_java_thread_list=0x000002416fbb9740, length=13, elements={
0x0000024103d2a100, 0x00000241276540b0, 0x0000024127654c70, 0x000002412766bd60,
0x000002412766c920, 0x000002412766f2f0, 0x0000024127671cc0, 0x0000024127673200,
0x0000024127679ce0, 0x000002412767a2f0, 0x00000241277b9a90, 0x000002412788ea50,
0x000002416ec92400
}

Java Threads: ( => current thread )
=>0x0000024103d2a100 JavaThread "main" [_thread_in_native, id=9164, stack(0x000000c812400000,0x000000c812500000)]
  0x00000241276540b0 JavaThread "Reference Handler" daemon [_thread_blocked, id=5648, stack(0x000000c812b00000,0x000000c812c00000)]
  0x0000024127654c70 JavaThread "Finalizer" daemon [_thread_blocked, id=27524, stack(0x000000c812c00000,0x000000c812d00000)]
  0x000002412766bd60 JavaThread "Signal Dispatcher" daemon [_thread_blocked, id=29780, stack(0x000000c812d00000,0x000000c812e00000)]
  0x000002412766c920 JavaThread "Attach Listener" daemon [_thread_blocked, id=32568, stack(0x000000c812e00000,0x000000c812f00000)]
  0x000002412766f2f0 JavaThread "Service Thread" daemon [_thread_blocked, id=10332, stack(0x000000c812f00000,0x000000c813000000)]
  0x0000024127671cc0 JavaThread "Monitor Deflation Thread" daemon [_thread_blocked, id=30312, stack(0x000000c813000000,0x000000c813100000)]
  0x0000024127673200 JavaThread "C2 CompilerThread0" daemon [_thread_blocked, id=10512, stack(0x000000c813100000,0x000000c813200000)]
  0x0000024127679ce0 JavaThread "C1 CompilerThread0" daemon [_thread_blocked, id=29924, stack(0x000000c813200000,0x000000c813300000)]
  0x000002412767a2f0 JavaThread "Sweeper thread" daemon [_thread_blocked, id=23868, stack(0x000000c813300000,0x000000c813400000)]
  0x00000241277b9a90 JavaThread "Notification Thread" daemon [_thread_blocked, id=29508, stack(0x000000c813700000,0x000000c813800000)]
  0x000002412788ea50 JavaThread "Common-Cleaner" daemon [_thread_blocked, id=28596, stack(0x000000c813900000,0x000000c813a00000)]
  0x000002416ec92400 JavaThread "JavaCPP Deallocator" daemon [_thread_blocked, id=31752, stack(0x000000c814200000,0x000000c814300000)]

Other Threads:
  0x000002412764d920 VMThread "VM Thread" [stack: 0x000000c812a00000,0x000000c812b00000] [id=27616]
  0x00000241277b9f70 WatcherThread [stack: 0x000000c813800000,0x000000c813900000] [id=6568]
  0x0000024103d96ac0 GCTaskThread "GC Thread#0" [stack: 0x000000c812500000,0x000000c812600000] [id=21416]
  0x000002416da276c0 GCTaskThread "GC Thread#1" [stack: 0x000000c813d00000,0x000000c813e00000] [id=31704]
  0x000002416e5fe960 GCTaskThread "GC Thread#2" [stack: 0x000000c813e00000,0x000000c813f00000] [id=9700]
  0x000002416ef21bc0 GCTaskThread "GC Thread#3" [stack: 0x000000c813f00000,0x000000c814000000] [id=4808]
  0x000002416d250f50 GCTaskThread "GC Thread#4" [stack: 0x000000c814000000,0x000000c814100000] [id=31612]
  0x000002416e5061e0 GCTaskThread "GC Thread#5" [stack: 0x000000c814100000,0x000000c814200000] [id=22148]
  0x0000024103da7460 ConcurrentGCThread "G1 Main Marker" [stack: 0x000000c812600000,0x000000c812700000] [id=14448]
  0x0000024103da7e80 ConcurrentGCThread "G1 Conc#0" [stack: 0x000000c812700000,0x000000c812800000] [id=11396]
  0x00000241275056c0 ConcurrentGCThread "G1 Refine#0" [stack: 0x000000c812800000,0x000000c812900000] [id=31552]
  0x0000024127507100 ConcurrentGCThread "G1 Service" [stack: 0x000000c812900000,0x000000c812a00000] [id=18908]

Threads with active compile tasks:

VM state: not at safepoint (normal execution)

VM Mutex/Monitor currently owned by a thread: None

Heap address: 0x0000000705a00000, size: 4006 MB, Compressed Oops mode: Zero based, Oop shift amount: 3

CDS archive(s) mapped at: [0x0000024128000000-0x0000024128bb0000-0x0000024128bb0000), size 12255232, SharedBaseAddress: 0x0000024128000000, ArchiveRelocationMode: 1.
Compressed class space mapped at: 0x0000024129000000-0x0000024169000000, reserved size: 1073741824
Narrow klass base: 0x0000024128000000, Narrow klass shift: 0, Narrow klass range: 0x100000000

GC Precious Log:
 CPUs: 16 total, 16 available
 Memory: 16021M
 Large Page Support: Disabled
 NUMA Support: Disabled
 Compressed Oops: Enabled (Zero based)
 Heap Region Size: 2M
 Heap Min Capacity: 8M
 Heap Initial Capacity: 252M
 Heap Max Capacity: 4006M
 Pre-touch: Disabled
 Parallel Workers: 13
 Concurrent Workers: 3
 Concurrent Refinement Workers: 13
 Periodic GC: Disabled

Heap:
 garbage-first heap   total 258048K, used 7717K [0x0000000705a00000, 0x0000000800000000)
  region size 2048K, 5 young (10240K), 1 survivors (2048K)
 Metaspace       used 2127K, committed 2304K, reserved 1114112K
  class space    used 181K, committed 256K, reserved 1048576K

Heap Regions: E=young(eden), S=young(survivor), O=old, HS=humongous(starts), HC=humongous(continues), CS=collection set, F=free, OA=open archive, CA=closed archive, TAMS=top-at-mark-start (previous, next)
|   0|0x0000000705a00000, 0x0000000705a00000, 0x0000000705c00000|  0%| F|  |TAMS 0x0000000705a00000, 0x0000000705a00000| Untracked 
|   1|0x0000000705c00000, 0x0000000705c00000, 0x0000000705e00000|  0%| F|  |TAMS 0x0000000705c00000, 0x0000000705c00000| Untracked 
|   2|0x0000000705e00000, 0x0000000705e00000, 0x0000000706000000|  0%| F|  |TAMS 0x0000000705e00000, 0x0000000705e00000| Untracked 
|   3|0x0000000706000000, 0x0000000706000000, 0x0000000706200000|  0%| F|  |TAMS 0x0000000706000000, 0x0000000706000000| Untracked 
|   4|0x0000000706200000, 0x0000000706200000, 0x0000000706400000|  0%| F|  |TAMS 0x0000000706200000, 0x0000000706200000| Untracked 
|   5|0x0000000706400000, 0x0000000706400000, 0x0000000706600000|  0%| F|  |TAMS 0x0000000706400000, 0x0000000706400000| Untracked 
|   6|0x0000000706600000, 0x0000000706600000, 0x0000000706800000|  0%| F|  |TAMS 0x0000000706600000, 0x0000000706600000| Untracked 
|   7|0x0000000706800000, 0x0000000706800000, 0x0000000706a00000|  0%| F|  |TAMS 0x0000000706800000, 0x0000000706800000| Untracked 
|   8|0x0000000706a00000, 0x0000000706a00000, 0x0000000706c00000|  0%| F|  |TAMS 0x0000000706a00000, 0x0000000706a00000| Untracked 
|   9|0x0000000706c00000, 0x0000000706c00000, 0x0000000706e00000|  0%| F|  |TAMS 0x0000000706c00000, 0x0000000706c00000| Untracked 
|  10|0x0000000706e00000, 0x0000000706e00000, 0x0000000707000000|  0%| F|  |TAMS 0x0000000706e00000, 0x0000000706e00000| Untracked 
|  11|0x0000000707000000, 0x0000000707000000, 0x0000000707200000|  0%| F|  |TAMS 0x0000000707000000, 0x0000000707000000| Untracked 
|  12|0x0000000707200000, 0x0000000707200000, 0x0000000707400000|  0%| F|  |TAMS 0x0000000707200000, 0x0000000707200000| Untracked 
|  13|0x0000000707400000, 0x0000000707400000, 0x0000000707600000|  0%| F|  |TAMS 0x0000000707400000, 0x0000000707400000| Untracked 
|  14|0x0000000707600000, 0x0000000707600000, 0x0000000707800000|  0%| F|  |TAMS 0x0000000707600000, 0x0000000707600000| Untracked 
|  15|0x0000000707800000, 0x0000000707800000, 0x0000000707a00000|  0%| F|  |TAMS 0x0000000707800000, 0x0000000707800000| Untracked 
|  16|0x0000000707a00000, 0x0000000707a00000, 0x0000000707c00000|  0%| F|  |TAMS 0x0000000707a00000, 0x0000000707a00000| Untracked 
|  17|0x0000000707c00000, 0x0000000707c00000, 0x0000000707e00000|  0%| F|  |TAMS 0x0000000707c00000, 0x0000000707c00000| Untracked 
|  18|0x0000000707e00000, 0x0000000707e00000, 0x0000000708000000|  0%| F|  |TAMS 0x0000000707e00000, 0x0000000707e00000| Untracked 
|  19|0x0000000708000000, 0x0000000708000000, 0x0000000708200000|  0%| F|  |TAMS 0x0000000708000000, 0x0000000708000000| Untracked 
|  20|0x0000000708200000, 0x0000000708200000, 0x0000000708400000|  0%| F|  |TAMS 0x0000000708200000, 0x0000000708200000| Untracked 
|  21|0x0000000708400000, 0x0000000708400000, 0x0000000708600000|  0%| F|  |TAMS 0x0000000708400000, 0x0000000708400000| Untracked 
|  22|0x0000000708600000, 0x0000000708600000, 0x0000000708800000|  0%| F|  |TAMS 0x0000000708600000, 0x0000000708600000| Untracked 
|  23|0x0000000708800000, 0x0000000708800000, 0x0000000708a00000|  0%| F|  |TAMS 0x0000000708800000, 0x0000000708800000| Untracked 
|  24|0x0000000708a00000, 0x0000000708a00000, 0x0000000708c00000|  0%| F|  |TAMS 0x0000000708a00000, 0x0000000708a00000| Untracked 
|  25|0x0000000708c00000, 0x0000000708c00000, 0x0000000708e00000|  0%| F|  |TAMS 0x0000000708c00000, 0x0000000708c00000| Untracked 
|  26|0x0000000708e00000, 0x0000000708e00000, 0x0000000709000000|  0%| F|  |TAMS 0x0000000708e00000, 0x0000000708e00000| Untracked 
|  27|0x0000000709000000, 0x0000000709000000, 0x0000000709200000|  0%| F|  |TAMS 0x0000000709000000, 0x0000000709000000| Untracked 
|  28|0x0000000709200000, 0x0000000709200000, 0x0000000709400000|  0%| F|  |TAMS 0x0000000709200000, 0x0000000709200000| Untracked 
|  29|0x0000000709400000, 0x0000000709400000, 0x0000000709600000|  0%| F|  |TAMS 0x0000000709400000, 0x0000000709400000| Untracked 
|  30|0x0000000709600000, 0x0000000709600000, 0x0000000709800000|  0%| F|  |TAMS 0x0000000709600000, 0x0000000709600000| Untracked 
|  31|0x0000000709800000, 0x0000000709800000, 0x0000000709a00000|  0%| F|  |TAMS 0x0000000709800000, 0x0000000709800000| Untracked 
|  32|0x0000000709a00000, 0x0000000709a00000, 0x0000000709c00000|  0%| F|  |TAMS 0x0000000709a00000, 0x0000000709a00000| Untracked 
|  33|0x0000000709c00000, 0x0000000709c00000, 0x0000000709e00000|  0%| F|  |TAMS 0x0000000709c00000, 0x0000000709c00000| Untracked 
|  34|0x0000000709e00000, 0x0000000709e00000, 0x000000070a000000|  0%| F|  |TAMS 0x0000000709e00000, 0x0000000709e00000| Untracked 
|  35|0x000000070a000000, 0x000000070a000000, 0x000000070a200000|  0%| F|  |TAMS 0x000000070a000000, 0x000000070a000000| Untracked 
|  36|0x000000070a200000, 0x000000070a200000, 0x000000070a400000|  0%| F|  |TAMS 0x000000070a200000, 0x000000070a200000| Untracked 
|  37|0x000000070a400000, 0x000000070a400000, 0x000000070a600000|  0%| F|  |TAMS 0x000000070a400000, 0x000000070a400000| Untracked 
|  38|0x000000070a600000, 0x000000070a600000, 0x000000070a800000|  0%| F|  |TAMS 0x000000070a600000, 0x000000070a600000| Untracked 
|  39|0x000000070a800000, 0x000000070a800000, 0x000000070aa00000|  0%| F|  |TAMS 0x000000070a800000, 0x000000070a800000| Untracked 
|  40|0x000000070aa00000, 0x000000070aa00000, 0x000000070ac00000|  0%| F|  |TAMS 0x000000070aa00000, 0x000000070aa00000| Untracked 
|  41|0x000000070ac00000, 0x000000070ac00000, 0x000000070ae00000|  0%| F|  |TAMS 0x000000070ac00000, 0x000000070ac00000| Untracked 
|  42|0x000000070ae00000, 0x000000070ae00000, 0x000000070b000000|  0%| F|  |TAMS 0x000000070ae00000, 0x000000070ae00000| Untracked 
|  43|0x000000070b000000, 0x000000070b000000, 0x000000070b200000|  0%| F|  |TAMS 0x000000070b000000, 0x000000070b000000| Untracked 
|  44|0x000000070b200000, 0x000000070b200000, 0x000000070b400000|  0%| F|  |TAMS 0x000000070b200000, 0x000000070b200000| Untracked 
|  45|0x000000070b400000, 0x000000070b400000, 0x000000070b600000|  0%| F|  |TAMS 0x000000070b400000, 0x000000070b400000| Untracked 
|  46|0x000000070b600000, 0x000000070b600000, 0x000000070b800000|  0%| F|  |TAMS 0x000000070b600000, 0x000000070b600000| Untracked 
|  47|0x000000070b800000, 0x000000070b800000, 0x000000070ba00000|  0%| F|  |TAMS 0x000000070b800000, 0x000000070b800000| Untracked 
|  48|0x000000070ba00000, 0x000000070ba00000, 0x000000070bc00000|  0%| F|  |TAMS 0x000000070ba00000, 0x000000070ba00000| Untracked 
|  49|0x000000070bc00000, 0x000000070bc00000, 0x000000070be00000|  0%| F|  |TAMS 0x000000070bc00000, 0x000000070bc00000| Untracked 
|  50|0x000000070be00000, 0x000000070be00000, 0x000000070c000000|  0%| F|  |TAMS 0x000000070be00000, 0x000000070be00000| Untracked 
|  51|0x000000070c000000, 0x000000070c000000, 0x000000070c200000|  0%| F|  |TAMS 0x000000070c000000, 0x000000070c000000| Untracked 
|  52|0x000000070c200000, 0x000000070c200000, 0x000000070c400000|  0%| F|  |TAMS 0x000000070c200000, 0x000000070c200000| Untracked 
|  53|0x000000070c400000, 0x000000070c400000, 0x000000070c600000|  0%| F|  |TAMS 0x000000070c400000, 0x000000070c400000| Untracked 
|  54|0x000000070c600000, 0x000000070c600000, 0x000000070c800000|  0%| F|  |TAMS 0x000000070c600000, 0x000000070c600000| Untracked 
|  55|0x000000070c800000, 0x000000070c800000, 0x000000070ca00000|  0%| F|  |TAMS 0x000000070c800000, 0x000000070c800000| Untracked 
|  56|0x000000070ca00000, 0x000000070ca00000, 0x000000070cc00000|  0%| F|  |TAMS 0x000000070ca00000, 0x000000070ca00000| Untracked 
|  57|0x000000070cc00000, 0x000000070cc00000, 0x000000070ce00000|  0%| F|  |TAMS 0x000000070cc00000, 0x000000070cc00000| Untracked 
|  58|0x000000070ce00000, 0x000000070ce00000, 0x000000070d000000|  0%| F|  |TAMS 0x000000070ce00000, 0x000000070ce00000| Untracked 
|  59|0x000000070d000000, 0x000000070d000000, 0x000000070d200000|  0%| F|  |TAMS 0x000000070d000000, 0x000000070d000000| Untracked 
|  60|0x000000070d200000, 0x000000070d200000, 0x000000070d400000|  0%| F|  |TAMS 0x000000070d200000, 0x000000070d200000| Untracked 
|  61|0x000000070d400000, 0x000000070d400000, 0x000000070d600000|  0%| F|  |TAMS 0x000000070d400000, 0x000000070d400000| Untracked 
|  62|0x000000070d600000, 0x000000070d600000, 0x000000070d800000|  0%| F|  |TAMS 0x000000070d600000, 0x000000070d600000| Untracked 
|  63|0x000000070d800000, 0x000000070d800000, 0x000000070da00000|  0%| F|  |TAMS 0x000000070d800000, 0x000000070d800000| Untracked 
|  64|0x000000070da00000, 0x000000070da00000, 0x000000070dc00000|  0%| F|  |TAMS 0x000000070da00000, 0x000000070da00000| Untracked 
|  65|0x000000070dc00000, 0x000000070dc00000, 0x000000070de00000|  0%| F|  |TAMS 0x000000070dc00000, 0x000000070dc00000| Untracked 
|  66|0x000000070de00000, 0x000000070de00000, 0x000000070e000000|  0%| F|  |TAMS 0x000000070de00000, 0x000000070de00000| Untracked 
|  67|0x000000070e000000, 0x000000070e000000, 0x000000070e200000|  0%| F|  |TAMS 0x000000070e000000, 0x000000070e000000| Untracked 
|  68|0x000000070e200000, 0x000000070e200000, 0x000000070e400000|  0%| F|  |TAMS 0x000000070e200000, 0x000000070e200000| Untracked 
|  69|0x000000070e400000, 0x000000070e400000, 0x000000070e600000|  0%| F|  |TAMS 0x000000070e400000, 0x000000070e400000| Untracked 
|  70|0x000000070e600000, 0x000000070e600000, 0x000000070e800000|  0%| F|  |TAMS 0x000000070e600000, 0x000000070e600000| Untracked 
|  71|0x000000070e800000, 0x000000070e800000, 0x000000070ea00000|  0%| F|  |TAMS 0x000000070e800000, 0x000000070e800000| Untracked 
|  72|0x000000070ea00000, 0x000000070ea00000, 0x000000070ec00000|  0%| F|  |TAMS 0x000000070ea00000, 0x000000070ea00000| Untracked 
|  73|0x000000070ec00000, 0x000000070ec00000, 0x000000070ee00000|  0%| F|  |TAMS 0x000000070ec00000, 0x000000070ec00000| Untracked 
|  74|0x000000070ee00000, 0x000000070ee00000, 0x000000070f000000|  0%| F|  |TAMS 0x000000070ee00000, 0x000000070ee00000| Untracked 
|  75|0x000000070f000000, 0x000000070f000000, 0x000000070f200000|  0%| F|  |TAMS 0x000000070f000000, 0x000000070f000000| Untracked 
|  76|0x000000070f200000, 0x000000070f200000, 0x000000070f400000|  0%| F|  |TAMS 0x000000070f200000, 0x000000070f200000| Untracked 
|  77|0x000000070f400000, 0x000000070f400000, 0x000000070f600000|  0%| F|  |TAMS 0x000000070f400000, 0x000000070f400000| Untracked 
|  78|0x000000070f600000, 0x000000070f600000, 0x000000070f800000|  0%| F|  |TAMS 0x000000070f600000, 0x000000070f600000| Untracked 
|  79|0x000000070f800000, 0x000000070f800000, 0x000000070fa00000|  0%| F|  |TAMS 0x000000070f800000, 0x000000070f800000| Untracked 
|  80|0x000000070fa00000, 0x000000070fa00000, 0x000000070fc00000|  0%| F|  |TAMS 0x000000070fa00000, 0x000000070fa00000| Untracked 
|  81|0x000000070fc00000, 0x000000070fc00000, 0x000000070fe00000|  0%| F|  |TAMS 0x000000070fc00000, 0x000000070fc00000| Untracked 
|  82|0x000000070fe00000, 0x000000070fe00000, 0x0000000710000000|  0%| F|  |TAMS 0x000000070fe00000, 0x000000070fe00000| Untracked 
|  83|0x0000000710000000, 0x0000000710000000, 0x0000000710200000|  0%| F|  |TAMS 0x0000000710000000, 0x0000000710000000| Untracked 
|  84|0x0000000710200000, 0x0000000710200000, 0x0000000710400000|  0%| F|  |TAMS 0x0000000710200000, 0x0000000710200000| Untracked 
|  85|0x0000000710400000, 0x0000000710400000, 0x0000000710600000|  0%| F|  |TAMS 0x0000000710400000, 0x0000000710400000| Untracked 
|  86|0x0000000710600000, 0x0000000710600000, 0x0000000710800000|  0%| F|  |TAMS 0x0000000710600000, 0x0000000710600000| Untracked 
|  87|0x0000000710800000, 0x0000000710800000, 0x0000000710a00000|  0%| F|  |TAMS 0x0000000710800000, 0x0000000710800000| Untracked 
|  88|0x0000000710a00000, 0x0000000710a00000, 0x0000000710c00000|  0%| F|  |TAMS 0x0000000710a00000, 0x0000000710a00000| Untracked 
|  89|0x0000000710c00000, 0x0000000710c00000, 0x0000000710e00000|  0%| F|  |TAMS 0x0000000710c00000, 0x0000000710c00000| Untracked 
|  90|0x0000000710e00000, 0x0000000710e00000, 0x0000000711000000|  0%| F|  |TAMS 0x0000000710e00000, 0x0000000710e00000| Untracked 
|  91|0x0000000711000000, 0x0000000711000000, 0x0000000711200000|  0%| F|  |TAMS 0x0000000711000000, 0x0000000711000000| Untracked 
|  92|0x0000000711200000, 0x0000000711200000, 0x0000000711400000|  0%| F|  |TAMS 0x0000000711200000, 0x0000000711200000| Untracked 
|  93|0x0000000711400000, 0x0000000711400000, 0x0000000711600000|  0%| F|  |TAMS 0x0000000711400000, 0x0000000711400000| Untracked 
|  94|0x0000000711600000, 0x0000000711600000, 0x0000000711800000|  0%| F|  |TAMS 0x0000000711600000, 0x0000000711600000| Untracked 
|  95|0x0000000711800000, 0x0000000711800000, 0x0000000711a00000|  0%| F|  |TAMS 0x0000000711800000, 0x0000000711800000| Untracked 
|  96|0x0000000711a00000, 0x0000000711a00000, 0x0000000711c00000|  0%| F|  |TAMS 0x0000000711a00000, 0x0000000711a00000| Untracked 
|  97|0x0000000711c00000, 0x0000000711c00000, 0x0000000711e00000|  0%| F|  |TAMS 0x0000000711c00000, 0x0000000711c00000| Untracked 
|  98|0x0000000711e00000, 0x0000000711e00000, 0x0000000712000000|  0%| F|  |TAMS 0x0000000711e00000, 0x0000000711e00000| Untracked 
|  99|0x0000000712000000, 0x0000000712000000, 0x0000000712200000|  0%| F|  |TAMS 0x0000000712000000, 0x0000000712000000| Untracked 
| 100|0x0000000712200000, 0x0000000712200000, 0x0000000712400000|  0%| F|  |TAMS 0x0000000712200000, 0x0000000712200000| Untracked 
| 101|0x0000000712400000, 0x0000000712400000, 0x0000000712600000|  0%| F|  |TAMS 0x0000000712400000, 0x0000000712400000| Untracked 
| 102|0x0000000712600000, 0x0000000712600000, 0x0000000712800000|  0%| F|  |TAMS 0x0000000712600000, 0x0000000712600000| Untracked 
| 103|0x0000000712800000, 0x0000000712800000, 0x0000000712a00000|  0%| F|  |TAMS 0x0000000712800000, 0x0000000712800000| Untracked 
| 104|0x0000000712a00000, 0x0000000712a00000, 0x0000000712c00000|  0%| F|  |TAMS 0x0000000712a00000, 0x0000000712a00000| Untracked 
| 105|0x0000000712c00000, 0x0000000712c00000, 0x0000000712e00000|  0%| F|  |TAMS 0x0000000712c00000, 0x0000000712c00000| Untracked 
| 106|0x0000000712e00000, 0x0000000712e00000, 0x0000000713000000|  0%| F|  |TAMS 0x0000000712e00000, 0x0000000712e00000| Untracked 
| 107|0x0000000713000000, 0x0000000713000000, 0x0000000713200000|  0%| F|  |TAMS 0x0000000713000000, 0x0000000713000000| Untracked 
| 108|0x0000000713200000, 0x0000000713200000, 0x0000000713400000|  0%| F|  |TAMS 0x0000000713200000, 0x0000000713200000| Untracked 
| 109|0x0000000713400000, 0x0000000713400000, 0x0000000713600000|  0%| F|  |TAMS 0x0000000713400000, 0x0000000713400000| Untracked 
| 110|0x0000000713600000, 0x0000000713600000, 0x0000000713800000|  0%| F|  |TAMS 0x0000000713600000, 0x0000000713600000| Untracked 
| 111|0x0000000713800000, 0x0000000713800000, 0x0000000713a00000|  0%| F|  |TAMS 0x0000000713800000, 0x0000000713800000| Untracked 
| 112|0x0000000713a00000, 0x0000000713a00000, 0x0000000713c00000|  0%| F|  |TAMS 0x0000000713a00000, 0x0000000713a00000| Untracked 
| 113|0x0000000713c00000, 0x0000000713c00000, 0x0000000713e00000|  0%| F|  |TAMS 0x0000000713c00000, 0x0000000713c00000| Untracked 
| 114|0x0000000713e00000, 0x0000000713f89520, 0x0000000714000000| 76%| S|CS|TAMS 0x0000000713e00000, 0x0000000713e00000| Complete 
| 115|0x0000000714000000, 0x0000000714000000, 0x0000000714200000|  0%| F|  |TAMS 0x0000000714000000, 0x0000000714000000| Untracked 
| 116|0x0000000714200000, 0x0000000714200000, 0x0000000714400000|  0%| F|  |TAMS 0x0000000714200000, 0x0000000714200000| Untracked 
| 117|0x0000000714400000, 0x0000000714400000, 0x0000000714600000|  0%| F|  |TAMS 0x0000000714400000, 0x0000000714400000| Untracked 
| 118|0x0000000714600000, 0x0000000714600000, 0x0000000714800000|  0%| F|  |TAMS 0x0000000714600000, 0x0000000714600000| Untracked 
| 119|0x0000000714800000, 0x0000000714800000, 0x0000000714a00000|  0%| F|  |TAMS 0x0000000714800000, 0x0000000714800000| Untracked 
| 120|0x0000000714a00000, 0x0000000714a00000, 0x0000000714c00000|  0%| F|  |TAMS 0x0000000714a00000, 0x0000000714a00000| Untracked 
| 121|0x0000000714c00000, 0x0000000714c00000, 0x0000000714e00000|  0%| F|  |TAMS 0x0000000714c00000, 0x0000000714c00000| Untracked 
| 122|0x0000000714e00000, 0x0000000714f87208, 0x0000000715000000| 76%| E|  |TAMS 0x0000000714e00000, 0x0000000714e00000| Complete 
| 123|0x0000000715000000, 0x0000000715200000, 0x0000000715200000|100%| E|CS|TAMS 0x0000000715000000, 0x0000000715000000| Complete 
| 124|0x0000000715200000, 0x0000000715400000, 0x0000000715400000|100%| E|CS|TAMS 0x0000000715200000, 0x0000000715200000| Complete 
| 125|0x0000000715400000, 0x0000000715600000, 0x0000000715600000|100%| E|CS|TAMS 0x0000000715400000, 0x0000000715400000| Complete 

Card table byte_map: [0x000002411b8b0000,0x000002411c090000] _byte_map_base: 0x0000024118083000

Marking Bits (Prev, Next): (CMBitMap*) 0x0000024103d970e0, (CMBitMap*) 0x0000024103d97120
 Prev Bits: [0x000002411c870000, 0x0000024120708000)
 Next Bits: [0x0000024120710000, 0x00000241245a8000)

Polling page: 0x0000024101d20000

Metaspace:

Usage:
  Non-class:      1.90 MB used.
      Class:    181.01 KB used.
       Both:      2.08 MB used.

Virtual space:
  Non-class space:       64.00 MB reserved,       2.00 MB (  3%) committed,  1 nodes.
      Class space:        1.00 GB reserved,     256.00 KB ( <1%) committed,  1 nodes.
             Both:        1.06 GB reserved,       2.25 MB ( <1%) committed. 

Chunk freelists:
   Non-Class:  11.22 MB
       Class:  15.65 MB
        Both:  26.87 MB

MaxMetaspaceSize: unlimited
CompressedClassSpaceSize: 1.00 GB
Initial GC threshold: 21.00 MB
Current GC threshold: 21.00 MB
CDS: on
MetaspaceReclaimPolicy: balanced
 - commit_granule_bytes: 65536.
 - commit_granule_words: 8192.
 - virtual_space_node_default_size: 8388608.
 - enlarge_chunks_in_place: 1.
 - new_chunks_are_fully_committed: 0.
 - uncommit_free_chunks: 1.
 - use_allocation_guard: 0.
 - handle_deallocations: 1.


Internal statistics:

num_allocs_failed_limit: 0.
num_arena_births: 32.
num_arena_deaths: 0.
num_vsnodes_births: 2.
num_vsnodes_deaths: 0.
num_space_committed: 36.
num_space_uncommitted: 0.
num_chunks_returned_to_freelist: 0.
num_chunks_taken_from_freelist: 72.
num_chunk_merges: 0.
num_chunk_splits: 52.
num_chunks_enlarged: 38.
num_inconsistent_stats: 0.

CodeHeap 'non-profiled nmethods': size=119168Kb used=600Kb max_used=600Kb free=118567Kb
 bounds [0x00000241133e0000, 0x0000024113650000, 0x000002411a840000]
CodeHeap 'profiled nmethods': size=119104Kb used=1387Kb max_used=1387Kb free=117716Kb
 bounds [0x000002410b840000, 0x000002410bab0000, 0x0000024112c90000]
CodeHeap 'non-nmethods': size=7488Kb used=1159Kb max_used=2906Kb free=6328Kb
 bounds [0x0000024112c90000, 0x0000024112f80000, 0x00000241133e0000]
 total_blobs=1289 nmethods=852 adapters=350
 compilation: enabled
              stopped_count=0, restarted_count=0
 full_count=0

Compilation events (20 events):
Event: 26.462 Thread 0x0000024127673200  843       4       org.bytedeco.javacpp.Pointer::init (52 bytes)
Event: 26.489 Thread 0x0000024127673200 nmethod 843 0x000002411346fa90 code [0x000002411346fce0, 0x0000024113471610]
Event: 26.796 Thread 0x0000024127673200  844       4       org.bytedeco.javacpp.Pointer::<init> (86 bytes)
Event: 26.797 Thread 0x0000024127673200 nmethod 844 0x0000024113472490 code [0x0000024113472600, 0x00000241134726f8]
Event: 26.929 Thread 0x0000024127673200  845   !   4       org.bytedeco.javacpp.Pointer$DeallocatorReference::add (82 bytes)
Event: 26.934 Thread 0x0000024127673200 nmethod 845 0x0000024113472790 code [0x0000024113472920, 0x0000024113472e98]
Event: 27.796 Thread 0x0000024127673200  846       4       java.util.Arrays::copyOf (19 bytes)
Event: 27.799 Thread 0x0000024127673200 nmethod 846 0x0000024113472f90 code [0x0000024113473120, 0x0000024113473438]
Event: 30.323 Thread 0x0000024127673200  847   !   4       org.bytedeco.javacpp.Pointer::deallocator (568 bytes)
Event: 30.333 Thread 0x0000024127673200 nmethod 847 0x0000024113473510 code [0x0000024113473760, 0x00000241134744a0]
Event: 38.402 Thread 0x0000024127673200  848       4       com.raylib.Jaylib::<init> (5 bytes)
Event: 38.402 Thread 0x0000024127673200 nmethod 848 0x0000024113474c10 code [0x0000024113474d80, 0x0000024113474df8]
Event: 49.762 Thread 0x0000024127673200  849       4       com.raylib.Jaylib::Rectangle (25 bytes)
Event: 49.765 Thread 0x0000024127673200 nmethod 849 0x0000024113474f10 code [0x00000241134750e0, 0x00000241134752c0]
Event: 79.626 Thread 0x0000024127673200  850       4       com.raylib.Jaylib$Vector2::<init> (17 bytes)
Event: 79.628 Thread 0x0000024127673200 nmethod 850 0x0000024113475510 code [0x00000241134756a0, 0x0000024113475808]
Event: 79.991 Thread 0x0000024127673200  851       4       java.lang.StringConcatHelper::newArray (40 bytes)
Event: 79.993 Thread 0x0000024127673200 nmethod 851 0x0000024113475990 code [0x0000024113475b20, 0x0000024113475c38]
Event: 90.965 Thread 0x0000024127673200  852       4       java.lang.String::getBytes (44 bytes)
Event: 90.967 Thread 0x0000024127673200 nmethod 852 0x0000024113475d10 code [0x0000024113475e80, 0x0000024113475fd8]

GC Heap History (2 events):
Event: 0.848 GC heap before
{Heap before GC invocations=0 (full 0):
 garbage-first heap   total 258048K, used 22528K [0x0000000705a00000, 0x0000000800000000)
  region size 2048K, 11 young (22528K), 0 survivors (0K)
 Metaspace       used 1655K, committed 1792K, reserved 1114112K
  class space    used 122K, committed 192K, reserved 1048576K
}
Event: 0.852 GC heap after
{Heap after GC invocations=1 (full 0):
 garbage-first heap   total 258048K, used 1573K [0x0000000705a00000, 0x0000000800000000)
  region size 2048K, 1 young (2048K), 1 survivors (2048K)
 Metaspace       used 1655K, committed 1792K, reserved 1114112K
  class space    used 122K, committed 192K, reserved 1048576K
}

Dll operation events (20 events):
Event: 0.520 Loaded shared library C:\Program Files (x86)\Windows Kits\10\Redist\ucrt\DLLs\x64\api-ms-win-core-rtlsupport-l1-1-0.dll
Event: 0.533 Loaded shared library C:\Program Files (x86)\Windows Kits\10\Redist\ucrt\DLLs\x64\api-ms-win-core-processthreads-l1-1-1.dll
Event: 0.544 Loaded shared library C:\Program Files (x86)\Windows Kits\10\Redist\ucrt\DLLs\x64\api-ms-win-core-file-l1-2-0.dll
Event: 0.556 Loaded shared library C:\Program Files (x86)\Windows Kits\10\Redist\ucrt\DLLs\x64\api-ms-win-core-profile-l1-1-0.dll
Event: 0.571 Loaded shared library C:\Program Files (x86)\Windows Kits\10\Redist\ucrt\DLLs\x64\api-ms-win-core-memory-l1-1-0.dll
Event: 0.585 Loaded shared library C:\Program Files (x86)\Windows Kits\10\Redist\ucrt\DLLs\x64\api-ms-win-core-util-l1-1-0.dll
Event: 0.599 Loaded shared library C:\Program Files (x86)\Windows Kits\10\Redist\ucrt\DLLs\x64\api-ms-win-core-interlocked-l1-1-0.dll
Event: 0.619 Loaded shared library C:\Program Files (x86)\Windows Kits\10\Redist\ucrt\DLLs\x64\ucrtbase.dll
Event: 0.632 Loaded shared library C:\Users\luczu\.jdks\corretto-17.0.10\bin\vcruntime140.dll
Event: 0.646 Loaded shared library C:\Users\luczu\.jdks\corretto-17.0.10\bin\vcruntime140_1.dll
Event: 0.659 Loaded shared library C:\Users\luczu\.jdks\corretto-17.0.10\bin\msvcp140.dll
Event: 0.673 Loaded shared library C:\Windows\System32\msvcp140_1.dll
Event: 0.688 Loaded shared library C:\Windows\System32\concrt140.dll
Event: 0.705 Loaded shared library C:\Windows\System32\vcomp140.dll
Event: 0.727 Loaded shared library C:\Windows\System32\winmm.dll
Event: 0.735 Loaded shared library C:\Windows\System32\opengl32.dll
Event: 0.737 Loaded shared library C:\Windows\System32\user32.dll
Event: 0.739 Loaded shared library C:\Windows\System32\shell32.dll
Event: 0.741 Loaded shared library C:\Windows\System32\gdi32.dll
Event: 0.844 Loaded shared library C:\Users\luczu\.javacpp\cache\jaylib-4.5.0-0.jar\com\raylib\windows-x86_64\jniRaylib.dll

Deoptimization events (20 events):
Event: 0.767 Thread 0x0000024103d2a100 DEOPT PACKING pc=0x00000241133fcf70 sp=0x000000c8124fdb70
Event: 0.767 Thread 0x0000024103d2a100 DEOPT UNPACKING pc=0x0000024112cea1a3 sp=0x000000c8124fdb10 mode 2
Event: 0.768 Thread 0x0000024103d2a100 Uncommon trap: trap_request=0xffffffc6 fr.pc=0x00000241133fcf70 relative=0x0000000000000610
Event: 0.768 Thread 0x0000024103d2a100 Uncommon trap: reason=bimorphic_or_optimized_type_check action=maybe_recompile pc=0x00000241133fcf70 method=java.util.concurrent.ConcurrentHashMap.get(Ljava/lang/Object;)Ljava/lang/Object; @ 149 c2
Event: 0.769 Thread 0x0000024103d2a100 DEOPT PACKING pc=0x00000241133fcf70 sp=0x000000c8124fdb70
Event: 0.769 Thread 0x0000024103d2a100 DEOPT UNPACKING pc=0x0000024112cea1a3 sp=0x000000c8124fdb10 mode 2
Event: 0.769 Thread 0x0000024103d2a100 Uncommon trap: trap_request=0xffffffc6 fr.pc=0x00000241133fcf70 relative=0x0000000000000610
Event: 0.770 Thread 0x0000024103d2a100 Uncommon trap: reason=bimorphic_or_optimized_type_check action=maybe_recompile pc=0x00000241133fcf70 method=java.util.concurrent.ConcurrentHashMap.get(Ljava/lang/Object;)Ljava/lang/Object; @ 149 c2
Event: 0.771 Thread 0x0000024103d2a100 DEOPT PACKING pc=0x00000241133fcf70 sp=0x000000c8124fdb70
Event: 0.771 Thread 0x0000024103d2a100 DEOPT UNPACKING pc=0x0000024112cea1a3 sp=0x000000c8124fdb10 mode 2
Event: 0.853 Thread 0x0000024103d2a100 Uncommon trap: trap_request=0xffffff45 fr.pc=0x0000024113411ae0 relative=0x00000000000000e0
Event: 0.853 Thread 0x0000024103d2a100 Uncommon trap: reason=unstable_if action=reinterpret pc=0x0000024113411ae0 method=java.lang.ref.SoftReference.get()Ljava/lang/Object; @ 17 c2
Event: 0.853 Thread 0x0000024103d2a100 DEOPT PACKING pc=0x0000024113411ae0 sp=0x000000c8124fca50
Event: 0.853 Thread 0x0000024103d2a100 DEOPT UNPACKING pc=0x0000024112cea1a3 sp=0x000000c8124fca08 mode 2
Event: 0.860 Thread 0x0000024103d2a100 DEOPT PACKING pc=0x000002410b92a518 sp=0x000000c8124fc950
Event: 0.860 Thread 0x0000024103d2a100 DEOPT UNPACKING pc=0x0000024112ceace3 sp=0x000000c8124fbe58 mode 0
Event: 0.876 Thread 0x0000024103d2a100 DEOPT PACKING pc=0x000002410b92a518 sp=0x000000c8124fc9d0
Event: 0.876 Thread 0x0000024103d2a100 DEOPT UNPACKING pc=0x0000024112ceace3 sp=0x000000c8124fbed8 mode 0
Event: 0.881 Thread 0x0000024103d2a100 DEOPT PACKING pc=0x000002410b92ddc8 sp=0x000000c8124fc9f0
Event: 0.881 Thread 0x0000024103d2a100 DEOPT UNPACKING pc=0x0000024112ceace3 sp=0x000000c8124fbf08 mode 0

Classes unloaded (0 events):
No events

Classes redefined (0 events):
No events

Internal exceptions (7 events):
Event: 0.131 Thread 0x0000024103d2a100 Exception <a 'java/lang/NoSuchMethodError'{0x0000000715284d48}: 'int java.lang.invoke.DirectMethodHandle$Holder.invokeStaticInit(java.lang.Object, java.lang.Object, java.lang.Object, java.lang.Object)'> (0x0000000715284d48) 
thrown [s\src\hotspot\share\interpreter\linkResolver.cpp, line 759]
Event: 0.134 Thread 0x0000024103d2a100 Exception <a 'java/lang/NoSuchMethodError'{0x000000071528fa58}: 'java.lang.Object java.lang.invoke.DirectMethodHandle$Holder.invokeInterface(java.lang.Object, java.lang.Object)'> (0x000000071528fa58) 
thrown [s\src\hotspot\share\interpreter\linkResolver.cpp, line 759]
Event: 0.136 Thread 0x0000024103d2a100 Exception <a 'java/lang/IncompatibleClassChangeError'{0x0000000715293170}: Found class java.lang.Object, but interface was expected> (0x0000000715293170) 
thrown [s\src\hotspot\share\interpreter\linkResolver.cpp, line 826]
Event: 0.137 Thread 0x0000024103d2a100 Exception <a 'java/lang/NoSuchMethodError'{0x0000000715296318}: 'void java.lang.invoke.DirectMethodHandle$Holder.invokeStatic(java.lang.Object, java.lang.Object)'> (0x0000000715296318) 
thrown [s\src\hotspot\share\interpreter\linkResolver.cpp, line 759]
Event: 0.138 Thread 0x0000024103d2a100 Exception <a 'java/lang/NoSuchMethodError'{0x0000000715299988}: 'void java.lang.invoke.DirectMethodHandle$Holder.invokeStaticInit(java.lang.Object, java.lang.Object)'> (0x0000000715299988) 
thrown [s\src\hotspot\share\interpreter\linkResolver.cpp, line 759]
Event: 0.140 Thread 0x0000024103d2a100 Exception <a 'java/lang/NoSuchMethodError'{0x00000007152a0070}: 'int java.lang.invoke.DirectMethodHandle$Holder.invokeStaticInit(java.lang.Object, java.lang.Object)'> (0x00000007152a0070) 
thrown [s\src\hotspot\share\interpreter\linkResolver.cpp, line 759]
Event: 0.784 Thread 0x0000024103d2a100 Exception <a 'java/lang/NoSuchMethodError'{0x00000007141d6358}: 'java.lang.Object java.lang.invoke.DirectMethodHandle$Holder.invokeStatic(java.lang.Object, int, java.lang.Object)'> (0x00000007141d6358) 
thrown [s\src\hotspot\share\interpreter\linkResolver.cpp, line 759]

VM Operations (16 events):
Event: 0.097 Executing VM operation: HandshakeAllThreads
Event: 0.097 Executing VM operation: HandshakeAllThreads done
Event: 0.226 Executing VM operation: HandshakeAllThreads
Event: 0.226 Executing VM operation: HandshakeAllThreads done
Event: 0.848 Executing VM operation: G1CollectForAllocation
Event: 0.852 Executing VM operation: G1CollectForAllocation done
Event: 1.858 Executing VM operation: Cleanup
Event: 1.858 Executing VM operation: Cleanup done
Event: 11.863 Executing VM operation: Cleanup
Event: 11.863 Executing VM operation: Cleanup done
Event: 19.866 Executing VM operation: Cleanup
Event: 19.866 Executing VM operation: Cleanup done
Event: 26.928 Executing VM operation: Cleanup
Event: 26.928 Executing VM operation: Cleanup done
Event: 60.190 Executing VM operation: HandshakeAllThreads
Event: 60.190 Executing VM operation: HandshakeAllThreads done

Events (20 events):
Event: 0.774 loading class java/time/DayOfWeek done
Event: 0.775 loading class java/time/zone/ZoneOffsetTransitionRule$TimeDefinition
Event: 0.776 loading class java/time/zone/ZoneOffsetTransitionRule$TimeDefinition done
Event: 0.777 loading class java/time/zone/ZoneOffsetTransition
Event: 0.778 loading class java/time/zone/ZoneOffsetTransition done
Event: 0.780 loading class java/time/temporal/TemporalAdjusters
Event: 0.780 loading class java/time/temporal/TemporalAdjusters done
Event: 0.789 loading class java/time/zone/ZoneOffsetTransitionRule$1
Event: 0.790 loading class java/time/zone/ZoneOffsetTransitionRule$1 done
Event: 0.791 loading class java/util/concurrent/TimeUnit$1
Event: 0.791 loading class java/util/concurrent/TimeUnit$1 done
Event: 0.862 loading class java/lang/NumberFormatException
Event: 0.862 loading class java/lang/NumberFormatException done
Event: 0.863 Thread 0x000002416ec92400 Thread added: 0x000002416ec92400
Event: 1.735 Thread 0x000002416d73f120 Thread exited: 0x000002416d73f120
Event: 1.735 Thread 0x000002416d077ef0 Thread exited: 0x000002416d077ef0
Event: 1.735 Thread 0x000002416d2633e0 Thread exited: 0x000002416d2633e0
Event: 2.985 Thread 0x0000024127732120 Thread exited: 0x0000024127732120
Event: 4.818 Thread 0x00000241277313f0 Thread exited: 0x00000241277313f0
Event: 6.018 Thread 0x0000024127726aa0 Thread exited: 0x0000024127726aa0


Dynamic libraries:
0x00007ff7abe90000 - 0x00007ff7abe9e000 	C:\Users\luczu\.jdks\corretto-17.0.10\bin\java.exe
0x00007ffde4e50000 - 0x00007ffde5067000 	C:\WINDOWS\SYSTEM32\ntdll.dll
0x00007ffde4400000 - 0x00007ffde44c4000 	C:\WINDOWS\System32\KERNEL32.DLL
0x00007ffde2490000 - 0x00007ffde2836000 	C:\WINDOWS\System32\KERNELBASE.dll
0x00007ffde29e0000 - 0x00007ffde2af1000 	C:\WINDOWS\System32\ucrtbase.dll
0x00007ffd88160000 - 0x00007ffd88177000 	C:\Users\luczu\.jdks\corretto-17.0.10\bin\jli.dll
0x00007ffde3570000 - 0x00007ffde371e000 	C:\WINDOWS\System32\USER32.dll
0x00007ffd88180000 - 0x00007ffd8819b000 	C:\Users\luczu\.jdks\corretto-17.0.10\bin\VCRUNTIME140.dll
0x00007ffde2b00000 - 0x00007ffde2b26000 	C:\WINDOWS\System32\win32u.dll
0x00007ffde2c10000 - 0x00007ffde2c39000 	C:\WINDOWS\System32\GDI32.dll
0x00007ffdbfe00000 - 0x00007ffdc0093000 	C:\WINDOWS\WinSxS\amd64_microsoft.windows.common-controls_6595b64144ccf1df_6.0.22621.2506_none_270c5ae97388e100\COMCTL32.dll
0x00007ffde28c0000 - 0x00007ffde29d8000 	C:\WINDOWS\System32\gdi32full.dll
0x00007ffde2cf0000 - 0x00007ffde2d97000 	C:\WINDOWS\System32\msvcrt.dll
0x00007ffde23f0000 - 0x00007ffde248a000 	C:\WINDOWS\System32\msvcp_win.dll
0x00007ffde49f0000 - 0x00007ffde4a21000 	C:\WINDOWS\System32\IMM32.DLL
0x00007ffd93370000 - 0x00007ffd9337c000 	C:\Users\luczu\.jdks\corretto-17.0.10\bin\vcruntime140_1.dll
0x00007ffcea710000 - 0x00007ffcea79d000 	C:\Users\luczu\.jdks\corretto-17.0.10\bin\msvcp140.dll
0x00007ffca5600000 - 0x00007ffca6262000 	C:\Users\luczu\.jdks\corretto-17.0.10\bin\server\jvm.dll
0x00007ffde4220000 - 0x00007ffde42d3000 	C:\WINDOWS\System32\ADVAPI32.dll
0x00007ffde2c40000 - 0x00007ffde2ce8000 	C:\WINDOWS\System32\sechost.dll
0x00007ffde2190000 - 0x00007ffde21b8000 	C:\WINDOWS\System32\bcrypt.dll
0x00007ffde4a30000 - 0x00007ffde4b47000 	C:\WINDOWS\System32\RPCRT4.dll
0x00007ffda8930000 - 0x00007ffda8939000 	C:\WINDOWS\SYSTEM32\WSOCK32.dll
0x00007ffde42f0000 - 0x00007ffde4361000 	C:\WINDOWS\System32\WS2_32.dll
0x00007ffde1020000 - 0x00007ffde106d000 	C:\WINDOWS\SYSTEM32\POWRPROF.dll
0x00007ffdd7f00000 - 0x00007ffdd7f0a000 	C:\WINDOWS\SYSTEM32\VERSION.dll
0x00007ffdd76e0000 - 0x00007ffdd7714000 	C:\WINDOWS\SYSTEM32\WINMM.dll
0x00007ffde1000000 - 0x00007ffde1013000 	C:\WINDOWS\SYSTEM32\UMPDC.dll
0x00007ffde12c0000 - 0x00007ffde12d8000 	C:\WINDOWS\SYSTEM32\kernel.appcore.dll
0x00007ffd90c80000 - 0x00007ffd90c8a000 	C:\Users\luczu\.jdks\corretto-17.0.10\bin\jimage.dll
0x00007ffddf640000 - 0x00007ffddf873000 	C:\WINDOWS\SYSTEM32\DBGHELP.DLL
0x00007ffde4660000 - 0x00007ffde49e9000 	C:\WINDOWS\System32\combase.dll
0x00007ffde44d0000 - 0x00007ffde45a7000 	C:\WINDOWS\System32\OLEAUT32.dll
0x00007ffdd7560000 - 0x00007ffdd7592000 	C:\WINDOWS\SYSTEM32\dbgcore.DLL
0x00007ffde2840000 - 0x00007ffde28ba000 	C:\WINDOWS\System32\bcryptPrimitives.dll
0x00007ffd79ad0000 - 0x00007ffd79af5000 	C:\Users\luczu\.jdks\corretto-17.0.10\bin\java.dll
0x00007ffce1c30000 - 0x00007ffce1d07000 	C:\Users\luczu\.jdks\corretto-17.0.10\bin\jsvml.dll
0x00007ffde3800000 - 0x00007ffde405b000 	C:\WINDOWS\System32\SHELL32.dll
0x00007ffde00b0000 - 0x00007ffde09a6000 	C:\WINDOWS\SYSTEM32\windows.storage.dll
0x00007ffddff70000 - 0x00007ffde00ae000 	C:\WINDOWS\SYSTEM32\wintypes.dll
0x00007ffde4cf0000 - 0x00007ffde4de3000 	C:\WINDOWS\System32\SHCORE.dll
0x00007ffde3720000 - 0x00007ffde377e000 	C:\WINDOWS\System32\shlwapi.dll
0x00007ffde20c0000 - 0x00007ffde20e6000 	C:\WINDOWS\SYSTEM32\profapi.dll
0x00007ffd79a50000 - 0x00007ffd79a69000 	C:\Users\luczu\.jdks\corretto-17.0.10\bin\net.dll
0x00007ffdd8300000 - 0x00007ffdd8437000 	C:\WINDOWS\SYSTEM32\WINHTTP.dll
0x00007ffde1740000 - 0x00007ffde17a9000 	C:\WINDOWS\system32\mswsock.dll
0x00007ffd79820000 - 0x00007ffd79836000 	C:\Users\luczu\.jdks\corretto-17.0.10\bin\nio.dll
0x00007ffd88140000 - 0x00007ffd88158000 	C:\Users\luczu\.jdks\corretto-17.0.10\bin\zip.dll
0x0000024103c70000 - 0x0000024103c73000 	C:\Program Files (x86)\Windows Kits\10\Redist\ucrt\DLLs\x64\api-ms-win-crt-locale-l1-1-0.dll
0x0000024103c80000 - 0x0000024103c84000 	C:\Program Files (x86)\Windows Kits\10\Redist\ucrt\DLLs\x64\api-ms-win-crt-string-l1-1-0.dll
0x0000024103c90000 - 0x0000024103c94000 	C:\Program Files (x86)\Windows Kits\10\Redist\ucrt\DLLs\x64\api-ms-win-crt-stdio-l1-1-0.dll
0x0000024103ca0000 - 0x0000024103ca5000 	C:\Program Files (x86)\Windows Kits\10\Redist\ucrt\DLLs\x64\api-ms-win-crt-math-l1-1-0.dll
0x0000024103cb0000 - 0x0000024103cb3000 	C:\Program Files (x86)\Windows Kits\10\Redist\ucrt\DLLs\x64\api-ms-win-crt-heap-l1-1-0.dll
0x0000024103cc0000 - 0x0000024103cc4000 	C:\Program Files (x86)\Windows Kits\10\Redist\ucrt\DLLs\x64\api-ms-win-crt-runtime-l1-1-0.dll
0x0000024103cd0000 - 0x0000024103cd4000 	C:\Program Files (x86)\Windows Kits\10\Redist\ucrt\DLLs\x64\api-ms-win-crt-convert-l1-1-0.dll
0x0000024127b80000 - 0x0000024127b83000 	C:\Program Files (x86)\Windows Kits\10\Redist\ucrt\DLLs\x64\api-ms-win-crt-environment-l1-1-0.dll
0x0000024127b90000 - 0x0000024127b93000 	C:\Program Files (x86)\Windows Kits\10\Redist\ucrt\DLLs\x64\api-ms-win-crt-time-l1-1-0.dll
0x0000024127ba0000 - 0x0000024127ba3000 	C:\Program Files (x86)\Windows Kits\10\Redist\ucrt\DLLs\x64\api-ms-win-crt-filesystem-l1-1-0.dll
0x0000024127bb0000 - 0x0000024127bb3000 	C:\Program Files (x86)\Windows Kits\10\Redist\ucrt\DLLs\x64\api-ms-win-crt-utility-l1-1-0.dll
0x0000024127bc0000 - 0x0000024127bc5000 	C:\Program Files (x86)\Windows Kits\10\Redist\ucrt\DLLs\x64\api-ms-win-crt-multibyte-l1-1-0.dll
0x0000024127bd0000 - 0x0000024127bd3000 	C:\Program Files (x86)\Windows Kits\10\Redist\ucrt\DLLs\x64\api-ms-win-crt-conio-l1-1-0.dll
0x0000024127be0000 - 0x0000024127bef000 	C:\Program Files (x86)\Windows Kits\10\Redist\ucrt\DLLs\x64\api-ms-win-crt-private-l1-1-0.dll
0x0000024127bf0000 - 0x0000024127bf3000 	C:\Program Files (x86)\Windows Kits\10\Redist\ucrt\DLLs\x64\api-ms-win-crt-process-l1-1-0.dll
0x0000024127c00000 - 0x0000024127c03000 	C:\Program Files\Microsoft\jdk-11.0.12.7-hotspot\bin\api-ms-win-core-console-l1-2-0.dll
0x0000024127c10000 - 0x0000024127c13000 	C:\Program Files (x86)\Windows Kits\10\Redist\ucrt\DLLs\x64\api-ms-win-core-string-l1-1-0.dll
0x0000024127c20000 - 0x0000024127c23000 	C:\Program Files (x86)\Windows Kits\10\Redist\ucrt\DLLs\x64\api-ms-win-core-errorhandling-l1-1-0.dll
0x0000024127c30000 - 0x0000024127c33000 	C:\Program Files (x86)\Windows Kits\10\Redist\ucrt\DLLs\x64\api-ms-win-core-timezone-l1-1-0.dll
0x0000024127c40000 - 0x0000024127c44000 	C:\Program Files (x86)\Windows Kits\10\Redist\ucrt\DLLs\x64\api-ms-win-core-file-l1-1-0.dll
0x0000024127c50000 - 0x0000024127c53000 	C:\Program Files (x86)\Windows Kits\10\Redist\ucrt\DLLs\x64\api-ms-win-core-namedpipe-l1-1-0.dll
0x0000024127c60000 - 0x0000024127c63000 	C:\Program Files (x86)\Windows Kits\10\Redist\ucrt\DLLs\x64\api-ms-win-core-handle-l1-1-0.dll
0x0000024127c70000 - 0x0000024127c73000 	C:\Program Files (x86)\Windows Kits\10\Redist\ucrt\DLLs\x64\api-ms-win-core-file-l2-1-0.dll
0x0000024127c80000 - 0x0000024127c83000 	C:\Program Files (x86)\Windows Kits\10\Redist\ucrt\DLLs\x64\api-ms-win-core-heap-l1-1-0.dll
0x0000024127c90000 - 0x0000024127c93000 	C:\Program Files (x86)\Windows Kits\10\Redist\ucrt\DLLs\x64\api-ms-win-core-libraryloader-l1-1-0.dll
0x0000024127ca0000 - 0x0000024127ca3000 	C:\Program Files (x86)\Windows Kits\10\Redist\ucrt\DLLs\x64\api-ms-win-core-synch-l1-1-0.dll
0x0000024127cb0000 - 0x0000024127cb3000 	C:\Program Files (x86)\Windows Kits\10\Redist\ucrt\DLLs\x64\api-ms-win-core-processthreads-l1-1-0.dll
0x0000024127cc0000 - 0x0000024127cc3000 	C:\Program Files (x86)\Windows Kits\10\Redist\ucrt\DLLs\x64\api-ms-win-core-processenvironment-l1-1-0.dll
0x0000024127cd0000 - 0x0000024127cd3000 	C:\Program Files (x86)\Windows Kits\10\Redist\ucrt\DLLs\x64\api-ms-win-core-datetime-l1-1-0.dll
0x0000024127ce0000 - 0x0000024127ce3000 	C:\Program Files (x86)\Windows Kits\10\Redist\ucrt\DLLs\x64\api-ms-win-core-localization-l1-2-0.dll
0x0000024127cf0000 - 0x0000024127cf3000 	C:\Program Files (x86)\Windows Kits\10\Redist\ucrt\DLLs\x64\api-ms-win-core-sysinfo-l1-1-0.dll
0x0000024127d00000 - 0x0000024127d03000 	C:\Program Files (x86)\Windows Kits\10\Redist\ucrt\DLLs\x64\api-ms-win-core-synch-l1-2-0.dll
0x0000024127d10000 - 0x0000024127d13000 	C:\Program Files (x86)\Windows Kits\10\Redist\ucrt\DLLs\x64\api-ms-win-core-console-l1-1-0.dll
0x0000024127d20000 - 0x0000024127d23000 	C:\Program Files (x86)\Windows Kits\10\Redist\ucrt\DLLs\x64\api-ms-win-core-debug-l1-1-0.dll
0x0000024127d30000 - 0x0000024127d33000 	C:\Program Files (x86)\Windows Kits\10\Redist\ucrt\DLLs\x64\api-ms-win-core-rtlsupport-l1-1-0.dll
0x0000024127d40000 - 0x0000024127d43000 	C:\Program Files (x86)\Windows Kits\10\Redist\ucrt\DLLs\x64\api-ms-win-core-processthreads-l1-1-1.dll
0x0000024127d50000 - 0x0000024127d53000 	C:\Program Files (x86)\Windows Kits\10\Redist\ucrt\DLLs\x64\api-ms-win-core-file-l1-2-0.dll
0x0000024127d60000 - 0x0000024127d63000 	C:\Program Files (x86)\Windows Kits\10\Redist\ucrt\DLLs\x64\api-ms-win-core-profile-l1-1-0.dll
0x0000024127d70000 - 0x0000024127d73000 	C:\Program Files (x86)\Windows Kits\10\Redist\ucrt\DLLs\x64\api-ms-win-core-memory-l1-1-0.dll
0x0000024127d80000 - 0x0000024127d83000 	C:\Program Files (x86)\Windows Kits\10\Redist\ucrt\DLLs\x64\api-ms-win-core-util-l1-1-0.dll
0x0000024127d90000 - 0x0000024127d93000 	C:\Program Files (x86)\Windows Kits\10\Redist\ucrt\DLLs\x64\api-ms-win-core-interlocked-l1-1-0.dll
0x00007ffcf5640000 - 0x00007ffcf5732000 	C:\Program Files (x86)\Windows Kits\10\Redist\ucrt\DLLs\x64\ucrtbase.dll
0x00007ffddc1d0000 - 0x00007ffddc1d9000 	C:\Windows\System32\msvcp140_1.dll
0x00007ffd90d50000 - 0x00007ffd90d9e000 	C:\Windows\System32\concrt140.dll
0x00007ffda8630000 - 0x00007ffda8661000 	C:\Windows\System32\vcomp140.dll
0x00007ffdb4040000 - 0x00007ffdb4140000 	C:\Windows\System32\opengl32.dll
0x00007ffdbcee0000 - 0x00007ffdbcf0d000 	C:\WINDOWS\SYSTEM32\GLU32.dll
0x00007ffddf3d0000 - 0x00007ffddf409000 	C:\WINDOWS\SYSTEM32\dxcore.dll
0x00007ffcc62a0000 - 0x00007ffcc64bd000 	C:\Users\luczu\.javacpp\cache\jaylib-4.5.0-0.jar\com\raylib\windows-x86_64\jniRaylib.dll
0x00007ffd21140000 - 0x00007ffd21186000 	C:\WINDOWS\SYSTEM32\dinput8.dll
0x00007ffdd75b0000 - 0x00007ffdd75c1000 	C:\WINDOWS\SYSTEM32\xinput1_4.dll
0x00007ffde1e50000 - 0x00007ffde1e7c000 	C:\WINDOWS\SYSTEM32\DEVOBJ.dll
0x00007ffde1e80000 - 0x00007ffde1ece000 	C:\WINDOWS\SYSTEM32\cfgmgr32.dll
0x00007ffddf5f0000 - 0x00007ffddf61b000 	C:\WINDOWS\SYSTEM32\dwmapi.dll
0x00007ffdc0800000 - 0x00007ffdc0a0a000 	C:\WINDOWS\SYSTEM32\inputhost.dll
0x00007ffddc260000 - 0x00007ffddc394000 	C:\WINDOWS\SYSTEM32\CoreMessaging.dll
0x00007ffddf010000 - 0x00007ffddf0bb000 	C:\WINDOWS\system32\uxtheme.dll
0x00007ffde1990000 - 0x00007ffde199c000 	C:\WINDOWS\SYSTEM32\CRYPTBASE.DLL
0x00007ffde4060000 - 0x00007ffde41b1000 	C:\WINDOWS\System32\MSCTF.dll
0x00007ffde09b0000 - 0x00007ffde09be000 	C:\WINDOWS\SYSTEM32\HID.DLL
0x00007ffde2ea0000 - 0x00007ffde3314000 	C:\WINDOWS\System32\SETUPAPI.DLL
0x00007ffde2b30000 - 0x00007ffde2b9b000 	C:\WINDOWS\System32\WINTRUST.dll
0x00007ffde2280000 - 0x00007ffde23e6000 	C:\WINDOWS\System32\CRYPT32.dll
0x00007ffde1e30000 - 0x00007ffde1e42000 	C:\WINDOWS\SYSTEM32\MSASN1.dll
0x00007ffdd8c10000 - 0x00007ffdd8c5a000 	C:\WINDOWS\SYSTEM32\directxdatabasehelper.dll
0x00007ffde45b0000 - 0x00007ffde4660000 	C:\WINDOWS\System32\clbcatq.dll
0x00007ffcaeee0000 - 0x00007ffcb1ad0000 	C:\WINDOWS\System32\DriverStore\FileRepository\nvhm.inf_amd64_28ac5867493a0477\nvoglv64.dll
0x00007ffde4b50000 - 0x00007ffde4cf0000 	C:\WINDOWS\System32\ole32.dll
0x00007ffde1070000 - 0x00007ffde1084000 	C:\WINDOWS\SYSTEM32\WTSAPI32.dll
0x00007ffdc97e0000 - 0x00007ffdc9812000 	C:\WINDOWS\SYSTEM32\cryptnet.dll
0x00007ffdc9820000 - 0x00007ffdc9978000 	C:\WINDOWS\SYSTEM32\drvstore.dll
0x00007ffde1a40000 - 0x00007ffde1a8b000 	C:\WINDOWS\SYSTEM32\wldp.dll
0x00007ffde4df0000 - 0x00007ffde4e0f000 	C:\WINDOWS\System32\imagehlp.dll
0x00007ffde19a0000 - 0x00007ffde19bb000 	C:\WINDOWS\SYSTEM32\CRYPTSP.dll
0x00007ffde1220000 - 0x00007ffde1255000 	C:\WINDOWS\system32\rsaenh.dll
0x00007ffde17d0000 - 0x00007ffde17f6000 	C:\WINDOWS\SYSTEM32\gpapi.dll
0x00007ffd99ce0000 - 0x00007ffd9becb000 	C:\WINDOWS\System32\DriverStore\FileRepository\nvhm.inf_amd64_28ac5867493a0477\nvgpucomp64.dll
0x00007ffde12e0000 - 0x00007ffde1314000 	C:\WINDOWS\SYSTEM32\ntmarta.dll
0x00007ffd0fc60000 - 0x00007ffd0ff23000 	C:\WINDOWS\system32\nvspcap64.dll
0x00007ffde0c00000 - 0x00007ffde0c66000 	C:\WINDOWS\SYSTEM32\WINSTA.dll

dbghelp: loaded successfully - version: 4.0.5 - missing functions: none
symbol engine: initialized successfully - sym options: 0x614 - pdb path: .;C:\Users\luczu\.jdks\corretto-17.0.10\bin;C:\WINDOWS\SYSTEM32;C:\WINDOWS\WinSxS\amd64_microsoft.windows.common-controls_6595b64144ccf1df_6.0.22621.2506_none_270c5ae97388e100;C:\Users\luczu\.jdks\corretto-17.0.10\bin\server;C:\Program Files (x86)\Windows Kits\10\Redist\ucrt\DLLs\x64;C:\Program Files\Microsoft\jdk-11.0.12.7-hotspot\bin;C:\Users\luczu\.javacpp\cache\jaylib-4.5.0-0.jar\com\raylib\windows-x86_64

VM Arguments:
jvm_args: -Dfile.encoding=windows-1252 -Duser.country=NL -Duser.language=nl -Duser.variant 
java_command: PineVille.MenuScene
java_class_path (initial): C:\Users\luczu\OneDrive\Documenten\PineVille\build\classes\java\main;C:\Users\luczu\OneDrive\Documenten\PineVille\build\resources\main;C:\Users\luczu\.gradle\caches\modules-2\files-2.1\uk.co.electronstudio.jaylib\jaylib\4.5.0-0\90c0d608df9bbd32f5f34683acc58cb433e94508\jaylib-4.5.0-0.jar
Launcher Type: SUN_STANDARD

[Global flags]
     intx CICompilerCount                          = 12                                        {product} {ergonomic}
     uint ConcGCThreads                            = 3                                         {product} {ergonomic}
     uint G1ConcRefinementThreads                  = 13                                        {product} {ergonomic}
   size_t G1HeapRegionSize                         = 2097152                                   {product} {ergonomic}
    uintx GCDrainStackTargetSize                   = 64                                        {product} {ergonomic}
   size_t InitialHeapSize                          = 264241152                                 {product} {ergonomic}
   size_t MarkStackSize                            = 4194304                                   {product} {ergonomic}
   size_t MaxHeapSize                              = 4200595456                                {product} {ergonomic}
   size_t MaxNewSize                               = 2518679552                                {product} {ergonomic}
   size_t MinHeapDeltaBytes                        = 2097152                                   {product} {ergonomic}
   size_t MinHeapSize                              = 8388608                                   {product} {ergonomic}
    uintx NonNMethodCodeHeapSize                   = 7602480                                {pd product} {ergonomic}
    uintx NonProfiledCodeHeapSize                  = 122027880                              {pd product} {ergonomic}
    uintx ProfiledCodeHeapSize                     = 122027880                              {pd product} {ergonomic}
    uintx ReservedCodeCacheSize                    = 251658240                              {pd product} {ergonomic}
     bool SegmentedCodeCache                       = true                                      {product} {ergonomic}
   size_t SoftMaxHeapSize                          = 4200595456                             {manageable} {ergonomic}
     bool UseCompressedClassPointers               = true                           {product lp64_product} {ergonomic}
     bool UseCompressedOops                        = true                           {product lp64_product} {ergonomic}
     bool UseG1GC                                  = true                                      {product} {ergonomic}
     bool UseLargePagesIndividualAllocation        = false                                  {pd product} {ergonomic}

Logging:
Log output configuration:
 #0: stdout all=warning uptime,level,tags
 #1: stderr all=off uptime,level,tags

Environment Variables:
PATH=C:\Program Files (x86)\Common Files\Intel\Shared Libraries\redist\intel64\compiler;C:\Program Files\Common Files\Oracle\Java\javapath;C:\Program Files\Microsoft\jdk-11.0.12.7-hotspot\bin;C:\windows\system32;C:\windows;C:\windows\System32\Wbem;C:\windows\System32\WindowsPowerShell\v1.0\;C:\windows\System32\OpenSSH\;C:\Program Files (x86)\NVIDIA Corporation\PhysX\Common;C:\Program Files\NVIDIA Corporation\NVIDIA NvDLISR;C:\Program Files\Microsoft SQL Server\150\Tools\Binn\;C:\Program Files\Microsoft SQL Server\Client SDK\ODBC\170\Tools\Binn\;C:\Program Files\dotnet\;C:\WINDOWS\system32;C:\WINDOWS;C:\WINDOWS\System32\Wbem;C:\WINDOWS\System32\WindowsPowerShell\v1.0\;C:\WINDOWS\System32\OpenSSH\;C:\Program Files\CMake\bin;C:\Program Files\Git\cmd;C:\Users\luczu\AppData\Local\Microsoft\WindowsApps;C:\Users\luczu\.dotnet\tools;C:\Users\luczu\AppData\Local\GitHubDesktop\bin;;C:\Users\luczu\AppData\Local\Programs\Microsoft VS Code\bin
USERNAME=luczu
OS=Windows_NT
PROCESSOR_IDENTIFIER=Intel64 Family 6 Model 141 Stepping 1, GenuineIntel
TMP=C:\Users\luczu\AppData\Local\Temp
TEMP=C:\Users\luczu\AppData\Local\Temp



Periodic native trim disabled


---------------  S Y S T E M  ---------------

OS:
 Windows 11 , 64 bit Build 22621 (10.0.22621.3085)
OS uptime: 0 days 1:18 hours
Hyper-V role detected

CPU: total 16 (initial active 16) (8 cores per cpu, 2 threads per core) family 6 model 141 stepping 1 microcode 0x4e, cx8, cmov, fxsr, ht, mmx, 3dnowpref, sse, sse2, sse3, ssse3, sse4.1, sse4.2, popcnt, lzcnt, tsc, tscinvbit, avx, avx2, aes, erms, clmul, bmi1, bmi2, adx, avx512f, avx512dq, avx512cd, avx512bw, avx512vl, sha, fma, vzeroupper, avx512_vpopcntdq, avx512_vpclmulqdq, avx512_vaes, avx512_vnni, clflush, clflushopt, clwb, avx512_vbmi2, avx512_vbmi, hv
Processor Information for all 16 processors :
  Max Mhz: 2304, Current Mhz: 2304, Mhz Limit: 2304

Memory: 4k page, system-wide physical 16021M (1401M free)
TotalPageFile size 32043M (AvailPageFile size 11916M)
current process WorkingSet (physical memory assigned to process): 117M, peak: 186M
current process commit charge ("private bytes"): 494M, peak: 682M

vm_info: OpenJDK 64-Bit Server VM (17.0.10+7-LTS) for windows-amd64 JRE (17.0.10+7-LTS), built on Jan 10 2024 22:11:07 by "Administrator" with MS VC++ 16.10 / 16.11 (VS2019)

END.
