#
# A fatal error has been detected by the Java Runtime Environment:
#
#  EXCEPTION_ACCESS_VIOLATION (0xc0000005) at pc=0x00007fff91edeba5, pid=2516, tid=31860
#
# JRE version: OpenJDK Runtime Environment Corretto-17.0.10.7.1 (17.0.10+7) (build 17.0.10+7-LTS)
# Java VM: OpenJDK 64-Bit Server VM Corretto-17.0.10.7.1 (17.0.10+7-LTS, mixed mode, sharing, tiered, compressed oops, compressed class ptrs, g1 gc, windows-amd64)
# Problematic frame:
# C  [jniRaylib.dll+0x13eba5]
#
# No core dump will be written. Minidumps are not enabled by default on client versions of Windows
#
# If you would like to submit a bug report, please visit:
#   https://github.com/corretto/corretto-17/issues/
# The crash happened outside the Java Virtual Machine in native code.
# See problematic frame for where to report the bug.
#

---------------  S U M M A R Y ------------

Command Line: -Dfile.encoding=windows-1252 -Duser.country=NL -Duser.language=nl -Duser.variant PineVille.MenuScene

Host: 11th Gen Intel(R) Core(TM) i7-11800H @ 2.30GHz, 16 cores, 15G,  Windows 11 , 64 bit Build 22621 (10.0.22621.3085)
Time: Tue Mar 12 10:22:14 2024 West-Europa (standaardtijd) elapsed time: 10.438979 seconds (0d 0h 0m 10s)

---------------  T H R E A D  ---------------

Current thread (0x000001f9f5659ef0):  JavaThread "main" [_thread_in_native, id=31860, stack(0x000000e6b3600000,0x000000e6b3700000)]

Stack: [0x000000e6b3600000,0x000000e6b3700000],  sp=0x000000e6b36fef68,  free space=1019k
Native frames: (J=compiled Java code, j=interpreted, Vv=VM code, C=native code)
C  [jniRaylib.dll+0x13eba5]

Java frames: (J=compiled Java code, j=interpreted, Vv=VM code)
J 732  com.raylib.Raylib.GuiButton(Lcom/raylib/Raylib$Rectangle;Ljava/lang/String;)Z (0 bytes) @ 0x000001f987c1be0e [0x000001f987c1bda0+0x000000000000006e]
j  PineVille.Shop.ShopUi()V+60
j  PineVille.GameScene.main([Ljava/lang/String;)V+391
j  PineVille.MenuScene.switchToGameScene()V+10
j  PineVille.MenuScene.main([Ljava/lang/String;)V+78
v  ~StubRoutines::call_stub

siginfo: EXCEPTION_ACCESS_VIOLATION (0xc0000005), reading address 0x000001f9e5737970


Registers:
RAX=0x0000000000000000, RBX=0x0000000000000003, RCX=0x000001f9e5737970, RDX=0x0000000000000042
RSP=0x000000e6b36fef68, RBP=0x00000000ffffffff, RSI=0x000001f9e1918000, RDI=0x0000000000000000
R8 =0x0000000000000000, R9 =0x00000000000000e0, R10=0x000001f9e1918000, R11=0x000000e6b36ff0f0
R12=0x00007fff91fa98c0, R13=0x0000000000000001, R14=0x000001f9e1918000, R15=0x0000000000000000
RIP=0x00007fff91edeba5, EFLAGS=0x0000000000010202


Register to memory mapping:

RIP=0x00007fff91edeba5 jniRaylib.dll
RAX=0x0 is NULL
RBX=0x0000000000000003 is an unknown value
RCX=0x000001f9e5737970 is an unknown value
RDX=0x0000000000000042 is an unknown value
RSP=0x000000e6b36fef68 is pointing into the stack for thread: 0x000001f9f5659ef0
RBP=0x00000000ffffffff is an unknown value
RSI=0x000001f9e1918000 points into unknown readable memory: 0x0000000000797542 | 42 75 79 00 00 00 00 00
RDI=0x0 is NULL
R8 =0x0 is NULL
R9 =0x00000000000000e0 is an unknown value
R10=0x000001f9e1918000 points into unknown readable memory: 0x0000000000797542 | 42 75 79 00 00 00 00 00
R11=0x000000e6b36ff0f0 is pointing into the stack for thread: 0x000001f9f5659ef0
R12=0x00007fff91fa98c0 jniRaylib.dll
R13=0x0000000000000001 is an unknown value
R14=0x000001f9e1918000 points into unknown readable memory: 0x0000000000797542 | 42 75 79 00 00 00 00 00
R15=0x0 is NULL


Top of Stack: (sp=0x000000e6b36fef68)
0x000000e6b36fef68:   00007fff91db1834 000001f9e5543b20
0x000000e6b36fef78:   000001f9f5398550 000001f9f5659ef0
0x000000e6b36fef88:   00007fff16071185 000000e00000000a
0x000000e6b36fef98:   0000000200000000 0000008000000080
0x000000e6b36fefa8:   0000000200000001 000001f9e55484d0
0x000000e6b36fefb8:   000001f9e5737970 0000000044190000
0x000000e6b36fefc8:   0000000000000000 0000000044078000
0x000000e6b36fefd8:   0000000000000000 000001f9e1918000
0x000000e6b36fefe8:   00000000ffffffff 000000e6b36ff1a0
0x000000e6b36feff8:   0000000000000000 000000000000003c
0x000000e6b36ff008:   00007fff91db1d40 0000000000000001
0x000000e6b36ff018:   0000000000000000 00000000ff686868
0x000000e6b36ff028:   000001f900000001 0000000000000004
0x000000e6b36ff038:   00007fff00000000 0000000000000000
0x000000e6b36ff048:   00007fff16060181 0000000000000000
0x000000e6b36ff058:   0000000000000000 0000000000000000
0x000000e6b36ff068:   0000000000000000 0000000000000000
0x000000e6b36ff078:   0000000000000000 0000000000000000
0x000000e6b36ff088:   0000000000000000 0000000000000000
0x000000e6b36ff098:   0000000000000000 0000000000000000
0x000000e6b36ff0a8:   0000000000000000 0000000000000000
0x000000e6b36ff0b8:   0000000000000000 0000000000000000
0x000000e6b36ff0c8:   0000000000000000 0000000000000000
0x000000e6b36ff0d8:   0000000000000000 0000000000000000
0x000000e6b36ff0e8:   0000000000000000 0000000000000000
0x000000e6b36ff0f8:   0000000000000000 0000000000000000
0x000000e6b36ff108:   0000000000000000 0000000000000000
0x000000e6b36ff118:   0000000000000000 0000000000000000
0x000000e6b36ff128:   0000000000000000 0000000000000000
0x000000e6b36ff138:   0000000000000000 00007fff91fa9180
0x000000e6b36ff148:   0000000000000000 0000000000000000
0x000000e6b36ff158:   000001f9e1918000 000000e6b36ff210 

Instructions: (pc=0x00007fff91edeba5)
0x00007fff91edeaa5:   8b c0 c3 cc cc cc cc cc cc cc cc 40 53 48 83 ec
0x00007fff91edeab5:   20 33 c0 48 8b da 89 44 24 30 89 02 0f b6 41 ff
0x00007fff91edeac5:   48 ff c9 84 c0 79 06 24 c0 3c 80 74 ef 48 8d 54
0x00007fff91edead5:   24 30 e8 24 ff ff ff 85 c0 74 06 8b 4c 24 30 89
0x00007fff91edeae5:   0b 48 83 c4 20 5b c3 cc cc cc cc 0f 10 05 09 b0
0x00007fff91edeaf5:   0b 00 48 8b c1 0f 10 0d 0f b0 0b 00 0f 11 01 0f
0x00007fff91edeb05:   10 05 15 b0 0b 00 0f 11 49 10 0f 11 41 20 c3 cc
0x00007fff91edeb15:   cc cc cc cc cc cc cc cc cc cc cc 40 53 48 83 ec
0x00007fff91edeb25:   30 0f 10 12 45 8b c8 33 c0 0f 10 4a 20 4c 8b da
0x00007fff91edeb35:   48 8b d9 66 49 0f 7e d0 0f 29 14 24 49 c1 e8 20
0x00007fff91edeb45:   44 8d 50 3f 0f 29 4c 24 20 45 85 c0 7e 21 48 8b
0x00007fff91edeb55:   4c 24 28 8b 54 24 04 0f 1f 40 00 44 39 09 74 0c
0x00007fff91edeb65:   ff c0 48 83 c1 28 3b c2 7c f1 eb 03 44 8b d0 49
0x00007fff91edeb75:   8b 43 20 49 63 ca 48 03 c9 0f 10 04 c8 48 8b c3
0x00007fff91edeb85:   0f 11 03 48 83 c4 30 5b c3 cc cc 4c 63 41 04 33
0x00007fff91edeb95:   c0 45 85 c0 7e 1c 48 8b 49 28 4d 8b c8 44 8b c0
0x00007fff91edeba5:   39 11 74 13 ff c0 49 ff c0 48 83 c1 28 4d 3b c1
0x00007fff91edebb5:   7c ee b8 3f 00 00 00 c3 cc cc cc 40 53 48 83 ec
0x00007fff91edebc5:   30 0f 10 12 45 8b c8 33 c0 0f 10 4a 20 48 8b da
0x00007fff91edebd5:   4c 8b d1 66 49 0f 7e d0 0f 29 14 24 49 c1 e8 20
0x00007fff91edebe5:   44 8d 58 3f 0f 29 4c 24 20 45 85 c0 7e 21 48 8b
0x00007fff91edebf5:   4c 24 28 8b 54 24 04 0f 1f 40 00 44 39 09 74 0c
0x00007fff91edec05:   ff c0 48 83 c1 28 3b c2 7c f1 eb 03 44 8b d8 49
0x00007fff91edec15:   63 c3 48 8d 0c 80 48 8b 43 28 0f 10 04 c8 0f 10
0x00007fff91edec25:   4c c8 10 41 0f 11 02 f2 0f 10 44 c8 20 49 8b c2
0x00007fff91edec35:   41 0f 11 4a 10 f2 41 0f 11 42 20 48 83 c4 30 5b
0x00007fff91edec45:   c3 cc cc cc cc cc cc cc cc cc cc 83 79 0c 00 76
0x00007fff91edec55:   1c 83 39 00 7e 17 83 79 04 00 7e 11 48 83 79 20
0x00007fff91edec65:   00 74 0a 48 83 79 28 00 74 03 b0 01 c3 32 c0 c3
0x00007fff91edec75:   cc cc cc cc cc cc cc cc cc cc cc 40 55 56 57 41
0x00007fff91edec85:   55 41 56 48 8d ac 24 30 fe ff ff 48 81 ec d0 02
0x00007fff91edec95:   00 00 48 8b 05 da f0 0a 00 48 33 c4 48 89 85 a0 


Stack slot to memory mapping:
stack at sp + 0 slots: 0x00007fff91db1834 jniRaylib.dll
stack at sp + 1 slots: 0x000001f9e5543b20 points into unknown readable memory: 0x000001f9f52f3780 | 80 37 2f f5 f9 01 00 00
stack at sp + 2 slots: 0x000001f9f5398550 points into unknown readable memory: 0x7372657300000002 | 02 00 00 00 73 65 72 73
stack at sp + 3 slots: 0x000001f9f5659ef0 is a thread
stack at sp + 4 slots: 0x00007fff16071185 jvm.dll
stack at sp + 5 slots: 0x000000e00000000a is an unknown value
stack at sp + 6 slots: 0x0000000200000000 is an unknown value
stack at sp + 7 slots: 0x0000008000000080 is an unknown value


Compiled method (n/a)   10516  732     n 0       com.raylib.Raylib::GuiButton (native)
 total in heap  [0x000001f987c1bc10,0x000001f987c1c010] = 1024
 relocation     [0x000001f987c1bd68,0x000001f987c1bd98] = 48
 main code      [0x000001f987c1bda0,0x000001f987c1c008] = 616
 oops           [0x000001f987c1c008,0x000001f987c1c010] = 8

[Constant Pool (empty)]

[MachCode]
[Entry Point]
  # {method} {0x000001f9dc443580} 'GuiButton' '(Lcom/raylib/Raylib$Rectangle;Ljava/lang/String;)Z' in 'com/raylib/Raylib'
  # parm0:    rdx:rdx   = 'com/raylib/Raylib$Rectangle'
  # parm1:    r8:r8     = 'java/lang/String'
  #           [sp+0x70]  (sp of caller)
  0x000001f987c1bda0: 448b 5208 | 49bb 0000 | 009b f901 | 0000 4d03 | d349 3bc2 | 0f84 0600 

  0x000001f987c1bdb8: ;   {runtime_call ic_miss_stub}
  0x000001f987c1bdb8: 0000 e9c1 | 5788 ff90 
[Verified Entry Point]
  0x000001f987c1bdc0: 8984 2400 | 90ff ff55 | 488b ec48 | 83ec 604c | 8944 2428 | 4983 f800 | 4c8d 4c24 | 284c 0f44 
  0x000001f987c1bde0: 4c24 2848 | 8954 2420 | 4883 fa00 | 4c8d 4424 | 204c 0f44 

  0x000001f987c1bdf4: ;   {oop(a 'java/lang/Class'{0x0000000713e00090} = 'com/raylib/Raylib')}
  0x000001f987c1bdf4: 4424 2049 | be90 00e0 | 1307 0000 | 004c 8974 | 2450 4c8d | 7424 5049 | 8bd6 c5f8 

  0x000001f987c1be10: ;   {internal_word}
  0x000001f987c1be10: 7749 ba0e | bec1 87f9 | 0100 004d | 8997 a002 | 0000 4989 | a798 0200 

  0x000001f987c1be28: ;   {external_word}
  0x000001f987c1be28: 0049 ba79 | 3580 16ff | 7f00 0041 | 803a 000f | 8452 0000 | 0052 4150 

  0x000001f987c1be40: ;   {metadata({method} {0x000001f9dc443580} 'GuiButton' '(Lcom/raylib/Raylib$Rectangle;Ljava/lang/String;)Z' in 'com/raylib/Raylib')}
  0x000001f987c1be40: 4151 48ba | 7835 44dc | f901 0000 | 498b cf48 | 83ec 20f7 | c40f 0000 | 000f 841a | 0000 0048 
  0x000001f987c1be60: ;   {runtime_call}
  0x000001f987c1be60: 83ec 0849 | ba00 3036 | 16ff 7f00 | 0041 ffd2 | 4883 c408 | e90d 0000 

  0x000001f987c1be78: ;   {runtime_call}
  0x000001f987c1be78: 0049 ba00 | 3036 16ff | 7f00 0041 | ffd2 4883 | c420 4159 | 4158 5a49 | 8d8f b802 | 0000 41c7 
  0x000001f987c1be98: 8748 0300 | 0004 0000 

  0x000001f987c1bea0: ;   {runtime_call}
  0x000001f987c1bea0: 0049 ba10 | 11e0 91ff | 7f00 0041 | ffd2 c5f8 | 7781 e0ff | 0000 000f | 95c0 41c7 | 8748 0300 
  0x000001f987c1bec0: 0005 0000 | 00f0 8344 | 24c0 0049 | 3baf 5003 | 0000 0f87 | 1100 0000 | 4181 bf38 | 0300 0000 
  0x000001f987c1bee0: 0000 000f | 842c 0000 | 00c5 f877 | 4889 45f8 | 498b cf4c | 8be4 4883 | ec20 4883 

  0x000001f987c1befc: ;   {runtime_call}
  0x000001f987c1befc: e4f0 49ba | 9044 4616 | ff7f 0000 | 41ff d249 | 8be4 4d33 | e448 8b45 | f841 c787 | 4803 0000 
  0x000001f987c1bf1c: 0800 0000 | 4181 bfb8 | 0300 0002 | 0000 000f | 84a3 0000 

  0x000001f987c1bf30: ;   {external_word}
  0x000001f987c1bf30: 0049 ba79 | 3580 16ff | 7f00 0041 | 803a 000f | 8450 0000 | 0048 8945 

  0x000001f987c1bf48: ;   {metadata({method} {0x000001f9dc443580} 'GuiButton' '(Lcom/raylib/Raylib$Rectangle;Ljava/lang/String;)Z' in 'com/raylib/Raylib')}
  0x000001f987c1bf48: f848 ba78 | 3544 dcf9 | 0100 0049 | 8bcf 4883 | ec20 f7c4 | 0f00 0000 | 0f84 1a00 | 0000 4883 
  0x000001f987c1bf68: ;   {runtime_call}
  0x000001f987c1bf68: ec08 49ba | 0030 3616 | ff7f 0000 | 41ff d248 | 83c4 08e9 | 0d00 0000 

  0x000001f987c1bf80: ;   {runtime_call}
  0x000001f987c1bf80: 49ba 0030 | 3616 ff7f | 0000 41ff | d248 83c4 | 2048 8b45 | f849 c787 | 9802 0000 | 0000 0000 
  0x000001f987c1bfa0: 49c7 87a0 | 0200 0000 | 0000 00c5 | f877 498b | 8fd8 0000 | 00c7 8100 | 0100 0000 | 0000 00c9 
  0x000001f987c1bfc0: 4981 7f08 | 0000 0000 | 0f85 0100 

  0x000001f987c1bfcc: ;   {runtime_call StubRoutines (1)}
  0x000001f987c1bfcc: 0000 c3e9 | 2c4f 83ff | c5f8 7748 | 8945 f84c | 8be4 4883 | ec20 4883 

  0x000001f987c1bfe4: ;   {runtime_call}
  0x000001f987c1bfe4: e4f0 49ba | 8060 3616 | ff7f 0000 | 41ff d249 | 8be4 4d33 | e448 8b45 | f8e9 2fff | ffff f4f4 
  0x000001f987c1c004: f4f4 f4f4 
[/MachCode]


---------------  P R O C E S S  ---------------

Threads class SMR info:
_java_thread_list=0x000001f9e07d9e30, length=13, elements={
0x000001f9f5659ef0, 0x000001f9e00076e0, 0x000001f9e00082a0, 0x000001f9e0016fb0,
0x000001f9e0017b70, 0x000001f9e001ac50, 0x000001f9e001d830, 0x000001f9e001ed70,
0x000001f9e001fc30, 0x000001f9e0020630, 0x000001f9e024dd10, 0x000001f9e02548e0,
0x000001f9e0bc7a80
}

Java Threads: ( => current thread )
=>0x000001f9f5659ef0 JavaThread "main" [_thread_in_native, id=31860, stack(0x000000e6b3600000,0x000000e6b3700000)]
  0x000001f9e00076e0 JavaThread "Reference Handler" daemon [_thread_blocked, id=18136, stack(0x000000e6b3d00000,0x000000e6b3e00000)]
  0x000001f9e00082a0 JavaThread "Finalizer" daemon [_thread_blocked, id=5556, stack(0x000000e6b3e00000,0x000000e6b3f00000)]
  0x000001f9e0016fb0 JavaThread "Signal Dispatcher" daemon [_thread_blocked, id=15676, stack(0x000000e6b3f00000,0x000000e6b4000000)]
  0x000001f9e0017b70 JavaThread "Attach Listener" daemon [_thread_blocked, id=10860, stack(0x000000e6b4000000,0x000000e6b4100000)]
  0x000001f9e001ac50 JavaThread "Service Thread" daemon [_thread_blocked, id=2496, stack(0x000000e6b4100000,0x000000e6b4200000)]
  0x000001f9e001d830 JavaThread "Monitor Deflation Thread" daemon [_thread_blocked, id=11356, stack(0x000000e6b4200000,0x000000e6b4300000)]
  0x000001f9e001ed70 JavaThread "C2 CompilerThread0" daemon [_thread_blocked, id=13664, stack(0x000000e6b4300000,0x000000e6b4400000)]
  0x000001f9e001fc30 JavaThread "C1 CompilerThread0" daemon [_thread_blocked, id=22292, stack(0x000000e6b4400000,0x000000e6b4500000)]
  0x000001f9e0020630 JavaThread "Sweeper thread" daemon [_thread_blocked, id=13708, stack(0x000000e6b4500000,0x000000e6b4600000)]
  0x000001f9e024dd10 JavaThread "Notification Thread" daemon [_thread_blocked, id=22972, stack(0x000000e6b4900000,0x000000e6b4a00000)]
  0x000001f9e02548e0 JavaThread "Common-Cleaner" daemon [_thread_blocked, id=12344, stack(0x000000e6b4b00000,0x000000e6b4c00000)]
  0x000001f9e0bc7a80 JavaThread "JavaCPP Deallocator" daemon [_thread_blocked, id=12936, stack(0x000000e6b5000000,0x000000e6b5100000)]

Other Threads:
  0x000001f9e0002090 VMThread "VM Thread" [stack: 0x000000e6b3c00000,0x000000e6b3d00000] [id=12588]
  0x000001f9e024ea10 WatcherThread [stack: 0x000000e6b4a00000,0x000000e6b4b00000] [id=18196]
  0x000001f9f56c6c20 GCTaskThread "GC Thread#0" [stack: 0x000000e6b3700000,0x000000e6b3800000] [id=24708]
  0x000001f9e0c1ef00 GCTaskThread "GC Thread#1" [stack: 0x000000e6b5100000,0x000000e6b5200000] [id=29280]
  0x000001f9e1785470 GCTaskThread "GC Thread#2" [stack: 0x000000e6b5200000,0x000000e6b5300000] [id=24048]
  0x000001f9e1783e70 GCTaskThread "GC Thread#3" [stack: 0x000000e6b5300000,0x000000e6b5400000] [id=30540]
  0x000001f9e17838f0 GCTaskThread "GC Thread#4" [stack: 0x000000e6b5400000,0x000000e6b5500000] [id=26200]
  0x000001f9e1784ef0 GCTaskThread "GC Thread#5" [stack: 0x000000e6b5500000,0x000000e6b5600000] [id=20880]
  0x000001f9f56d75c0 ConcurrentGCThread "G1 Main Marker" [stack: 0x000000e6b3800000,0x000000e6b3900000] [id=25884]
  0x000001f9f56d7fe0 ConcurrentGCThread "G1 Conc#0" [stack: 0x000000e6b3900000,0x000000e6b3a00000] [id=31948]
  0x000001f99ae116a0 ConcurrentGCThread "G1 Refine#0" [stack: 0x000000e6b3a00000,0x000000e6b3b00000] [id=32112]
  0x000001f99ae130e0 ConcurrentGCThread "G1 Service" [stack: 0x000000e6b3b00000,0x000000e6b3c00000] [id=15904]

Threads with active compile tasks:

VM state: not at safepoint (normal execution)

VM Mutex/Monitor currently owned by a thread: None

Heap address: 0x0000000705a00000, size: 4006 MB, Compressed Oops mode: Zero based, Oop shift amount: 3

CDS archive(s) mapped at: [0x000001f99b000000-0x000001f99bbb0000-0x000001f99bbb0000), size 12255232, SharedBaseAddress: 0x000001f99b000000, ArchiveRelocationMode: 1.
Compressed class space mapped at: 0x000001f99c000000-0x000001f9dc000000, reserved size: 1073741824
Narrow klass base: 0x000001f99b000000, Narrow klass shift: 0, Narrow klass range: 0x100000000

GC Precious Log:
 CPUs: 16 total, 16 available
 Memory: 16021M
 Large Page Support: Disabled
 NUMA Support: Disabled
 Compressed Oops: Enabled (Zero based)
 Heap Region Size: 2M
 Heap Min Capacity: 8M
 Heap Initial Capacity: 252M
 Heap Max Capacity: 4006M
 Pre-touch: Disabled
 Parallel Workers: 13
 Concurrent Workers: 3
 Concurrent Refinement Workers: 13
 Periodic GC: Disabled

Heap:
 garbage-first heap   total 258048K, used 3781K [0x0000000705a00000, 0x0000000800000000)
  region size 2048K, 3 young (6144K), 1 survivors (2048K)
 Metaspace       used 2130K, committed 2304K, reserved 1114112K
  class space    used 182K, committed 256K, reserved 1048576K

Heap Regions: E=young(eden), S=young(survivor), O=old, HS=humongous(starts), HC=humongous(continues), CS=collection set, F=free, OA=open archive, CA=closed archive, TAMS=top-at-mark-start (previous, next)
|   0|0x0000000705a00000, 0x0000000705a00000, 0x0000000705c00000|  0%| F|  |TAMS 0x0000000705a00000, 0x0000000705a00000| Untracked 
|   1|0x0000000705c00000, 0x0000000705c00000, 0x0000000705e00000|  0%| F|  |TAMS 0x0000000705c00000, 0x0000000705c00000| Untracked 
|   2|0x0000000705e00000, 0x0000000705e00000, 0x0000000706000000|  0%| F|  |TAMS 0x0000000705e00000, 0x0000000705e00000| Untracked 
|   3|0x0000000706000000, 0x0000000706000000, 0x0000000706200000|  0%| F|  |TAMS 0x0000000706000000, 0x0000000706000000| Untracked 
|   4|0x0000000706200000, 0x0000000706200000, 0x0000000706400000|  0%| F|  |TAMS 0x0000000706200000, 0x0000000706200000| Untracked 
|   5|0x0000000706400000, 0x0000000706400000, 0x0000000706600000|  0%| F|  |TAMS 0x0000000706400000, 0x0000000706400000| Untracked 
|   6|0x0000000706600000, 0x0000000706600000, 0x0000000706800000|  0%| F|  |TAMS 0x0000000706600000, 0x0000000706600000| Untracked 
|   7|0x0000000706800000, 0x0000000706800000, 0x0000000706a00000|  0%| F|  |TAMS 0x0000000706800000, 0x0000000706800000| Untracked 
|   8|0x0000000706a00000, 0x0000000706a00000, 0x0000000706c00000|  0%| F|  |TAMS 0x0000000706a00000, 0x0000000706a00000| Untracked 
|   9|0x0000000706c00000, 0x0000000706c00000, 0x0000000706e00000|  0%| F|  |TAMS 0x0000000706c00000, 0x0000000706c00000| Untracked 
|  10|0x0000000706e00000, 0x0000000706e00000, 0x0000000707000000|  0%| F|  |TAMS 0x0000000706e00000, 0x0000000706e00000| Untracked 
|  11|0x0000000707000000, 0x0000000707000000, 0x0000000707200000|  0%| F|  |TAMS 0x0000000707000000, 0x0000000707000000| Untracked 
|  12|0x0000000707200000, 0x0000000707200000, 0x0000000707400000|  0%| F|  |TAMS 0x0000000707200000, 0x0000000707200000| Untracked 
|  13|0x0000000707400000, 0x0000000707400000, 0x0000000707600000|  0%| F|  |TAMS 0x0000000707400000, 0x0000000707400000| Untracked 
|  14|0x0000000707600000, 0x0000000707600000, 0x0000000707800000|  0%| F|  |TAMS 0x0000000707600000, 0x0000000707600000| Untracked 
|  15|0x0000000707800000, 0x0000000707800000, 0x0000000707a00000|  0%| F|  |TAMS 0x0000000707800000, 0x0000000707800000| Untracked 
|  16|0x0000000707a00000, 0x0000000707a00000, 0x0000000707c00000|  0%| F|  |TAMS 0x0000000707a00000, 0x0000000707a00000| Untracked 
|  17|0x0000000707c00000, 0x0000000707c00000, 0x0000000707e00000|  0%| F|  |TAMS 0x0000000707c00000, 0x0000000707c00000| Untracked 
|  18|0x0000000707e00000, 0x0000000707e00000, 0x0000000708000000|  0%| F|  |TAMS 0x0000000707e00000, 0x0000000707e00000| Untracked 
|  19|0x0000000708000000, 0x0000000708000000, 0x0000000708200000|  0%| F|  |TAMS 0x0000000708000000, 0x0000000708000000| Untracked 
|  20|0x0000000708200000, 0x0000000708200000, 0x0000000708400000|  0%| F|  |TAMS 0x0000000708200000, 0x0000000708200000| Untracked 
|  21|0x0000000708400000, 0x0000000708400000, 0x0000000708600000|  0%| F|  |TAMS 0x0000000708400000, 0x0000000708400000| Untracked 
|  22|0x0000000708600000, 0x0000000708600000, 0x0000000708800000|  0%| F|  |TAMS 0x0000000708600000, 0x0000000708600000| Untracked 
|  23|0x0000000708800000, 0x0000000708800000, 0x0000000708a00000|  0%| F|  |TAMS 0x0000000708800000, 0x0000000708800000| Untracked 
|  24|0x0000000708a00000, 0x0000000708a00000, 0x0000000708c00000|  0%| F|  |TAMS 0x0000000708a00000, 0x0000000708a00000| Untracked 
|  25|0x0000000708c00000, 0x0000000708c00000, 0x0000000708e00000|  0%| F|  |TAMS 0x0000000708c00000, 0x0000000708c00000| Untracked 
|  26|0x0000000708e00000, 0x0000000708e00000, 0x0000000709000000|  0%| F|  |TAMS 0x0000000708e00000, 0x0000000708e00000| Untracked 
|  27|0x0000000709000000, 0x0000000709000000, 0x0000000709200000|  0%| F|  |TAMS 0x0000000709000000, 0x0000000709000000| Untracked 
|  28|0x0000000709200000, 0x0000000709200000, 0x0000000709400000|  0%| F|  |TAMS 0x0000000709200000, 0x0000000709200000| Untracked 
|  29|0x0000000709400000, 0x0000000709400000, 0x0000000709600000|  0%| F|  |TAMS 0x0000000709400000, 0x0000000709400000| Untracked 
|  30|0x0000000709600000, 0x0000000709600000, 0x0000000709800000|  0%| F|  |TAMS 0x0000000709600000, 0x0000000709600000| Untracked 
|  31|0x0000000709800000, 0x0000000709800000, 0x0000000709a00000|  0%| F|  |TAMS 0x0000000709800000, 0x0000000709800000| Untracked 
|  32|0x0000000709a00000, 0x0000000709a00000, 0x0000000709c00000|  0%| F|  |TAMS 0x0000000709a00000, 0x0000000709a00000| Untracked 
|  33|0x0000000709c00000, 0x0000000709c00000, 0x0000000709e00000|  0%| F|  |TAMS 0x0000000709c00000, 0x0000000709c00000| Untracked 
|  34|0x0000000709e00000, 0x0000000709e00000, 0x000000070a000000|  0%| F|  |TAMS 0x0000000709e00000, 0x0000000709e00000| Untracked 
|  35|0x000000070a000000, 0x000000070a000000, 0x000000070a200000|  0%| F|  |TAMS 0x000000070a000000, 0x000000070a000000| Untracked 
|  36|0x000000070a200000, 0x000000070a200000, 0x000000070a400000|  0%| F|  |TAMS 0x000000070a200000, 0x000000070a200000| Untracked 
|  37|0x000000070a400000, 0x000000070a400000, 0x000000070a600000|  0%| F|  |TAMS 0x000000070a400000, 0x000000070a400000| Untracked 
|  38|0x000000070a600000, 0x000000070a600000, 0x000000070a800000|  0%| F|  |TAMS 0x000000070a600000, 0x000000070a600000| Untracked 
|  39|0x000000070a800000, 0x000000070a800000, 0x000000070aa00000|  0%| F|  |TAMS 0x000000070a800000, 0x000000070a800000| Untracked 
|  40|0x000000070aa00000, 0x000000070aa00000, 0x000000070ac00000|  0%| F|  |TAMS 0x000000070aa00000, 0x000000070aa00000| Untracked 
|  41|0x000000070ac00000, 0x000000070ac00000, 0x000000070ae00000|  0%| F|  |TAMS 0x000000070ac00000, 0x000000070ac00000| Untracked 
|  42|0x000000070ae00000, 0x000000070ae00000, 0x000000070b000000|  0%| F|  |TAMS 0x000000070ae00000, 0x000000070ae00000| Untracked 
|  43|0x000000070b000000, 0x000000070b000000, 0x000000070b200000|  0%| F|  |TAMS 0x000000070b000000, 0x000000070b000000| Untracked 
|  44|0x000000070b200000, 0x000000070b200000, 0x000000070b400000|  0%| F|  |TAMS 0x000000070b200000, 0x000000070b200000| Untracked 
|  45|0x000000070b400000, 0x000000070b400000, 0x000000070b600000|  0%| F|  |TAMS 0x000000070b400000, 0x000000070b400000| Untracked 
|  46|0x000000070b600000, 0x000000070b600000, 0x000000070b800000|  0%| F|  |TAMS 0x000000070b600000, 0x000000070b600000| Untracked 
|  47|0x000000070b800000, 0x000000070b800000, 0x000000070ba00000|  0%| F|  |TAMS 0x000000070b800000, 0x000000070b800000| Untracked 
|  48|0x000000070ba00000, 0x000000070ba00000, 0x000000070bc00000|  0%| F|  |TAMS 0x000000070ba00000, 0x000000070ba00000| Untracked 
|  49|0x000000070bc00000, 0x000000070bc00000, 0x000000070be00000|  0%| F|  |TAMS 0x000000070bc00000, 0x000000070bc00000| Untracked 
|  50|0x000000070be00000, 0x000000070be00000, 0x000000070c000000|  0%| F|  |TAMS 0x000000070be00000, 0x000000070be00000| Untracked 
|  51|0x000000070c000000, 0x000000070c000000, 0x000000070c200000|  0%| F|  |TAMS 0x000000070c000000, 0x000000070c000000| Untracked 
|  52|0x000000070c200000, 0x000000070c200000, 0x000000070c400000|  0%| F|  |TAMS 0x000000070c200000, 0x000000070c200000| Untracked 
|  53|0x000000070c400000, 0x000000070c400000, 0x000000070c600000|  0%| F|  |TAMS 0x000000070c400000, 0x000000070c400000| Untracked 
|  54|0x000000070c600000, 0x000000070c600000, 0x000000070c800000|  0%| F|  |TAMS 0x000000070c600000, 0x000000070c600000| Untracked 
|  55|0x000000070c800000, 0x000000070c800000, 0x000000070ca00000|  0%| F|  |TAMS 0x000000070c800000, 0x000000070c800000| Untracked 
|  56|0x000000070ca00000, 0x000000070ca00000, 0x000000070cc00000|  0%| F|  |TAMS 0x000000070ca00000, 0x000000070ca00000| Untracked 
|  57|0x000000070cc00000, 0x000000070cc00000, 0x000000070ce00000|  0%| F|  |TAMS 0x000000070cc00000, 0x000000070cc00000| Untracked 
|  58|0x000000070ce00000, 0x000000070ce00000, 0x000000070d000000|  0%| F|  |TAMS 0x000000070ce00000, 0x000000070ce00000| Untracked 
|  59|0x000000070d000000, 0x000000070d000000, 0x000000070d200000|  0%| F|  |TAMS 0x000000070d000000, 0x000000070d000000| Untracked 
|  60|0x000000070d200000, 0x000000070d200000, 0x000000070d400000|  0%| F|  |TAMS 0x000000070d200000, 0x000000070d200000| Untracked 
|  61|0x000000070d400000, 0x000000070d400000, 0x000000070d600000|  0%| F|  |TAMS 0x000000070d400000, 0x000000070d400000| Untracked 
|  62|0x000000070d600000, 0x000000070d600000, 0x000000070d800000|  0%| F|  |TAMS 0x000000070d600000, 0x000000070d600000| Untracked 
|  63|0x000000070d800000, 0x000000070d800000, 0x000000070da00000|  0%| F|  |TAMS 0x000000070d800000, 0x000000070d800000| Untracked 
|  64|0x000000070da00000, 0x000000070da00000, 0x000000070dc00000|  0%| F|  |TAMS 0x000000070da00000, 0x000000070da00000| Untracked 
|  65|0x000000070dc00000, 0x000000070dc00000, 0x000000070de00000|  0%| F|  |TAMS 0x000000070dc00000, 0x000000070dc00000| Untracked 
|  66|0x000000070de00000, 0x000000070de00000, 0x000000070e000000|  0%| F|  |TAMS 0x000000070de00000, 0x000000070de00000| Untracked 
|  67|0x000000070e000000, 0x000000070e000000, 0x000000070e200000|  0%| F|  |TAMS 0x000000070e000000, 0x000000070e000000| Untracked 
|  68|0x000000070e200000, 0x000000070e200000, 0x000000070e400000|  0%| F|  |TAMS 0x000000070e200000, 0x000000070e200000| Untracked 
|  69|0x000000070e400000, 0x000000070e400000, 0x000000070e600000|  0%| F|  |TAMS 0x000000070e400000, 0x000000070e400000| Untracked 
|  70|0x000000070e600000, 0x000000070e600000, 0x000000070e800000|  0%| F|  |TAMS 0x000000070e600000, 0x000000070e600000| Untracked 
|  71|0x000000070e800000, 0x000000070e800000, 0x000000070ea00000|  0%| F|  |TAMS 0x000000070e800000, 0x000000070e800000| Untracked 
|  72|0x000000070ea00000, 0x000000070ea00000, 0x000000070ec00000|  0%| F|  |TAMS 0x000000070ea00000, 0x000000070ea00000| Untracked 
|  73|0x000000070ec00000, 0x000000070ec00000, 0x000000070ee00000|  0%| F|  |TAMS 0x000000070ec00000, 0x000000070ec00000| Untracked 
|  74|0x000000070ee00000, 0x000000070ee00000, 0x000000070f000000|  0%| F|  |TAMS 0x000000070ee00000, 0x000000070ee00000| Untracked 
|  75|0x000000070f000000, 0x000000070f000000, 0x000000070f200000|  0%| F|  |TAMS 0x000000070f000000, 0x000000070f000000| Untracked 
|  76|0x000000070f200000, 0x000000070f200000, 0x000000070f400000|  0%| F|  |TAMS 0x000000070f200000, 0x000000070f200000| Untracked 
|  77|0x000000070f400000, 0x000000070f400000, 0x000000070f600000|  0%| F|  |TAMS 0x000000070f400000, 0x000000070f400000| Untracked 
|  78|0x000000070f600000, 0x000000070f600000, 0x000000070f800000|  0%| F|  |TAMS 0x000000070f600000, 0x000000070f600000| Untracked 
|  79|0x000000070f800000, 0x000000070f800000, 0x000000070fa00000|  0%| F|  |TAMS 0x000000070f800000, 0x000000070f800000| Untracked 
|  80|0x000000070fa00000, 0x000000070fa00000, 0x000000070fc00000|  0%| F|  |TAMS 0x000000070fa00000, 0x000000070fa00000| Untracked 
|  81|0x000000070fc00000, 0x000000070fc00000, 0x000000070fe00000|  0%| F|  |TAMS 0x000000070fc00000, 0x000000070fc00000| Untracked 
|  82|0x000000070fe00000, 0x000000070fe00000, 0x0000000710000000|  0%| F|  |TAMS 0x000000070fe00000, 0x000000070fe00000| Untracked 
|  83|0x0000000710000000, 0x0000000710000000, 0x0000000710200000|  0%| F|  |TAMS 0x0000000710000000, 0x0000000710000000| Untracked 
|  84|0x0000000710200000, 0x0000000710200000, 0x0000000710400000|  0%| F|  |TAMS 0x0000000710200000, 0x0000000710200000| Untracked 
|  85|0x0000000710400000, 0x0000000710400000, 0x0000000710600000|  0%| F|  |TAMS 0x0000000710400000, 0x0000000710400000| Untracked 
|  86|0x0000000710600000, 0x0000000710600000, 0x0000000710800000|  0%| F|  |TAMS 0x0000000710600000, 0x0000000710600000| Untracked 
|  87|0x0000000710800000, 0x0000000710800000, 0x0000000710a00000|  0%| F|  |TAMS 0x0000000710800000, 0x0000000710800000| Untracked 
|  88|0x0000000710a00000, 0x0000000710a00000, 0x0000000710c00000|  0%| F|  |TAMS 0x0000000710a00000, 0x0000000710a00000| Untracked 
|  89|0x0000000710c00000, 0x0000000710c00000, 0x0000000710e00000|  0%| F|  |TAMS 0x0000000710c00000, 0x0000000710c00000| Untracked 
|  90|0x0000000710e00000, 0x0000000710e00000, 0x0000000711000000|  0%| F|  |TAMS 0x0000000710e00000, 0x0000000710e00000| Untracked 
|  91|0x0000000711000000, 0x0000000711000000, 0x0000000711200000|  0%| F|  |TAMS 0x0000000711000000, 0x0000000711000000| Untracked 
|  92|0x0000000711200000, 0x0000000711200000, 0x0000000711400000|  0%| F|  |TAMS 0x0000000711200000, 0x0000000711200000| Untracked 
|  93|0x0000000711400000, 0x0000000711400000, 0x0000000711600000|  0%| F|  |TAMS 0x0000000711400000, 0x0000000711400000| Untracked 
|  94|0x0000000711600000, 0x0000000711600000, 0x0000000711800000|  0%| F|  |TAMS 0x0000000711600000, 0x0000000711600000| Untracked 
|  95|0x0000000711800000, 0x0000000711800000, 0x0000000711a00000|  0%| F|  |TAMS 0x0000000711800000, 0x0000000711800000| Untracked 
|  96|0x0000000711a00000, 0x0000000711a00000, 0x0000000711c00000|  0%| F|  |TAMS 0x0000000711a00000, 0x0000000711a00000| Untracked 
|  97|0x0000000711c00000, 0x0000000711c00000, 0x0000000711e00000|  0%| F|  |TAMS 0x0000000711c00000, 0x0000000711c00000| Untracked 
|  98|0x0000000711e00000, 0x0000000711e00000, 0x0000000712000000|  0%| F|  |TAMS 0x0000000711e00000, 0x0000000711e00000| Untracked 
|  99|0x0000000712000000, 0x0000000712000000, 0x0000000712200000|  0%| F|  |TAMS 0x0000000712000000, 0x0000000712000000| Untracked 
| 100|0x0000000712200000, 0x0000000712200000, 0x0000000712400000|  0%| F|  |TAMS 0x0000000712200000, 0x0000000712200000| Untracked 
| 101|0x0000000712400000, 0x0000000712400000, 0x0000000712600000|  0%| F|  |TAMS 0x0000000712400000, 0x0000000712400000| Untracked 
| 102|0x0000000712600000, 0x0000000712600000, 0x0000000712800000|  0%| F|  |TAMS 0x0000000712600000, 0x0000000712600000| Untracked 
| 103|0x0000000712800000, 0x0000000712800000, 0x0000000712a00000|  0%| F|  |TAMS 0x0000000712800000, 0x0000000712800000| Untracked 
| 104|0x0000000712a00000, 0x0000000712a00000, 0x0000000712c00000|  0%| F|  |TAMS 0x0000000712a00000, 0x0000000712a00000| Untracked 
| 105|0x0000000712c00000, 0x0000000712c00000, 0x0000000712e00000|  0%| F|  |TAMS 0x0000000712c00000, 0x0000000712c00000| Untracked 
| 106|0x0000000712e00000, 0x0000000712e00000, 0x0000000713000000|  0%| F|  |TAMS 0x0000000712e00000, 0x0000000712e00000| Untracked 
| 107|0x0000000713000000, 0x0000000713000000, 0x0000000713200000|  0%| F|  |TAMS 0x0000000713000000, 0x0000000713000000| Untracked 
| 108|0x0000000713200000, 0x0000000713200000, 0x0000000713400000|  0%| F|  |TAMS 0x0000000713200000, 0x0000000713200000| Untracked 
| 109|0x0000000713400000, 0x0000000713400000, 0x0000000713600000|  0%| F|  |TAMS 0x0000000713400000, 0x0000000713400000| Untracked 
| 110|0x0000000713600000, 0x0000000713600000, 0x0000000713800000|  0%| F|  |TAMS 0x0000000713600000, 0x0000000713600000| Untracked 
| 111|0x0000000713800000, 0x0000000713800000, 0x0000000713a00000|  0%| F|  |TAMS 0x0000000713800000, 0x0000000713800000| Untracked 
| 112|0x0000000713a00000, 0x0000000713a00000, 0x0000000713c00000|  0%| F|  |TAMS 0x0000000713a00000, 0x0000000713a00000| Untracked 
| 113|0x0000000713c00000, 0x0000000713c00000, 0x0000000713e00000|  0%| F|  |TAMS 0x0000000713c00000, 0x0000000713c00000| Untracked 
| 114|0x0000000713e00000, 0x0000000713fb14d0, 0x0000000714000000| 84%| S|CS|TAMS 0x0000000713e00000, 0x0000000713e00000| Complete 
| 115|0x0000000714000000, 0x0000000714000000, 0x0000000714200000|  0%| F|  |TAMS 0x0000000714000000, 0x0000000714000000| Untracked 
| 116|0x0000000714200000, 0x0000000714200000, 0x0000000714400000|  0%| F|  |TAMS 0x0000000714200000, 0x0000000714200000| Untracked 
| 117|0x0000000714400000, 0x0000000714400000, 0x0000000714600000|  0%| F|  |TAMS 0x0000000714400000, 0x0000000714400000| Untracked 
| 118|0x0000000714600000, 0x0000000714600000, 0x0000000714800000|  0%| F|  |TAMS 0x0000000714600000, 0x0000000714600000| Untracked 
| 119|0x0000000714800000, 0x0000000714800000, 0x0000000714a00000|  0%| F|  |TAMS 0x0000000714800000, 0x0000000714800000| Untracked 
| 120|0x0000000714a00000, 0x0000000714a00000, 0x0000000714c00000|  0%| F|  |TAMS 0x0000000714a00000, 0x0000000714a00000| Untracked 
| 121|0x0000000714c00000, 0x0000000714c00000, 0x0000000714e00000|  0%| F|  |TAMS 0x0000000714c00000, 0x0000000714c00000| Untracked 
| 122|0x0000000714e00000, 0x0000000714e00000, 0x0000000715000000|  0%| F|  |TAMS 0x0000000714e00000, 0x0000000714e00000| Untracked 
| 123|0x0000000715000000, 0x0000000715000000, 0x0000000715200000|  0%| F|  |TAMS 0x0000000715000000, 0x0000000715000000| Untracked 
| 124|0x0000000715200000, 0x00000007152c5dd0, 0x0000000715400000| 38%| E|  |TAMS 0x0000000715200000, 0x0000000715200000| Complete 
| 125|0x0000000715400000, 0x0000000715600000, 0x0000000715600000|100%| E|CS|TAMS 0x0000000715400000, 0x0000000715400000| Complete 

Card table byte_map: [0x000001f98f7e0000,0x000001f98ffc0000] _byte_map_base: 0x000001f98bfb3000

Marking Bits (Prev, Next): (CMBitMap*) 0x000001f9f56c7240, (CMBitMap*) 0x000001f9f56c7280
 Prev Bits: [0x000001f9907a0000, 0x000001f994638000)
 Next Bits: [0x000001f994640000, 0x000001f9984d8000)

Polling page: 0x000001f9f5710000

Metaspace:

Usage:
  Non-class:      1.90 MB used.
      Class:    182.55 KB used.
       Both:      2.08 MB used.

Virtual space:
  Non-class space:       64.00 MB reserved,       2.00 MB (  3%) committed,  1 nodes.
      Class space:        1.00 GB reserved,     256.00 KB ( <1%) committed,  1 nodes.
             Both:        1.06 GB reserved,       2.25 MB ( <1%) committed. 

Chunk freelists:
   Non-Class:  11.22 MB
       Class:  15.65 MB
        Both:  26.87 MB

MaxMetaspaceSize: unlimited
CompressedClassSpaceSize: 1.00 GB
Initial GC threshold: 21.00 MB
Current GC threshold: 21.00 MB
CDS: on
MetaspaceReclaimPolicy: balanced
 - commit_granule_bytes: 65536.
 - commit_granule_words: 8192.
 - virtual_space_node_default_size: 8388608.
 - enlarge_chunks_in_place: 1.
 - new_chunks_are_fully_committed: 0.
 - uncommit_free_chunks: 1.
 - use_allocation_guard: 0.
 - handle_deallocations: 1.


Internal statistics:

num_allocs_failed_limit: 0.
num_arena_births: 32.
num_arena_deaths: 0.
num_vsnodes_births: 2.
num_vsnodes_deaths: 0.
num_space_committed: 36.
num_space_uncommitted: 0.
num_chunks_returned_to_freelist: 0.
num_chunks_taken_from_freelist: 72.
num_chunk_merges: 0.
num_chunk_splits: 52.
num_chunks_enlarged: 38.
num_inconsistent_stats: 0.

CodeHeap 'non-profiled nmethods': size=119168Kb used=538Kb max_used=538Kb free=118629Kb
 bounds [0x000001f987ba0000, 0x000001f987e10000, 0x000001f98f000000]
CodeHeap 'profiled nmethods': size=119104Kb used=1353Kb max_used=1353Kb free=117750Kb
 bounds [0x000001f980000000, 0x000001f980270000, 0x000001f987450000]
CodeHeap 'non-nmethods': size=7488Kb used=1159Kb max_used=2906Kb free=6328Kb
 bounds [0x000001f987450000, 0x000001f987730000, 0x000001f987ba0000]
 total_blobs=1252 nmethods=815 adapters=350
 compilation: enabled
              stopped_count=0, restarted_count=0
 full_count=0

Compilation events (20 events):
Event: 9.065 Thread 0x000001f9e00c1800 nmethod 805 0x000001f98014e410 code [0x000001f98014e5c0, 0x000001f98014e818]
Event: 9.066 Thread 0x000001f9e001fc30 nmethod 806 0x000001f98014e910 code [0x000001f98014eae0, 0x000001f98014ef18]
Event: 9.482 Thread 0x000001f9e001ed70  808       4       java.util.HashMap::getNode (150 bytes)
Event: 9.489 Thread 0x000001f9e001ed70 nmethod 808 0x000001f987c25910 code [0x000001f987c25ac0, 0x000001f987c26168]
Event: 9.732 Thread 0x000001f9e001fc30  809       3       java.lang.invoke.Invokers$Holder::linkToTargetMethod (9 bytes)
Event: 9.732 Thread 0x000001f9e001fc30 nmethod 809 0x000001f98014f190 code [0x000001f98014f340, 0x000001f98014f658]
Event: 9.748 Thread 0x000001f9e001fc30  810       3       java.lang.invoke.LambdaForm$MH/0x000001f99c019400::invoke (75 bytes)
Event: 9.749 Thread 0x000001f9e001fc30 nmethod 810 0x000001f98014f710 code [0x000001f98014f920, 0x000001f980150268]
Event: 9.749 Thread 0x000001f9e001fc30  811       3       java.lang.invoke.LambdaForm$MH/0x000001f99c019000::invoke (27 bytes)
Event: 9.749 Thread 0x000001f9e001fc30 nmethod 811 0x000001f980150510 code [0x000001f9801506c0, 0x000001f980150a78]
Event: 9.749 Thread 0x000001f9e001fc30  812       3       java.lang.invoke.DirectMethodHandle$Holder::invokeStatic (17 bytes)
Event: 9.749 Thread 0x000001f9e001fc30 nmethod 812 0x000001f980150b90 code [0x000001f980150d60, 0x000001f980151158]
Event: 9.749 Thread 0x000001f9e001fc30  813       3       java.lang.StringConcatHelper::mix (11 bytes)
Event: 9.749 Thread 0x000001f9e001fc30 nmethod 813 0x000001f980151290 code [0x000001f980151440, 0x000001f9801516b8]
Event: 9.749 Thread 0x000001f9e001fc30  814       3       java.lang.invoke.DirectMethodHandle$Holder::invokeStatic (14 bytes)
Event: 9.750 Thread 0x000001f9e001fc30 nmethod 814 0x000001f980151810 code [0x000001f9801519e0, 0x000001f980151e38]
Event: 9.750 Thread 0x000001f9e001fc30  815       3       java.lang.invoke.LambdaForm$MH/0x000001f99c018400::invoke (32 bytes)
Event: 9.750 Thread 0x000001f9e001fc30 nmethod 815 0x000001f980151f90 code [0x000001f980152160, 0x000001f980152638]
Event: 10.332 Thread 0x000001f9e001fc30  816       1       java.lang.Boolean::booleanValue (5 bytes)
Event: 10.332 Thread 0x000001f9e001fc30 nmethod 816 0x000001f987c26590 code [0x000001f987c26720, 0x000001f987c267f8]

GC Heap History (2 events):
Event: 0.587 GC heap before
{Heap before GC invocations=0 (full 0):
 garbage-first heap   total 258048K, used 22528K [0x0000000705a00000, 0x0000000800000000)
  region size 2048K, 11 young (22528K), 0 survivors (0K)
 Metaspace       used 1814K, committed 1920K, reserved 1114112K
  class space    used 144K, committed 192K, reserved 1048576K
}
Event: 0.591 GC heap after
{Heap after GC invocations=1 (full 0):
 garbage-first heap   total 258048K, used 1733K [0x0000000705a00000, 0x0000000800000000)
  region size 2048K, 1 young (2048K), 1 survivors (2048K)
 Metaspace       used 1814K, committed 1920K, reserved 1114112K
  class space    used 144K, committed 192K, reserved 1048576K
}

Dll operation events (20 events):
Event: 0.327 Loaded shared library C:\Program Files (x86)\Windows Kits\10\Redist\ucrt\DLLs\x64\api-ms-win-core-rtlsupport-l1-1-0.dll
Event: 0.335 Loaded shared library C:\Program Files (x86)\Windows Kits\10\Redist\ucrt\DLLs\x64\api-ms-win-core-processthreads-l1-1-1.dll
Event: 0.342 Loaded shared library C:\Program Files (x86)\Windows Kits\10\Redist\ucrt\DLLs\x64\api-ms-win-core-file-l1-2-0.dll
Event: 0.350 Loaded shared library C:\Program Files (x86)\Windows Kits\10\Redist\ucrt\DLLs\x64\api-ms-win-core-profile-l1-1-0.dll
Event: 0.358 Loaded shared library C:\Program Files (x86)\Windows Kits\10\Redist\ucrt\DLLs\x64\api-ms-win-core-memory-l1-1-0.dll
Event: 0.365 Loaded shared library C:\Program Files (x86)\Windows Kits\10\Redist\ucrt\DLLs\x64\api-ms-win-core-util-l1-1-0.dll
Event: 0.373 Loaded shared library C:\Program Files (x86)\Windows Kits\10\Redist\ucrt\DLLs\x64\api-ms-win-core-interlocked-l1-1-0.dll
Event: 0.381 Loaded shared library C:\Program Files (x86)\Windows Kits\10\Redist\ucrt\DLLs\x64\ucrtbase.dll
Event: 0.388 Loaded shared library C:\Users\luczu\.jdks\corretto-17.0.10\bin\vcruntime140.dll
Event: 0.395 Loaded shared library C:\Users\luczu\.jdks\corretto-17.0.10\bin\vcruntime140_1.dll
Event: 0.402 Loaded shared library C:\Users\luczu\.jdks\corretto-17.0.10\bin\msvcp140.dll
Event: 0.410 Loaded shared library C:\Windows\System32\msvcp140_1.dll
Event: 0.420 Loaded shared library C:\Windows\System32\concrt140.dll
Event: 0.428 Loaded shared library C:\Windows\System32\vcomp140.dll
Event: 0.442 Loaded shared library C:\Windows\System32\winmm.dll
Event: 0.447 Loaded shared library C:\Windows\System32\opengl32.dll
Event: 0.449 Loaded shared library C:\Windows\System32\user32.dll
Event: 0.450 Loaded shared library C:\Windows\System32\shell32.dll
Event: 0.451 Loaded shared library C:\Windows\System32\gdi32.dll
Event: 0.481 Loaded shared library C:\Users\luczu\.javacpp\cache\jaylib-4.5.0-0.jar\com\raylib\windows-x86_64\jniRaylib.dll

Deoptimization events (20 events):
Event: 0.467 Thread 0x000001f9f5659ef0 Uncommon trap: trap_request=0xffffffc6 fr.pc=0x000001f987bbbb70 relative=0x0000000000000610
Event: 0.467 Thread 0x000001f9f5659ef0 Uncommon trap: reason=bimorphic_or_optimized_type_check action=maybe_recompile pc=0x000001f987bbbb70 method=java.util.concurrent.ConcurrentHashMap.get(Ljava/lang/Object;)Ljava/lang/Object; @ 149 c2
Event: 0.468 Thread 0x000001f9f5659ef0 DEOPT PACKING pc=0x000001f987bbbb70 sp=0x000000e6b36fdb30
Event: 0.468 Thread 0x000001f9f5659ef0 DEOPT UNPACKING pc=0x000001f9874aa1a3 sp=0x000000e6b36fdad0 mode 2
Event: 0.468 Thread 0x000001f9f5659ef0 Uncommon trap: trap_request=0xffffffc6 fr.pc=0x000001f987bbbb70 relative=0x0000000000000610
Event: 0.468 Thread 0x000001f9f5659ef0 Uncommon trap: reason=bimorphic_or_optimized_type_check action=maybe_recompile pc=0x000001f987bbbb70 method=java.util.concurrent.ConcurrentHashMap.get(Ljava/lang/Object;)Ljava/lang/Object; @ 149 c2
Event: 0.469 Thread 0x000001f9f5659ef0 DEOPT PACKING pc=0x000001f987bbbb70 sp=0x000000e6b36fdb30
Event: 0.469 Thread 0x000001f9f5659ef0 DEOPT UNPACKING pc=0x000001f9874aa1a3 sp=0x000000e6b36fdad0 mode 2
Event: 0.469 Thread 0x000001f9f5659ef0 Uncommon trap: trap_request=0xffffffc6 fr.pc=0x000001f987bbbb70 relative=0x0000000000000610
Event: 0.469 Thread 0x000001f9f5659ef0 Uncommon trap: reason=bimorphic_or_optimized_type_check action=maybe_recompile pc=0x000001f987bbbb70 method=java.util.concurrent.ConcurrentHashMap.get(Ljava/lang/Object;)Ljava/lang/Object; @ 149 c2
Event: 0.469 Thread 0x000001f9f5659ef0 DEOPT PACKING pc=0x000001f987bbbb70 sp=0x000000e6b36fdb30
Event: 0.469 Thread 0x000001f9f5659ef0 DEOPT UNPACKING pc=0x000001f9874aa1a3 sp=0x000000e6b36fdad0 mode 2
Event: 0.470 Thread 0x000001f9f5659ef0 Uncommon trap: trap_request=0xffffffc6 fr.pc=0x000001f987bbbb70 relative=0x0000000000000610
Event: 0.470 Thread 0x000001f9f5659ef0 Uncommon trap: reason=bimorphic_or_optimized_type_check action=maybe_recompile pc=0x000001f987bbbb70 method=java.util.concurrent.ConcurrentHashMap.get(Ljava/lang/Object;)Ljava/lang/Object; @ 149 c2
Event: 0.470 Thread 0x000001f9f5659ef0 DEOPT PACKING pc=0x000001f987bbbb70 sp=0x000000e6b36fdb30
Event: 0.470 Thread 0x000001f9f5659ef0 DEOPT UNPACKING pc=0x000001f9874aa1a3 sp=0x000000e6b36fdad0 mode 2
Event: 0.592 Thread 0x000001f9f5659ef0 Uncommon trap: trap_request=0xffffff45 fr.pc=0x000001f987bd1960 relative=0x00000000000000e0
Event: 0.592 Thread 0x000001f9f5659ef0 Uncommon trap: reason=unstable_if action=reinterpret pc=0x000001f987bd1960 method=java.lang.ref.SoftReference.get()Ljava/lang/Object; @ 17 c2
Event: 0.592 Thread 0x000001f9f5659ef0 DEOPT PACKING pc=0x000001f987bd1960 sp=0x000000e6b36fca90
Event: 0.592 Thread 0x000001f9f5659ef0 DEOPT UNPACKING pc=0x000001f9874aa1a3 sp=0x000000e6b36fca48 mode 2

Classes unloaded (0 events):
No events

Classes redefined (0 events):
No events

Internal exceptions (7 events):
Event: 0.084 Thread 0x000001f9f5659ef0 Exception <a 'java/lang/NoSuchMethodError'{0x00000007152f5f70}: 'int java.lang.invoke.DirectMethodHandle$Holder.invokeStaticInit(java.lang.Object, java.lang.Object, java.lang.Object, java.lang.Object)'> (0x00000007152f5f70) 
thrown [s\src\hotspot\share\interpreter\linkResolver.cpp, line 759]
Event: 0.085 Thread 0x000001f9f5659ef0 Exception <a 'java/lang/NoSuchMethodError'{0x0000000715300c80}: 'java.lang.Object java.lang.invoke.DirectMethodHandle$Holder.invokeInterface(java.lang.Object, java.lang.Object)'> (0x0000000715300c80) 
thrown [s\src\hotspot\share\interpreter\linkResolver.cpp, line 759]
Event: 0.087 Thread 0x000001f9f5659ef0 Exception <a 'java/lang/IncompatibleClassChangeError'{0x0000000715304398}: Found class java.lang.Object, but interface was expected> (0x0000000715304398) 
thrown [s\src\hotspot\share\interpreter\linkResolver.cpp, line 826]
Event: 0.088 Thread 0x000001f9f5659ef0 Exception <a 'java/lang/NoSuchMethodError'{0x0000000715307540}: 'void java.lang.invoke.DirectMethodHandle$Holder.invokeStatic(java.lang.Object, java.lang.Object)'> (0x0000000715307540) 
thrown [s\src\hotspot\share\interpreter\linkResolver.cpp, line 759]
Event: 0.088 Thread 0x000001f9f5659ef0 Exception <a 'java/lang/NoSuchMethodError'{0x000000071530abb0}: 'void java.lang.invoke.DirectMethodHandle$Holder.invokeStaticInit(java.lang.Object, java.lang.Object)'> (0x000000071530abb0) 
thrown [s\src\hotspot\share\interpreter\linkResolver.cpp, line 759]
Event: 0.090 Thread 0x000001f9f5659ef0 Exception <a 'java/lang/NoSuchMethodError'{0x0000000715311258}: 'int java.lang.invoke.DirectMethodHandle$Holder.invokeStaticInit(java.lang.Object, java.lang.Object)'> (0x0000000715311258) 
thrown [s\src\hotspot\share\interpreter\linkResolver.cpp, line 759]
Event: 0.476 Thread 0x000001f9f5659ef0 Exception <a 'java/lang/NoSuchMethodError'{0x00000007141655c8}: 'java.lang.Object java.lang.invoke.DirectMethodHandle$Holder.invokeStatic(java.lang.Object, int, java.lang.Object)'> (0x00000007141655c8) 
thrown [s\src\hotspot\share\interpreter\linkResolver.cpp, line 759]

VM Operations (12 events):
Event: 0.064 Executing VM operation: HandshakeAllThreads
Event: 0.064 Executing VM operation: HandshakeAllThreads done
Event: 0.133 Executing VM operation: HandshakeAllThreads
Event: 0.133 Executing VM operation: HandshakeAllThreads done
Event: 0.580 Executing VM operation: G1CollectForAllocation
Event: 0.591 Executing VM operation: G1CollectForAllocation done
Event: 1.597 Executing VM operation: Cleanup
Event: 1.597 Executing VM operation: Cleanup done
Event: 8.601 Executing VM operation: Cleanup
Event: 8.601 Executing VM operation: Cleanup done
Event: 9.601 Executing VM operation: Cleanup
Event: 9.601 Executing VM operation: Cleanup done

Events (20 events):
Event: 0.472 loading class java/time/zone/ZoneOffsetTransitionRule$TimeDefinition
Event: 0.472 loading class java/time/zone/ZoneOffsetTransitionRule$TimeDefinition done
Event: 0.473 loading class java/time/zone/ZoneOffsetTransition
Event: 0.473 loading class java/time/zone/ZoneOffsetTransition done
Event: 0.474 loading class java/time/temporal/TemporalAdjusters
Event: 0.474 loading class java/time/temporal/TemporalAdjusters done
Event: 0.479 loading class java/time/zone/ZoneOffsetTransitionRule$1
Event: 0.479 loading class java/time/zone/ZoneOffsetTransitionRule$1 done
Event: 0.479 loading class java/util/concurrent/TimeUnit$1
Event: 0.479 loading class java/util/concurrent/TimeUnit$1 done
Event: 0.557 loading class java/lang/NumberFormatException
Event: 0.557 loading class java/lang/NumberFormatException done
Event: 0.559 Thread 0x000001f9e0bc7a80 Thread added: 0x000001f9e0bc7a80
Event: 1.239 Thread 0x000001f9e19961f0 Thread exited: 0x000001f9e19961f0
Event: 1.239 Thread 0x000001f9e1cf7850 Thread exited: 0x000001f9e1cf7850
Event: 1.239 Thread 0x000001f9e03a7790 Thread exited: 0x000001f9e03a7790
Event: 1.239 Thread 0x000001f9e03a24e0 Thread exited: 0x000001f9e03a24e0
Event: 1.766 Thread 0x000001f99af495c0 Thread exited: 0x000001f99af495c0
Event: 8.950 Thread 0x000001f9e0119230 Thread exited: 0x000001f9e0119230
Event: 9.732 Thread 0x000001f9e00c1800 Thread exited: 0x000001f9e00c1800


Dynamic libraries:
0x00007ff68c020000 - 0x00007ff68c02e000 	C:\Users\luczu\.jdks\corretto-17.0.10\bin\java.exe
0x00007ffff0ef0000 - 0x00007ffff1107000 	C:\WINDOWS\SYSTEM32\ntdll.dll
0x00007fffeefc0000 - 0x00007fffef084000 	C:\WINDOWS\System32\KERNEL32.DLL
0x00007fffee570000 - 0x00007fffee916000 	C:\WINDOWS\System32\KERNELBASE.dll
0x00007fffee980000 - 0x00007fffeea91000 	C:\WINDOWS\System32\ucrtbase.dll
0x00007fff1a050000 - 0x00007fff1a06b000 	C:\Users\luczu\.jdks\corretto-17.0.10\bin\VCRUNTIME140.dll
0x00007fff50850000 - 0x00007fff50867000 	C:\Users\luczu\.jdks\corretto-17.0.10\bin\jli.dll
0x00007fffeedf0000 - 0x00007fffeef9e000 	C:\WINDOWS\System32\USER32.dll
0x00007fffee950000 - 0x00007fffee976000 	C:\WINDOWS\System32\win32u.dll
0x00007fffef5e0000 - 0x00007fffef609000 	C:\WINDOWS\System32\GDI32.dll
0x00007fffcbbc0000 - 0x00007fffcbe53000 	C:\WINDOWS\WinSxS\amd64_microsoft.windows.common-controls_6595b64144ccf1df_6.0.22621.2506_none_270c5ae97388e100\COMCTL32.dll
0x00007fffeeb20000 - 0x00007fffeec38000 	C:\WINDOWS\System32\gdi32full.dll
0x00007fffef370000 - 0x00007fffef417000 	C:\WINDOWS\System32\msvcrt.dll
0x00007fffee360000 - 0x00007fffee3fa000 	C:\WINDOWS\System32\msvcp_win.dll
0x00007fffefe30000 - 0x00007fffefe61000 	C:\WINDOWS\System32\IMM32.DLL
0x00007fff732e0000 - 0x00007fff732ec000 	C:\Users\luczu\.jdks\corretto-17.0.10\bin\vcruntime140_1.dll
0x00007fff18d00000 - 0x00007fff18d8d000 	C:\Users\luczu\.jdks\corretto-17.0.10\bin\msvcp140.dll
0x00007fff15c80000 - 0x00007fff168e2000 	C:\Users\luczu\.jdks\corretto-17.0.10\bin\server\jvm.dll
0x00007fffef9a0000 - 0x00007fffefa53000 	C:\WINDOWS\System32\ADVAPI32.dll
0x00007fffefd80000 - 0x00007fffefe28000 	C:\WINDOWS\System32\sechost.dll
0x00007fffee920000 - 0x00007fffee948000 	C:\WINDOWS\System32\bcrypt.dll
0x00007fffef250000 - 0x00007fffef367000 	C:\WINDOWS\System32\RPCRT4.dll
0x00007fffed0c0000 - 0x00007fffed10d000 	C:\WINDOWS\SYSTEM32\POWRPROF.dll
0x00007fffe5500000 - 0x00007fffe5509000 	C:\WINDOWS\SYSTEM32\WSOCK32.dll
0x00007fffe3fe0000 - 0x00007fffe3fea000 	C:\WINDOWS\SYSTEM32\VERSION.dll
0x00007fffefe70000 - 0x00007fffefee1000 	C:\WINDOWS\System32\WS2_32.dll
0x00007fffe3270000 - 0x00007fffe32a4000 	C:\WINDOWS\SYSTEM32\WINMM.dll
0x00007fffed0a0000 - 0x00007fffed0b3000 	C:\WINDOWS\SYSTEM32\UMPDC.dll
0x00007fffed360000 - 0x00007fffed378000 	C:\WINDOWS\SYSTEM32\kernel.appcore.dll
0x00007fff6d340000 - 0x00007fff6d34a000 	C:\Users\luczu\.jdks\corretto-17.0.10\bin\jimage.dll
0x00007fffeb8b0000 - 0x00007fffebae3000 	C:\WINDOWS\SYSTEM32\DBGHELP.DLL
0x00007fffef610000 - 0x00007fffef999000 	C:\WINDOWS\System32\combase.dll
0x00007fffefb30000 - 0x00007fffefc07000 	C:\WINDOWS\System32\OLEAUT32.dll
0x00007fffd17f0000 - 0x00007fffd1822000 	C:\WINDOWS\SYSTEM32\dbgcore.DLL
0x00007fffeeaa0000 - 0x00007fffeeb1a000 	C:\WINDOWS\System32\bcryptPrimitives.dll
0x00007fff18cd0000 - 0x00007fff18cf5000 	C:\Users\luczu\.jdks\corretto-17.0.10\bin\java.dll
0x00007fff15ba0000 - 0x00007fff15c77000 	C:\Users\luczu\.jdks\corretto-17.0.10\bin\jsvml.dll
0x00007ffff0510000 - 0x00007ffff0d6b000 	C:\WINDOWS\System32\SHELL32.dll
0x00007fffec150000 - 0x00007fffeca46000 	C:\WINDOWS\SYSTEM32\windows.storage.dll
0x00007fffec010000 - 0x00007fffec14e000 	C:\WINDOWS\SYSTEM32\wintypes.dll
0x00007fffef090000 - 0x00007fffef183000 	C:\WINDOWS\System32\SHCORE.dll
0x00007fffef1f0000 - 0x00007fffef24e000 	C:\WINDOWS\System32\shlwapi.dll
0x00007fffee160000 - 0x00007fffee186000 	C:\WINDOWS\SYSTEM32\profapi.dll
0x00007fff159b0000 - 0x00007fff159c9000 	C:\Users\luczu\.jdks\corretto-17.0.10\bin\net.dll
0x00007fffe48f0000 - 0x00007fffe4a27000 	C:\WINDOWS\SYSTEM32\WINHTTP.dll
0x00007fffed7e0000 - 0x00007fffed849000 	C:\WINDOWS\system32\mswsock.dll
0x00007fff15990000 - 0x00007fff159a6000 	C:\Users\luczu\.jdks\corretto-17.0.10\bin\nio.dll
0x00007fff18cb0000 - 0x00007fff18cc8000 	C:\Users\luczu\.jdks\corretto-17.0.10\bin\zip.dll
0x000001f99afa0000 - 0x000001f99afa3000 	C:\Program Files (x86)\Windows Kits\10\Redist\ucrt\DLLs\x64\api-ms-win-crt-locale-l1-1-0.dll
0x000001f99afb0000 - 0x000001f99afb4000 	C:\Program Files (x86)\Windows Kits\10\Redist\ucrt\DLLs\x64\api-ms-win-crt-string-l1-1-0.dll
0x000001f99afc0000 - 0x000001f99afc4000 	C:\Program Files (x86)\Windows Kits\10\Redist\ucrt\DLLs\x64\api-ms-win-crt-stdio-l1-1-0.dll
0x000001f99afd0000 - 0x000001f99afd5000 	C:\Program Files (x86)\Windows Kits\10\Redist\ucrt\DLLs\x64\api-ms-win-crt-math-l1-1-0.dll
0x000001f99afe0000 - 0x000001f99afe3000 	C:\Program Files (x86)\Windows Kits\10\Redist\ucrt\DLLs\x64\api-ms-win-crt-heap-l1-1-0.dll
0x000001f99aff0000 - 0x000001f99aff4000 	C:\Program Files (x86)\Windows Kits\10\Redist\ucrt\DLLs\x64\api-ms-win-crt-runtime-l1-1-0.dll
0x000001f9e0d30000 - 0x000001f9e0d34000 	C:\Program Files (x86)\Windows Kits\10\Redist\ucrt\DLLs\x64\api-ms-win-crt-convert-l1-1-0.dll
0x000001f9e0d40000 - 0x000001f9e0d43000 	C:\Program Files (x86)\Windows Kits\10\Redist\ucrt\DLLs\x64\api-ms-win-crt-environment-l1-1-0.dll
0x000001f9e0d50000 - 0x000001f9e0d53000 	C:\Program Files (x86)\Windows Kits\10\Redist\ucrt\DLLs\x64\api-ms-win-crt-time-l1-1-0.dll
0x000001f9e0d60000 - 0x000001f9e0d63000 	C:\Program Files (x86)\Windows Kits\10\Redist\ucrt\DLLs\x64\api-ms-win-crt-filesystem-l1-1-0.dll
0x000001f9e0d70000 - 0x000001f9e0d73000 	C:\Program Files (x86)\Windows Kits\10\Redist\ucrt\DLLs\x64\api-ms-win-crt-utility-l1-1-0.dll
0x000001f9e0d80000 - 0x000001f9e0d85000 	C:\Program Files (x86)\Windows Kits\10\Redist\ucrt\DLLs\x64\api-ms-win-crt-multibyte-l1-1-0.dll
0x000001f9e0d90000 - 0x000001f9e0d93000 	C:\Program Files (x86)\Windows Kits\10\Redist\ucrt\DLLs\x64\api-ms-win-crt-conio-l1-1-0.dll
0x000001f9e0da0000 - 0x000001f9e0daf000 	C:\Program Files (x86)\Windows Kits\10\Redist\ucrt\DLLs\x64\api-ms-win-crt-private-l1-1-0.dll
0x000001f9e0db0000 - 0x000001f9e0db3000 	C:\Program Files (x86)\Windows Kits\10\Redist\ucrt\DLLs\x64\api-ms-win-crt-process-l1-1-0.dll
0x000001f9e0dc0000 - 0x000001f9e0dc3000 	C:\Program Files\Microsoft\jdk-11.0.12.7-hotspot\bin\api-ms-win-core-console-l1-2-0.dll
0x000001f9e0dd0000 - 0x000001f9e0dd3000 	C:\Program Files (x86)\Windows Kits\10\Redist\ucrt\DLLs\x64\api-ms-win-core-string-l1-1-0.dll
0x000001f9e0de0000 - 0x000001f9e0de3000 	C:\Program Files (x86)\Windows Kits\10\Redist\ucrt\DLLs\x64\api-ms-win-core-errorhandling-l1-1-0.dll
0x000001f9e0df0000 - 0x000001f9e0df3000 	C:\Program Files (x86)\Windows Kits\10\Redist\ucrt\DLLs\x64\api-ms-win-core-timezone-l1-1-0.dll
0x000001f9e0e00000 - 0x000001f9e0e04000 	C:\Program Files (x86)\Windows Kits\10\Redist\ucrt\DLLs\x64\api-ms-win-core-file-l1-1-0.dll
0x000001f9e0e10000 - 0x000001f9e0e13000 	C:\Program Files (x86)\Windows Kits\10\Redist\ucrt\DLLs\x64\api-ms-win-core-namedpipe-l1-1-0.dll
0x000001f9e0e20000 - 0x000001f9e0e23000 	C:\Program Files (x86)\Windows Kits\10\Redist\ucrt\DLLs\x64\api-ms-win-core-handle-l1-1-0.dll
0x000001f9e0e30000 - 0x000001f9e0e33000 	C:\Program Files (x86)\Windows Kits\10\Redist\ucrt\DLLs\x64\api-ms-win-core-file-l2-1-0.dll
0x000001f9e0e40000 - 0x000001f9e0e43000 	C:\Program Files (x86)\Windows Kits\10\Redist\ucrt\DLLs\x64\api-ms-win-core-heap-l1-1-0.dll
0x000001f9e0e50000 - 0x000001f9e0e53000 	C:\Program Files (x86)\Windows Kits\10\Redist\ucrt\DLLs\x64\api-ms-win-core-libraryloader-l1-1-0.dll
0x000001f9e0e60000 - 0x000001f9e0e63000 	C:\Program Files (x86)\Windows Kits\10\Redist\ucrt\DLLs\x64\api-ms-win-core-synch-l1-1-0.dll
0x000001f9e0e70000 - 0x000001f9e0e73000 	C:\Program Files (x86)\Windows Kits\10\Redist\ucrt\DLLs\x64\api-ms-win-core-processthreads-l1-1-0.dll
0x000001f9e0e80000 - 0x000001f9e0e83000 	C:\Program Files (x86)\Windows Kits\10\Redist\ucrt\DLLs\x64\api-ms-win-core-processenvironment-l1-1-0.dll
0x000001f9e0e90000 - 0x000001f9e0e93000 	C:\Program Files (x86)\Windows Kits\10\Redist\ucrt\DLLs\x64\api-ms-win-core-datetime-l1-1-0.dll
0x000001f9e0ea0000 - 0x000001f9e0ea3000 	C:\Program Files (x86)\Windows Kits\10\Redist\ucrt\DLLs\x64\api-ms-win-core-localization-l1-2-0.dll
0x000001f9e0eb0000 - 0x000001f9e0eb3000 	C:\Program Files (x86)\Windows Kits\10\Redist\ucrt\DLLs\x64\api-ms-win-core-sysinfo-l1-1-0.dll
0x000001f9e0ec0000 - 0x000001f9e0ec3000 	C:\Program Files (x86)\Windows Kits\10\Redist\ucrt\DLLs\x64\api-ms-win-core-synch-l1-2-0.dll
0x000001f9e0ed0000 - 0x000001f9e0ed3000 	C:\Program Files (x86)\Windows Kits\10\Redist\ucrt\DLLs\x64\api-ms-win-core-console-l1-1-0.dll
0x000001f9e1eb0000 - 0x000001f9e1eb3000 	C:\Program Files (x86)\Windows Kits\10\Redist\ucrt\DLLs\x64\api-ms-win-core-debug-l1-1-0.dll
0x000001f9e1ec0000 - 0x000001f9e1ec3000 	C:\Program Files (x86)\Windows Kits\10\Redist\ucrt\DLLs\x64\api-ms-win-core-rtlsupport-l1-1-0.dll
0x000001f9e1ed0000 - 0x000001f9e1ed3000 	C:\Program Files (x86)\Windows Kits\10\Redist\ucrt\DLLs\x64\api-ms-win-core-processthreads-l1-1-1.dll
0x000001f9e1ee0000 - 0x000001f9e1ee3000 	C:\Program Files (x86)\Windows Kits\10\Redist\ucrt\DLLs\x64\api-ms-win-core-file-l1-2-0.dll
0x000001f9e1ef0000 - 0x000001f9e1ef3000 	C:\Program Files (x86)\Windows Kits\10\Redist\ucrt\DLLs\x64\api-ms-win-core-profile-l1-1-0.dll
0x000001f9e1f00000 - 0x000001f9e1f03000 	C:\Program Files (x86)\Windows Kits\10\Redist\ucrt\DLLs\x64\api-ms-win-core-memory-l1-1-0.dll
0x000001f9e1f10000 - 0x000001f9e1f13000 	C:\Program Files (x86)\Windows Kits\10\Redist\ucrt\DLLs\x64\api-ms-win-core-util-l1-1-0.dll
0x000001f9e2ef0000 - 0x000001f9e2ef3000 	C:\Program Files (x86)\Windows Kits\10\Redist\ucrt\DLLs\x64\api-ms-win-core-interlocked-l1-1-0.dll
0x00007fff91fc0000 - 0x00007fff920b2000 	C:\Program Files (x86)\Windows Kits\10\Redist\ucrt\DLLs\x64\ucrtbase.dll
0x00007fffe6b10000 - 0x00007fffe6b19000 	C:\Windows\System32\msvcp140_1.dll
0x00007fffb2280000 - 0x00007fffb22ce000 	C:\Windows\System32\concrt140.dll
0x00007fffb96f0000 - 0x00007fffb9721000 	C:\Windows\System32\vcomp140.dll
0x00007fffc4ac0000 - 0x00007fffc4bc0000 	C:\Windows\System32\opengl32.dll
0x00007fffc4a90000 - 0x00007fffc4abd000 	C:\WINDOWS\SYSTEM32\GLU32.dll
0x00007fffeb470000 - 0x00007fffeb4a9000 	C:\WINDOWS\SYSTEM32\dxcore.dll
0x00007fff91da0000 - 0x00007fff91fbd000 	C:\Users\luczu\.javacpp\cache\jaylib-4.5.0-0.jar\com\raylib\windows-x86_64\jniRaylib.dll
0x00007fff4f880000 - 0x00007fff4f8c6000 	C:\WINDOWS\SYSTEM32\dinput8.dll
0x00007fffb7970000 - 0x00007fffb7981000 	C:\WINDOWS\SYSTEM32\xinput1_4.dll
0x00007fffedf20000 - 0x00007fffedf6e000 	C:\WINDOWS\SYSTEM32\cfgmgr32.dll
0x00007fffedef0000 - 0x00007fffedf1c000 	C:\WINDOWS\SYSTEM32\DEVOBJ.dll
0x00007fffeb5e0000 - 0x00007fffeb60b000 	C:\WINDOWS\SYSTEM32\dwmapi.dll
0x00007fffccb50000 - 0x00007fffccd5a000 	C:\WINDOWS\SYSTEM32\inputhost.dll
0x00007fffe8710000 - 0x00007fffe8844000 	C:\WINDOWS\SYSTEM32\CoreMessaging.dll
0x00007fffe8b80000 - 0x00007fffe8c2b000 	C:\WINDOWS\system32\uxtheme.dll
0x00007fffefc20000 - 0x00007fffefd71000 	C:\WINDOWS\System32\MSCTF.dll
0x00007fffeda50000 - 0x00007fffeda5c000 	C:\WINDOWS\SYSTEM32\CRYPTBASE.DLL
0x00007fffeca50000 - 0x00007fffeca5e000 	C:\WINDOWS\SYSTEM32\HID.DLL
0x00007fffefef0000 - 0x00007ffff0364000 	C:\WINDOWS\System32\SETUPAPI.DLL
0x00007fffee230000 - 0x00007fffee29b000 	C:\WINDOWS\System32\WINTRUST.dll
0x00007fffee400000 - 0x00007fffee566000 	C:\WINDOWS\System32\CRYPT32.dll
0x00007fffeded0000 - 0x00007fffedee2000 	C:\WINDOWS\SYSTEM32\MSASN1.dll
0x00007fffe5a30000 - 0x00007fffe5a7a000 	C:\WINDOWS\SYSTEM32\directxdatabasehelper.dll
0x00007ffff0400000 - 0x00007ffff04b0000 	C:\WINDOWS\System32\clbcatq.dll
0x00007ffed0690000 - 0x00007ffed3280000 	C:\WINDOWS\System32\DriverStore\FileRepository\nvhm.inf_amd64_28ac5867493a0477\nvoglv64.dll
0x00007fffeec40000 - 0x00007fffeede0000 	C:\WINDOWS\System32\ole32.dll
0x00007fffed110000 - 0x00007fffed124000 	C:\WINDOWS\SYSTEM32\WTSAPI32.dll
0x00007fffd5790000 - 0x00007fffd57c2000 	C:\WINDOWS\SYSTEM32\cryptnet.dll
0x00007fffd57d0000 - 0x00007fffd5928000 	C:\WINDOWS\SYSTEM32\drvstore.dll
0x00007fffedae0000 - 0x00007fffedb2b000 	C:\WINDOWS\SYSTEM32\wldp.dll
0x00007ffff0d80000 - 0x00007ffff0d9f000 	C:\WINDOWS\System32\imagehlp.dll
0x00007fffeda30000 - 0x00007fffeda4b000 	C:\WINDOWS\SYSTEM32\CRYPTSP.dll
0x00007fffed2c0000 - 0x00007fffed2f5000 	C:\WINDOWS\system32\rsaenh.dll
0x00007fffed870000 - 0x00007fffed896000 	C:\WINDOWS\SYSTEM32\gpapi.dll
0x00007fffa3110000 - 0x00007fffa52fb000 	C:\WINDOWS\System32\DriverStore\FileRepository\nvhm.inf_amd64_28ac5867493a0477\nvgpucomp64.dll
0x00007fffed380000 - 0x00007fffed3b4000 	C:\WINDOWS\SYSTEM32\ntmarta.dll
0x00007fff5d720000 - 0x00007fff5d9e3000 	C:\WINDOWS\system32\nvspcap64.dll
0x00007fffeccb0000 - 0x00007fffecd16000 	C:\WINDOWS\SYSTEM32\WINSTA.dll

dbghelp: loaded successfully - version: 4.0.5 - missing functions: none
symbol engine: initialized successfully - sym options: 0x614 - pdb path: .;C:\Users\luczu\.jdks\corretto-17.0.10\bin;C:\WINDOWS\SYSTEM32;C:\WINDOWS\WinSxS\amd64_microsoft.windows.common-controls_6595b64144ccf1df_6.0.22621.2506_none_270c5ae97388e100;C:\Users\luczu\.jdks\corretto-17.0.10\bin\server;C:\Program Files (x86)\Windows Kits\10\Redist\ucrt\DLLs\x64;C:\Program Files\Microsoft\jdk-11.0.12.7-hotspot\bin;C:\Users\luczu\.javacpp\cache\jaylib-4.5.0-0.jar\com\raylib\windows-x86_64;C:\WINDOWS\System32\DriverStore\FileRepository\nvhm.inf_amd64_28ac5867493a0477;C:\WINDOWS\System32\DriverStore\FileRepository\iigd_dch.inf_amd64_0fdf6ce291234272;C:\WINDOWS\System32\DriverStore\FileRepository\nvhm.inf_amd64_28ac5867493a0477\Display.NvContainer

VM Arguments:
jvm_args: -Dfile.encoding=windows-1252 -Duser.country=NL -Duser.language=nl -Duser.variant 
java_command: PineVille.MenuScene
java_class_path (initial): C:\Users\luczu\OneDrive\Documenten\PineVille\build\classes\java\main;C:\Users\luczu\OneDrive\Documenten\PineVille\build\resources\main;C:\Users\luczu\.gradle\caches\modules-2\files-2.1\uk.co.electronstudio.jaylib\jaylib\4.5.0-0\90c0d608df9bbd32f5f34683acc58cb433e94508\jaylib-4.5.0-0.jar
Launcher Type: SUN_STANDARD

[Global flags]
     intx CICompilerCount                          = 12                                        {product} {ergonomic}
     uint ConcGCThreads                            = 3                                         {product} {ergonomic}
     uint G1ConcRefinementThreads                  = 13                                        {product} {ergonomic}
   size_t G1HeapRegionSize                         = 2097152                                   {product} {ergonomic}
    uintx GCDrainStackTargetSize                   = 64                                        {product} {ergonomic}
   size_t InitialHeapSize                          = 264241152                                 {product} {ergonomic}
   size_t MarkStackSize                            = 4194304                                   {product} {ergonomic}
   size_t MaxHeapSize                              = 4200595456                                {product} {ergonomic}
   size_t MaxNewSize                               = 2518679552                                {product} {ergonomic}
   size_t MinHeapDeltaBytes                        = 2097152                                   {product} {ergonomic}
   size_t MinHeapSize                              = 8388608                                   {product} {ergonomic}
    uintx NonNMethodCodeHeapSize                   = 7602480                                {pd product} {ergonomic}
    uintx NonProfiledCodeHeapSize                  = 122027880                              {pd product} {ergonomic}
    uintx ProfiledCodeHeapSize                     = 122027880                              {pd product} {ergonomic}
    uintx ReservedCodeCacheSize                    = 251658240                              {pd product} {ergonomic}
     bool SegmentedCodeCache                       = true                                      {product} {ergonomic}
   size_t SoftMaxHeapSize                          = 4200595456                             {manageable} {ergonomic}
     bool UseCompressedClassPointers               = true                           {product lp64_product} {ergonomic}
     bool UseCompressedOops                        = true                           {product lp64_product} {ergonomic}
     bool UseG1GC                                  = true                                      {product} {ergonomic}
     bool UseLargePagesIndividualAllocation        = false                                  {pd product} {ergonomic}

Logging:
Log output configuration:
 #0: stdout all=warning uptime,level,tags
 #1: stderr all=off uptime,level,tags

Environment Variables:
PATH=C:\Program Files (x86)\Common Files\Intel\Shared Libraries\redist\intel64\compiler;C:\Program Files\Common Files\Oracle\Java\javapath;C:\Program Files\Microsoft\jdk-11.0.12.7-hotspot\bin;C:\windows\system32;C:\windows;C:\windows\System32\Wbem;C:\windows\System32\WindowsPowerShell\v1.0\;C:\windows\System32\OpenSSH\;C:\Program Files (x86)\NVIDIA Corporation\PhysX\Common;C:\Program Files\NVIDIA Corporation\NVIDIA NvDLISR;C:\Program Files\Microsoft SQL Server\150\Tools\Binn\;C:\Program Files\Microsoft SQL Server\Client SDK\ODBC\170\Tools\Binn\;C:\Program Files\dotnet\;C:\WINDOWS\system32;C:\WINDOWS;C:\WINDOWS\System32\Wbem;C:\WINDOWS\System32\WindowsPowerShell\v1.0\;C:\WINDOWS\System32\OpenSSH\;C:\Program Files\CMake\bin;C:\Program Files\Git\cmd;C:\Users\luczu\AppData\Local\Microsoft\WindowsApps;C:\Users\luczu\.dotnet\tools;C:\Users\luczu\AppData\Local\GitHubDesktop\bin;;C:\Users\luczu\AppData\Local\Programs\Microsoft VS Code\bin
USERNAME=luczu
OS=Windows_NT
PROCESSOR_IDENTIFIER=Intel64 Family 6 Model 141 Stepping 1, GenuineIntel
TMP=C:\Users\luczu\AppData\Local\Temp
TEMP=C:\Users\luczu\AppData\Local\Temp



Periodic native trim disabled


---------------  S Y S T E M  ---------------

OS:
 Windows 11 , 64 bit Build 22621 (10.0.22621.3085)
OS uptime: 0 days 1:19 hours
Hyper-V role detected

CPU: total 16 (initial active 16) (8 cores per cpu, 2 threads per core) family 6 model 141 stepping 1 microcode 0x4e, cx8, cmov, fxsr, ht, mmx, 3dnowpref, sse, sse2, sse3, ssse3, sse4.1, sse4.2, popcnt, lzcnt, tsc, tscinvbit, avx, avx2, aes, erms, clmul, bmi1, bmi2, adx, avx512f, avx512dq, avx512cd, avx512bw, avx512vl, sha, fma, vzeroupper, avx512_vpopcntdq, avx512_vpclmulqdq, avx512_vaes, avx512_vnni, clflush, clflushopt, clwb, avx512_vbmi2, avx512_vbmi, hv
Processor Information for all 16 processors :
  Max Mhz: 2304, Current Mhz: 2304, Mhz Limit: 2304

Memory: 4k page, system-wide physical 16021M (2913M free)
TotalPageFile size 33429M (AvailPageFile size 12168M)
current process WorkingSet (physical memory assigned to process): 170M, peak: 204M
current process commit charge ("private bytes"): 646M, peak: 646M

vm_info: OpenJDK 64-Bit Server VM (17.0.10+7-LTS) for windows-amd64 JRE (17.0.10+7-LTS), built on Jan 10 2024 22:11:07 by "Administrator" with MS VC++ 16.10 / 16.11 (VS2019)

END.
