#
# A fatal error has been detected by the Java Runtime Environment:
#
#  EXCEPTION_ACCESS_VIOLATION (0xc0000005) at pc=0x00007fff0c5ff42b, pid=24040, tid=8148
#
# JRE version: OpenJDK Runtime Environment Corretto-17.0.10.7.1 (17.0.10+7) (build 17.0.10+7-LTS)
# Java VM: OpenJDK 64-Bit Server VM Corretto-17.0.10.7.1 (17.0.10+7-LTS, mixed mode, sharing, tiered, compressed oops, compressed class ptrs, g1 gc, windows-amd64)
# Problematic frame:
# C  [jniRaylib.dll+0xdf42b]
#
# No core dump will be written. Minidumps are not enabled by default on client versions of Windows
#
# If you would like to submit a bug report, please visit:
#   https://github.com/corretto/corretto-17/issues/
# The crash happened outside the Java Virtual Machine in native code.
# See problematic frame for where to report the bug.
#

---------------  S U M M A R Y ------------

Command Line: -Dfile.encoding=windows-1252 -Duser.country=NL -Duser.language=nl -Duser.variant PineVille.GameScene

Host: 11th Gen Intel(R) Core(TM) i7-11800H @ 2.30GHz, 16 cores, 15G,  Windows 11 , 64 bit Build 22621 (10.0.22621.3235)
Time: Mon Apr 15 14:00:12 2024 West-Europa (zomertijd) elapsed time: 35.155960 seconds (0d 0h 0m 35s)

---------------  T H R E A D  ---------------

Current thread (0x000002688c8a9eb0):  JavaThread "main" [_thread_in_native, id=8148, stack(0x0000008f1b000000,0x0000008f1b100000)]

Stack: [0x0000008f1b000000,0x0000008f1b100000],  sp=0x0000008f1b0ff300,  free space=1020k
Native frames: (J=compiled Java code, j=interpreted, Vv=VM code, C=native code)
C  [jniRaylib.dll+0xdf42b]

Java frames: (J=compiled Java code, j=interpreted, Vv=VM code)
J 904  com.raylib.Raylib.DrawTexturePro(Lcom/raylib/Raylib$Texture;Lcom/raylib/Raylib$Rectangle;Lcom/raylib/Raylib$Rectangle;Lcom/raylib/Raylib$Vector2;FLcom/raylib/Raylib$Color;)V (0 bytes) @ 0x000002689bffdbe2 [0x000002689bffdb20+0x00000000000000c2]
j  PineVille.GameScene.main([Ljava/lang/String;)V+631
v  ~StubRoutines::call_stub

siginfo: EXCEPTION_ACCESS_VIOLATION (0xc0000005), writing address 0x00000268f96c6fe0


Registers:
RAX=0x00000268f96c6fe0, RBX=0x0000008f1b0ff4a0, RCX=0x0000000000000000, RDX=0x00000268f962fec0
RSP=0x0000008f1b0ff300, RBP=0x0000008f1b0ff560, RSI=0x0000000000000005, RDI=0x0000008f1b0ff490
R8 =0x0000000000000000, R9 =0x0000000000000000, R10=0x00007ffe7eb8de20, R11=0x000000000000000c
R12=0x00000268f8d618a0, R13=0x0000000000000000, R14=0x00000268f79358d0, R15=0x00000268b0190c00
RIP=0x00007fff0c5ff42b, EFLAGS=0x0000000000010246


Register to memory mapping:

RIP=0x00007fff0c5ff42b jniRaylib.dll
RAX=0x00000268f96c6fe0 is an unknown value
RBX=0x0000008f1b0ff4a0 is pointing into the stack for thread: 0x000002688c8a9eb0
RCX=0x0 is NULL
RDX=0x00000268f962fec0 points into unknown readable memory: 0x00007fff00002000 | 00 20 00 00 ff 7f 00 00
RSP=0x0000008f1b0ff300 is pointing into the stack for thread: 0x000002688c8a9eb0
RBP=0x0000008f1b0ff560 is pointing into the stack for thread: 0x000002688c8a9eb0
RSI=0x0000000000000005 is an unknown value
RDI=0x0000008f1b0ff490 is pointing into the stack for thread: 0x000002688c8a9eb0
R8 =0x0 is NULL
R9 =0x0 is NULL
R10=0x00007ffe7eb8de20 jvm.dll
R11=0x000000000000000c is an unknown value
R12=0x00000268f8d618a0 points into unknown readable memory: 0x0000004000000005 | 05 00 00 00 40 00 00 00
R13=0x0 is NULL
R14=0x00000268f79358d0 points into unknown readable memory: 0x008fced5ffffffff | ff ff ff ff d5 ce 8f 00
R15=0x00000268b0190c00 points into unknown readable memory: 0x0000000000000000 | 00 00 00 00 00 00 00 00


Top of Stack: (sp=0x0000008f1b0ff300)
0x0000008f1b0ff300:   00000268f2404500 0000000000000000
0x0000008f1b0ff310:   0000c7f32fd498ca 00007fff0000000e
0x0000008f1b0ff320:   0000000043d40000 0000000000000000
0x0000008f1b0ff330:   0000000000000000 0000000000000000
0x0000008f1b0ff340:   0000000000000000 0000000000000000
0x0000008f1b0ff350:   0000008f1b0ff4a0 00007fff0c5c8749
0x0000008f1b0ff360:   0000008f1b0ff590 000002688c8a9eb0
0x0000008f1b0ff370:   00000268b02732f0 0000008f1b0ff3c0
0x0000008f1b0ff380:   4200000044c18000 4348000043d40000
0x0000008f1b0ff390:   000002680000000e 0000000000000000
0x0000008f1b0ff3a0:   0000000000000000 0000000000000000
0x0000008f1b0ff3b0:   0000000000000000 0000000000000000
0x0000008f1b0ff3c0:   0000000000000000 0000000000000000
0x0000008f1b0ff3d0:   0000000000000000 0000000000000000
0x0000008f1b0ff3e0:   0000000000000000 0000000000000000
0x0000008f1b0ff3f0:   0000000000000000 0000000000000000
0x0000008f1b0ff400:   0000000000000000 0000000000000000
0x0000008f1b0ff410:   0000000000000000 0000000000000000
0x0000008f1b0ff420:   0000000000000000 0000000000000000
0x0000008f1b0ff430:   0000000000000000 0000000000000000
0x0000008f1b0ff440:   00000268f64eb530 00000268f64eb6b0
0x0000008f1b0ff450:   000002688c8aa168 00007fff0c562213
0x0000008f1b0ff460:   0000008f44898000 0000008f1b0ff560
0x0000008f1b0ff470:   000002688c8aa168 00007fff0c54a8eb
0x0000008f1b0ff480:   0000008f00000000 00000000ffffffff
0x0000008f1b0ff490:   4348000044898000 4360000043e00000
0x0000008f1b0ff4a0:   0000000000000000 4200000042800000
0x0000008f1b0ff4b0:   0000004000000005 0000000100000020
0x0000008f1b0ff4c0:   0000026800000007 0000000000000000
0x0000008f1b0ff4d0:   000002688c8a9eb0 0000000000000000
0x0000008f1b0ff4e0:   0000000714ac5608 00000007154715b0
0x0000008f1b0ff4f0:   00000268f2426560 000002689bffdc82 

Instructions: (pc=0x00007fff0c5ff42b)
0x00007fff0c5ff32b:   fa 01 75 0b 84 54 c1 f4 75 54 8d 4a 02 eb 43 83
0x00007fff0c5ff33b:   fa 04 75 20 8b 4c c1 f4 b8 56 55 55 55 f7 e9 8b
0x00007fff0c5ff34b:   c2 c1 e8 1f 03 d0 8d 04 52 3b c8 75 31 b9 04 00
0x00007fff0c5ff35b:   00 00 eb 1e 83 fa 07 75 25 8b 44 c1 f4 25 03 00
0x00007fff0c5ff36b:   00 80 7d 07 ff c8 83 c8 fc ff c0 85 c0 75 0f 8d
0x00007fff0c5ff37b:   48 05 e8 7e a4 ff ff 4c 8b 05 27 2e 11 00 4d 63
0x00007fff0c5ff38b:   48 04 4d 8b 40 08 8b 05 41 2e 11 00 49 c1 e1 06
0x00007fff0c5ff39b:   8d 0c 40 4b 8b 44 01 08 48 63 d1 f3 0f 11 34 90
0x00007fff0c5ff3ab:   48 8b 05 fe 2d 11 00 4c 63 48 04 4c 8b 40 08 8b
0x00007fff0c5ff3bb:   05 18 2e 11 00 49 c1 e1 06 8d 0c 40 4b 8b 44 01
0x00007fff0c5ff3cb:   08 48 63 d1 f3 0f 11 7c 90 04 48 8b 05 d4 2d 11
0x00007fff0c5ff3db:   00 4c 63 48 04 4c 8b 40 08 8b 05 ee 2d 11 00 49
0x00007fff0c5ff3eb:   c1 e1 06 8d 0c 40 4b 8b 44 01 08 48 63 d1 f3 44
0x00007fff0c5ff3fb:   0f 11 44 90 08 48 8b 05 a9 2d 11 00 f3 0f 10 05
0x00007fff0c5ff40b:   cd 2d 11 00 4c 63 40 04 48 8b 50 08 8b 05 bb 2d
0x00007fff0c5ff41b:   11 00 03 c0 49 c1 e0 06 48 63 c8 49 8b 44 10 10
0x00007fff0c5ff42b:   f3 0f 11 04 88 48 8b 05 79 2d 11 00 f3 0f 10 05
0x00007fff0c5ff43b:   a1 2d 11 00 4c 63 40 04 48 8b 50 08 8b 05 8b 2d
0x00007fff0c5ff44b:   11 00 03 c0 49 c1 e0 06 48 63 c8 49 8b 44 10 10
0x00007fff0c5ff45b:   f3 0f 11 44 88 04 48 8b 05 48 2d 11 00 4c 63 40
0x00007fff0c5ff46b:   04 48 8b 48 08 8b 05 62 2d 11 00 49 c1 e0 06 8d
0x00007fff0c5ff47b:   04 85 00 00 00 00 49 8b 4c 08 18 48 63 d0 0f b6
0x00007fff0c5ff48b:   05 60 2d 11 00 88 04 0a 48 8b 05 16 2d 11 00 4c
0x00007fff0c5ff49b:   63 40 04 48 8b 48 08 8b 05 30 2d 11 00 49 c1 e0
0x00007fff0c5ff4ab:   06 8d 04 85 00 00 00 00 49 8b 4c 08 18 48 63 d0
0x00007fff0c5ff4bb:   0f b6 05 2f 2d 11 00 88 44 11 01 48 8b 05 e3 2c
0x00007fff0c5ff4cb:   11 00 4c 63 40 04 48 8b 48 08 8b 05 fd 2c 11 00
0x00007fff0c5ff4db:   49 c1 e0 06 8d 04 85 00 00 00 00 49 8b 4c 08 18
0x00007fff0c5ff4eb:   48 63 d0 0f b6 05 fd 2c 11 00 88 44 11 02 48 8b
0x00007fff0c5ff4fb:   05 b0 2c 11 00 4c 63 40 04 48 8b 48 08 8b 05 ca
0x00007fff0c5ff50b:   2c 11 00 49 c1 e0 06 49 8b 4c 08 18 8d 04 85 00
0x00007fff0c5ff51b:   00 00 00 0f 28 74 24 40 0f 28 7c 24 30 44 0f 28 


Stack slot to memory mapping:
stack at sp + 0 slots: 0x00000268f2404500 is pointing into metadata
stack at sp + 1 slots: 0x0 is NULL
stack at sp + 2 slots: 0x0000c7f32fd498ca is an unknown value
stack at sp + 3 slots: 0x00007fff0000000e is an unknown value
stack at sp + 4 slots: 0x0000000043d40000 is an unknown value
stack at sp + 5 slots: 0x0 is NULL
stack at sp + 6 slots: 0x0 is NULL
stack at sp + 7 slots: 0x0 is NULL


Compiled method (n/a)   35264  904     n 0       com.raylib.Raylib::DrawTexturePro (native)
 total in heap  [0x000002689bffd990,0x000002689bffddc0] = 1072
 relocation     [0x000002689bffdae8,0x000002689bffdb18] = 48
 main code      [0x000002689bffdb20,0x000002689bffddb8] = 664
 oops           [0x000002689bffddb8,0x000002689bffddc0] = 8

[Constant Pool (empty)]

[MachCode]
[Entry Point]
  # {method} {0x00000268f2426568} 'DrawTexturePro' '(Lcom/raylib/Raylib$Texture;Lcom/raylib/Raylib$Rectangle;Lcom/raylib/Raylib$Rectangle;Lcom/raylib/Raylib$Vector2;FLcom/raylib/Raylib$Color;)V' in 'com/raylib/Raylib'
  # parm0:    rdx:rdx   = 'com/raylib/Raylib$Texture'
  # parm1:    r8:r8     = 'com/raylib/Raylib$Rectangle'
  # parm2:    r9:r9     = 'com/raylib/Raylib$Rectangle'
  # parm3:    rdi:rdi   = 'com/raylib/Raylib$Vector2'
  # parm4:    xmm0      = float
  # parm5:    rsi:rsi   = 'com/raylib/Raylib$Color'
  #           [sp+0x90]  (sp of caller)
  0x000002689bffdb20: 448b 5208 | 49bb 0000 | 00b1 6802 | 0000 4d03 | d349 3bc2 | 0f84 0600 

  0x000002689bffdb38: ;   {runtime_call ic_miss_stub}
  0x000002689bffdb38: 0000 e941 | 3a86 ff90 
[Verified Entry Point]
  0x000002689bffdb40: 8984 2400 | 90ff ff55 | 488b ec48 | 81ec 8000 | 0000 4889 | 7424 6048 | 83fe 0048 | 8d44 2460 
  0x000002689bffdb60: 480f 4444 | 2460 4889 | 4424 38c5 | fa11 4424 | 3048 897c | 2458 4883 | ff00 488d | 4424 5848 
  0x000002689bffdb80: 0f44 4424 | 5848 8944 | 2428 4c89 | 4c24 5049 | 83f9 0048 | 8d44 2450 | 480f 4444 | 2450 4889 
  0x000002689bffdba0: 4424 204c | 8944 2448 | 4983 f800 | 4c8d 4c24 | 484c 0f44 | 4c24 4848 | 8954 2440 | 4883 fa00 
  0x000002689bffdbc0: 4c8d 4424 | 404c 0f44 

  0x000002689bffdbc8: ;   {oop(a 'java/lang/Class'{0x0000000713e00090} = 'com/raylib/Raylib')}
  0x000002689bffdbc8: 4424 4049 | be90 00e0 | 1307 0000 | 004c 8974 | 2470 4c8d | 7424 7049 | 8bd6 c5f8 

  0x000002689bffdbe4: ;   {internal_word}
  0x000002689bffdbe4: 7749 bae2 | dbff 9b68 | 0200 004d | 8997 a002 | 0000 4989 | a798 0200 

  0x000002689bffdbfc: ;   {external_word}
  0x000002689bffdbfc: 0049 ba79 | 35b7 7efe | 7f00 0041 | 803a 000f | 8452 0000 | 0052 4150 

  0x000002689bffdc14: ;   {metadata({method} {0x00000268f2426568} 'DrawTexturePro' '(Lcom/raylib/Raylib$Texture;Lcom/raylib/Raylib$Rectangle;Lcom/raylib/Raylib$Rectangle;Lcom/raylib/Raylib$Vector2;FLcom/raylib/Raylib$Color;)V' in 'com/raylib/Raylib')}
  0x000002689bffdc14: 4151 48ba | 6065 42f2 | 6802 0000 | 498b cf48 | 83ec 20f7 | c40f 0000 | 000f 841a | 0000 0048 
  0x000002689bffdc34: ;   {runtime_call}
  0x000002689bffdc34: 83ec 0849 | ba00 306d | 7efe 7f00 | 0041 ffd2 | 4883 c408 | e90d 0000 

  0x000002689bffdc4c: ;   {runtime_call}
  0x000002689bffdc4c: 0049 ba00 | 306d 7efe | 7f00 0041 | ffd2 4883 | c420 4159 | 4158 5a49 | 8d8f b802 | 0000 41c7 
  0x000002689bffdc6c: 8748 0300 | 0004 0000 

  0x000002689bffdc74: ;   {runtime_call}
  0x000002689bffdc74: 0049 ba10 | 2056 0cff | 7f00 0041 | ffd2 c5f8 | 7741 c787 | 4803 0000 | 0500 0000 | f083 4424 
  0x000002689bffdc94: c000 493b | af50 0300 | 000f 8711 | 0000 0041 | 81bf 3803 | 0000 0000 | 0000 0f84 | 2400 0000 
  0x000002689bffdcb4: c5f8 7749 | 8bcf 4c8b | e448 83ec | 2048 83e4 

  0x000002689bffdcc4: ;   {runtime_call}
  0x000002689bffdcc4: f049 ba90 | 447d 7efe | 7f00 0041 | ffd2 498b | e44d 33e4 | 41c7 8748 | 0300 0008 | 0000 0041 
  0x000002689bffdce4: 81bf b803 | 0000 0200 | 0000 0f84 | 9b00 0000 

  0x000002689bffdcf4: ;   {external_word}
  0x000002689bffdcf4: 49ba 7935 | b77e fe7f | 0000 4180 | 3a00 0f84 | 4800 0000 

  0x000002689bffdd08: ;   {metadata({method} {0x00000268f2426568} 'DrawTexturePro' '(Lcom/raylib/Raylib$Texture;Lcom/raylib/Raylib$Rectangle;Lcom/raylib/Raylib$Rectangle;Lcom/raylib/Raylib$Vector2;FLcom/raylib/Raylib$Color;)V' in 'com/raylib/Raylib')}
  0x000002689bffdd08: 48ba 6065 | 42f2 6802 | 0000 498b | cf48 83ec | 20f7 c40f | 0000 000f | 841a 0000 | 0048 83ec 
  0x000002689bffdd28: ;   {runtime_call}
  0x000002689bffdd28: 0849 ba00 | 306d 7efe | 7f00 0041 | ffd2 4883 | c408 e90d 

  0x000002689bffdd3c: ;   {runtime_call}
  0x000002689bffdd3c: 0000 0049 | ba00 306d | 7efe 7f00 | 0041 ffd2 | 4883 c420 | 49c7 8798 | 0200 0000 | 0000 0049 
  0x000002689bffdd5c: c787 a002 | 0000 0000 | 0000 c5f8 | 7749 8b8f | d800 0000 | c781 0001 | 0000 0000 | 0000 c949 
  0x000002689bffdd7c: 817f 0800 | 0000 000f | 8501 0000 

  0x000002689bffdd88: ;   {runtime_call StubRoutines (1)}
  0x000002689bffdd88: 00c3 e971 | 3181 ffc5 | f877 4c8b | e448 83ec | 2048 83e4 

  0x000002689bffdd9c: ;   {runtime_call}
  0x000002689bffdd9c: f049 ba80 | 606d 7efe | 7f00 0041 | ffd2 498b | e44d 33e4 | e93f ffff | fff4 f4f4 
[/MachCode]


---------------  P R O C E S S  ---------------

Threads class SMR info:
_java_thread_list=0x00000268f62414d0, length=13, elements={
0x000002688c8a9eb0, 0x00000268b00f3400, 0x00000268b00f3fc0, 0x00000268b0109e40,
0x00000268b010aa00, 0x00000268b010dae0, 0x00000268b01104b0, 0x00000268b0111660,
0x00000268b0112110, 0x00000268b0116f30, 0x00000268b0292ec0, 0x00000268b0295050,
0x00000268f8965f90
}

Java Threads: ( => current thread )
=>0x000002688c8a9eb0 JavaThread "main" [_thread_in_native, id=8148, stack(0x0000008f1b000000,0x0000008f1b100000)]
  0x00000268b00f3400 JavaThread "Reference Handler" daemon [_thread_blocked, id=11856, stack(0x0000008f1b700000,0x0000008f1b800000)]
  0x00000268b00f3fc0 JavaThread "Finalizer" daemon [_thread_blocked, id=5072, stack(0x0000008f1b800000,0x0000008f1b900000)]
  0x00000268b0109e40 JavaThread "Signal Dispatcher" daemon [_thread_blocked, id=5988, stack(0x0000008f1b900000,0x0000008f1ba00000)]
  0x00000268b010aa00 JavaThread "Attach Listener" daemon [_thread_blocked, id=21004, stack(0x0000008f1ba00000,0x0000008f1bb00000)]
  0x00000268b010dae0 JavaThread "Service Thread" daemon [_thread_blocked, id=21044, stack(0x0000008f1bb00000,0x0000008f1bc00000)]
  0x00000268b01104b0 JavaThread "Monitor Deflation Thread" daemon [_thread_blocked, id=28852, stack(0x0000008f1bc00000,0x0000008f1bd00000)]
  0x00000268b0111660 JavaThread "C2 CompilerThread0" daemon [_thread_blocked, id=19300, stack(0x0000008f1bd00000,0x0000008f1be00000)]
  0x00000268b0112110 JavaThread "C1 CompilerThread0" daemon [_thread_blocked, id=24204, stack(0x0000008f1be00000,0x0000008f1bf00000)]
  0x00000268b0116f30 JavaThread "Sweeper thread" daemon [_thread_blocked, id=30024, stack(0x0000008f1bf00000,0x0000008f1c000000)]
  0x00000268b0292ec0 JavaThread "Notification Thread" daemon [_thread_blocked, id=9548, stack(0x0000008f1c100000,0x0000008f1c200000)]
  0x00000268b0295050 JavaThread "Common-Cleaner" daemon [_thread_blocked, id=26116, stack(0x0000008f1c300000,0x0000008f1c400000)]
  0x00000268f8965f90 JavaThread "JavaCPP Deallocator" daemon [_thread_blocked, id=2712, stack(0x0000008f1ca00000,0x0000008f1cb00000)]

Other Threads:
  0x00000268b00eb480 VMThread "VM Thread" [stack: 0x0000008f1b600000,0x0000008f1b700000] [id=10176]
  0x00000268b02943e0 WatcherThread [stack: 0x0000008f1c200000,0x0000008f1c300000] [id=20632]
  0x000002688c916bd0 GCTaskThread "GC Thread#0" [stack: 0x0000008f1b100000,0x0000008f1b200000] [id=28044]
  0x00000268f731e970 GCTaskThread "GC Thread#1" [stack: 0x0000008f1cb00000,0x0000008f1cc00000] [id=11492]
  0x00000268f8572ed0 GCTaskThread "GC Thread#2" [stack: 0x0000008f1cc00000,0x0000008f1cd00000] [id=28076]
  0x00000268f71a1fd0 GCTaskThread "GC Thread#3" [stack: 0x0000008f1cd00000,0x0000008f1ce00000] [id=25396]
  0x00000268f8bb32f0 GCTaskThread "GC Thread#4" [stack: 0x0000008f1ce00000,0x0000008f1cf00000] [id=30256]
  0x00000268f98d79c0 GCTaskThread "GC Thread#5" [stack: 0x0000008f1cf00000,0x0000008f1d000000] [id=20688]
  0x000002688c927570 ConcurrentGCThread "G1 Main Marker" [stack: 0x0000008f1b200000,0x0000008f1b300000] [id=6920]
  0x000002688c927f90 ConcurrentGCThread "G1 Conc#0" [stack: 0x0000008f1b300000,0x0000008f1b400000] [id=9804]
  0x00000268affa7260 ConcurrentGCThread "G1 Refine#0" [stack: 0x0000008f1b400000,0x0000008f1b500000] [id=7548]
  0x00000268affa8bb0 ConcurrentGCThread "G1 Service" [stack: 0x0000008f1b500000,0x0000008f1b600000] [id=5760]

Threads with active compile tasks:

VM state: not at safepoint (normal execution)

VM Mutex/Monitor currently owned by a thread: None

Heap address: 0x0000000705a00000, size: 4006 MB, Compressed Oops mode: Zero based, Oop shift amount: 3

CDS archive(s) mapped at: [0x00000268b1000000-0x00000268b1bb0000-0x00000268b1bb0000), size 12255232, SharedBaseAddress: 0x00000268b1000000, ArchiveRelocationMode: 1.
Compressed class space mapped at: 0x00000268b2000000-0x00000268f2000000, reserved size: 1073741824
Narrow klass base: 0x00000268b1000000, Narrow klass shift: 0, Narrow klass range: 0x100000000

GC Precious Log:
 CPUs: 16 total, 16 available
 Memory: 16021M
 Large Page Support: Disabled
 NUMA Support: Disabled
 Compressed Oops: Enabled (Zero based)
 Heap Region Size: 2M
 Heap Min Capacity: 8M
 Heap Initial Capacity: 252M
 Heap Max Capacity: 4006M
 Pre-touch: Disabled
 Parallel Workers: 13
 Concurrent Workers: 3
 Concurrent Refinement Workers: 13
 Periodic GC: Disabled

Heap:
 garbage-first heap   total 258048K, used 11911K [0x0000000705a00000, 0x0000000800000000)
  region size 2048K, 7 young (14336K), 1 survivors (2048K)
 Metaspace       used 2265K, committed 2432K, reserved 1114112K
  class space    used 192K, committed 256K, reserved 1048576K

Heap Regions: E=young(eden), S=young(survivor), O=old, HS=humongous(starts), HC=humongous(continues), CS=collection set, F=free, OA=open archive, CA=closed archive, TAMS=top-at-mark-start (previous, next)
|   0|0x0000000705a00000, 0x0000000705a00000, 0x0000000705c00000|  0%| F|  |TAMS 0x0000000705a00000, 0x0000000705a00000| Untracked 
|   1|0x0000000705c00000, 0x0000000705c00000, 0x0000000705e00000|  0%| F|  |TAMS 0x0000000705c00000, 0x0000000705c00000| Untracked 
|   2|0x0000000705e00000, 0x0000000705e00000, 0x0000000706000000|  0%| F|  |TAMS 0x0000000705e00000, 0x0000000705e00000| Untracked 
|   3|0x0000000706000000, 0x0000000706000000, 0x0000000706200000|  0%| F|  |TAMS 0x0000000706000000, 0x0000000706000000| Untracked 
|   4|0x0000000706200000, 0x0000000706200000, 0x0000000706400000|  0%| F|  |TAMS 0x0000000706200000, 0x0000000706200000| Untracked 
|   5|0x0000000706400000, 0x0000000706400000, 0x0000000706600000|  0%| F|  |TAMS 0x0000000706400000, 0x0000000706400000| Untracked 
|   6|0x0000000706600000, 0x0000000706600000, 0x0000000706800000|  0%| F|  |TAMS 0x0000000706600000, 0x0000000706600000| Untracked 
|   7|0x0000000706800000, 0x0000000706800000, 0x0000000706a00000|  0%| F|  |TAMS 0x0000000706800000, 0x0000000706800000| Untracked 
|   8|0x0000000706a00000, 0x0000000706a00000, 0x0000000706c00000|  0%| F|  |TAMS 0x0000000706a00000, 0x0000000706a00000| Untracked 
|   9|0x0000000706c00000, 0x0000000706c00000, 0x0000000706e00000|  0%| F|  |TAMS 0x0000000706c00000, 0x0000000706c00000| Untracked 
|  10|0x0000000706e00000, 0x0000000706e00000, 0x0000000707000000|  0%| F|  |TAMS 0x0000000706e00000, 0x0000000706e00000| Untracked 
|  11|0x0000000707000000, 0x0000000707000000, 0x0000000707200000|  0%| F|  |TAMS 0x0000000707000000, 0x0000000707000000| Untracked 
|  12|0x0000000707200000, 0x0000000707200000, 0x0000000707400000|  0%| F|  |TAMS 0x0000000707200000, 0x0000000707200000| Untracked 
|  13|0x0000000707400000, 0x0000000707400000, 0x0000000707600000|  0%| F|  |TAMS 0x0000000707400000, 0x0000000707400000| Untracked 
|  14|0x0000000707600000, 0x0000000707600000, 0x0000000707800000|  0%| F|  |TAMS 0x0000000707600000, 0x0000000707600000| Untracked 
|  15|0x0000000707800000, 0x0000000707800000, 0x0000000707a00000|  0%| F|  |TAMS 0x0000000707800000, 0x0000000707800000| Untracked 
|  16|0x0000000707a00000, 0x0000000707a00000, 0x0000000707c00000|  0%| F|  |TAMS 0x0000000707a00000, 0x0000000707a00000| Untracked 
|  17|0x0000000707c00000, 0x0000000707c00000, 0x0000000707e00000|  0%| F|  |TAMS 0x0000000707c00000, 0x0000000707c00000| Untracked 
|  18|0x0000000707e00000, 0x0000000707e00000, 0x0000000708000000|  0%| F|  |TAMS 0x0000000707e00000, 0x0000000707e00000| Untracked 
|  19|0x0000000708000000, 0x0000000708000000, 0x0000000708200000|  0%| F|  |TAMS 0x0000000708000000, 0x0000000708000000| Untracked 
|  20|0x0000000708200000, 0x0000000708200000, 0x0000000708400000|  0%| F|  |TAMS 0x0000000708200000, 0x0000000708200000| Untracked 
|  21|0x0000000708400000, 0x0000000708400000, 0x0000000708600000|  0%| F|  |TAMS 0x0000000708400000, 0x0000000708400000| Untracked 
|  22|0x0000000708600000, 0x0000000708600000, 0x0000000708800000|  0%| F|  |TAMS 0x0000000708600000, 0x0000000708600000| Untracked 
|  23|0x0000000708800000, 0x0000000708800000, 0x0000000708a00000|  0%| F|  |TAMS 0x0000000708800000, 0x0000000708800000| Untracked 
|  24|0x0000000708a00000, 0x0000000708a00000, 0x0000000708c00000|  0%| F|  |TAMS 0x0000000708a00000, 0x0000000708a00000| Untracked 
|  25|0x0000000708c00000, 0x0000000708c00000, 0x0000000708e00000|  0%| F|  |TAMS 0x0000000708c00000, 0x0000000708c00000| Untracked 
|  26|0x0000000708e00000, 0x0000000708e00000, 0x0000000709000000|  0%| F|  |TAMS 0x0000000708e00000, 0x0000000708e00000| Untracked 
|  27|0x0000000709000000, 0x0000000709000000, 0x0000000709200000|  0%| F|  |TAMS 0x0000000709000000, 0x0000000709000000| Untracked 
|  28|0x0000000709200000, 0x0000000709200000, 0x0000000709400000|  0%| F|  |TAMS 0x0000000709200000, 0x0000000709200000| Untracked 
|  29|0x0000000709400000, 0x0000000709400000, 0x0000000709600000|  0%| F|  |TAMS 0x0000000709400000, 0x0000000709400000| Untracked 
|  30|0x0000000709600000, 0x0000000709600000, 0x0000000709800000|  0%| F|  |TAMS 0x0000000709600000, 0x0000000709600000| Untracked 
|  31|0x0000000709800000, 0x0000000709800000, 0x0000000709a00000|  0%| F|  |TAMS 0x0000000709800000, 0x0000000709800000| Untracked 
|  32|0x0000000709a00000, 0x0000000709a00000, 0x0000000709c00000|  0%| F|  |TAMS 0x0000000709a00000, 0x0000000709a00000| Untracked 
|  33|0x0000000709c00000, 0x0000000709c00000, 0x0000000709e00000|  0%| F|  |TAMS 0x0000000709c00000, 0x0000000709c00000| Untracked 
|  34|0x0000000709e00000, 0x0000000709e00000, 0x000000070a000000|  0%| F|  |TAMS 0x0000000709e00000, 0x0000000709e00000| Untracked 
|  35|0x000000070a000000, 0x000000070a000000, 0x000000070a200000|  0%| F|  |TAMS 0x000000070a000000, 0x000000070a000000| Untracked 
|  36|0x000000070a200000, 0x000000070a200000, 0x000000070a400000|  0%| F|  |TAMS 0x000000070a200000, 0x000000070a200000| Untracked 
|  37|0x000000070a400000, 0x000000070a400000, 0x000000070a600000|  0%| F|  |TAMS 0x000000070a400000, 0x000000070a400000| Untracked 
|  38|0x000000070a600000, 0x000000070a600000, 0x000000070a800000|  0%| F|  |TAMS 0x000000070a600000, 0x000000070a600000| Untracked 
|  39|0x000000070a800000, 0x000000070a800000, 0x000000070aa00000|  0%| F|  |TAMS 0x000000070a800000, 0x000000070a800000| Untracked 
|  40|0x000000070aa00000, 0x000000070aa00000, 0x000000070ac00000|  0%| F|  |TAMS 0x000000070aa00000, 0x000000070aa00000| Untracked 
|  41|0x000000070ac00000, 0x000000070ac00000, 0x000000070ae00000|  0%| F|  |TAMS 0x000000070ac00000, 0x000000070ac00000| Untracked 
|  42|0x000000070ae00000, 0x000000070ae00000, 0x000000070b000000|  0%| F|  |TAMS 0x000000070ae00000, 0x000000070ae00000| Untracked 
|  43|0x000000070b000000, 0x000000070b000000, 0x000000070b200000|  0%| F|  |TAMS 0x000000070b000000, 0x000000070b000000| Untracked 
|  44|0x000000070b200000, 0x000000070b200000, 0x000000070b400000|  0%| F|  |TAMS 0x000000070b200000, 0x000000070b200000| Untracked 
|  45|0x000000070b400000, 0x000000070b400000, 0x000000070b600000|  0%| F|  |TAMS 0x000000070b400000, 0x000000070b400000| Untracked 
|  46|0x000000070b600000, 0x000000070b600000, 0x000000070b800000|  0%| F|  |TAMS 0x000000070b600000, 0x000000070b600000| Untracked 
|  47|0x000000070b800000, 0x000000070b800000, 0x000000070ba00000|  0%| F|  |TAMS 0x000000070b800000, 0x000000070b800000| Untracked 
|  48|0x000000070ba00000, 0x000000070ba00000, 0x000000070bc00000|  0%| F|  |TAMS 0x000000070ba00000, 0x000000070ba00000| Untracked 
|  49|0x000000070bc00000, 0x000000070bc00000, 0x000000070be00000|  0%| F|  |TAMS 0x000000070bc00000, 0x000000070bc00000| Untracked 
|  50|0x000000070be00000, 0x000000070be00000, 0x000000070c000000|  0%| F|  |TAMS 0x000000070be00000, 0x000000070be00000| Untracked 
|  51|0x000000070c000000, 0x000000070c000000, 0x000000070c200000|  0%| F|  |TAMS 0x000000070c000000, 0x000000070c000000| Untracked 
|  52|0x000000070c200000, 0x000000070c200000, 0x000000070c400000|  0%| F|  |TAMS 0x000000070c200000, 0x000000070c200000| Untracked 
|  53|0x000000070c400000, 0x000000070c400000, 0x000000070c600000|  0%| F|  |TAMS 0x000000070c400000, 0x000000070c400000| Untracked 
|  54|0x000000070c600000, 0x000000070c600000, 0x000000070c800000|  0%| F|  |TAMS 0x000000070c600000, 0x000000070c600000| Untracked 
|  55|0x000000070c800000, 0x000000070c800000, 0x000000070ca00000|  0%| F|  |TAMS 0x000000070c800000, 0x000000070c800000| Untracked 
|  56|0x000000070ca00000, 0x000000070ca00000, 0x000000070cc00000|  0%| F|  |TAMS 0x000000070ca00000, 0x000000070ca00000| Untracked 
|  57|0x000000070cc00000, 0x000000070cc00000, 0x000000070ce00000|  0%| F|  |TAMS 0x000000070cc00000, 0x000000070cc00000| Untracked 
|  58|0x000000070ce00000, 0x000000070ce00000, 0x000000070d000000|  0%| F|  |TAMS 0x000000070ce00000, 0x000000070ce00000| Untracked 
|  59|0x000000070d000000, 0x000000070d000000, 0x000000070d200000|  0%| F|  |TAMS 0x000000070d000000, 0x000000070d000000| Untracked 
|  60|0x000000070d200000, 0x000000070d200000, 0x000000070d400000|  0%| F|  |TAMS 0x000000070d200000, 0x000000070d200000| Untracked 
|  61|0x000000070d400000, 0x000000070d400000, 0x000000070d600000|  0%| F|  |TAMS 0x000000070d400000, 0x000000070d400000| Untracked 
|  62|0x000000070d600000, 0x000000070d600000, 0x000000070d800000|  0%| F|  |TAMS 0x000000070d600000, 0x000000070d600000| Untracked 
|  63|0x000000070d800000, 0x000000070d800000, 0x000000070da00000|  0%| F|  |TAMS 0x000000070d800000, 0x000000070d800000| Untracked 
|  64|0x000000070da00000, 0x000000070da00000, 0x000000070dc00000|  0%| F|  |TAMS 0x000000070da00000, 0x000000070da00000| Untracked 
|  65|0x000000070dc00000, 0x000000070dc00000, 0x000000070de00000|  0%| F|  |TAMS 0x000000070dc00000, 0x000000070dc00000| Untracked 
|  66|0x000000070de00000, 0x000000070de00000, 0x000000070e000000|  0%| F|  |TAMS 0x000000070de00000, 0x000000070de00000| Untracked 
|  67|0x000000070e000000, 0x000000070e000000, 0x000000070e200000|  0%| F|  |TAMS 0x000000070e000000, 0x000000070e000000| Untracked 
|  68|0x000000070e200000, 0x000000070e200000, 0x000000070e400000|  0%| F|  |TAMS 0x000000070e200000, 0x000000070e200000| Untracked 
|  69|0x000000070e400000, 0x000000070e400000, 0x000000070e600000|  0%| F|  |TAMS 0x000000070e400000, 0x000000070e400000| Untracked 
|  70|0x000000070e600000, 0x000000070e600000, 0x000000070e800000|  0%| F|  |TAMS 0x000000070e600000, 0x000000070e600000| Untracked 
|  71|0x000000070e800000, 0x000000070e800000, 0x000000070ea00000|  0%| F|  |TAMS 0x000000070e800000, 0x000000070e800000| Untracked 
|  72|0x000000070ea00000, 0x000000070ea00000, 0x000000070ec00000|  0%| F|  |TAMS 0x000000070ea00000, 0x000000070ea00000| Untracked 
|  73|0x000000070ec00000, 0x000000070ec00000, 0x000000070ee00000|  0%| F|  |TAMS 0x000000070ec00000, 0x000000070ec00000| Untracked 
|  74|0x000000070ee00000, 0x000000070ee00000, 0x000000070f000000|  0%| F|  |TAMS 0x000000070ee00000, 0x000000070ee00000| Untracked 
|  75|0x000000070f000000, 0x000000070f000000, 0x000000070f200000|  0%| F|  |TAMS 0x000000070f000000, 0x000000070f000000| Untracked 
|  76|0x000000070f200000, 0x000000070f200000, 0x000000070f400000|  0%| F|  |TAMS 0x000000070f200000, 0x000000070f200000| Untracked 
|  77|0x000000070f400000, 0x000000070f400000, 0x000000070f600000|  0%| F|  |TAMS 0x000000070f400000, 0x000000070f400000| Untracked 
|  78|0x000000070f600000, 0x000000070f600000, 0x000000070f800000|  0%| F|  |TAMS 0x000000070f600000, 0x000000070f600000| Untracked 
|  79|0x000000070f800000, 0x000000070f800000, 0x000000070fa00000|  0%| F|  |TAMS 0x000000070f800000, 0x000000070f800000| Untracked 
|  80|0x000000070fa00000, 0x000000070fa00000, 0x000000070fc00000|  0%| F|  |TAMS 0x000000070fa00000, 0x000000070fa00000| Untracked 
|  81|0x000000070fc00000, 0x000000070fc00000, 0x000000070fe00000|  0%| F|  |TAMS 0x000000070fc00000, 0x000000070fc00000| Untracked 
|  82|0x000000070fe00000, 0x000000070fe00000, 0x0000000710000000|  0%| F|  |TAMS 0x000000070fe00000, 0x000000070fe00000| Untracked 
|  83|0x0000000710000000, 0x0000000710000000, 0x0000000710200000|  0%| F|  |TAMS 0x0000000710000000, 0x0000000710000000| Untracked 
|  84|0x0000000710200000, 0x0000000710200000, 0x0000000710400000|  0%| F|  |TAMS 0x0000000710200000, 0x0000000710200000| Untracked 
|  85|0x0000000710400000, 0x0000000710400000, 0x0000000710600000|  0%| F|  |TAMS 0x0000000710400000, 0x0000000710400000| Untracked 
|  86|0x0000000710600000, 0x0000000710600000, 0x0000000710800000|  0%| F|  |TAMS 0x0000000710600000, 0x0000000710600000| Untracked 
|  87|0x0000000710800000, 0x0000000710800000, 0x0000000710a00000|  0%| F|  |TAMS 0x0000000710800000, 0x0000000710800000| Untracked 
|  88|0x0000000710a00000, 0x0000000710a00000, 0x0000000710c00000|  0%| F|  |TAMS 0x0000000710a00000, 0x0000000710a00000| Untracked 
|  89|0x0000000710c00000, 0x0000000710c00000, 0x0000000710e00000|  0%| F|  |TAMS 0x0000000710c00000, 0x0000000710c00000| Untracked 
|  90|0x0000000710e00000, 0x0000000710e00000, 0x0000000711000000|  0%| F|  |TAMS 0x0000000710e00000, 0x0000000710e00000| Untracked 
|  91|0x0000000711000000, 0x0000000711000000, 0x0000000711200000|  0%| F|  |TAMS 0x0000000711000000, 0x0000000711000000| Untracked 
|  92|0x0000000711200000, 0x0000000711200000, 0x0000000711400000|  0%| F|  |TAMS 0x0000000711200000, 0x0000000711200000| Untracked 
|  93|0x0000000711400000, 0x0000000711400000, 0x0000000711600000|  0%| F|  |TAMS 0x0000000711400000, 0x0000000711400000| Untracked 
|  94|0x0000000711600000, 0x0000000711600000, 0x0000000711800000|  0%| F|  |TAMS 0x0000000711600000, 0x0000000711600000| Untracked 
|  95|0x0000000711800000, 0x0000000711800000, 0x0000000711a00000|  0%| F|  |TAMS 0x0000000711800000, 0x0000000711800000| Untracked 
|  96|0x0000000711a00000, 0x0000000711a00000, 0x0000000711c00000|  0%| F|  |TAMS 0x0000000711a00000, 0x0000000711a00000| Untracked 
|  97|0x0000000711c00000, 0x0000000711c00000, 0x0000000711e00000|  0%| F|  |TAMS 0x0000000711c00000, 0x0000000711c00000| Untracked 
|  98|0x0000000711e00000, 0x0000000711e00000, 0x0000000712000000|  0%| F|  |TAMS 0x0000000711e00000, 0x0000000711e00000| Untracked 
|  99|0x0000000712000000, 0x0000000712000000, 0x0000000712200000|  0%| F|  |TAMS 0x0000000712000000, 0x0000000712000000| Untracked 
| 100|0x0000000712200000, 0x0000000712200000, 0x0000000712400000|  0%| F|  |TAMS 0x0000000712200000, 0x0000000712200000| Untracked 
| 101|0x0000000712400000, 0x0000000712400000, 0x0000000712600000|  0%| F|  |TAMS 0x0000000712400000, 0x0000000712400000| Untracked 
| 102|0x0000000712600000, 0x0000000712600000, 0x0000000712800000|  0%| F|  |TAMS 0x0000000712600000, 0x0000000712600000| Untracked 
| 103|0x0000000712800000, 0x0000000712800000, 0x0000000712a00000|  0%| F|  |TAMS 0x0000000712800000, 0x0000000712800000| Untracked 
| 104|0x0000000712a00000, 0x0000000712a00000, 0x0000000712c00000|  0%| F|  |TAMS 0x0000000712a00000, 0x0000000712a00000| Untracked 
| 105|0x0000000712c00000, 0x0000000712c00000, 0x0000000712e00000|  0%| F|  |TAMS 0x0000000712c00000, 0x0000000712c00000| Untracked 
| 106|0x0000000712e00000, 0x0000000712e00000, 0x0000000713000000|  0%| F|  |TAMS 0x0000000712e00000, 0x0000000712e00000| Untracked 
| 107|0x0000000713000000, 0x0000000713000000, 0x0000000713200000|  0%| F|  |TAMS 0x0000000713000000, 0x0000000713000000| Untracked 
| 108|0x0000000713200000, 0x0000000713200000, 0x0000000713400000|  0%| F|  |TAMS 0x0000000713200000, 0x0000000713200000| Untracked 
| 109|0x0000000713400000, 0x0000000713400000, 0x0000000713600000|  0%| F|  |TAMS 0x0000000713400000, 0x0000000713400000| Untracked 
| 110|0x0000000713600000, 0x0000000713600000, 0x0000000713800000|  0%| F|  |TAMS 0x0000000713600000, 0x0000000713600000| Untracked 
| 111|0x0000000713800000, 0x0000000713800000, 0x0000000713a00000|  0%| F|  |TAMS 0x0000000713800000, 0x0000000713800000| Untracked 
| 112|0x0000000713a00000, 0x0000000713a00000, 0x0000000713c00000|  0%| F|  |TAMS 0x0000000713a00000, 0x0000000713a00000| Untracked 
| 113|0x0000000713c00000, 0x0000000713c00000, 0x0000000713e00000|  0%| F|  |TAMS 0x0000000713c00000, 0x0000000713c00000| Untracked 
| 114|0x0000000713e00000, 0x0000000713fa1f90, 0x0000000714000000| 81%| S|CS|TAMS 0x0000000713e00000, 0x0000000713e00000| Complete 
| 115|0x0000000714000000, 0x0000000714000000, 0x0000000714200000|  0%| F|  |TAMS 0x0000000714000000, 0x0000000714000000| Untracked 
| 116|0x0000000714200000, 0x0000000714200000, 0x0000000714400000|  0%| F|  |TAMS 0x0000000714200000, 0x0000000714200000| Untracked 
| 117|0x0000000714400000, 0x0000000714400000, 0x0000000714600000|  0%| F|  |TAMS 0x0000000714400000, 0x0000000714400000| Untracked 
| 118|0x0000000714600000, 0x0000000714600000, 0x0000000714800000|  0%| F|  |TAMS 0x0000000714600000, 0x0000000714600000| Untracked 
| 119|0x0000000714800000, 0x0000000714800000, 0x0000000714a00000|  0%| F|  |TAMS 0x0000000714800000, 0x0000000714800000| Untracked 
| 120|0x0000000714a00000, 0x0000000714ac5e00, 0x0000000714c00000| 38%| E|  |TAMS 0x0000000714a00000, 0x0000000714a00000| Complete 
| 121|0x0000000714c00000, 0x0000000714e00000, 0x0000000714e00000|100%| E|CS|TAMS 0x0000000714c00000, 0x0000000714c00000| Complete 
| 122|0x0000000714e00000, 0x0000000715000000, 0x0000000715000000|100%| E|CS|TAMS 0x0000000714e00000, 0x0000000714e00000| Complete 
| 123|0x0000000715000000, 0x0000000715200000, 0x0000000715200000|100%| E|CS|TAMS 0x0000000715000000, 0x0000000715000000| Complete 
| 124|0x0000000715200000, 0x0000000715400000, 0x0000000715400000|100%| E|CS|TAMS 0x0000000715200000, 0x0000000715200000| Complete 
| 125|0x0000000715400000, 0x0000000715600000, 0x0000000715600000|100%| E|CS|TAMS 0x0000000715400000, 0x0000000715400000| Complete 

Card table byte_map: [0x00000268a4420000,0x00000268a4c00000] _byte_map_base: 0x00000268a0bf3000

Marking Bits (Prev, Next): (CMBitMap*) 0x000002688c9171f0, (CMBitMap*) 0x000002688c917230
 Prev Bits: [0x00000268a53e0000, 0x00000268a9278000)
 Next Bits: [0x00000268a9280000, 0x00000268ad118000)

Polling page: 0x000002688a7f0000

Metaspace:

Usage:
  Non-class:      2.02 MB used.
      Class:    192.16 KB used.
       Both:      2.21 MB used.

Virtual space:
  Non-class space:       64.00 MB reserved,       2.12 MB (  3%) committed,  1 nodes.
      Class space:        1.00 GB reserved,     256.00 KB ( <1%) committed,  1 nodes.
             Both:        1.06 GB reserved,       2.38 MB ( <1%) committed. 

Chunk freelists:
   Non-Class:  11.17 MB
       Class:  15.63 MB
        Both:  26.81 MB

MaxMetaspaceSize: unlimited
CompressedClassSpaceSize: 1.00 GB
Initial GC threshold: 21.00 MB
Current GC threshold: 21.00 MB
CDS: on
MetaspaceReclaimPolicy: balanced
 - commit_granule_bytes: 65536.
 - commit_granule_words: 8192.
 - virtual_space_node_default_size: 8388608.
 - enlarge_chunks_in_place: 1.
 - new_chunks_are_fully_committed: 0.
 - uncommit_free_chunks: 1.
 - use_allocation_guard: 0.
 - handle_deallocations: 1.


Internal statistics:

num_allocs_failed_limit: 0.
num_arena_births: 64.
num_arena_deaths: 0.
num_vsnodes_births: 2.
num_vsnodes_deaths: 0.
num_space_committed: 38.
num_space_uncommitted: 0.
num_chunks_returned_to_freelist: 0.
num_chunks_taken_from_freelist: 109.
num_chunk_merges: 0.
num_chunk_splits: 78.
num_chunks_enlarged: 54.
num_inconsistent_stats: 0.

CodeHeap 'non-profiled nmethods': size=119168Kb used=684Kb max_used=684Kb free=118483Kb
 bounds [0x000002689bf60000, 0x000002689c1d0000, 0x00000268a33c0000]
CodeHeap 'profiled nmethods': size=119104Kb used=1547Kb max_used=1547Kb free=117556Kb
 bounds [0x00000268943c0000, 0x0000026894630000, 0x000002689b810000]
CodeHeap 'non-nmethods': size=7488Kb used=1167Kb max_used=2913Kb free=6320Kb
 bounds [0x000002689b810000, 0x000002689baf0000, 0x000002689bf60000]
 total_blobs=1412 nmethods=965 adapters=360
 compilation: enabled
              stopped_count=0, restarted_count=0
 full_count=0

Compilation events (20 events):
Event: 10.845 Thread 0x00000268b0112110  953       3       PineVille.Player::Move (124 bytes)
Event: 10.846 Thread 0x00000268b0112110 nmethod 953 0x0000026894540290 code [0x0000026894540500, 0x00000268945409f8]
Event: 10.846 Thread 0x00000268b0112110  954       3       PineVille.Debug::Commands (55 bytes)
Event: 10.846 Thread 0x00000268b0112110 nmethod 954 0x0000026894540b90 code [0x0000026894540d60, 0x0000026894540ff8]
Event: 10.846 Thread 0x00000268b0112110  957       3       PineVille.Player::drawPlayer (72 bytes)
Event: 10.847 Thread 0x00000268b0112110 nmethod 957 0x0000026894541110 code [0x00000268945414a0, 0x0000026894542848]
Event: 11.112 Thread 0x00000268b0111660  959       4       com.raylib.Jaylib::<init> (5 bytes)
Event: 11.112 Thread 0x00000268b0111660 nmethod 959 0x000002689c008890 code [0x000002689c008a00, 0x000002689c008a78]
Event: 11.112 Thread 0x00000268b0111660  960       4       com.raylib.Jaylib::Rectangle (25 bytes)
Event: 11.115 Thread 0x00000268b0111660 nmethod 960 0x000002689c008b90 code [0x000002689c008d60, 0x000002689c008f40]
Event: 12.113 Thread 0x00000268b0111660  961       4       java.util.Arrays::copyOf (19 bytes)
Event: 12.116 Thread 0x00000268b0111660 nmethod 961 0x000002689c009190 code [0x000002689c009320, 0x000002689c009638]
Event: 12.912 Thread 0x00000268b0111660  962       4       PineVille.GameScene::calculateDistance (27 bytes)
Event: 12.912 Thread 0x00000268b0111660 nmethod 962 0x000002689c009710 code [0x000002689c009880, 0x000002689c0098f8]
Event: 14.312 Thread 0x00000268b0111660  963       4       PineVille.Tree::draw (183 bytes)
Event: 14.316 Thread 0x00000268b0111660 nmethod 963 0x000002689c009a10 code [0x000002689c009ca0, 0x000002689c00a248]
Event: 24.812 Thread 0x00000268b0111660  964       4       com.raylib.Jaylib$Vector2::<init> (17 bytes)
Event: 24.813 Thread 0x00000268b0111660 nmethod 964 0x000002689c00aa10 code [0x000002689c00aba0, 0x000002689c00ad08]
Event: 32.279 Thread 0x00000268b0111660  965 %     4       java.lang.StringCoding::hasNegatives @ 2 (25 bytes)
Event: 32.283 Thread 0x00000268b0111660 nmethod 965% 0x000002689c00ae90 code [0x000002689c00b020, 0x000002689c00b218]

GC Heap History (2 events):
Event: 1.150 GC heap before
{Heap before GC invocations=0 (full 0):
 garbage-first heap   total 258048K, used 22528K [0x0000000705a00000, 0x0000000800000000)
  region size 2048K, 11 young (22528K), 0 survivors (0K)
 Metaspace       used 1829K, committed 1984K, reserved 1114112K
  class space    used 144K, committed 192K, reserved 1048576K
}
Event: 1.159 GC heap after
{Heap after GC invocations=1 (full 0):
 garbage-first heap   total 258048K, used 1671K [0x0000000705a00000, 0x0000000800000000)
  region size 2048K, 1 young (2048K), 1 survivors (2048K)
 Metaspace       used 1829K, committed 1984K, reserved 1114112K
  class space    used 144K, committed 192K, reserved 1048576K
}

Dll operation events (20 events):
Event: 0.650 Loaded shared library C:\Program Files (x86)\Windows Kits\10\Redist\ucrt\DLLs\x64\api-ms-win-core-rtlsupport-l1-1-0.dll
Event: 0.688 Loaded shared library C:\Program Files (x86)\Windows Kits\10\Redist\ucrt\DLLs\x64\api-ms-win-core-processthreads-l1-1-1.dll
Event: 0.706 Loaded shared library C:\Program Files (x86)\Windows Kits\10\Redist\ucrt\DLLs\x64\api-ms-win-core-file-l1-2-0.dll
Event: 0.728 Loaded shared library C:\Program Files (x86)\Windows Kits\10\Redist\ucrt\DLLs\x64\api-ms-win-core-profile-l1-1-0.dll
Event: 0.752 Loaded shared library C:\Program Files (x86)\Windows Kits\10\Redist\ucrt\DLLs\x64\api-ms-win-core-memory-l1-1-0.dll
Event: 0.780 Loaded shared library C:\Program Files (x86)\Windows Kits\10\Redist\ucrt\DLLs\x64\api-ms-win-core-util-l1-1-0.dll
Event: 0.805 Loaded shared library C:\Program Files (x86)\Windows Kits\10\Redist\ucrt\DLLs\x64\api-ms-win-core-interlocked-l1-1-0.dll
Event: 0.833 Loaded shared library C:\Program Files (x86)\Windows Kits\10\Redist\ucrt\DLLs\x64\ucrtbase.dll
Event: 0.849 Loaded shared library C:\Users\luczu\.jdks\corretto-17.0.10\bin\vcruntime140.dll
Event: 0.872 Loaded shared library C:\Users\luczu\.jdks\corretto-17.0.10\bin\vcruntime140_1.dll
Event: 0.894 Loaded shared library C:\Users\luczu\.jdks\corretto-17.0.10\bin\msvcp140.dll
Event: 0.914 Loaded shared library C:\Windows\System32\msvcp140_1.dll
Event: 0.935 Loaded shared library C:\Windows\System32\concrt140.dll
Event: 0.958 Loaded shared library C:\Windows\System32\vcomp140.dll
Event: 0.983 Loaded shared library C:\Windows\System32\winmm.dll
Event: 0.990 Loaded shared library C:\Windows\System32\opengl32.dll
Event: 0.993 Loaded shared library C:\Windows\System32\user32.dll
Event: 0.997 Loaded shared library C:\Windows\System32\shell32.dll
Event: 1.000 Loaded shared library C:\Windows\System32\gdi32.dll
Event: 1.053 Loaded shared library C:\Users\luczu\.javacpp\cache\jaylib-4.5.0-0.jar\com\raylib\windows-x86_64\jniRaylib.dll

Deoptimization events (20 events):
Event: 0.975 Thread 0x000002688c8a9eb0 DEOPT PACKING pc=0x000002689bf8558c sp=0x0000008f1b0fd860
Event: 0.975 Thread 0x000002688c8a9eb0 DEOPT UNPACKING pc=0x000002689b86a1a3 sp=0x0000008f1b0fd7e8 mode 2
Event: 0.976 Thread 0x000002688c8a9eb0 Uncommon trap: trap_request=0xffffff45 fr.pc=0x000002689bf83e7c relative=0x000000000000023c
Event: 0.976 Thread 0x000002688c8a9eb0 Uncommon trap: reason=unstable_if action=reinterpret pc=0x000002689bf83e7c method=java.io.WinNTFileSystem.normalize(Ljava/lang/String;)Ljava/lang/String; @ 128 c2
Event: 0.976 Thread 0x000002688c8a9eb0 DEOPT PACKING pc=0x000002689bf83e7c sp=0x0000008f1b0fd840
Event: 0.976 Thread 0x000002688c8a9eb0 DEOPT UNPACKING pc=0x000002689b86a1a3 sp=0x0000008f1b0fd7e8 mode 2
Event: 0.984 Thread 0x000002688c8a9eb0 Uncommon trap: trap_request=0xffffff45 fr.pc=0x000002689bf87464 relative=0x00000000000001c4
Event: 0.984 Thread 0x000002688c8a9eb0 Uncommon trap: reason=unstable_if action=reinterpret pc=0x000002689bf87464 method=sun.net.www.ParseUtil.firstEncodeIndex(Ljava/lang/String;)I @ 51 c2
Event: 0.984 Thread 0x000002688c8a9eb0 DEOPT PACKING pc=0x000002689bf87464 sp=0x0000008f1b0fe0c0
Event: 0.984 Thread 0x000002688c8a9eb0 DEOPT UNPACKING pc=0x000002689b86a1a3 sp=0x0000008f1b0fe048 mode 2
Event: 1.006 Thread 0x000002688c8a9eb0 Uncommon trap: trap_request=0xffffff45 fr.pc=0x000002689bfa2244 relative=0x0000000000001324
Event: 1.006 Thread 0x000002688c8a9eb0 Uncommon trap: reason=unstable_if action=reinterpret pc=0x000002689bfa2244 method=java.net.URL.<init>(Ljava/net/URL;Ljava/lang/String;Ljava/net/URLStreamHandler;)V @ 273 c2
Event: 1.006 Thread 0x000002688c8a9eb0 DEOPT PACKING pc=0x000002689bfa2244 sp=0x0000008f1b0fe000
Event: 1.006 Thread 0x000002688c8a9eb0 DEOPT UNPACKING pc=0x000002689b86a1a3 sp=0x0000008f1b0fdf90 mode 2
Event: 1.160 Thread 0x000002688c8a9eb0 Uncommon trap: trap_request=0xffffff45 fr.pc=0x000002689bf92360 relative=0x00000000000000e0
Event: 1.160 Thread 0x000002688c8a9eb0 Uncommon trap: reason=unstable_if action=reinterpret pc=0x000002689bf92360 method=java.lang.ref.SoftReference.get()Ljava/lang/Object; @ 17 c2
Event: 1.160 Thread 0x000002688c8a9eb0 DEOPT PACKING pc=0x000002689bf92360 sp=0x0000008f1b0fcc10
Event: 1.160 Thread 0x000002688c8a9eb0 DEOPT UNPACKING pc=0x000002689b86a1a3 sp=0x0000008f1b0fcbc8 mode 2
Event: 1.167 Thread 0x000002688c8a9eb0 DEOPT PACKING pc=0x00000268944aecc8 sp=0x0000008f1b0fcb50
Event: 1.167 Thread 0x000002688c8a9eb0 DEOPT UNPACKING pc=0x000002689b86ace3 sp=0x0000008f1b0fc068 mode 0

Classes unloaded (0 events):
No events

Classes redefined (0 events):
No events

Internal exceptions (7 events):
Event: 0.123 Thread 0x000002688c8a9eb0 Exception <a 'java/lang/NoSuchMethodError'{0x0000000715281ef0}: 'int java.lang.invoke.DirectMethodHandle$Holder.invokeStaticInit(java.lang.Object, java.lang.Object, java.lang.Object, java.lang.Object)'> (0x0000000715281ef0) 
thrown [s\src\hotspot\share\interpreter\linkResolver.cpp, line 759]
Event: 0.125 Thread 0x000002688c8a9eb0 Exception <a 'java/lang/NoSuchMethodError'{0x000000071528cc00}: 'java.lang.Object java.lang.invoke.DirectMethodHandle$Holder.invokeInterface(java.lang.Object, java.lang.Object)'> (0x000000071528cc00) 
thrown [s\src\hotspot\share\interpreter\linkResolver.cpp, line 759]
Event: 0.126 Thread 0x000002688c8a9eb0 Exception <a 'java/lang/IncompatibleClassChangeError'{0x0000000715290318}: Found class java.lang.Object, but interface was expected> (0x0000000715290318) 
thrown [s\src\hotspot\share\interpreter\linkResolver.cpp, line 826]
Event: 0.126 Thread 0x000002688c8a9eb0 Exception <a 'java/lang/NoSuchMethodError'{0x00000007152934c0}: 'void java.lang.invoke.DirectMethodHandle$Holder.invokeStatic(java.lang.Object, java.lang.Object)'> (0x00000007152934c0) 
thrown [s\src\hotspot\share\interpreter\linkResolver.cpp, line 759]
Event: 0.127 Thread 0x000002688c8a9eb0 Exception <a 'java/lang/NoSuchMethodError'{0x0000000715296b30}: 'void java.lang.invoke.DirectMethodHandle$Holder.invokeStaticInit(java.lang.Object, java.lang.Object)'> (0x0000000715296b30) 
thrown [s\src\hotspot\share\interpreter\linkResolver.cpp, line 759]
Event: 0.130 Thread 0x000002688c8a9eb0 Exception <a 'java/lang/NoSuchMethodError'{0x000000071529d278}: 'int java.lang.invoke.DirectMethodHandle$Holder.invokeStaticInit(java.lang.Object, java.lang.Object)'> (0x000000071529d278) 
thrown [s\src\hotspot\share\interpreter\linkResolver.cpp, line 759]
Event: 1.047 Thread 0x000002688c8a9eb0 Exception <a 'java/lang/NoSuchMethodError'{0x00000007140f1a78}: 'java.lang.Object java.lang.invoke.DirectMethodHandle$Holder.invokeStatic(java.lang.Object, int, java.lang.Object)'> (0x00000007140f1a78) 
thrown [s\src\hotspot\share\interpreter\linkResolver.cpp, line 759]

VM Operations (16 events):
Event: 0.098 Executing VM operation: HandshakeAllThreads
Event: 0.098 Executing VM operation: HandshakeAllThreads done
Event: 0.198 Executing VM operation: HandshakeAllThreads
Event: 0.198 Executing VM operation: HandshakeAllThreads done
Event: 1.149 Executing VM operation: G1CollectForAllocation
Event: 1.159 Executing VM operation: G1CollectForAllocation done
Event: 2.169 Executing VM operation: Cleanup
Event: 2.169 Executing VM operation: Cleanup done
Event: 3.180 Executing VM operation: Cleanup
Event: 3.180 Executing VM operation: Cleanup done
Event: 4.180 Executing VM operation: Cleanup
Event: 4.180 Executing VM operation: Cleanup done
Event: 5.180 Executing VM operation: Cleanup
Event: 5.180 Executing VM operation: Cleanup done
Event: 6.181 Executing VM operation: Cleanup
Event: 6.181 Executing VM operation: Cleanup done

Events (20 events):
Event: 1.044 loading class java/time/zone/ZoneOffsetTransition
Event: 1.044 loading class java/time/zone/ZoneOffsetTransition done
Event: 1.046 loading class java/time/temporal/TemporalAdjusters
Event: 1.046 loading class java/time/temporal/TemporalAdjusters done
Event: 1.050 loading class java/time/zone/ZoneOffsetTransitionRule$1
Event: 1.050 loading class java/time/zone/ZoneOffsetTransitionRule$1 done
Event: 1.051 loading class java/util/concurrent/TimeUnit$1
Event: 1.051 loading class java/util/concurrent/TimeUnit$1 done
Event: 1.121 loading class java/lang/NumberFormatException
Event: 1.121 loading class java/lang/NumberFormatException done
Event: 1.123 Thread 0x00000268f8965f90 Thread added: 0x00000268f8965f90
Event: 2.278 Thread 0x00000268f6241940 Thread exited: 0x00000268f6241940
Event: 2.278 Thread 0x00000268f6241420 Thread exited: 0x00000268f6241420
Event: 2.279 Thread 0x00000268b0481880 Thread exited: 0x00000268b0481880
Event: 2.281 Thread 0x00000268b0931180 Thread exited: 0x00000268b0931180
Event: 2.330 loading class jdk/internal/math/FDBigInteger
Event: 2.330 loading class jdk/internal/math/FDBigInteger done
Event: 3.646 Thread 0x00000268f786a870 Thread exited: 0x00000268f786a870
Event: 4.446 Thread 0x00000268f819d150 Thread exited: 0x00000268f819d150
Event: 4.512 Thread 0x00000268b01c5c60 Thread exited: 0x00000268b01c5c60


Dynamic libraries:
0x00007ff669960000 - 0x00007ff66996e000 	C:\Users\luczu\.jdks\corretto-17.0.10\bin\java.exe
0x00007fff57630000 - 0x00007fff57846000 	C:\WINDOWS\SYSTEM32\ntdll.dll
0x00007fff57250000 - 0x00007fff57314000 	C:\WINDOWS\System32\KERNEL32.DLL
0x00007fff54c00000 - 0x00007fff54fa6000 	C:\WINDOWS\System32\KERNELBASE.dll
0x00007fff54ae0000 - 0x00007fff54bf1000 	C:\WINDOWS\System32\ucrtbase.dll
0x00007ffef5ab0000 - 0x00007ffef5ac7000 	C:\Users\luczu\.jdks\corretto-17.0.10\bin\jli.dll
0x00007ffef5ad0000 - 0x00007ffef5aeb000 	C:\Users\luczu\.jdks\corretto-17.0.10\bin\VCRUNTIME140.dll
0x00007fff56ef0000 - 0x00007fff5709d000 	C:\WINDOWS\System32\USER32.dll
0x00007fff54ab0000 - 0x00007fff54ad6000 	C:\WINDOWS\System32\win32u.dll
0x00007fff36880000 - 0x00007fff36b13000 	C:\WINDOWS\WinSxS\amd64_microsoft.windows.common-controls_6595b64144ccf1df_6.0.22621.3235_none_270f74e173860f98\COMCTL32.dll
0x00007fff56650000 - 0x00007fff56679000 	C:\WINDOWS\System32\GDI32.dll
0x00007fff551c0000 - 0x00007fff552d8000 	C:\WINDOWS\System32\gdi32full.dll
0x00007fff571a0000 - 0x00007fff57247000 	C:\WINDOWS\System32\msvcrt.dll
0x00007fff54fb0000 - 0x00007fff5504a000 	C:\WINDOWS\System32\msvcp_win.dll
0x00007fff55ca0000 - 0x00007fff55cd1000 	C:\WINDOWS\System32\IMM32.DLL
0x00007ffef5990000 - 0x00007ffef599c000 	C:\Users\luczu\.jdks\corretto-17.0.10\bin\vcruntime140_1.dll
0x00007ffe7ec60000 - 0x00007ffe7eced000 	C:\Users\luczu\.jdks\corretto-17.0.10\bin\msvcp140.dll
0x00007ffe7dff0000 - 0x00007ffe7ec52000 	C:\Users\luczu\.jdks\corretto-17.0.10\bin\server\jvm.dll
0x00007fff56330000 - 0x00007fff563e2000 	C:\WINDOWS\System32\ADVAPI32.dll
0x00007fff56260000 - 0x00007fff56308000 	C:\WINDOWS\System32\sechost.dll
0x00007fff55350000 - 0x00007fff55378000 	C:\WINDOWS\System32\bcrypt.dll
0x00007fff56530000 - 0x00007fff56645000 	C:\WINDOWS\System32\RPCRT4.dll
0x00007ffe62ac0000 - 0x00007ffe62ac9000 	C:\WINDOWS\SYSTEM32\WSOCK32.dll
0x00007fff53800000 - 0x00007fff5384d000 	C:\WINDOWS\SYSTEM32\POWRPROF.dll
0x00007fff56b60000 - 0x00007fff56bd1000 	C:\WINDOWS\System32\WS2_32.dll
0x00007fff4c050000 - 0x00007fff4c05a000 	C:\WINDOWS\SYSTEM32\VERSION.dll
0x00007fff4a910000 - 0x00007fff4a944000 	C:\WINDOWS\SYSTEM32\WINMM.dll
0x00007fff537e0000 - 0x00007fff537f3000 	C:\WINDOWS\SYSTEM32\UMPDC.dll
0x00007fff53a40000 - 0x00007fff53a58000 	C:\WINDOWS\SYSTEM32\kernel.appcore.dll
0x00007ffef5980000 - 0x00007ffef598a000 	C:\Users\luczu\.jdks\corretto-17.0.10\bin\jimage.dll
0x00007fff51e10000 - 0x00007fff52043000 	C:\WINDOWS\SYSTEM32\DBGHELP.DLL
0x00007fff55d40000 - 0x00007fff560c8000 	C:\WINDOWS\System32\combase.dll
0x00007fff56450000 - 0x00007fff56527000 	C:\WINDOWS\System32\OLEAUT32.dll
0x00007fff46800000 - 0x00007fff46832000 	C:\WINDOWS\SYSTEM32\dbgcore.DLL
0x00007fff54a30000 - 0x00007fff54aaa000 	C:\WINDOWS\System32\bcryptPrimitives.dll
0x00007ffe80590000 - 0x00007ffe805b5000 	C:\Users\luczu\.jdks\corretto-17.0.10\bin\java.dll
0x00007ffe7df10000 - 0x00007ffe7dfe7000 	C:\Users\luczu\.jdks\corretto-17.0.10\bin\jsvml.dll
0x00007fff55390000 - 0x00007fff55bed000 	C:\WINDOWS\System32\SHELL32.dll
0x00007fff52890000 - 0x00007fff53188000 	C:\WINDOWS\SYSTEM32\windows.storage.dll
0x00007fff52750000 - 0x00007fff5288e000 	C:\WINDOWS\SYSTEM32\wintypes.dll
0x00007fff560e0000 - 0x00007fff561d3000 	C:\WINDOWS\System32\SHCORE.dll
0x00007fff56b00000 - 0x00007fff56b5e000 	C:\WINDOWS\System32\shlwapi.dll
0x00007fff548a0000 - 0x00007fff548c6000 	C:\WINDOWS\SYSTEM32\profapi.dll
0x00007ffe816e0000 - 0x00007ffe816f9000 	C:\Users\luczu\.jdks\corretto-17.0.10\bin\net.dll
0x00007fff4b3d0000 - 0x00007fff4b507000 	C:\WINDOWS\SYSTEM32\WINHTTP.dll
0x00007fff53f20000 - 0x00007fff53f89000 	C:\WINDOWS\system32\mswsock.dll
0x00007ffe805f0000 - 0x00007ffe80606000 	C:\Users\luczu\.jdks\corretto-17.0.10\bin\nio.dll
0x00007ffe805d0000 - 0x00007ffe805e8000 	C:\Users\luczu\.jdks\corretto-17.0.10\bin\zip.dll
0x000002688a860000 - 0x000002688a863000 	C:\Program Files (x86)\Windows Kits\10\Redist\ucrt\DLLs\x64\api-ms-win-crt-locale-l1-1-0.dll
0x000002688a870000 - 0x000002688a874000 	C:\Program Files (x86)\Windows Kits\10\Redist\ucrt\DLLs\x64\api-ms-win-crt-string-l1-1-0.dll
0x000002688a880000 - 0x000002688a884000 	C:\Program Files (x86)\Windows Kits\10\Redist\ucrt\DLLs\x64\api-ms-win-crt-stdio-l1-1-0.dll
0x000002688a890000 - 0x000002688a895000 	C:\Program Files (x86)\Windows Kits\10\Redist\ucrt\DLLs\x64\api-ms-win-crt-math-l1-1-0.dll
0x000002688a8a0000 - 0x000002688a8a3000 	C:\Program Files (x86)\Windows Kits\10\Redist\ucrt\DLLs\x64\api-ms-win-crt-heap-l1-1-0.dll
0x00000268b0620000 - 0x00000268b0624000 	C:\Program Files (x86)\Windows Kits\10\Redist\ucrt\DLLs\x64\api-ms-win-crt-runtime-l1-1-0.dll
0x00000268b0e30000 - 0x00000268b0e34000 	C:\Program Files (x86)\Windows Kits\10\Redist\ucrt\DLLs\x64\api-ms-win-crt-convert-l1-1-0.dll
0x00000268b0e40000 - 0x00000268b0e43000 	C:\Program Files (x86)\Windows Kits\10\Redist\ucrt\DLLs\x64\api-ms-win-crt-environment-l1-1-0.dll
0x00000268b0e50000 - 0x00000268b0e53000 	C:\Program Files (x86)\Windows Kits\10\Redist\ucrt\DLLs\x64\api-ms-win-crt-time-l1-1-0.dll
0x00000268b0e60000 - 0x00000268b0e63000 	C:\Program Files (x86)\Windows Kits\10\Redist\ucrt\DLLs\x64\api-ms-win-crt-filesystem-l1-1-0.dll
0x00000268b0e70000 - 0x00000268b0e73000 	C:\Program Files (x86)\Windows Kits\10\Redist\ucrt\DLLs\x64\api-ms-win-crt-utility-l1-1-0.dll
0x00000268b0e80000 - 0x00000268b0e85000 	C:\Program Files (x86)\Windows Kits\10\Redist\ucrt\DLLs\x64\api-ms-win-crt-multibyte-l1-1-0.dll
0x00000268b0e90000 - 0x00000268b0e93000 	C:\Program Files (x86)\Windows Kits\10\Redist\ucrt\DLLs\x64\api-ms-win-crt-conio-l1-1-0.dll
0x00000268b0ea0000 - 0x00000268b0eaf000 	C:\Program Files (x86)\Windows Kits\10\Redist\ucrt\DLLs\x64\api-ms-win-crt-private-l1-1-0.dll
0x00000268b0eb0000 - 0x00000268b0eb3000 	C:\Program Files (x86)\Windows Kits\10\Redist\ucrt\DLLs\x64\api-ms-win-crt-process-l1-1-0.dll
0x00000268b0ec0000 - 0x00000268b0ec3000 	C:\Program Files\Microsoft\jdk-11.0.12.7-hotspot\bin\api-ms-win-core-console-l1-2-0.dll
0x00000268b0ed0000 - 0x00000268b0ed3000 	C:\Program Files (x86)\Windows Kits\10\Redist\ucrt\DLLs\x64\api-ms-win-core-string-l1-1-0.dll
0x00000268b0ee0000 - 0x00000268b0ee3000 	C:\Program Files (x86)\Windows Kits\10\Redist\ucrt\DLLs\x64\api-ms-win-core-errorhandling-l1-1-0.dll
0x00000268b0ef0000 - 0x00000268b0ef3000 	C:\Program Files (x86)\Windows Kits\10\Redist\ucrt\DLLs\x64\api-ms-win-core-timezone-l1-1-0.dll
0x00000268b0f00000 - 0x00000268b0f04000 	C:\Program Files (x86)\Windows Kits\10\Redist\ucrt\DLLs\x64\api-ms-win-core-file-l1-1-0.dll
0x00000268b0f10000 - 0x00000268b0f13000 	C:\Program Files (x86)\Windows Kits\10\Redist\ucrt\DLLs\x64\api-ms-win-core-namedpipe-l1-1-0.dll
0x00000268b0f20000 - 0x00000268b0f23000 	C:\Program Files (x86)\Windows Kits\10\Redist\ucrt\DLLs\x64\api-ms-win-core-handle-l1-1-0.dll
0x00000268b0f30000 - 0x00000268b0f33000 	C:\Program Files (x86)\Windows Kits\10\Redist\ucrt\DLLs\x64\api-ms-win-core-file-l2-1-0.dll
0x00000268b0f40000 - 0x00000268b0f43000 	C:\Program Files (x86)\Windows Kits\10\Redist\ucrt\DLLs\x64\api-ms-win-core-heap-l1-1-0.dll
0x00000268b0f50000 - 0x00000268b0f53000 	C:\Program Files (x86)\Windows Kits\10\Redist\ucrt\DLLs\x64\api-ms-win-core-libraryloader-l1-1-0.dll
0x00000268b0f60000 - 0x00000268b0f63000 	C:\Program Files (x86)\Windows Kits\10\Redist\ucrt\DLLs\x64\api-ms-win-core-synch-l1-1-0.dll
0x00000268b0f70000 - 0x00000268b0f73000 	C:\Program Files (x86)\Windows Kits\10\Redist\ucrt\DLLs\x64\api-ms-win-core-processthreads-l1-1-0.dll
0x00000268b0f80000 - 0x00000268b0f83000 	C:\Program Files (x86)\Windows Kits\10\Redist\ucrt\DLLs\x64\api-ms-win-core-processenvironment-l1-1-0.dll
0x00000268b0f90000 - 0x00000268b0f93000 	C:\Program Files (x86)\Windows Kits\10\Redist\ucrt\DLLs\x64\api-ms-win-core-datetime-l1-1-0.dll
0x00000268b0fa0000 - 0x00000268b0fa3000 	C:\Program Files (x86)\Windows Kits\10\Redist\ucrt\DLLs\x64\api-ms-win-core-localization-l1-2-0.dll
0x00000268b0fb0000 - 0x00000268b0fb3000 	C:\Program Files (x86)\Windows Kits\10\Redist\ucrt\DLLs\x64\api-ms-win-core-sysinfo-l1-1-0.dll
0x00000268b0fc0000 - 0x00000268b0fc3000 	C:\Program Files (x86)\Windows Kits\10\Redist\ucrt\DLLs\x64\api-ms-win-core-synch-l1-2-0.dll
0x00000268b0fd0000 - 0x00000268b0fd3000 	C:\Program Files (x86)\Windows Kits\10\Redist\ucrt\DLLs\x64\api-ms-win-core-console-l1-1-0.dll
0x00000268b0fe0000 - 0x00000268b0fe3000 	C:\Program Files (x86)\Windows Kits\10\Redist\ucrt\DLLs\x64\api-ms-win-core-debug-l1-1-0.dll
0x00000268b0ff0000 - 0x00000268b0ff3000 	C:\Program Files (x86)\Windows Kits\10\Redist\ucrt\DLLs\x64\api-ms-win-core-rtlsupport-l1-1-0.dll
0x00000268f6fd0000 - 0x00000268f6fd3000 	C:\Program Files (x86)\Windows Kits\10\Redist\ucrt\DLLs\x64\api-ms-win-core-processthreads-l1-1-1.dll
0x00000268f6fe0000 - 0x00000268f6fe3000 	C:\Program Files (x86)\Windows Kits\10\Redist\ucrt\DLLs\x64\api-ms-win-core-file-l1-2-0.dll
0x00000268f6ff0000 - 0x00000268f6ff3000 	C:\Program Files (x86)\Windows Kits\10\Redist\ucrt\DLLs\x64\api-ms-win-core-profile-l1-1-0.dll
0x00000268f7000000 - 0x00000268f7003000 	C:\Program Files (x86)\Windows Kits\10\Redist\ucrt\DLLs\x64\api-ms-win-core-memory-l1-1-0.dll
0x00000268f7010000 - 0x00000268f7013000 	C:\Program Files (x86)\Windows Kits\10\Redist\ucrt\DLLs\x64\api-ms-win-core-util-l1-1-0.dll
0x00000268f7ff0000 - 0x00000268f7ff3000 	C:\Program Files (x86)\Windows Kits\10\Redist\ucrt\DLLs\x64\api-ms-win-core-interlocked-l1-1-0.dll
0x00007fff25680000 - 0x00007fff25772000 	C:\Program Files (x86)\Windows Kits\10\Redist\ucrt\DLLs\x64\ucrtbase.dll
0x00007fff4c010000 - 0x00007fff4c019000 	C:\Windows\System32\msvcp140_1.dll
0x00007fff27fe0000 - 0x00007fff2802d000 	C:\Windows\System32\concrt140.dll
0x00007fff27fa0000 - 0x00007fff27fd1000 	C:\Windows\System32\vcomp140.dll
0x00007fff2b720000 - 0x00007fff2b820000 	C:\Windows\System32\opengl32.dll
0x00007fff2b6b0000 - 0x00007fff2b6dd000 	C:\WINDOWS\SYSTEM32\GLU32.dll
0x00007fff51bb0000 - 0x00007fff51be9000 	C:\WINDOWS\SYSTEM32\dxcore.dll
0x00007fff0c520000 - 0x00007fff0c73d000 	C:\Users\luczu\.javacpp\cache\jaylib-4.5.0-0.jar\com\raylib\windows-x86_64\jniRaylib.dll
0x00007ffe93720000 - 0x00007ffe93766000 	C:\WINDOWS\SYSTEM32\dinput8.dll
0x00007fff2a860000 - 0x00007fff2a871000 	C:\WINDOWS\SYSTEM32\xinput1_4.dll
0x00007fff54660000 - 0x00007fff546ae000 	C:\WINDOWS\SYSTEM32\cfgmgr32.dll
0x00007fff54630000 - 0x00007fff5465c000 	C:\WINDOWS\SYSTEM32\DEVOBJ.dll
0x00007fff51dd0000 - 0x00007fff51dfb000 	C:\WINDOWS\SYSTEM32\dwmapi.dll
0x00007fff320a0000 - 0x00007fff322aa000 	C:\WINDOWS\SYSTEM32\inputhost.dll
0x00007fff4ee40000 - 0x00007fff4ef74000 	C:\WINDOWS\SYSTEM32\CoreMessaging.dll
0x00007fff4f230000 - 0x00007fff4f2db000 	C:\WINDOWS\system32\uxtheme.dll
0x00007fff56bf0000 - 0x00007fff56d44000 	C:\WINDOWS\System32\MSCTF.dll
0x00007fff54190000 - 0x00007fff5419c000 	C:\WINDOWS\SYSTEM32\CRYPTBASE.DLL
0x00007fff53190000 - 0x00007fff5319e000 	C:\WINDOWS\SYSTEM32\HID.DLL
0x00007fff56680000 - 0x00007fff56af4000 	C:\WINDOWS\System32\SETUPAPI.DLL
0x00007fff552e0000 - 0x00007fff5534b000 	C:\WINDOWS\System32\WINTRUST.dll
0x00007fff55050000 - 0x00007fff551b6000 	C:\WINDOWS\System32\CRYPT32.dll
0x00007fff54610000 - 0x00007fff54622000 	C:\WINDOWS\SYSTEM32\MSASN1.dll
0x00007fff4b7a0000 - 0x00007fff4b7ea000 	C:\WINDOWS\SYSTEM32\directxdatabasehelper.dll
0x00007fff55bf0000 - 0x00007fff55ca0000 	C:\WINDOWS\System32\clbcatq.dll
0x00007ffe23200000 - 0x00007ffe25df0000 	C:\WINDOWS\System32\DriverStore\FileRepository\nvhm.inf_amd64_28ac5867493a0477\nvoglv64.dll
0x00007fff56d50000 - 0x00007fff56eef000 	C:\WINDOWS\System32\ole32.dll
0x00007fff53850000 - 0x00007fff53864000 	C:\WINDOWS\SYSTEM32\WTSAPI32.dll
0x00007fff47170000 - 0x00007fff471a2000 	C:\WINDOWS\SYSTEM32\cryptnet.dll
0x00007fff47330000 - 0x00007fff47488000 	C:\WINDOWS\SYSTEM32\drvstore.dll
0x00007fff54220000 - 0x00007fff5426b000 	C:\WINDOWS\SYSTEM32\wldp.dll
0x00007fff57540000 - 0x00007fff5755f000 	C:\WINDOWS\System32\imagehlp.dll
0x00007fff54170000 - 0x00007fff5418b000 	C:\WINDOWS\SYSTEM32\CRYPTSP.dll
0x00007fff53a00000 - 0x00007fff53a35000 	C:\WINDOWS\system32\rsaenh.dll
0x00007fff53fb0000 - 0x00007fff53fd6000 	C:\WINDOWS\SYSTEM32\gpapi.dll
0x00007fff089d0000 - 0x00007fff0abbb000 	C:\WINDOWS\System32\DriverStore\FileRepository\nvhm.inf_amd64_28ac5867493a0477\nvgpucomp64.dll
0x00007fff53ac0000 - 0x00007fff53af4000 	C:\WINDOWS\SYSTEM32\ntmarta.dll
0x00007ffeadc80000 - 0x00007ffeadf43000 	C:\WINDOWS\system32\nvspcap64.dll
0x00007fff533f0000 - 0x00007fff53456000 	C:\WINDOWS\SYSTEM32\WINSTA.dll

dbghelp: loaded successfully - version: 4.0.5 - missing functions: none
symbol engine: initialized successfully - sym options: 0x614 - pdb path: .;C:\Users\luczu\.jdks\corretto-17.0.10\bin;C:\WINDOWS\SYSTEM32;C:\WINDOWS\WinSxS\amd64_microsoft.windows.common-controls_6595b64144ccf1df_6.0.22621.3235_none_270f74e173860f98;C:\Users\luczu\.jdks\corretto-17.0.10\bin\server;C:\Program Files (x86)\Windows Kits\10\Redist\ucrt\DLLs\x64;C:\Program Files\Microsoft\jdk-11.0.12.7-hotspot\bin;C:\Users\luczu\.javacpp\cache\jaylib-4.5.0-0.jar\com\raylib\windows-x86_64;C:\WINDOWS\System32\DriverStore\FileRepository\nvhm.inf_amd64_28ac5867493a0477;C:\WINDOWS\System32\DriverStore\FileRepository\iigd_dch.inf_amd64_0fdf6ce291234272

VM Arguments:
jvm_args: -Dfile.encoding=windows-1252 -Duser.country=NL -Duser.language=nl -Duser.variant 
java_command: PineVille.GameScene
java_class_path (initial): C:\Users\luczu\OneDrive\Documenten\PineVille\build\classes\java\main;C:\Users\luczu\OneDrive\Documenten\PineVille\build\resources\main;C:\Users\luczu\.gradle\caches\modules-2\files-2.1\uk.co.electronstudio.jaylib\jaylib\4.5.0-0\90c0d608df9bbd32f5f34683acc58cb433e94508\jaylib-4.5.0-0.jar
Launcher Type: SUN_STANDARD

[Global flags]
     intx CICompilerCount                          = 12                                        {product} {ergonomic}
     uint ConcGCThreads                            = 3                                         {product} {ergonomic}
     uint G1ConcRefinementThreads                  = 13                                        {product} {ergonomic}
   size_t G1HeapRegionSize                         = 2097152                                   {product} {ergonomic}
    uintx GCDrainStackTargetSize                   = 64                                        {product} {ergonomic}
   size_t InitialHeapSize                          = 264241152                                 {product} {ergonomic}
   size_t MarkStackSize                            = 4194304                                   {product} {ergonomic}
   size_t MaxHeapSize                              = 4200595456                                {product} {ergonomic}
   size_t MaxNewSize                               = 2518679552                                {product} {ergonomic}
   size_t MinHeapDeltaBytes                        = 2097152                                   {product} {ergonomic}
   size_t MinHeapSize                              = 8388608                                   {product} {ergonomic}
    uintx NonNMethodCodeHeapSize                   = 7602480                                {pd product} {ergonomic}
    uintx NonProfiledCodeHeapSize                  = 122027880                              {pd product} {ergonomic}
    uintx ProfiledCodeHeapSize                     = 122027880                              {pd product} {ergonomic}
    uintx ReservedCodeCacheSize                    = 251658240                              {pd product} {ergonomic}
     bool SegmentedCodeCache                       = true                                      {product} {ergonomic}
   size_t SoftMaxHeapSize                          = 4200595456                             {manageable} {ergonomic}
     bool UseCompressedClassPointers               = true                           {product lp64_product} {ergonomic}
     bool UseCompressedOops                        = true                           {product lp64_product} {ergonomic}
     bool UseG1GC                                  = true                                      {product} {ergonomic}
     bool UseLargePagesIndividualAllocation        = false                                  {pd product} {ergonomic}

Logging:
Log output configuration:
 #0: stdout all=warning uptime,level,tags
 #1: stderr all=off uptime,level,tags

Environment Variables:
PATH=C:\Program Files (x86)\Common Files\Intel\Shared Libraries\redist\intel64\compiler;C:\Program Files\Common Files\Oracle\Java\javapath;C:\Program Files\Microsoft\jdk-11.0.12.7-hotspot\bin;C:\windows\system32;C:\windows;C:\windows\System32\Wbem;C:\windows\System32\WindowsPowerShell\v1.0\;C:\windows\System32\OpenSSH\;C:\Program Files (x86)\NVIDIA Corporation\PhysX\Common;C:\Program Files\NVIDIA Corporation\NVIDIA NvDLISR;C:\Program Files\Microsoft SQL Server\150\Tools\Binn\;C:\Program Files\Microsoft SQL Server\Client SDK\ODBC\170\Tools\Binn\;C:\Program Files\dotnet\;C:\WINDOWS\system32;C:\WINDOWS;C:\WINDOWS\System32\Wbem;C:\WINDOWS\System32\WindowsPowerShell\v1.0\;C:\WINDOWS\System32\OpenSSH\;C:\Program Files\CMake\bin;C:\Program Files\Git\cmd;C:\Users\luczu\AppData\Local\Microsoft\WindowsApps;C:\Users\luczu\.dotnet\tools;C:\Users\luczu\AppData\Local\GitHubDesktop\bin;;C:\Users\luczu\AppData\Local\Programs\Microsoft VS Code\bin
USERNAME=luczu
OS=Windows_NT
PROCESSOR_IDENTIFIER=Intel64 Family 6 Model 141 Stepping 1, GenuineIntel
TMP=C:\Users\luczu\AppData\Local\Temp
TEMP=C:\Users\luczu\AppData\Local\Temp



Periodic native trim disabled


---------------  S Y S T E M  ---------------

OS:
 Windows 11 , 64 bit Build 22621 (10.0.22621.3235)
OS uptime: 0 days 1:00 hours
Hyper-V role detected

CPU: total 16 (initial active 16) (8 cores per cpu, 2 threads per core) family 6 model 141 stepping 1 microcode 0x4e, cx8, cmov, fxsr, ht, mmx, 3dnowpref, sse, sse2, sse3, ssse3, sse4.1, sse4.2, popcnt, lzcnt, tsc, tscinvbit, avx, avx2, aes, erms, clmul, bmi1, bmi2, adx, avx512f, avx512dq, avx512cd, avx512bw, avx512vl, sha, fma, vzeroupper, avx512_vpopcntdq, avx512_vpclmulqdq, avx512_vaes, avx512_vnni, clflush, clflushopt, clwb, avx512_vbmi2, avx512_vbmi, hv
Processor Information for all 16 processors :
  Max Mhz: 2304, Current Mhz: 2304, Mhz Limit: 2304

Memory: 4k page, system-wide physical 16021M (3886M free)
TotalPageFile size 32043M (AvailPageFile size 12388M)
current process WorkingSet (physical memory assigned to process): 125M, peak: 213M
current process commit charge ("private bytes"): 510M, peak: 617M

vm_info: OpenJDK 64-Bit Server VM (17.0.10+7-LTS) for windows-amd64 JRE (17.0.10+7-LTS), built on Jan 10 2024 22:11:07 by "Administrator" with MS VC++ 16.10 / 16.11 (VS2019)

END.
