#
# A fatal error has been detected by the Java Runtime Environment:
#
#  EXCEPTION_ACCESS_VIOLATION (0xc0000005) at pc=0x00007ff800cfeba5, pid=8248, tid=24252
#
# JRE version: OpenJDK Runtime Environment Corretto-17.0.10.7.1 (17.0.10+7) (build 17.0.10+7-LTS)
# Java VM: OpenJDK 64-Bit Server VM Corretto-17.0.10.7.1 (17.0.10+7-LTS, mixed mode, sharing, tiered, compressed oops, compressed class ptrs, g1 gc, windows-amd64)
# Problematic frame:
# C  [jniRaylib.dll+0x13eba5]
#
# No core dump will be written. Minidumps are not enabled by default on client versions of Windows
#
# If you would like to submit a bug report, please visit:
#   https://github.com/corretto/corretto-17/issues/
# The crash happened outside the Java Virtual Machine in native code.
# See problematic frame for where to report the bug.
#

---------------  S U M M A R Y ------------

Command Line: -Dfile.encoding=windows-1252 -Duser.country=NL -Duser.language=nl -Duser.variant PineVille.MenuScene

Host: 11th Gen Intel(R) Core(TM) i7-11800H @ 2.30GHz, 16 cores, 15G,  Windows 11 , 64 bit Build 22621 (10.0.22621.2506)
Time: Wed Feb 14 13:19:39 2024 West-Europa (standaardtijd) elapsed time: 39.001476 seconds (0d 0h 0m 39s)

---------------  T H R E A D  ---------------

Current thread (0x00000209caaab760):  JavaThread "main" [_thread_in_native, id=24252, stack(0x0000006643400000,0x0000006643500000)]

Stack: [0x0000006643400000,0x0000006643500000],  sp=0x00000066434ff048,  free space=1020k
Native frames: (J=compiled Java code, j=interpreted, Vv=VM code, C=native code)
C  [jniRaylib.dll+0x13eba5]

Java frames: (J=compiled Java code, j=interpreted, Vv=VM code)
J 755  com.raylib.Raylib.GuiButton(Lcom/raylib/Raylib$Rectangle;Ljava/lang/String;)Z (0 bytes) @ 0x00000209da1f1e8e [0x00000209da1f1e20+0x000000000000006e]
j  PineVille.MenuScene.main([Ljava/lang/String;)V+89
v  ~StubRoutines::call_stub

siginfo: EXCEPTION_ACCESS_VIOLATION (0xc0000005), reading address 0x00000209f61ec4a0


Registers:
RAX=0x0000000000000000, RBX=0x0000000000000004, RCX=0x00000209f61ec4a0, RDX=0x0000000000000051
RSP=0x00000066434ff048, RBP=0x00000000ffffffff, RSI=0x00000209f488d270, RDI=0x0000000000000000
R8 =0x0000000000000000, R9 =0x00000000000000e0, R10=0x00000209f488d270, R11=0x00000066434ff1d0
R12=0x00007ff800dc98c0, R13=0x0000000000000001, R14=0x00000209f488d270, R15=0x0000000000000000
RIP=0x00007ff800cfeba5, EFLAGS=0x0000000000010202


Register to memory mapping:

RIP=0x00007ff800cfeba5 jniRaylib.dll
RAX=0x0 is NULL
RBX=0x0000000000000004 is an unknown value
RCX=0x00000209f61ec4a0 is an unknown value
RDX=0x0000000000000051 is an unknown value
RSP=0x00000066434ff048 is pointing into the stack for thread: 0x00000209caaab760
RBP=0x00000000ffffffff is an unknown value
RSI=0x00000209f488d270 points into unknown readable memory: 0x00646e0074697551 | 51 75 69 74 00 6e 64 00
RDI=0x0 is NULL
R8 =0x0 is NULL
R9 =0x00000000000000e0 is an unknown value
R10=0x00000209f488d270 points into unknown readable memory: 0x00646e0074697551 | 51 75 69 74 00 6e 64 00
R11=0x00000066434ff1d0 is pointing into the stack for thread: 0x00000209caaab760
R12=0x00007ff800dc98c0 jniRaylib.dll
R13=0x0000000000000001 is an unknown value
R14=0x00000209f488d270 points into unknown readable memory: 0x00646e0074697551 | 51 75 69 74 00 6e 64 00
R15=0x0 is NULL


Top of Stack: (sp=0x00000066434ff048)
0x00000066434ff048:   00007ff800bd1834 00000209f4b0de30
0x00000066434ff058:   00000209c86e8910 00000209caaab760
0x00000066434ff068:   00007fffe9681185 000000e00000000a
0x00000066434ff078:   0000000200000000 0000008000000080
0x00000066434ff088:   0000000200000001 00000209f63da2b0
0x00000066434ff098:   00000209f61ec4a0 0000000044320000
0x00000066434ff0a8:   0000000000000000 0000000044528000
0x00000066434ff0b8:   0000000000000000 00000209f488d270
0x00000066434ff0c8:   00000000ffffffff 00000066434ff280
0x00000066434ff0d8:   0000000000000000 000000000000003c
0x00000066434ff0e8:   00007ff800bd1d40 0000000000000001
0x00000066434ff0f8:   0000000000000000 00000000ff686868
0x00000066434ff108:   000002090000000c 0000000000000005
0x00000066434ff118:   00007fff00000000 0000000000000000
0x00000066434ff128:   00007fffe9670181 0000000000000000
0x00000066434ff138:   0000000000000000 0000000000000000
0x00000066434ff148:   0000000000000000 0000000000000000
0x00000066434ff158:   0000000000000000 0000000000000000
0x00000066434ff168:   0000000000000000 0000000000000000
0x00000066434ff178:   0000000000000000 0000000000000000
0x00000066434ff188:   0000000000000000 0000000000000000
0x00000066434ff198:   0000000000000000 0000000000000000
0x00000066434ff1a8:   0000000000000000 0000000000000000
0x00000066434ff1b8:   0000000000000000 0000000000000000
0x00000066434ff1c8:   0000000000000000 0000000000000000
0x00000066434ff1d8:   0000000000000000 0000000000000000
0x00000066434ff1e8:   0000000000000000 0000000000000000
0x00000066434ff1f8:   0000000000000000 0000000000000000
0x00000066434ff208:   0000000000000000 0000000000000000
0x00000066434ff218:   0000000000000000 00007ff800dc9180
0x00000066434ff228:   0000000000000000 0000000000000000
0x00000066434ff238:   00000209f488d270 00000066434ff2f0 

Instructions: (pc=0x00007ff800cfeba5)
0x00007ff800cfeaa5:   8b c0 c3 cc cc cc cc cc cc cc cc 40 53 48 83 ec
0x00007ff800cfeab5:   20 33 c0 48 8b da 89 44 24 30 89 02 0f b6 41 ff
0x00007ff800cfeac5:   48 ff c9 84 c0 79 06 24 c0 3c 80 74 ef 48 8d 54
0x00007ff800cfead5:   24 30 e8 24 ff ff ff 85 c0 74 06 8b 4c 24 30 89
0x00007ff800cfeae5:   0b 48 83 c4 20 5b c3 cc cc cc cc 0f 10 05 09 b0
0x00007ff800cfeaf5:   0b 00 48 8b c1 0f 10 0d 0f b0 0b 00 0f 11 01 0f
0x00007ff800cfeb05:   10 05 15 b0 0b 00 0f 11 49 10 0f 11 41 20 c3 cc
0x00007ff800cfeb15:   cc cc cc cc cc cc cc cc cc cc cc 40 53 48 83 ec
0x00007ff800cfeb25:   30 0f 10 12 45 8b c8 33 c0 0f 10 4a 20 4c 8b da
0x00007ff800cfeb35:   48 8b d9 66 49 0f 7e d0 0f 29 14 24 49 c1 e8 20
0x00007ff800cfeb45:   44 8d 50 3f 0f 29 4c 24 20 45 85 c0 7e 21 48 8b
0x00007ff800cfeb55:   4c 24 28 8b 54 24 04 0f 1f 40 00 44 39 09 74 0c
0x00007ff800cfeb65:   ff c0 48 83 c1 28 3b c2 7c f1 eb 03 44 8b d0 49
0x00007ff800cfeb75:   8b 43 20 49 63 ca 48 03 c9 0f 10 04 c8 48 8b c3
0x00007ff800cfeb85:   0f 11 03 48 83 c4 30 5b c3 cc cc 4c 63 41 04 33
0x00007ff800cfeb95:   c0 45 85 c0 7e 1c 48 8b 49 28 4d 8b c8 44 8b c0
0x00007ff800cfeba5:   39 11 74 13 ff c0 49 ff c0 48 83 c1 28 4d 3b c1
0x00007ff800cfebb5:   7c ee b8 3f 00 00 00 c3 cc cc cc 40 53 48 83 ec
0x00007ff800cfebc5:   30 0f 10 12 45 8b c8 33 c0 0f 10 4a 20 48 8b da
0x00007ff800cfebd5:   4c 8b d1 66 49 0f 7e d0 0f 29 14 24 49 c1 e8 20
0x00007ff800cfebe5:   44 8d 58 3f 0f 29 4c 24 20 45 85 c0 7e 21 48 8b
0x00007ff800cfebf5:   4c 24 28 8b 54 24 04 0f 1f 40 00 44 39 09 74 0c
0x00007ff800cfec05:   ff c0 48 83 c1 28 3b c2 7c f1 eb 03 44 8b d8 49
0x00007ff800cfec15:   63 c3 48 8d 0c 80 48 8b 43 28 0f 10 04 c8 0f 10
0x00007ff800cfec25:   4c c8 10 41 0f 11 02 f2 0f 10 44 c8 20 49 8b c2
0x00007ff800cfec35:   41 0f 11 4a 10 f2 41 0f 11 42 20 48 83 c4 30 5b
0x00007ff800cfec45:   c3 cc cc cc cc cc cc cc cc cc cc 83 79 0c 00 76
0x00007ff800cfec55:   1c 83 39 00 7e 17 83 79 04 00 7e 11 48 83 79 20
0x00007ff800cfec65:   00 74 0a 48 83 79 28 00 74 03 b0 01 c3 32 c0 c3
0x00007ff800cfec75:   cc cc cc cc cc cc cc cc cc cc cc 40 55 56 57 41
0x00007ff800cfec85:   55 41 56 48 8d ac 24 30 fe ff ff 48 81 ec d0 02
0x00007ff800cfec95:   00 00 48 8b 05 da f0 0a 00 48 33 c4 48 89 85 a0 


Stack slot to memory mapping:
stack at sp + 0 slots: 0x00007ff800bd1834 jniRaylib.dll
stack at sp + 1 slots: 0x00000209f4b0de30 points into unknown readable memory: 0x00000209c87b6a80 | 80 6a 7b c8 09 02 00 00
stack at sp + 2 slots: 0x00000209c86e8910 points into unknown readable memory: 0x7372657300000002 | 02 00 00 00 73 65 72 73
stack at sp + 3 slots: 0x00000209caaab760 is a thread
stack at sp + 4 slots: 0x00007fffe9681185 jvm.dll
stack at sp + 5 slots: 0x000000e00000000a is an unknown value
stack at sp + 6 slots: 0x0000000200000000 is an unknown value
stack at sp + 7 slots: 0x0000008000000080 is an unknown value


Compiled method (n/a)   39187  755     n 0       com.raylib.Raylib::GuiButton (native)
 total in heap  [0x00000209da1f1c90,0x00000209da1f2090] = 1024
 relocation     [0x00000209da1f1de8,0x00000209da1f1e18] = 48
 main code      [0x00000209da1f1e20,0x00000209da1f2088] = 616
 oops           [0x00000209da1f2088,0x00000209da1f2090] = 8

[Constant Pool (empty)]

[MachCode]
[Entry Point]
  # {method} {0x00000209ef443580} 'GuiButton' '(Lcom/raylib/Raylib$Rectangle;Ljava/lang/String;)Z' in 'com/raylib/Raylib'
  # parm0:    rdx:rdx   = 'com/raylib/Raylib$Rectangle'
  # parm1:    r8:r8     = 'java/lang/String'
  #           [sp+0x70]  (sp of caller)
  0x00000209da1f1e20: 448b 5208 | 49bb 0000 | 0080 0902 | 0000 4d03 | d349 3bc2 | 0f84 0600 

  0x00000209da1f1e38: ;   {runtime_call ic_miss_stub}
  0x00000209da1f1e38: 0000 e941 | f786 ff90 
[Verified Entry Point]
  0x00000209da1f1e40: 8984 2400 | 90ff ff55 | 488b ec48 | 83ec 604c | 8944 2428 | 4983 f800 | 4c8d 4c24 | 284c 0f44 
  0x00000209da1f1e60: 4c24 2848 | 8954 2420 | 4883 fa00 | 4c8d 4424 | 204c 0f44 

  0x00000209da1f1e74: ;   {oop(a 'java/lang/Class'{0x0000000713e00090} = 'com/raylib/Raylib')}
  0x00000209da1f1e74: 4424 2049 | be90 00e0 | 1307 0000 | 004c 8974 | 2450 4c8d | 7424 5049 | 8bd6 c5f8 

  0x00000209da1f1e90: ;   {internal_word}
  0x00000209da1f1e90: 7749 ba8e | 1e1f da09 | 0200 004d | 8997 a002 | 0000 4989 | a798 0200 

  0x00000209da1f1ea8: ;   {external_word}
  0x00000209da1f1ea8: 0049 ba79 | 35e1 e9ff | 7f00 0041 | 803a 000f | 8452 0000 | 0052 4150 

  0x00000209da1f1ec0: ;   {metadata({method} {0x00000209ef443580} 'GuiButton' '(Lcom/raylib/Raylib$Rectangle;Ljava/lang/String;)Z' in 'com/raylib/Raylib')}
  0x00000209da1f1ec0: 4151 48ba | 7835 44ef | 0902 0000 | 498b cf48 | 83ec 20f7 | c40f 0000 | 000f 841a | 0000 0048 
  0x00000209da1f1ee0: ;   {runtime_call}
  0x00000209da1f1ee0: 83ec 0849 | ba00 3097 | e9ff 7f00 | 0041 ffd2 | 4883 c408 | e90d 0000 

  0x00000209da1f1ef8: ;   {runtime_call}
  0x00000209da1f1ef8: 0049 ba00 | 3097 e9ff | 7f00 0041 | ffd2 4883 | c420 4159 | 4158 5a49 | 8d8f b802 | 0000 41c7 
  0x00000209da1f1f18: 8748 0300 | 0004 0000 

  0x00000209da1f1f20: ;   {runtime_call}
  0x00000209da1f1f20: 0049 ba10 | 11c2 00f8 | 7f00 0041 | ffd2 c5f8 | 7781 e0ff | 0000 000f | 95c0 41c7 | 8748 0300 
  0x00000209da1f1f40: 0005 0000 | 00f0 8344 | 24c0 0049 | 3baf 5003 | 0000 0f87 | 1100 0000 | 4181 bf38 | 0300 0000 
  0x00000209da1f1f60: 0000 000f | 842c 0000 | 00c5 f877 | 4889 45f8 | 498b cf4c | 8be4 4883 | ec20 4883 

  0x00000209da1f1f7c: ;   {runtime_call}
  0x00000209da1f1f7c: e4f0 49ba | 9044 a7e9 | ff7f 0000 | 41ff d249 | 8be4 4d33 | e448 8b45 | f841 c787 | 4803 0000 
  0x00000209da1f1f9c: 0800 0000 | 4181 bfb8 | 0300 0002 | 0000 000f | 84a3 0000 

  0x00000209da1f1fb0: ;   {external_word}
  0x00000209da1f1fb0: 0049 ba79 | 35e1 e9ff | 7f00 0041 | 803a 000f | 8450 0000 | 0048 8945 

  0x00000209da1f1fc8: ;   {metadata({method} {0x00000209ef443580} 'GuiButton' '(Lcom/raylib/Raylib$Rectangle;Ljava/lang/String;)Z' in 'com/raylib/Raylib')}
  0x00000209da1f1fc8: f848 ba78 | 3544 ef09 | 0200 0049 | 8bcf 4883 | ec20 f7c4 | 0f00 0000 | 0f84 1a00 | 0000 4883 
  0x00000209da1f1fe8: ;   {runtime_call}
  0x00000209da1f1fe8: ec08 49ba | 0030 97e9 | ff7f 0000 | 41ff d248 | 83c4 08e9 | 0d00 0000 

  0x00000209da1f2000: ;   {runtime_call}
  0x00000209da1f2000: 49ba 0030 | 97e9 ff7f | 0000 41ff | d248 83c4 | 2048 8b45 | f849 c787 | 9802 0000 | 0000 0000 
  0x00000209da1f2020: 49c7 87a0 | 0200 0000 | 0000 00c5 | f877 498b | 8fd8 0000 | 00c7 8100 | 0100 0000 | 0000 00c9 
  0x00000209da1f2040: 4981 7f08 | 0000 0000 | 0f85 0100 

  0x00000209da1f204c: ;   {runtime_call StubRoutines (1)}
  0x00000209da1f204c: 0000 c3e9 | acee 81ff | c5f8 7748 | 8945 f84c | 8be4 4883 | ec20 4883 

  0x00000209da1f2064: ;   {runtime_call}
  0x00000209da1f2064: e4f0 49ba | 8060 97e9 | ff7f 0000 | 41ff d249 | 8be4 4d33 | e448 8b45 | f8e9 2fff | ffff f4f4 
  0x00000209da1f2084: f4f4 f4f4 
[/MachCode]


---------------  P R O C E S S  ---------------

Threads class SMR info:
_java_thread_list=0x00000209f63d65d0, length=13, elements={
0x00000209caaab760, 0x00000209ee2f51d0, 0x00000209ee2f5d90, 0x00000209ee30b730,
0x00000209ee30c2f0, 0x00000209ee30ecc0, 0x00000209ee311690, 0x00000209ee3234e0,
0x00000209ee324ef0, 0x00000209ee326cf0, 0x00000209ee481d40, 0x00000209ee491910,
0x00000209f38ca9d0
}

Java Threads: ( => current thread )
=>0x00000209caaab760 JavaThread "main" [_thread_in_native, id=24252, stack(0x0000006643400000,0x0000006643500000)]
  0x00000209ee2f51d0 JavaThread "Reference Handler" daemon [_thread_blocked, id=8104, stack(0x0000006643b00000,0x0000006643c00000)]
  0x00000209ee2f5d90 JavaThread "Finalizer" daemon [_thread_blocked, id=32128, stack(0x0000006643c00000,0x0000006643d00000)]
  0x00000209ee30b730 JavaThread "Signal Dispatcher" daemon [_thread_blocked, id=5564, stack(0x0000006643d00000,0x0000006643e00000)]
  0x00000209ee30c2f0 JavaThread "Attach Listener" daemon [_thread_blocked, id=8748, stack(0x0000006643e00000,0x0000006643f00000)]
  0x00000209ee30ecc0 JavaThread "Service Thread" daemon [_thread_blocked, id=30272, stack(0x0000006643f00000,0x0000006644000000)]
  0x00000209ee311690 JavaThread "Monitor Deflation Thread" daemon [_thread_blocked, id=824, stack(0x0000006644000000,0x0000006644100000)]
  0x00000209ee3234e0 JavaThread "C2 CompilerThread0" daemon [_thread_blocked, id=1888, stack(0x0000006644100000,0x0000006644200000)]
  0x00000209ee324ef0 JavaThread "C1 CompilerThread0" daemon [_thread_blocked, id=7676, stack(0x0000006644200000,0x0000006644300000)]
  0x00000209ee326cf0 JavaThread "Sweeper thread" daemon [_thread_blocked, id=14232, stack(0x0000006644300000,0x0000006644400000)]
  0x00000209ee481d40 JavaThread "Notification Thread" daemon [_thread_blocked, id=31876, stack(0x0000006644700000,0x0000006644800000)]
  0x00000209ee491910 JavaThread "Common-Cleaner" daemon [_thread_blocked, id=2784, stack(0x0000006644900000,0x0000006644a00000)]
  0x00000209f38ca9d0 JavaThread "JavaCPP Deallocator" daemon [_thread_blocked, id=23480, stack(0x0000006644d00000,0x0000006644e00000)]

Other Threads:
  0x00000209ee0cd5d0 VMThread "VM Thread" [stack: 0x0000006643a00000,0x0000006643b00000] [id=7468]
  0x00000209ee48e640 WatcherThread [stack: 0x0000006644800000,0x0000006644900000] [id=14492]
  0x00000209cab17280 GCTaskThread "GC Thread#0" [stack: 0x0000006643500000,0x0000006643600000] [id=24368]
  0x00000209f4377650 GCTaskThread "GC Thread#1" [stack: 0x0000006644e00000,0x0000006644f00000] [id=26256]
  0x00000209f4938820 GCTaskThread "GC Thread#2" [stack: 0x0000006644f00000,0x0000006645000000] [id=25032]
  0x00000209f3779e80 GCTaskThread "GC Thread#3" [stack: 0x0000006645000000,0x0000006645100000] [id=2596]
  0x00000209f3f50de0 GCTaskThread "GC Thread#4" [stack: 0x0000006645100000,0x0000006645200000] [id=10284]
  0x00000209f45d0be0 GCTaskThread "GC Thread#5" [stack: 0x0000006645200000,0x0000006645300000] [id=13980]
  0x00000209cab27c20 ConcurrentGCThread "G1 Main Marker" [stack: 0x0000006643600000,0x0000006643700000] [id=13556]
  0x00000209cab29650 ConcurrentGCThread "G1 Conc#0" [stack: 0x0000006643700000,0x0000006643800000] [id=11868]
  0x00000209edf89e30 ConcurrentGCThread "G1 Refine#0" [stack: 0x0000006643800000,0x0000006643900000] [id=32124]
  0x00000209edf8a860 ConcurrentGCThread "G1 Service" [stack: 0x0000006643900000,0x0000006643a00000] [id=3524]

Threads with active compile tasks:

VM state: not at safepoint (normal execution)

VM Mutex/Monitor currently owned by a thread: None

Heap address: 0x0000000705a00000, size: 4006 MB, Compressed Oops mode: Zero based, Oop shift amount: 3

CDS archive(s) mapped at: [0x0000020980000000-0x0000020980bb0000-0x0000020980bb0000), size 12255232, SharedBaseAddress: 0x0000020980000000, ArchiveRelocationMode: 1.
Compressed class space mapped at: 0x0000020981000000-0x00000209c1000000, reserved size: 1073741824
Narrow klass base: 0x0000020980000000, Narrow klass shift: 0, Narrow klass range: 0x100000000

GC Precious Log:
 CPUs: 16 total, 16 available
 Memory: 16021M
 Large Page Support: Disabled
 NUMA Support: Disabled
 Compressed Oops: Enabled (Zero based)
 Heap Region Size: 2M
 Heap Min Capacity: 8M
 Heap Initial Capacity: 252M
 Heap Max Capacity: 4006M
 Pre-touch: Disabled
 Parallel Workers: 13
 Concurrent Workers: 3
 Concurrent Refinement Workers: 13
 Periodic GC: Disabled

Heap:
 garbage-first heap   total 258048K, used 3658K [0x0000000705a00000, 0x0000000800000000)
  region size 2048K, 3 young (6144K), 1 survivors (2048K)
 Metaspace       used 2130K, committed 2304K, reserved 1114112K
  class space    used 180K, committed 256K, reserved 1048576K

Heap Regions: E=young(eden), S=young(survivor), O=old, HS=humongous(starts), HC=humongous(continues), CS=collection set, F=free, OA=open archive, CA=closed archive, TAMS=top-at-mark-start (previous, next)
|   0|0x0000000705a00000, 0x0000000705a00000, 0x0000000705c00000|  0%| F|  |TAMS 0x0000000705a00000, 0x0000000705a00000| Untracked 
|   1|0x0000000705c00000, 0x0000000705c00000, 0x0000000705e00000|  0%| F|  |TAMS 0x0000000705c00000, 0x0000000705c00000| Untracked 
|   2|0x0000000705e00000, 0x0000000705e00000, 0x0000000706000000|  0%| F|  |TAMS 0x0000000705e00000, 0x0000000705e00000| Untracked 
|   3|0x0000000706000000, 0x0000000706000000, 0x0000000706200000|  0%| F|  |TAMS 0x0000000706000000, 0x0000000706000000| Untracked 
|   4|0x0000000706200000, 0x0000000706200000, 0x0000000706400000|  0%| F|  |TAMS 0x0000000706200000, 0x0000000706200000| Untracked 
|   5|0x0000000706400000, 0x0000000706400000, 0x0000000706600000|  0%| F|  |TAMS 0x0000000706400000, 0x0000000706400000| Untracked 
|   6|0x0000000706600000, 0x0000000706600000, 0x0000000706800000|  0%| F|  |TAMS 0x0000000706600000, 0x0000000706600000| Untracked 
|   7|0x0000000706800000, 0x0000000706800000, 0x0000000706a00000|  0%| F|  |TAMS 0x0000000706800000, 0x0000000706800000| Untracked 
|   8|0x0000000706a00000, 0x0000000706a00000, 0x0000000706c00000|  0%| F|  |TAMS 0x0000000706a00000, 0x0000000706a00000| Untracked 
|   9|0x0000000706c00000, 0x0000000706c00000, 0x0000000706e00000|  0%| F|  |TAMS 0x0000000706c00000, 0x0000000706c00000| Untracked 
|  10|0x0000000706e00000, 0x0000000706e00000, 0x0000000707000000|  0%| F|  |TAMS 0x0000000706e00000, 0x0000000706e00000| Untracked 
|  11|0x0000000707000000, 0x0000000707000000, 0x0000000707200000|  0%| F|  |TAMS 0x0000000707000000, 0x0000000707000000| Untracked 
|  12|0x0000000707200000, 0x0000000707200000, 0x0000000707400000|  0%| F|  |TAMS 0x0000000707200000, 0x0000000707200000| Untracked 
|  13|0x0000000707400000, 0x0000000707400000, 0x0000000707600000|  0%| F|  |TAMS 0x0000000707400000, 0x0000000707400000| Untracked 
|  14|0x0000000707600000, 0x0000000707600000, 0x0000000707800000|  0%| F|  |TAMS 0x0000000707600000, 0x0000000707600000| Untracked 
|  15|0x0000000707800000, 0x0000000707800000, 0x0000000707a00000|  0%| F|  |TAMS 0x0000000707800000, 0x0000000707800000| Untracked 
|  16|0x0000000707a00000, 0x0000000707a00000, 0x0000000707c00000|  0%| F|  |TAMS 0x0000000707a00000, 0x0000000707a00000| Untracked 
|  17|0x0000000707c00000, 0x0000000707c00000, 0x0000000707e00000|  0%| F|  |TAMS 0x0000000707c00000, 0x0000000707c00000| Untracked 
|  18|0x0000000707e00000, 0x0000000707e00000, 0x0000000708000000|  0%| F|  |TAMS 0x0000000707e00000, 0x0000000707e00000| Untracked 
|  19|0x0000000708000000, 0x0000000708000000, 0x0000000708200000|  0%| F|  |TAMS 0x0000000708000000, 0x0000000708000000| Untracked 
|  20|0x0000000708200000, 0x0000000708200000, 0x0000000708400000|  0%| F|  |TAMS 0x0000000708200000, 0x0000000708200000| Untracked 
|  21|0x0000000708400000, 0x0000000708400000, 0x0000000708600000|  0%| F|  |TAMS 0x0000000708400000, 0x0000000708400000| Untracked 
|  22|0x0000000708600000, 0x0000000708600000, 0x0000000708800000|  0%| F|  |TAMS 0x0000000708600000, 0x0000000708600000| Untracked 
|  23|0x0000000708800000, 0x0000000708800000, 0x0000000708a00000|  0%| F|  |TAMS 0x0000000708800000, 0x0000000708800000| Untracked 
|  24|0x0000000708a00000, 0x0000000708a00000, 0x0000000708c00000|  0%| F|  |TAMS 0x0000000708a00000, 0x0000000708a00000| Untracked 
|  25|0x0000000708c00000, 0x0000000708c00000, 0x0000000708e00000|  0%| F|  |TAMS 0x0000000708c00000, 0x0000000708c00000| Untracked 
|  26|0x0000000708e00000, 0x0000000708e00000, 0x0000000709000000|  0%| F|  |TAMS 0x0000000708e00000, 0x0000000708e00000| Untracked 
|  27|0x0000000709000000, 0x0000000709000000, 0x0000000709200000|  0%| F|  |TAMS 0x0000000709000000, 0x0000000709000000| Untracked 
|  28|0x0000000709200000, 0x0000000709200000, 0x0000000709400000|  0%| F|  |TAMS 0x0000000709200000, 0x0000000709200000| Untracked 
|  29|0x0000000709400000, 0x0000000709400000, 0x0000000709600000|  0%| F|  |TAMS 0x0000000709400000, 0x0000000709400000| Untracked 
|  30|0x0000000709600000, 0x0000000709600000, 0x0000000709800000|  0%| F|  |TAMS 0x0000000709600000, 0x0000000709600000| Untracked 
|  31|0x0000000709800000, 0x0000000709800000, 0x0000000709a00000|  0%| F|  |TAMS 0x0000000709800000, 0x0000000709800000| Untracked 
|  32|0x0000000709a00000, 0x0000000709a00000, 0x0000000709c00000|  0%| F|  |TAMS 0x0000000709a00000, 0x0000000709a00000| Untracked 
|  33|0x0000000709c00000, 0x0000000709c00000, 0x0000000709e00000|  0%| F|  |TAMS 0x0000000709c00000, 0x0000000709c00000| Untracked 
|  34|0x0000000709e00000, 0x0000000709e00000, 0x000000070a000000|  0%| F|  |TAMS 0x0000000709e00000, 0x0000000709e00000| Untracked 
|  35|0x000000070a000000, 0x000000070a000000, 0x000000070a200000|  0%| F|  |TAMS 0x000000070a000000, 0x000000070a000000| Untracked 
|  36|0x000000070a200000, 0x000000070a200000, 0x000000070a400000|  0%| F|  |TAMS 0x000000070a200000, 0x000000070a200000| Untracked 
|  37|0x000000070a400000, 0x000000070a400000, 0x000000070a600000|  0%| F|  |TAMS 0x000000070a400000, 0x000000070a400000| Untracked 
|  38|0x000000070a600000, 0x000000070a600000, 0x000000070a800000|  0%| F|  |TAMS 0x000000070a600000, 0x000000070a600000| Untracked 
|  39|0x000000070a800000, 0x000000070a800000, 0x000000070aa00000|  0%| F|  |TAMS 0x000000070a800000, 0x000000070a800000| Untracked 
|  40|0x000000070aa00000, 0x000000070aa00000, 0x000000070ac00000|  0%| F|  |TAMS 0x000000070aa00000, 0x000000070aa00000| Untracked 
|  41|0x000000070ac00000, 0x000000070ac00000, 0x000000070ae00000|  0%| F|  |TAMS 0x000000070ac00000, 0x000000070ac00000| Untracked 
|  42|0x000000070ae00000, 0x000000070ae00000, 0x000000070b000000|  0%| F|  |TAMS 0x000000070ae00000, 0x000000070ae00000| Untracked 
|  43|0x000000070b000000, 0x000000070b000000, 0x000000070b200000|  0%| F|  |TAMS 0x000000070b000000, 0x000000070b000000| Untracked 
|  44|0x000000070b200000, 0x000000070b200000, 0x000000070b400000|  0%| F|  |TAMS 0x000000070b200000, 0x000000070b200000| Untracked 
|  45|0x000000070b400000, 0x000000070b400000, 0x000000070b600000|  0%| F|  |TAMS 0x000000070b400000, 0x000000070b400000| Untracked 
|  46|0x000000070b600000, 0x000000070b600000, 0x000000070b800000|  0%| F|  |TAMS 0x000000070b600000, 0x000000070b600000| Untracked 
|  47|0x000000070b800000, 0x000000070b800000, 0x000000070ba00000|  0%| F|  |TAMS 0x000000070b800000, 0x000000070b800000| Untracked 
|  48|0x000000070ba00000, 0x000000070ba00000, 0x000000070bc00000|  0%| F|  |TAMS 0x000000070ba00000, 0x000000070ba00000| Untracked 
|  49|0x000000070bc00000, 0x000000070bc00000, 0x000000070be00000|  0%| F|  |TAMS 0x000000070bc00000, 0x000000070bc00000| Untracked 
|  50|0x000000070be00000, 0x000000070be00000, 0x000000070c000000|  0%| F|  |TAMS 0x000000070be00000, 0x000000070be00000| Untracked 
|  51|0x000000070c000000, 0x000000070c000000, 0x000000070c200000|  0%| F|  |TAMS 0x000000070c000000, 0x000000070c000000| Untracked 
|  52|0x000000070c200000, 0x000000070c200000, 0x000000070c400000|  0%| F|  |TAMS 0x000000070c200000, 0x000000070c200000| Untracked 
|  53|0x000000070c400000, 0x000000070c400000, 0x000000070c600000|  0%| F|  |TAMS 0x000000070c400000, 0x000000070c400000| Untracked 
|  54|0x000000070c600000, 0x000000070c600000, 0x000000070c800000|  0%| F|  |TAMS 0x000000070c600000, 0x000000070c600000| Untracked 
|  55|0x000000070c800000, 0x000000070c800000, 0x000000070ca00000|  0%| F|  |TAMS 0x000000070c800000, 0x000000070c800000| Untracked 
|  56|0x000000070ca00000, 0x000000070ca00000, 0x000000070cc00000|  0%| F|  |TAMS 0x000000070ca00000, 0x000000070ca00000| Untracked 
|  57|0x000000070cc00000, 0x000000070cc00000, 0x000000070ce00000|  0%| F|  |TAMS 0x000000070cc00000, 0x000000070cc00000| Untracked 
|  58|0x000000070ce00000, 0x000000070ce00000, 0x000000070d000000|  0%| F|  |TAMS 0x000000070ce00000, 0x000000070ce00000| Untracked 
|  59|0x000000070d000000, 0x000000070d000000, 0x000000070d200000|  0%| F|  |TAMS 0x000000070d000000, 0x000000070d000000| Untracked 
|  60|0x000000070d200000, 0x000000070d200000, 0x000000070d400000|  0%| F|  |TAMS 0x000000070d200000, 0x000000070d200000| Untracked 
|  61|0x000000070d400000, 0x000000070d400000, 0x000000070d600000|  0%| F|  |TAMS 0x000000070d400000, 0x000000070d400000| Untracked 
|  62|0x000000070d600000, 0x000000070d600000, 0x000000070d800000|  0%| F|  |TAMS 0x000000070d600000, 0x000000070d600000| Untracked 
|  63|0x000000070d800000, 0x000000070d800000, 0x000000070da00000|  0%| F|  |TAMS 0x000000070d800000, 0x000000070d800000| Untracked 
|  64|0x000000070da00000, 0x000000070da00000, 0x000000070dc00000|  0%| F|  |TAMS 0x000000070da00000, 0x000000070da00000| Untracked 
|  65|0x000000070dc00000, 0x000000070dc00000, 0x000000070de00000|  0%| F|  |TAMS 0x000000070dc00000, 0x000000070dc00000| Untracked 
|  66|0x000000070de00000, 0x000000070de00000, 0x000000070e000000|  0%| F|  |TAMS 0x000000070de00000, 0x000000070de00000| Untracked 
|  67|0x000000070e000000, 0x000000070e000000, 0x000000070e200000|  0%| F|  |TAMS 0x000000070e000000, 0x000000070e000000| Untracked 
|  68|0x000000070e200000, 0x000000070e200000, 0x000000070e400000|  0%| F|  |TAMS 0x000000070e200000, 0x000000070e200000| Untracked 
|  69|0x000000070e400000, 0x000000070e400000, 0x000000070e600000|  0%| F|  |TAMS 0x000000070e400000, 0x000000070e400000| Untracked 
|  70|0x000000070e600000, 0x000000070e600000, 0x000000070e800000|  0%| F|  |TAMS 0x000000070e600000, 0x000000070e600000| Untracked 
|  71|0x000000070e800000, 0x000000070e800000, 0x000000070ea00000|  0%| F|  |TAMS 0x000000070e800000, 0x000000070e800000| Untracked 
|  72|0x000000070ea00000, 0x000000070ea00000, 0x000000070ec00000|  0%| F|  |TAMS 0x000000070ea00000, 0x000000070ea00000| Untracked 
|  73|0x000000070ec00000, 0x000000070ec00000, 0x000000070ee00000|  0%| F|  |TAMS 0x000000070ec00000, 0x000000070ec00000| Untracked 
|  74|0x000000070ee00000, 0x000000070ee00000, 0x000000070f000000|  0%| F|  |TAMS 0x000000070ee00000, 0x000000070ee00000| Untracked 
|  75|0x000000070f000000, 0x000000070f000000, 0x000000070f200000|  0%| F|  |TAMS 0x000000070f000000, 0x000000070f000000| Untracked 
|  76|0x000000070f200000, 0x000000070f200000, 0x000000070f400000|  0%| F|  |TAMS 0x000000070f200000, 0x000000070f200000| Untracked 
|  77|0x000000070f400000, 0x000000070f400000, 0x000000070f600000|  0%| F|  |TAMS 0x000000070f400000, 0x000000070f400000| Untracked 
|  78|0x000000070f600000, 0x000000070f600000, 0x000000070f800000|  0%| F|  |TAMS 0x000000070f600000, 0x000000070f600000| Untracked 
|  79|0x000000070f800000, 0x000000070f800000, 0x000000070fa00000|  0%| F|  |TAMS 0x000000070f800000, 0x000000070f800000| Untracked 
|  80|0x000000070fa00000, 0x000000070fa00000, 0x000000070fc00000|  0%| F|  |TAMS 0x000000070fa00000, 0x000000070fa00000| Untracked 
|  81|0x000000070fc00000, 0x000000070fc00000, 0x000000070fe00000|  0%| F|  |TAMS 0x000000070fc00000, 0x000000070fc00000| Untracked 
|  82|0x000000070fe00000, 0x000000070fe00000, 0x0000000710000000|  0%| F|  |TAMS 0x000000070fe00000, 0x000000070fe00000| Untracked 
|  83|0x0000000710000000, 0x0000000710000000, 0x0000000710200000|  0%| F|  |TAMS 0x0000000710000000, 0x0000000710000000| Untracked 
|  84|0x0000000710200000, 0x0000000710200000, 0x0000000710400000|  0%| F|  |TAMS 0x0000000710200000, 0x0000000710200000| Untracked 
|  85|0x0000000710400000, 0x0000000710400000, 0x0000000710600000|  0%| F|  |TAMS 0x0000000710400000, 0x0000000710400000| Untracked 
|  86|0x0000000710600000, 0x0000000710600000, 0x0000000710800000|  0%| F|  |TAMS 0x0000000710600000, 0x0000000710600000| Untracked 
|  87|0x0000000710800000, 0x0000000710800000, 0x0000000710a00000|  0%| F|  |TAMS 0x0000000710800000, 0x0000000710800000| Untracked 
|  88|0x0000000710a00000, 0x0000000710a00000, 0x0000000710c00000|  0%| F|  |TAMS 0x0000000710a00000, 0x0000000710a00000| Untracked 
|  89|0x0000000710c00000, 0x0000000710c00000, 0x0000000710e00000|  0%| F|  |TAMS 0x0000000710c00000, 0x0000000710c00000| Untracked 
|  90|0x0000000710e00000, 0x0000000710e00000, 0x0000000711000000|  0%| F|  |TAMS 0x0000000710e00000, 0x0000000710e00000| Untracked 
|  91|0x0000000711000000, 0x0000000711000000, 0x0000000711200000|  0%| F|  |TAMS 0x0000000711000000, 0x0000000711000000| Untracked 
|  92|0x0000000711200000, 0x0000000711200000, 0x0000000711400000|  0%| F|  |TAMS 0x0000000711200000, 0x0000000711200000| Untracked 
|  93|0x0000000711400000, 0x0000000711400000, 0x0000000711600000|  0%| F|  |TAMS 0x0000000711400000, 0x0000000711400000| Untracked 
|  94|0x0000000711600000, 0x0000000711600000, 0x0000000711800000|  0%| F|  |TAMS 0x0000000711600000, 0x0000000711600000| Untracked 
|  95|0x0000000711800000, 0x0000000711800000, 0x0000000711a00000|  0%| F|  |TAMS 0x0000000711800000, 0x0000000711800000| Untracked 
|  96|0x0000000711a00000, 0x0000000711a00000, 0x0000000711c00000|  0%| F|  |TAMS 0x0000000711a00000, 0x0000000711a00000| Untracked 
|  97|0x0000000711c00000, 0x0000000711c00000, 0x0000000711e00000|  0%| F|  |TAMS 0x0000000711c00000, 0x0000000711c00000| Untracked 
|  98|0x0000000711e00000, 0x0000000711e00000, 0x0000000712000000|  0%| F|  |TAMS 0x0000000711e00000, 0x0000000711e00000| Untracked 
|  99|0x0000000712000000, 0x0000000712000000, 0x0000000712200000|  0%| F|  |TAMS 0x0000000712000000, 0x0000000712000000| Untracked 
| 100|0x0000000712200000, 0x0000000712200000, 0x0000000712400000|  0%| F|  |TAMS 0x0000000712200000, 0x0000000712200000| Untracked 
| 101|0x0000000712400000, 0x0000000712400000, 0x0000000712600000|  0%| F|  |TAMS 0x0000000712400000, 0x0000000712400000| Untracked 
| 102|0x0000000712600000, 0x0000000712600000, 0x0000000712800000|  0%| F|  |TAMS 0x0000000712600000, 0x0000000712600000| Untracked 
| 103|0x0000000712800000, 0x0000000712800000, 0x0000000712a00000|  0%| F|  |TAMS 0x0000000712800000, 0x0000000712800000| Untracked 
| 104|0x0000000712a00000, 0x0000000712a00000, 0x0000000712c00000|  0%| F|  |TAMS 0x0000000712a00000, 0x0000000712a00000| Untracked 
| 105|0x0000000712c00000, 0x0000000712c00000, 0x0000000712e00000|  0%| F|  |TAMS 0x0000000712c00000, 0x0000000712c00000| Untracked 
| 106|0x0000000712e00000, 0x0000000712e00000, 0x0000000713000000|  0%| F|  |TAMS 0x0000000712e00000, 0x0000000712e00000| Untracked 
| 107|0x0000000713000000, 0x0000000713000000, 0x0000000713200000|  0%| F|  |TAMS 0x0000000713000000, 0x0000000713000000| Untracked 
| 108|0x0000000713200000, 0x0000000713200000, 0x0000000713400000|  0%| F|  |TAMS 0x0000000713200000, 0x0000000713200000| Untracked 
| 109|0x0000000713400000, 0x0000000713400000, 0x0000000713600000|  0%| F|  |TAMS 0x0000000713400000, 0x0000000713400000| Untracked 
| 110|0x0000000713600000, 0x0000000713600000, 0x0000000713800000|  0%| F|  |TAMS 0x0000000713600000, 0x0000000713600000| Untracked 
| 111|0x0000000713800000, 0x0000000713800000, 0x0000000713a00000|  0%| F|  |TAMS 0x0000000713800000, 0x0000000713800000| Untracked 
| 112|0x0000000713a00000, 0x0000000713a00000, 0x0000000713c00000|  0%| F|  |TAMS 0x0000000713a00000, 0x0000000713a00000| Untracked 
| 113|0x0000000713c00000, 0x0000000713c00000, 0x0000000713e00000|  0%| F|  |TAMS 0x0000000713c00000, 0x0000000713c00000| Untracked 
| 114|0x0000000713e00000, 0x0000000713f92a40, 0x0000000714000000| 78%| S|CS|TAMS 0x0000000713e00000, 0x0000000713e00000| Complete 
| 115|0x0000000714000000, 0x0000000714000000, 0x0000000714200000|  0%| F|  |TAMS 0x0000000714000000, 0x0000000714000000| Untracked 
| 116|0x0000000714200000, 0x0000000714200000, 0x0000000714400000|  0%| F|  |TAMS 0x0000000714200000, 0x0000000714200000| Untracked 
| 117|0x0000000714400000, 0x0000000714400000, 0x0000000714600000|  0%| F|  |TAMS 0x0000000714400000, 0x0000000714400000| Untracked 
| 118|0x0000000714600000, 0x0000000714600000, 0x0000000714800000|  0%| F|  |TAMS 0x0000000714600000, 0x0000000714600000| Untracked 
| 119|0x0000000714800000, 0x0000000714800000, 0x0000000714a00000|  0%| F|  |TAMS 0x0000000714800000, 0x0000000714800000| Untracked 
| 120|0x0000000714a00000, 0x0000000714a00000, 0x0000000714c00000|  0%| F|  |TAMS 0x0000000714a00000, 0x0000000714a00000| Untracked 
| 121|0x0000000714c00000, 0x0000000714c00000, 0x0000000714e00000|  0%| F|  |TAMS 0x0000000714c00000, 0x0000000714c00000| Untracked 
| 122|0x0000000714e00000, 0x0000000714e00000, 0x0000000715000000|  0%| F|  |TAMS 0x0000000714e00000, 0x0000000714e00000| Untracked 
| 123|0x0000000715000000, 0x0000000715000000, 0x0000000715200000|  0%| F|  |TAMS 0x0000000715000000, 0x0000000715000000| Untracked 
| 124|0x0000000715200000, 0x0000000715389438, 0x0000000715400000| 76%| E|  |TAMS 0x0000000715200000, 0x0000000715200000| Complete 
| 125|0x0000000715400000, 0x0000000715600000, 0x0000000715600000|100%| E|CS|TAMS 0x0000000715400000, 0x0000000715400000| Complete 

Card table byte_map: [0x00000209e2620000,0x00000209e2e00000] _byte_map_base: 0x00000209dedf3000

Marking Bits (Prev, Next): (CMBitMap*) 0x00000209cab178a0, (CMBitMap*) 0x00000209cab178e0
 Prev Bits: [0x00000209e35e0000, 0x00000209e7478000)
 Next Bits: [0x00000209e7480000, 0x00000209eb318000)

Polling page: 0x00000209c89f0000

Metaspace:

Usage:
  Non-class:      1.90 MB used.
      Class:    180.95 KB used.
       Both:      2.08 MB used.

Virtual space:
  Non-class space:       64.00 MB reserved,       2.00 MB (  3%) committed,  1 nodes.
      Class space:        1.00 GB reserved,     256.00 KB ( <1%) committed,  1 nodes.
             Both:        1.06 GB reserved,       2.25 MB ( <1%) committed. 

Chunk freelists:
   Non-Class:  11.24 MB
       Class:  15.65 MB
        Both:  26.89 MB

MaxMetaspaceSize: unlimited
CompressedClassSpaceSize: 1.00 GB
Initial GC threshold: 21.00 MB
Current GC threshold: 21.00 MB
CDS: on
MetaspaceReclaimPolicy: balanced
 - commit_granule_bytes: 65536.
 - commit_granule_words: 8192.
 - virtual_space_node_default_size: 8388608.
 - enlarge_chunks_in_place: 1.
 - new_chunks_are_fully_committed: 0.
 - uncommit_free_chunks: 1.
 - use_allocation_guard: 0.
 - handle_deallocations: 1.


Internal statistics:

num_allocs_failed_limit: 0.
num_arena_births: 32.
num_arena_deaths: 0.
num_vsnodes_births: 2.
num_vsnodes_deaths: 0.
num_space_committed: 36.
num_space_uncommitted: 0.
num_chunks_returned_to_freelist: 0.
num_chunks_taken_from_freelist: 71.
num_chunk_merges: 0.
num_chunk_splits: 51.
num_chunks_enlarged: 38.
num_inconsistent_stats: 0.

CodeHeap 'non-profiled nmethods': size=119168Kb used=636Kb max_used=636Kb free=118531Kb
 bounds [0x00000209da160000, 0x00000209da3d0000, 0x00000209e15c0000]
CodeHeap 'profiled nmethods': size=119104Kb used=1410Kb max_used=1410Kb free=117693Kb
 bounds [0x00000209d25c0000, 0x00000209d2830000, 0x00000209d9a10000]
CodeHeap 'non-nmethods': size=7488Kb used=1158Kb max_used=2905Kb free=6329Kb
 bounds [0x00000209d9a10000, 0x00000209d9d00000, 0x00000209da160000]
 total_blobs=1296 nmethods=859 adapters=350
 compilation: enabled
              stopped_count=0, restarted_count=0
 full_count=0

Compilation events (20 events):
Event: 20.610 Thread 0x00000209ee324ef0  850       3       java.lang.invoke.DirectMethodHandle$Holder::invokeStatic (17 bytes)
Event: 20.611 Thread 0x00000209ee324ef0 nmethod 850 0x00000209d2720190 code [0x00000209d2720360, 0x00000209d2720878]
Event: 22.643 Thread 0x00000209ee3234e0  851       4       java.lang.ref.Reference::refersToImpl (6 bytes)
Event: 22.644 Thread 0x00000209ee3234e0 nmethod 851 0x00000209da1fb610 code [0x00000209da1fb780, 0x00000209da1fb818]
Event: 24.643 Thread 0x00000209ee3234e0  852       4       java.util.HashMap::getNode (150 bytes)
Event: 24.656 Thread 0x00000209ee3234e0 nmethod 852 0x00000209da1fb910 code [0x00000209da1fbac0, 0x00000209da1fc148]
Event: 28.277 Thread 0x00000209ee3234e0  853   !   4       java.util.WeakHashMap::expungeStaleEntries (139 bytes)
Event: 28.280 Thread 0x00000209ee3234e0 nmethod 853 0x00000209da1fc590 code [0x00000209da1fc720, 0x00000209da1fca28]
Event: 28.280 Thread 0x00000209ee3234e0  854       4       java.util.WeakHashMap::hash (28 bytes)
Event: 28.281 Thread 0x00000209ee3234e0 nmethod 854 0x00000209da1fcb90 code [0x00000209da1fcd20, 0x00000209da1fce38]
Event: 28.476 Thread 0x00000209ee3234e0  855       4       java.util.Arrays::copyOf (19 bytes)
Event: 28.480 Thread 0x00000209ee3234e0 nmethod 855 0x00000209da1fcf10 code [0x00000209da1fd0a0, 0x00000209da1fd3b8]
Event: 29.743 Thread 0x00000209ee3234e0  856       4       java.util.WeakHashMap::get (75 bytes)
Event: 29.748 Thread 0x00000209ee3234e0 nmethod 856 0x00000209da1fd490 code [0x00000209da1fd620, 0x00000209da1fdaa8]
Event: 29.911 Thread 0x00000209ee3234e0  857       4       java.util.HashMap::get (19 bytes)
Event: 29.921 Thread 0x00000209ee3234e0 nmethod 857 0x00000209da1fde10 code [0x00000209da1fdfc0, 0x00000209da1fe648]
Event: 37.243 Thread 0x00000209ee3234e0  858       4       java.lang.ThreadLocal::get (38 bytes)
Event: 37.245 Thread 0x00000209ee3234e0 nmethod 858 0x00000209da1fea90 code [0x00000209da1fec20, 0x00000209da1fed98]
Event: 38.676 Thread 0x00000209ee3234e0  859       4       java.lang.Object::equals (11 bytes)
Event: 38.677 Thread 0x00000209ee3234e0 nmethod 859 0x00000209da1fef90 code [0x00000209da1ff100, 0x00000209da1ff198]

GC Heap History (2 events):
Event: 0.995 GC heap before
{Heap before GC invocations=0 (full 0):
 garbage-first heap   total 258048K, used 20480K [0x0000000705a00000, 0x0000000800000000)
  region size 2048K, 11 young (22528K), 0 survivors (0K)
 Metaspace       used 1748K, committed 1856K, reserved 1114112K
  class space    used 130K, committed 192K, reserved 1048576K
}
Event: 1.000 GC heap after
{Heap after GC invocations=1 (full 0):
 garbage-first heap   total 258048K, used 1610K [0x0000000705a00000, 0x0000000800000000)
  region size 2048K, 1 young (2048K), 1 survivors (2048K)
 Metaspace       used 1748K, committed 1856K, reserved 1114112K
  class space    used 130K, committed 192K, reserved 1048576K
}

Dll operation events (20 events):
Event: 0.643 Loaded shared library C:\Program Files (x86)\Windows Kits\10\Redist\ucrt\DLLs\x64\api-ms-win-core-rtlsupport-l1-1-0.dll
Event: 0.657 Loaded shared library C:\Program Files (x86)\Windows Kits\10\Redist\ucrt\DLLs\x64\api-ms-win-core-processthreads-l1-1-1.dll
Event: 0.678 Loaded shared library C:\Program Files (x86)\Windows Kits\10\Redist\ucrt\DLLs\x64\api-ms-win-core-file-l1-2-0.dll
Event: 0.697 Loaded shared library C:\Program Files (x86)\Windows Kits\10\Redist\ucrt\DLLs\x64\api-ms-win-core-profile-l1-1-0.dll
Event: 0.716 Loaded shared library C:\Program Files (x86)\Windows Kits\10\Redist\ucrt\DLLs\x64\api-ms-win-core-memory-l1-1-0.dll
Event: 0.732 Loaded shared library C:\Program Files (x86)\Windows Kits\10\Redist\ucrt\DLLs\x64\api-ms-win-core-util-l1-1-0.dll
Event: 0.748 Loaded shared library C:\Program Files (x86)\Windows Kits\10\Redist\ucrt\DLLs\x64\api-ms-win-core-interlocked-l1-1-0.dll
Event: 0.763 Loaded shared library C:\Program Files (x86)\Windows Kits\10\Redist\ucrt\DLLs\x64\ucrtbase.dll
Event: 0.778 Loaded shared library C:\Users\luczu\.jdks\corretto-17.0.10\bin\vcruntime140.dll
Event: 0.793 Loaded shared library C:\Users\luczu\.jdks\corretto-17.0.10\bin\vcruntime140_1.dll
Event: 0.808 Loaded shared library C:\Users\luczu\.jdks\corretto-17.0.10\bin\msvcp140.dll
Event: 0.827 Loaded shared library C:\Windows\System32\msvcp140_1.dll
Event: 0.846 Loaded shared library C:\Windows\System32\concrt140.dll
Event: 0.862 Loaded shared library C:\Windows\System32\vcomp140.dll
Event: 0.883 Loaded shared library C:\Windows\System32\winmm.dll
Event: 0.888 Loaded shared library C:\Windows\System32\opengl32.dll
Event: 0.891 Loaded shared library C:\Windows\System32\user32.dll
Event: 0.893 Loaded shared library C:\Windows\System32\shell32.dll
Event: 0.895 Loaded shared library C:\Windows\System32\gdi32.dll
Event: 0.975 Loaded shared library C:\Users\luczu\.javacpp\cache\jaylib-4.5.0-0.jar\com\raylib\windows-x86_64\jniRaylib.dll

Deoptimization events (20 events):
Event: 0.883 Thread 0x00000209caaab760 DEOPT PACKING pc=0x00000209da1a8ea4 sp=0x00000066434fe1c0
Event: 0.883 Thread 0x00000209caaab760 DEOPT UNPACKING pc=0x00000209d9a6a1a3 sp=0x00000066434fdee0 mode 2
Event: 0.884 Thread 0x00000209caaab760 Uncommon trap: trap_request=0xffffff45 fr.pc=0x00000209da1b2230 relative=0x0000000000003f50
Event: 0.884 Thread 0x00000209caaab760 Uncommon trap: reason=unstable_if action=reinterpret pc=0x00000209da1b2230 method=sun.net.www.ParseUtil.firstEncodeIndex(Ljava/lang/String;)I @ 51 c2
Event: 0.884 Thread 0x00000209caaab760 DEOPT PACKING pc=0x00000209da1b2230 sp=0x00000066434fe150
Event: 0.884 Thread 0x00000209caaab760 DEOPT UNPACKING pc=0x00000209d9a6a1a3 sp=0x00000066434fded8 mode 2
Event: 0.897 Thread 0x00000209caaab760 DEOPT PACKING pc=0x00000209d26ad518 sp=0x00000066434fe0e0
Event: 0.897 Thread 0x00000209caaab760 DEOPT UNPACKING pc=0x00000209d9a6ace3 sp=0x00000066434fd5f8 mode 0
Event: 0.900 Thread 0x00000209caaab760 Uncommon trap: trap_request=0xffffff45 fr.pc=0x00000209da1a0c44 relative=0x0000000000001324
Event: 0.900 Thread 0x00000209caaab760 Uncommon trap: reason=unstable_if action=reinterpret pc=0x00000209da1a0c44 method=java.net.URL.<init>(Ljava/net/URL;Ljava/lang/String;Ljava/net/URLStreamHandler;)V @ 273 c2
Event: 0.900 Thread 0x00000209caaab760 DEOPT PACKING pc=0x00000209da1a0c44 sp=0x00000066434fddd0
Event: 0.900 Thread 0x00000209caaab760 DEOPT UNPACKING pc=0x00000209d9a6a1a3 sp=0x00000066434fdd60 mode 2
Event: 0.980 Thread 0x00000209caaab760 DEOPT PACKING pc=0x00000209d26b35c8 sp=0x00000066434fc880
Event: 0.980 Thread 0x00000209caaab760 DEOPT UNPACKING pc=0x00000209d9a6ace3 sp=0x00000066434fbd98 mode 0
Event: 1.002 Thread 0x00000209caaab760 DEOPT PACKING pc=0x00000209d26ad518 sp=0x00000066434fd090
Event: 1.002 Thread 0x00000209caaab760 DEOPT UNPACKING pc=0x00000209d9a6ace3 sp=0x00000066434fc5a8 mode 0
Event: 1.005 Thread 0x00000209caaab760 Uncommon trap: trap_request=0xffffff45 fr.pc=0x00000209da1952e0 relative=0x00000000000000e0
Event: 1.005 Thread 0x00000209caaab760 Uncommon trap: reason=unstable_if action=reinterpret pc=0x00000209da1952e0 method=java.lang.ref.SoftReference.get()Ljava/lang/Object; @ 17 c2
Event: 1.005 Thread 0x00000209caaab760 DEOPT PACKING pc=0x00000209da1952e0 sp=0x00000066434fc9e0
Event: 1.005 Thread 0x00000209caaab760 DEOPT UNPACKING pc=0x00000209d9a6a1a3 sp=0x00000066434fc998 mode 2

Classes unloaded (0 events):
No events

Classes redefined (0 events):
No events

Internal exceptions (7 events):
Event: 0.167 Thread 0x00000209caaab760 Exception <a 'java/lang/NoSuchMethodError'{0x00000007152462b0}: 'int java.lang.invoke.DirectMethodHandle$Holder.invokeStaticInit(java.lang.Object, java.lang.Object, java.lang.Object, java.lang.Object)'> (0x00000007152462b0) 
thrown [s\src\hotspot\share\interpreter\linkResolver.cpp, line 759]
Event: 0.169 Thread 0x00000209caaab760 Exception <a 'java/lang/NoSuchMethodError'{0x0000000715250fc0}: 'java.lang.Object java.lang.invoke.DirectMethodHandle$Holder.invokeInterface(java.lang.Object, java.lang.Object)'> (0x0000000715250fc0) 
thrown [s\src\hotspot\share\interpreter\linkResolver.cpp, line 759]
Event: 0.170 Thread 0x00000209caaab760 Exception <a 'java/lang/IncompatibleClassChangeError'{0x00000007152546d8}: Found class java.lang.Object, but interface was expected> (0x00000007152546d8) 
thrown [s\src\hotspot\share\interpreter\linkResolver.cpp, line 826]
Event: 0.171 Thread 0x00000209caaab760 Exception <a 'java/lang/NoSuchMethodError'{0x0000000715257880}: 'void java.lang.invoke.DirectMethodHandle$Holder.invokeStatic(java.lang.Object, java.lang.Object)'> (0x0000000715257880) 
thrown [s\src\hotspot\share\interpreter\linkResolver.cpp, line 759]
Event: 0.172 Thread 0x00000209caaab760 Exception <a 'java/lang/NoSuchMethodError'{0x000000071525aef0}: 'void java.lang.invoke.DirectMethodHandle$Holder.invokeStaticInit(java.lang.Object, java.lang.Object)'> (0x000000071525aef0) 
thrown [s\src\hotspot\share\interpreter\linkResolver.cpp, line 759]
Event: 0.174 Thread 0x00000209caaab760 Exception <a 'java/lang/NoSuchMethodError'{0x0000000715261798}: 'int java.lang.invoke.DirectMethodHandle$Holder.invokeStaticInit(java.lang.Object, java.lang.Object)'> (0x0000000715261798) 
thrown [s\src\hotspot\share\interpreter\linkResolver.cpp, line 759]
Event: 0.920 Thread 0x00000209caaab760 Exception <a 'java/lang/NoSuchMethodError'{0x0000000714197e40}: 'java.lang.Object java.lang.invoke.DirectMethodHandle$Holder.invokeStatic(java.lang.Object, int, java.lang.Object)'> (0x0000000714197e40) 
thrown [s\src\hotspot\share\interpreter\linkResolver.cpp, line 759]

VM Operations (18 events):
Event: 0.131 Executing VM operation: HandshakeAllThreads
Event: 0.131 Executing VM operation: HandshakeAllThreads done
Event: 0.239 Executing VM operation: HandshakeAllThreads
Event: 0.239 Executing VM operation: HandshakeAllThreads done
Event: 0.989 Executing VM operation: HandshakeAllThreads
Event: 0.989 Executing VM operation: HandshakeAllThreads done
Event: 0.995 Executing VM operation: G1CollectForAllocation
Event: 1.000 Executing VM operation: G1CollectForAllocation done
Event: 2.003 Executing VM operation: Cleanup
Event: 2.003 Executing VM operation: Cleanup done
Event: 3.018 Executing VM operation: Cleanup
Event: 3.018 Executing VM operation: Cleanup done
Event: 15.025 Executing VM operation: Cleanup
Event: 15.025 Executing VM operation: Cleanup done
Event: 23.030 Executing VM operation: Cleanup
Event: 23.030 Executing VM operation: Cleanup done
Event: 30.032 Executing VM operation: Cleanup
Event: 30.032 Executing VM operation: Cleanup done

Events (20 events):
Event: 0.917 loading class java/time/DayOfWeek done
Event: 0.917 loading class java/time/zone/ZoneOffsetTransitionRule$TimeDefinition
Event: 0.917 loading class java/time/zone/ZoneOffsetTransitionRule$TimeDefinition done
Event: 0.918 loading class java/time/zone/ZoneOffsetTransition
Event: 0.918 loading class java/time/zone/ZoneOffsetTransition done
Event: 0.918 loading class java/time/temporal/TemporalAdjusters
Event: 0.919 loading class java/time/temporal/TemporalAdjusters done
Event: 0.921 loading class java/time/zone/ZoneOffsetTransitionRule$1
Event: 0.922 loading class java/time/zone/ZoneOffsetTransitionRule$1 done
Event: 0.922 loading class java/util/concurrent/TimeUnit$1
Event: 0.922 loading class java/util/concurrent/TimeUnit$1 done
Event: 0.988 loading class java/lang/NumberFormatException
Event: 0.988 loading class java/lang/NumberFormatException done
Event: 0.990 Thread 0x00000209f38ca9d0 Thread added: 0x00000209f38ca9d0
Event: 2.146 Thread 0x00000209f4a09c50 Thread exited: 0x00000209f4a09c50
Event: 2.148 Thread 0x00000209f3399160 Thread exited: 0x00000209f3399160
Event: 2.148 Thread 0x00000209ee679550 Thread exited: 0x00000209ee679550
Event: 3.442 Thread 0x00000209ee451470 Thread exited: 0x00000209ee451470
Event: 3.442 Thread 0x00000209ee450f50 Thread exited: 0x00000209ee450f50
Event: 5.909 Thread 0x00000209ee450a30 Thread exited: 0x00000209ee450a30


Dynamic libraries:
0x00007ff6bb610000 - 0x00007ff6bb61e000 	C:\Users\luczu\.jdks\corretto-17.0.10\bin\java.exe
0x00007ff91b1d0000 - 0x00007ff91b3e7000 	C:\WINDOWS\SYSTEM32\ntdll.dll
0x00007ff919880000 - 0x00007ff919944000 	C:\WINDOWS\System32\KERNEL32.DLL
0x00007ff918ad0000 - 0x00007ff918e76000 	C:\WINDOWS\System32\KERNELBASE.dll
0x00007ff918820000 - 0x00007ff918931000 	C:\WINDOWS\System32\ucrtbase.dll
0x00007ff8929f0000 - 0x00007ff892a07000 	C:\Users\luczu\.jdks\corretto-17.0.10\bin\jli.dll
0x00007ff880b50000 - 0x00007ff880b6b000 	C:\Users\luczu\.jdks\corretto-17.0.10\bin\VCRUNTIME140.dll
0x00007ff919da0000 - 0x00007ff919f4e000 	C:\WINDOWS\System32\USER32.dll
0x00007ff918970000 - 0x00007ff918996000 	C:\WINDOWS\System32\win32u.dll
0x00007ff8f3640000 - 0x00007ff8f38d3000 	C:\WINDOWS\WinSxS\amd64_microsoft.windows.common-controls_6595b64144ccf1df_6.0.22621.2506_none_270c5ae97388e100\COMCTL32.dll
0x00007ff919d70000 - 0x00007ff919d99000 	C:\WINDOWS\System32\GDI32.dll
0x00007ff9196b0000 - 0x00007ff919757000 	C:\WINDOWS\System32\msvcrt.dll
0x00007ff918700000 - 0x00007ff918818000 	C:\WINDOWS\System32\gdi32full.dll
0x00007ff918e80000 - 0x00007ff918f1a000 	C:\WINDOWS\System32\msvcp_win.dll
0x00007ff9194f0000 - 0x00007ff919521000 	C:\WINDOWS\System32\IMM32.DLL
0x00007ff8b1d50000 - 0x00007ff8b1d5c000 	C:\Users\luczu\.jdks\corretto-17.0.10\bin\vcruntime140_1.dll
0x00007fffe9f00000 - 0x00007fffe9f8d000 	C:\Users\luczu\.jdks\corretto-17.0.10\bin\msvcp140.dll
0x00007fffe9290000 - 0x00007fffe9ef2000 	C:\Users\luczu\.jdks\corretto-17.0.10\bin\server\jvm.dll
0x00007ff919760000 - 0x00007ff919813000 	C:\WINDOWS\System32\ADVAPI32.dll
0x00007ff918f30000 - 0x00007ff918fd8000 	C:\WINDOWS\System32\sechost.dll
0x00007ff918940000 - 0x00007ff918968000 	C:\WINDOWS\System32\bcrypt.dll
0x00007ff919340000 - 0x00007ff919457000 	C:\WINDOWS\System32\RPCRT4.dll
0x00007ff917390000 - 0x00007ff9173dd000 	C:\WINDOWS\SYSTEM32\POWRPROF.dll
0x00007ff90e040000 - 0x00007ff90e074000 	C:\WINDOWS\SYSTEM32\WINMM.dll
0x00007ff90e0d0000 - 0x00007ff90e0d9000 	C:\WINDOWS\SYSTEM32\WSOCK32.dll
0x00007ff91b0c0000 - 0x00007ff91b131000 	C:\WINDOWS\System32\WS2_32.dll
0x00007ff90e270000 - 0x00007ff90e27a000 	C:\WINDOWS\SYSTEM32\VERSION.dll
0x00007ff917370000 - 0x00007ff917383000 	C:\WINDOWS\SYSTEM32\UMPDC.dll
0x00007ff917630000 - 0x00007ff917648000 	C:\WINDOWS\SYSTEM32\kernel.appcore.dll
0x00007ff8b11f0000 - 0x00007ff8b11fa000 	C:\Users\luczu\.jdks\corretto-17.0.10\bin\jimage.dll
0x00007ff915e00000 - 0x00007ff916033000 	C:\WINDOWS\SYSTEM32\DBGHELP.DLL
0x00007ff91a050000 - 0x00007ff91a3d9000 	C:\WINDOWS\System32\combase.dll
0x00007ff9191f0000 - 0x00007ff9192c7000 	C:\WINDOWS\System32\OLEAUT32.dll
0x00007ff8e5e30000 - 0x00007ff8e5e62000 	C:\WINDOWS\SYSTEM32\dbgcore.DLL
0x00007ff918680000 - 0x00007ff9186fa000 	C:\WINDOWS\System32\bcryptPrimitives.dll
0x00007ff880b20000 - 0x00007ff880b45000 	C:\Users\luczu\.jdks\corretto-17.0.10\bin\java.dll
0x00007fffe91b0000 - 0x00007fffe9287000 	C:\Users\luczu\.jdks\corretto-17.0.10\bin\jsvml.dll
0x00007ff91a860000 - 0x00007ff91b0ba000 	C:\WINDOWS\System32\SHELL32.dll
0x00007ff916420000 - 0x00007ff916d16000 	C:\WINDOWS\SYSTEM32\windows.storage.dll
0x00007ff9162e0000 - 0x00007ff91641e000 	C:\WINDOWS\SYSTEM32\wintypes.dll
0x00007ff919f50000 - 0x00007ff91a043000 	C:\WINDOWS\System32\SHCORE.dll
0x00007ff919d00000 - 0x00007ff919d5e000 	C:\WINDOWS\System32\shlwapi.dll
0x00007ff918440000 - 0x00007ff918466000 	C:\WINDOWS\SYSTEM32\profapi.dll
0x00007ff86a1e0000 - 0x00007ff86a1f9000 	C:\Users\luczu\.jdks\corretto-17.0.10\bin\net.dll
0x00007ff90f2d0000 - 0x00007ff90f407000 	C:\WINDOWS\SYSTEM32\WINHTTP.dll
0x00007ff917ab0000 - 0x00007ff917b19000 	C:\WINDOWS\system32\mswsock.dll
0x00007ff807560000 - 0x00007ff807576000 	C:\Users\luczu\.jdks\corretto-17.0.10\bin\nio.dll
0x00007ff880b00000 - 0x00007ff880b18000 	C:\Users\luczu\.jdks\corretto-17.0.10\bin\zip.dll
0x00000209c8a30000 - 0x00000209c8a33000 	C:\Program Files (x86)\Windows Kits\10\Redist\ucrt\DLLs\x64\api-ms-win-crt-locale-l1-1-0.dll
0x00000209c8a40000 - 0x00000209c8a44000 	C:\Program Files (x86)\Windows Kits\10\Redist\ucrt\DLLs\x64\api-ms-win-crt-string-l1-1-0.dll
0x00000209c8a50000 - 0x00000209c8a54000 	C:\Program Files (x86)\Windows Kits\10\Redist\ucrt\DLLs\x64\api-ms-win-crt-stdio-l1-1-0.dll
0x00000209c8a60000 - 0x00000209c8a65000 	C:\Program Files (x86)\Windows Kits\10\Redist\ucrt\DLLs\x64\api-ms-win-crt-math-l1-1-0.dll
0x00000209c8a70000 - 0x00000209c8a73000 	C:\Program Files (x86)\Windows Kits\10\Redist\ucrt\DLLs\x64\api-ms-win-crt-heap-l1-1-0.dll
0x00000209c8a80000 - 0x00000209c8a84000 	C:\Program Files (x86)\Windows Kits\10\Redist\ucrt\DLLs\x64\api-ms-win-crt-runtime-l1-1-0.dll
0x00000209c8a90000 - 0x00000209c8a94000 	C:\Program Files (x86)\Windows Kits\10\Redist\ucrt\DLLs\x64\api-ms-win-crt-convert-l1-1-0.dll
0x00000209c8aa0000 - 0x00000209c8aa3000 	C:\Program Files (x86)\Windows Kits\10\Redist\ucrt\DLLs\x64\api-ms-win-crt-environment-l1-1-0.dll
0x00000209ee820000 - 0x00000209ee823000 	C:\Program Files (x86)\Windows Kits\10\Redist\ucrt\DLLs\x64\api-ms-win-crt-time-l1-1-0.dll
0x00000209ee830000 - 0x00000209ee833000 	C:\Program Files (x86)\Windows Kits\10\Redist\ucrt\DLLs\x64\api-ms-win-crt-filesystem-l1-1-0.dll
0x00000209ee840000 - 0x00000209ee843000 	C:\Program Files (x86)\Windows Kits\10\Redist\ucrt\DLLs\x64\api-ms-win-crt-utility-l1-1-0.dll
0x00000209ee850000 - 0x00000209ee855000 	C:\Program Files (x86)\Windows Kits\10\Redist\ucrt\DLLs\x64\api-ms-win-crt-multibyte-l1-1-0.dll
0x00000209ee860000 - 0x00000209ee863000 	C:\Program Files (x86)\Windows Kits\10\Redist\ucrt\DLLs\x64\api-ms-win-crt-conio-l1-1-0.dll
0x00000209ee870000 - 0x00000209ee87f000 	C:\Program Files (x86)\Windows Kits\10\Redist\ucrt\DLLs\x64\api-ms-win-crt-private-l1-1-0.dll
0x00000209ee880000 - 0x00000209ee883000 	C:\Program Files (x86)\Windows Kits\10\Redist\ucrt\DLLs\x64\api-ms-win-crt-process-l1-1-0.dll
0x00000209ee890000 - 0x00000209ee893000 	C:\Program Files\Microsoft\jdk-11.0.12.7-hotspot\bin\api-ms-win-core-console-l1-2-0.dll
0x00000209ee8a0000 - 0x00000209ee8a3000 	C:\Program Files (x86)\Windows Kits\10\Redist\ucrt\DLLs\x64\api-ms-win-core-string-l1-1-0.dll
0x00000209ee8b0000 - 0x00000209ee8b3000 	C:\Program Files (x86)\Windows Kits\10\Redist\ucrt\DLLs\x64\api-ms-win-core-errorhandling-l1-1-0.dll
0x00000209ee8c0000 - 0x00000209ee8c3000 	C:\Program Files (x86)\Windows Kits\10\Redist\ucrt\DLLs\x64\api-ms-win-core-timezone-l1-1-0.dll
0x00000209ee8d0000 - 0x00000209ee8d4000 	C:\Program Files (x86)\Windows Kits\10\Redist\ucrt\DLLs\x64\api-ms-win-core-file-l1-1-0.dll
0x00000209ee8e0000 - 0x00000209ee8e3000 	C:\Program Files (x86)\Windows Kits\10\Redist\ucrt\DLLs\x64\api-ms-win-core-namedpipe-l1-1-0.dll
0x00000209ee8f0000 - 0x00000209ee8f3000 	C:\Program Files (x86)\Windows Kits\10\Redist\ucrt\DLLs\x64\api-ms-win-core-handle-l1-1-0.dll
0x00000209ee900000 - 0x00000209ee903000 	C:\Program Files (x86)\Windows Kits\10\Redist\ucrt\DLLs\x64\api-ms-win-core-file-l2-1-0.dll
0x00000209ee910000 - 0x00000209ee913000 	C:\Program Files (x86)\Windows Kits\10\Redist\ucrt\DLLs\x64\api-ms-win-core-heap-l1-1-0.dll
0x00000209ee920000 - 0x00000209ee923000 	C:\Program Files (x86)\Windows Kits\10\Redist\ucrt\DLLs\x64\api-ms-win-core-libraryloader-l1-1-0.dll
0x00000209ee930000 - 0x00000209ee933000 	C:\Program Files (x86)\Windows Kits\10\Redist\ucrt\DLLs\x64\api-ms-win-core-synch-l1-1-0.dll
0x00000209ee940000 - 0x00000209ee943000 	C:\Program Files (x86)\Windows Kits\10\Redist\ucrt\DLLs\x64\api-ms-win-core-processthreads-l1-1-0.dll
0x00000209ee950000 - 0x00000209ee953000 	C:\Program Files (x86)\Windows Kits\10\Redist\ucrt\DLLs\x64\api-ms-win-core-processenvironment-l1-1-0.dll
0x00000209ee960000 - 0x00000209ee963000 	C:\Program Files (x86)\Windows Kits\10\Redist\ucrt\DLLs\x64\api-ms-win-core-datetime-l1-1-0.dll
0x00000209ee970000 - 0x00000209ee973000 	C:\Program Files (x86)\Windows Kits\10\Redist\ucrt\DLLs\x64\api-ms-win-core-localization-l1-2-0.dll
0x00000209ee980000 - 0x00000209ee983000 	C:\Program Files (x86)\Windows Kits\10\Redist\ucrt\DLLs\x64\api-ms-win-core-sysinfo-l1-1-0.dll
0x00000209ee990000 - 0x00000209ee993000 	C:\Program Files (x86)\Windows Kits\10\Redist\ucrt\DLLs\x64\api-ms-win-core-synch-l1-2-0.dll
0x00000209ee9a0000 - 0x00000209ee9a3000 	C:\Program Files (x86)\Windows Kits\10\Redist\ucrt\DLLs\x64\api-ms-win-core-console-l1-1-0.dll
0x00000209ee9b0000 - 0x00000209ee9b3000 	C:\Program Files (x86)\Windows Kits\10\Redist\ucrt\DLLs\x64\api-ms-win-core-debug-l1-1-0.dll
0x00000209ee9c0000 - 0x00000209ee9c3000 	C:\Program Files (x86)\Windows Kits\10\Redist\ucrt\DLLs\x64\api-ms-win-core-rtlsupport-l1-1-0.dll
0x00000209ee9d0000 - 0x00000209ee9d3000 	C:\Program Files (x86)\Windows Kits\10\Redist\ucrt\DLLs\x64\api-ms-win-core-processthreads-l1-1-1.dll
0x00000209ee9e0000 - 0x00000209ee9e3000 	C:\Program Files (x86)\Windows Kits\10\Redist\ucrt\DLLs\x64\api-ms-win-core-file-l1-2-0.dll
0x00000209ee9f0000 - 0x00000209ee9f3000 	C:\Program Files (x86)\Windows Kits\10\Redist\ucrt\DLLs\x64\api-ms-win-core-profile-l1-1-0.dll
0x00000209eea00000 - 0x00000209eea03000 	C:\Program Files (x86)\Windows Kits\10\Redist\ucrt\DLLs\x64\api-ms-win-core-memory-l1-1-0.dll
0x00000209eea10000 - 0x00000209eea13000 	C:\Program Files (x86)\Windows Kits\10\Redist\ucrt\DLLs\x64\api-ms-win-core-util-l1-1-0.dll
0x00000209eeb30000 - 0x00000209eeb33000 	C:\Program Files (x86)\Windows Kits\10\Redist\ucrt\DLLs\x64\api-ms-win-core-interlocked-l1-1-0.dll
0x00007ff800de0000 - 0x00007ff800ed2000 	C:\Program Files (x86)\Windows Kits\10\Redist\ucrt\DLLs\x64\ucrtbase.dll
0x00007ff8d9f20000 - 0x00007ff8d9f29000 	C:\Windows\System32\msvcp140_1.dll
0x00007ff8bdf80000 - 0x00007ff8bdfce000 	C:\Windows\System32\concrt140.dll
0x00007ff80ab60000 - 0x00007ff80ab91000 	C:\Windows\System32\vcomp140.dll
0x00007ff8e4270000 - 0x00007ff8e4370000 	C:\Windows\System32\opengl32.dll
0x00007ff8e4240000 - 0x00007ff8e426d000 	C:\WINDOWS\SYSTEM32\GLU32.dll
0x00007ff915530000 - 0x00007ff915566000 	C:\WINDOWS\SYSTEM32\dxcore.dll
0x00007ff800bc0000 - 0x00007ff800ddd000 	C:\Users\luczu\.javacpp\cache\jaylib-4.5.0-0.jar\com\raylib\windows-x86_64\jniRaylib.dll
0x00007ff867dc0000 - 0x00007ff867e06000 	C:\WINDOWS\SYSTEM32\dinput8.dll
0x00007ff8e4660000 - 0x00007ff8e4671000 	C:\WINDOWS\SYSTEM32\xinput1_4.dll
0x00007ff918200000 - 0x00007ff91824e000 	C:\WINDOWS\SYSTEM32\cfgmgr32.dll
0x00007ff9181d0000 - 0x00007ff9181fc000 	C:\WINDOWS\SYSTEM32\DEVOBJ.dll
0x00007ff915780000 - 0x00007ff9157ab000 	C:\WINDOWS\SYSTEM32\dwmapi.dll
0x00007ff8f5280000 - 0x00007ff8f548a000 	C:\WINDOWS\SYSTEM32\inputhost.dll
0x00007ff9129e0000 - 0x00007ff912b14000 	C:\WINDOWS\SYSTEM32\CoreMessaging.dll
0x00007ff912e30000 - 0x00007ff912edb000 	C:\WINDOWS\system32\uxtheme.dll
0x00007ff917d20000 - 0x00007ff917d2c000 	C:\WINDOWS\SYSTEM32\CRYPTBASE.DLL
0x00007ff919950000 - 0x00007ff919aa0000 	C:\WINDOWS\System32\MSCTF.dll
0x00007ff916d20000 - 0x00007ff916d2e000 	C:\WINDOWS\SYSTEM32\HID.DLL
0x00007ff91a3e0000 - 0x00007ff91a854000 	C:\WINDOWS\System32\SETUPAPI.DLL
0x00007ff918a60000 - 0x00007ff918acb000 	C:\WINDOWS\System32\WINTRUST.dll
0x00007ff918510000 - 0x00007ff918676000 	C:\WINDOWS\System32\CRYPT32.dll
0x00007ff9181b0000 - 0x00007ff9181c2000 	C:\WINDOWS\SYSTEM32\MSASN1.dll
0x00007ff90fd40000 - 0x00007ff90fd8a000 	C:\WINDOWS\SYSTEM32\directxdatabasehelper.dll
0x00007ff919aa0000 - 0x00007ff919b50000 	C:\WINDOWS\System32\clbcatq.dll
0x00007fffe6480000 - 0x00007fffe9070000 	C:\WINDOWS\System32\DriverStore\FileRepository\nvhm.inf_amd64_28ac5867493a0477\nvoglv64.dll
0x00007ff919b50000 - 0x00007ff919cf0000 	C:\WINDOWS\System32\ole32.dll
0x00007ff9173e0000 - 0x00007ff9173f4000 	C:\WINDOWS\SYSTEM32\WTSAPI32.dll
0x00007ff903e60000 - 0x00007ff903e92000 	C:\WINDOWS\SYSTEM32\cryptnet.dll
0x00007ff903ea0000 - 0x00007ff903ff8000 	C:\WINDOWS\SYSTEM32\drvstore.dll
0x00007ff917db0000 - 0x00007ff917dfb000 	C:\WINDOWS\SYSTEM32\wldp.dll
0x00007ff919010000 - 0x00007ff91902f000 	C:\WINDOWS\System32\imagehlp.dll
0x00007ff917d00000 - 0x00007ff917d1b000 	C:\WINDOWS\SYSTEM32\CRYPTSP.dll
0x00007ff917590000 - 0x00007ff9175c5000 	C:\WINDOWS\system32\rsaenh.dll
0x00007ff917b40000 - 0x00007ff917b66000 	C:\WINDOWS\SYSTEM32\gpapi.dll
0x00007ff8caae0000 - 0x00007ff8ccccb000 	C:\WINDOWS\System32\DriverStore\FileRepository\nvhm.inf_amd64_28ac5867493a0477\nvgpucomp64.dll
0x00007ff917650000 - 0x00007ff917684000 	C:\WINDOWS\SYSTEM32\ntmarta.dll
0x00007ff8676e0000 - 0x00007ff8679a3000 	C:\WINDOWS\system32\nvspcap64.dll
0x00007ff916f80000 - 0x00007ff916fe6000 	C:\WINDOWS\SYSTEM32\WINSTA.dll

dbghelp: loaded successfully - version: 4.0.5 - missing functions: none
symbol engine: initialized successfully - sym options: 0x614 - pdb path: .;C:\Users\luczu\.jdks\corretto-17.0.10\bin;C:\WINDOWS\SYSTEM32;C:\WINDOWS\WinSxS\amd64_microsoft.windows.common-controls_6595b64144ccf1df_6.0.22621.2506_none_270c5ae97388e100;C:\Users\luczu\.jdks\corretto-17.0.10\bin\server;C:\Program Files (x86)\Windows Kits\10\Redist\ucrt\DLLs\x64;C:\Program Files\Microsoft\jdk-11.0.12.7-hotspot\bin;C:\Users\luczu\.javacpp\cache\jaylib-4.5.0-0.jar\com\raylib\windows-x86_64;C:\WINDOWS\System32\DriverStore\FileRepository\nvhm.inf_amd64_28ac5867493a0477;C:\WINDOWS\System32\DriverStore\FileRepository\iigd_dch.inf_amd64_0fdf6ce291234272

VM Arguments:
jvm_args: -Dfile.encoding=windows-1252 -Duser.country=NL -Duser.language=nl -Duser.variant 
java_command: PineVille.MenuScene
java_class_path (initial): C:\Users\luczu\OneDrive\Documenten\PineVille\build\classes\java\main;C:\Users\luczu\OneDrive\Documenten\PineVille\build\resources\main;C:\Users\luczu\.gradle\caches\modules-2\files-2.1\uk.co.electronstudio.jaylib\jaylib\4.5.0-0\90c0d608df9bbd32f5f34683acc58cb433e94508\jaylib-4.5.0-0.jar
Launcher Type: SUN_STANDARD

[Global flags]
     intx CICompilerCount                          = 12                                        {product} {ergonomic}
     uint ConcGCThreads                            = 3                                         {product} {ergonomic}
     uint G1ConcRefinementThreads                  = 13                                        {product} {ergonomic}
   size_t G1HeapRegionSize                         = 2097152                                   {product} {ergonomic}
    uintx GCDrainStackTargetSize                   = 64                                        {product} {ergonomic}
   size_t InitialHeapSize                          = 264241152                                 {product} {ergonomic}
   size_t MarkStackSize                            = 4194304                                   {product} {ergonomic}
   size_t MaxHeapSize                              = 4200595456                                {product} {ergonomic}
   size_t MaxNewSize                               = 2518679552                                {product} {ergonomic}
   size_t MinHeapDeltaBytes                        = 2097152                                   {product} {ergonomic}
   size_t MinHeapSize                              = 8388608                                   {product} {ergonomic}
    uintx NonNMethodCodeHeapSize                   = 7602480                                {pd product} {ergonomic}
    uintx NonProfiledCodeHeapSize                  = 122027880                              {pd product} {ergonomic}
    uintx ProfiledCodeHeapSize                     = 122027880                              {pd product} {ergonomic}
    uintx ReservedCodeCacheSize                    = 251658240                              {pd product} {ergonomic}
     bool SegmentedCodeCache                       = true                                      {product} {ergonomic}
   size_t SoftMaxHeapSize                          = 4200595456                             {manageable} {ergonomic}
     bool UseCompressedClassPointers               = true                           {product lp64_product} {ergonomic}
     bool UseCompressedOops                        = true                           {product lp64_product} {ergonomic}
     bool UseG1GC                                  = true                                      {product} {ergonomic}
     bool UseLargePagesIndividualAllocation        = false                                  {pd product} {ergonomic}

Logging:
Log output configuration:
 #0: stdout all=warning uptime,level,tags
 #1: stderr all=off uptime,level,tags

Environment Variables:
PATH=C:\Program Files (x86)\Common Files\Intel\Shared Libraries\redist\intel64\compiler;C:\Program Files\Common Files\Oracle\Java\javapath;C:\Program Files\Microsoft\jdk-11.0.12.7-hotspot\bin;C:\windows\system32;C:\windows;C:\windows\System32\Wbem;C:\windows\System32\WindowsPowerShell\v1.0\;C:\windows\System32\OpenSSH\;C:\Program Files (x86)\NVIDIA Corporation\PhysX\Common;C:\Program Files\NVIDIA Corporation\NVIDIA NvDLISR;C:\Program Files\Microsoft SQL Server\150\Tools\Binn\;C:\Program Files\Microsoft SQL Server\Client SDK\ODBC\170\Tools\Binn\;C:\Program Files\dotnet\;C:\WINDOWS\system32;C:\WINDOWS;C:\WINDOWS\System32\Wbem;C:\WINDOWS\System32\WindowsPowerShell\v1.0\;C:\WINDOWS\System32\OpenSSH\;C:\Program Files\CMake\bin;C:\Program Files\Git\cmd;C:\Users\luczu\AppData\Local\Microsoft\WindowsApps;C:\Users\luczu\.dotnet\tools;C:\Users\luczu\AppData\Local\GitHubDesktop\bin;;C:\Users\luczu\AppData\Local\Programs\Microsoft VS Code\bin
USERNAME=luczu
OS=Windows_NT
PROCESSOR_IDENTIFIER=Intel64 Family 6 Model 141 Stepping 1, GenuineIntel
TMP=C:\Users\luczu\AppData\Local\Temp
TEMP=C:\Users\luczu\AppData\Local\Temp



Periodic native trim disabled


---------------  S Y S T E M  ---------------

OS:
 Windows 11 , 64 bit Build 22621 (10.0.22621.2506)
OS uptime: 0 days 0:17 hours
Hyper-V role detected

CPU: total 16 (initial active 16) (8 cores per cpu, 2 threads per core) family 6 model 141 stepping 1 microcode 0x4e, cx8, cmov, fxsr, ht, mmx, 3dnowpref, sse, sse2, sse3, ssse3, sse4.1, sse4.2, popcnt, lzcnt, tsc, tscinvbit, avx, avx2, aes, erms, clmul, bmi1, bmi2, adx, avx512f, avx512dq, avx512cd, avx512bw, avx512vl, sha, fma, vzeroupper, avx512_vpopcntdq, avx512_vpclmulqdq, avx512_vaes, avx512_vnni, clflush, clflushopt, clwb, avx512_vbmi2, avx512_vbmi, hv
Processor Information for all 16 processors :
  Max Mhz: 2304, Current Mhz: 2304, Mhz Limit: 2304

Memory: 4k page, system-wide physical 16021M (1476M free)
TotalPageFile size 34453M (AvailPageFile size 14983M)
current process WorkingSet (physical memory assigned to process): 123M, peak: 204M
current process commit charge ("private bytes"): 502M, peak: 614M

vm_info: OpenJDK 64-Bit Server VM (17.0.10+7-LTS) for windows-amd64 JRE (17.0.10+7-LTS), built on Jan 10 2024 22:11:07 by "Administrator" with MS VC++ 16.10 / 16.11 (VS2019)

END.
