#
# A fatal error has been detected by the Java Runtime Environment:
#
#  EXCEPTION_ACCESS_VIOLATION (0xc0000005) at pc=0x00007ffbcc14f3a6, pid=22772, tid=28340
#
# JRE version: OpenJDK Runtime Environment Corretto-17.0.10.7.1 (17.0.10+7) (build 17.0.10+7-LTS)
# Java VM: OpenJDK 64-Bit Server VM Corretto-17.0.10.7.1 (17.0.10+7-LTS, mixed mode, sharing, tiered, compressed oops, compressed class ptrs, g1 gc, windows-amd64)
# Problematic frame:
# C  [jniRaylib.dll+0xdf3a6]
#
# No core dump will be written. Minidumps are not enabled by default on client versions of Windows
#
# If you would like to submit a bug report, please visit:
#   https://github.com/corretto/corretto-17/issues/
# The crash happened outside the Java Virtual Machine in native code.
# See problematic frame for where to report the bug.
#

---------------  S U M M A R Y ------------

Command Line: -Dfile.encoding=windows-1252 -Duser.country=NL -Duser.language=nl -Duser.variant PineVille.GameScene

Host: 11th Gen Intel(R) Core(TM) i7-11800H @ 2.30GHz, 16 cores, 15G,  Windows 11 , 64 bit Build 22621 (10.0.22621.3085)
Time: Mon Mar 11 10:18:11 2024 West-Europa (standaardtijd) elapsed time: 9.455651 seconds (0d 0h 0m 9s)

---------------  T H R E A D  ---------------

Current thread (0x000002c9f52aa1b0):  JavaThread "main" [_thread_in_native, id=28340, stack(0x000000d088800000,0x000000d088900000)]

Stack: [0x000000d088800000,0x000000d088900000],  sp=0x000000d0888fee50,  free space=1019k
Native frames: (J=compiled Java code, j=interpreted, Vv=VM code, C=native code)
C  [jniRaylib.dll+0xdf3a6]

Java frames: (J=compiled Java code, j=interpreted, Vv=VM code)
J 812  com.raylib.Raylib.DrawTexturePro(Lcom/raylib/Raylib$Texture;Lcom/raylib/Raylib$Rectangle;Lcom/raylib/Raylib$Rectangle;Lcom/raylib/Raylib$Vector2;FLcom/raylib/Raylib$Color;)V (0 bytes) @ 0x000002c987c33de2 [0x000002c987c33d20+0x00000000000000c2]
j  PineVille.GameScene.main([Ljava/lang/String;)V+311
v  ~StubRoutines::call_stub

siginfo: EXCEPTION_ACCESS_VIOLATION (0xc0000005), writing address 0x000002c9e1f89130


Registers:
RAX=0x000002c9e1f88f80, RBX=0x000000d0888feff0, RCX=0x000000000000006c, RDX=0x000000000000006c
RSP=0x000000d0888fee50, RBP=0x000000d0888ff0b0, RSI=0x0000000000000004, RDI=0x000000d0888fefe0
R8 =0x000002c9e159b880, R9 =0x0000000000000000, R10=0x00007ffb87aade20, R11=0x0000000000000004
R12=0x000002c9e0355d70, R13=0x0000000000000000, R14=0x000002c9e0a08960, R15=0x000002c9df9b0580
RIP=0x00007ffbcc14f3a6, EFLAGS=0x0000000000010246


Register to memory mapping:

RIP=0x00007ffbcc14f3a6 jniRaylib.dll
RAX=0x000002c9e1f88f80 points into unknown readable memory: 0x000002c9e0a041c0 | c0 41 a0 e0 c9 02 00 00
RBX=0x000000d0888feff0 is pointing into the stack for thread: 0x000002c9f52aa1b0
RCX=0x000000000000006c is an unknown value
RDX=0x000000000000006c is an unknown value
RSP=0x000000d0888fee50 is pointing into the stack for thread: 0x000002c9f52aa1b0
RBP=0x000000d0888ff0b0 is pointing into the stack for thread: 0x000002c9f52aa1b0
RSI=0x0000000000000004 is an unknown value
RDI=0x000000d0888fefe0 is pointing into the stack for thread: 0x000002c9f52aa1b0
R8 =0x000002c9e159b880 points into unknown readable memory: 0x0000000000002000 | 00 20 00 00 00 00 00 00
R9 =0x0 is NULL
R10=0x00007ffb87aade20 jvm.dll
R11=0x0000000000000004 is an unknown value
R12=0x000002c9e0355d70 points into unknown readable memory: 0x0000002000000004 | 04 00 00 00 20 00 00 00
R13=0x0 is NULL
R14=0x000002c9e0a08960 points into unknown readable memory: 0x000002c9ffffffff | ff ff ff ff c9 02 00 00
R15=0x000002c9df9b0580 points into unknown readable memory: 0x0000000000000000 | 00 00 00 00 00 00 00 00


Top of Stack: (sp=0x000000d0888fee50)
0x000000d0888fee50:   000002c9db403a00 0000000000000000
0x000000d0888fee60:   000006e93247027c 00007ffc0000000e
0x000000d0888fee70:   0000000043640000 0000000000000000
0x000000d0888fee80:   0000000000000000 0000000000000000
0x000000d0888fee90:   0000000000000000 0000000000000000
0x000000d0888feea0:   000000d0888feff0 00007ffbcc118749
0x000000d0888feeb0:   000000d0888ff0e8 000002c9f52aa1b0
0x000000d0888feec0:   000002c9da173710 000000d0888fef10
0x000000d0888feed0:   4200000043640000 42c8000043640000
0x000000d0888feee0:   000000000000000e 0000000000000000
0x000000d0888feef0:   0000000000000000 0000000000000000
0x000000d0888fef00:   0000000000000000 0000000000000000
0x000000d0888fef10:   0000000000000000 0000000000000000
0x000000d0888fef20:   0000000000000000 0000000000000000
0x000000d0888fef30:   0000000000000000 0000000000000000
0x000000d0888fef40:   0000000000000000 0000000000000000
0x000000d0888fef50:   0000000000000000 0000000000000000
0x000000d0888fef60:   0000000000000000 0000000000000000
0x000000d0888fef70:   0000000000000000 0000000000000000
0x000000d0888fef80:   0000000000000000 0000000000000000
0x000000d0888fef90:   000002c9da876730 000002c9da876830
0x000000d0888fefa0:   000002c9f52aa468 00007ffbcc0b2213
0x000000d0888fefb0:   000000d042c80000 000000d0888ff0b0
0x000000d0888fefc0:   000002c9f52aa468 00007ffbcc09a8eb
0x000000d0888fefd0:   0000000000000000 00000000ffffffff
0x000000d0888fefe0:   42c8000042c80000 4300000043000000
0x000000d0888feff0:   0000000000000000 4200000042000000
0x000000d0888ff000:   0000002000000004 0000000100000020
0x000000d0888ff010:   000002c900000007 000002c9db4c3fc0
0x000000d0888ff020:   000002c9f52aa1b0 0000000000000000
0x000000d0888ff030:   00000007154b2820 00000007154045b0
0x000000d0888ff040:   000002c9db44bd28 000002c987c33e82 

Instructions: (pc=0x00007ffbcc14f3a6)
0x00007ffbcc14f2a6:   f3 0f 59 c4 f3 0f 58 f3 f3 0f 58 d0 f3 0f 58 f1
0x00007ffbcc14f2b6:   f3 0f 10 0d da 2f 11 00 f3 41 0f 59 c8 f3 0f 58
0x00007ffbcc14f2c6:   35 c1 2f 11 00 f3 0f 58 f9 f3 0f 10 0d d1 2f 11
0x00007ffbcc14f2d6:   00 f3 41 0f 59 c8 44 0f 28 c2 f3 0f 58 3d b4 2f
0x00007ffbcc14f2e6:   11 00 f3 44 0f 58 c1 f3 44 0f 58 05 b6 2f 11 00
0x00007ffbcc14f2f6:   4c 8b 05 b3 2e 11 00 49 63 48 04 49 8b 40 08 48
0x00007ffbcc14f306:   c1 e1 06 8b 0c 01 8d 0c 8d fc ff ff ff 39 0d bf
0x00007ffbcc14f316:   2e 11 00 7e 6e 49 63 40 18 49 8b 48 10 48 03 c0
0x00007ffbcc14f326:   8b 54 c1 f0 83 fa 01 75 0b 84 54 c1 f4 75 54 8d
0x00007ffbcc14f336:   4a 02 eb 43 83 fa 04 75 20 8b 4c c1 f4 b8 56 55
0x00007ffbcc14f346:   55 55 f7 e9 8b c2 c1 e8 1f 03 d0 8d 04 52 3b c8
0x00007ffbcc14f356:   75 31 b9 04 00 00 00 eb 1e 83 fa 07 75 25 8b 44
0x00007ffbcc14f366:   c1 f4 25 03 00 00 80 7d 07 ff c8 83 c8 fc ff c0
0x00007ffbcc14f376:   85 c0 75 0f 8d 48 05 e8 7e a4 ff ff 4c 8b 05 27
0x00007ffbcc14f386:   2e 11 00 4d 63 48 04 4d 8b 40 08 8b 05 41 2e 11
0x00007ffbcc14f396:   00 49 c1 e1 06 8d 0c 40 4b 8b 44 01 08 48 63 d1
0x00007ffbcc14f3a6:   f3 0f 11 34 90 48 8b 05 fe 2d 11 00 4c 63 48 04
0x00007ffbcc14f3b6:   4c 8b 40 08 8b 05 18 2e 11 00 49 c1 e1 06 8d 0c
0x00007ffbcc14f3c6:   40 4b 8b 44 01 08 48 63 d1 f3 0f 11 7c 90 04 48
0x00007ffbcc14f3d6:   8b 05 d4 2d 11 00 4c 63 48 04 4c 8b 40 08 8b 05
0x00007ffbcc14f3e6:   ee 2d 11 00 49 c1 e1 06 8d 0c 40 4b 8b 44 01 08
0x00007ffbcc14f3f6:   48 63 d1 f3 44 0f 11 44 90 08 48 8b 05 a9 2d 11
0x00007ffbcc14f406:   00 f3 0f 10 05 cd 2d 11 00 4c 63 40 04 48 8b 50
0x00007ffbcc14f416:   08 8b 05 bb 2d 11 00 03 c0 49 c1 e0 06 48 63 c8
0x00007ffbcc14f426:   49 8b 44 10 10 f3 0f 11 04 88 48 8b 05 79 2d 11
0x00007ffbcc14f436:   00 f3 0f 10 05 a1 2d 11 00 4c 63 40 04 48 8b 50
0x00007ffbcc14f446:   08 8b 05 8b 2d 11 00 03 c0 49 c1 e0 06 48 63 c8
0x00007ffbcc14f456:   49 8b 44 10 10 f3 0f 11 44 88 04 48 8b 05 48 2d
0x00007ffbcc14f466:   11 00 4c 63 40 04 48 8b 48 08 8b 05 62 2d 11 00
0x00007ffbcc14f476:   49 c1 e0 06 8d 04 85 00 00 00 00 49 8b 4c 08 18
0x00007ffbcc14f486:   48 63 d0 0f b6 05 60 2d 11 00 88 04 0a 48 8b 05
0x00007ffbcc14f496:   16 2d 11 00 4c 63 40 04 48 8b 48 08 8b 05 30 2d 


Stack slot to memory mapping:
stack at sp + 0 slots: 0x000002c9db403a00 is pointing into metadata
stack at sp + 1 slots: 0x0 is NULL
stack at sp + 2 slots: 0x000006e93247027c is an unknown value
stack at sp + 3 slots: 0x00007ffc0000000e is an unknown value
stack at sp + 4 slots: 0x0000000043640000 is an unknown value
stack at sp + 5 slots: 0x0 is NULL
stack at sp + 6 slots: 0x0 is NULL
stack at sp + 7 slots: 0x0 is NULL


Compiled method (n/a)    9569  812     n 0       com.raylib.Raylib::DrawTexturePro (native)
 total in heap  [0x000002c987c33b90,0x000002c987c33fc0] = 1072
 relocation     [0x000002c987c33ce8,0x000002c987c33d18] = 48
 main code      [0x000002c987c33d20,0x000002c987c33fb8] = 664
 oops           [0x000002c987c33fb8,0x000002c987c33fc0] = 8

[Constant Pool (empty)]

[MachCode]
[Entry Point]
  # {method} {0x000002c9db44bd30} 'DrawTexturePro' '(Lcom/raylib/Raylib$Texture;Lcom/raylib/Raylib$Rectangle;Lcom/raylib/Raylib$Rectangle;Lcom/raylib/Raylib$Vector2;FLcom/raylib/Raylib$Color;)V' in 'com/raylib/Raylib'
  # parm0:    rdx:rdx   = 'com/raylib/Raylib$Texture'
  # parm1:    r8:r8     = 'com/raylib/Raylib$Rectangle'
  # parm2:    r9:r9     = 'com/raylib/Raylib$Rectangle'
  # parm3:    rdi:rdi   = 'com/raylib/Raylib$Vector2'
  # parm4:    xmm0      = float
  # parm5:    rsi:rsi   = 'com/raylib/Raylib$Color'
  #           [sp+0x90]  (sp of caller)
  0x000002c987c33d20: 448b 5208 | 49bb 0000 | 0099 c902 | 0000 4d03 | d349 3bc2 | 0f84 0600 

  0x000002c987c33d38: ;   {runtime_call ic_miss_stub}
  0x000002c987c33d38: 0000 e941 | d886 ff90 
[Verified Entry Point]
  0x000002c987c33d40: 8984 2400 | 90ff ff55 | 488b ec48 | 81ec 8000 | 0000 4889 | 7424 6048 | 83fe 0048 | 8d44 2460 
  0x000002c987c33d60: 480f 4444 | 2460 4889 | 4424 38c5 | fa11 4424 | 3048 897c | 2458 4883 | ff00 488d | 4424 5848 
  0x000002c987c33d80: 0f44 4424 | 5848 8944 | 2428 4c89 | 4c24 5049 | 83f9 0048 | 8d44 2450 | 480f 4444 | 2450 4889 
  0x000002c987c33da0: 4424 204c | 8944 2448 | 4983 f800 | 4c8d 4c24 | 484c 0f44 | 4c24 4848 | 8954 2440 | 4883 fa00 
  0x000002c987c33dc0: 4c8d 4424 | 404c 0f44 

  0x000002c987c33dc8: ;   {oop(a 'java/lang/Class'{0x0000000713e002b8} = 'com/raylib/Raylib')}
  0x000002c987c33dc8: 4424 4049 | beb8 02e0 | 1307 0000 | 004c 8974 | 2470 4c8d | 7424 7049 | 8bd6 c5f8 

  0x000002c987c33de4: ;   {internal_word}
  0x000002c987c33de4: 7749 bae2 | 3dc3 87c9 | 0200 004d | 8997 a002 | 0000 4989 | a798 0200 

  0x000002c987c33dfc: ;   {external_word}
  0x000002c987c33dfc: 0049 ba79 | 35a9 87fb | 7f00 0041 | 803a 000f | 8452 0000 | 0052 4150 

  0x000002c987c33e14: ;   {metadata({method} {0x000002c9db44bd30} 'DrawTexturePro' '(Lcom/raylib/Raylib$Texture;Lcom/raylib/Raylib$Rectangle;Lcom/raylib/Raylib$Rectangle;Lcom/raylib/Raylib$Vector2;FLcom/raylib/Raylib$Color;)V' in 'com/raylib/Raylib')}
  0x000002c987c33e14: 4151 48ba | 28bd 44db | c902 0000 | 498b cf48 | 83ec 20f7 | c40f 0000 | 000f 841a | 0000 0048 
  0x000002c987c33e34: ;   {runtime_call}
  0x000002c987c33e34: 83ec 0849 | ba00 305f | 87fb 7f00 | 0041 ffd2 | 4883 c408 | e90d 0000 

  0x000002c987c33e4c: ;   {runtime_call}
  0x000002c987c33e4c: 0049 ba00 | 305f 87fb | 7f00 0041 | ffd2 4883 | c420 4159 | 4158 5a49 | 8d8f b802 | 0000 41c7 
  0x000002c987c33e6c: 8748 0300 | 0004 0000 

  0x000002c987c33e74: ;   {runtime_call}
  0x000002c987c33e74: 0049 ba10 | 200b ccfb | 7f00 0041 | ffd2 c5f8 | 7741 c787 | 4803 0000 | 0500 0000 | f083 4424 
  0x000002c987c33e94: c000 493b | af50 0300 | 000f 8711 | 0000 0041 | 81bf 3803 | 0000 0000 | 0000 0f84 | 2400 0000 
  0x000002c987c33eb4: c5f8 7749 | 8bcf 4c8b | e448 83ec | 2048 83e4 

  0x000002c987c33ec4: ;   {runtime_call}
  0x000002c987c33ec4: f049 ba90 | 446f 87fb | 7f00 0041 | ffd2 498b | e44d 33e4 | 41c7 8748 | 0300 0008 | 0000 0041 
  0x000002c987c33ee4: 81bf b803 | 0000 0200 | 0000 0f84 | 9b00 0000 

  0x000002c987c33ef4: ;   {external_word}
  0x000002c987c33ef4: 49ba 7935 | a987 fb7f | 0000 4180 | 3a00 0f84 | 4800 0000 

  0x000002c987c33f08: ;   {metadata({method} {0x000002c9db44bd30} 'DrawTexturePro' '(Lcom/raylib/Raylib$Texture;Lcom/raylib/Raylib$Rectangle;Lcom/raylib/Raylib$Rectangle;Lcom/raylib/Raylib$Vector2;FLcom/raylib/Raylib$Color;)V' in 'com/raylib/Raylib')}
  0x000002c987c33f08: 48ba 28bd | 44db c902 | 0000 498b | cf48 83ec | 20f7 c40f | 0000 000f | 841a 0000 | 0048 83ec 
  0x000002c987c33f28: ;   {runtime_call}
  0x000002c987c33f28: 0849 ba00 | 305f 87fb | 7f00 0041 | ffd2 4883 | c408 e90d 

  0x000002c987c33f3c: ;   {runtime_call}
  0x000002c987c33f3c: 0000 0049 | ba00 305f | 87fb 7f00 | 0041 ffd2 | 4883 c420 | 49c7 8798 | 0200 0000 | 0000 0049 
  0x000002c987c33f5c: c787 a002 | 0000 0000 | 0000 c5f8 | 7749 8b8f | d800 0000 | c781 0001 | 0000 0000 | 0000 c949 
  0x000002c987c33f7c: 817f 0800 | 0000 000f | 8501 0000 

  0x000002c987c33f88: ;   {runtime_call StubRoutines (1)}
  0x000002c987c33f88: 00c3 e971 | cf81 ffc5 | f877 4c8b | e448 83ec | 2048 83e4 

  0x000002c987c33f9c: ;   {runtime_call}
  0x000002c987c33f9c: f049 ba80 | 605f 87fb | 7f00 0041 | ffd2 498b | e44d 33e4 | e93f ffff | fff4 f4f4 
[/MachCode]


---------------  P R O C E S S  ---------------

Threads class SMR info:
_java_thread_list=0x000002c9e0c62180, length=14, elements={
0x000002c9f52aa1b0, 0x000002c9da0076b0, 0x000002c9da008070, 0x000002c9da01fd50,
0x000002c9da020710, 0x000002c9da0234f0, 0x000002c9da023eb0, 0x000002c9da026390,
0x000002c9da027370, 0x000002c9da027c80, 0x000002c9da0e0170, 0x000002c9da24e0a0,
0x000002c9da255a30, 0x000002c9da275b10
}

Java Threads: ( => current thread )
=>0x000002c9f52aa1b0 JavaThread "main" [_thread_in_native, id=28340, stack(0x000000d088800000,0x000000d088900000)]
  0x000002c9da0076b0 JavaThread "Reference Handler" daemon [_thread_blocked, id=33712, stack(0x000000d088f00000,0x000000d089000000)]
  0x000002c9da008070 JavaThread "Finalizer" daemon [_thread_blocked, id=12992, stack(0x000000d089000000,0x000000d089100000)]
  0x000002c9da01fd50 JavaThread "Signal Dispatcher" daemon [_thread_blocked, id=3196, stack(0x000000d089100000,0x000000d089200000)]
  0x000002c9da020710 JavaThread "Attach Listener" daemon [_thread_blocked, id=32868, stack(0x000000d089200000,0x000000d089300000)]
  0x000002c9da0234f0 JavaThread "Service Thread" daemon [_thread_blocked, id=2204, stack(0x000000d089300000,0x000000d089400000)]
  0x000002c9da023eb0 JavaThread "Monitor Deflation Thread" daemon [_thread_blocked, id=2132, stack(0x000000d089400000,0x000000d089500000)]
  0x000002c9da026390 JavaThread "C2 CompilerThread0" daemon [_thread_blocked, id=25548, stack(0x000000d089500000,0x000000d089600000)]
  0x000002c9da027370 JavaThread "C1 CompilerThread0" daemon [_thread_blocked, id=18208, stack(0x000000d089600000,0x000000d089700000)]
  0x000002c9da027c80 JavaThread "Sweeper thread" daemon [_thread_blocked, id=25524, stack(0x000000d089700000,0x000000d089800000)]
  0x000002c9da0e0170 JavaThread "C1 CompilerThread1" daemon [_thread_blocked, id=8868, stack(0x000000d089800000,0x000000d089900000)]
  0x000002c9da24e0a0 JavaThread "Notification Thread" daemon [_thread_blocked, id=33596, stack(0x000000d089a00000,0x000000d089b00000)]
  0x000002c9da255a30 JavaThread "Common-Cleaner" daemon [_thread_blocked, id=33288, stack(0x000000d089c00000,0x000000d089d00000)]
  0x000002c9da275b10 JavaThread "JavaCPP Deallocator" daemon [_thread_blocked, id=31004, stack(0x000000d089d00000,0x000000d089e00000)]

Other Threads:
  0x000002c9ffcce540 VMThread "VM Thread" [stack: 0x000000d088e00000,0x000000d088f00000] [id=3412]
  0x000002c9da252590 WatcherThread [stack: 0x000000d089b00000,0x000000d089c00000] [id=9916]
  0x000002c9f5318920 GCTaskThread "GC Thread#0" [stack: 0x000000d088900000,0x000000d088a00000] [id=32388]
  0x000002c9e0fa8640 GCTaskThread "GC Thread#1" [stack: 0x000000d08a200000,0x000000d08a300000] [id=4404]
  0x000002c9e0fa96c0 GCTaskThread "GC Thread#2" [stack: 0x000000d08a300000,0x000000d08a400000] [id=31236]
  0x000002c9e0fa8e80 GCTaskThread "GC Thread#3" [stack: 0x000000d08a400000,0x000000d08a500000] [id=31880]
  0x000002c9e0fa8900 GCTaskThread "GC Thread#4" [stack: 0x000000d08a500000,0x000000d08a600000] [id=14820]
  0x000002c9e0fa8bc0 GCTaskThread "GC Thread#5" [stack: 0x000000d08a600000,0x000000d08a700000] [id=2676]
  0x000002c9f53291c0 ConcurrentGCThread "G1 Main Marker" [stack: 0x000000d088a00000,0x000000d088b00000] [id=17232]
  0x000002c9f5329ae0 ConcurrentGCThread "G1 Conc#0" [stack: 0x000000d088b00000,0x000000d088c00000] [id=19476]
  0x000002c9f535e910 ConcurrentGCThread "G1 Refine#0" [stack: 0x000000d088c00000,0x000000d088d00000] [id=31944]
  0x000002c9ffb8bff0 ConcurrentGCThread "G1 Service" [stack: 0x000000d088d00000,0x000000d088e00000] [id=31256]

Threads with active compile tasks:

VM state: not at safepoint (normal execution)

VM Mutex/Monitor currently owned by a thread: None

Heap address: 0x0000000705a00000, size: 4006 MB, Compressed Oops mode: Zero based, Oop shift amount: 3

CDS archive(s) mapped at: [0x000002c999000000-0x000002c999bb0000-0x000002c999bb0000), size 12255232, SharedBaseAddress: 0x000002c999000000, ArchiveRelocationMode: 1.
Compressed class space mapped at: 0x000002c99a000000-0x000002c9da000000, reserved size: 1073741824
Narrow klass base: 0x000002c999000000, Narrow klass shift: 0, Narrow klass range: 0x100000000

GC Precious Log:
 CPUs: 16 total, 16 available
 Memory: 16021M
 Large Page Support: Disabled
 NUMA Support: Disabled
 Compressed Oops: Enabled (Zero based)
 Heap Region Size: 2M
 Heap Min Capacity: 8M
 Heap Initial Capacity: 252M
 Heap Max Capacity: 4006M
 Pre-touch: Disabled
 Parallel Workers: 13
 Concurrent Workers: 3
 Concurrent Refinement Workers: 13
 Periodic GC: Disabled

Heap:
 garbage-first heap   total 258048K, used 1679K [0x0000000705a00000, 0x0000000800000000)
  region size 2048K, 2 young (4096K), 1 survivors (2048K)
 Metaspace       used 2122K, committed 2304K, reserved 1114112K
  class space    used 180K, committed 256K, reserved 1048576K

Heap Regions: E=young(eden), S=young(survivor), O=old, HS=humongous(starts), HC=humongous(continues), CS=collection set, F=free, OA=open archive, CA=closed archive, TAMS=top-at-mark-start (previous, next)
|   0|0x0000000705a00000, 0x0000000705a00000, 0x0000000705c00000|  0%| F|  |TAMS 0x0000000705a00000, 0x0000000705a00000| Untracked 
|   1|0x0000000705c00000, 0x0000000705c00000, 0x0000000705e00000|  0%| F|  |TAMS 0x0000000705c00000, 0x0000000705c00000| Untracked 
|   2|0x0000000705e00000, 0x0000000705e00000, 0x0000000706000000|  0%| F|  |TAMS 0x0000000705e00000, 0x0000000705e00000| Untracked 
|   3|0x0000000706000000, 0x0000000706000000, 0x0000000706200000|  0%| F|  |TAMS 0x0000000706000000, 0x0000000706000000| Untracked 
|   4|0x0000000706200000, 0x0000000706200000, 0x0000000706400000|  0%| F|  |TAMS 0x0000000706200000, 0x0000000706200000| Untracked 
|   5|0x0000000706400000, 0x0000000706400000, 0x0000000706600000|  0%| F|  |TAMS 0x0000000706400000, 0x0000000706400000| Untracked 
|   6|0x0000000706600000, 0x0000000706600000, 0x0000000706800000|  0%| F|  |TAMS 0x0000000706600000, 0x0000000706600000| Untracked 
|   7|0x0000000706800000, 0x0000000706800000, 0x0000000706a00000|  0%| F|  |TAMS 0x0000000706800000, 0x0000000706800000| Untracked 
|   8|0x0000000706a00000, 0x0000000706a00000, 0x0000000706c00000|  0%| F|  |TAMS 0x0000000706a00000, 0x0000000706a00000| Untracked 
|   9|0x0000000706c00000, 0x0000000706c00000, 0x0000000706e00000|  0%| F|  |TAMS 0x0000000706c00000, 0x0000000706c00000| Untracked 
|  10|0x0000000706e00000, 0x0000000706e00000, 0x0000000707000000|  0%| F|  |TAMS 0x0000000706e00000, 0x0000000706e00000| Untracked 
|  11|0x0000000707000000, 0x0000000707000000, 0x0000000707200000|  0%| F|  |TAMS 0x0000000707000000, 0x0000000707000000| Untracked 
|  12|0x0000000707200000, 0x0000000707200000, 0x0000000707400000|  0%| F|  |TAMS 0x0000000707200000, 0x0000000707200000| Untracked 
|  13|0x0000000707400000, 0x0000000707400000, 0x0000000707600000|  0%| F|  |TAMS 0x0000000707400000, 0x0000000707400000| Untracked 
|  14|0x0000000707600000, 0x0000000707600000, 0x0000000707800000|  0%| F|  |TAMS 0x0000000707600000, 0x0000000707600000| Untracked 
|  15|0x0000000707800000, 0x0000000707800000, 0x0000000707a00000|  0%| F|  |TAMS 0x0000000707800000, 0x0000000707800000| Untracked 
|  16|0x0000000707a00000, 0x0000000707a00000, 0x0000000707c00000|  0%| F|  |TAMS 0x0000000707a00000, 0x0000000707a00000| Untracked 
|  17|0x0000000707c00000, 0x0000000707c00000, 0x0000000707e00000|  0%| F|  |TAMS 0x0000000707c00000, 0x0000000707c00000| Untracked 
|  18|0x0000000707e00000, 0x0000000707e00000, 0x0000000708000000|  0%| F|  |TAMS 0x0000000707e00000, 0x0000000707e00000| Untracked 
|  19|0x0000000708000000, 0x0000000708000000, 0x0000000708200000|  0%| F|  |TAMS 0x0000000708000000, 0x0000000708000000| Untracked 
|  20|0x0000000708200000, 0x0000000708200000, 0x0000000708400000|  0%| F|  |TAMS 0x0000000708200000, 0x0000000708200000| Untracked 
|  21|0x0000000708400000, 0x0000000708400000, 0x0000000708600000|  0%| F|  |TAMS 0x0000000708400000, 0x0000000708400000| Untracked 
|  22|0x0000000708600000, 0x0000000708600000, 0x0000000708800000|  0%| F|  |TAMS 0x0000000708600000, 0x0000000708600000| Untracked 
|  23|0x0000000708800000, 0x0000000708800000, 0x0000000708a00000|  0%| F|  |TAMS 0x0000000708800000, 0x0000000708800000| Untracked 
|  24|0x0000000708a00000, 0x0000000708a00000, 0x0000000708c00000|  0%| F|  |TAMS 0x0000000708a00000, 0x0000000708a00000| Untracked 
|  25|0x0000000708c00000, 0x0000000708c00000, 0x0000000708e00000|  0%| F|  |TAMS 0x0000000708c00000, 0x0000000708c00000| Untracked 
|  26|0x0000000708e00000, 0x0000000708e00000, 0x0000000709000000|  0%| F|  |TAMS 0x0000000708e00000, 0x0000000708e00000| Untracked 
|  27|0x0000000709000000, 0x0000000709000000, 0x0000000709200000|  0%| F|  |TAMS 0x0000000709000000, 0x0000000709000000| Untracked 
|  28|0x0000000709200000, 0x0000000709200000, 0x0000000709400000|  0%| F|  |TAMS 0x0000000709200000, 0x0000000709200000| Untracked 
|  29|0x0000000709400000, 0x0000000709400000, 0x0000000709600000|  0%| F|  |TAMS 0x0000000709400000, 0x0000000709400000| Untracked 
|  30|0x0000000709600000, 0x0000000709600000, 0x0000000709800000|  0%| F|  |TAMS 0x0000000709600000, 0x0000000709600000| Untracked 
|  31|0x0000000709800000, 0x0000000709800000, 0x0000000709a00000|  0%| F|  |TAMS 0x0000000709800000, 0x0000000709800000| Untracked 
|  32|0x0000000709a00000, 0x0000000709a00000, 0x0000000709c00000|  0%| F|  |TAMS 0x0000000709a00000, 0x0000000709a00000| Untracked 
|  33|0x0000000709c00000, 0x0000000709c00000, 0x0000000709e00000|  0%| F|  |TAMS 0x0000000709c00000, 0x0000000709c00000| Untracked 
|  34|0x0000000709e00000, 0x0000000709e00000, 0x000000070a000000|  0%| F|  |TAMS 0x0000000709e00000, 0x0000000709e00000| Untracked 
|  35|0x000000070a000000, 0x000000070a000000, 0x000000070a200000|  0%| F|  |TAMS 0x000000070a000000, 0x000000070a000000| Untracked 
|  36|0x000000070a200000, 0x000000070a200000, 0x000000070a400000|  0%| F|  |TAMS 0x000000070a200000, 0x000000070a200000| Untracked 
|  37|0x000000070a400000, 0x000000070a400000, 0x000000070a600000|  0%| F|  |TAMS 0x000000070a400000, 0x000000070a400000| Untracked 
|  38|0x000000070a600000, 0x000000070a600000, 0x000000070a800000|  0%| F|  |TAMS 0x000000070a600000, 0x000000070a600000| Untracked 
|  39|0x000000070a800000, 0x000000070a800000, 0x000000070aa00000|  0%| F|  |TAMS 0x000000070a800000, 0x000000070a800000| Untracked 
|  40|0x000000070aa00000, 0x000000070aa00000, 0x000000070ac00000|  0%| F|  |TAMS 0x000000070aa00000, 0x000000070aa00000| Untracked 
|  41|0x000000070ac00000, 0x000000070ac00000, 0x000000070ae00000|  0%| F|  |TAMS 0x000000070ac00000, 0x000000070ac00000| Untracked 
|  42|0x000000070ae00000, 0x000000070ae00000, 0x000000070b000000|  0%| F|  |TAMS 0x000000070ae00000, 0x000000070ae00000| Untracked 
|  43|0x000000070b000000, 0x000000070b000000, 0x000000070b200000|  0%| F|  |TAMS 0x000000070b000000, 0x000000070b000000| Untracked 
|  44|0x000000070b200000, 0x000000070b200000, 0x000000070b400000|  0%| F|  |TAMS 0x000000070b200000, 0x000000070b200000| Untracked 
|  45|0x000000070b400000, 0x000000070b400000, 0x000000070b600000|  0%| F|  |TAMS 0x000000070b400000, 0x000000070b400000| Untracked 
|  46|0x000000070b600000, 0x000000070b600000, 0x000000070b800000|  0%| F|  |TAMS 0x000000070b600000, 0x000000070b600000| Untracked 
|  47|0x000000070b800000, 0x000000070b800000, 0x000000070ba00000|  0%| F|  |TAMS 0x000000070b800000, 0x000000070b800000| Untracked 
|  48|0x000000070ba00000, 0x000000070ba00000, 0x000000070bc00000|  0%| F|  |TAMS 0x000000070ba00000, 0x000000070ba00000| Untracked 
|  49|0x000000070bc00000, 0x000000070bc00000, 0x000000070be00000|  0%| F|  |TAMS 0x000000070bc00000, 0x000000070bc00000| Untracked 
|  50|0x000000070be00000, 0x000000070be00000, 0x000000070c000000|  0%| F|  |TAMS 0x000000070be00000, 0x000000070be00000| Untracked 
|  51|0x000000070c000000, 0x000000070c000000, 0x000000070c200000|  0%| F|  |TAMS 0x000000070c000000, 0x000000070c000000| Untracked 
|  52|0x000000070c200000, 0x000000070c200000, 0x000000070c400000|  0%| F|  |TAMS 0x000000070c200000, 0x000000070c200000| Untracked 
|  53|0x000000070c400000, 0x000000070c400000, 0x000000070c600000|  0%| F|  |TAMS 0x000000070c400000, 0x000000070c400000| Untracked 
|  54|0x000000070c600000, 0x000000070c600000, 0x000000070c800000|  0%| F|  |TAMS 0x000000070c600000, 0x000000070c600000| Untracked 
|  55|0x000000070c800000, 0x000000070c800000, 0x000000070ca00000|  0%| F|  |TAMS 0x000000070c800000, 0x000000070c800000| Untracked 
|  56|0x000000070ca00000, 0x000000070ca00000, 0x000000070cc00000|  0%| F|  |TAMS 0x000000070ca00000, 0x000000070ca00000| Untracked 
|  57|0x000000070cc00000, 0x000000070cc00000, 0x000000070ce00000|  0%| F|  |TAMS 0x000000070cc00000, 0x000000070cc00000| Untracked 
|  58|0x000000070ce00000, 0x000000070ce00000, 0x000000070d000000|  0%| F|  |TAMS 0x000000070ce00000, 0x000000070ce00000| Untracked 
|  59|0x000000070d000000, 0x000000070d000000, 0x000000070d200000|  0%| F|  |TAMS 0x000000070d000000, 0x000000070d000000| Untracked 
|  60|0x000000070d200000, 0x000000070d200000, 0x000000070d400000|  0%| F|  |TAMS 0x000000070d200000, 0x000000070d200000| Untracked 
|  61|0x000000070d400000, 0x000000070d400000, 0x000000070d600000|  0%| F|  |TAMS 0x000000070d400000, 0x000000070d400000| Untracked 
|  62|0x000000070d600000, 0x000000070d600000, 0x000000070d800000|  0%| F|  |TAMS 0x000000070d600000, 0x000000070d600000| Untracked 
|  63|0x000000070d800000, 0x000000070d800000, 0x000000070da00000|  0%| F|  |TAMS 0x000000070d800000, 0x000000070d800000| Untracked 
|  64|0x000000070da00000, 0x000000070da00000, 0x000000070dc00000|  0%| F|  |TAMS 0x000000070da00000, 0x000000070da00000| Untracked 
|  65|0x000000070dc00000, 0x000000070dc00000, 0x000000070de00000|  0%| F|  |TAMS 0x000000070dc00000, 0x000000070dc00000| Untracked 
|  66|0x000000070de00000, 0x000000070de00000, 0x000000070e000000|  0%| F|  |TAMS 0x000000070de00000, 0x000000070de00000| Untracked 
|  67|0x000000070e000000, 0x000000070e000000, 0x000000070e200000|  0%| F|  |TAMS 0x000000070e000000, 0x000000070e000000| Untracked 
|  68|0x000000070e200000, 0x000000070e200000, 0x000000070e400000|  0%| F|  |TAMS 0x000000070e200000, 0x000000070e200000| Untracked 
|  69|0x000000070e400000, 0x000000070e400000, 0x000000070e600000|  0%| F|  |TAMS 0x000000070e400000, 0x000000070e400000| Untracked 
|  70|0x000000070e600000, 0x000000070e600000, 0x000000070e800000|  0%| F|  |TAMS 0x000000070e600000, 0x000000070e600000| Untracked 
|  71|0x000000070e800000, 0x000000070e800000, 0x000000070ea00000|  0%| F|  |TAMS 0x000000070e800000, 0x000000070e800000| Untracked 
|  72|0x000000070ea00000, 0x000000070ea00000, 0x000000070ec00000|  0%| F|  |TAMS 0x000000070ea00000, 0x000000070ea00000| Untracked 
|  73|0x000000070ec00000, 0x000000070ec00000, 0x000000070ee00000|  0%| F|  |TAMS 0x000000070ec00000, 0x000000070ec00000| Untracked 
|  74|0x000000070ee00000, 0x000000070ee00000, 0x000000070f000000|  0%| F|  |TAMS 0x000000070ee00000, 0x000000070ee00000| Untracked 
|  75|0x000000070f000000, 0x000000070f000000, 0x000000070f200000|  0%| F|  |TAMS 0x000000070f000000, 0x000000070f000000| Untracked 
|  76|0x000000070f200000, 0x000000070f200000, 0x000000070f400000|  0%| F|  |TAMS 0x000000070f200000, 0x000000070f200000| Untracked 
|  77|0x000000070f400000, 0x000000070f400000, 0x000000070f600000|  0%| F|  |TAMS 0x000000070f400000, 0x000000070f400000| Untracked 
|  78|0x000000070f600000, 0x000000070f600000, 0x000000070f800000|  0%| F|  |TAMS 0x000000070f600000, 0x000000070f600000| Untracked 
|  79|0x000000070f800000, 0x000000070f800000, 0x000000070fa00000|  0%| F|  |TAMS 0x000000070f800000, 0x000000070f800000| Untracked 
|  80|0x000000070fa00000, 0x000000070fa00000, 0x000000070fc00000|  0%| F|  |TAMS 0x000000070fa00000, 0x000000070fa00000| Untracked 
|  81|0x000000070fc00000, 0x000000070fc00000, 0x000000070fe00000|  0%| F|  |TAMS 0x000000070fc00000, 0x000000070fc00000| Untracked 
|  82|0x000000070fe00000, 0x000000070fe00000, 0x0000000710000000|  0%| F|  |TAMS 0x000000070fe00000, 0x000000070fe00000| Untracked 
|  83|0x0000000710000000, 0x0000000710000000, 0x0000000710200000|  0%| F|  |TAMS 0x0000000710000000, 0x0000000710000000| Untracked 
|  84|0x0000000710200000, 0x0000000710200000, 0x0000000710400000|  0%| F|  |TAMS 0x0000000710200000, 0x0000000710200000| Untracked 
|  85|0x0000000710400000, 0x0000000710400000, 0x0000000710600000|  0%| F|  |TAMS 0x0000000710400000, 0x0000000710400000| Untracked 
|  86|0x0000000710600000, 0x0000000710600000, 0x0000000710800000|  0%| F|  |TAMS 0x0000000710600000, 0x0000000710600000| Untracked 
|  87|0x0000000710800000, 0x0000000710800000, 0x0000000710a00000|  0%| F|  |TAMS 0x0000000710800000, 0x0000000710800000| Untracked 
|  88|0x0000000710a00000, 0x0000000710a00000, 0x0000000710c00000|  0%| F|  |TAMS 0x0000000710a00000, 0x0000000710a00000| Untracked 
|  89|0x0000000710c00000, 0x0000000710c00000, 0x0000000710e00000|  0%| F|  |TAMS 0x0000000710c00000, 0x0000000710c00000| Untracked 
|  90|0x0000000710e00000, 0x0000000710e00000, 0x0000000711000000|  0%| F|  |TAMS 0x0000000710e00000, 0x0000000710e00000| Untracked 
|  91|0x0000000711000000, 0x0000000711000000, 0x0000000711200000|  0%| F|  |TAMS 0x0000000711000000, 0x0000000711000000| Untracked 
|  92|0x0000000711200000, 0x0000000711200000, 0x0000000711400000|  0%| F|  |TAMS 0x0000000711200000, 0x0000000711200000| Untracked 
|  93|0x0000000711400000, 0x0000000711400000, 0x0000000711600000|  0%| F|  |TAMS 0x0000000711400000, 0x0000000711400000| Untracked 
|  94|0x0000000711600000, 0x0000000711600000, 0x0000000711800000|  0%| F|  |TAMS 0x0000000711600000, 0x0000000711600000| Untracked 
|  95|0x0000000711800000, 0x0000000711800000, 0x0000000711a00000|  0%| F|  |TAMS 0x0000000711800000, 0x0000000711800000| Untracked 
|  96|0x0000000711a00000, 0x0000000711a00000, 0x0000000711c00000|  0%| F|  |TAMS 0x0000000711a00000, 0x0000000711a00000| Untracked 
|  97|0x0000000711c00000, 0x0000000711c00000, 0x0000000711e00000|  0%| F|  |TAMS 0x0000000711c00000, 0x0000000711c00000| Untracked 
|  98|0x0000000711e00000, 0x0000000711e00000, 0x0000000712000000|  0%| F|  |TAMS 0x0000000711e00000, 0x0000000711e00000| Untracked 
|  99|0x0000000712000000, 0x0000000712000000, 0x0000000712200000|  0%| F|  |TAMS 0x0000000712000000, 0x0000000712000000| Untracked 
| 100|0x0000000712200000, 0x0000000712200000, 0x0000000712400000|  0%| F|  |TAMS 0x0000000712200000, 0x0000000712200000| Untracked 
| 101|0x0000000712400000, 0x0000000712400000, 0x0000000712600000|  0%| F|  |TAMS 0x0000000712400000, 0x0000000712400000| Untracked 
| 102|0x0000000712600000, 0x0000000712600000, 0x0000000712800000|  0%| F|  |TAMS 0x0000000712600000, 0x0000000712600000| Untracked 
| 103|0x0000000712800000, 0x0000000712800000, 0x0000000712a00000|  0%| F|  |TAMS 0x0000000712800000, 0x0000000712800000| Untracked 
| 104|0x0000000712a00000, 0x0000000712a00000, 0x0000000712c00000|  0%| F|  |TAMS 0x0000000712a00000, 0x0000000712a00000| Untracked 
| 105|0x0000000712c00000, 0x0000000712c00000, 0x0000000712e00000|  0%| F|  |TAMS 0x0000000712c00000, 0x0000000712c00000| Untracked 
| 106|0x0000000712e00000, 0x0000000712e00000, 0x0000000713000000|  0%| F|  |TAMS 0x0000000712e00000, 0x0000000712e00000| Untracked 
| 107|0x0000000713000000, 0x0000000713000000, 0x0000000713200000|  0%| F|  |TAMS 0x0000000713000000, 0x0000000713000000| Untracked 
| 108|0x0000000713200000, 0x0000000713200000, 0x0000000713400000|  0%| F|  |TAMS 0x0000000713200000, 0x0000000713200000| Untracked 
| 109|0x0000000713400000, 0x0000000713400000, 0x0000000713600000|  0%| F|  |TAMS 0x0000000713400000, 0x0000000713400000| Untracked 
| 110|0x0000000713600000, 0x0000000713600000, 0x0000000713800000|  0%| F|  |TAMS 0x0000000713600000, 0x0000000713600000| Untracked 
| 111|0x0000000713800000, 0x0000000713800000, 0x0000000713a00000|  0%| F|  |TAMS 0x0000000713800000, 0x0000000713800000| Untracked 
| 112|0x0000000713a00000, 0x0000000713a00000, 0x0000000713c00000|  0%| F|  |TAMS 0x0000000713a00000, 0x0000000713a00000| Untracked 
| 113|0x0000000713c00000, 0x0000000713c00000, 0x0000000713e00000|  0%| F|  |TAMS 0x0000000713c00000, 0x0000000713c00000| Untracked 
| 114|0x0000000713e00000, 0x0000000713fa3f90, 0x0000000714000000| 82%| S|CS|TAMS 0x0000000713e00000, 0x0000000713e00000| Complete 
| 115|0x0000000714000000, 0x0000000714000000, 0x0000000714200000|  0%| F|  |TAMS 0x0000000714000000, 0x0000000714000000| Untracked 
| 116|0x0000000714200000, 0x0000000714200000, 0x0000000714400000|  0%| F|  |TAMS 0x0000000714200000, 0x0000000714200000| Untracked 
| 117|0x0000000714400000, 0x0000000714400000, 0x0000000714600000|  0%| F|  |TAMS 0x0000000714400000, 0x0000000714400000| Untracked 
| 118|0x0000000714600000, 0x0000000714600000, 0x0000000714800000|  0%| F|  |TAMS 0x0000000714600000, 0x0000000714600000| Untracked 
| 119|0x0000000714800000, 0x0000000714800000, 0x0000000714a00000|  0%| F|  |TAMS 0x0000000714800000, 0x0000000714800000| Untracked 
| 120|0x0000000714a00000, 0x0000000714a00000, 0x0000000714c00000|  0%| F|  |TAMS 0x0000000714a00000, 0x0000000714a00000| Untracked 
| 121|0x0000000714c00000, 0x0000000714c00000, 0x0000000714e00000|  0%| F|  |TAMS 0x0000000714c00000, 0x0000000714c00000| Untracked 
| 122|0x0000000714e00000, 0x0000000714e00000, 0x0000000715000000|  0%| F|  |TAMS 0x0000000714e00000, 0x0000000714e00000| Untracked 
| 123|0x0000000715000000, 0x0000000715000000, 0x0000000715200000|  0%| F|  |TAMS 0x0000000715000000, 0x0000000715000000| Untracked 
| 124|0x0000000715200000, 0x0000000715200000, 0x0000000715400000|  0%| F|  |TAMS 0x0000000715200000, 0x0000000715200000| Untracked 
| 125|0x0000000715400000, 0x00000007155fb1d0, 0x0000000715600000| 99%| E|  |TAMS 0x0000000715400000, 0x0000000715400000| Complete 

Card table byte_map: [0x000002c9fde30000,0x000002c9fe610000] _byte_map_base: 0x000002c9fa603000

Marking Bits (Prev, Next): (CMBitMap*) 0x000002c9f5318e40, (CMBitMap*) 0x000002c9f5318e80
 Prev Bits: [0x000002c98f000000, 0x000002c992e98000)
 Next Bits: [0x000002c992ea0000, 0x000002c996d38000)

Polling page: 0x000002c9f3120000

Metaspace:

Usage:
  Non-class:      1.90 MB used.
      Class:    180.82 KB used.
       Both:      2.07 MB used.

Virtual space:
  Non-class space:       64.00 MB reserved,       2.00 MB (  3%) committed,  1 nodes.
      Class space:        1.00 GB reserved,     256.00 KB ( <1%) committed,  1 nodes.
             Both:        1.06 GB reserved,       2.25 MB ( <1%) committed. 

Chunk freelists:
   Non-Class:  11.22 MB
       Class:  15.65 MB
        Both:  26.87 MB

MaxMetaspaceSize: unlimited
CompressedClassSpaceSize: 1.00 GB
Initial GC threshold: 21.00 MB
Current GC threshold: 21.00 MB
CDS: on
MetaspaceReclaimPolicy: balanced
 - commit_granule_bytes: 65536.
 - commit_granule_words: 8192.
 - virtual_space_node_default_size: 8388608.
 - enlarge_chunks_in_place: 1.
 - new_chunks_are_fully_committed: 0.
 - uncommit_free_chunks: 1.
 - use_allocation_guard: 0.
 - handle_deallocations: 1.


Internal statistics:

num_allocs_failed_limit: 0.
num_arena_births: 32.
num_arena_deaths: 0.
num_vsnodes_births: 2.
num_vsnodes_deaths: 0.
num_space_committed: 36.
num_space_uncommitted: 0.
num_chunks_returned_to_freelist: 0.
num_chunks_taken_from_freelist: 70.
num_chunk_merges: 0.
num_chunk_splits: 50.
num_chunks_enlarged: 40.
num_inconsistent_stats: 0.

CodeHeap 'non-profiled nmethods': size=119168Kb used=594Kb max_used=594Kb free=118574Kb
 bounds [0x000002c987ba0000, 0x000002c987e10000, 0x000002c98f000000]
CodeHeap 'profiled nmethods': size=119104Kb used=1386Kb max_used=1386Kb free=117718Kb
 bounds [0x000002c980000000, 0x000002c980270000, 0x000002c987450000]
CodeHeap 'non-nmethods': size=7488Kb used=1723Kb max_used=2344Kb free=5764Kb
 bounds [0x000002c987450000, 0x000002c9876c0000, 0x000002c987ba0000]
 total_blobs=1275 nmethods=837 adapters=350
 compilation: enabled
              stopped_count=0, restarted_count=0
 full_count=0

Compilation events (20 events):
Event: 6.137 Thread 0x000002c9da0e0170  827       3       java.lang.invoke.LambdaForm$MH/0x000002c99a019400::invoke (75 bytes)
Event: 6.137 Thread 0x000002c9da027370  828       3       java.lang.invoke.LambdaForm$MH/0x000002c99a019000::invoke (27 bytes)
Event: 6.138 Thread 0x000002c9da027370 nmethod 828 0x000002c980155d90 code [0x000002c980155f40, 0x000002c9801562f8]
Event: 6.138 Thread 0x000002c9da027370  829       3       java.lang.invoke.DirectMethodHandle$Holder::invokeStatic (17 bytes)
Event: 6.138 Thread 0x000002c9da0e0170 nmethod 827 0x000002c980156410 code [0x000002c980156620, 0x000002c980156f68]
Event: 6.138 Thread 0x000002c9da0e0170  830       3       java.lang.StringConcatHelper::mix (11 bytes)
Event: 6.138 Thread 0x000002c9da027370 nmethod 829 0x000002c980157210 code [0x000002c9801573e0, 0x000002c9801577d8]
Event: 6.138 Thread 0x000002c9da027370  831       3       java.lang.invoke.DirectMethodHandle$Holder::invokeStatic (14 bytes)
Event: 6.139 Thread 0x000002c9da0e0170 nmethod 830 0x000002c980157910 code [0x000002c980157ac0, 0x000002c980157d38]
Event: 6.139 Thread 0x000002c9da0e0170  832       3       java.lang.invoke.LambdaForm$MH/0x000002c99a018400::invoke (32 bytes)
Event: 6.139 Thread 0x000002c9da0e0170 nmethod 832 0x000002c980157e90 code [0x000002c980158060, 0x000002c980158538]
Event: 6.139 Thread 0x000002c9da0e0170  833       3       java.lang.invoke.DirectMethodHandle$Holder::invokeStatic (21 bytes)
Event: 6.139 Thread 0x000002c9da027370 nmethod 831 0x000002c980158690 code [0x000002c980158860, 0x000002c980158cb8]
Event: 6.139 Thread 0x000002c9da0e0170 nmethod 833 0x000002c980158e10 code [0x000002c980158fe0, 0x000002c9801594f8]
Event: 8.271 Thread 0x000002c9da0e0170  835       3       java.lang.StringConcatHelper::prepend (22 bytes)
Event: 8.271 Thread 0x000002c9da027370  836       3       java.lang.StringConcatHelper::prepend (30 bytes)
Event: 8.271 Thread 0x000002c9da027370 nmethod 836 0x000002c980159610 code [0x000002c9801597c0, 0x000002c980159998]
Event: 8.271 Thread 0x000002c9da027370  837       3       java.lang.invoke.DirectMethodHandle$Holder::invokeStatic (17 bytes)
Event: 8.272 Thread 0x000002c9da0e0170 nmethod 835 0x000002c980159a90 code [0x000002c980159c60, 0x000002c980159ee8]
Event: 8.272 Thread 0x000002c9da027370 nmethod 837 0x000002c98015a010 code [0x000002c98015a1e0, 0x000002c98015a6f8]

GC Heap History (2 events):
Event: 0.827 GC heap before
{Heap before GC invocations=0 (full 0):
 garbage-first heap   total 258048K, used 22528K [0x0000000705a00000, 0x0000000800000000)
  region size 2048K, 11 young (22528K), 0 survivors (0K)
 Metaspace       used 2014K, committed 2176K, reserved 1114112K
  class space    used 176K, committed 256K, reserved 1048576K
}
Event: 0.830 GC heap after
{Heap after GC invocations=1 (full 0):
 garbage-first heap   total 258048K, used 1679K [0x0000000705a00000, 0x0000000800000000)
  region size 2048K, 1 young (2048K), 1 survivors (2048K)
 Metaspace       used 2014K, committed 2176K, reserved 1114112K
  class space    used 176K, committed 256K, reserved 1048576K
}

Dll operation events (20 events):
Event: 0.487 Loaded shared library C:\Program Files (x86)\Windows Kits\10\Redist\ucrt\DLLs\x64\api-ms-win-core-rtlsupport-l1-1-0.dll
Event: 0.499 Loaded shared library C:\Program Files (x86)\Windows Kits\10\Redist\ucrt\DLLs\x64\api-ms-win-core-processthreads-l1-1-1.dll
Event: 0.507 Loaded shared library C:\Program Files (x86)\Windows Kits\10\Redist\ucrt\DLLs\x64\api-ms-win-core-file-l1-2-0.dll
Event: 0.518 Loaded shared library C:\Program Files (x86)\Windows Kits\10\Redist\ucrt\DLLs\x64\api-ms-win-core-profile-l1-1-0.dll
Event: 0.531 Loaded shared library C:\Program Files (x86)\Windows Kits\10\Redist\ucrt\DLLs\x64\api-ms-win-core-memory-l1-1-0.dll
Event: 0.541 Loaded shared library C:\Program Files (x86)\Windows Kits\10\Redist\ucrt\DLLs\x64\api-ms-win-core-util-l1-1-0.dll
Event: 0.553 Loaded shared library C:\Program Files (x86)\Windows Kits\10\Redist\ucrt\DLLs\x64\api-ms-win-core-interlocked-l1-1-0.dll
Event: 0.566 Loaded shared library C:\Program Files (x86)\Windows Kits\10\Redist\ucrt\DLLs\x64\ucrtbase.dll
Event: 0.578 Loaded shared library C:\Users\luczu\.jdks\corretto-17.0.10\bin\vcruntime140.dll
Event: 0.591 Loaded shared library C:\Users\luczu\.jdks\corretto-17.0.10\bin\vcruntime140_1.dll
Event: 0.605 Loaded shared library C:\Users\luczu\.jdks\corretto-17.0.10\bin\msvcp140.dll
Event: 0.619 Loaded shared library C:\Windows\System32\msvcp140_1.dll
Event: 0.632 Loaded shared library C:\Windows\System32\concrt140.dll
Event: 0.646 Loaded shared library C:\Windows\System32\vcomp140.dll
Event: 0.687 Loaded shared library C:\Windows\System32\winmm.dll
Event: 0.693 Loaded shared library C:\Windows\System32\opengl32.dll
Event: 0.695 Loaded shared library C:\Windows\System32\user32.dll
Event: 0.696 Loaded shared library C:\Windows\System32\shell32.dll
Event: 0.698 Loaded shared library C:\Windows\System32\gdi32.dll
Event: 0.728 Loaded shared library C:\Users\luczu\.javacpp\cache\jaylib-4.5.0-0.jar\com\raylib\windows-x86_64\jniRaylib.dll

Deoptimization events (20 events):
Event: 0.673 Thread 0x000002c9f52aa1b0 Uncommon trap: trap_request=0xffffff45 fr.pc=0x000002c987bc3264 relative=0x00000000000001c4
Event: 0.674 Thread 0x000002c9f52aa1b0 Uncommon trap: reason=unstable_if action=reinterpret pc=0x000002c987bc3264 method=sun.net.www.ParseUtil.firstEncodeIndex(Ljava/lang/String;)I @ 51 c2
Event: 0.674 Thread 0x000002c9f52aa1b0 DEOPT PACKING pc=0x000002c987bc3264 sp=0x000000d0888fd610
Event: 0.674 Thread 0x000002c9f52aa1b0 DEOPT UNPACKING pc=0x000002c9874aa1a3 sp=0x000000d0888fd598 mode 2
Event: 0.674 Thread 0x000002c9f52aa1b0 Uncommon trap: trap_request=0xffffff45 fr.pc=0x000002c987bd91c4 relative=0x0000000000001324
Event: 0.674 Thread 0x000002c9f52aa1b0 Uncommon trap: reason=unstable_if action=reinterpret pc=0x000002c987bd91c4 method=java.net.URL.<init>(Ljava/net/URL;Ljava/lang/String;Ljava/net/URLStreamHandler;)V @ 273 c2
Event: 0.674 Thread 0x000002c9f52aa1b0 DEOPT PACKING pc=0x000002c987bd91c4 sp=0x000000d0888fd550
Event: 0.674 Thread 0x000002c9f52aa1b0 DEOPT UNPACKING pc=0x000002c9874aa1a3 sp=0x000000d0888fd4e0 mode 2
Event: 0.688 Thread 0x000002c9f52aa1b0 Uncommon trap: trap_request=0xffffff45 fr.pc=0x000002c987be31a4 relative=0x0000000000003d44
Event: 0.688 Thread 0x000002c9f52aa1b0 Uncommon trap: reason=unstable_if action=reinterpret pc=0x000002c987be31a4 method=sun.net.www.ParseUtil.firstEncodeIndex(Ljava/lang/String;)I @ 51 c2
Event: 0.688 Thread 0x000002c9f52aa1b0 DEOPT PACKING pc=0x000002c987be31a4 sp=0x000000d0888fd5d0
Event: 0.688 Thread 0x000002c9f52aa1b0 DEOPT UNPACKING pc=0x000002c9874aa1a3 sp=0x000000d0888fd2f0 mode 2
Event: 0.688 Thread 0x000002c9f52aa1b0 Uncommon trap: trap_request=0xffffff45 fr.pc=0x000002c987bed9b0 relative=0x0000000000003f50
Event: 0.688 Thread 0x000002c9f52aa1b0 Uncommon trap: reason=unstable_if action=reinterpret pc=0x000002c987bed9b0 method=sun.net.www.ParseUtil.firstEncodeIndex(Ljava/lang/String;)I @ 51 c2
Event: 0.688 Thread 0x000002c9f52aa1b0 DEOPT PACKING pc=0x000002c987bed9b0 sp=0x000000d0888fd560
Event: 0.688 Thread 0x000002c9f52aa1b0 DEOPT UNPACKING pc=0x000002c9874aa1a3 sp=0x000000d0888fd2e8 mode 2
Event: 0.833 Thread 0x000002c9f52aa1b0 Uncommon trap: trap_request=0xffffff45 fr.pc=0x000002c987bd1b60 relative=0x00000000000000e0
Event: 0.833 Thread 0x000002c9f52aa1b0 Uncommon trap: reason=unstable_if action=reinterpret pc=0x000002c987bd1b60 method=java.lang.ref.SoftReference.get()Ljava/lang/Object; @ 17 c2
Event: 0.833 Thread 0x000002c9f52aa1b0 DEOPT PACKING pc=0x000002c987bd1b60 sp=0x000000d0888face0
Event: 0.833 Thread 0x000002c9f52aa1b0 DEOPT UNPACKING pc=0x000002c9874aa1a3 sp=0x000000d0888fac98 mode 2

Classes unloaded (0 events):
No events

Classes redefined (0 events):
No events

Internal exceptions (7 events):
Event: 0.140 Thread 0x000002c9f52aa1b0 Exception <a 'java/lang/NoSuchMethodError'{0x0000000715244c78}: 'int java.lang.invoke.DirectMethodHandle$Holder.invokeStaticInit(java.lang.Object, java.lang.Object, java.lang.Object, java.lang.Object)'> (0x0000000715244c78) 
thrown [s\src\hotspot\share\interpreter\linkResolver.cpp, line 759]
Event: 0.144 Thread 0x000002c9f52aa1b0 Exception <a 'java/lang/NoSuchMethodError'{0x000000071524f988}: 'java.lang.Object java.lang.invoke.DirectMethodHandle$Holder.invokeInterface(java.lang.Object, java.lang.Object)'> (0x000000071524f988) 
thrown [s\src\hotspot\share\interpreter\linkResolver.cpp, line 759]
Event: 0.144 Thread 0x000002c9f52aa1b0 Exception <a 'java/lang/IncompatibleClassChangeError'{0x00000007152530a0}: Found class java.lang.Object, but interface was expected> (0x00000007152530a0) 
thrown [s\src\hotspot\share\interpreter\linkResolver.cpp, line 826]
Event: 0.145 Thread 0x000002c9f52aa1b0 Exception <a 'java/lang/NoSuchMethodError'{0x0000000715256248}: 'void java.lang.invoke.DirectMethodHandle$Holder.invokeStatic(java.lang.Object, java.lang.Object)'> (0x0000000715256248) 
thrown [s\src\hotspot\share\interpreter\linkResolver.cpp, line 759]
Event: 0.146 Thread 0x000002c9f52aa1b0 Exception <a 'java/lang/NoSuchMethodError'{0x00000007152598b8}: 'void java.lang.invoke.DirectMethodHandle$Holder.invokeStaticInit(java.lang.Object, java.lang.Object)'> (0x00000007152598b8) 
thrown [s\src\hotspot\share\interpreter\linkResolver.cpp, line 759]
Event: 0.148 Thread 0x000002c9f52aa1b0 Exception <a 'java/lang/NoSuchMethodError'{0x0000000715260000}: 'int java.lang.invoke.DirectMethodHandle$Holder.invokeStaticInit(java.lang.Object, java.lang.Object)'> (0x0000000715260000) 
thrown [s\src\hotspot\share\interpreter\linkResolver.cpp, line 759]
Event: 0.722 Thread 0x000002c9f52aa1b0 Exception <a 'java/lang/NoSuchMethodError'{0x0000000714117b70}: 'java.lang.Object java.lang.invoke.DirectMethodHandle$Holder.invokeStatic(java.lang.Object, int, java.lang.Object)'> (0x0000000714117b70) 
thrown [s\src\hotspot\share\interpreter\linkResolver.cpp, line 759]

VM Operations (8 events):
Event: 0.107 Executing VM operation: HandshakeAllThreads
Event: 0.107 Executing VM operation: HandshakeAllThreads done
Event: 0.210 Executing VM operation: HandshakeAllThreads
Event: 0.210 Executing VM operation: HandshakeAllThreads done
Event: 0.827 Executing VM operation: G1CollectForAllocation
Event: 0.830 Executing VM operation: G1CollectForAllocation done
Event: 2.840 Executing VM operation: Cleanup
Event: 2.840 Executing VM operation: Cleanup done

Events (20 events):
Event: 0.715 loading class java/time/zone/Ser done
Event: 0.716 loading class java/time/Month
Event: 0.716 loading class java/time/Month done
Event: 0.717 loading class java/time/DayOfWeek
Event: 0.717 loading class java/time/DayOfWeek done
Event: 0.718 loading class java/time/zone/ZoneOffsetTransitionRule$TimeDefinition
Event: 0.718 loading class java/time/zone/ZoneOffsetTransitionRule$TimeDefinition done
Event: 0.719 loading class java/time/zone/ZoneOffsetTransition
Event: 0.719 loading class java/time/zone/ZoneOffsetTransition done
Event: 0.720 loading class java/time/temporal/TemporalAdjusters
Event: 0.721 loading class java/time/temporal/TemporalAdjusters done
Event: 0.725 loading class java/time/zone/ZoneOffsetTransitionRule$1
Event: 0.725 loading class java/time/zone/ZoneOffsetTransitionRule$1 done
Event: 0.726 loading class java/util/concurrent/TimeUnit$1
Event: 0.726 loading class java/util/concurrent/TimeUnit$1 done
Event: 1.766 Thread 0x000002c9e040b360 Thread exited: 0x000002c9e040b360
Event: 1.766 Thread 0x000002c9df696380 Thread exited: 0x000002c9df696380
Event: 1.767 Thread 0x000002c9da51ddf0 Thread exited: 0x000002c9da51ddf0
Event: 1.767 Thread 0x000002c9da51e600 Thread exited: 0x000002c9da51e600
Event: 6.104 Thread 0x000002c9ffcbf5c0 Thread exited: 0x000002c9ffcbf5c0


Dynamic libraries:
0x00007ff7759d0000 - 0x00007ff7759de000 	C:\Users\luczu\.jdks\corretto-17.0.10\bin\java.exe
0x00007ffc2a070000 - 0x00007ffc2a287000 	C:\WINDOWS\SYSTEM32\ntdll.dll
0x00007ffc28f50000 - 0x00007ffc29014000 	C:\WINDOWS\System32\KERNEL32.DLL
0x00007ffc273b0000 - 0x00007ffc27756000 	C:\WINDOWS\System32\KERNELBASE.dll
0x00007ffc278c0000 - 0x00007ffc279d1000 	C:\WINDOWS\System32\ucrtbase.dll
0x00007ffc1f640000 - 0x00007ffc1f657000 	C:\Users\luczu\.jdks\corretto-17.0.10\bin\jli.dll
0x00007ffba7430000 - 0x00007ffba744b000 	C:\Users\luczu\.jdks\corretto-17.0.10\bin\VCRUNTIME140.dll
0x00007ffc289c0000 - 0x00007ffc28b6e000 	C:\WINDOWS\System32\USER32.dll
0x00007ffc27d20000 - 0x00007ffc27d46000 	C:\WINDOWS\System32\win32u.dll
0x00007ffc04cc0000 - 0x00007ffc04f53000 	C:\WINDOWS\WinSxS\amd64_microsoft.windows.common-controls_6595b64144ccf1df_6.0.22621.2506_none_270c5ae97388e100\COMCTL32.dll
0x00007ffc29c90000 - 0x00007ffc29cb9000 	C:\WINDOWS\System32\GDI32.dll
0x00007ffc279e0000 - 0x00007ffc27af8000 	C:\WINDOWS\System32\gdi32full.dll
0x00007ffc29af0000 - 0x00007ffc29b97000 	C:\WINDOWS\System32\msvcrt.dll
0x00007ffc27820000 - 0x00007ffc278ba000 	C:\WINDOWS\System32\msvcp_win.dll
0x00007ffc29990000 - 0x00007ffc299c1000 	C:\WINDOWS\System32\IMM32.DLL
0x00007ffc1e710000 - 0x00007ffc1e71c000 	C:\Users\luczu\.jdks\corretto-17.0.10\bin\vcruntime140_1.dll
0x00007ffb932f0000 - 0x00007ffb9337d000 	C:\Users\luczu\.jdks\corretto-17.0.10\bin\msvcp140.dll
0x00007ffb86f10000 - 0x00007ffb87b72000 	C:\Users\luczu\.jdks\corretto-17.0.10\bin\server\jvm.dll
0x00007ffc29730000 - 0x00007ffc297e3000 	C:\WINDOWS\System32\ADVAPI32.dll
0x00007ffc27e70000 - 0x00007ffc27f18000 	C:\WINDOWS\System32\sechost.dll
0x00007ffc27b80000 - 0x00007ffc27ba8000 	C:\WINDOWS\System32\bcrypt.dll
0x00007ffc299d0000 - 0x00007ffc29ae7000 	C:\WINDOWS\System32\RPCRT4.dll
0x00007ffc26240000 - 0x00007ffc2628d000 	C:\WINDOWS\SYSTEM32\POWRPROF.dll
0x00007ffbe66a0000 - 0x00007ffbe66a9000 	C:\WINDOWS\SYSTEM32\WSOCK32.dll
0x00007ffc1d5b0000 - 0x00007ffc1d5ba000 	C:\WINDOWS\SYSTEM32\VERSION.dll
0x00007ffc1c880000 - 0x00007ffc1c8b4000 	C:\WINDOWS\SYSTEM32\WINMM.dll
0x00007ffc29220000 - 0x00007ffc29291000 	C:\WINDOWS\System32\WS2_32.dll
0x00007ffc26220000 - 0x00007ffc26233000 	C:\WINDOWS\SYSTEM32\UMPDC.dll
0x00007ffc264e0000 - 0x00007ffc264f8000 	C:\WINDOWS\SYSTEM32\kernel.appcore.dll
0x00007ffc1c0f0000 - 0x00007ffc1c0fa000 	C:\Users\luczu\.jdks\corretto-17.0.10\bin\jimage.dll
0x00007ffc24860000 - 0x00007ffc24a93000 	C:\WINDOWS\SYSTEM32\DBGHELP.DLL
0x00007ffc28bc0000 - 0x00007ffc28f49000 	C:\WINDOWS\System32\combase.dll
0x00007ffc29ba0000 - 0x00007ffc29c77000 	C:\WINDOWS\System32\OLEAUT32.dll
0x00007ffc1cb90000 - 0x00007ffc1cbc2000 	C:\WINDOWS\SYSTEM32\dbgcore.DLL
0x00007ffc27b00000 - 0x00007ffc27b7a000 	C:\WINDOWS\System32\bcryptPrimitives.dll
0x00007ffb88460000 - 0x00007ffb88485000 	C:\Users\luczu\.jdks\corretto-17.0.10\bin\java.dll
0x00007ffb87fa0000 - 0x00007ffb88077000 	C:\Users\luczu\.jdks\corretto-17.0.10\bin\jsvml.dll
0x00007ffc27f20000 - 0x00007ffc2877b000 	C:\WINDOWS\System32\SHELL32.dll
0x00007ffc252d0000 - 0x00007ffc25bc6000 	C:\WINDOWS\SYSTEM32\windows.storage.dll
0x00007ffc25190000 - 0x00007ffc252ce000 	C:\WINDOWS\SYSTEM32\wintypes.dll
0x00007ffc29f10000 - 0x00007ffc2a003000 	C:\WINDOWS\System32\SHCORE.dll
0x00007ffc29ea0000 - 0x00007ffc29efe000 	C:\WINDOWS\System32\shlwapi.dll
0x00007ffc272e0000 - 0x00007ffc27306000 	C:\WINDOWS\SYSTEM32\profapi.dll
0x00007ffc1f670000 - 0x00007ffc1f689000 	C:\Users\luczu\.jdks\corretto-17.0.10\bin\net.dll
0x00007ffc1d720000 - 0x00007ffc1d857000 	C:\WINDOWS\SYSTEM32\WINHTTP.dll
0x00007ffc26960000 - 0x00007ffc269c9000 	C:\WINDOWS\system32\mswsock.dll
0x00007ffc1c0d0000 - 0x00007ffc1c0e6000 	C:\Users\luczu\.jdks\corretto-17.0.10\bin\nio.dll
0x00007ffc1bca0000 - 0x00007ffc1bcb8000 	C:\Users\luczu\.jdks\corretto-17.0.10\bin\zip.dll
0x000002c998eb0000 - 0x000002c998eb3000 	C:\Program Files (x86)\Windows Kits\10\Redist\ucrt\DLLs\x64\api-ms-win-crt-locale-l1-1-0.dll
0x000002c998ec0000 - 0x000002c998ec4000 	C:\Program Files (x86)\Windows Kits\10\Redist\ucrt\DLLs\x64\api-ms-win-crt-string-l1-1-0.dll
0x000002c998ed0000 - 0x000002c998ed4000 	C:\Program Files (x86)\Windows Kits\10\Redist\ucrt\DLLs\x64\api-ms-win-crt-stdio-l1-1-0.dll
0x000002c998ee0000 - 0x000002c998ee5000 	C:\Program Files (x86)\Windows Kits\10\Redist\ucrt\DLLs\x64\api-ms-win-crt-math-l1-1-0.dll
0x000002c998ef0000 - 0x000002c998ef3000 	C:\Program Files (x86)\Windows Kits\10\Redist\ucrt\DLLs\x64\api-ms-win-crt-heap-l1-1-0.dll
0x000002c998f00000 - 0x000002c998f04000 	C:\Program Files (x86)\Windows Kits\10\Redist\ucrt\DLLs\x64\api-ms-win-crt-runtime-l1-1-0.dll
0x000002c998f10000 - 0x000002c998f14000 	C:\Program Files (x86)\Windows Kits\10\Redist\ucrt\DLLs\x64\api-ms-win-crt-convert-l1-1-0.dll
0x000002c998f20000 - 0x000002c998f23000 	C:\Program Files (x86)\Windows Kits\10\Redist\ucrt\DLLs\x64\api-ms-win-crt-environment-l1-1-0.dll
0x000002c998f30000 - 0x000002c998f33000 	C:\Program Files (x86)\Windows Kits\10\Redist\ucrt\DLLs\x64\api-ms-win-crt-time-l1-1-0.dll
0x000002c998f40000 - 0x000002c998f43000 	C:\Program Files (x86)\Windows Kits\10\Redist\ucrt\DLLs\x64\api-ms-win-crt-filesystem-l1-1-0.dll
0x000002c998f50000 - 0x000002c998f53000 	C:\Program Files (x86)\Windows Kits\10\Redist\ucrt\DLLs\x64\api-ms-win-crt-utility-l1-1-0.dll
0x000002c998f60000 - 0x000002c998f65000 	C:\Program Files (x86)\Windows Kits\10\Redist\ucrt\DLLs\x64\api-ms-win-crt-multibyte-l1-1-0.dll
0x000002c998f70000 - 0x000002c998f73000 	C:\Program Files (x86)\Windows Kits\10\Redist\ucrt\DLLs\x64\api-ms-win-crt-conio-l1-1-0.dll
0x000002c998f80000 - 0x000002c998f8f000 	C:\Program Files (x86)\Windows Kits\10\Redist\ucrt\DLLs\x64\api-ms-win-crt-private-l1-1-0.dll
0x000002c998f90000 - 0x000002c998f93000 	C:\Program Files (x86)\Windows Kits\10\Redist\ucrt\DLLs\x64\api-ms-win-crt-process-l1-1-0.dll
0x000002c998fa0000 - 0x000002c998fa3000 	C:\Program Files\Microsoft\jdk-11.0.12.7-hotspot\bin\api-ms-win-core-console-l1-2-0.dll
0x000002c998fb0000 - 0x000002c998fb3000 	C:\Program Files (x86)\Windows Kits\10\Redist\ucrt\DLLs\x64\api-ms-win-core-string-l1-1-0.dll
0x000002c998fc0000 - 0x000002c998fc3000 	C:\Program Files (x86)\Windows Kits\10\Redist\ucrt\DLLs\x64\api-ms-win-core-errorhandling-l1-1-0.dll
0x000002c998fd0000 - 0x000002c998fd3000 	C:\Program Files (x86)\Windows Kits\10\Redist\ucrt\DLLs\x64\api-ms-win-core-timezone-l1-1-0.dll
0x000002c998fe0000 - 0x000002c998fe4000 	C:\Program Files (x86)\Windows Kits\10\Redist\ucrt\DLLs\x64\api-ms-win-core-file-l1-1-0.dll
0x000002c998ff0000 - 0x000002c998ff3000 	C:\Program Files (x86)\Windows Kits\10\Redist\ucrt\DLLs\x64\api-ms-win-core-namedpipe-l1-1-0.dll
0x000002c9dac00000 - 0x000002c9dac03000 	C:\Program Files (x86)\Windows Kits\10\Redist\ucrt\DLLs\x64\api-ms-win-core-handle-l1-1-0.dll
0x000002c9dac10000 - 0x000002c9dac13000 	C:\Program Files (x86)\Windows Kits\10\Redist\ucrt\DLLs\x64\api-ms-win-core-file-l2-1-0.dll
0x000002c9dac20000 - 0x000002c9dac23000 	C:\Program Files (x86)\Windows Kits\10\Redist\ucrt\DLLs\x64\api-ms-win-core-heap-l1-1-0.dll
0x000002c9dac30000 - 0x000002c9dac33000 	C:\Program Files (x86)\Windows Kits\10\Redist\ucrt\DLLs\x64\api-ms-win-core-libraryloader-l1-1-0.dll
0x000002c9dac40000 - 0x000002c9dac43000 	C:\Program Files (x86)\Windows Kits\10\Redist\ucrt\DLLs\x64\api-ms-win-core-synch-l1-1-0.dll
0x000002c9dac50000 - 0x000002c9dac53000 	C:\Program Files (x86)\Windows Kits\10\Redist\ucrt\DLLs\x64\api-ms-win-core-processthreads-l1-1-0.dll
0x000002c9dac60000 - 0x000002c9dac63000 	C:\Program Files (x86)\Windows Kits\10\Redist\ucrt\DLLs\x64\api-ms-win-core-processenvironment-l1-1-0.dll
0x000002c9dac70000 - 0x000002c9dac73000 	C:\Program Files (x86)\Windows Kits\10\Redist\ucrt\DLLs\x64\api-ms-win-core-datetime-l1-1-0.dll
0x000002c9dac80000 - 0x000002c9dac83000 	C:\Program Files (x86)\Windows Kits\10\Redist\ucrt\DLLs\x64\api-ms-win-core-localization-l1-2-0.dll
0x000002c9dac90000 - 0x000002c9dac93000 	C:\Program Files (x86)\Windows Kits\10\Redist\ucrt\DLLs\x64\api-ms-win-core-sysinfo-l1-1-0.dll
0x000002c9daca0000 - 0x000002c9daca3000 	C:\Program Files (x86)\Windows Kits\10\Redist\ucrt\DLLs\x64\api-ms-win-core-synch-l1-2-0.dll
0x000002c9dacb0000 - 0x000002c9dacb3000 	C:\Program Files (x86)\Windows Kits\10\Redist\ucrt\DLLs\x64\api-ms-win-core-console-l1-1-0.dll
0x000002c9dacc0000 - 0x000002c9dacc3000 	C:\Program Files (x86)\Windows Kits\10\Redist\ucrt\DLLs\x64\api-ms-win-core-debug-l1-1-0.dll
0x000002c9dacd0000 - 0x000002c9dacd3000 	C:\Program Files (x86)\Windows Kits\10\Redist\ucrt\DLLs\x64\api-ms-win-core-rtlsupport-l1-1-0.dll
0x000002c9dace0000 - 0x000002c9dace3000 	C:\Program Files (x86)\Windows Kits\10\Redist\ucrt\DLLs\x64\api-ms-win-core-processthreads-l1-1-1.dll
0x000002c9dacf0000 - 0x000002c9dacf3000 	C:\Program Files (x86)\Windows Kits\10\Redist\ucrt\DLLs\x64\api-ms-win-core-file-l1-2-0.dll
0x000002c9dad00000 - 0x000002c9dad03000 	C:\Program Files (x86)\Windows Kits\10\Redist\ucrt\DLLs\x64\api-ms-win-core-profile-l1-1-0.dll
0x000002c9dad10000 - 0x000002c9dad13000 	C:\Program Files (x86)\Windows Kits\10\Redist\ucrt\DLLs\x64\api-ms-win-core-memory-l1-1-0.dll
0x000002c9dad20000 - 0x000002c9dad23000 	C:\Program Files (x86)\Windows Kits\10\Redist\ucrt\DLLs\x64\api-ms-win-core-util-l1-1-0.dll
0x000002c9dad30000 - 0x000002c9dad33000 	C:\Program Files (x86)\Windows Kits\10\Redist\ucrt\DLLs\x64\api-ms-win-core-interlocked-l1-1-0.dll
0x00007ffbea510000 - 0x00007ffbea602000 	C:\Program Files (x86)\Windows Kits\10\Redist\ucrt\DLLs\x64\ucrtbase.dll
0x00007ffc1ae80000 - 0x00007ffc1ae89000 	C:\Windows\System32\msvcp140_1.dll
0x00007ffbfab40000 - 0x00007ffbfab8e000 	C:\Windows\System32\concrt140.dll
0x00007ffbea4d0000 - 0x00007ffbea501000 	C:\Windows\System32\vcomp140.dll
0x00007ffbfa180000 - 0x00007ffbfa280000 	C:\Windows\System32\opengl32.dll
0x00007ffbf8ee0000 - 0x00007ffbf8f0d000 	C:\WINDOWS\SYSTEM32\GLU32.dll
0x00007ffc245f0000 - 0x00007ffc24629000 	C:\WINDOWS\SYSTEM32\dxcore.dll
0x00007ffbcc070000 - 0x00007ffbcc28d000 	C:\Users\luczu\.javacpp\cache\jaylib-4.5.0-0.jar\com\raylib\windows-x86_64\jniRaylib.dll
0x00007ffb61e70000 - 0x00007ffb61eb6000 	C:\WINDOWS\SYSTEM32\dinput8.dll
0x00007ffc1cb70000 - 0x00007ffc1cb81000 	C:\WINDOWS\SYSTEM32\xinput1_4.dll
0x00007ffc270a0000 - 0x00007ffc270ee000 	C:\WINDOWS\SYSTEM32\cfgmgr32.dll
0x00007ffc27070000 - 0x00007ffc2709c000 	C:\WINDOWS\SYSTEM32\DEVOBJ.dll
0x00007ffc24760000 - 0x00007ffc2478b000 	C:\WINDOWS\SYSTEM32\dwmapi.dll
0x00007ffc05ad0000 - 0x00007ffc05cda000 	C:\WINDOWS\SYSTEM32\inputhost.dll
0x00007ffc21890000 - 0x00007ffc219c4000 	C:\WINDOWS\SYSTEM32\CoreMessaging.dll
0x00007ffc21d00000 - 0x00007ffc21dab000 	C:\WINDOWS\system32\uxtheme.dll
0x00007ffc26bd0000 - 0x00007ffc26bdc000 	C:\WINDOWS\SYSTEM32\CRYPTBASE.DLL
0x00007ffc290c0000 - 0x00007ffc29211000 	C:\WINDOWS\System32\MSCTF.dll
0x00007ffc25bd0000 - 0x00007ffc25bde000 	C:\WINDOWS\SYSTEM32\HID.DLL
0x00007ffc292a0000 - 0x00007ffc29714000 	C:\WINDOWS\System32\SETUPAPI.DLL
0x00007ffc27d50000 - 0x00007ffc27dbb000 	C:\WINDOWS\System32\WINTRUST.dll
0x00007ffc27bb0000 - 0x00007ffc27d16000 	C:\WINDOWS\System32\CRYPT32.dll
0x00007ffc27050000 - 0x00007ffc27062000 	C:\WINDOWS\SYSTEM32\MSASN1.dll
0x00007ffc1ebc0000 - 0x00007ffc1ec0a000 	C:\WINDOWS\SYSTEM32\directxdatabasehelper.dll
0x00007ffc27dc0000 - 0x00007ffc27e70000 	C:\WINDOWS\System32\clbcatq.dll
0x00007ffb14a70000 - 0x00007ffb17660000 	C:\WINDOWS\System32\DriverStore\FileRepository\nvhm.inf_amd64_28ac5867493a0477\nvoglv64.dll
0x00007ffc297f0000 - 0x00007ffc29990000 	C:\WINDOWS\System32\ole32.dll
0x00007ffc26290000 - 0x00007ffc262a4000 	C:\WINDOWS\SYSTEM32\WTSAPI32.dll
0x00007ffc0e9a0000 - 0x00007ffc0e9d2000 	C:\WINDOWS\SYSTEM32\cryptnet.dll
0x00007ffc0e9e0000 - 0x00007ffc0eb38000 	C:\WINDOWS\SYSTEM32\drvstore.dll
0x00007ffc26c60000 - 0x00007ffc26cab000 	C:\WINDOWS\SYSTEM32\wldp.dll
0x00007ffc2a010000 - 0x00007ffc2a02f000 	C:\WINDOWS\System32\imagehlp.dll
0x00007ffc26bb0000 - 0x00007ffc26bcb000 	C:\WINDOWS\SYSTEM32\CRYPTSP.dll
0x00007ffc26440000 - 0x00007ffc26475000 	C:\WINDOWS\system32\rsaenh.dll
0x00007ffc269f0000 - 0x00007ffc26a16000 	C:\WINDOWS\SYSTEM32\gpapi.dll
0x00007ffbde970000 - 0x00007ffbe0b5b000 	C:\WINDOWS\System32\DriverStore\FileRepository\nvhm.inf_amd64_28ac5867493a0477\nvgpucomp64.dll
0x00007ffc26500000 - 0x00007ffc26534000 	C:\WINDOWS\SYSTEM32\ntmarta.dll
0x00007ffb95160000 - 0x00007ffb95423000 	C:\WINDOWS\system32\nvspcap64.dll
0x00007ffc25e30000 - 0x00007ffc25e96000 	C:\WINDOWS\SYSTEM32\WINSTA.dll

dbghelp: loaded successfully - version: 4.0.5 - missing functions: none
symbol engine: initialized successfully - sym options: 0x614 - pdb path: .;C:\Users\luczu\.jdks\corretto-17.0.10\bin;C:\WINDOWS\SYSTEM32;C:\WINDOWS\WinSxS\amd64_microsoft.windows.common-controls_6595b64144ccf1df_6.0.22621.2506_none_270c5ae97388e100;C:\Users\luczu\.jdks\corretto-17.0.10\bin\server;C:\Program Files (x86)\Windows Kits\10\Redist\ucrt\DLLs\x64;C:\Program Files\Microsoft\jdk-11.0.12.7-hotspot\bin;C:\Users\luczu\.javacpp\cache\jaylib-4.5.0-0.jar\com\raylib\windows-x86_64;C:\WINDOWS\System32\DriverStore\FileRepository\nvhm.inf_amd64_28ac5867493a0477;C:\WINDOWS\System32\DriverStore\FileRepository\iigd_dch.inf_amd64_0fdf6ce291234272

VM Arguments:
jvm_args: -Dfile.encoding=windows-1252 -Duser.country=NL -Duser.language=nl -Duser.variant 
java_command: PineVille.GameScene
java_class_path (initial): C:\Users\luczu\OneDrive\Documenten\PineVille\build\classes\java\main;C:\Users\luczu\OneDrive\Documenten\PineVille\build\resources\main;C:\Users\luczu\.gradle\caches\modules-2\files-2.1\uk.co.electronstudio.jaylib\jaylib\4.5.0-0\90c0d608df9bbd32f5f34683acc58cb433e94508\jaylib-4.5.0-0.jar
Launcher Type: SUN_STANDARD

[Global flags]
     intx CICompilerCount                          = 12                                        {product} {ergonomic}
     uint ConcGCThreads                            = 3                                         {product} {ergonomic}
     uint G1ConcRefinementThreads                  = 13                                        {product} {ergonomic}
   size_t G1HeapRegionSize                         = 2097152                                   {product} {ergonomic}
    uintx GCDrainStackTargetSize                   = 64                                        {product} {ergonomic}
   size_t InitialHeapSize                          = 264241152                                 {product} {ergonomic}
   size_t MarkStackSize                            = 4194304                                   {product} {ergonomic}
   size_t MaxHeapSize                              = 4200595456                                {product} {ergonomic}
   size_t MaxNewSize                               = 2518679552                                {product} {ergonomic}
   size_t MinHeapDeltaBytes                        = 2097152                                   {product} {ergonomic}
   size_t MinHeapSize                              = 8388608                                   {product} {ergonomic}
    uintx NonNMethodCodeHeapSize                   = 7602480                                {pd product} {ergonomic}
    uintx NonProfiledCodeHeapSize                  = 122027880                              {pd product} {ergonomic}
    uintx ProfiledCodeHeapSize                     = 122027880                              {pd product} {ergonomic}
    uintx ReservedCodeCacheSize                    = 251658240                              {pd product} {ergonomic}
     bool SegmentedCodeCache                       = true                                      {product} {ergonomic}
   size_t SoftMaxHeapSize                          = 4200595456                             {manageable} {ergonomic}
     bool UseCompressedClassPointers               = true                           {product lp64_product} {ergonomic}
     bool UseCompressedOops                        = true                           {product lp64_product} {ergonomic}
     bool UseG1GC                                  = true                                      {product} {ergonomic}
     bool UseLargePagesIndividualAllocation        = false                                  {pd product} {ergonomic}

Logging:
Log output configuration:
 #0: stdout all=warning uptime,level,tags
 #1: stderr all=off uptime,level,tags

Environment Variables:
PATH=C:\Program Files (x86)\Common Files\Intel\Shared Libraries\redist\intel64\compiler;C:\Program Files\Common Files\Oracle\Java\javapath;C:\Program Files\Microsoft\jdk-11.0.12.7-hotspot\bin;C:\windows\system32;C:\windows;C:\windows\System32\Wbem;C:\windows\System32\WindowsPowerShell\v1.0\;C:\windows\System32\OpenSSH\;C:\Program Files (x86)\NVIDIA Corporation\PhysX\Common;C:\Program Files\NVIDIA Corporation\NVIDIA NvDLISR;C:\Program Files\Microsoft SQL Server\150\Tools\Binn\;C:\Program Files\Microsoft SQL Server\Client SDK\ODBC\170\Tools\Binn\;C:\Program Files\dotnet\;C:\WINDOWS\system32;C:\WINDOWS;C:\WINDOWS\System32\Wbem;C:\WINDOWS\System32\WindowsPowerShell\v1.0\;C:\WINDOWS\System32\OpenSSH\;C:\Program Files\CMake\bin;C:\Program Files\Git\cmd;C:\Users\luczu\AppData\Local\Microsoft\WindowsApps;C:\Users\luczu\.dotnet\tools;C:\Users\luczu\AppData\Local\GitHubDesktop\bin;;C:\Users\luczu\AppData\Local\Programs\Microsoft VS Code\bin
USERNAME=luczu
OS=Windows_NT
PROCESSOR_IDENTIFIER=Intel64 Family 6 Model 141 Stepping 1, GenuineIntel
TMP=C:\Users\luczu\AppData\Local\Temp
TEMP=C:\Users\luczu\AppData\Local\Temp



Periodic native trim disabled


---------------  S Y S T E M  ---------------

OS:
 Windows 11 , 64 bit Build 22621 (10.0.22621.3085)
OS uptime: 0 days 1:16 hours
Hyper-V role detected

CPU: total 16 (initial active 16) (8 cores per cpu, 2 threads per core) family 6 model 141 stepping 1 microcode 0x4e, cx8, cmov, fxsr, ht, mmx, 3dnowpref, sse, sse2, sse3, ssse3, sse4.1, sse4.2, popcnt, lzcnt, tsc, tscinvbit, avx, avx2, aes, erms, clmul, bmi1, bmi2, adx, avx512f, avx512dq, avx512cd, avx512bw, avx512vl, sha, fma, vzeroupper, avx512_vpopcntdq, avx512_vpclmulqdq, avx512_vaes, avx512_vnni, clflush, clflushopt, clwb, avx512_vbmi2, avx512_vbmi, hv
Processor Information for all 16 processors :
  Max Mhz: 2304, Current Mhz: 2304, Mhz Limit: 2304

Memory: 4k page, system-wide physical 16021M (2835M free)
TotalPageFile size 33429M (AvailPageFile size 14565M)
current process WorkingSet (physical memory assigned to process): 122M, peak: 209M
current process commit charge ("private bytes"): 503M, peak: 630M

vm_info: OpenJDK 64-Bit Server VM (17.0.10+7-LTS) for windows-amd64 JRE (17.0.10+7-LTS), built on Jan 10 2024 22:11:07 by "Administrator" with MS VC++ 16.10 / 16.11 (VS2019)

END.
