#
# A fatal error has been detected by the Java Runtime Environment:
#
#  EXCEPTION_ACCESS_VIOLATION (0xc0000005) at pc=0x00007ff8934deba5, pid=20436, tid=3220
#
# JRE version: OpenJDK Runtime Environment Corretto-17.0.10.7.1 (17.0.10+7) (build 17.0.10+7-LTS)
# Java VM: OpenJDK 64-Bit Server VM Corretto-17.0.10.7.1 (17.0.10+7-LTS, mixed mode, sharing, tiered, compressed oops, compressed class ptrs, g1 gc, windows-amd64)
# Problematic frame:
# C  [jniRaylib.dll+0x13eba5]
#
# No core dump will be written. Minidumps are not enabled by default on client versions of Windows
#
# If you would like to submit a bug report, please visit:
#   https://github.com/corretto/corretto-17/issues/
# The crash happened outside the Java Virtual Machine in native code.
# See problematic frame for where to report the bug.
#

---------------  S U M M A R Y ------------

Command Line: -Dfile.encoding=windows-1252 -Duser.country=NL -Duser.language=nl -Duser.variant PineVille.MenuScene

Host: 11th Gen Intel(R) Core(TM) i7-11800H @ 2.30GHz, 16 cores, 15G,  Windows 11 , 64 bit Build 22621 (10.0.22621.2506)
Time: Wed Feb 14 14:12:24 2024 West-Europa (standaardtijd) elapsed time: 25.760122 seconds (0d 0h 0m 25s)

---------------  T H R E A D  ---------------

Current thread (0x000001a4c609b220):  JavaThread "main" [_thread_in_native, id=3220, stack(0x0000008721600000,0x0000008721700000)]

Stack: [0x0000008721600000,0x0000008721700000],  sp=0x00000087216ff0e8,  free space=1020k
Native frames: (J=compiled Java code, j=interpreted, Vv=VM code, C=native code)
C  [jniRaylib.dll+0x13eba5]

Java frames: (J=compiled Java code, j=interpreted, Vv=VM code)
j  com.raylib.Raylib.GuiButton(Lcom/raylib/Raylib$Rectangle;Ljava/lang/String;)Z+0
j  PineVille.MenuScene.main([Ljava/lang/String;)V+89
v  ~StubRoutines::call_stub

siginfo: EXCEPTION_ACCESS_VIOLATION (0xc0000005), reading address 0x000001a4f08ab2c0


Registers:
RAX=0x0000000000000000, RBX=0x0000000000000004, RCX=0x000001a4f08ab2c0, RDX=0x0000000000000051
RSP=0x00000087216ff0e8, RBP=0x00000000ffffffff, RSI=0x000001a4eef61af0, RDI=0x0000000000000000
R8 =0x0000000000000000, R9 =0x00000000000000e0, R10=0x000001a4eef61af0, R11=0x00000087216ff270
R12=0x00007ff8935a98c0, R13=0x0000000000000001, R14=0x000001a4eef61af0, R15=0x0000000000000000
RIP=0x00007ff8934deba5, EFLAGS=0x0000000000010202


Register to memory mapping:

RIP=0x00007ff8934deba5 jniRaylib.dll
RAX=0x0 is NULL
RBX=0x0000000000000004 is an unknown value
RCX=0x000001a4f08ab2c0 is an unknown value
RDX=0x0000000000000051 is an unknown value
RSP=0x00000087216ff0e8 is pointing into the stack for thread: 0x000001a4c609b220
RBP=0x00000000ffffffff is an unknown value
RSI=0x000001a4eef61af0 points into unknown readable memory: 0x0064010074697551 | 51 75 69 74 00 01 64 00
RDI=0x0 is NULL
R8 =0x0 is NULL
R9 =0x00000000000000e0 is an unknown value
R10=0x000001a4eef61af0 points into unknown readable memory: 0x0064010074697551 | 51 75 69 74 00 01 64 00
R11=0x00000087216ff270 is pointing into the stack for thread: 0x000001a4c609b220
R12=0x00007ff8935a98c0 jniRaylib.dll
R13=0x0000000000000001 is an unknown value
R14=0x000001a4eef61af0 points into unknown readable memory: 0x0064010074697551 | 51 75 69 74 00 01 64 00
R15=0x0 is NULL


Top of Stack: (sp=0x00000087216ff0e8)
0x00000087216ff0e8:   00007ff8933b1834 000001a4f0aba260
0x00000087216ff0f8:   000001a4c3ec9d60 000001a4c609b220
0x00000087216ff108:   00007fffe9681185 000000e00000000a
0x00000087216ff118:   0000000200000000 0000008000000080
0x00000087216ff128:   0000000200000001 000001a4efa80c80
0x00000087216ff138:   000001a4f08ab2c0 0000000044320000
0x00000087216ff148:   0000000000000000 0000000044528000
0x00000087216ff158:   0000000000000000 000001a4eef61af0
0x00000087216ff168:   00000000ffffffff 00000087216ff320
0x00000087216ff178:   0000000000000000 000000000000003c
0x00000087216ff188:   00007ff8933b1d40 0000000000000001
0x00000087216ff198:   0000000000000000 00000000ff686868
0x00000087216ff1a8:   000001a400000004 0000000000000005
0x00000087216ff1b8:   000001a400000000 0000000000000000
0x00000087216ff1c8:   00007fffe9670181 0000000000000000
0x00000087216ff1d8:   0000000000000000 0000000000000000
0x00000087216ff1e8:   0000000000000000 0000000000000000
0x00000087216ff1f8:   0000000000000000 0000000000000000
0x00000087216ff208:   0000000000000000 0000000000000000
0x00000087216ff218:   0000000000000000 0000000000000000
0x00000087216ff228:   0000000000000000 0000000000000000
0x00000087216ff238:   0000000000000000 0000000000000000
0x00000087216ff248:   0000000000000000 0000000000000000
0x00000087216ff258:   0000000000000000 0000000000000000
0x00000087216ff268:   0000000000000000 0000000000000000
0x00000087216ff278:   0000000000000000 0000000000000000
0x00000087216ff288:   0000000000000000 0000000000000000
0x00000087216ff298:   0000000000000000 0000000000000000
0x00000087216ff2a8:   0000000000000000 0000000000000000
0x00000087216ff2b8:   0000000000000000 00007ff8935a9180
0x00000087216ff2c8:   0000000000000000 0000000000000000
0x00000087216ff2d8:   000001a4eef61af0 00000087216ff390 

Instructions: (pc=0x00007ff8934deba5)
0x00007ff8934deaa5:   8b c0 c3 cc cc cc cc cc cc cc cc 40 53 48 83 ec
0x00007ff8934deab5:   20 33 c0 48 8b da 89 44 24 30 89 02 0f b6 41 ff
0x00007ff8934deac5:   48 ff c9 84 c0 79 06 24 c0 3c 80 74 ef 48 8d 54
0x00007ff8934dead5:   24 30 e8 24 ff ff ff 85 c0 74 06 8b 4c 24 30 89
0x00007ff8934deae5:   0b 48 83 c4 20 5b c3 cc cc cc cc 0f 10 05 09 b0
0x00007ff8934deaf5:   0b 00 48 8b c1 0f 10 0d 0f b0 0b 00 0f 11 01 0f
0x00007ff8934deb05:   10 05 15 b0 0b 00 0f 11 49 10 0f 11 41 20 c3 cc
0x00007ff8934deb15:   cc cc cc cc cc cc cc cc cc cc cc 40 53 48 83 ec
0x00007ff8934deb25:   30 0f 10 12 45 8b c8 33 c0 0f 10 4a 20 4c 8b da
0x00007ff8934deb35:   48 8b d9 66 49 0f 7e d0 0f 29 14 24 49 c1 e8 20
0x00007ff8934deb45:   44 8d 50 3f 0f 29 4c 24 20 45 85 c0 7e 21 48 8b
0x00007ff8934deb55:   4c 24 28 8b 54 24 04 0f 1f 40 00 44 39 09 74 0c
0x00007ff8934deb65:   ff c0 48 83 c1 28 3b c2 7c f1 eb 03 44 8b d0 49
0x00007ff8934deb75:   8b 43 20 49 63 ca 48 03 c9 0f 10 04 c8 48 8b c3
0x00007ff8934deb85:   0f 11 03 48 83 c4 30 5b c3 cc cc 4c 63 41 04 33
0x00007ff8934deb95:   c0 45 85 c0 7e 1c 48 8b 49 28 4d 8b c8 44 8b c0
0x00007ff8934deba5:   39 11 74 13 ff c0 49 ff c0 48 83 c1 28 4d 3b c1
0x00007ff8934debb5:   7c ee b8 3f 00 00 00 c3 cc cc cc 40 53 48 83 ec
0x00007ff8934debc5:   30 0f 10 12 45 8b c8 33 c0 0f 10 4a 20 48 8b da
0x00007ff8934debd5:   4c 8b d1 66 49 0f 7e d0 0f 29 14 24 49 c1 e8 20
0x00007ff8934debe5:   44 8d 58 3f 0f 29 4c 24 20 45 85 c0 7e 21 48 8b
0x00007ff8934debf5:   4c 24 28 8b 54 24 04 0f 1f 40 00 44 39 09 74 0c
0x00007ff8934dec05:   ff c0 48 83 c1 28 3b c2 7c f1 eb 03 44 8b d8 49
0x00007ff8934dec15:   63 c3 48 8d 0c 80 48 8b 43 28 0f 10 04 c8 0f 10
0x00007ff8934dec25:   4c c8 10 41 0f 11 02 f2 0f 10 44 c8 20 49 8b c2
0x00007ff8934dec35:   41 0f 11 4a 10 f2 41 0f 11 42 20 48 83 c4 30 5b
0x00007ff8934dec45:   c3 cc cc cc cc cc cc cc cc cc cc 83 79 0c 00 76
0x00007ff8934dec55:   1c 83 39 00 7e 17 83 79 04 00 7e 11 48 83 79 20
0x00007ff8934dec65:   00 74 0a 48 83 79 28 00 74 03 b0 01 c3 32 c0 c3
0x00007ff8934dec75:   cc cc cc cc cc cc cc cc cc cc cc 40 55 56 57 41
0x00007ff8934dec85:   55 41 56 48 8d ac 24 30 fe ff ff 48 81 ec d0 02
0x00007ff8934dec95:   00 00 48 8b 05 da f0 0a 00 48 33 c4 48 89 85 a0 


Stack slot to memory mapping:
stack at sp + 0 slots: 0x00007ff8933b1834 jniRaylib.dll
stack at sp + 1 slots: 0x000001a4f0aba260 points into unknown readable memory: 0x000001a4c3d23e40 | 40 3e d2 c3 a4 01 00 00
stack at sp + 2 slots: 0x000001a4c3ec9d60 points into unknown readable memory: 0x7372657300000002 | 02 00 00 00 73 65 72 73
stack at sp + 3 slots: 0x000001a4c609b220 is a thread
stack at sp + 4 slots: 0x00007fffe9681185 jvm.dll
stack at sp + 5 slots: 0x000000e00000000a is an unknown value
stack at sp + 6 slots: 0x0000000200000000 is an unknown value
stack at sp + 7 slots: 0x0000008000000080 is an unknown value


---------------  P R O C E S S  ---------------

Threads class SMR info:
_java_thread_list=0x000001a4f0e82770, length=13, elements={
0x000001a4c609b220, 0x000001a4e8efc650, 0x000001a4e8efd210, 0x000001a4e8f13ac0,
0x000001a4e8f14680, 0x000001a4e8f19460, 0x000001a4e8f19e20, 0x000001a4e8f1e010,
0x000001a4e8f26ad0, 0x000001a4e8f3acb0, 0x000001a4e9abe7f0, 0x000001a4e9ac1130,
0x000001a4f007cd20
}

Java Threads: ( => current thread )
=>0x000001a4c609b220 JavaThread "main" [_thread_in_native, id=3220, stack(0x0000008721600000,0x0000008721700000)]
  0x000001a4e8efc650 JavaThread "Reference Handler" daemon [_thread_blocked, id=20948, stack(0x0000008721d00000,0x0000008721e00000)]
  0x000001a4e8efd210 JavaThread "Finalizer" daemon [_thread_blocked, id=31860, stack(0x0000008721e00000,0x0000008721f00000)]
  0x000001a4e8f13ac0 JavaThread "Signal Dispatcher" daemon [_thread_blocked, id=30144, stack(0x0000008721f00000,0x0000008722000000)]
  0x000001a4e8f14680 JavaThread "Attach Listener" daemon [_thread_blocked, id=3188, stack(0x0000008722000000,0x0000008722100000)]
  0x000001a4e8f19460 JavaThread "Service Thread" daemon [_thread_blocked, id=2412, stack(0x0000008722100000,0x0000008722200000)]
  0x000001a4e8f19e20 JavaThread "Monitor Deflation Thread" daemon [_thread_blocked, id=22092, stack(0x0000008722200000,0x0000008722300000)]
  0x000001a4e8f1e010 JavaThread "C2 CompilerThread0" daemon [_thread_blocked, id=25244, stack(0x0000008722300000,0x0000008722400000)]
  0x000001a4e8f26ad0 JavaThread "C1 CompilerThread0" daemon [_thread_blocked, id=8880, stack(0x0000008722400000,0x0000008722500000)]
  0x000001a4e8f3acb0 JavaThread "Sweeper thread" daemon [_thread_blocked, id=7740, stack(0x0000008722500000,0x0000008722600000)]
  0x000001a4e9abe7f0 JavaThread "Notification Thread" daemon [_thread_blocked, id=5080, stack(0x0000008722700000,0x0000008722800000)]
  0x000001a4e9ac1130 JavaThread "Common-Cleaner" daemon [_thread_blocked, id=5312, stack(0x0000008722900000,0x0000008722a00000)]
  0x000001a4f007cd20 JavaThread "JavaCPP Deallocator" daemon [_thread_blocked, id=25896, stack(0x0000008723200000,0x0000008723300000)]

Other Threads:
  0x000001a4e8ef7ba0 VMThread "VM Thread" [stack: 0x0000008721c00000,0x0000008721d00000] [id=29408]
  0x000001a4e9abecd0 WatcherThread [stack: 0x0000008722800000,0x0000008722900000] [id=7124]
  0x000001a4c6106970 GCTaskThread "GC Thread#0" [stack: 0x0000008721700000,0x0000008721800000] [id=25076]
  0x000001a4ee5748f0 GCTaskThread "GC Thread#1" [stack: 0x0000008723300000,0x0000008723400000] [id=31336]
  0x000001a4f0b28480 GCTaskThread "GC Thread#2" [stack: 0x0000008723400000,0x0000008723500000] [id=31372]
  0x000001a4efc19260 GCTaskThread "GC Thread#3" [stack: 0x0000008723500000,0x0000008723600000] [id=2820]
  0x000001a4efc19520 GCTaskThread "GC Thread#4" [stack: 0x0000008723600000,0x0000008723700000] [id=1608]
  0x000001a4f0218570 GCTaskThread "GC Thread#5" [stack: 0x0000008723700000,0x0000008723800000] [id=20852]
  0x000001a4c6118ac0 ConcurrentGCThread "G1 Main Marker" [stack: 0x0000008721800000,0x0000008721900000] [id=20980]
  0x000001a4c611a4f0 ConcurrentGCThread "G1 Conc#0" [stack: 0x0000008721900000,0x0000008721a00000] [id=10296]
  0x000001a4c614e360 ConcurrentGCThread "G1 Refine#0" [stack: 0x0000008721a00000,0x0000008721b00000] [id=15324]
  0x000001a4e8e30020 ConcurrentGCThread "G1 Service" [stack: 0x0000008721b00000,0x0000008721c00000] [id=14520]

Threads with active compile tasks:

VM state: not at safepoint (normal execution)

VM Mutex/Monitor currently owned by a thread: None

Heap address: 0x0000000705a00000, size: 4006 MB, Compressed Oops mode: Zero based, Oop shift amount: 3

CDS archive(s) mapped at: [0x000001a480000000-0x000001a480bb0000-0x000001a480bb0000), size 12255232, SharedBaseAddress: 0x000001a480000000, ArchiveRelocationMode: 1.
Compressed class space mapped at: 0x000001a481000000-0x000001a4c1000000, reserved size: 1073741824
Narrow klass base: 0x000001a480000000, Narrow klass shift: 0, Narrow klass range: 0x100000000

GC Precious Log:
 CPUs: 16 total, 16 available
 Memory: 16021M
 Large Page Support: Disabled
 NUMA Support: Disabled
 Compressed Oops: Enabled (Zero based)
 Heap Region Size: 2M
 Heap Min Capacity: 8M
 Heap Initial Capacity: 252M
 Heap Max Capacity: 4006M
 Pre-touch: Disabled
 Parallel Workers: 13
 Concurrent Workers: 3
 Concurrent Refinement Workers: 13
 Periodic GC: Disabled

Heap:
 garbage-first heap   total 258048K, used 3719K [0x0000000705a00000, 0x0000000800000000)
  region size 2048K, 3 young (6144K), 1 survivors (2048K)
 Metaspace       used 2123K, committed 2304K, reserved 1114112K
  class space    used 180K, committed 256K, reserved 1048576K

Heap Regions: E=young(eden), S=young(survivor), O=old, HS=humongous(starts), HC=humongous(continues), CS=collection set, F=free, OA=open archive, CA=closed archive, TAMS=top-at-mark-start (previous, next)
|   0|0x0000000705a00000, 0x0000000705a00000, 0x0000000705c00000|  0%| F|  |TAMS 0x0000000705a00000, 0x0000000705a00000| Untracked 
|   1|0x0000000705c00000, 0x0000000705c00000, 0x0000000705e00000|  0%| F|  |TAMS 0x0000000705c00000, 0x0000000705c00000| Untracked 
|   2|0x0000000705e00000, 0x0000000705e00000, 0x0000000706000000|  0%| F|  |TAMS 0x0000000705e00000, 0x0000000705e00000| Untracked 
|   3|0x0000000706000000, 0x0000000706000000, 0x0000000706200000|  0%| F|  |TAMS 0x0000000706000000, 0x0000000706000000| Untracked 
|   4|0x0000000706200000, 0x0000000706200000, 0x0000000706400000|  0%| F|  |TAMS 0x0000000706200000, 0x0000000706200000| Untracked 
|   5|0x0000000706400000, 0x0000000706400000, 0x0000000706600000|  0%| F|  |TAMS 0x0000000706400000, 0x0000000706400000| Untracked 
|   6|0x0000000706600000, 0x0000000706600000, 0x0000000706800000|  0%| F|  |TAMS 0x0000000706600000, 0x0000000706600000| Untracked 
|   7|0x0000000706800000, 0x0000000706800000, 0x0000000706a00000|  0%| F|  |TAMS 0x0000000706800000, 0x0000000706800000| Untracked 
|   8|0x0000000706a00000, 0x0000000706a00000, 0x0000000706c00000|  0%| F|  |TAMS 0x0000000706a00000, 0x0000000706a00000| Untracked 
|   9|0x0000000706c00000, 0x0000000706c00000, 0x0000000706e00000|  0%| F|  |TAMS 0x0000000706c00000, 0x0000000706c00000| Untracked 
|  10|0x0000000706e00000, 0x0000000706e00000, 0x0000000707000000|  0%| F|  |TAMS 0x0000000706e00000, 0x0000000706e00000| Untracked 
|  11|0x0000000707000000, 0x0000000707000000, 0x0000000707200000|  0%| F|  |TAMS 0x0000000707000000, 0x0000000707000000| Untracked 
|  12|0x0000000707200000, 0x0000000707200000, 0x0000000707400000|  0%| F|  |TAMS 0x0000000707200000, 0x0000000707200000| Untracked 
|  13|0x0000000707400000, 0x0000000707400000, 0x0000000707600000|  0%| F|  |TAMS 0x0000000707400000, 0x0000000707400000| Untracked 
|  14|0x0000000707600000, 0x0000000707600000, 0x0000000707800000|  0%| F|  |TAMS 0x0000000707600000, 0x0000000707600000| Untracked 
|  15|0x0000000707800000, 0x0000000707800000, 0x0000000707a00000|  0%| F|  |TAMS 0x0000000707800000, 0x0000000707800000| Untracked 
|  16|0x0000000707a00000, 0x0000000707a00000, 0x0000000707c00000|  0%| F|  |TAMS 0x0000000707a00000, 0x0000000707a00000| Untracked 
|  17|0x0000000707c00000, 0x0000000707c00000, 0x0000000707e00000|  0%| F|  |TAMS 0x0000000707c00000, 0x0000000707c00000| Untracked 
|  18|0x0000000707e00000, 0x0000000707e00000, 0x0000000708000000|  0%| F|  |TAMS 0x0000000707e00000, 0x0000000707e00000| Untracked 
|  19|0x0000000708000000, 0x0000000708000000, 0x0000000708200000|  0%| F|  |TAMS 0x0000000708000000, 0x0000000708000000| Untracked 
|  20|0x0000000708200000, 0x0000000708200000, 0x0000000708400000|  0%| F|  |TAMS 0x0000000708200000, 0x0000000708200000| Untracked 
|  21|0x0000000708400000, 0x0000000708400000, 0x0000000708600000|  0%| F|  |TAMS 0x0000000708400000, 0x0000000708400000| Untracked 
|  22|0x0000000708600000, 0x0000000708600000, 0x0000000708800000|  0%| F|  |TAMS 0x0000000708600000, 0x0000000708600000| Untracked 
|  23|0x0000000708800000, 0x0000000708800000, 0x0000000708a00000|  0%| F|  |TAMS 0x0000000708800000, 0x0000000708800000| Untracked 
|  24|0x0000000708a00000, 0x0000000708a00000, 0x0000000708c00000|  0%| F|  |TAMS 0x0000000708a00000, 0x0000000708a00000| Untracked 
|  25|0x0000000708c00000, 0x0000000708c00000, 0x0000000708e00000|  0%| F|  |TAMS 0x0000000708c00000, 0x0000000708c00000| Untracked 
|  26|0x0000000708e00000, 0x0000000708e00000, 0x0000000709000000|  0%| F|  |TAMS 0x0000000708e00000, 0x0000000708e00000| Untracked 
|  27|0x0000000709000000, 0x0000000709000000, 0x0000000709200000|  0%| F|  |TAMS 0x0000000709000000, 0x0000000709000000| Untracked 
|  28|0x0000000709200000, 0x0000000709200000, 0x0000000709400000|  0%| F|  |TAMS 0x0000000709200000, 0x0000000709200000| Untracked 
|  29|0x0000000709400000, 0x0000000709400000, 0x0000000709600000|  0%| F|  |TAMS 0x0000000709400000, 0x0000000709400000| Untracked 
|  30|0x0000000709600000, 0x0000000709600000, 0x0000000709800000|  0%| F|  |TAMS 0x0000000709600000, 0x0000000709600000| Untracked 
|  31|0x0000000709800000, 0x0000000709800000, 0x0000000709a00000|  0%| F|  |TAMS 0x0000000709800000, 0x0000000709800000| Untracked 
|  32|0x0000000709a00000, 0x0000000709a00000, 0x0000000709c00000|  0%| F|  |TAMS 0x0000000709a00000, 0x0000000709a00000| Untracked 
|  33|0x0000000709c00000, 0x0000000709c00000, 0x0000000709e00000|  0%| F|  |TAMS 0x0000000709c00000, 0x0000000709c00000| Untracked 
|  34|0x0000000709e00000, 0x0000000709e00000, 0x000000070a000000|  0%| F|  |TAMS 0x0000000709e00000, 0x0000000709e00000| Untracked 
|  35|0x000000070a000000, 0x000000070a000000, 0x000000070a200000|  0%| F|  |TAMS 0x000000070a000000, 0x000000070a000000| Untracked 
|  36|0x000000070a200000, 0x000000070a200000, 0x000000070a400000|  0%| F|  |TAMS 0x000000070a200000, 0x000000070a200000| Untracked 
|  37|0x000000070a400000, 0x000000070a400000, 0x000000070a600000|  0%| F|  |TAMS 0x000000070a400000, 0x000000070a400000| Untracked 
|  38|0x000000070a600000, 0x000000070a600000, 0x000000070a800000|  0%| F|  |TAMS 0x000000070a600000, 0x000000070a600000| Untracked 
|  39|0x000000070a800000, 0x000000070a800000, 0x000000070aa00000|  0%| F|  |TAMS 0x000000070a800000, 0x000000070a800000| Untracked 
|  40|0x000000070aa00000, 0x000000070aa00000, 0x000000070ac00000|  0%| F|  |TAMS 0x000000070aa00000, 0x000000070aa00000| Untracked 
|  41|0x000000070ac00000, 0x000000070ac00000, 0x000000070ae00000|  0%| F|  |TAMS 0x000000070ac00000, 0x000000070ac00000| Untracked 
|  42|0x000000070ae00000, 0x000000070ae00000, 0x000000070b000000|  0%| F|  |TAMS 0x000000070ae00000, 0x000000070ae00000| Untracked 
|  43|0x000000070b000000, 0x000000070b000000, 0x000000070b200000|  0%| F|  |TAMS 0x000000070b000000, 0x000000070b000000| Untracked 
|  44|0x000000070b200000, 0x000000070b200000, 0x000000070b400000|  0%| F|  |TAMS 0x000000070b200000, 0x000000070b200000| Untracked 
|  45|0x000000070b400000, 0x000000070b400000, 0x000000070b600000|  0%| F|  |TAMS 0x000000070b400000, 0x000000070b400000| Untracked 
|  46|0x000000070b600000, 0x000000070b600000, 0x000000070b800000|  0%| F|  |TAMS 0x000000070b600000, 0x000000070b600000| Untracked 
|  47|0x000000070b800000, 0x000000070b800000, 0x000000070ba00000|  0%| F|  |TAMS 0x000000070b800000, 0x000000070b800000| Untracked 
|  48|0x000000070ba00000, 0x000000070ba00000, 0x000000070bc00000|  0%| F|  |TAMS 0x000000070ba00000, 0x000000070ba00000| Untracked 
|  49|0x000000070bc00000, 0x000000070bc00000, 0x000000070be00000|  0%| F|  |TAMS 0x000000070bc00000, 0x000000070bc00000| Untracked 
|  50|0x000000070be00000, 0x000000070be00000, 0x000000070c000000|  0%| F|  |TAMS 0x000000070be00000, 0x000000070be00000| Untracked 
|  51|0x000000070c000000, 0x000000070c000000, 0x000000070c200000|  0%| F|  |TAMS 0x000000070c000000, 0x000000070c000000| Untracked 
|  52|0x000000070c200000, 0x000000070c200000, 0x000000070c400000|  0%| F|  |TAMS 0x000000070c200000, 0x000000070c200000| Untracked 
|  53|0x000000070c400000, 0x000000070c400000, 0x000000070c600000|  0%| F|  |TAMS 0x000000070c400000, 0x000000070c400000| Untracked 
|  54|0x000000070c600000, 0x000000070c600000, 0x000000070c800000|  0%| F|  |TAMS 0x000000070c600000, 0x000000070c600000| Untracked 
|  55|0x000000070c800000, 0x000000070c800000, 0x000000070ca00000|  0%| F|  |TAMS 0x000000070c800000, 0x000000070c800000| Untracked 
|  56|0x000000070ca00000, 0x000000070ca00000, 0x000000070cc00000|  0%| F|  |TAMS 0x000000070ca00000, 0x000000070ca00000| Untracked 
|  57|0x000000070cc00000, 0x000000070cc00000, 0x000000070ce00000|  0%| F|  |TAMS 0x000000070cc00000, 0x000000070cc00000| Untracked 
|  58|0x000000070ce00000, 0x000000070ce00000, 0x000000070d000000|  0%| F|  |TAMS 0x000000070ce00000, 0x000000070ce00000| Untracked 
|  59|0x000000070d000000, 0x000000070d000000, 0x000000070d200000|  0%| F|  |TAMS 0x000000070d000000, 0x000000070d000000| Untracked 
|  60|0x000000070d200000, 0x000000070d200000, 0x000000070d400000|  0%| F|  |TAMS 0x000000070d200000, 0x000000070d200000| Untracked 
|  61|0x000000070d400000, 0x000000070d400000, 0x000000070d600000|  0%| F|  |TAMS 0x000000070d400000, 0x000000070d400000| Untracked 
|  62|0x000000070d600000, 0x000000070d600000, 0x000000070d800000|  0%| F|  |TAMS 0x000000070d600000, 0x000000070d600000| Untracked 
|  63|0x000000070d800000, 0x000000070d800000, 0x000000070da00000|  0%| F|  |TAMS 0x000000070d800000, 0x000000070d800000| Untracked 
|  64|0x000000070da00000, 0x000000070da00000, 0x000000070dc00000|  0%| F|  |TAMS 0x000000070da00000, 0x000000070da00000| Untracked 
|  65|0x000000070dc00000, 0x000000070dc00000, 0x000000070de00000|  0%| F|  |TAMS 0x000000070dc00000, 0x000000070dc00000| Untracked 
|  66|0x000000070de00000, 0x000000070de00000, 0x000000070e000000|  0%| F|  |TAMS 0x000000070de00000, 0x000000070de00000| Untracked 
|  67|0x000000070e000000, 0x000000070e000000, 0x000000070e200000|  0%| F|  |TAMS 0x000000070e000000, 0x000000070e000000| Untracked 
|  68|0x000000070e200000, 0x000000070e200000, 0x000000070e400000|  0%| F|  |TAMS 0x000000070e200000, 0x000000070e200000| Untracked 
|  69|0x000000070e400000, 0x000000070e400000, 0x000000070e600000|  0%| F|  |TAMS 0x000000070e400000, 0x000000070e400000| Untracked 
|  70|0x000000070e600000, 0x000000070e600000, 0x000000070e800000|  0%| F|  |TAMS 0x000000070e600000, 0x000000070e600000| Untracked 
|  71|0x000000070e800000, 0x000000070e800000, 0x000000070ea00000|  0%| F|  |TAMS 0x000000070e800000, 0x000000070e800000| Untracked 
|  72|0x000000070ea00000, 0x000000070ea00000, 0x000000070ec00000|  0%| F|  |TAMS 0x000000070ea00000, 0x000000070ea00000| Untracked 
|  73|0x000000070ec00000, 0x000000070ec00000, 0x000000070ee00000|  0%| F|  |TAMS 0x000000070ec00000, 0x000000070ec00000| Untracked 
|  74|0x000000070ee00000, 0x000000070ee00000, 0x000000070f000000|  0%| F|  |TAMS 0x000000070ee00000, 0x000000070ee00000| Untracked 
|  75|0x000000070f000000, 0x000000070f000000, 0x000000070f200000|  0%| F|  |TAMS 0x000000070f000000, 0x000000070f000000| Untracked 
|  76|0x000000070f200000, 0x000000070f200000, 0x000000070f400000|  0%| F|  |TAMS 0x000000070f200000, 0x000000070f200000| Untracked 
|  77|0x000000070f400000, 0x000000070f400000, 0x000000070f600000|  0%| F|  |TAMS 0x000000070f400000, 0x000000070f400000| Untracked 
|  78|0x000000070f600000, 0x000000070f600000, 0x000000070f800000|  0%| F|  |TAMS 0x000000070f600000, 0x000000070f600000| Untracked 
|  79|0x000000070f800000, 0x000000070f800000, 0x000000070fa00000|  0%| F|  |TAMS 0x000000070f800000, 0x000000070f800000| Untracked 
|  80|0x000000070fa00000, 0x000000070fa00000, 0x000000070fc00000|  0%| F|  |TAMS 0x000000070fa00000, 0x000000070fa00000| Untracked 
|  81|0x000000070fc00000, 0x000000070fc00000, 0x000000070fe00000|  0%| F|  |TAMS 0x000000070fc00000, 0x000000070fc00000| Untracked 
|  82|0x000000070fe00000, 0x000000070fe00000, 0x0000000710000000|  0%| F|  |TAMS 0x000000070fe00000, 0x000000070fe00000| Untracked 
|  83|0x0000000710000000, 0x0000000710000000, 0x0000000710200000|  0%| F|  |TAMS 0x0000000710000000, 0x0000000710000000| Untracked 
|  84|0x0000000710200000, 0x0000000710200000, 0x0000000710400000|  0%| F|  |TAMS 0x0000000710200000, 0x0000000710200000| Untracked 
|  85|0x0000000710400000, 0x0000000710400000, 0x0000000710600000|  0%| F|  |TAMS 0x0000000710400000, 0x0000000710400000| Untracked 
|  86|0x0000000710600000, 0x0000000710600000, 0x0000000710800000|  0%| F|  |TAMS 0x0000000710600000, 0x0000000710600000| Untracked 
|  87|0x0000000710800000, 0x0000000710800000, 0x0000000710a00000|  0%| F|  |TAMS 0x0000000710800000, 0x0000000710800000| Untracked 
|  88|0x0000000710a00000, 0x0000000710a00000, 0x0000000710c00000|  0%| F|  |TAMS 0x0000000710a00000, 0x0000000710a00000| Untracked 
|  89|0x0000000710c00000, 0x0000000710c00000, 0x0000000710e00000|  0%| F|  |TAMS 0x0000000710c00000, 0x0000000710c00000| Untracked 
|  90|0x0000000710e00000, 0x0000000710e00000, 0x0000000711000000|  0%| F|  |TAMS 0x0000000710e00000, 0x0000000710e00000| Untracked 
|  91|0x0000000711000000, 0x0000000711000000, 0x0000000711200000|  0%| F|  |TAMS 0x0000000711000000, 0x0000000711000000| Untracked 
|  92|0x0000000711200000, 0x0000000711200000, 0x0000000711400000|  0%| F|  |TAMS 0x0000000711200000, 0x0000000711200000| Untracked 
|  93|0x0000000711400000, 0x0000000711400000, 0x0000000711600000|  0%| F|  |TAMS 0x0000000711400000, 0x0000000711400000| Untracked 
|  94|0x0000000711600000, 0x0000000711600000, 0x0000000711800000|  0%| F|  |TAMS 0x0000000711600000, 0x0000000711600000| Untracked 
|  95|0x0000000711800000, 0x0000000711800000, 0x0000000711a00000|  0%| F|  |TAMS 0x0000000711800000, 0x0000000711800000| Untracked 
|  96|0x0000000711a00000, 0x0000000711a00000, 0x0000000711c00000|  0%| F|  |TAMS 0x0000000711a00000, 0x0000000711a00000| Untracked 
|  97|0x0000000711c00000, 0x0000000711c00000, 0x0000000711e00000|  0%| F|  |TAMS 0x0000000711c00000, 0x0000000711c00000| Untracked 
|  98|0x0000000711e00000, 0x0000000711e00000, 0x0000000712000000|  0%| F|  |TAMS 0x0000000711e00000, 0x0000000711e00000| Untracked 
|  99|0x0000000712000000, 0x0000000712000000, 0x0000000712200000|  0%| F|  |TAMS 0x0000000712000000, 0x0000000712000000| Untracked 
| 100|0x0000000712200000, 0x0000000712200000, 0x0000000712400000|  0%| F|  |TAMS 0x0000000712200000, 0x0000000712200000| Untracked 
| 101|0x0000000712400000, 0x0000000712400000, 0x0000000712600000|  0%| F|  |TAMS 0x0000000712400000, 0x0000000712400000| Untracked 
| 102|0x0000000712600000, 0x0000000712600000, 0x0000000712800000|  0%| F|  |TAMS 0x0000000712600000, 0x0000000712600000| Untracked 
| 103|0x0000000712800000, 0x0000000712800000, 0x0000000712a00000|  0%| F|  |TAMS 0x0000000712800000, 0x0000000712800000| Untracked 
| 104|0x0000000712a00000, 0x0000000712a00000, 0x0000000712c00000|  0%| F|  |TAMS 0x0000000712a00000, 0x0000000712a00000| Untracked 
| 105|0x0000000712c00000, 0x0000000712c00000, 0x0000000712e00000|  0%| F|  |TAMS 0x0000000712c00000, 0x0000000712c00000| Untracked 
| 106|0x0000000712e00000, 0x0000000712e00000, 0x0000000713000000|  0%| F|  |TAMS 0x0000000712e00000, 0x0000000712e00000| Untracked 
| 107|0x0000000713000000, 0x0000000713000000, 0x0000000713200000|  0%| F|  |TAMS 0x0000000713000000, 0x0000000713000000| Untracked 
| 108|0x0000000713200000, 0x0000000713200000, 0x0000000713400000|  0%| F|  |TAMS 0x0000000713200000, 0x0000000713200000| Untracked 
| 109|0x0000000713400000, 0x0000000713400000, 0x0000000713600000|  0%| F|  |TAMS 0x0000000713400000, 0x0000000713400000| Untracked 
| 110|0x0000000713600000, 0x0000000713600000, 0x0000000713800000|  0%| F|  |TAMS 0x0000000713600000, 0x0000000713600000| Untracked 
| 111|0x0000000713800000, 0x0000000713800000, 0x0000000713a00000|  0%| F|  |TAMS 0x0000000713800000, 0x0000000713800000| Untracked 
| 112|0x0000000713a00000, 0x0000000713a00000, 0x0000000713c00000|  0%| F|  |TAMS 0x0000000713a00000, 0x0000000713a00000| Untracked 
| 113|0x0000000713c00000, 0x0000000713c00000, 0x0000000713e00000|  0%| F|  |TAMS 0x0000000713c00000, 0x0000000713c00000| Untracked 
| 114|0x0000000713e00000, 0x0000000713fa1f90, 0x0000000714000000| 81%| S|CS|TAMS 0x0000000713e00000, 0x0000000713e00000| Complete 
| 115|0x0000000714000000, 0x0000000714000000, 0x0000000714200000|  0%| F|  |TAMS 0x0000000714000000, 0x0000000714000000| Untracked 
| 116|0x0000000714200000, 0x0000000714200000, 0x0000000714400000|  0%| F|  |TAMS 0x0000000714200000, 0x0000000714200000| Untracked 
| 117|0x0000000714400000, 0x0000000714400000, 0x0000000714600000|  0%| F|  |TAMS 0x0000000714400000, 0x0000000714400000| Untracked 
| 118|0x0000000714600000, 0x0000000714600000, 0x0000000714800000|  0%| F|  |TAMS 0x0000000714600000, 0x0000000714600000| Untracked 
| 119|0x0000000714800000, 0x0000000714800000, 0x0000000714a00000|  0%| F|  |TAMS 0x0000000714800000, 0x0000000714800000| Untracked 
| 120|0x0000000714a00000, 0x0000000714a00000, 0x0000000714c00000|  0%| F|  |TAMS 0x0000000714a00000, 0x0000000714a00000| Untracked 
| 121|0x0000000714c00000, 0x0000000714c00000, 0x0000000714e00000|  0%| F|  |TAMS 0x0000000714c00000, 0x0000000714c00000| Untracked 
| 122|0x0000000714e00000, 0x0000000714e00000, 0x0000000715000000|  0%| F|  |TAMS 0x0000000714e00000, 0x0000000714e00000| Untracked 
| 123|0x0000000715000000, 0x0000000715000000, 0x0000000715200000|  0%| F|  |TAMS 0x0000000715000000, 0x0000000715000000| Untracked 
| 124|0x0000000715200000, 0x00000007152c5de8, 0x0000000715400000| 38%| E|  |TAMS 0x0000000715200000, 0x0000000715200000| Complete 
| 125|0x0000000715400000, 0x0000000715600000, 0x0000000715600000|100%| E|CS|TAMS 0x0000000715400000, 0x0000000715400000| Complete 

Card table byte_map: [0x000001a4ddc20000,0x000001a4de400000] _byte_map_base: 0x000001a4da3f3000

Marking Bits (Prev, Next): (CMBitMap*) 0x000001a4c6106f90, (CMBitMap*) 0x000001a4c6106fd0
 Prev Bits: [0x000001a4debe0000, 0x000001a4e2a78000)
 Next Bits: [0x000001a4e2a80000, 0x000001a4e6918000)

Polling page: 0x000001a4c4070000

Metaspace:

Usage:
  Non-class:      1.90 MB used.
      Class:    180.95 KB used.
       Both:      2.07 MB used.

Virtual space:
  Non-class space:       64.00 MB reserved,       2.00 MB (  3%) committed,  1 nodes.
      Class space:        1.00 GB reserved,     256.00 KB ( <1%) committed,  1 nodes.
             Both:        1.06 GB reserved,       2.25 MB ( <1%) committed. 

Chunk freelists:
   Non-Class:  11.24 MB
       Class:  15.65 MB
        Both:  26.89 MB

MaxMetaspaceSize: unlimited
CompressedClassSpaceSize: 1.00 GB
Initial GC threshold: 21.00 MB
Current GC threshold: 21.00 MB
CDS: on
MetaspaceReclaimPolicy: balanced
 - commit_granule_bytes: 65536.
 - commit_granule_words: 8192.
 - virtual_space_node_default_size: 8388608.
 - enlarge_chunks_in_place: 1.
 - new_chunks_are_fully_committed: 0.
 - uncommit_free_chunks: 1.
 - use_allocation_guard: 0.
 - handle_deallocations: 1.


Internal statistics:

num_allocs_failed_limit: 0.
num_arena_births: 32.
num_arena_deaths: 0.
num_vsnodes_births: 2.
num_vsnodes_deaths: 0.
num_space_committed: 36.
num_space_uncommitted: 0.
num_chunks_returned_to_freelist: 0.
num_chunks_taken_from_freelist: 72.
num_chunk_merges: 0.
num_chunk_splits: 52.
num_chunks_enlarged: 37.
num_inconsistent_stats: 0.

CodeHeap 'non-profiled nmethods': size=119168Kb used=626Kb max_used=626Kb free=118541Kb
 bounds [0x000001a4d5750000, 0x000001a4d59c0000, 0x000001a4dcbb0000]
CodeHeap 'profiled nmethods': size=119104Kb used=1398Kb max_used=1398Kb free=117705Kb
 bounds [0x000001a4cdbb0000, 0x000001a4cde20000, 0x000001a4d5000000]
CodeHeap 'non-nmethods': size=7488Kb used=1159Kb max_used=2350Kb free=6328Kb
 bounds [0x000001a4d5000000, 0x000001a4d5270000, 0x000001a4d5750000]
 total_blobs=1286 nmethods=849 adapters=350
 compilation: enabled
              stopped_count=0, restarted_count=0
 full_count=0

Compilation events (20 events):
Event: 10.310 Thread 0x000001a4e8f26ad0  836       3       java.lang.invoke.DirectMethodHandle$Holder::invokeStatic (14 bytes)
Event: 10.310 Thread 0x000001a4e8f26ad0 nmethod 836 0x000001a4cdd0b210 code [0x000001a4cdd0b3e0, 0x000001a4cdd0b838]
Event: 12.439 Thread 0x000001a4e8f26ad0  841       3       java.lang.invoke.LambdaForm$MH/0x000001a481018400::invoke (32 bytes)
Event: 12.440 Thread 0x000001a4e8f26ad0 nmethod 841 0x000001a4cdd0b990 code [0x000001a4cdd0bb60, 0x000001a4cdd0c038]
Event: 12.440 Thread 0x000001a4e8f26ad0  842       3       java.lang.invoke.DirectMethodHandle$Holder::invokeStatic (21 bytes)
Event: 12.440 Thread 0x000001a4e8f26ad0 nmethod 842 0x000001a4cdd0c190 code [0x000001a4cdd0c360, 0x000001a4cdd0c878]
Event: 12.440 Thread 0x000001a4e8f26ad0  843       3       java.lang.StringConcatHelper::prepend (22 bytes)
Event: 12.440 Thread 0x000001a4e8f26ad0 nmethod 843 0x000001a4cdd0c990 code [0x000001a4cdd0cb60, 0x000001a4cdd0cde8]
Event: 12.440 Thread 0x000001a4e8f26ad0  844       3       java.lang.StringConcatHelper::prepend (30 bytes)
Event: 12.440 Thread 0x000001a4e8f26ad0 nmethod 844 0x000001a4cdd0cf10 code [0x000001a4cdd0d0c0, 0x000001a4cdd0d298]
Event: 12.440 Thread 0x000001a4e8f26ad0  845       3       java.lang.invoke.DirectMethodHandle$Holder::invokeStatic (17 bytes)
Event: 12.440 Thread 0x000001a4e8f26ad0 nmethod 845 0x000001a4cdd0d390 code [0x000001a4cdd0d560, 0x000001a4cdd0da78]
Event: 18.137 Thread 0x000001a4e8f1e010  846       4       java.util.HashMap::getNode (150 bytes)
Event: 18.146 Thread 0x000001a4e8f1e010 nmethod 846 0x000001a4d57ea810 code [0x000001a4d57ea9c0, 0x000001a4d57eb068]
Event: 23.972 Thread 0x000001a4e8f1e010  847       4       java.util.HashMap::get (19 bytes)
Event: 23.986 Thread 0x000001a4e8f1e010 nmethod 847 0x000001a4d57eb490 code [0x000001a4d57eb640, 0x000001a4d57ebcc8]
Event: 24.606 Thread 0x000001a4e8f1e010  848   !   4       java.util.WeakHashMap::expungeStaleEntries (139 bytes)
Event: 24.609 Thread 0x000001a4e8f1e010 nmethod 848 0x000001a4d57ec110 code [0x000001a4d57ec2a0, 0x000001a4d57ec5a8]
Event: 24.671 Thread 0x000001a4e8f1e010  849       4       java.util.WeakHashMap::hash (28 bytes)
Event: 24.672 Thread 0x000001a4e8f1e010 nmethod 849 0x000001a4d57ec710 code [0x000001a4d57ec8a0, 0x000001a4d57ec9b8]

GC Heap History (2 events):
Event: 1.592 GC heap before
{Heap before GC invocations=0 (full 0):
 garbage-first heap   total 258048K, used 22528K [0x0000000705a00000, 0x0000000800000000)
  region size 2048K, 11 young (22528K), 0 survivors (0K)
 Metaspace       used 1819K, committed 1920K, reserved 1114112K
  class space    used 144K, committed 192K, reserved 1048576K
}
Event: 1.598 GC heap after
{Heap after GC invocations=1 (full 0):
 garbage-first heap   total 258048K, used 1671K [0x0000000705a00000, 0x0000000800000000)
  region size 2048K, 1 young (2048K), 1 survivors (2048K)
 Metaspace       used 1819K, committed 1920K, reserved 1114112K
  class space    used 144K, committed 192K, reserved 1048576K
}

Dll operation events (20 events):
Event: 1.026 Loaded shared library C:\Program Files (x86)\Windows Kits\10\Redist\ucrt\DLLs\x64\api-ms-win-core-rtlsupport-l1-1-0.dll
Event: 1.040 Loaded shared library C:\Program Files (x86)\Windows Kits\10\Redist\ucrt\DLLs\x64\api-ms-win-core-processthreads-l1-1-1.dll
Event: 1.074 Loaded shared library C:\Program Files (x86)\Windows Kits\10\Redist\ucrt\DLLs\x64\api-ms-win-core-file-l1-2-0.dll
Event: 1.090 Loaded shared library C:\Program Files (x86)\Windows Kits\10\Redist\ucrt\DLLs\x64\api-ms-win-core-profile-l1-1-0.dll
Event: 1.110 Loaded shared library C:\Program Files (x86)\Windows Kits\10\Redist\ucrt\DLLs\x64\api-ms-win-core-memory-l1-1-0.dll
Event: 1.129 Loaded shared library C:\Program Files (x86)\Windows Kits\10\Redist\ucrt\DLLs\x64\api-ms-win-core-util-l1-1-0.dll
Event: 1.148 Loaded shared library C:\Program Files (x86)\Windows Kits\10\Redist\ucrt\DLLs\x64\api-ms-win-core-interlocked-l1-1-0.dll
Event: 1.164 Loaded shared library C:\Program Files (x86)\Windows Kits\10\Redist\ucrt\DLLs\x64\ucrtbase.dll
Event: 1.180 Loaded shared library C:\Users\luczu\.jdks\corretto-17.0.10\bin\vcruntime140.dll
Event: 1.209 Loaded shared library C:\Users\luczu\.jdks\corretto-17.0.10\bin\vcruntime140_1.dll
Event: 1.229 Loaded shared library C:\Users\luczu\.jdks\corretto-17.0.10\bin\msvcp140.dll
Event: 1.255 Loaded shared library C:\Windows\System32\msvcp140_1.dll
Event: 1.279 Loaded shared library C:\Windows\System32\concrt140.dll
Event: 1.308 Loaded shared library C:\Windows\System32\vcomp140.dll
Event: 1.351 Loaded shared library C:\Windows\System32\winmm.dll
Event: 1.362 Loaded shared library C:\Windows\System32\opengl32.dll
Event: 1.366 Loaded shared library C:\Windows\System32\user32.dll
Event: 1.369 Loaded shared library C:\Windows\System32\shell32.dll
Event: 1.372 Loaded shared library C:\Windows\System32\gdi32.dll
Event: 1.497 Loaded shared library C:\Users\luczu\.javacpp\cache\jaylib-4.5.0-0.jar\com\raylib\windows-x86_64\jniRaylib.dll

Deoptimization events (20 events):
Event: 1.182 Thread 0x000001a4c609b220 Uncommon trap: trap_request=0xffffff45 fr.pc=0x000001a4d5767e64 relative=0x00000000000002c4
Event: 1.183 Thread 0x000001a4c609b220 Uncommon trap: reason=unstable_if action=reinterpret pc=0x000001a4d5767e64 method=java.lang.String.startsWith(Ljava/lang/String;I)Z @ 14 c2
Event: 1.185 Thread 0x000001a4c609b220 DEOPT PACKING pc=0x000001a4d5767e64 sp=0x00000087216fdb10
Event: 1.185 Thread 0x000001a4c609b220 DEOPT UNPACKING pc=0x000001a4d505a1a3 sp=0x00000087216fda70 mode 2
Event: 1.332 Thread 0x000001a4c609b220 Uncommon trap: trap_request=0xffffff45 fr.pc=0x000001a4d576cd7c relative=0x00000000000001bc
Event: 1.332 Thread 0x000001a4c609b220 Uncommon trap: reason=unstable_if action=reinterpret pc=0x000001a4d576cd7c method=java.io.WinNTFileSystem.normalize(Ljava/lang/String;)Ljava/lang/String; @ 128 c2
Event: 1.333 Thread 0x000001a4c609b220 DEOPT PACKING pc=0x000001a4d576cd7c sp=0x00000087216fd6f0
Event: 1.333 Thread 0x000001a4c609b220 DEOPT UNPACKING pc=0x000001a4d505a1a3 sp=0x00000087216fd678 mode 2
Event: 1.351 Thread 0x000001a4c609b220 Uncommon trap: trap_request=0xffffff45 fr.pc=0x000001a4d57713a4 relative=0x0000000000000184
Event: 1.351 Thread 0x000001a4c609b220 Uncommon trap: reason=unstable_if action=reinterpret pc=0x000001a4d57713a4 method=sun.net.www.ParseUtil.firstEncodeIndex(Ljava/lang/String;)I @ 51 c2
Event: 1.353 Thread 0x000001a4c609b220 DEOPT PACKING pc=0x000001a4d57713a4 sp=0x00000087216fdf50
Event: 1.353 Thread 0x000001a4c609b220 DEOPT UNPACKING pc=0x000001a4d505a1a3 sp=0x00000087216fded8 mode 2
Event: 1.379 Thread 0x000001a4c609b220 Uncommon trap: trap_request=0xffffff45 fr.pc=0x000001a4d578dcf8 relative=0x0000000000001358
Event: 1.379 Thread 0x000001a4c609b220 Uncommon trap: reason=unstable_if action=reinterpret pc=0x000001a4d578dcf8 method=java.net.URL.<init>(Ljava/net/URL;Ljava/lang/String;Ljava/net/URLStreamHandler;)V @ 273 c2
Event: 1.380 Thread 0x000001a4c609b220 DEOPT PACKING pc=0x000001a4d578dcf8 sp=0x00000087216fde80
Event: 1.380 Thread 0x000001a4c609b220 DEOPT UNPACKING pc=0x000001a4d505a1a3 sp=0x00000087216fde20 mode 2
Event: 1.598 Thread 0x000001a4c609b220 Uncommon trap: trap_request=0xffffff45 fr.pc=0x000001a4d577eb60 relative=0x00000000000000e0
Event: 1.598 Thread 0x000001a4c609b220 Uncommon trap: reason=unstable_if action=reinterpret pc=0x000001a4d577eb60 method=java.lang.ref.SoftReference.get()Ljava/lang/Object; @ 17 c2
Event: 1.599 Thread 0x000001a4c609b220 DEOPT PACKING pc=0x000001a4d577eb60 sp=0x00000087216fcaa0
Event: 1.599 Thread 0x000001a4c609b220 DEOPT UNPACKING pc=0x000001a4d505a1a3 sp=0x00000087216fca58 mode 2

Classes unloaded (0 events):
No events

Classes redefined (0 events):
No events

Internal exceptions (7 events):
Event: 0.302 Thread 0x000001a4c609b220 Exception <a 'java/lang/NoSuchMethodError'{0x00000007152812a0}: 'int java.lang.invoke.DirectMethodHandle$Holder.invokeStaticInit(java.lang.Object, java.lang.Object, java.lang.Object, java.lang.Object)'> (0x00000007152812a0) 
thrown [s\src\hotspot\share\interpreter\linkResolver.cpp, line 759]
Event: 0.305 Thread 0x000001a4c609b220 Exception <a 'java/lang/NoSuchMethodError'{0x000000071528bfb0}: 'java.lang.Object java.lang.invoke.DirectMethodHandle$Holder.invokeInterface(java.lang.Object, java.lang.Object)'> (0x000000071528bfb0) 
thrown [s\src\hotspot\share\interpreter\linkResolver.cpp, line 759]
Event: 0.306 Thread 0x000001a4c609b220 Exception <a 'java/lang/IncompatibleClassChangeError'{0x000000071528f6c8}: Found class java.lang.Object, but interface was expected> (0x000000071528f6c8) 
thrown [s\src\hotspot\share\interpreter\linkResolver.cpp, line 826]
Event: 0.307 Thread 0x000001a4c609b220 Exception <a 'java/lang/NoSuchMethodError'{0x0000000715292870}: 'void java.lang.invoke.DirectMethodHandle$Holder.invokeStatic(java.lang.Object, java.lang.Object)'> (0x0000000715292870) 
thrown [s\src\hotspot\share\interpreter\linkResolver.cpp, line 759]
Event: 0.308 Thread 0x000001a4c609b220 Exception <a 'java/lang/NoSuchMethodError'{0x0000000715295ee0}: 'void java.lang.invoke.DirectMethodHandle$Holder.invokeStaticInit(java.lang.Object, java.lang.Object)'> (0x0000000715295ee0) 
thrown [s\src\hotspot\share\interpreter\linkResolver.cpp, line 759]
Event: 0.309 Thread 0x000001a4c609b220 Exception <a 'java/lang/NoSuchMethodError'{0x000000071529c628}: 'int java.lang.invoke.DirectMethodHandle$Holder.invokeStaticInit(java.lang.Object, java.lang.Object)'> (0x000000071529c628) 
thrown [s\src\hotspot\share\interpreter\linkResolver.cpp, line 759]
Event: 1.426 Thread 0x000001a4c609b220 Exception <a 'java/lang/NoSuchMethodError'{0x0000000714162120}: 'java.lang.Object java.lang.invoke.DirectMethodHandle$Holder.invokeStatic(java.lang.Object, int, java.lang.Object)'> (0x0000000714162120) 
thrown [s\src\hotspot\share\interpreter\linkResolver.cpp, line 759]

VM Operations (16 events):
Event: 0.278 Executing VM operation: HandshakeAllThreads
Event: 0.278 Executing VM operation: HandshakeAllThreads done
Event: 0.395 Executing VM operation: HandshakeAllThreads
Event: 0.395 Executing VM operation: HandshakeAllThreads done
Event: 1.405 Executing VM operation: Cleanup
Event: 1.406 Executing VM operation: Cleanup done
Event: 1.592 Executing VM operation: G1CollectForAllocation
Event: 1.598 Executing VM operation: G1CollectForAllocation done
Event: 2.608 Executing VM operation: Cleanup
Event: 2.609 Executing VM operation: Cleanup done
Event: 3.623 Executing VM operation: Cleanup
Event: 3.624 Executing VM operation: Cleanup done
Event: 6.624 Executing VM operation: Cleanup
Event: 6.624 Executing VM operation: Cleanup done
Event: 24.634 Executing VM operation: Cleanup
Event: 24.634 Executing VM operation: Cleanup done

Events (20 events):
Event: 1.422 loading class java/time/zone/ZoneOffsetTransition
Event: 1.423 loading class java/time/zone/ZoneOffsetTransition done
Event: 1.424 loading class java/time/temporal/TemporalAdjusters
Event: 1.424 loading class java/time/temporal/TemporalAdjusters done
Event: 1.430 loading class java/time/zone/ZoneOffsetTransitionRule$1
Event: 1.430 loading class java/time/zone/ZoneOffsetTransitionRule$1 done
Event: 1.430 loading class java/util/concurrent/TimeUnit$1
Event: 1.431 loading class java/util/concurrent/TimeUnit$1 done
Event: 1.551 loading class java/lang/NumberFormatException
Event: 1.551 loading class java/lang/NumberFormatException done
Event: 1.552 Thread 0x000001a4f007cd20 Thread added: 0x000001a4f007cd20
Event: 2.884 Thread 0x000001a4ee50a900 Thread exited: 0x000001a4ee50a900
Event: 2.884 Thread 0x000001a4eed73450 Thread exited: 0x000001a4eed73450
Event: 2.885 Thread 0x000001a4ee574c70 Thread exited: 0x000001a4ee574c70
Event: 2.886 Thread 0x000001a4ee310210 Thread exited: 0x000001a4ee310210
Event: 2.886 Thread 0x000001a4ee30fcf0 Thread exited: 0x000001a4ee30fcf0
Event: 2.886 Thread 0x000001a4ee2b9100 Thread exited: 0x000001a4ee2b9100
Event: 2.886 Thread 0x000001a4e9ce7410 Thread exited: 0x000001a4e9ce7410
Event: 6.049 Thread 0x000001a4e9ce6950 Thread exited: 0x000001a4e9ce6950
Event: 10.272 Thread 0x000001a4e99f67a0 Thread exited: 0x000001a4e99f67a0


Dynamic libraries:
0x00007ff6bb610000 - 0x00007ff6bb61e000 	C:\Users\luczu\.jdks\corretto-17.0.10\bin\java.exe
0x00007ff91b1d0000 - 0x00007ff91b3e7000 	C:\WINDOWS\SYSTEM32\ntdll.dll
0x00007ff919880000 - 0x00007ff919944000 	C:\WINDOWS\System32\KERNEL32.DLL
0x00007ff918ad0000 - 0x00007ff918e76000 	C:\WINDOWS\System32\KERNELBASE.dll
0x00007ff918820000 - 0x00007ff918931000 	C:\WINDOWS\System32\ucrtbase.dll
0x00007ff8929f0000 - 0x00007ff892a07000 	C:\Users\luczu\.jdks\corretto-17.0.10\bin\jli.dll
0x00007ff880b50000 - 0x00007ff880b6b000 	C:\Users\luczu\.jdks\corretto-17.0.10\bin\VCRUNTIME140.dll
0x00007ff919da0000 - 0x00007ff919f4e000 	C:\WINDOWS\System32\USER32.dll
0x00007ff918970000 - 0x00007ff918996000 	C:\WINDOWS\System32\win32u.dll
0x00007ff919d70000 - 0x00007ff919d99000 	C:\WINDOWS\System32\GDI32.dll
0x00007ff918700000 - 0x00007ff918818000 	C:\WINDOWS\System32\gdi32full.dll
0x00007ff8f3640000 - 0x00007ff8f38d3000 	C:\WINDOWS\WinSxS\amd64_microsoft.windows.common-controls_6595b64144ccf1df_6.0.22621.2506_none_270c5ae97388e100\COMCTL32.dll
0x00007ff918e80000 - 0x00007ff918f1a000 	C:\WINDOWS\System32\msvcp_win.dll
0x00007ff9196b0000 - 0x00007ff919757000 	C:\WINDOWS\System32\msvcrt.dll
0x00007ff9194f0000 - 0x00007ff919521000 	C:\WINDOWS\System32\IMM32.DLL
0x00007ff8b1d50000 - 0x00007ff8b1d5c000 	C:\Users\luczu\.jdks\corretto-17.0.10\bin\vcruntime140_1.dll
0x00007fffe9f00000 - 0x00007fffe9f8d000 	C:\Users\luczu\.jdks\corretto-17.0.10\bin\msvcp140.dll
0x00007fffe9290000 - 0x00007fffe9ef2000 	C:\Users\luczu\.jdks\corretto-17.0.10\bin\server\jvm.dll
0x00007ff919760000 - 0x00007ff919813000 	C:\WINDOWS\System32\ADVAPI32.dll
0x00007ff918f30000 - 0x00007ff918fd8000 	C:\WINDOWS\System32\sechost.dll
0x00007ff918940000 - 0x00007ff918968000 	C:\WINDOWS\System32\bcrypt.dll
0x00007ff919340000 - 0x00007ff919457000 	C:\WINDOWS\System32\RPCRT4.dll
0x00007ff917390000 - 0x00007ff9173dd000 	C:\WINDOWS\SYSTEM32\POWRPROF.dll
0x00007ff90e040000 - 0x00007ff90e074000 	C:\WINDOWS\SYSTEM32\WINMM.dll
0x00007ff90e270000 - 0x00007ff90e27a000 	C:\WINDOWS\SYSTEM32\VERSION.dll
0x00007ff90e0d0000 - 0x00007ff90e0d9000 	C:\WINDOWS\SYSTEM32\WSOCK32.dll
0x00007ff91b0c0000 - 0x00007ff91b131000 	C:\WINDOWS\System32\WS2_32.dll
0x00007ff917370000 - 0x00007ff917383000 	C:\WINDOWS\SYSTEM32\UMPDC.dll
0x00007ff917630000 - 0x00007ff917648000 	C:\WINDOWS\SYSTEM32\kernel.appcore.dll
0x00007ff8b11f0000 - 0x00007ff8b11fa000 	C:\Users\luczu\.jdks\corretto-17.0.10\bin\jimage.dll
0x00007ff915e00000 - 0x00007ff916033000 	C:\WINDOWS\SYSTEM32\DBGHELP.DLL
0x00007ff91a050000 - 0x00007ff91a3d9000 	C:\WINDOWS\System32\combase.dll
0x00007ff9191f0000 - 0x00007ff9192c7000 	C:\WINDOWS\System32\OLEAUT32.dll
0x00007ff8e5e30000 - 0x00007ff8e5e62000 	C:\WINDOWS\SYSTEM32\dbgcore.DLL
0x00007ff918680000 - 0x00007ff9186fa000 	C:\WINDOWS\System32\bcryptPrimitives.dll
0x00007ff880b20000 - 0x00007ff880b45000 	C:\Users\luczu\.jdks\corretto-17.0.10\bin\java.dll
0x00007fffe91b0000 - 0x00007fffe9287000 	C:\Users\luczu\.jdks\corretto-17.0.10\bin\jsvml.dll
0x00007ff91a860000 - 0x00007ff91b0ba000 	C:\WINDOWS\System32\SHELL32.dll
0x00007ff916420000 - 0x00007ff916d16000 	C:\WINDOWS\SYSTEM32\windows.storage.dll
0x00007ff9162e0000 - 0x00007ff91641e000 	C:\WINDOWS\SYSTEM32\wintypes.dll
0x00007ff919f50000 - 0x00007ff91a043000 	C:\WINDOWS\System32\SHCORE.dll
0x00007ff919d00000 - 0x00007ff919d5e000 	C:\WINDOWS\System32\shlwapi.dll
0x00007ff918440000 - 0x00007ff918466000 	C:\WINDOWS\SYSTEM32\profapi.dll
0x00007ff86a1e0000 - 0x00007ff86a1f9000 	C:\Users\luczu\.jdks\corretto-17.0.10\bin\net.dll
0x00007ff90f2d0000 - 0x00007ff90f407000 	C:\WINDOWS\SYSTEM32\WINHTTP.dll
0x00007ff917ab0000 - 0x00007ff917b19000 	C:\WINDOWS\system32\mswsock.dll
0x00007ff807560000 - 0x00007ff807576000 	C:\Users\luczu\.jdks\corretto-17.0.10\bin\nio.dll
0x00007ff880b00000 - 0x00007ff880b18000 	C:\Users\luczu\.jdks\corretto-17.0.10\bin\zip.dll
0x000001a4e9e20000 - 0x000001a4e9e23000 	C:\Program Files (x86)\Windows Kits\10\Redist\ucrt\DLLs\x64\api-ms-win-crt-locale-l1-1-0.dll
0x000001a4e9e30000 - 0x000001a4e9e34000 	C:\Program Files (x86)\Windows Kits\10\Redist\ucrt\DLLs\x64\api-ms-win-crt-string-l1-1-0.dll
0x000001a4e9e40000 - 0x000001a4e9e44000 	C:\Program Files (x86)\Windows Kits\10\Redist\ucrt\DLLs\x64\api-ms-win-crt-stdio-l1-1-0.dll
0x000001a4e9e50000 - 0x000001a4e9e55000 	C:\Program Files (x86)\Windows Kits\10\Redist\ucrt\DLLs\x64\api-ms-win-crt-math-l1-1-0.dll
0x000001a4e9e60000 - 0x000001a4e9e63000 	C:\Program Files (x86)\Windows Kits\10\Redist\ucrt\DLLs\x64\api-ms-win-crt-heap-l1-1-0.dll
0x000001a4e9e70000 - 0x000001a4e9e74000 	C:\Program Files (x86)\Windows Kits\10\Redist\ucrt\DLLs\x64\api-ms-win-crt-runtime-l1-1-0.dll
0x000001a4e9e80000 - 0x000001a4e9e84000 	C:\Program Files (x86)\Windows Kits\10\Redist\ucrt\DLLs\x64\api-ms-win-crt-convert-l1-1-0.dll
0x000001a4e9e90000 - 0x000001a4e9e93000 	C:\Program Files (x86)\Windows Kits\10\Redist\ucrt\DLLs\x64\api-ms-win-crt-environment-l1-1-0.dll
0x000001a4e9ea0000 - 0x000001a4e9ea3000 	C:\Program Files (x86)\Windows Kits\10\Redist\ucrt\DLLs\x64\api-ms-win-crt-time-l1-1-0.dll
0x000001a4e9eb0000 - 0x000001a4e9eb3000 	C:\Program Files (x86)\Windows Kits\10\Redist\ucrt\DLLs\x64\api-ms-win-crt-filesystem-l1-1-0.dll
0x000001a4e9ec0000 - 0x000001a4e9ec3000 	C:\Program Files (x86)\Windows Kits\10\Redist\ucrt\DLLs\x64\api-ms-win-crt-utility-l1-1-0.dll
0x000001a4e9ed0000 - 0x000001a4e9ed5000 	C:\Program Files (x86)\Windows Kits\10\Redist\ucrt\DLLs\x64\api-ms-win-crt-multibyte-l1-1-0.dll
0x000001a4e9ee0000 - 0x000001a4e9ee3000 	C:\Program Files (x86)\Windows Kits\10\Redist\ucrt\DLLs\x64\api-ms-win-crt-conio-l1-1-0.dll
0x000001a4e9ef0000 - 0x000001a4e9eff000 	C:\Program Files (x86)\Windows Kits\10\Redist\ucrt\DLLs\x64\api-ms-win-crt-private-l1-1-0.dll
0x000001a4e9f00000 - 0x000001a4e9f03000 	C:\Program Files (x86)\Windows Kits\10\Redist\ucrt\DLLs\x64\api-ms-win-crt-process-l1-1-0.dll
0x000001a4e9f10000 - 0x000001a4e9f13000 	C:\Program Files\Microsoft\jdk-11.0.12.7-hotspot\bin\api-ms-win-core-console-l1-2-0.dll
0x000001a4e9f20000 - 0x000001a4e9f23000 	C:\Program Files (x86)\Windows Kits\10\Redist\ucrt\DLLs\x64\api-ms-win-core-string-l1-1-0.dll
0x000001a4e9f30000 - 0x000001a4e9f33000 	C:\Program Files (x86)\Windows Kits\10\Redist\ucrt\DLLs\x64\api-ms-win-core-errorhandling-l1-1-0.dll
0x000001a4e9f40000 - 0x000001a4e9f43000 	C:\Program Files (x86)\Windows Kits\10\Redist\ucrt\DLLs\x64\api-ms-win-core-timezone-l1-1-0.dll
0x000001a4e9f50000 - 0x000001a4e9f54000 	C:\Program Files (x86)\Windows Kits\10\Redist\ucrt\DLLs\x64\api-ms-win-core-file-l1-1-0.dll
0x000001a4e9f60000 - 0x000001a4e9f63000 	C:\Program Files (x86)\Windows Kits\10\Redist\ucrt\DLLs\x64\api-ms-win-core-namedpipe-l1-1-0.dll
0x000001a4e9f70000 - 0x000001a4e9f73000 	C:\Program Files (x86)\Windows Kits\10\Redist\ucrt\DLLs\x64\api-ms-win-core-handle-l1-1-0.dll
0x000001a4e9f80000 - 0x000001a4e9f83000 	C:\Program Files (x86)\Windows Kits\10\Redist\ucrt\DLLs\x64\api-ms-win-core-file-l2-1-0.dll
0x000001a4e9f90000 - 0x000001a4e9f93000 	C:\Program Files (x86)\Windows Kits\10\Redist\ucrt\DLLs\x64\api-ms-win-core-heap-l1-1-0.dll
0x000001a4e9fa0000 - 0x000001a4e9fa3000 	C:\Program Files (x86)\Windows Kits\10\Redist\ucrt\DLLs\x64\api-ms-win-core-libraryloader-l1-1-0.dll
0x000001a4e9fb0000 - 0x000001a4e9fb3000 	C:\Program Files (x86)\Windows Kits\10\Redist\ucrt\DLLs\x64\api-ms-win-core-synch-l1-1-0.dll
0x000001a4e9fc0000 - 0x000001a4e9fc3000 	C:\Program Files (x86)\Windows Kits\10\Redist\ucrt\DLLs\x64\api-ms-win-core-processthreads-l1-1-0.dll
0x000001a4e9fd0000 - 0x000001a4e9fd3000 	C:\Program Files (x86)\Windows Kits\10\Redist\ucrt\DLLs\x64\api-ms-win-core-processenvironment-l1-1-0.dll
0x000001a4e9fe0000 - 0x000001a4e9fe3000 	C:\Program Files (x86)\Windows Kits\10\Redist\ucrt\DLLs\x64\api-ms-win-core-datetime-l1-1-0.dll
0x000001a4e9ff0000 - 0x000001a4e9ff3000 	C:\Program Files (x86)\Windows Kits\10\Redist\ucrt\DLLs\x64\api-ms-win-core-localization-l1-2-0.dll
0x000001a4ef7d0000 - 0x000001a4ef7d3000 	C:\Program Files (x86)\Windows Kits\10\Redist\ucrt\DLLs\x64\api-ms-win-core-sysinfo-l1-1-0.dll
0x000001a4ef7e0000 - 0x000001a4ef7e3000 	C:\Program Files (x86)\Windows Kits\10\Redist\ucrt\DLLs\x64\api-ms-win-core-synch-l1-2-0.dll
0x000001a4ef7f0000 - 0x000001a4ef7f3000 	C:\Program Files (x86)\Windows Kits\10\Redist\ucrt\DLLs\x64\api-ms-win-core-console-l1-1-0.dll
0x000001a4ef800000 - 0x000001a4ef803000 	C:\Program Files (x86)\Windows Kits\10\Redist\ucrt\DLLs\x64\api-ms-win-core-debug-l1-1-0.dll
0x000001a4ef810000 - 0x000001a4ef813000 	C:\Program Files (x86)\Windows Kits\10\Redist\ucrt\DLLs\x64\api-ms-win-core-rtlsupport-l1-1-0.dll
0x000001a4ef820000 - 0x000001a4ef823000 	C:\Program Files (x86)\Windows Kits\10\Redist\ucrt\DLLs\x64\api-ms-win-core-processthreads-l1-1-1.dll
0x000001a4ef830000 - 0x000001a4ef833000 	C:\Program Files (x86)\Windows Kits\10\Redist\ucrt\DLLs\x64\api-ms-win-core-file-l1-2-0.dll
0x000001a4ef840000 - 0x000001a4ef843000 	C:\Program Files (x86)\Windows Kits\10\Redist\ucrt\DLLs\x64\api-ms-win-core-profile-l1-1-0.dll
0x000001a4ef850000 - 0x000001a4ef853000 	C:\Program Files (x86)\Windows Kits\10\Redist\ucrt\DLLs\x64\api-ms-win-core-memory-l1-1-0.dll
0x000001a4ef860000 - 0x000001a4ef863000 	C:\Program Files (x86)\Windows Kits\10\Redist\ucrt\DLLs\x64\api-ms-win-core-util-l1-1-0.dll
0x000001a4ef970000 - 0x000001a4ef973000 	C:\Program Files (x86)\Windows Kits\10\Redist\ucrt\DLLs\x64\api-ms-win-core-interlocked-l1-1-0.dll
0x00007ff8c3630000 - 0x00007ff8c3722000 	C:\Program Files (x86)\Windows Kits\10\Redist\ucrt\DLLs\x64\ucrtbase.dll
0x00007ff910c50000 - 0x00007ff910c59000 	C:\Windows\System32\msvcp140_1.dll
0x00007ff8c35e0000 - 0x00007ff8c362e000 	C:\Windows\System32\concrt140.dll
0x00007ff8c2fe0000 - 0x00007ff8c3011000 	C:\Windows\System32\vcomp140.dll
0x00007ff8e4270000 - 0x00007ff8e4370000 	C:\Windows\System32\opengl32.dll
0x00007ff8e4240000 - 0x00007ff8e426d000 	C:\WINDOWS\SYSTEM32\GLU32.dll
0x00007ff915530000 - 0x00007ff915566000 	C:\WINDOWS\SYSTEM32\dxcore.dll
0x00007ff8933a0000 - 0x00007ff8935bd000 	C:\Users\luczu\.javacpp\cache\jaylib-4.5.0-0.jar\com\raylib\windows-x86_64\jniRaylib.dll
0x00007ff867dc0000 - 0x00007ff867e06000 	C:\WINDOWS\SYSTEM32\dinput8.dll
0x00007ff8e4660000 - 0x00007ff8e4671000 	C:\WINDOWS\SYSTEM32\xinput1_4.dll
0x00007ff918200000 - 0x00007ff91824e000 	C:\WINDOWS\SYSTEM32\cfgmgr32.dll
0x00007ff9181d0000 - 0x00007ff9181fc000 	C:\WINDOWS\SYSTEM32\DEVOBJ.dll
0x00007ff915780000 - 0x00007ff9157ab000 	C:\WINDOWS\SYSTEM32\dwmapi.dll
0x00007ff912e30000 - 0x00007ff912edb000 	C:\WINDOWS\system32\uxtheme.dll
0x00007ff8f5280000 - 0x00007ff8f548a000 	C:\WINDOWS\SYSTEM32\inputhost.dll
0x00007ff9129e0000 - 0x00007ff912b14000 	C:\WINDOWS\SYSTEM32\CoreMessaging.dll
0x00007ff919950000 - 0x00007ff919aa0000 	C:\WINDOWS\System32\MSCTF.dll
0x00007ff917d20000 - 0x00007ff917d2c000 	C:\WINDOWS\SYSTEM32\CRYPTBASE.DLL
0x00007ff916d20000 - 0x00007ff916d2e000 	C:\WINDOWS\SYSTEM32\HID.DLL
0x00007ff91a3e0000 - 0x00007ff91a854000 	C:\WINDOWS\System32\SETUPAPI.DLL
0x00007ff918a60000 - 0x00007ff918acb000 	C:\WINDOWS\System32\WINTRUST.dll
0x00007ff918510000 - 0x00007ff918676000 	C:\WINDOWS\System32\CRYPT32.dll
0x00007ff9181b0000 - 0x00007ff9181c2000 	C:\WINDOWS\SYSTEM32\MSASN1.dll
0x00007ff90fd40000 - 0x00007ff90fd8a000 	C:\WINDOWS\SYSTEM32\directxdatabasehelper.dll
0x00007ff919aa0000 - 0x00007ff919b50000 	C:\WINDOWS\System32\clbcatq.dll
0x00007fffe2140000 - 0x00007fffe4d30000 	C:\WINDOWS\System32\DriverStore\FileRepository\nvhm.inf_amd64_28ac5867493a0477\nvoglv64.dll
0x00007ff919b50000 - 0x00007ff919cf0000 	C:\WINDOWS\System32\ole32.dll
0x00007ff9173e0000 - 0x00007ff9173f4000 	C:\WINDOWS\SYSTEM32\WTSAPI32.dll
0x00007ff903e60000 - 0x00007ff903e92000 	C:\WINDOWS\SYSTEM32\cryptnet.dll
0x00007ff903ea0000 - 0x00007ff903ff8000 	C:\WINDOWS\SYSTEM32\drvstore.dll
0x00007ff917db0000 - 0x00007ff917dfb000 	C:\WINDOWS\SYSTEM32\wldp.dll
0x00007ff919010000 - 0x00007ff91902f000 	C:\WINDOWS\System32\imagehlp.dll
0x00007ff917d00000 - 0x00007ff917d1b000 	C:\WINDOWS\SYSTEM32\CRYPTSP.dll
0x00007ff917590000 - 0x00007ff9175c5000 	C:\WINDOWS\system32\rsaenh.dll
0x00007ff917b40000 - 0x00007ff917b66000 	C:\WINDOWS\SYSTEM32\gpapi.dll
0x00007ff8caae0000 - 0x00007ff8ccccb000 	C:\WINDOWS\System32\DriverStore\FileRepository\nvhm.inf_amd64_28ac5867493a0477\nvgpucomp64.dll
0x00007ff917650000 - 0x00007ff917684000 	C:\WINDOWS\SYSTEM32\ntmarta.dll
0x00007ff8676e0000 - 0x00007ff8679a3000 	C:\WINDOWS\system32\nvspcap64.dll
0x00007ff916f80000 - 0x00007ff916fe6000 	C:\WINDOWS\SYSTEM32\WINSTA.dll

dbghelp: loaded successfully - version: 4.0.5 - missing functions: none
symbol engine: initialized successfully - sym options: 0x614 - pdb path: .;C:\Users\luczu\.jdks\corretto-17.0.10\bin;C:\WINDOWS\SYSTEM32;C:\WINDOWS\WinSxS\amd64_microsoft.windows.common-controls_6595b64144ccf1df_6.0.22621.2506_none_270c5ae97388e100;C:\Users\luczu\.jdks\corretto-17.0.10\bin\server;C:\Program Files (x86)\Windows Kits\10\Redist\ucrt\DLLs\x64;C:\Program Files\Microsoft\jdk-11.0.12.7-hotspot\bin;C:\Users\luczu\.javacpp\cache\jaylib-4.5.0-0.jar\com\raylib\windows-x86_64;C:\WINDOWS\System32\DriverStore\FileRepository\nvhm.inf_amd64_28ac5867493a0477;C:\WINDOWS\System32\DriverStore\FileRepository\iigd_dch.inf_amd64_0fdf6ce291234272

VM Arguments:
jvm_args: -Dfile.encoding=windows-1252 -Duser.country=NL -Duser.language=nl -Duser.variant 
java_command: PineVille.MenuScene
java_class_path (initial): C:\Users\luczu\OneDrive\Documenten\PineVille\build\classes\java\main;C:\Users\luczu\OneDrive\Documenten\PineVille\build\resources\main;C:\Users\luczu\.gradle\caches\modules-2\files-2.1\uk.co.electronstudio.jaylib\jaylib\4.5.0-0\90c0d608df9bbd32f5f34683acc58cb433e94508\jaylib-4.5.0-0.jar
Launcher Type: SUN_STANDARD

[Global flags]
     intx CICompilerCount                          = 12                                        {product} {ergonomic}
     uint ConcGCThreads                            = 3                                         {product} {ergonomic}
     uint G1ConcRefinementThreads                  = 13                                        {product} {ergonomic}
   size_t G1HeapRegionSize                         = 2097152                                   {product} {ergonomic}
    uintx GCDrainStackTargetSize                   = 64                                        {product} {ergonomic}
   size_t InitialHeapSize                          = 264241152                                 {product} {ergonomic}
   size_t MarkStackSize                            = 4194304                                   {product} {ergonomic}
   size_t MaxHeapSize                              = 4200595456                                {product} {ergonomic}
   size_t MaxNewSize                               = 2518679552                                {product} {ergonomic}
   size_t MinHeapDeltaBytes                        = 2097152                                   {product} {ergonomic}
   size_t MinHeapSize                              = 8388608                                   {product} {ergonomic}
    uintx NonNMethodCodeHeapSize                   = 7602480                                {pd product} {ergonomic}
    uintx NonProfiledCodeHeapSize                  = 122027880                              {pd product} {ergonomic}
    uintx ProfiledCodeHeapSize                     = 122027880                              {pd product} {ergonomic}
    uintx ReservedCodeCacheSize                    = 251658240                              {pd product} {ergonomic}
     bool SegmentedCodeCache                       = true                                      {product} {ergonomic}
   size_t SoftMaxHeapSize                          = 4200595456                             {manageable} {ergonomic}
     bool UseCompressedClassPointers               = true                           {product lp64_product} {ergonomic}
     bool UseCompressedOops                        = true                           {product lp64_product} {ergonomic}
     bool UseG1GC                                  = true                                      {product} {ergonomic}
     bool UseLargePagesIndividualAllocation        = false                                  {pd product} {ergonomic}

Logging:
Log output configuration:
 #0: stdout all=warning uptime,level,tags
 #1: stderr all=off uptime,level,tags

Environment Variables:
PATH=C:\Program Files (x86)\Common Files\Intel\Shared Libraries\redist\intel64\compiler;C:\Program Files\Common Files\Oracle\Java\javapath;C:\Program Files\Microsoft\jdk-11.0.12.7-hotspot\bin;C:\windows\system32;C:\windows;C:\windows\System32\Wbem;C:\windows\System32\WindowsPowerShell\v1.0\;C:\windows\System32\OpenSSH\;C:\Program Files (x86)\NVIDIA Corporation\PhysX\Common;C:\Program Files\NVIDIA Corporation\NVIDIA NvDLISR;C:\Program Files\Microsoft SQL Server\150\Tools\Binn\;C:\Program Files\Microsoft SQL Server\Client SDK\ODBC\170\Tools\Binn\;C:\Program Files\dotnet\;C:\WINDOWS\system32;C:\WINDOWS;C:\WINDOWS\System32\Wbem;C:\WINDOWS\System32\WindowsPowerShell\v1.0\;C:\WINDOWS\System32\OpenSSH\;C:\Program Files\CMake\bin;C:\Program Files\Git\cmd;C:\Users\luczu\AppData\Local\Microsoft\WindowsApps;C:\Users\luczu\.dotnet\tools;C:\Users\luczu\AppData\Local\GitHubDesktop\bin;;C:\Users\luczu\AppData\Local\Programs\Microsoft VS Code\bin
USERNAME=luczu
OS=Windows_NT
PROCESSOR_IDENTIFIER=Intel64 Family 6 Model 141 Stepping 1, GenuineIntel
TMP=C:\Users\luczu\AppData\Local\Temp
TEMP=C:\Users\luczu\AppData\Local\Temp



Periodic native trim disabled


---------------  S Y S T E M  ---------------

OS:
 Windows 11 , 64 bit Build 22621 (10.0.22621.2506)
OS uptime: 0 days 1:10 hours
Hyper-V role detected

CPU: total 16 (initial active 16) (8 cores per cpu, 2 threads per core) family 6 model 141 stepping 1 microcode 0x4e, cx8, cmov, fxsr, ht, mmx, 3dnowpref, sse, sse2, sse3, ssse3, sse4.1, sse4.2, popcnt, lzcnt, tsc, tscinvbit, avx, avx2, aes, erms, clmul, bmi1, bmi2, adx, avx512f, avx512dq, avx512cd, avx512bw, avx512vl, sha, fma, vzeroupper, avx512_vpopcntdq, avx512_vpclmulqdq, avx512_vaes, avx512_vnni, clflush, clflushopt, clwb, avx512_vbmi2, avx512_vbmi, hv
Processor Information for all 16 processors :
  Max Mhz: 2304, Current Mhz: 2304, Mhz Limit: 2304

Memory: 4k page, system-wide physical 16021M (4667M free)
TotalPageFile size 34453M (AvailPageFile size 14802M)
current process WorkingSet (physical memory assigned to process): 122M, peak: 210M
current process commit charge ("private bytes"): 500M, peak: 619M

vm_info: OpenJDK 64-Bit Server VM (17.0.10+7-LTS) for windows-amd64 JRE (17.0.10+7-LTS), built on Jan 10 2024 22:11:07 by "Administrator" with MS VC++ 16.10 / 16.11 (VS2019)

END.
