#
# A fatal error has been detected by the Java Runtime Environment:
#
#  EXCEPTION_ACCESS_VIOLATION (0xc0000005) at pc=0x00007ffaf681f3a6, pid=7692, tid=20748
#
# JRE version: OpenJDK Runtime Environment Corretto-17.0.10.7.1 (17.0.10+7) (build 17.0.10+7-LTS)
# Java VM: OpenJDK 64-Bit Server VM Corretto-17.0.10.7.1 (17.0.10+7-LTS, mixed mode, sharing, tiered, compressed oops, compressed class ptrs, g1 gc, windows-amd64)
# Problematic frame:
# C  [jniRaylib.dll+0xdf3a6]
#
# No core dump will be written. Minidumps are not enabled by default on client versions of Windows
#
# If you would like to submit a bug report, please visit:
#   https://github.com/corretto/corretto-17/issues/
# The crash happened outside the Java Virtual Machine in native code.
# See problematic frame for where to report the bug.
#

---------------  S U M M A R Y ------------

Command Line: -Dfile.encoding=windows-1252 -Duser.country=NL -Duser.language=nl -Duser.variant PineVille.MenuScene

Host: 11th Gen Intel(R) Core(TM) i7-11800H @ 2.30GHz, 16 cores, 15G,  Windows 11 , 64 bit Build 22621 (10.0.22621.2506)
Time: Thu Feb 15 11:05:59 2024 West-Europa (standaardtijd) elapsed time: 38.120604 seconds (0d 0h 0m 38s)

---------------  T H R E A D  ---------------

Current thread (0x000001f00e35d0b0):  JavaThread "main" [_thread_in_native, id=20748, stack(0x0000003f0b200000,0x0000003f0b300000)]

Stack: [0x0000003f0b200000,0x0000003f0b300000],  sp=0x0000003f0b2ff010,  free space=1020k
Native frames: (J=compiled Java code, j=interpreted, Vv=VM code, C=native code)
C  [jniRaylib.dll+0xdf3a6]

Java frames: (J=compiled Java code, j=interpreted, Vv=VM code)
j  com.raylib.Raylib.GuiButton(Lcom/raylib/Raylib$Rectangle;Ljava/lang/String;)Z+0
j  PineVille.MenuScene.main([Ljava/lang/String;)V+110
v  ~StubRoutines::call_stub

siginfo: EXCEPTION_ACCESS_VIOLATION (0xc0000005), writing address 0x000001f07b8d7990


Registers:
RAX=0x000001f07b8d7990, RBX=0x00000000ffc9c9c9, RCX=0x0000000000000000, RDX=0x0000000000000000
RSP=0x0000003f0b2ff010, RBP=0x0000003f0b2ff300, RSI=0x0000003f0b2ff1f0, RDI=0x0000003f0b2ff170
R8 =0x000001f07c7cd2b0, R9 =0x0000000000000000, R10=0x00007ffbcf990000, R11=0xfffffcf7fffffbff
R12=0x0000000000000000, R13=0x00007ffaf6949180, R14=0x0000000000000002, R15=0x000001f07b348ab0
RIP=0x00007ffaf681f3a6, EFLAGS=0x0000000000010246


Register to memory mapping:

RIP=0x00007ffaf681f3a6 jniRaylib.dll
RAX=0x000001f07b8d7990 is an unknown value
RBX=0x00000000ffc9c9c9 is an unknown value
RCX=0x0 is NULL
RDX=0x0 is NULL
RSP=0x0000003f0b2ff010 is pointing into the stack for thread: 0x000001f00e35d0b0
RBP=0x0000003f0b2ff300 is pointing into the stack for thread: 0x000001f00e35d0b0
RSI=0x0000003f0b2ff1f0 is pointing into the stack for thread: 0x000001f00e35d0b0
RDI=0x0000003f0b2ff170 is pointing into the stack for thread: 0x000001f00e35d0b0
R8 =0x000001f07c7cd2b0 points into unknown readable memory: 0x0000000000002000 | 00 20 00 00 00 00 00 00
R9 =0x0 is NULL
R10=0x00007ffbcf990000 VCRUNTIME140.dll
R11=0xfffffcf7fffffbff is an unknown value
R12=0x0 is NULL
R13=0x00007ffaf6949180 jniRaylib.dll
R14=0x0000000000000002 is an unknown value
R15=0x000001f07b348ab0 points into unknown readable memory: 0x0000000074697551 | 51 75 69 74 00 00 00 00


Top of Stack: (sp=0x0000003f0b2ff010)
0x0000003f0b2ff010:   000001f00dfc0cc0 00000000000003d8
0x0000003f0b2ff020:   0000003f0b2ff180 0000000000000005
0x0000003f0b2ff030:   0000000000000000 0000000000000000
0x0000003f0b2ff040:   0000000044520000 0000000000000000
0x0000003f0b2ff050:   0000000044778000 0000000000000000
0x0000003f0b2ff060:   00000000ffc9c9c9 00007ffaf6825c63
0x0000003f0b2ff070:   000001f00dfc0000 000001f000000000
0x0000003f0b2ff080:   0000000000000005 000001f000000000
0x0000003f0b2ff090:   0000000000000000 00007ffb00f20181
0x0000003f0b2ff0a0:   0000000000000000 0000000000000000
0x0000003f0b2ff0b0:   0000000000000000 0000000000000000
0x0000003f0b2ff0c0:   0000000000000000 0000000000000000
0x0000003f0b2ff0d0:   0000000000000000 0000000000000000
0x0000003f0b2ff0e0:   0000000000000000 0000000000000000
0x0000003f0b2ff0f0:   0000000000000000 0000000000000000
0x0000003f0b2ff100:   0000000000000000 0000000000000000
0x0000003f0b2ff110:   000001f00e35d368 000001f00e35d0b0
0x0000003f0b2ff120:   0000000000000000 0000000000000000
0x0000003f0b2ff130:   0000000000000000 0000000000000000
0x0000003f0b2ff140:   00000000ffc9c9c9 00007ffaf68253da
0x0000003f0b2ff150:   00000000ff838383 0000000000000010
0x0000003f0b2ff160:   0000000000000000 000001f0ffc9c9c9
0x0000003f0b2ff170:   4452000044318000 4316000043fa0000
0x0000003f0b2ff180:   0000000000000004 00007ffaf67521c6
0x0000003f0b2ff190:   000001f00e35d0b0 00007ffb00f2f012
0x0000003f0b2ff1a0:   0000000000000005 00007ffb01324047
0x0000003f0b2ff1b0:   0000003fffc9c9c9 000001f00e35d0b0
0x0000003f0b2ff1c0:   0000003f0b2ff260 00007ffaf67490de
0x0000003f0b2ff1d0:   000001f0ff838383 00000000ff838383
0x0000003f0b2ff1e0:   0000000000000000 0000003f0b2ff328
0x0000003f0b2ff1f0:   4452000044318000 4316000043fa0000
0x0000003f0b2ff200:   000001f00e35d368 0000000000000004 

Instructions: (pc=0x00007ffaf681f3a6)
0x00007ffaf681f2a6:   f3 0f 59 c4 f3 0f 58 f3 f3 0f 58 d0 f3 0f 58 f1
0x00007ffaf681f2b6:   f3 0f 10 0d da 2f 11 00 f3 41 0f 59 c8 f3 0f 58
0x00007ffaf681f2c6:   35 c1 2f 11 00 f3 0f 58 f9 f3 0f 10 0d d1 2f 11
0x00007ffaf681f2d6:   00 f3 41 0f 59 c8 44 0f 28 c2 f3 0f 58 3d b4 2f
0x00007ffaf681f2e6:   11 00 f3 44 0f 58 c1 f3 44 0f 58 05 b6 2f 11 00
0x00007ffaf681f2f6:   4c 8b 05 b3 2e 11 00 49 63 48 04 49 8b 40 08 48
0x00007ffaf681f306:   c1 e1 06 8b 0c 01 8d 0c 8d fc ff ff ff 39 0d bf
0x00007ffaf681f316:   2e 11 00 7e 6e 49 63 40 18 49 8b 48 10 48 03 c0
0x00007ffaf681f326:   8b 54 c1 f0 83 fa 01 75 0b 84 54 c1 f4 75 54 8d
0x00007ffaf681f336:   4a 02 eb 43 83 fa 04 75 20 8b 4c c1 f4 b8 56 55
0x00007ffaf681f346:   55 55 f7 e9 8b c2 c1 e8 1f 03 d0 8d 04 52 3b c8
0x00007ffaf681f356:   75 31 b9 04 00 00 00 eb 1e 83 fa 07 75 25 8b 44
0x00007ffaf681f366:   c1 f4 25 03 00 00 80 7d 07 ff c8 83 c8 fc ff c0
0x00007ffaf681f376:   85 c0 75 0f 8d 48 05 e8 7e a4 ff ff 4c 8b 05 27
0x00007ffaf681f386:   2e 11 00 4d 63 48 04 4d 8b 40 08 8b 05 41 2e 11
0x00007ffaf681f396:   00 49 c1 e1 06 8d 0c 40 4b 8b 44 01 08 48 63 d1
0x00007ffaf681f3a6:   f3 0f 11 34 90 48 8b 05 fe 2d 11 00 4c 63 48 04
0x00007ffaf681f3b6:   4c 8b 40 08 8b 05 18 2e 11 00 49 c1 e1 06 8d 0c
0x00007ffaf681f3c6:   40 4b 8b 44 01 08 48 63 d1 f3 0f 11 7c 90 04 48
0x00007ffaf681f3d6:   8b 05 d4 2d 11 00 4c 63 48 04 4c 8b 40 08 8b 05
0x00007ffaf681f3e6:   ee 2d 11 00 49 c1 e1 06 8d 0c 40 4b 8b 44 01 08
0x00007ffaf681f3f6:   48 63 d1 f3 44 0f 11 44 90 08 48 8b 05 a9 2d 11
0x00007ffaf681f406:   00 f3 0f 10 05 cd 2d 11 00 4c 63 40 04 48 8b 50
0x00007ffaf681f416:   08 8b 05 bb 2d 11 00 03 c0 49 c1 e0 06 48 63 c8
0x00007ffaf681f426:   49 8b 44 10 10 f3 0f 11 04 88 48 8b 05 79 2d 11
0x00007ffaf681f436:   00 f3 0f 10 05 a1 2d 11 00 4c 63 40 04 48 8b 50
0x00007ffaf681f446:   08 8b 05 8b 2d 11 00 03 c0 49 c1 e0 06 48 63 c8
0x00007ffaf681f456:   49 8b 44 10 10 f3 0f 11 44 88 04 48 8b 05 48 2d
0x00007ffaf681f466:   11 00 4c 63 40 04 48 8b 48 08 8b 05 62 2d 11 00
0x00007ffaf681f476:   49 c1 e0 06 8d 04 85 00 00 00 00 49 8b 4c 08 18
0x00007ffaf681f486:   48 63 d0 0f b6 05 60 2d 11 00 88 04 0a 48 8b 05
0x00007ffaf681f496:   16 2d 11 00 4c 63 40 04 48 8b 48 08 8b 05 30 2d 


Stack slot to memory mapping:
stack at sp + 0 slots: 0x000001f00dfc0cc0 points into unknown readable memory: 0x0000000002590021 | 21 00 59 02 00 00 00 00
stack at sp + 1 slots: 0x00000000000003d8 is an unknown value
stack at sp + 2 slots: 0x0000003f0b2ff180 is pointing into the stack for thread: 0x000001f00e35d0b0
stack at sp + 3 slots: 0x0000000000000005 is an unknown value
stack at sp + 4 slots: 0x0 is NULL
stack at sp + 5 slots: 0x0 is NULL
stack at sp + 6 slots: 0x0000000044520000 is an unknown value
stack at sp + 7 slots: 0x0 is NULL


---------------  P R O C E S S  ---------------

Threads class SMR info:
_java_thread_list=0x000001f07b1da970, length=13, elements={
0x000001f00e35d0b0, 0x000001f033b970d0, 0x000001f033b97aa0, 0x000001f033bb34f0,
0x000001f033bb3fd0, 0x000001f033bb88c0, 0x000001f033bb9190, 0x000001f033bba250,
0x000001f033bbac10, 0x000001f033bbb520, 0x000001f033d4ef00, 0x000001f033d52060,
0x000001f0791fa1a0
}

Java Threads: ( => current thread )
=>0x000001f00e35d0b0 JavaThread "main" [_thread_in_native, id=20748, stack(0x0000003f0b200000,0x0000003f0b300000)]
  0x000001f033b970d0 JavaThread "Reference Handler" daemon [_thread_blocked, id=9440, stack(0x0000003f0b900000,0x0000003f0ba00000)]
  0x000001f033b97aa0 JavaThread "Finalizer" daemon [_thread_blocked, id=3048, stack(0x0000003f0ba00000,0x0000003f0bb00000)]
  0x000001f033bb34f0 JavaThread "Signal Dispatcher" daemon [_thread_blocked, id=15912, stack(0x0000003f0bb00000,0x0000003f0bc00000)]
  0x000001f033bb3fd0 JavaThread "Attach Listener" daemon [_thread_blocked, id=1788, stack(0x0000003f0bc00000,0x0000003f0bd00000)]
  0x000001f033bb88c0 JavaThread "Service Thread" daemon [_thread_blocked, id=33144, stack(0x0000003f0bd00000,0x0000003f0be00000)]
  0x000001f033bb9190 JavaThread "Monitor Deflation Thread" daemon [_thread_blocked, id=33712, stack(0x0000003f0be00000,0x0000003f0bf00000)]
  0x000001f033bba250 JavaThread "C2 CompilerThread0" daemon [_thread_blocked, id=26472, stack(0x0000003f0bf00000,0x0000003f0c000000)]
  0x000001f033bbac10 JavaThread "C1 CompilerThread0" daemon [_thread_blocked, id=9652, stack(0x0000003f0c000000,0x0000003f0c100000)]
  0x000001f033bbb520 JavaThread "Sweeper thread" daemon [_thread_blocked, id=31164, stack(0x0000003f0c100000,0x0000003f0c200000)]
  0x000001f033d4ef00 JavaThread "Notification Thread" daemon [_thread_blocked, id=11024, stack(0x0000003f0c300000,0x0000003f0c400000)]
  0x000001f033d52060 JavaThread "Common-Cleaner" daemon [_thread_blocked, id=33052, stack(0x0000003f0c500000,0x0000003f0c600000)]
  0x000001f0791fa1a0 JavaThread "JavaCPP Deallocator" daemon [_thread_blocked, id=21304, stack(0x0000003f0c900000,0x0000003f0ca00000)]

Other Threads:
  0x000001f033a7e500 VMThread "VM Thread" [stack: 0x0000003f0b800000,0x0000003f0b900000] [id=31056]
  0x000001f033d51800 WatcherThread [stack: 0x0000003f0c400000,0x0000003f0c500000] [id=34796]
  0x000001f00e3c67e0 GCTaskThread "GC Thread#0" [stack: 0x0000003f0b300000,0x0000003f0b400000] [id=2068]
  0x000001f079efcd60 GCTaskThread "GC Thread#1" [stack: 0x0000003f0c200000,0x0000003f0c300000] [id=24712]
  0x000001f079efe0a0 GCTaskThread "GC Thread#2" [stack: 0x0000003f0c600000,0x0000003f0c700000] [id=6896]
  0x000001f079efdb20 GCTaskThread "GC Thread#3" [stack: 0x0000003f0c700000,0x0000003f0c800000] [id=27276]
  0x000001f079efdde0 GCTaskThread "GC Thread#4" [stack: 0x0000003f0c800000,0x0000003f0c900000] [id=18860]
  0x000001f079efd020 GCTaskThread "GC Thread#5" [stack: 0x0000003f0d670000,0x0000003f0d770000] [id=29652]
  0x000001f00e3d8190 ConcurrentGCThread "G1 Main Marker" [stack: 0x0000003f0b400000,0x0000003f0b500000] [id=10952]
  0x000001f00e3d9bc0 ConcurrentGCThread "G1 Conc#0" [stack: 0x0000003f0b500000,0x0000003f0b600000] [id=10920]
  0x000001f03393a0a0 ConcurrentGCThread "G1 Refine#0" [stack: 0x0000003f0b600000,0x0000003f0b700000] [id=11320]
  0x000001f03393b9f0 ConcurrentGCThread "G1 Service" [stack: 0x0000003f0b700000,0x0000003f0b800000] [id=32212]

Threads with active compile tasks:

VM state: not at safepoint (normal execution)

VM Mutex/Monitor currently owned by a thread: None

Heap address: 0x0000000705a00000, size: 4006 MB, Compressed Oops mode: Zero based, Oop shift amount: 3

CDS archive(s) mapped at: [0x000001f034000000-0x000001f034bb0000-0x000001f034bb0000), size 12255232, SharedBaseAddress: 0x000001f034000000, ArchiveRelocationMode: 1.
Compressed class space mapped at: 0x000001f035000000-0x000001f075000000, reserved size: 1073741824
Narrow klass base: 0x000001f034000000, Narrow klass shift: 0, Narrow klass range: 0x100000000

GC Precious Log:
 CPUs: 16 total, 16 available
 Memory: 16021M
 Large Page Support: Disabled
 NUMA Support: Disabled
 Compressed Oops: Enabled (Zero based)
 Heap Region Size: 2M
 Heap Min Capacity: 8M
 Heap Initial Capacity: 252M
 Heap Max Capacity: 4006M
 Pre-touch: Disabled
 Parallel Workers: 13
 Concurrent Workers: 3
 Concurrent Refinement Workers: 13
 Periodic GC: Disabled

Heap:
 garbage-first heap   total 258048K, used 5759K [0x0000000705a00000, 0x0000000800000000)
  region size 2048K, 4 young (8192K), 1 survivors (2048K)
 Metaspace       used 2128K, committed 2304K, reserved 1114112K
  class space    used 180K, committed 256K, reserved 1048576K

Heap Regions: E=young(eden), S=young(survivor), O=old, HS=humongous(starts), HC=humongous(continues), CS=collection set, F=free, OA=open archive, CA=closed archive, TAMS=top-at-mark-start (previous, next)
|   0|0x0000000705a00000, 0x0000000705a00000, 0x0000000705c00000|  0%| F|  |TAMS 0x0000000705a00000, 0x0000000705a00000| Untracked 
|   1|0x0000000705c00000, 0x0000000705c00000, 0x0000000705e00000|  0%| F|  |TAMS 0x0000000705c00000, 0x0000000705c00000| Untracked 
|   2|0x0000000705e00000, 0x0000000705e00000, 0x0000000706000000|  0%| F|  |TAMS 0x0000000705e00000, 0x0000000705e00000| Untracked 
|   3|0x0000000706000000, 0x0000000706000000, 0x0000000706200000|  0%| F|  |TAMS 0x0000000706000000, 0x0000000706000000| Untracked 
|   4|0x0000000706200000, 0x0000000706200000, 0x0000000706400000|  0%| F|  |TAMS 0x0000000706200000, 0x0000000706200000| Untracked 
|   5|0x0000000706400000, 0x0000000706400000, 0x0000000706600000|  0%| F|  |TAMS 0x0000000706400000, 0x0000000706400000| Untracked 
|   6|0x0000000706600000, 0x0000000706600000, 0x0000000706800000|  0%| F|  |TAMS 0x0000000706600000, 0x0000000706600000| Untracked 
|   7|0x0000000706800000, 0x0000000706800000, 0x0000000706a00000|  0%| F|  |TAMS 0x0000000706800000, 0x0000000706800000| Untracked 
|   8|0x0000000706a00000, 0x0000000706a00000, 0x0000000706c00000|  0%| F|  |TAMS 0x0000000706a00000, 0x0000000706a00000| Untracked 
|   9|0x0000000706c00000, 0x0000000706c00000, 0x0000000706e00000|  0%| F|  |TAMS 0x0000000706c00000, 0x0000000706c00000| Untracked 
|  10|0x0000000706e00000, 0x0000000706e00000, 0x0000000707000000|  0%| F|  |TAMS 0x0000000706e00000, 0x0000000706e00000| Untracked 
|  11|0x0000000707000000, 0x0000000707000000, 0x0000000707200000|  0%| F|  |TAMS 0x0000000707000000, 0x0000000707000000| Untracked 
|  12|0x0000000707200000, 0x0000000707200000, 0x0000000707400000|  0%| F|  |TAMS 0x0000000707200000, 0x0000000707200000| Untracked 
|  13|0x0000000707400000, 0x0000000707400000, 0x0000000707600000|  0%| F|  |TAMS 0x0000000707400000, 0x0000000707400000| Untracked 
|  14|0x0000000707600000, 0x0000000707600000, 0x0000000707800000|  0%| F|  |TAMS 0x0000000707600000, 0x0000000707600000| Untracked 
|  15|0x0000000707800000, 0x0000000707800000, 0x0000000707a00000|  0%| F|  |TAMS 0x0000000707800000, 0x0000000707800000| Untracked 
|  16|0x0000000707a00000, 0x0000000707a00000, 0x0000000707c00000|  0%| F|  |TAMS 0x0000000707a00000, 0x0000000707a00000| Untracked 
|  17|0x0000000707c00000, 0x0000000707c00000, 0x0000000707e00000|  0%| F|  |TAMS 0x0000000707c00000, 0x0000000707c00000| Untracked 
|  18|0x0000000707e00000, 0x0000000707e00000, 0x0000000708000000|  0%| F|  |TAMS 0x0000000707e00000, 0x0000000707e00000| Untracked 
|  19|0x0000000708000000, 0x0000000708000000, 0x0000000708200000|  0%| F|  |TAMS 0x0000000708000000, 0x0000000708000000| Untracked 
|  20|0x0000000708200000, 0x0000000708200000, 0x0000000708400000|  0%| F|  |TAMS 0x0000000708200000, 0x0000000708200000| Untracked 
|  21|0x0000000708400000, 0x0000000708400000, 0x0000000708600000|  0%| F|  |TAMS 0x0000000708400000, 0x0000000708400000| Untracked 
|  22|0x0000000708600000, 0x0000000708600000, 0x0000000708800000|  0%| F|  |TAMS 0x0000000708600000, 0x0000000708600000| Untracked 
|  23|0x0000000708800000, 0x0000000708800000, 0x0000000708a00000|  0%| F|  |TAMS 0x0000000708800000, 0x0000000708800000| Untracked 
|  24|0x0000000708a00000, 0x0000000708a00000, 0x0000000708c00000|  0%| F|  |TAMS 0x0000000708a00000, 0x0000000708a00000| Untracked 
|  25|0x0000000708c00000, 0x0000000708c00000, 0x0000000708e00000|  0%| F|  |TAMS 0x0000000708c00000, 0x0000000708c00000| Untracked 
|  26|0x0000000708e00000, 0x0000000708e00000, 0x0000000709000000|  0%| F|  |TAMS 0x0000000708e00000, 0x0000000708e00000| Untracked 
|  27|0x0000000709000000, 0x0000000709000000, 0x0000000709200000|  0%| F|  |TAMS 0x0000000709000000, 0x0000000709000000| Untracked 
|  28|0x0000000709200000, 0x0000000709200000, 0x0000000709400000|  0%| F|  |TAMS 0x0000000709200000, 0x0000000709200000| Untracked 
|  29|0x0000000709400000, 0x0000000709400000, 0x0000000709600000|  0%| F|  |TAMS 0x0000000709400000, 0x0000000709400000| Untracked 
|  30|0x0000000709600000, 0x0000000709600000, 0x0000000709800000|  0%| F|  |TAMS 0x0000000709600000, 0x0000000709600000| Untracked 
|  31|0x0000000709800000, 0x0000000709800000, 0x0000000709a00000|  0%| F|  |TAMS 0x0000000709800000, 0x0000000709800000| Untracked 
|  32|0x0000000709a00000, 0x0000000709a00000, 0x0000000709c00000|  0%| F|  |TAMS 0x0000000709a00000, 0x0000000709a00000| Untracked 
|  33|0x0000000709c00000, 0x0000000709c00000, 0x0000000709e00000|  0%| F|  |TAMS 0x0000000709c00000, 0x0000000709c00000| Untracked 
|  34|0x0000000709e00000, 0x0000000709e00000, 0x000000070a000000|  0%| F|  |TAMS 0x0000000709e00000, 0x0000000709e00000| Untracked 
|  35|0x000000070a000000, 0x000000070a000000, 0x000000070a200000|  0%| F|  |TAMS 0x000000070a000000, 0x000000070a000000| Untracked 
|  36|0x000000070a200000, 0x000000070a200000, 0x000000070a400000|  0%| F|  |TAMS 0x000000070a200000, 0x000000070a200000| Untracked 
|  37|0x000000070a400000, 0x000000070a400000, 0x000000070a600000|  0%| F|  |TAMS 0x000000070a400000, 0x000000070a400000| Untracked 
|  38|0x000000070a600000, 0x000000070a600000, 0x000000070a800000|  0%| F|  |TAMS 0x000000070a600000, 0x000000070a600000| Untracked 
|  39|0x000000070a800000, 0x000000070a800000, 0x000000070aa00000|  0%| F|  |TAMS 0x000000070a800000, 0x000000070a800000| Untracked 
|  40|0x000000070aa00000, 0x000000070aa00000, 0x000000070ac00000|  0%| F|  |TAMS 0x000000070aa00000, 0x000000070aa00000| Untracked 
|  41|0x000000070ac00000, 0x000000070ac00000, 0x000000070ae00000|  0%| F|  |TAMS 0x000000070ac00000, 0x000000070ac00000| Untracked 
|  42|0x000000070ae00000, 0x000000070ae00000, 0x000000070b000000|  0%| F|  |TAMS 0x000000070ae00000, 0x000000070ae00000| Untracked 
|  43|0x000000070b000000, 0x000000070b000000, 0x000000070b200000|  0%| F|  |TAMS 0x000000070b000000, 0x000000070b000000| Untracked 
|  44|0x000000070b200000, 0x000000070b200000, 0x000000070b400000|  0%| F|  |TAMS 0x000000070b200000, 0x000000070b200000| Untracked 
|  45|0x000000070b400000, 0x000000070b400000, 0x000000070b600000|  0%| F|  |TAMS 0x000000070b400000, 0x000000070b400000| Untracked 
|  46|0x000000070b600000, 0x000000070b600000, 0x000000070b800000|  0%| F|  |TAMS 0x000000070b600000, 0x000000070b600000| Untracked 
|  47|0x000000070b800000, 0x000000070b800000, 0x000000070ba00000|  0%| F|  |TAMS 0x000000070b800000, 0x000000070b800000| Untracked 
|  48|0x000000070ba00000, 0x000000070ba00000, 0x000000070bc00000|  0%| F|  |TAMS 0x000000070ba00000, 0x000000070ba00000| Untracked 
|  49|0x000000070bc00000, 0x000000070bc00000, 0x000000070be00000|  0%| F|  |TAMS 0x000000070bc00000, 0x000000070bc00000| Untracked 
|  50|0x000000070be00000, 0x000000070be00000, 0x000000070c000000|  0%| F|  |TAMS 0x000000070be00000, 0x000000070be00000| Untracked 
|  51|0x000000070c000000, 0x000000070c000000, 0x000000070c200000|  0%| F|  |TAMS 0x000000070c000000, 0x000000070c000000| Untracked 
|  52|0x000000070c200000, 0x000000070c200000, 0x000000070c400000|  0%| F|  |TAMS 0x000000070c200000, 0x000000070c200000| Untracked 
|  53|0x000000070c400000, 0x000000070c400000, 0x000000070c600000|  0%| F|  |TAMS 0x000000070c400000, 0x000000070c400000| Untracked 
|  54|0x000000070c600000, 0x000000070c600000, 0x000000070c800000|  0%| F|  |TAMS 0x000000070c600000, 0x000000070c600000| Untracked 
|  55|0x000000070c800000, 0x000000070c800000, 0x000000070ca00000|  0%| F|  |TAMS 0x000000070c800000, 0x000000070c800000| Untracked 
|  56|0x000000070ca00000, 0x000000070ca00000, 0x000000070cc00000|  0%| F|  |TAMS 0x000000070ca00000, 0x000000070ca00000| Untracked 
|  57|0x000000070cc00000, 0x000000070cc00000, 0x000000070ce00000|  0%| F|  |TAMS 0x000000070cc00000, 0x000000070cc00000| Untracked 
|  58|0x000000070ce00000, 0x000000070ce00000, 0x000000070d000000|  0%| F|  |TAMS 0x000000070ce00000, 0x000000070ce00000| Untracked 
|  59|0x000000070d000000, 0x000000070d000000, 0x000000070d200000|  0%| F|  |TAMS 0x000000070d000000, 0x000000070d000000| Untracked 
|  60|0x000000070d200000, 0x000000070d200000, 0x000000070d400000|  0%| F|  |TAMS 0x000000070d200000, 0x000000070d200000| Untracked 
|  61|0x000000070d400000, 0x000000070d400000, 0x000000070d600000|  0%| F|  |TAMS 0x000000070d400000, 0x000000070d400000| Untracked 
|  62|0x000000070d600000, 0x000000070d600000, 0x000000070d800000|  0%| F|  |TAMS 0x000000070d600000, 0x000000070d600000| Untracked 
|  63|0x000000070d800000, 0x000000070d800000, 0x000000070da00000|  0%| F|  |TAMS 0x000000070d800000, 0x000000070d800000| Untracked 
|  64|0x000000070da00000, 0x000000070da00000, 0x000000070dc00000|  0%| F|  |TAMS 0x000000070da00000, 0x000000070da00000| Untracked 
|  65|0x000000070dc00000, 0x000000070dc00000, 0x000000070de00000|  0%| F|  |TAMS 0x000000070dc00000, 0x000000070dc00000| Untracked 
|  66|0x000000070de00000, 0x000000070de00000, 0x000000070e000000|  0%| F|  |TAMS 0x000000070de00000, 0x000000070de00000| Untracked 
|  67|0x000000070e000000, 0x000000070e000000, 0x000000070e200000|  0%| F|  |TAMS 0x000000070e000000, 0x000000070e000000| Untracked 
|  68|0x000000070e200000, 0x000000070e200000, 0x000000070e400000|  0%| F|  |TAMS 0x000000070e200000, 0x000000070e200000| Untracked 
|  69|0x000000070e400000, 0x000000070e400000, 0x000000070e600000|  0%| F|  |TAMS 0x000000070e400000, 0x000000070e400000| Untracked 
|  70|0x000000070e600000, 0x000000070e600000, 0x000000070e800000|  0%| F|  |TAMS 0x000000070e600000, 0x000000070e600000| Untracked 
|  71|0x000000070e800000, 0x000000070e800000, 0x000000070ea00000|  0%| F|  |TAMS 0x000000070e800000, 0x000000070e800000| Untracked 
|  72|0x000000070ea00000, 0x000000070ea00000, 0x000000070ec00000|  0%| F|  |TAMS 0x000000070ea00000, 0x000000070ea00000| Untracked 
|  73|0x000000070ec00000, 0x000000070ec00000, 0x000000070ee00000|  0%| F|  |TAMS 0x000000070ec00000, 0x000000070ec00000| Untracked 
|  74|0x000000070ee00000, 0x000000070ee00000, 0x000000070f000000|  0%| F|  |TAMS 0x000000070ee00000, 0x000000070ee00000| Untracked 
|  75|0x000000070f000000, 0x000000070f000000, 0x000000070f200000|  0%| F|  |TAMS 0x000000070f000000, 0x000000070f000000| Untracked 
|  76|0x000000070f200000, 0x000000070f200000, 0x000000070f400000|  0%| F|  |TAMS 0x000000070f200000, 0x000000070f200000| Untracked 
|  77|0x000000070f400000, 0x000000070f400000, 0x000000070f600000|  0%| F|  |TAMS 0x000000070f400000, 0x000000070f400000| Untracked 
|  78|0x000000070f600000, 0x000000070f600000, 0x000000070f800000|  0%| F|  |TAMS 0x000000070f600000, 0x000000070f600000| Untracked 
|  79|0x000000070f800000, 0x000000070f800000, 0x000000070fa00000|  0%| F|  |TAMS 0x000000070f800000, 0x000000070f800000| Untracked 
|  80|0x000000070fa00000, 0x000000070fa00000, 0x000000070fc00000|  0%| F|  |TAMS 0x000000070fa00000, 0x000000070fa00000| Untracked 
|  81|0x000000070fc00000, 0x000000070fc00000, 0x000000070fe00000|  0%| F|  |TAMS 0x000000070fc00000, 0x000000070fc00000| Untracked 
|  82|0x000000070fe00000, 0x000000070fe00000, 0x0000000710000000|  0%| F|  |TAMS 0x000000070fe00000, 0x000000070fe00000| Untracked 
|  83|0x0000000710000000, 0x0000000710000000, 0x0000000710200000|  0%| F|  |TAMS 0x0000000710000000, 0x0000000710000000| Untracked 
|  84|0x0000000710200000, 0x0000000710200000, 0x0000000710400000|  0%| F|  |TAMS 0x0000000710200000, 0x0000000710200000| Untracked 
|  85|0x0000000710400000, 0x0000000710400000, 0x0000000710600000|  0%| F|  |TAMS 0x0000000710400000, 0x0000000710400000| Untracked 
|  86|0x0000000710600000, 0x0000000710600000, 0x0000000710800000|  0%| F|  |TAMS 0x0000000710600000, 0x0000000710600000| Untracked 
|  87|0x0000000710800000, 0x0000000710800000, 0x0000000710a00000|  0%| F|  |TAMS 0x0000000710800000, 0x0000000710800000| Untracked 
|  88|0x0000000710a00000, 0x0000000710a00000, 0x0000000710c00000|  0%| F|  |TAMS 0x0000000710a00000, 0x0000000710a00000| Untracked 
|  89|0x0000000710c00000, 0x0000000710c00000, 0x0000000710e00000|  0%| F|  |TAMS 0x0000000710c00000, 0x0000000710c00000| Untracked 
|  90|0x0000000710e00000, 0x0000000710e00000, 0x0000000711000000|  0%| F|  |TAMS 0x0000000710e00000, 0x0000000710e00000| Untracked 
|  91|0x0000000711000000, 0x0000000711000000, 0x0000000711200000|  0%| F|  |TAMS 0x0000000711000000, 0x0000000711000000| Untracked 
|  92|0x0000000711200000, 0x0000000711200000, 0x0000000711400000|  0%| F|  |TAMS 0x0000000711200000, 0x0000000711200000| Untracked 
|  93|0x0000000711400000, 0x0000000711400000, 0x0000000711600000|  0%| F|  |TAMS 0x0000000711400000, 0x0000000711400000| Untracked 
|  94|0x0000000711600000, 0x0000000711600000, 0x0000000711800000|  0%| F|  |TAMS 0x0000000711600000, 0x0000000711600000| Untracked 
|  95|0x0000000711800000, 0x0000000711800000, 0x0000000711a00000|  0%| F|  |TAMS 0x0000000711800000, 0x0000000711800000| Untracked 
|  96|0x0000000711a00000, 0x0000000711a00000, 0x0000000711c00000|  0%| F|  |TAMS 0x0000000711a00000, 0x0000000711a00000| Untracked 
|  97|0x0000000711c00000, 0x0000000711c00000, 0x0000000711e00000|  0%| F|  |TAMS 0x0000000711c00000, 0x0000000711c00000| Untracked 
|  98|0x0000000711e00000, 0x0000000711e00000, 0x0000000712000000|  0%| F|  |TAMS 0x0000000711e00000, 0x0000000711e00000| Untracked 
|  99|0x0000000712000000, 0x0000000712000000, 0x0000000712200000|  0%| F|  |TAMS 0x0000000712000000, 0x0000000712000000| Untracked 
| 100|0x0000000712200000, 0x0000000712200000, 0x0000000712400000|  0%| F|  |TAMS 0x0000000712200000, 0x0000000712200000| Untracked 
| 101|0x0000000712400000, 0x0000000712400000, 0x0000000712600000|  0%| F|  |TAMS 0x0000000712400000, 0x0000000712400000| Untracked 
| 102|0x0000000712600000, 0x0000000712600000, 0x0000000712800000|  0%| F|  |TAMS 0x0000000712600000, 0x0000000712600000| Untracked 
| 103|0x0000000712800000, 0x0000000712800000, 0x0000000712a00000|  0%| F|  |TAMS 0x0000000712800000, 0x0000000712800000| Untracked 
| 104|0x0000000712a00000, 0x0000000712a00000, 0x0000000712c00000|  0%| F|  |TAMS 0x0000000712a00000, 0x0000000712a00000| Untracked 
| 105|0x0000000712c00000, 0x0000000712c00000, 0x0000000712e00000|  0%| F|  |TAMS 0x0000000712c00000, 0x0000000712c00000| Untracked 
| 106|0x0000000712e00000, 0x0000000712e00000, 0x0000000713000000|  0%| F|  |TAMS 0x0000000712e00000, 0x0000000712e00000| Untracked 
| 107|0x0000000713000000, 0x0000000713000000, 0x0000000713200000|  0%| F|  |TAMS 0x0000000713000000, 0x0000000713000000| Untracked 
| 108|0x0000000713200000, 0x0000000713200000, 0x0000000713400000|  0%| F|  |TAMS 0x0000000713200000, 0x0000000713200000| Untracked 
| 109|0x0000000713400000, 0x0000000713400000, 0x0000000713600000|  0%| F|  |TAMS 0x0000000713400000, 0x0000000713400000| Untracked 
| 110|0x0000000713600000, 0x0000000713600000, 0x0000000713800000|  0%| F|  |TAMS 0x0000000713600000, 0x0000000713600000| Untracked 
| 111|0x0000000713800000, 0x0000000713800000, 0x0000000713a00000|  0%| F|  |TAMS 0x0000000713800000, 0x0000000713800000| Untracked 
| 112|0x0000000713a00000, 0x0000000713a00000, 0x0000000713c00000|  0%| F|  |TAMS 0x0000000713a00000, 0x0000000713a00000| Untracked 
| 113|0x0000000713c00000, 0x0000000713c00000, 0x0000000713e00000|  0%| F|  |TAMS 0x0000000713c00000, 0x0000000713c00000| Untracked 
| 114|0x0000000713e00000, 0x0000000713f9ff80, 0x0000000714000000| 81%| S|CS|TAMS 0x0000000713e00000, 0x0000000713e00000| Complete 
| 115|0x0000000714000000, 0x0000000714000000, 0x0000000714200000|  0%| F|  |TAMS 0x0000000714000000, 0x0000000714000000| Untracked 
| 116|0x0000000714200000, 0x0000000714200000, 0x0000000714400000|  0%| F|  |TAMS 0x0000000714200000, 0x0000000714200000| Untracked 
| 117|0x0000000714400000, 0x0000000714400000, 0x0000000714600000|  0%| F|  |TAMS 0x0000000714400000, 0x0000000714400000| Untracked 
| 118|0x0000000714600000, 0x0000000714600000, 0x0000000714800000|  0%| F|  |TAMS 0x0000000714600000, 0x0000000714600000| Untracked 
| 119|0x0000000714800000, 0x0000000714800000, 0x0000000714a00000|  0%| F|  |TAMS 0x0000000714800000, 0x0000000714800000| Untracked 
| 120|0x0000000714a00000, 0x0000000714a00000, 0x0000000714c00000|  0%| F|  |TAMS 0x0000000714a00000, 0x0000000714a00000| Untracked 
| 121|0x0000000714c00000, 0x0000000714c00000, 0x0000000714e00000|  0%| F|  |TAMS 0x0000000714c00000, 0x0000000714c00000| Untracked 
| 122|0x0000000714e00000, 0x0000000714e00000, 0x0000000715000000|  0%| F|  |TAMS 0x0000000714e00000, 0x0000000714e00000| Untracked 
| 123|0x0000000715000000, 0x00000007150c7eb0, 0x0000000715200000| 39%| E|  |TAMS 0x0000000715000000, 0x0000000715000000| Complete 
| 124|0x0000000715200000, 0x0000000715400000, 0x0000000715400000|100%| E|CS|TAMS 0x0000000715200000, 0x0000000715200000| Complete 
| 125|0x0000000715400000, 0x0000000715600000, 0x0000000715600000|100%| E|CS|TAMS 0x0000000715400000, 0x0000000715400000| Complete 

Card table byte_map: [0x000001f027de0000,0x000001f0285c0000] _byte_map_base: 0x000001f0245b3000

Marking Bits (Prev, Next): (CMBitMap*) 0x000001f00e3c6e00, (CMBitMap*) 0x000001f00e3c6e40
 Prev Bits: [0x000001f028da0000, 0x000001f02cc38000)
 Next Bits: [0x000001f02cc40000, 0x000001f030ad8000)

Polling page: 0x000001f00e410000

Metaspace:

Usage:
  Non-class:      1.90 MB used.
      Class:    180.98 KB used.
       Both:      2.08 MB used.

Virtual space:
  Non-class space:       64.00 MB reserved,       2.00 MB (  3%) committed,  1 nodes.
      Class space:        1.00 GB reserved,     256.00 KB ( <1%) committed,  1 nodes.
             Both:        1.06 GB reserved,       2.25 MB ( <1%) committed. 

Chunk freelists:
   Non-Class:  11.22 MB
       Class:  15.65 MB
        Both:  26.87 MB

MaxMetaspaceSize: unlimited
CompressedClassSpaceSize: 1.00 GB
Initial GC threshold: 21.00 MB
Current GC threshold: 21.00 MB
CDS: on
MetaspaceReclaimPolicy: balanced
 - commit_granule_bytes: 65536.
 - commit_granule_words: 8192.
 - virtual_space_node_default_size: 8388608.
 - enlarge_chunks_in_place: 1.
 - new_chunks_are_fully_committed: 0.
 - uncommit_free_chunks: 1.
 - use_allocation_guard: 0.
 - handle_deallocations: 1.


Internal statistics:

num_allocs_failed_limit: 0.
num_arena_births: 32.
num_arena_deaths: 0.
num_vsnodes_births: 2.
num_vsnodes_deaths: 0.
num_space_committed: 36.
num_space_uncommitted: 0.
num_chunks_returned_to_freelist: 0.
num_chunks_taken_from_freelist: 72.
num_chunk_merges: 0.
num_chunk_splits: 52.
num_chunks_enlarged: 38.
num_inconsistent_stats: 0.

CodeHeap 'non-profiled nmethods': size=119168Kb used=655Kb max_used=655Kb free=118512Kb
 bounds [0x000001f01f1e0000, 0x000001f01f450000, 0x000001f026640000]
CodeHeap 'profiled nmethods': size=119104Kb used=1409Kb max_used=1409Kb free=117694Kb
 bounds [0x000001f017640000, 0x000001f0178b0000, 0x000001f01ea90000]
CodeHeap 'non-nmethods': size=7488Kb used=1159Kb max_used=1779Kb free=6329Kb
 bounds [0x000001f01ea90000, 0x000001f01ed00000, 0x000001f01f1e0000]
 total_blobs=1295 nmethods=858 adapters=350
 compilation: enabled
              stopped_count=0, restarted_count=0
 full_count=0

Compilation events (20 events):
Event: 16.838 Thread 0x000001f033bba250  848       4       org.bytedeco.javacpp.Pointer::init (52 bytes)
Event: 16.870 Thread 0x000001f033bba250 nmethod 848 0x000001f01f27b890 code [0x000001f01f27bae0, 0x000001f01f27d4d0]
Event: 16.870 Thread 0x000001f033bba250  849       4       org.bytedeco.javacpp.Pointer$DeallocatorReference::<init> (69 bytes)
Event: 16.886 Thread 0x000001f033bba250 nmethod 849 0x000001f01f27e290 code [0x000001f01f27e4e0, 0x000001f01f27faa0]
Event: 17.204 Thread 0x000001f033bba250  850       4       org.bytedeco.javacpp.Pointer::<init> (86 bytes)
Event: 17.205 Thread 0x000001f033bba250 nmethod 850 0x000001f01f280690 code [0x000001f01f280800, 0x000001f01f2808f8]
Event: 19.688 Thread 0x000001f033bba250  851   !   4       org.bytedeco.javacpp.Pointer::deallocator (568 bytes)
Event: 19.695 Thread 0x000001f033bba250 nmethod 851 0x000001f01f280990 code [0x000001f01f280be0, 0x000001f01f281920]
Event: 19.696 Thread 0x000001f033bba250  852   !   4       org.bytedeco.javacpp.Pointer$DeallocatorReference::add (82 bytes)
Event: 19.697 Thread 0x000001f033bba250 nmethod 852 0x000001f01f282090 code [0x000001f01f282220, 0x000001f01f282798]
Event: 24.538 Thread 0x000001f033bba250  853       4       com.raylib.Jaylib::<init> (5 bytes)
Event: 24.538 Thread 0x000001f033bba250 nmethod 853 0x000001f01f282890 code [0x000001f01f282a00, 0x000001f01f282a78]
Event: 28.805 Thread 0x000001f033bba250  854       4       com.raylib.Jaylib::Rectangle (25 bytes)
Event: 28.806 Thread 0x000001f033bba250 nmethod 854 0x000001f01f282b90 code [0x000001f01f282d60, 0x000001f01f282f40]
Event: 32.405 Thread 0x000001f033bba250  855 %     4       java.lang.StringCoding::hasNegatives @ 2 (25 bytes)
Event: 32.407 Thread 0x000001f033bba250 nmethod 855% 0x000001f01f283190 code [0x000001f01f283320, 0x000001f01f283518]
Event: 35.305 Thread 0x000001f033bbac10  857   !   3       java.lang.String::encodeWithEncoder (307 bytes)
Event: 35.307 Thread 0x000001f033bbac10 nmethod 857 0x000001f01779df10 code [0x000001f01779e2e0, 0x000001f01779fd88]
Event: 36.622 Thread 0x000001f033bba250  858       4       java.lang.StringConcatHelper::newArray (40 bytes)
Event: 36.623 Thread 0x000001f033bba250 nmethod 858 0x000001f01f283a90 code [0x000001f01f283c20, 0x000001f01f283d38]

GC Heap History (2 events):
Event: 1.332 GC heap before
{Heap before GC invocations=0 (full 0):
 garbage-first heap   total 258048K, used 22528K [0x0000000705a00000, 0x0000000800000000)
  region size 2048K, 11 young (22528K), 0 survivors (0K)
 Metaspace       used 2018K, committed 2176K, reserved 1114112K
  class space    used 176K, committed 256K, reserved 1048576K
}
Event: 1.335 GC heap after
{Heap after GC invocations=1 (full 0):
 garbage-first heap   total 258048K, used 1663K [0x0000000705a00000, 0x0000000800000000)
  region size 2048K, 1 young (2048K), 1 survivors (2048K)
 Metaspace       used 2018K, committed 2176K, reserved 1114112K
  class space    used 176K, committed 256K, reserved 1048576K
}

Dll operation events (20 events):
Event: 0.373 Loaded shared library C:\Program Files (x86)\Windows Kits\10\Redist\ucrt\DLLs\x64\api-ms-win-core-rtlsupport-l1-1-0.dll
Event: 0.386 Loaded shared library C:\Program Files (x86)\Windows Kits\10\Redist\ucrt\DLLs\x64\api-ms-win-core-processthreads-l1-1-1.dll
Event: 0.399 Loaded shared library C:\Program Files (x86)\Windows Kits\10\Redist\ucrt\DLLs\x64\api-ms-win-core-file-l1-2-0.dll
Event: 0.414 Loaded shared library C:\Program Files (x86)\Windows Kits\10\Redist\ucrt\DLLs\x64\api-ms-win-core-profile-l1-1-0.dll
Event: 0.427 Loaded shared library C:\Program Files (x86)\Windows Kits\10\Redist\ucrt\DLLs\x64\api-ms-win-core-memory-l1-1-0.dll
Event: 0.443 Loaded shared library C:\Program Files (x86)\Windows Kits\10\Redist\ucrt\DLLs\x64\api-ms-win-core-util-l1-1-0.dll
Event: 0.454 Loaded shared library C:\Program Files (x86)\Windows Kits\10\Redist\ucrt\DLLs\x64\api-ms-win-core-interlocked-l1-1-0.dll
Event: 0.468 Loaded shared library C:\Program Files (x86)\Windows Kits\10\Redist\ucrt\DLLs\x64\ucrtbase.dll
Event: 0.480 Loaded shared library C:\Users\luczu\.jdks\corretto-17.0.10\bin\vcruntime140.dll
Event: 0.489 Loaded shared library C:\Users\luczu\.jdks\corretto-17.0.10\bin\vcruntime140_1.dll
Event: 0.503 Loaded shared library C:\Users\luczu\.jdks\corretto-17.0.10\bin\msvcp140.dll
Event: 0.519 Loaded shared library C:\Windows\System32\msvcp140_1.dll
Event: 0.533 Loaded shared library C:\Windows\System32\concrt140.dll
Event: 0.543 Loaded shared library C:\Windows\System32\vcomp140.dll
Event: 0.555 Loaded shared library C:\Windows\System32\winmm.dll
Event: 0.561 Loaded shared library C:\Windows\System32\opengl32.dll
Event: 0.562 Loaded shared library C:\Windows\System32\user32.dll
Event: 0.564 Loaded shared library C:\Windows\System32\shell32.dll
Event: 0.566 Loaded shared library C:\Windows\System32\gdi32.dll
Event: 0.634 Loaded shared library C:\Users\luczu\.javacpp\cache\jaylib-4.5.0-0.jar\com\raylib\windows-x86_64\jniRaylib.dll

Deoptimization events (20 events):
Event: 0.595 Thread 0x000001f00e35d0b0 DEOPT PACKING pc=0x000001f01f1fc4bc sp=0x0000003f0b2fda20
Event: 0.595 Thread 0x000001f00e35d0b0 DEOPT UNPACKING pc=0x000001f01eaea1a3 sp=0x0000003f0b2fd9c0 mode 2
Event: 0.595 Thread 0x000001f00e35d0b0 Uncommon trap: trap_request=0xffffffc6 fr.pc=0x000001f01f1fc4bc relative=0x00000000000005dc
Event: 0.595 Thread 0x000001f00e35d0b0 Uncommon trap: reason=bimorphic_or_optimized_type_check action=maybe_recompile pc=0x000001f01f1fc4bc method=java.util.concurrent.ConcurrentHashMap.get(Ljava/lang/Object;)Ljava/lang/Object; @ 149 c2
Event: 0.595 Thread 0x000001f00e35d0b0 DEOPT PACKING pc=0x000001f01f1fc4bc sp=0x0000003f0b2fda20
Event: 0.595 Thread 0x000001f00e35d0b0 DEOPT UNPACKING pc=0x000001f01eaea1a3 sp=0x0000003f0b2fd9c0 mode 2
Event: 0.595 Thread 0x000001f00e35d0b0 Uncommon trap: trap_request=0xffffffc6 fr.pc=0x000001f01f1fc4bc relative=0x00000000000005dc
Event: 0.595 Thread 0x000001f00e35d0b0 Uncommon trap: reason=bimorphic_or_optimized_type_check action=maybe_recompile pc=0x000001f01f1fc4bc method=java.util.concurrent.ConcurrentHashMap.get(Ljava/lang/Object;)Ljava/lang/Object; @ 149 c2
Event: 0.595 Thread 0x000001f00e35d0b0 DEOPT PACKING pc=0x000001f01f1fc4bc sp=0x0000003f0b2fda20
Event: 0.595 Thread 0x000001f00e35d0b0 DEOPT UNPACKING pc=0x000001f01eaea1a3 sp=0x0000003f0b2fd9c0 mode 2
Event: 0.652 Thread 0x000001f00e35d0b0 DEOPT PACKING pc=0x000001f01772a598 sp=0x0000003f0b2fced0
Event: 0.652 Thread 0x000001f00e35d0b0 DEOPT UNPACKING pc=0x000001f01eaeace3 sp=0x0000003f0b2fc3e8 mode 0
Event: 0.655 Thread 0x000001f00e35d0b0 DEOPT PACKING pc=0x000001f01772e048 sp=0x0000003f0b2fc910
Event: 0.655 Thread 0x000001f00e35d0b0 DEOPT UNPACKING pc=0x000001f01eaeace3 sp=0x0000003f0b2fbe28 mode 0
Event: 1.335 Thread 0x000001f00e35d0b0 Uncommon trap: trap_request=0xffffff45 fr.pc=0x000001f01f214f60 relative=0x00000000000000e0
Event: 1.335 Thread 0x000001f00e35d0b0 Uncommon trap: reason=unstable_if action=reinterpret pc=0x000001f01f214f60 method=java.lang.ref.SoftReference.get()Ljava/lang/Object; @ 17 c2
Event: 1.335 Thread 0x000001f00e35d0b0 DEOPT PACKING pc=0x000001f01f214f60 sp=0x0000003f0b2fd9d0
Event: 1.335 Thread 0x000001f00e35d0b0 DEOPT UNPACKING pc=0x000001f01eaea1a3 sp=0x0000003f0b2fd988 mode 2
Event: 35.305 Thread 0x000001f00e35d0b0 DEOPT PACKING pc=0x000001f017797302 sp=0x0000003f0b2fe930
Event: 35.305 Thread 0x000001f00e35d0b0 DEOPT UNPACKING pc=0x000001f01eaeace3 sp=0x0000003f0b2fddb0 mode 0

Classes unloaded (0 events):
No events

Classes redefined (0 events):
No events

Internal exceptions (7 events):
Event: 0.077 Thread 0x000001f00e35d0b0 Exception <a 'java/lang/NoSuchMethodError'{0x0000000715284c80}: 'int java.lang.invoke.DirectMethodHandle$Holder.invokeStaticInit(java.lang.Object, java.lang.Object, java.lang.Object, java.lang.Object)'> (0x0000000715284c80) 
thrown [s\src\hotspot\share\interpreter\linkResolver.cpp, line 759]
Event: 0.078 Thread 0x000001f00e35d0b0 Exception <a 'java/lang/NoSuchMethodError'{0x000000071528f990}: 'java.lang.Object java.lang.invoke.DirectMethodHandle$Holder.invokeInterface(java.lang.Object, java.lang.Object)'> (0x000000071528f990) 
thrown [s\src\hotspot\share\interpreter\linkResolver.cpp, line 759]
Event: 0.079 Thread 0x000001f00e35d0b0 Exception <a 'java/lang/IncompatibleClassChangeError'{0x00000007152930a8}: Found class java.lang.Object, but interface was expected> (0x00000007152930a8) 
thrown [s\src\hotspot\share\interpreter\linkResolver.cpp, line 826]
Event: 0.079 Thread 0x000001f00e35d0b0 Exception <a 'java/lang/NoSuchMethodError'{0x0000000715296250}: 'void java.lang.invoke.DirectMethodHandle$Holder.invokeStatic(java.lang.Object, java.lang.Object)'> (0x0000000715296250) 
thrown [s\src\hotspot\share\interpreter\linkResolver.cpp, line 759]
Event: 0.080 Thread 0x000001f00e35d0b0 Exception <a 'java/lang/NoSuchMethodError'{0x00000007152998c0}: 'void java.lang.invoke.DirectMethodHandle$Holder.invokeStaticInit(java.lang.Object, java.lang.Object)'> (0x00000007152998c0) 
thrown [s\src\hotspot\share\interpreter\linkResolver.cpp, line 759]
Event: 0.080 Thread 0x000001f00e35d0b0 Exception <a 'java/lang/NoSuchMethodError'{0x000000071529ff68}: 'int java.lang.invoke.DirectMethodHandle$Holder.invokeStaticInit(java.lang.Object, java.lang.Object)'> (0x000000071529ff68) 
thrown [s\src\hotspot\share\interpreter\linkResolver.cpp, line 759]
Event: 0.598 Thread 0x000001f00e35d0b0 Exception <a 'java/lang/NoSuchMethodError'{0x00000007140f4850}: 'java.lang.Object java.lang.invoke.DirectMethodHandle$Holder.invokeStatic(java.lang.Object, int, java.lang.Object)'> (0x00000007140f4850) 
thrown [s\src\hotspot\share\interpreter\linkResolver.cpp, line 759]

VM Operations (14 events):
Event: 0.053 Executing VM operation: HandshakeAllThreads
Event: 0.053 Executing VM operation: HandshakeAllThreads done
Event: 0.115 Executing VM operation: HandshakeAllThreads
Event: 0.115 Executing VM operation: HandshakeAllThreads done
Event: 1.120 Executing VM operation: Cleanup
Event: 1.121 Executing VM operation: Cleanup done
Event: 1.332 Executing VM operation: G1CollectForAllocation
Event: 1.335 Executing VM operation: G1CollectForAllocation done
Event: 3.346 Executing VM operation: Cleanup
Event: 3.346 Executing VM operation: Cleanup done
Event: 12.351 Executing VM operation: Cleanup
Event: 12.351 Executing VM operation: Cleanup done
Event: 16.353 Executing VM operation: Cleanup
Event: 16.353 Executing VM operation: Cleanup done

Events (20 events):
Event: 0.595 loading class java/time/Month done
Event: 0.595 loading class java/time/DayOfWeek
Event: 0.595 loading class java/time/DayOfWeek done
Event: 0.595 loading class java/time/zone/ZoneOffsetTransitionRule$TimeDefinition
Event: 0.595 loading class java/time/zone/ZoneOffsetTransitionRule$TimeDefinition done
Event: 0.595 loading class java/time/zone/ZoneOffsetTransition
Event: 0.596 loading class java/time/zone/ZoneOffsetTransition done
Event: 0.597 loading class java/time/temporal/TemporalAdjusters
Event: 0.597 loading class java/time/temporal/TemporalAdjusters done
Event: 0.600 loading class java/time/zone/ZoneOffsetTransitionRule$1
Event: 0.600 loading class java/time/zone/ZoneOffsetTransitionRule$1 done
Event: 0.600 loading class java/util/concurrent/TimeUnit$1
Event: 0.600 loading class java/util/concurrent/TimeUnit$1 done
Event: 0.646 loading class java/lang/NumberFormatException
Event: 0.646 loading class java/lang/NumberFormatException done
Event: 0.647 Thread 0x000001f0791fa1a0 Thread added: 0x000001f0791fa1a0
Event: 1.304 Thread 0x000001f033c78f50 Thread exited: 0x000001f033c78f50
Event: 1.304 Thread 0x000001f07a8a78f0 Thread exited: 0x000001f07a8a78f0
Event: 1.304 Thread 0x000001f0793c46c0 Thread exited: 0x000001f0793c46c0
Event: 1.305 Thread 0x000001f033f50680 Thread exited: 0x000001f033f50680


Dynamic libraries:
0x00007ff6c4970000 - 0x00007ff6c497e000 	C:\Users\luczu\.jdks\corretto-17.0.10\bin\java.exe
0x00007ffc25950000 - 0x00007ffc25b67000 	C:\WINDOWS\SYSTEM32\ntdll.dll
0x00007ffc24980000 - 0x00007ffc24a44000 	C:\WINDOWS\System32\KERNEL32.DLL
0x00007ffc22f10000 - 0x00007ffc232b6000 	C:\WINDOWS\System32\KERNELBASE.dll
0x00007ffc22c90000 - 0x00007ffc22da1000 	C:\WINDOWS\System32\ucrtbase.dll
0x00007ffbcf990000 - 0x00007ffbcf9ab000 	C:\Users\luczu\.jdks\corretto-17.0.10\bin\VCRUNTIME140.dll
0x00007ffbbc150000 - 0x00007ffbbc167000 	C:\Users\luczu\.jdks\corretto-17.0.10\bin\jli.dll
0x00007ffc236a0000 - 0x00007ffc2384e000 	C:\WINDOWS\System32\USER32.dll
0x00007ffc22ee0000 - 0x00007ffc22f06000 	C:\WINDOWS\System32\win32u.dll
0x00007ffc24050000 - 0x00007ffc24079000 	C:\WINDOWS\System32\GDI32.dll
0x00007ffc23360000 - 0x00007ffc23478000 	C:\WINDOWS\System32\gdi32full.dll
0x00007ffc232c0000 - 0x00007ffc2335a000 	C:\WINDOWS\System32\msvcp_win.dll
0x00007ffbff730000 - 0x00007ffbff9c3000 	C:\WINDOWS\WinSxS\amd64_microsoft.windows.common-controls_6595b64144ccf1df_6.0.22621.2506_none_270c5ae97388e100\COMCTL32.dll
0x00007ffc24a60000 - 0x00007ffc24b07000 	C:\WINDOWS\System32\msvcrt.dll
0x00007ffc24760000 - 0x00007ffc24791000 	C:\WINDOWS\System32\IMM32.DLL
0x00007ffbd8d50000 - 0x00007ffbd8d5c000 	C:\Users\luczu\.jdks\corretto-17.0.10\bin\vcruntime140_1.dll
0x00007ffbbc2b0000 - 0x00007ffbbc33d000 	C:\Users\luczu\.jdks\corretto-17.0.10\bin\msvcp140.dll
0x00007ffb00b40000 - 0x00007ffb017a2000 	C:\Users\luczu\.jdks\corretto-17.0.10\bin\server\jvm.dll
0x00007ffc24d20000 - 0x00007ffc24dd3000 	C:\WINDOWS\System32\ADVAPI32.dll
0x00007ffc24690000 - 0x00007ffc24738000 	C:\WINDOWS\System32\sechost.dll
0x00007ffc23670000 - 0x00007ffc23698000 	C:\WINDOWS\System32\bcrypt.dll
0x00007ffc24b90000 - 0x00007ffc24ca7000 	C:\WINDOWS\System32\RPCRT4.dll
0x00007ffc1a340000 - 0x00007ffc1a349000 	C:\WINDOWS\SYSTEM32\WSOCK32.dll
0x00007ffc21b10000 - 0x00007ffc21b5d000 	C:\WINDOWS\SYSTEM32\POWRPROF.dll
0x00007ffc24b10000 - 0x00007ffc24b81000 	C:\WINDOWS\System32\WS2_32.dll
0x00007ffc18e60000 - 0x00007ffc18e6a000 	C:\WINDOWS\SYSTEM32\VERSION.dll
0x00007ffc18c30000 - 0x00007ffc18c64000 	C:\WINDOWS\SYSTEM32\WINMM.dll
0x00007ffc21af0000 - 0x00007ffc21b03000 	C:\WINDOWS\SYSTEM32\UMPDC.dll
0x00007ffc21d10000 - 0x00007ffc21d28000 	C:\WINDOWS\SYSTEM32\kernel.appcore.dll
0x00007ffbd8d40000 - 0x00007ffbd8d4a000 	C:\Users\luczu\.jdks\corretto-17.0.10\bin\jimage.dll
0x00007ffc20570000 - 0x00007ffc207a3000 	C:\WINDOWS\SYSTEM32\DBGHELP.DLL
0x00007ffc24300000 - 0x00007ffc24689000 	C:\WINDOWS\System32\combase.dll
0x00007ffc23d40000 - 0x00007ffc23e17000 	C:\WINDOWS\System32\OLEAUT32.dll
0x00007ffc09f90000 - 0x00007ffc09fc2000 	C:\WINDOWS\SYSTEM32\dbgcore.DLL
0x00007ffc23480000 - 0x00007ffc234fa000 	C:\WINDOWS\System32\bcryptPrimitives.dll
0x00007ffbcf9d0000 - 0x00007ffbcf9f5000 	C:\Users\luczu\.jdks\corretto-17.0.10\bin\java.dll
0x00007ffbbc1d0000 - 0x00007ffbbc2a7000 	C:\Users\luczu\.jdks\corretto-17.0.10\bin\jsvml.dll
0x00007ffc24de0000 - 0x00007ffc2563a000 	C:\WINDOWS\System32\SHELL32.dll
0x00007ffc20ba0000 - 0x00007ffc21496000 	C:\WINDOWS\SYSTEM32\windows.storage.dll
0x00007ffc20a60000 - 0x00007ffc20b9e000 	C:\WINDOWS\SYSTEM32\wintypes.dll
0x00007ffc24880000 - 0x00007ffc24973000 	C:\WINDOWS\System32\SHCORE.dll
0x00007ffc24cc0000 - 0x00007ffc24d1e000 	C:\WINDOWS\System32\shlwapi.dll
0x00007ffc22bc0000 - 0x00007ffc22be6000 	C:\WINDOWS\SYSTEM32\profapi.dll
0x00007ffbcf9b0000 - 0x00007ffbcf9c9000 	C:\Users\luczu\.jdks\corretto-17.0.10\bin\net.dll
0x00007ffc19770000 - 0x00007ffc198a7000 	C:\WINDOWS\SYSTEM32\WINHTTP.dll
0x00007ffc22230000 - 0x00007ffc22299000 	C:\WINDOWS\system32\mswsock.dll
0x00007ffbbc1b0000 - 0x00007ffbbc1c6000 	C:\Users\luczu\.jdks\corretto-17.0.10\bin\nio.dll
0x00007ffbbc190000 - 0x00007ffbbc1a8000 	C:\Users\luczu\.jdks\corretto-17.0.10\bin\zip.dll
0x000001f033fa0000 - 0x000001f033fa3000 	C:\Program Files (x86)\Windows Kits\10\Redist\ucrt\DLLs\x64\api-ms-win-crt-locale-l1-1-0.dll
0x000001f033fb0000 - 0x000001f033fb4000 	C:\Program Files (x86)\Windows Kits\10\Redist\ucrt\DLLs\x64\api-ms-win-crt-string-l1-1-0.dll
0x000001f033fc0000 - 0x000001f033fc4000 	C:\Program Files (x86)\Windows Kits\10\Redist\ucrt\DLLs\x64\api-ms-win-crt-stdio-l1-1-0.dll
0x000001f033fd0000 - 0x000001f033fd5000 	C:\Program Files (x86)\Windows Kits\10\Redist\ucrt\DLLs\x64\api-ms-win-crt-math-l1-1-0.dll
0x000001f033fe0000 - 0x000001f033fe3000 	C:\Program Files (x86)\Windows Kits\10\Redist\ucrt\DLLs\x64\api-ms-win-crt-heap-l1-1-0.dll
0x000001f033ff0000 - 0x000001f033ff4000 	C:\Program Files (x86)\Windows Kits\10\Redist\ucrt\DLLs\x64\api-ms-win-crt-runtime-l1-1-0.dll
0x000001f079930000 - 0x000001f079934000 	C:\Program Files (x86)\Windows Kits\10\Redist\ucrt\DLLs\x64\api-ms-win-crt-convert-l1-1-0.dll
0x000001f079940000 - 0x000001f079943000 	C:\Program Files (x86)\Windows Kits\10\Redist\ucrt\DLLs\x64\api-ms-win-crt-environment-l1-1-0.dll
0x000001f079950000 - 0x000001f079953000 	C:\Program Files (x86)\Windows Kits\10\Redist\ucrt\DLLs\x64\api-ms-win-crt-time-l1-1-0.dll
0x000001f079960000 - 0x000001f079963000 	C:\Program Files (x86)\Windows Kits\10\Redist\ucrt\DLLs\x64\api-ms-win-crt-filesystem-l1-1-0.dll
0x000001f079970000 - 0x000001f079973000 	C:\Program Files (x86)\Windows Kits\10\Redist\ucrt\DLLs\x64\api-ms-win-crt-utility-l1-1-0.dll
0x000001f079980000 - 0x000001f079985000 	C:\Program Files (x86)\Windows Kits\10\Redist\ucrt\DLLs\x64\api-ms-win-crt-multibyte-l1-1-0.dll
0x000001f079990000 - 0x000001f079993000 	C:\Program Files (x86)\Windows Kits\10\Redist\ucrt\DLLs\x64\api-ms-win-crt-conio-l1-1-0.dll
0x000001f0799a0000 - 0x000001f0799af000 	C:\Program Files (x86)\Windows Kits\10\Redist\ucrt\DLLs\x64\api-ms-win-crt-private-l1-1-0.dll
0x000001f0799b0000 - 0x000001f0799b3000 	C:\Program Files (x86)\Windows Kits\10\Redist\ucrt\DLLs\x64\api-ms-win-crt-process-l1-1-0.dll
0x000001f0799c0000 - 0x000001f0799c3000 	C:\Program Files\Microsoft\jdk-11.0.12.7-hotspot\bin\api-ms-win-core-console-l1-2-0.dll
0x000001f0799d0000 - 0x000001f0799d3000 	C:\Program Files (x86)\Windows Kits\10\Redist\ucrt\DLLs\x64\api-ms-win-core-string-l1-1-0.dll
0x000001f0799e0000 - 0x000001f0799e3000 	C:\Program Files (x86)\Windows Kits\10\Redist\ucrt\DLLs\x64\api-ms-win-core-errorhandling-l1-1-0.dll
0x000001f0799f0000 - 0x000001f0799f3000 	C:\Program Files (x86)\Windows Kits\10\Redist\ucrt\DLLs\x64\api-ms-win-core-timezone-l1-1-0.dll
0x000001f079a00000 - 0x000001f079a04000 	C:\Program Files (x86)\Windows Kits\10\Redist\ucrt\DLLs\x64\api-ms-win-core-file-l1-1-0.dll
0x000001f079a10000 - 0x000001f079a13000 	C:\Program Files (x86)\Windows Kits\10\Redist\ucrt\DLLs\x64\api-ms-win-core-namedpipe-l1-1-0.dll
0x000001f079a20000 - 0x000001f079a23000 	C:\Program Files (x86)\Windows Kits\10\Redist\ucrt\DLLs\x64\api-ms-win-core-handle-l1-1-0.dll
0x000001f079a30000 - 0x000001f079a33000 	C:\Program Files (x86)\Windows Kits\10\Redist\ucrt\DLLs\x64\api-ms-win-core-file-l2-1-0.dll
0x000001f079a40000 - 0x000001f079a43000 	C:\Program Files (x86)\Windows Kits\10\Redist\ucrt\DLLs\x64\api-ms-win-core-heap-l1-1-0.dll
0x000001f079a50000 - 0x000001f079a53000 	C:\Program Files (x86)\Windows Kits\10\Redist\ucrt\DLLs\x64\api-ms-win-core-libraryloader-l1-1-0.dll
0x000001f079a60000 - 0x000001f079a63000 	C:\Program Files (x86)\Windows Kits\10\Redist\ucrt\DLLs\x64\api-ms-win-core-synch-l1-1-0.dll
0x000001f079a70000 - 0x000001f079a73000 	C:\Program Files (x86)\Windows Kits\10\Redist\ucrt\DLLs\x64\api-ms-win-core-processthreads-l1-1-0.dll
0x000001f079a80000 - 0x000001f079a83000 	C:\Program Files (x86)\Windows Kits\10\Redist\ucrt\DLLs\x64\api-ms-win-core-processenvironment-l1-1-0.dll
0x000001f079a90000 - 0x000001f079a93000 	C:\Program Files (x86)\Windows Kits\10\Redist\ucrt\DLLs\x64\api-ms-win-core-datetime-l1-1-0.dll
0x000001f079aa0000 - 0x000001f079aa3000 	C:\Program Files (x86)\Windows Kits\10\Redist\ucrt\DLLs\x64\api-ms-win-core-localization-l1-2-0.dll
0x000001f079ab0000 - 0x000001f079ab3000 	C:\Program Files (x86)\Windows Kits\10\Redist\ucrt\DLLs\x64\api-ms-win-core-sysinfo-l1-1-0.dll
0x000001f079ac0000 - 0x000001f079ac3000 	C:\Program Files (x86)\Windows Kits\10\Redist\ucrt\DLLs\x64\api-ms-win-core-synch-l1-2-0.dll
0x000001f07aaa0000 - 0x000001f07aaa3000 	C:\Program Files (x86)\Windows Kits\10\Redist\ucrt\DLLs\x64\api-ms-win-core-console-l1-1-0.dll
0x000001f07aab0000 - 0x000001f07aab3000 	C:\Program Files (x86)\Windows Kits\10\Redist\ucrt\DLLs\x64\api-ms-win-core-debug-l1-1-0.dll
0x000001f07aac0000 - 0x000001f07aac3000 	C:\Program Files (x86)\Windows Kits\10\Redist\ucrt\DLLs\x64\api-ms-win-core-rtlsupport-l1-1-0.dll
0x000001f07aad0000 - 0x000001f07aad3000 	C:\Program Files (x86)\Windows Kits\10\Redist\ucrt\DLLs\x64\api-ms-win-core-processthreads-l1-1-1.dll
0x000001f07aae0000 - 0x000001f07aae3000 	C:\Program Files (x86)\Windows Kits\10\Redist\ucrt\DLLs\x64\api-ms-win-core-file-l1-2-0.dll
0x000001f07aaf0000 - 0x000001f07aaf3000 	C:\Program Files (x86)\Windows Kits\10\Redist\ucrt\DLLs\x64\api-ms-win-core-profile-l1-1-0.dll
0x000001f07ab00000 - 0x000001f07ab03000 	C:\Program Files (x86)\Windows Kits\10\Redist\ucrt\DLLs\x64\api-ms-win-core-memory-l1-1-0.dll
0x000001f07bae0000 - 0x000001f07bae3000 	C:\Program Files (x86)\Windows Kits\10\Redist\ucrt\DLLs\x64\api-ms-win-core-util-l1-1-0.dll
0x000001f07baf0000 - 0x000001f07baf3000 	C:\Program Files (x86)\Windows Kits\10\Redist\ucrt\DLLs\x64\api-ms-win-core-interlocked-l1-1-0.dll
0x00007ffb0de50000 - 0x00007ffb0df42000 	C:\Program Files (x86)\Windows Kits\10\Redist\ucrt\DLLs\x64\ucrtbase.dll
0x00007ffc1a3e0000 - 0x00007ffc1a3e9000 	C:\Windows\System32\msvcp140_1.dll
0x00007ffbda980000 - 0x00007ffbda9ce000 	C:\Windows\System32\concrt140.dll
0x00007ffbbc860000 - 0x00007ffbbc891000 	C:\Windows\System32\vcomp140.dll
0x00007ffbefd60000 - 0x00007ffbefe60000 	C:\Windows\System32\opengl32.dll
0x00007ffbf2470000 - 0x00007ffbf249d000 	C:\WINDOWS\SYSTEM32\GLU32.dll
0x00007ffc1fd90000 - 0x00007ffc1fdc6000 	C:\WINDOWS\SYSTEM32\dxcore.dll
0x00007ffaf6740000 - 0x00007ffaf695d000 	C:\Users\luczu\.javacpp\cache\jaylib-4.5.0-0.jar\com\raylib\windows-x86_64\jniRaylib.dll
0x00007ffb82cc0000 - 0x00007ffb82d06000 	C:\WINDOWS\SYSTEM32\dinput8.dll
0x00007ffbde6a0000 - 0x00007ffbde6b1000 	C:\WINDOWS\SYSTEM32\xinput1_4.dll
0x00007ffc22950000 - 0x00007ffc2297c000 	C:\WINDOWS\SYSTEM32\DEVOBJ.dll
0x00007ffc22980000 - 0x00007ffc229ce000 	C:\WINDOWS\SYSTEM32\cfgmgr32.dll
0x00007ffc20030000 - 0x00007ffc2005b000 	C:\WINDOWS\SYSTEM32\dwmapi.dll
0x00007ffc1d540000 - 0x00007ffc1d5eb000 	C:\WINDOWS\system32\uxtheme.dll
0x00007ffc000e0000 - 0x00007ffc002ea000 	C:\WINDOWS\SYSTEM32\inputhost.dll
0x00007ffc1d160000 - 0x00007ffc1d294000 	C:\WINDOWS\SYSTEM32\CoreMessaging.dll
0x00007ffc257c0000 - 0x00007ffc25910000 	C:\WINDOWS\System32\MSCTF.dll
0x00007ffc224a0000 - 0x00007ffc224ac000 	C:\WINDOWS\SYSTEM32\CRYPTBASE.DLL
0x00007ffc214a0000 - 0x00007ffc214ae000 	C:\WINDOWS\SYSTEM32\HID.DLL
0x00007ffc238c0000 - 0x00007ffc23d34000 	C:\WINDOWS\System32\SETUPAPI.DLL
0x00007ffc22e70000 - 0x00007ffc22edb000 	C:\WINDOWS\System32\WINTRUST.dll
0x00007ffc23500000 - 0x00007ffc23666000 	C:\WINDOWS\System32\CRYPT32.dll
0x00007ffc22930000 - 0x00007ffc22942000 	C:\WINDOWS\SYSTEM32\MSASN1.dll
0x00007ffc19a80000 - 0x00007ffc19aca000 	C:\WINDOWS\SYSTEM32\directxdatabasehelper.dll
0x00007ffc24250000 - 0x00007ffc24300000 	C:\WINDOWS\System32\clbcatq.dll
0x00007ffaf0fa0000 - 0x00007ffaf3b90000 	C:\WINDOWS\System32\DriverStore\FileRepository\nvhm.inf_amd64_28ac5867493a0477\nvoglv64.dll
0x00007ffc23eb0000 - 0x00007ffc24050000 	C:\WINDOWS\System32\ole32.dll
0x00007ffc21b60000 - 0x00007ffc21b74000 	C:\WINDOWS\SYSTEM32\WTSAPI32.dll
0x00007ffc0a2f0000 - 0x00007ffc0a322000 	C:\WINDOWS\SYSTEM32\cryptnet.dll
0x00007ffc0a330000 - 0x00007ffc0a488000 	C:\WINDOWS\SYSTEM32\drvstore.dll
0x00007ffc22530000 - 0x00007ffc2257b000 	C:\WINDOWS\SYSTEM32\wldp.dll
0x00007ffc24740000 - 0x00007ffc2475f000 	C:\WINDOWS\System32\imagehlp.dll
0x00007ffc22480000 - 0x00007ffc2249b000 	C:\WINDOWS\SYSTEM32\CRYPTSP.dll
0x00007ffc21d30000 - 0x00007ffc21d65000 	C:\WINDOWS\system32\rsaenh.dll
0x00007ffc222c0000 - 0x00007ffc222e6000 	C:\WINDOWS\SYSTEM32\gpapi.dll
0x00007ffbd54b0000 - 0x00007ffbd769b000 	C:\WINDOWS\System32\DriverStore\FileRepository\nvhm.inf_amd64_28ac5867493a0477\nvgpucomp64.dll
0x00007ffc21dd0000 - 0x00007ffc21e04000 	C:\WINDOWS\SYSTEM32\ntmarta.dll
0x00007ffb61a60000 - 0x00007ffb61d23000 	C:\WINDOWS\system32\nvspcap64.dll
0x00007ffc21700000 - 0x00007ffc21766000 	C:\WINDOWS\SYSTEM32\WINSTA.dll

dbghelp: loaded successfully - version: 4.0.5 - missing functions: none
symbol engine: initialized successfully - sym options: 0x614 - pdb path: .;C:\Users\luczu\.jdks\corretto-17.0.10\bin;C:\WINDOWS\SYSTEM32;C:\WINDOWS\WinSxS\amd64_microsoft.windows.common-controls_6595b64144ccf1df_6.0.22621.2506_none_270c5ae97388e100;C:\Users\luczu\.jdks\corretto-17.0.10\bin\server;C:\Program Files (x86)\Windows Kits\10\Redist\ucrt\DLLs\x64;C:\Program Files\Microsoft\jdk-11.0.12.7-hotspot\bin;C:\Users\luczu\.javacpp\cache\jaylib-4.5.0-0.jar\com\raylib\windows-x86_64;C:\WINDOWS\System32\DriverStore\FileRepository\nvhm.inf_amd64_28ac5867493a0477;C:\WINDOWS\System32\DriverStore\FileRepository\iigd_dch.inf_amd64_0fdf6ce291234272

VM Arguments:
jvm_args: -Dfile.encoding=windows-1252 -Duser.country=NL -Duser.language=nl -Duser.variant 
java_command: PineVille.MenuScene
java_class_path (initial): C:\Users\luczu\OneDrive\Documenten\PineVille\build\classes\java\main;C:\Users\luczu\OneDrive\Documenten\PineVille\build\resources\main;C:\Users\luczu\.gradle\caches\modules-2\files-2.1\uk.co.electronstudio.jaylib\jaylib\4.5.0-0\90c0d608df9bbd32f5f34683acc58cb433e94508\jaylib-4.5.0-0.jar
Launcher Type: SUN_STANDARD

[Global flags]
     intx CICompilerCount                          = 12                                        {product} {ergonomic}
     uint ConcGCThreads                            = 3                                         {product} {ergonomic}
     uint G1ConcRefinementThreads                  = 13                                        {product} {ergonomic}
   size_t G1HeapRegionSize                         = 2097152                                   {product} {ergonomic}
    uintx GCDrainStackTargetSize                   = 64                                        {product} {ergonomic}
   size_t InitialHeapSize                          = 264241152                                 {product} {ergonomic}
   size_t MarkStackSize                            = 4194304                                   {product} {ergonomic}
   size_t MaxHeapSize                              = 4200595456                                {product} {ergonomic}
   size_t MaxNewSize                               = 2518679552                                {product} {ergonomic}
   size_t MinHeapDeltaBytes                        = 2097152                                   {product} {ergonomic}
   size_t MinHeapSize                              = 8388608                                   {product} {ergonomic}
    uintx NonNMethodCodeHeapSize                   = 7602480                                {pd product} {ergonomic}
    uintx NonProfiledCodeHeapSize                  = 122027880                              {pd product} {ergonomic}
    uintx ProfiledCodeHeapSize                     = 122027880                              {pd product} {ergonomic}
    uintx ReservedCodeCacheSize                    = 251658240                              {pd product} {ergonomic}
     bool SegmentedCodeCache                       = true                                      {product} {ergonomic}
   size_t SoftMaxHeapSize                          = 4200595456                             {manageable} {ergonomic}
     bool UseCompressedClassPointers               = true                           {product lp64_product} {ergonomic}
     bool UseCompressedOops                        = true                           {product lp64_product} {ergonomic}
     bool UseG1GC                                  = true                                      {product} {ergonomic}
     bool UseLargePagesIndividualAllocation        = false                                  {pd product} {ergonomic}

Logging:
Log output configuration:
 #0: stdout all=warning uptime,level,tags
 #1: stderr all=off uptime,level,tags

Environment Variables:
PATH=C:\Program Files (x86)\Common Files\Intel\Shared Libraries\redist\intel64\compiler;C:\Program Files\Common Files\Oracle\Java\javapath;C:\Program Files\Microsoft\jdk-11.0.12.7-hotspot\bin;C:\windows\system32;C:\windows;C:\windows\System32\Wbem;C:\windows\System32\WindowsPowerShell\v1.0\;C:\windows\System32\OpenSSH\;C:\Program Files (x86)\NVIDIA Corporation\PhysX\Common;C:\Program Files\NVIDIA Corporation\NVIDIA NvDLISR;C:\Program Files\Microsoft SQL Server\150\Tools\Binn\;C:\Program Files\Microsoft SQL Server\Client SDK\ODBC\170\Tools\Binn\;C:\Program Files\dotnet\;C:\WINDOWS\system32;C:\WINDOWS;C:\WINDOWS\System32\Wbem;C:\WINDOWS\System32\WindowsPowerShell\v1.0\;C:\WINDOWS\System32\OpenSSH\;C:\Program Files\CMake\bin;C:\Program Files\Git\cmd;C:\Users\luczu\AppData\Local\Microsoft\WindowsApps;C:\Users\luczu\.dotnet\tools;C:\Users\luczu\AppData\Local\GitHubDesktop\bin;;C:\Users\luczu\AppData\Local\Programs\Microsoft VS Code\bin
USERNAME=luczu
OS=Windows_NT
PROCESSOR_IDENTIFIER=Intel64 Family 6 Model 141 Stepping 1, GenuineIntel
TMP=C:\Users\luczu\AppData\Local\Temp
TEMP=C:\Users\luczu\AppData\Local\Temp



Periodic native trim disabled


---------------  S Y S T E M  ---------------

OS:
 Windows 11 , 64 bit Build 22621 (10.0.22621.2506)
OS uptime: 0 days 2:11 hours
Hyper-V role detected

CPU: total 16 (initial active 16) (8 cores per cpu, 2 threads per core) family 6 model 141 stepping 1 microcode 0x4e, cx8, cmov, fxsr, ht, mmx, 3dnowpref, sse, sse2, sse3, ssse3, sse4.1, sse4.2, popcnt, lzcnt, tsc, tscinvbit, avx, avx2, aes, erms, clmul, bmi1, bmi2, adx, avx512f, avx512dq, avx512cd, avx512bw, avx512vl, sha, fma, vzeroupper, avx512_vpopcntdq, avx512_vpclmulqdq, avx512_vaes, avx512_vnni, clflush, clflushopt, clwb, avx512_vbmi2, avx512_vbmi, hv
Processor Information for all 16 processors :
  Max Mhz: 2304, Current Mhz: 2304, Mhz Limit: 2304

Memory: 4k page, system-wide physical 16021M (3627M free)
TotalPageFile size 34453M (AvailPageFile size 12721M)
current process WorkingSet (physical memory assigned to process): 126M, peak: 208M
current process commit charge ("private bytes"): 504M, peak: 694M

vm_info: OpenJDK 64-Bit Server VM (17.0.10+7-LTS) for windows-amd64 JRE (17.0.10+7-LTS), built on Jan 10 2024 22:11:07 by "Administrator" with MS VC++ 16.10 / 16.11 (VS2019)

END.
