#
# A fatal error has been detected by the Java Runtime Environment:
#
#  EXCEPTION_ACCESS_VIOLATION (0xc0000005) at pc=0x00007ffa704cf42b, pid=18812, tid=20952
#
# JRE version: OpenJDK Runtime Environment Corretto-17.0.10.7.1 (17.0.10+7) (build 17.0.10+7-LTS)
# Java VM: OpenJDK 64-Bit Server VM Corretto-17.0.10.7.1 (17.0.10+7-LTS, mixed mode, sharing, tiered, compressed oops, compressed class ptrs, g1 gc, windows-amd64)
# Problematic frame:
# C  [jniRaylib.dll+0xdf42b]
#
# No core dump will be written. Minidumps are not enabled by default on client versions of Windows
#
# If you would like to submit a bug report, please visit:
#   https://github.com/corretto/corretto-17/issues/
# The crash happened outside the Java Virtual Machine in native code.
# See problematic frame for where to report the bug.
#

---------------  S U M M A R Y ------------

Command Line: -Dfile.encoding=windows-1252 -Duser.country=NL -Duser.language=nl -Duser.variant PineVille.MenuScene

Host: 11th Gen Intel(R) Core(TM) i7-11800H @ 2.30GHz, 16 cores, 15G,  Windows 11 , 64 bit Build 22621 (10.0.22621.2506)
Time: Wed Feb 14 12:07:29 2024 West-Europa (standaardtijd) elapsed time: 10.106434 seconds (0d 0h 0m 10s)

---------------  T H R E A D  ---------------

Current thread (0x0000019ed2acc520):  JavaThread "main" [_thread_in_native, id=20952, stack(0x00000097d8900000,0x00000097d8a00000)]

Stack: [0x00000097d8900000,0x00000097d8a00000],  sp=0x00000097d89fed40,  free space=1019k
Native frames: (J=compiled Java code, j=interpreted, Vv=VM code, C=native code)
C  [jniRaylib.dll+0xdf42b]

Java frames: (J=compiled Java code, j=interpreted, Vv=VM code)
j  com.raylib.Raylib.GuiButton(Lcom/raylib/Raylib$Rectangle;Ljava/lang/String;)Z+0
j  PineVille.MenuScene.main([Ljava/lang/String;)V+92
v  ~StubRoutines::call_stub

siginfo: EXCEPTION_ACCESS_VIOLATION (0xc0000005), writing address 0x0000019efc537240


Registers:
RAX=0x0000019efc537240, RBX=0x00000000ffc9c9c9, RCX=0x0000000000000000, RDX=0x0000019efd21ebf0
RSP=0x00000097d89fed40, RBP=0x00000097d89ff000, RSI=0x00000097d89fef20, RDI=0x00000097d89feea0
R8 =0x0000000000000000, R9 =0x0000000000000000, R10=0x00007ffae90c0000, R11=0x3f66f8004189000c
R12=0x0000000000000000, R13=0x00007ffa705f9180, R14=0x0000000000000002, R15=0x0000019efccc5c10
RIP=0x00007ffa704cf42b, EFLAGS=0x0000000000010246


Register to memory mapping:

RIP=0x00007ffa704cf42b jniRaylib.dll
RAX=0x0000019efc537240 is an unknown value
RBX=0x00000000ffc9c9c9 is an unknown value
RCX=0x0 is NULL
RDX=0x0000019efd21ebf0 points into unknown readable memory: 0x00007ffb00002000 | 00 20 00 00 fb 7f 00 00
RSP=0x00000097d89fed40 is pointing into the stack for thread: 0x0000019ed2acc520
RBP=0x00000097d89ff000 is pointing into the stack for thread: 0x0000019ed2acc520
RSI=0x00000097d89fef20 is pointing into the stack for thread: 0x0000019ed2acc520
RDI=0x00000097d89feea0 is pointing into the stack for thread: 0x0000019ed2acc520
R8 =0x0 is NULL
R9 =0x0 is NULL
R10=0x00007ffae90c0000 VCRUNTIME140.dll
R11=0x3f66f8004189000c is an unknown value
R12=0x0 is NULL
R13=0x00007ffa705f9180 jniRaylib.dll
R14=0x0000000000000002 is an unknown value
R15=0x0000019efccc5c10 points into unknown readable memory: 0x0030200074697551 | 51 75 69 74 00 20 30 00


Top of Stack: (sp=0x00000097d89fed40)
0x00000097d89fed40:   0000019ed08a0f30 00000000000003d8
0x00000097d89fed50:   00000097d89feeb0 0000000000000005
0x00000097d89fed60:   0000000000000000 0000000000000000
0x00000097d89fed70:   0000000044520000 0000000000000000
0x00000097d89fed80:   0000000044778000 0000000000000000
0x00000097d89fed90:   00000000ffc9c9c9 00007ffa704d5c63
0x00000097d89feda0:   0000019ed08a0000 0000019e0000000d
0x00000097d89fedb0:   0000000000000005 0000019e00000000
0x00000097d89fedc0:   0000000000000000 00007ffa73340181
0x00000097d89fedd0:   0000000000000000 0000000000000000
0x00000097d89fede0:   0000000000000000 0000000000000000
0x00000097d89fedf0:   0000000000000000 0000000000000000
0x00000097d89fee00:   0000000000000000 0000000000000000
0x00000097d89fee10:   0000000000000000 0000000000000000
0x00000097d89fee20:   0000000000000000 0000000000000000
0x00000097d89fee30:   0000000000000000 0000000000000000
0x00000097d89fee40:   0000019ed2acc7d8 0000019ed2acc520
0x00000097d89fee50:   0000000000000000 0000000000000000
0x00000097d89fee60:   0000000000000000 0000000000000000
0x00000097d89fee70:   00000000ffc9c9c9 00007ffa704d53da
0x00000097d89fee80:   00000000ff838383 0000000000000010
0x00000097d89fee90:   0000000000000000 0000019effc9c9c9
0x00000097d89feea0:   4452000044318000 4316000043fa0000
0x00000097d89feeb0:   0000000000000004 00007ffa704021c6
0x00000097d89feec0:   0000019ed2acc520 00007ffa7334f012
0x00000097d89feed0:   0000000000000005 00007ffa73744047
0x00000097d89feee0:   00000097ffc9c9c9 0000019ed2acc520
0x00000097d89feef0:   00000097d89fef90 00007ffa703f90de
0x00000097d89fef00:   0000019eff838383 00000000ff838383
0x00000097d89fef10:   0000000000000000 00000097d89ff050
0x00000097d89fef20:   4452000044318000 4316000043fa0000
0x00000097d89fef30:   0000019ed2acc7d8 0000000000000004 

Instructions: (pc=0x00007ffa704cf42b)
0x00007ffa704cf32b:   fa 01 75 0b 84 54 c1 f4 75 54 8d 4a 02 eb 43 83
0x00007ffa704cf33b:   fa 04 75 20 8b 4c c1 f4 b8 56 55 55 55 f7 e9 8b
0x00007ffa704cf34b:   c2 c1 e8 1f 03 d0 8d 04 52 3b c8 75 31 b9 04 00
0x00007ffa704cf35b:   00 00 eb 1e 83 fa 07 75 25 8b 44 c1 f4 25 03 00
0x00007ffa704cf36b:   00 80 7d 07 ff c8 83 c8 fc ff c0 85 c0 75 0f 8d
0x00007ffa704cf37b:   48 05 e8 7e a4 ff ff 4c 8b 05 27 2e 11 00 4d 63
0x00007ffa704cf38b:   48 04 4d 8b 40 08 8b 05 41 2e 11 00 49 c1 e1 06
0x00007ffa704cf39b:   8d 0c 40 4b 8b 44 01 08 48 63 d1 f3 0f 11 34 90
0x00007ffa704cf3ab:   48 8b 05 fe 2d 11 00 4c 63 48 04 4c 8b 40 08 8b
0x00007ffa704cf3bb:   05 18 2e 11 00 49 c1 e1 06 8d 0c 40 4b 8b 44 01
0x00007ffa704cf3cb:   08 48 63 d1 f3 0f 11 7c 90 04 48 8b 05 d4 2d 11
0x00007ffa704cf3db:   00 4c 63 48 04 4c 8b 40 08 8b 05 ee 2d 11 00 49
0x00007ffa704cf3eb:   c1 e1 06 8d 0c 40 4b 8b 44 01 08 48 63 d1 f3 44
0x00007ffa704cf3fb:   0f 11 44 90 08 48 8b 05 a9 2d 11 00 f3 0f 10 05
0x00007ffa704cf40b:   cd 2d 11 00 4c 63 40 04 48 8b 50 08 8b 05 bb 2d
0x00007ffa704cf41b:   11 00 03 c0 49 c1 e0 06 48 63 c8 49 8b 44 10 10
0x00007ffa704cf42b:   f3 0f 11 04 88 48 8b 05 79 2d 11 00 f3 0f 10 05
0x00007ffa704cf43b:   a1 2d 11 00 4c 63 40 04 48 8b 50 08 8b 05 8b 2d
0x00007ffa704cf44b:   11 00 03 c0 49 c1 e0 06 48 63 c8 49 8b 44 10 10
0x00007ffa704cf45b:   f3 0f 11 44 88 04 48 8b 05 48 2d 11 00 4c 63 40
0x00007ffa704cf46b:   04 48 8b 48 08 8b 05 62 2d 11 00 49 c1 e0 06 8d
0x00007ffa704cf47b:   04 85 00 00 00 00 49 8b 4c 08 18 48 63 d0 0f b6
0x00007ffa704cf48b:   05 60 2d 11 00 88 04 0a 48 8b 05 16 2d 11 00 4c
0x00007ffa704cf49b:   63 40 04 48 8b 48 08 8b 05 30 2d 11 00 49 c1 e0
0x00007ffa704cf4ab:   06 8d 04 85 00 00 00 00 49 8b 4c 08 18 48 63 d0
0x00007ffa704cf4bb:   0f b6 05 2f 2d 11 00 88 44 11 01 48 8b 05 e3 2c
0x00007ffa704cf4cb:   11 00 4c 63 40 04 48 8b 48 08 8b 05 fd 2c 11 00
0x00007ffa704cf4db:   49 c1 e0 06 8d 04 85 00 00 00 00 49 8b 4c 08 18
0x00007ffa704cf4eb:   48 63 d0 0f b6 05 fd 2c 11 00 88 44 11 02 48 8b
0x00007ffa704cf4fb:   05 b0 2c 11 00 4c 63 40 04 48 8b 48 08 8b 05 ca
0x00007ffa704cf50b:   2c 11 00 49 c1 e0 06 49 8b 4c 08 18 8d 04 85 00
0x00007ffa704cf51b:   00 00 00 0f 28 74 24 40 0f 28 7c 24 30 44 0f 28 


Stack slot to memory mapping:
stack at sp + 0 slots: 0x0000019ed08a0f30 points into unknown readable memory: 0x00000000002d0007 | 07 00 2d 00 00 00 00 00
stack at sp + 1 slots: 0x00000000000003d8 is an unknown value
stack at sp + 2 slots: 0x00000097d89feeb0 is pointing into the stack for thread: 0x0000019ed2acc520
stack at sp + 3 slots: 0x0000000000000005 is an unknown value
stack at sp + 4 slots: 0x0 is NULL
stack at sp + 5 slots: 0x0 is NULL
stack at sp + 6 slots: 0x0000000044520000 is an unknown value
stack at sp + 7 slots: 0x0 is NULL


---------------  P R O C E S S  ---------------

Threads class SMR info:
_java_thread_list=0x0000019efd619930, length=13, elements={
0x0000019ed2acc520, 0x0000019ef63e4e40, 0x0000019ef63e5910, 0x0000019ef63fae90,
0x0000019ef63fb960, 0x0000019ef63fe240, 0x0000019ef6400b20, 0x0000019ef64097e0,
0x0000019ef640d6a0, 0x0000019ef640dfb0, 0x0000019ef6593630, 0x0000019ef6596df0,
0x0000019efb424430
}

Java Threads: ( => current thread )
=>0x0000019ed2acc520 JavaThread "main" [_thread_in_native, id=20952, stack(0x00000097d8900000,0x00000097d8a00000)]
  0x0000019ef63e4e40 JavaThread "Reference Handler" daemon [_thread_blocked, id=4468, stack(0x00000097d9000000,0x00000097d9100000)]
  0x0000019ef63e5910 JavaThread "Finalizer" daemon [_thread_blocked, id=27560, stack(0x00000097d9100000,0x00000097d9200000)]
  0x0000019ef63fae90 JavaThread "Signal Dispatcher" daemon [_thread_blocked, id=6404, stack(0x00000097d9200000,0x00000097d9300000)]
  0x0000019ef63fb960 JavaThread "Attach Listener" daemon [_thread_blocked, id=12964, stack(0x00000097d9300000,0x00000097d9400000)]
  0x0000019ef63fe240 JavaThread "Service Thread" daemon [_thread_blocked, id=1416, stack(0x00000097d9400000,0x00000097d9500000)]
  0x0000019ef6400b20 JavaThread "Monitor Deflation Thread" daemon [_thread_blocked, id=20196, stack(0x00000097d9500000,0x00000097d9600000)]
  0x0000019ef64097e0 JavaThread "C2 CompilerThread0" daemon [_thread_blocked, id=18988, stack(0x00000097d9600000,0x00000097d9700000)]
  0x0000019ef640d6a0 JavaThread "C1 CompilerThread0" daemon [_thread_blocked, id=25356, stack(0x00000097d9700000,0x00000097d9800000)]
  0x0000019ef640dfb0 JavaThread "Sweeper thread" daemon [_thread_blocked, id=15832, stack(0x00000097d9800000,0x00000097d9900000)]
  0x0000019ef6593630 JavaThread "Notification Thread" daemon [_thread_blocked, id=16432, stack(0x00000097d9a00000,0x00000097d9b00000)]
  0x0000019ef6596df0 JavaThread "Common-Cleaner" daemon [_thread_blocked, id=32888, stack(0x00000097d9c00000,0x00000097d9d00000)]
  0x0000019efb424430 JavaThread "JavaCPP Deallocator" daemon [_thread_blocked, id=2456, stack(0x00000097da100000,0x00000097da200000)]

Other Threads:
  0x0000019ef63e2490 VMThread "VM Thread" [stack: 0x00000097d8f00000,0x00000097d9000000] [id=14408]
  0x0000019ef6593f20 WatcherThread [stack: 0x00000097d9b00000,0x00000097d9c00000] [id=31820]
  0x0000019ed2b37ee0 GCTaskThread "GC Thread#0" [stack: 0x00000097d8a00000,0x00000097d8b00000] [id=1616]
  0x0000019efb925d30 GCTaskThread "GC Thread#1" [stack: 0x00000097da200000,0x00000097da300000] [id=17716]
  0x0000019efb4966a0 GCTaskThread "GC Thread#2" [stack: 0x00000097da300000,0x00000097da400000] [id=10716]
  0x0000019efccc98b0 GCTaskThread "GC Thread#3" [stack: 0x00000097da400000,0x00000097da500000] [id=3612]
  0x0000019efccca390 GCTaskThread "GC Thread#4" [stack: 0x00000097da500000,0x00000097da600000] [id=14216]
  0x0000019efcccb280 GCTaskThread "GC Thread#5" [stack: 0x00000097da600000,0x00000097da700000] [id=30612]
  0x0000019ed2b497a0 ConcurrentGCThread "G1 Main Marker" [stack: 0x00000097d8b00000,0x00000097d8c00000] [id=28420]
  0x0000019ed2b4a0d0 ConcurrentGCThread "G1 Conc#0" [stack: 0x00000097d8c00000,0x00000097d8d00000] [id=11700]
  0x0000019ef61897e0 ConcurrentGCThread "G1 Refine#0" [stack: 0x00000097d8d00000,0x00000097d8e00000] [id=3424]
  0x0000019ef618c130 ConcurrentGCThread "G1 Service" [stack: 0x00000097d8e00000,0x00000097d8f00000] [id=33084]

Threads with active compile tasks:

VM state: not at safepoint (normal execution)

VM Mutex/Monitor currently owned by a thread: None

Heap address: 0x0000000705a00000, size: 4006 MB, Compressed Oops mode: Zero based, Oop shift amount: 3

CDS archive(s) mapped at: [0x0000019e80000000-0x0000019e80bb0000-0x0000019e80bb0000), size 12255232, SharedBaseAddress: 0x0000019e80000000, ArchiveRelocationMode: 1.
Compressed class space mapped at: 0x0000019e81000000-0x0000019ec1000000, reserved size: 1073741824
Narrow klass base: 0x0000019e80000000, Narrow klass shift: 0, Narrow klass range: 0x100000000

GC Precious Log:
 CPUs: 16 total, 16 available
 Memory: 16021M
 Large Page Support: Disabled
 NUMA Support: Disabled
 Compressed Oops: Enabled (Zero based)
 Heap Region Size: 2M
 Heap Min Capacity: 8M
 Heap Initial Capacity: 252M
 Heap Max Capacity: 4006M
 Pre-touch: Disabled
 Parallel Workers: 13
 Concurrent Workers: 3
 Concurrent Refinement Workers: 13
 Periodic GC: Disabled

Heap:
 garbage-first heap   total 258048K, used 3727K [0x0000000705a00000, 0x0000000800000000)
  region size 2048K, 3 young (6144K), 1 survivors (2048K)
 Metaspace       used 2128K, committed 2304K, reserved 1114112K
  class space    used 180K, committed 256K, reserved 1048576K

Heap Regions: E=young(eden), S=young(survivor), O=old, HS=humongous(starts), HC=humongous(continues), CS=collection set, F=free, OA=open archive, CA=closed archive, TAMS=top-at-mark-start (previous, next)
|   0|0x0000000705a00000, 0x0000000705a00000, 0x0000000705c00000|  0%| F|  |TAMS 0x0000000705a00000, 0x0000000705a00000| Untracked 
|   1|0x0000000705c00000, 0x0000000705c00000, 0x0000000705e00000|  0%| F|  |TAMS 0x0000000705c00000, 0x0000000705c00000| Untracked 
|   2|0x0000000705e00000, 0x0000000705e00000, 0x0000000706000000|  0%| F|  |TAMS 0x0000000705e00000, 0x0000000705e00000| Untracked 
|   3|0x0000000706000000, 0x0000000706000000, 0x0000000706200000|  0%| F|  |TAMS 0x0000000706000000, 0x0000000706000000| Untracked 
|   4|0x0000000706200000, 0x0000000706200000, 0x0000000706400000|  0%| F|  |TAMS 0x0000000706200000, 0x0000000706200000| Untracked 
|   5|0x0000000706400000, 0x0000000706400000, 0x0000000706600000|  0%| F|  |TAMS 0x0000000706400000, 0x0000000706400000| Untracked 
|   6|0x0000000706600000, 0x0000000706600000, 0x0000000706800000|  0%| F|  |TAMS 0x0000000706600000, 0x0000000706600000| Untracked 
|   7|0x0000000706800000, 0x0000000706800000, 0x0000000706a00000|  0%| F|  |TAMS 0x0000000706800000, 0x0000000706800000| Untracked 
|   8|0x0000000706a00000, 0x0000000706a00000, 0x0000000706c00000|  0%| F|  |TAMS 0x0000000706a00000, 0x0000000706a00000| Untracked 
|   9|0x0000000706c00000, 0x0000000706c00000, 0x0000000706e00000|  0%| F|  |TAMS 0x0000000706c00000, 0x0000000706c00000| Untracked 
|  10|0x0000000706e00000, 0x0000000706e00000, 0x0000000707000000|  0%| F|  |TAMS 0x0000000706e00000, 0x0000000706e00000| Untracked 
|  11|0x0000000707000000, 0x0000000707000000, 0x0000000707200000|  0%| F|  |TAMS 0x0000000707000000, 0x0000000707000000| Untracked 
|  12|0x0000000707200000, 0x0000000707200000, 0x0000000707400000|  0%| F|  |TAMS 0x0000000707200000, 0x0000000707200000| Untracked 
|  13|0x0000000707400000, 0x0000000707400000, 0x0000000707600000|  0%| F|  |TAMS 0x0000000707400000, 0x0000000707400000| Untracked 
|  14|0x0000000707600000, 0x0000000707600000, 0x0000000707800000|  0%| F|  |TAMS 0x0000000707600000, 0x0000000707600000| Untracked 
|  15|0x0000000707800000, 0x0000000707800000, 0x0000000707a00000|  0%| F|  |TAMS 0x0000000707800000, 0x0000000707800000| Untracked 
|  16|0x0000000707a00000, 0x0000000707a00000, 0x0000000707c00000|  0%| F|  |TAMS 0x0000000707a00000, 0x0000000707a00000| Untracked 
|  17|0x0000000707c00000, 0x0000000707c00000, 0x0000000707e00000|  0%| F|  |TAMS 0x0000000707c00000, 0x0000000707c00000| Untracked 
|  18|0x0000000707e00000, 0x0000000707e00000, 0x0000000708000000|  0%| F|  |TAMS 0x0000000707e00000, 0x0000000707e00000| Untracked 
|  19|0x0000000708000000, 0x0000000708000000, 0x0000000708200000|  0%| F|  |TAMS 0x0000000708000000, 0x0000000708000000| Untracked 
|  20|0x0000000708200000, 0x0000000708200000, 0x0000000708400000|  0%| F|  |TAMS 0x0000000708200000, 0x0000000708200000| Untracked 
|  21|0x0000000708400000, 0x0000000708400000, 0x0000000708600000|  0%| F|  |TAMS 0x0000000708400000, 0x0000000708400000| Untracked 
|  22|0x0000000708600000, 0x0000000708600000, 0x0000000708800000|  0%| F|  |TAMS 0x0000000708600000, 0x0000000708600000| Untracked 
|  23|0x0000000708800000, 0x0000000708800000, 0x0000000708a00000|  0%| F|  |TAMS 0x0000000708800000, 0x0000000708800000| Untracked 
|  24|0x0000000708a00000, 0x0000000708a00000, 0x0000000708c00000|  0%| F|  |TAMS 0x0000000708a00000, 0x0000000708a00000| Untracked 
|  25|0x0000000708c00000, 0x0000000708c00000, 0x0000000708e00000|  0%| F|  |TAMS 0x0000000708c00000, 0x0000000708c00000| Untracked 
|  26|0x0000000708e00000, 0x0000000708e00000, 0x0000000709000000|  0%| F|  |TAMS 0x0000000708e00000, 0x0000000708e00000| Untracked 
|  27|0x0000000709000000, 0x0000000709000000, 0x0000000709200000|  0%| F|  |TAMS 0x0000000709000000, 0x0000000709000000| Untracked 
|  28|0x0000000709200000, 0x0000000709200000, 0x0000000709400000|  0%| F|  |TAMS 0x0000000709200000, 0x0000000709200000| Untracked 
|  29|0x0000000709400000, 0x0000000709400000, 0x0000000709600000|  0%| F|  |TAMS 0x0000000709400000, 0x0000000709400000| Untracked 
|  30|0x0000000709600000, 0x0000000709600000, 0x0000000709800000|  0%| F|  |TAMS 0x0000000709600000, 0x0000000709600000| Untracked 
|  31|0x0000000709800000, 0x0000000709800000, 0x0000000709a00000|  0%| F|  |TAMS 0x0000000709800000, 0x0000000709800000| Untracked 
|  32|0x0000000709a00000, 0x0000000709a00000, 0x0000000709c00000|  0%| F|  |TAMS 0x0000000709a00000, 0x0000000709a00000| Untracked 
|  33|0x0000000709c00000, 0x0000000709c00000, 0x0000000709e00000|  0%| F|  |TAMS 0x0000000709c00000, 0x0000000709c00000| Untracked 
|  34|0x0000000709e00000, 0x0000000709e00000, 0x000000070a000000|  0%| F|  |TAMS 0x0000000709e00000, 0x0000000709e00000| Untracked 
|  35|0x000000070a000000, 0x000000070a000000, 0x000000070a200000|  0%| F|  |TAMS 0x000000070a000000, 0x000000070a000000| Untracked 
|  36|0x000000070a200000, 0x000000070a200000, 0x000000070a400000|  0%| F|  |TAMS 0x000000070a200000, 0x000000070a200000| Untracked 
|  37|0x000000070a400000, 0x000000070a400000, 0x000000070a600000|  0%| F|  |TAMS 0x000000070a400000, 0x000000070a400000| Untracked 
|  38|0x000000070a600000, 0x000000070a600000, 0x000000070a800000|  0%| F|  |TAMS 0x000000070a600000, 0x000000070a600000| Untracked 
|  39|0x000000070a800000, 0x000000070a800000, 0x000000070aa00000|  0%| F|  |TAMS 0x000000070a800000, 0x000000070a800000| Untracked 
|  40|0x000000070aa00000, 0x000000070aa00000, 0x000000070ac00000|  0%| F|  |TAMS 0x000000070aa00000, 0x000000070aa00000| Untracked 
|  41|0x000000070ac00000, 0x000000070ac00000, 0x000000070ae00000|  0%| F|  |TAMS 0x000000070ac00000, 0x000000070ac00000| Untracked 
|  42|0x000000070ae00000, 0x000000070ae00000, 0x000000070b000000|  0%| F|  |TAMS 0x000000070ae00000, 0x000000070ae00000| Untracked 
|  43|0x000000070b000000, 0x000000070b000000, 0x000000070b200000|  0%| F|  |TAMS 0x000000070b000000, 0x000000070b000000| Untracked 
|  44|0x000000070b200000, 0x000000070b200000, 0x000000070b400000|  0%| F|  |TAMS 0x000000070b200000, 0x000000070b200000| Untracked 
|  45|0x000000070b400000, 0x000000070b400000, 0x000000070b600000|  0%| F|  |TAMS 0x000000070b400000, 0x000000070b400000| Untracked 
|  46|0x000000070b600000, 0x000000070b600000, 0x000000070b800000|  0%| F|  |TAMS 0x000000070b600000, 0x000000070b600000| Untracked 
|  47|0x000000070b800000, 0x000000070b800000, 0x000000070ba00000|  0%| F|  |TAMS 0x000000070b800000, 0x000000070b800000| Untracked 
|  48|0x000000070ba00000, 0x000000070ba00000, 0x000000070bc00000|  0%| F|  |TAMS 0x000000070ba00000, 0x000000070ba00000| Untracked 
|  49|0x000000070bc00000, 0x000000070bc00000, 0x000000070be00000|  0%| F|  |TAMS 0x000000070bc00000, 0x000000070bc00000| Untracked 
|  50|0x000000070be00000, 0x000000070be00000, 0x000000070c000000|  0%| F|  |TAMS 0x000000070be00000, 0x000000070be00000| Untracked 
|  51|0x000000070c000000, 0x000000070c000000, 0x000000070c200000|  0%| F|  |TAMS 0x000000070c000000, 0x000000070c000000| Untracked 
|  52|0x000000070c200000, 0x000000070c200000, 0x000000070c400000|  0%| F|  |TAMS 0x000000070c200000, 0x000000070c200000| Untracked 
|  53|0x000000070c400000, 0x000000070c400000, 0x000000070c600000|  0%| F|  |TAMS 0x000000070c400000, 0x000000070c400000| Untracked 
|  54|0x000000070c600000, 0x000000070c600000, 0x000000070c800000|  0%| F|  |TAMS 0x000000070c600000, 0x000000070c600000| Untracked 
|  55|0x000000070c800000, 0x000000070c800000, 0x000000070ca00000|  0%| F|  |TAMS 0x000000070c800000, 0x000000070c800000| Untracked 
|  56|0x000000070ca00000, 0x000000070ca00000, 0x000000070cc00000|  0%| F|  |TAMS 0x000000070ca00000, 0x000000070ca00000| Untracked 
|  57|0x000000070cc00000, 0x000000070cc00000, 0x000000070ce00000|  0%| F|  |TAMS 0x000000070cc00000, 0x000000070cc00000| Untracked 
|  58|0x000000070ce00000, 0x000000070ce00000, 0x000000070d000000|  0%| F|  |TAMS 0x000000070ce00000, 0x000000070ce00000| Untracked 
|  59|0x000000070d000000, 0x000000070d000000, 0x000000070d200000|  0%| F|  |TAMS 0x000000070d000000, 0x000000070d000000| Untracked 
|  60|0x000000070d200000, 0x000000070d200000, 0x000000070d400000|  0%| F|  |TAMS 0x000000070d200000, 0x000000070d200000| Untracked 
|  61|0x000000070d400000, 0x000000070d400000, 0x000000070d600000|  0%| F|  |TAMS 0x000000070d400000, 0x000000070d400000| Untracked 
|  62|0x000000070d600000, 0x000000070d600000, 0x000000070d800000|  0%| F|  |TAMS 0x000000070d600000, 0x000000070d600000| Untracked 
|  63|0x000000070d800000, 0x000000070d800000, 0x000000070da00000|  0%| F|  |TAMS 0x000000070d800000, 0x000000070d800000| Untracked 
|  64|0x000000070da00000, 0x000000070da00000, 0x000000070dc00000|  0%| F|  |TAMS 0x000000070da00000, 0x000000070da00000| Untracked 
|  65|0x000000070dc00000, 0x000000070dc00000, 0x000000070de00000|  0%| F|  |TAMS 0x000000070dc00000, 0x000000070dc00000| Untracked 
|  66|0x000000070de00000, 0x000000070de00000, 0x000000070e000000|  0%| F|  |TAMS 0x000000070de00000, 0x000000070de00000| Untracked 
|  67|0x000000070e000000, 0x000000070e000000, 0x000000070e200000|  0%| F|  |TAMS 0x000000070e000000, 0x000000070e000000| Untracked 
|  68|0x000000070e200000, 0x000000070e200000, 0x000000070e400000|  0%| F|  |TAMS 0x000000070e200000, 0x000000070e200000| Untracked 
|  69|0x000000070e400000, 0x000000070e400000, 0x000000070e600000|  0%| F|  |TAMS 0x000000070e400000, 0x000000070e400000| Untracked 
|  70|0x000000070e600000, 0x000000070e600000, 0x000000070e800000|  0%| F|  |TAMS 0x000000070e600000, 0x000000070e600000| Untracked 
|  71|0x000000070e800000, 0x000000070e800000, 0x000000070ea00000|  0%| F|  |TAMS 0x000000070e800000, 0x000000070e800000| Untracked 
|  72|0x000000070ea00000, 0x000000070ea00000, 0x000000070ec00000|  0%| F|  |TAMS 0x000000070ea00000, 0x000000070ea00000| Untracked 
|  73|0x000000070ec00000, 0x000000070ec00000, 0x000000070ee00000|  0%| F|  |TAMS 0x000000070ec00000, 0x000000070ec00000| Untracked 
|  74|0x000000070ee00000, 0x000000070ee00000, 0x000000070f000000|  0%| F|  |TAMS 0x000000070ee00000, 0x000000070ee00000| Untracked 
|  75|0x000000070f000000, 0x000000070f000000, 0x000000070f200000|  0%| F|  |TAMS 0x000000070f000000, 0x000000070f000000| Untracked 
|  76|0x000000070f200000, 0x000000070f200000, 0x000000070f400000|  0%| F|  |TAMS 0x000000070f200000, 0x000000070f200000| Untracked 
|  77|0x000000070f400000, 0x000000070f400000, 0x000000070f600000|  0%| F|  |TAMS 0x000000070f400000, 0x000000070f400000| Untracked 
|  78|0x000000070f600000, 0x000000070f600000, 0x000000070f800000|  0%| F|  |TAMS 0x000000070f600000, 0x000000070f600000| Untracked 
|  79|0x000000070f800000, 0x000000070f800000, 0x000000070fa00000|  0%| F|  |TAMS 0x000000070f800000, 0x000000070f800000| Untracked 
|  80|0x000000070fa00000, 0x000000070fa00000, 0x000000070fc00000|  0%| F|  |TAMS 0x000000070fa00000, 0x000000070fa00000| Untracked 
|  81|0x000000070fc00000, 0x000000070fc00000, 0x000000070fe00000|  0%| F|  |TAMS 0x000000070fc00000, 0x000000070fc00000| Untracked 
|  82|0x000000070fe00000, 0x000000070fe00000, 0x0000000710000000|  0%| F|  |TAMS 0x000000070fe00000, 0x000000070fe00000| Untracked 
|  83|0x0000000710000000, 0x0000000710000000, 0x0000000710200000|  0%| F|  |TAMS 0x0000000710000000, 0x0000000710000000| Untracked 
|  84|0x0000000710200000, 0x0000000710200000, 0x0000000710400000|  0%| F|  |TAMS 0x0000000710200000, 0x0000000710200000| Untracked 
|  85|0x0000000710400000, 0x0000000710400000, 0x0000000710600000|  0%| F|  |TAMS 0x0000000710400000, 0x0000000710400000| Untracked 
|  86|0x0000000710600000, 0x0000000710600000, 0x0000000710800000|  0%| F|  |TAMS 0x0000000710600000, 0x0000000710600000| Untracked 
|  87|0x0000000710800000, 0x0000000710800000, 0x0000000710a00000|  0%| F|  |TAMS 0x0000000710800000, 0x0000000710800000| Untracked 
|  88|0x0000000710a00000, 0x0000000710a00000, 0x0000000710c00000|  0%| F|  |TAMS 0x0000000710a00000, 0x0000000710a00000| Untracked 
|  89|0x0000000710c00000, 0x0000000710c00000, 0x0000000710e00000|  0%| F|  |TAMS 0x0000000710c00000, 0x0000000710c00000| Untracked 
|  90|0x0000000710e00000, 0x0000000710e00000, 0x0000000711000000|  0%| F|  |TAMS 0x0000000710e00000, 0x0000000710e00000| Untracked 
|  91|0x0000000711000000, 0x0000000711000000, 0x0000000711200000|  0%| F|  |TAMS 0x0000000711000000, 0x0000000711000000| Untracked 
|  92|0x0000000711200000, 0x0000000711200000, 0x0000000711400000|  0%| F|  |TAMS 0x0000000711200000, 0x0000000711200000| Untracked 
|  93|0x0000000711400000, 0x0000000711400000, 0x0000000711600000|  0%| F|  |TAMS 0x0000000711400000, 0x0000000711400000| Untracked 
|  94|0x0000000711600000, 0x0000000711600000, 0x0000000711800000|  0%| F|  |TAMS 0x0000000711600000, 0x0000000711600000| Untracked 
|  95|0x0000000711800000, 0x0000000711800000, 0x0000000711a00000|  0%| F|  |TAMS 0x0000000711800000, 0x0000000711800000| Untracked 
|  96|0x0000000711a00000, 0x0000000711a00000, 0x0000000711c00000|  0%| F|  |TAMS 0x0000000711a00000, 0x0000000711a00000| Untracked 
|  97|0x0000000711c00000, 0x0000000711c00000, 0x0000000711e00000|  0%| F|  |TAMS 0x0000000711c00000, 0x0000000711c00000| Untracked 
|  98|0x0000000711e00000, 0x0000000711e00000, 0x0000000712000000|  0%| F|  |TAMS 0x0000000711e00000, 0x0000000711e00000| Untracked 
|  99|0x0000000712000000, 0x0000000712000000, 0x0000000712200000|  0%| F|  |TAMS 0x0000000712000000, 0x0000000712000000| Untracked 
| 100|0x0000000712200000, 0x0000000712200000, 0x0000000712400000|  0%| F|  |TAMS 0x0000000712200000, 0x0000000712200000| Untracked 
| 101|0x0000000712400000, 0x0000000712400000, 0x0000000712600000|  0%| F|  |TAMS 0x0000000712400000, 0x0000000712400000| Untracked 
| 102|0x0000000712600000, 0x0000000712600000, 0x0000000712800000|  0%| F|  |TAMS 0x0000000712600000, 0x0000000712600000| Untracked 
| 103|0x0000000712800000, 0x0000000712800000, 0x0000000712a00000|  0%| F|  |TAMS 0x0000000712800000, 0x0000000712800000| Untracked 
| 104|0x0000000712a00000, 0x0000000712a00000, 0x0000000712c00000|  0%| F|  |TAMS 0x0000000712a00000, 0x0000000712a00000| Untracked 
| 105|0x0000000712c00000, 0x0000000712c00000, 0x0000000712e00000|  0%| F|  |TAMS 0x0000000712c00000, 0x0000000712c00000| Untracked 
| 106|0x0000000712e00000, 0x0000000712e00000, 0x0000000713000000|  0%| F|  |TAMS 0x0000000712e00000, 0x0000000712e00000| Untracked 
| 107|0x0000000713000000, 0x0000000713000000, 0x0000000713200000|  0%| F|  |TAMS 0x0000000713000000, 0x0000000713000000| Untracked 
| 108|0x0000000713200000, 0x0000000713200000, 0x0000000713400000|  0%| F|  |TAMS 0x0000000713200000, 0x0000000713200000| Untracked 
| 109|0x0000000713400000, 0x0000000713400000, 0x0000000713600000|  0%| F|  |TAMS 0x0000000713400000, 0x0000000713400000| Untracked 
| 110|0x0000000713600000, 0x0000000713600000, 0x0000000713800000|  0%| F|  |TAMS 0x0000000713600000, 0x0000000713600000| Untracked 
| 111|0x0000000713800000, 0x0000000713800000, 0x0000000713a00000|  0%| F|  |TAMS 0x0000000713800000, 0x0000000713800000| Untracked 
| 112|0x0000000713a00000, 0x0000000713a00000, 0x0000000713c00000|  0%| F|  |TAMS 0x0000000713a00000, 0x0000000713a00000| Untracked 
| 113|0x0000000713c00000, 0x0000000713c00000, 0x0000000713e00000|  0%| F|  |TAMS 0x0000000713c00000, 0x0000000713c00000| Untracked 
| 114|0x0000000713e00000, 0x0000000713fa3f90, 0x0000000714000000| 82%| S|CS|TAMS 0x0000000713e00000, 0x0000000713e00000| Complete 
| 115|0x0000000714000000, 0x0000000714000000, 0x0000000714200000|  0%| F|  |TAMS 0x0000000714000000, 0x0000000714000000| Untracked 
| 116|0x0000000714200000, 0x0000000714200000, 0x0000000714400000|  0%| F|  |TAMS 0x0000000714200000, 0x0000000714200000| Untracked 
| 117|0x0000000714400000, 0x0000000714400000, 0x0000000714600000|  0%| F|  |TAMS 0x0000000714400000, 0x0000000714400000| Untracked 
| 118|0x0000000714600000, 0x0000000714600000, 0x0000000714800000|  0%| F|  |TAMS 0x0000000714600000, 0x0000000714600000| Untracked 
| 119|0x0000000714800000, 0x0000000714800000, 0x0000000714a00000|  0%| F|  |TAMS 0x0000000714800000, 0x0000000714800000| Untracked 
| 120|0x0000000714a00000, 0x0000000714a00000, 0x0000000714c00000|  0%| F|  |TAMS 0x0000000714a00000, 0x0000000714a00000| Untracked 
| 121|0x0000000714c00000, 0x0000000714c00000, 0x0000000714e00000|  0%| F|  |TAMS 0x0000000714c00000, 0x0000000714c00000| Untracked 
| 122|0x0000000714e00000, 0x0000000714e00000, 0x0000000715000000|  0%| F|  |TAMS 0x0000000714e00000, 0x0000000714e00000| Untracked 
| 123|0x0000000715000000, 0x0000000715000000, 0x0000000715200000|  0%| F|  |TAMS 0x0000000715000000, 0x0000000715000000| Untracked 
| 124|0x0000000715200000, 0x0000000715200800, 0x0000000715400000|  0%| E|  |TAMS 0x0000000715200000, 0x0000000715200000| Complete 
| 125|0x0000000715400000, 0x0000000715600000, 0x0000000715600000|100%| E|CS|TAMS 0x0000000715400000, 0x0000000715400000| Complete 

Card table byte_map: [0x0000019eea650000,0x0000019eeae30000] _byte_map_base: 0x0000019ee6e23000

Marking Bits (Prev, Next): (CMBitMap*) 0x0000019ed2b39420, (CMBitMap*) 0x0000019ed2b39460
 Prev Bits: [0x0000019eeb610000, 0x0000019eef4a8000)
 Next Bits: [0x0000019eef4b0000, 0x0000019ef3348000)

Polling page: 0x0000019ed2280000

Metaspace:

Usage:
  Non-class:      1.90 MB used.
      Class:    180.95 KB used.
       Both:      2.08 MB used.

Virtual space:
  Non-class space:       64.00 MB reserved,       2.00 MB (  3%) committed,  1 nodes.
      Class space:        1.00 GB reserved,     256.00 KB ( <1%) committed,  1 nodes.
             Both:        1.06 GB reserved,       2.25 MB ( <1%) committed. 

Chunk freelists:
   Non-Class:  11.24 MB
       Class:  15.65 MB
        Both:  26.89 MB

MaxMetaspaceSize: unlimited
CompressedClassSpaceSize: 1.00 GB
Initial GC threshold: 21.00 MB
Current GC threshold: 21.00 MB
CDS: on
MetaspaceReclaimPolicy: balanced
 - commit_granule_bytes: 65536.
 - commit_granule_words: 8192.
 - virtual_space_node_default_size: 8388608.
 - enlarge_chunks_in_place: 1.
 - new_chunks_are_fully_committed: 0.
 - uncommit_free_chunks: 1.
 - use_allocation_guard: 0.
 - handle_deallocations: 1.


Internal statistics:

num_allocs_failed_limit: 0.
num_arena_births: 32.
num_arena_deaths: 0.
num_vsnodes_births: 2.
num_vsnodes_deaths: 0.
num_space_committed: 36.
num_space_uncommitted: 0.
num_chunks_returned_to_freelist: 0.
num_chunks_taken_from_freelist: 72.
num_chunk_merges: 0.
num_chunk_splits: 52.
num_chunks_enlarged: 37.
num_inconsistent_stats: 0.

CodeHeap 'non-profiled nmethods': size=119168Kb used=529Kb max_used=529Kb free=118638Kb
 bounds [0x0000019ee2180000, 0x0000019ee23f0000, 0x0000019ee95e0000]
CodeHeap 'profiled nmethods': size=119104Kb used=1380Kb max_used=1380Kb free=117724Kb
 bounds [0x0000019eda5e0000, 0x0000019eda850000, 0x0000019ee1a30000]
CodeHeap 'non-nmethods': size=7488Kb used=1158Kb max_used=2905Kb free=6329Kb
 bounds [0x0000019ee1a30000, 0x0000019ee1d10000, 0x0000019ee2180000]
 total_blobs=1273 nmethods=836 adapters=350
 compilation: enabled
              stopped_count=0, restarted_count=0
 full_count=0

Compilation events (20 events):
Event: 5.753 Thread 0x0000019ef640d6a0  823       3       java.lang.invoke.LambdaForm$MH/0x0000019e81019000::invoke (27 bytes)
Event: 5.753 Thread 0x0000019ef640d6a0 nmethod 823 0x0000019eda735390 code [0x0000019eda735540, 0x0000019eda7358f8]
Event: 5.753 Thread 0x0000019ef640d6a0  824       3       java.lang.invoke.DirectMethodHandle$Holder::invokeStatic (17 bytes)
Event: 5.754 Thread 0x0000019ef640d6a0 nmethod 824 0x0000019eda735a10 code [0x0000019eda735be0, 0x0000019eda735fd8]
Event: 5.754 Thread 0x0000019ef640d6a0  825       3       java.lang.StringConcatHelper::mix (11 bytes)
Event: 5.754 Thread 0x0000019ef640d6a0 nmethod 825 0x0000019eda736110 code [0x0000019eda7362c0, 0x0000019eda736538]
Event: 5.754 Thread 0x0000019ef640d6a0  826       3       java.lang.invoke.DirectMethodHandle$Holder::invokeStatic (14 bytes)
Event: 5.754 Thread 0x0000019ef640d6a0 nmethod 826 0x0000019eda736690 code [0x0000019eda736860, 0x0000019eda736cb8]
Event: 6.820 Thread 0x0000019ef640d6a0  827       3       java.lang.invoke.LambdaForm$MH/0x0000019e81018400::invoke (32 bytes)
Event: 6.820 Thread 0x0000019ef640d6a0 nmethod 827 0x0000019eda736e10 code [0x0000019eda736fe0, 0x0000019eda7374b8]
Event: 6.820 Thread 0x0000019ef640d6a0  828       3       java.lang.invoke.DirectMethodHandle$Holder::invokeStatic (21 bytes)
Event: 6.820 Thread 0x0000019ef640d6a0 nmethod 828 0x0000019eda737610 code [0x0000019eda7377e0, 0x0000019eda737cf8]
Event: 6.820 Thread 0x0000019ef640d6a0  829       3       java.lang.StringConcatHelper::prepend (22 bytes)
Event: 6.821 Thread 0x0000019ef640d6a0 nmethod 829 0x0000019eda737e10 code [0x0000019eda737fe0, 0x0000019eda738268]
Event: 6.821 Thread 0x0000019ef640d6a0  830       3       java.lang.StringConcatHelper::prepend (30 bytes)
Event: 6.821 Thread 0x0000019ef640d6a0 nmethod 830 0x0000019eda738390 code [0x0000019eda738540, 0x0000019eda738718]
Event: 6.821 Thread 0x0000019ef640d6a0  831       3       java.lang.invoke.DirectMethodHandle$Holder::invokeStatic (17 bytes)
Event: 6.821 Thread 0x0000019ef640d6a0 nmethod 831 0x0000019eda738810 code [0x0000019eda7389e0, 0x0000019eda738ef8]
Event: 9.729 Thread 0x0000019ef64097e0  836       4       java.lang.ref.Reference::refersToImpl (6 bytes)
Event: 9.729 Thread 0x0000019ef64097e0 nmethod 836 0x0000019ee2204190 code [0x0000019ee2204300, 0x0000019ee2204398]

GC Heap History (2 events):
Event: 0.512 GC heap before
{Heap before GC invocations=0 (full 0):
 garbage-first heap   total 258048K, used 22528K [0x0000000705a00000, 0x0000000800000000)
  region size 2048K, 11 young (22528K), 0 survivors (0K)
 Metaspace       used 1747K, committed 1856K, reserved 1114112K
  class space    used 130K, committed 192K, reserved 1048576K
}
Event: 0.516 GC heap after
{Heap after GC invocations=1 (full 0):
 garbage-first heap   total 258048K, used 1679K [0x0000000705a00000, 0x0000000800000000)
  region size 2048K, 1 young (2048K), 1 survivors (2048K)
 Metaspace       used 1747K, committed 1856K, reserved 1114112K
  class space    used 130K, committed 192K, reserved 1048576K
}

Dll operation events (20 events):
Event: 0.330 Loaded shared library C:\Program Files (x86)\Windows Kits\10\Redist\ucrt\DLLs\x64\api-ms-win-core-rtlsupport-l1-1-0.dll
Event: 0.339 Loaded shared library C:\Program Files (x86)\Windows Kits\10\Redist\ucrt\DLLs\x64\api-ms-win-core-processthreads-l1-1-1.dll
Event: 0.347 Loaded shared library C:\Program Files (x86)\Windows Kits\10\Redist\ucrt\DLLs\x64\api-ms-win-core-file-l1-2-0.dll
Event: 0.357 Loaded shared library C:\Program Files (x86)\Windows Kits\10\Redist\ucrt\DLLs\x64\api-ms-win-core-profile-l1-1-0.dll
Event: 0.366 Loaded shared library C:\Program Files (x86)\Windows Kits\10\Redist\ucrt\DLLs\x64\api-ms-win-core-memory-l1-1-0.dll
Event: 0.375 Loaded shared library C:\Program Files (x86)\Windows Kits\10\Redist\ucrt\DLLs\x64\api-ms-win-core-util-l1-1-0.dll
Event: 0.385 Loaded shared library C:\Program Files (x86)\Windows Kits\10\Redist\ucrt\DLLs\x64\api-ms-win-core-interlocked-l1-1-0.dll
Event: 0.396 Loaded shared library C:\Program Files (x86)\Windows Kits\10\Redist\ucrt\DLLs\x64\ucrtbase.dll
Event: 0.405 Loaded shared library C:\Users\luczu\.jdks\corretto-17.0.10\bin\vcruntime140.dll
Event: 0.413 Loaded shared library C:\Users\luczu\.jdks\corretto-17.0.10\bin\vcruntime140_1.dll
Event: 0.422 Loaded shared library C:\Users\luczu\.jdks\corretto-17.0.10\bin\msvcp140.dll
Event: 0.432 Loaded shared library C:\Windows\System32\msvcp140_1.dll
Event: 0.444 Loaded shared library C:\Windows\System32\concrt140.dll
Event: 0.454 Loaded shared library C:\Windows\System32\vcomp140.dll
Event: 0.470 Loaded shared library C:\Windows\System32\winmm.dll
Event: 0.474 Loaded shared library C:\Windows\System32\opengl32.dll
Event: 0.475 Loaded shared library C:\Windows\System32\user32.dll
Event: 0.477 Loaded shared library C:\Windows\System32\shell32.dll
Event: 0.478 Loaded shared library C:\Windows\System32\gdi32.dll
Event: 0.498 Loaded shared library C:\Users\luczu\.javacpp\cache\jaylib-4.5.0-0.jar\com\raylib\windows-x86_64\jniRaylib.dll

Deoptimization events (20 events):
Event: 0.465 Thread 0x0000019ed2acc520 DEOPT PACKING pc=0x0000019ee21a2eec sp=0x00000097d89fd2f0
Event: 0.465 Thread 0x0000019ed2acc520 DEOPT UNPACKING pc=0x0000019ee1a8a1a3 sp=0x00000097d89fd278 mode 2
Event: 0.470 Thread 0x0000019ed2acc520 Uncommon trap: trap_request=0xffffff45 fr.pc=0x0000019ee21a69e4 relative=0x00000000000001c4
Event: 0.470 Thread 0x0000019ed2acc520 Uncommon trap: reason=unstable_if action=reinterpret pc=0x0000019ee21a69e4 method=sun.net.www.ParseUtil.firstEncodeIndex(Ljava/lang/String;)I @ 51 c2
Event: 0.470 Thread 0x0000019ed2acc520 DEOPT PACKING pc=0x0000019ee21a69e4 sp=0x00000097d89fdb50
Event: 0.470 Thread 0x0000019ed2acc520 DEOPT UNPACKING pc=0x0000019ee1a8a1a3 sp=0x00000097d89fdad8 mode 2
Event: 0.481 Thread 0x0000019ed2acc520 Uncommon trap: trap_request=0xffffff45 fr.pc=0x0000019ee21bdd04 relative=0x0000000000001364
Event: 0.481 Thread 0x0000019ed2acc520 Uncommon trap: reason=unstable_if action=reinterpret pc=0x0000019ee21bdd04 method=java.net.URL.<init>(Ljava/net/URL;Ljava/lang/String;Ljava/net/URLStreamHandler;)V @ 273 c2
Event: 0.481 Thread 0x0000019ed2acc520 DEOPT PACKING pc=0x0000019ee21bdd04 sp=0x00000097d89fda90
Event: 0.481 Thread 0x0000019ed2acc520 DEOPT UNPACKING pc=0x0000019ee1a8a1a3 sp=0x00000097d89fda20 mode 2
Event: 0.492 Thread 0x0000019ed2acc520 Uncommon trap: trap_request=0xffffff45 fr.pc=0x0000019ee21d7720 relative=0x0000000000003f40
Event: 0.492 Thread 0x0000019ed2acc520 Uncommon trap: reason=unstable_if action=reinterpret pc=0x0000019ee21d7720 method=sun.net.www.ParseUtil.firstEncodeIndex(Ljava/lang/String;)I @ 51 c2
Event: 0.492 Thread 0x0000019ed2acc520 DEOPT PACKING pc=0x0000019ee21d7720 sp=0x00000097d89fcc00
Event: 0.492 Thread 0x0000019ed2acc520 DEOPT UNPACKING pc=0x0000019ee1a8a1a3 sp=0x00000097d89fc920 mode 2
Event: 0.501 Thread 0x0000019ed2acc520 DEOPT PACKING pc=0x0000019eda6cc4c8 sp=0x00000097d89fc540
Event: 0.501 Thread 0x0000019ed2acc520 DEOPT UNPACKING pc=0x0000019ee1a8ace3 sp=0x00000097d89fba58 mode 0
Event: 0.519 Thread 0x0000019ed2acc520 Uncommon trap: trap_request=0xffffff45 fr.pc=0x0000019ee21b53e0 relative=0x00000000000000e0
Event: 0.519 Thread 0x0000019ed2acc520 Uncommon trap: reason=unstable_if action=reinterpret pc=0x0000019ee21b53e0 method=java.lang.ref.SoftReference.get()Ljava/lang/Object; @ 17 c2
Event: 0.519 Thread 0x0000019ed2acc520 DEOPT PACKING pc=0x0000019ee21b53e0 sp=0x00000097d89fc6a0
Event: 0.519 Thread 0x0000019ed2acc520 DEOPT UNPACKING pc=0x0000019ee1a8a1a3 sp=0x00000097d89fc658 mode 2

Classes unloaded (0 events):
No events

Classes redefined (0 events):
No events

Internal exceptions (7 events):
Event: 0.083 Thread 0x0000019ed2acc520 Exception <a 'java/lang/NoSuchMethodError'{0x00000007152812a0}: 'int java.lang.invoke.DirectMethodHandle$Holder.invokeStaticInit(java.lang.Object, java.lang.Object, java.lang.Object, java.lang.Object)'> (0x00000007152812a0) 
thrown [s\src\hotspot\share\interpreter\linkResolver.cpp, line 759]
Event: 0.084 Thread 0x0000019ed2acc520 Exception <a 'java/lang/NoSuchMethodError'{0x000000071528bfb0}: 'java.lang.Object java.lang.invoke.DirectMethodHandle$Holder.invokeInterface(java.lang.Object, java.lang.Object)'> (0x000000071528bfb0) 
thrown [s\src\hotspot\share\interpreter\linkResolver.cpp, line 759]
Event: 0.085 Thread 0x0000019ed2acc520 Exception <a 'java/lang/IncompatibleClassChangeError'{0x000000071528f6c8}: Found class java.lang.Object, but interface was expected> (0x000000071528f6c8) 
thrown [s\src\hotspot\share\interpreter\linkResolver.cpp, line 826]
Event: 0.085 Thread 0x0000019ed2acc520 Exception <a 'java/lang/NoSuchMethodError'{0x0000000715292870}: 'void java.lang.invoke.DirectMethodHandle$Holder.invokeStatic(java.lang.Object, java.lang.Object)'> (0x0000000715292870) 
thrown [s\src\hotspot\share\interpreter\linkResolver.cpp, line 759]
Event: 0.086 Thread 0x0000019ed2acc520 Exception <a 'java/lang/NoSuchMethodError'{0x0000000715295ee0}: 'void java.lang.invoke.DirectMethodHandle$Holder.invokeStaticInit(java.lang.Object, java.lang.Object)'> (0x0000000715295ee0) 
thrown [s\src\hotspot\share\interpreter\linkResolver.cpp, line 759]
Event: 0.086 Thread 0x0000019ed2acc520 Exception <a 'java/lang/NoSuchMethodError'{0x000000071529c5c8}: 'int java.lang.invoke.DirectMethodHandle$Holder.invokeStaticInit(java.lang.Object, java.lang.Object)'> (0x000000071529c5c8) 
thrown [s\src\hotspot\share\interpreter\linkResolver.cpp, line 759]
Event: 0.495 Thread 0x0000019ed2acc520 Exception <a 'java/lang/NoSuchMethodError'{0x00000007140e9230}: 'java.lang.Object java.lang.invoke.DirectMethodHandle$Holder.invokeStatic(java.lang.Object, int, java.lang.Object)'> (0x00000007140e9230) 
thrown [s\src\hotspot\share\interpreter\linkResolver.cpp, line 759]

VM Operations (10 events):
Event: 0.063 Executing VM operation: HandshakeAllThreads
Event: 0.063 Executing VM operation: HandshakeAllThreads done
Event: 0.116 Executing VM operation: HandshakeAllThreads
Event: 0.116 Executing VM operation: HandshakeAllThreads done
Event: 0.512 Executing VM operation: G1CollectForAllocation
Event: 0.516 Executing VM operation: G1CollectForAllocation done
Event: 1.517 Executing VM operation: Cleanup
Event: 1.517 Executing VM operation: Cleanup done
Event: 3.518 Executing VM operation: Cleanup
Event: 3.518 Executing VM operation: Cleanup done

Events (20 events):
Event: 0.493 loading class java/time/DayOfWeek
Event: 0.493 loading class java/time/DayOfWeek done
Event: 0.493 loading class java/time/zone/ZoneOffsetTransitionRule$TimeDefinition
Event: 0.493 loading class java/time/zone/ZoneOffsetTransitionRule$TimeDefinition done
Event: 0.493 loading class java/time/zone/ZoneOffsetTransition
Event: 0.493 loading class java/time/zone/ZoneOffsetTransition done
Event: 0.494 loading class java/time/temporal/TemporalAdjusters
Event: 0.494 loading class java/time/temporal/TemporalAdjusters done
Event: 0.496 loading class java/time/zone/ZoneOffsetTransitionRule$1
Event: 0.496 loading class java/time/zone/ZoneOffsetTransitionRule$1 done
Event: 0.496 loading class java/util/concurrent/TimeUnit$1
Event: 0.496 loading class java/util/concurrent/TimeUnit$1 done
Event: 0.507 loading class java/lang/NumberFormatException
Event: 0.507 loading class java/lang/NumberFormatException done
Event: 0.508 Thread 0x0000019efb424430 Thread added: 0x0000019efb424430
Event: 1.205 Thread 0x0000019efb31e600 Thread exited: 0x0000019efb31e600
Event: 1.205 Thread 0x0000019efb059520 Thread exited: 0x0000019efb059520
Event: 1.206 Thread 0x0000019efcf6f4b0 Thread exited: 0x0000019efcf6f4b0
Event: 3.389 Thread 0x0000019efc31d010 Thread exited: 0x0000019efc31d010
Event: 5.736 Thread 0x0000019ef64c8710 Thread exited: 0x0000019ef64c8710


Dynamic libraries:
0x00007ff653530000 - 0x00007ff65353e000 	C:\Users\luczu\.jdks\corretto-17.0.10\bin\java.exe
0x00007ffb51d50000 - 0x00007ffb51f67000 	C:\WINDOWS\SYSTEM32\ntdll.dll
0x00007ffb51860000 - 0x00007ffb51924000 	C:\WINDOWS\System32\KERNEL32.DLL
0x00007ffb4f550000 - 0x00007ffb4f8f6000 	C:\WINDOWS\System32\KERNELBASE.dll
0x00007ffb4f390000 - 0x00007ffb4f4a1000 	C:\WINDOWS\System32\ucrtbase.dll
0x00007ffae90a0000 - 0x00007ffae90b7000 	C:\Users\luczu\.jdks\corretto-17.0.10\bin\jli.dll
0x00007ffae90c0000 - 0x00007ffae90db000 	C:\Users\luczu\.jdks\corretto-17.0.10\bin\VCRUNTIME140.dll
0x00007ffb519e0000 - 0x00007ffb51b8e000 	C:\WINDOWS\System32\USER32.dll
0x00007ffb4f2a0000 - 0x00007ffb4f2c6000 	C:\WINDOWS\System32\win32u.dll
0x00007ffb51990000 - 0x00007ffb519b9000 	C:\WINDOWS\System32\GDI32.dll
0x00007ffb25b40000 - 0x00007ffb25dd3000 	C:\WINDOWS\WinSxS\amd64_microsoft.windows.common-controls_6595b64144ccf1df_6.0.22621.2506_none_270c5ae97388e100\COMCTL32.dll
0x00007ffb4f090000 - 0x00007ffb4f1a8000 	C:\WINDOWS\System32\gdi32full.dll
0x00007ffb50f30000 - 0x00007ffb50fd7000 	C:\WINDOWS\System32\msvcrt.dll
0x00007ffb4f4b0000 - 0x00007ffb4f54a000 	C:\WINDOWS\System32\msvcp_win.dll
0x00007ffb51820000 - 0x00007ffb51851000 	C:\WINDOWS\System32\IMM32.DLL
0x00007ffae9130000 - 0x00007ffae913c000 	C:\Users\luczu\.jdks\corretto-17.0.10\bin\vcruntime140_1.dll
0x00007ffae9170000 - 0x00007ffae91fd000 	C:\Users\luczu\.jdks\corretto-17.0.10\bin\msvcp140.dll
0x00007ffa72f60000 - 0x00007ffa73bc2000 	C:\Users\luczu\.jdks\corretto-17.0.10\bin\server\jvm.dll
0x00007ffb4fc50000 - 0x00007ffb4fd03000 	C:\WINDOWS\System32\ADVAPI32.dll
0x00007ffb51210000 - 0x00007ffb512b8000 	C:\WINDOWS\System32\sechost.dll
0x00007ffb4fa70000 - 0x00007ffb4fa98000 	C:\WINDOWS\System32\bcrypt.dll
0x00007ffb50fe0000 - 0x00007ffb510f7000 	C:\WINDOWS\System32\RPCRT4.dll
0x00007ffb4df10000 - 0x00007ffb4df5d000 	C:\WINDOWS\SYSTEM32\POWRPROF.dll
0x00007ffb44c00000 - 0x00007ffb44c34000 	C:\WINDOWS\SYSTEM32\WINMM.dll
0x00007ffb04a40000 - 0x00007ffb04a49000 	C:\WINDOWS\SYSTEM32\WSOCK32.dll
0x00007ffb44e30000 - 0x00007ffb44e3a000 	C:\WINDOWS\SYSTEM32\VERSION.dll
0x00007ffb51190000 - 0x00007ffb51201000 	C:\WINDOWS\System32\WS2_32.dll
0x00007ffb4def0000 - 0x00007ffb4df03000 	C:\WINDOWS\SYSTEM32\UMPDC.dll
0x00007ffb4e110000 - 0x00007ffb4e128000 	C:\WINDOWS\SYSTEM32\kernel.appcore.dll
0x00007ffaf34c0000 - 0x00007ffaf34ca000 	C:\Users\luczu\.jdks\corretto-17.0.10\bin\jimage.dll
0x00007ffb4c840000 - 0x00007ffb4ca73000 	C:\WINDOWS\SYSTEM32\DBGHELP.DLL
0x00007ffb4fdc0000 - 0x00007ffb50149000 	C:\WINDOWS\System32\combase.dll
0x00007ffb514d0000 - 0x00007ffb515a7000 	C:\WINDOWS\System32\OLEAUT32.dll
0x00007ffb30770000 - 0x00007ffb307a2000 	C:\WINDOWS\SYSTEM32\dbgcore.DLL
0x00007ffb4f1b0000 - 0x00007ffb4f22a000 	C:\WINDOWS\System32\bcryptPrimitives.dll
0x00007ffa79bf0000 - 0x00007ffa79c15000 	C:\Users\luczu\.jdks\corretto-17.0.10\bin\java.dll
0x00007ffa72dd0000 - 0x00007ffa72ea7000 	C:\Users\luczu\.jdks\corretto-17.0.10\bin\jsvml.dll
0x00007ffb506d0000 - 0x00007ffb50f2a000 	C:\WINDOWS\System32\SHELL32.dll
0x00007ffb4cfa0000 - 0x00007ffb4d896000 	C:\WINDOWS\SYSTEM32\windows.storage.dll
0x00007ffb4ce60000 - 0x00007ffb4cf9e000 	C:\WINDOWS\SYSTEM32\wintypes.dll
0x00007ffb505d0000 - 0x00007ffb506c3000 	C:\WINDOWS\System32\SHCORE.dll
0x00007ffb4fd10000 - 0x00007ffb4fd6e000 	C:\WINDOWS\System32\shlwapi.dll
0x00007ffb4efc0000 - 0x00007ffb4efe6000 	C:\WINDOWS\SYSTEM32\profapi.dll
0x00007ffaf34a0000 - 0x00007ffaf34b9000 	C:\Users\luczu\.jdks\corretto-17.0.10\bin\net.dll
0x00007ffb45740000 - 0x00007ffb45877000 	C:\WINDOWS\SYSTEM32\WINHTTP.dll
0x00007ffb4e630000 - 0x00007ffb4e699000 	C:\WINDOWS\system32\mswsock.dll
0x00007ffa79bd0000 - 0x00007ffa79be6000 	C:\Users\luczu\.jdks\corretto-17.0.10\bin\nio.dll
0x00007ffa79bb0000 - 0x00007ffa79bc8000 	C:\Users\luczu\.jdks\corretto-17.0.10\bin\zip.dll
0x0000019ed29f0000 - 0x0000019ed29f3000 	C:\Program Files (x86)\Windows Kits\10\Redist\ucrt\DLLs\x64\api-ms-win-crt-locale-l1-1-0.dll
0x0000019ed2a00000 - 0x0000019ed2a04000 	C:\Program Files (x86)\Windows Kits\10\Redist\ucrt\DLLs\x64\api-ms-win-crt-string-l1-1-0.dll
0x0000019ed2a10000 - 0x0000019ed2a14000 	C:\Program Files (x86)\Windows Kits\10\Redist\ucrt\DLLs\x64\api-ms-win-crt-stdio-l1-1-0.dll
0x0000019ed2a20000 - 0x0000019ed2a25000 	C:\Program Files (x86)\Windows Kits\10\Redist\ucrt\DLLs\x64\api-ms-win-crt-math-l1-1-0.dll
0x0000019ed2a30000 - 0x0000019ed2a33000 	C:\Program Files (x86)\Windows Kits\10\Redist\ucrt\DLLs\x64\api-ms-win-crt-heap-l1-1-0.dll
0x0000019ed2a40000 - 0x0000019ed2a44000 	C:\Program Files (x86)\Windows Kits\10\Redist\ucrt\DLLs\x64\api-ms-win-crt-runtime-l1-1-0.dll
0x0000019ed2a50000 - 0x0000019ed2a54000 	C:\Program Files (x86)\Windows Kits\10\Redist\ucrt\DLLs\x64\api-ms-win-crt-convert-l1-1-0.dll
0x0000019ed2a60000 - 0x0000019ed2a63000 	C:\Program Files (x86)\Windows Kits\10\Redist\ucrt\DLLs\x64\api-ms-win-crt-environment-l1-1-0.dll
0x0000019ed2a70000 - 0x0000019ed2a73000 	C:\Program Files (x86)\Windows Kits\10\Redist\ucrt\DLLs\x64\api-ms-win-crt-time-l1-1-0.dll
0x0000019ef6910000 - 0x0000019ef6913000 	C:\Program Files (x86)\Windows Kits\10\Redist\ucrt\DLLs\x64\api-ms-win-crt-filesystem-l1-1-0.dll
0x0000019ef6920000 - 0x0000019ef6923000 	C:\Program Files (x86)\Windows Kits\10\Redist\ucrt\DLLs\x64\api-ms-win-crt-utility-l1-1-0.dll
0x0000019ef6930000 - 0x0000019ef6935000 	C:\Program Files (x86)\Windows Kits\10\Redist\ucrt\DLLs\x64\api-ms-win-crt-multibyte-l1-1-0.dll
0x0000019ef6940000 - 0x0000019ef6943000 	C:\Program Files (x86)\Windows Kits\10\Redist\ucrt\DLLs\x64\api-ms-win-crt-conio-l1-1-0.dll
0x0000019ef6950000 - 0x0000019ef695f000 	C:\Program Files (x86)\Windows Kits\10\Redist\ucrt\DLLs\x64\api-ms-win-crt-private-l1-1-0.dll
0x0000019ef6960000 - 0x0000019ef6963000 	C:\Program Files (x86)\Windows Kits\10\Redist\ucrt\DLLs\x64\api-ms-win-crt-process-l1-1-0.dll
0x0000019ef6970000 - 0x0000019ef6973000 	C:\Program Files\Microsoft\jdk-11.0.12.7-hotspot\bin\api-ms-win-core-console-l1-2-0.dll
0x0000019ef6980000 - 0x0000019ef6983000 	C:\Program Files (x86)\Windows Kits\10\Redist\ucrt\DLLs\x64\api-ms-win-core-string-l1-1-0.dll
0x0000019ef6990000 - 0x0000019ef6993000 	C:\Program Files (x86)\Windows Kits\10\Redist\ucrt\DLLs\x64\api-ms-win-core-errorhandling-l1-1-0.dll
0x0000019ef69a0000 - 0x0000019ef69a3000 	C:\Program Files (x86)\Windows Kits\10\Redist\ucrt\DLLs\x64\api-ms-win-core-timezone-l1-1-0.dll
0x0000019ef69b0000 - 0x0000019ef69b4000 	C:\Program Files (x86)\Windows Kits\10\Redist\ucrt\DLLs\x64\api-ms-win-core-file-l1-1-0.dll
0x0000019ef69c0000 - 0x0000019ef69c3000 	C:\Program Files (x86)\Windows Kits\10\Redist\ucrt\DLLs\x64\api-ms-win-core-namedpipe-l1-1-0.dll
0x0000019ef69d0000 - 0x0000019ef69d3000 	C:\Program Files (x86)\Windows Kits\10\Redist\ucrt\DLLs\x64\api-ms-win-core-handle-l1-1-0.dll
0x0000019ef69e0000 - 0x0000019ef69e3000 	C:\Program Files (x86)\Windows Kits\10\Redist\ucrt\DLLs\x64\api-ms-win-core-file-l2-1-0.dll
0x0000019ef69f0000 - 0x0000019ef69f3000 	C:\Program Files (x86)\Windows Kits\10\Redist\ucrt\DLLs\x64\api-ms-win-core-heap-l1-1-0.dll
0x0000019ef6a00000 - 0x0000019ef6a03000 	C:\Program Files (x86)\Windows Kits\10\Redist\ucrt\DLLs\x64\api-ms-win-core-libraryloader-l1-1-0.dll
0x0000019ef6a10000 - 0x0000019ef6a13000 	C:\Program Files (x86)\Windows Kits\10\Redist\ucrt\DLLs\x64\api-ms-win-core-synch-l1-1-0.dll
0x0000019ef6a20000 - 0x0000019ef6a23000 	C:\Program Files (x86)\Windows Kits\10\Redist\ucrt\DLLs\x64\api-ms-win-core-processthreads-l1-1-0.dll
0x0000019ef6a30000 - 0x0000019ef6a33000 	C:\Program Files (x86)\Windows Kits\10\Redist\ucrt\DLLs\x64\api-ms-win-core-processenvironment-l1-1-0.dll
0x0000019ef6a40000 - 0x0000019ef6a43000 	C:\Program Files (x86)\Windows Kits\10\Redist\ucrt\DLLs\x64\api-ms-win-core-datetime-l1-1-0.dll
0x0000019ef6a50000 - 0x0000019ef6a53000 	C:\Program Files (x86)\Windows Kits\10\Redist\ucrt\DLLs\x64\api-ms-win-core-localization-l1-2-0.dll
0x0000019ef6a60000 - 0x0000019ef6a63000 	C:\Program Files (x86)\Windows Kits\10\Redist\ucrt\DLLs\x64\api-ms-win-core-sysinfo-l1-1-0.dll
0x0000019ef6a70000 - 0x0000019ef6a73000 	C:\Program Files (x86)\Windows Kits\10\Redist\ucrt\DLLs\x64\api-ms-win-core-synch-l1-2-0.dll
0x0000019ef6a80000 - 0x0000019ef6a83000 	C:\Program Files (x86)\Windows Kits\10\Redist\ucrt\DLLs\x64\api-ms-win-core-console-l1-1-0.dll
0x0000019ef6a90000 - 0x0000019ef6a93000 	C:\Program Files (x86)\Windows Kits\10\Redist\ucrt\DLLs\x64\api-ms-win-core-debug-l1-1-0.dll
0x0000019ef6aa0000 - 0x0000019ef6aa3000 	C:\Program Files (x86)\Windows Kits\10\Redist\ucrt\DLLs\x64\api-ms-win-core-rtlsupport-l1-1-0.dll
0x0000019ef6ab0000 - 0x0000019ef6ab3000 	C:\Program Files (x86)\Windows Kits\10\Redist\ucrt\DLLs\x64\api-ms-win-core-processthreads-l1-1-1.dll
0x0000019ef6ac0000 - 0x0000019ef6ac3000 	C:\Program Files (x86)\Windows Kits\10\Redist\ucrt\DLLs\x64\api-ms-win-core-file-l1-2-0.dll
0x0000019ef6ad0000 - 0x0000019ef6ad3000 	C:\Program Files (x86)\Windows Kits\10\Redist\ucrt\DLLs\x64\api-ms-win-core-profile-l1-1-0.dll
0x0000019ef6ae0000 - 0x0000019ef6ae3000 	C:\Program Files (x86)\Windows Kits\10\Redist\ucrt\DLLs\x64\api-ms-win-core-memory-l1-1-0.dll
0x0000019ef6af0000 - 0x0000019ef6af3000 	C:\Program Files (x86)\Windows Kits\10\Redist\ucrt\DLLs\x64\api-ms-win-core-util-l1-1-0.dll
0x0000019ef6b00000 - 0x0000019ef6b03000 	C:\Program Files (x86)\Windows Kits\10\Redist\ucrt\DLLs\x64\api-ms-win-core-interlocked-l1-1-0.dll
0x00007ffac0b10000 - 0x00007ffac0c02000 	C:\Program Files (x86)\Windows Kits\10\Redist\ucrt\DLLs\x64\ucrtbase.dll
0x00007ffb469b0000 - 0x00007ffb469b9000 	C:\Windows\System32\msvcp140_1.dll
0x00007ffb113e0000 - 0x00007ffb1142e000 	C:\Windows\System32\concrt140.dll
0x00007ffb0e030000 - 0x00007ffb0e061000 	C:\Windows\System32\vcomp140.dll
0x00007ffb1a5e0000 - 0x00007ffb1a6e0000 	C:\Windows\System32\opengl32.dll
0x00007ffb1aad0000 - 0x00007ffb1aafd000 	C:\WINDOWS\SYSTEM32\GLU32.dll
0x00007ffb4c1e0000 - 0x00007ffb4c216000 	C:\WINDOWS\SYSTEM32\dxcore.dll
0x00007ffa703f0000 - 0x00007ffa7060d000 	C:\Users\luczu\.javacpp\cache\jaylib-4.5.0-0.jar\com\raylib\windows-x86_64\jniRaylib.dll
0x00007ffab4c10000 - 0x00007ffab4c56000 	C:\WINDOWS\SYSTEM32\dinput8.dll
0x00007ffb0f700000 - 0x00007ffb0f711000 	C:\WINDOWS\SYSTEM32\xinput1_4.dll
0x00007ffb4ed80000 - 0x00007ffb4edce000 	C:\WINDOWS\SYSTEM32\cfgmgr32.dll
0x00007ffb4ed50000 - 0x00007ffb4ed7c000 	C:\WINDOWS\SYSTEM32\DEVOBJ.dll
0x00007ffb4c430000 - 0x00007ffb4c45b000 	C:\WINDOWS\SYSTEM32\dwmapi.dll
0x00007ffb2c460000 - 0x00007ffb2c66a000 	C:\WINDOWS\SYSTEM32\inputhost.dll
0x00007ffb49560000 - 0x00007ffb49694000 	C:\WINDOWS\SYSTEM32\CoreMessaging.dll
0x00007ffb49940000 - 0x00007ffb499eb000 	C:\WINDOWS\system32\uxtheme.dll
0x00007ffb4e8a0000 - 0x00007ffb4e8ac000 	C:\WINDOWS\SYSTEM32\CRYPTBASE.DLL
0x00007ffb512d0000 - 0x00007ffb51420000 	C:\WINDOWS\System32\MSCTF.dll
0x00007ffb4d8a0000 - 0x00007ffb4d8ae000 	C:\WINDOWS\SYSTEM32\HID.DLL
0x00007ffb50150000 - 0x00007ffb505c4000 	C:\WINDOWS\System32\SETUPAPI.DLL
0x00007ffb4f230000 - 0x00007ffb4f29b000 	C:\WINDOWS\System32\WINTRUST.dll
0x00007ffb4f900000 - 0x00007ffb4fa66000 	C:\WINDOWS\System32\CRYPT32.dll
0x00007ffb4ed30000 - 0x00007ffb4ed42000 	C:\WINDOWS\SYSTEM32\MSASN1.dll
0x00007ffb458c0000 - 0x00007ffb4590a000 	C:\WINDOWS\SYSTEM32\directxdatabasehelper.dll
0x00007ffb515b0000 - 0x00007ffb51660000 	C:\WINDOWS\System32\clbcatq.dll
0x00007ffa27b40000 - 0x00007ffa2a730000 	C:\WINDOWS\System32\DriverStore\FileRepository\nvhm.inf_amd64_28ac5867493a0477\nvoglv64.dll
0x00007ffb4faa0000 - 0x00007ffb4fc40000 	C:\WINDOWS\System32\ole32.dll
0x00007ffb4df60000 - 0x00007ffb4df74000 	C:\WINDOWS\SYSTEM32\WTSAPI32.dll
0x00007ffb3cce0000 - 0x00007ffb3cd12000 	C:\WINDOWS\SYSTEM32\cryptnet.dll
0x00007ffb3a6d0000 - 0x00007ffb3a828000 	C:\WINDOWS\SYSTEM32\drvstore.dll
0x00007ffb4e930000 - 0x00007ffb4e97b000 	C:\WINDOWS\SYSTEM32\wldp.dll
0x00007ffb519c0000 - 0x00007ffb519df000 	C:\WINDOWS\System32\imagehlp.dll
0x00007ffb4e880000 - 0x00007ffb4e89b000 	C:\WINDOWS\SYSTEM32\CRYPTSP.dll
0x00007ffb4e130000 - 0x00007ffb4e165000 	C:\WINDOWS\system32\rsaenh.dll
0x00007ffb4e6c0000 - 0x00007ffb4e6e6000 	C:\WINDOWS\SYSTEM32\gpapi.dll
0x00007ffb02100000 - 0x00007ffb042eb000 	C:\WINDOWS\System32\DriverStore\FileRepository\nvhm.inf_amd64_28ac5867493a0477\nvgpucomp64.dll
0x00007ffb4e1d0000 - 0x00007ffb4e204000 	C:\WINDOWS\SYSTEM32\ntmarta.dll
0x00007ffab7e60000 - 0x00007ffab8123000 	C:\WINDOWS\system32\nvspcap64.dll
0x00007ffb4db00000 - 0x00007ffb4db66000 	C:\WINDOWS\SYSTEM32\WINSTA.dll

dbghelp: loaded successfully - version: 4.0.5 - missing functions: none
symbol engine: initialized successfully - sym options: 0x614 - pdb path: .;C:\Users\luczu\.jdks\corretto-17.0.10\bin;C:\WINDOWS\SYSTEM32;C:\WINDOWS\WinSxS\amd64_microsoft.windows.common-controls_6595b64144ccf1df_6.0.22621.2506_none_270c5ae97388e100;C:\Users\luczu\.jdks\corretto-17.0.10\bin\server;C:\Program Files (x86)\Windows Kits\10\Redist\ucrt\DLLs\x64;C:\Program Files\Microsoft\jdk-11.0.12.7-hotspot\bin;C:\Users\luczu\.javacpp\cache\jaylib-4.5.0-0.jar\com\raylib\windows-x86_64;C:\WINDOWS\System32\DriverStore\FileRepository\nvhm.inf_amd64_28ac5867493a0477;C:\WINDOWS\System32\DriverStore\FileRepository\iigd_dch.inf_amd64_0fdf6ce291234272

VM Arguments:
jvm_args: -Dfile.encoding=windows-1252 -Duser.country=NL -Duser.language=nl -Duser.variant 
java_command: PineVille.MenuScene
java_class_path (initial): C:\Users\luczu\OneDrive\Documenten\PineVille\build\classes\java\main;C:\Users\luczu\OneDrive\Documenten\PineVille\build\resources\main;C:\Users\luczu\.gradle\caches\modules-2\files-2.1\uk.co.electronstudio.jaylib\jaylib\4.5.0-0\90c0d608df9bbd32f5f34683acc58cb433e94508\jaylib-4.5.0-0.jar
Launcher Type: SUN_STANDARD

[Global flags]
     intx CICompilerCount                          = 12                                        {product} {ergonomic}
     uint ConcGCThreads                            = 3                                         {product} {ergonomic}
     uint G1ConcRefinementThreads                  = 13                                        {product} {ergonomic}
   size_t G1HeapRegionSize                         = 2097152                                   {product} {ergonomic}
    uintx GCDrainStackTargetSize                   = 64                                        {product} {ergonomic}
   size_t InitialHeapSize                          = 264241152                                 {product} {ergonomic}
   size_t MarkStackSize                            = 4194304                                   {product} {ergonomic}
   size_t MaxHeapSize                              = 4200595456                                {product} {ergonomic}
   size_t MaxNewSize                               = 2518679552                                {product} {ergonomic}
   size_t MinHeapDeltaBytes                        = 2097152                                   {product} {ergonomic}
   size_t MinHeapSize                              = 8388608                                   {product} {ergonomic}
    uintx NonNMethodCodeHeapSize                   = 7602480                                {pd product} {ergonomic}
    uintx NonProfiledCodeHeapSize                  = 122027880                              {pd product} {ergonomic}
    uintx ProfiledCodeHeapSize                     = 122027880                              {pd product} {ergonomic}
    uintx ReservedCodeCacheSize                    = 251658240                              {pd product} {ergonomic}
     bool SegmentedCodeCache                       = true                                      {product} {ergonomic}
   size_t SoftMaxHeapSize                          = 4200595456                             {manageable} {ergonomic}
     bool UseCompressedClassPointers               = true                           {product lp64_product} {ergonomic}
     bool UseCompressedOops                        = true                           {product lp64_product} {ergonomic}
     bool UseG1GC                                  = true                                      {product} {ergonomic}
     bool UseLargePagesIndividualAllocation        = false                                  {pd product} {ergonomic}

Logging:
Log output configuration:
 #0: stdout all=warning uptime,level,tags
 #1: stderr all=off uptime,level,tags

Environment Variables:
PATH=C:\Program Files (x86)\Common Files\Intel\Shared Libraries\redist\intel64\compiler;C:\Program Files\Common Files\Oracle\Java\javapath;C:\Program Files\Microsoft\jdk-11.0.12.7-hotspot\bin;C:\windows\system32;C:\windows;C:\windows\System32\Wbem;C:\windows\System32\WindowsPowerShell\v1.0\;C:\windows\System32\OpenSSH\;C:\Program Files (x86)\NVIDIA Corporation\PhysX\Common;C:\Program Files\NVIDIA Corporation\NVIDIA NvDLISR;C:\Program Files\Microsoft SQL Server\150\Tools\Binn\;C:\Program Files\Microsoft SQL Server\Client SDK\ODBC\170\Tools\Binn\;C:\Program Files\dotnet\;C:\WINDOWS\system32;C:\WINDOWS;C:\WINDOWS\System32\Wbem;C:\WINDOWS\System32\WindowsPowerShell\v1.0\;C:\WINDOWS\System32\OpenSSH\;C:\Program Files\CMake\bin;C:\Program Files\Git\cmd;C:\Users\luczu\AppData\Local\Microsoft\WindowsApps;C:\Users\luczu\.dotnet\tools;C:\Users\luczu\AppData\Local\GitHubDesktop\bin;;C:\Users\luczu\AppData\Local\Programs\Microsoft VS Code\bin
USERNAME=luczu
OS=Windows_NT
PROCESSOR_IDENTIFIER=Intel64 Family 6 Model 141 Stepping 1, GenuineIntel
TMP=C:\Users\luczu\AppData\Local\Temp
TEMP=C:\Users\luczu\AppData\Local\Temp



Periodic native trim disabled


---------------  S Y S T E M  ---------------

OS:
 Windows 11 , 64 bit Build 22621 (10.0.22621.2506)
OS uptime: 0 days 3:06 hours
Hyper-V role detected

CPU: total 16 (initial active 16) (8 cores per cpu, 2 threads per core) family 6 model 141 stepping 1 microcode 0x4e, cx8, cmov, fxsr, ht, mmx, 3dnowpref, sse, sse2, sse3, ssse3, sse4.1, sse4.2, popcnt, lzcnt, tsc, tscinvbit, avx, avx2, aes, erms, clmul, bmi1, bmi2, adx, avx512f, avx512dq, avx512cd, avx512bw, avx512vl, sha, fma, vzeroupper, avx512_vpopcntdq, avx512_vpclmulqdq, avx512_vaes, avx512_vnni, clflush, clflushopt, clwb, avx512_vbmi2, avx512_vbmi, hv
Processor Information for all 16 processors :
  Max Mhz: 2304, Current Mhz: 2304, Mhz Limit: 2304

Memory: 4k page, system-wide physical 16021M (2952M free)
TotalPageFile size 34453M (AvailPageFile size 9580M)
current process WorkingSet (physical memory assigned to process): 122M, peak: 198M
current process commit charge ("private bytes"): 501M, peak: 693M

vm_info: OpenJDK 64-Bit Server VM (17.0.10+7-LTS) for windows-amd64 JRE (17.0.10+7-LTS), built on Jan 10 2024 22:11:07 by "Administrator" with MS VC++ 16.10 / 16.11 (VS2019)

END.
