#
# A fatal error has been detected by the Java Runtime Environment:
#
#  EXCEPTION_ACCESS_VIOLATION (0xc0000005) at pc=0x0000000000000000, pid=22864, tid=15644
#
# JRE version: OpenJDK Runtime Environment Corretto-17.0.10.7.1 (17.0.10+7) (build 17.0.10+7-LTS)
# Java VM: OpenJDK 64-Bit Server VM Corretto-17.0.10.7.1 (17.0.10+7-LTS, mixed mode, sharing, tiered, compressed oops, compressed class ptrs, g1 gc, windows-amd64)
# Problematic frame:
# C  [jniRaylib.dll+0xdcb37]
#
# No core dump will be written. Minidumps are not enabled by default on client versions of Windows
#
# If you would like to submit a bug report, please visit:
#   https://github.com/corretto/corretto-17/issues/
# The crash happened outside the Java Virtual Machine in native code.
# See problematic frame for where to report the bug.
#

---------------  S U M M A R Y ------------

Command Line: -Dfile.encoding=windows-1252 -Duser.country=NL -Duser.language=nl -Duser.variant PineVille.GameScene

Host: AMD Ryzen 7 3700X 8-Core Processor             , 16 cores, 15G,  Windows 11 , 64 bit Build 22621 (10.0.22621.2506)
Time: Tue Feb 13 21:09:40 2024 West-Europa (standaardtijd) elapsed time: 0.463111 seconds (0d 0h 0m 0s)

---------------  T H R E A D  ---------------

Current thread (0x00000151df0cafc0):  JavaThread "main" [_thread_in_native, id=15644, stack(0x0000001d5a800000,0x0000001d5a900000)]

Stack: [0x0000001d5a800000,0x0000001d5a900000],  sp=0x0000001d5a8ff470,  free space=1021k
Native frames: (J=compiled Java code, j=interpreted, Vv=VM code, C=native code)

Java frames: (J=compiled Java code, j=interpreted, Vv=VM code)
j  com.raylib.Raylib.LoadTexture(Ljava/lang/String;)Lcom/raylib/Raylib$Texture;+0
j  PineVille.GameScene.main([Ljava/lang/String;)V+10
v  ~StubRoutines::call_stub

siginfo: EXCEPTION_ACCESS_VIOLATION (0xc0000005), data execution prevention violation at address 0x0000000000000000


Registers:
RAX=0x0000a92703194fde, RBX=0x0000000000000002, RCX=0x0000000000000de1, RDX=0x0000000000000000
RSP=0x0000001d5a8ff468, RBP=0x0000000000000002, RSI=0x0000000000000020, RDI=0x0000000000000020
R8 =0x0000000000000020, R9 =0x0000000000000002, R10=0x00000151dceb0000, R11=0x0000001d5a8ff4a0
R12=0x0000000000000000, R13=0x00000151c92c8b60, R14=0x0000000000000020, R15=0x00000151df0cafc0
RIP=0x0000000000000000, EFLAGS=0x0000000000010246


Register to memory mapping:

RIP=0x0 is NULL
RAX=0x0000a92703194fde is an unknown value
RBX=0x0000000000000002 is an unknown value
RCX=0x0000000000000de1 is an unknown value
RDX=0x0 is NULL
RSP=0x0000001d5a8ff468 is pointing into the stack for thread: 0x00000151df0cafc0
RBP=0x0000000000000002 is an unknown value
RSI=0x0000000000000020 is an unknown value
RDI=0x0000000000000020 is an unknown value
R8 =0x0000000000000020 is an unknown value
R9 =0x0000000000000002 is an unknown value
R10=0x00000151dceb0000 points into unknown readable memory: 0x0000000000000000 | 00 00 00 00 00 00 00 00
R11=0x0000001d5a8ff4a0 is pointing into the stack for thread: 0x00000151df0cafc0
R12=0x0 is NULL
R13=0x00000151c92c8b60 points into unknown readable memory: 0x00ff00ff00ff00ff | ff 00 ff 00 ff 00 ff 00
R14=0x0000000000000020 is an unknown value
R15=0x00000151df0cafc0 is a thread


Top of Stack: (sp=0x0000001d5a8ff468)
0x0000001d5a8ff468:   00007fffdc42cb37 0000000000000000
0x0000001d5a8ff478:   0000000000000000 0000000000000000
0x0000001d5a8ff488:   00007ff85586480e 00000151c9dd4a30
0x0000001d5a8ff498:   0000001d5a8ff620 00000151df0cafc0
0x0000001d5a8ff4a8:   0000000000000000 00000151c541d7f8
0x0000001d5a8ff4b8:   0000000000000000 0000015100000000
0x0000001d5a8ff4c8:   00007ff85822ab11 0000002000000020
0x0000001d5a8ff4d8:   00000151dceb0000 0000000200000001
0x0000001d5a8ff4e8:   0000a92703194fde 0000000000000000
0x0000001d5a8ff4f8:   00000151c95991a0 00000151c9598fb0
0x0000001d5a8ff508:   00007ff8558737eb 0000001d5a8ff620
0x0000001d5a8ff518:   0000000000000001 00000151c541d7f8
0x0000001d5a8ff528:   00000151c92c8b60 0000001d5a8ff620
0x0000001d5a8ff538:   00007fffdc401bf0 0000001d5a8ff620
0x0000001d5a8ff548:   0000015100000000 0000000000000000
0x0000001d5a8ff558:   0000000000000000 0000015100000001
0x0000001d5a8ff568:   0000001d5a8ffbb0 0000001d00000000
0x0000001d5a8ff578:   00007ff855871b06 0000000000000000
0x0000001d5a8ff588:   00000151c92c8b60 0000002000000020
0x0000001d5a8ff598:   0000000200000001 00000151c92c8b60
0x0000001d5a8ff5a8:   0000002000000020 0000000200000001
0x0000001d5a8ff5b8:   0000000000000002 00000151c9dd4a30
0x0000001d5a8ff5c8:   00000151df0cb278 00000151c9e0e7e0
0x0000001d5a8ff5d8:   00007fffdc39333b 0000001d000001f0
0x0000001d5a8ff5e8:   00000151c541d800 0000001d5a8ff6d8
0x0000001d5a8ff5f8:   0000001d5a8ffbb0 00000151df0cafc0
0x0000001d5a8ff608:   00000151df0cafc0 00000151c9dd4a30
0x0000001d5a8ff618:   00000151df0cafc0 0000000000000000
0x0000001d5a8ff628:   0000000000000000 0000015100000000
0x0000001d5a8ff638:   00000151c541d800 0000001d5a8ff6f8
0x0000001d5a8ff648:   00000151df0cafc0 0000001d5a8ffbb0
0x0000001d5a8ff658:   00000151ee03d621 00000151df0cb278 

Instructions: (pc=0x00007fffdc42cb37)
0x00007fffdc42ca37:   44 24 50 c7 44 24 50 00 00 00 00 ba 84 8b 00 00
0x00007fffdc42ca47:   8b ce ff 15 89 41 11 00 48 63 44 24 50 85 c0 7e
0x00007fffdc42ca57:   4d 48 8b c8 c7 44 24 20 00 00 00 00 ba 01 00 00
0x00007fffdc42ca67:   00 ff 15 ba 0b 08 00 8b 54 24 50 4c 8d 44 24 20
0x00007fffdc42ca77:   4c 8b c8 8b ce 48 8b d8 ff 15 bb 40 11 00 4c 8b
0x00007fffdc42ca87:   cb 48 8d 15 a9 d9 08 00 44 8b c6 b9 04 00 00 00
0x00007fffdc42ca97:   e8 d4 ce 06 00 48 8b cb ff 15 93 0b 08 00 8b ce
0x00007fffdc42caa7:   ff 15 5b 3a 11 00 33 c0 48 8b 5c 24 40 48 8b 74
0x00007fffdc42cab7:   24 48 48 83 c4 30 5f c3 48 8d 15 92 d9 08 00 b9
0x00007fffdc42cac7:   03 00 00 00 e8 a0 ce 06 00 48 8b 5c 24 40 8b c6
0x00007fffdc42cad7:   48 8b 74 24 48 48 83 c4 30 5f c3 cc cc cc cc cc
0x00007fffdc42cae7:   cc cc cc cc cc cc cc cc cc 40 53 56 41 55 41 56
0x00007fffdc42caf7:   48 81 ec a8 00 00 00 48 8b 05 73 12 11 00 48 33
0x00007fffdc42cb07:   c4 48 89 44 24 78 44 8b f2 89 54 24 60 4c 8b e9
0x00007fffdc42cb17:   44 89 44 24 64 33 d2 c7 44 24 50 00 00 00 00 b9
0x00007fffdc42cb27:   e1 0d 00 00 41 8b d9 41 8b f0 ff 15 f1 35 11 00
0x00007fffdc42cb37:   80 3d 00 61 11 00 00 75 1e 8d 43 f5 83 f8 03 77
0x00007fffdc42cb47:   16 48 8d 15 e9 d1 08 00 b9 04 00 00 00 e8 17 ce
0x00007fffdc42cb57:   06 00 e9 f6 03 00 00 80 3d da 60 11 00 00 75 19
0x00007fffdc42cb67:   83 fb 0f 75 14 48 8d 15 f5 d1 08 00 8d 4b f5 e8
0x00007fffdc42cb77:   f5 cd 06 00 e9 d4 03 00 00 80 3d b9 60 11 00 00
0x00007fffdc42cb87:   75 1e 8d 43 f0 83 f8 01 77 16 48 8d 15 08 d2 08
0x00007fffdc42cb97:   00 b9 04 00 00 00 e8 ce cd 06 00 e9 ad 03 00 00
0x00007fffdc42cba7:   80 3d 93 60 11 00 00 75 1e 8d 43 ee 83 f8 01 77
0x00007fffdc42cbb7:   16 48 8d 15 19 d2 08 00 b9 04 00 00 00 e8 a7 cd
0x00007fffdc42cbc7:   06 00 e9 86 03 00 00 80 3d 6d 60 11 00 00 75 1e
0x00007fffdc42cbd7:   8d 43 ec 83 f8 01 77 16 48 8d 15 2a d2 08 00 b9
0x00007fffdc42cbe7:   04 00 00 00 e8 80 cd 06 00 e9 5f 03 00 00 48 89
0x00007fffdc42cbf7:   ac 24 a0 00 00 00 ba 01 00 00 00 48 89 bc 24 98
0x00007fffdc42cc07:   00 00 00 b9 f5 0c 00 00 4c 89 a4 24 90 00 00 00
0x00007fffdc42cc17:   4c 89 bc 24 88 00 00 00 ff 15 13 48 11 00 48 8d
0x00007fffdc42cc27:   54 24 50 b9 01 00 00 00 ff 15 43 3c 11 00 8b 54 


Stack slot to memory mapping:
stack at sp + 0 slots: 0x0 is NULL
stack at sp + 1 slots: 0x0 is NULL
stack at sp + 2 slots: 0x0 is NULL
stack at sp + 3 slots: 0x00007ff85586480e ucrtbase.dll
stack at sp + 4 slots: 0x00000151c9dd4a30 points into unknown readable memory: 0x656372756f736572 | 72 65 73 6f 75 72 63 65
stack at sp + 5 slots: 0x0000001d5a8ff620 is pointing into the stack for thread: 0x00000151df0cafc0
stack at sp + 6 slots: 0x00000151df0cafc0 is a thread
stack at sp + 7 slots: 0x0 is NULL


---------------  P R O C E S S  ---------------

Threads class SMR info:
_java_thread_list=0x00000151c4bc3050, length=17, elements={
0x00000151df0cafc0, 0x00000151c40093f0, 0x00000151c4009e80, 0x00000151c401f790,
0x00000151c4020230, 0x00000151c4023980, 0x00000151c4023f50, 0x00000151c4028910,
0x00000151c4028fd0, 0x00000151c403c2e0, 0x00000151c4150fd0, 0x00000151c4181970,
0x00000151c4186510, 0x00000151c441a060, 0x00000151c441a580, 0x00000151c9619d30,
0x00000151c4bc3540
}

Java Threads: ( => current thread )
=>0x00000151df0cafc0 JavaThread "main" [_thread_in_native, id=15644, stack(0x0000001d5a800000,0x0000001d5a900000)]
  0x00000151c40093f0 JavaThread "Reference Handler" daemon [_thread_blocked, id=20056, stack(0x0000001d5af00000,0x0000001d5b000000)]
  0x00000151c4009e80 JavaThread "Finalizer" daemon [_thread_blocked, id=19544, stack(0x0000001d5b000000,0x0000001d5b100000)]
  0x00000151c401f790 JavaThread "Signal Dispatcher" daemon [_thread_blocked, id=20064, stack(0x0000001d5b100000,0x0000001d5b200000)]
  0x00000151c4020230 JavaThread "Attach Listener" daemon [_thread_blocked, id=33552, stack(0x0000001d5b200000,0x0000001d5b300000)]
  0x00000151c4023980 JavaThread "Service Thread" daemon [_thread_blocked, id=26176, stack(0x0000001d5b300000,0x0000001d5b400000)]
  0x00000151c4023f50 JavaThread "Monitor Deflation Thread" daemon [_thread_blocked, id=32184, stack(0x0000001d5b400000,0x0000001d5b500000)]
  0x00000151c4028910 JavaThread "C2 CompilerThread0" daemon [_thread_in_native, id=31820, stack(0x0000001d5b500000,0x0000001d5b600000)]
  0x00000151c4028fd0 JavaThread "C1 CompilerThread0" daemon [_thread_blocked, id=31128, stack(0x0000001d5b600000,0x0000001d5b700000)]
  0x00000151c403c2e0 JavaThread "Sweeper thread" daemon [_thread_blocked, id=14464, stack(0x0000001d5b700000,0x0000001d5b800000)]
  0x00000151c4150fd0 JavaThread "C1 CompilerThread1" daemon [_thread_blocked, id=28408, stack(0x0000001d5b800000,0x0000001d5b900000)]
  0x00000151c4181970 JavaThread "Notification Thread" daemon [_thread_blocked, id=25772, stack(0x0000001d5b900000,0x0000001d5ba00000)]
  0x00000151c4186510 JavaThread "Common-Cleaner" daemon [_thread_blocked, id=22156, stack(0x0000001d5bb00000,0x0000001d5bc00000)]
  0x00000151c441a060 JavaThread "C2 CompilerThread1" daemon [_thread_blocked, id=22232, stack(0x0000001d5bc00000,0x0000001d5bd00000)]
  0x00000151c441a580 JavaThread "C2 CompilerThread2" daemon [_thread_blocked, id=8976, stack(0x0000001d5bd00000,0x0000001d5be00000)]
  0x00000151c9619d30 JavaThread "C2 CompilerThread3" daemon [_thread_blocked, id=33476, stack(0x0000001d5be00000,0x0000001d5bf00000)]
  0x00000151c4bc3540 JavaThread "JavaCPP Deallocator" daemon [_thread_blocked, id=24420, stack(0x0000001d5bf00000,0x0000001d5c000000)]

Other Threads:
  0x0000015182a8ebe0 VMThread "VM Thread" [stack: 0x0000001d5ae00000,0x0000001d5af00000] [id=10692]
  0x00000151c4181e50 WatcherThread [stack: 0x0000001d5ba00000,0x0000001d5bb00000] [id=16624]
  0x00000151df13a330 GCTaskThread "GC Thread#0" [stack: 0x0000001d5a900000,0x0000001d5aa00000] [id=11060]
  0x00000151df14b1c0 ConcurrentGCThread "G1 Main Marker" [stack: 0x0000001d5aa00000,0x0000001d5ab00000] [id=22964]
  0x00000151df14bbe0 ConcurrentGCThread "G1 Conc#0" [stack: 0x0000001d5ab00000,0x0000001d5ac00000] [id=27408]
  0x000001518294a580 ConcurrentGCThread "G1 Refine#0" [stack: 0x0000001d5ac00000,0x0000001d5ad00000] [id=10628]
  0x000001518294cae0 ConcurrentGCThread "G1 Service" [stack: 0x0000001d5ad00000,0x0000001d5ae00000] [id=33292]

Threads with active compile tasks:
C2 CompilerThread0      503  555       4       java.lang.CompoundEnumeration::next (58 bytes)

VM state: not at safepoint (normal execution)

VM Mutex/Monitor currently owned by a thread: None

Heap address: 0x0000000700c00000, size: 4084 MB, Compressed Oops mode: Zero based, Oop shift amount: 3

CDS archive(s) mapped at: [0x0000015183000000-0x0000015183bb0000-0x0000015183bb0000), size 12255232, SharedBaseAddress: 0x0000015183000000, ArchiveRelocationMode: 1.
Compressed class space mapped at: 0x0000015184000000-0x00000151c4000000, reserved size: 1073741824
Narrow klass base: 0x0000015183000000, Narrow klass shift: 0, Narrow klass range: 0x100000000

GC Precious Log:
 CPUs: 16 total, 16 available
 Memory: 16329M
 Large Page Support: Disabled
 NUMA Support: Disabled
 Compressed Oops: Enabled (Zero based)
 Heap Region Size: 2M
 Heap Min Capacity: 8M
 Heap Initial Capacity: 256M
 Heap Max Capacity: 4084M
 Pre-touch: Disabled
 Parallel Workers: 13
 Concurrent Workers: 3
 Concurrent Refinement Workers: 13
 Periodic GC: Disabled

Heap:
 garbage-first heap   total 262144K, used 20480K [0x0000000700c00000, 0x0000000800000000)
  region size 2048K, 11 young (22528K), 0 survivors (0K)
 Metaspace       used 1990K, committed 2176K, reserved 1114112K
  class space    used 174K, committed 256K, reserved 1048576K

Heap Regions: E=young(eden), S=young(survivor), O=old, HS=humongous(starts), HC=humongous(continues), CS=collection set, F=free, OA=open archive, CA=closed archive, TAMS=top-at-mark-start (previous, next)
|   0|0x0000000700c00000, 0x0000000700c00000, 0x0000000700e00000|  0%| F|  |TAMS 0x0000000700c00000, 0x0000000700c00000| Untracked 
|   1|0x0000000700e00000, 0x0000000700e00000, 0x0000000701000000|  0%| F|  |TAMS 0x0000000700e00000, 0x0000000700e00000| Untracked 
|   2|0x0000000701000000, 0x0000000701000000, 0x0000000701200000|  0%| F|  |TAMS 0x0000000701000000, 0x0000000701000000| Untracked 
|   3|0x0000000701200000, 0x0000000701200000, 0x0000000701400000|  0%| F|  |TAMS 0x0000000701200000, 0x0000000701200000| Untracked 
|   4|0x0000000701400000, 0x0000000701400000, 0x0000000701600000|  0%| F|  |TAMS 0x0000000701400000, 0x0000000701400000| Untracked 
|   5|0x0000000701600000, 0x0000000701600000, 0x0000000701800000|  0%| F|  |TAMS 0x0000000701600000, 0x0000000701600000| Untracked 
|   6|0x0000000701800000, 0x0000000701800000, 0x0000000701a00000|  0%| F|  |TAMS 0x0000000701800000, 0x0000000701800000| Untracked 
|   7|0x0000000701a00000, 0x0000000701a00000, 0x0000000701c00000|  0%| F|  |TAMS 0x0000000701a00000, 0x0000000701a00000| Untracked 
|   8|0x0000000701c00000, 0x0000000701c00000, 0x0000000701e00000|  0%| F|  |TAMS 0x0000000701c00000, 0x0000000701c00000| Untracked 
|   9|0x0000000701e00000, 0x0000000701e00000, 0x0000000702000000|  0%| F|  |TAMS 0x0000000701e00000, 0x0000000701e00000| Untracked 
|  10|0x0000000702000000, 0x0000000702000000, 0x0000000702200000|  0%| F|  |TAMS 0x0000000702000000, 0x0000000702000000| Untracked 
|  11|0x0000000702200000, 0x0000000702200000, 0x0000000702400000|  0%| F|  |TAMS 0x0000000702200000, 0x0000000702200000| Untracked 
|  12|0x0000000702400000, 0x0000000702400000, 0x0000000702600000|  0%| F|  |TAMS 0x0000000702400000, 0x0000000702400000| Untracked 
|  13|0x0000000702600000, 0x0000000702600000, 0x0000000702800000|  0%| F|  |TAMS 0x0000000702600000, 0x0000000702600000| Untracked 
|  14|0x0000000702800000, 0x0000000702800000, 0x0000000702a00000|  0%| F|  |TAMS 0x0000000702800000, 0x0000000702800000| Untracked 
|  15|0x0000000702a00000, 0x0000000702a00000, 0x0000000702c00000|  0%| F|  |TAMS 0x0000000702a00000, 0x0000000702a00000| Untracked 
|  16|0x0000000702c00000, 0x0000000702c00000, 0x0000000702e00000|  0%| F|  |TAMS 0x0000000702c00000, 0x0000000702c00000| Untracked 
|  17|0x0000000702e00000, 0x0000000702e00000, 0x0000000703000000|  0%| F|  |TAMS 0x0000000702e00000, 0x0000000702e00000| Untracked 
|  18|0x0000000703000000, 0x0000000703000000, 0x0000000703200000|  0%| F|  |TAMS 0x0000000703000000, 0x0000000703000000| Untracked 
|  19|0x0000000703200000, 0x0000000703200000, 0x0000000703400000|  0%| F|  |TAMS 0x0000000703200000, 0x0000000703200000| Untracked 
|  20|0x0000000703400000, 0x0000000703400000, 0x0000000703600000|  0%| F|  |TAMS 0x0000000703400000, 0x0000000703400000| Untracked 
|  21|0x0000000703600000, 0x0000000703600000, 0x0000000703800000|  0%| F|  |TAMS 0x0000000703600000, 0x0000000703600000| Untracked 
|  22|0x0000000703800000, 0x0000000703800000, 0x0000000703a00000|  0%| F|  |TAMS 0x0000000703800000, 0x0000000703800000| Untracked 
|  23|0x0000000703a00000, 0x0000000703a00000, 0x0000000703c00000|  0%| F|  |TAMS 0x0000000703a00000, 0x0000000703a00000| Untracked 
|  24|0x0000000703c00000, 0x0000000703c00000, 0x0000000703e00000|  0%| F|  |TAMS 0x0000000703c00000, 0x0000000703c00000| Untracked 
|  25|0x0000000703e00000, 0x0000000703e00000, 0x0000000704000000|  0%| F|  |TAMS 0x0000000703e00000, 0x0000000703e00000| Untracked 
|  26|0x0000000704000000, 0x0000000704000000, 0x0000000704200000|  0%| F|  |TAMS 0x0000000704000000, 0x0000000704000000| Untracked 
|  27|0x0000000704200000, 0x0000000704200000, 0x0000000704400000|  0%| F|  |TAMS 0x0000000704200000, 0x0000000704200000| Untracked 
|  28|0x0000000704400000, 0x0000000704400000, 0x0000000704600000|  0%| F|  |TAMS 0x0000000704400000, 0x0000000704400000| Untracked 
|  29|0x0000000704600000, 0x0000000704600000, 0x0000000704800000|  0%| F|  |TAMS 0x0000000704600000, 0x0000000704600000| Untracked 
|  30|0x0000000704800000, 0x0000000704800000, 0x0000000704a00000|  0%| F|  |TAMS 0x0000000704800000, 0x0000000704800000| Untracked 
|  31|0x0000000704a00000, 0x0000000704a00000, 0x0000000704c00000|  0%| F|  |TAMS 0x0000000704a00000, 0x0000000704a00000| Untracked 
|  32|0x0000000704c00000, 0x0000000704c00000, 0x0000000704e00000|  0%| F|  |TAMS 0x0000000704c00000, 0x0000000704c00000| Untracked 
|  33|0x0000000704e00000, 0x0000000704e00000, 0x0000000705000000|  0%| F|  |TAMS 0x0000000704e00000, 0x0000000704e00000| Untracked 
|  34|0x0000000705000000, 0x0000000705000000, 0x0000000705200000|  0%| F|  |TAMS 0x0000000705000000, 0x0000000705000000| Untracked 
|  35|0x0000000705200000, 0x0000000705200000, 0x0000000705400000|  0%| F|  |TAMS 0x0000000705200000, 0x0000000705200000| Untracked 
|  36|0x0000000705400000, 0x0000000705400000, 0x0000000705600000|  0%| F|  |TAMS 0x0000000705400000, 0x0000000705400000| Untracked 
|  37|0x0000000705600000, 0x0000000705600000, 0x0000000705800000|  0%| F|  |TAMS 0x0000000705600000, 0x0000000705600000| Untracked 
|  38|0x0000000705800000, 0x0000000705800000, 0x0000000705a00000|  0%| F|  |TAMS 0x0000000705800000, 0x0000000705800000| Untracked 
|  39|0x0000000705a00000, 0x0000000705a00000, 0x0000000705c00000|  0%| F|  |TAMS 0x0000000705a00000, 0x0000000705a00000| Untracked 
|  40|0x0000000705c00000, 0x0000000705c00000, 0x0000000705e00000|  0%| F|  |TAMS 0x0000000705c00000, 0x0000000705c00000| Untracked 
|  41|0x0000000705e00000, 0x0000000705e00000, 0x0000000706000000|  0%| F|  |TAMS 0x0000000705e00000, 0x0000000705e00000| Untracked 
|  42|0x0000000706000000, 0x0000000706000000, 0x0000000706200000|  0%| F|  |TAMS 0x0000000706000000, 0x0000000706000000| Untracked 
|  43|0x0000000706200000, 0x0000000706200000, 0x0000000706400000|  0%| F|  |TAMS 0x0000000706200000, 0x0000000706200000| Untracked 
|  44|0x0000000706400000, 0x0000000706400000, 0x0000000706600000|  0%| F|  |TAMS 0x0000000706400000, 0x0000000706400000| Untracked 
|  45|0x0000000706600000, 0x0000000706600000, 0x0000000706800000|  0%| F|  |TAMS 0x0000000706600000, 0x0000000706600000| Untracked 
|  46|0x0000000706800000, 0x0000000706800000, 0x0000000706a00000|  0%| F|  |TAMS 0x0000000706800000, 0x0000000706800000| Untracked 
|  47|0x0000000706a00000, 0x0000000706a00000, 0x0000000706c00000|  0%| F|  |TAMS 0x0000000706a00000, 0x0000000706a00000| Untracked 
|  48|0x0000000706c00000, 0x0000000706c00000, 0x0000000706e00000|  0%| F|  |TAMS 0x0000000706c00000, 0x0000000706c00000| Untracked 
|  49|0x0000000706e00000, 0x0000000706e00000, 0x0000000707000000|  0%| F|  |TAMS 0x0000000706e00000, 0x0000000706e00000| Untracked 
|  50|0x0000000707000000, 0x0000000707000000, 0x0000000707200000|  0%| F|  |TAMS 0x0000000707000000, 0x0000000707000000| Untracked 
|  51|0x0000000707200000, 0x0000000707200000, 0x0000000707400000|  0%| F|  |TAMS 0x0000000707200000, 0x0000000707200000| Untracked 
|  52|0x0000000707400000, 0x0000000707400000, 0x0000000707600000|  0%| F|  |TAMS 0x0000000707400000, 0x0000000707400000| Untracked 
|  53|0x0000000707600000, 0x0000000707600000, 0x0000000707800000|  0%| F|  |TAMS 0x0000000707600000, 0x0000000707600000| Untracked 
|  54|0x0000000707800000, 0x0000000707800000, 0x0000000707a00000|  0%| F|  |TAMS 0x0000000707800000, 0x0000000707800000| Untracked 
|  55|0x0000000707a00000, 0x0000000707a00000, 0x0000000707c00000|  0%| F|  |TAMS 0x0000000707a00000, 0x0000000707a00000| Untracked 
|  56|0x0000000707c00000, 0x0000000707c00000, 0x0000000707e00000|  0%| F|  |TAMS 0x0000000707c00000, 0x0000000707c00000| Untracked 
|  57|0x0000000707e00000, 0x0000000707e00000, 0x0000000708000000|  0%| F|  |TAMS 0x0000000707e00000, 0x0000000707e00000| Untracked 
|  58|0x0000000708000000, 0x0000000708000000, 0x0000000708200000|  0%| F|  |TAMS 0x0000000708000000, 0x0000000708000000| Untracked 
|  59|0x0000000708200000, 0x0000000708200000, 0x0000000708400000|  0%| F|  |TAMS 0x0000000708200000, 0x0000000708200000| Untracked 
|  60|0x0000000708400000, 0x0000000708400000, 0x0000000708600000|  0%| F|  |TAMS 0x0000000708400000, 0x0000000708400000| Untracked 
|  61|0x0000000708600000, 0x0000000708600000, 0x0000000708800000|  0%| F|  |TAMS 0x0000000708600000, 0x0000000708600000| Untracked 
|  62|0x0000000708800000, 0x0000000708800000, 0x0000000708a00000|  0%| F|  |TAMS 0x0000000708800000, 0x0000000708800000| Untracked 
|  63|0x0000000708a00000, 0x0000000708a00000, 0x0000000708c00000|  0%| F|  |TAMS 0x0000000708a00000, 0x0000000708a00000| Untracked 
|  64|0x0000000708c00000, 0x0000000708c00000, 0x0000000708e00000|  0%| F|  |TAMS 0x0000000708c00000, 0x0000000708c00000| Untracked 
|  65|0x0000000708e00000, 0x0000000708e00000, 0x0000000709000000|  0%| F|  |TAMS 0x0000000708e00000, 0x0000000708e00000| Untracked 
|  66|0x0000000709000000, 0x0000000709000000, 0x0000000709200000|  0%| F|  |TAMS 0x0000000709000000, 0x0000000709000000| Untracked 
|  67|0x0000000709200000, 0x0000000709200000, 0x0000000709400000|  0%| F|  |TAMS 0x0000000709200000, 0x0000000709200000| Untracked 
|  68|0x0000000709400000, 0x0000000709400000, 0x0000000709600000|  0%| F|  |TAMS 0x0000000709400000, 0x0000000709400000| Untracked 
|  69|0x0000000709600000, 0x0000000709600000, 0x0000000709800000|  0%| F|  |TAMS 0x0000000709600000, 0x0000000709600000| Untracked 
|  70|0x0000000709800000, 0x0000000709800000, 0x0000000709a00000|  0%| F|  |TAMS 0x0000000709800000, 0x0000000709800000| Untracked 
|  71|0x0000000709a00000, 0x0000000709a00000, 0x0000000709c00000|  0%| F|  |TAMS 0x0000000709a00000, 0x0000000709a00000| Untracked 
|  72|0x0000000709c00000, 0x0000000709c00000, 0x0000000709e00000|  0%| F|  |TAMS 0x0000000709c00000, 0x0000000709c00000| Untracked 
|  73|0x0000000709e00000, 0x0000000709e00000, 0x000000070a000000|  0%| F|  |TAMS 0x0000000709e00000, 0x0000000709e00000| Untracked 
|  74|0x000000070a000000, 0x000000070a000000, 0x000000070a200000|  0%| F|  |TAMS 0x000000070a000000, 0x000000070a000000| Untracked 
|  75|0x000000070a200000, 0x000000070a200000, 0x000000070a400000|  0%| F|  |TAMS 0x000000070a200000, 0x000000070a200000| Untracked 
|  76|0x000000070a400000, 0x000000070a400000, 0x000000070a600000|  0%| F|  |TAMS 0x000000070a400000, 0x000000070a400000| Untracked 
|  77|0x000000070a600000, 0x000000070a600000, 0x000000070a800000|  0%| F|  |TAMS 0x000000070a600000, 0x000000070a600000| Untracked 
|  78|0x000000070a800000, 0x000000070a800000, 0x000000070aa00000|  0%| F|  |TAMS 0x000000070a800000, 0x000000070a800000| Untracked 
|  79|0x000000070aa00000, 0x000000070aa00000, 0x000000070ac00000|  0%| F|  |TAMS 0x000000070aa00000, 0x000000070aa00000| Untracked 
|  80|0x000000070ac00000, 0x000000070ac00000, 0x000000070ae00000|  0%| F|  |TAMS 0x000000070ac00000, 0x000000070ac00000| Untracked 
|  81|0x000000070ae00000, 0x000000070ae00000, 0x000000070b000000|  0%| F|  |TAMS 0x000000070ae00000, 0x000000070ae00000| Untracked 
|  82|0x000000070b000000, 0x000000070b000000, 0x000000070b200000|  0%| F|  |TAMS 0x000000070b000000, 0x000000070b000000| Untracked 
|  83|0x000000070b200000, 0x000000070b200000, 0x000000070b400000|  0%| F|  |TAMS 0x000000070b200000, 0x000000070b200000| Untracked 
|  84|0x000000070b400000, 0x000000070b400000, 0x000000070b600000|  0%| F|  |TAMS 0x000000070b400000, 0x000000070b400000| Untracked 
|  85|0x000000070b600000, 0x000000070b600000, 0x000000070b800000|  0%| F|  |TAMS 0x000000070b600000, 0x000000070b600000| Untracked 
|  86|0x000000070b800000, 0x000000070b800000, 0x000000070ba00000|  0%| F|  |TAMS 0x000000070b800000, 0x000000070b800000| Untracked 
|  87|0x000000070ba00000, 0x000000070ba00000, 0x000000070bc00000|  0%| F|  |TAMS 0x000000070ba00000, 0x000000070ba00000| Untracked 
|  88|0x000000070bc00000, 0x000000070bc00000, 0x000000070be00000|  0%| F|  |TAMS 0x000000070bc00000, 0x000000070bc00000| Untracked 
|  89|0x000000070be00000, 0x000000070be00000, 0x000000070c000000|  0%| F|  |TAMS 0x000000070be00000, 0x000000070be00000| Untracked 
|  90|0x000000070c000000, 0x000000070c000000, 0x000000070c200000|  0%| F|  |TAMS 0x000000070c000000, 0x000000070c000000| Untracked 
|  91|0x000000070c200000, 0x000000070c200000, 0x000000070c400000|  0%| F|  |TAMS 0x000000070c200000, 0x000000070c200000| Untracked 
|  92|0x000000070c400000, 0x000000070c400000, 0x000000070c600000|  0%| F|  |TAMS 0x000000070c400000, 0x000000070c400000| Untracked 
|  93|0x000000070c600000, 0x000000070c600000, 0x000000070c800000|  0%| F|  |TAMS 0x000000070c600000, 0x000000070c600000| Untracked 
|  94|0x000000070c800000, 0x000000070c800000, 0x000000070ca00000|  0%| F|  |TAMS 0x000000070c800000, 0x000000070c800000| Untracked 
|  95|0x000000070ca00000, 0x000000070ca00000, 0x000000070cc00000|  0%| F|  |TAMS 0x000000070ca00000, 0x000000070ca00000| Untracked 
|  96|0x000000070cc00000, 0x000000070cc00000, 0x000000070ce00000|  0%| F|  |TAMS 0x000000070cc00000, 0x000000070cc00000| Untracked 
|  97|0x000000070ce00000, 0x000000070ce00000, 0x000000070d000000|  0%| F|  |TAMS 0x000000070ce00000, 0x000000070ce00000| Untracked 
|  98|0x000000070d000000, 0x000000070d000000, 0x000000070d200000|  0%| F|  |TAMS 0x000000070d000000, 0x000000070d000000| Untracked 
|  99|0x000000070d200000, 0x000000070d200000, 0x000000070d400000|  0%| F|  |TAMS 0x000000070d200000, 0x000000070d200000| Untracked 
| 100|0x000000070d400000, 0x000000070d400000, 0x000000070d600000|  0%| F|  |TAMS 0x000000070d400000, 0x000000070d400000| Untracked 
| 101|0x000000070d600000, 0x000000070d600000, 0x000000070d800000|  0%| F|  |TAMS 0x000000070d600000, 0x000000070d600000| Untracked 
| 102|0x000000070d800000, 0x000000070d800000, 0x000000070da00000|  0%| F|  |TAMS 0x000000070d800000, 0x000000070d800000| Untracked 
| 103|0x000000070da00000, 0x000000070da00000, 0x000000070dc00000|  0%| F|  |TAMS 0x000000070da00000, 0x000000070da00000| Untracked 
| 104|0x000000070dc00000, 0x000000070dc00000, 0x000000070de00000|  0%| F|  |TAMS 0x000000070dc00000, 0x000000070dc00000| Untracked 
| 105|0x000000070de00000, 0x000000070de00000, 0x000000070e000000|  0%| F|  |TAMS 0x000000070de00000, 0x000000070de00000| Untracked 
| 106|0x000000070e000000, 0x000000070e000000, 0x000000070e200000|  0%| F|  |TAMS 0x000000070e000000, 0x000000070e000000| Untracked 
| 107|0x000000070e200000, 0x000000070e200000, 0x000000070e400000|  0%| F|  |TAMS 0x000000070e200000, 0x000000070e200000| Untracked 
| 108|0x000000070e400000, 0x000000070e400000, 0x000000070e600000|  0%| F|  |TAMS 0x000000070e400000, 0x000000070e400000| Untracked 
| 109|0x000000070e600000, 0x000000070e600000, 0x000000070e800000|  0%| F|  |TAMS 0x000000070e600000, 0x000000070e600000| Untracked 
| 110|0x000000070e800000, 0x000000070e800000, 0x000000070ea00000|  0%| F|  |TAMS 0x000000070e800000, 0x000000070e800000| Untracked 
| 111|0x000000070ea00000, 0x000000070ea00000, 0x000000070ec00000|  0%| F|  |TAMS 0x000000070ea00000, 0x000000070ea00000| Untracked 
| 112|0x000000070ec00000, 0x000000070ec00000, 0x000000070ee00000|  0%| F|  |TAMS 0x000000070ec00000, 0x000000070ec00000| Untracked 
| 113|0x000000070ee00000, 0x000000070ee00000, 0x000000070f000000|  0%| F|  |TAMS 0x000000070ee00000, 0x000000070ee00000| Untracked 
| 114|0x000000070f000000, 0x000000070f000000, 0x000000070f200000|  0%| F|  |TAMS 0x000000070f000000, 0x000000070f000000| Untracked 
| 115|0x000000070f200000, 0x000000070f200000, 0x000000070f400000|  0%| F|  |TAMS 0x000000070f200000, 0x000000070f200000| Untracked 
| 116|0x000000070f400000, 0x000000070f400000, 0x000000070f600000|  0%| F|  |TAMS 0x000000070f400000, 0x000000070f400000| Untracked 
| 117|0x000000070f600000, 0x000000070f800000, 0x000000070f800000|100%| E|  |TAMS 0x000000070f600000, 0x000000070f600000| Complete 
| 118|0x000000070f800000, 0x000000070fa00000, 0x000000070fa00000|100%| E|CS|TAMS 0x000000070f800000, 0x000000070f800000| Complete 
| 119|0x000000070fa00000, 0x000000070fc00000, 0x000000070fc00000|100%| E|CS|TAMS 0x000000070fa00000, 0x000000070fa00000| Complete 
| 120|0x000000070fc00000, 0x000000070fe00000, 0x000000070fe00000|100%| E|CS|TAMS 0x000000070fc00000, 0x000000070fc00000| Complete 
| 121|0x000000070fe00000, 0x0000000710000000, 0x0000000710000000|100%| E|CS|TAMS 0x000000070fe00000, 0x000000070fe00000| Complete 
| 122|0x0000000710000000, 0x0000000710200000, 0x0000000710200000|100%| E|CS|TAMS 0x0000000710000000, 0x0000000710000000| Complete 
| 123|0x0000000710200000, 0x0000000710400000, 0x0000000710400000|100%| E|CS|TAMS 0x0000000710200000, 0x0000000710200000| Complete 
| 124|0x0000000710400000, 0x0000000710600000, 0x0000000710600000|100%| E|CS|TAMS 0x0000000710400000, 0x0000000710400000| Complete 
| 125|0x0000000710600000, 0x0000000710800000, 0x0000000710800000|100%| E|CS|TAMS 0x0000000710600000, 0x0000000710600000| Complete 
| 126|0x0000000710800000, 0x0000000710a00000, 0x0000000710a00000|100%| E|CS|TAMS 0x0000000710800000, 0x0000000710800000| Complete 
| 127|0x0000000710a00000, 0x0000000710c00000, 0x0000000710c00000|100%| E|CS|TAMS 0x0000000710a00000, 0x0000000710a00000| Complete 

Card table byte_map: [0x00000151f6c60000,0x00000151f7460000] _byte_map_base: 0x00000151f345a000

Marking Bits (Prev, Next): (CMBitMap*) 0x00000151df13a950, (CMBitMap*) 0x00000151df13a990
 Prev Bits: [0x00000151f7c60000, 0x00000151fbc30000)
 Next Bits: [0x00000151fbc30000, 0x00000151ffc00000)

Polling page: 0x00000151de880000

Metaspace:

Usage:
  Non-class:      1.77 MB used.
      Class:    174.76 KB used.
       Both:      1.94 MB used.

Virtual space:
  Non-class space:       64.00 MB reserved,       1.88 MB (  3%) committed,  1 nodes.
      Class space:        1.00 GB reserved,     256.00 KB ( <1%) committed,  1 nodes.
             Both:        1.06 GB reserved,       2.12 MB ( <1%) committed. 

Chunk freelists:
   Non-Class:  11.28 MB
       Class:  15.66 MB
        Both:  26.94 MB

MaxMetaspaceSize: unlimited
CompressedClassSpaceSize: 1.00 GB
Initial GC threshold: 21.00 MB
Current GC threshold: 21.00 MB
CDS: on
MetaspaceReclaimPolicy: balanced
 - commit_granule_bytes: 65536.
 - commit_granule_words: 8192.
 - virtual_space_node_default_size: 8388608.
 - enlarge_chunks_in_place: 1.
 - new_chunks_are_fully_committed: 0.
 - uncommit_free_chunks: 1.
 - use_allocation_guard: 0.
 - handle_deallocations: 1.


Internal statistics:

num_allocs_failed_limit: 0.
num_arena_births: 20.
num_arena_deaths: 0.
num_vsnodes_births: 2.
num_vsnodes_deaths: 0.
num_space_committed: 34.
num_space_uncommitted: 0.
num_chunks_returned_to_freelist: 0.
num_chunks_taken_from_freelist: 59.
num_chunk_merges: 0.
num_chunk_splits: 37.
num_chunks_enlarged: 29.
num_inconsistent_stats: 0.

CodeHeap 'non-profiled nmethods': size=119168Kb used=422Kb max_used=422Kb free=118745Kb
 bounds [0x00000151ee780000, 0x00000151ee9f0000, 0x00000151f5be0000]
CodeHeap 'profiled nmethods': size=119104Kb used=1171Kb max_used=1171Kb free=117932Kb
 bounds [0x00000151e6be0000, 0x00000151e6e50000, 0x00000151ee030000]
CodeHeap 'non-nmethods': size=7488Kb used=1708Kb max_used=1748Kb free=5779Kb
 bounds [0x00000151ee030000, 0x00000151ee2a0000, 0x00000151ee780000]
 total_blobs=1138 nmethods=704 adapters=346
 compilation: enabled
              stopped_count=0, restarted_count=0
 full_count=0

Compilation events (20 events):
Event: 0.451 Thread 0x00000151c4150fd0  695       3       java.lang.Class::forName (47 bytes)
Event: 0.451 Thread 0x00000151c441a060  696       4       java.lang.String::<init> (15 bytes)
Event: 0.451 Thread 0x00000151c4028fd0  697       1       java.lang.NamedPackage::module (5 bytes)
Event: 0.451 Thread 0x00000151c4150fd0 nmethod 695 0x00000151e6cfc310 code [0x00000151e6cfc520, 0x00000151e6cfcb08]
Event: 0.451 Thread 0x00000151c4028fd0 nmethod 697 0x00000151ee7e1c90 code [0x00000151ee7e1e20, 0x00000151ee7e1ef8]
Event: 0.452 Thread 0x00000151c441a060 nmethod 696 0x00000151ee7e1f90 code [0x00000151ee7e2100, 0x00000151ee7e2258]
Event: 0.452 Thread 0x00000151c4028fd0  698       3       java.util.WeakHashMap::matchesKey (33 bytes)
Event: 0.453 Thread 0x00000151c4028fd0 nmethod 698 0x00000151e6cfcd90 code [0x00000151e6cfcf60, 0x00000151e6cfd498]
Event: 0.453 Thread 0x00000151c4028fd0  699   !   3       java.util.zip.Inflater::inflate (418 bytes)
Event: 0.453 Thread 0x00000151c4150fd0  701       3       java.util.ArrayDeque::peek (5 bytes)
Event: 0.453 Thread 0x00000151c4150fd0 nmethod 701 0x00000151e6cfd610 code [0x00000151e6cfd7c0, 0x00000151e6cfd9d8]
Event: 0.453 Thread 0x00000151c4150fd0  702       3       java.util.ArrayDeque::peekFirst (12 bytes)
Event: 0.453 Thread 0x00000151c4150fd0 nmethod 702 0x00000151e6cfdb10 code [0x00000151e6cfdca0, 0x00000151e6cfde38]
Event: 0.453 Thread 0x00000151c4150fd0  703   !   3       org.bytedeco.javacpp.Loader::putMemberOffset (97 bytes)
Event: 0.453 Thread 0x00000151c4028fd0 nmethod 699 0x00000151e6cfdf90 code [0x00000151e6cfe260, 0x00000151e6cff448]
Event: 0.453 Thread 0x00000151c4028fd0  704       3       java.util.zip.ZipUtils::CENLEN (9 bytes)
Event: 0.454 Thread 0x00000151c4028fd0 nmethod 704 0x00000151e6cffe10 code [0x00000151e6cfffc0, 0x00000151e6d00298]
Event: 0.454 Thread 0x00000151c4028fd0  705       3       java.util.WeakHashMap::get (75 bytes)
Event: 0.454 Thread 0x00000151c4028fd0 nmethod 705 0x00000151e6d00410 code [0x00000151e6d00640, 0x00000151e6d00f18]
Event: 0.454 Thread 0x00000151c4150fd0 nmethod 703 0x00000151e6d01290 code [0x00000151e6d01780, 0x00000151e6d03e78]

GC Heap History (0 events):
No events

Dll operation events (20 events):
Event: 0.293 Loaded shared library C:\Program Files (x86)\Windows Kits\10\Redist\ucrt\DLLs\x64\api-ms-win-core-rtlsupport-l1-1-0.dll
Event: 0.301 Loaded shared library C:\Program Files (x86)\Windows Kits\10\Redist\ucrt\DLLs\x64\api-ms-win-core-processthreads-l1-1-1.dll
Event: 0.307 Loaded shared library C:\Program Files (x86)\Windows Kits\10\Redist\ucrt\DLLs\x64\api-ms-win-core-file-l1-2-0.dll
Event: 0.314 Loaded shared library C:\Program Files (x86)\Windows Kits\10\Redist\ucrt\DLLs\x64\api-ms-win-core-profile-l1-1-0.dll
Event: 0.322 Loaded shared library C:\Program Files (x86)\Windows Kits\10\Redist\ucrt\DLLs\x64\api-ms-win-core-memory-l1-1-0.dll
Event: 0.329 Loaded shared library C:\Program Files (x86)\Windows Kits\10\Redist\ucrt\DLLs\x64\api-ms-win-core-util-l1-1-0.dll
Event: 0.336 Loaded shared library C:\Program Files (x86)\Windows Kits\10\Redist\ucrt\DLLs\x64\api-ms-win-core-interlocked-l1-1-0.dll
Event: 0.343 Loaded shared library C:\Program Files (x86)\Windows Kits\10\Redist\ucrt\DLLs\x64\ucrtbase.dll
Event: 0.350 Loaded shared library C:\Users\Gebruiker\.jdks\corretto-17.0.10\bin\vcruntime140.dll
Event: 0.357 Loaded shared library C:\Users\Gebruiker\.jdks\corretto-17.0.10\bin\vcruntime140_1.dll
Event: 0.364 Loaded shared library C:\Users\Gebruiker\.jdks\corretto-17.0.10\bin\msvcp140.dll
Event: 0.371 Loaded shared library C:\Windows\System32\msvcp140_1.dll
Event: 0.378 Loaded shared library C:\Windows\System32\concrt140.dll
Event: 0.387 Loaded shared library C:\Windows\System32\vcomp140.dll
Event: 0.402 Loaded shared library C:\Windows\System32\winmm.dll
Event: 0.404 Loaded shared library C:\Windows\System32\opengl32.dll
Event: 0.405 Loaded shared library C:\Windows\System32\user32.dll
Event: 0.407 Loaded shared library C:\Windows\System32\shell32.dll
Event: 0.408 Loaded shared library C:\Windows\System32\gdi32.dll
Event: 0.426 Loaded shared library C:\Users\Gebruiker\.javacpp\cache\jaylib-4.5.0-0.jar\com\raylib\windows-x86_64\jniRaylib.dll

Deoptimization events (20 events):
Event: 0.400 Thread 0x00000151df0cafc0 DEOPT PACKING pc=0x00000151ee7a65e4 sp=0x0000001d5a8fda10
Event: 0.400 Thread 0x00000151df0cafc0 DEOPT UNPACKING pc=0x00000151ee0869a3 sp=0x0000001d5a8fd998 mode 2
Event: 0.400 Thread 0x00000151df0cafc0 Uncommon trap: trap_request=0xffffff45 fr.pc=0x00000151ee7be2f4 relative=0x0000000000001354
Event: 0.400 Thread 0x00000151df0cafc0 Uncommon trap: reason=unstable_if action=reinterpret pc=0x00000151ee7be2f4 method=java.net.URL.<init>(Ljava/net/URL;Ljava/lang/String;Ljava/net/URLStreamHandler;)V @ 273 c2
Event: 0.400 Thread 0x00000151df0cafc0 DEOPT PACKING pc=0x00000151ee7be2f4 sp=0x0000001d5a8fd950
Event: 0.400 Thread 0x00000151df0cafc0 DEOPT UNPACKING pc=0x00000151ee0869a3 sp=0x0000001d5a8fd8e0 mode 2
Event: 0.412 Thread 0x00000151df0cafc0 Uncommon trap: trap_request=0xffffff45 fr.pc=0x00000151ee7acd98 relative=0x00000000000001d8
Event: 0.412 Thread 0x00000151df0cafc0 Uncommon trap: reason=unstable_if action=reinterpret pc=0x00000151ee7acd98 method=java.io.WinNTFileSystem.normalize(Ljava/lang/String;)Ljava/lang/String; @ 104 c2
Event: 0.412 Thread 0x00000151df0cafc0 DEOPT PACKING pc=0x00000151ee7acd98 sp=0x0000001d5a8fe650
Event: 0.412 Thread 0x00000151df0cafc0 DEOPT UNPACKING pc=0x00000151ee0869a3 sp=0x0000001d5a8fe5d8 mode 2
Event: 0.421 Thread 0x00000151df0cafc0 Uncommon trap: trap_request=0xffffff45 fr.pc=0x00000151ee7c9b04 relative=0x0000000000003c84
Event: 0.421 Thread 0x00000151df0cafc0 Uncommon trap: reason=unstable_if action=reinterpret pc=0x00000151ee7c9b04 method=sun.net.www.ParseUtil.firstEncodeIndex(Ljava/lang/String;)I @ 51 c2
Event: 0.421 Thread 0x00000151df0cafc0 DEOPT PACKING pc=0x00000151ee7c9b04 sp=0x0000001d5a8fd2c0
Event: 0.421 Thread 0x00000151df0cafc0 DEOPT UNPACKING pc=0x00000151ee0869a3 sp=0x0000001d5a8fcfe0 mode 2
Event: 0.421 Thread 0x00000151df0cafc0 Uncommon trap: trap_request=0xffffff45 fr.pc=0x00000151ee7a47a8 relative=0x0000000000000208
Event: 0.421 Thread 0x00000151df0cafc0 Uncommon trap: reason=unstable_if action=reinterpret pc=0x00000151ee7a47a8 method=sun.net.www.ParseUtil.firstEncodeIndex(Ljava/lang/String;)I @ 51 c2
Event: 0.421 Thread 0x00000151df0cafc0 DEOPT PACKING pc=0x00000151ee7a47a8 sp=0x0000001d5a8fd030
Event: 0.421 Thread 0x00000151df0cafc0 DEOPT UNPACKING pc=0x00000151ee0869a3 sp=0x0000001d5a8fcfe0 mode 2
Event: 0.439 Thread 0x00000151df0cafc0 DEOPT PACKING pc=0x00000151e6ceb318 sp=0x0000001d5a8fd410
Event: 0.439 Thread 0x00000151df0cafc0 DEOPT UNPACKING pc=0x00000151ee087143 sp=0x0000001d5a8fc928 mode 0

Classes unloaded (0 events):
No events

Classes redefined (0 events):
No events

Internal exceptions (7 events):
Event: 0.075 Thread 0x00000151df0cafc0 Exception <a 'java/lang/NoSuchMethodError'{0x000000071086bab8}: 'int java.lang.invoke.DirectMethodHandle$Holder.invokeStaticInit(java.lang.Object, java.lang.Object, java.lang.Object, java.lang.Object)'> (0x000000071086bab8) 
thrown [s\src\hotspot\share\interpreter\linkResolver.cpp, line 759]
Event: 0.077 Thread 0x00000151df0cafc0 Exception <a 'java/lang/NoSuchMethodError'{0x00000007108767c8}: 'java.lang.Object java.lang.invoke.DirectMethodHandle$Holder.invokeInterface(java.lang.Object, java.lang.Object)'> (0x00000007108767c8) 
thrown [s\src\hotspot\share\interpreter\linkResolver.cpp, line 759]
Event: 0.077 Thread 0x00000151df0cafc0 Exception <a 'java/lang/IncompatibleClassChangeError'{0x0000000710879ee0}: Found class java.lang.Object, but interface was expected> (0x0000000710879ee0) 
thrown [s\src\hotspot\share\interpreter\linkResolver.cpp, line 826]
Event: 0.077 Thread 0x00000151df0cafc0 Exception <a 'java/lang/NoSuchMethodError'{0x000000071087d088}: 'void java.lang.invoke.DirectMethodHandle$Holder.invokeStatic(java.lang.Object, java.lang.Object)'> (0x000000071087d088) 
thrown [s\src\hotspot\share\interpreter\linkResolver.cpp, line 759]
Event: 0.078 Thread 0x00000151df0cafc0 Exception <a 'java/lang/NoSuchMethodError'{0x00000007108806f8}: 'void java.lang.invoke.DirectMethodHandle$Holder.invokeStaticInit(java.lang.Object, java.lang.Object)'> (0x00000007108806f8) 
thrown [s\src\hotspot\share\interpreter\linkResolver.cpp, line 759]
Event: 0.079 Thread 0x00000151df0cafc0 Exception <a 'java/lang/NoSuchMethodError'{0x0000000710886de0}: 'int java.lang.invoke.DirectMethodHandle$Holder.invokeStaticInit(java.lang.Object, java.lang.Object)'> (0x0000000710886de0) 
thrown [s\src\hotspot\share\interpreter\linkResolver.cpp, line 759]
Event: 0.423 Thread 0x00000151df0cafc0 Exception <a 'java/lang/NoSuchMethodError'{0x000000070f6f9de0}: 'java.lang.Object java.lang.invoke.DirectMethodHandle$Holder.invokeStatic(java.lang.Object, int, java.lang.Object)'> (0x000000070f6f9de0) 
thrown [s\src\hotspot\share\interpreter\linkResolver.cpp, line 759]

VM Operations (4 events):
Event: 0.056 Executing VM operation: HandshakeAllThreads
Event: 0.056 Executing VM operation: HandshakeAllThreads done
Event: 0.112 Executing VM operation: HandshakeAllThreads
Event: 0.112 Executing VM operation: HandshakeAllThreads done

Events (20 events):
Event: 0.421 loading class java/io/Externalizable
Event: 0.421 loading class java/io/Externalizable done
Event: 0.421 loading class java/time/zone/Ser done
Event: 0.421 loading class java/time/Month
Event: 0.422 loading class java/time/Month done
Event: 0.422 loading class java/time/DayOfWeek
Event: 0.422 loading class java/time/DayOfWeek done
Event: 0.422 loading class java/time/zone/ZoneOffsetTransitionRule$TimeDefinition
Event: 0.422 loading class java/time/zone/ZoneOffsetTransitionRule$TimeDefinition done
Event: 0.422 loading class java/time/zone/ZoneOffsetTransition
Event: 0.422 loading class java/time/zone/ZoneOffsetTransition done
Event: 0.423 loading class java/time/temporal/TemporalAdjusters
Event: 0.423 loading class java/time/temporal/TemporalAdjusters done
Event: 0.424 loading class java/time/zone/ZoneOffsetTransitionRule$1
Event: 0.424 loading class java/time/zone/ZoneOffsetTransitionRule$1 done
Event: 0.424 loading class java/util/concurrent/TimeUnit$1
Event: 0.424 loading class java/util/concurrent/TimeUnit$1 done
Event: 0.436 loading class java/lang/NumberFormatException
Event: 0.436 loading class java/lang/NumberFormatException done
Event: 0.437 Thread 0x00000151c4bc3540 Thread added: 0x00000151c4bc3540


Dynamic libraries:
0x00007ff67ac90000 - 0x00007ff67ac9e000 	C:\Users\Gebruiker\.jdks\corretto-17.0.10\bin\java.exe
0x00007ff8581f0000 - 0x00007ff858407000 	C:\WINDOWS\SYSTEM32\ntdll.dll
0x00007ff857dc0000 - 0x00007ff857e84000 	C:\WINDOWS\System32\KERNEL32.DLL
0x00007ff8559f0000 - 0x00007ff855d96000 	C:\WINDOWS\System32\KERNELBASE.dll
0x00007ff855860000 - 0x00007ff855971000 	C:\WINDOWS\System32\ucrtbase.dll
0x00007ff82b130000 - 0x00007ff82b147000 	C:\Users\Gebruiker\.jdks\corretto-17.0.10\bin\jli.dll
0x00007ff82ca20000 - 0x00007ff82ca3b000 	C:\Users\Gebruiker\.jdks\corretto-17.0.10\bin\VCRUNTIME140.dll
0x00007ff856240000 - 0x00007ff8563ee000 	C:\WINDOWS\System32\USER32.dll
0x00007ff855710000 - 0x00007ff855736000 	C:\WINDOWS\System32\win32u.dll
0x00007ff83aea0000 - 0x00007ff83b133000 	C:\WINDOWS\WinSxS\amd64_microsoft.windows.common-controls_6595b64144ccf1df_6.0.22621.2506_none_270c5ae97388e100\COMCTL32.dll
0x00007ff857e90000 - 0x00007ff857eb9000 	C:\WINDOWS\System32\GDI32.dll
0x00007ff857bf0000 - 0x00007ff857c97000 	C:\WINDOWS\System32\msvcrt.dll
0x00007ff855530000 - 0x00007ff855648000 	C:\WINDOWS\System32\gdi32full.dll
0x00007ff855740000 - 0x00007ff8557da000 	C:\WINDOWS\System32\msvcp_win.dll
0x00007ff8563f0000 - 0x00007ff856421000 	C:\WINDOWS\System32\IMM32.DLL
0x00007ff831730000 - 0x00007ff83173c000 	C:\Users\Gebruiker\.jdks\corretto-17.0.10\bin\vcruntime140_1.dll
0x00007ff80a830000 - 0x00007ff80a8bd000 	C:\Users\Gebruiker\.jdks\corretto-17.0.10\bin\msvcp140.dll
0x00007fff6dd50000 - 0x00007fff6e9b2000 	C:\Users\Gebruiker\.jdks\corretto-17.0.10\bin\server\jvm.dll
0x00007ff8570f0000 - 0x00007ff8571a3000 	C:\WINDOWS\System32\ADVAPI32.dll
0x00007ff857fa0000 - 0x00007ff858048000 	C:\WINDOWS\System32\sechost.dll
0x00007ff855f10000 - 0x00007ff855f38000 	C:\WINDOWS\System32\bcrypt.dll
0x00007ff857ca0000 - 0x00007ff857db7000 	C:\WINDOWS\System32\RPCRT4.dll
0x00007ff8543b0000 - 0x00007ff8543fd000 	C:\WINDOWS\SYSTEM32\POWRPROF.dll
0x00007ff84e450000 - 0x00007ff84e484000 	C:\WINDOWS\SYSTEM32\WINMM.dll
0x00007ff847490000 - 0x00007ff847499000 	C:\WINDOWS\SYSTEM32\WSOCK32.dll
0x00007ff84f410000 - 0x00007ff84f41a000 	C:\WINDOWS\SYSTEM32\VERSION.dll
0x00007ff856430000 - 0x00007ff8564a1000 	C:\WINDOWS\System32\WS2_32.dll
0x00007ff854390000 - 0x00007ff8543a3000 	C:\WINDOWS\SYSTEM32\UMPDC.dll
0x00007ff854650000 - 0x00007ff854668000 	C:\WINDOWS\SYSTEM32\kernel.appcore.dll
0x00007ff830980000 - 0x00007ff83098a000 	C:\Users\Gebruiker\.jdks\corretto-17.0.10\bin\jimage.dll
0x00007ff846160000 - 0x00007ff846393000 	C:\WINDOWS\SYSTEM32\DBGHELP.DLL
0x00007ff856970000 - 0x00007ff856cf9000 	C:\WINDOWS\System32\combase.dll
0x00007ff855f40000 - 0x00007ff856017000 	C:\WINDOWS\System32\OLEAUT32.dll
0x00007ff846120000 - 0x00007ff846152000 	C:\WINDOWS\SYSTEM32\dbgcore.DLL
0x00007ff8557e0000 - 0x00007ff85585a000 	C:\WINDOWS\System32\bcryptPrimitives.dll
0x00007ff82a120000 - 0x00007ff82a145000 	C:\Users\Gebruiker\.jdks\corretto-17.0.10\bin\java.dll
0x00007fffdc570000 - 0x00007fffdc647000 	C:\Users\Gebruiker\.jdks\corretto-17.0.10\bin\jsvml.dll
0x00007ff8571b0000 - 0x00007ff857a0a000 	C:\WINDOWS\System32\SHELL32.dll
0x00007ff853490000 - 0x00007ff853d86000 	C:\WINDOWS\SYSTEM32\windows.storage.dll
0x00007ff853350000 - 0x00007ff85348e000 	C:\WINDOWS\SYSTEM32\wintypes.dll
0x00007ff8580b0000 - 0x00007ff8581a3000 	C:\WINDOWS\System32\SHCORE.dll
0x00007ff857ec0000 - 0x00007ff857f1e000 	C:\WINDOWS\System32\shlwapi.dll
0x00007ff855460000 - 0x00007ff855486000 	C:\WINDOWS\SYSTEM32\profapi.dll
0x00007ff82b0b0000 - 0x00007ff82b0c9000 	C:\Users\Gebruiker\.jdks\corretto-17.0.10\bin\net.dll
0x00007ff84ef30000 - 0x00007ff84f067000 	C:\WINDOWS\SYSTEM32\WINHTTP.dll
0x00007ff854ad0000 - 0x00007ff854b39000 	C:\WINDOWS\system32\mswsock.dll
0x00007ff82ad00000 - 0x00007ff82ad16000 	C:\Users\Gebruiker\.jdks\corretto-17.0.10\bin\nio.dll
0x00007ff829db0000 - 0x00007ff829dc8000 	C:\Users\Gebruiker\.jdks\corretto-17.0.10\bin\zip.dll
0x0000015182df0000 - 0x0000015182df3000 	C:\Program Files (x86)\Windows Kits\10\Redist\ucrt\DLLs\x64\api-ms-win-crt-locale-l1-1-0.dll
0x0000015182e00000 - 0x0000015182e04000 	C:\Program Files (x86)\Windows Kits\10\Redist\ucrt\DLLs\x64\api-ms-win-crt-string-l1-1-0.dll
0x0000015182e10000 - 0x0000015182e14000 	C:\Program Files (x86)\Windows Kits\10\Redist\ucrt\DLLs\x64\api-ms-win-crt-stdio-l1-1-0.dll
0x0000015182e20000 - 0x0000015182e25000 	C:\Program Files (x86)\Windows Kits\10\Redist\ucrt\DLLs\x64\api-ms-win-crt-math-l1-1-0.dll
0x0000015182e30000 - 0x0000015182e33000 	C:\Program Files (x86)\Windows Kits\10\Redist\ucrt\DLLs\x64\api-ms-win-crt-heap-l1-1-0.dll
0x0000015182e40000 - 0x0000015182e44000 	C:\Program Files (x86)\Windows Kits\10\Redist\ucrt\DLLs\x64\api-ms-win-crt-runtime-l1-1-0.dll
0x0000015182e50000 - 0x0000015182e54000 	C:\Program Files (x86)\Windows Kits\10\Redist\ucrt\DLLs\x64\api-ms-win-crt-convert-l1-1-0.dll
0x0000015182e60000 - 0x0000015182e63000 	C:\Program Files (x86)\Windows Kits\10\Redist\ucrt\DLLs\x64\api-ms-win-crt-environment-l1-1-0.dll
0x0000015182e70000 - 0x0000015182e73000 	C:\Program Files (x86)\Windows Kits\10\Redist\ucrt\DLLs\x64\api-ms-win-crt-time-l1-1-0.dll
0x0000015182e80000 - 0x0000015182e83000 	C:\Program Files (x86)\Windows Kits\10\Redist\ucrt\DLLs\x64\api-ms-win-crt-filesystem-l1-1-0.dll
0x0000015182e90000 - 0x0000015182e93000 	C:\Program Files (x86)\Windows Kits\10\Redist\ucrt\DLLs\x64\api-ms-win-crt-utility-l1-1-0.dll
0x0000015182ea0000 - 0x0000015182ea5000 	C:\Program Files (x86)\Windows Kits\10\Redist\ucrt\DLLs\x64\api-ms-win-crt-multibyte-l1-1-0.dll
0x0000015182eb0000 - 0x0000015182eb3000 	C:\Program Files (x86)\Windows Kits\10\Redist\ucrt\DLLs\x64\api-ms-win-crt-conio-l1-1-0.dll
0x0000015182ec0000 - 0x0000015182ecf000 	C:\Program Files (x86)\Windows Kits\10\Redist\ucrt\DLLs\x64\api-ms-win-crt-private-l1-1-0.dll
0x0000015182ed0000 - 0x0000015182ed3000 	C:\Program Files (x86)\Windows Kits\10\Redist\ucrt\DLLs\x64\api-ms-win-crt-process-l1-1-0.dll
0x0000015182ee0000 - 0x0000015182ee3000 	C:\Program Files (x86)\Windows Kits\10\Redist\ucrt\DLLs\x64\api-ms-win-core-string-l1-1-0.dll
0x0000015182ef0000 - 0x0000015182ef3000 	C:\Program Files (x86)\Windows Kits\10\Redist\ucrt\DLLs\x64\api-ms-win-core-errorhandling-l1-1-0.dll
0x0000015182f00000 - 0x0000015182f03000 	C:\Program Files (x86)\Windows Kits\10\Redist\ucrt\DLLs\x64\api-ms-win-core-timezone-l1-1-0.dll
0x0000015182f10000 - 0x0000015182f14000 	C:\Program Files (x86)\Windows Kits\10\Redist\ucrt\DLLs\x64\api-ms-win-core-file-l1-1-0.dll
0x0000015182f20000 - 0x0000015182f23000 	C:\Program Files (x86)\Windows Kits\10\Redist\ucrt\DLLs\x64\api-ms-win-core-namedpipe-l1-1-0.dll
0x0000015182f30000 - 0x0000015182f33000 	C:\Program Files (x86)\Windows Kits\10\Redist\ucrt\DLLs\x64\api-ms-win-core-handle-l1-1-0.dll
0x0000015182f40000 - 0x0000015182f43000 	C:\Program Files (x86)\Windows Kits\10\Redist\ucrt\DLLs\x64\api-ms-win-core-file-l2-1-0.dll
0x0000015182f50000 - 0x0000015182f53000 	C:\Program Files (x86)\Windows Kits\10\Redist\ucrt\DLLs\x64\api-ms-win-core-heap-l1-1-0.dll
0x0000015182f60000 - 0x0000015182f63000 	C:\Program Files (x86)\Windows Kits\10\Redist\ucrt\DLLs\x64\api-ms-win-core-libraryloader-l1-1-0.dll
0x0000015182f70000 - 0x0000015182f73000 	C:\Program Files (x86)\Windows Kits\10\Redist\ucrt\DLLs\x64\api-ms-win-core-synch-l1-1-0.dll
0x0000015182f80000 - 0x0000015182f83000 	C:\Program Files (x86)\Windows Kits\10\Redist\ucrt\DLLs\x64\api-ms-win-core-processthreads-l1-1-0.dll
0x0000015182f90000 - 0x0000015182f93000 	C:\Program Files (x86)\Windows Kits\10\Redist\ucrt\DLLs\x64\api-ms-win-core-processenvironment-l1-1-0.dll
0x0000015182fa0000 - 0x0000015182fa3000 	C:\Program Files (x86)\Windows Kits\10\Redist\ucrt\DLLs\x64\api-ms-win-core-datetime-l1-1-0.dll
0x0000015182fb0000 - 0x0000015182fb3000 	C:\Program Files (x86)\Windows Kits\10\Redist\ucrt\DLLs\x64\api-ms-win-core-localization-l1-2-0.dll
0x0000015182fc0000 - 0x0000015182fc3000 	C:\Program Files (x86)\Windows Kits\10\Redist\ucrt\DLLs\x64\api-ms-win-core-sysinfo-l1-1-0.dll
0x0000015182fd0000 - 0x0000015182fd3000 	C:\Program Files (x86)\Windows Kits\10\Redist\ucrt\DLLs\x64\api-ms-win-core-synch-l1-2-0.dll
0x0000015182fe0000 - 0x0000015182fe3000 	C:\Program Files (x86)\Windows Kits\10\Redist\ucrt\DLLs\x64\api-ms-win-core-console-l1-1-0.dll
0x0000015182ff0000 - 0x0000015182ff3000 	C:\Program Files (x86)\Windows Kits\10\Redist\ucrt\DLLs\x64\api-ms-win-core-debug-l1-1-0.dll
0x00000151c4c00000 - 0x00000151c4c03000 	C:\Program Files (x86)\Windows Kits\10\Redist\ucrt\DLLs\x64\api-ms-win-core-rtlsupport-l1-1-0.dll
0x00000151c4c10000 - 0x00000151c4c13000 	C:\Program Files (x86)\Windows Kits\10\Redist\ucrt\DLLs\x64\api-ms-win-core-processthreads-l1-1-1.dll
0x00000151c4c20000 - 0x00000151c4c23000 	C:\Program Files (x86)\Windows Kits\10\Redist\ucrt\DLLs\x64\api-ms-win-core-file-l1-2-0.dll
0x00000151c4c30000 - 0x00000151c4c33000 	C:\Program Files (x86)\Windows Kits\10\Redist\ucrt\DLLs\x64\api-ms-win-core-profile-l1-1-0.dll
0x00000151c4c40000 - 0x00000151c4c43000 	C:\Program Files (x86)\Windows Kits\10\Redist\ucrt\DLLs\x64\api-ms-win-core-memory-l1-1-0.dll
0x00000151c4c50000 - 0x00000151c4c53000 	C:\Program Files (x86)\Windows Kits\10\Redist\ucrt\DLLs\x64\api-ms-win-core-util-l1-1-0.dll
0x00000151c4c60000 - 0x00000151c4c63000 	C:\Program Files (x86)\Windows Kits\10\Redist\ucrt\DLLs\x64\api-ms-win-core-interlocked-l1-1-0.dll
0x00007ff83d830000 - 0x00007ff83d922000 	C:\Program Files (x86)\Windows Kits\10\Redist\ucrt\DLLs\x64\ucrtbase.dll
0x00007ff850ed0000 - 0x00007ff850ed9000 	C:\Windows\System32\msvcp140_1.dll
0x00007ff831a40000 - 0x00007ff831a8e000 	C:\Windows\System32\concrt140.dll
0x00007ff83ee70000 - 0x00007ff83eea1000 	C:\Windows\System32\vcomp140.dll
0x00007ff806c70000 - 0x00007ff806d70000 	C:\Windows\System32\opengl32.dll
0x00007ff806c40000 - 0x00007ff806c6d000 	C:\WINDOWS\SYSTEM32\GLU32.dll
0x00007ff852cc0000 - 0x00007ff852cf6000 	C:\WINDOWS\SYSTEM32\dxcore.dll
0x00007fffdc350000 - 0x00007fffdc56d000 	C:\Users\Gebruiker\.javacpp\cache\jaylib-4.5.0-0.jar\com\raylib\windows-x86_64\jniRaylib.dll

dbghelp: loaded successfully - version: 4.0.5 - missing functions: none
symbol engine: initialized successfully - sym options: 0x614 - pdb path: .;C:\Users\Gebruiker\.jdks\corretto-17.0.10\bin;C:\WINDOWS\SYSTEM32;C:\WINDOWS\WinSxS\amd64_microsoft.windows.common-controls_6595b64144ccf1df_6.0.22621.2506_none_270c5ae97388e100;C:\Users\Gebruiker\.jdks\corretto-17.0.10\bin\server;C:\Program Files (x86)\Windows Kits\10\Redist\ucrt\DLLs\x64;C:\Users\Gebruiker\.javacpp\cache\jaylib-4.5.0-0.jar\com\raylib\windows-x86_64

VM Arguments:
jvm_args: -Dfile.encoding=windows-1252 -Duser.country=NL -Duser.language=nl -Duser.variant 
java_command: PineVille.GameScene
java_class_path (initial): C:\Users\Gebruiker\Documents\GitHub\PineVille\build\classes\java\main;C:\Users\Gebruiker\Documents\GitHub\PineVille\build\resources\main;C:\Users\Gebruiker\.gradle\caches\modules-2\files-2.1\uk.co.electronstudio.jaylib\jaylib\4.5.0-0\90c0d608df9bbd32f5f34683acc58cb433e94508\jaylib-4.5.0-0.jar
Launcher Type: SUN_STANDARD

[Global flags]
     intx CICompilerCount                          = 12                                        {product} {ergonomic}
     uint ConcGCThreads                            = 3                                         {product} {ergonomic}
     uint G1ConcRefinementThreads                  = 13                                        {product} {ergonomic}
   size_t G1HeapRegionSize                         = 2097152                                   {product} {ergonomic}
    uintx GCDrainStackTargetSize                   = 64                                        {product} {ergonomic}
   size_t InitialHeapSize                          = 268435456                                 {product} {ergonomic}
   size_t MarkStackSize                            = 4194304                                   {product} {ergonomic}
   size_t MaxHeapSize                              = 4282384384                                {product} {ergonomic}
   size_t MaxNewSize                               = 2569011200                                {product} {ergonomic}
   size_t MinHeapDeltaBytes                        = 2097152                                   {product} {ergonomic}
   size_t MinHeapSize                              = 8388608                                   {product} {ergonomic}
    uintx NonNMethodCodeHeapSize                   = 7602480                                {pd product} {ergonomic}
    uintx NonProfiledCodeHeapSize                  = 122027880                              {pd product} {ergonomic}
    uintx ProfiledCodeHeapSize                     = 122027880                              {pd product} {ergonomic}
    uintx ReservedCodeCacheSize                    = 251658240                              {pd product} {ergonomic}
     bool SegmentedCodeCache                       = true                                      {product} {ergonomic}
   size_t SoftMaxHeapSize                          = 4282384384                             {manageable} {ergonomic}
     bool UseCompressedClassPointers               = true                           {product lp64_product} {ergonomic}
     bool UseCompressedOops                        = true                           {product lp64_product} {ergonomic}
     bool UseG1GC                                  = true                                      {product} {ergonomic}
     bool UseLargePagesIndividualAllocation        = false                                  {pd product} {ergonomic}

Logging:
Log output configuration:
 #0: stdout all=warning uptime,level,tags
 #1: stderr all=off uptime,level,tags

Environment Variables:
JAVA_HOME=C:\Program Files\OpenJDK\jdk-8.0.292.10-hotspot\
PATH=C:\Program Files\Common Files\Oracle\Java\javapath;C:\Program Files (x86)\Common Files\Oracle\Java\javapath;C:\Program Files (x86)\Common Files\Intel\Shared Libraries\redist\intel64\compiler;C:\Program Files\OpenJDK\jdk-8.0.292.10-hotspot\bin;C:\Program Files (x86)\Razer Chroma SDK\bin;C:\Program Files\Razer Chroma SDK\bin;C:\Program Files (x86)\Razer\ChromaBroadcast\bin;C:\Program Files\Razer\ChromaBroadcast\bin;C:\Windows\system32;C:\Windows;C:\Windows\System32\Wbem;C:\Windows\System32\WindowsPowerShell\v1.0\;C:\Windows\System32\OpenSSH\;C:\Program Files\WorldPainter;C:\Windows\system32\config\systemprofile\AppData\Local\Microsoft\WindowsApps;C:\WINDOWS\system32;C:\WINDOWS;C:\WINDOWS\System32\Wbem;C:\WINDOWS\System32\WindowsPowerShell\v1.0\;C:\WINDOWS\System32\OpenSSH\;C:\Users\Gebruiker\AppData\Local\Microsoft\WindowsApps;C:\Program Files\Git\cmd;C:\Program Files (x86)\NVIDIA Corporation\PhysX\Common;C:\WINDOWS\system32;C:\WINDOWS;C:\WINDOWS\System32\Wbem;C:\WINDOWS\System32\WindowsPowerShell\v1.0\;C:\WINDOWS\System32\OpenSSH\;C:\Program Files\NVIDIA Corporation\NVIDIA NvDLISR;C:\Program Files\dotnet\;C:\Users\Gebruiker\AppData\Local\Microsoft\WindowsApps;C:\Users\Gebruiker\AppData\Local\GitHubDesktop\bin;C:\Users\Gebruiker\.dotnet\tools;C:\Users\Gebruiker\AppData\Local\Programs\Microsoft VS Code\bin
USERNAME=Gebruiker
OS=Windows_NT
PROCESSOR_IDENTIFIER=AMD64 Family 23 Model 113 Stepping 0, AuthenticAMD
TMP=C:\Users\GEBRUI~1\AppData\Local\Temp
TEMP=C:\Users\GEBRUI~1\AppData\Local\Temp



Periodic native trim disabled


---------------  S Y S T E M  ---------------

OS:
 Windows 11 , 64 bit Build 22621 (10.0.22621.2506)
OS uptime: 2 days 8:21 hours

CPU: total 16 (initial active 16) (16 cores per cpu, 2 threads per core) family 23 model 113 stepping 0 microcode 0x0, cx8, cmov, fxsr, ht, mmx, 3dnowpref, sse, sse2, sse3, ssse3, sse4a, sse4.1, sse4.2, popcnt, lzcnt, tsc, tscinvbit, avx, avx2, aes, clmul, bmi1, bmi2, adx, sha, fma, vzeroupper, clflush, clflushopt
Processor Information for all 16 processors :
  Max Mhz: 3593, Current Mhz: 3593, Mhz Limit: 3593

Memory: 4k page, system-wide physical 16329M (5464M free)
TotalPageFile size 31970M (AvailPageFile size 9130M)
current process WorkingSet (physical memory assigned to process): 98M, peak: 100M
current process commit charge ("private bytes"): 393M, peak: 396M

vm_info: OpenJDK 64-Bit Server VM (17.0.10+7-LTS) for windows-amd64 JRE (17.0.10+7-LTS), built on Jan 10 2024 22:11:07 by "Administrator" with MS VC++ 16.10 / 16.11 (VS2019)

END.
