#
# A fatal error has been detected by the Java Runtime Environment:
#
#  EXCEPTION_ACCESS_VIOLATION (0xc0000005) at pc=0x0000000000000000, pid=14640, tid=27980
#
# JRE version: OpenJDK Runtime Environment Corretto-17.0.10.7.1 (17.0.10+7) (build 17.0.10+7-LTS)
# Java VM: OpenJDK 64-Bit Server VM Corretto-17.0.10.7.1 (17.0.10+7-LTS, mixed mode, sharing, tiered, compressed oops, compressed class ptrs, g1 gc, windows-amd64)
# Problematic frame:
# C  [jniRaylib.dll+0xdcb37]
#
# No core dump will be written. Minidumps are not enabled by default on client versions of Windows
#
# If you would like to submit a bug report, please visit:
#   https://github.com/corretto/corretto-17/issues/
# The crash happened outside the Java Virtual Machine in native code.
# See problematic frame for where to report the bug.
#

---------------  S U M M A R Y ------------

Command Line: -agentlib:jdwp=transport=dt_socket,server=n,suspend=y,address=127.0.0.1:62606 -Dfile.encoding=windows-1252 -Duser.country=NL -Duser.language=nl -Duser.variant PineVille.GameScene

Host: 11th Gen Intel(R) Core(TM) i7-11800H @ 2.30GHz, 16 cores, 15G,  Windows 11 , 64 bit Build 22621 (10.0.22621.2506)
Time: Tue Feb 13 12:02:03 2024 West-Europa (standaardtijd) elapsed time: 0.879976 seconds (0d 0h 0m 0s)

---------------  T H R E A D  ---------------

Current thread (0x000001c2e2d8fdd0):  JavaThread "main" [_thread_in_native, id=27980, stack(0x0000002b81f00000,0x0000002b82000000)]

Stack: [0x0000002b81f00000,0x0000002b82000000],  sp=0x0000002b81fff230,  free space=1020k
Native frames: (J=compiled Java code, j=interpreted, Vv=VM code, C=native code)

Java frames: (J=compiled Java code, j=interpreted, Vv=VM code)
j  com.raylib.Raylib.LoadTexture(Ljava/lang/String;)Lcom/raylib/Raylib$Texture;+0
j  PineVille.GameScene.main([Ljava/lang/String;)V+10
v  ~StubRoutines::call_stub

siginfo: EXCEPTION_ACCESS_VIOLATION (0xc0000005), data execution prevention violation at address 0x0000000000000000


Registers:
RAX=0x00000612e70ae932, RBX=0x0000000000000002, RCX=0x0000000000000de1, RDX=0x0000000000000000
RSP=0x0000002b81fff228, RBP=0x0000000000000002, RSI=0x0000000000000020, RDI=0x0000000000000020
R8 =0x0000000000000020, R9 =0x0000000000000002, R10=0x0000000000000003, R11=0x0000002b81fff260
R12=0x0000000000000000, R13=0x000001c2cd950fa0, R14=0x0000000000000020, R15=0x000001c2e2d8fdd0
RIP=0x0000000000000000, EFLAGS=0x0000000000010246


Register to memory mapping:

RIP=0x0 is NULL
RAX=0x00000612e70ae932 is an unknown value
RBX=0x0000000000000002 is an unknown value
RCX=0x0000000000000de1 is an unknown value
RDX=0x0 is NULL
RSP=0x0000002b81fff228 is pointing into the stack for thread: 0x000001c2e2d8fdd0
RBP=0x0000000000000002 is an unknown value
RSI=0x0000000000000020 is an unknown value
RDI=0x0000000000000020 is an unknown value
R8 =0x0000000000000020 is an unknown value
R9 =0x0000000000000002 is an unknown value
R10=0x0000000000000003 is an unknown value
R11=0x0000002b81fff260 is pointing into the stack for thread: 0x000001c2e2d8fdd0
R12=0x0 is NULL
R13=0x000001c2cd950fa0 points into unknown readable memory: 0x00ff00ff00ff00ff | ff 00 ff 00 ff 00 ff 00
R14=0x0000000000000020 is an unknown value
R15=0x000001c2e2d8fdd0 is a thread


Top of Stack: (sp=0x0000002b81fff228)
0x0000002b81fff228:   00007ffc63fbcb37 0000000000000000
0x0000002b81fff238:   0000000000000000 0000000000000000
0x0000002b81fff248:   00007ffd4103480e 000001c2cf344c90
0x0000002b81fff258:   0000002b81fff3e0 000001c2e2d8fdd0
0x0000002b81fff268:   0000000000000000 000001c2c841d7f8
0x0000002b81fff278:   0000000000000000 000001c200000000
0x0000002b81fff288:   00007ffd43b6ab11 0000002000000020
0x0000002b81fff298:   000001c2e0af0000 0000000200000001
0x0000002b81fff2a8:   00000612e70ae932 0000000000000000
0x0000002b81fff2b8:   000001c2cd911d90 000001c2cd911ba0
0x0000002b81fff2c8:   00007ffd410437eb 0000002b81fff3e0
0x0000002b81fff2d8:   0000000000000001 000001c2c841d7f8
0x0000002b81fff2e8:   000001c2cd950fa0 0000002b81fff3e0
0x0000002b81fff2f8:   00007ffc63f91bf0 0000002b81fff3e0
0x0000002b81fff308:   000001c200000000 0000000000000000
0x0000002b81fff318:   0000000000000000 000001c200000001
0x0000002b81fff328:   0000002b81fff970 0000002b00000000
0x0000002b81fff338:   00007ffd41041b06 0000000000000000
0x0000002b81fff348:   000001c2cd950fa0 0000002000000020
0x0000002b81fff358:   0000000200000001 000001c2cd950fa0
0x0000002b81fff368:   0000002000000020 0000000200000001
0x0000002b81fff378:   0000000000000002 000001c2cf344c90
0x0000002b81fff388:   000001c2e2d90088 000001c2ceb321d0
0x0000002b81fff398:   00007ffc63f2333b 0000002b000001f0
0x0000002b81fff3a8:   000001c2c841d800 0000002b81fff498
0x0000002b81fff3b8:   0000002b81fff970 000001c2e2d8fdd0
0x0000002b81fff3c8:   000001c2e2d8fdd0 000001c2cf344c90
0x0000002b81fff3d8:   000001c2e2d8fdd0 0000000000000000
0x0000002b81fff3e8:   0000000000000000 000001c200000000
0x0000002b81fff3f8:   000001c2c841d800 0000002b81fff4b8
0x0000002b81fff408:   000001c2e2d8fdd0 0000002b81fff970
0x0000002b81fff418:   000001c2f1d01366 000001c2e2d90088 

Instructions: (pc=0x00007ffc63fbcb37)
0x00007ffc63fbca37:   44 24 50 c7 44 24 50 00 00 00 00 ba 84 8b 00 00
0x00007ffc63fbca47:   8b ce ff 15 89 41 11 00 48 63 44 24 50 85 c0 7e
0x00007ffc63fbca57:   4d 48 8b c8 c7 44 24 20 00 00 00 00 ba 01 00 00
0x00007ffc63fbca67:   00 ff 15 ba 0b 08 00 8b 54 24 50 4c 8d 44 24 20
0x00007ffc63fbca77:   4c 8b c8 8b ce 48 8b d8 ff 15 bb 40 11 00 4c 8b
0x00007ffc63fbca87:   cb 48 8d 15 a9 d9 08 00 44 8b c6 b9 04 00 00 00
0x00007ffc63fbca97:   e8 d4 ce 06 00 48 8b cb ff 15 93 0b 08 00 8b ce
0x00007ffc63fbcaa7:   ff 15 5b 3a 11 00 33 c0 48 8b 5c 24 40 48 8b 74
0x00007ffc63fbcab7:   24 48 48 83 c4 30 5f c3 48 8d 15 92 d9 08 00 b9
0x00007ffc63fbcac7:   03 00 00 00 e8 a0 ce 06 00 48 8b 5c 24 40 8b c6
0x00007ffc63fbcad7:   48 8b 74 24 48 48 83 c4 30 5f c3 cc cc cc cc cc
0x00007ffc63fbcae7:   cc cc cc cc cc cc cc cc cc 40 53 56 41 55 41 56
0x00007ffc63fbcaf7:   48 81 ec a8 00 00 00 48 8b 05 73 12 11 00 48 33
0x00007ffc63fbcb07:   c4 48 89 44 24 78 44 8b f2 89 54 24 60 4c 8b e9
0x00007ffc63fbcb17:   44 89 44 24 64 33 d2 c7 44 24 50 00 00 00 00 b9
0x00007ffc63fbcb27:   e1 0d 00 00 41 8b d9 41 8b f0 ff 15 f1 35 11 00
0x00007ffc63fbcb37:   80 3d 00 61 11 00 00 75 1e 8d 43 f5 83 f8 03 77
0x00007ffc63fbcb47:   16 48 8d 15 e9 d1 08 00 b9 04 00 00 00 e8 17 ce
0x00007ffc63fbcb57:   06 00 e9 f6 03 00 00 80 3d da 60 11 00 00 75 19
0x00007ffc63fbcb67:   83 fb 0f 75 14 48 8d 15 f5 d1 08 00 8d 4b f5 e8
0x00007ffc63fbcb77:   f5 cd 06 00 e9 d4 03 00 00 80 3d b9 60 11 00 00
0x00007ffc63fbcb87:   75 1e 8d 43 f0 83 f8 01 77 16 48 8d 15 08 d2 08
0x00007ffc63fbcb97:   00 b9 04 00 00 00 e8 ce cd 06 00 e9 ad 03 00 00
0x00007ffc63fbcba7:   80 3d 93 60 11 00 00 75 1e 8d 43 ee 83 f8 01 77
0x00007ffc63fbcbb7:   16 48 8d 15 19 d2 08 00 b9 04 00 00 00 e8 a7 cd
0x00007ffc63fbcbc7:   06 00 e9 86 03 00 00 80 3d 6d 60 11 00 00 75 1e
0x00007ffc63fbcbd7:   8d 43 ec 83 f8 01 77 16 48 8d 15 2a d2 08 00 b9
0x00007ffc63fbcbe7:   04 00 00 00 e8 80 cd 06 00 e9 5f 03 00 00 48 89
0x00007ffc63fbcbf7:   ac 24 a0 00 00 00 ba 01 00 00 00 48 89 bc 24 98
0x00007ffc63fbcc07:   00 00 00 b9 f5 0c 00 00 4c 89 a4 24 90 00 00 00
0x00007ffc63fbcc17:   4c 89 bc 24 88 00 00 00 ff 15 13 48 11 00 48 8d
0x00007ffc63fbcc27:   54 24 50 b9 01 00 00 00 ff 15 43 3c 11 00 8b 54 


Stack slot to memory mapping:
stack at sp + 0 slots: 0x0 is NULL
stack at sp + 1 slots: 0x0 is NULL
stack at sp + 2 slots: 0x0 is NULL
stack at sp + 3 slots: 0x00007ffd4103480e ucrtbase.dll
stack at sp + 4 slots: 0x000001c2cf344c90 points into unknown readable memory: 0x656372756f736572 | 72 65 73 6f 75 72 63 65
stack at sp + 5 slots: 0x0000002b81fff3e0 is pointing into the stack for thread: 0x000001c2e2d8fdd0
stack at sp + 6 slots: 0x000001c2e2d8fdd0 is a thread
stack at sp + 7 slots: 0x0 is NULL


---------------  P R O C E S S  ---------------

Threads class SMR info:
_java_thread_list=0x000001c2868f0310, length=24, elements={
0x000001c2e2d8fdd0, 0x000001c2865f6c90, 0x000001c2865f7760, 0x000001c28660e1c0,
0x000001c28660ec90, 0x000001c286613580, 0x000001c286613e50, 0x000001c28661cb10,
0x000001c28661f4e0, 0x000001c2866232f0, 0x000001c2866d0710, 0x000001c2867bbe70,
0x000001c2867c0950, 0x000001c2867c5880, 0x000001c2867c90d0, 0x000001c2867d7770,
0x000001c2cc076e30, 0x000001c2cc09cd50, 0x000001c2cc488c00, 0x000001c2cc489120,
0x000001c2cc7f8a90, 0x000001c2ce2a1060, 0x000001c2cc239230, 0x000001c2cde93250
}

Java Threads: ( => current thread )
=>0x000001c2e2d8fdd0 JavaThread "main" [_thread_in_native, id=27980, stack(0x0000002b81f00000,0x0000002b82000000)]
  0x000001c2865f6c90 JavaThread "Reference Handler" daemon [_thread_blocked, id=6648, stack(0x0000002b82600000,0x0000002b82700000)]
  0x000001c2865f7760 JavaThread "Finalizer" daemon [_thread_blocked, id=32756, stack(0x0000002b82700000,0x0000002b82800000)]
  0x000001c28660e1c0 JavaThread "Signal Dispatcher" daemon [_thread_blocked, id=29672, stack(0x0000002b82800000,0x0000002b82900000)]
  0x000001c28660ec90 JavaThread "Attach Listener" daemon [_thread_blocked, id=17780, stack(0x0000002b82900000,0x0000002b82a00000)]
  0x000001c286613580 JavaThread "Service Thread" daemon [_thread_blocked, id=13400, stack(0x0000002b82a00000,0x0000002b82b00000)]
  0x000001c286613e50 JavaThread "Monitor Deflation Thread" daemon [_thread_blocked, id=14248, stack(0x0000002b82b00000,0x0000002b82c00000)]
  0x000001c28661cb10 JavaThread "C2 CompilerThread0" daemon [_thread_in_native, id=17656, stack(0x0000002b82c00000,0x0000002b82d00000)]
  0x000001c28661f4e0 JavaThread "C1 CompilerThread0" daemon [_thread_blocked, id=13036, stack(0x0000002b82d00000,0x0000002b82e00000)]
  0x000001c2866232f0 JavaThread "Sweeper thread" daemon [_thread_blocked, id=14396, stack(0x0000002b82e00000,0x0000002b82f00000)]
  0x000001c2866d0710 JavaThread "C1 CompilerThread1" daemon [_thread_blocked, id=4452, stack(0x0000002b82f00000,0x0000002b83000000)]
  0x000001c2867bbe70 JavaThread "JDWP Transport Listener: dt_socket" daemon [_thread_blocked, id=24452, stack(0x0000002b83000000,0x0000002b83100000)]
  0x000001c2867c0950 JavaThread "JDWP Event Helper Thread" daemon [_thread_blocked, id=30804, stack(0x0000002b83100000,0x0000002b83200000)]
  0x000001c2867c5880 JavaThread "JDWP Command Reader" daemon [_thread_in_native, id=26412, stack(0x0000002b83200000,0x0000002b83300000)]
  0x000001c2867c90d0 JavaThread "Notification Thread" daemon [_thread_blocked, id=5856, stack(0x0000002b83300000,0x0000002b83400000)]
  0x000001c2867d7770 JavaThread "Common-Cleaner" daemon [_thread_blocked, id=29956, stack(0x0000002b83500000,0x0000002b83600000)]
  0x000001c2cc076e30 JavaThread "C2 CompilerThread1" daemon [_thread_blocked, id=252, stack(0x0000002b83600000,0x0000002b83700000)]
  0x000001c2cc09cd50 JavaThread "C2 CompilerThread2" daemon [_thread_in_native, id=19008, stack(0x0000002b83700000,0x0000002b83800000)]
  0x000001c2cc488c00 JavaThread "C2 CompilerThread3" daemon [_thread_blocked, id=21500, stack(0x0000002b83800000,0x0000002b83900000)]
  0x000001c2cc489120 JavaThread "C2 CompilerThread4" daemon [_thread_blocked, id=28460, stack(0x0000002b83900000,0x0000002b83a00000)]
  0x000001c2cc7f8a90 JavaThread "C1 CompilerThread2" daemon [_thread_blocked, id=4968, stack(0x0000002b83a00000,0x0000002b83b00000)]
  0x000001c2ce2a1060 JavaThread "C1 CompilerThread3" daemon [_thread_blocked, id=29264, stack(0x0000002b83b00000,0x0000002b83c00000)]
  0x000001c2cc239230 JavaThread "JavaCPP Deallocator" daemon [_thread_blocked, id=1060, stack(0x0000002b83c00000,0x0000002b83d00000)]
  0x000001c2cde93250 JavaThread "C2 CompilerThread5" daemon [_thread_blocked, id=10348, stack(0x0000002b84300000,0x0000002b84400000)]

Other Threads:
  0x000001c2863cebf0 VMThread "VM Thread" [stack: 0x0000002b82500000,0x0000002b82600000] [id=2916]
  0x000001c2867c9f50 WatcherThread [stack: 0x0000002b83400000,0x0000002b83500000] [id=32632]
  0x000001c2e2dfc250 GCTaskThread "GC Thread#0" [stack: 0x0000002b82000000,0x0000002b82100000] [id=17536]
  0x000001c2cccaf000 GCTaskThread "GC Thread#1" [stack: 0x0000002b83d00000,0x0000002b83e00000] [id=28800]
  0x000001c2cda4fc80 GCTaskThread "GC Thread#2" [stack: 0x0000002b83e00000,0x0000002b83f00000] [id=31644]
  0x000001c2cf76ec90 GCTaskThread "GC Thread#3" [stack: 0x0000002b83f00000,0x0000002b84000000] [id=32524]
  0x000001c2ceba3cf0 GCTaskThread "GC Thread#4" [stack: 0x0000002b84000000,0x0000002b84100000] [id=14996]
  0x000001c2cd4bacd0 GCTaskThread "GC Thread#5" [stack: 0x0000002b84100000,0x0000002b84200000] [id=28652]
  0x000001c2cc4cdeb0 GCTaskThread "GC Thread#6" [stack: 0x0000002b84200000,0x0000002b84300000] [id=464]
  0x000001c2e2e0db10 ConcurrentGCThread "G1 Main Marker" [stack: 0x0000002b82100000,0x0000002b82200000] [id=12696]
  0x000001c2e2e0e440 ConcurrentGCThread "G1 Conc#0" [stack: 0x0000002b82200000,0x0000002b82300000] [id=5044]
  0x000001c2862912a0 ConcurrentGCThread "G1 Refine#0" [stack: 0x0000002b82300000,0x0000002b82400000] [id=28776]
  0x000001c286291ae0 ConcurrentGCThread "G1 Service" [stack: 0x0000002b82400000,0x0000002b82500000] [id=22788]

Threads with active compile tasks:
C2 CompilerThread0      971  545       4       java.lang.CompoundEnumeration::next (58 bytes)
C2 CompilerThread2      971  537       4       java.lang.CompoundEnumeration::hasMoreElements (5 bytes)

VM state: not at safepoint (normal execution)

VM Mutex/Monitor currently owned by a thread: None

Heap address: 0x0000000705a00000, size: 4006 MB, Compressed Oops mode: Zero based, Oop shift amount: 3

CDS archive(s) mapped at: [0x000001c287000000-0x000001c287bb0000-0x000001c287bb0000), size 12255232, SharedBaseAddress: 0x000001c287000000, ArchiveRelocationMode: 1.
Compressed class space mapped at: 0x000001c288000000-0x000001c2c8000000, reserved size: 1073741824
Narrow klass base: 0x000001c287000000, Narrow klass shift: 0, Narrow klass range: 0x100000000

GC Precious Log:
 CPUs: 16 total, 16 available
 Memory: 16021M
 Large Page Support: Disabled
 NUMA Support: Disabled
 Compressed Oops: Enabled (Zero based)
 Heap Region Size: 2M
 Heap Min Capacity: 8M
 Heap Initial Capacity: 252M
 Heap Max Capacity: 4006M
 Pre-touch: Disabled
 Parallel Workers: 13
 Concurrent Workers: 3
 Concurrent Refinement Workers: 13
 Periodic GC: Disabled

Heap:
 garbage-first heap   total 258048K, used 1602K [0x0000000705a00000, 0x0000000800000000)
  region size 2048K, 2 young (4096K), 1 survivors (2048K)
 Metaspace       used 2010K, committed 2176K, reserved 1114112K
  class space    used 175K, committed 256K, reserved 1048576K

Heap Regions: E=young(eden), S=young(survivor), O=old, HS=humongous(starts), HC=humongous(continues), CS=collection set, F=free, OA=open archive, CA=closed archive, TAMS=top-at-mark-start (previous, next)
|   0|0x0000000705a00000, 0x0000000705a00000, 0x0000000705c00000|  0%| F|  |TAMS 0x0000000705a00000, 0x0000000705a00000| Untracked 
|   1|0x0000000705c00000, 0x0000000705c00000, 0x0000000705e00000|  0%| F|  |TAMS 0x0000000705c00000, 0x0000000705c00000| Untracked 
|   2|0x0000000705e00000, 0x0000000705e00000, 0x0000000706000000|  0%| F|  |TAMS 0x0000000705e00000, 0x0000000705e00000| Untracked 
|   3|0x0000000706000000, 0x0000000706000000, 0x0000000706200000|  0%| F|  |TAMS 0x0000000706000000, 0x0000000706000000| Untracked 
|   4|0x0000000706200000, 0x0000000706200000, 0x0000000706400000|  0%| F|  |TAMS 0x0000000706200000, 0x0000000706200000| Untracked 
|   5|0x0000000706400000, 0x0000000706400000, 0x0000000706600000|  0%| F|  |TAMS 0x0000000706400000, 0x0000000706400000| Untracked 
|   6|0x0000000706600000, 0x0000000706600000, 0x0000000706800000|  0%| F|  |TAMS 0x0000000706600000, 0x0000000706600000| Untracked 
|   7|0x0000000706800000, 0x0000000706800000, 0x0000000706a00000|  0%| F|  |TAMS 0x0000000706800000, 0x0000000706800000| Untracked 
|   8|0x0000000706a00000, 0x0000000706a00000, 0x0000000706c00000|  0%| F|  |TAMS 0x0000000706a00000, 0x0000000706a00000| Untracked 
|   9|0x0000000706c00000, 0x0000000706c00000, 0x0000000706e00000|  0%| F|  |TAMS 0x0000000706c00000, 0x0000000706c00000| Untracked 
|  10|0x0000000706e00000, 0x0000000706e00000, 0x0000000707000000|  0%| F|  |TAMS 0x0000000706e00000, 0x0000000706e00000| Untracked 
|  11|0x0000000707000000, 0x0000000707000000, 0x0000000707200000|  0%| F|  |TAMS 0x0000000707000000, 0x0000000707000000| Untracked 
|  12|0x0000000707200000, 0x0000000707200000, 0x0000000707400000|  0%| F|  |TAMS 0x0000000707200000, 0x0000000707200000| Untracked 
|  13|0x0000000707400000, 0x0000000707400000, 0x0000000707600000|  0%| F|  |TAMS 0x0000000707400000, 0x0000000707400000| Untracked 
|  14|0x0000000707600000, 0x0000000707600000, 0x0000000707800000|  0%| F|  |TAMS 0x0000000707600000, 0x0000000707600000| Untracked 
|  15|0x0000000707800000, 0x0000000707800000, 0x0000000707a00000|  0%| F|  |TAMS 0x0000000707800000, 0x0000000707800000| Untracked 
|  16|0x0000000707a00000, 0x0000000707a00000, 0x0000000707c00000|  0%| F|  |TAMS 0x0000000707a00000, 0x0000000707a00000| Untracked 
|  17|0x0000000707c00000, 0x0000000707c00000, 0x0000000707e00000|  0%| F|  |TAMS 0x0000000707c00000, 0x0000000707c00000| Untracked 
|  18|0x0000000707e00000, 0x0000000707e00000, 0x0000000708000000|  0%| F|  |TAMS 0x0000000707e00000, 0x0000000707e00000| Untracked 
|  19|0x0000000708000000, 0x0000000708000000, 0x0000000708200000|  0%| F|  |TAMS 0x0000000708000000, 0x0000000708000000| Untracked 
|  20|0x0000000708200000, 0x0000000708200000, 0x0000000708400000|  0%| F|  |TAMS 0x0000000708200000, 0x0000000708200000| Untracked 
|  21|0x0000000708400000, 0x0000000708400000, 0x0000000708600000|  0%| F|  |TAMS 0x0000000708400000, 0x0000000708400000| Untracked 
|  22|0x0000000708600000, 0x0000000708600000, 0x0000000708800000|  0%| F|  |TAMS 0x0000000708600000, 0x0000000708600000| Untracked 
|  23|0x0000000708800000, 0x0000000708800000, 0x0000000708a00000|  0%| F|  |TAMS 0x0000000708800000, 0x0000000708800000| Untracked 
|  24|0x0000000708a00000, 0x0000000708a00000, 0x0000000708c00000|  0%| F|  |TAMS 0x0000000708a00000, 0x0000000708a00000| Untracked 
|  25|0x0000000708c00000, 0x0000000708c00000, 0x0000000708e00000|  0%| F|  |TAMS 0x0000000708c00000, 0x0000000708c00000| Untracked 
|  26|0x0000000708e00000, 0x0000000708e00000, 0x0000000709000000|  0%| F|  |TAMS 0x0000000708e00000, 0x0000000708e00000| Untracked 
|  27|0x0000000709000000, 0x0000000709000000, 0x0000000709200000|  0%| F|  |TAMS 0x0000000709000000, 0x0000000709000000| Untracked 
|  28|0x0000000709200000, 0x0000000709200000, 0x0000000709400000|  0%| F|  |TAMS 0x0000000709200000, 0x0000000709200000| Untracked 
|  29|0x0000000709400000, 0x0000000709400000, 0x0000000709600000|  0%| F|  |TAMS 0x0000000709400000, 0x0000000709400000| Untracked 
|  30|0x0000000709600000, 0x0000000709600000, 0x0000000709800000|  0%| F|  |TAMS 0x0000000709600000, 0x0000000709600000| Untracked 
|  31|0x0000000709800000, 0x0000000709800000, 0x0000000709a00000|  0%| F|  |TAMS 0x0000000709800000, 0x0000000709800000| Untracked 
|  32|0x0000000709a00000, 0x0000000709a00000, 0x0000000709c00000|  0%| F|  |TAMS 0x0000000709a00000, 0x0000000709a00000| Untracked 
|  33|0x0000000709c00000, 0x0000000709c00000, 0x0000000709e00000|  0%| F|  |TAMS 0x0000000709c00000, 0x0000000709c00000| Untracked 
|  34|0x0000000709e00000, 0x0000000709e00000, 0x000000070a000000|  0%| F|  |TAMS 0x0000000709e00000, 0x0000000709e00000| Untracked 
|  35|0x000000070a000000, 0x000000070a000000, 0x000000070a200000|  0%| F|  |TAMS 0x000000070a000000, 0x000000070a000000| Untracked 
|  36|0x000000070a200000, 0x000000070a200000, 0x000000070a400000|  0%| F|  |TAMS 0x000000070a200000, 0x000000070a200000| Untracked 
|  37|0x000000070a400000, 0x000000070a400000, 0x000000070a600000|  0%| F|  |TAMS 0x000000070a400000, 0x000000070a400000| Untracked 
|  38|0x000000070a600000, 0x000000070a600000, 0x000000070a800000|  0%| F|  |TAMS 0x000000070a600000, 0x000000070a600000| Untracked 
|  39|0x000000070a800000, 0x000000070a800000, 0x000000070aa00000|  0%| F|  |TAMS 0x000000070a800000, 0x000000070a800000| Untracked 
|  40|0x000000070aa00000, 0x000000070aa00000, 0x000000070ac00000|  0%| F|  |TAMS 0x000000070aa00000, 0x000000070aa00000| Untracked 
|  41|0x000000070ac00000, 0x000000070ac00000, 0x000000070ae00000|  0%| F|  |TAMS 0x000000070ac00000, 0x000000070ac00000| Untracked 
|  42|0x000000070ae00000, 0x000000070ae00000, 0x000000070b000000|  0%| F|  |TAMS 0x000000070ae00000, 0x000000070ae00000| Untracked 
|  43|0x000000070b000000, 0x000000070b000000, 0x000000070b200000|  0%| F|  |TAMS 0x000000070b000000, 0x000000070b000000| Untracked 
|  44|0x000000070b200000, 0x000000070b200000, 0x000000070b400000|  0%| F|  |TAMS 0x000000070b200000, 0x000000070b200000| Untracked 
|  45|0x000000070b400000, 0x000000070b400000, 0x000000070b600000|  0%| F|  |TAMS 0x000000070b400000, 0x000000070b400000| Untracked 
|  46|0x000000070b600000, 0x000000070b600000, 0x000000070b800000|  0%| F|  |TAMS 0x000000070b600000, 0x000000070b600000| Untracked 
|  47|0x000000070b800000, 0x000000070b800000, 0x000000070ba00000|  0%| F|  |TAMS 0x000000070b800000, 0x000000070b800000| Untracked 
|  48|0x000000070ba00000, 0x000000070ba00000, 0x000000070bc00000|  0%| F|  |TAMS 0x000000070ba00000, 0x000000070ba00000| Untracked 
|  49|0x000000070bc00000, 0x000000070bc00000, 0x000000070be00000|  0%| F|  |TAMS 0x000000070bc00000, 0x000000070bc00000| Untracked 
|  50|0x000000070be00000, 0x000000070be00000, 0x000000070c000000|  0%| F|  |TAMS 0x000000070be00000, 0x000000070be00000| Untracked 
|  51|0x000000070c000000, 0x000000070c000000, 0x000000070c200000|  0%| F|  |TAMS 0x000000070c000000, 0x000000070c000000| Untracked 
|  52|0x000000070c200000, 0x000000070c200000, 0x000000070c400000|  0%| F|  |TAMS 0x000000070c200000, 0x000000070c200000| Untracked 
|  53|0x000000070c400000, 0x000000070c400000, 0x000000070c600000|  0%| F|  |TAMS 0x000000070c400000, 0x000000070c400000| Untracked 
|  54|0x000000070c600000, 0x000000070c600000, 0x000000070c800000|  0%| F|  |TAMS 0x000000070c600000, 0x000000070c600000| Untracked 
|  55|0x000000070c800000, 0x000000070c800000, 0x000000070ca00000|  0%| F|  |TAMS 0x000000070c800000, 0x000000070c800000| Untracked 
|  56|0x000000070ca00000, 0x000000070ca00000, 0x000000070cc00000|  0%| F|  |TAMS 0x000000070ca00000, 0x000000070ca00000| Untracked 
|  57|0x000000070cc00000, 0x000000070cc00000, 0x000000070ce00000|  0%| F|  |TAMS 0x000000070cc00000, 0x000000070cc00000| Untracked 
|  58|0x000000070ce00000, 0x000000070ce00000, 0x000000070d000000|  0%| F|  |TAMS 0x000000070ce00000, 0x000000070ce00000| Untracked 
|  59|0x000000070d000000, 0x000000070d000000, 0x000000070d200000|  0%| F|  |TAMS 0x000000070d000000, 0x000000070d000000| Untracked 
|  60|0x000000070d200000, 0x000000070d200000, 0x000000070d400000|  0%| F|  |TAMS 0x000000070d200000, 0x000000070d200000| Untracked 
|  61|0x000000070d400000, 0x000000070d400000, 0x000000070d600000|  0%| F|  |TAMS 0x000000070d400000, 0x000000070d400000| Untracked 
|  62|0x000000070d600000, 0x000000070d600000, 0x000000070d800000|  0%| F|  |TAMS 0x000000070d600000, 0x000000070d600000| Untracked 
|  63|0x000000070d800000, 0x000000070d800000, 0x000000070da00000|  0%| F|  |TAMS 0x000000070d800000, 0x000000070d800000| Untracked 
|  64|0x000000070da00000, 0x000000070da00000, 0x000000070dc00000|  0%| F|  |TAMS 0x000000070da00000, 0x000000070da00000| Untracked 
|  65|0x000000070dc00000, 0x000000070dc00000, 0x000000070de00000|  0%| F|  |TAMS 0x000000070dc00000, 0x000000070dc00000| Untracked 
|  66|0x000000070de00000, 0x000000070de00000, 0x000000070e000000|  0%| F|  |TAMS 0x000000070de00000, 0x000000070de00000| Untracked 
|  67|0x000000070e000000, 0x000000070e000000, 0x000000070e200000|  0%| F|  |TAMS 0x000000070e000000, 0x000000070e000000| Untracked 
|  68|0x000000070e200000, 0x000000070e200000, 0x000000070e400000|  0%| F|  |TAMS 0x000000070e200000, 0x000000070e200000| Untracked 
|  69|0x000000070e400000, 0x000000070e400000, 0x000000070e600000|  0%| F|  |TAMS 0x000000070e400000, 0x000000070e400000| Untracked 
|  70|0x000000070e600000, 0x000000070e600000, 0x000000070e800000|  0%| F|  |TAMS 0x000000070e600000, 0x000000070e600000| Untracked 
|  71|0x000000070e800000, 0x000000070e800000, 0x000000070ea00000|  0%| F|  |TAMS 0x000000070e800000, 0x000000070e800000| Untracked 
|  72|0x000000070ea00000, 0x000000070ea00000, 0x000000070ec00000|  0%| F|  |TAMS 0x000000070ea00000, 0x000000070ea00000| Untracked 
|  73|0x000000070ec00000, 0x000000070ec00000, 0x000000070ee00000|  0%| F|  |TAMS 0x000000070ec00000, 0x000000070ec00000| Untracked 
|  74|0x000000070ee00000, 0x000000070ee00000, 0x000000070f000000|  0%| F|  |TAMS 0x000000070ee00000, 0x000000070ee00000| Untracked 
|  75|0x000000070f000000, 0x000000070f000000, 0x000000070f200000|  0%| F|  |TAMS 0x000000070f000000, 0x000000070f000000| Untracked 
|  76|0x000000070f200000, 0x000000070f200000, 0x000000070f400000|  0%| F|  |TAMS 0x000000070f200000, 0x000000070f200000| Untracked 
|  77|0x000000070f400000, 0x000000070f400000, 0x000000070f600000|  0%| F|  |TAMS 0x000000070f400000, 0x000000070f400000| Untracked 
|  78|0x000000070f600000, 0x000000070f600000, 0x000000070f800000|  0%| F|  |TAMS 0x000000070f600000, 0x000000070f600000| Untracked 
|  79|0x000000070f800000, 0x000000070f800000, 0x000000070fa00000|  0%| F|  |TAMS 0x000000070f800000, 0x000000070f800000| Untracked 
|  80|0x000000070fa00000, 0x000000070fa00000, 0x000000070fc00000|  0%| F|  |TAMS 0x000000070fa00000, 0x000000070fa00000| Untracked 
|  81|0x000000070fc00000, 0x000000070fc00000, 0x000000070fe00000|  0%| F|  |TAMS 0x000000070fc00000, 0x000000070fc00000| Untracked 
|  82|0x000000070fe00000, 0x000000070fe00000, 0x0000000710000000|  0%| F|  |TAMS 0x000000070fe00000, 0x000000070fe00000| Untracked 
|  83|0x0000000710000000, 0x0000000710000000, 0x0000000710200000|  0%| F|  |TAMS 0x0000000710000000, 0x0000000710000000| Untracked 
|  84|0x0000000710200000, 0x0000000710200000, 0x0000000710400000|  0%| F|  |TAMS 0x0000000710200000, 0x0000000710200000| Untracked 
|  85|0x0000000710400000, 0x0000000710400000, 0x0000000710600000|  0%| F|  |TAMS 0x0000000710400000, 0x0000000710400000| Untracked 
|  86|0x0000000710600000, 0x0000000710600000, 0x0000000710800000|  0%| F|  |TAMS 0x0000000710600000, 0x0000000710600000| Untracked 
|  87|0x0000000710800000, 0x0000000710800000, 0x0000000710a00000|  0%| F|  |TAMS 0x0000000710800000, 0x0000000710800000| Untracked 
|  88|0x0000000710a00000, 0x0000000710a00000, 0x0000000710c00000|  0%| F|  |TAMS 0x0000000710a00000, 0x0000000710a00000| Untracked 
|  89|0x0000000710c00000, 0x0000000710c00000, 0x0000000710e00000|  0%| F|  |TAMS 0x0000000710c00000, 0x0000000710c00000| Untracked 
|  90|0x0000000710e00000, 0x0000000710e00000, 0x0000000711000000|  0%| F|  |TAMS 0x0000000710e00000, 0x0000000710e00000| Untracked 
|  91|0x0000000711000000, 0x0000000711000000, 0x0000000711200000|  0%| F|  |TAMS 0x0000000711000000, 0x0000000711000000| Untracked 
|  92|0x0000000711200000, 0x0000000711200000, 0x0000000711400000|  0%| F|  |TAMS 0x0000000711200000, 0x0000000711200000| Untracked 
|  93|0x0000000711400000, 0x0000000711400000, 0x0000000711600000|  0%| F|  |TAMS 0x0000000711400000, 0x0000000711400000| Untracked 
|  94|0x0000000711600000, 0x0000000711600000, 0x0000000711800000|  0%| F|  |TAMS 0x0000000711600000, 0x0000000711600000| Untracked 
|  95|0x0000000711800000, 0x0000000711800000, 0x0000000711a00000|  0%| F|  |TAMS 0x0000000711800000, 0x0000000711800000| Untracked 
|  96|0x0000000711a00000, 0x0000000711a00000, 0x0000000711c00000|  0%| F|  |TAMS 0x0000000711a00000, 0x0000000711a00000| Untracked 
|  97|0x0000000711c00000, 0x0000000711c00000, 0x0000000711e00000|  0%| F|  |TAMS 0x0000000711c00000, 0x0000000711c00000| Untracked 
|  98|0x0000000711e00000, 0x0000000711e00000, 0x0000000712000000|  0%| F|  |TAMS 0x0000000711e00000, 0x0000000711e00000| Untracked 
|  99|0x0000000712000000, 0x0000000712000000, 0x0000000712200000|  0%| F|  |TAMS 0x0000000712000000, 0x0000000712000000| Untracked 
| 100|0x0000000712200000, 0x0000000712200000, 0x0000000712400000|  0%| F|  |TAMS 0x0000000712200000, 0x0000000712200000| Untracked 
| 101|0x0000000712400000, 0x0000000712400000, 0x0000000712600000|  0%| F|  |TAMS 0x0000000712400000, 0x0000000712400000| Untracked 
| 102|0x0000000712600000, 0x0000000712600000, 0x0000000712800000|  0%| F|  |TAMS 0x0000000712600000, 0x0000000712600000| Untracked 
| 103|0x0000000712800000, 0x0000000712800000, 0x0000000712a00000|  0%| F|  |TAMS 0x0000000712800000, 0x0000000712800000| Untracked 
| 104|0x0000000712a00000, 0x0000000712a00000, 0x0000000712c00000|  0%| F|  |TAMS 0x0000000712a00000, 0x0000000712a00000| Untracked 
| 105|0x0000000712c00000, 0x0000000712c00000, 0x0000000712e00000|  0%| F|  |TAMS 0x0000000712c00000, 0x0000000712c00000| Untracked 
| 106|0x0000000712e00000, 0x0000000712e00000, 0x0000000713000000|  0%| F|  |TAMS 0x0000000712e00000, 0x0000000712e00000| Untracked 
| 107|0x0000000713000000, 0x0000000713000000, 0x0000000713200000|  0%| F|  |TAMS 0x0000000713000000, 0x0000000713000000| Untracked 
| 108|0x0000000713200000, 0x0000000713200000, 0x0000000713400000|  0%| F|  |TAMS 0x0000000713200000, 0x0000000713200000| Untracked 
| 109|0x0000000713400000, 0x0000000713400000, 0x0000000713600000|  0%| F|  |TAMS 0x0000000713400000, 0x0000000713400000| Untracked 
| 110|0x0000000713600000, 0x0000000713600000, 0x0000000713800000|  0%| F|  |TAMS 0x0000000713600000, 0x0000000713600000| Untracked 
| 111|0x0000000713800000, 0x0000000713800000, 0x0000000713a00000|  0%| F|  |TAMS 0x0000000713800000, 0x0000000713800000| Untracked 
| 112|0x0000000713a00000, 0x0000000713a00000, 0x0000000713c00000|  0%| F|  |TAMS 0x0000000713a00000, 0x0000000713a00000| Untracked 
| 113|0x0000000713c00000, 0x0000000713c00000, 0x0000000713e00000|  0%| F|  |TAMS 0x0000000713c00000, 0x0000000713c00000| Untracked 
| 114|0x0000000713e00000, 0x0000000713f90a40, 0x0000000714000000| 78%| S|CS|TAMS 0x0000000713e00000, 0x0000000713e00000| Complete 
| 115|0x0000000714000000, 0x0000000714000000, 0x0000000714200000|  0%| F|  |TAMS 0x0000000714000000, 0x0000000714000000| Untracked 
| 116|0x0000000714200000, 0x0000000714200000, 0x0000000714400000|  0%| F|  |TAMS 0x0000000714200000, 0x0000000714200000| Untracked 
| 117|0x0000000714400000, 0x0000000714400000, 0x0000000714600000|  0%| F|  |TAMS 0x0000000714400000, 0x0000000714400000| Untracked 
| 118|0x0000000714600000, 0x0000000714600000, 0x0000000714800000|  0%| F|  |TAMS 0x0000000714600000, 0x0000000714600000| Untracked 
| 119|0x0000000714800000, 0x0000000714800000, 0x0000000714a00000|  0%| F|  |TAMS 0x0000000714800000, 0x0000000714800000| Untracked 
| 120|0x0000000714a00000, 0x0000000714a00000, 0x0000000714c00000|  0%| F|  |TAMS 0x0000000714a00000, 0x0000000714a00000| Untracked 
| 121|0x0000000714c00000, 0x0000000714c00000, 0x0000000714e00000|  0%| F|  |TAMS 0x0000000714c00000, 0x0000000714c00000| Untracked 
| 122|0x0000000714e00000, 0x0000000714e00000, 0x0000000715000000|  0%| F|  |TAMS 0x0000000714e00000, 0x0000000714e00000| Untracked 
| 123|0x0000000715000000, 0x0000000715000000, 0x0000000715200000|  0%| F|  |TAMS 0x0000000715000000, 0x0000000715000000| Untracked 
| 124|0x0000000715200000, 0x0000000715200000, 0x0000000715400000|  0%| F|  |TAMS 0x0000000715200000, 0x0000000715200000| Untracked 
| 125|0x0000000715400000, 0x000000071552b318, 0x0000000715600000| 58%| E|  |TAMS 0x0000000715400000, 0x0000000715400000| Complete 

Card table byte_map: [0x000001c2fa900000,0x000001c2fb0e0000] _byte_map_base: 0x000001c2f70d3000

Marking Bits (Prev, Next): (CMBitMap*) 0x000001c2e2dfd790, (CMBitMap*) 0x000001c2e2dfd7d0
 Prev Bits: [0x000001c2fb8c0000, 0x000001c2ff758000)
 Next Bits: [0x000001c280000000, 0x000001c283e98000)

Polling page: 0x000001c2e0cf0000

Metaspace:

Usage:
  Non-class:      1.79 MB used.
      Class:    175.26 KB used.
       Both:      1.96 MB used.

Virtual space:
  Non-class space:       64.00 MB reserved,       1.88 MB (  3%) committed,  1 nodes.
      Class space:        1.00 GB reserved,     256.00 KB ( <1%) committed,  1 nodes.
             Both:        1.06 GB reserved,       2.12 MB ( <1%) committed. 

Chunk freelists:
   Non-Class:  11.28 MB
       Class:  15.66 MB
        Both:  26.94 MB

MaxMetaspaceSize: unlimited
CompressedClassSpaceSize: 1.00 GB
Initial GC threshold: 21.00 MB
Current GC threshold: 21.00 MB
CDS: on
MetaspaceReclaimPolicy: balanced
 - commit_granule_bytes: 65536.
 - commit_granule_words: 8192.
 - virtual_space_node_default_size: 8388608.
 - enlarge_chunks_in_place: 1.
 - new_chunks_are_fully_committed: 0.
 - uncommit_free_chunks: 1.
 - use_allocation_guard: 0.
 - handle_deallocations: 1.


Internal statistics:

num_allocs_failed_limit: 0.
num_arena_births: 20.
num_arena_deaths: 0.
num_vsnodes_births: 2.
num_vsnodes_deaths: 0.
num_space_committed: 34.
num_space_uncommitted: 0.
num_chunks_returned_to_freelist: 0.
num_chunks_taken_from_freelist: 59.
num_chunk_merges: 0.
num_chunk_splits: 38.
num_chunks_enlarged: 29.
num_inconsistent_stats: 0.

CodeHeap 'non-profiled nmethods': size=119168Kb used=473Kb max_used=473Kb free=118694Kb
 bounds [0x000001c2f2440000, 0x000001c2f26b0000, 0x000001c2f98a0000]
CodeHeap 'profiled nmethods': size=119104Kb used=1230Kb max_used=1230Kb free=117873Kb
 bounds [0x000001c2ea8a0000, 0x000001c2eab10000, 0x000001c2f1cf0000]
CodeHeap 'non-nmethods': size=7488Kb used=2914Kb max_used=2971Kb free=4573Kb
 bounds [0x000001c2f1cf0000, 0x000001c2f1fe0000, 0x000001c2f2440000]
 total_blobs=1135 nmethods=699 adapters=346
 compilation: enabled
              stopped_count=0, restarted_count=0
 full_count=0

Compilation events (20 events):
Event: 0.848 Thread 0x000001c28661f4e0  690       1       java.lang.NamedPackage::module (5 bytes)
Event: 0.848 Thread 0x000001c2cc7f8a90 nmethod 689 0x000001c2ea9ca990 code [0x000001c2ea9caba0, 0x000001c2ea9cb1c8]
Event: 0.848 Thread 0x000001c28661f4e0 nmethod 690 0x000001c2f2490090 code [0x000001c2f2490220, 0x000001c2f24902f8]
Event: 0.851 Thread 0x000001c2ce2a1060  692       3       java.util.ArrayDeque::inc (12 bytes)
Event: 0.851 Thread 0x000001c2ce2a1060 nmethod 692 0x000001c2ea9cb490 code [0x000001c2ea9cb620, 0x000001c2ea9cb758]
Event: 0.851 Thread 0x000001c28661f4e0  693       3       java.util.WeakHashMap::matchesKey (33 bytes)
Event: 0.851 Thread 0x000001c2cde93250  559       4       java.lang.String::startsWith (138 bytes)
Event: 0.852 Thread 0x000001c28661f4e0 nmethod 693 0x000001c2ea9cb810 code [0x000001c2ea9cb9e0, 0x000001c2ea9cbf18]
Event: 0.852 Thread 0x000001c2ce2a1060  694   !   3       java.util.zip.Inflater::inflate (418 bytes)
Event: 0.852 Thread 0x000001c28661f4e0  696       3       java.util.ArrayDeque::peek (5 bytes)
Event: 0.852 Thread 0x000001c2cc7f8a90  697       3       java.util.ArrayDeque::peekFirst (12 bytes)
Event: 0.852 Thread 0x000001c2866d0710  698   !   3       org.bytedeco.javacpp.Loader::putMemberOffset (97 bytes)
Event: 0.853 Thread 0x000001c2cc7f8a90 nmethod 697 0x000001c2ea9cc090 code [0x000001c2ea9cc220, 0x000001c2ea9cc3b8]
Event: 0.853 Thread 0x000001c28661f4e0 nmethod 696 0x000001c2ea9cc490 code [0x000001c2ea9cc640, 0x000001c2ea9cc858]
Event: 0.855 Thread 0x000001c2ce2a1060 nmethod 694 0x000001c2ea9cc990 code [0x000001c2ea9ccc60, 0x000001c2ea9cde28]
Event: 0.856 Thread 0x000001c28661f4e0  699       3       java.util.zip.ZipUtils::CENLEN (9 bytes)
Event: 0.857 Thread 0x000001c28661f4e0 nmethod 699 0x000001c2ea9ce890 code [0x000001c2ea9cea40, 0x000001c2ea9ced18]
Event: 0.858 Thread 0x000001c28661f4e0  700       3       java.util.WeakHashMap::get (75 bytes)
Event: 0.859 Thread 0x000001c2866d0710 nmethod 698 0x000001c2ea9cee90 code [0x000001c2ea9cf380, 0x000001c2ea9d1af8]
Event: 0.860 Thread 0x000001c28661f4e0 nmethod 700 0x000001c2ea9d2c10 code [0x000001c2ea9d2e40, 0x000001c2ea9d3738]

GC Heap History (2 events):
Event: 0.816 GC heap before
{Heap before GC invocations=0 (full 0):
 garbage-first heap   total 258048K, used 22528K [0x0000000705a00000, 0x0000000800000000)
  region size 2048K, 11 young (22528K), 0 survivors (0K)
 Metaspace       used 1752K, committed 1920K, reserved 1114112K
  class space    used 129K, committed 192K, reserved 1048576K
}
Event: 0.821 GC heap after
{Heap after GC invocations=1 (full 0):
 garbage-first heap   total 258048K, used 1602K [0x0000000705a00000, 0x0000000800000000)
  region size 2048K, 1 young (2048K), 1 survivors (2048K)
 Metaspace       used 1752K, committed 1920K, reserved 1114112K
  class space    used 129K, committed 192K, reserved 1048576K
}

Dll operation events (20 events):
Event: 0.545 Loaded shared library C:\Program Files (x86)\Windows Kits\10\Redist\ucrt\DLLs\x64\api-ms-win-core-rtlsupport-l1-1-0.dll
Event: 0.554 Loaded shared library C:\Program Files (x86)\Windows Kits\10\Redist\ucrt\DLLs\x64\api-ms-win-core-processthreads-l1-1-1.dll
Event: 0.565 Loaded shared library C:\Program Files (x86)\Windows Kits\10\Redist\ucrt\DLLs\x64\api-ms-win-core-file-l1-2-0.dll
Event: 0.575 Loaded shared library C:\Program Files (x86)\Windows Kits\10\Redist\ucrt\DLLs\x64\api-ms-win-core-profile-l1-1-0.dll
Event: 0.586 Loaded shared library C:\Program Files (x86)\Windows Kits\10\Redist\ucrt\DLLs\x64\api-ms-win-core-memory-l1-1-0.dll
Event: 0.599 Loaded shared library C:\Program Files (x86)\Windows Kits\10\Redist\ucrt\DLLs\x64\api-ms-win-core-util-l1-1-0.dll
Event: 0.610 Loaded shared library C:\Program Files (x86)\Windows Kits\10\Redist\ucrt\DLLs\x64\api-ms-win-core-interlocked-l1-1-0.dll
Event: 0.625 Loaded shared library C:\Program Files (x86)\Windows Kits\10\Redist\ucrt\DLLs\x64\ucrtbase.dll
Event: 0.639 Loaded shared library C:\Users\luczu\.jdks\corretto-17.0.10\bin\vcruntime140.dll
Event: 0.651 Loaded shared library C:\Users\luczu\.jdks\corretto-17.0.10\bin\vcruntime140_1.dll
Event: 0.663 Loaded shared library C:\Users\luczu\.jdks\corretto-17.0.10\bin\msvcp140.dll
Event: 0.677 Loaded shared library C:\Windows\System32\msvcp140_1.dll
Event: 0.688 Loaded shared library C:\Windows\System32\concrt140.dll
Event: 0.700 Loaded shared library C:\Windows\System32\vcomp140.dll
Event: 0.725 Loaded shared library C:\Windows\System32\winmm.dll
Event: 0.729 Loaded shared library C:\Windows\System32\opengl32.dll
Event: 0.731 Loaded shared library C:\Windows\System32\user32.dll
Event: 0.734 Loaded shared library C:\Windows\System32\shell32.dll
Event: 0.737 Loaded shared library C:\Windows\System32\gdi32.dll
Event: 0.768 Loaded shared library C:\Users\luczu\.javacpp\cache\jaylib-4.5.0-0.jar\com\raylib\windows-x86_64\jniRaylib.dll

Deoptimization events (20 events):
Event: 0.651 Thread 0x000001c2e2d8fdd0 DEOPT PACKING pc=0x000001c2f2458de4 sp=0x0000002b81ffdb50
Event: 0.651 Thread 0x000001c2e2d8fdd0 DEOPT UNPACKING pc=0x000001c2f1d4a1a3 sp=0x0000002b81ffdad8 mode 2
Event: 0.712 Thread 0x000001c2e2d8fdd0 Uncommon trap: trap_request=0xffffff45 fr.pc=0x000001c2f2462390 relative=0x00000000000001f0
Event: 0.712 Thread 0x000001c2e2d8fdd0 Uncommon trap: reason=unstable_if action=reinterpret pc=0x000001c2f2462390 method=java.io.WinNTFileSystem.normalize(Ljava/lang/String;)Ljava/lang/String; @ 128 c2
Event: 0.712 Thread 0x000001c2e2d8fdd0 DEOPT PACKING pc=0x000001c2f2462390 sp=0x0000002b81ffd760
Event: 0.712 Thread 0x000001c2e2d8fdd0 DEOPT UNPACKING pc=0x000001c2f1d4a1a3 sp=0x0000002b81ffd6f8 mode 2
Event: 0.715 Thread 0x000001c2e2d8fdd0 Uncommon trap: trap_request=0xffffff45 fr.pc=0x000001c2f2466844 relative=0x00000000000001a4
Event: 0.715 Thread 0x000001c2e2d8fdd0 Uncommon trap: reason=unstable_if action=reinterpret pc=0x000001c2f2466844 method=sun.net.www.ParseUtil.firstEncodeIndex(Ljava/lang/String;)I @ 51 c2
Event: 0.715 Thread 0x000001c2e2d8fdd0 DEOPT PACKING pc=0x000001c2f2466844 sp=0x0000002b81ffd780
Event: 0.715 Thread 0x000001c2e2d8fdd0 DEOPT UNPACKING pc=0x000001c2f1d4a1a3 sp=0x0000002b81ffd718 mode 2
Event: 0.715 Thread 0x000001c2e2d8fdd0 Uncommon trap: trap_request=0xffffff45 fr.pc=0x000001c2f2482370 relative=0x00000000000014d0
Event: 0.715 Thread 0x000001c2e2d8fdd0 Uncommon trap: reason=unstable_if action=reinterpret pc=0x000001c2f2482370 method=java.net.URL.<init>(Ljava/net/URL;Ljava/lang/String;Ljava/net/URLStreamHandler;)V @ 273 c2
Event: 0.716 Thread 0x000001c2e2d8fdd0 DEOPT PACKING pc=0x000001c2f2482370 sp=0x0000002b81ffd680
Event: 0.716 Thread 0x000001c2e2d8fdd0 DEOPT UNPACKING pc=0x000001c2f1d4a1a3 sp=0x0000002b81ffd660 mode 2
Event: 0.807 Thread 0x000001c2e2d8fdd0 DEOPT PACKING pc=0x000001c2ea9992fb sp=0x0000002b81ff95a0
Event: 0.807 Thread 0x000001c2e2d8fdd0 DEOPT UNPACKING pc=0x000001c2f1d4ace3 sp=0x0000002b81ff8ac8 mode 0
Event: 0.827 Thread 0x000001c2e2d8fdd0 Uncommon trap: trap_request=0xffffff45 fr.pc=0x000001c2f2473be0 relative=0x00000000000000e0
Event: 0.827 Thread 0x000001c2e2d8fdd0 Uncommon trap: reason=unstable_if action=reinterpret pc=0x000001c2f2473be0 method=java.lang.ref.SoftReference.get()Ljava/lang/Object; @ 17 c2
Event: 0.827 Thread 0x000001c2e2d8fdd0 DEOPT PACKING pc=0x000001c2f2473be0 sp=0x0000002b81ffcb20
Event: 0.827 Thread 0x000001c2e2d8fdd0 DEOPT UNPACKING pc=0x000001c2f1d4a1a3 sp=0x0000002b81ffcad8 mode 2

Classes unloaded (0 events):
No events

Classes redefined (0 events):
No events

Internal exceptions (7 events):
Event: 0.211 Thread 0x000001c2e2d8fdd0 Exception <a 'java/lang/NoSuchMethodError'{0x000000071526c538}: 'int java.lang.invoke.DirectMethodHandle$Holder.invokeStaticInit(java.lang.Object, java.lang.Object, java.lang.Object, java.lang.Object)'> (0x000000071526c538) 
thrown [s\src\hotspot\share\interpreter\linkResolver.cpp, line 759]
Event: 0.214 Thread 0x000001c2e2d8fdd0 Exception <a 'java/lang/NoSuchMethodError'{0x0000000715277550}: 'java.lang.Object java.lang.invoke.DirectMethodHandle$Holder.invokeInterface(java.lang.Object, java.lang.Object)'> (0x0000000715277550) 
thrown [s\src\hotspot\share\interpreter\linkResolver.cpp, line 759]
Event: 0.215 Thread 0x000001c2e2d8fdd0 Exception <a 'java/lang/IncompatibleClassChangeError'{0x000000071527ac68}: Found class java.lang.Object, but interface was expected> (0x000000071527ac68) 
thrown [s\src\hotspot\share\interpreter\linkResolver.cpp, line 826]
Event: 0.216 Thread 0x000001c2e2d8fdd0 Exception <a 'java/lang/NoSuchMethodError'{0x000000071527de10}: 'void java.lang.invoke.DirectMethodHandle$Holder.invokeStatic(java.lang.Object, java.lang.Object)'> (0x000000071527de10) 
thrown [s\src\hotspot\share\interpreter\linkResolver.cpp, line 759]
Event: 0.217 Thread 0x000001c2e2d8fdd0 Exception <a 'java/lang/NoSuchMethodError'{0x0000000715281480}: 'void java.lang.invoke.DirectMethodHandle$Holder.invokeStaticInit(java.lang.Object, java.lang.Object)'> (0x0000000715281480) 
thrown [s\src\hotspot\share\interpreter\linkResolver.cpp, line 759]
Event: 0.218 Thread 0x000001c2e2d8fdd0 Exception <a 'java/lang/NoSuchMethodError'{0x0000000715287b28}: 'int java.lang.invoke.DirectMethodHandle$Holder.invokeStaticInit(java.lang.Object, java.lang.Object)'> (0x0000000715287b28) 
thrown [s\src\hotspot\share\interpreter\linkResolver.cpp, line 759]
Event: 0.763 Thread 0x000001c2e2d8fdd0 Exception <a 'java/lang/NoSuchMethodError'{0x000000071415db08}: 'java.lang.Object java.lang.invoke.DirectMethodHandle$Holder.invokeStatic(java.lang.Object, int, java.lang.Object)'> (0x000000071415db08) 
thrown [s\src\hotspot\share\interpreter\linkResolver.cpp, line 759]

VM Operations (8 events):
Event: 0.060 Executing VM operation: ChangeBreakpoints
Event: 0.060 Executing VM operation: ChangeBreakpoints done
Event: 0.181 Executing VM operation: HandshakeAllThreads
Event: 0.181 Executing VM operation: HandshakeAllThreads done
Event: 0.275 Executing VM operation: HandshakeAllThreads
Event: 0.275 Executing VM operation: HandshakeAllThreads done
Event: 0.816 Executing VM operation: G1CollectForAllocation
Event: 0.821 Executing VM operation: G1CollectForAllocation done

Events (20 events):
Event: 0.758 loading class java/io/Externalizable done
Event: 0.758 loading class java/time/zone/Ser done
Event: 0.759 loading class java/time/Month
Event: 0.759 loading class java/time/Month done
Event: 0.759 loading class java/time/DayOfWeek
Event: 0.760 loading class java/time/DayOfWeek done
Event: 0.760 loading class java/time/zone/ZoneOffsetTransitionRule$TimeDefinition
Event: 0.760 loading class java/time/zone/ZoneOffsetTransitionRule$TimeDefinition done
Event: 0.760 loading class java/time/zone/ZoneOffsetTransition
Event: 0.760 loading class java/time/zone/ZoneOffsetTransition done
Event: 0.761 loading class java/time/temporal/TemporalAdjusters
Event: 0.762 loading class java/time/temporal/TemporalAdjusters done
Event: 0.765 loading class java/time/zone/ZoneOffsetTransitionRule$1
Event: 0.765 loading class java/time/zone/ZoneOffsetTransitionRule$1 done
Event: 0.765 loading class java/util/concurrent/TimeUnit$1
Event: 0.765 loading class java/util/concurrent/TimeUnit$1 done
Event: 0.809 loading class java/lang/NumberFormatException
Event: 0.809 loading class java/lang/NumberFormatException done
Event: 0.811 Thread 0x000001c2cc239230 Thread added: 0x000001c2cc239230
Event: 0.851 Thread 0x000001c2cde93250 Thread added: 0x000001c2cde93250


Dynamic libraries:
0x00007ff7d4330000 - 0x00007ff7d433e000 	C:\Users\luczu\.jdks\corretto-17.0.10\bin\java.exe
0x00007ffd43b30000 - 0x00007ffd43d47000 	C:\WINDOWS\SYSTEM32\ntdll.dll
0x00007ffd42fd0000 - 0x00007ffd43094000 	C:\WINDOWS\System32\KERNEL32.DLL
0x00007ffd41240000 - 0x00007ffd415e6000 	C:\WINDOWS\System32\KERNELBASE.dll
0x00007ffd41030000 - 0x00007ffd41141000 	C:\WINDOWS\System32\ucrtbase.dll
0x00007ffd00330000 - 0x00007ffd00347000 	C:\Users\luczu\.jdks\corretto-17.0.10\bin\jli.dll
0x00007ffd0d130000 - 0x00007ffd0d14b000 	C:\Users\luczu\.jdks\corretto-17.0.10\bin\VCRUNTIME140.dll
0x00007ffd43340000 - 0x00007ffd434ee000 	C:\WINDOWS\System32\USER32.dll
0x00007ffd41150000 - 0x00007ffd41176000 	C:\WINDOWS\System32\win32u.dll
0x00007ffd42ba0000 - 0x00007ffd42bc9000 	C:\WINDOWS\System32\GDI32.dll
0x00007ffd17dc0000 - 0x00007ffd18053000 	C:\WINDOWS\WinSxS\amd64_microsoft.windows.common-controls_6595b64144ccf1df_6.0.22621.2506_none_270c5ae97388e100\COMCTL32.dll
0x00007ffd41760000 - 0x00007ffd41878000 	C:\WINDOWS\System32\gdi32full.dll
0x00007ffd40f20000 - 0x00007ffd40fba000 	C:\WINDOWS\System32\msvcp_win.dll
0x00007ffd439c0000 - 0x00007ffd43a67000 	C:\WINDOWS\System32\msvcrt.dll
0x00007ffd429f0000 - 0x00007ffd42a21000 	C:\WINDOWS\System32\IMM32.DLL
0x00007ffd38680000 - 0x00007ffd3868c000 	C:\Users\luczu\.jdks\corretto-17.0.10\bin\vcruntime140_1.dll
0x00007ffcfef90000 - 0x00007ffcff01d000 	C:\Users\luczu\.jdks\corretto-17.0.10\bin\msvcp140.dll
0x00007ffc5af40000 - 0x00007ffc5bba2000 	C:\Users\luczu\.jdks\corretto-17.0.10\bin\server\jvm.dll
0x00007ffd43520000 - 0x00007ffd435d3000 	C:\WINDOWS\System32\ADVAPI32.dll
0x00007ffd428b0000 - 0x00007ffd42958000 	C:\WINDOWS\System32\sechost.dll
0x00007ffd40ef0000 - 0x00007ffd40f18000 	C:\WINDOWS\System32\bcrypt.dll
0x00007ffd42e30000 - 0x00007ffd42f47000 	C:\WINDOWS\System32\RPCRT4.dll
0x00007ffd3fcf0000 - 0x00007ffd3fd3d000 	C:\WINDOWS\SYSTEM32\POWRPROF.dll
0x00007ffd369e0000 - 0x00007ffd36a14000 	C:\WINDOWS\SYSTEM32\WINMM.dll
0x00007ffd37ac0000 - 0x00007ffd37ac9000 	C:\WINDOWS\SYSTEM32\WSOCK32.dll
0x00007ffd36c70000 - 0x00007ffd36c7a000 	C:\WINDOWS\SYSTEM32\VERSION.dll
0x00007ffd430a0000 - 0x00007ffd43111000 	C:\WINDOWS\System32\WS2_32.dll
0x00007ffd3fcd0000 - 0x00007ffd3fce3000 	C:\WINDOWS\SYSTEM32\UMPDC.dll
0x00007ffd3ff90000 - 0x00007ffd3ffa8000 	C:\WINDOWS\SYSTEM32\kernel.appcore.dll
0x00007ffd383a0000 - 0x00007ffd383aa000 	C:\Users\luczu\.jdks\corretto-17.0.10\bin\jimage.dll
0x00007ffd3e780000 - 0x00007ffd3e9b3000 	C:\WINDOWS\SYSTEM32\DBGHELP.DLL
0x00007ffd435e0000 - 0x00007ffd43969000 	C:\WINDOWS\System32\combase.dll
0x00007ffd427d0000 - 0x00007ffd428a7000 	C:\WINDOWS\System32\OLEAUT32.dll
0x00007ffd21d10000 - 0x00007ffd21d42000 	C:\WINDOWS\SYSTEM32\dbgcore.DLL
0x00007ffd40e70000 - 0x00007ffd40eea000 	C:\WINDOWS\System32\bcryptPrimitives.dll
0x00007ffd18b70000 - 0x00007ffd18bab000 	C:\Users\luczu\.jdks\corretto-17.0.10\bin\jdwp.dll
0x00007ffcfe150000 - 0x00007ffcfe175000 	C:\Users\luczu\.jdks\corretto-17.0.10\bin\java.dll
0x00007ffcfb380000 - 0x00007ffcfb457000 	C:\Users\luczu\.jdks\corretto-17.0.10\bin\jsvml.dll
0x00007ffd41880000 - 0x00007ffd420da000 	C:\WINDOWS\System32\SHELL32.dll
0x00007ffd3ed80000 - 0x00007ffd3f676000 	C:\WINDOWS\SYSTEM32\windows.storage.dll
0x00007ffd3ec40000 - 0x00007ffd3ed7e000 	C:\WINDOWS\SYSTEM32\wintypes.dll
0x00007ffd420e0000 - 0x00007ffd421d3000 	C:\WINDOWS\System32\SHCORE.dll
0x00007ffd42f70000 - 0x00007ffd42fce000 	C:\WINDOWS\System32\shlwapi.dll
0x00007ffd40da0000 - 0x00007ffd40dc6000 	C:\WINDOWS\SYSTEM32\profapi.dll
0x00007ffd1fc20000 - 0x00007ffd1fc2c000 	C:\Users\luczu\.jdks\corretto-17.0.10\bin\dt_socket.dll
0x00007ffd3f960000 - 0x00007ffd3f98d000 	C:\WINDOWS\SYSTEM32\IPHLPAPI.DLL
0x00007ffd40410000 - 0x00007ffd40479000 	C:\WINDOWS\system32\mswsock.dll
0x00007ffcfe130000 - 0x00007ffcfe149000 	C:\Users\luczu\.jdks\corretto-17.0.10\bin\net.dll
0x00007ffd37220000 - 0x00007ffd37357000 	C:\WINDOWS\SYSTEM32\WINHTTP.dll
0x00007ffcfe110000 - 0x00007ffcfe126000 	C:\Users\luczu\.jdks\corretto-17.0.10\bin\nio.dll
0x00007ffcfe0f0000 - 0x00007ffcfe108000 	C:\Users\luczu\.jdks\corretto-17.0.10\bin\zip.dll
0x000001c286b30000 - 0x000001c286b33000 	C:\Program Files (x86)\Windows Kits\10\Redist\ucrt\DLLs\x64\api-ms-win-crt-locale-l1-1-0.dll
0x000001c286b40000 - 0x000001c286b44000 	C:\Program Files (x86)\Windows Kits\10\Redist\ucrt\DLLs\x64\api-ms-win-crt-string-l1-1-0.dll
0x000001c286b50000 - 0x000001c286b54000 	C:\Program Files (x86)\Windows Kits\10\Redist\ucrt\DLLs\x64\api-ms-win-crt-stdio-l1-1-0.dll
0x000001c286b60000 - 0x000001c286b65000 	C:\Program Files (x86)\Windows Kits\10\Redist\ucrt\DLLs\x64\api-ms-win-crt-math-l1-1-0.dll
0x000001c286b70000 - 0x000001c286b73000 	C:\Program Files (x86)\Windows Kits\10\Redist\ucrt\DLLs\x64\api-ms-win-crt-heap-l1-1-0.dll
0x000001c286b80000 - 0x000001c286b84000 	C:\Program Files (x86)\Windows Kits\10\Redist\ucrt\DLLs\x64\api-ms-win-crt-runtime-l1-1-0.dll
0x000001c286b90000 - 0x000001c286b94000 	C:\Program Files (x86)\Windows Kits\10\Redist\ucrt\DLLs\x64\api-ms-win-crt-convert-l1-1-0.dll
0x000001c286ba0000 - 0x000001c286ba3000 	C:\Program Files (x86)\Windows Kits\10\Redist\ucrt\DLLs\x64\api-ms-win-crt-environment-l1-1-0.dll
0x000001c286bb0000 - 0x000001c286bb3000 	C:\Program Files (x86)\Windows Kits\10\Redist\ucrt\DLLs\x64\api-ms-win-crt-time-l1-1-0.dll
0x000001c286bc0000 - 0x000001c286bc3000 	C:\Program Files (x86)\Windows Kits\10\Redist\ucrt\DLLs\x64\api-ms-win-crt-filesystem-l1-1-0.dll
0x000001c286bd0000 - 0x000001c286bd3000 	C:\Program Files (x86)\Windows Kits\10\Redist\ucrt\DLLs\x64\api-ms-win-crt-utility-l1-1-0.dll
0x000001c286be0000 - 0x000001c286be5000 	C:\Program Files (x86)\Windows Kits\10\Redist\ucrt\DLLs\x64\api-ms-win-crt-multibyte-l1-1-0.dll
0x000001c286bf0000 - 0x000001c286bf3000 	C:\Program Files (x86)\Windows Kits\10\Redist\ucrt\DLLs\x64\api-ms-win-crt-conio-l1-1-0.dll
0x000001c286c00000 - 0x000001c286c0f000 	C:\Program Files (x86)\Windows Kits\10\Redist\ucrt\DLLs\x64\api-ms-win-crt-private-l1-1-0.dll
0x000001c286c10000 - 0x000001c286c13000 	C:\Program Files (x86)\Windows Kits\10\Redist\ucrt\DLLs\x64\api-ms-win-crt-process-l1-1-0.dll
0x000001c286c20000 - 0x000001c286c23000 	C:\Program Files\Microsoft\jdk-11.0.12.7-hotspot\bin\api-ms-win-core-console-l1-2-0.dll
0x000001c286c30000 - 0x000001c286c33000 	C:\Program Files (x86)\Windows Kits\10\Redist\ucrt\DLLs\x64\api-ms-win-core-string-l1-1-0.dll
0x000001c286c40000 - 0x000001c286c43000 	C:\Program Files (x86)\Windows Kits\10\Redist\ucrt\DLLs\x64\api-ms-win-core-errorhandling-l1-1-0.dll
0x000001c286c50000 - 0x000001c286c53000 	C:\Program Files (x86)\Windows Kits\10\Redist\ucrt\DLLs\x64\api-ms-win-core-timezone-l1-1-0.dll
0x000001c286c60000 - 0x000001c286c64000 	C:\Program Files (x86)\Windows Kits\10\Redist\ucrt\DLLs\x64\api-ms-win-core-file-l1-1-0.dll
0x000001c286c70000 - 0x000001c286c73000 	C:\Program Files (x86)\Windows Kits\10\Redist\ucrt\DLLs\x64\api-ms-win-core-namedpipe-l1-1-0.dll
0x000001c286c80000 - 0x000001c286c83000 	C:\Program Files (x86)\Windows Kits\10\Redist\ucrt\DLLs\x64\api-ms-win-core-handle-l1-1-0.dll
0x000001c286c90000 - 0x000001c286c93000 	C:\Program Files (x86)\Windows Kits\10\Redist\ucrt\DLLs\x64\api-ms-win-core-file-l2-1-0.dll
0x000001c286ca0000 - 0x000001c286ca3000 	C:\Program Files (x86)\Windows Kits\10\Redist\ucrt\DLLs\x64\api-ms-win-core-heap-l1-1-0.dll
0x000001c286cb0000 - 0x000001c286cb3000 	C:\Program Files (x86)\Windows Kits\10\Redist\ucrt\DLLs\x64\api-ms-win-core-libraryloader-l1-1-0.dll
0x000001c286cc0000 - 0x000001c286cc3000 	C:\Program Files (x86)\Windows Kits\10\Redist\ucrt\DLLs\x64\api-ms-win-core-synch-l1-1-0.dll
0x000001c286cd0000 - 0x000001c286cd3000 	C:\Program Files (x86)\Windows Kits\10\Redist\ucrt\DLLs\x64\api-ms-win-core-processthreads-l1-1-0.dll
0x000001c286ce0000 - 0x000001c286ce3000 	C:\Program Files (x86)\Windows Kits\10\Redist\ucrt\DLLs\x64\api-ms-win-core-processenvironment-l1-1-0.dll
0x000001c286cf0000 - 0x000001c286cf3000 	C:\Program Files (x86)\Windows Kits\10\Redist\ucrt\DLLs\x64\api-ms-win-core-datetime-l1-1-0.dll
0x000001c286d00000 - 0x000001c286d03000 	C:\Program Files (x86)\Windows Kits\10\Redist\ucrt\DLLs\x64\api-ms-win-core-localization-l1-2-0.dll
0x000001c286d10000 - 0x000001c286d13000 	C:\Program Files (x86)\Windows Kits\10\Redist\ucrt\DLLs\x64\api-ms-win-core-sysinfo-l1-1-0.dll
0x000001c286d20000 - 0x000001c286d23000 	C:\Program Files (x86)\Windows Kits\10\Redist\ucrt\DLLs\x64\api-ms-win-core-synch-l1-2-0.dll
0x000001c286d30000 - 0x000001c286d33000 	C:\Program Files (x86)\Windows Kits\10\Redist\ucrt\DLLs\x64\api-ms-win-core-console-l1-1-0.dll
0x000001c286d40000 - 0x000001c286d43000 	C:\Program Files (x86)\Windows Kits\10\Redist\ucrt\DLLs\x64\api-ms-win-core-debug-l1-1-0.dll
0x000001c286d50000 - 0x000001c286d53000 	C:\Program Files (x86)\Windows Kits\10\Redist\ucrt\DLLs\x64\api-ms-win-core-rtlsupport-l1-1-0.dll
0x000001c286d60000 - 0x000001c286d63000 	C:\Program Files (x86)\Windows Kits\10\Redist\ucrt\DLLs\x64\api-ms-win-core-processthreads-l1-1-1.dll
0x000001c286d70000 - 0x000001c286d73000 	C:\Program Files (x86)\Windows Kits\10\Redist\ucrt\DLLs\x64\api-ms-win-core-file-l1-2-0.dll
0x000001c286d80000 - 0x000001c286d83000 	C:\Program Files (x86)\Windows Kits\10\Redist\ucrt\DLLs\x64\api-ms-win-core-profile-l1-1-0.dll
0x000001c286d90000 - 0x000001c286d93000 	C:\Program Files (x86)\Windows Kits\10\Redist\ucrt\DLLs\x64\api-ms-win-core-memory-l1-1-0.dll
0x000001c286ea0000 - 0x000001c286ea3000 	C:\Program Files (x86)\Windows Kits\10\Redist\ucrt\DLLs\x64\api-ms-win-core-util-l1-1-0.dll
0x000001c286eb0000 - 0x000001c286eb3000 	C:\Program Files (x86)\Windows Kits\10\Redist\ucrt\DLLs\x64\api-ms-win-core-interlocked-l1-1-0.dll
0x00007ffcecf90000 - 0x00007ffced082000 	C:\Program Files (x86)\Windows Kits\10\Redist\ucrt\DLLs\x64\ucrtbase.dll
0x00007ffd1fc10000 - 0x00007ffd1fc19000 	C:\Windows\System32\msvcp140_1.dll
0x00007ffd18b20000 - 0x00007ffd18b6e000 	C:\Windows\System32\concrt140.dll
0x00007ffd18ae0000 - 0x00007ffd18b11000 	C:\Windows\System32\vcomp140.dll
0x00007ffd0a060000 - 0x00007ffd0a160000 	C:\Windows\System32\opengl32.dll
0x00007ffd0a030000 - 0x00007ffd0a05d000 	C:\WINDOWS\SYSTEM32\GLU32.dll
0x00007ffd3de90000 - 0x00007ffd3dec6000 	C:\WINDOWS\SYSTEM32\dxcore.dll
0x00007ffc63ee0000 - 0x00007ffc640fd000 	C:\Users\luczu\.javacpp\cache\jaylib-4.5.0-0.jar\com\raylib\windows-x86_64\jniRaylib.dll

dbghelp: loaded successfully - version: 4.0.5 - missing functions: none
symbol engine: initialized successfully - sym options: 0x614 - pdb path: .;C:\Users\luczu\.jdks\corretto-17.0.10\bin;C:\WINDOWS\SYSTEM32;C:\WINDOWS\WinSxS\amd64_microsoft.windows.common-controls_6595b64144ccf1df_6.0.22621.2506_none_270c5ae97388e100;C:\Users\luczu\.jdks\corretto-17.0.10\bin\server;C:\Program Files (x86)\Windows Kits\10\Redist\ucrt\DLLs\x64;C:\Program Files\Microsoft\jdk-11.0.12.7-hotspot\bin;C:\Users\luczu\.javacpp\cache\jaylib-4.5.0-0.jar\com\raylib\windows-x86_64

VM Arguments:
jvm_args: -agentlib:jdwp=transport=dt_socket,server=n,suspend=y,address=127.0.0.1:62606 -Dfile.encoding=windows-1252 -Duser.country=NL -Duser.language=nl -Duser.variant 
java_command: PineVille.GameScene
java_class_path (initial): C:\Users\luczu\OneDrive\Documenten\PineVille\build\classes\java\main;C:\Users\luczu\OneDrive\Documenten\PineVille\build\resources\main;C:\Users\luczu\.gradle\caches\modules-2\files-2.1\uk.co.electronstudio.jaylib\jaylib\4.5.0-0\90c0d608df9bbd32f5f34683acc58cb433e94508\jaylib-4.5.0-0.jar
Launcher Type: SUN_STANDARD

[Global flags]
     intx CICompilerCount                          = 12                                        {product} {ergonomic}
     uint ConcGCThreads                            = 3                                         {product} {ergonomic}
     uint G1ConcRefinementThreads                  = 13                                        {product} {ergonomic}
   size_t G1HeapRegionSize                         = 2097152                                   {product} {ergonomic}
    uintx GCDrainStackTargetSize                   = 64                                        {product} {ergonomic}
   size_t InitialHeapSize                          = 264241152                                 {product} {ergonomic}
   size_t MarkStackSize                            = 4194304                                   {product} {ergonomic}
   size_t MaxHeapSize                              = 4200595456                                {product} {ergonomic}
   size_t MaxNewSize                               = 2518679552                                {product} {ergonomic}
   size_t MinHeapDeltaBytes                        = 2097152                                   {product} {ergonomic}
   size_t MinHeapSize                              = 8388608                                   {product} {ergonomic}
    uintx NonNMethodCodeHeapSize                   = 7602480                                {pd product} {ergonomic}
    uintx NonProfiledCodeHeapSize                  = 122027880                              {pd product} {ergonomic}
    uintx ProfiledCodeHeapSize                     = 122027880                              {pd product} {ergonomic}
    uintx ReservedCodeCacheSize                    = 251658240                              {pd product} {ergonomic}
     bool SegmentedCodeCache                       = true                                      {product} {ergonomic}
   size_t SoftMaxHeapSize                          = 4200595456                             {manageable} {ergonomic}
     bool UseCompressedClassPointers               = true                           {product lp64_product} {ergonomic}
     bool UseCompressedOops                        = true                           {product lp64_product} {ergonomic}
     bool UseG1GC                                  = true                                      {product} {ergonomic}
     bool UseLargePagesIndividualAllocation        = false                                  {pd product} {ergonomic}

Logging:
Log output configuration:
 #0: stdout all=warning uptime,level,tags
 #1: stderr all=off uptime,level,tags

Environment Variables:
PATH=C:\Program Files (x86)\Common Files\Intel\Shared Libraries\redist\intel64\compiler;C:\Program Files\Common Files\Oracle\Java\javapath;C:\Program Files\Microsoft\jdk-11.0.12.7-hotspot\bin;C:\windows\system32;C:\windows;C:\windows\System32\Wbem;C:\windows\System32\WindowsPowerShell\v1.0\;C:\windows\System32\OpenSSH\;C:\Program Files (x86)\NVIDIA Corporation\PhysX\Common;C:\Program Files\NVIDIA Corporation\NVIDIA NvDLISR;C:\Program Files\Microsoft SQL Server\150\Tools\Binn\;C:\Program Files\Microsoft SQL Server\Client SDK\ODBC\170\Tools\Binn\;C:\Program Files\dotnet\;C:\WINDOWS\system32;C:\WINDOWS;C:\WINDOWS\System32\Wbem;C:\WINDOWS\System32\WindowsPowerShell\v1.0\;C:\WINDOWS\System32\OpenSSH\;C:\Program Files\CMake\bin;C:\Program Files\Git\cmd;C:\Users\luczu\AppData\Local\Microsoft\WindowsApps;C:\Users\luczu\.dotnet\tools;C:\Users\luczu\AppData\Local\GitHubDesktop\bin;;C:\Users\luczu\AppData\Local\Programs\Microsoft VS Code\bin
USERNAME=luczu
OS=Windows_NT
PROCESSOR_IDENTIFIER=Intel64 Family 6 Model 141 Stepping 1, GenuineIntel
TMP=C:\Users\luczu\AppData\Local\Temp
TEMP=C:\Users\luczu\AppData\Local\Temp



Periodic native trim disabled


---------------  S Y S T E M  ---------------

OS:
 Windows 11 , 64 bit Build 22621 (10.0.22621.2506)
OS uptime: 0 days 0:59 hours
Hyper-V role detected

CPU: total 16 (initial active 16) (8 cores per cpu, 2 threads per core) family 6 model 141 stepping 1 microcode 0x4e, cx8, cmov, fxsr, ht, mmx, 3dnowpref, sse, sse2, sse3, ssse3, sse4.1, sse4.2, popcnt, lzcnt, tsc, tscinvbit, avx, avx2, aes, erms, clmul, bmi1, bmi2, adx, avx512f, avx512dq, avx512cd, avx512bw, avx512vl, sha, fma, vzeroupper, avx512_vpopcntdq, avx512_vpclmulqdq, avx512_vaes, avx512_vnni, clflush, clflushopt, clwb, avx512_vbmi2, avx512_vbmi, hv
Processor Information for all 16 processors :
  Max Mhz: 2304, Current Mhz: 2304, Mhz Limit: 2304

Memory: 4k page, system-wide physical 16021M (3503M free)
TotalPageFile size 34453M (AvailPageFile size 15714M)
current process WorkingSet (physical memory assigned to process): 128M, peak: 135M
current process commit charge ("private bytes"): 419M, peak: 429M

vm_info: OpenJDK 64-Bit Server VM (17.0.10+7-LTS) for windows-amd64 JRE (17.0.10+7-LTS), built on Jan 10 2024 22:11:07 by "Administrator" with MS VC++ 16.10 / 16.11 (VS2019)

END.
